Scenario - vOT_Triads_fMRI_I
Logfile written - 04/29/2015 12:34:26

Subject	Trial	Event Type	Code	Time	TTime	Uncertainty	Duration	Uncertainty	ReqTime	ReqDur

S001_DAY2_MINITWICE_4189	1	Response	98	230029	239929	2
S001_DAY2_MINITWICE_4189	2	Response	52	254089	23992	1
S001_DAY2_MINITWICE_4189	2	Response	98	258506	28409	1
S001_DAY2_MINITWICE_4189	3	Response	52	289172	30575	1
S001_DAY2_MINITWICE_4189	3	Response	98	297960	39363	1
S001_DAY2_MINITWICE_4189	4	Response	52	309987	11990	1
S001_DAY2_MINITWICE_4189	4	Response	98	313233	15236	2
S001_DAY2_MINITWICE_4189	6	Pulse	99	524662	211365	NA
S001_DAY2_MINITWICE_4189	6	Port Input	1	524662	211365	NA
S001_DAY2_MINITWICE_4189	6	Pulse	99	560663	247366	NA
S001_DAY2_MINITWICE_4189	6	Port Input	1	560663	247366	NA
S001_DAY2_MINITWICE_4189	6	Pulse	99	596664	283367	NA
S001_DAY2_MINITWICE_4189	6	Port Input	1	596664	283367	NA
S001_DAY2_MINITWICE_4189	6	Pulse	99	632665	319368	NA
S001_DAY2_MINITWICE_4189	6	Port Input	1	632665	319368	NA
S001_DAY2_MINITWICE_4189	6	Pulse	99	668666	355369	NA
S001_DAY2_MINITWICE_4189	6	Port Input	1	668666	355369	NA
S001_DAY2_MINITWICE_4189	7	Picture	rest	668894	0	1	144099	2	0	144000
S001_DAY2_MINITWICE_4189	7	Pulse	99	704667	35773	NA
S001_DAY2_MINITWICE_4189	7	Port Input	1	704667	35773	NA
S001_DAY2_MINITWICE_4189	7	Pulse	99	740668	71774	NA
S001_DAY2_MINITWICE_4189	7	Port Input	1	740668	71774	NA
S001_DAY2_MINITWICE_4189	7	Pulse	99	776669	107775	NA
S001_DAY2_MINITWICE_4189	7	Port Input	1	776669	107775	NA
S001_DAY2_MINITWICE_4189	7	Pulse	99	812670	143776	NA
S001_DAY2_MINITWICE_4189	7	Port Input	1	812670	143776	NA
S001_DAY2_MINITWICE_4189	8	Picture	endrest	813093	0	1	10099	3	0	10000
S001_DAY2_MINITWICE_4189	9	Picture	RW	823393	0	1	43199	3	0	43200
S001_DAY2_MINITWICE_4189	9	Response	51	840053	16660	1
S001_DAY2_MINITWICE_4189	9	Pulse	99	848671	25278	NA
S001_DAY2_MINITWICE_4189	9	Port Input	1	848671	25278	NA
S001_DAY2_MINITWICE_4189	9	Picture	3_T_RWTRIAD_RW_telefono_red.png	866592	43199	2	1900	4	43200	1800
S001_DAY2_MINITWICE_4189	10	Picture	RW	868692	0	2	43200	3	0	43200
S001_DAY2_MINITWICE_4189	10	Response	52	880712	12020	1
S001_DAY2_MINITWICE_4189	10	Pulse	99	884672	15980	NA
S001_DAY2_MINITWICE_4189	10	Port Input	1	884672	15980	NA
S001_DAY2_MINITWICE_4189	10	Picture	4_T_RWTRIAD_RW_plato_red.png	911892	43200	1	1900	2	43200	1800
S001_DAY2_MINITWICE_4189	11	Picture	RW	913992	0	1	43200	2	0	43200
S001_DAY2_MINITWICE_4189	11	Pulse	99	920673	6681	NA
S001_DAY2_MINITWICE_4189	11	Port Input	1	920673	6681	NA
S001_DAY2_MINITWICE_4189	11	Response	51	928777	14785	1
S001_DAY2_MINITWICE_4189	11	Pulse	99	956674	42682	NA
S001_DAY2_MINITWICE_4189	11	Port Input	1	956674	42682	NA
S001_DAY2_MINITWICE_4189	11	Picture	5_T_RWTRIAD_RW_ancla_red.png	957192	43200	1	1900	2	43200	1800
S001_DAY2_MINITWICE_4189	12	Picture	RW	959292	0	1	43199	3	0	43200
S001_DAY2_MINITWICE_4189	12	Response	52	976257	16965	1
S001_DAY2_MINITWICE_4189	12	Pulse	99	992675	33383	NA
S001_DAY2_MINITWICE_4189	12	Port Input	1	992675	33383	NA
S001_DAY2_MINITWICE_4189	12	Picture	6_T_RWTRIAD_RW_bellota_red.png	1002491	43199	2	1900	4	43200	1800
S001_DAY2_MINITWICE_4189	13	Picture	RW	1004591	0	2	43200	3	0	43200
S001_DAY2_MINITWICE_4189	13	Response	51	1017373	12782	1
S001_DAY2_MINITWICE_4189	13	Pulse	99	1028676	24085	NA
S001_DAY2_MINITWICE_4189	13	Port Input	1	1028676	24085	NA
S001_DAY2_MINITWICE_4189	13	Picture	7_T_RWTRIAD_RW_teclado_red.png	1047791	43200	1	1900	2	43200	1800
S001_DAY2_MINITWICE_4189	14	Picture	RW	1049891	0	1	43200	2	0	43200
S001_DAY2_MINITWICE_4189	14	Response	52	1062322	12431	1
S001_DAY2_MINITWICE_4189	14	Pulse	99	1064677	14786	NA
S001_DAY2_MINITWICE_4189	14	Port Input	1	1064677	14786	NA
S001_DAY2_MINITWICE_4189	14	Picture	8_T_RWTRIAD_RW_pincel_red.png	1093091	43200	1	1900	2	43200	1800
S001_DAY2_MINITWICE_4189	15	Picture	RW	1095191	0	1	43199	2	0	43200
S001_DAY2_MINITWICE_4189	15	Pulse	99	1100678	5487	NA
S001_DAY2_MINITWICE_4189	15	Port Input	1	1100678	5487	NA
S001_DAY2_MINITWICE_4189	15	Response	52	1107465	12274	1
S001_DAY2_MINITWICE_4189	15	Pulse	99	1136679	41488	NA
S001_DAY2_MINITWICE_4189	15	Port Input	1	1136679	41488	NA
S001_DAY2_MINITWICE_4189	15	Picture	9_T_RWTRIAD_RW_cuento_red.png	1138390	43199	1	1900	2	43200	1800
S001_DAY2_MINITWICE_4189	16	Picture	RW	1140490	0	1	43200	2	0	43200
S001_DAY2_MINITWICE_4189	16	Response	52	1152356	11866	1
S001_DAY2_MINITWICE_4189	16	Pulse	99	1172680	32190	NA
S001_DAY2_MINITWICE_4189	16	Port Input	1	1172680	32190	NA
S001_DAY2_MINITWICE_4189	16	Picture	10_T_RWTRIAD_RW_lenador_red.png	1183690	43200	1	1900	2	43200	1800
S001_DAY2_MINITWICE_4189	17	Picture	rest	1185690	0	1	144099	2	0	144000
S001_DAY2_MINITWICE_4189	17	Pulse	99	1208681	22991	NA
S001_DAY2_MINITWICE_4189	17	Port Input	1	1208681	22991	NA
S001_DAY2_MINITWICE_4189	17	Pulse	99	1244682	58992	NA
S001_DAY2_MINITWICE_4189	17	Port Input	1	1244682	58992	NA
S001_DAY2_MINITWICE_4189	17	Pulse	99	1280683	94993	NA
S001_DAY2_MINITWICE_4189	17	Port Input	1	1280683	94993	NA
S001_DAY2_MINITWICE_4189	17	Pulse	99	1316684	130994	NA
S001_DAY2_MINITWICE_4189	17	Port Input	1	1316684	130994	NA
S001_DAY2_MINITWICE_4189	18	Picture	endrest	1329889	0	1	10100	2	0	10000
S001_DAY2_MINITWICE_4189	19	Picture	RW	1340189	0	1	43199	3	0	43200
S001_DAY2_MINITWICE_4189	19	Pulse	99	1352684	12495	NA
S001_DAY2_MINITWICE_4189	19	Port Input	1	1352684	12495	NA
S001_DAY2_MINITWICE_4189	19	Response	51	1357028	16839	1
S001_DAY2_MINITWICE_4189	19	Picture	13_T_RWTRIAD_RW_paracaidas_red.png	1383388	43199	2	1900	4	43200	1800
S001_DAY2_MINITWICE_4189	20	Picture	RW	1385488	0	2	43200	3	0	43200
S001_DAY2_MINITWICE_4189	20	Pulse	99	1388686	3198	NA
S001_DAY2_MINITWICE_4189	20	Port Input	1	1388686	3198	NA
S001_DAY2_MINITWICE_4189	20	Response	51	1399700	14212	1
S001_DAY2_MINITWICE_4189	20	Pulse	99	1424686	39198	NA
S001_DAY2_MINITWICE_4189	20	Port Input	1	1424686	39198	NA
S001_DAY2_MINITWICE_4189	20	Picture	14_T_RWTRIAD_RW_carruaje_red.png	1428688	43200	1	1900	2	43200	1800
S001_DAY2_MINITWICE_4189	21	Picture	RW	1430788	0	1	43200	2	0	43200
S001_DAY2_MINITWICE_4189	21	Response	52	1446318	15530	1
S001_DAY2_MINITWICE_4189	21	Pulse	99	1460687	29899	NA
S001_DAY2_MINITWICE_4189	21	Port Input	1	1460687	29899	NA
S001_DAY2_MINITWICE_4189	21	Picture	15_T_RWTRIAD_RW_arco_red.png	1473988	43200	1	1900	2	43200	1800
S001_DAY2_MINITWICE_4189	22	Picture	RW	1476088	0	1	43199	2	0	43200
S001_DAY2_MINITWICE_4189	22	Response	51	1488970	12882	1
S001_DAY2_MINITWICE_4189	22	Pulse	99	1496688	20600	NA
S001_DAY2_MINITWICE_4189	22	Port Input	1	1496688	20600	NA
S001_DAY2_MINITWICE_4189	22	Picture	16_T_RWTRIAD_RW_botella_red.png	1519287	43199	1	1900	3	43200	1800
S001_DAY2_MINITWICE_4189	23	Picture	FF	1521387	0	1	43200	2	0	43200
S001_DAY2_MINITWICE_4189	23	Pulse	99	1532689	11302	NA
S001_DAY2_MINITWICE_4189	23	Port Input	1	1532689	11302	NA
S001_DAY2_MINITWICE_4189	23	Response	51	1540117	18730	1
S001_DAY2_MINITWICE_4189	23	Picture	17_T_FFTRIAD_FF_candado_red.png	1564587	43200	1	1900	2	43200	1800
S001_DAY2_MINITWICE_4189	24	Picture	FF	1566687	0	1	43200	2	0	43200
S001_DAY2_MINITWICE_4189	24	Pulse	99	1568690	2003	NA
S001_DAY2_MINITWICE_4189	24	Port Input	1	1568690	2003	NA
S001_DAY2_MINITWICE_4189	24	Response	52	1577933	11246	1
S001_DAY2_MINITWICE_4189	24	Pulse	99	1604691	38004	NA
S001_DAY2_MINITWICE_4189	24	Port Input	1	1604691	38004	NA
S001_DAY2_MINITWICE_4189	24	Picture	18_T_FFTRIAD_FF_bala_red.png	1609887	43200	1	1900	2	43200	1800
S001_DAY2_MINITWICE_4189	25	Picture	FF	1611987	0	1	43199	2	0	43200
S001_DAY2_MINITWICE_4189	25	Response	52	1623680	11693	1
S001_DAY2_MINITWICE_4189	25	Pulse	99	1640692	28705	NA
S001_DAY2_MINITWICE_4189	25	Port Input	1	1640692	28705	NA
S001_DAY2_MINITWICE_4189	25	Picture	19_T_FFTRIAD_FF_plato_red.png	1655186	43199	1	1900	2	43200	1800
S001_DAY2_MINITWICE_4189	26	Picture	FF	1657286	0	1	43200	2	0	43200
S001_DAY2_MINITWICE_4189	26	Response	52	1668237	10951	1
S001_DAY2_MINITWICE_4189	26	Pulse	99	1676693	19407	NA
S001_DAY2_MINITWICE_4189	26	Port Input	1	1676693	19407	NA
S001_DAY2_MINITWICE_4189	26	Picture	20_T_FFTRIAD_FF_monja_red.png	1700486	43200	1	1900	2	43200	1800
S001_DAY2_MINITWICE_4189	27	Picture	rest	1702486	0	1	144099	2	0	144000
S001_DAY2_MINITWICE_4189	27	Pulse	99	1712694	10208	NA
S001_DAY2_MINITWICE_4189	27	Port Input	1	1712694	10208	NA
S001_DAY2_MINITWICE_4189	27	Pulse	99	1748695	46209	NA
S001_DAY2_MINITWICE_4189	27	Port Input	1	1748695	46209	NA
S001_DAY2_MINITWICE_4189	27	Pulse	99	1784696	82210	NA
S001_DAY2_MINITWICE_4189	27	Port Input	1	1784696	82210	NA
S001_DAY2_MINITWICE_4189	27	Pulse	99	1820697	118211	NA
S001_DAY2_MINITWICE_4189	27	Port Input	1	1820697	118211	NA
S001_DAY2_MINITWICE_4189	28	Picture	endrest	1846685	0	1	10100	2	0	10000
S001_DAY2_MINITWICE_4189	28	Pulse	99	1856698	10013	NA
S001_DAY2_MINITWICE_4189	28	Port Input	1	1856698	10013	NA
S001_DAY2_MINITWICE_4189	29	Picture	PW	1856985	0	1	43199	2	0	43200
S001_DAY2_MINITWICE_4189	29	Response	52	1887293	30308	1
S001_DAY2_MINITWICE_4189	29	Pulse	99	1892699	35714	NA
S001_DAY2_MINITWICE_4189	29	Port Input	1	1892699	35714	NA
S001_DAY2_MINITWICE_4189	29	Picture	23_T_PWTRIAD_PW_paracaidas_red.png	1900184	43199	1	1900	3	43200	1800
S001_DAY2_MINITWICE_4189	30	Picture	PW	1902284	0	2	43200	3	0	43200
S001_DAY2_MINITWICE_4189	30	Response	52	1928027	25743	2
S001_DAY2_MINITWICE_4189	30	Pulse	99	1928700	26416	NA
S001_DAY2_MINITWICE_4189	30	Port Input	1	1928700	26416	NA
S001_DAY2_MINITWICE_4189	30	Picture	24_T_PWTRIAD_PW_policia_red.png	1945484	43200	1	1900	2	43200	1800
S001_DAY2_MINITWICE_4189	31	Picture	PW	1947584	0	1	43200	2	0	43200
S001_DAY2_MINITWICE_4189	31	Response	52	1958797	11213	1
S001_DAY2_MINITWICE_4189	31	Pulse	99	1964701	17117	NA
S001_DAY2_MINITWICE_4189	31	Port Input	1	1964701	17117	NA
S001_DAY2_MINITWICE_4189	31	Picture	25_T_PWTRIAD_PW_raton_red.png	1990784	43200	1	1900	2	43200	1800
S001_DAY2_MINITWICE_4189	32	Picture	PW	1992884	0	1	43199	2	0	43200
S001_DAY2_MINITWICE_4189	32	Pulse	99	2000702	7818	NA
S001_DAY2_MINITWICE_4189	32	Port Input	1	2000702	7818	NA
S001_DAY2_MINITWICE_4189	32	Response	51	2011980	19096	1
S001_DAY2_MINITWICE_4189	32	Picture	26_T_PWTRIAD_PW_esquimal_red.png	2036083	43199	1	1900	2	43200	1800
S001_DAY2_MINITWICE_4189	32	Pulse	99	2036703	43819	NA
S001_DAY2_MINITWICE_4189	32	Port Input	1	2036703	43819	NA
S001_DAY2_MINITWICE_4189	33	Picture	FF	2038183	0	1	43200	2	0	43200
S001_DAY2_MINITWICE_4189	33	Response	52	2059451	21268	1
S001_DAY2_MINITWICE_4189	33	Pulse	99	2072704	34521	NA
S001_DAY2_MINITWICE_4189	33	Port Input	1	2072704	34521	NA
S001_DAY2_MINITWICE_4189	33	Picture	27_T_FFTRIAD_FF_perro_red.png	2081383	43200	1	1900	2	43200	1800
S001_DAY2_MINITWICE_4189	34	Picture	FF	2083483	0	1	43200	2	0	43200
S001_DAY2_MINITWICE_4189	34	Response	51	2093297	9814	1
S001_DAY2_MINITWICE_4189	34	Pulse	99	2108705	25222	NA
S001_DAY2_MINITWICE_4189	34	Port Input	1	2108705	25222	NA
S001_DAY2_MINITWICE_4189	34	Picture	28_T_FFTRIAD_FF_sapo_red.png	2126683	43200	1	1900	2	43200	1800
S001_DAY2_MINITWICE_4189	35	Picture	FF	2128783	0	1	43199	2	0	43200
S001_DAY2_MINITWICE_4189	35	Response	52	2138423	9640	1
S001_DAY2_MINITWICE_4189	35	Pulse	99	2144706	15923	NA
S001_DAY2_MINITWICE_4189	35	Port Input	1	2144706	15923	NA
S001_DAY2_MINITWICE_4189	35	Picture	29_T_FFTRIAD_FF_telarana_red.png	2171982	43199	1	1900	2	43200	1800
S001_DAY2_MINITWICE_4189	36	Picture	FF	2174082	0	1	43200	2	0	43200
S001_DAY2_MINITWICE_4189	36	Pulse	99	2180707	6625	NA
S001_DAY2_MINITWICE_4189	36	Port Input	1	2180707	6625	NA
S001_DAY2_MINITWICE_4189	36	Response	52	2182632	8550	1
S001_DAY2_MINITWICE_4189	36	Pulse	99	2216708	42626	NA
S001_DAY2_MINITWICE_4189	36	Port Input	1	2216708	42626	NA
S001_DAY2_MINITWICE_4189	36	Picture	30_T_FFTRIAD_FF_bebe_red.png	2217282	43200	1	1900	2	43200	1800
S001_DAY2_MINITWICE_4189	37	Picture	rest	2219282	0	1	144099	2	0	144000
S001_DAY2_MINITWICE_4189	37	Pulse	99	2252709	33427	NA
S001_DAY2_MINITWICE_4189	37	Port Input	1	2252709	33427	NA
S001_DAY2_MINITWICE_4189	37	Pulse	99	2288710	69428	NA
S001_DAY2_MINITWICE_4189	37	Port Input	1	2288710	69428	NA
S001_DAY2_MINITWICE_4189	37	Pulse	99	2324711	105429	NA
S001_DAY2_MINITWICE_4189	37	Port Input	1	2324711	105429	NA
S001_DAY2_MINITWICE_4189	37	Pulse	99	2360711	141429	NA
S001_DAY2_MINITWICE_4189	37	Port Input	1	2360711	141429	NA
S001_DAY2_MINITWICE_4189	38	Picture	endrest	2363481	0	1	10100	2	0	10000
S001_DAY2_MINITWICE_4189	39	Picture	RW	2373781	0	1	43199	3	0	43200
S001_DAY2_MINITWICE_4189	39	Pulse	99	2396712	22931	NA
S001_DAY2_MINITWICE_4189	39	Port Input	1	2396712	22931	NA
S001_DAY2_MINITWICE_4189	39	Response	52	2401167	27386	1
S001_DAY2_MINITWICE_4189	39	Picture	33_T_RWTRIAD_RW_grapadora_red.png	2416980	43199	2	1900	3	43200	1800
S001_DAY2_MINITWICE_4189	40	Picture	RW	2419080	0	1	43200	2	0	43200
S001_DAY2_MINITWICE_4189	40	Pulse	99	2432713	13633	NA
S001_DAY2_MINITWICE_4189	40	Port Input	1	2432713	13633	NA
S001_DAY2_MINITWICE_4189	40	Response	52	2434536	15456	2
S001_DAY2_MINITWICE_4189	40	Picture	34_T_RWTRIAD_RW_arbol_red.png	2462280	43200	1	1900	2	43200	1800
S001_DAY2_MINITWICE_4189	41	Picture	RW	2464380	0	1	43200	2	0	43200
S001_DAY2_MINITWICE_4189	41	Pulse	99	2468714	4334	NA
S001_DAY2_MINITWICE_4189	41	Port Input	1	2468714	4334	NA
S001_DAY2_MINITWICE_4189	41	Response	51	2478667	14287	1
S001_DAY2_MINITWICE_4189	41	Pulse	99	2504715	40335	NA
S001_DAY2_MINITWICE_4189	41	Port Input	1	2504715	40335	NA
S001_DAY2_MINITWICE_4189	41	Picture	35_T_RWTRIAD_RW_manos_red.png	2507580	43200	1	1900	2	43200	1800
S001_DAY2_MINITWICE_4189	42	Picture	RW	2509680	0	1	43199	2	0	43200
S001_DAY2_MINITWICE_4189	42	Response	51	2525552	15872	1
S001_DAY2_MINITWICE_4189	42	Pulse	99	2540716	31036	NA
S001_DAY2_MINITWICE_4189	42	Port Input	1	2540716	31036	NA
S001_DAY2_MINITWICE_4189	42	Picture	36_T_RWTRIAD_RW_granjero_red.png	2552879	43199	1	1900	2	43200	1800
S001_DAY2_MINITWICE_4189	43	Picture	RW	2554979	0	1	43200	2	0	43200
S001_DAY2_MINITWICE_4189	43	Response	52	2564141	9162	1
S001_DAY2_MINITWICE_4189	43	Pulse	99	2576717	21738	NA
S001_DAY2_MINITWICE_4189	43	Port Input	1	2576717	21738	NA
S001_DAY2_MINITWICE_4189	43	Picture	37_T_RWTRIAD_RW_futbol_red.png	2598179	43200	1	1900	2	43200	1800
S001_DAY2_MINITWICE_4189	44	Picture	RW	2600279	0	1	43200	2	0	43200
S001_DAY2_MINITWICE_4189	44	Pulse	99	2612718	12439	NA
S001_DAY2_MINITWICE_4189	44	Port Input	1	2612718	12439	NA
S001_DAY2_MINITWICE_4189	44	Response	51	2613480	13201	1
S001_DAY2_MINITWICE_4189	44	Picture	38_T_RWTRIAD_RW_almohada_red.png	2643479	43200	1	1900	2	43200	1800
S001_DAY2_MINITWICE_4189	45	Picture	RW	2645579	0	1	43199	2	0	43200
S001_DAY2_MINITWICE_4189	45	Pulse	99	2648719	3140	NA
S001_DAY2_MINITWICE_4189	45	Port Input	1	2648719	3140	NA
S001_DAY2_MINITWICE_4189	45	Response	51	2663230	17651	1
S001_DAY2_MINITWICE_4189	45	Pulse	99	2684720	39141	NA
S001_DAY2_MINITWICE_4189	45	Port Input	1	2684720	39141	NA
S001_DAY2_MINITWICE_4189	45	Picture	39_T_RWTRIAD_RW_chupete_red.png	2688778	43199	1	1900	2	43200	1800
S001_DAY2_MINITWICE_4189	46	Picture	RW	2690878	0	1	43200	2	0	43200
S001_DAY2_MINITWICE_4189	46	Response	52	2702061	11183	1
S001_DAY2_MINITWICE_4189	46	Pulse	99	2720721	29843	NA
S001_DAY2_MINITWICE_4189	46	Port Input	1	2720721	29843	NA
S001_DAY2_MINITWICE_4189	46	Picture	40_T_RWTRIAD_RW_queso_red.png	2734078	43200	1	1900	2	43200	1800
S001_DAY2_MINITWICE_4189	47	Picture	rest	2736078	0	1	144099	2	0	144000
S001_DAY2_MINITWICE_4189	47	Pulse	99	2756722	20644	NA
S001_DAY2_MINITWICE_4189	47	Port Input	1	2756722	20644	NA
S001_DAY2_MINITWICE_4189	47	Pulse	99	2792723	56645	NA
S001_DAY2_MINITWICE_4189	47	Port Input	1	2792723	56645	NA
S001_DAY2_MINITWICE_4189	47	Pulse	99	2828724	92646	NA
S001_DAY2_MINITWICE_4189	47	Port Input	1	2828724	92646	NA
S001_DAY2_MINITWICE_4189	47	Pulse	99	2864725	128647	NA
S001_DAY2_MINITWICE_4189	47	Port Input	1	2864725	128647	NA
S001_DAY2_MINITWICE_4189	48	Picture	endrest	2880277	0	1	10100	2	0	10000
S001_DAY2_MINITWICE_4189	49	Picture	PW	2890577	0	1	43199	3	0	43200
S001_DAY2_MINITWICE_4189	49	Pulse	99	2900726	10149	NA
S001_DAY2_MINITWICE_4189	49	Port Input	1	2900726	10149	NA
S001_DAY2_MINITWICE_4189	49	Response	52	2917778	27201	1
S001_DAY2_MINITWICE_4189	49	Picture	43_T_PWTRIAD_PW_iglu_red.png	2933776	43199	2	1900	3	43200	1800
S001_DAY2_MINITWICE_4189	50	Picture	PW	2935876	0	1	43200	2	0	43200
S001_DAY2_MINITWICE_4189	50	Pulse	99	2936727	851	NA
S001_DAY2_MINITWICE_4189	50	Port Input	1	2936727	851	NA
S001_DAY2_MINITWICE_4189	50	Response	52	2957688	21812	1
S001_DAY2_MINITWICE_4189	50	Pulse	99	2972728	36852	NA
S001_DAY2_MINITWICE_4189	50	Port Input	1	2972728	36852	NA
S001_DAY2_MINITWICE_4189	50	Picture	44_T_PWTRIAD_PW_sombrilla_red.png	2979076	43200	1	1900	2	43200	1800
S001_DAY2_MINITWICE_4189	51	Picture	PW	2981176	0	1	43200	2	0	43200
S001_DAY2_MINITWICE_4189	51	Response	51	3005084	23908	1
S001_DAY2_MINITWICE_4189	51	Pulse	99	3008729	27553	NA
S001_DAY2_MINITWICE_4189	51	Port Input	1	3008729	27553	NA
S001_DAY2_MINITWICE_4189	51	Picture	45_T_PWTRIAD_PW_estetoscopio_red.png	3024376	43200	1	1900	2	43200	1800
S001_DAY2_MINITWICE_4189	52	Picture	PW	3026476	0	1	43199	2	0	43200
S001_DAY2_MINITWICE_4189	52	Response	51	3040503	14027	1
S001_DAY2_MINITWICE_4189	52	Pulse	99	3044730	18254	NA
S001_DAY2_MINITWICE_4189	52	Port Input	1	3044730	18254	NA
S001_DAY2_MINITWICE_4189	52	Picture	46_T_PWTRIAD_PW_pilas_red.png	3069675	43199	1	1900	2	43200	1800
S001_DAY2_MINITWICE_4189	53	Picture	RW	3071775	0	1	43200	2	0	43200
S001_DAY2_MINITWICE_4189	53	Pulse	99	3080731	8956	NA
S001_DAY2_MINITWICE_4189	53	Port Input	1	3080731	8956	NA
S001_DAY2_MINITWICE_4189	53	Response	51	3082505	10730	1
S001_DAY2_MINITWICE_4189	53	Response	52	3114881	43106	2
S001_DAY2_MINITWICE_4189	53	Picture	47_T_RWTRIAD_RW_pluma_red.png	3114975	43200	1	1900	2	43200	1800
S001_DAY2_MINITWICE_4189	53	Pulse	99	3116732	44957	NA
S001_DAY2_MINITWICE_4189	53	Port Input	1	3116732	44957	NA
S001_DAY2_MINITWICE_4189	54	Picture	RW	3117075	0	1	43200	2	0	43200
S001_DAY2_MINITWICE_4189	54	Response	52	3138418	21343	1
S001_DAY2_MINITWICE_4189	54	Pulse	99	3152733	35658	NA
S001_DAY2_MINITWICE_4189	54	Port Input	1	3152733	35658	NA
S001_DAY2_MINITWICE_4189	54	Picture	48_T_RWTRIAD_RW_oruga_red.png	3160275	43200	1	1900	2	43200	1800
S001_DAY2_MINITWICE_4189	55	Picture	RW	3162375	0	1	43199	2	0	43200
S001_DAY2_MINITWICE_4189	55	Response	52	3176488	14113	1
S001_DAY2_MINITWICE_4189	55	Pulse	99	3188734	26359	NA
S001_DAY2_MINITWICE_4189	55	Port Input	1	3188734	26359	NA
S001_DAY2_MINITWICE_4189	55	Picture	49_T_RWTRIAD_RW_agua_red.png	3205574	43199	1	1900	2	43200	1800
S001_DAY2_MINITWICE_4189	56	Picture	RW	3207674	0	1	43200	2	0	43200
S001_DAY2_MINITWICE_4189	56	Pulse	99	3224735	17061	NA
S001_DAY2_MINITWICE_4189	56	Port Input	1	3224735	17061	NA
S001_DAY2_MINITWICE_4189	56	Response	52	3224878	17204	2
S001_DAY2_MINITWICE_4189	56	Picture	50_T_RWTRIAD_RW_huevos_red.png	3250874	43200	1	1900	2	43200	1800
S001_DAY2_MINITWICE_4189	57	Picture	rest	3252874	0	1	144099	2	0	144000
S001_DAY2_MINITWICE_4189	57	Pulse	99	3260736	7862	NA
S001_DAY2_MINITWICE_4189	57	Port Input	1	3260736	7862	NA
S001_DAY2_MINITWICE_4189	57	Pulse	99	3296736	43862	NA
S001_DAY2_MINITWICE_4189	57	Port Input	1	3296736	43862	NA
S001_DAY2_MINITWICE_4189	57	Pulse	99	3332737	79863	NA
S001_DAY2_MINITWICE_4189	57	Port Input	1	3332737	79863	NA
S001_DAY2_MINITWICE_4189	57	Pulse	99	3368738	115864	NA
S001_DAY2_MINITWICE_4189	57	Port Input	1	3368738	115864	NA
S001_DAY2_MINITWICE_4189	58	Picture	endrest	3397073	0	1	10100	2	0	10000
S001_DAY2_MINITWICE_4189	58	Pulse	99	3404739	7666	NA
S001_DAY2_MINITWICE_4189	58	Port Input	1	3404739	7666	NA
S001_DAY2_MINITWICE_4189	59	Picture	PW	3407373	0	1	43199	2	0	43200
S001_DAY2_MINITWICE_4189	59	Response	51	3432481	25108	1
S001_DAY2_MINITWICE_4189	59	Pulse	99	3440740	33367	NA
S001_DAY2_MINITWICE_4189	59	Port Input	1	3440740	33367	NA
S001_DAY2_MINITWICE_4189	59	Picture	53_T_PWTRIAD_PW_anillo_red.png	3450572	43199	1	1900	2	43200	1800
S001_DAY2_MINITWICE_4189	60	Picture	PW	3452672	0	1	43200	2	0	43200
S001_DAY2_MINITWICE_4189	60	Response	51	3466516	13844	1
S001_DAY2_MINITWICE_4189	60	Pulse	99	3476742	24070	NA
S001_DAY2_MINITWICE_4189	60	Port Input	1	3476742	24070	NA
S001_DAY2_MINITWICE_4189	60	Picture	54_T_PWTRIAD_PW_molino_red.png	3495872	43200	1	1900	2	43200	1800
S001_DAY2_MINITWICE_4189	61	Picture	PW	3497972	0	1	43200	2	0	43200
S001_DAY2_MINITWICE_4189	61	Pulse	99	3512742	14770	NA
S001_DAY2_MINITWICE_4189	61	Port Input	1	3512742	14770	NA
S001_DAY2_MINITWICE_4189	61	Response	52	3519347	21375	1
S001_DAY2_MINITWICE_4189	61	Picture	55_T_PWTRIAD_PW_sobre_red.png	3541172	43200	1	1900	2	43200	1800
S001_DAY2_MINITWICE_4189	62	Picture	PW	3543272	0	1	43199	2	0	43200
S001_DAY2_MINITWICE_4189	62	Pulse	99	3548743	5471	NA
S001_DAY2_MINITWICE_4189	62	Port Input	1	3548743	5471	NA
S001_DAY2_MINITWICE_4189	62	Response	52	3568513	25241	2
S001_DAY2_MINITWICE_4189	62	Pulse	99	3584744	41472	NA
S001_DAY2_MINITWICE_4189	62	Port Input	1	3584744	41472	NA
S001_DAY2_MINITWICE_4189	62	Picture	56_T_PWTRIAD_PW_ascensor_red.png	3586471	43199	1	1900	2	43200	1800
S001_DAY2_MINITWICE_4189	63	Picture	FF	3588571	0	1	43200	2	0	43200
S001_DAY2_MINITWICE_4189	63	Response	52	3603242	14671	1
S001_DAY2_MINITWICE_4189	63	Pulse	99	3620745	32174	NA
S001_DAY2_MINITWICE_4189	63	Port Input	1	3620745	32174	NA
S001_DAY2_MINITWICE_4189	63	Picture	57_T_FFTRIAD_FF_grifo_red.png	3631771	43200	1	1900	2	43200	1800
S001_DAY2_MINITWICE_4189	64	Picture	FF	3633871	0	1	43199	3	0	43200
S001_DAY2_MINITWICE_4189	64	Response	51	3644027	10156	1
S001_DAY2_MINITWICE_4189	64	Pulse	99	3656746	22875	NA
S001_DAY2_MINITWICE_4189	64	Port Input	1	3656746	22875	NA
S001_DAY2_MINITWICE_4189	64	Picture	58_T_FFTRIAD_FF_leche_red.png	3677070	43199	2	1901	3	43200	1800
S001_DAY2_MINITWICE_4189	65	Picture	FF	3679171	0	1	43199	2	0	43200
S001_DAY2_MINITWICE_4189	65	Response	52	3686468	7297	1
S001_DAY2_MINITWICE_4189	65	Pulse	99	3692747	13576	NA
S001_DAY2_MINITWICE_4189	65	Port Input	1	3692747	13576	NA
S001_DAY2_MINITWICE_4189	65	Picture	59_T_FFTRIAD_FF_dedal_red.png	3722370	43199	1	1900	2	43200	1800
S001_DAY2_MINITWICE_4189	66	Picture	FF	3724470	0	1	43200	2	0	43200
S001_DAY2_MINITWICE_4189	66	Pulse	99	3728748	4278	NA
S001_DAY2_MINITWICE_4189	66	Port Input	1	3728748	4278	NA
S001_DAY2_MINITWICE_4189	66	Response	51	3732288	7818	6
S001_DAY2_MINITWICE_4189	66	Pulse	99	3764749	40279	NA
S001_DAY2_MINITWICE_4189	66	Port Input	1	3764749	40279	NA
S001_DAY2_MINITWICE_4189	66	Picture	60_T_FFTRIAD_FF_cortina_red.png	3767670	43200	1	1900	2	43200	1800
S001_DAY2_MINITWICE_4189	67	Picture	rest	3769670	0	1	144099	2	0	144000
S001_DAY2_MINITWICE_4189	67	Pulse	99	3800750	31080	NA
S001_DAY2_MINITWICE_4189	67	Port Input	1	3800750	31080	NA
S001_DAY2_MINITWICE_4189	67	Pulse	99	3836751	67081	NA
S001_DAY2_MINITWICE_4189	67	Port Input	1	3836751	67081	NA
S001_DAY2_MINITWICE_4189	67	Pulse	99	3872752	103082	NA
S001_DAY2_MINITWICE_4189	67	Port Input	1	3872752	103082	NA
S001_DAY2_MINITWICE_4189	67	Pulse	99	3908753	139083	NA
S001_DAY2_MINITWICE_4189	67	Port Input	1	3908753	139083	NA
S001_DAY2_MINITWICE_4189	68	Picture	endrest	3913869	0	1	10100	2	0	10000
S001_DAY2_MINITWICE_4189	69	Picture	PW	3924169	0	1	43199	2	0	43200
S001_DAY2_MINITWICE_4189	69	Pulse	99	3944754	20585	NA
S001_DAY2_MINITWICE_4189	69	Port Input	1	3944754	20585	NA
S001_DAY2_MINITWICE_4189	69	Response	51	3945397	21228	1
S001_DAY2_MINITWICE_4189	69	Picture	63_T_PWTRIAD_PW_agua_red.png	3967368	43199	1	1900	2	43200	1800
S001_DAY2_MINITWICE_4189	70	Picture	PW	3969468	0	1	43200	2	0	43200
S001_DAY2_MINITWICE_4189	70	Pulse	99	3980755	11287	NA
S001_DAY2_MINITWICE_4189	70	Port Input	1	3980755	11287	NA
S001_DAY2_MINITWICE_4189	70	Response	51	3992247	22779	1
S001_DAY2_MINITWICE_4189	70	Picture	64_T_PWTRIAD_PW_dado_red.png	4012668	43200	1	1900	2	43200	1800
S001_DAY2_MINITWICE_4189	71	Picture	PW	4014768	0	1	43200	2	0	43200
S001_DAY2_MINITWICE_4189	71	Pulse	99	4016756	1988	NA
S001_DAY2_MINITWICE_4189	71	Port Input	1	4016756	1988	NA
S001_DAY2_MINITWICE_4189	71	Response	51	4047564	32796	1
S001_DAY2_MINITWICE_4189	71	Pulse	99	4052757	37989	NA
S001_DAY2_MINITWICE_4189	71	Port Input	1	4052757	37989	NA
S001_DAY2_MINITWICE_4189	71	Picture	65_T_PWTRIAD_PW_traje_red.png	4057968	43200	1	1899	3	43200	1800
S001_DAY2_MINITWICE_4189	72	Picture	PW	4060067	0	2	43200	3	0	43200
S001_DAY2_MINITWICE_4189	72	Pulse	99	4088758	28691	NA
S001_DAY2_MINITWICE_4189	72	Port Input	1	4088758	28691	NA
S001_DAY2_MINITWICE_4189	72	Response	51	4094331	34264	1
S001_DAY2_MINITWICE_4189	72	Picture	66_T_PWTRIAD_PW_bebe_red.png	4103267	43200	1	1900	3	43200	1800
S001_DAY2_MINITWICE_4189	73	Picture	RW	4105367	0	2	43200	3	0	43200
S001_DAY2_MINITWICE_4189	73	Response	51	4119300	13933	1
S001_DAY2_MINITWICE_4189	73	Pulse	99	4124759	19392	NA
S001_DAY2_MINITWICE_4189	73	Port Input	1	4124759	19392	NA
S001_DAY2_MINITWICE_4189	73	Picture	67_T_RWTRIAD_RW_policia_red.png	4148567	43200	1	1900	2	43200	1800
S001_DAY2_MINITWICE_4189	74	Picture	RW	4150667	0	1	43199	3	0	43200
S001_DAY2_MINITWICE_4189	74	Pulse	99	4160760	10093	NA
S001_DAY2_MINITWICE_4189	74	Port Input	1	4160760	10093	NA
S001_DAY2_MINITWICE_4189	74	Response	51	4174768	24101	2
S001_DAY2_MINITWICE_4189	74	Picture	68_T_RWTRIAD_RW_lana_red.png	4193866	43199	2	1900	4	43200	1800
S001_DAY2_MINITWICE_4189	75	Picture	RW	4195966	0	2	43200	4	0	43200
S001_DAY2_MINITWICE_4189	75	Pulse	99	4196761	795	NA
S001_DAY2_MINITWICE_4189	75	Port Input	1	4196761	795	NA
S001_DAY2_MINITWICE_4189	75	Response	51	4209210	13244	1
S001_DAY2_MINITWICE_4189	75	Pulse	99	4232762	36796	NA
S001_DAY2_MINITWICE_4189	75	Port Input	1	4232762	36796	NA
S001_DAY2_MINITWICE_4189	75	Picture	69_T_RWTRIAD_RW_cerillas_red.png	4239166	43200	2	1900	3	43200	1800
S001_DAY2_MINITWICE_4189	76	Picture	RW	4241266	0	1	43200	2	0	43200
S001_DAY2_MINITWICE_4189	76	Response	51	4253235	11969	2
S001_DAY2_MINITWICE_4189	76	Pulse	99	4268762	27496	NA
S001_DAY2_MINITWICE_4189	76	Port Input	1	4268762	27496	NA
S001_DAY2_MINITWICE_4189	76	Picture	70_T_RWTRIAD_RW_charco_red.png	4284466	43200	1	1900	2	43200	1800
S001_DAY2_MINITWICE_4189	77	Picture	rest	4286466	0	1	144099	2	0	144000
S001_DAY2_MINITWICE_4189	77	Pulse	99	4304763	18297	NA
S001_DAY2_MINITWICE_4189	77	Port Input	1	4304763	18297	NA
S001_DAY2_MINITWICE_4189	77	Pulse	99	4340764	54298	NA
S001_DAY2_MINITWICE_4189	77	Port Input	1	4340764	54298	NA
S001_DAY2_MINITWICE_4189	77	Pulse	99	4376765	90299	NA
S001_DAY2_MINITWICE_4189	77	Port Input	1	4376765	90299	NA
S001_DAY2_MINITWICE_4189	77	Pulse	99	4412766	126300	NA
S001_DAY2_MINITWICE_4189	77	Port Input	1	4412766	126300	NA
S001_DAY2_MINITWICE_4189	78	Picture	endrest	4430665	0	1	10100	2	0	10000
S001_DAY2_MINITWICE_4189	79	Picture	PW	4440965	0	1	43199	2	0	43200
S001_DAY2_MINITWICE_4189	79	Pulse	99	4448767	7802	NA
S001_DAY2_MINITWICE_4189	79	Port Input	1	4448767	7802	NA
S001_DAY2_MINITWICE_4189	79	Response	51	4462019	21054	1
S001_DAY2_MINITWICE_4189	79	Picture	73_T_PWTRIAD_PW_madera_red.png	4484164	43199	1	1900	2	43200	1800
S001_DAY2_MINITWICE_4189	79	Pulse	99	4484768	43803	NA
S001_DAY2_MINITWICE_4189	79	Port Input	1	4484768	43803	NA
S001_DAY2_MINITWICE_4189	80	Picture	PW	4486264	0	1	43200	2	0	43200
S001_DAY2_MINITWICE_4189	80	Response	52	4501115	14851	2
S001_DAY2_MINITWICE_4189	80	Pulse	99	4520769	34505	NA
S001_DAY2_MINITWICE_4189	80	Port Input	1	4520769	34505	NA
S001_DAY2_MINITWICE_4189	80	Picture	74_T_PWTRIAD_PW_banera_red.png	4529464	43200	1	1900	2	43200	1800
S001_DAY2_MINITWICE_4189	81	Picture	PW	4531564	0	1	43199	3	0	43200
S001_DAY2_MINITWICE_4189	81	Response	51	4550111	18547	1
S001_DAY2_MINITWICE_4189	81	Pulse	99	4556770	25206	NA
S001_DAY2_MINITWICE_4189	81	Port Input	1	4556770	25206	NA
S001_DAY2_MINITWICE_4189	81	Picture	75_T_PWTRIAD_PW_lenador_red.png	4574763	43199	2	1900	4	43200	1800
S001_DAY2_MINITWICE_4189	82	Picture	PW	4576863	0	2	43200	3	0	43200
S001_DAY2_MINITWICE_4189	82	Pulse	99	4592771	15908	NA
S001_DAY2_MINITWICE_4189	82	Port Input	1	4592771	15908	NA
S001_DAY2_MINITWICE_4189	82	Response	51	4597536	20673	1
S001_DAY2_MINITWICE_4189	82	Picture	76_T_PWTRIAD_PW_arco_red.png	4620063	43200	1	1900	2	43200	1800
S001_DAY2_MINITWICE_4189	83	Picture	FF	4622163	0	1	43200	2	0	43200
S001_DAY2_MINITWICE_4189	83	Pulse	99	4628772	6609	NA
S001_DAY2_MINITWICE_4189	83	Port Input	1	4628772	6609	NA
S001_DAY2_MINITWICE_4189	83	Response	51	4634071	11908	1
S001_DAY2_MINITWICE_4189	83	Pulse	99	4664773	42610	NA
S001_DAY2_MINITWICE_4189	83	Port Input	1	4664773	42610	NA
S001_DAY2_MINITWICE_4189	83	Picture	77_T_FFTRIAD_FF_ancla_red.png	4665363	43200	1	1900	2	43200	1800
S001_DAY2_MINITWICE_4189	84	Picture	FF	4667463	0	1	43199	3	0	43200
S001_DAY2_MINITWICE_4189	84	Response	51	4679199	11736	1
S001_DAY2_MINITWICE_4189	84	Pulse	99	4700774	33311	NA
S001_DAY2_MINITWICE_4189	84	Port Input	1	4700774	33311	NA
S001_DAY2_MINITWICE_4189	84	Picture	78_T_FFTRIAD_FF_zanahoria_red.png	4710662	43199	2	1900	3	43200	1800
S001_DAY2_MINITWICE_4189	85	Picture	FF	4712762	0	1	43200	2	0	43200
S001_DAY2_MINITWICE_4189	85	Response	51	4728996	16234	1
S001_DAY2_MINITWICE_4189	85	Pulse	99	4736775	24013	NA
S001_DAY2_MINITWICE_4189	85	Port Input	1	4736775	24013	NA
S001_DAY2_MINITWICE_4189	85	Picture	79_T_FFTRIAD_FF_charco_red.png	4755962	43200	1	1900	2	43200	1800
S001_DAY2_MINITWICE_4189	86	Picture	FF	4758062	0	1	43200	2	0	43200
S001_DAY2_MINITWICE_4189	86	Response	52	4768056	9994	1
S001_DAY2_MINITWICE_4189	86	Pulse	99	4772776	14714	NA
S001_DAY2_MINITWICE_4189	86	Port Input	1	4772776	14714	NA
S001_DAY2_MINITWICE_4189	86	Picture	80_T_FFTRIAD_FF_carruaje_red.png	4801262	43200	1	1900	2	43200	1800
S001_DAY2_MINITWICE_4189	87	Picture	rest	4803262	0	1	144098	3	0	144000
S001_DAY2_MINITWICE_4189	87	Pulse	99	4808777	5515	NA
S001_DAY2_MINITWICE_4189	87	Port Input	1	4808777	5515	NA
S001_DAY2_MINITWICE_4189	87	Pulse	99	4844778	41516	NA
S001_DAY2_MINITWICE_4189	87	Port Input	1	4844778	41516	NA
S001_DAY2_MINITWICE_4189	87	Pulse	99	4880779	77517	NA
S001_DAY2_MINITWICE_4189	87	Port Input	1	4880779	77517	NA
S001_DAY2_MINITWICE_4189	87	Pulse	99	4916780	113518	NA
S001_DAY2_MINITWICE_4189	87	Port Input	1	4916780	113518	NA
S001_DAY2_MINITWICE_4189	88	Picture	endrest	4947461	0	1	10099	3	0	10000
S001_DAY2_MINITWICE_4189	88	Pulse	99	4952781	5320	NA
S001_DAY2_MINITWICE_4189	88	Port Input	1	4952781	5320	NA
S001_DAY2_MINITWICE_4189	89	Picture	RW	4957760	0	2	43200	3	0	43200
S001_DAY2_MINITWICE_4189	89	Response	51	4973993	16233	1
S001_DAY2_MINITWICE_4189	89	Pulse	99	4988782	31022	NA
S001_DAY2_MINITWICE_4189	89	Port Input	1	4988782	31022	NA
S001_DAY2_MINITWICE_4189	89	Picture	83_T_RWTRIAD_RW_candado_red.png	5000960	43200	1	1900	2	43200	1800
S001_DAY2_MINITWICE_4189	90	Picture	RW	5003060	0	1	43200	2	0	43200
S001_DAY2_MINITWICE_4189	90	Response	52	5019987	16927	2
S001_DAY2_MINITWICE_4189	90	Pulse	99	5024783	21723	NA
S001_DAY2_MINITWICE_4189	90	Port Input	1	5024783	21723	NA
S001_DAY2_MINITWICE_4189	90	Picture	84_T_RWTRIAD_RW_cinturon_red.png	5046260	43200	1	1900	2	43200	1800
S001_DAY2_MINITWICE_4189	91	Picture	RW	5048360	0	1	43199	2	0	43200
S001_DAY2_MINITWICE_4189	91	Pulse	99	5060784	12424	NA
S001_DAY2_MINITWICE_4189	91	Port Input	1	5060784	12424	NA
S001_DAY2_MINITWICE_4189	91	Response	52	5065451	17091	1
S001_DAY2_MINITWICE_4189	91	Picture	85_T_RWTRIAD_RW_sapo_red.png	5091559	43199	1	1900	2	43200	1800
S001_DAY2_MINITWICE_4189	92	Picture	RW	5093659	0	1	43200	2	0	43200
S001_DAY2_MINITWICE_4189	92	Pulse	99	5096785	3126	NA
S001_DAY2_MINITWICE_4189	92	Port Input	1	5096785	3126	NA
S001_DAY2_MINITWICE_4189	92	Response	52	5109305	15646	1
S001_DAY2_MINITWICE_4189	92	Pulse	99	5132786	39127	NA
S001_DAY2_MINITWICE_4189	92	Port Input	1	5132786	39127	NA
S001_DAY2_MINITWICE_4189	92	Picture	86_T_RWTRIAD_RW_dado_red.png	5136859	43200	1	1900	2	43200	1800
S001_DAY2_MINITWICE_4189	93	Picture	FF	5138959	0	1	43200	2	0	43200
S001_DAY2_MINITWICE_4189	93	Response	51	5148127	9168	2
S001_DAY2_MINITWICE_4189	93	Pulse	99	5168787	29828	NA
S001_DAY2_MINITWICE_4189	93	Port Input	1	5168787	29828	NA
S001_DAY2_MINITWICE_4189	93	Picture	87_T_FFTRIAD_FF_sombrilla_red.png	5182159	43200	1	1900	2	43200	1800
S001_DAY2_MINITWICE_4189	94	Picture	FF	5184259	0	1	43199	2	0	43200
S001_DAY2_MINITWICE_4189	94	Response	52	5199109	14850	1
S001_DAY2_MINITWICE_4189	94	Pulse	99	5204787	20528	NA
S001_DAY2_MINITWICE_4189	94	Port Input	1	5204787	20528	NA
S001_DAY2_MINITWICE_4189	94	Picture	88_T_FFTRIAD_FF_mono_red.png	5227458	43199	1	1900	2	43200	1800
S001_DAY2_MINITWICE_4189	95	Picture	FF	5229558	0	1	43200	2	0	43200
S001_DAY2_MINITWICE_4189	95	Pulse	99	5240788	11230	NA
S001_DAY2_MINITWICE_4189	95	Port Input	1	5240788	11230	NA
S001_DAY2_MINITWICE_4189	95	Response	52	5242175	12617	1
S001_DAY2_MINITWICE_4189	95	Picture	89_T_FFTRIAD_FF_murcielago_red.png	5272758	43200	1	1900	2	43200	1800
S001_DAY2_MINITWICE_4189	96	Picture	FF	5274858	0	1	43200	2	0	43200
S001_DAY2_MINITWICE_4189	96	Pulse	99	5276789	1931	NA
S001_DAY2_MINITWICE_4189	96	Port Input	1	5276789	1931	NA
S001_DAY2_MINITWICE_4189	96	Response	51	5293559	18701	1
S001_DAY2_MINITWICE_4189	96	Pulse	99	5312790	37932	NA
S001_DAY2_MINITWICE_4189	96	Port Input	1	5312790	37932	NA
S001_DAY2_MINITWICE_4189	96	Picture	90_T_FFTRIAD_FF_portatil_red.png	5318058	43200	1	1900	2	43200	1800
S001_DAY2_MINITWICE_4189	97	Picture	rest	5320058	0	1	144098	3	0	144000
S001_DAY2_MINITWICE_4189	97	Pulse	99	5348791	28733	NA
S001_DAY2_MINITWICE_4189	97	Port Input	1	5348791	28733	NA
S001_DAY2_MINITWICE_4189	97	Pulse	99	5384792	64734	NA
S001_DAY2_MINITWICE_4189	97	Port Input	1	5384792	64734	NA
S001_DAY2_MINITWICE_4189	97	Pulse	99	5420793	100735	NA
S001_DAY2_MINITWICE_4189	97	Port Input	1	5420793	100735	NA
S001_DAY2_MINITWICE_4189	97	Pulse	99	5456794	136736	NA
S001_DAY2_MINITWICE_4189	97	Port Input	1	5456794	136736	NA
S001_DAY2_MINITWICE_4189	98	Picture	endrest	5464256	0	2	10100	3	0	10000
S001_DAY2_MINITWICE_4189	99	Picture	FF	5474556	0	1	43200	2	0	43200
S001_DAY2_MINITWICE_4189	99	Response	52	5489889	15333	1
S001_DAY2_MINITWICE_4189	99	Pulse	99	5492795	18239	NA
S001_DAY2_MINITWICE_4189	99	Port Input	1	5492795	18239	NA
S001_DAY2_MINITWICE_4189	99	Picture	93_T_FFTRIAD_FF_destornillador_red.png	5517756	43200	1	1900	2	43200	1800
S001_DAY2_MINITWICE_4189	100	Picture	FF	5519856	0	1	43200	2	0	43200
S001_DAY2_MINITWICE_4189	100	Pulse	99	5528796	8940	NA
S001_DAY2_MINITWICE_4189	100	Port Input	1	5528796	8940	NA
S001_DAY2_MINITWICE_4189	100	Response	52	5530955	11099	1
S001_DAY2_MINITWICE_4189	100	Picture	94_T_FFTRIAD_FF_huevos_red.png	5563056	43200	1	1900	2	43200	1800
S001_DAY2_MINITWICE_4189	100	Pulse	99	5564797	44941	NA
S001_DAY2_MINITWICE_4189	100	Port Input	1	5564797	44941	NA
S001_DAY2_MINITWICE_4189	101	Picture	FF	5565156	0	1	43199	2	0	43200
S001_DAY2_MINITWICE_4189	101	Response	51	5576708	11552	1
S001_DAY2_MINITWICE_4189	101	Pulse	99	5600798	35642	NA
S001_DAY2_MINITWICE_4189	101	Port Input	1	5600798	35642	NA
S001_DAY2_MINITWICE_4189	101	Picture	95_T_FFTRIAD_FF_dado_red.png	5608355	43199	1	1900	2	43200	1800
S001_DAY2_MINITWICE_4189	102	Picture	FF	5610455	0	1	43200	2	0	43200
S001_DAY2_MINITWICE_4189	102	Response	51	5622850	12395	1
S001_DAY2_MINITWICE_4189	102	Pulse	99	5636799	26344	NA
S001_DAY2_MINITWICE_4189	102	Port Input	1	5636799	26344	NA
S001_DAY2_MINITWICE_4189	102	Picture	96_T_FFTRIAD_FF_tijera_red.png	5653655	43200	1	1900	2	43200	1800
S001_DAY2_MINITWICE_4189	103	Picture	FF	5655755	0	1	43200	2	0	43200
S001_DAY2_MINITWICE_4189	103	Response	51	5668960	13205	2
S001_DAY2_MINITWICE_4189	103	Pulse	99	5672800	17045	NA
S001_DAY2_MINITWICE_4189	103	Port Input	1	5672800	17045	NA
S001_DAY2_MINITWICE_4189	103	Picture	97_T_FFTRIAD_FF_llave_red.png	5698955	43200	1	1900	2	43200	1800
S001_DAY2_MINITWICE_4189	104	Picture	FF	5701055	0	1	43199	2	0	43200
S001_DAY2_MINITWICE_4189	104	Pulse	99	5708801	7746	NA
S001_DAY2_MINITWICE_4189	104	Port Input	1	5708801	7746	NA
S001_DAY2_MINITWICE_4189	104	Response	52	5711606	10551	1
S001_DAY2_MINITWICE_4189	104	Picture	98_T_FFTRIAD_FF_raton_red.png	5744254	43199	1	1900	2	43200	1800
S001_DAY2_MINITWICE_4189	104	Pulse	99	5744802	43747	NA
S001_DAY2_MINITWICE_4189	104	Port Input	1	5744802	43747	NA
S001_DAY2_MINITWICE_4189	105	Picture	FF	5746354	0	1	43200	2	0	43200
S001_DAY2_MINITWICE_4189	105	Response	51	5763179	16825	1
S001_DAY2_MINITWICE_4189	105	Pulse	99	5780803	34449	NA
S001_DAY2_MINITWICE_4189	105	Port Input	1	5780803	34449	NA
S001_DAY2_MINITWICE_4189	105	Picture	99_T_FFTRIAD_FF_pincel_red.png	5789554	43200	1	1900	2	43200	1800
S001_DAY2_MINITWICE_4189	106	Picture	FF	5791654	0	1	43199	3	0	43200
S001_DAY2_MINITWICE_4189	106	Response	51	5803680	12026	1
S001_DAY2_MINITWICE_4189	106	Pulse	99	5816804	25150	NA
S001_DAY2_MINITWICE_4189	106	Port Input	1	5816804	25150	NA
S001_DAY2_MINITWICE_4189	106	Picture	100_T_FFTRIAD_FF_agua_red.png	5834853	43199	2	1901	3	43200	1800
S001_DAY2_MINITWICE_4189	107	Picture	rest	5836853	0	2	144099	3	0	144000
S001_DAY2_MINITWICE_4189	107	Pulse	99	5852805	15952	NA
S001_DAY2_MINITWICE_4189	107	Port Input	1	5852805	15952	NA
S001_DAY2_MINITWICE_4189	107	Pulse	99	5888806	51953	NA
S001_DAY2_MINITWICE_4189	107	Port Input	1	5888806	51953	NA
S001_DAY2_MINITWICE_4189	107	Pulse	99	5924807	87954	NA
S001_DAY2_MINITWICE_4189	107	Port Input	1	5924807	87954	NA
S001_DAY2_MINITWICE_4189	107	Pulse	99	5960808	123955	NA
S001_DAY2_MINITWICE_4189	107	Port Input	1	5960808	123955	NA
S001_DAY2_MINITWICE_4189	108	Picture	endrest	5981052	0	1	10100	2	0	10000
S001_DAY2_MINITWICE_4189	109	Picture	PW	5991352	0	1	43200	2	0	43200
S001_DAY2_MINITWICE_4189	109	Pulse	99	5996809	5457	NA
S001_DAY2_MINITWICE_4189	109	Port Input	1	5996809	5457	NA
S001_DAY2_MINITWICE_4189	109	Response	52	6013083	21731	1
S001_DAY2_MINITWICE_4189	109	Pulse	99	6032809	41457	NA
S001_DAY2_MINITWICE_4189	109	Port Input	1	6032809	41457	NA
S001_DAY2_MINITWICE_4189	109	Picture	103_T_PWTRIAD_PW_carruaje_red.png	6034552	43200	1	1900	2	43200	1800
S001_DAY2_MINITWICE_4189	110	Picture	PW	6036652	0	1	43200	2	0	43200
S001_DAY2_MINITWICE_4189	110	Response	51	6058899	22247	1
S001_DAY2_MINITWICE_4189	110	Pulse	99	6068810	32158	NA
S001_DAY2_MINITWICE_4189	110	Port Input	1	6068810	32158	NA
S001_DAY2_MINITWICE_4189	110	Picture	104_T_PWTRIAD_PW_zanahoria_red.png	6079852	43200	1	1899	3	43200	1800
S001_DAY2_MINITWICE_4189	111	Picture	PW	6081952	0	1	43199	2	0	43200
S001_DAY2_MINITWICE_4189	111	Response	51	6097466	15514	1
S001_DAY2_MINITWICE_4189	111	Pulse	99	6104811	22859	NA
S001_DAY2_MINITWICE_4189	111	Port Input	1	6104811	22859	NA
S001_DAY2_MINITWICE_4189	111	Picture	105_T_PWTRIAD_PW_perro_red.png	6125151	43199	1	1900	2	43200	1800
S001_DAY2_MINITWICE_4189	112	Picture	PW	6127251	0	1	43200	2	0	43200
S001_DAY2_MINITWICE_4189	112	Pulse	99	6140812	13561	NA
S001_DAY2_MINITWICE_4189	112	Port Input	1	6140812	13561	NA
S001_DAY2_MINITWICE_4189	112	Response	51	6142085	14834	2
S001_DAY2_MINITWICE_4189	112	Picture	106_T_PWTRIAD_PW_chupete_red.png	6170451	43200	1	1900	2	43200	1800
S001_DAY2_MINITWICE_4189	113	Picture	FF	6172551	0	1	43199	3	0	43200
S001_DAY2_MINITWICE_4189	113	Pulse	99	6176813	4262	NA
S001_DAY2_MINITWICE_4189	113	Port Input	1	6176813	4262	NA
S001_DAY2_MINITWICE_4189	113	Response	51	6184370	11819	1
S001_DAY2_MINITWICE_4189	113	Pulse	99	6212814	40263	NA
S001_DAY2_MINITWICE_4189	113	Port Input	1	6212814	40263	NA
S001_DAY2_MINITWICE_4189	113	Picture	107_T_FFTRIAD_FF_arco_red.png	6215750	43199	2	1900	4	43200	1800
S001_DAY2_MINITWICE_4189	114	Picture	FF	6217850	0	2	43200	3	0	43200
S001_DAY2_MINITWICE_4189	114	Response	51	6227218	9368	1
S001_DAY2_MINITWICE_4189	114	Pulse	99	6248815	30965	NA
S001_DAY2_MINITWICE_4189	114	Port Input	1	6248815	30965	NA
S001_DAY2_MINITWICE_4189	114	Picture	108_T_FFTRIAD_FF_cuento_red.png	6261050	43200	1	1900	2	43200	1800
S001_DAY2_MINITWICE_4189	115	Picture	FF	6263150	0	1	43200	2	0	43200
S001_DAY2_MINITWICE_4189	115	Response	52	6272051	8901	1
S001_DAY2_MINITWICE_4189	115	Pulse	99	6284816	21666	NA
S001_DAY2_MINITWICE_4189	115	Port Input	1	6284816	21666	NA
S001_DAY2_MINITWICE_4189	115	Picture	109_T_FFTRIAD_FF_cerillas_red.png	6306350	43200	1	1900	2	43200	1800
S001_DAY2_MINITWICE_4189	116	Picture	FF	6308450	0	1	43199	2	0	43200
S001_DAY2_MINITWICE_4189	116	Response	51	6317717	9267	1
S001_DAY2_MINITWICE_4189	116	Pulse	99	6320817	12367	NA
S001_DAY2_MINITWICE_4189	116	Port Input	1	6320817	12367	NA
S001_DAY2_MINITWICE_4189	116	Picture	110_T_FFTRIAD_FF_futbol_red.png	6351649	43199	1	1900	3	43200	1800
S001_DAY2_MINITWICE_4189	117	Picture	rest	6353649	0	2	144099	3	0	144000
S001_DAY2_MINITWICE_4189	117	Pulse	99	6356818	3169	NA
S001_DAY2_MINITWICE_4189	117	Port Input	1	6356818	3169	NA
S001_DAY2_MINITWICE_4189	117	Pulse	99	6392819	39170	NA
S001_DAY2_MINITWICE_4189	117	Port Input	1	6392819	39170	NA
S001_DAY2_MINITWICE_4189	117	Pulse	99	6428820	75171	NA
S001_DAY2_MINITWICE_4189	117	Port Input	1	6428820	75171	NA
S001_DAY2_MINITWICE_4189	117	Pulse	99	6464821	111172	NA
S001_DAY2_MINITWICE_4189	117	Port Input	1	6464821	111172	NA
S001_DAY2_MINITWICE_4189	118	Picture	endrest	6497848	0	1	10100	2	0	10000
S001_DAY2_MINITWICE_4189	118	Pulse	99	6500822	2974	NA
S001_DAY2_MINITWICE_4189	118	Port Input	1	6500822	2974	NA
S001_DAY2_MINITWICE_4189	119	Picture	PW	6508148	0	1	43200	2	0	43200
S001_DAY2_MINITWICE_4189	119	Response	52	6525389	17241	2
S001_DAY2_MINITWICE_4189	119	Pulse	99	6536823	28675	NA
S001_DAY2_MINITWICE_4189	119	Port Input	1	6536823	28675	NA
S001_DAY2_MINITWICE_4189	119	Picture	113_T_PWTRIAD_PW_tijera_red.png	6551348	43200	1	1900	2	43200	1800
S001_DAY2_MINITWICE_4189	120	Picture	PW	6553448	0	1	43199	3	0	43200
S001_DAY2_MINITWICE_4189	120	Pulse	99	6572824	19376	NA
S001_DAY2_MINITWICE_4189	120	Port Input	1	6572824	19376	NA
S001_DAY2_MINITWICE_4189	120	Response	52	6581234	27786	1
S001_DAY2_MINITWICE_4189	120	Picture	114_T_PWTRIAD_PW_silla_red.png	6596647	43199	2	1900	4	43200	1800
S001_DAY2_MINITWICE_4189	121	Picture	PW	6598747	0	2	43200	3	0	43200
S001_DAY2_MINITWICE_4189	121	Pulse	99	6608825	10078	NA
S001_DAY2_MINITWICE_4189	121	Port Input	1	6608825	10078	NA
S001_DAY2_MINITWICE_4189	121	Response	52	6620455	21708	1
S001_DAY2_MINITWICE_4189	121	Picture	115_T_PWTRIAD_PW_mono_red.png	6641947	43200	1	1900	2	43200	1800
S001_DAY2_MINITWICE_4189	122	Picture	PW	6644047	0	1	43200	2	0	43200
S001_DAY2_MINITWICE_4189	122	Pulse	99	6644826	779	NA
S001_DAY2_MINITWICE_4189	122	Port Input	1	6644826	779	NA
S001_DAY2_MINITWICE_4189	122	Response	51	6665933	21886	2
S001_DAY2_MINITWICE_4189	122	Pulse	99	6680827	36780	NA
S001_DAY2_MINITWICE_4189	122	Port Input	1	6680827	36780	NA
S001_DAY2_MINITWICE_4189	122	Picture	116_T_PWTRIAD_PW_queso_red.png	6687247	43200	1	1900	2	43200	1800
S001_DAY2_MINITWICE_4189	123	Picture	FF	6689347	0	1	43199	2	0	43200
S001_DAY2_MINITWICE_4189	123	Response	51	6707110	17763	2
S001_DAY2_MINITWICE_4189	123	Pulse	99	6716828	27481	NA
S001_DAY2_MINITWICE_4189	123	Port Input	1	6716828	27481	NA
S001_DAY2_MINITWICE_4189	123	Picture	117_T_FFTRIAD_FF_silla_red.png	6732546	43199	1	1900	2	43200	1800
S001_DAY2_MINITWICE_4189	124	Picture	FF	6734646	0	1	43200	2	0	43200
S001_DAY2_MINITWICE_4189	124	Response	52	6752131	17485	2
S001_DAY2_MINITWICE_4189	124	Pulse	99	6752829	18183	NA
S001_DAY2_MINITWICE_4189	124	Port Input	1	6752829	18183	NA
S001_DAY2_MINITWICE_4189	124	Picture	118_T_FFTRIAD_FF_iglu_red.png	6777846	43200	1	1900	2	43200	1800
S001_DAY2_MINITWICE_4189	125	Picture	FF	6779946	0	1	43200	2	0	43200
S001_DAY2_MINITWICE_4189	125	Pulse	99	6788830	8884	NA
S001_DAY2_MINITWICE_4189	125	Port Input	1	6788830	8884	NA
S001_DAY2_MINITWICE_4189	125	Response	51	6789816	9870	2
S001_DAY2_MINITWICE_4189	125	Picture	119_T_FFTRIAD_FF_piramide_red.png	6823146	43200	1	1900	2	43200	1800
S001_DAY2_MINITWICE_4189	125	Pulse	99	6824831	44885	NA
S001_DAY2_MINITWICE_4189	125	Port Input	1	6824831	44885	NA
S001_DAY2_MINITWICE_4189	126	Picture	FF	6825246	0	1	43199	2	0	43200
S001_DAY2_MINITWICE_4189	126	Response	52	6834610	9364	1
S001_DAY2_MINITWICE_4189	126	Pulse	99	6860832	35586	NA
S001_DAY2_MINITWICE_4189	126	Port Input	1	6860832	35586	NA
S001_DAY2_MINITWICE_4189	126	Picture	120_T_FFTRIAD_FF_paraguas_red.png	6868445	43199	1	1900	2	43200	1800
S001_DAY2_MINITWICE_4189	127	Picture	rest	6870445	0	1	144099	2	0	144000
S001_DAY2_MINITWICE_4189	127	Pulse	99	6896833	26388	NA
S001_DAY2_MINITWICE_4189	127	Port Input	1	6896833	26388	NA
S001_DAY2_MINITWICE_4189	127	Pulse	99	6932834	62389	NA
S001_DAY2_MINITWICE_4189	127	Port Input	1	6932834	62389	NA
S001_DAY2_MINITWICE_4189	127	Pulse	99	6968834	98389	NA
S001_DAY2_MINITWICE_4189	127	Port Input	1	6968834	98389	NA
S001_DAY2_MINITWICE_4189	127	Pulse	99	7004835	134390	NA
S001_DAY2_MINITWICE_4189	127	Port Input	1	7004835	134390	NA
S001_DAY2_MINITWICE_4189	128	Picture	endrest	7014644	0	1	10100	2	0	10000
S001_DAY2_MINITWICE_4189	129	Picture	PW	7024944	0	1	43200	2	0	43200
S001_DAY2_MINITWICE_4189	129	Pulse	99	7040836	15892	NA
S001_DAY2_MINITWICE_4189	129	Port Input	1	7040836	15892	NA
S001_DAY2_MINITWICE_4189	129	Response	52	7055242	30298	2
S001_DAY2_MINITWICE_4189	129	Picture	123_T_PWTRIAD_PW_ancla_red.png	7068144	43200	1	1900	2	43200	1800
S001_DAY2_MINITWICE_4189	130	Picture	PW	7070244	0	1	43199	2	0	43200
S001_DAY2_MINITWICE_4189	130	Pulse	99	7076837	6593	NA
S001_DAY2_MINITWICE_4189	130	Port Input	1	7076837	6593	NA
S001_DAY2_MINITWICE_4189	130	Response	51	7105183	34939	1
S001_DAY2_MINITWICE_4189	130	Pulse	99	7112838	42594	NA
S001_DAY2_MINITWICE_4189	130	Port Input	1	7112838	42594	NA
S001_DAY2_MINITWICE_4189	130	Picture	124_T_PWTRIAD_PW_murcielago_red.png	7113443	43199	1	1900	2	43200	1800
S001_DAY2_MINITWICE_4189	131	Picture	PW	7115543	0	1	43200	2	0	43200
S001_DAY2_MINITWICE_4189	131	Response	51	7129764	14221	1
S001_DAY2_MINITWICE_4189	131	Pulse	99	7148839	33296	NA
S001_DAY2_MINITWICE_4189	131	Port Input	1	7148839	33296	NA
S001_DAY2_MINITWICE_4189	131	Picture	125_T_PWTRIAD_PW_piramide_red.png	7158743	43200	1	1900	2	43200	1800
S001_DAY2_MINITWICE_4189	132	Picture	PW	7160843	0	1	43200	2	0	43200
S001_DAY2_MINITWICE_4189	132	Pulse	99	7184840	23997	NA
S001_DAY2_MINITWICE_4189	132	Port Input	1	7184840	23997	NA
S001_DAY2_MINITWICE_4189	132	Response	52	7191359	30516	1
S001_DAY2_MINITWICE_4189	132	Picture	126_T_PWTRIAD_PW_grapadora_red.png	7204043	43200	1	1900	2	43200	1800
S001_DAY2_MINITWICE_4189	133	Picture	RW	7206143	0	1	43199	2	0	43200
S001_DAY2_MINITWICE_4189	133	Pulse	99	7220841	14698	NA
S001_DAY2_MINITWICE_4189	133	Port Input	1	7220841	14698	NA
S001_DAY2_MINITWICE_4189	133	Response	51	7225409	19266	1
S001_DAY2_MINITWICE_4189	133	Picture	127_T_RWTRIAD_RW_madera_red.png	7249342	43199	1	1900	2	43200	1800
S001_DAY2_MINITWICE_4189	134	Picture	RW	7251442	0	1	43200	2	0	43200
S001_DAY2_MINITWICE_4189	134	Pulse	99	7256842	5400	NA
S001_DAY2_MINITWICE_4189	134	Port Input	1	7256842	5400	NA
S001_DAY2_MINITWICE_4189	134	Response	51	7264303	12861	1
S001_DAY2_MINITWICE_4189	134	Pulse	99	7292843	41401	NA
S001_DAY2_MINITWICE_4189	134	Port Input	1	7292843	41401	NA
S001_DAY2_MINITWICE_4189	134	Picture	128_T_RWTRIAD_RW_pizarra_red.png	7294642	43200	1	1900	2	43200	1800
S001_DAY2_MINITWICE_4189	135	Picture	RW	7296742	0	1	43199	3	0	43200
S001_DAY2_MINITWICE_4189	135	Response	52	7311385	14643	1
S001_DAY2_MINITWICE_4189	135	Pulse	99	7328844	32102	NA
S001_DAY2_MINITWICE_4189	135	Port Input	1	7328844	32102	NA
S001_DAY2_MINITWICE_4189	135	Picture	129_T_RWTRIAD_RW_martillo_red.png	7339941	43199	2	1901	3	43200	1800
S001_DAY2_MINITWICE_4189	136	Picture	RW	7342041	0	2	43200	3	0	43200
S001_DAY2_MINITWICE_4189	136	Response	52	7354778	12737	1
S001_DAY2_MINITWICE_4189	136	Pulse	99	7364845	22804	NA
S001_DAY2_MINITWICE_4189	136	Port Input	1	7364845	22804	NA
S001_DAY2_MINITWICE_4189	136	Picture	130_T_RWTRIAD_RW_tijera_red.png	7385241	43200	1	1900	2	43200	1800
S001_DAY2_MINITWICE_4189	137	Picture	rest	7387241	0	1	144099	2	0	144000
S001_DAY2_MINITWICE_4189	137	Pulse	99	7400846	13605	NA
S001_DAY2_MINITWICE_4189	137	Port Input	1	7400846	13605	NA
S001_DAY2_MINITWICE_4189	137	Pulse	99	7436847	49606	NA
S001_DAY2_MINITWICE_4189	137	Port Input	1	7436847	49606	NA
S001_DAY2_MINITWICE_4189	137	Pulse	99	7472848	85607	NA
S001_DAY2_MINITWICE_4189	137	Port Input	1	7472848	85607	NA
S001_DAY2_MINITWICE_4189	137	Pulse	99	7508849	121608	NA
S001_DAY2_MINITWICE_4189	137	Port Input	1	7508849	121608	NA
S001_DAY2_MINITWICE_4189	138	Picture	endrest	7531440	0	1	10100	2	0	10000
S001_DAY2_MINITWICE_4189	139	Picture	PW	7541740	0	1	43200	2	0	43200
S001_DAY2_MINITWICE_4189	139	Pulse	99	7544850	3110	NA
S001_DAY2_MINITWICE_4189	139	Port Input	1	7544850	3110	NA
S001_DAY2_MINITWICE_4189	139	Response	51	7561733	19993	1
S001_DAY2_MINITWICE_4189	139	Pulse	99	7580851	39111	NA
S001_DAY2_MINITWICE_4189	139	Port Input	1	7580851	39111	NA
S001_DAY2_MINITWICE_4189	139	Picture	133_T_PWTRIAD_PW_manos_red.png	7584940	43200	1	1900	2	43200	1800
S001_DAY2_MINITWICE_4189	140	Picture	PW	7587040	0	1	43199	2	0	43200
S001_DAY2_MINITWICE_4189	140	Response	51	7606386	19346	1
S001_DAY2_MINITWICE_4189	140	Pulse	99	7616852	29812	NA
S001_DAY2_MINITWICE_4189	140	Port Input	1	7616852	29812	NA
S001_DAY2_MINITWICE_4189	140	Picture	134_T_PWTRIAD_PW_bellota_red.png	7630239	43199	1	1900	2	43200	1800
S001_DAY2_MINITWICE_4189	141	Picture	PW	7632339	0	1	43200	2	0	43200
S001_DAY2_MINITWICE_4189	141	Pulse	99	7652853	20514	NA
S001_DAY2_MINITWICE_4189	141	Port Input	1	7652853	20514	NA
S001_DAY2_MINITWICE_4189	141	Response	52	7660562	28223	1
S001_DAY2_MINITWICE_4189	141	Picture	135_T_PWTRIAD_PW_teclado_red.png	7675539	43200	1	1900	2	43200	1800
S001_DAY2_MINITWICE_4189	142	Picture	PW	7677639	0	2	43199	4	0	43200
S001_DAY2_MINITWICE_4189	142	Pulse	99	7688854	11215	NA
S001_DAY2_MINITWICE_4189	142	Port Input	1	7688854	11215	NA
S001_DAY2_MINITWICE_4189	142	Response	51	7698147	20508	1
S001_DAY2_MINITWICE_4189	142	Picture	136_T_PWTRIAD_PW_monja_red.png	7720838	43199	2	1900	4	43200	1800
S001_DAY2_MINITWICE_4189	143	Picture	rest	7722838	0	2	144099	3	0	144000
S001_DAY2_MINITWICE_4189	143	Pulse	99	7724855	2017	NA
S001_DAY2_MINITWICE_4189	143	Port Input	1	7724855	2017	NA
S001_DAY2_MINITWICE_4189	143	Pulse	99	7760856	38018	NA
S001_DAY2_MINITWICE_4189	143	Port Input	1	7760856	38018	NA
S001_DAY2_MINITWICE_4189	144	Picture	endrest	7867037	0	2	10100	3	0	10000
S001_DAY2_MINITWICE_4189	145	Picture	endrest	7877237	0	1	10100	2	0	10000
S001_DAY2_MINITWICE_4189	146	Picture	endrest	7887437	0	1	10100	2	0	10000
S001_DAY2_MINITWICE_4189	147	Picture	endrest	7897637	0	1	10100	2	0	10000
