Scenario - vOT_Triads_fMRI_II
Logfile written - 04/29/2015 12:47:54

Subject	Trial	Event Type	Code	Time	TTime	Uncertainty	Duration	Uncertainty	ReqTime	ReqDur

S001_DAY2_MINITWICE_4189	1	Pulse	99	432649	442575	NA
S001_DAY2_MINITWICE_4189	1	Port Input	1	432649	442575	NA
S001_DAY2_MINITWICE_4189	1	Pulse	99	468650	478576	NA
S001_DAY2_MINITWICE_4189	1	Port Input	1	468650	478576	NA
S001_DAY2_MINITWICE_4189	1	Pulse	99	504651	514577	NA
S001_DAY2_MINITWICE_4189	1	Port Input	1	504651	514577	NA
S001_DAY2_MINITWICE_4189	1	Pulse	99	540652	550578	NA
S001_DAY2_MINITWICE_4189	1	Port Input	1	540652	550578	NA
S001_DAY2_MINITWICE_4189	1	Pulse	99	576653	586579	NA
S001_DAY2_MINITWICE_4189	1	Port Input	1	576653	586579	NA
S001_DAY2_MINITWICE_4189	2	Picture	rest	576895	0	1	144098	4	0	144000
S001_DAY2_MINITWICE_4189	2	Pulse	99	612654	35759	NA
S001_DAY2_MINITWICE_4189	2	Port Input	1	612654	35759	NA
S001_DAY2_MINITWICE_4189	2	Pulse	99	648655	71760	NA
S001_DAY2_MINITWICE_4189	2	Port Input	1	648655	71760	NA
S001_DAY2_MINITWICE_4189	2	Pulse	99	684656	107761	NA
S001_DAY2_MINITWICE_4189	2	Port Input	1	684656	107761	NA
S001_DAY2_MINITWICE_4189	2	Pulse	99	720657	143762	NA
S001_DAY2_MINITWICE_4189	2	Port Input	1	720657	143762	NA
S001_DAY2_MINITWICE_4189	3	Picture	endrest	721094	0	1	10100	2	0	10000
S001_DAY2_MINITWICE_4189	4	Picture	FF	731394	0	1	43199	3	0	43200
S001_DAY2_MINITWICE_4189	4	Response	52	742840	11446	1
S001_DAY2_MINITWICE_4189	4	Pulse	99	756658	25264	NA
S001_DAY2_MINITWICE_4189	4	Port Input	1	756658	25264	NA
S001_DAY2_MINITWICE_4189	4	Picture	3_T_FFTRIAD_FF_botella_red.png	774593	43199	2	1900	3	43200	1800
S001_DAY2_MINITWICE_4189	5	Picture	FF	776693	0	1	43200	2	0	43200
S001_DAY2_MINITWICE_4189	5	Response	52	791027	14334	1
S001_DAY2_MINITWICE_4189	5	Pulse	99	792659	15966	NA
S001_DAY2_MINITWICE_4189	5	Port Input	1	792659	15966	NA
S001_DAY2_MINITWICE_4189	5	Picture	4_T_FFTRIAD_FF_pilas_red.png	819893	43200	1	1900	2	43200	1800
S001_DAY2_MINITWICE_4189	6	Picture	FF	821993	0	1	43200	2	0	43200
S001_DAY2_MINITWICE_4189	6	Pulse	99	828659	6666	NA
S001_DAY2_MINITWICE_4189	6	Port Input	1	828659	6666	NA
S001_DAY2_MINITWICE_4189	6	Response	52	831823	9830	1
S001_DAY2_MINITWICE_4189	6	Pulse	99	864660	42667	NA
S001_DAY2_MINITWICE_4189	6	Port Input	1	864660	42667	NA
S001_DAY2_MINITWICE_4189	6	Picture	5_T_FFTRIAD_FF_anillo_red.png	865193	43200	1	1899	3	43200	1800
S001_DAY2_MINITWICE_4189	7	Picture	FF	867292	0	2	43199	5	0	43200
S001_DAY2_MINITWICE_4189	7	Response	51	888635	21343	2
S001_DAY2_MINITWICE_4189	7	Pulse	99	900661	33369	NA
S001_DAY2_MINITWICE_4189	7	Port Input	1	900661	33369	NA
S001_DAY2_MINITWICE_4189	7	Picture	6_T_FFTRIAD_FF_arbol_red.png	910491	43199	3	1900	6	43200	1800
S001_DAY2_MINITWICE_4189	8	Picture	PW	912592	0	1	43199	3	0	43200
S001_DAY2_MINITWICE_4189	8	Response	52	932494	19902	1
S001_DAY2_MINITWICE_4189	8	Pulse	99	936662	24070	NA
S001_DAY2_MINITWICE_4189	8	Port Input	1	936662	24070	NA
S001_DAY2_MINITWICE_4189	8	Picture	7_T_PWTRIAD_PW_bala_red.png	955791	43199	2	1901	3	43200	1800
S001_DAY2_MINITWICE_4189	9	Picture	PW	957892	0	1	43198	4	0	43200
S001_DAY2_MINITWICE_4189	9	Pulse	99	972663	14771	NA
S001_DAY2_MINITWICE_4189	9	Port Input	1	972663	14771	NA
S001_DAY2_MINITWICE_4189	9	Response	51	974377	16485	1
S001_DAY2_MINITWICE_4189	9	Picture	8_T_PWTRIAD_PW_cortina_red.png	1001090	43198	3	1900	6	43200	1800
S001_DAY2_MINITWICE_4189	10	Picture	PW	1003190	0	3	43201	4	0	43200
S001_DAY2_MINITWICE_4189	10	Pulse	99	1008664	5474	NA
S001_DAY2_MINITWICE_4189	10	Port Input	1	1008664	5474	NA
S001_DAY2_MINITWICE_4189	10	Response	51	1028890	25700	2
S001_DAY2_MINITWICE_4189	10	Pulse	99	1044665	41475	NA
S001_DAY2_MINITWICE_4189	10	Port Input	1	1044665	41475	NA
S001_DAY2_MINITWICE_4189	10	Picture	9_T_PWTRIAD_PW_grifo_red.png	1046391	43201	1	1900	2	43200	1800
S001_DAY2_MINITWICE_4189	11	Picture	PW	1048491	0	1	43200	2	0	43200
S001_DAY2_MINITWICE_4189	11	Response	51	1065270	16779	1
S001_DAY2_MINITWICE_4189	11	Pulse	99	1080666	32175	NA
S001_DAY2_MINITWICE_4189	11	Port Input	1	1080666	32175	NA
S001_DAY2_MINITWICE_4189	11	Picture	10_T_PWTRIAD_PW_gafas_red.png	1091691	43200	1	1900	2	43200	1800
S001_DAY2_MINITWICE_4189	12	Picture	rest	1093691	0	1	144099	2	0	144000
S001_DAY2_MINITWICE_4189	12	Pulse	99	1116667	22976	NA
S001_DAY2_MINITWICE_4189	12	Port Input	1	1116667	22976	NA
S001_DAY2_MINITWICE_4189	12	Pulse	99	1152668	58977	NA
S001_DAY2_MINITWICE_4189	12	Port Input	1	1152668	58977	NA
S001_DAY2_MINITWICE_4189	12	Pulse	99	1188669	94978	NA
S001_DAY2_MINITWICE_4189	12	Port Input	1	1188669	94978	NA
S001_DAY2_MINITWICE_4189	12	Pulse	99	1224670	130979	NA
S001_DAY2_MINITWICE_4189	12	Port Input	1	1224670	130979	NA
S001_DAY2_MINITWICE_4189	13	Picture	endrest	1237890	0	1	10100	2	0	10000
S001_DAY2_MINITWICE_4189	14	Picture	FF	1248190	0	1	43199	2	0	43200
S001_DAY2_MINITWICE_4189	14	Pulse	99	1260671	12481	NA
S001_DAY2_MINITWICE_4189	14	Port Input	1	1260671	12481	NA
S001_DAY2_MINITWICE_4189	14	Response	51	1265142	16952	6
S001_DAY2_MINITWICE_4189	14	Picture	13_T_FFTRIAD_FF_oruga_red.png	1291389	43199	1	1900	2	43200	1800
S001_DAY2_MINITWICE_4189	15	Picture	FF	1293489	0	1	43200	2	0	43200
S001_DAY2_MINITWICE_4189	15	Pulse	99	1296672	3183	NA
S001_DAY2_MINITWICE_4189	15	Port Input	1	1296672	3183	NA
S001_DAY2_MINITWICE_4189	15	Response	51	1310097	16608	1
S001_DAY2_MINITWICE_4189	15	Pulse	99	1332673	39184	NA
S001_DAY2_MINITWICE_4189	15	Port Input	1	1332673	39184	NA
S001_DAY2_MINITWICE_4189	15	Picture	14_T_FFTRIAD_FF_teclado_red.png	1336689	43200	1	1900	2	43200	1800
S001_DAY2_MINITWICE_4189	16	Picture	FF	1338789	0	1	43200	2	0	43200
S001_DAY2_MINITWICE_4189	16	Response	52	1349518	10729	2
S001_DAY2_MINITWICE_4189	16	Pulse	99	1368674	29885	NA
S001_DAY2_MINITWICE_4189	16	Port Input	1	1368674	29885	NA
S001_DAY2_MINITWICE_4189	16	Picture	15_T_FFTRIAD_FF_cinturon_red.png	1381989	43200	1	1900	2	43200	1800
S001_DAY2_MINITWICE_4189	17	Picture	FF	1384089	0	1	43199	2	0	43200
S001_DAY2_MINITWICE_4189	17	Response	52	1403744	19655	1
S001_DAY2_MINITWICE_4189	17	Pulse	99	1404675	20586	NA
S001_DAY2_MINITWICE_4189	17	Port Input	1	1404675	20586	NA
S001_DAY2_MINITWICE_4189	17	Picture	16_T_FFTRIAD_FF_sobre_red.png	1427288	43199	1	1900	2	43200	1800
S001_DAY2_MINITWICE_4189	18	Picture	PW	1429388	0	1	43200	2	0	43200
S001_DAY2_MINITWICE_4189	18	Pulse	99	1440676	11288	NA
S001_DAY2_MINITWICE_4189	18	Port Input	1	1440676	11288	NA
S001_DAY2_MINITWICE_4189	18	Response	52	1453120	23732	1
S001_DAY2_MINITWICE_4189	18	Picture	17_T_PWTRIAD_PW_charco_red.png	1472588	43200	1	1900	2	43200	1800
S001_DAY2_MINITWICE_4189	19	Picture	PW	1474688	0	1	43200	2	0	43200
S001_DAY2_MINITWICE_4189	19	Pulse	99	1476677	1989	NA
S001_DAY2_MINITWICE_4189	19	Port Input	1	1476677	1989	NA
S001_DAY2_MINITWICE_4189	19	Response	51	1496241	21553	1
S001_DAY2_MINITWICE_4189	19	Pulse	99	1512678	37990	NA
S001_DAY2_MINITWICE_4189	19	Port Input	1	1512678	37990	NA
S001_DAY2_MINITWICE_4189	19	Picture	18_T_PWTRIAD_PW_pluma_red.png	1517888	43200	1	1900	2	43200	1800
S001_DAY2_MINITWICE_4189	20	Picture	PW	1519987	0	2	43200	3	0	43200
S001_DAY2_MINITWICE_4189	20	Response	52	1547899	27912	1
S001_DAY2_MINITWICE_4189	20	Pulse	99	1548679	28692	NA
S001_DAY2_MINITWICE_4189	20	Port Input	1	1548679	28692	NA
S001_DAY2_MINITWICE_4189	20	Picture	19_T_PWTRIAD_PW_telefono_red.png	1563187	43200	1	1900	2	43200	1800
S001_DAY2_MINITWICE_4189	21	Picture	PW	1565287	0	1	43200	2	0	43200
S001_DAY2_MINITWICE_4189	21	Response	52	1583419	18132	1
S001_DAY2_MINITWICE_4189	21	Pulse	99	1584680	19393	NA
S001_DAY2_MINITWICE_4189	21	Port Input	1	1584680	19393	NA
S001_DAY2_MINITWICE_4189	21	Picture	20_T_PWTRIAD_PW_dedal_red.png	1608487	43200	1	1900	2	43200	1800
S001_DAY2_MINITWICE_4189	22	Picture	rest	1610487	0	1	144099	2	0	144000
S001_DAY2_MINITWICE_4189	22	Pulse	99	1620681	10194	NA
S001_DAY2_MINITWICE_4189	22	Port Input	1	1620681	10194	NA
S001_DAY2_MINITWICE_4189	22	Pulse	99	1656681	46194	NA
S001_DAY2_MINITWICE_4189	22	Port Input	1	1656681	46194	NA
S001_DAY2_MINITWICE_4189	22	Pulse	99	1692682	82195	NA
S001_DAY2_MINITWICE_4189	22	Port Input	1	1692682	82195	NA
S001_DAY2_MINITWICE_4189	22	Pulse	99	1728683	118196	NA
S001_DAY2_MINITWICE_4189	22	Port Input	1	1728683	118196	NA
S001_DAY2_MINITWICE_4189	23	Picture	endrest	1754686	0	1	10100	2	0	10000
S001_DAY2_MINITWICE_4189	23	Pulse	99	1764684	9998	NA
S001_DAY2_MINITWICE_4189	23	Port Input	1	1764684	9998	NA
S001_DAY2_MINITWICE_4189	24	Picture	FF	1764986	0	1	43199	2	0	43200
S001_DAY2_MINITWICE_4189	24	Response	52	1777075	12089	1
S001_DAY2_MINITWICE_4189	24	Pulse	99	1800685	35699	NA
S001_DAY2_MINITWICE_4189	24	Port Input	1	1800685	35699	NA
S001_DAY2_MINITWICE_4189	24	Picture	23_T_FFTRIAD_FF_esquimal_red.png	1808185	43199	1	1900	2	43200	1800
S001_DAY2_MINITWICE_4189	25	Picture	FF	1810285	0	1	43200	2	0	43200
S001_DAY2_MINITWICE_4189	25	Response	51	1825036	14751	2
S001_DAY2_MINITWICE_4189	25	Pulse	99	1836686	26401	NA
S001_DAY2_MINITWICE_4189	25	Port Input	1	1836686	26401	NA
S001_DAY2_MINITWICE_4189	25	Picture	24_T_FFTRIAD_FF_bellota_red.png	1853485	43200	1	1900	2	43200	1800
S001_DAY2_MINITWICE_4189	26	Picture	FF	1855585	0	1	43200	2	0	43200
S001_DAY2_MINITWICE_4189	26	Response	51	1866758	11173	1
S001_DAY2_MINITWICE_4189	26	Pulse	99	1872687	17102	NA
S001_DAY2_MINITWICE_4189	26	Port Input	1	1872687	17102	NA
S001_DAY2_MINITWICE_4189	26	Picture	25_T_FFTRIAD_FF_grapadora_red.png	1898785	43200	1	1900	2	43200	1800
S001_DAY2_MINITWICE_4189	27	Picture	FF	1900885	0	1	43199	2	0	43200
S001_DAY2_MINITWICE_4189	27	Pulse	99	1908688	7803	NA
S001_DAY2_MINITWICE_4189	27	Port Input	1	1908688	7803	NA
S001_DAY2_MINITWICE_4189	27	Response	51	1925164	24279	1
S001_DAY2_MINITWICE_4189	27	Picture	26_T_FFTRIAD_FF_lana_red.png	1944084	43199	1	1900	2	43200	1800
S001_DAY2_MINITWICE_4189	27	Pulse	99	1944689	43804	NA
S001_DAY2_MINITWICE_4189	27	Port Input	1	1944689	43804	NA
S001_DAY2_MINITWICE_4189	28	Picture	PW	1946184	0	1	43200	2	0	43200
S001_DAY2_MINITWICE_4189	28	Response	52	1970311	24127	1
S001_DAY2_MINITWICE_4189	28	Pulse	99	1980690	34506	NA
S001_DAY2_MINITWICE_4189	28	Port Input	1	1980690	34506	NA
S001_DAY2_MINITWICE_4189	28	Picture	27_T_PWTRIAD_PW_violin_red.png	1989384	43200	1	1900	2	43200	1800
S001_DAY2_MINITWICE_4189	29	Picture	PW	1991484	0	1	43200	2	0	43200
S001_DAY2_MINITWICE_4189	29	Response	52	2009136	17652	1
S001_DAY2_MINITWICE_4189	29	Pulse	99	2016691	25207	NA
S001_DAY2_MINITWICE_4189	29	Port Input	1	2016691	25207	NA
S001_DAY2_MINITWICE_4189	29	Picture	28_T_PWTRIAD_PW_leche_red.png	2034684	43200	1	1900	2	43200	1800
S001_DAY2_MINITWICE_4189	30	Picture	PW	2036783	0	2	43200	3	0	43200
S001_DAY2_MINITWICE_4189	30	Pulse	99	2052692	15909	NA
S001_DAY2_MINITWICE_4189	30	Port Input	1	2052692	15909	NA
S001_DAY2_MINITWICE_4189	30	Response	51	2063206	26423	1
S001_DAY2_MINITWICE_4189	30	Picture	29_T_PWTRIAD_PW_television_red.png	2079983	43200	1	1900	2	43200	1800
S001_DAY2_MINITWICE_4189	31	Picture	PW	2082083	0	1	43200	2	0	43200
S001_DAY2_MINITWICE_4189	31	Pulse	99	2088693	6610	NA
S001_DAY2_MINITWICE_4189	31	Port Input	1	2088693	6610	NA
S001_DAY2_MINITWICE_4189	31	Response	51	2095880	13797	1
S001_DAY2_MINITWICE_4189	31	Pulse	99	2124694	42611	NA
S001_DAY2_MINITWICE_4189	31	Port Input	1	2124694	42611	NA
S001_DAY2_MINITWICE_4189	31	Picture	30_T_PWTRIAD_PW_novia_red.png	2125283	43200	1	1900	2	43200	1800
S001_DAY2_MINITWICE_4189	32	Picture	rest	2127283	0	1	144099	2	0	144000
S001_DAY2_MINITWICE_4189	32	Pulse	99	2160695	33412	NA
S001_DAY2_MINITWICE_4189	32	Port Input	1	2160695	33412	NA
S001_DAY2_MINITWICE_4189	32	Pulse	99	2196696	69413	NA
S001_DAY2_MINITWICE_4189	32	Port Input	1	2196696	69413	NA
S001_DAY2_MINITWICE_4189	32	Pulse	99	2232697	105414	NA
S001_DAY2_MINITWICE_4189	32	Port Input	1	2232697	105414	NA
S001_DAY2_MINITWICE_4189	32	Pulse	99	2268698	141415	NA
S001_DAY2_MINITWICE_4189	32	Port Input	1	2268698	141415	NA
S001_DAY2_MINITWICE_4189	33	Picture	endrest	2271482	0	1	10100	2	0	10000
S001_DAY2_MINITWICE_4189	34	Picture	RW	2281782	0	1	43199	2	0	43200
S001_DAY2_MINITWICE_4189	34	Response	52	2301352	19570	1
S001_DAY2_MINITWICE_4189	34	Pulse	99	2304699	22917	NA
S001_DAY2_MINITWICE_4189	34	Port Input	1	2304699	22917	NA
S001_DAY2_MINITWICE_4189	34	Picture	33_T_RWTRIAD_RW_esquimal_red.png	2324981	43199	1	1900	2	43200	1800
S001_DAY2_MINITWICE_4189	35	Picture	RW	2327081	0	1	43200	2	0	43200
S001_DAY2_MINITWICE_4189	35	Pulse	99	2340700	13619	NA
S001_DAY2_MINITWICE_4189	35	Port Input	1	2340700	13619	NA
S001_DAY2_MINITWICE_4189	35	Response	52	2341939	14858	2
S001_DAY2_MINITWICE_4189	35	Picture	34_T_RWTRIAD_RW_llave_red.png	2370281	43200	1	1900	2	43200	1800
S001_DAY2_MINITWICE_4189	36	Picture	RW	2372381	0	1	43200	2	0	43200
S001_DAY2_MINITWICE_4189	36	Pulse	99	2376701	4320	NA
S001_DAY2_MINITWICE_4189	36	Port Input	1	2376701	4320	NA
S001_DAY2_MINITWICE_4189	36	Response	52	2385146	12765	1
S001_DAY2_MINITWICE_4189	36	Pulse	99	2412702	40321	NA
S001_DAY2_MINITWICE_4189	36	Port Input	1	2412702	40321	NA
S001_DAY2_MINITWICE_4189	36	Picture	35_T_RWTRIAD_RW_gafas_red.png	2415581	43200	1	1900	2	43200	1800
S001_DAY2_MINITWICE_4189	37	Picture	RW	2417681	0	1	43199	2	0	43200
S001_DAY2_MINITWICE_4189	37	Response	51	2430823	13142	1
S001_DAY2_MINITWICE_4189	37	Pulse	99	2448702	31021	NA
S001_DAY2_MINITWICE_4189	37	Port Input	1	2448702	31021	NA
S001_DAY2_MINITWICE_4189	37	Picture	36_T_RWTRIAD_RW_grifo_red.png	2460880	43199	1	1900	2	43200	1800
S001_DAY2_MINITWICE_4189	38	Picture	FF	2462980	0	1	43200	2	0	43200
S001_DAY2_MINITWICE_4189	38	Response	51	2472519	9539	1
S001_DAY2_MINITWICE_4189	38	Pulse	99	2484703	21723	NA
S001_DAY2_MINITWICE_4189	38	Port Input	1	2484703	21723	NA
S001_DAY2_MINITWICE_4189	38	Picture	37_T_FFTRIAD_FF_martillo_red.png	2506180	43200	1	1900	2	43200	1800
S001_DAY2_MINITWICE_4189	39	Picture	FF	2508280	0	1	43200	2	0	43200
S001_DAY2_MINITWICE_4189	39	Response	52	2515641	7361	2
S001_DAY2_MINITWICE_4189	39	Pulse	99	2520704	12424	NA
S001_DAY2_MINITWICE_4189	39	Port Input	1	2520704	12424	NA
S001_DAY2_MINITWICE_4189	39	Picture	38_T_FFTRIAD_FF_granjero_red.png	2551480	43200	1	1899	3	43200	1800
S001_DAY2_MINITWICE_4189	40	Picture	FF	2553579	0	2	43200	3	0	43200
S001_DAY2_MINITWICE_4189	40	Pulse	99	2556705	3126	NA
S001_DAY2_MINITWICE_4189	40	Port Input	1	2556705	3126	NA
S001_DAY2_MINITWICE_4189	40	Response	51	2570220	16641	1
S001_DAY2_MINITWICE_4189	40	Pulse	99	2592706	39127	NA
S001_DAY2_MINITWICE_4189	40	Port Input	1	2592706	39127	NA
S001_DAY2_MINITWICE_4189	40	Picture	39_T_FFTRIAD_FF_policia_red.png	2596779	43200	1	1900	2	43200	1800
S001_DAY2_MINITWICE_4189	41	Picture	FF	2598879	0	1	43200	2	0	43200
S001_DAY2_MINITWICE_4189	41	Response	52	2608692	9813	2
S001_DAY2_MINITWICE_4189	41	Pulse	99	2628707	29828	NA
S001_DAY2_MINITWICE_4189	41	Port Input	1	2628707	29828	NA
S001_DAY2_MINITWICE_4189	41	Picture	40_T_FFTRIAD_FF_almohada_red.png	2642079	43200	1	1900	2	43200	1800
S001_DAY2_MINITWICE_4189	42	Picture	rest	2644079	0	1	144099	2	0	144000
S001_DAY2_MINITWICE_4189	42	Pulse	99	2664708	20629	NA
S001_DAY2_MINITWICE_4189	42	Port Input	1	2664708	20629	NA
S001_DAY2_MINITWICE_4189	42	Pulse	99	2700709	56630	NA
S001_DAY2_MINITWICE_4189	42	Port Input	1	2700709	56630	NA
S001_DAY2_MINITWICE_4189	42	Pulse	99	2736710	92631	NA
S001_DAY2_MINITWICE_4189	42	Port Input	1	2736710	92631	NA
S001_DAY2_MINITWICE_4189	42	Pulse	99	2772711	128632	NA
S001_DAY2_MINITWICE_4189	42	Port Input	1	2772711	128632	NA
S001_DAY2_MINITWICE_4189	43	Picture	endrest	2788278	0	1	10100	2	0	10000
S001_DAY2_MINITWICE_4189	44	Picture	RW	2798578	0	1	43199	2	0	43200
S001_DAY2_MINITWICE_4189	44	Pulse	99	2808712	10134	NA
S001_DAY2_MINITWICE_4189	44	Port Input	1	2808712	10134	NA
S001_DAY2_MINITWICE_4189	44	Response	51	2824017	25439	1
S001_DAY2_MINITWICE_4189	44	Picture	43_T_RWTRIAD_RW_estetoscopio_red.png	2841777	43199	1	1900	2	43200	1800
S001_DAY2_MINITWICE_4189	45	Picture	RW	2843877	0	1	43200	2	0	43200
S001_DAY2_MINITWICE_4189	45	Pulse	99	2844713	836	NA
S001_DAY2_MINITWICE_4189	45	Port Input	1	2844713	836	NA
S001_DAY2_MINITWICE_4189	45	Response	52	2856795	12918	1
S001_DAY2_MINITWICE_4189	45	Pulse	99	2880714	36837	NA
S001_DAY2_MINITWICE_4189	45	Port Input	1	2880714	36837	NA
S001_DAY2_MINITWICE_4189	45	Picture	44_T_RWTRIAD_RW_monja_red.png	2887077	43200	1	1900	2	43200	1800
S001_DAY2_MINITWICE_4189	46	Picture	RW	2889177	0	1	43199	3	0	43200
S001_DAY2_MINITWICE_4189	46	Response	52	2910147	20970	1
S001_DAY2_MINITWICE_4189	46	Pulse	99	2916715	27538	NA
S001_DAY2_MINITWICE_4189	46	Port Input	1	2916715	27538	NA
S001_DAY2_MINITWICE_4189	46	Picture	45_T_RWTRIAD_RW_molino_red.png	2932376	43199	2	1901	3	43200	1800
S001_DAY2_MINITWICE_4189	47	Picture	RW	2934476	0	2	43200	4	0	43200
S001_DAY2_MINITWICE_4189	47	Response	52	2951775	17299	1
S001_DAY2_MINITWICE_4189	47	Pulse	99	2952716	18240	NA
S001_DAY2_MINITWICE_4189	47	Port Input	1	2952716	18240	NA
S001_DAY2_MINITWICE_4189	47	Picture	46_T_RWTRIAD_RW_sombrilla_red.png	2977676	43200	2	1900	3	43200	1800
S001_DAY2_MINITWICE_4189	48	Picture	FF	2979776	0	1	43200	2	0	43200
S001_DAY2_MINITWICE_4189	48	Pulse	99	2988717	8941	NA
S001_DAY2_MINITWICE_4189	48	Port Input	1	2988717	8941	NA
S001_DAY2_MINITWICE_4189	48	Response	52	2994567	14791	1
S001_DAY2_MINITWICE_4189	48	Picture	47_T_FFTRIAD_FF_queso_red.png	3022976	43200	1	1899	3	43200	1800
S001_DAY2_MINITWICE_4189	48	Pulse	99	3024718	44942	NA
S001_DAY2_MINITWICE_4189	48	Port Input	1	3024718	44942	NA
S001_DAY2_MINITWICE_4189	49	Picture	FF	3025076	0	1	43199	3	0	43200
S001_DAY2_MINITWICE_4189	49	Response	51	3040974	15898	1
S001_DAY2_MINITWICE_4189	49	Pulse	99	3060719	35643	NA
S001_DAY2_MINITWICE_4189	49	Port Input	1	3060719	35643	NA
S001_DAY2_MINITWICE_4189	49	Picture	48_T_FFTRIAD_FF_paracaidas_red.png	3068275	43199	2	1900	4	43200	1800
S001_DAY2_MINITWICE_4189	50	Picture	FF	3070375	0	2	43200	3	0	43200
S001_DAY2_MINITWICE_4189	50	Response	51	3092732	22357	1
S001_DAY2_MINITWICE_4189	50	Pulse	99	3096720	26345	NA
S001_DAY2_MINITWICE_4189	50	Port Input	1	3096720	26345	NA
S001_DAY2_MINITWICE_4189	50	Picture	49_T_FFTRIAD_FF_ascensor_red.png	3113575	43200	1	1900	2	43200	1800
S001_DAY2_MINITWICE_4189	51	Picture	FF	3115675	0	1	43200	2	0	43200
S001_DAY2_MINITWICE_4189	51	Pulse	99	3132721	17046	NA
S001_DAY2_MINITWICE_4189	51	Port Input	1	3132721	17046	NA
S001_DAY2_MINITWICE_4189	51	Response	51	3136027	20352	1
S001_DAY2_MINITWICE_4189	51	Picture	50_T_FFTRIAD_FF_lechuga_red.png	3158875	43200	1	1900	2	43200	1800
S001_DAY2_MINITWICE_4189	52	Picture	rest	3160875	0	1	144099	2	0	144000
S001_DAY2_MINITWICE_4189	52	Pulse	99	3168722	7847	NA
S001_DAY2_MINITWICE_4189	52	Port Input	1	3168722	7847	NA
S001_DAY2_MINITWICE_4189	52	Pulse	99	3204723	43848	NA
S001_DAY2_MINITWICE_4189	52	Port Input	1	3204723	43848	NA
S001_DAY2_MINITWICE_4189	52	Pulse	99	3240724	79849	NA
S001_DAY2_MINITWICE_4189	52	Port Input	1	3240724	79849	NA
S001_DAY2_MINITWICE_4189	52	Pulse	99	3276724	115849	NA
S001_DAY2_MINITWICE_4189	52	Port Input	1	3276724	115849	NA
S001_DAY2_MINITWICE_4189	53	Picture	endrest	3305074	0	1	10100	2	0	10000
S001_DAY2_MINITWICE_4189	53	Pulse	99	3312726	7652	NA
S001_DAY2_MINITWICE_4189	53	Port Input	1	3312726	7652	NA
S001_DAY2_MINITWICE_4189	54	Picture	PW	3315374	0	1	43199	2	0	43200
S001_DAY2_MINITWICE_4189	54	Response	52	3336937	21563	1
S001_DAY2_MINITWICE_4189	54	Pulse	99	3348726	33352	NA
S001_DAY2_MINITWICE_4189	54	Port Input	1	3348726	33352	NA
S001_DAY2_MINITWICE_4189	54	Picture	53_T_PWTRIAD_PW_futbol_red.png	3358573	43199	1	1900	2	43200	1800
S001_DAY2_MINITWICE_4189	55	Picture	PW	3360673	0	1	43200	2	0	43200
S001_DAY2_MINITWICE_4189	55	Pulse	99	3384727	24054	NA
S001_DAY2_MINITWICE_4189	55	Port Input	1	3384727	24054	NA
S001_DAY2_MINITWICE_4189	55	Response	51	3388150	27477	1
S001_DAY2_MINITWICE_4189	55	Picture	54_T_PWTRIAD_PW_cinturon_red.png	3403873	43200	1	1900	2	43200	1800
S001_DAY2_MINITWICE_4189	56	Picture	PW	3405973	0	1	43200	2	0	43200
S001_DAY2_MINITWICE_4189	56	Pulse	99	3420728	14755	NA
S001_DAY2_MINITWICE_4189	56	Port Input	1	3420728	14755	NA
S001_DAY2_MINITWICE_4189	56	Response	51	3437555	31582	1
S001_DAY2_MINITWICE_4189	56	Picture	55_T_PWTRIAD_PW_arbol_red.png	3449173	43200	1	1899	3	43200	1800
S001_DAY2_MINITWICE_4189	57	Picture	PW	3451272	0	2	43200	3	0	43200
S001_DAY2_MINITWICE_4189	57	Pulse	99	3456729	5457	NA
S001_DAY2_MINITWICE_4189	57	Port Input	1	3456729	5457	NA
S001_DAY2_MINITWICE_4189	57	Response	51	3483774	32502	1
S001_DAY2_MINITWICE_4189	57	Pulse	99	3492730	41458	NA
S001_DAY2_MINITWICE_4189	57	Port Input	1	3492730	41458	NA
S001_DAY2_MINITWICE_4189	57	Picture	56_T_PWTRIAD_PW_destornillador_red.png	3494472	43200	1	1900	2	43200	1800
S001_DAY2_MINITWICE_4189	58	Picture	RW	3496572	0	1	43200	2	0	43200
S001_DAY2_MINITWICE_4189	58	Response	52	3513041	16469	1
S001_DAY2_MINITWICE_4189	58	Pulse	99	3528731	32159	NA
S001_DAY2_MINITWICE_4189	58	Port Input	1	3528731	32159	NA
S001_DAY2_MINITWICE_4189	58	Picture	57_T_RWTRIAD_RW_leche_red.png	3539772	43200	1	1900	2	43200	1800
S001_DAY2_MINITWICE_4189	59	Picture	RW	3541872	0	1	43199	3	0	43200
S001_DAY2_MINITWICE_4189	59	Response	51	3559418	17546	1
S001_DAY2_MINITWICE_4189	59	Pulse	99	3564732	22860	NA
S001_DAY2_MINITWICE_4189	59	Port Input	1	3564732	22860	NA
S001_DAY2_MINITWICE_4189	59	Picture	58_T_RWTRIAD_RW_banera_red.png	3585071	43199	2	1900	4	43200	1800
S001_DAY2_MINITWICE_4189	60	Picture	RW	3587171	0	2	43200	3	0	43200
S001_DAY2_MINITWICE_4189	60	Response	51	3598568	11397	1
S001_DAY2_MINITWICE_4189	60	Pulse	99	3600733	13562	NA
S001_DAY2_MINITWICE_4189	60	Port Input	1	3600733	13562	NA
S001_DAY2_MINITWICE_4189	60	Picture	59_T_RWTRIAD_RW_cortina_red.png	3630371	43200	1	1900	2	43200	1800
S001_DAY2_MINITWICE_4189	61	Picture	RW	3632471	0	1	43200	2	0	43200
S001_DAY2_MINITWICE_4189	61	Pulse	99	3636734	4263	NA
S001_DAY2_MINITWICE_4189	61	Port Input	1	3636734	4263	NA
S001_DAY2_MINITWICE_4189	61	Response	52	3663329	30858	1
S001_DAY2_MINITWICE_4189	61	Pulse	99	3672735	40264	NA
S001_DAY2_MINITWICE_4189	61	Port Input	1	3672735	40264	NA
S001_DAY2_MINITWICE_4189	61	Picture	60_T_RWTRIAD_RW_murcielago_red.png	3675671	43200	1	1900	2	43200	1800
S001_DAY2_MINITWICE_4189	62	Picture	rest	3677671	0	1	144099	2	0	144000
S001_DAY2_MINITWICE_4189	62	Pulse	99	3708736	31065	NA
S001_DAY2_MINITWICE_4189	62	Port Input	1	3708736	31065	NA
S001_DAY2_MINITWICE_4189	62	Pulse	99	3744737	67066	NA
S001_DAY2_MINITWICE_4189	62	Port Input	1	3744737	67066	NA
S001_DAY2_MINITWICE_4189	62	Pulse	99	3780738	103067	NA
S001_DAY2_MINITWICE_4189	62	Port Input	1	3780738	103067	NA
S001_DAY2_MINITWICE_4189	62	Pulse	99	3816739	139068	NA
S001_DAY2_MINITWICE_4189	62	Port Input	1	3816739	139068	NA
S001_DAY2_MINITWICE_4189	63	Picture	endrest	3821870	0	1	10100	2	0	10000
S001_DAY2_MINITWICE_4189	64	Picture	PW	3832170	0	1	43199	2	0	43200
S001_DAY2_MINITWICE_4189	64	Pulse	99	3852740	20570	NA
S001_DAY2_MINITWICE_4189	64	Port Input	1	3852740	20570	NA
S001_DAY2_MINITWICE_4189	64	Response	51	3859075	26905	1
S001_DAY2_MINITWICE_4189	64	Picture	63_T_PWTRIAD_PW_botella_red.png	3875369	43199	1	1900	2	43200	1800
S001_DAY2_MINITWICE_4189	65	Picture	PW	3877469	0	1	43200	2	0	43200
S001_DAY2_MINITWICE_4189	65	Pulse	99	3888741	11272	NA
S001_DAY2_MINITWICE_4189	65	Port Input	1	3888741	11272	NA
S001_DAY2_MINITWICE_4189	65	Response	51	3917645	40176	1
S001_DAY2_MINITWICE_4189	65	Picture	64_T_PWTRIAD_PW_paraguas_red.png	3920669	43200	1	1900	2	43200	1800
S001_DAY2_MINITWICE_4189	66	Picture	PW	3922769	0	1	43199	3	0	43200
S001_DAY2_MINITWICE_4189	66	Pulse	99	3924742	1973	NA
S001_DAY2_MINITWICE_4189	66	Port Input	1	3924742	1973	NA
S001_DAY2_MINITWICE_4189	66	Response	52	3957008	34239	1
S001_DAY2_MINITWICE_4189	66	Pulse	99	3960743	37974	NA
S001_DAY2_MINITWICE_4189	66	Port Input	1	3960743	37974	NA
S001_DAY2_MINITWICE_4189	66	Picture	65_T_PWTRIAD_PW_pincel_red.png	3965968	43199	2	1900	4	43200	1800
S001_DAY2_MINITWICE_4189	67	Picture	PW	3968068	0	2	43200	3	0	43200
S001_DAY2_MINITWICE_4189	67	Pulse	99	3996744	28676	NA
S001_DAY2_MINITWICE_4189	67	Port Input	1	3996744	28676	NA
S001_DAY2_MINITWICE_4189	67	Response	51	4003870	35802	1
S001_DAY2_MINITWICE_4189	67	Picture	66_T_PWTRIAD_PW_lechuga_red.png	4011268	43200	1	1900	2	43200	1800
S001_DAY2_MINITWICE_4189	68	Picture	FF	4013368	0	1	43200	2	0	43200
S001_DAY2_MINITWICE_4189	68	Pulse	99	4032745	19377	NA
S001_DAY2_MINITWICE_4189	68	Port Input	1	4032745	19377	NA
S001_DAY2_MINITWICE_4189	68	Response	51	4035031	21663	1
S001_DAY2_MINITWICE_4189	68	Picture	67_T_FFTRIAD_FF_pluma_red.png	4056568	43200	1	1900	2	43200	1800
S001_DAY2_MINITWICE_4189	69	Picture	FF	4058668	0	1	43199	3	0	43200
S001_DAY2_MINITWICE_4189	69	Pulse	99	4068746	10078	NA
S001_DAY2_MINITWICE_4189	69	Port Input	1	4068746	10078	NA
S001_DAY2_MINITWICE_4189	69	Response	52	4073957	15289	3
S001_DAY2_MINITWICE_4189	69	Picture	68_T_FFTRIAD_FF_manos_red.png	4101867	43199	2	1900	4	43200	1800
S001_DAY2_MINITWICE_4189	70	Picture	FF	4103967	0	2	43200	3	0	43200
S001_DAY2_MINITWICE_4189	70	Pulse	99	4104747	780	NA
S001_DAY2_MINITWICE_4189	70	Port Input	1	4104747	780	NA
S001_DAY2_MINITWICE_4189	70	Response	52	4119763	15796	2
S001_DAY2_MINITWICE_4189	70	Pulse	99	4140747	36780	NA
S001_DAY2_MINITWICE_4189	70	Port Input	1	4140747	36780	NA
S001_DAY2_MINITWICE_4189	70	Picture	69_T_FFTRIAD_FF_pizarra_red.png	4147167	43200	1	1900	2	43200	1800
S001_DAY2_MINITWICE_4189	71	Picture	FF	4149267	0	1	43200	2	0	43200
S001_DAY2_MINITWICE_4189	71	Response	51	4163607	14340	1
S001_DAY2_MINITWICE_4189	71	Pulse	99	4176748	27481	NA
S001_DAY2_MINITWICE_4189	71	Port Input	1	4176748	27481	NA
S001_DAY2_MINITWICE_4189	71	Picture	70_T_FFTRIAD_FF_television_red.png	4192467	43200	1	1900	2	43200	1800
S001_DAY2_MINITWICE_4189	72	Picture	rest	4194467	0	1	144099	2	0	144000
S001_DAY2_MINITWICE_4189	72	Pulse	99	4212749	18282	NA
S001_DAY2_MINITWICE_4189	72	Port Input	1	4212749	18282	NA
S001_DAY2_MINITWICE_4189	72	Pulse	99	4248750	54283	NA
S001_DAY2_MINITWICE_4189	72	Port Input	1	4248750	54283	NA
S001_DAY2_MINITWICE_4189	72	Pulse	99	4284751	90284	NA
S001_DAY2_MINITWICE_4189	72	Port Input	1	4284751	90284	NA
S001_DAY2_MINITWICE_4189	72	Pulse	99	4320752	126285	NA
S001_DAY2_MINITWICE_4189	72	Port Input	1	4320752	126285	NA
S001_DAY2_MINITWICE_4189	73	Picture	endrest	4338666	0	1	10099	3	0	10000
S001_DAY2_MINITWICE_4189	74	Picture	PW	4348966	0	1	43199	2	0	43200
S001_DAY2_MINITWICE_4189	74	Pulse	99	4356753	7787	NA
S001_DAY2_MINITWICE_4189	74	Port Input	1	4356753	7787	NA
S001_DAY2_MINITWICE_4189	74	Response	52	4371511	22545	1
S001_DAY2_MINITWICE_4189	74	Picture	73_T_PWTRIAD_PW_telarana_red.png	4392165	43199	1	1900	2	43200	1800
S001_DAY2_MINITWICE_4189	74	Pulse	99	4392754	43788	NA
S001_DAY2_MINITWICE_4189	74	Port Input	1	4392754	43788	NA
S001_DAY2_MINITWICE_4189	75	Picture	PW	4394265	0	1	43200	2	0	43200
S001_DAY2_MINITWICE_4189	75	Response	51	4422069	27804	2
S001_DAY2_MINITWICE_4189	75	Pulse	99	4428755	34490	NA
S001_DAY2_MINITWICE_4189	75	Port Input	1	4428755	34490	NA
S001_DAY2_MINITWICE_4189	75	Picture	74_T_PWTRIAD_PW_cuento_red.png	4437465	43200	1	1900	2	43200	1800
S001_DAY2_MINITWICE_4189	76	Picture	PW	4439565	0	1	43199	3	0	43200
S001_DAY2_MINITWICE_4189	76	Response	51	4463945	24380	2
S001_DAY2_MINITWICE_4189	76	Pulse	99	4464756	25191	NA
S001_DAY2_MINITWICE_4189	76	Port Input	1	4464756	25191	NA
S001_DAY2_MINITWICE_4189	76	Picture	75_T_PWTRIAD_PW_pizarra_red.png	4482764	43199	2	1900	4	43200	1800
S001_DAY2_MINITWICE_4189	77	Picture	PW	4484864	0	2	43200	3	0	43200
S001_DAY2_MINITWICE_4189	77	Pulse	99	4500757	15893	NA
S001_DAY2_MINITWICE_4189	77	Port Input	1	4500757	15893	NA
S001_DAY2_MINITWICE_4189	77	Response	51	4505204	20340	2
S001_DAY2_MINITWICE_4189	77	Picture	76_T_PWTRIAD_PW_llave_red.png	4528064	43200	1	1900	2	43200	1800
S001_DAY2_MINITWICE_4189	78	Picture	RW	4530164	0	1	43200	2	0	43200
S001_DAY2_MINITWICE_4189	78	Pulse	99	4536758	6594	NA
S001_DAY2_MINITWICE_4189	78	Port Input	1	4536758	6594	NA
S001_DAY2_MINITWICE_4189	78	Response	52	4549472	19308	1
S001_DAY2_MINITWICE_4189	78	Pulse	99	4572759	42595	NA
S001_DAY2_MINITWICE_4189	78	Port Input	1	4572759	42595	NA
S001_DAY2_MINITWICE_4189	78	Picture	77_T_RWTRIAD_RW_mono_red.png	4573364	43200	1	1900	2	43200	1800
S001_DAY2_MINITWICE_4189	79	Picture	RW	4575464	0	1	43199	3	0	43200
S001_DAY2_MINITWICE_4189	79	Response	52	4587385	11921	1
S001_DAY2_MINITWICE_4189	79	Pulse	99	4608760	33296	NA
S001_DAY2_MINITWICE_4189	79	Port Input	1	4608760	33296	NA
S001_DAY2_MINITWICE_4189	79	Picture	78_T_RWTRIAD_RW_sobre_red.png	4618663	43199	2	1900	4	43200	1800
S001_DAY2_MINITWICE_4189	80	Picture	RW	4620763	0	2	43200	3	0	43200
S001_DAY2_MINITWICE_4189	80	Response	52	4636032	15269	1
S001_DAY2_MINITWICE_4189	80	Pulse	99	4644761	23998	NA
S001_DAY2_MINITWICE_4189	80	Port Input	1	4644761	23998	NA
S001_DAY2_MINITWICE_4189	80	Picture	79_T_RWTRIAD_RW_piramide_red.png	4663963	43200	1	1900	2	43200	1800
S001_DAY2_MINITWICE_4189	81	Picture	RW	4666063	0	1	43200	2	0	43200
S001_DAY2_MINITWICE_4189	81	Pulse	99	4680762	14699	NA
S001_DAY2_MINITWICE_4189	81	Port Input	1	4680762	14699	NA
S001_DAY2_MINITWICE_4189	81	Response	52	4685337	19274	1
S001_DAY2_MINITWICE_4189	81	Picture	80_T_RWTRIAD_RW_lechuga_red.png	4709263	43200	1	1900	2	43200	1800
S001_DAY2_MINITWICE_4189	82	Picture	rest	4711263	0	1	144099	2	0	144000
S001_DAY2_MINITWICE_4189	82	Pulse	99	4716763	5500	NA
S001_DAY2_MINITWICE_4189	82	Port Input	1	4716763	5500	NA
S001_DAY2_MINITWICE_4189	82	Pulse	99	4752764	41501	NA
S001_DAY2_MINITWICE_4189	82	Port Input	1	4752764	41501	NA
S001_DAY2_MINITWICE_4189	82	Pulse	99	4788765	77502	NA
S001_DAY2_MINITWICE_4189	82	Port Input	1	4788765	77502	NA
S001_DAY2_MINITWICE_4189	82	Pulse	99	4824766	113503	NA
S001_DAY2_MINITWICE_4189	82	Port Input	1	4824766	113503	NA
S001_DAY2_MINITWICE_4189	83	Picture	endrest	4855462	0	1	10100	2	0	10000
S001_DAY2_MINITWICE_4189	83	Pulse	99	4860767	5305	NA
S001_DAY2_MINITWICE_4189	83	Port Input	1	4860767	5305	NA
S001_DAY2_MINITWICE_4189	84	Picture	FF	4865761	0	2	43200	3	0	43200
S001_DAY2_MINITWICE_4189	84	Response	51	4878229	12468	1
S001_DAY2_MINITWICE_4189	84	Pulse	99	4896768	31007	NA
S001_DAY2_MINITWICE_4189	84	Port Input	1	4896768	31007	NA
S001_DAY2_MINITWICE_4189	84	Picture	83_T_FFTRIAD_FF_novia_red.png	4908961	43200	1	1900	2	43200	1800
S001_DAY2_MINITWICE_4189	85	Picture	FF	4911061	0	1	43200	2	0	43200
S001_DAY2_MINITWICE_4189	85	Response	51	4928463	17402	1
S001_DAY2_MINITWICE_4189	85	Pulse	99	4932768	21707	NA
S001_DAY2_MINITWICE_4189	85	Port Input	1	4932768	21707	NA
S001_DAY2_MINITWICE_4189	85	Picture	84_T_FFTRIAD_FF_gafas_red.png	4954261	43200	1	1900	2	43200	1800
S001_DAY2_MINITWICE_4189	86	Picture	FF	4956361	0	1	43199	3	0	43200
S001_DAY2_MINITWICE_4189	86	Pulse	99	4968769	12408	NA
S001_DAY2_MINITWICE_4189	86	Port Input	1	4968769	12408	NA
S001_DAY2_MINITWICE_4189	86	Response	51	4974668	18307	1
S001_DAY2_MINITWICE_4189	86	Picture	85_T_FFTRIAD_FF_violin_red.png	4999560	43199	2	1900	4	43200	1800
S001_DAY2_MINITWICE_4189	87	Picture	FF	5001660	0	2	43200	3	0	43200
S001_DAY2_MINITWICE_4189	87	Pulse	99	5004770	3110	NA
S001_DAY2_MINITWICE_4189	87	Port Input	1	5004770	3110	NA
S001_DAY2_MINITWICE_4189	87	Response	51	5013015	11355	1
S001_DAY2_MINITWICE_4189	87	Pulse	99	5040771	39111	NA
S001_DAY2_MINITWICE_4189	87	Port Input	1	5040771	39111	NA
S001_DAY2_MINITWICE_4189	87	Picture	86_T_FFTRIAD_FF_estetoscopio_red.png	5044860	43200	1	1900	2	43200	1800
S001_DAY2_MINITWICE_4189	88	Picture	PW	5046960	0	1	43200	2	0	43200
S001_DAY2_MINITWICE_4189	88	Response	51	5073796	26836	1
S001_DAY2_MINITWICE_4189	88	Pulse	99	5076772	29812	NA
S001_DAY2_MINITWICE_4189	88	Port Input	1	5076772	29812	NA
S001_DAY2_MINITWICE_4189	88	Picture	87_T_PWTRIAD_PW_tenedor_red.png	5090160	43200	1	1900	2	43200	1800
S001_DAY2_MINITWICE_4189	89	Picture	PW	5092260	0	1	43199	3	0	43200
S001_DAY2_MINITWICE_4189	89	Pulse	99	5112773	20513	NA
S001_DAY2_MINITWICE_4189	89	Port Input	1	5112773	20513	NA
S001_DAY2_MINITWICE_4189	89	Response	51	5116523	24263	2
S001_DAY2_MINITWICE_4189	89	Picture	88_T_PWTRIAD_PW_candado_red.png	5135459	43199	2	1900	3	43200	1800
S001_DAY2_MINITWICE_4189	90	Picture	PW	5137559	0	2	43200	3	0	43200
S001_DAY2_MINITWICE_4189	90	Pulse	99	5148774	11215	NA
S001_DAY2_MINITWICE_4189	90	Port Input	1	5148774	11215	NA
S001_DAY2_MINITWICE_4189	90	Response	51	5151732	14173	1
S001_DAY2_MINITWICE_4189	90	Picture	89_T_PWTRIAD_PW_plato_red.png	5180759	43200	1	1900	2	43200	1800
S001_DAY2_MINITWICE_4189	91	Picture	PW	5182859	0	1	43200	2	0	43200
S001_DAY2_MINITWICE_4189	91	Pulse	99	5184775	1916	NA
S001_DAY2_MINITWICE_4189	91	Port Input	1	5184775	1916	NA
S001_DAY2_MINITWICE_4189	91	Response	52	5198317	15458	1
S001_DAY2_MINITWICE_4189	91	Pulse	99	5220776	37917	NA
S001_DAY2_MINITWICE_4189	91	Port Input	1	5220776	37917	NA
S001_DAY2_MINITWICE_4189	91	Picture	90_T_PWTRIAD_PW_lana_red.png	5226059	43200	1	1900	2	43200	1800
S001_DAY2_MINITWICE_4189	92	Picture	rest	5228059	0	1	144099	2	0	144000
S001_DAY2_MINITWICE_4189	92	Pulse	99	5256777	28718	NA
S001_DAY2_MINITWICE_4189	92	Port Input	1	5256777	28718	NA
S001_DAY2_MINITWICE_4189	92	Pulse	99	5292778	64719	NA
S001_DAY2_MINITWICE_4189	92	Port Input	1	5292778	64719	NA
S001_DAY2_MINITWICE_4189	92	Pulse	99	5328779	100720	NA
S001_DAY2_MINITWICE_4189	92	Port Input	1	5328779	100720	NA
S001_DAY2_MINITWICE_4189	92	Pulse	99	5364780	136721	NA
S001_DAY2_MINITWICE_4189	92	Port Input	1	5364780	136721	NA
S001_DAY2_MINITWICE_4189	93	Picture	endrest	5372258	0	1	10100	2	0	10000
S001_DAY2_MINITWICE_4189	94	Picture	RW	5382557	0	2	43200	3	0	43200
S001_DAY2_MINITWICE_4189	94	Response	52	5400728	18171	1
S001_DAY2_MINITWICE_4189	94	Pulse	99	5400781	18224	NA
S001_DAY2_MINITWICE_4189	94	Port Input	1	5400781	18224	NA
S001_DAY2_MINITWICE_4189	94	Picture	93_T_RWTRIAD_RW_raton_red.png	5425757	43200	1	1900	2	43200	1800
S001_DAY2_MINITWICE_4189	95	Picture	RW	5427857	0	1	43200	2	0	43200
S001_DAY2_MINITWICE_4189	95	Pulse	99	5436782	8925	NA
S001_DAY2_MINITWICE_4189	95	Port Input	1	5436782	8925	NA
S001_DAY2_MINITWICE_4189	95	Response	51	5440874	13017	1
S001_DAY2_MINITWICE_4189	95	Picture	94_T_RWTRIAD_RW_dedal_red.png	5471057	43200	1	1900	2	43200	1800
S001_DAY2_MINITWICE_4189	95	Pulse	99	5472783	44926	NA
S001_DAY2_MINITWICE_4189	95	Port Input	1	5472783	44926	NA
S001_DAY2_MINITWICE_4189	96	Picture	RW	5473157	0	1	43199	3	0	43200
S001_DAY2_MINITWICE_4189	96	Response	52	5508290	35133	1
S001_DAY2_MINITWICE_4189	96	Pulse	99	5508784	35627	NA
S001_DAY2_MINITWICE_4189	96	Port Input	1	5508784	35627	NA
S001_DAY2_MINITWICE_4189	96	Picture	95_T_RWTRIAD_RW_perro_red.png	5516356	43199	2	1900	3	43200	1800
S001_DAY2_MINITWICE_4189	97	Picture	RW	5518456	0	1	43200	2	0	43200
S001_DAY2_MINITWICE_4189	97	Response	52	5529813	11357	1
S001_DAY2_MINITWICE_4189	97	Pulse	99	5544785	26329	NA
S001_DAY2_MINITWICE_4189	97	Port Input	1	5544785	26329	NA
S001_DAY2_MINITWICE_4189	97	Picture	96_T_RWTRIAD_RW_paraguas_red.png	5561656	43200	1	1900	2	43200	1800
S001_DAY2_MINITWICE_4189	98	Picture	FF	5563756	0	1	43200	2	0	43200
S001_DAY2_MINITWICE_4189	98	Response	52	5579763	16007	1
S001_DAY2_MINITWICE_4189	98	Pulse	99	5580786	17030	NA
S001_DAY2_MINITWICE_4189	98	Port Input	1	5580786	17030	NA
S001_DAY2_MINITWICE_4189	98	Picture	97_T_FFTRIAD_FF_chupete_red.png	5606956	43200	1	1900	2	43200	1800
S001_DAY2_MINITWICE_4189	99	Picture	FF	5609056	0	1	43199	3	0	43200
S001_DAY2_MINITWICE_4189	99	Pulse	99	5616787	7731	NA
S001_DAY2_MINITWICE_4189	99	Port Input	1	5616787	7731	NA
S001_DAY2_MINITWICE_4189	99	Response	52	5625006	15950	1
S001_DAY2_MINITWICE_4189	99	Picture	98_T_FFTRIAD_FF_molino_red.png	5652255	43199	2	1900	3	43200	1800
S001_DAY2_MINITWICE_4189	99	Pulse	99	5652788	43732	NA
S001_DAY2_MINITWICE_4189	99	Port Input	1	5652788	43732	NA
S001_DAY2_MINITWICE_4189	100	Picture	FF	5654355	0	1	43200	2	0	43200
S001_DAY2_MINITWICE_4189	100	Response	51	5671228	16873	1
S001_DAY2_MINITWICE_4189	100	Pulse	99	5688789	34434	NA
S001_DAY2_MINITWICE_4189	100	Port Input	1	5688789	34434	NA
S001_DAY2_MINITWICE_4189	100	Picture	99_T_FFTRIAD_FF_madera_red.png	5697555	43200	1	1900	2	43200	1800
S001_DAY2_MINITWICE_4189	101	Picture	FF	5699655	0	1	43200	2	0	43200
S001_DAY2_MINITWICE_4189	101	Response	52	5721159	21504	1
S001_DAY2_MINITWICE_4189	101	Pulse	99	5724790	25135	NA
S001_DAY2_MINITWICE_4189	101	Port Input	1	5724790	25135	NA
S001_DAY2_MINITWICE_4189	101	Picture	100_T_FFTRIAD_FF_banera_red.png	5742855	43200	1	1900	2	43200	1800
S001_DAY2_MINITWICE_4189	102	Picture	rest	5744855	0	1	144099	2	0	144000
S001_DAY2_MINITWICE_4189	102	Pulse	99	5760791	15936	NA
S001_DAY2_MINITWICE_4189	102	Port Input	1	5760791	15936	NA
S001_DAY2_MINITWICE_4189	102	Pulse	99	5796791	51936	NA
S001_DAY2_MINITWICE_4189	102	Port Input	1	5796791	51936	NA
S001_DAY2_MINITWICE_4189	102	Pulse	99	5832792	87937	NA
S001_DAY2_MINITWICE_4189	102	Port Input	1	5832792	87937	NA
S001_DAY2_MINITWICE_4189	102	Pulse	99	5868793	123938	NA
S001_DAY2_MINITWICE_4189	102	Port Input	1	5868793	123938	NA
S001_DAY2_MINITWICE_4189	103	Picture	endrest	5889053	0	2	10100	4	0	10000
S001_DAY2_MINITWICE_4189	104	Picture	FF	5899353	0	2	43200	3	0	43200
S001_DAY2_MINITWICE_4189	104	Pulse	99	5904794	5441	NA
S001_DAY2_MINITWICE_4189	104	Port Input	1	5904794	5441	NA
S001_DAY2_MINITWICE_4189	104	Response	51	5913288	13935	2
S001_DAY2_MINITWICE_4189	104	Pulse	99	5940795	41442	NA
S001_DAY2_MINITWICE_4189	104	Port Input	1	5940795	41442	NA
S001_DAY2_MINITWICE_4189	104	Picture	103_T_FFTRIAD_FF_tenedor_red.png	5942553	43200	1	1900	2	43200	1800
S001_DAY2_MINITWICE_4189	105	Picture	FF	5944653	0	1	43200	2	0	43200
S001_DAY2_MINITWICE_4189	105	Response	51	5954848	10195	1
S001_DAY2_MINITWICE_4189	105	Pulse	99	5976796	32143	NA
S001_DAY2_MINITWICE_4189	105	Port Input	1	5976796	32143	NA
S001_DAY2_MINITWICE_4189	105	Picture	104_T_FFTRIAD_FF_traje_red.png	5987853	43200	1	1900	2	43200	1800
S001_DAY2_MINITWICE_4189	106	Picture	FF	5989953	0	1	43199	2	0	43200
S001_DAY2_MINITWICE_4189	106	Response	51	6007713	17760	1
S001_DAY2_MINITWICE_4189	106	Pulse	99	6012797	22844	NA
S001_DAY2_MINITWICE_4189	106	Port Input	1	6012797	22844	NA
S001_DAY2_MINITWICE_4189	106	Picture	105_T_FFTRIAD_FF_lenador_red.png	6033152	43199	1	1900	2	43200	1800
S001_DAY2_MINITWICE_4189	107	Picture	FF	6035252	0	2	43200	3	0	43200
S001_DAY2_MINITWICE_4189	107	Pulse	99	6048798	13546	NA
S001_DAY2_MINITWICE_4189	107	Port Input	1	6048798	13546	NA
S001_DAY2_MINITWICE_4189	107	Response	52	6049247	13995	1
S001_DAY2_MINITWICE_4189	107	Picture	106_T_FFTRIAD_FF_telefono_red.png	6078452	43200	1	1900	2	43200	1800
S001_DAY2_MINITWICE_4189	108	Picture	RW	6080552	0	1	43200	2	0	43200
S001_DAY2_MINITWICE_4189	108	Pulse	99	6084799	4247	NA
S001_DAY2_MINITWICE_4189	108	Port Input	1	6084799	4247	NA
S001_DAY2_MINITWICE_4189	108	Response	51	6092800	12248	1
S001_DAY2_MINITWICE_4189	108	Pulse	99	6120800	40248	NA
S001_DAY2_MINITWICE_4189	108	Port Input	1	6120800	40248	NA
S001_DAY2_MINITWICE_4189	108	Picture	107_T_RWTRIAD_RW_zanahoria_red.png	6123752	43200	1	1900	2	43200	1800
S001_DAY2_MINITWICE_4189	109	Picture	RW	6125852	0	1	43199	2	0	43200
S001_DAY2_MINITWICE_4189	109	Response	51	6143131	17279	1
S001_DAY2_MINITWICE_4189	109	Pulse	99	6156801	30949	NA
S001_DAY2_MINITWICE_4189	109	Port Input	1	6156801	30949	NA
S001_DAY2_MINITWICE_4189	109	Picture	108_T_RWTRIAD_RW_iglu_red.png	6169051	43199	1	1900	2	43200	1800
S001_DAY2_MINITWICE_4189	110	Picture	RW	6171151	0	1	43200	2	0	43200
S001_DAY2_MINITWICE_4189	110	Response	52	6184196	13045	1
S001_DAY2_MINITWICE_4189	110	Pulse	99	6192802	21651	NA
S001_DAY2_MINITWICE_4189	110	Port Input	1	6192802	21651	NA
S001_DAY2_MINITWICE_4189	110	Picture	109_T_RWTRIAD_RW_bebe_red.png	6214351	43200	1	1900	2	43200	1800
S001_DAY2_MINITWICE_4189	111	Picture	RW	6216451	0	1	43200	2	0	43200
S001_DAY2_MINITWICE_4189	111	Pulse	99	6228803	12352	NA
S001_DAY2_MINITWICE_4189	111	Port Input	1	6228803	12352	NA
S001_DAY2_MINITWICE_4189	111	Response	51	6229022	12571	1
S001_DAY2_MINITWICE_4189	111	Picture	110_T_RWTRIAD_RW_traje_red.png	6259651	43200	1	1900	2	43200	1800
S001_DAY2_MINITWICE_4189	112	Picture	rest	6261651	0	1	144098	3	0	144000
S001_DAY2_MINITWICE_4189	112	Pulse	99	6264804	3153	NA
S001_DAY2_MINITWICE_4189	112	Port Input	1	6264804	3153	NA
S001_DAY2_MINITWICE_4189	112	Pulse	99	6300805	39154	NA
S001_DAY2_MINITWICE_4189	112	Port Input	1	6300805	39154	NA
S001_DAY2_MINITWICE_4189	112	Pulse	99	6336806	75155	NA
S001_DAY2_MINITWICE_4189	112	Port Input	1	6336806	75155	NA
S001_DAY2_MINITWICE_4189	112	Pulse	99	6372807	111156	NA
S001_DAY2_MINITWICE_4189	112	Port Input	1	6372807	111156	NA
S001_DAY2_MINITWICE_4189	113	Picture	endrest	6405849	0	2	10100	3	0	10000
S001_DAY2_MINITWICE_4189	113	Pulse	99	6408808	2959	NA
S001_DAY2_MINITWICE_4189	113	Port Input	1	6408808	2959	NA
S001_DAY2_MINITWICE_4189	114	Picture	PW	6416149	0	2	43200	3	0	43200
S001_DAY2_MINITWICE_4189	114	Response	51	6434065	17916	1
S001_DAY2_MINITWICE_4189	114	Pulse	99	6444809	28660	NA
S001_DAY2_MINITWICE_4189	114	Port Input	1	6444809	28660	NA
S001_DAY2_MINITWICE_4189	114	Picture	113_T_PWTRIAD_PW_sapo_red.png	6459349	43200	1	1900	2	43200	1800
S001_DAY2_MINITWICE_4189	115	Picture	PW	6461449	0	1	43200	2	0	43200
S001_DAY2_MINITWICE_4189	115	Pulse	99	6480810	19361	NA
S001_DAY2_MINITWICE_4189	115	Port Input	1	6480810	19361	NA
S001_DAY2_MINITWICE_4189	115	Response	51	6481338	19889	1
S001_DAY2_MINITWICE_4189	115	Picture	114_T_PWTRIAD_PW_portatil_red.png	6504649	43200	1	1899	3	43200	1800
S001_DAY2_MINITWICE_4189	116	Picture	PW	6506748	0	2	43200	3	0	43200
S001_DAY2_MINITWICE_4189	116	Pulse	99	6516811	10063	NA
S001_DAY2_MINITWICE_4189	116	Port Input	1	6516811	10063	NA
S001_DAY2_MINITWICE_4189	116	Response	52	6525140	18392	1
S001_DAY2_MINITWICE_4189	116	Picture	115_T_PWTRIAD_PW_oruga_red.png	6549948	43200	1	1900	2	43200	1800
S001_DAY2_MINITWICE_4189	117	Picture	PW	6552048	0	2	43200	3	0	43200
S001_DAY2_MINITWICE_4189	117	Pulse	99	6552812	764	NA
S001_DAY2_MINITWICE_4189	117	Port Input	1	6552812	764	NA
S001_DAY2_MINITWICE_4189	117	Response	51	6567324	15276	1
S001_DAY2_MINITWICE_4189	117	Pulse	99	6588813	36765	NA
S001_DAY2_MINITWICE_4189	117	Port Input	1	6588813	36765	NA
S001_DAY2_MINITWICE_4189	117	Picture	116_T_PWTRIAD_PW_huevos_red.png	6595248	43200	1	1900	2	43200	1800
S001_DAY2_MINITWICE_4189	118	Picture	RW	6597348	0	1	43200	2	0	43200
S001_DAY2_MINITWICE_4189	118	Response	51	6609782	12434	1
S001_DAY2_MINITWICE_4189	118	Pulse	99	6624813	27465	NA
S001_DAY2_MINITWICE_4189	118	Port Input	1	6624813	27465	NA
S001_DAY2_MINITWICE_4189	118	Picture	117_T_RWTRIAD_RW_violin_red.png	6640548	43200	1	1900	2	43200	1800
S001_DAY2_MINITWICE_4189	119	Picture	RW	6642648	0	1	43199	2	0	43200
S001_DAY2_MINITWICE_4189	119	Response	52	6655398	12750	1
S001_DAY2_MINITWICE_4189	119	Pulse	99	6660814	18166	NA
S001_DAY2_MINITWICE_4189	119	Port Input	1	6660814	18166	NA
S001_DAY2_MINITWICE_4189	119	Picture	118_T_RWTRIAD_RW_anillo_red.png	6685847	43199	1	1900	2	43200	1800
S001_DAY2_MINITWICE_4189	120	Picture	RW	6687947	0	1	43200	2	0	43200
S001_DAY2_MINITWICE_4189	120	Pulse	99	6696815	8868	NA
S001_DAY2_MINITWICE_4189	120	Port Input	1	6696815	8868	NA
S001_DAY2_MINITWICE_4189	120	Response	51	6706663	18716	2
S001_DAY2_MINITWICE_4189	120	Picture	119_T_RWTRIAD_RW_ascensor_red.png	6731147	43200	1	1900	2	43200	1800
S001_DAY2_MINITWICE_4189	120	Pulse	99	6732816	44869	NA
S001_DAY2_MINITWICE_4189	120	Port Input	1	6732816	44869	NA
S001_DAY2_MINITWICE_4189	121	Picture	RW	6733247	0	1	43200	2	0	43200
S001_DAY2_MINITWICE_4189	121	Response	51	6745911	12664	1
S001_DAY2_MINITWICE_4189	121	Pulse	99	6768817	35570	NA
S001_DAY2_MINITWICE_4189	121	Port Input	1	6768817	35570	NA
S001_DAY2_MINITWICE_4189	121	Picture	120_T_RWTRIAD_RW_telarana_red.png	6776447	43200	1	1900	2	43200	1800
S001_DAY2_MINITWICE_4189	122	Picture	rest	6778447	0	1	144098	3	0	144000
S001_DAY2_MINITWICE_4189	122	Pulse	99	6804818	26371	NA
S001_DAY2_MINITWICE_4189	122	Port Input	1	6804818	26371	NA
S001_DAY2_MINITWICE_4189	122	Pulse	99	6840819	62372	NA
S001_DAY2_MINITWICE_4189	122	Port Input	1	6840819	62372	NA
S001_DAY2_MINITWICE_4189	122	Pulse	99	6876820	98373	NA
S001_DAY2_MINITWICE_4189	122	Port Input	1	6876820	98373	NA
S001_DAY2_MINITWICE_4189	122	Pulse	99	6912821	134374	NA
S001_DAY2_MINITWICE_4189	122	Port Input	1	6912821	134374	NA
S001_DAY2_MINITWICE_4189	123	Picture	endrest	6922645	0	2	10100	4	0	10000
S001_DAY2_MINITWICE_4189	124	Picture	RW	6932945	0	1	43200	2	0	43200
S001_DAY2_MINITWICE_4189	124	Response	51	6947751	14806	1
S001_DAY2_MINITWICE_4189	124	Pulse	99	6948822	15877	NA
S001_DAY2_MINITWICE_4189	124	Port Input	1	6948822	15877	NA
S001_DAY2_MINITWICE_4189	124	Picture	123_T_RWTRIAD_RW_portatil_red.png	6976145	43200	1	1900	2	43200	1800
S001_DAY2_MINITWICE_4189	125	Picture	RW	6978245	0	1	43200	2	0	43200
S001_DAY2_MINITWICE_4189	125	Pulse	99	6984823	6578	NA
S001_DAY2_MINITWICE_4189	125	Port Input	1	6984823	6578	NA
S001_DAY2_MINITWICE_4189	125	Response	52	6998866	20621	2
S001_DAY2_MINITWICE_4189	125	Pulse	99	7020824	42579	NA
S001_DAY2_MINITWICE_4189	125	Port Input	1	7020824	42579	NA
S001_DAY2_MINITWICE_4189	125	Picture	124_T_RWTRIAD_RW_silla_red.png	7021445	43200	1	1900	2	43200	1800
S001_DAY2_MINITWICE_4189	126	Picture	RW	7023545	0	1	43199	2	0	43200
S001_DAY2_MINITWICE_4189	126	Response	51	7033001	9456	1
S001_DAY2_MINITWICE_4189	126	Pulse	99	7056825	33280	NA
S001_DAY2_MINITWICE_4189	126	Port Input	1	7056825	33280	NA
S001_DAY2_MINITWICE_4189	126	Picture	125_T_RWTRIAD_RW_bala_red.png	7066744	43199	1	1900	2	43200	1800
S001_DAY2_MINITWICE_4189	127	Picture	RW	7068844	0	1	43200	2	0	43200
S001_DAY2_MINITWICE_4189	127	Response	52	7078976	10132	1
S001_DAY2_MINITWICE_4189	127	Pulse	99	7092826	23982	NA
S001_DAY2_MINITWICE_4189	127	Port Input	1	7092826	23982	NA
S001_DAY2_MINITWICE_4189	127	Picture	126_T_RWTRIAD_RW_novia_red.png	7112044	43200	1	1900	2	43200	1800
S001_DAY2_MINITWICE_4189	128	Picture	PW	7114144	0	1	43200	2	0	43200
S001_DAY2_MINITWICE_4189	128	Response	51	7114857	713	1
S001_DAY2_MINITWICE_4189	128	Pulse	99	7128827	14683	NA
S001_DAY2_MINITWICE_4189	128	Port Input	1	7128827	14683	NA
S001_DAY2_MINITWICE_4189	128	Picture	127_T_PWTRIAD_PW_martillo_red.png	7157344	43200	1	1900	2	43200	1800
S001_DAY2_MINITWICE_4189	129	Picture	PW	7159444	0	1	43199	2	0	43200
S001_DAY2_MINITWICE_4189	129	Pulse	99	7164828	5384	NA
S001_DAY2_MINITWICE_4189	129	Port Input	1	7164828	5384	NA
S001_DAY2_MINITWICE_4189	129	Response	52	7174810	15366	1
S001_DAY2_MINITWICE_4189	129	Pulse	99	7200829	41385	NA
S001_DAY2_MINITWICE_4189	129	Port Input	1	7200829	41385	NA
S001_DAY2_MINITWICE_4189	129	Picture	128_T_PWTRIAD_PW_cerillas_red.png	7202643	43199	1	1900	2	43200	1800
S001_DAY2_MINITWICE_4189	130	Picture	PW	7204743	0	1	43200	2	0	43200
S001_DAY2_MINITWICE_4189	130	Response	52	7219849	15106	1
S001_DAY2_MINITWICE_4189	130	Pulse	99	7236830	32087	NA
S001_DAY2_MINITWICE_4189	130	Port Input	1	7236830	32087	NA
S001_DAY2_MINITWICE_4189	130	Picture	129_T_PWTRIAD_PW_almohada_red.png	7247943	43200	1	1900	2	43200	1800
S001_DAY2_MINITWICE_4189	131	Picture	PW	7250043	0	1	43200	2	0	43200
S001_DAY2_MINITWICE_4189	131	Response	52	7270561	20518	1
S001_DAY2_MINITWICE_4189	131	Pulse	99	7272831	22788	NA
S001_DAY2_MINITWICE_4189	131	Port Input	1	7272831	22788	NA
S001_DAY2_MINITWICE_4189	131	Picture	130_T_PWTRIAD_PW_granjero_red.png	7293243	43200	1	1900	2	43200	1800
S001_DAY2_MINITWICE_4189	132	Picture	rest	7295243	0	1	144098	3	0	144000
S001_DAY2_MINITWICE_4189	132	Pulse	99	7308832	13589	NA
S001_DAY2_MINITWICE_4189	132	Port Input	1	7308832	13589	NA
S001_DAY2_MINITWICE_4189	132	Pulse	99	7344833	49590	NA
S001_DAY2_MINITWICE_4189	132	Port Input	1	7344833	49590	NA
S001_DAY2_MINITWICE_4189	132	Pulse	99	7380834	85591	NA
S001_DAY2_MINITWICE_4189	132	Port Input	1	7380834	85591	NA
S001_DAY2_MINITWICE_4189	132	Pulse	99	7416835	121592	NA
S001_DAY2_MINITWICE_4189	132	Port Input	1	7416835	121592	NA
S001_DAY2_MINITWICE_4189	133	Picture	endrest	7439441	0	2	10100	3	0	10000
S001_DAY2_MINITWICE_4189	134	Picture	RW	7449741	0	1	43200	2	0	43200
S001_DAY2_MINITWICE_4189	134	Pulse	99	7452836	3095	NA
S001_DAY2_MINITWICE_4189	134	Port Input	1	7452836	3095	NA
S001_DAY2_MINITWICE_4189	134	Response	51	7467082	17341	1
S001_DAY2_MINITWICE_4189	134	Pulse	99	7488837	39096	NA
S001_DAY2_MINITWICE_4189	134	Port Input	1	7488837	39096	NA
S001_DAY2_MINITWICE_4189	134	Picture	133_T_RWTRIAD_RW_tenedor_red.png	7492941	43200	1	1900	2	43200	1800
S001_DAY2_MINITWICE_4189	135	Picture	RW	7495041	0	1	43200	2	0	43200
S001_DAY2_MINITWICE_4189	135	Response	51	7506011	10970	1
S001_DAY2_MINITWICE_4189	135	Pulse	99	7524837	29796	NA
S001_DAY2_MINITWICE_4189	135	Port Input	1	7524837	29796	NA
S001_DAY2_MINITWICE_4189	135	Picture	134_T_RWTRIAD_RW_television_red.png	7538241	43200	1	1900	2	43200	1800
S001_DAY2_MINITWICE_4189	136	Picture	RW	7540341	0	1	43199	2	0	43200
S001_DAY2_MINITWICE_4189	136	Response	52	7554302	13961	1
S001_DAY2_MINITWICE_4189	136	Pulse	99	7560838	20497	NA
S001_DAY2_MINITWICE_4189	136	Port Input	1	7560838	20497	NA
S001_DAY2_MINITWICE_4189	136	Picture	135_T_RWTRIAD_RW_destornillador_red.png	7583540	43199	1	1900	2	43200	1800
S001_DAY2_MINITWICE_4189	137	Picture	RW	7585640	0	1	43200	2	0	43200
S001_DAY2_MINITWICE_4189	137	Pulse	99	7596839	11199	NA
S001_DAY2_MINITWICE_4189	137	Port Input	1	7596839	11199	NA
S001_DAY2_MINITWICE_4189	137	Response	51	7604672	19032	1
S001_DAY2_MINITWICE_4189	137	Picture	136_T_RWTRIAD_RW_pilas_red.png	7628840	43200	1	1900	2	43200	1800
S001_DAY2_MINITWICE_4189	138	Picture	rest	7630840	0	1	144099	2	0	144000
S001_DAY2_MINITWICE_4189	138	Pulse	99	7632840	2000	NA
S001_DAY2_MINITWICE_4189	138	Port Input	1	7632840	2000	NA
S001_DAY2_MINITWICE_4189	138	Pulse	99	7668841	38001	NA
S001_DAY2_MINITWICE_4189	138	Port Input	1	7668841	38001	NA
S001_DAY2_MINITWICE_4189	139	Picture	endrest	7775039	0	1	10100	2	0	10000
S001_DAY2_MINITWICE_4189	140	Picture	endrest	7785239	0	1	10100	2	0	10000
S001_DAY2_MINITWICE_4189	141	Picture	endrest	7795439	0	1	10100	2	0	10000
S001_DAY2_MINITWICE_4189	142	Picture	endrest	7805639	0	1	10099	3	0	10000
