Scenario - vOT_Triads_fMRI_II
Logfile written - 05/28/2015 13:42:09

Subject	Trial	Event Type	Code	Time	TTime	Uncertainty	Duration	Uncertainty	ReqTime	ReqDur

S013_DAY1_MINITWICE_4126	1	Pulse	99	212190	222007	NA
S013_DAY1_MINITWICE_4126	1	Port Input	1	212190	222007	NA
S013_DAY1_MINITWICE_4126	1	Pulse	99	248191	258008	NA
S013_DAY1_MINITWICE_4126	1	Port Input	1	248191	258008	NA
S013_DAY1_MINITWICE_4126	1	Pulse	99	284192	294009	NA
S013_DAY1_MINITWICE_4126	1	Port Input	1	284192	294009	NA
S013_DAY1_MINITWICE_4126	1	Pulse	99	320192	330009	NA
S013_DAY1_MINITWICE_4126	1	Port Input	1	320192	330009	NA
S013_DAY1_MINITWICE_4126	1	Pulse	99	356193	366010	NA
S013_DAY1_MINITWICE_4126	1	Port Input	1	356193	366010	NA
S013_DAY1_MINITWICE_4126	2	Picture	rest	356396	0	2	144099	3	0	144000
S013_DAY1_MINITWICE_4126	2	Pulse	99	392194	35798	NA
S013_DAY1_MINITWICE_4126	2	Port Input	1	392194	35798	NA
S013_DAY1_MINITWICE_4126	2	Pulse	99	428195	71799	NA
S013_DAY1_MINITWICE_4126	2	Port Input	1	428195	71799	NA
S013_DAY1_MINITWICE_4126	2	Pulse	99	464196	107800	NA
S013_DAY1_MINITWICE_4126	2	Port Input	1	464196	107800	NA
S013_DAY1_MINITWICE_4126	2	Pulse	99	500197	143801	NA
S013_DAY1_MINITWICE_4126	2	Port Input	1	500197	143801	NA
S013_DAY1_MINITWICE_4126	3	Picture	endrest	500595	0	1	10100	2	0	10000
S013_DAY1_MINITWICE_4126	4	Picture	PW	511095	0	1	43100	2	0	43200
S013_DAY1_MINITWICE_4126	4	Response	52	532376	21281	1
S013_DAY1_MINITWICE_4126	4	Pulse	99	536198	25103	NA
S013_DAY1_MINITWICE_4126	4	Port Input	1	536198	25103	NA
S013_DAY1_MINITWICE_4126	4	Picture	3_T_PWTRIAD_PW_oruga_red.png	554195	43100	1	1900	2	43200	1800
S013_DAY1_MINITWICE_4126	5	Picture	PW	556295	0	1	43200	2	0	43200
S013_DAY1_MINITWICE_4126	5	Pulse	99	572199	15904	NA
S013_DAY1_MINITWICE_4126	5	Port Input	1	572199	15904	NA
S013_DAY1_MINITWICE_4126	5	Response	51	573707	17412	1
S013_DAY1_MINITWICE_4126	5	Picture	4_T_PWTRIAD_PW_molino_red.png	599495	43200	1	1900	2	43200	1800
S013_DAY1_MINITWICE_4126	6	Picture	PW	601695	0	1	43199	2	0	43200
S013_DAY1_MINITWICE_4126	6	Pulse	99	608200	6505	NA
S013_DAY1_MINITWICE_4126	6	Port Input	1	608200	6505	NA
S013_DAY1_MINITWICE_4126	6	Response	51	621470	19775	1
S013_DAY1_MINITWICE_4126	6	Pulse	99	644201	42506	NA
S013_DAY1_MINITWICE_4126	6	Port Input	1	644201	42506	NA
S013_DAY1_MINITWICE_4126	6	Picture	5_T_PWTRIAD_PW_banera_red.png	644894	43199	1	1900	2	43200	1800
S013_DAY1_MINITWICE_4126	7	Picture	PW	646994	0	1	43200	2	0	43200
S013_DAY1_MINITWICE_4126	7	Response	52	670172	23178	1
S013_DAY1_MINITWICE_4126	7	Pulse	99	680202	33208	NA
S013_DAY1_MINITWICE_4126	7	Port Input	1	680202	33208	NA
S013_DAY1_MINITWICE_4126	7	Picture	6_T_PWTRIAD_PW_teclado_red.png	690194	43200	1	1900	2	43200	1800
S013_DAY1_MINITWICE_4126	8	Picture	PW	692394	0	1	43200	2	0	43200
S013_DAY1_MINITWICE_4126	8	Response	51	703765	11371	1
S013_DAY1_MINITWICE_4126	8	Pulse	99	716203	23809	NA
S013_DAY1_MINITWICE_4126	8	Port Input	1	716203	23809	NA
S013_DAY1_MINITWICE_4126	8	Picture	7_T_PWTRIAD_PW_ancla_red.png	735594	43200	1	1900	2	43200	1800
S013_DAY1_MINITWICE_4126	9	Picture	PW	737694	0	1	43199	2	0	43200
S013_DAY1_MINITWICE_4126	9	Pulse	99	752204	14510	NA
S013_DAY1_MINITWICE_4126	9	Port Input	1	752204	14510	NA
S013_DAY1_MINITWICE_4126	9	Response	51	755139	17445	1
S013_DAY1_MINITWICE_4126	9	Picture	8_T_PWTRIAD_PW_monja_red.png	780893	43199	1	1900	2	43200	1800
S013_DAY1_MINITWICE_4126	10	Picture	PW	783193	0	1	43100	2	0	43200
S013_DAY1_MINITWICE_4126	10	Pulse	99	788205	5012	NA
S013_DAY1_MINITWICE_4126	10	Port Input	1	788205	5012	NA
S013_DAY1_MINITWICE_4126	10	Response	52	798927	15734	1
S013_DAY1_MINITWICE_4126	10	Pulse	99	824206	41013	NA
S013_DAY1_MINITWICE_4126	10	Port Input	1	824206	41013	NA
S013_DAY1_MINITWICE_4126	10	Picture	9_T_PWTRIAD_PW_almohada_red.png	826293	43100	1	1900	2	43200	1800
S013_DAY1_MINITWICE_4126	11	Picture	PW	828593	0	1	43099	3	0	43200
S013_DAY1_MINITWICE_4126	11	Response	51	846841	18248	1
S013_DAY1_MINITWICE_4126	11	Pulse	99	860207	31614	NA
S013_DAY1_MINITWICE_4126	11	Port Input	1	860207	31614	NA
S013_DAY1_MINITWICE_4126	11	Picture	10_T_PWTRIAD_PW_gafas_red.png	871692	43099	2	1900	4	43200	1800
S013_DAY1_MINITWICE_4126	12	Picture	rest	873692	0	2	144099	4	0	144000
S013_DAY1_MINITWICE_4126	12	Pulse	99	896207	22515	NA
S013_DAY1_MINITWICE_4126	12	Port Input	1	896207	22515	NA
S013_DAY1_MINITWICE_4126	12	Pulse	99	932208	58516	NA
S013_DAY1_MINITWICE_4126	12	Port Input	1	932208	58516	NA
S013_DAY1_MINITWICE_4126	12	Pulse	99	968209	94517	NA
S013_DAY1_MINITWICE_4126	12	Port Input	1	968209	94517	NA
S013_DAY1_MINITWICE_4126	12	Pulse	99	1004210	130518	NA
S013_DAY1_MINITWICE_4126	12	Port Input	1	1004210	130518	NA
S013_DAY1_MINITWICE_4126	13	Picture	endrest	1017891	0	2	10100	3	0	10000
S013_DAY1_MINITWICE_4126	14	Picture	RW	1028291	0	1	43200	2	0	43200
S013_DAY1_MINITWICE_4126	14	Response	52	1038840	10549	1
S013_DAY1_MINITWICE_4126	14	Pulse	99	1040211	11920	NA
S013_DAY1_MINITWICE_4126	14	Port Input	1	1040211	11920	NA
S013_DAY1_MINITWICE_4126	14	Picture	13_T_RWTRIAD_RW_oruga_red.png	1071491	43200	1	1900	2	43200	1800
S013_DAY1_MINITWICE_4126	15	Picture	RW	1073591	0	1	43200	2	0	43200
S013_DAY1_MINITWICE_4126	15	Pulse	99	1076212	2621	NA
S013_DAY1_MINITWICE_4126	15	Port Input	1	1076212	2621	NA
S013_DAY1_MINITWICE_4126	15	Response	52	1084343	10752	1
S013_DAY1_MINITWICE_4126	15	Pulse	99	1112213	38622	NA
S013_DAY1_MINITWICE_4126	15	Port Input	1	1112213	38622	NA
S013_DAY1_MINITWICE_4126	15	Picture	14_T_RWTRIAD_RW_queso_red.png	1116791	43200	1	1900	2	43200	1800
S013_DAY1_MINITWICE_4126	16	Picture	RW	1118891	0	1	43199	2	0	43200
S013_DAY1_MINITWICE_4126	16	Response	51	1130383	11492	2
S013_DAY1_MINITWICE_4126	16	Pulse	99	1148214	29323	NA
S013_DAY1_MINITWICE_4126	16	Port Input	1	1148214	29323	NA
S013_DAY1_MINITWICE_4126	16	Picture	15_T_RWTRIAD_RW_candado_red.png	1162090	43199	1	1900	2	43200	1800
S013_DAY1_MINITWICE_4126	17	Picture	RW	1164390	0	1	43100	2	0	43200
S013_DAY1_MINITWICE_4126	17	Response	51	1176806	12416	1
S013_DAY1_MINITWICE_4126	17	Pulse	99	1184215	19825	NA
S013_DAY1_MINITWICE_4126	17	Port Input	1	1184215	19825	NA
S013_DAY1_MINITWICE_4126	17	Picture	16_T_RWTRIAD_RW_botella_red.png	1207490	43100	1	1900	2	43200	1800
S013_DAY1_MINITWICE_4126	18	Picture	RW	1209590	0	1	43200	2	0	43200
S013_DAY1_MINITWICE_4126	18	Pulse	99	1220216	10626	NA
S013_DAY1_MINITWICE_4126	18	Port Input	1	1220216	10626	NA
S013_DAY1_MINITWICE_4126	18	Response	52	1220416	10826	1
S013_DAY1_MINITWICE_4126	18	Picture	17_T_RWTRIAD_RW_mono_red.png	1252790	43200	1	1900	2	43200	1800
S013_DAY1_MINITWICE_4126	19	Picture	RW	1254890	0	1	43199	2	0	43200
S013_DAY1_MINITWICE_4126	19	Pulse	99	1256217	1327	NA
S013_DAY1_MINITWICE_4126	19	Port Input	1	1256217	1327	NA
S013_DAY1_MINITWICE_4126	19	Response	51	1271971	17081	2
S013_DAY1_MINITWICE_4126	19	Pulse	99	1292218	37328	NA
S013_DAY1_MINITWICE_4126	19	Port Input	1	1292218	37328	NA
S013_DAY1_MINITWICE_4126	19	Picture	18_T_RWTRIAD_RW_charco_red.png	1298089	43199	1	1900	2	43200	1800
S013_DAY1_MINITWICE_4126	20	Picture	RW	1300189	0	1	43200	2	0	43200
S013_DAY1_MINITWICE_4126	20	Response	52	1310572	10383	1
S013_DAY1_MINITWICE_4126	20	Pulse	99	1328219	28030	NA
S013_DAY1_MINITWICE_4126	20	Port Input	1	1328219	28030	NA
S013_DAY1_MINITWICE_4126	20	Picture	19_T_RWTRIAD_RW_anillo_red.png	1343389	43200	1	1900	2	43200	1800
S013_DAY1_MINITWICE_4126	21	Picture	RW	1345489	0	1	43200	2	0	43200
S013_DAY1_MINITWICE_4126	21	Response	51	1360696	15207	1
S013_DAY1_MINITWICE_4126	21	Pulse	99	1364220	18731	NA
S013_DAY1_MINITWICE_4126	21	Port Input	1	1364220	18731	NA
S013_DAY1_MINITWICE_4126	21	Picture	20_T_RWTRIAD_RW_telefono_red.png	1388689	43200	1	1900	2	43200	1800
S013_DAY1_MINITWICE_4126	22	Picture	rest	1390688	0	2	144099	4	0	144000
S013_DAY1_MINITWICE_4126	22	Pulse	99	1400220	9532	NA
S013_DAY1_MINITWICE_4126	22	Port Input	1	1400220	9532	NA
S013_DAY1_MINITWICE_4126	22	Pulse	99	1436221	45533	NA
S013_DAY1_MINITWICE_4126	22	Port Input	1	1436221	45533	NA
S013_DAY1_MINITWICE_4126	22	Pulse	99	1472222	81534	NA
S013_DAY1_MINITWICE_4126	22	Port Input	1	1472222	81534	NA
S013_DAY1_MINITWICE_4126	22	Pulse	99	1508223	117535	NA
S013_DAY1_MINITWICE_4126	22	Port Input	1	1508223	117535	NA
S013_DAY1_MINITWICE_4126	23	Picture	endrest	1534887	0	2	10100	4	0	10000
S013_DAY1_MINITWICE_4126	23	Pulse	99	1544224	9337	NA
S013_DAY1_MINITWICE_4126	23	Port Input	1	1544224	9337	NA
S013_DAY1_MINITWICE_4126	24	Picture	PW	1545387	0	1	43100	2	0	43200
S013_DAY1_MINITWICE_4126	24	Response	51	1558452	13065	1
S013_DAY1_MINITWICE_4126	24	Pulse	99	1580225	34838	NA
S013_DAY1_MINITWICE_4126	24	Port Input	1	1580225	34838	NA
S013_DAY1_MINITWICE_4126	24	Picture	23_T_PWTRIAD_PW_silla_red.png	1588487	43100	1	1900	2	43200	1800
S013_DAY1_MINITWICE_4126	25	Picture	PW	1590687	0	1	43100	2	0	43200
S013_DAY1_MINITWICE_4126	25	Response	52	1602626	11939	1
S013_DAY1_MINITWICE_4126	25	Pulse	99	1616226	25539	NA
S013_DAY1_MINITWICE_4126	25	Port Input	1	1616226	25539	NA
S013_DAY1_MINITWICE_4126	25	Picture	24_T_PWTRIAD_PW_telarana_red.png	1633787	43100	1	1900	2	43200	1800
S013_DAY1_MINITWICE_4126	26	Picture	PW	1636087	0	1	43099	2	0	43200
S013_DAY1_MINITWICE_4126	26	Pulse	99	1652227	16140	NA
S013_DAY1_MINITWICE_4126	26	Port Input	1	1652227	16140	NA
S013_DAY1_MINITWICE_4126	26	Response	51	1654785	18698	2
S013_DAY1_MINITWICE_4126	26	Picture	25_T_PWTRIAD_PW_manos_red.png	1679186	43099	1	1900	2	43200	1800
S013_DAY1_MINITWICE_4126	27	Picture	PW	1681286	0	1	43200	2	0	43200
S013_DAY1_MINITWICE_4126	27	Pulse	99	1688228	6942	NA
S013_DAY1_MINITWICE_4126	27	Port Input	1	1688228	6942	NA
S013_DAY1_MINITWICE_4126	27	Response	51	1697266	15980	1
S013_DAY1_MINITWICE_4126	27	Pulse	99	1724229	42943	NA
S013_DAY1_MINITWICE_4126	27	Port Input	1	1724229	42943	NA
S013_DAY1_MINITWICE_4126	27	Picture	26_T_PWTRIAD_PW_plato_red.png	1724486	43200	1	1900	2	43200	1800
S013_DAY1_MINITWICE_4126	28	Picture	RW	1726586	0	1	43200	2	0	43200
S013_DAY1_MINITWICE_4126	28	Response	52	1739373	12787	1
S013_DAY1_MINITWICE_4126	28	Pulse	99	1760230	33644	NA
S013_DAY1_MINITWICE_4126	28	Port Input	1	1760230	33644	NA
S013_DAY1_MINITWICE_4126	28	Picture	27_T_RWTRIAD_RW_sobre_red.png	1769786	43200	1	1900	2	43200	1800
S013_DAY1_MINITWICE_4126	29	Picture	RW	1771886	0	1	43199	2	0	43200
S013_DAY1_MINITWICE_4126	29	Response	51	1781839	9953	1
S013_DAY1_MINITWICE_4126	29	Pulse	99	1796231	24345	NA
S013_DAY1_MINITWICE_4126	29	Port Input	1	1796231	24345	NA
S013_DAY1_MINITWICE_4126	29	Picture	28_T_RWTRIAD_RW_lana_red.png	1815085	43199	1	1900	2	43200	1800
S013_DAY1_MINITWICE_4126	30	Picture	RW	1817185	0	1	43200	2	0	43200
S013_DAY1_MINITWICE_4126	30	Response	51	1828241	11056	1
S013_DAY1_MINITWICE_4126	30	Pulse	99	1832232	15047	NA
S013_DAY1_MINITWICE_4126	30	Port Input	1	1832232	15047	NA
S013_DAY1_MINITWICE_4126	30	Picture	29_T_RWTRIAD_RW_zanahoria_red.png	1860385	43200	1	1900	2	43200	1800
S013_DAY1_MINITWICE_4126	31	Picture	RW	1862485	0	1	43200	2	0	43200
S013_DAY1_MINITWICE_4126	31	Pulse	99	1868233	5748	NA
S013_DAY1_MINITWICE_4126	31	Port Input	1	1868233	5748	NA
S013_DAY1_MINITWICE_4126	31	Response	52	1873938	11453	1
S013_DAY1_MINITWICE_4126	31	Pulse	99	1904234	41749	NA
S013_DAY1_MINITWICE_4126	31	Port Input	1	1904234	41749	NA
S013_DAY1_MINITWICE_4126	31	Picture	30_T_RWTRIAD_RW_llave_red.png	1905685	43200	1	1900	2	43200	1800
S013_DAY1_MINITWICE_4126	32	Picture	rest	1907685	0	1	144098	3	0	144000
S013_DAY1_MINITWICE_4126	32	Pulse	99	1940234	32549	NA
S013_DAY1_MINITWICE_4126	32	Port Input	1	1940234	32549	NA
S013_DAY1_MINITWICE_4126	32	Pulse	99	1976235	68550	NA
S013_DAY1_MINITWICE_4126	32	Port Input	1	1976235	68550	NA
S013_DAY1_MINITWICE_4126	32	Pulse	99	2012236	104551	NA
S013_DAY1_MINITWICE_4126	32	Port Input	1	2012236	104551	NA
S013_DAY1_MINITWICE_4126	32	Pulse	99	2048237	140552	NA
S013_DAY1_MINITWICE_4126	32	Port Input	1	2048237	140552	NA
S013_DAY1_MINITWICE_4126	33	Picture	endrest	2051883	0	2	10100	3	0	10000
S013_DAY1_MINITWICE_4126	34	Picture	RW	2062183	0	1	43200	2	0	43200
S013_DAY1_MINITWICE_4126	34	Response	51	2075771	13588	1
S013_DAY1_MINITWICE_4126	34	Pulse	99	2084238	22055	NA
S013_DAY1_MINITWICE_4126	34	Port Input	1	2084238	22055	NA
S013_DAY1_MINITWICE_4126	34	Picture	33_T_RWTRIAD_RW_television_red.png	2105383	43200	1	1900	2	43200	1800
S013_DAY1_MINITWICE_4126	35	Picture	RW	2107483	0	1	43200	2	0	43200
S013_DAY1_MINITWICE_4126	35	Response	51	2117623	10140	1
S013_DAY1_MINITWICE_4126	35	Pulse	99	2120239	12756	NA
S013_DAY1_MINITWICE_4126	35	Port Input	1	2120239	12756	NA
S013_DAY1_MINITWICE_4126	35	Picture	34_T_RWTRIAD_RW_violin_red.png	2150683	43200	1	1900	2	43200	1800
S013_DAY1_MINITWICE_4126	36	Picture	RW	2152983	0	1	43099	3	0	43200
S013_DAY1_MINITWICE_4126	36	Pulse	99	2156240	3257	NA
S013_DAY1_MINITWICE_4126	36	Port Input	1	2156240	3257	NA
S013_DAY1_MINITWICE_4126	36	Response	52	2164422	11439	1
S013_DAY1_MINITWICE_4126	36	Pulse	99	2192241	39258	NA
S013_DAY1_MINITWICE_4126	36	Port Input	1	2192241	39258	NA
S013_DAY1_MINITWICE_4126	36	Picture	35_T_RWTRIAD_RW_lenador_red.png	2196082	43099	2	1900	3	43200	1800
S013_DAY1_MINITWICE_4126	37	Picture	RW	2198382	0	1	43100	2	0	43200
S013_DAY1_MINITWICE_4126	37	Response	52	2208288	9906	1
S013_DAY1_MINITWICE_4126	37	Pulse	99	2228242	29860	NA
S013_DAY1_MINITWICE_4126	37	Port Input	1	2228242	29860	NA
S013_DAY1_MINITWICE_4126	37	Picture	36_T_RWTRIAD_RW_arco_red.png	2241482	43100	1	1900	2	43200	1800
S013_DAY1_MINITWICE_4126	38	Picture	PW	2243582	0	1	43200	2	0	43200
S013_DAY1_MINITWICE_4126	38	Response	52	2260053	16471	2
S013_DAY1_MINITWICE_4126	38	Pulse	99	2264243	20661	NA
S013_DAY1_MINITWICE_4126	38	Port Input	1	2264243	20661	NA
S013_DAY1_MINITWICE_4126	38	Picture	37_T_PWTRIAD_PW_dedal_red.png	2286782	43200	1	1900	2	43200	1800
S013_DAY1_MINITWICE_4126	39	Picture	PW	2288882	0	1	43199	2	0	43200
S013_DAY1_MINITWICE_4126	39	Pulse	99	2300244	11362	NA
S013_DAY1_MINITWICE_4126	39	Port Input	1	2300244	11362	NA
S013_DAY1_MINITWICE_4126	39	Response	51	2303324	14442	1
S013_DAY1_MINITWICE_4126	39	Picture	38_T_PWTRIAD_PW_perro_red.png	2332081	43199	1	1900	2	43200	1800
S013_DAY1_MINITWICE_4126	40	Picture	PW	2334181	0	1	43200	2	0	43200
S013_DAY1_MINITWICE_4126	40	Pulse	99	2336245	2064	NA
S013_DAY1_MINITWICE_4126	40	Port Input	1	2336245	2064	NA
S013_DAY1_MINITWICE_4126	40	Response	51	2353014	18833	1
S013_DAY1_MINITWICE_4126	40	Pulse	99	2372246	38065	NA
S013_DAY1_MINITWICE_4126	40	Port Input	1	2372246	38065	NA
S013_DAY1_MINITWICE_4126	40	Picture	39_T_PWTRIAD_PW_tenedor_red.png	2377381	43200	1	1900	2	43200	1800
S013_DAY1_MINITWICE_4126	41	Picture	PW	2379581	0	1	43100	2	0	43200
S013_DAY1_MINITWICE_4126	41	Response	52	2401416	21835	1
S013_DAY1_MINITWICE_4126	41	Pulse	99	2408247	28666	NA
S013_DAY1_MINITWICE_4126	41	Port Input	1	2408247	28666	NA
S013_DAY1_MINITWICE_4126	41	Picture	40_T_PWTRIAD_PW_botella_red.png	2422681	43100	1	1900	2	43200	1800
S013_DAY1_MINITWICE_4126	42	Picture	rest	2424681	0	1	144098	3	0	144000
S013_DAY1_MINITWICE_4126	42	Pulse	99	2444248	19567	NA
S013_DAY1_MINITWICE_4126	42	Port Input	1	2444248	19567	NA
S013_DAY1_MINITWICE_4126	42	Pulse	99	2480248	55567	NA
S013_DAY1_MINITWICE_4126	42	Port Input	1	2480248	55567	NA
S013_DAY1_MINITWICE_4126	42	Pulse	99	2516249	91568	NA
S013_DAY1_MINITWICE_4126	42	Port Input	1	2516249	91568	NA
S013_DAY1_MINITWICE_4126	42	Pulse	99	2552250	127569	NA
S013_DAY1_MINITWICE_4126	42	Port Input	1	2552250	127569	NA
S013_DAY1_MINITWICE_4126	43	Picture	endrest	2568880	0	1	10099	2	0	10000
S013_DAY1_MINITWICE_4126	44	Picture	FF	2579379	0	2	43100	3	0	43200
S013_DAY1_MINITWICE_4126	44	Pulse	99	2588251	8872	NA
S013_DAY1_MINITWICE_4126	44	Port Input	1	2588251	8872	NA
S013_DAY1_MINITWICE_4126	44	Response	52	2590799	11420	1
S013_DAY1_MINITWICE_4126	44	Picture	43_T_FFTRIAD_FF_ascensor_red.png	2622479	43100	1	1900	2	43200	1800
S013_DAY1_MINITWICE_4126	44	Pulse	99	2624252	44873	NA
S013_DAY1_MINITWICE_4126	44	Port Input	1	2624252	44873	NA
S013_DAY1_MINITWICE_4126	45	Picture	FF	2624679	0	1	43100	2	0	43200
S013_DAY1_MINITWICE_4126	45	Response	51	2636818	12139	1
S013_DAY1_MINITWICE_4126	45	Pulse	99	2660253	35574	NA
S013_DAY1_MINITWICE_4126	45	Port Input	1	2660253	35574	NA
S013_DAY1_MINITWICE_4126	45	Picture	44_T_FFTRIAD_FF_estetoscopio_red.png	2667779	43100	1	1900	2	43200	1800
S013_DAY1_MINITWICE_4126	46	Picture	FF	2669979	0	1	43199	3	0	43200
S013_DAY1_MINITWICE_4126	46	Response	52	2684400	14421	1
S013_DAY1_MINITWICE_4126	46	Pulse	99	2696254	26275	NA
S013_DAY1_MINITWICE_4126	46	Port Input	1	2696254	26275	NA
S013_DAY1_MINITWICE_4126	46	Picture	45_T_FFTRIAD_FF_cortina_red.png	2713178	43199	2	1900	3	43200	1800
S013_DAY1_MINITWICE_4126	47	Picture	FF	2715278	0	2	43200	3	0	43200
S013_DAY1_MINITWICE_4126	47	Response	51	2727855	12577	1
S013_DAY1_MINITWICE_4126	47	Pulse	99	2732255	16977	NA
S013_DAY1_MINITWICE_4126	47	Port Input	1	2732255	16977	NA
S013_DAY1_MINITWICE_4126	47	Picture	46_T_FFTRIAD_FF_cuento_red.png	2758478	43200	1	1900	2	43200	1800
S013_DAY1_MINITWICE_4126	48	Picture	FF	2760778	0	1	43100	2	0	43200
S013_DAY1_MINITWICE_4126	48	Pulse	99	2768256	7478	NA
S013_DAY1_MINITWICE_4126	48	Port Input	1	2768256	7478	NA
S013_DAY1_MINITWICE_4126	48	Response	52	2771041	10263	1
S013_DAY1_MINITWICE_4126	48	Picture	47_T_FFTRIAD_FF_mono_red.png	2803878	43100	1	1900	2	43200	1800
S013_DAY1_MINITWICE_4126	48	Pulse	99	2804257	43479	NA
S013_DAY1_MINITWICE_4126	48	Port Input	1	2804257	43479	NA
S013_DAY1_MINITWICE_4126	49	Picture	FF	2806178	0	1	43099	3	0	43200
S013_DAY1_MINITWICE_4126	49	Response	51	2819097	12919	1
S013_DAY1_MINITWICE_4126	49	Pulse	99	2840258	34080	NA
S013_DAY1_MINITWICE_4126	49	Port Input	1	2840258	34080	NA
S013_DAY1_MINITWICE_4126	49	Picture	48_T_FFTRIAD_FF_lenador_red.png	2849277	43099	2	1900	3	43200	1800
S013_DAY1_MINITWICE_4126	50	Picture	FF	2851377	0	1	43200	2	0	43200
S013_DAY1_MINITWICE_4126	50	Response	52	2865326	13949	1
S013_DAY1_MINITWICE_4126	50	Pulse	99	2876259	24882	NA
S013_DAY1_MINITWICE_4126	50	Port Input	1	2876259	24882	NA
S013_DAY1_MINITWICE_4126	50	Picture	49_T_FFTRIAD_FF_esquimal_red.png	2894577	43200	1	1900	2	43200	1800
S013_DAY1_MINITWICE_4126	51	Picture	FF	2896777	0	1	43200	2	0	43200
S013_DAY1_MINITWICE_4126	51	Response	52	2911598	14821	1
S013_DAY1_MINITWICE_4126	51	Pulse	99	2912260	15483	NA
S013_DAY1_MINITWICE_4126	51	Port Input	1	2912260	15483	NA
S013_DAY1_MINITWICE_4126	51	Picture	50_T_FFTRIAD_FF_lana_red.png	2939977	43200	1	1899	3	43200	1800
S013_DAY1_MINITWICE_4126	52	Picture	rest	2941976	0	2	144100	3	0	144000
S013_DAY1_MINITWICE_4126	52	Pulse	99	2948261	6285	NA
S013_DAY1_MINITWICE_4126	52	Port Input	1	2948261	6285	NA
S013_DAY1_MINITWICE_4126	52	Pulse	99	2984262	42286	NA
S013_DAY1_MINITWICE_4126	52	Port Input	1	2984262	42286	NA
S013_DAY1_MINITWICE_4126	52	Pulse	99	3020263	78287	NA
S013_DAY1_MINITWICE_4126	52	Port Input	1	3020263	78287	NA
S013_DAY1_MINITWICE_4126	52	Pulse	99	3056264	114288	NA
S013_DAY1_MINITWICE_4126	52	Port Input	1	3056264	114288	NA
S013_DAY1_MINITWICE_4126	53	Picture	endrest	3086175	0	2	10100	4	0	10000
S013_DAY1_MINITWICE_4126	53	Pulse	99	3092264	6089	NA
S013_DAY1_MINITWICE_4126	53	Port Input	1	3092264	6089	NA
S013_DAY1_MINITWICE_4126	54	Picture	RW	3096475	0	2	43200	3	0	43200
S013_DAY1_MINITWICE_4126	54	Response	51	3108341	11866	1
S013_DAY1_MINITWICE_4126	54	Pulse	99	3128265	31790	NA
S013_DAY1_MINITWICE_4126	54	Port Input	1	3128265	31790	NA
S013_DAY1_MINITWICE_4126	54	Picture	53_T_RWTRIAD_RW_bala_red.png	3139675	43200	1	1900	2	43200	1800
S013_DAY1_MINITWICE_4126	55	Picture	RW	3141775	0	1	43200	2	0	43200
S013_DAY1_MINITWICE_4126	55	Response	51	3152340	10565	2
S013_DAY1_MINITWICE_4126	55	Pulse	99	3164266	22491	NA
S013_DAY1_MINITWICE_4126	55	Port Input	1	3164266	22491	NA
S013_DAY1_MINITWICE_4126	55	Picture	54_T_RWTRIAD_RW_tenedor_red.png	3184975	43200	1	1900	2	43200	1800
S013_DAY1_MINITWICE_4126	56	Picture	RW	3187275	0	1	43099	3	0	43200
S013_DAY1_MINITWICE_4126	56	Response	51	3199161	11886	1
S013_DAY1_MINITWICE_4126	56	Pulse	99	3200267	12992	NA
S013_DAY1_MINITWICE_4126	56	Port Input	1	3200267	12992	NA
S013_DAY1_MINITWICE_4126	56	Picture	55_T_RWTRIAD_RW_almohada_red.png	3230374	43099	2	1900	4	43200	1800
S013_DAY1_MINITWICE_4126	57	Picture	RW	3232474	0	2	43200	3	0	43200
S013_DAY1_MINITWICE_4126	57	Pulse	99	3236268	3794	NA
S013_DAY1_MINITWICE_4126	57	Port Input	1	3236268	3794	NA
S013_DAY1_MINITWICE_4126	57	Response	52	3242532	10058	1
S013_DAY1_MINITWICE_4126	57	Pulse	99	3272269	39795	NA
S013_DAY1_MINITWICE_4126	57	Port Input	1	3272269	39795	NA
S013_DAY1_MINITWICE_4126	57	Picture	56_T_RWTRIAD_RW_bellota_red.png	3275674	43200	1	1900	2	43200	1800
S013_DAY1_MINITWICE_4126	58	Picture	FF	3277874	0	1	43200	2	0	43200
S013_DAY1_MINITWICE_4126	58	Response	52	3288886	11012	2
S013_DAY1_MINITWICE_4126	58	Pulse	99	3308270	30396	NA
S013_DAY1_MINITWICE_4126	58	Port Input	1	3308270	30396	NA
S013_DAY1_MINITWICE_4126	58	Picture	57_T_FFTRIAD_FF_iglu_red.png	3321074	43200	1	1900	2	43200	1800
S013_DAY1_MINITWICE_4126	59	Picture	FF	3323374	0	1	43099	3	0	43200
S013_DAY1_MINITWICE_4126	59	Response	52	3334079	10705	1
S013_DAY1_MINITWICE_4126	59	Pulse	99	3344271	20897	NA
S013_DAY1_MINITWICE_4126	59	Port Input	1	3344271	20897	NA
S013_DAY1_MINITWICE_4126	59	Picture	58_T_FFTRIAD_FF_destornillador_red.png	3366473	43099	2	1900	3	43200	1800
S013_DAY1_MINITWICE_4126	60	Picture	FF	3368573	0	1	43200	2	0	43200
S013_DAY1_MINITWICE_4126	60	Response	51	3377812	9239	1
S013_DAY1_MINITWICE_4126	60	Pulse	99	3380272	11699	NA
S013_DAY1_MINITWICE_4126	60	Port Input	1	3380272	11699	NA
S013_DAY1_MINITWICE_4126	60	Picture	59_T_FFTRIAD_FF_dado_red.png	3411773	43200	1	1900	2	43200	1800
S013_DAY1_MINITWICE_4126	61	Picture	FF	3413973	0	1	43200	2	0	43200
S013_DAY1_MINITWICE_4126	61	Pulse	99	3416273	2300	NA
S013_DAY1_MINITWICE_4126	61	Port Input	1	3416273	2300	NA
S013_DAY1_MINITWICE_4126	61	Response	52	3424279	10306	1
S013_DAY1_MINITWICE_4126	61	Pulse	99	3452274	38301	NA
S013_DAY1_MINITWICE_4126	61	Port Input	1	3452274	38301	NA
S013_DAY1_MINITWICE_4126	61	Picture	60_T_FFTRIAD_FF_anillo_red.png	3457173	43200	1	1900	2	43200	1800
S013_DAY1_MINITWICE_4126	62	Picture	rest	3459173	0	1	144098	3	0	144000
S013_DAY1_MINITWICE_4126	62	Pulse	99	3488275	29102	NA
S013_DAY1_MINITWICE_4126	62	Port Input	1	3488275	29102	NA
S013_DAY1_MINITWICE_4126	62	Pulse	99	3524276	65103	NA
S013_DAY1_MINITWICE_4126	62	Port Input	1	3524276	65103	NA
S013_DAY1_MINITWICE_4126	62	Pulse	99	3560277	101104	NA
S013_DAY1_MINITWICE_4126	62	Port Input	1	3560277	101104	NA
S013_DAY1_MINITWICE_4126	62	Pulse	99	3596278	137105	NA
S013_DAY1_MINITWICE_4126	62	Port Input	1	3596278	137105	NA
S013_DAY1_MINITWICE_4126	63	Picture	endrest	3603372	0	1	10099	3	0	10000
S013_DAY1_MINITWICE_4126	64	Picture	PW	3613871	0	2	43100	3	0	43200
S013_DAY1_MINITWICE_4126	64	Response	52	3629132	15261	1
S013_DAY1_MINITWICE_4126	64	Pulse	99	3632278	18407	NA
S013_DAY1_MINITWICE_4126	64	Port Input	1	3632278	18407	NA
S013_DAY1_MINITWICE_4126	64	Picture	63_T_PWTRIAD_PW_chupete_red.png	3656971	43100	1	1900	2	43200	1800
S013_DAY1_MINITWICE_4126	65	Picture	PW	3659171	0	1	43100	2	0	43200
S013_DAY1_MINITWICE_4126	65	Pulse	99	3668279	9108	NA
S013_DAY1_MINITWICE_4126	65	Port Input	1	3668279	9108	NA
S013_DAY1_MINITWICE_4126	65	Response	51	3672057	12886	1
S013_DAY1_MINITWICE_4126	65	Picture	64_T_PWTRIAD_PW_dado_red.png	3702271	43100	1	1900	2	43200	1800
S013_DAY1_MINITWICE_4126	65	Pulse	99	3704280	45109	NA
S013_DAY1_MINITWICE_4126	65	Port Input	1	3704280	45109	NA
S013_DAY1_MINITWICE_4126	66	Picture	PW	3704471	0	1	43199	3	0	43200
S013_DAY1_MINITWICE_4126	66	Response	51	3719792	15321	1
S013_DAY1_MINITWICE_4126	66	Pulse	99	3740281	35810	NA
S013_DAY1_MINITWICE_4126	66	Port Input	1	3740281	35810	NA
S013_DAY1_MINITWICE_4126	66	Picture	65_T_PWTRIAD_PW_novia_red.png	3747670	43199	2	1900	4	43200	1800
S013_DAY1_MINITWICE_4126	67	Picture	PW	3749870	0	1	43200	2	0	43200
S013_DAY1_MINITWICE_4126	67	Response	52	3764603	14733	1
S013_DAY1_MINITWICE_4126	67	Pulse	99	3776282	26412	NA
S013_DAY1_MINITWICE_4126	67	Port Input	1	3776282	26412	NA
S013_DAY1_MINITWICE_4126	67	Picture	66_T_PWTRIAD_PW_ascensor_red.png	3793070	43200	1	1900	2	43200	1800
S013_DAY1_MINITWICE_4126	68	Picture	FF	3795370	0	1	43100	2	0	43200
S013_DAY1_MINITWICE_4126	68	Response	51	3807678	12308	2
S013_DAY1_MINITWICE_4126	68	Pulse	99	3812283	16913	NA
S013_DAY1_MINITWICE_4126	68	Port Input	1	3812283	16913	NA
S013_DAY1_MINITWICE_4126	68	Picture	67_T_FFTRIAD_FF_violin_red.png	3838470	43100	1	1900	2	43200	1800
S013_DAY1_MINITWICE_4126	69	Picture	FF	3840670	0	1	43199	3	0	43200
S013_DAY1_MINITWICE_4126	69	Pulse	99	3848284	7614	NA
S013_DAY1_MINITWICE_4126	69	Port Input	1	3848284	7614	NA
S013_DAY1_MINITWICE_4126	69	Response	51	3851500	10830	1
S013_DAY1_MINITWICE_4126	69	Picture	68_T_FFTRIAD_FF_pincel_red.png	3883869	43199	2	1900	4	43200	1800
S013_DAY1_MINITWICE_4126	69	Pulse	99	3884285	43615	NA
S013_DAY1_MINITWICE_4126	69	Port Input	1	3884285	43615	NA
S013_DAY1_MINITWICE_4126	70	Picture	FF	3886169	0	2	43100	3	0	43200
S013_DAY1_MINITWICE_4126	70	Response	51	3893807	7638	1
S013_DAY1_MINITWICE_4126	70	Pulse	99	3920286	34117	NA
S013_DAY1_MINITWICE_4126	70	Port Input	1	3920286	34117	NA
S013_DAY1_MINITWICE_4126	70	Picture	69_T_FFTRIAD_FF_charco_red.png	3929269	43100	1	1900	2	43200	1800
S013_DAY1_MINITWICE_4126	71	Picture	FF	3931469	0	1	43200	2	0	43200
S013_DAY1_MINITWICE_4126	71	Response	52	3945857	14388	2
S013_DAY1_MINITWICE_4126	71	Pulse	99	3956287	24818	NA
S013_DAY1_MINITWICE_4126	71	Port Input	1	3956287	24818	NA
S013_DAY1_MINITWICE_4126	71	Picture	70_T_FFTRIAD_FF_paraguas_red.png	3974669	43200	1	1900	2	43200	1800
S013_DAY1_MINITWICE_4126	72	Picture	rest	3976669	0	1	144099	2	0	144000
S013_DAY1_MINITWICE_4126	72	Pulse	99	3992288	15619	NA
S013_DAY1_MINITWICE_4126	72	Port Input	1	3992288	15619	NA
S013_DAY1_MINITWICE_4126	72	Pulse	99	4028289	51620	NA
S013_DAY1_MINITWICE_4126	72	Port Input	1	4028289	51620	NA
S013_DAY1_MINITWICE_4126	72	Pulse	99	4064290	87621	NA
S013_DAY1_MINITWICE_4126	72	Port Input	1	4064290	87621	NA
S013_DAY1_MINITWICE_4126	72	Pulse	99	4100291	123622	NA
S013_DAY1_MINITWICE_4126	72	Port Input	1	4100291	123622	NA
S013_DAY1_MINITWICE_4126	73	Picture	endrest	4120868	0	1	10099	3	0	10000
S013_DAY1_MINITWICE_4126	74	Picture	PW	4131368	0	1	43099	2	0	43200
S013_DAY1_MINITWICE_4126	74	Pulse	99	4136292	4924	NA
S013_DAY1_MINITWICE_4126	74	Port Input	1	4136292	4924	NA
S013_DAY1_MINITWICE_4126	74	Response	52	4142170	10802	1
S013_DAY1_MINITWICE_4126	74	Pulse	99	4172293	40925	NA
S013_DAY1_MINITWICE_4126	74	Port Input	1	4172293	40925	NA
S013_DAY1_MINITWICE_4126	74	Picture	73_T_PWTRIAD_PW_lana_red.png	4174467	43099	1	1900	2	43200	1800
S013_DAY1_MINITWICE_4126	75	Picture	PW	4176767	0	1	43100	2	0	43200
S013_DAY1_MINITWICE_4126	75	Response	51	4191665	14898	1
S013_DAY1_MINITWICE_4126	75	Pulse	99	4208293	31526	NA
S013_DAY1_MINITWICE_4126	75	Port Input	1	4208293	31526	NA
S013_DAY1_MINITWICE_4126	75	Picture	74_T_PWTRIAD_PW_anillo_red.png	4219867	43100	1	1900	2	43200	1800
S013_DAY1_MINITWICE_4126	76	Picture	PW	4221967	0	1	43199	3	0	43200
S013_DAY1_MINITWICE_4126	76	Response	51	4236724	14757	1
S013_DAY1_MINITWICE_4126	76	Pulse	99	4244294	22327	NA
S013_DAY1_MINITWICE_4126	76	Port Input	1	4244294	22327	NA
S013_DAY1_MINITWICE_4126	76	Picture	75_T_PWTRIAD_PW_futbol_red.png	4265166	43199	2	1900	4	43200	1800
S013_DAY1_MINITWICE_4126	77	Picture	PW	4267266	0	2	43200	3	0	43200
S013_DAY1_MINITWICE_4126	77	Response	51	4279865	12599	1
S013_DAY1_MINITWICE_4126	77	Pulse	99	4280295	13029	NA
S013_DAY1_MINITWICE_4126	77	Port Input	1	4280295	13029	NA
S013_DAY1_MINITWICE_4126	77	Picture	76_T_PWTRIAD_PW_agua_red.png	4310466	43200	1	1900	2	43200	1800
S013_DAY1_MINITWICE_4126	78	Picture	PW	4312566	0	1	43200	2	0	43200
S013_DAY1_MINITWICE_4126	78	Pulse	99	4316296	3730	NA
S013_DAY1_MINITWICE_4126	78	Port Input	1	4316296	3730	NA
S013_DAY1_MINITWICE_4126	78	Response	51	4328831	16265	2
S013_DAY1_MINITWICE_4126	78	Pulse	99	4352297	39731	NA
S013_DAY1_MINITWICE_4126	78	Port Input	1	4352297	39731	NA
S013_DAY1_MINITWICE_4126	78	Picture	77_T_PWTRIAD_PW_television_red.png	4355766	43200	1	1900	2	43200	1800
S013_DAY1_MINITWICE_4126	79	Picture	PW	4357866	0	1	43199	3	0	43200
S013_DAY1_MINITWICE_4126	79	Response	51	4371207	13341	1
S013_DAY1_MINITWICE_4126	79	Pulse	99	4388298	30432	NA
S013_DAY1_MINITWICE_4126	79	Port Input	1	4388298	30432	NA
S013_DAY1_MINITWICE_4126	79	Picture	78_T_PWTRIAD_PW_queso_red.png	4401065	43199	2	1900	3	43200	1800
S013_DAY1_MINITWICE_4126	80	Picture	PW	4403165	0	1	43200	2	0	43200
S013_DAY1_MINITWICE_4126	80	Response	51	4416839	13674	1
S013_DAY1_MINITWICE_4126	80	Pulse	99	4424299	21134	NA
S013_DAY1_MINITWICE_4126	80	Port Input	1	4424299	21134	NA
S013_DAY1_MINITWICE_4126	80	Picture	79_T_PWTRIAD_PW_arco_red.png	4446365	43200	1	1900	2	43200	1800
S013_DAY1_MINITWICE_4126	81	Picture	PW	4448665	0	1	43200	2	0	43200
S013_DAY1_MINITWICE_4126	81	Pulse	99	4460300	11635	NA
S013_DAY1_MINITWICE_4126	81	Port Input	1	4460300	11635	NA
S013_DAY1_MINITWICE_4126	81	Response	52	4471506	22841	1
S013_DAY1_MINITWICE_4126	81	Picture	80_T_PWTRIAD_PW_granjero_red.png	4491865	43200	1	1900	2	43200	1800
S013_DAY1_MINITWICE_4126	82	Picture	rest	4493865	0	1	144099	2	0	144000
S013_DAY1_MINITWICE_4126	82	Pulse	99	4496301	2436	NA
S013_DAY1_MINITWICE_4126	82	Port Input	1	4496301	2436	NA
S013_DAY1_MINITWICE_4126	82	Pulse	99	4532302	38437	NA
S013_DAY1_MINITWICE_4126	82	Port Input	1	4532302	38437	NA
S013_DAY1_MINITWICE_4126	82	Pulse	99	4568303	74438	NA
S013_DAY1_MINITWICE_4126	82	Port Input	1	4568303	74438	NA
S013_DAY1_MINITWICE_4126	82	Pulse	99	4604304	110439	NA
S013_DAY1_MINITWICE_4126	82	Port Input	1	4604304	110439	NA
S013_DAY1_MINITWICE_4126	83	Picture	endrest	4638064	0	1	10099	3	0	10000
S013_DAY1_MINITWICE_4126	83	Pulse	99	4640305	2241	NA
S013_DAY1_MINITWICE_4126	83	Port Input	1	4640305	2241	NA
S013_DAY1_MINITWICE_4126	84	Picture	RW	4648564	0	1	43199	2	0	43200
S013_DAY1_MINITWICE_4126	84	Response	52	4661070	12506	1
S013_DAY1_MINITWICE_4126	84	Pulse	99	4676306	27742	NA
S013_DAY1_MINITWICE_4126	84	Port Input	1	4676306	27742	NA
S013_DAY1_MINITWICE_4126	84	Picture	83_T_RWTRIAD_RW_tijera_red.png	4691763	43199	1	1900	2	43200	1800
S013_DAY1_MINITWICE_4126	85	Picture	RW	4693963	0	1	43100	2	0	43200
S013_DAY1_MINITWICE_4126	85	Response	52	4709435	15472	1
S013_DAY1_MINITWICE_4126	85	Pulse	99	4712307	18344	NA
S013_DAY1_MINITWICE_4126	85	Port Input	1	4712307	18344	NA
S013_DAY1_MINITWICE_4126	85	Picture	84_T_RWTRIAD_RW_pluma_red.png	4737063	43100	1	1900	2	43200	1800
S013_DAY1_MINITWICE_4126	86	Picture	RW	4739163	0	1	43199	3	0	43200
S013_DAY1_MINITWICE_4126	86	Pulse	99	4748307	9144	NA
S013_DAY1_MINITWICE_4126	86	Port Input	1	4748307	9144	NA
S013_DAY1_MINITWICE_4126	86	Response	51	4751852	12689	1
S013_DAY1_MINITWICE_4126	86	Picture	85_T_RWTRIAD_RW_telarana_red.png	4782362	43199	2	1900	4	43200	1800
S013_DAY1_MINITWICE_4126	86	Pulse	99	4784308	45145	NA
S013_DAY1_MINITWICE_4126	86	Port Input	1	4784308	45145	NA
S013_DAY1_MINITWICE_4126	87	Picture	RW	4784462	0	2	43200	3	0	43200
S013_DAY1_MINITWICE_4126	87	Response	52	4798852	14390	1
S013_DAY1_MINITWICE_4126	87	Pulse	99	4820309	35847	NA
S013_DAY1_MINITWICE_4126	87	Port Input	1	4820309	35847	NA
S013_DAY1_MINITWICE_4126	87	Picture	86_T_RWTRIAD_RW_pincel_red.png	4827662	43200	1	1900	2	43200	1800
S013_DAY1_MINITWICE_4126	88	Picture	RW	4829762	0	1	43200	2	0	43200
S013_DAY1_MINITWICE_4126	88	Response	52	4843697	13935	1
S013_DAY1_MINITWICE_4126	88	Pulse	99	4856310	26548	NA
S013_DAY1_MINITWICE_4126	88	Port Input	1	4856310	26548	NA
S013_DAY1_MINITWICE_4126	88	Picture	87_T_RWTRIAD_RW_grapadora_red.png	4872962	43200	1	1900	2	43200	1800
S013_DAY1_MINITWICE_4126	89	Picture	RW	4875062	0	1	43199	3	0	43200
S013_DAY1_MINITWICE_4126	89	Response	52	4885685	10623	1
S013_DAY1_MINITWICE_4126	89	Pulse	99	4892311	17249	NA
S013_DAY1_MINITWICE_4126	89	Port Input	1	4892311	17249	NA
S013_DAY1_MINITWICE_4126	89	Picture	88_T_RWTRIAD_RW_silla_red.png	4918261	43199	2	1900	3	43200	1800
S013_DAY1_MINITWICE_4126	90	Picture	RW	4920561	0	1	43100	2	0	43200
S013_DAY1_MINITWICE_4126	90	Pulse	99	4928312	7751	NA
S013_DAY1_MINITWICE_4126	90	Port Input	1	4928312	7751	NA
S013_DAY1_MINITWICE_4126	90	Response	51	4933097	12536	1
S013_DAY1_MINITWICE_4126	90	Picture	89_T_RWTRIAD_RW_carruaje_red.png	4963661	43100	1	1900	2	43200	1800
S013_DAY1_MINITWICE_4126	90	Pulse	99	4964313	43752	NA
S013_DAY1_MINITWICE_4126	90	Port Input	1	4964313	43752	NA
S013_DAY1_MINITWICE_4126	91	Picture	RW	4965761	0	1	43200	2	0	43200
S013_DAY1_MINITWICE_4126	91	Response	52	4984270	18509	1
S013_DAY1_MINITWICE_4126	91	Pulse	99	5000314	34553	NA
S013_DAY1_MINITWICE_4126	91	Port Input	1	5000314	34553	NA
S013_DAY1_MINITWICE_4126	91	Picture	90_T_RWTRIAD_RW_destornillador_red.png	5008961	43200	1	1900	2	43200	1800
S013_DAY1_MINITWICE_4126	92	Picture	rest	5010961	0	1	144099	2	0	144000
S013_DAY1_MINITWICE_4126	92	Pulse	99	5036315	25354	NA
S013_DAY1_MINITWICE_4126	92	Port Input	1	5036315	25354	NA
S013_DAY1_MINITWICE_4126	92	Pulse	99	5072316	61355	NA
S013_DAY1_MINITWICE_4126	92	Port Input	1	5072316	61355	NA
S013_DAY1_MINITWICE_4126	92	Pulse	99	5108317	97356	NA
S013_DAY1_MINITWICE_4126	92	Port Input	1	5108317	97356	NA
S013_DAY1_MINITWICE_4126	92	Pulse	99	5144318	133357	NA
S013_DAY1_MINITWICE_4126	92	Port Input	1	5144318	133357	NA
S013_DAY1_MINITWICE_4126	93	Picture	endrest	5155160	0	1	10099	3	0	10000
S013_DAY1_MINITWICE_4126	94	Picture	FF	5165760	0	1	43099	2	0	43200
S013_DAY1_MINITWICE_4126	94	Pulse	99	5180319	14559	NA
S013_DAY1_MINITWICE_4126	94	Port Input	1	5180319	14559	NA
S013_DAY1_MINITWICE_4126	94	Response	51	5184970	19210	1
S013_DAY1_MINITWICE_4126	94	Picture	93_T_FFTRIAD_FF_television_red.png	5208859	43099	1	1900	2	43200	1800
S013_DAY1_MINITWICE_4126	95	Picture	FF	5211159	0	1	43100	2	0	43200
S013_DAY1_MINITWICE_4126	95	Pulse	99	5216320	5161	NA
S013_DAY1_MINITWICE_4126	95	Port Input	1	5216320	5161	NA
S013_DAY1_MINITWICE_4126	95	Response	51	5228493	17334	1
S013_DAY1_MINITWICE_4126	95	Pulse	99	5252321	41162	NA
S013_DAY1_MINITWICE_4126	95	Port Input	1	5252321	41162	NA
S013_DAY1_MINITWICE_4126	95	Picture	94_T_FFTRIAD_FF_candado_red.png	5254259	43100	1	1900	2	43200	1800
S013_DAY1_MINITWICE_4126	96	Picture	FF	5256559	0	1	43099	3	0	43200
S013_DAY1_MINITWICE_4126	96	Response	52	5268699	12140	2
S013_DAY1_MINITWICE_4126	96	Pulse	99	5288321	31762	NA
S013_DAY1_MINITWICE_4126	96	Port Input	1	5288321	31762	NA
S013_DAY1_MINITWICE_4126	96	Picture	95_T_FFTRIAD_FF_futbol_red.png	5299658	43099	2	1900	4	43200	1800
S013_DAY1_MINITWICE_4126	97	Picture	FF	5301758	0	2	43200	3	0	43200
S013_DAY1_MINITWICE_4126	97	Response	51	5313350	11592	1
S013_DAY1_MINITWICE_4126	97	Pulse	99	5324322	22564	NA
S013_DAY1_MINITWICE_4126	97	Port Input	1	5324322	22564	NA
S013_DAY1_MINITWICE_4126	97	Picture	96_T_FFTRIAD_FF_grapadora_red.png	5344958	43200	1	1900	2	43200	1800
S013_DAY1_MINITWICE_4126	98	Picture	RW	5347058	0	1	43200	2	0	43200
S013_DAY1_MINITWICE_4126	98	Response	51	5357481	10423	1
S013_DAY1_MINITWICE_4126	98	Pulse	99	5360323	13265	NA
S013_DAY1_MINITWICE_4126	98	Port Input	1	5360323	13265	NA
S013_DAY1_MINITWICE_4126	98	Picture	97_T_RWTRIAD_RW_ancla_red.png	5390258	43200	1	1900	2	43200	1800
S013_DAY1_MINITWICE_4126	99	Picture	RW	5392358	0	1	43199	3	0	43200
S013_DAY1_MINITWICE_4126	99	Pulse	99	5396324	3966	NA
S013_DAY1_MINITWICE_4126	99	Port Input	1	5396324	3966	NA
S013_DAY1_MINITWICE_4126	99	Response	52	5408853	16495	1
S013_DAY1_MINITWICE_4126	99	Pulse	99	5432325	39967	NA
S013_DAY1_MINITWICE_4126	99	Port Input	1	5432325	39967	NA
S013_DAY1_MINITWICE_4126	99	Picture	98_T_RWTRIAD_RW_molino_red.png	5435557	43199	2	1900	4	43200	1800
S013_DAY1_MINITWICE_4126	100	Picture	RW	5437657	0	2	43200	3	0	43200
S013_DAY1_MINITWICE_4126	100	Response	51	5453338	15681	1
S013_DAY1_MINITWICE_4126	100	Pulse	99	5468326	30669	NA
S013_DAY1_MINITWICE_4126	100	Port Input	1	5468326	30669	NA
S013_DAY1_MINITWICE_4126	100	Picture	99_T_RWTRIAD_RW_paracaidas_red.png	5480857	43200	1	1900	2	43200	1800
S013_DAY1_MINITWICE_4126	101	Picture	RW	5482957	0	1	43200	2	0	43200
S013_DAY1_MINITWICE_4126	101	Response	52	5495671	12714	1
S013_DAY1_MINITWICE_4126	101	Pulse	99	5504327	21370	NA
S013_DAY1_MINITWICE_4126	101	Port Input	1	5504327	21370	NA
S013_DAY1_MINITWICE_4126	101	Picture	100_T_RWTRIAD_RW_sombrilla_red.png	5526157	43200	1	1900	2	43200	1800
S013_DAY1_MINITWICE_4126	102	Picture	rest	5528157	0	1	144099	2	0	144000
S013_DAY1_MINITWICE_4126	102	Pulse	99	5540328	12171	NA
S013_DAY1_MINITWICE_4126	102	Port Input	1	5540328	12171	NA
S013_DAY1_MINITWICE_4126	102	Pulse	99	5576329	48172	NA
S013_DAY1_MINITWICE_4126	102	Port Input	1	5576329	48172	NA
S013_DAY1_MINITWICE_4126	102	Pulse	99	5612330	84173	NA
S013_DAY1_MINITWICE_4126	102	Port Input	1	5612330	84173	NA
S013_DAY1_MINITWICE_4126	102	Pulse	99	5648331	120174	NA
S013_DAY1_MINITWICE_4126	102	Port Input	1	5648331	120174	NA
S013_DAY1_MINITWICE_4126	103	Picture	endrest	5672356	0	1	10099	3	0	10000
S013_DAY1_MINITWICE_4126	104	Picture	FF	5682855	0	2	43200	3	0	43200
S013_DAY1_MINITWICE_4126	104	Pulse	99	5684332	1477	NA
S013_DAY1_MINITWICE_4126	104	Port Input	1	5684332	1477	NA
S013_DAY1_MINITWICE_4126	104	Response	51	5693250	10395	1
S013_DAY1_MINITWICE_4126	104	Pulse	99	5720333	37478	NA
S013_DAY1_MINITWICE_4126	104	Port Input	1	5720333	37478	NA
S013_DAY1_MINITWICE_4126	104	Picture	103_T_FFTRIAD_FF_sombrilla_red.png	5726055	43200	1	1900	2	43200	1800
S013_DAY1_MINITWICE_4126	105	Picture	FF	5728355	0	1	43100	2	0	43200
S013_DAY1_MINITWICE_4126	105	Response	52	5738558	10203	1
S013_DAY1_MINITWICE_4126	105	Pulse	99	5756334	27979	NA
S013_DAY1_MINITWICE_4126	105	Port Input	1	5756334	27979	NA
S013_DAY1_MINITWICE_4126	105	Picture	104_T_FFTRIAD_FF_bala_red.png	5771455	43100	1	1900	2	43200	1800
S013_DAY1_MINITWICE_4126	106	Picture	FF	5773755	0	1	43099	3	0	43200
S013_DAY1_MINITWICE_4126	106	Response	52	5788564	14809	1
S013_DAY1_MINITWICE_4126	106	Pulse	99	5792335	18580	NA
S013_DAY1_MINITWICE_4126	106	Port Input	1	5792335	18580	NA
S013_DAY1_MINITWICE_4126	106	Picture	105_T_FFTRIAD_FF_portatil_red.png	5816854	43099	2	1900	4	43200	1800
S013_DAY1_MINITWICE_4126	107	Picture	FF	5819054	0	2	43200	3	0	43200
S013_DAY1_MINITWICE_4126	107	Response	52	5828265	9211	1
S013_DAY1_MINITWICE_4126	107	Pulse	99	5828336	9282	NA
S013_DAY1_MINITWICE_4126	107	Port Input	1	5828336	9282	NA
S013_DAY1_MINITWICE_4126	107	Picture	106_T_FFTRIAD_FF_murcielago_red.png	5862254	43200	1	1900	2	43200	1800
S013_DAY1_MINITWICE_4126	107	Pulse	99	5864336	45282	NA
S013_DAY1_MINITWICE_4126	107	Port Input	1	5864336	45282	NA
S013_DAY1_MINITWICE_4126	108	Picture	FF	5864354	0	1	43200	2	0	43200
S013_DAY1_MINITWICE_4126	108	Response	52	5873252	8898	1
S013_DAY1_MINITWICE_4126	108	Pulse	99	5900337	35983	NA
S013_DAY1_MINITWICE_4126	108	Port Input	1	5900337	35983	NA
S013_DAY1_MINITWICE_4126	108	Picture	107_T_FFTRIAD_FF_telarana_red.png	5907554	43200	1	1900	2	43200	1800
S013_DAY1_MINITWICE_4126	109	Picture	FF	5909654	0	1	43199	3	0	43200
S013_DAY1_MINITWICE_4126	109	Response	51	5922221	12567	1
S013_DAY1_MINITWICE_4126	109	Pulse	99	5936338	26684	NA
S013_DAY1_MINITWICE_4126	109	Port Input	1	5936338	26684	NA
S013_DAY1_MINITWICE_4126	109	Picture	108_T_FFTRIAD_FF_perro_red.png	5952853	43199	2	1900	4	43200	1800
S013_DAY1_MINITWICE_4126	110	Picture	FF	5954953	0	2	43200	3	0	43200
S013_DAY1_MINITWICE_4126	110	Response	52	5964637	9684	1
S013_DAY1_MINITWICE_4126	110	Pulse	99	5972339	17386	NA
S013_DAY1_MINITWICE_4126	110	Port Input	1	5972339	17386	NA
S013_DAY1_MINITWICE_4126	110	Picture	109_T_FFTRIAD_FF_tenedor_red.png	5998153	43200	1	1900	2	43200	1800
S013_DAY1_MINITWICE_4126	111	Picture	FF	6000453	0	1	43100	2	0	43200
S013_DAY1_MINITWICE_4126	111	Pulse	99	6008340	7887	NA
S013_DAY1_MINITWICE_4126	111	Port Input	1	6008340	7887	NA
S013_DAY1_MINITWICE_4126	111	Response	52	6010273	9820	1
S013_DAY1_MINITWICE_4126	111	Picture	110_T_FFTRIAD_FF_dedal_red.png	6043553	43100	1	1900	2	43200	1800
S013_DAY1_MINITWICE_4126	111	Pulse	99	6044341	43888	NA
S013_DAY1_MINITWICE_4126	111	Port Input	1	6044341	43888	NA
S013_DAY1_MINITWICE_4126	112	Picture	rest	6045553	0	1	144098	3	0	144000
S013_DAY1_MINITWICE_4126	112	Pulse	99	6080342	34789	NA
S013_DAY1_MINITWICE_4126	112	Port Input	1	6080342	34789	NA
S013_DAY1_MINITWICE_4126	112	Pulse	99	6116343	70790	NA
S013_DAY1_MINITWICE_4126	112	Port Input	1	6116343	70790	NA
S013_DAY1_MINITWICE_4126	112	Pulse	99	6152344	106791	NA
S013_DAY1_MINITWICE_4126	112	Port Input	1	6152344	106791	NA
S013_DAY1_MINITWICE_4126	112	Pulse	99	6188345	142792	NA
S013_DAY1_MINITWICE_4126	112	Port Input	1	6188345	142792	NA
S013_DAY1_MINITWICE_4126	113	Picture	endrest	6189752	0	1	10100	2	0	10000
S013_DAY1_MINITWICE_4126	114	Picture	FF	6200251	0	2	43100	3	0	43200
S013_DAY1_MINITWICE_4126	114	Response	52	6209869	9618	1
S013_DAY1_MINITWICE_4126	114	Pulse	99	6224346	24095	NA
S013_DAY1_MINITWICE_4126	114	Port Input	1	6224346	24095	NA
S013_DAY1_MINITWICE_4126	114	Picture	113_T_FFTRIAD_FF_almohada_red.png	6243351	43100	1	1900	2	43200	1800
S013_DAY1_MINITWICE_4126	115	Picture	FF	6245451	0	1	43200	2	0	43200
S013_DAY1_MINITWICE_4126	115	Response	51	6256554	11103	1
S013_DAY1_MINITWICE_4126	115	Pulse	99	6260347	14896	NA
S013_DAY1_MINITWICE_4126	115	Port Input	1	6260347	14896	NA
S013_DAY1_MINITWICE_4126	115	Picture	114_T_FFTRIAD_FF_traje_red.png	6288651	43200	1	1900	2	43200	1800
S013_DAY1_MINITWICE_4126	116	Picture	FF	6290951	0	1	43100	2	0	43200
S013_DAY1_MINITWICE_4126	116	Pulse	99	6296348	5397	NA
S013_DAY1_MINITWICE_4126	116	Port Input	1	6296348	5397	NA
S013_DAY1_MINITWICE_4126	116	Response	52	6303335	12384	1
S013_DAY1_MINITWICE_4126	116	Pulse	99	6332349	41398	NA
S013_DAY1_MINITWICE_4126	116	Port Input	1	6332349	41398	NA
S013_DAY1_MINITWICE_4126	116	Picture	115_T_FFTRIAD_FF_gafas_red.png	6334051	43100	1	1900	2	43200	1800
S013_DAY1_MINITWICE_4126	117	Picture	FF	6336350	0	2	43100	3	0	43200
S013_DAY1_MINITWICE_4126	117	Response	52	6345458	9108	2
S013_DAY1_MINITWICE_4126	117	Pulse	99	6368350	32000	NA
S013_DAY1_MINITWICE_4126	117	Port Input	1	6368350	32000	NA
S013_DAY1_MINITWICE_4126	117	Picture	116_T_FFTRIAD_FF_bellota_red.png	6379450	43100	1	1900	2	43200	1800
S013_DAY1_MINITWICE_4126	118	Picture	RW	6381750	0	1	43100	2	0	43200
S013_DAY1_MINITWICE_4126	118	Response	51	6396997	15247	1
S013_DAY1_MINITWICE_4126	118	Pulse	99	6404350	22600	NA
S013_DAY1_MINITWICE_4126	118	Port Input	1	6404350	22600	NA
S013_DAY1_MINITWICE_4126	118	Picture	117_T_RWTRIAD_RW_chupete_red.png	6424850	43100	1	1900	2	43200	1800
S013_DAY1_MINITWICE_4126	119	Picture	RW	6426950	0	1	43199	3	0	43200
S013_DAY1_MINITWICE_4126	119	Pulse	99	6440351	13401	NA
S013_DAY1_MINITWICE_4126	119	Port Input	1	6440351	13401	NA
S013_DAY1_MINITWICE_4126	119	Response	52	6443453	16503	1
S013_DAY1_MINITWICE_4126	119	Picture	118_T_RWTRIAD_RW_dado_red.png	6470149	43199	2	1900	4	43200	1800
S013_DAY1_MINITWICE_4126	120	Picture	RW	6472249	0	2	43200	3	0	43200
S013_DAY1_MINITWICE_4126	120	Pulse	99	6476352	4103	NA
S013_DAY1_MINITWICE_4126	120	Port Input	1	6476352	4103	NA
S013_DAY1_MINITWICE_4126	120	Response	52	6488568	16319	1
S013_DAY1_MINITWICE_4126	120	Pulse	99	6512353	40104	NA
S013_DAY1_MINITWICE_4126	120	Port Input	1	6512353	40104	NA
S013_DAY1_MINITWICE_4126	120	Picture	119_T_RWTRIAD_RW_murcielago_red.png	6515449	43200	1	1900	2	43200	1800
S013_DAY1_MINITWICE_4126	121	Picture	RW	6517549	0	1	43200	2	0	43200
S013_DAY1_MINITWICE_4126	121	Response	52	6529522	11973	1
S013_DAY1_MINITWICE_4126	121	Pulse	99	6548354	30805	NA
S013_DAY1_MINITWICE_4126	121	Port Input	1	6548354	30805	NA
S013_DAY1_MINITWICE_4126	121	Picture	120_T_RWTRIAD_RW_huevos_red.png	6560749	43200	1	1900	2	43200	1800
S013_DAY1_MINITWICE_4126	122	Picture	rest	6562749	0	1	144099	2	0	144000
S013_DAY1_MINITWICE_4126	122	Pulse	99	6584355	21606	NA
S013_DAY1_MINITWICE_4126	122	Port Input	1	6584355	21606	NA
S013_DAY1_MINITWICE_4126	122	Pulse	99	6620356	57607	NA
S013_DAY1_MINITWICE_4126	122	Port Input	1	6620356	57607	NA
S013_DAY1_MINITWICE_4126	122	Pulse	99	6656357	93608	NA
S013_DAY1_MINITWICE_4126	122	Port Input	1	6656357	93608	NA
S013_DAY1_MINITWICE_4126	122	Pulse	99	6692358	129609	NA
S013_DAY1_MINITWICE_4126	122	Port Input	1	6692358	129609	NA
S013_DAY1_MINITWICE_4126	123	Picture	endrest	6706948	0	1	10100	2	0	10000
S013_DAY1_MINITWICE_4126	124	Picture	PW	6717348	0	1	43199	2	0	43200
S013_DAY1_MINITWICE_4126	124	Pulse	99	6728359	11011	NA
S013_DAY1_MINITWICE_4126	124	Port Input	1	6728359	11011	NA
S013_DAY1_MINITWICE_4126	124	Response	52	6733609	16261	1
S013_DAY1_MINITWICE_4126	124	Picture	123_T_PWTRIAD_PW_mono_red.png	6760547	43199	1	1900	2	43200	1800
S013_DAY1_MINITWICE_4126	125	Picture	PW	6762747	0	1	43200	2	0	43200
S013_DAY1_MINITWICE_4126	125	Pulse	99	6764360	1613	NA
S013_DAY1_MINITWICE_4126	125	Port Input	1	6764360	1613	NA
S013_DAY1_MINITWICE_4126	125	Response	52	6771570	8823	1
S013_DAY1_MINITWICE_4126	125	Pulse	99	6800361	37614	NA
S013_DAY1_MINITWICE_4126	125	Port Input	1	6800361	37614	NA
S013_DAY1_MINITWICE_4126	125	Picture	124_T_PWTRIAD_PW_leche_red.png	6805947	43200	1	1900	2	43200	1800
S013_DAY1_MINITWICE_4126	126	Picture	PW	6808247	0	1	43199	3	0	43200
S013_DAY1_MINITWICE_4126	126	Response	52	6820958	12711	1
S013_DAY1_MINITWICE_4126	126	Pulse	99	6836362	28115	NA
S013_DAY1_MINITWICE_4126	126	Port Input	1	6836362	28115	NA
S013_DAY1_MINITWICE_4126	126	Picture	125_T_PWTRIAD_PW_destornillador_red.png	6851446	43199	2	1900	4	43200	1800
S013_DAY1_MINITWICE_4126	127	Picture	PW	6853546	0	2	43200	3	0	43200
S013_DAY1_MINITWICE_4126	127	Response	52	6863891	10345	1
S013_DAY1_MINITWICE_4126	127	Pulse	99	6872363	18817	NA
S013_DAY1_MINITWICE_4126	127	Port Input	1	6872363	18817	NA
S013_DAY1_MINITWICE_4126	127	Picture	126_T_PWTRIAD_PW_violin_red.png	6896746	43200	1	1900	2	43200	1800
S013_DAY1_MINITWICE_4126	128	Picture	PW	6898946	0	1	43200	2	0	43200
S013_DAY1_MINITWICE_4126	128	Pulse	99	6908364	9418	NA
S013_DAY1_MINITWICE_4126	128	Port Input	1	6908364	9418	NA
S013_DAY1_MINITWICE_4126	128	Response	52	6913710	14764	1
S013_DAY1_MINITWICE_4126	128	Picture	127_T_PWTRIAD_PW_grifo_red.png	6942146	43200	1	1900	2	43200	1800
S013_DAY1_MINITWICE_4126	128	Pulse	99	6944365	45419	NA
S013_DAY1_MINITWICE_4126	128	Port Input	1	6944365	45419	NA
S013_DAY1_MINITWICE_4126	129	Picture	PW	6944446	0	1	43199	3	0	43200
S013_DAY1_MINITWICE_4126	129	Response	51	6957998	13552	1
S013_DAY1_MINITWICE_4126	129	Pulse	99	6980365	35919	NA
S013_DAY1_MINITWICE_4126	129	Port Input	1	6980365	35919	NA
S013_DAY1_MINITWICE_4126	129	Picture	128_T_PWTRIAD_PW_lenador_red.png	6987645	43199	2	1900	4	43200	1800
S013_DAY1_MINITWICE_4126	130	Picture	PW	6989745	0	2	43200	3	0	43200
S013_DAY1_MINITWICE_4126	130	Response	52	7001514	11769	1
S013_DAY1_MINITWICE_4126	130	Pulse	99	7016366	26621	NA
S013_DAY1_MINITWICE_4126	130	Port Input	1	7016366	26621	NA
S013_DAY1_MINITWICE_4126	130	Picture	129_T_PWTRIAD_PW_policia_red.png	7032945	43200	1	1900	2	43200	1800
S013_DAY1_MINITWICE_4126	131	Picture	PW	7035245	0	1	43200	2	0	43200
S013_DAY1_MINITWICE_4126	131	Response	51	7046003	10758	2
S013_DAY1_MINITWICE_4126	131	Pulse	99	7052367	17122	NA
S013_DAY1_MINITWICE_4126	131	Port Input	1	7052367	17122	NA
S013_DAY1_MINITWICE_4126	131	Picture	130_T_PWTRIAD_PW_charco_red.png	7078445	43200	1	1900	2	43200	1800
S013_DAY1_MINITWICE_4126	132	Picture	rest	7080445	0	1	144099	2	0	144000
S013_DAY1_MINITWICE_4126	132	Pulse	99	7088368	7923	NA
S013_DAY1_MINITWICE_4126	132	Port Input	1	7088368	7923	NA
S013_DAY1_MINITWICE_4126	132	Pulse	99	7124369	43924	NA
S013_DAY1_MINITWICE_4126	132	Port Input	1	7124369	43924	NA
S013_DAY1_MINITWICE_4126	132	Pulse	99	7160370	79925	NA
S013_DAY1_MINITWICE_4126	132	Port Input	1	7160370	79925	NA
S013_DAY1_MINITWICE_4126	132	Pulse	99	7196371	115926	NA
S013_DAY1_MINITWICE_4126	132	Port Input	1	7196371	115926	NA
S013_DAY1_MINITWICE_4126	133	Picture	endrest	7224644	0	1	10100	2	0	10000
S013_DAY1_MINITWICE_4126	133	Pulse	99	7232372	7728	NA
S013_DAY1_MINITWICE_4126	133	Port Input	1	7232372	7728	NA
S013_DAY1_MINITWICE_4126	134	Picture	FF	7234944	0	1	43199	2	0	43200
S013_DAY1_MINITWICE_4126	134	Response	52	7245138	10194	1
S013_DAY1_MINITWICE_4126	134	Pulse	99	7268373	33429	NA
S013_DAY1_MINITWICE_4126	134	Port Input	1	7268373	33429	NA
S013_DAY1_MINITWICE_4126	134	Picture	133_T_FFTRIAD_FF_telefono_red.png	7278143	43199	1	1900	2	43200	1800
S013_DAY1_MINITWICE_4126	135	Picture	FF	7280443	0	1	43100	2	0	43200
S013_DAY1_MINITWICE_4126	135	Response	51	7288878	8435	1
S013_DAY1_MINITWICE_4126	135	Pulse	99	7304374	23931	NA
S013_DAY1_MINITWICE_4126	135	Port Input	1	7304374	23931	NA
S013_DAY1_MINITWICE_4126	135	Picture	134_T_FFTRIAD_FF_sapo_red.png	7323543	43100	1	1900	2	43200	1800
S013_DAY1_MINITWICE_4126	136	Picture	FF	7325743	0	1	43200	2	0	43200
S013_DAY1_MINITWICE_4126	136	Response	51	7336294	10551	2
S013_DAY1_MINITWICE_4126	136	Pulse	99	7340375	14632	NA
S013_DAY1_MINITWICE_4126	136	Port Input	1	7340375	14632	NA
S013_DAY1_MINITWICE_4126	136	Picture	135_T_FFTRIAD_FF_llave_red.png	7368943	43200	1	1899	3	43200	1800
S013_DAY1_MINITWICE_4126	137	Picture	FF	7371142	0	2	43200	3	0	43200
S013_DAY1_MINITWICE_4126	137	Pulse	99	7376376	5234	NA
S013_DAY1_MINITWICE_4126	137	Port Input	1	7376376	5234	NA
S013_DAY1_MINITWICE_4126	137	Response	52	7381502	10360	1
S013_DAY1_MINITWICE_4126	137	Pulse	99	7412377	41235	NA
S013_DAY1_MINITWICE_4126	137	Port Input	1	7412377	41235	NA
S013_DAY1_MINITWICE_4126	137	Picture	136_T_FFTRIAD_FF_bebe_red.png	7414342	43200	1	1900	2	43200	1800
S013_DAY1_MINITWICE_4126	138	Picture	rest	7416342	0	1	144099	2	0	144000
S013_DAY1_MINITWICE_4126	138	Pulse	99	7448378	32036	NA
S013_DAY1_MINITWICE_4126	138	Port Input	1	7448378	32036	NA
S013_DAY1_MINITWICE_4126	139	Picture	endrest	7560541	0	1	10100	2	0	10000
S013_DAY1_MINITWICE_4126	140	Picture	endrest	7570741	0	1	10100	2	0	10000
S013_DAY1_MINITWICE_4126	141	Picture	endrest	7580941	0	1	10100	2	0	10000
S013_DAY1_MINITWICE_4126	142	Picture	endrest	7591141	0	1	10100	2	0	10000
