Scenario - vOT_Triads_fMRI_II
Logfile written - 04/24/2015 12:06:03

Subject	Trial	Event Type	Code	Time	TTime	Uncertainty	Duration	Uncertainty	ReqTime	ReqDur

S002_DAY1_MINITWICE_4058	1	Pulse	99	343414	353338	NA
S002_DAY1_MINITWICE_4058	1	Port Input	1	343414	353338	NA
S002_DAY1_MINITWICE_4058	1	Pulse	99	379415	389339	NA
S002_DAY1_MINITWICE_4058	1	Port Input	1	379415	389339	NA
S002_DAY1_MINITWICE_4058	1	Pulse	99	415416	425340	NA
S002_DAY1_MINITWICE_4058	1	Port Input	1	415416	425340	NA
S002_DAY1_MINITWICE_4058	1	Pulse	99	451417	461341	NA
S002_DAY1_MINITWICE_4058	1	Port Input	1	451417	461341	NA
S002_DAY1_MINITWICE_4058	1	Pulse	99	487418	497342	NA
S002_DAY1_MINITWICE_4058	1	Port Input	1	487418	497342	NA
S002_DAY1_MINITWICE_4058	2	Picture	rest	487695	0	2	144099	3	0	144000
S002_DAY1_MINITWICE_4058	2	Pulse	99	523419	35724	NA
S002_DAY1_MINITWICE_4058	2	Port Input	1	523419	35724	NA
S002_DAY1_MINITWICE_4058	2	Pulse	99	559420	71725	NA
S002_DAY1_MINITWICE_4058	2	Port Input	1	559420	71725	NA
S002_DAY1_MINITWICE_4058	2	Pulse	99	595421	107726	NA
S002_DAY1_MINITWICE_4058	2	Port Input	1	595421	107726	NA
S002_DAY1_MINITWICE_4058	2	Pulse	99	631422	143727	NA
S002_DAY1_MINITWICE_4058	2	Port Input	1	631422	143727	NA
S002_DAY1_MINITWICE_4058	3	Picture	endrest	631894	0	1	10100	2	0	10000
S002_DAY1_MINITWICE_4058	4	Picture	FF	642194	0	1	43200	2	0	43200
S002_DAY1_MINITWICE_4058	4	Response	52	659986	17792	1
S002_DAY1_MINITWICE_4058	4	Pulse	99	667423	25229	NA
S002_DAY1_MINITWICE_4058	4	Port Input	1	667423	25229	NA
S002_DAY1_MINITWICE_4058	4	Picture	3_T_FFTRIAD_FF_botella_red.png	685394	43200	1	1900	2	43200	1800
S002_DAY1_MINITWICE_4058	5	Picture	FF	687494	0	1	43200	2	0	43200
S002_DAY1_MINITWICE_4058	5	Response	52	702085	14591	1
S002_DAY1_MINITWICE_4058	5	Pulse	99	703424	15930	NA
S002_DAY1_MINITWICE_4058	5	Port Input	1	703424	15930	NA
S002_DAY1_MINITWICE_4058	5	Picture	4_T_FFTRIAD_FF_pilas_red.png	730694	43200	1	1900	2	43200	1800
S002_DAY1_MINITWICE_4058	6	Picture	FF	732794	0	1	43199	2	0	43200
S002_DAY1_MINITWICE_4058	6	Pulse	99	739425	6631	NA
S002_DAY1_MINITWICE_4058	6	Port Input	1	739425	6631	NA
S002_DAY1_MINITWICE_4058	6	Response	52	750445	17651	1
S002_DAY1_MINITWICE_4058	6	Pulse	99	775426	42632	NA
S002_DAY1_MINITWICE_4058	6	Port Input	1	775426	42632	NA
S002_DAY1_MINITWICE_4058	6	Picture	5_T_FFTRIAD_FF_anillo_red.png	775993	43199	1	1900	2	43200	1800
S002_DAY1_MINITWICE_4058	7	Picture	FF	778093	0	1	43200	2	0	43200
S002_DAY1_MINITWICE_4058	7	Response	51	796494	18401	2
S002_DAY1_MINITWICE_4058	7	Pulse	99	811427	33334	NA
S002_DAY1_MINITWICE_4058	7	Port Input	1	811427	33334	NA
S002_DAY1_MINITWICE_4058	7	Picture	6_T_FFTRIAD_FF_arbol_red.png	821293	43200	1	1900	2	43200	1800
S002_DAY1_MINITWICE_4058	8	Picture	PW	823393	0	1	43200	2	0	43200
S002_DAY1_MINITWICE_4058	8	Response	52	847220	23827	2
S002_DAY1_MINITWICE_4058	8	Pulse	99	847428	24035	NA
S002_DAY1_MINITWICE_4058	8	Port Input	1	847428	24035	NA
S002_DAY1_MINITWICE_4058	8	Picture	7_T_PWTRIAD_PW_bala_red.png	866593	43200	1	1899	3	43200	1800
S002_DAY1_MINITWICE_4058	9	Picture	PW	868693	0	1	43199	2	0	43200
S002_DAY1_MINITWICE_4058	9	Pulse	99	883429	14736	NA
S002_DAY1_MINITWICE_4058	9	Port Input	1	883429	14736	NA
S002_DAY1_MINITWICE_4058	9	Response	51	891988	23295	1
S002_DAY1_MINITWICE_4058	9	Picture	8_T_PWTRIAD_PW_cortina_red.png	911892	43199	1	1900	2	43200	1800
S002_DAY1_MINITWICE_4058	10	Picture	PW	913992	0	1	43200	2	0	43200
S002_DAY1_MINITWICE_4058	10	Pulse	99	919430	5438	NA
S002_DAY1_MINITWICE_4058	10	Port Input	1	919430	5438	NA
S002_DAY1_MINITWICE_4058	10	Response	52	932755	18763	1
S002_DAY1_MINITWICE_4058	10	Pulse	99	955431	41439	NA
S002_DAY1_MINITWICE_4058	10	Port Input	1	955431	41439	NA
S002_DAY1_MINITWICE_4058	10	Picture	9_T_PWTRIAD_PW_grifo_red.png	957192	43200	1	1900	2	43200	1800
S002_DAY1_MINITWICE_4058	11	Picture	PW	959292	0	1	43200	2	0	43200
S002_DAY1_MINITWICE_4058	11	Response	52	987329	28037	1
S002_DAY1_MINITWICE_4058	11	Pulse	99	991432	32140	NA
S002_DAY1_MINITWICE_4058	11	Port Input	1	991432	32140	NA
S002_DAY1_MINITWICE_4058	11	Picture	10_T_PWTRIAD_PW_gafas_red.png	1002492	43200	1	1899	3	43200	1800
S002_DAY1_MINITWICE_4058	12	Picture	rest	1004491	0	2	144099	3	0	144000
S002_DAY1_MINITWICE_4058	12	Pulse	99	1027433	22942	NA
S002_DAY1_MINITWICE_4058	12	Port Input	1	1027433	22942	NA
S002_DAY1_MINITWICE_4058	12	Pulse	99	1063434	58943	NA
S002_DAY1_MINITWICE_4058	12	Port Input	1	1063434	58943	NA
S002_DAY1_MINITWICE_4058	12	Pulse	99	1099435	94944	NA
S002_DAY1_MINITWICE_4058	12	Port Input	1	1099435	94944	NA
S002_DAY1_MINITWICE_4058	12	Pulse	99	1135435	130944	NA
S002_DAY1_MINITWICE_4058	12	Port Input	1	1135435	130944	NA
S002_DAY1_MINITWICE_4058	13	Picture	endrest	1148690	0	1	10100	2	0	10000
S002_DAY1_MINITWICE_4058	14	Picture	FF	1158990	0	1	43200	2	0	43200
S002_DAY1_MINITWICE_4058	14	Pulse	99	1171436	12446	NA
S002_DAY1_MINITWICE_4058	14	Port Input	1	1171436	12446	NA
S002_DAY1_MINITWICE_4058	14	Response	51	1175734	16744	1
S002_DAY1_MINITWICE_4058	14	Picture	13_T_FFTRIAD_FF_oruga_red.png	1202190	43200	1	1900	2	43200	1800
S002_DAY1_MINITWICE_4058	15	Picture	FF	1204290	0	1	43200	2	0	43200
S002_DAY1_MINITWICE_4058	15	Pulse	99	1207437	3147	NA
S002_DAY1_MINITWICE_4058	15	Port Input	1	1207437	3147	NA
S002_DAY1_MINITWICE_4058	15	Response	51	1228521	24231	1
S002_DAY1_MINITWICE_4058	15	Pulse	99	1243438	39148	NA
S002_DAY1_MINITWICE_4058	15	Port Input	1	1243438	39148	NA
S002_DAY1_MINITWICE_4058	15	Picture	14_T_FFTRIAD_FF_teclado_red.png	1247490	43200	1	1900	2	43200	1800
S002_DAY1_MINITWICE_4058	16	Picture	FF	1249590	0	1	43199	2	0	43200
S002_DAY1_MINITWICE_4058	16	Pulse	99	1279439	29849	NA
S002_DAY1_MINITWICE_4058	16	Port Input	1	1279439	29849	NA
S002_DAY1_MINITWICE_4058	16	Picture	15_T_FFTRIAD_FF_cinturon_red.png	1292789	43199	1	1900	2	43200	1800
S002_DAY1_MINITWICE_4058	17	Picture	FF	1294889	0	1	43200	2	0	43200
S002_DAY1_MINITWICE_4058	17	Pulse	99	1315440	20551	NA
S002_DAY1_MINITWICE_4058	17	Port Input	1	1315440	20551	NA
S002_DAY1_MINITWICE_4058	17	Picture	16_T_FFTRIAD_FF_sobre_red.png	1338089	43200	1	1900	2	43200	1800
S002_DAY1_MINITWICE_4058	18	Picture	PW	1340189	0	1	43200	2	0	43200
S002_DAY1_MINITWICE_4058	18	Pulse	99	1351441	11252	NA
S002_DAY1_MINITWICE_4058	18	Port Input	1	1351441	11252	NA
S002_DAY1_MINITWICE_4058	18	Response	51	1366570	26381	1
S002_DAY1_MINITWICE_4058	18	Picture	17_T_PWTRIAD_PW_charco_red.png	1383389	43200	1	1900	2	43200	1800
S002_DAY1_MINITWICE_4058	19	Picture	PW	1385488	0	2	43200	3	0	43200
S002_DAY1_MINITWICE_4058	19	Pulse	99	1387442	1954	NA
S002_DAY1_MINITWICE_4058	19	Port Input	1	1387442	1954	NA
S002_DAY1_MINITWICE_4058	19	Response	51	1406950	21462	1
S002_DAY1_MINITWICE_4058	19	Pulse	99	1423443	37955	NA
S002_DAY1_MINITWICE_4058	19	Port Input	1	1423443	37955	NA
S002_DAY1_MINITWICE_4058	19	Picture	18_T_PWTRIAD_PW_pluma_red.png	1428688	43200	1	1900	2	43200	1800
S002_DAY1_MINITWICE_4058	20	Picture	PW	1430788	0	1	43200	2	0	43200
S002_DAY1_MINITWICE_4058	20	Response	52	1452841	22053	1
S002_DAY1_MINITWICE_4058	20	Pulse	99	1459444	28656	NA
S002_DAY1_MINITWICE_4058	20	Port Input	1	1459444	28656	NA
S002_DAY1_MINITWICE_4058	20	Picture	19_T_PWTRIAD_PW_telefono_red.png	1473988	43200	1	1900	2	43200	1800
S002_DAY1_MINITWICE_4058	21	Picture	PW	1476088	0	1	43199	3	0	43200
S002_DAY1_MINITWICE_4058	21	Response	52	1494525	18437	1
S002_DAY1_MINITWICE_4058	21	Pulse	99	1495445	19357	NA
S002_DAY1_MINITWICE_4058	21	Port Input	1	1495445	19357	NA
S002_DAY1_MINITWICE_4058	21	Picture	20_T_PWTRIAD_PW_dedal_red.png	1519287	43199	2	1900	4	43200	1800
S002_DAY1_MINITWICE_4058	22	Picture	rest	1521287	0	2	144099	3	0	144000
S002_DAY1_MINITWICE_4058	22	Pulse	99	1531446	10159	NA
S002_DAY1_MINITWICE_4058	22	Port Input	1	1531446	10159	NA
S002_DAY1_MINITWICE_4058	22	Pulse	99	1567447	46160	NA
S002_DAY1_MINITWICE_4058	22	Port Input	1	1567447	46160	NA
S002_DAY1_MINITWICE_4058	22	Pulse	99	1603448	82161	NA
S002_DAY1_MINITWICE_4058	22	Port Input	1	1603448	82161	NA
S002_DAY1_MINITWICE_4058	22	Pulse	99	1639449	118162	NA
S002_DAY1_MINITWICE_4058	22	Port Input	1	1639449	118162	NA
S002_DAY1_MINITWICE_4058	23	Picture	endrest	1665486	0	1	10100	2	0	10000
S002_DAY1_MINITWICE_4058	23	Pulse	99	1675450	9964	NA
S002_DAY1_MINITWICE_4058	23	Port Input	1	1675450	9964	NA
S002_DAY1_MINITWICE_4058	24	Picture	FF	1675786	0	1	43200	2	0	43200
S002_DAY1_MINITWICE_4058	24	Response	52	1693385	17599	1
S002_DAY1_MINITWICE_4058	24	Pulse	99	1711451	35665	NA
S002_DAY1_MINITWICE_4058	24	Port Input	1	1711451	35665	NA
S002_DAY1_MINITWICE_4058	24	Picture	23_T_FFTRIAD_FF_esquimal_red.png	1718986	43200	1	1900	2	43200	1800
S002_DAY1_MINITWICE_4058	25	Picture	FF	1721086	0	1	43200	2	0	43200
S002_DAY1_MINITWICE_4058	25	Response	51	1740924	19838	1
S002_DAY1_MINITWICE_4058	25	Pulse	99	1747452	26366	NA
S002_DAY1_MINITWICE_4058	25	Port Input	1	1747452	26366	NA
S002_DAY1_MINITWICE_4058	25	Picture	24_T_FFTRIAD_FF_bellota_red.png	1764286	43200	1	1900	2	43200	1800
S002_DAY1_MINITWICE_4058	26	Picture	FF	1766386	0	1	43199	2	0	43200
S002_DAY1_MINITWICE_4058	26	Pulse	99	1783453	17067	NA
S002_DAY1_MINITWICE_4058	26	Port Input	1	1783453	17067	NA
S002_DAY1_MINITWICE_4058	26	Response	51	1787091	20705	1
S002_DAY1_MINITWICE_4058	26	Picture	25_T_FFTRIAD_FF_grapadora_red.png	1809585	43199	1	1900	2	43200	1800
S002_DAY1_MINITWICE_4058	27	Picture	FF	1811685	0	1	43200	2	0	43200
S002_DAY1_MINITWICE_4058	27	Pulse	99	1819454	7769	NA
S002_DAY1_MINITWICE_4058	27	Port Input	1	1819454	7769	NA
S002_DAY1_MINITWICE_4058	27	Response	52	1833373	21688	1
S002_DAY1_MINITWICE_4058	27	Picture	26_T_FFTRIAD_FF_lana_red.png	1854885	43200	1	1900	2	43200	1800
S002_DAY1_MINITWICE_4058	27	Pulse	99	1855455	43770	NA
S002_DAY1_MINITWICE_4058	27	Port Input	1	1855455	43770	NA
S002_DAY1_MINITWICE_4058	28	Picture	PW	1856985	0	1	43200	2	0	43200
S002_DAY1_MINITWICE_4058	28	Response	52	1876301	19316	1
S002_DAY1_MINITWICE_4058	28	Pulse	99	1891456	34471	NA
S002_DAY1_MINITWICE_4058	28	Port Input	1	1891456	34471	NA
S002_DAY1_MINITWICE_4058	28	Picture	27_T_PWTRIAD_PW_violin_red.png	1900185	43200	1	1900	2	43200	1800
S002_DAY1_MINITWICE_4058	29	Picture	PW	1902285	0	1	43199	2	0	43200
S002_DAY1_MINITWICE_4058	29	Response	52	1918594	16309	1
S002_DAY1_MINITWICE_4058	29	Pulse	99	1927457	25172	NA
S002_DAY1_MINITWICE_4058	29	Port Input	1	1927457	25172	NA
S002_DAY1_MINITWICE_4058	29	Picture	28_T_PWTRIAD_PW_leche_red.png	1945484	43199	1	1900	2	43200	1800
S002_DAY1_MINITWICE_4058	30	Picture	PW	1947584	0	1	43200	2	0	43200
S002_DAY1_MINITWICE_4058	30	Pulse	99	1963457	15873	NA
S002_DAY1_MINITWICE_4058	30	Port Input	1	1963457	15873	NA
S002_DAY1_MINITWICE_4058	30	Response	51	1969707	22123	1
S002_DAY1_MINITWICE_4058	30	Picture	29_T_PWTRIAD_PW_television_red.png	1990784	43200	1	1900	2	43200	1800
S002_DAY1_MINITWICE_4058	31	Picture	PW	1992884	0	1	43200	2	0	43200
S002_DAY1_MINITWICE_4058	31	Pulse	99	1999458	6574	NA
S002_DAY1_MINITWICE_4058	31	Port Input	1	1999458	6574	NA
S002_DAY1_MINITWICE_4058	31	Response	51	2015693	22809	1
S002_DAY1_MINITWICE_4058	31	Pulse	99	2035459	42575	NA
S002_DAY1_MINITWICE_4058	31	Port Input	1	2035459	42575	NA
S002_DAY1_MINITWICE_4058	31	Picture	30_T_PWTRIAD_PW_novia_red.png	2036084	43200	1	1900	2	43200	1800
S002_DAY1_MINITWICE_4058	32	Picture	rest	2038083	0	2	144099	4	0	144000
S002_DAY1_MINITWICE_4058	32	Pulse	99	2071460	33377	NA
S002_DAY1_MINITWICE_4058	32	Port Input	1	2071460	33377	NA
S002_DAY1_MINITWICE_4058	32	Pulse	99	2107461	69378	NA
S002_DAY1_MINITWICE_4058	32	Port Input	1	2107461	69378	NA
S002_DAY1_MINITWICE_4058	32	Pulse	99	2143462	105379	NA
S002_DAY1_MINITWICE_4058	32	Port Input	1	2143462	105379	NA
S002_DAY1_MINITWICE_4058	32	Pulse	99	2179463	141380	NA
S002_DAY1_MINITWICE_4058	32	Port Input	1	2179463	141380	NA
S002_DAY1_MINITWICE_4058	33	Picture	endrest	2182282	0	2	10100	3	0	10000
S002_DAY1_MINITWICE_4058	34	Picture	RW	2192582	0	1	43200	2	0	43200
S002_DAY1_MINITWICE_4058	34	Pulse	99	2215464	22882	NA
S002_DAY1_MINITWICE_4058	34	Port Input	1	2215464	22882	NA
S002_DAY1_MINITWICE_4058	34	Response	52	2223798	31216	1
S002_DAY1_MINITWICE_4058	34	Picture	33_T_RWTRIAD_RW_esquimal_red.png	2235782	43200	1	1900	2	43200	1800
S002_DAY1_MINITWICE_4058	35	Picture	RW	2237882	0	1	43200	2	0	43200
S002_DAY1_MINITWICE_4058	35	Pulse	99	2251465	13583	NA
S002_DAY1_MINITWICE_4058	35	Port Input	1	2251465	13583	NA
S002_DAY1_MINITWICE_4058	35	Response	52	2254994	17112	2
S002_DAY1_MINITWICE_4058	35	Picture	34_T_RWTRIAD_RW_llave_red.png	2281082	43200	1	1900	2	43200	1800
S002_DAY1_MINITWICE_4058	36	Picture	RW	2283182	0	1	43199	2	0	43200
S002_DAY1_MINITWICE_4058	36	Pulse	99	2287466	4284	NA
S002_DAY1_MINITWICE_4058	36	Port Input	1	2287466	4284	NA
S002_DAY1_MINITWICE_4058	36	Response	52	2295006	11824	1
S002_DAY1_MINITWICE_4058	36	Pulse	99	2323467	40285	NA
S002_DAY1_MINITWICE_4058	36	Port Input	1	2323467	40285	NA
S002_DAY1_MINITWICE_4058	36	Picture	35_T_RWTRIAD_RW_gafas_red.png	2326381	43199	1	1900	2	43200	1800
S002_DAY1_MINITWICE_4058	37	Picture	RW	2328481	0	1	43200	2	0	43200
S002_DAY1_MINITWICE_4058	37	Response	51	2341604	13123	1
S002_DAY1_MINITWICE_4058	37	Pulse	99	2359468	30987	NA
S002_DAY1_MINITWICE_4058	37	Port Input	1	2359468	30987	NA
S002_DAY1_MINITWICE_4058	37	Picture	36_T_RWTRIAD_RW_grifo_red.png	2371681	43200	1	1900	2	43200	1800
S002_DAY1_MINITWICE_4058	38	Picture	FF	2373781	0	1	43200	2	0	43200
S002_DAY1_MINITWICE_4058	38	Response	51	2387787	14006	1
S002_DAY1_MINITWICE_4058	38	Pulse	99	2395469	21688	NA
S002_DAY1_MINITWICE_4058	38	Port Input	1	2395469	21688	NA
S002_DAY1_MINITWICE_4058	38	Picture	37_T_FFTRIAD_FF_martillo_red.png	2416981	43200	1	1900	2	43200	1800
S002_DAY1_MINITWICE_4058	39	Picture	FF	2419081	0	1	43199	2	0	43200
S002_DAY1_MINITWICE_4058	39	Pulse	99	2431470	12389	NA
S002_DAY1_MINITWICE_4058	39	Port Input	1	2431470	12389	NA
S002_DAY1_MINITWICE_4058	39	Response	52	2435123	16042	1
S002_DAY1_MINITWICE_4058	39	Picture	38_T_FFTRIAD_FF_granjero_red.png	2462280	43199	1	1900	2	43200	1800
S002_DAY1_MINITWICE_4058	40	Picture	FF	2464380	0	1	43200	2	0	43200
S002_DAY1_MINITWICE_4058	40	Pulse	99	2467471	3091	NA
S002_DAY1_MINITWICE_4058	40	Port Input	1	2467471	3091	NA
S002_DAY1_MINITWICE_4058	40	Response	51	2478520	14140	1
S002_DAY1_MINITWICE_4058	40	Pulse	99	2503472	39092	NA
S002_DAY1_MINITWICE_4058	40	Port Input	1	2503472	39092	NA
S002_DAY1_MINITWICE_4058	40	Picture	39_T_FFTRIAD_FF_policia_red.png	2507580	43200	1	1900	2	43200	1800
S002_DAY1_MINITWICE_4058	41	Picture	FF	2509680	0	1	43200	2	0	43200
S002_DAY1_MINITWICE_4058	41	Pulse	99	2539473	29793	NA
S002_DAY1_MINITWICE_4058	41	Port Input	1	2539473	29793	NA
S002_DAY1_MINITWICE_4058	41	Picture	40_T_FFTRIAD_FF_almohada_red.png	2552880	43200	1	1899	3	43200	1800
S002_DAY1_MINITWICE_4058	42	Picture	rest	2554880	0	1	144098	3	0	144000
S002_DAY1_MINITWICE_4058	42	Pulse	99	2575474	20594	NA
S002_DAY1_MINITWICE_4058	42	Port Input	1	2575474	20594	NA
S002_DAY1_MINITWICE_4058	42	Pulse	99	2611475	56595	NA
S002_DAY1_MINITWICE_4058	42	Port Input	1	2611475	56595	NA
S002_DAY1_MINITWICE_4058	42	Pulse	99	2647476	92596	NA
S002_DAY1_MINITWICE_4058	42	Port Input	1	2647476	92596	NA
S002_DAY1_MINITWICE_4058	42	Pulse	99	2683477	128597	NA
S002_DAY1_MINITWICE_4058	42	Port Input	1	2683477	128597	NA
S002_DAY1_MINITWICE_4058	43	Picture	endrest	2699078	0	2	10100	3	0	10000
S002_DAY1_MINITWICE_4058	44	Picture	RW	2709378	0	1	43200	2	0	43200
S002_DAY1_MINITWICE_4058	44	Pulse	99	2719478	10100	NA
S002_DAY1_MINITWICE_4058	44	Port Input	1	2719478	10100	NA
S002_DAY1_MINITWICE_4058	44	Response	51	2743604	34226	1
S002_DAY1_MINITWICE_4058	44	Picture	43_T_RWTRIAD_RW_estetoscopio_red.png	2752578	43200	1	1900	2	43200	1800
S002_DAY1_MINITWICE_4058	45	Picture	RW	2754678	0	1	43200	2	0	43200
S002_DAY1_MINITWICE_4058	45	Pulse	99	2755479	801	NA
S002_DAY1_MINITWICE_4058	45	Port Input	1	2755479	801	NA
S002_DAY1_MINITWICE_4058	45	Response	52	2769784	15106	1
S002_DAY1_MINITWICE_4058	45	Pulse	99	2791480	36802	NA
S002_DAY1_MINITWICE_4058	45	Port Input	1	2791480	36802	NA
S002_DAY1_MINITWICE_4058	45	Picture	44_T_RWTRIAD_RW_monja_red.png	2797878	43200	1	1900	2	43200	1800
S002_DAY1_MINITWICE_4058	46	Picture	RW	2799977	0	6	43200	7	0	43200
S002_DAY1_MINITWICE_4058	46	Pulse	99	2827480	27503	NA
S002_DAY1_MINITWICE_4058	46	Port Input	1	2827480	27503	NA
S002_DAY1_MINITWICE_4058	46	Response	52	2828857	28880	1
S002_DAY1_MINITWICE_4058	46	Picture	45_T_RWTRIAD_RW_molino_red.png	2843177	43200	1	1900	2	43200	1800
S002_DAY1_MINITWICE_4058	47	Picture	RW	2845277	0	1	43200	2	0	43200
S002_DAY1_MINITWICE_4058	47	Pulse	99	2863481	18204	NA
S002_DAY1_MINITWICE_4058	47	Port Input	1	2863481	18204	NA
S002_DAY1_MINITWICE_4058	47	Response	52	2863660	18383	1
S002_DAY1_MINITWICE_4058	47	Picture	46_T_RWTRIAD_RW_sombrilla_red.png	2888477	43200	1	1900	2	43200	1800
S002_DAY1_MINITWICE_4058	48	Picture	FF	2890577	0	1	43200	2	0	43200
S002_DAY1_MINITWICE_4058	48	Pulse	99	2899482	8905	NA
S002_DAY1_MINITWICE_4058	48	Port Input	1	2899482	8905	NA
S002_DAY1_MINITWICE_4058	48	Response	52	2906736	16159	1
S002_DAY1_MINITWICE_4058	48	Picture	47_T_FFTRIAD_FF_queso_red.png	2933777	43200	1	1900	2	43200	1800
S002_DAY1_MINITWICE_4058	48	Pulse	99	2935483	44906	NA
S002_DAY1_MINITWICE_4058	48	Port Input	1	2935483	44906	NA
S002_DAY1_MINITWICE_4058	49	Picture	FF	2935877	0	1	43199	2	0	43200
S002_DAY1_MINITWICE_4058	49	Response	51	2958820	22943	1
S002_DAY1_MINITWICE_4058	49	Pulse	99	2971484	35607	NA
S002_DAY1_MINITWICE_4058	49	Port Input	1	2971484	35607	NA
S002_DAY1_MINITWICE_4058	49	Picture	48_T_FFTRIAD_FF_paracaidas_red.png	2979076	43199	1	1900	2	43200	1800
S002_DAY1_MINITWICE_4058	50	Picture	FF	2981176	0	1	43200	2	0	43200
S002_DAY1_MINITWICE_4058	50	Pulse	99	3007485	26309	NA
S002_DAY1_MINITWICE_4058	50	Port Input	1	3007485	26309	NA
S002_DAY1_MINITWICE_4058	50	Response	52	3009651	28475	1
S002_DAY1_MINITWICE_4058	50	Picture	49_T_FFTRIAD_FF_ascensor_red.png	3024376	43200	1	1900	3	43200	1800
S002_DAY1_MINITWICE_4058	51	Picture	FF	3026476	0	1	43199	3	0	43200
S002_DAY1_MINITWICE_4058	51	Pulse	99	3043486	17010	NA
S002_DAY1_MINITWICE_4058	51	Port Input	1	3043486	17010	NA
S002_DAY1_MINITWICE_4058	51	Response	51	3049715	23239	1
S002_DAY1_MINITWICE_4058	51	Picture	50_T_FFTRIAD_FF_lechuga_red.png	3069675	43199	2	1900	4	43200	1800
S002_DAY1_MINITWICE_4058	52	Picture	rest	3071675	0	2	144099	4	0	144000
S002_DAY1_MINITWICE_4058	52	Pulse	99	3079487	7812	NA
S002_DAY1_MINITWICE_4058	52	Port Input	1	3079487	7812	NA
S002_DAY1_MINITWICE_4058	52	Pulse	99	3115488	43813	NA
S002_DAY1_MINITWICE_4058	52	Port Input	1	3115488	43813	NA
S002_DAY1_MINITWICE_4058	52	Pulse	99	3151489	79814	NA
S002_DAY1_MINITWICE_4058	52	Port Input	1	3151489	79814	NA
S002_DAY1_MINITWICE_4058	52	Pulse	99	3187490	115815	NA
S002_DAY1_MINITWICE_4058	52	Port Input	1	3187490	115815	NA
S002_DAY1_MINITWICE_4058	53	Picture	endrest	3215874	0	1	10100	2	0	10000
S002_DAY1_MINITWICE_4058	53	Pulse	99	3223491	7617	NA
S002_DAY1_MINITWICE_4058	53	Port Input	1	3223491	7617	NA
S002_DAY1_MINITWICE_4058	54	Picture	PW	3226174	0	1	43200	2	0	43200
S002_DAY1_MINITWICE_4058	54	Response	51	3243402	17228	1
S002_DAY1_MINITWICE_4058	54	Pulse	99	3259492	33318	NA
S002_DAY1_MINITWICE_4058	54	Port Input	1	3259492	33318	NA
S002_DAY1_MINITWICE_4058	54	Picture	53_T_PWTRIAD_PW_futbol_red.png	3269374	43200	1	1900	2	43200	1800
S002_DAY1_MINITWICE_4058	55	Picture	PW	3271474	0	1	43200	2	0	43200
S002_DAY1_MINITWICE_4058	55	Response	52	3290952	19478	1
S002_DAY1_MINITWICE_4058	55	Pulse	99	3295493	24019	NA
S002_DAY1_MINITWICE_4058	55	Port Input	1	3295493	24019	NA
S002_DAY1_MINITWICE_4058	55	Picture	54_T_PWTRIAD_PW_cinturon_red.png	3314674	43200	1	1900	2	43200	1800
S002_DAY1_MINITWICE_4058	56	Picture	PW	3316774	0	1	43199	2	0	43200
S002_DAY1_MINITWICE_4058	56	Pulse	99	3331494	14720	NA
S002_DAY1_MINITWICE_4058	56	Port Input	1	3331494	14720	NA
S002_DAY1_MINITWICE_4058	56	Response	51	3333343	16569	1
S002_DAY1_MINITWICE_4058	56	Picture	55_T_PWTRIAD_PW_arbol_red.png	3359973	43199	1	1900	2	43200	1800
S002_DAY1_MINITWICE_4058	57	Picture	PW	3362073	0	1	43200	2	0	43200
S002_DAY1_MINITWICE_4058	57	Pulse	99	3367495	5422	NA
S002_DAY1_MINITWICE_4058	57	Port Input	1	3367495	5422	NA
S002_DAY1_MINITWICE_4058	57	Response	51	3376616	14543	1
S002_DAY1_MINITWICE_4058	57	Pulse	99	3403496	41423	NA
S002_DAY1_MINITWICE_4058	57	Port Input	1	3403496	41423	NA
S002_DAY1_MINITWICE_4058	57	Picture	56_T_PWTRIAD_PW_destornillador_red.png	3405273	43200	1	1900	2	43200	1800
S002_DAY1_MINITWICE_4058	58	Picture	RW	3407373	0	1	43200	2	0	43200
S002_DAY1_MINITWICE_4058	58	Response	52	3425542	18169	1
S002_DAY1_MINITWICE_4058	58	Pulse	99	3439497	32124	NA
S002_DAY1_MINITWICE_4058	58	Port Input	1	3439497	32124	NA
S002_DAY1_MINITWICE_4058	58	Picture	57_T_RWTRIAD_RW_leche_red.png	3450573	43200	1	1900	2	43200	1800
S002_DAY1_MINITWICE_4058	59	Picture	RW	3452673	0	1	43199	2	0	43200
S002_DAY1_MINITWICE_4058	59	Pulse	99	3475498	22825	NA
S002_DAY1_MINITWICE_4058	59	Port Input	1	3475498	22825	NA
S002_DAY1_MINITWICE_4058	59	Picture	58_T_RWTRIAD_RW_banera_red.png	3495872	43199	1	1900	2	43200	1800
S002_DAY1_MINITWICE_4058	60	Picture	RW	3497972	0	1	43200	2	0	43200
S002_DAY1_MINITWICE_4058	60	Pulse	99	3511499	13527	NA
S002_DAY1_MINITWICE_4058	60	Port Input	1	3511499	13527	NA
S002_DAY1_MINITWICE_4058	60	Response	51	3530958	32986	1
S002_DAY1_MINITWICE_4058	60	Picture	59_T_RWTRIAD_RW_cortina_red.png	3541172	43200	1	1900	2	43200	1800
S002_DAY1_MINITWICE_4058	61	Picture	RW	3543272	0	1	43200	2	0	43200
S002_DAY1_MINITWICE_4058	61	Pulse	99	3547500	4228	NA
S002_DAY1_MINITWICE_4058	61	Port Input	1	3547500	4228	NA
S002_DAY1_MINITWICE_4058	61	Response	52	3565911	22639	1
S002_DAY1_MINITWICE_4058	61	Pulse	99	3583501	40229	NA
S002_DAY1_MINITWICE_4058	61	Port Input	1	3583501	40229	NA
S002_DAY1_MINITWICE_4058	61	Picture	60_T_RWTRIAD_RW_murcielago_red.png	3586472	43200	1	1900	2	43200	1800
S002_DAY1_MINITWICE_4058	62	Picture	rest	3588471	0	2	144099	4	0	144000
S002_DAY1_MINITWICE_4058	62	Pulse	99	3619502	31031	NA
S002_DAY1_MINITWICE_4058	62	Port Input	1	3619502	31031	NA
S002_DAY1_MINITWICE_4058	62	Pulse	99	3655503	67032	NA
S002_DAY1_MINITWICE_4058	62	Port Input	1	3655503	67032	NA
S002_DAY1_MINITWICE_4058	62	Pulse	99	3691503	103032	NA
S002_DAY1_MINITWICE_4058	62	Port Input	1	3691503	103032	NA
S002_DAY1_MINITWICE_4058	62	Pulse	99	3727504	139033	NA
S002_DAY1_MINITWICE_4058	62	Port Input	1	3727504	139033	NA
S002_DAY1_MINITWICE_4058	63	Picture	endrest	3732670	0	2	10100	4	0	10000
S002_DAY1_MINITWICE_4058	64	Picture	PW	3742970	0	1	43200	2	0	43200
S002_DAY1_MINITWICE_4058	64	Pulse	99	3763505	20535	NA
S002_DAY1_MINITWICE_4058	64	Port Input	1	3763505	20535	NA
S002_DAY1_MINITWICE_4058	64	Response	52	3769047	26077	1
S002_DAY1_MINITWICE_4058	64	Picture	63_T_PWTRIAD_PW_botella_red.png	3786170	43200	1	1900	2	43200	1800
S002_DAY1_MINITWICE_4058	65	Picture	PW	3788270	0	1	43200	2	0	43200
S002_DAY1_MINITWICE_4058	65	Pulse	99	3799506	11236	NA
S002_DAY1_MINITWICE_4058	65	Port Input	1	3799506	11236	NA
S002_DAY1_MINITWICE_4058	65	Response	52	3810597	22327	1
S002_DAY1_MINITWICE_4058	65	Picture	64_T_PWTRIAD_PW_paraguas_red.png	3831470	43200	1	1900	2	43200	1800
S002_DAY1_MINITWICE_4058	66	Picture	PW	3833570	0	1	43199	2	0	43200
S002_DAY1_MINITWICE_4058	66	Pulse	99	3835507	1937	NA
S002_DAY1_MINITWICE_4058	66	Port Input	1	3835507	1937	NA
S002_DAY1_MINITWICE_4058	66	Response	51	3848789	15219	1
S002_DAY1_MINITWICE_4058	66	Pulse	99	3871508	37938	NA
S002_DAY1_MINITWICE_4058	66	Port Input	1	3871508	37938	NA
S002_DAY1_MINITWICE_4058	66	Picture	65_T_PWTRIAD_PW_pincel_red.png	3876769	43199	1	1900	2	43200	1800
S002_DAY1_MINITWICE_4058	67	Picture	PW	3878869	0	1	43200	2	0	43200
S002_DAY1_MINITWICE_4058	67	Response	52	3902877	24008	1
S002_DAY1_MINITWICE_4058	67	Pulse	99	3907509	28640	NA
S002_DAY1_MINITWICE_4058	67	Port Input	1	3907509	28640	NA
S002_DAY1_MINITWICE_4058	67	Picture	66_T_PWTRIAD_PW_lechuga_red.png	3922069	43200	1	1900	2	43200	1800
S002_DAY1_MINITWICE_4058	68	Picture	FF	3924169	0	1	43200	2	0	43200
S002_DAY1_MINITWICE_4058	68	Response	52	3942202	18033	2
S002_DAY1_MINITWICE_4058	68	Pulse	99	3943510	19341	NA
S002_DAY1_MINITWICE_4058	68	Port Input	1	3943510	19341	NA
S002_DAY1_MINITWICE_4058	68	Picture	67_T_FFTRIAD_FF_pluma_red.png	3967369	43200	1	1900	2	43200	1800
S002_DAY1_MINITWICE_4058	69	Picture	FF	3969469	0	1	43199	2	0	43200
S002_DAY1_MINITWICE_4058	69	Pulse	99	3979511	10042	NA
S002_DAY1_MINITWICE_4058	69	Port Input	1	3979511	10042	NA
S002_DAY1_MINITWICE_4058	69	Response	51	3997776	28307	1
S002_DAY1_MINITWICE_4058	69	Picture	68_T_FFTRIAD_FF_manos_red.png	4012668	43199	1	1900	2	43200	1800
S002_DAY1_MINITWICE_4058	70	Picture	FF	4014768	0	1	43200	2	0	43200
S002_DAY1_MINITWICE_4058	70	Pulse	99	4015512	744	NA
S002_DAY1_MINITWICE_4058	70	Port Input	1	4015512	744	NA
S002_DAY1_MINITWICE_4058	70	Response	52	4040251	25483	1
S002_DAY1_MINITWICE_4058	70	Pulse	99	4051513	36745	NA
S002_DAY1_MINITWICE_4058	70	Port Input	1	4051513	36745	NA
S002_DAY1_MINITWICE_4058	70	Picture	69_T_FFTRIAD_FF_pizarra_red.png	4057968	43200	1	1900	2	43200	1800
S002_DAY1_MINITWICE_4058	71	Picture	FF	4060068	0	1	43199	3	0	43200
S002_DAY1_MINITWICE_4058	71	Pulse	99	4087514	27446	NA
S002_DAY1_MINITWICE_4058	71	Port Input	1	4087514	27446	NA
S002_DAY1_MINITWICE_4058	71	Response	52	4101047	40979	2
S002_DAY1_MINITWICE_4058	71	Picture	70_T_FFTRIAD_FF_television_red.png	4103267	43199	2	1900	4	43200	1800
S002_DAY1_MINITWICE_4058	72	Picture	rest	4105268	0	1	144098	3	0	144000
S002_DAY1_MINITWICE_4058	72	Pulse	99	4123515	18247	NA
S002_DAY1_MINITWICE_4058	72	Port Input	1	4123515	18247	NA
S002_DAY1_MINITWICE_4058	72	Pulse	99	4159516	54248	NA
S002_DAY1_MINITWICE_4058	72	Port Input	1	4159516	54248	NA
S002_DAY1_MINITWICE_4058	72	Pulse	99	4195517	90249	NA
S002_DAY1_MINITWICE_4058	72	Port Input	1	4195517	90249	NA
S002_DAY1_MINITWICE_4058	72	Pulse	99	4231518	126250	NA
S002_DAY1_MINITWICE_4058	72	Port Input	1	4231518	126250	NA
S002_DAY1_MINITWICE_4058	73	Picture	endrest	4249466	0	1	10100	3	0	10000
S002_DAY1_MINITWICE_4058	74	Picture	PW	4259766	0	1	43200	2	0	43200
S002_DAY1_MINITWICE_4058	74	Pulse	99	4267519	7753	NA
S002_DAY1_MINITWICE_4058	74	Port Input	1	4267519	7753	NA
S002_DAY1_MINITWICE_4058	74	Response	51	4291372	31606	2
S002_DAY1_MINITWICE_4058	74	Picture	73_T_PWTRIAD_PW_telarana_red.png	4302966	43200	1	1900	2	43200	1800
S002_DAY1_MINITWICE_4058	74	Pulse	99	4303520	43754	NA
S002_DAY1_MINITWICE_4058	74	Port Input	1	4303520	43754	NA
S002_DAY1_MINITWICE_4058	75	Picture	PW	4305066	0	1	43199	3	0	43200
S002_DAY1_MINITWICE_4058	75	Response	51	4336389	31323	1
S002_DAY1_MINITWICE_4058	75	Pulse	99	4339521	34455	NA
S002_DAY1_MINITWICE_4058	75	Port Input	1	4339521	34455	NA
S002_DAY1_MINITWICE_4058	75	Picture	74_T_PWTRIAD_PW_cuento_red.png	4348265	43199	2	1901	3	43200	1800
S002_DAY1_MINITWICE_4058	76	Picture	PW	4350366	0	1	43198	4	0	43200
S002_DAY1_MINITWICE_4058	76	Response	52	4373363	22997	1
S002_DAY1_MINITWICE_4058	76	Pulse	99	4375522	25156	NA
S002_DAY1_MINITWICE_4058	76	Port Input	1	4375522	25156	NA
S002_DAY1_MINITWICE_4058	76	Picture	75_T_PWTRIAD_PW_pizarra_red.png	4393564	43198	3	1900	6	43200	1800
S002_DAY1_MINITWICE_4058	77	Picture	PW	4395664	0	3	43200	5	0	43200
S002_DAY1_MINITWICE_4058	77	Pulse	99	4411523	15859	NA
S002_DAY1_MINITWICE_4058	77	Port Input	1	4411523	15859	NA
S002_DAY1_MINITWICE_4058	77	Response	51	4417280	21616	1
S002_DAY1_MINITWICE_4058	77	Picture	76_T_PWTRIAD_PW_llave_red.png	4438864	43200	2	1901	3	43200	1800
S002_DAY1_MINITWICE_4058	78	Picture	RW	4440964	0	2	43201	3	0	43200
S002_DAY1_MINITWICE_4058	78	Pulse	99	4447524	6560	NA
S002_DAY1_MINITWICE_4058	78	Port Input	1	4447524	6560	NA
S002_DAY1_MINITWICE_4058	78	Response	52	4454222	13258	1
S002_DAY1_MINITWICE_4058	78	Pulse	99	4483525	42561	NA
S002_DAY1_MINITWICE_4058	78	Port Input	1	4483525	42561	NA
S002_DAY1_MINITWICE_4058	78	Picture	77_T_RWTRIAD_RW_mono_red.png	4484165	43201	1	1898	4	43200	1800
S002_DAY1_MINITWICE_4058	79	Picture	RW	4486264	0	2	43200	3	0	43200
S002_DAY1_MINITWICE_4058	79	Response	52	4509517	23253	2
S002_DAY1_MINITWICE_4058	79	Pulse	99	4519526	33262	NA
S002_DAY1_MINITWICE_4058	79	Port Input	1	4519526	33262	NA
S002_DAY1_MINITWICE_4058	79	Picture	78_T_RWTRIAD_RW_sobre_red.png	4529464	43200	1	1900	2	43200	1800
S002_DAY1_MINITWICE_4058	80	Picture	RW	4531564	0	1	43200	2	0	43200
S002_DAY1_MINITWICE_4058	80	Pulse	99	4555526	23962	NA
S002_DAY1_MINITWICE_4058	80	Port Input	1	4555526	23962	NA
S002_DAY1_MINITWICE_4058	80	Picture	79_T_RWTRIAD_RW_piramide_red.png	4574764	43200	1	1900	2	43200	1800
S002_DAY1_MINITWICE_4058	80	Response	51	4576366	44802	1
S002_DAY1_MINITWICE_4058	81	Picture	RW	4576864	0	1	43200	2	0	43200
S002_DAY1_MINITWICE_4058	81	Pulse	99	4591527	14663	NA
S002_DAY1_MINITWICE_4058	81	Port Input	1	4591527	14663	NA
S002_DAY1_MINITWICE_4058	81	Response	51	4615953	39089	1
S002_DAY1_MINITWICE_4058	81	Picture	80_T_RWTRIAD_RW_lechuga_red.png	4620064	43200	1	1900	2	43200	1800
S002_DAY1_MINITWICE_4058	82	Picture	rest	4622064	0	1	144098	3	0	144000
S002_DAY1_MINITWICE_4058	82	Pulse	99	4627528	5464	NA
S002_DAY1_MINITWICE_4058	82	Port Input	1	4627528	5464	NA
S002_DAY1_MINITWICE_4058	82	Pulse	99	4663529	41465	NA
S002_DAY1_MINITWICE_4058	82	Port Input	1	4663529	41465	NA
S002_DAY1_MINITWICE_4058	82	Pulse	99	4699530	77466	NA
S002_DAY1_MINITWICE_4058	82	Port Input	1	4699530	77466	NA
S002_DAY1_MINITWICE_4058	82	Pulse	99	4735531	113467	NA
S002_DAY1_MINITWICE_4058	82	Port Input	1	4735531	113467	NA
S002_DAY1_MINITWICE_4058	83	Picture	endrest	4766262	0	2	10100	3	0	10000
S002_DAY1_MINITWICE_4058	83	Pulse	99	4771532	5270	NA
S002_DAY1_MINITWICE_4058	83	Port Input	1	4771532	5270	NA
S002_DAY1_MINITWICE_4058	84	Picture	FF	4776562	0	1	43200	2	0	43200
S002_DAY1_MINITWICE_4058	84	Response	51	4791388	14826	1
S002_DAY1_MINITWICE_4058	84	Pulse	99	4807533	30971	NA
S002_DAY1_MINITWICE_4058	84	Port Input	1	4807533	30971	NA
S002_DAY1_MINITWICE_4058	84	Picture	83_T_FFTRIAD_FF_novia_red.png	4819762	43200	1	1900	2	43200	1800
S002_DAY1_MINITWICE_4058	85	Picture	FF	4821862	0	1	43200	2	0	43200
S002_DAY1_MINITWICE_4058	85	Pulse	99	4843534	21672	NA
S002_DAY1_MINITWICE_4058	85	Port Input	1	4843534	21672	NA
S002_DAY1_MINITWICE_4058	85	Response	51	4852689	30827	1
S002_DAY1_MINITWICE_4058	85	Picture	84_T_FFTRIAD_FF_gafas_red.png	4865062	43200	1	1900	2	43200	1800
S002_DAY1_MINITWICE_4058	86	Picture	FF	4867162	0	1	43199	2	0	43200
S002_DAY1_MINITWICE_4058	86	Pulse	99	4879535	12373	NA
S002_DAY1_MINITWICE_4058	86	Port Input	1	4879535	12373	NA
S002_DAY1_MINITWICE_4058	86	Response	51	4884215	17053	1
S002_DAY1_MINITWICE_4058	86	Picture	85_T_FFTRIAD_FF_violin_red.png	4910361	43199	1	1900	2	43200	1800
S002_DAY1_MINITWICE_4058	87	Picture	FF	4912461	0	1	43200	2	0	43200
S002_DAY1_MINITWICE_4058	87	Pulse	99	4915536	3075	NA
S002_DAY1_MINITWICE_4058	87	Port Input	1	4915536	3075	NA
S002_DAY1_MINITWICE_4058	87	Response	51	4927470	15009	1
S002_DAY1_MINITWICE_4058	87	Pulse	99	4951537	39076	NA
S002_DAY1_MINITWICE_4058	87	Port Input	1	4951537	39076	NA
S002_DAY1_MINITWICE_4058	87	Picture	86_T_FFTRIAD_FF_estetoscopio_red.png	4955661	43200	1	1900	2	43200	1800
S002_DAY1_MINITWICE_4058	88	Picture	PW	4957761	0	1	43200	2	0	43200
S002_DAY1_MINITWICE_4058	88	Pulse	99	4987538	29777	NA
S002_DAY1_MINITWICE_4058	88	Port Input	1	4987538	29777	NA
S002_DAY1_MINITWICE_4058	88	Picture	87_T_PWTRIAD_PW_tenedor_red.png	5000961	43200	1	1900	2	43200	1800
S002_DAY1_MINITWICE_4058	89	Picture	PW	5003061	0	1	43199	2	0	43200
S002_DAY1_MINITWICE_4058	89	Pulse	99	5023539	20478	NA
S002_DAY1_MINITWICE_4058	89	Port Input	1	5023539	20478	NA
S002_DAY1_MINITWICE_4058	89	Response	52	5029247	26186	1
S002_DAY1_MINITWICE_4058	89	Picture	88_T_PWTRIAD_PW_candado_red.png	5046260	43199	1	1900	2	43200	1800
S002_DAY1_MINITWICE_4058	90	Picture	PW	5048360	0	1	43200	2	0	43200
S002_DAY1_MINITWICE_4058	90	Pulse	99	5059540	11180	NA
S002_DAY1_MINITWICE_4058	90	Port Input	1	5059540	11180	NA
S002_DAY1_MINITWICE_4058	90	Response	52	5071249	22889	1
S002_DAY1_MINITWICE_4058	90	Picture	89_T_PWTRIAD_PW_plato_red.png	5091560	43200	1	1900	2	43200	1800
S002_DAY1_MINITWICE_4058	91	Picture	PW	5093660	0	1	43200	2	0	43200
S002_DAY1_MINITWICE_4058	91	Pulse	99	5095541	1881	NA
S002_DAY1_MINITWICE_4058	91	Port Input	1	5095541	1881	NA
S002_DAY1_MINITWICE_4058	91	Response	52	5114469	20809	1
S002_DAY1_MINITWICE_4058	91	Pulse	99	5131542	37882	NA
S002_DAY1_MINITWICE_4058	91	Port Input	1	5131542	37882	NA
S002_DAY1_MINITWICE_4058	91	Picture	90_T_PWTRIAD_PW_lana_red.png	5136860	43200	1	1900	2	43200	1800
S002_DAY1_MINITWICE_4058	92	Picture	rest	5138859	0	2	144099	4	0	144000
S002_DAY1_MINITWICE_4058	92	Pulse	99	5167543	28684	NA
S002_DAY1_MINITWICE_4058	92	Port Input	1	5167543	28684	NA
S002_DAY1_MINITWICE_4058	92	Pulse	99	5203544	64685	NA
S002_DAY1_MINITWICE_4058	92	Port Input	1	5203544	64685	NA
S002_DAY1_MINITWICE_4058	92	Pulse	99	5239545	100686	NA
S002_DAY1_MINITWICE_4058	92	Port Input	1	5239545	100686	NA
S002_DAY1_MINITWICE_4058	92	Pulse	99	5275546	136687	NA
S002_DAY1_MINITWICE_4058	92	Port Input	1	5275546	136687	NA
S002_DAY1_MINITWICE_4058	93	Picture	endrest	5283058	0	2	10100	3	0	10000
S002_DAY1_MINITWICE_4058	94	Picture	RW	5293358	0	1	43200	2	0	43200
S002_DAY1_MINITWICE_4058	94	Pulse	99	5311547	18189	NA
S002_DAY1_MINITWICE_4058	94	Port Input	1	5311547	18189	NA
S002_DAY1_MINITWICE_4058	94	Response	52	5319926	26568	1
S002_DAY1_MINITWICE_4058	94	Picture	93_T_RWTRIAD_RW_raton_red.png	5336558	43200	1	1900	2	43200	1800
S002_DAY1_MINITWICE_4058	95	Picture	RW	5338658	0	1	43200	2	0	43200
S002_DAY1_MINITWICE_4058	95	Pulse	99	5347548	8890	NA
S002_DAY1_MINITWICE_4058	95	Port Input	1	5347548	8890	NA
S002_DAY1_MINITWICE_4058	95	Response	52	5365854	27196	1
S002_DAY1_MINITWICE_4058	95	Response	51	5375760	37102	1
S002_DAY1_MINITWICE_4058	95	Picture	94_T_RWTRIAD_RW_dedal_red.png	5381858	43200	1	1900	2	43200	1800
S002_DAY1_MINITWICE_4058	95	Pulse	99	5383549	44891	NA
S002_DAY1_MINITWICE_4058	95	Port Input	1	5383549	44891	NA
S002_DAY1_MINITWICE_4058	96	Picture	RW	5383958	0	1	43199	2	0	43200
S002_DAY1_MINITWICE_4058	96	Response	51	5416834	32876	2
S002_DAY1_MINITWICE_4058	96	Pulse	99	5419549	35591	NA
S002_DAY1_MINITWICE_4058	96	Port Input	1	5419549	35591	NA
S002_DAY1_MINITWICE_4058	96	Picture	95_T_RWTRIAD_RW_perro_red.png	5427157	43199	1	1900	2	43200	1800
S002_DAY1_MINITWICE_4058	97	Picture	RW	5429257	0	1	43200	2	0	43200
S002_DAY1_MINITWICE_4058	97	Pulse	99	5455550	26293	NA
S002_DAY1_MINITWICE_4058	97	Port Input	1	5455550	26293	NA
S002_DAY1_MINITWICE_4058	97	Picture	96_T_RWTRIAD_RW_paraguas_red.png	5472457	43200	1	1900	2	43200	1800
S002_DAY1_MINITWICE_4058	98	Picture	FF	5474557	0	1	43200	2	0	43200
S002_DAY1_MINITWICE_4058	98	Pulse	99	5491551	16994	NA
S002_DAY1_MINITWICE_4058	98	Port Input	1	5491551	16994	NA
S002_DAY1_MINITWICE_4058	98	Response	52	5510618	36061	1
S002_DAY1_MINITWICE_4058	98	Picture	97_T_FFTRIAD_FF_chupete_red.png	5517757	43200	1	1900	2	43200	1800
S002_DAY1_MINITWICE_4058	99	Picture	FF	5519857	0	1	43199	2	0	43200
S002_DAY1_MINITWICE_4058	99	Pulse	99	5527552	7695	NA
S002_DAY1_MINITWICE_4058	99	Port Input	1	5527552	7695	NA
S002_DAY1_MINITWICE_4058	99	Response	52	5533164	13307	1
S002_DAY1_MINITWICE_4058	99	Picture	98_T_FFTRIAD_FF_molino_red.png	5563056	43199	1	1900	2	43200	1800
S002_DAY1_MINITWICE_4058	99	Pulse	99	5563553	43696	NA
S002_DAY1_MINITWICE_4058	99	Port Input	1	5563553	43696	NA
S002_DAY1_MINITWICE_4058	100	Picture	FF	5565156	0	1	43200	2	0	43200
S002_DAY1_MINITWICE_4058	100	Response	51	5580232	15076	1
S002_DAY1_MINITWICE_4058	100	Pulse	99	5599554	34398	NA
S002_DAY1_MINITWICE_4058	100	Port Input	1	5599554	34398	NA
S002_DAY1_MINITWICE_4058	100	Picture	99_T_FFTRIAD_FF_madera_red.png	5608356	43200	1	1900	2	43200	1800
S002_DAY1_MINITWICE_4058	101	Picture	FF	5610456	0	1	43200	2	0	43200
S002_DAY1_MINITWICE_4058	101	Response	52	5627142	16686	1
S002_DAY1_MINITWICE_4058	101	Pulse	99	5635555	25099	NA
S002_DAY1_MINITWICE_4058	101	Port Input	1	5635555	25099	NA
S002_DAY1_MINITWICE_4058	101	Picture	100_T_FFTRIAD_FF_banera_red.png	5653656	43200	1	1900	2	43200	1800
S002_DAY1_MINITWICE_4058	102	Picture	rest	5655656	0	1	144098	2	0	144000
S002_DAY1_MINITWICE_4058	102	Pulse	99	5671556	15900	NA
S002_DAY1_MINITWICE_4058	102	Port Input	1	5671556	15900	NA
S002_DAY1_MINITWICE_4058	102	Pulse	99	5707557	51901	NA
S002_DAY1_MINITWICE_4058	102	Port Input	1	5707557	51901	NA
S002_DAY1_MINITWICE_4058	102	Pulse	99	5743558	87902	NA
S002_DAY1_MINITWICE_4058	102	Port Input	1	5743558	87902	NA
S002_DAY1_MINITWICE_4058	102	Pulse	99	5779559	123903	NA
S002_DAY1_MINITWICE_4058	102	Port Input	1	5779559	123903	NA
S002_DAY1_MINITWICE_4058	103	Picture	endrest	5799854	0	2	10100	3	0	10000
S002_DAY1_MINITWICE_4058	104	Picture	FF	5810154	0	1	43200	2	0	43200
S002_DAY1_MINITWICE_4058	104	Pulse	99	5815560	5406	NA
S002_DAY1_MINITWICE_4058	104	Port Input	1	5815560	5406	NA
S002_DAY1_MINITWICE_4058	104	Response	52	5833822	23668	1
S002_DAY1_MINITWICE_4058	104	Pulse	99	5851561	41407	NA
S002_DAY1_MINITWICE_4058	104	Port Input	1	5851561	41407	NA
S002_DAY1_MINITWICE_4058	104	Picture	103_T_FFTRIAD_FF_tenedor_red.png	5853354	43200	1	1900	2	43200	1800
S002_DAY1_MINITWICE_4058	105	Picture	FF	5855454	0	1	43200	2	0	43200
S002_DAY1_MINITWICE_4058	105	Response	51	5870245	14791	1
S002_DAY1_MINITWICE_4058	105	Pulse	99	5887562	32108	NA
S002_DAY1_MINITWICE_4058	105	Port Input	1	5887562	32108	NA
S002_DAY1_MINITWICE_4058	105	Picture	104_T_FFTRIAD_FF_traje_red.png	5898654	43200	1	1900	2	43200	1800
S002_DAY1_MINITWICE_4058	106	Picture	FF	5900754	0	1	43199	2	0	43200
S002_DAY1_MINITWICE_4058	106	Pulse	99	5923563	22809	NA
S002_DAY1_MINITWICE_4058	106	Port Input	1	5923563	22809	NA
S002_DAY1_MINITWICE_4058	106	Response	52	5925318	24564	1
S002_DAY1_MINITWICE_4058	106	Picture	105_T_FFTRIAD_FF_lenador_red.png	5943953	43199	1	1900	2	43200	1800
S002_DAY1_MINITWICE_4058	107	Picture	FF	5946053	0	1	43200	2	0	43200
S002_DAY1_MINITWICE_4058	107	Pulse	99	5959564	13511	NA
S002_DAY1_MINITWICE_4058	107	Port Input	1	5959564	13511	NA
S002_DAY1_MINITWICE_4058	107	Response	52	5965190	19137	1
S002_DAY1_MINITWICE_4058	107	Picture	106_T_FFTRIAD_FF_telefono_red.png	5989253	43200	1	1900	2	43200	1800
S002_DAY1_MINITWICE_4058	108	Picture	RW	5991353	0	1	43200	2	0	43200
S002_DAY1_MINITWICE_4058	108	Pulse	99	5995565	4212	NA
S002_DAY1_MINITWICE_4058	108	Port Input	1	5995565	4212	NA
S002_DAY1_MINITWICE_4058	108	Pulse	99	6031566	40213	NA
S002_DAY1_MINITWICE_4058	108	Port Input	1	6031566	40213	NA
S002_DAY1_MINITWICE_4058	108	Picture	107_T_RWTRIAD_RW_zanahoria_red.png	6034553	43200	1	1900	2	43200	1800
S002_DAY1_MINITWICE_4058	109	Picture	RW	6036653	0	1	43199	2	0	43200
S002_DAY1_MINITWICE_4058	109	Pulse	99	6067567	30914	NA
S002_DAY1_MINITWICE_4058	109	Port Input	1	6067567	30914	NA
S002_DAY1_MINITWICE_4058	109	Picture	108_T_RWTRIAD_RW_iglu_red.png	6079852	43199	1	1900	2	43200	1800
S002_DAY1_MINITWICE_4058	110	Picture	RW	6081952	0	1	43200	2	0	43200
S002_DAY1_MINITWICE_4058	110	Pulse	99	6103568	21616	NA
S002_DAY1_MINITWICE_4058	110	Port Input	1	6103568	21616	NA
S002_DAY1_MINITWICE_4058	110	Response	52	6106528	24576	2
S002_DAY1_MINITWICE_4058	110	Picture	109_T_RWTRIAD_RW_bebe_red.png	6125152	43200	1	1900	2	43200	1800
S002_DAY1_MINITWICE_4058	111	Picture	RW	6127252	0	1	43200	2	0	43200
S002_DAY1_MINITWICE_4058	111	Pulse	99	6139569	12317	NA
S002_DAY1_MINITWICE_4058	111	Port Input	1	6139569	12317	NA
S002_DAY1_MINITWICE_4058	111	Response	51	6142904	15652	1
S002_DAY1_MINITWICE_4058	111	Picture	110_T_RWTRIAD_RW_traje_red.png	6170452	43200	1	1899	3	43200	1800
S002_DAY1_MINITWICE_4058	112	Picture	rest	6172452	0	1	144098	3	0	144000
S002_DAY1_MINITWICE_4058	112	Pulse	99	6175570	3118	NA
S002_DAY1_MINITWICE_4058	112	Port Input	1	6175570	3118	NA
S002_DAY1_MINITWICE_4058	112	Pulse	99	6211571	39119	NA
S002_DAY1_MINITWICE_4058	112	Port Input	1	6211571	39119	NA
S002_DAY1_MINITWICE_4058	112	Pulse	99	6247572	75120	NA
S002_DAY1_MINITWICE_4058	112	Port Input	1	6247572	75120	NA
S002_DAY1_MINITWICE_4058	112	Pulse	99	6283572	111120	NA
S002_DAY1_MINITWICE_4058	112	Port Input	1	6283572	111120	NA
S002_DAY1_MINITWICE_4058	113	Picture	endrest	6316650	0	2	10100	3	0	10000
S002_DAY1_MINITWICE_4058	113	Pulse	99	6319573	2923	NA
S002_DAY1_MINITWICE_4058	113	Port Input	1	6319573	2923	NA
S002_DAY1_MINITWICE_4058	114	Picture	PW	6326950	0	1	43200	2	0	43200
S002_DAY1_MINITWICE_4058	114	Pulse	99	6355574	28624	NA
S002_DAY1_MINITWICE_4058	114	Port Input	1	6355574	28624	NA
S002_DAY1_MINITWICE_4058	114	Picture	113_T_PWTRIAD_PW_sapo_red.png	6370150	43200	1	1900	2	43200	1800
S002_DAY1_MINITWICE_4058	115	Picture	PW	6372250	0	1	43200	2	0	43200
S002_DAY1_MINITWICE_4058	115	Pulse	99	6391575	19325	NA
S002_DAY1_MINITWICE_4058	115	Port Input	1	6391575	19325	NA
S002_DAY1_MINITWICE_4058	115	Response	52	6396182	23932	1
S002_DAY1_MINITWICE_4058	115	Picture	114_T_PWTRIAD_PW_portatil_red.png	6415450	43200	1	1900	2	43200	1800
S002_DAY1_MINITWICE_4058	116	Picture	PW	6417550	0	1	43199	2	0	43200
S002_DAY1_MINITWICE_4058	116	Pulse	99	6427576	10026	NA
S002_DAY1_MINITWICE_4058	116	Port Input	1	6427576	10026	NA
S002_DAY1_MINITWICE_4058	116	Response	52	6435838	18288	2
S002_DAY1_MINITWICE_4058	116	Picture	115_T_PWTRIAD_PW_oruga_red.png	6460749	43199	1	1900	2	43200	1800
S002_DAY1_MINITWICE_4058	117	Picture	PW	6462849	0	1	43200	2	0	43200
S002_DAY1_MINITWICE_4058	117	Pulse	99	6463577	728	NA
S002_DAY1_MINITWICE_4058	117	Port Input	1	6463577	728	NA
S002_DAY1_MINITWICE_4058	117	Response	52	6473515	10666	1
S002_DAY1_MINITWICE_4058	117	Pulse	99	6499578	36729	NA
S002_DAY1_MINITWICE_4058	117	Port Input	1	6499578	36729	NA
S002_DAY1_MINITWICE_4058	117	Picture	116_T_PWTRIAD_PW_huevos_red.png	6506049	43200	1	1900	2	43200	1800
S002_DAY1_MINITWICE_4058	118	Picture	RW	6508149	0	1	43200	2	0	43200
S002_DAY1_MINITWICE_4058	118	Response	51	6524321	16172	1
S002_DAY1_MINITWICE_4058	118	Pulse	99	6535579	27430	NA
S002_DAY1_MINITWICE_4058	118	Port Input	1	6535579	27430	NA
S002_DAY1_MINITWICE_4058	118	Picture	117_T_RWTRIAD_RW_violin_red.png	6551349	43200	1	1899	3	43200	1800
S002_DAY1_MINITWICE_4058	119	Picture	RW	6553449	0	1	43199	2	0	43200
S002_DAY1_MINITWICE_4058	119	Pulse	99	6571580	18131	NA
S002_DAY1_MINITWICE_4058	119	Port Input	1	6571580	18131	NA
S002_DAY1_MINITWICE_4058	119	Response	52	6595734	42285	1
S002_DAY1_MINITWICE_4058	119	Picture	118_T_RWTRIAD_RW_anillo_red.png	6596648	43199	1	1900	2	43200	1800
S002_DAY1_MINITWICE_4058	120	Picture	RW	6598748	0	1	43200	2	0	43200
S002_DAY1_MINITWICE_4058	120	Pulse	99	6607581	8833	NA
S002_DAY1_MINITWICE_4058	120	Port Input	1	6607581	8833	NA
S002_DAY1_MINITWICE_4058	120	Response	51	6620276	21528	1
S002_DAY1_MINITWICE_4058	120	Picture	119_T_RWTRIAD_RW_ascensor_red.png	6641948	43200	1	1900	2	43200	1800
S002_DAY1_MINITWICE_4058	120	Pulse	99	6643582	44834	NA
S002_DAY1_MINITWICE_4058	120	Port Input	1	6643582	44834	NA
S002_DAY1_MINITWICE_4058	121	Picture	RW	6644048	0	1	43200	2	0	43200
S002_DAY1_MINITWICE_4058	121	Response	51	6671446	27398	1
S002_DAY1_MINITWICE_4058	121	Pulse	99	6679583	35535	NA
S002_DAY1_MINITWICE_4058	121	Port Input	1	6679583	35535	NA
S002_DAY1_MINITWICE_4058	121	Picture	120_T_RWTRIAD_RW_telarana_red.png	6687248	43200	1	1900	2	43200	1800
S002_DAY1_MINITWICE_4058	122	Picture	rest	6689247	0	2	144099	3	0	144000
S002_DAY1_MINITWICE_4058	122	Pulse	99	6715584	26337	NA
S002_DAY1_MINITWICE_4058	122	Port Input	1	6715584	26337	NA
S002_DAY1_MINITWICE_4058	122	Pulse	99	6751585	62338	NA
S002_DAY1_MINITWICE_4058	122	Port Input	1	6751585	62338	NA
S002_DAY1_MINITWICE_4058	122	Pulse	99	6787586	98339	NA
S002_DAY1_MINITWICE_4058	122	Port Input	1	6787586	98339	NA
S002_DAY1_MINITWICE_4058	122	Pulse	99	6823587	134340	NA
S002_DAY1_MINITWICE_4058	122	Port Input	1	6823587	134340	NA
S002_DAY1_MINITWICE_4058	123	Picture	endrest	6833446	0	1	10100	2	0	10000
S002_DAY1_MINITWICE_4058	124	Picture	RW	6843746	0	1	43200	2	0	43200
S002_DAY1_MINITWICE_4058	124	Pulse	99	6859588	15842	NA
S002_DAY1_MINITWICE_4058	124	Port Input	1	6859588	15842	NA
S002_DAY1_MINITWICE_4058	124	Picture	123_T_RWTRIAD_RW_portatil_red.png	6886946	43200	1	1900	2	43200	1800
S002_DAY1_MINITWICE_4058	125	Picture	RW	6889046	0	1	43200	2	0	43200
S002_DAY1_MINITWICE_4058	125	Pulse	99	6895589	6543	NA
S002_DAY1_MINITWICE_4058	125	Port Input	1	6895589	6543	NA
S002_DAY1_MINITWICE_4058	125	Response	52	6917004	27958	1
S002_DAY1_MINITWICE_4058	125	Pulse	99	6931590	42544	NA
S002_DAY1_MINITWICE_4058	125	Port Input	1	6931590	42544	NA
S002_DAY1_MINITWICE_4058	125	Picture	124_T_RWTRIAD_RW_silla_red.png	6932246	43200	1	1900	2	43200	1800
S002_DAY1_MINITWICE_4058	126	Picture	RW	6934346	0	1	43199	2	0	43200
S002_DAY1_MINITWICE_4058	126	Response	51	6948702	14356	1
S002_DAY1_MINITWICE_4058	126	Pulse	99	6967591	33245	NA
S002_DAY1_MINITWICE_4058	126	Port Input	1	6967591	33245	NA
S002_DAY1_MINITWICE_4058	126	Picture	125_T_RWTRIAD_RW_bala_red.png	6977545	43199	1	1900	2	43200	1800
S002_DAY1_MINITWICE_4058	127	Picture	RW	6979645	0	1	43200	2	0	43200
S002_DAY1_MINITWICE_4058	127	Response	51	6993228	13583	2
S002_DAY1_MINITWICE_4058	127	Pulse	99	7003592	23947	NA
S002_DAY1_MINITWICE_4058	127	Port Input	1	7003592	23947	NA
S002_DAY1_MINITWICE_4058	127	Picture	126_T_RWTRIAD_RW_novia_red.png	7022845	43200	1	1900	2	43200	1800
S002_DAY1_MINITWICE_4058	128	Picture	PW	7024945	0	1	43200	2	0	43200
S002_DAY1_MINITWICE_4058	128	Pulse	99	7039593	14648	NA
S002_DAY1_MINITWICE_4058	128	Port Input	1	7039593	14648	NA
S002_DAY1_MINITWICE_4058	128	Response	51	7041974	17029	1
S002_DAY1_MINITWICE_4058	128	Picture	127_T_PWTRIAD_PW_martillo_red.png	7068145	43200	1	1900	2	43200	1800
S002_DAY1_MINITWICE_4058	129	Picture	PW	7070245	0	1	43199	2	0	43200
S002_DAY1_MINITWICE_4058	129	Pulse	99	7075594	5349	NA
S002_DAY1_MINITWICE_4058	129	Port Input	1	7075594	5349	NA
S002_DAY1_MINITWICE_4058	129	Response	51	7086593	16348	2
S002_DAY1_MINITWICE_4058	129	Pulse	99	7111594	41349	NA
S002_DAY1_MINITWICE_4058	129	Port Input	1	7111594	41349	NA
S002_DAY1_MINITWICE_4058	129	Picture	128_T_PWTRIAD_PW_cerillas_red.png	7113444	43199	1	1900	2	43200	1800
S002_DAY1_MINITWICE_4058	130	Picture	PW	7115544	0	1	43200	2	0	43200
S002_DAY1_MINITWICE_4058	130	Response	51	7137503	21959	1
S002_DAY1_MINITWICE_4058	130	Pulse	99	7147595	32051	NA
S002_DAY1_MINITWICE_4058	130	Port Input	1	7147595	32051	NA
S002_DAY1_MINITWICE_4058	130	Picture	129_T_PWTRIAD_PW_almohada_red.png	7158744	43200	1	1900	2	43200	1800
S002_DAY1_MINITWICE_4058	131	Picture	PW	7160844	0	1	43199	3	0	43200
S002_DAY1_MINITWICE_4058	131	Response	52	7177090	16246	1
S002_DAY1_MINITWICE_4058	131	Pulse	99	7183596	22752	NA
S002_DAY1_MINITWICE_4058	131	Port Input	1	7183596	22752	NA
S002_DAY1_MINITWICE_4058	131	Picture	130_T_PWTRIAD_PW_granjero_red.png	7204043	43199	2	1900	4	43200	1800
S002_DAY1_MINITWICE_4058	132	Picture	rest	7206043	0	2	144099	3	0	144000
S002_DAY1_MINITWICE_4058	132	Pulse	99	7219597	13554	NA
S002_DAY1_MINITWICE_4058	132	Port Input	1	7219597	13554	NA
S002_DAY1_MINITWICE_4058	132	Pulse	99	7255598	49555	NA
S002_DAY1_MINITWICE_4058	132	Port Input	1	7255598	49555	NA
S002_DAY1_MINITWICE_4058	132	Pulse	99	7291599	85556	NA
S002_DAY1_MINITWICE_4058	132	Port Input	1	7291599	85556	NA
S002_DAY1_MINITWICE_4058	132	Pulse	99	7327600	121557	NA
S002_DAY1_MINITWICE_4058	132	Port Input	1	7327600	121557	NA
S002_DAY1_MINITWICE_4058	133	Picture	endrest	7350242	0	1	10100	2	0	10000
S002_DAY1_MINITWICE_4058	134	Picture	RW	7360542	0	1	43200	2	0	43200
S002_DAY1_MINITWICE_4058	134	Pulse	99	7363601	3059	NA
S002_DAY1_MINITWICE_4058	134	Port Input	1	7363601	3059	NA
S002_DAY1_MINITWICE_4058	134	Response	51	7378521	17979	2
S002_DAY1_MINITWICE_4058	134	Pulse	99	7399602	39060	NA
S002_DAY1_MINITWICE_4058	134	Port Input	1	7399602	39060	NA
S002_DAY1_MINITWICE_4058	134	Picture	133_T_RWTRIAD_RW_tenedor_red.png	7403742	43200	1	1900	2	43200	1800
S002_DAY1_MINITWICE_4058	135	Picture	RW	7405842	0	1	43200	2	0	43200
S002_DAY1_MINITWICE_4058	135	Pulse	99	7435603	29761	NA
S002_DAY1_MINITWICE_4058	135	Port Input	1	7435603	29761	NA
S002_DAY1_MINITWICE_4058	135	Response	51	7440579	34737	1
S002_DAY1_MINITWICE_4058	135	Picture	134_T_RWTRIAD_RW_television_red.png	7449042	43200	1	1900	2	43200	1800
S002_DAY1_MINITWICE_4058	136	Picture	RW	7451142	0	1	43199	2	0	43200
S002_DAY1_MINITWICE_4058	136	Response	52	7466755	15613	1
S002_DAY1_MINITWICE_4058	136	Pulse	99	7471604	20462	NA
S002_DAY1_MINITWICE_4058	136	Port Input	1	7471604	20462	NA
S002_DAY1_MINITWICE_4058	136	Picture	135_T_RWTRIAD_RW_destornillador_red.png	7494341	43199	1	1900	2	43200	1800
S002_DAY1_MINITWICE_4058	137	Picture	RW	7496441	0	1	43200	2	0	43200
S002_DAY1_MINITWICE_4058	137	Pulse	99	7507605	11164	NA
S002_DAY1_MINITWICE_4058	137	Port Input	1	7507605	11164	NA
S002_DAY1_MINITWICE_4058	137	Response	51	7510850	14409	1
S002_DAY1_MINITWICE_4058	137	Picture	136_T_RWTRIAD_RW_pilas_red.png	7539641	43200	1	1900	2	43200	1800
S002_DAY1_MINITWICE_4058	138	Picture	rest	7541641	0	1	144099	2	0	144000
S002_DAY1_MINITWICE_4058	138	Pulse	99	7543606	1965	NA
S002_DAY1_MINITWICE_4058	138	Port Input	1	7543606	1965	NA
S002_DAY1_MINITWICE_4058	138	Pulse	99	7579607	37966	NA
S002_DAY1_MINITWICE_4058	138	Port Input	1	7579607	37966	NA
S002_DAY1_MINITWICE_4058	139	Picture	endrest	7685840	0	1	10100	2	0	10000
S002_DAY1_MINITWICE_4058	140	Picture	endrest	7696040	0	1	10100	2	0	10000
S002_DAY1_MINITWICE_4058	141	Picture	endrest	7706240	0	1	10100	2	0	10000
S002_DAY1_MINITWICE_4058	142	Picture	endrest	7716440	0	1	10099	3	0	10000
