Scenario - vOT_Triads_fMRI_II
Logfile written - 05/04/2015 11:47:55

Subject	Trial	Event Type	Code	Time	TTime	Uncertainty	Duration	Uncertainty	ReqTime	ReqDur

S002_DAY2_MINITWICE_4058	1	Pulse	99	855684	865601	NA
S002_DAY2_MINITWICE_4058	1	Port Input	1	855684	865601	NA
S002_DAY2_MINITWICE_4058	1	Pulse	99	891685	901602	NA
S002_DAY2_MINITWICE_4058	1	Port Input	1	891685	901602	NA
S002_DAY2_MINITWICE_4058	1	Pulse	99	927687	937604	NA
S002_DAY2_MINITWICE_4058	1	Port Input	1	927687	937604	NA
S002_DAY2_MINITWICE_4058	1	Pulse	99	963688	973605	NA
S002_DAY2_MINITWICE_4058	1	Port Input	1	963688	973605	NA
S002_DAY2_MINITWICE_4058	1	Pulse	99	999689	1009606	NA
S002_DAY2_MINITWICE_4058	1	Port Input	1	999689	1009606	NA
S002_DAY2_MINITWICE_4058	2	Picture	rest	999895	0	1	144099	3	0	144000
S002_DAY2_MINITWICE_4058	2	Pulse	99	1035690	35795	NA
S002_DAY2_MINITWICE_4058	2	Port Input	1	1035690	35795	NA
S002_DAY2_MINITWICE_4058	2	Pulse	99	1071691	71796	NA
S002_DAY2_MINITWICE_4058	2	Port Input	1	1071691	71796	NA
S002_DAY2_MINITWICE_4058	2	Pulse	99	1107692	107797	NA
S002_DAY2_MINITWICE_4058	2	Port Input	1	1107692	107797	NA
S002_DAY2_MINITWICE_4058	2	Pulse	99	1143693	143798	NA
S002_DAY2_MINITWICE_4058	2	Port Input	1	1143693	143798	NA
S002_DAY2_MINITWICE_4058	3	Picture	endrest	1144094	0	2	10100	4	0	10000
S002_DAY2_MINITWICE_4058	4	Picture	FF	1154394	0	2	43200	3	0	43200
S002_DAY2_MINITWICE_4058	4	Pulse	99	1179694	25300	NA
S002_DAY2_MINITWICE_4058	4	Port Input	1	1179694	25300	NA
S002_DAY2_MINITWICE_4058	4	Picture	3_T_FFTRIAD_FF_botella_red.png	1197594	43200	1	1900	2	43200	1800
S002_DAY2_MINITWICE_4058	5	Picture	FF	1199694	0	1	43200	2	0	43200
S002_DAY2_MINITWICE_4058	5	Response	52	1215555	15861	2
S002_DAY2_MINITWICE_4058	5	Pulse	99	1215695	16001	NA
S002_DAY2_MINITWICE_4058	5	Port Input	1	1215695	16001	NA
S002_DAY2_MINITWICE_4058	5	Picture	4_T_FFTRIAD_FF_pilas_red.png	1242894	43200	1	1900	2	43200	1800
S002_DAY2_MINITWICE_4058	6	Picture	FF	1244994	0	1	43200	2	0	43200
S002_DAY2_MINITWICE_4058	6	Pulse	99	1251696	6702	NA
S002_DAY2_MINITWICE_4058	6	Port Input	1	1251696	6702	NA
S002_DAY2_MINITWICE_4058	6	Response	52	1259914	14920	1
S002_DAY2_MINITWICE_4058	6	Pulse	99	1287697	42703	NA
S002_DAY2_MINITWICE_4058	6	Port Input	1	1287697	42703	NA
S002_DAY2_MINITWICE_4058	6	Picture	5_T_FFTRIAD_FF_anillo_red.png	1288194	43200	1	1900	2	43200	1800
S002_DAY2_MINITWICE_4058	7	Picture	FF	1290294	0	1	43200	2	0	43200
S002_DAY2_MINITWICE_4058	7	Response	51	1306505	16211	1
S002_DAY2_MINITWICE_4058	7	Pulse	99	1323698	33404	NA
S002_DAY2_MINITWICE_4058	7	Port Input	1	1323698	33404	NA
S002_DAY2_MINITWICE_4058	7	Picture	6_T_FFTRIAD_FF_arbol_red.png	1333494	43200	1	1900	2	43200	1800
S002_DAY2_MINITWICE_4058	8	Picture	PW	1335594	0	1	43199	3	0	43200
S002_DAY2_MINITWICE_4058	8	Response	52	1353010	17416	1
S002_DAY2_MINITWICE_4058	8	Pulse	99	1359699	24105	NA
S002_DAY2_MINITWICE_4058	8	Port Input	1	1359699	24105	NA
S002_DAY2_MINITWICE_4058	8	Picture	7_T_PWTRIAD_PW_bala_red.png	1378793	43199	2	1900	4	43200	1800
S002_DAY2_MINITWICE_4058	9	Picture	PW	1380893	0	2	43200	3	0	43200
S002_DAY2_MINITWICE_4058	9	Pulse	99	1395700	14807	NA
S002_DAY2_MINITWICE_4058	9	Port Input	1	1395700	14807	NA
S002_DAY2_MINITWICE_4058	9	Response	51	1399291	18398	1
S002_DAY2_MINITWICE_4058	9	Picture	8_T_PWTRIAD_PW_cortina_red.png	1424093	43200	1	1900	2	43200	1800
S002_DAY2_MINITWICE_4058	10	Picture	PW	1426193	0	1	43200	2	0	43200
S002_DAY2_MINITWICE_4058	10	Pulse	99	1431701	5508	NA
S002_DAY2_MINITWICE_4058	10	Port Input	1	1431701	5508	NA
S002_DAY2_MINITWICE_4058	10	Response	51	1449955	23762	1
S002_DAY2_MINITWICE_4058	10	Pulse	99	1467702	41509	NA
S002_DAY2_MINITWICE_4058	10	Port Input	1	1467702	41509	NA
S002_DAY2_MINITWICE_4058	10	Picture	9_T_PWTRIAD_PW_grifo_red.png	1469393	43200	1	1900	2	43200	1800
S002_DAY2_MINITWICE_4058	11	Picture	PW	1471493	0	1	43200	2	0	43200
S002_DAY2_MINITWICE_4058	11	Response	52	1490395	18902	1
S002_DAY2_MINITWICE_4058	11	Pulse	99	1503703	32210	NA
S002_DAY2_MINITWICE_4058	11	Port Input	1	1503703	32210	NA
S002_DAY2_MINITWICE_4058	11	Picture	10_T_PWTRIAD_PW_gafas_red.png	1514693	43200	1	1900	2	43200	1800
S002_DAY2_MINITWICE_4058	12	Picture	rest	1516693	0	1	144099	2	0	144000
S002_DAY2_MINITWICE_4058	12	Pulse	99	1539704	23011	NA
S002_DAY2_MINITWICE_4058	12	Port Input	1	1539704	23011	NA
S002_DAY2_MINITWICE_4058	12	Pulse	99	1575706	59013	NA
S002_DAY2_MINITWICE_4058	12	Port Input	1	1575706	59013	NA
S002_DAY2_MINITWICE_4058	12	Pulse	99	1611707	95014	NA
S002_DAY2_MINITWICE_4058	12	Port Input	1	1611707	95014	NA
S002_DAY2_MINITWICE_4058	12	Pulse	99	1647708	131015	NA
S002_DAY2_MINITWICE_4058	12	Port Input	1	1647708	131015	NA
S002_DAY2_MINITWICE_4058	13	Picture	endrest	1660892	0	1	10100	2	0	10000
S002_DAY2_MINITWICE_4058	14	Picture	FF	1671192	0	1	43200	2	0	43200
S002_DAY2_MINITWICE_4058	14	Pulse	99	1683709	12517	NA
S002_DAY2_MINITWICE_4058	14	Port Input	1	1683709	12517	NA
S002_DAY2_MINITWICE_4058	14	Response	51	1684877	13685	1
S002_DAY2_MINITWICE_4058	14	Picture	13_T_FFTRIAD_FF_oruga_red.png	1714392	43200	1	1900	2	43200	1800
S002_DAY2_MINITWICE_4058	15	Picture	FF	1716492	0	1	43200	2	0	43200
S002_DAY2_MINITWICE_4058	15	Pulse	99	1719710	3218	NA
S002_DAY2_MINITWICE_4058	15	Port Input	1	1719710	3218	NA
S002_DAY2_MINITWICE_4058	15	Response	51	1735572	19080	1
S002_DAY2_MINITWICE_4058	15	Pulse	99	1755711	39219	NA
S002_DAY2_MINITWICE_4058	15	Port Input	1	1755711	39219	NA
S002_DAY2_MINITWICE_4058	15	Picture	14_T_FFTRIAD_FF_teclado_red.png	1759692	43200	1	1900	2	43200	1800
S002_DAY2_MINITWICE_4058	16	Picture	FF	1761792	0	1	43200	2	0	43200
S002_DAY2_MINITWICE_4058	16	Response	52	1774434	12642	1
S002_DAY2_MINITWICE_4058	16	Pulse	99	1791712	29920	NA
S002_DAY2_MINITWICE_4058	16	Port Input	1	1791712	29920	NA
S002_DAY2_MINITWICE_4058	16	Picture	15_T_FFTRIAD_FF_cinturon_red.png	1804992	43200	1	1900	2	43200	1800
S002_DAY2_MINITWICE_4058	17	Picture	FF	1807092	0	1	43200	2	0	43200
S002_DAY2_MINITWICE_4058	17	Response	52	1826322	19230	1
S002_DAY2_MINITWICE_4058	17	Pulse	99	1827713	20621	NA
S002_DAY2_MINITWICE_4058	17	Port Input	1	1827713	20621	NA
S002_DAY2_MINITWICE_4058	17	Picture	16_T_FFTRIAD_FF_sobre_red.png	1850292	43200	1	1899	3	43200	1800
S002_DAY2_MINITWICE_4058	18	Picture	PW	1852391	0	2	43200	3	0	43200
S002_DAY2_MINITWICE_4058	18	Pulse	99	1863714	11323	NA
S002_DAY2_MINITWICE_4058	18	Port Input	1	1863714	11323	NA
S002_DAY2_MINITWICE_4058	18	Response	51	1873375	20984	2
S002_DAY2_MINITWICE_4058	18	Picture	17_T_PWTRIAD_PW_charco_red.png	1895591	43200	1	1900	2	43200	1800
S002_DAY2_MINITWICE_4058	19	Picture	PW	1897691	0	1	43200	2	0	43200
S002_DAY2_MINITWICE_4058	19	Pulse	99	1899715	2024	NA
S002_DAY2_MINITWICE_4058	19	Port Input	1	1899715	2024	NA
S002_DAY2_MINITWICE_4058	19	Response	51	1917991	20300	1
S002_DAY2_MINITWICE_4058	19	Pulse	99	1935716	38025	NA
S002_DAY2_MINITWICE_4058	19	Port Input	1	1935716	38025	NA
S002_DAY2_MINITWICE_4058	19	Picture	18_T_PWTRIAD_PW_pluma_red.png	1940891	43200	1	1900	2	43200	1800
S002_DAY2_MINITWICE_4058	20	Picture	PW	1942991	0	1	43200	2	0	43200
S002_DAY2_MINITWICE_4058	20	Response	52	1959364	16373	1
S002_DAY2_MINITWICE_4058	20	Pulse	99	1971717	28726	NA
S002_DAY2_MINITWICE_4058	20	Port Input	1	1971717	28726	NA
S002_DAY2_MINITWICE_4058	20	Picture	19_T_PWTRIAD_PW_telefono_red.png	1986191	43200	1	1900	2	43200	1800
S002_DAY2_MINITWICE_4058	21	Picture	PW	1988291	0	1	43200	2	0	43200
S002_DAY2_MINITWICE_4058	21	Response	51	2003934	15643	1
S002_DAY2_MINITWICE_4058	21	Pulse	99	2007718	19427	NA
S002_DAY2_MINITWICE_4058	21	Port Input	1	2007718	19427	NA
S002_DAY2_MINITWICE_4058	21	Picture	20_T_PWTRIAD_PW_dedal_red.png	2031491	43200	1	1900	2	43200	1800
S002_DAY2_MINITWICE_4058	22	Picture	rest	2033491	0	1	144099	2	0	144000
S002_DAY2_MINITWICE_4058	22	Pulse	99	2043719	10228	NA
S002_DAY2_MINITWICE_4058	22	Port Input	1	2043719	10228	NA
S002_DAY2_MINITWICE_4058	22	Pulse	99	2079720	46229	NA
S002_DAY2_MINITWICE_4058	22	Port Input	1	2079720	46229	NA
S002_DAY2_MINITWICE_4058	22	Pulse	99	2115721	82230	NA
S002_DAY2_MINITWICE_4058	22	Port Input	1	2115721	82230	NA
S002_DAY2_MINITWICE_4058	22	Pulse	99	2151723	118232	NA
S002_DAY2_MINITWICE_4058	22	Port Input	1	2151723	118232	NA
S002_DAY2_MINITWICE_4058	23	Picture	endrest	2177690	0	1	10100	2	0	10000
S002_DAY2_MINITWICE_4058	23	Pulse	99	2187724	10034	NA
S002_DAY2_MINITWICE_4058	23	Port Input	1	2187724	10034	NA
S002_DAY2_MINITWICE_4058	24	Picture	FF	2187990	0	1	43200	2	0	43200
S002_DAY2_MINITWICE_4058	24	Response	52	2200138	12148	1
S002_DAY2_MINITWICE_4058	24	Pulse	99	2223725	35735	NA
S002_DAY2_MINITWICE_4058	24	Port Input	1	2223725	35735	NA
S002_DAY2_MINITWICE_4058	24	Picture	23_T_FFTRIAD_FF_esquimal_red.png	2231190	43200	1	1900	2	43200	1800
S002_DAY2_MINITWICE_4058	25	Picture	FF	2233290	0	1	43200	2	0	43200
S002_DAY2_MINITWICE_4058	25	Response	51	2247472	14182	2
S002_DAY2_MINITWICE_4058	25	Pulse	99	2259726	26436	NA
S002_DAY2_MINITWICE_4058	25	Port Input	1	2259726	26436	NA
S002_DAY2_MINITWICE_4058	25	Picture	24_T_FFTRIAD_FF_bellota_red.png	2276490	43200	1	1900	2	43200	1800
S002_DAY2_MINITWICE_4058	26	Picture	FF	2278590	0	1	43199	3	0	43200
S002_DAY2_MINITWICE_4058	26	Response	51	2291552	12962	1
S002_DAY2_MINITWICE_4058	26	Pulse	99	2295727	17137	NA
S002_DAY2_MINITWICE_4058	26	Port Input	1	2295727	17137	NA
S002_DAY2_MINITWICE_4058	26	Picture	25_T_FFTRIAD_FF_grapadora_red.png	2321789	43199	2	1901	3	43200	1800
S002_DAY2_MINITWICE_4058	27	Picture	FF	2323890	0	1	43199	2	0	43200
S002_DAY2_MINITWICE_4058	27	Pulse	99	2331728	7838	NA
S002_DAY2_MINITWICE_4058	27	Port Input	1	2331728	7838	NA
S002_DAY2_MINITWICE_4058	27	Response	51	2339985	16095	2
S002_DAY2_MINITWICE_4058	27	Picture	26_T_FFTRIAD_FF_lana_red.png	2367089	43199	1	1900	2	43200	1800
S002_DAY2_MINITWICE_4058	27	Pulse	99	2367729	43839	NA
S002_DAY2_MINITWICE_4058	27	Port Input	1	2367729	43839	NA
S002_DAY2_MINITWICE_4058	28	Picture	PW	2369189	0	1	43200	2	0	43200
S002_DAY2_MINITWICE_4058	28	Response	52	2393430	24241	1
S002_DAY2_MINITWICE_4058	28	Pulse	99	2403730	34541	NA
S002_DAY2_MINITWICE_4058	28	Port Input	1	2403730	34541	NA
S002_DAY2_MINITWICE_4058	28	Picture	27_T_PWTRIAD_PW_violin_red.png	2412389	43200	1	1900	2	43200	1800
S002_DAY2_MINITWICE_4058	29	Picture	PW	2414489	0	1	43200	2	0	43200
S002_DAY2_MINITWICE_4058	29	Pulse	99	2439731	25242	NA
S002_DAY2_MINITWICE_4058	29	Port Input	1	2439731	25242	NA
S002_DAY2_MINITWICE_4058	29	Response	51	2444147	29658	1
S002_DAY2_MINITWICE_4058	29	Picture	28_T_PWTRIAD_PW_leche_red.png	2457689	43200	1	1900	2	43200	1800
S002_DAY2_MINITWICE_4058	30	Picture	PW	2459789	0	1	43200	2	0	43200
S002_DAY2_MINITWICE_4058	30	Pulse	99	2475732	15943	NA
S002_DAY2_MINITWICE_4058	30	Port Input	1	2475732	15943	NA
S002_DAY2_MINITWICE_4058	30	Response	51	2477871	18082	1
S002_DAY2_MINITWICE_4058	30	Picture	29_T_PWTRIAD_PW_television_red.png	2502989	43200	1	1900	2	43200	1800
S002_DAY2_MINITWICE_4058	31	Picture	PW	2505089	0	1	43200	2	0	43200
S002_DAY2_MINITWICE_4058	31	Pulse	99	2511733	6644	NA
S002_DAY2_MINITWICE_4058	31	Port Input	1	2511733	6644	NA
S002_DAY2_MINITWICE_4058	31	Response	51	2519971	14882	1
S002_DAY2_MINITWICE_4058	31	Pulse	99	2547734	42645	NA
S002_DAY2_MINITWICE_4058	31	Port Input	1	2547734	42645	NA
S002_DAY2_MINITWICE_4058	31	Picture	30_T_PWTRIAD_PW_novia_red.png	2548289	43200	1	1900	2	43200	1800
S002_DAY2_MINITWICE_4058	32	Picture	rest	2550289	0	1	144099	2	0	144000
S002_DAY2_MINITWICE_4058	32	Pulse	99	2583735	33446	NA
S002_DAY2_MINITWICE_4058	32	Port Input	1	2583735	33446	NA
S002_DAY2_MINITWICE_4058	32	Pulse	99	2619736	69447	NA
S002_DAY2_MINITWICE_4058	32	Port Input	1	2619736	69447	NA
S002_DAY2_MINITWICE_4058	32	Pulse	99	2655737	105448	NA
S002_DAY2_MINITWICE_4058	32	Port Input	1	2655737	105448	NA
S002_DAY2_MINITWICE_4058	32	Pulse	99	2691738	141449	NA
S002_DAY2_MINITWICE_4058	32	Port Input	1	2691738	141449	NA
S002_DAY2_MINITWICE_4058	33	Picture	endrest	2694488	0	1	10100	2	0	10000
S002_DAY2_MINITWICE_4058	34	Picture	RW	2704888	0	1	43100	2	0	43200
S002_DAY2_MINITWICE_4058	34	Response	52	2722079	17191	1
S002_DAY2_MINITWICE_4058	34	Pulse	99	2727740	22852	NA
S002_DAY2_MINITWICE_4058	34	Port Input	1	2727740	22852	NA
S002_DAY2_MINITWICE_4058	34	Picture	33_T_RWTRIAD_RW_esquimal_red.png	2747988	43100	1	1900	2	43200	1800
S002_DAY2_MINITWICE_4058	35	Picture	RW	2750088	0	1	43200	2	0	43200
S002_DAY2_MINITWICE_4058	35	Pulse	99	2763741	13653	NA
S002_DAY2_MINITWICE_4058	35	Port Input	1	2763741	13653	NA
S002_DAY2_MINITWICE_4058	35	Response	52	2765585	15497	1
S002_DAY2_MINITWICE_4058	35	Picture	34_T_RWTRIAD_RW_llave_red.png	2793288	43200	1	1899	3	43200	1800
S002_DAY2_MINITWICE_4058	36	Picture	RW	2795387	0	2	43200	3	0	43200
S002_DAY2_MINITWICE_4058	36	Pulse	99	2799742	4355	NA
S002_DAY2_MINITWICE_4058	36	Port Input	1	2799742	4355	NA
S002_DAY2_MINITWICE_4058	36	Response	52	2808451	13064	1
S002_DAY2_MINITWICE_4058	36	Pulse	99	2835743	40356	NA
S002_DAY2_MINITWICE_4058	36	Port Input	1	2835743	40356	NA
S002_DAY2_MINITWICE_4058	36	Picture	35_T_RWTRIAD_RW_gafas_red.png	2838587	43200	1	1900	2	43200	1800
S002_DAY2_MINITWICE_4058	37	Picture	RW	2840687	0	1	43200	2	0	43200
S002_DAY2_MINITWICE_4058	37	Response	51	2861423	20736	2
S002_DAY2_MINITWICE_4058	37	Pulse	99	2871744	31057	NA
S002_DAY2_MINITWICE_4058	37	Port Input	1	2871744	31057	NA
S002_DAY2_MINITWICE_4058	37	Picture	36_T_RWTRIAD_RW_grifo_red.png	2883887	43200	1	1900	2	43200	1800
S002_DAY2_MINITWICE_4058	38	Picture	FF	2885987	0	1	43200	3	0	43200
S002_DAY2_MINITWICE_4058	38	Response	51	2906070	20083	1
S002_DAY2_MINITWICE_4058	38	Pulse	99	2907745	21758	NA
S002_DAY2_MINITWICE_4058	38	Port Input	1	2907745	21758	NA
S002_DAY2_MINITWICE_4058	38	Picture	37_T_FFTRIAD_FF_martillo_red.png	2929187	43200	2	1900	3	43200	1800
S002_DAY2_MINITWICE_4058	39	Picture	FF	2931287	0	1	43200	2	0	43200
S002_DAY2_MINITWICE_4058	39	Pulse	99	2943746	12459	NA
S002_DAY2_MINITWICE_4058	39	Port Input	1	2943746	12459	NA
S002_DAY2_MINITWICE_4058	39	Response	52	2956640	25353	1
S002_DAY2_MINITWICE_4058	39	Picture	38_T_FFTRIAD_FF_granjero_red.png	2974487	43200	1	1900	2	43200	1800
S002_DAY2_MINITWICE_4058	40	Picture	FF	2976587	0	1	43200	2	0	43200
S002_DAY2_MINITWICE_4058	40	Pulse	99	2979747	3160	NA
S002_DAY2_MINITWICE_4058	40	Port Input	1	2979747	3160	NA
S002_DAY2_MINITWICE_4058	40	Response	51	2997477	20890	1
S002_DAY2_MINITWICE_4058	40	Pulse	99	3015748	39161	NA
S002_DAY2_MINITWICE_4058	40	Port Input	1	3015748	39161	NA
S002_DAY2_MINITWICE_4058	40	Picture	39_T_FFTRIAD_FF_policia_red.png	3019787	43200	1	1899	3	43200	1800
S002_DAY2_MINITWICE_4058	41	Picture	FF	3021886	0	3	43200	5	0	43200
S002_DAY2_MINITWICE_4058	41	Response	52	3034070	12184	1
S002_DAY2_MINITWICE_4058	41	Pulse	99	3051749	29863	NA
S002_DAY2_MINITWICE_4058	41	Port Input	1	3051749	29863	NA
S002_DAY2_MINITWICE_4058	41	Response	52	3064282	42396	1
S002_DAY2_MINITWICE_4058	41	Picture	40_T_FFTRIAD_FF_almohada_red.png	3065086	43200	2	1900	4	43200	1800
S002_DAY2_MINITWICE_4058	42	Picture	rest	3067086	0	2	144099	4	0	144000
S002_DAY2_MINITWICE_4058	42	Pulse	99	3087750	20664	NA
S002_DAY2_MINITWICE_4058	42	Port Input	1	3087750	20664	NA
S002_DAY2_MINITWICE_4058	42	Pulse	99	3123751	56665	NA
S002_DAY2_MINITWICE_4058	42	Port Input	1	3123751	56665	NA
S002_DAY2_MINITWICE_4058	42	Pulse	99	3159752	92666	NA
S002_DAY2_MINITWICE_4058	42	Port Input	1	3159752	92666	NA
S002_DAY2_MINITWICE_4058	42	Pulse	99	3195753	128667	NA
S002_DAY2_MINITWICE_4058	42	Port Input	1	3195753	128667	NA
S002_DAY2_MINITWICE_4058	43	Picture	endrest	3211285	0	2	10100	4	0	10000
S002_DAY2_MINITWICE_4058	44	Picture	RW	3221585	0	2	43200	4	0	43200
S002_DAY2_MINITWICE_4058	44	Pulse	99	3231754	10169	NA
S002_DAY2_MINITWICE_4058	44	Port Input	1	3231754	10169	NA
S002_DAY2_MINITWICE_4058	44	Response	51	3245730	24145	1
S002_DAY2_MINITWICE_4058	44	Picture	43_T_RWTRIAD_RW_estetoscopio_red.png	3264785	43200	2	1899	5	43200	1800
S002_DAY2_MINITWICE_4058	45	Picture	RW	3266885	0	2	43200	3	0	43200
S002_DAY2_MINITWICE_4058	45	Pulse	99	3267755	870	NA
S002_DAY2_MINITWICE_4058	45	Port Input	1	3267755	870	NA
S002_DAY2_MINITWICE_4058	45	Response	52	3282068	15183	1
S002_DAY2_MINITWICE_4058	45	Pulse	99	3303757	36872	NA
S002_DAY2_MINITWICE_4058	45	Port Input	1	3303757	36872	NA
S002_DAY2_MINITWICE_4058	45	Picture	44_T_RWTRIAD_RW_monja_red.png	3310085	43200	1	1900	2	43200	1800
S002_DAY2_MINITWICE_4058	46	Picture	RW	3312184	0	2	43201	3	0	43200
S002_DAY2_MINITWICE_4058	46	Pulse	99	3339758	27574	NA
S002_DAY2_MINITWICE_4058	46	Port Input	1	3339758	27574	NA
S002_DAY2_MINITWICE_4058	46	Response	52	3345129	32945	1
S002_DAY2_MINITWICE_4058	46	Picture	45_T_RWTRIAD_RW_molino_red.png	3355385	43201	1	1900	2	43200	1800
S002_DAY2_MINITWICE_4058	47	Picture	RW	3357485	0	1	43200	2	0	43200
S002_DAY2_MINITWICE_4058	47	Response	52	3372039	14554	1
S002_DAY2_MINITWICE_4058	47	Pulse	99	3375759	18274	NA
S002_DAY2_MINITWICE_4058	47	Port Input	1	3375759	18274	NA
S002_DAY2_MINITWICE_4058	47	Picture	46_T_RWTRIAD_RW_sombrilla_red.png	3400685	43200	1	1900	2	43200	1800
S002_DAY2_MINITWICE_4058	48	Picture	FF	3402785	0	1	43200	2	0	43200
S002_DAY2_MINITWICE_4058	48	Pulse	99	3411760	8975	NA
S002_DAY2_MINITWICE_4058	48	Port Input	1	3411760	8975	NA
S002_DAY2_MINITWICE_4058	48	Response	52	3416651	13866	1
S002_DAY2_MINITWICE_4058	48	Picture	47_T_FFTRIAD_FF_queso_red.png	3445985	43200	1	1900	2	43200	1800
S002_DAY2_MINITWICE_4058	48	Pulse	99	3447761	44976	NA
S002_DAY2_MINITWICE_4058	48	Port Input	1	3447761	44976	NA
S002_DAY2_MINITWICE_4058	49	Picture	FF	3448085	0	1	43200	2	0	43200
S002_DAY2_MINITWICE_4058	49	Response	52	3470206	22121	1
S002_DAY2_MINITWICE_4058	49	Pulse	99	3483762	35677	NA
S002_DAY2_MINITWICE_4058	49	Port Input	1	3483762	35677	NA
S002_DAY2_MINITWICE_4058	49	Picture	48_T_FFTRIAD_FF_paracaidas_red.png	3491285	43200	1	1900	2	43200	1800
S002_DAY2_MINITWICE_4058	50	Picture	FF	3493385	0	1	43199	2	0	43200
S002_DAY2_MINITWICE_4058	50	Response	52	3507027	13642	1
S002_DAY2_MINITWICE_4058	50	Pulse	99	3519763	26378	NA
S002_DAY2_MINITWICE_4058	50	Port Input	1	3519763	26378	NA
S002_DAY2_MINITWICE_4058	50	Picture	49_T_FFTRIAD_FF_ascensor_red.png	3536584	43199	1	1900	3	43200	1800
S002_DAY2_MINITWICE_4058	51	Picture	FF	3538684	0	2	43200	3	0	43200
S002_DAY2_MINITWICE_4058	51	Pulse	99	3555764	17080	NA
S002_DAY2_MINITWICE_4058	51	Port Input	1	3555764	17080	NA
S002_DAY2_MINITWICE_4058	51	Response	51	3555859	17175	2
S002_DAY2_MINITWICE_4058	51	Picture	50_T_FFTRIAD_FF_lechuga_red.png	3581884	43200	1	1900	2	43200	1800
S002_DAY2_MINITWICE_4058	52	Picture	rest	3583884	0	1	144070	43	0	144000
S002_DAY2_MINITWICE_4058	52	Pulse	99	3591765	7881	NA
S002_DAY2_MINITWICE_4058	52	Port Input	1	3591765	7881	NA
S002_DAY2_MINITWICE_4058	52	Pulse	99	3627766	43882	NA
S002_DAY2_MINITWICE_4058	52	Port Input	1	3627766	43882	NA
S002_DAY2_MINITWICE_4058	52	Pulse	99	3663767	79883	NA
S002_DAY2_MINITWICE_4058	52	Port Input	1	3663767	79883	NA
S002_DAY2_MINITWICE_4058	52	Pulse	99	3699768	115884	NA
S002_DAY2_MINITWICE_4058	52	Port Input	1	3699768	115884	NA
S002_DAY2_MINITWICE_4058	53	Picture	endrest	3728084	0	1	10100	2	0	10000
S002_DAY2_MINITWICE_4058	53	Pulse	99	3735769	7685	NA
S002_DAY2_MINITWICE_4058	53	Port Input	1	3735769	7685	NA
S002_DAY2_MINITWICE_4058	54	Picture	PW	3738384	0	1	43199	2	0	43200
S002_DAY2_MINITWICE_4058	54	Response	52	3762144	23760	1
S002_DAY2_MINITWICE_4058	54	Pulse	99	3771770	33386	NA
S002_DAY2_MINITWICE_4058	54	Port Input	1	3771770	33386	NA
S002_DAY2_MINITWICE_4058	54	Picture	53_T_PWTRIAD_PW_futbol_red.png	3781583	43199	1	1900	2	43200	1800
S002_DAY2_MINITWICE_4058	55	Picture	PW	3783683	0	1	43200	2	0	43200
S002_DAY2_MINITWICE_4058	55	Response	52	3804370	20687	1
S002_DAY2_MINITWICE_4058	55	Pulse	99	3807771	24088	NA
S002_DAY2_MINITWICE_4058	55	Port Input	1	3807771	24088	NA
S002_DAY2_MINITWICE_4058	55	Picture	54_T_PWTRIAD_PW_cinturon_red.png	3826883	43200	1	1900	2	43200	1800
S002_DAY2_MINITWICE_4058	56	Picture	PW	3828983	0	1	43200	2	0	43200
S002_DAY2_MINITWICE_4058	56	Pulse	99	3843772	14789	NA
S002_DAY2_MINITWICE_4058	56	Port Input	1	3843772	14789	NA
S002_DAY2_MINITWICE_4058	56	Response	51	3852412	23429	1
S002_DAY2_MINITWICE_4058	56	Picture	55_T_PWTRIAD_PW_arbol_red.png	3872183	43200	1	1900	2	43200	1800
S002_DAY2_MINITWICE_4058	57	Picture	PW	3874283	0	1	43200	2	0	43200
S002_DAY2_MINITWICE_4058	57	Pulse	99	3879773	5490	NA
S002_DAY2_MINITWICE_4058	57	Port Input	1	3879773	5490	NA
S002_DAY2_MINITWICE_4058	57	Response	51	3892957	18674	1
S002_DAY2_MINITWICE_4058	57	Pulse	99	3915775	41492	NA
S002_DAY2_MINITWICE_4058	57	Port Input	1	3915775	41492	NA
S002_DAY2_MINITWICE_4058	57	Picture	56_T_PWTRIAD_PW_destornillador_red.png	3917483	43200	1	1900	2	43200	1800
S002_DAY2_MINITWICE_4058	58	Picture	RW	3919583	0	1	43200	2	0	43200
S002_DAY2_MINITWICE_4058	58	Response	52	3933284	13701	1
S002_DAY2_MINITWICE_4058	58	Pulse	99	3951776	32193	NA
S002_DAY2_MINITWICE_4058	58	Port Input	1	3951776	32193	NA
S002_DAY2_MINITWICE_4058	58	Picture	57_T_RWTRIAD_RW_leche_red.png	3962783	43200	1	1900	2	43200	1800
S002_DAY2_MINITWICE_4058	59	Picture	RW	3964883	0	1	43199	2	0	43200
S002_DAY2_MINITWICE_4058	59	Response	52	3984887	20004	1
S002_DAY2_MINITWICE_4058	59	Pulse	99	3987777	22894	NA
S002_DAY2_MINITWICE_4058	59	Port Input	1	3987777	22894	NA
S002_DAY2_MINITWICE_4058	59	Picture	58_T_RWTRIAD_RW_banera_red.png	4008082	43199	1	1900	2	43200	1800
S002_DAY2_MINITWICE_4058	60	Picture	RW	4010182	0	2	43200	3	0	43200
S002_DAY2_MINITWICE_4058	60	Pulse	99	4023778	13596	NA
S002_DAY2_MINITWICE_4058	60	Port Input	1	4023778	13596	NA
S002_DAY2_MINITWICE_4058	60	Response	52	4034390	24208	1
S002_DAY2_MINITWICE_4058	60	Picture	59_T_RWTRIAD_RW_cortina_red.png	4053382	43200	1	1900	2	43200	1800
S002_DAY2_MINITWICE_4058	61	Picture	RW	4055482	0	1	43200	2	0	43200
S002_DAY2_MINITWICE_4058	61	Pulse	99	4059779	4297	NA
S002_DAY2_MINITWICE_4058	61	Port Input	1	4059779	4297	NA
S002_DAY2_MINITWICE_4058	61	Response	52	4077403	21921	1
S002_DAY2_MINITWICE_4058	61	Pulse	99	4095780	40298	NA
S002_DAY2_MINITWICE_4058	61	Port Input	1	4095780	40298	NA
S002_DAY2_MINITWICE_4058	61	Picture	60_T_RWTRIAD_RW_murcielago_red.png	4098682	43200	1	1900	2	43200	1800
S002_DAY2_MINITWICE_4058	62	Picture	rest	4100682	0	1	144099	2	0	144000
S002_DAY2_MINITWICE_4058	62	Pulse	99	4131781	31099	NA
S002_DAY2_MINITWICE_4058	62	Port Input	1	4131781	31099	NA
S002_DAY2_MINITWICE_4058	62	Pulse	99	4167782	67100	NA
S002_DAY2_MINITWICE_4058	62	Port Input	1	4167782	67100	NA
S002_DAY2_MINITWICE_4058	62	Pulse	99	4203783	103101	NA
S002_DAY2_MINITWICE_4058	62	Port Input	1	4203783	103101	NA
S002_DAY2_MINITWICE_4058	62	Pulse	99	4239784	139102	NA
S002_DAY2_MINITWICE_4058	62	Port Input	1	4239784	139102	NA
S002_DAY2_MINITWICE_4058	63	Picture	endrest	4244881	0	1	10100	2	0	10000
S002_DAY2_MINITWICE_4058	64	Picture	PW	4255181	0	2	43200	3	0	43200
S002_DAY2_MINITWICE_4058	64	Response	52	4274363	19182	1
S002_DAY2_MINITWICE_4058	64	Pulse	99	4275785	20604	NA
S002_DAY2_MINITWICE_4058	64	Port Input	1	4275785	20604	NA
S002_DAY2_MINITWICE_4058	64	Picture	63_T_PWTRIAD_PW_botella_red.png	4298381	43200	1	1900	2	43200	1800
S002_DAY2_MINITWICE_4058	65	Picture	PW	4300481	0	1	43200	2	0	43200
S002_DAY2_MINITWICE_4058	65	Pulse	99	4311786	11305	NA
S002_DAY2_MINITWICE_4058	65	Port Input	1	4311786	11305	NA
S002_DAY2_MINITWICE_4058	65	Response	52	4315423	14942	2
S002_DAY2_MINITWICE_4058	65	Picture	64_T_PWTRIAD_PW_paraguas_red.png	4343681	43200	1	1900	2	43200	1800
S002_DAY2_MINITWICE_4058	66	Picture	PW	4345781	0	1	43200	2	0	43200
S002_DAY2_MINITWICE_4058	66	Pulse	99	4347787	2006	NA
S002_DAY2_MINITWICE_4058	66	Port Input	1	4347787	2006	NA
S002_DAY2_MINITWICE_4058	66	Response	51	4359537	13756	1
S002_DAY2_MINITWICE_4058	66	Pulse	99	4383788	38007	NA
S002_DAY2_MINITWICE_4058	66	Port Input	1	4383788	38007	NA
S002_DAY2_MINITWICE_4058	66	Picture	65_T_PWTRIAD_PW_pincel_red.png	4388981	43200	1	1900	2	43200	1800
S002_DAY2_MINITWICE_4058	67	Picture	PW	4391081	0	1	43200	2	0	43200
S002_DAY2_MINITWICE_4058	67	Response	52	4418388	27307	1
S002_DAY2_MINITWICE_4058	67	Pulse	99	4419789	28708	NA
S002_DAY2_MINITWICE_4058	67	Port Input	1	4419789	28708	NA
S002_DAY2_MINITWICE_4058	67	Picture	66_T_PWTRIAD_PW_lechuga_red.png	4434281	43200	1	1900	2	43200	1800
S002_DAY2_MINITWICE_4058	68	Picture	FF	4436381	0	1	43199	2	0	43200
S002_DAY2_MINITWICE_4058	68	Response	52	4453404	17023	1
S002_DAY2_MINITWICE_4058	68	Pulse	99	4455790	19409	NA
S002_DAY2_MINITWICE_4058	68	Port Input	1	4455790	19409	NA
S002_DAY2_MINITWICE_4058	68	Picture	67_T_FFTRIAD_FF_pluma_red.png	4479580	43199	1	1900	3	43200	1800
S002_DAY2_MINITWICE_4058	69	Picture	FF	4481680	0	1	43200	2	0	43200
S002_DAY2_MINITWICE_4058	69	Pulse	99	4491792	10112	NA
S002_DAY2_MINITWICE_4058	69	Port Input	1	4491792	10112	NA
S002_DAY2_MINITWICE_4058	69	Response	52	4496985	15305	1
S002_DAY2_MINITWICE_4058	69	Picture	68_T_FFTRIAD_FF_manos_red.png	4524880	43200	1	1900	2	43200	1800
S002_DAY2_MINITWICE_4058	70	Picture	FF	4526980	0	1	43200	2	0	43200
S002_DAY2_MINITWICE_4058	70	Pulse	99	4527793	813	NA
S002_DAY2_MINITWICE_4058	70	Port Input	1	4527793	813	NA
S002_DAY2_MINITWICE_4058	70	Response	52	4539150	12170	2
S002_DAY2_MINITWICE_4058	70	Pulse	99	4563794	36814	NA
S002_DAY2_MINITWICE_4058	70	Port Input	1	4563794	36814	NA
S002_DAY2_MINITWICE_4058	70	Picture	69_T_FFTRIAD_FF_pizarra_red.png	4570180	43200	1	1900	2	43200	1800
S002_DAY2_MINITWICE_4058	71	Picture	FF	4572280	0	1	43200	2	0	43200
S002_DAY2_MINITWICE_4058	71	Response	51	4586835	14555	1
S002_DAY2_MINITWICE_4058	71	Pulse	99	4599795	27515	NA
S002_DAY2_MINITWICE_4058	71	Port Input	1	4599795	27515	NA
S002_DAY2_MINITWICE_4058	71	Picture	70_T_FFTRIAD_FF_television_red.png	4615480	43200	1	1900	2	43200	1800
S002_DAY2_MINITWICE_4058	72	Picture	rest	4617480	0	1	144099	2	0	144000
S002_DAY2_MINITWICE_4058	72	Pulse	99	4635796	18316	NA
S002_DAY2_MINITWICE_4058	72	Port Input	1	4635796	18316	NA
S002_DAY2_MINITWICE_4058	72	Pulse	99	4671797	54317	NA
S002_DAY2_MINITWICE_4058	72	Port Input	1	4671797	54317	NA
S002_DAY2_MINITWICE_4058	72	Pulse	99	4707798	90318	NA
S002_DAY2_MINITWICE_4058	72	Port Input	1	4707798	90318	NA
S002_DAY2_MINITWICE_4058	72	Pulse	99	4743799	126319	NA
S002_DAY2_MINITWICE_4058	72	Port Input	1	4743799	126319	NA
S002_DAY2_MINITWICE_4058	73	Picture	endrest	4761679	0	1	10100	2	0	10000
S002_DAY2_MINITWICE_4058	74	Picture	PW	4771979	0	1	43200	2	0	43200
S002_DAY2_MINITWICE_4058	74	Pulse	99	4779800	7821	NA
S002_DAY2_MINITWICE_4058	74	Port Input	1	4779800	7821	NA
S002_DAY2_MINITWICE_4058	74	Response	52	4785486	13507	1
S002_DAY2_MINITWICE_4058	74	Picture	73_T_PWTRIAD_PW_telarana_red.png	4815179	43200	1	1900	2	43200	1800
S002_DAY2_MINITWICE_4058	74	Pulse	99	4815801	43822	NA
S002_DAY2_MINITWICE_4058	74	Port Input	1	4815801	43822	NA
S002_DAY2_MINITWICE_4058	75	Picture	PW	4817279	0	1	43200	2	0	43200
S002_DAY2_MINITWICE_4058	75	Response	52	4835140	17861	1
S002_DAY2_MINITWICE_4058	75	Pulse	99	4851802	34523	NA
S002_DAY2_MINITWICE_4058	75	Port Input	1	4851802	34523	NA
S002_DAY2_MINITWICE_4058	75	Picture	74_T_PWTRIAD_PW_cuento_red.png	4860479	43200	1	1900	2	43200	1800
S002_DAY2_MINITWICE_4058	76	Picture	PW	4862579	0	1	43200	2	0	43200
S002_DAY2_MINITWICE_4058	76	Response	52	4884751	22172	1
S002_DAY2_MINITWICE_4058	76	Pulse	99	4887803	25224	NA
S002_DAY2_MINITWICE_4058	76	Port Input	1	4887803	25224	NA
S002_DAY2_MINITWICE_4058	76	Picture	75_T_PWTRIAD_PW_pizarra_red.png	4905779	43200	1	1900	2	43200	1800
S002_DAY2_MINITWICE_4058	77	Picture	PW	4907879	0	1	43199	3	0	43200
S002_DAY2_MINITWICE_4058	77	Pulse	99	4923804	15925	NA
S002_DAY2_MINITWICE_4058	77	Port Input	1	4923804	15925	NA
S002_DAY2_MINITWICE_4058	77	Response	52	4929303	21424	1
S002_DAY2_MINITWICE_4058	77	Picture	76_T_PWTRIAD_PW_llave_red.png	4951078	43199	2	1900	3	43200	1800
S002_DAY2_MINITWICE_4058	78	Picture	RW	4953178	0	2	43200	3	0	43200
S002_DAY2_MINITWICE_4058	78	Pulse	99	4959805	6627	NA
S002_DAY2_MINITWICE_4058	78	Port Input	1	4959805	6627	NA
S002_DAY2_MINITWICE_4058	78	Response	52	4965734	12556	1
S002_DAY2_MINITWICE_4058	78	Pulse	99	4995806	42628	NA
S002_DAY2_MINITWICE_4058	78	Port Input	1	4995806	42628	NA
S002_DAY2_MINITWICE_4058	78	Picture	77_T_RWTRIAD_RW_mono_red.png	4996378	43200	1	1900	2	43200	1800
S002_DAY2_MINITWICE_4058	79	Picture	RW	4998478	0	1	43200	2	0	43200
S002_DAY2_MINITWICE_4058	79	Response	52	5019865	21387	1
S002_DAY2_MINITWICE_4058	79	Pulse	99	5031807	33329	NA
S002_DAY2_MINITWICE_4058	79	Port Input	1	5031807	33329	NA
S002_DAY2_MINITWICE_4058	79	Picture	78_T_RWTRIAD_RW_sobre_red.png	5041678	43200	1	1900	2	43200	1800
S002_DAY2_MINITWICE_4058	80	Picture	RW	5043778	0	1	43200	2	0	43200
S002_DAY2_MINITWICE_4058	80	Pulse	99	5067808	24030	NA
S002_DAY2_MINITWICE_4058	80	Port Input	1	5067808	24030	NA
S002_DAY2_MINITWICE_4058	80	Response	51	5077423	33645	1
S002_DAY2_MINITWICE_4058	80	Picture	79_T_RWTRIAD_RW_piramide_red.png	5086978	43200	1	1900	2	43200	1800
S002_DAY2_MINITWICE_4058	81	Picture	RW	5089078	0	1	43200	2	0	43200
S002_DAY2_MINITWICE_4058	81	Pulse	99	5103810	14732	NA
S002_DAY2_MINITWICE_4058	81	Port Input	1	5103810	14732	NA
S002_DAY2_MINITWICE_4058	81	Response	52	5111105	22027	1
S002_DAY2_MINITWICE_4058	81	Picture	80_T_RWTRIAD_RW_lechuga_red.png	5132278	43200	1	1900	2	43200	1800
S002_DAY2_MINITWICE_4058	82	Picture	rest	5134278	0	1	144099	2	0	144000
S002_DAY2_MINITWICE_4058	82	Pulse	99	5139811	5533	NA
S002_DAY2_MINITWICE_4058	82	Port Input	1	5139811	5533	NA
S002_DAY2_MINITWICE_4058	82	Pulse	99	5175812	41534	NA
S002_DAY2_MINITWICE_4058	82	Port Input	1	5175812	41534	NA
S002_DAY2_MINITWICE_4058	82	Pulse	99	5211813	77535	NA
S002_DAY2_MINITWICE_4058	82	Port Input	1	5211813	77535	NA
S002_DAY2_MINITWICE_4058	82	Pulse	99	5247814	113536	NA
S002_DAY2_MINITWICE_4058	82	Port Input	1	5247814	113536	NA
S002_DAY2_MINITWICE_4058	83	Picture	endrest	5278477	0	1	10100	2	0	10000
S002_DAY2_MINITWICE_4058	83	Pulse	99	5283815	5338	NA
S002_DAY2_MINITWICE_4058	83	Port Input	1	5283815	5338	NA
S002_DAY2_MINITWICE_4058	84	Picture	FF	5288777	0	1	43200	2	0	43200
S002_DAY2_MINITWICE_4058	84	Response	51	5305911	17134	1
S002_DAY2_MINITWICE_4058	84	Pulse	99	5319816	31039	NA
S002_DAY2_MINITWICE_4058	84	Port Input	1	5319816	31039	NA
S002_DAY2_MINITWICE_4058	84	Picture	83_T_FFTRIAD_FF_novia_red.png	5331977	43200	1	1900	2	43200	1800
S002_DAY2_MINITWICE_4058	85	Picture	FF	5334077	0	1	43200	2	0	43200
S002_DAY2_MINITWICE_4058	85	Response	52	5350776	16699	1
S002_DAY2_MINITWICE_4058	85	Pulse	99	5355817	21740	NA
S002_DAY2_MINITWICE_4058	85	Port Input	1	5355817	21740	NA
S002_DAY2_MINITWICE_4058	85	Picture	84_T_FFTRIAD_FF_gafas_red.png	5377277	43200	1	1900	2	43200	1800
S002_DAY2_MINITWICE_4058	86	Picture	FF	5379377	0	1	43199	3	0	43200
S002_DAY2_MINITWICE_4058	86	Pulse	99	5391818	12441	NA
S002_DAY2_MINITWICE_4058	86	Port Input	1	5391818	12441	NA
S002_DAY2_MINITWICE_4058	86	Response	51	5393113	13736	1
S002_DAY2_MINITWICE_4058	86	Picture	85_T_FFTRIAD_FF_violin_red.png	5422576	43199	2	1900	3	43200	1800
S002_DAY2_MINITWICE_4058	87	Picture	FF	5424676	0	1	43200	2	0	43200
S002_DAY2_MINITWICE_4058	87	Pulse	99	5427819	3143	NA
S002_DAY2_MINITWICE_4058	87	Port Input	1	5427819	3143	NA
S002_DAY2_MINITWICE_4058	87	Response	51	5438978	14302	1
S002_DAY2_MINITWICE_4058	87	Pulse	99	5463820	39144	NA
S002_DAY2_MINITWICE_4058	87	Port Input	1	5463820	39144	NA
S002_DAY2_MINITWICE_4058	87	Picture	86_T_FFTRIAD_FF_estetoscopio_red.png	5467876	43200	1	1900	2	43200	1800
S002_DAY2_MINITWICE_4058	88	Picture	PW	5469976	0	1	43200	2	0	43200
S002_DAY2_MINITWICE_4058	88	Response	51	5491538	21562	1
S002_DAY2_MINITWICE_4058	88	Pulse	99	5499821	29845	NA
S002_DAY2_MINITWICE_4058	88	Port Input	1	5499821	29845	NA
S002_DAY2_MINITWICE_4058	88	Picture	87_T_PWTRIAD_PW_tenedor_red.png	5513176	43200	1	1900	2	43200	1800
S002_DAY2_MINITWICE_4058	89	Picture	PW	5515276	0	1	43200	2	0	43200
S002_DAY2_MINITWICE_4058	89	Pulse	99	5535822	20546	NA
S002_DAY2_MINITWICE_4058	89	Port Input	1	5535822	20546	NA
S002_DAY2_MINITWICE_4058	89	Response	52	5543609	28333	2
S002_DAY2_MINITWICE_4058	89	Picture	88_T_PWTRIAD_PW_candado_red.png	5558476	43200	1	1900	2	43200	1800
S002_DAY2_MINITWICE_4058	90	Picture	PW	5560576	0	1	43200	2	0	43200
S002_DAY2_MINITWICE_4058	90	Pulse	99	5571823	11247	NA
S002_DAY2_MINITWICE_4058	90	Port Input	1	5571823	11247	NA
S002_DAY2_MINITWICE_4058	90	Response	51	5576262	15686	2
S002_DAY2_MINITWICE_4058	90	Picture	89_T_PWTRIAD_PW_plato_red.png	5603776	43200	1	1900	2	43200	1800
S002_DAY2_MINITWICE_4058	91	Picture	PW	5605876	0	1	43199	3	0	43200
S002_DAY2_MINITWICE_4058	91	Pulse	99	5607824	1948	NA
S002_DAY2_MINITWICE_4058	91	Port Input	1	5607824	1948	NA
S002_DAY2_MINITWICE_4058	91	Response	52	5620808	14932	2
S002_DAY2_MINITWICE_4058	91	Pulse	99	5643825	37949	NA
S002_DAY2_MINITWICE_4058	91	Port Input	1	5643825	37949	NA
S002_DAY2_MINITWICE_4058	91	Picture	90_T_PWTRIAD_PW_lana_red.png	5649075	43199	2	1900	4	43200	1800
S002_DAY2_MINITWICE_4058	92	Picture	rest	5651075	0	2	144100	3	0	144000
S002_DAY2_MINITWICE_4058	92	Pulse	99	5679826	28751	NA
S002_DAY2_MINITWICE_4058	92	Port Input	1	5679826	28751	NA
S002_DAY2_MINITWICE_4058	92	Pulse	99	5715828	64753	NA
S002_DAY2_MINITWICE_4058	92	Port Input	1	5715828	64753	NA
S002_DAY2_MINITWICE_4058	92	Pulse	99	5751829	100754	NA
S002_DAY2_MINITWICE_4058	92	Port Input	1	5751829	100754	NA
S002_DAY2_MINITWICE_4058	92	Pulse	99	5787830	136755	NA
S002_DAY2_MINITWICE_4058	92	Port Input	1	5787830	136755	NA
S002_DAY2_MINITWICE_4058	93	Picture	endrest	5795275	0	1	10100	2	0	10000
S002_DAY2_MINITWICE_4058	94	Picture	RW	5805575	0	1	43200	2	0	43200
S002_DAY2_MINITWICE_4058	94	Pulse	99	5823831	18256	NA
S002_DAY2_MINITWICE_4058	94	Port Input	1	5823831	18256	NA
S002_DAY2_MINITWICE_4058	94	Response	52	5824491	18916	1
S002_DAY2_MINITWICE_4058	94	Picture	93_T_RWTRIAD_RW_raton_red.png	5848775	43200	1	1878	47	43200	1800
S002_DAY2_MINITWICE_4058	95	Picture	RW	5850875	0	1	43199	3	0	43200
S002_DAY2_MINITWICE_4058	95	Pulse	99	5859832	8957	NA
S002_DAY2_MINITWICE_4058	95	Port Input	1	5859832	8957	NA
S002_DAY2_MINITWICE_4058	95	Response	51	5864908	14033	1
S002_DAY2_MINITWICE_4058	95	Picture	94_T_RWTRIAD_RW_dedal_red.png	5894074	43199	2	1900	3	43200	1800
S002_DAY2_MINITWICE_4058	95	Pulse	99	5895833	44958	NA
S002_DAY2_MINITWICE_4058	95	Port Input	1	5895833	44958	NA
S002_DAY2_MINITWICE_4058	96	Picture	RW	5896174	0	1	43200	2	0	43200
S002_DAY2_MINITWICE_4058	96	Response	52	5916634	20460	2
S002_DAY2_MINITWICE_4058	96	Pulse	99	5931834	35660	NA
S002_DAY2_MINITWICE_4058	96	Port Input	1	5931834	35660	NA
S002_DAY2_MINITWICE_4058	96	Picture	95_T_RWTRIAD_RW_perro_red.png	5939374	43200	1	1900	2	43200	1800
S002_DAY2_MINITWICE_4058	97	Picture	RW	5941474	0	1	43200	2	0	43200
S002_DAY2_MINITWICE_4058	97	Pulse	99	5967835	26361	NA
S002_DAY2_MINITWICE_4058	97	Port Input	1	5967835	26361	NA
S002_DAY2_MINITWICE_4058	97	Response	52	5974760	33286	1
S002_DAY2_MINITWICE_4058	97	Picture	96_T_RWTRIAD_RW_paraguas_red.png	5984674	43200	1	1900	2	43200	1800
S002_DAY2_MINITWICE_4058	98	Picture	FF	5986774	0	1	43200	2	0	43200
S002_DAY2_MINITWICE_4058	98	Pulse	99	6003836	17062	NA
S002_DAY2_MINITWICE_4058	98	Port Input	1	6003836	17062	NA
S002_DAY2_MINITWICE_4058	98	Response	52	6005344	18570	2
S002_DAY2_MINITWICE_4058	98	Picture	97_T_FFTRIAD_FF_chupete_red.png	6029974	43200	1	1900	2	43200	1800
S002_DAY2_MINITWICE_4058	99	Picture	FF	6032074	0	1	43200	2	0	43200
S002_DAY2_MINITWICE_4058	99	Pulse	99	6039837	7763	NA
S002_DAY2_MINITWICE_4058	99	Port Input	1	6039837	7763	NA
S002_DAY2_MINITWICE_4058	99	Response	51	6047501	15427	1
S002_DAY2_MINITWICE_4058	99	Picture	98_T_FFTRIAD_FF_molino_red.png	6075274	43200	1	1900	2	43200	1800
S002_DAY2_MINITWICE_4058	99	Pulse	99	6075838	43764	NA
S002_DAY2_MINITWICE_4058	99	Port Input	1	6075838	43764	NA
S002_DAY2_MINITWICE_4058	100	Picture	FF	6077374	0	1	43199	3	0	43200
S002_DAY2_MINITWICE_4058	100	Response	51	6091413	14039	1
S002_DAY2_MINITWICE_4058	100	Pulse	99	6111839	34465	NA
S002_DAY2_MINITWICE_4058	100	Port Input	1	6111839	34465	NA
S002_DAY2_MINITWICE_4058	100	Picture	99_T_FFTRIAD_FF_madera_red.png	6120573	43199	2	1900	4	43200	1800
S002_DAY2_MINITWICE_4058	101	Picture	FF	6122673	0	1	43200	2	0	43200
S002_DAY2_MINITWICE_4058	101	Response	52	6134182	11509	1
S002_DAY2_MINITWICE_4058	101	Pulse	99	6147840	25167	NA
S002_DAY2_MINITWICE_4058	101	Port Input	1	6147840	25167	NA
S002_DAY2_MINITWICE_4058	101	Picture	100_T_FFTRIAD_FF_banera_red.png	6165873	43200	1	1900	2	43200	1800
S002_DAY2_MINITWICE_4058	102	Picture	rest	6167873	0	1	144100	2	0	144000
S002_DAY2_MINITWICE_4058	102	Pulse	99	6183841	15968	NA
S002_DAY2_MINITWICE_4058	102	Port Input	1	6183841	15968	NA
S002_DAY2_MINITWICE_4058	102	Pulse	99	6219842	51969	NA
S002_DAY2_MINITWICE_4058	102	Port Input	1	6219842	51969	NA
S002_DAY2_MINITWICE_4058	102	Pulse	99	6255844	87971	NA
S002_DAY2_MINITWICE_4058	102	Port Input	1	6255844	87971	NA
S002_DAY2_MINITWICE_4058	102	Pulse	99	6291845	123972	NA
S002_DAY2_MINITWICE_4058	102	Port Input	1	6291845	123972	NA
S002_DAY2_MINITWICE_4058	103	Picture	endrest	6312073	0	1	10100	2	0	10000
S002_DAY2_MINITWICE_4058	104	Picture	FF	6322373	0	1	43199	2	0	43200
S002_DAY2_MINITWICE_4058	104	Pulse	99	6327846	5473	NA
S002_DAY2_MINITWICE_4058	104	Port Input	1	6327846	5473	NA
S002_DAY2_MINITWICE_4058	104	Response	52	6347392	25019	1
S002_DAY2_MINITWICE_4058	104	Pulse	99	6363847	41474	NA
S002_DAY2_MINITWICE_4058	104	Port Input	1	6363847	41474	NA
S002_DAY2_MINITWICE_4058	104	Picture	103_T_FFTRIAD_FF_tenedor_red.png	6365572	43199	1	1900	3	43200	1800
S002_DAY2_MINITWICE_4058	105	Picture	FF	6367672	0	2	43200	3	0	43200
S002_DAY2_MINITWICE_4058	105	Response	51	6385568	17896	1
S002_DAY2_MINITWICE_4058	105	Pulse	99	6399848	32176	NA
S002_DAY2_MINITWICE_4058	105	Port Input	1	6399848	32176	NA
S002_DAY2_MINITWICE_4058	105	Picture	104_T_FFTRIAD_FF_traje_red.png	6410872	43200	1	1900	2	43200	1800
S002_DAY2_MINITWICE_4058	106	Picture	FF	6412972	0	1	43200	2	0	43200
S002_DAY2_MINITWICE_4058	106	Response	51	6433543	20571	1
S002_DAY2_MINITWICE_4058	106	Pulse	99	6435849	22877	NA
S002_DAY2_MINITWICE_4058	106	Port Input	1	6435849	22877	NA
S002_DAY2_MINITWICE_4058	106	Picture	105_T_FFTRIAD_FF_lenador_red.png	6456172	43200	1	1900	2	43200	1800
S002_DAY2_MINITWICE_4058	107	Picture	FF	6458272	0	2	43200	3	0	43200
S002_DAY2_MINITWICE_4058	107	Response	52	6468619	10347	1
S002_DAY2_MINITWICE_4058	107	Pulse	99	6471850	13578	NA
S002_DAY2_MINITWICE_4058	107	Port Input	1	6471850	13578	NA
S002_DAY2_MINITWICE_4058	107	Picture	106_T_FFTRIAD_FF_telefono_red.png	6501472	43200	1	1900	2	43200	1800
S002_DAY2_MINITWICE_4058	108	Picture	RW	6503572	0	1	43199	3	0	43200
S002_DAY2_MINITWICE_4058	108	Pulse	99	6507851	4279	NA
S002_DAY2_MINITWICE_4058	108	Port Input	1	6507851	4279	NA
S002_DAY2_MINITWICE_4058	108	Response	51	6518915	15343	1
S002_DAY2_MINITWICE_4058	108	Pulse	99	6543852	40280	NA
S002_DAY2_MINITWICE_4058	108	Port Input	1	6543852	40280	NA
S002_DAY2_MINITWICE_4058	108	Picture	107_T_RWTRIAD_RW_zanahoria_red.png	6546771	43199	2	1901	3	43200	1800
S002_DAY2_MINITWICE_4058	109	Picture	RW	6548872	0	1	43199	3	0	43200
S002_DAY2_MINITWICE_4058	109	Response	51	6565120	16248	1
S002_DAY2_MINITWICE_4058	109	Pulse	99	6579853	30981	NA
S002_DAY2_MINITWICE_4058	109	Port Input	1	6579853	30981	NA
S002_DAY2_MINITWICE_4058	109	Picture	108_T_RWTRIAD_RW_iglu_red.png	6592071	43199	2	1900	3	43200	1800
S002_DAY2_MINITWICE_4058	110	Picture	RW	6594171	0	1	43200	2	0	43200
S002_DAY2_MINITWICE_4058	110	Pulse	99	6615854	21683	NA
S002_DAY2_MINITWICE_4058	110	Port Input	1	6615854	21683	NA
S002_DAY2_MINITWICE_4058	110	Response	52	6628050	33879	1
S002_DAY2_MINITWICE_4058	110	Picture	109_T_RWTRIAD_RW_bebe_red.png	6637371	43200	1	1900	2	43200	1800
S002_DAY2_MINITWICE_4058	111	Picture	RW	6639471	0	1	43200	2	0	43200
S002_DAY2_MINITWICE_4058	111	Pulse	99	6651855	12384	NA
S002_DAY2_MINITWICE_4058	111	Port Input	1	6651855	12384	NA
S002_DAY2_MINITWICE_4058	111	Response	51	6670043	30572	1
S002_DAY2_MINITWICE_4058	111	Picture	110_T_RWTRIAD_RW_traje_red.png	6682671	43200	1	1900	2	43200	1800
S002_DAY2_MINITWICE_4058	112	Picture	rest	6684671	0	1	144099	3	0	144000
S002_DAY2_MINITWICE_4058	112	Pulse	99	6687856	3185	NA
S002_DAY2_MINITWICE_4058	112	Port Input	1	6687856	3185	NA
S002_DAY2_MINITWICE_4058	112	Pulse	99	6723857	39186	NA
S002_DAY2_MINITWICE_4058	112	Port Input	1	6723857	39186	NA
S002_DAY2_MINITWICE_4058	112	Pulse	99	6759858	75187	NA
S002_DAY2_MINITWICE_4058	112	Port Input	1	6759858	75187	NA
S002_DAY2_MINITWICE_4058	112	Pulse	99	6795859	111188	NA
S002_DAY2_MINITWICE_4058	112	Port Input	1	6795859	111188	NA
S002_DAY2_MINITWICE_4058	113	Picture	endrest	6828870	0	1	10100	2	0	10000
S002_DAY2_MINITWICE_4058	113	Pulse	99	6831860	2990	NA
S002_DAY2_MINITWICE_4058	113	Port Input	1	6831860	2990	NA
S002_DAY2_MINITWICE_4058	114	Picture	PW	6839170	0	1	43200	2	0	43200
S002_DAY2_MINITWICE_4058	114	Response	51	6855111	15941	1
S002_DAY2_MINITWICE_4058	114	Pulse	99	6867862	28692	NA
S002_DAY2_MINITWICE_4058	114	Port Input	1	6867862	28692	NA
S002_DAY2_MINITWICE_4058	114	Picture	113_T_PWTRIAD_PW_sapo_red.png	6882370	43200	1	1900	2	43200	1800
S002_DAY2_MINITWICE_4058	115	Picture	PW	6884470	0	1	43200	2	0	43200
S002_DAY2_MINITWICE_4058	115	Response	51	6901225	16755	1
S002_DAY2_MINITWICE_4058	115	Pulse	99	6903863	19393	NA
S002_DAY2_MINITWICE_4058	115	Port Input	1	6903863	19393	NA
S002_DAY2_MINITWICE_4058	115	Picture	114_T_PWTRIAD_PW_portatil_red.png	6927670	43200	1	1900	2	43200	1800
S002_DAY2_MINITWICE_4058	116	Picture	PW	6929770	0	1	43200	2	0	43200
S002_DAY2_MINITWICE_4058	116	Pulse	99	6939864	10094	NA
S002_DAY2_MINITWICE_4058	116	Port Input	1	6939864	10094	NA
S002_DAY2_MINITWICE_4058	116	Response	51	6945737	15967	1
S002_DAY2_MINITWICE_4058	116	Picture	115_T_PWTRIAD_PW_oruga_red.png	6972970	43200	1	1900	2	43200	1800
S002_DAY2_MINITWICE_4058	117	Picture	PW	6975070	0	1	43200	2	0	43200
S002_DAY2_MINITWICE_4058	117	Pulse	99	6975865	795	NA
S002_DAY2_MINITWICE_4058	117	Port Input	1	6975865	795	NA
S002_DAY2_MINITWICE_4058	117	Response	51	6990939	15869	1
S002_DAY2_MINITWICE_4058	117	Pulse	99	7011866	36796	NA
S002_DAY2_MINITWICE_4058	117	Port Input	1	7011866	36796	NA
S002_DAY2_MINITWICE_4058	117	Picture	116_T_PWTRIAD_PW_huevos_red.png	7018270	43200	1	1900	2	43200	1800
S002_DAY2_MINITWICE_4058	118	Picture	RW	7020370	0	1	43199	3	0	43200
S002_DAY2_MINITWICE_4058	118	Response	51	7039263	18893	1
S002_DAY2_MINITWICE_4058	118	Pulse	99	7047867	27497	NA
S002_DAY2_MINITWICE_4058	118	Port Input	1	7047867	27497	NA
S002_DAY2_MINITWICE_4058	118	Picture	117_T_RWTRIAD_RW_violin_red.png	7063569	43199	2	1900	4	43200	1800
S002_DAY2_MINITWICE_4058	119	Picture	RW	7065669	0	1	43200	2	0	43200
S002_DAY2_MINITWICE_4058	119	Pulse	99	7083868	18199	NA
S002_DAY2_MINITWICE_4058	119	Port Input	1	7083868	18199	NA
S002_DAY2_MINITWICE_4058	119	Response	52	7088517	22848	2
S002_DAY2_MINITWICE_4058	119	Picture	118_T_RWTRIAD_RW_anillo_red.png	7108869	43200	1	1900	2	43200	1800
S002_DAY2_MINITWICE_4058	120	Picture	RW	7110969	0	1	43200	2	0	43200
S002_DAY2_MINITWICE_4058	120	Pulse	99	7119869	8900	NA
S002_DAY2_MINITWICE_4058	120	Port Input	1	7119869	8900	NA
S002_DAY2_MINITWICE_4058	120	Response	51	7132510	21541	1
S002_DAY2_MINITWICE_4058	120	Picture	119_T_RWTRIAD_RW_ascensor_red.png	7154169	43200	1	1900	2	43200	1800
S002_DAY2_MINITWICE_4058	120	Pulse	99	7155870	44901	NA
S002_DAY2_MINITWICE_4058	120	Port Input	1	7155870	44901	NA
S002_DAY2_MINITWICE_4058	121	Picture	RW	7156269	0	1	43200	2	0	43200
S002_DAY2_MINITWICE_4058	121	Response	51	7178257	21988	1
S002_DAY2_MINITWICE_4058	121	Pulse	99	7191871	35602	NA
S002_DAY2_MINITWICE_4058	121	Port Input	1	7191871	35602	NA
S002_DAY2_MINITWICE_4058	121	Picture	120_T_RWTRIAD_RW_telarana_red.png	7199469	43200	1	1900	2	43200	1800
S002_DAY2_MINITWICE_4058	122	Picture	rest	7201469	0	1	144099	2	0	144000
S002_DAY2_MINITWICE_4058	122	Pulse	99	7227872	26403	NA
S002_DAY2_MINITWICE_4058	122	Port Input	1	7227872	26403	NA
S002_DAY2_MINITWICE_4058	122	Pulse	99	7263873	62404	NA
S002_DAY2_MINITWICE_4058	122	Port Input	1	7263873	62404	NA
S002_DAY2_MINITWICE_4058	122	Pulse	99	7299874	98405	NA
S002_DAY2_MINITWICE_4058	122	Port Input	1	7299874	98405	NA
S002_DAY2_MINITWICE_4058	122	Pulse	99	7335875	134406	NA
S002_DAY2_MINITWICE_4058	122	Port Input	1	7335875	134406	NA
S002_DAY2_MINITWICE_4058	123	Picture	endrest	7345668	0	1	10100	2	0	10000
S002_DAY2_MINITWICE_4058	124	Picture	RW	7355968	0	1	43200	2	0	43200
S002_DAY2_MINITWICE_4058	124	Pulse	99	7371876	15908	NA
S002_DAY2_MINITWICE_4058	124	Port Input	1	7371876	15908	NA
S002_DAY2_MINITWICE_4058	124	Response	51	7386723	30755	1
S002_DAY2_MINITWICE_4058	124	Picture	123_T_RWTRIAD_RW_portatil_red.png	7399168	43200	1	1900	2	43200	1800
S002_DAY2_MINITWICE_4058	125	Picture	RW	7401268	0	1	43200	2	0	43200
S002_DAY2_MINITWICE_4058	125	Pulse	99	7407877	6609	NA
S002_DAY2_MINITWICE_4058	125	Port Input	1	7407877	6609	NA
S002_DAY2_MINITWICE_4058	125	Pulse	99	7443878	42610	NA
S002_DAY2_MINITWICE_4058	125	Port Input	1	7443878	42610	NA
S002_DAY2_MINITWICE_4058	125	Picture	124_T_RWTRIAD_RW_silla_red.png	7444468	43200	1	1900	2	43200	1800
S002_DAY2_MINITWICE_4058	126	Picture	RW	7446568	0	1	43200	2	0	43200
S002_DAY2_MINITWICE_4058	126	Response	51	7458141	11573	1
S002_DAY2_MINITWICE_4058	126	Pulse	99	7479880	33312	NA
S002_DAY2_MINITWICE_4058	126	Port Input	1	7479880	33312	NA
S002_DAY2_MINITWICE_4058	126	Picture	125_T_RWTRIAD_RW_bala_red.png	7489768	43200	1	1900	2	43200	1800
S002_DAY2_MINITWICE_4058	127	Picture	RW	7491868	0	1	43199	3	0	43200
S002_DAY2_MINITWICE_4058	127	Response	51	7504441	12573	1
S002_DAY2_MINITWICE_4058	127	Pulse	99	7515881	24013	NA
S002_DAY2_MINITWICE_4058	127	Port Input	1	7515881	24013	NA
S002_DAY2_MINITWICE_4058	127	Picture	126_T_RWTRIAD_RW_novia_red.png	7535067	43199	2	1900	4	43200	1800
S002_DAY2_MINITWICE_4058	128	Picture	PW	7537167	0	2	43200	3	0	43200
S002_DAY2_MINITWICE_4058	128	Pulse	99	7551882	14715	NA
S002_DAY2_MINITWICE_4058	128	Port Input	1	7551882	14715	NA
S002_DAY2_MINITWICE_4058	128	Response	51	7558238	21071	1
S002_DAY2_MINITWICE_4058	128	Picture	127_T_PWTRIAD_PW_martillo_red.png	7580367	43200	1	1900	2	43200	1800
S002_DAY2_MINITWICE_4058	129	Picture	PW	7582467	0	1	43200	2	0	43200
S002_DAY2_MINITWICE_4058	129	Pulse	99	7587883	5416	NA
S002_DAY2_MINITWICE_4058	129	Port Input	1	7587883	5416	NA
S002_DAY2_MINITWICE_4058	129	Response	52	7606210	23743	1
S002_DAY2_MINITWICE_4058	129	Pulse	99	7623884	41417	NA
S002_DAY2_MINITWICE_4058	129	Port Input	1	7623884	41417	NA
S002_DAY2_MINITWICE_4058	129	Picture	128_T_PWTRIAD_PW_cerillas_red.png	7625667	43200	1	1900	2	43200	1800
S002_DAY2_MINITWICE_4058	130	Picture	PW	7627767	0	1	43200	2	0	43200
S002_DAY2_MINITWICE_4058	130	Pulse	99	7659885	32118	NA
S002_DAY2_MINITWICE_4058	130	Port Input	1	7659885	32118	NA
S002_DAY2_MINITWICE_4058	130	Picture	129_T_PWTRIAD_PW_almohada_red.png	7670967	43200	1	1900	2	43200	1800
S002_DAY2_MINITWICE_4058	131	Picture	PW	7673067	0	1	43200	2	0	43200
S002_DAY2_MINITWICE_4058	131	Response	51	7673793	726	1
S002_DAY2_MINITWICE_4058	131	Response	51	7690750	17683	1
S002_DAY2_MINITWICE_4058	131	Pulse	99	7695886	22819	NA
S002_DAY2_MINITWICE_4058	131	Port Input	1	7695886	22819	NA
S002_DAY2_MINITWICE_4058	131	Picture	130_T_PWTRIAD_PW_granjero_red.png	7716267	43200	1	1900	2	43200	1800
S002_DAY2_MINITWICE_4058	132	Picture	rest	7718267	0	1	144099	2	0	144000
S002_DAY2_MINITWICE_4058	132	Pulse	99	7731887	13620	NA
S002_DAY2_MINITWICE_4058	132	Port Input	1	7731887	13620	NA
S002_DAY2_MINITWICE_4058	132	Pulse	99	7767888	49621	NA
S002_DAY2_MINITWICE_4058	132	Port Input	1	7767888	49621	NA
S002_DAY2_MINITWICE_4058	132	Pulse	99	7803889	85622	NA
S002_DAY2_MINITWICE_4058	132	Port Input	1	7803889	85622	NA
S002_DAY2_MINITWICE_4058	132	Pulse	99	7839890	121623	NA
S002_DAY2_MINITWICE_4058	132	Port Input	1	7839890	121623	NA
S002_DAY2_MINITWICE_4058	133	Picture	endrest	7862466	0	1	10100	2	0	10000
S002_DAY2_MINITWICE_4058	134	Picture	RW	7872766	0	1	43200	2	0	43200
S002_DAY2_MINITWICE_4058	134	Pulse	99	7875891	3125	NA
S002_DAY2_MINITWICE_4058	134	Port Input	1	7875891	3125	NA
S002_DAY2_MINITWICE_4058	134	Response	51	7904174	31408	1
S002_DAY2_MINITWICE_4058	134	Pulse	99	7911892	39126	NA
S002_DAY2_MINITWICE_4058	134	Port Input	1	7911892	39126	NA
S002_DAY2_MINITWICE_4058	134	Picture	133_T_RWTRIAD_RW_tenedor_red.png	7915966	43200	1	1900	2	43200	1800
S002_DAY2_MINITWICE_4058	135	Picture	RW	7918066	0	1	43200	2	0	43200
S002_DAY2_MINITWICE_4058	135	Response	51	7942453	24387	1
S002_DAY2_MINITWICE_4058	135	Pulse	99	7947893	29827	NA
S002_DAY2_MINITWICE_4058	135	Port Input	1	7947893	29827	NA
S002_DAY2_MINITWICE_4058	135	Picture	134_T_RWTRIAD_RW_television_red.png	7961266	43200	1	1900	2	43200	1800
S002_DAY2_MINITWICE_4058	136	Picture	RW	7963366	0	1	43199	2	0	43200
S002_DAY2_MINITWICE_4058	136	Response	52	7979185	15819	1
S002_DAY2_MINITWICE_4058	136	Pulse	99	7983894	20528	NA
S002_DAY2_MINITWICE_4058	136	Port Input	1	7983894	20528	NA
S002_DAY2_MINITWICE_4058	136	Picture	135_T_RWTRIAD_RW_destornillador_red.png	8006565	43199	1	1900	2	43200	1800
S002_DAY2_MINITWICE_4058	137	Picture	RW	8008665	0	2	43200	3	0	43200
S002_DAY2_MINITWICE_4058	137	Pulse	99	8019895	11230	NA
S002_DAY2_MINITWICE_4058	137	Port Input	1	8019895	11230	NA
S002_DAY2_MINITWICE_4058	137	Response	51	8038613	29948	1
S002_DAY2_MINITWICE_4058	137	Picture	136_T_RWTRIAD_RW_pilas_red.png	8051865	43200	1	1900	2	43200	1800
S002_DAY2_MINITWICE_4058	138	Picture	rest	8053865	0	1	144100	2	0	144000
S002_DAY2_MINITWICE_4058	138	Pulse	99	8055896	2031	NA
S002_DAY2_MINITWICE_4058	138	Port Input	1	8055896	2031	NA
S002_DAY2_MINITWICE_4058	138	Pulse	99	8091898	38033	NA
S002_DAY2_MINITWICE_4058	138	Port Input	1	8091898	38033	NA
S002_DAY2_MINITWICE_4058	139	Picture	endrest	8198065	0	1	10099	3	0	10000
S002_DAY2_MINITWICE_4058	140	Picture	endrest	8208264	0	2	10100	4	0	10000
S002_DAY2_MINITWICE_4058	141	Picture	endrest	8218464	0	2	10100	4	0	10000
S002_DAY2_MINITWICE_4058	142	Picture	endrest	8228664	0	2	10100	4	0	10000
