Scenario - vOT_Triads_fMRI_I
Logfile written - 06/08/2015 10:53:47

Subject	Trial	Event Type	Code	Time	TTime	Uncertainty	Duration	Uncertainty	ReqTime	ReqDur

S002_MINIONCE_4481	1	Response	98	262555	272155	2
S002_MINIONCE_4481	2	Response	52	438992	176394	1
S002_MINIONCE_4481	2	Response	98	445332	182734	1
S002_MINIONCE_4481	3	Response	52	555380	109982	1
S002_MINIONCE_4481	3	Response	98	580764	135366	2
S002_MINIONCE_4481	4	Response	51	642432	61535	2
S002_MINIONCE_4481	4	Response	52	714288	133391	1
S002_MINIONCE_4481	4	Response	98	734869	153972	1
S002_MINIONCE_4481	6	Pulse	99	1017008	282011	NA
S002_MINIONCE_4481	6	Port Input	1	1017008	282011	NA
S002_MINIONCE_4481	6	Pulse	99	1053009	318012	NA
S002_MINIONCE_4481	6	Port Input	1	1053009	318012	NA
S002_MINIONCE_4481	6	Pulse	99	1089010	354013	NA
S002_MINIONCE_4481	6	Port Input	1	1089010	354013	NA
S002_MINIONCE_4481	6	Pulse	99	1125011	390014	NA
S002_MINIONCE_4481	6	Port Input	1	1125011	390014	NA
S002_MINIONCE_4481	6	Pulse	99	1161012	426015	NA
S002_MINIONCE_4481	6	Port Input	1	1161012	426015	NA
S002_MINIONCE_4481	7	Picture	rest	1161295	0	1	144099	2	0	144000
S002_MINIONCE_4481	7	Pulse	99	1197013	35718	NA
S002_MINIONCE_4481	7	Port Input	1	1197013	35718	NA
S002_MINIONCE_4481	7	Pulse	99	1233014	71719	NA
S002_MINIONCE_4481	7	Port Input	1	1233014	71719	NA
S002_MINIONCE_4481	7	Pulse	99	1269015	107720	NA
S002_MINIONCE_4481	7	Port Input	1	1269015	107720	NA
S002_MINIONCE_4481	7	Pulse	99	1305016	143721	NA
S002_MINIONCE_4481	7	Port Input	1	1305016	143721	NA
S002_MINIONCE_4481	8	Picture	endrest	1305494	0	1	10100	2	0	10000
S002_MINIONCE_4481	9	Picture	FF	1316294	0	1	43100	2	0	43200
S002_MINIONCE_4481	9	Pulse	99	1341017	24723	NA
S002_MINIONCE_4481	9	Port Input	1	1341017	24723	NA
S002_MINIONCE_4481	9	Response	51	1341529	25235	1
S002_MINIONCE_4481	9	Picture	3_T_FFTRIAD_FF_granjero_red.png	1359394	43100	1	1900	2	43200	1800
S002_MINIONCE_4481	10	Picture	FF	1361494	0	1	43200	2	0	43200
S002_MINIONCE_4481	10	Pulse	99	1377018	15524	NA
S002_MINIONCE_4481	10	Port Input	1	1377018	15524	NA
S002_MINIONCE_4481	10	Response	51	1378475	16981	1
S002_MINIONCE_4481	10	Picture	4_T_FFTRIAD_FF_dado_red.png	1404694	43200	1	1900	2	43200	1800
S002_MINIONCE_4481	11	Picture	FF	1407094	0	1	43100	2	0	43200
S002_MINIONCE_4481	11	Pulse	99	1413019	5925	NA
S002_MINIONCE_4481	11	Port Input	1	1413019	5925	NA
S002_MINIONCE_4481	11	Response	51	1424560	17466	1
S002_MINIONCE_4481	11	Pulse	99	1449020	41926	NA
S002_MINIONCE_4481	11	Port Input	1	1449020	41926	NA
S002_MINIONCE_4481	11	Picture	5_T_FFTRIAD_FF_traje_red.png	1450194	43100	1	1900	2	43200	1800
S002_MINIONCE_4481	12	Picture	FF	1452294	0	1	43200	2	0	43200
S002_MINIONCE_4481	12	Response	51	1469338	17044	1
S002_MINIONCE_4481	12	Pulse	99	1485021	32727	NA
S002_MINIONCE_4481	12	Port Input	1	1485021	32727	NA
S002_MINIONCE_4481	12	Picture	6_T_FFTRIAD_FF_estetoscopio_red.png	1495494	43200	1	1899	3	43200	1800
S002_MINIONCE_4481	13	Picture	FF	1497994	0	1	43099	2	0	43200
S002_MINIONCE_4481	13	Response	51	1514248	16254	1
S002_MINIONCE_4481	13	Pulse	99	1521022	23028	NA
S002_MINIONCE_4481	13	Port Input	1	1521022	23028	NA
S002_MINIONCE_4481	13	Picture	7_T_FFTRIAD_FF_martillo_red.png	1541093	43099	1	1900	2	43200	1800
S002_MINIONCE_4481	14	Picture	FF	1543193	0	2	43200	3	0	43200
S002_MINIONCE_4481	14	Response	51	1555363	12170	1
S002_MINIONCE_4481	14	Pulse	99	1557024	13831	NA
S002_MINIONCE_4481	14	Port Input	1	1557024	13831	NA
S002_MINIONCE_4481	14	Picture	8_T_FFTRIAD_FF_sombrilla_red.png	1586393	43200	1	1900	2	43200	1800
S002_MINIONCE_4481	15	Picture	FF	1588593	0	1	43100	2	0	43200
S002_MINIONCE_4481	15	Pulse	99	1593025	4432	NA
S002_MINIONCE_4481	15	Port Input	1	1593025	4432	NA
S002_MINIONCE_4481	15	Response	52	1603888	15295	2
S002_MINIONCE_4481	15	Pulse	99	1629026	40433	NA
S002_MINIONCE_4481	15	Port Input	1	1629026	40433	NA
S002_MINIONCE_4481	15	Picture	9_T_FFTRIAD_FF_esquimal_red.png	1631693	43100	1	1900	2	43200	1800
S002_MINIONCE_4481	16	Picture	FF	1633893	0	1	43200	2	0	43200
S002_MINIONCE_4481	16	Response	52	1650528	16635	1
S002_MINIONCE_4481	16	Response	51	1652463	18570	1
S002_MINIONCE_4481	16	Pulse	99	1665027	31134	NA
S002_MINIONCE_4481	16	Port Input	1	1665027	31134	NA
S002_MINIONCE_4481	16	Picture	10_T_FFTRIAD_FF_violin_red.png	1677093	43200	1	1900	2	43200	1800
S002_MINIONCE_4481	17	Picture	rest	1679093	0	1	144099	2	0	144000
S002_MINIONCE_4481	17	Pulse	99	1701028	21935	NA
S002_MINIONCE_4481	17	Port Input	1	1701028	21935	NA
S002_MINIONCE_4481	17	Pulse	99	1737029	57936	NA
S002_MINIONCE_4481	17	Port Input	1	1737029	57936	NA
S002_MINIONCE_4481	17	Pulse	99	1773030	93937	NA
S002_MINIONCE_4481	17	Port Input	1	1773030	93937	NA
S002_MINIONCE_4481	17	Pulse	99	1809031	129938	NA
S002_MINIONCE_4481	17	Port Input	1	1809031	129938	NA
S002_MINIONCE_4481	18	Picture	endrest	1823292	0	1	10100	2	0	10000
S002_MINIONCE_4481	19	Picture	RW	1833892	0	1	43100	2	0	43200
S002_MINIONCE_4481	19	Pulse	99	1845032	11140	NA
S002_MINIONCE_4481	19	Port Input	1	1845032	11140	NA
S002_MINIONCE_4481	19	Response	51	1854288	20396	1
S002_MINIONCE_4481	19	Picture	13_T_RWTRIAD_RW_manos_red.png	1876992	43100	1	1900	2	43200	1800
S002_MINIONCE_4481	20	Picture	RW	1879092	0	1	43200	2	0	43200
S002_MINIONCE_4481	20	Pulse	99	1881033	1941	NA
S002_MINIONCE_4481	20	Port Input	1	1881033	1941	NA
S002_MINIONCE_4481	20	Response	52	1906836	27744	1
S002_MINIONCE_4481	20	Pulse	99	1917034	37942	NA
S002_MINIONCE_4481	20	Port Input	1	1917034	37942	NA
S002_MINIONCE_4481	20	Picture	14_T_RWTRIAD_RW_pincel_red.png	1922292	43200	1	1900	2	43200	1800
S002_MINIONCE_4481	21	Picture	RW	1924592	0	1	43200	2	0	43200
S002_MINIONCE_4481	21	Response	52	1947001	22409	1
S002_MINIONCE_4481	21	Pulse	99	1953035	28443	NA
S002_MINIONCE_4481	21	Port Input	1	1953035	28443	NA
S002_MINIONCE_4481	21	Picture	15_T_RWTRIAD_RW_queso_red.png	1967792	43200	1	1900	2	43200	1800
S002_MINIONCE_4481	22	Picture	RW	1969992	0	1	43199	3	0	43200
S002_MINIONCE_4481	22	Pulse	99	1989036	19044	NA
S002_MINIONCE_4481	22	Port Input	1	1989036	19044	NA
S002_MINIONCE_4481	22	Response	51	1993011	23019	1
S002_MINIONCE_4481	22	Picture	16_T_RWTRIAD_RW_perro_red.png	2013191	43199	2	1901	3	43200	1800
S002_MINIONCE_4481	23	Picture	RW	2015591	0	2	43200	3	0	43200
S002_MINIONCE_4481	23	Pulse	99	2025037	9446	NA
S002_MINIONCE_4481	23	Port Input	1	2025037	9446	NA
S002_MINIONCE_4481	23	Picture	17_T_RWTRIAD_RW_bala_red.png	2058791	43200	1	1900	2	43200	1800
S002_MINIONCE_4481	24	Picture	RW	2060891	0	1	43200	2	0	43200
S002_MINIONCE_4481	24	Pulse	99	2061039	148	NA
S002_MINIONCE_4481	24	Port Input	1	2061039	148	NA
S002_MINIONCE_4481	24	Response	51	2061357	466	1
S002_MINIONCE_4481	24	Response	52	2092090	31199	1
S002_MINIONCE_4481	24	Pulse	99	2097040	36149	NA
S002_MINIONCE_4481	24	Port Input	1	2097040	36149	NA
S002_MINIONCE_4481	24	Picture	18_T_RWTRIAD_RW_plato_red.png	2104091	43200	1	1900	2	43200	1800
S002_MINIONCE_4481	25	Picture	RW	2106191	0	1	43200	2	0	43200
S002_MINIONCE_4481	25	Response	51	2132939	26748	1
S002_MINIONCE_4481	25	Pulse	99	2133041	26850	NA
S002_MINIONCE_4481	25	Port Input	1	2133041	26850	NA
S002_MINIONCE_4481	25	Picture	19_T_RWTRIAD_RW_candado_red.png	2149391	43200	1	1900	2	43200	1800
S002_MINIONCE_4481	26	Picture	RW	2151591	0	1	43100	2	0	43200
S002_MINIONCE_4481	26	Pulse	99	2169042	17451	NA
S002_MINIONCE_4481	26	Port Input	1	2169042	17451	NA
S002_MINIONCE_4481	26	Response	52	2171101	19510	1
S002_MINIONCE_4481	26	Picture	20_T_RWTRIAD_RW_bebe_red.png	2194691	43100	1	1900	2	43200	1800
S002_MINIONCE_4481	27	Picture	rest	2196691	0	1	144099	2	0	144000
S002_MINIONCE_4481	27	Pulse	99	2205043	8352	NA
S002_MINIONCE_4481	27	Port Input	1	2205043	8352	NA
S002_MINIONCE_4481	27	Pulse	99	2241044	44353	NA
S002_MINIONCE_4481	27	Port Input	1	2241044	44353	NA
S002_MINIONCE_4481	27	Pulse	99	2277045	80354	NA
S002_MINIONCE_4481	27	Port Input	1	2277045	80354	NA
S002_MINIONCE_4481	27	Pulse	99	2313046	116355	NA
S002_MINIONCE_4481	27	Port Input	1	2313046	116355	NA
S002_MINIONCE_4481	28	Picture	endrest	2340890	0	1	10100	2	0	10000
S002_MINIONCE_4481	28	Pulse	99	2349047	8157	NA
S002_MINIONCE_4481	28	Port Input	1	2349047	8157	NA
S002_MINIONCE_4481	29	Picture	RW	2351290	0	1	43200	2	0	43200
S002_MINIONCE_4481	29	Response	51	2378518	27228	1
S002_MINIONCE_4481	29	Pulse	99	2385048	33758	NA
S002_MINIONCE_4481	29	Port Input	1	2385048	33758	NA
S002_MINIONCE_4481	29	Picture	23_T_RWTRIAD_RW_telefono_red.png	2394490	43200	1	1900	2	43200	1800
S002_MINIONCE_4481	30	Picture	RW	2396590	0	1	43200	2	0	43200
S002_MINIONCE_4481	30	Pulse	99	2421049	24459	NA
S002_MINIONCE_4481	30	Port Input	1	2421049	24459	NA
S002_MINIONCE_4481	30	Response	51	2425676	29086	1
S002_MINIONCE_4481	30	Picture	24_T_RWTRIAD_RW_botella_red.png	2439790	43200	1	1900	2	43200	1800
S002_MINIONCE_4481	31	Picture	RW	2441890	0	1	43200	2	0	43200
S002_MINIONCE_4481	31	Pulse	99	2457050	15160	NA
S002_MINIONCE_4481	31	Port Input	1	2457050	15160	NA
S002_MINIONCE_4481	31	Picture	25_T_RWTRIAD_RW_madera_red.png	2485090	43200	1	1900	2	43200	1800
S002_MINIONCE_4481	32	Picture	RW	2487190	0	1	43200	2	0	43200
S002_MINIONCE_4481	32	Response	51	2488463	1273	1
S002_MINIONCE_4481	32	Pulse	99	2493051	5861	NA
S002_MINIONCE_4481	32	Port Input	1	2493051	5861	NA
S002_MINIONCE_4481	32	Response	51	2506484	19294	1
S002_MINIONCE_4481	32	Pulse	99	2529052	41862	NA
S002_MINIONCE_4481	32	Port Input	1	2529052	41862	NA
S002_MINIONCE_4481	32	Picture	26_T_RWTRIAD_RW_chupete_red.png	2530390	43200	1	1900	2	43200	1800
S002_MINIONCE_4481	33	Picture	FF	2532590	0	1	43099	2	0	43200
S002_MINIONCE_4481	33	Response	52	2550541	17951	1
S002_MINIONCE_4481	33	Pulse	99	2565054	32464	NA
S002_MINIONCE_4481	33	Port Input	1	2565054	32464	NA
S002_MINIONCE_4481	33	Picture	27_T_FFTRIAD_FF_molino_red.png	2575689	43099	1	1900	2	43200	1800
S002_MINIONCE_4481	34	Picture	FF	2577889	0	1	43200	2	0	43200
S002_MINIONCE_4481	34	Response	51	2596052	18163	1
S002_MINIONCE_4481	34	Pulse	99	2601055	23166	NA
S002_MINIONCE_4481	34	Port Input	1	2601055	23166	NA
S002_MINIONCE_4481	34	Picture	28_T_FFTRIAD_FF_futbol_red.png	2621089	43200	1	1900	2	43200	1800
S002_MINIONCE_4481	35	Picture	FF	2623289	0	1	43100	3	0	43200
S002_MINIONCE_4481	35	Pulse	99	2637056	13767	NA
S002_MINIONCE_4481	35	Port Input	1	2637056	13767	NA
S002_MINIONCE_4481	35	Response	52	2642504	19215	1
S002_MINIONCE_4481	35	Picture	29_T_FFTRIAD_FF_pizarra_red.png	2666389	43100	2	1900	4	43200	1800
S002_MINIONCE_4481	36	Picture	FF	2668589	0	2	43200	3	0	43200
S002_MINIONCE_4481	36	Pulse	99	2673057	4468	NA
S002_MINIONCE_4481	36	Port Input	1	2673057	4468	NA
S002_MINIONCE_4481	36	Response	51	2684764	16175	1
S002_MINIONCE_4481	36	Pulse	99	2709058	40469	NA
S002_MINIONCE_4481	36	Port Input	1	2709058	40469	NA
S002_MINIONCE_4481	36	Picture	30_T_FFTRIAD_FF_iglu_red.png	2711789	43200	1	1900	2	43200	1800
S002_MINIONCE_4481	37	Picture	rest	2713789	0	1	144099	3	0	144000
S002_MINIONCE_4481	37	Pulse	99	2745059	31270	NA
S002_MINIONCE_4481	37	Port Input	1	2745059	31270	NA
S002_MINIONCE_4481	37	Pulse	99	2781060	67271	NA
S002_MINIONCE_4481	37	Port Input	1	2781060	67271	NA
S002_MINIONCE_4481	37	Pulse	99	2817061	103272	NA
S002_MINIONCE_4481	37	Port Input	1	2817061	103272	NA
S002_MINIONCE_4481	37	Pulse	99	2853062	139273	NA
S002_MINIONCE_4481	37	Port Input	1	2853062	139273	NA
S002_MINIONCE_4481	38	Picture	endrest	2857988	0	2	10100	4	0	10000
S002_MINIONCE_4481	39	Picture	FF	2868588	0	2	43199	5	0	43200
S002_MINIONCE_4481	39	Response	52	2886889	18301	1
S002_MINIONCE_4481	39	Pulse	99	2889063	20475	NA
S002_MINIONCE_4481	39	Port Input	1	2889063	20475	NA
S002_MINIONCE_4481	39	Picture	33_T_FFTRIAD_FF_anillo_red.png	2911787	43199	3	1900	6	43200	1800
S002_MINIONCE_4481	40	Picture	FF	2913888	0	1	43199	3	0	43200
S002_MINIONCE_4481	40	Pulse	99	2925064	11176	NA
S002_MINIONCE_4481	40	Port Input	1	2925064	11176	NA
S002_MINIONCE_4481	40	Response	51	2926825	12937	1
S002_MINIONCE_4481	40	Picture	34_T_FFTRIAD_FF_leche_red.png	2957087	43199	2	1900	4	43200	1800
S002_MINIONCE_4481	41	Picture	FF	2959288	0	1	43200	2	0	43200
S002_MINIONCE_4481	41	Pulse	99	2961065	1777	NA
S002_MINIONCE_4481	41	Port Input	1	2961065	1777	NA
S002_MINIONCE_4481	41	Response	51	2981244	21956	2
S002_MINIONCE_4481	41	Pulse	99	2997066	37778	NA
S002_MINIONCE_4481	41	Port Input	1	2997066	37778	NA
S002_MINIONCE_4481	41	Picture	35_T_FFTRIAD_FF_lechuga_red.png	3002488	43200	1	1899	3	43200	1800
S002_MINIONCE_4481	42	Picture	FF	3004587	0	2	43200	4	0	43200
S002_MINIONCE_4481	42	Response	52	3025691	21104	1
S002_MINIONCE_4481	42	Pulse	99	3033067	28480	NA
S002_MINIONCE_4481	42	Port Input	1	3033067	28480	NA
S002_MINIONCE_4481	42	Picture	36_T_FFTRIAD_FF_oruga_red.png	3047787	43200	2	1899	5	43200	1800
S002_MINIONCE_4481	43	Picture	FF	3049888	0	1	43199	2	0	43200
S002_MINIONCE_4481	43	Pulse	99	3069068	19180	NA
S002_MINIONCE_4481	43	Port Input	1	3069068	19180	NA
S002_MINIONCE_4481	43	Response	52	3069956	20068	1
S002_MINIONCE_4481	43	Picture	37_T_FFTRIAD_FF_raton_red.png	3093087	43199	1	1900	2	43200	1800
S002_MINIONCE_4481	44	Picture	FF	3095187	0	1	43200	2	0	43200
S002_MINIONCE_4481	44	Pulse	99	3105070	9883	NA
S002_MINIONCE_4481	44	Port Input	1	3105070	9883	NA
S002_MINIONCE_4481	44	Response	51	3114451	19264	2
S002_MINIONCE_4481	44	Picture	38_T_FFTRIAD_FF_dedal_red.png	3138387	43200	1	1900	2	43200	1800
S002_MINIONCE_4481	45	Picture	FF	3140587	0	1	43200	2	0	43200
S002_MINIONCE_4481	45	Pulse	99	3141071	484	NA
S002_MINIONCE_4481	45	Port Input	1	3141071	484	NA
S002_MINIONCE_4481	45	Response	52	3162255	21668	1
S002_MINIONCE_4481	45	Pulse	99	3177072	36485	NA
S002_MINIONCE_4481	45	Port Input	1	3177072	36485	NA
S002_MINIONCE_4481	45	Picture	39_T_FFTRIAD_FF_almohada_red.png	3183787	43200	1	1900	2	43200	1800
S002_MINIONCE_4481	46	Picture	FF	3185987	0	1	43100	2	0	43200
S002_MINIONCE_4481	46	Response	52	3209795	23808	2
S002_MINIONCE_4481	46	Pulse	99	3213073	27086	NA
S002_MINIONCE_4481	46	Port Input	1	3213073	27086	NA
S002_MINIONCE_4481	46	Picture	40_T_FFTRIAD_FF_mono_red.png	3229087	43100	1	1900	2	43200	1800
S002_MINIONCE_4481	47	Picture	rest	3231087	0	1	144099	2	0	144000
S002_MINIONCE_4481	47	Pulse	99	3249074	17987	NA
S002_MINIONCE_4481	47	Port Input	1	3249074	17987	NA
S002_MINIONCE_4481	47	Pulse	99	3285075	53988	NA
S002_MINIONCE_4481	47	Port Input	1	3285075	53988	NA
S002_MINIONCE_4481	47	Pulse	99	3321076	89989	NA
S002_MINIONCE_4481	47	Port Input	1	3321076	89989	NA
S002_MINIONCE_4481	47	Pulse	99	3357077	125990	NA
S002_MINIONCE_4481	47	Port Input	1	3357077	125990	NA
S002_MINIONCE_4481	48	Picture	endrest	3375286	0	1	10100	2	0	10000
S002_MINIONCE_4481	49	Picture	RW	3385586	0	1	43200	2	0	43200
S002_MINIONCE_4481	49	Pulse	99	3393078	7492	NA
S002_MINIONCE_4481	49	Port Input	1	3393078	7492	NA
S002_MINIONCE_4481	49	Response	51	3411383	25797	1
S002_MINIONCE_4481	49	Picture	43_T_RWTRIAD_RW_tenedor_red.png	3428786	43200	1	1900	2	43200	1800
S002_MINIONCE_4481	49	Pulse	99	3429079	43493	NA
S002_MINIONCE_4481	49	Port Input	1	3429079	43493	NA
S002_MINIONCE_4481	50	Picture	RW	3430886	0	1	43200	2	0	43200
S002_MINIONCE_4481	50	Response	51	3463107	32221	2
S002_MINIONCE_4481	50	Pulse	99	3465080	34194	NA
S002_MINIONCE_4481	50	Port Input	1	3465080	34194	NA
S002_MINIONCE_4481	50	Picture	44_T_RWTRIAD_RW_banera_red.png	3474086	43200	1	1900	2	43200	1800
S002_MINIONCE_4481	51	Picture	RW	3476286	0	1	43100	2	0	43200
S002_MINIONCE_4481	51	Pulse	99	3501081	24795	NA
S002_MINIONCE_4481	51	Port Input	1	3501081	24795	NA
S002_MINIONCE_4481	51	Response	52	3504938	28652	1
S002_MINIONCE_4481	51	Picture	45_T_RWTRIAD_RW_bellota_red.png	3519386	43100	1	1900	2	43200	1800
S002_MINIONCE_4481	52	Picture	RW	3521686	0	1	43099	3	0	43200
S002_MINIONCE_4481	52	Pulse	99	3537082	15396	NA
S002_MINIONCE_4481	52	Port Input	1	3537082	15396	NA
S002_MINIONCE_4481	52	Response	52	3542761	21075	1
S002_MINIONCE_4481	52	Picture	46_T_RWTRIAD_RW_lechuga_red.png	3564785	43099	2	1900	4	43200	1800
S002_MINIONCE_4481	53	Picture	PW	3567085	0	1	43200	2	0	43200
S002_MINIONCE_4481	53	Pulse	99	3573083	5998	NA
S002_MINIONCE_4481	53	Port Input	1	3573083	5998	NA
S002_MINIONCE_4481	53	Response	51	3605143	38058	1
S002_MINIONCE_4481	53	Pulse	99	3609084	41999	NA
S002_MINIONCE_4481	53	Port Input	1	3609084	41999	NA
S002_MINIONCE_4481	53	Picture	47_T_PWTRIAD_PW_tenedor_red.png	3610285	43200	1	1900	2	43200	1800
S002_MINIONCE_4481	54	Picture	PW	3612485	0	1	43100	2	0	43200
S002_MINIONCE_4481	54	Pulse	99	3645086	32601	NA
S002_MINIONCE_4481	54	Port Input	1	3645086	32601	NA
S002_MINIONCE_4481	54	Response	51	3654680	42195	1
S002_MINIONCE_4481	54	Picture	48_T_PWTRIAD_PW_ascensor_red.png	3655585	43100	1	1900	2	43200	1800
S002_MINIONCE_4481	55	Picture	PW	3657685	0	1	43200	2	0	43200
S002_MINIONCE_4481	55	Pulse	99	3681087	23402	NA
S002_MINIONCE_4481	55	Port Input	1	3681087	23402	NA
S002_MINIONCE_4481	55	Response	52	3699392	41707	1
S002_MINIONCE_4481	55	Picture	49_T_PWTRIAD_PW_estetoscopio_red.png	3700885	43200	1	1900	2	43200	1800
S002_MINIONCE_4481	56	Picture	PW	3703185	0	1	43100	2	0	43200
S002_MINIONCE_4481	56	Pulse	99	3717088	13903	NA
S002_MINIONCE_4481	56	Port Input	1	3717088	13903	NA
S002_MINIONCE_4481	56	Response	52	3737715	34530	1
S002_MINIONCE_4481	56	Picture	50_T_PWTRIAD_PW_piramide_red.png	3746285	43100	1	1900	2	43200	1800
S002_MINIONCE_4481	57	Picture	rest	3748285	0	1	144099	2	0	144000
S002_MINIONCE_4481	57	Pulse	99	3753089	4804	NA
S002_MINIONCE_4481	57	Port Input	1	3753089	4804	NA
S002_MINIONCE_4481	57	Pulse	99	3789090	40805	NA
S002_MINIONCE_4481	57	Port Input	1	3789090	40805	NA
S002_MINIONCE_4481	57	Pulse	99	3825091	76806	NA
S002_MINIONCE_4481	57	Port Input	1	3825091	76806	NA
S002_MINIONCE_4481	57	Pulse	99	3861092	112807	NA
S002_MINIONCE_4481	57	Port Input	1	3861092	112807	NA
S002_MINIONCE_4481	58	Picture	endrest	3892484	0	1	10100	2	0	10000
S002_MINIONCE_4481	58	Pulse	99	3897093	4609	NA
S002_MINIONCE_4481	58	Port Input	1	3897093	4609	NA
S002_MINIONCE_4481	59	Picture	RW	3902784	0	1	43200	2	0	43200
S002_MINIONCE_4481	59	Response	52	3923255	20471	1
S002_MINIONCE_4481	59	Pulse	99	3933094	30310	NA
S002_MINIONCE_4481	59	Port Input	1	3933094	30310	NA
S002_MINIONCE_4481	59	Picture	53_T_RWTRIAD_RW_anillo_red.png	3945984	43200	1	1900	2	43200	1800
S002_MINIONCE_4481	60	Picture	RW	3948084	0	1	43200	2	0	43200
S002_MINIONCE_4481	60	Pulse	99	3969095	21011	NA
S002_MINIONCE_4481	60	Port Input	1	3969095	21011	NA
S002_MINIONCE_4481	60	Response	52	3969492	21408	1
S002_MINIONCE_4481	60	Picture	54_T_RWTRIAD_RW_paraguas_red.png	3991284	43200	1	1900	2	43200	1800
S002_MINIONCE_4481	61	Picture	RW	3993484	0	1	43100	2	0	43200
S002_MINIONCE_4481	61	Pulse	99	4005096	11612	NA
S002_MINIONCE_4481	61	Port Input	1	4005096	11612	NA
S002_MINIONCE_4481	61	Response	51	4029255	35771	1
S002_MINIONCE_4481	61	Picture	55_T_RWTRIAD_RW_cortina_red.png	4036584	43100	1	1899	3	43200	1800
S002_MINIONCE_4481	62	Picture	RW	4038684	0	1	43199	2	0	43200
S002_MINIONCE_4481	62	Pulse	99	4041097	2413	NA
S002_MINIONCE_4481	62	Port Input	1	4041097	2413	NA
S002_MINIONCE_4481	62	Response	51	4063484	24800	1
S002_MINIONCE_4481	62	Pulse	99	4077098	38414	NA
S002_MINIONCE_4481	62	Port Input	1	4077098	38414	NA
S002_MINIONCE_4481	62	Picture	56_T_RWTRIAD_RW_novia_red.png	4081883	43199	1	1900	2	43200	1800
S002_MINIONCE_4481	63	Picture	RW	4084083	0	1	43200	2	0	43200
S002_MINIONCE_4481	63	Response	51	4105886	21803	1
S002_MINIONCE_4481	63	Pulse	99	4113099	29016	NA
S002_MINIONCE_4481	63	Port Input	1	4113099	29016	NA
S002_MINIONCE_4481	63	Picture	57_T_RWTRIAD_RW_grifo_red.png	4127283	43200	1	1900	2	43200	1800
S002_MINIONCE_4481	64	Picture	RW	4129383	0	1	43200	2	0	43200
S002_MINIONCE_4481	64	Pulse	99	4149100	19717	NA
S002_MINIONCE_4481	64	Port Input	1	4149100	19717	NA
S002_MINIONCE_4481	64	Picture	58_T_RWTRIAD_RW_molino_red.png	4172583	43200	1	1900	2	43200	1800
S002_MINIONCE_4481	64	Response	51	4173168	43785	1
S002_MINIONCE_4481	65	Picture	RW	4174683	0	1	43200	2	0	43200
S002_MINIONCE_4481	65	Pulse	99	4185102	10419	NA
S002_MINIONCE_4481	65	Port Input	1	4185102	10419	NA
S002_MINIONCE_4481	65	Response	51	4209972	35289	2
S002_MINIONCE_4481	65	Picture	59_T_RWTRIAD_RW_policia_red.png	4217883	43200	1	1900	2	43200	1800
S002_MINIONCE_4481	66	Picture	RW	4220083	0	1	43100	2	0	43200
S002_MINIONCE_4481	66	Pulse	99	4221103	1020	NA
S002_MINIONCE_4481	66	Port Input	1	4221103	1020	NA
S002_MINIONCE_4481	66	Pulse	99	4257104	37021	NA
S002_MINIONCE_4481	66	Port Input	1	4257104	37021	NA
S002_MINIONCE_4481	66	Response	51	4260463	40380	1
S002_MINIONCE_4481	66	Picture	60_T_RWTRIAD_RW_carruaje_red.png	4263183	43100	1	1900	2	43200	1800
S002_MINIONCE_4481	67	Picture	rest	4265183	0	1	144099	2	0	144000
S002_MINIONCE_4481	67	Pulse	99	4293105	27922	NA
S002_MINIONCE_4481	67	Port Input	1	4293105	27922	NA
S002_MINIONCE_4481	67	Pulse	99	4329106	63923	NA
S002_MINIONCE_4481	67	Port Input	1	4329106	63923	NA
S002_MINIONCE_4481	67	Pulse	99	4365107	99924	NA
S002_MINIONCE_4481	67	Port Input	1	4365107	99924	NA
S002_MINIONCE_4481	67	Pulse	99	4401108	135925	NA
S002_MINIONCE_4481	67	Port Input	1	4401108	135925	NA
S002_MINIONCE_4481	68	Picture	endrest	4409382	0	1	10100	2	0	10000
S002_MINIONCE_4481	69	Picture	PW	4419782	0	1	43100	2	0	43200
S002_MINIONCE_4481	69	Pulse	99	4437109	17327	NA
S002_MINIONCE_4481	69	Port Input	1	4437109	17327	NA
S002_MINIONCE_4481	69	Response	52	4457136	37354	1
S002_MINIONCE_4481	69	Picture	63_T_PWTRIAD_PW_silla_red.png	4462882	43100	1	1900	2	43200	1800
S002_MINIONCE_4481	70	Picture	PW	4465082	0	1	43100	2	0	43200
S002_MINIONCE_4481	70	Pulse	99	4473110	8028	NA
S002_MINIONCE_4481	70	Port Input	1	4473110	8028	NA
S002_MINIONCE_4481	70	Picture	64_T_PWTRIAD_PW_charco_red.png	4508182	43100	1	1900	2	43200	1800
S002_MINIONCE_4481	70	Response	52	4508886	43804	2
S002_MINIONCE_4481	70	Pulse	99	4509111	44029	NA
S002_MINIONCE_4481	70	Port Input	1	4509111	44029	NA
S002_MINIONCE_4481	71	Picture	PW	4510482	0	1	43099	3	0	43200
S002_MINIONCE_4481	71	Pulse	99	4545112	34630	NA
S002_MINIONCE_4481	71	Port Input	1	4545112	34630	NA
S002_MINIONCE_4481	71	Response	51	4549178	38696	1
S002_MINIONCE_4481	71	Picture	65_T_PWTRIAD_PW_candado_red.png	4553581	43099	2	1900	4	43200	1800
S002_MINIONCE_4481	72	Picture	PW	4555681	0	2	43200	3	0	43200
S002_MINIONCE_4481	72	Pulse	99	4581113	25432	NA
S002_MINIONCE_4481	72	Port Input	1	4581113	25432	NA
S002_MINIONCE_4481	72	Response	51	4588907	33226	1
S002_MINIONCE_4481	72	Picture	66_T_PWTRIAD_PW_plato_red.png	4598881	43200	1	1900	2	43200	1800
S002_MINIONCE_4481	73	Picture	PW	4601281	0	1	43100	2	0	43200
S002_MINIONCE_4481	73	Pulse	99	4617114	15833	NA
S002_MINIONCE_4481	73	Port Input	1	4617114	15833	NA
S002_MINIONCE_4481	73	Response	52	4636502	35221	1
S002_MINIONCE_4481	73	Picture	67_T_PWTRIAD_PW_huevos_red.png	4644381	43100	1	1900	2	43200	1800
S002_MINIONCE_4481	74	Picture	PW	4646481	0	1	43200	2	0	43200
S002_MINIONCE_4481	74	Pulse	99	4653115	6634	NA
S002_MINIONCE_4481	74	Port Input	1	4653115	6634	NA
S002_MINIONCE_4481	74	Pulse	99	4689116	42635	NA
S002_MINIONCE_4481	74	Port Input	1	4689116	42635	NA
S002_MINIONCE_4481	74	Picture	68_T_PWTRIAD_PW_telefono_red.png	4689681	43200	1	1900	2	43200	1800
S002_MINIONCE_4481	74	Response	51	4691192	44711	1
S002_MINIONCE_4481	75	Picture	PW	4691781	0	1	43200	2	0	43200
S002_MINIONCE_4481	75	Pulse	99	4725118	33337	NA
S002_MINIONCE_4481	75	Port Input	1	4725118	33337	NA
S002_MINIONCE_4481	75	Response	52	4729439	37658	1
S002_MINIONCE_4481	75	Picture	69_T_PWTRIAD_PW_violin_red.png	4734981	43200	1	1900	2	43200	1800
S002_MINIONCE_4481	76	Picture	PW	4737281	0	1	43200	2	0	43200
S002_MINIONCE_4481	76	Pulse	99	4761119	23838	NA
S002_MINIONCE_4481	76	Port Input	1	4761119	23838	NA
S002_MINIONCE_4481	76	Response	51	4776638	39357	1
S002_MINIONCE_4481	76	Picture	70_T_PWTRIAD_PW_cortina_red.png	4780481	43200	1	1900	2	43200	1800
S002_MINIONCE_4481	77	Picture	rest	4782480	0	2	144100	3	0	144000
S002_MINIONCE_4481	77	Pulse	99	4797120	14640	NA
S002_MINIONCE_4481	77	Port Input	1	4797120	14640	NA
S002_MINIONCE_4481	77	Pulse	99	4833121	50641	NA
S002_MINIONCE_4481	77	Port Input	1	4833121	50641	NA
S002_MINIONCE_4481	77	Pulse	99	4869122	86642	NA
S002_MINIONCE_4481	77	Port Input	1	4869122	86642	NA
S002_MINIONCE_4481	77	Pulse	99	4905123	122643	NA
S002_MINIONCE_4481	77	Port Input	1	4905123	122643	NA
S002_MINIONCE_4481	78	Picture	endrest	4926680	0	1	10100	2	0	10000
S002_MINIONCE_4481	79	Picture	RW	4937080	0	1	43100	2	0	43200
S002_MINIONCE_4481	79	Pulse	99	4941124	4044	NA
S002_MINIONCE_4481	79	Port Input	1	4941124	4044	NA
S002_MINIONCE_4481	79	Response	52	4962353	25273	1
S002_MINIONCE_4481	79	Pulse	99	4977125	40045	NA
S002_MINIONCE_4481	79	Port Input	1	4977125	40045	NA
S002_MINIONCE_4481	79	Picture	73_T_RWTRIAD_RW_leche_red.png	4980180	43100	1	1900	2	43200	1800
S002_MINIONCE_4481	80	Picture	RW	4982280	0	1	43200	2	0	43200
S002_MINIONCE_4481	80	Response	52	5000591	18311	1
S002_MINIONCE_4481	80	Pulse	99	5013126	30846	NA
S002_MINIONCE_4481	80	Port Input	1	5013126	30846	NA
S002_MINIONCE_4481	80	Picture	74_T_RWTRIAD_RW_silla_red.png	5025480	43200	1	1900	2	43200	1800
S002_MINIONCE_4481	81	Picture	RW	5027680	0	1	43099	3	0	43200
S002_MINIONCE_4481	81	Pulse	99	5049127	21447	NA
S002_MINIONCE_4481	81	Port Input	1	5049127	21447	NA
S002_MINIONCE_4481	81	Response	51	5050147	22467	1
S002_MINIONCE_4481	81	Picture	75_T_RWTRIAD_RW_pizarra_red.png	5070779	43099	2	1900	3	43200	1800
S002_MINIONCE_4481	82	Picture	RW	5072879	0	1	43200	2	0	43200
S002_MINIONCE_4481	82	Pulse	99	5085128	12249	NA
S002_MINIONCE_4481	82	Port Input	1	5085128	12249	NA
S002_MINIONCE_4481	82	Response	52	5096376	23497	2
S002_MINIONCE_4481	82	Picture	76_T_RWTRIAD_RW_sombrilla_red.png	5116079	43200	1	1900	2	43200	1800
S002_MINIONCE_4481	83	Picture	RW	5118179	0	1	43200	2	0	43200
S002_MINIONCE_4481	83	Pulse	99	5121129	2950	NA
S002_MINIONCE_4481	83	Port Input	1	5121129	2950	NA
S002_MINIONCE_4481	83	Response	51	5146974	28795	2
S002_MINIONCE_4481	83	Pulse	99	5157130	38951	NA
S002_MINIONCE_4481	83	Port Input	1	5157130	38951	NA
S002_MINIONCE_4481	83	Picture	77_T_RWTRIAD_RW_cerillas_red.png	5161379	43200	1	1900	2	43200	1800
S002_MINIONCE_4481	84	Picture	RW	5163479	0	1	43200	2	0	43200
S002_MINIONCE_4481	84	Pulse	99	5193131	29652	NA
S002_MINIONCE_4481	84	Port Input	1	5193131	29652	NA
S002_MINIONCE_4481	84	Response	52	5197586	34107	1
S002_MINIONCE_4481	84	Picture	78_T_RWTRIAD_RW_murcielago_red.png	5206679	43200	1	1900	2	43200	1800
S002_MINIONCE_4481	85	Picture	RW	5208779	0	1	43200	2	0	43200
S002_MINIONCE_4481	85	Pulse	99	5229132	20353	NA
S002_MINIONCE_4481	85	Port Input	1	5229132	20353	NA
S002_MINIONCE_4481	85	Picture	79_T_RWTRIAD_RW_pluma_red.png	5251979	43200	1	1900	2	43200	1800
S002_MINIONCE_4481	85	Response	52	5252099	43320	1
S002_MINIONCE_4481	86	Picture	RW	5254079	0	1	43199	3	0	43200
S002_MINIONCE_4481	86	Pulse	99	5265134	11055	NA
S002_MINIONCE_4481	86	Port Input	1	5265134	11055	NA
S002_MINIONCE_4481	86	Response	51	5278388	24309	1
S002_MINIONCE_4481	86	Picture	80_T_RWTRIAD_RW_paracaidas_red.png	5297278	43199	2	1900	4	43200	1800
S002_MINIONCE_4481	87	Picture	rest	5299278	0	2	144100	3	0	144000
S002_MINIONCE_4481	87	Pulse	99	5301135	1857	NA
S002_MINIONCE_4481	87	Port Input	1	5301135	1857	NA
S002_MINIONCE_4481	87	Pulse	99	5337136	37858	NA
S002_MINIONCE_4481	87	Port Input	1	5337136	37858	NA
S002_MINIONCE_4481	87	Pulse	99	5373137	73859	NA
S002_MINIONCE_4481	87	Port Input	1	5373137	73859	NA
S002_MINIONCE_4481	87	Pulse	99	5409138	109860	NA
S002_MINIONCE_4481	87	Port Input	1	5409138	109860	NA
S002_MINIONCE_4481	88	Picture	endrest	5443478	0	1	10100	2	0	10000
S002_MINIONCE_4481	88	Pulse	99	5445139	1661	NA
S002_MINIONCE_4481	88	Port Input	1	5445139	1661	NA
S002_MINIONCE_4481	89	Picture	FF	5453778	0	1	43200	2	0	43200
S002_MINIONCE_4481	89	Pulse	99	5481140	27362	NA
S002_MINIONCE_4481	89	Port Input	1	5481140	27362	NA
S002_MINIONCE_4481	89	Response	51	5483865	30087	1
S002_MINIONCE_4481	89	Picture	83_T_FFTRIAD_FF_paracaidas_red.png	5496978	43200	1	1900	2	43200	1800
S002_MINIONCE_4481	90	Picture	FF	5499178	0	1	43099	3	0	43200
S002_MINIONCE_4481	90	Pulse	99	5517141	17963	NA
S002_MINIONCE_4481	90	Port Input	1	5517141	17963	NA
S002_MINIONCE_4481	90	Response	51	5521568	22390	1
S002_MINIONCE_4481	90	Picture	84_T_FFTRIAD_FF_tijera_red.png	5542277	43099	2	1900	4	43200	1800
S002_MINIONCE_4481	91	Picture	FF	5544477	0	2	43200	3	0	43200
S002_MINIONCE_4481	91	Pulse	99	5553142	8665	NA
S002_MINIONCE_4481	91	Port Input	1	5553142	8665	NA
S002_MINIONCE_4481	91	Response	52	5565001	20524	1
S002_MINIONCE_4481	91	Picture	85_T_FFTRIAD_FF_monja_red.png	5587677	43200	1	1900	2	43200	1800
S002_MINIONCE_4481	91	Pulse	99	5589143	44666	NA
S002_MINIONCE_4481	91	Port Input	1	5589143	44666	NA
S002_MINIONCE_4481	92	Picture	FF	5589777	0	1	43200	2	0	43200
S002_MINIONCE_4481	92	Response	51	5608198	18421	1
S002_MINIONCE_4481	92	Pulse	99	5625144	35367	NA
S002_MINIONCE_4481	92	Port Input	1	5625144	35367	NA
S002_MINIONCE_4481	92	Picture	86_T_FFTRIAD_FF_charco_red.png	5632977	43200	1	1900	2	43200	1800
S002_MINIONCE_4481	93	Picture	PW	5635077	0	1	43200	2	0	43200
S002_MINIONCE_4481	93	Pulse	99	5661145	26068	NA
S002_MINIONCE_4481	93	Port Input	1	5661145	26068	NA
S002_MINIONCE_4481	93	Response	51	5666363	31286	1
S002_MINIONCE_4481	93	Picture	87_T_PWTRIAD_PW_pilas_red.png	5678277	43200	1	1900	2	43200	1800
S002_MINIONCE_4481	94	Picture	PW	5680377	0	1	43200	2	0	43200
S002_MINIONCE_4481	94	Pulse	99	5697146	16769	NA
S002_MINIONCE_4481	94	Port Input	1	5697146	16769	NA
S002_MINIONCE_4481	94	Response	52	5717534	37157	2
S002_MINIONCE_4481	94	Picture	88_T_PWTRIAD_PW_cuento_red.png	5723577	43200	1	1900	2	43200	1800
S002_MINIONCE_4481	95	Picture	PW	5725877	0	1	43100	2	0	43200
S002_MINIONCE_4481	95	Pulse	99	5733147	7270	NA
S002_MINIONCE_4481	95	Port Input	1	5733147	7270	NA
S002_MINIONCE_4481	95	Response	52	5767716	41839	1
S002_MINIONCE_4481	95	Picture	89_T_PWTRIAD_PW_gafas_red.png	5768977	43100	1	1900	2	43200	1800
S002_MINIONCE_4481	95	Pulse	99	5769148	43271	NA
S002_MINIONCE_4481	95	Port Input	1	5769148	43271	NA
S002_MINIONCE_4481	96	Picture	PW	5771177	0	1	43199	2	0	43200
S002_MINIONCE_4481	96	Pulse	99	5805149	33972	NA
S002_MINIONCE_4481	96	Port Input	1	5805149	33972	NA
S002_MINIONCE_4481	96	Response	52	5813016	41839	3
S002_MINIONCE_4481	96	Picture	90_T_PWTRIAD_PW_grapadora_red.png	5814376	43199	1	1900	2	43200	1800
S002_MINIONCE_4481	97	Picture	rest	5816376	0	1	144100	2	0	144000
S002_MINIONCE_4481	97	Pulse	99	5841150	24774	NA
S002_MINIONCE_4481	97	Port Input	1	5841150	24774	NA
S002_MINIONCE_4481	97	Pulse	99	5877152	60776	NA
S002_MINIONCE_4481	97	Port Input	1	5877152	60776	NA
S002_MINIONCE_4481	97	Pulse	99	5913153	96777	NA
S002_MINIONCE_4481	97	Port Input	1	5913153	96777	NA
S002_MINIONCE_4481	97	Pulse	99	5949154	132778	NA
S002_MINIONCE_4481	97	Port Input	1	5949154	132778	NA
S002_MINIONCE_4481	98	Picture	endrest	5960576	0	1	10100	2	0	10000
S002_MINIONCE_4481	99	Picture	FF	5970876	0	1	43200	2	0	43200
S002_MINIONCE_4481	99	Pulse	99	5985155	14279	NA
S002_MINIONCE_4481	99	Port Input	1	5985155	14279	NA
S002_MINIONCE_4481	99	Response	52	5992067	21191	1
S002_MINIONCE_4481	99	Picture	93_T_FFTRIAD_FF_pincel_red.png	6014076	43200	1	1900	2	43200	1800
S002_MINIONCE_4481	100	Picture	FF	6016175	0	2	43200	4	0	43200
S002_MINIONCE_4481	100	Pulse	99	6021156	4981	NA
S002_MINIONCE_4481	100	Port Input	1	6021156	4981	NA
S002_MINIONCE_4481	100	Response	52	6035413	19238	1
S002_MINIONCE_4481	100	Pulse	99	6057157	40982	NA
S002_MINIONCE_4481	100	Port Input	1	6057157	40982	NA
S002_MINIONCE_4481	100	Picture	94_T_FFTRIAD_FF_cerillas_red.png	6059375	43200	2	1900	4	43200	1800
S002_MINIONCE_4481	101	Picture	FF	6061575	0	2	43100	3	0	43200
S002_MINIONCE_4481	101	Response	52	6085246	23671	2
S002_MINIONCE_4481	101	Pulse	99	6093158	31583	NA
S002_MINIONCE_4481	101	Port Input	1	6093158	31583	NA
S002_MINIONCE_4481	101	Picture	95_T_FFTRIAD_FF_cinturon_red.png	6104675	43100	1	1900	2	43200	1800
S002_MINIONCE_4481	102	Picture	FF	6106775	0	1	43200	2	0	43200
S002_MINIONCE_4481	102	Pulse	99	6129159	22384	NA
S002_MINIONCE_4481	102	Port Input	1	6129159	22384	NA
S002_MINIONCE_4481	102	Response	52	6139468	32693	1
S002_MINIONCE_4481	102	Picture	96_T_FFTRIAD_FF_grifo_red.png	6149975	43200	1	1900	2	43200	1800
S002_MINIONCE_4481	103	Picture	FF	6152075	0	1	43199	3	0	43200
S002_MINIONCE_4481	103	Pulse	99	6165160	13085	NA
S002_MINIONCE_4481	103	Port Input	1	6165160	13085	NA
S002_MINIONCE_4481	103	Response	52	6173617	21542	2
S002_MINIONCE_4481	103	Picture	97_T_FFTRIAD_FF_paraguas_red.png	6195274	43199	2	1900	4	43200	1800
S002_MINIONCE_4481	104	Picture	FF	6197375	0	1	43200	2	0	43200
S002_MINIONCE_4481	104	Pulse	99	6201161	3786	NA
S002_MINIONCE_4481	104	Port Input	1	6201161	3786	NA
S002_MINIONCE_4481	104	Response	52	6215266	17891	1
S002_MINIONCE_4481	104	Pulse	99	6237162	39787	NA
S002_MINIONCE_4481	104	Port Input	1	6237162	39787	NA
S002_MINIONCE_4481	104	Picture	98_T_FFTRIAD_FF_pilas_red.png	6240575	43200	1	1900	2	43200	1800
S002_MINIONCE_4481	105	Picture	FF	6242675	0	1	43199	3	0	43200
S002_MINIONCE_4481	105	Response	51	6259582	16907	1
S002_MINIONCE_4481	105	Pulse	99	6273163	30488	NA
S002_MINIONCE_4481	105	Port Input	1	6273163	30488	NA
S002_MINIONCE_4481	105	Picture	99_T_FFTRIAD_FF_arco_red.png	6285874	43199	2	1900	4	43200	1800
S002_MINIONCE_4481	106	Picture	FF	6288074	0	2	43200	3	0	43200
S002_MINIONCE_4481	106	Response	52	6302818	14744	1
S002_MINIONCE_4481	106	Pulse	99	6309164	21090	NA
S002_MINIONCE_4481	106	Port Input	1	6309164	21090	NA
S002_MINIONCE_4481	106	Picture	100_T_FFTRIAD_FF_manos_red.png	6331274	43200	1	1900	2	43200	1800
S002_MINIONCE_4481	107	Picture	rest	6333274	0	1	144100	2	0	144000
S002_MINIONCE_4481	107	Pulse	99	6345165	11891	NA
S002_MINIONCE_4481	107	Port Input	1	6345165	11891	NA
S002_MINIONCE_4481	107	Pulse	99	6381166	47892	NA
S002_MINIONCE_4481	107	Port Input	1	6381166	47892	NA
S002_MINIONCE_4481	107	Pulse	99	6417167	83893	NA
S002_MINIONCE_4481	107	Port Input	1	6417167	83893	NA
S002_MINIONCE_4481	107	Pulse	99	6453169	119895	NA
S002_MINIONCE_4481	107	Port Input	1	6453169	119895	NA
S002_MINIONCE_4481	108	Picture	endrest	6477474	0	1	10100	2	0	10000
S002_MINIONCE_4481	109	Picture	PW	6487974	0	1	43094	44	0	43200
S002_MINIONCE_4481	109	Pulse	99	6489170	1196	NA
S002_MINIONCE_4481	109	Port Input	1	6489170	1196	NA
S002_MINIONCE_4481	109	Pulse	99	6525171	37197	NA
S002_MINIONCE_4481	109	Port Input	1	6525171	37197	NA
S002_MINIONCE_4481	109	Response	52	6526074	38100	1
S002_MINIONCE_4481	109	Picture	103_T_PWTRIAD_PW_molino_red.png	6531068	43094	43	1805	45	43200	1800
S002_MINIONCE_4481	110	Picture	PW	6533073	0	2	43200	3	0	43200
S002_MINIONCE_4481	110	Pulse	99	6561172	28099	NA
S002_MINIONCE_4481	110	Port Input	1	6561172	28099	NA
S002_MINIONCE_4481	110	Response	51	6567781	34708	1
S002_MINIONCE_4481	110	Picture	104_T_PWTRIAD_PW_martillo_red.png	6576273	43200	1	1900	2	43200	1800
S002_MINIONCE_4481	111	Picture	PW	6578373	0	1	43200	2	0	43200
S002_MINIONCE_4481	111	Pulse	99	6597173	18800	NA
S002_MINIONCE_4481	111	Port Input	1	6597173	18800	NA
S002_MINIONCE_4481	111	Picture	105_T_PWTRIAD_PW_tijera_red.png	6621573	43200	1	1900	2	43200	1800
S002_MINIONCE_4481	112	Picture	PW	6623673	0	1	43200	2	0	43200
S002_MINIONCE_4481	112	Response	51	6624667	994	1
S002_MINIONCE_4481	112	Pulse	99	6633174	9501	NA
S002_MINIONCE_4481	112	Port Input	1	6633174	9501	NA
S002_MINIONCE_4481	112	Response	52	6659772	36099	1
S002_MINIONCE_4481	112	Picture	106_T_PWTRIAD_PW_cinturon_red.png	6666873	43200	1	1900	2	43200	1800
S002_MINIONCE_4481	113	Picture	PW	6669073	0	1	43100	2	0	43200
S002_MINIONCE_4481	113	Pulse	99	6669175	102	NA
S002_MINIONCE_4481	113	Port Input	1	6669175	102	NA
S002_MINIONCE_4481	113	Response	51	6702304	33231	1
S002_MINIONCE_4481	113	Pulse	99	6705176	36103	NA
S002_MINIONCE_4481	113	Port Input	1	6705176	36103	NA
S002_MINIONCE_4481	113	Picture	107_T_PWTRIAD_PW_traje_red.png	6712173	43100	1	1900	2	43200	1800
S002_MINIONCE_4481	114	Picture	PW	6714373	0	1	43200	2	0	43200
S002_MINIONCE_4481	114	Pulse	99	6741177	26804	NA
S002_MINIONCE_4481	114	Port Input	1	6741177	26804	NA
S002_MINIONCE_4481	114	Response	52	6755024	40651	2
S002_MINIONCE_4481	114	Picture	108_T_PWTRIAD_PW_sobre_red.png	6757573	43200	1	1900	2	43200	1800
S002_MINIONCE_4481	115	Picture	PW	6759673	0	1	43199	2	0	43200
S002_MINIONCE_4481	115	Pulse	99	6777178	17505	NA
S002_MINIONCE_4481	115	Port Input	1	6777178	17505	NA
S002_MINIONCE_4481	115	Picture	109_T_PWTRIAD_PW_television_red.png	6802872	43199	1	1900	2	43200	1800
S002_MINIONCE_4481	116	Picture	PW	6805072	0	2	43100	3	0	43200
S002_MINIONCE_4481	116	Response	51	6806723	1651	1
S002_MINIONCE_4481	116	Pulse	99	6813179	8107	NA
S002_MINIONCE_4481	116	Port Input	1	6813179	8107	NA
S002_MINIONCE_4481	116	Response	52	6836397	31325	1
S002_MINIONCE_4481	116	Picture	110_T_PWTRIAD_PW_paraguas_red.png	6848172	43100	1	1900	2	43200	1800
S002_MINIONCE_4481	116	Pulse	99	6849180	44108	NA
S002_MINIONCE_4481	116	Port Input	1	6849180	44108	NA
S002_MINIONCE_4481	117	Picture	rest	6850172	0	1	144100	2	0	144000
S002_MINIONCE_4481	117	Pulse	99	6885181	35009	NA
S002_MINIONCE_4481	117	Port Input	1	6885181	35009	NA
S002_MINIONCE_4481	117	Pulse	99	6921182	71010	NA
S002_MINIONCE_4481	117	Port Input	1	6921182	71010	NA
S002_MINIONCE_4481	117	Pulse	99	6957183	107011	NA
S002_MINIONCE_4481	117	Port Input	1	6957183	107011	NA
S002_MINIONCE_4481	117	Pulse	99	6993184	143012	NA
S002_MINIONCE_4481	117	Port Input	1	6993184	143012	NA
S002_MINIONCE_4481	118	Picture	endrest	6994372	0	1	10100	2	0	10000
S002_MINIONCE_4481	119	Picture	PW	7004672	0	1	43199	3	0	43200
S002_MINIONCE_4481	119	Pulse	99	7029186	24514	NA
S002_MINIONCE_4481	119	Port Input	1	7029186	24514	NA
S002_MINIONCE_4481	119	Response	52	7047478	42806	2
S002_MINIONCE_4481	119	Picture	113_T_PWTRIAD_PW_raton_red.png	7047871	43199	2	1900	3	43200	1800
S002_MINIONCE_4481	120	Picture	PW	7049971	0	1	43200	2	0	43200
S002_MINIONCE_4481	120	Pulse	99	7065187	15216	NA
S002_MINIONCE_4481	120	Port Input	1	7065187	15216	NA
S002_MINIONCE_4481	120	Response	51	7088228	38257	1
S002_MINIONCE_4481	120	Picture	114_T_PWTRIAD_PW_destornillador_red.png	7093171	43200	1	1900	2	43200	1800
S002_MINIONCE_4481	121	Picture	PW	7095471	0	1	43100	2	0	43200
S002_MINIONCE_4481	121	Pulse	99	7101188	5717	NA
S002_MINIONCE_4481	121	Port Input	1	7101188	5717	NA
S002_MINIONCE_4481	121	Pulse	99	7137189	41718	NA
S002_MINIONCE_4481	121	Port Input	1	7137189	41718	NA
S002_MINIONCE_4481	121	Picture	115_T_PWTRIAD_PW_llave_red.png	7138571	43100	1	1900	2	43200	1800
S002_MINIONCE_4481	121	Response	51	7140461	44990	1
S002_MINIONCE_4481	122	Picture	PW	7140671	0	1	43200	2	0	43200
S002_MINIONCE_4481	122	Pulse	99	7173190	32519	NA
S002_MINIONCE_4481	122	Port Input	1	7173190	32519	NA
S002_MINIONCE_4481	122	Response	52	7175169	34498	1
S002_MINIONCE_4481	122	Picture	116_T_PWTRIAD_PW_granjero_red.png	7183871	43200	1	1900	2	43200	1800
S002_MINIONCE_4481	123	Picture	PW	7186071	0	1	43100	2	0	43200
S002_MINIONCE_4481	123	Pulse	99	7209191	23120	NA
S002_MINIONCE_4481	123	Port Input	1	7209191	23120	NA
S002_MINIONCE_4481	123	Response	51	7215831	29760	1
S002_MINIONCE_4481	123	Picture	117_T_PWTRIAD_PW_carruaje_red.png	7229171	43100	1	1900	2	43200	1800
S002_MINIONCE_4481	124	Picture	PW	7231271	0	1	43199	3	0	43200
S002_MINIONCE_4481	124	Pulse	99	7245192	13921	NA
S002_MINIONCE_4481	124	Port Input	1	7245192	13921	NA
S002_MINIONCE_4481	124	Response	52	7270723	39452	1
S002_MINIONCE_4481	124	Picture	118_T_PWTRIAD_PW_pincel_red.png	7274470	43199	2	1900	4	43200	1800
S002_MINIONCE_4481	125	Picture	PW	7276670	0	2	43100	3	0	43200
S002_MINIONCE_4481	125	Pulse	99	7281193	4523	NA
S002_MINIONCE_4481	125	Port Input	1	7281193	4523	NA
S002_MINIONCE_4481	125	Response	51	7311367	34697	2
S002_MINIONCE_4481	125	Pulse	99	7317194	40524	NA
S002_MINIONCE_4481	125	Port Input	1	7317194	40524	NA
S002_MINIONCE_4481	125	Picture	119_T_PWTRIAD_PW_ancla_red.png	7319770	43100	1	1900	2	43200	1800
S002_MINIONCE_4481	126	Picture	PW	7321970	0	1	43100	2	0	43200
S002_MINIONCE_4481	126	Pulse	99	7353195	31225	NA
S002_MINIONCE_4481	126	Port Input	1	7353195	31225	NA
S002_MINIONCE_4481	126	Response	52	7358544	36574	1
S002_MINIONCE_4481	126	Picture	120_T_PWTRIAD_PW_mono_red.png	7365070	43100	1	1900	2	43200	1800
S002_MINIONCE_4481	127	Picture	rest	7367070	0	1	144094	42	0	144000
S002_MINIONCE_4481	127	Pulse	99	7389196	22126	NA
S002_MINIONCE_4481	127	Port Input	1	7389196	22126	NA
S002_MINIONCE_4481	127	Pulse	99	7425197	58127	NA
S002_MINIONCE_4481	127	Port Input	1	7425197	58127	NA
S002_MINIONCE_4481	127	Pulse	99	7461198	94128	NA
S002_MINIONCE_4481	127	Port Input	1	7461198	94128	NA
S002_MINIONCE_4481	127	Pulse	99	7497199	130129	NA
S002_MINIONCE_4481	127	Port Input	1	7497199	130129	NA
S002_MINIONCE_4481	128	Picture	endrest	7511270	0	1	10099	3	0	10000
S002_MINIONCE_4481	129	Picture	PW	7521569	0	2	43200	3	0	43200
S002_MINIONCE_4481	129	Pulse	99	7533200	11631	NA
S002_MINIONCE_4481	129	Port Input	1	7533200	11631	NA
S002_MINIONCE_4481	129	Response	51	7555815	34246	1
S002_MINIONCE_4481	129	Picture	123_T_PWTRIAD_PW_dado_red.png	7564769	43200	1	1900	2	43200	1800
S002_MINIONCE_4481	130	Picture	PW	7566869	0	1	43200	2	0	43200
S002_MINIONCE_4481	130	Pulse	99	7569201	2332	NA
S002_MINIONCE_4481	130	Port Input	1	7569201	2332	NA
S002_MINIONCE_4481	130	Response	51	7598559	31690	1
S002_MINIONCE_4481	130	Pulse	99	7605203	38334	NA
S002_MINIONCE_4481	130	Port Input	1	7605203	38334	NA
S002_MINIONCE_4481	130	Picture	124_T_PWTRIAD_PW_arbol_red.png	7610069	43200	1	1900	2	43200	1800
S002_MINIONCE_4481	131	Picture	PW	7612269	0	1	43200	2	0	43200
S002_MINIONCE_4481	131	Response	51	7641052	28783	1
S002_MINIONCE_4481	131	Pulse	99	7641204	28935	NA
S002_MINIONCE_4481	131	Port Input	1	7641204	28935	NA
S002_MINIONCE_4481	131	Picture	125_T_PWTRIAD_PW_queso_red.png	7655469	43200	1	1900	2	43200	1800
S002_MINIONCE_4481	132	Picture	PW	7657569	0	1	43200	2	0	43200
S002_MINIONCE_4481	132	Pulse	99	7677205	19636	NA
S002_MINIONCE_4481	132	Port Input	1	7677205	19636	NA
S002_MINIONCE_4481	132	Response	51	7698099	40530	1
S002_MINIONCE_4481	132	Picture	126_T_PWTRIAD_PW_madera_red.png	7700769	43200	1	1900	2	43200	1800
S002_MINIONCE_4481	133	Picture	FF	7702969	0	1	43200	2	0	43200
S002_MINIONCE_4481	133	Pulse	99	7713206	10237	NA
S002_MINIONCE_4481	133	Port Input	1	7713206	10237	NA
S002_MINIONCE_4481	133	Response	51	7736322	33353	2
S002_MINIONCE_4481	133	Picture	127_T_FFTRIAD_FF_portatil_red.png	7746169	43200	1	1900	2	43200	1800
S002_MINIONCE_4481	134	Picture	FF	7748269	0	1	43199	3	0	43200
S002_MINIONCE_4481	134	Pulse	99	7749207	938	NA
S002_MINIONCE_4481	134	Port Input	1	7749207	938	NA
S002_MINIONCE_4481	134	Response	51	7764664	16395	2
S002_MINIONCE_4481	134	Pulse	99	7785208	36939	NA
S002_MINIONCE_4481	134	Port Input	1	7785208	36939	NA
S002_MINIONCE_4481	134	Picture	128_T_FFTRIAD_FF_madera_red.png	7791468	43199	2	1900	3	43200	1800
S002_MINIONCE_4481	135	Picture	FF	7793568	0	1	43200	2	0	43200
S002_MINIONCE_4481	135	Response	52	7808386	14818	1
S002_MINIONCE_4481	135	Pulse	99	7821209	27641	NA
S002_MINIONCE_4481	135	Port Input	1	7821209	27641	NA
S002_MINIONCE_4481	135	Picture	129_T_FFTRIAD_FF_policia_red.png	7836768	43200	1	1900	2	43200	1800
S002_MINIONCE_4481	136	Picture	FF	7838968	0	1	43200	2	0	43200
S002_MINIONCE_4481	136	Response	52	7855586	16618	1
S002_MINIONCE_4481	136	Pulse	99	7857210	18242	NA
S002_MINIONCE_4481	136	Port Input	1	7857210	18242	NA
S002_MINIONCE_4481	136	Picture	130_T_FFTRIAD_FF_murcielago_red.png	7882168	43200	1	1900	2	43200	1800
S002_MINIONCE_4481	137	Picture	rest	7884168	0	1	144099	3	0	144000
S002_MINIONCE_4481	137	Pulse	99	7893211	9043	NA
S002_MINIONCE_4481	137	Port Input	1	7893211	9043	NA
S002_MINIONCE_4481	137	Pulse	99	7929212	45044	NA
S002_MINIONCE_4481	137	Port Input	1	7929212	45044	NA
S002_MINIONCE_4481	137	Pulse	99	7965213	81045	NA
S002_MINIONCE_4481	137	Port Input	1	7965213	81045	NA
S002_MINIONCE_4481	137	Pulse	99	8001214	117046	NA
S002_MINIONCE_4481	137	Port Input	1	8001214	117046	NA
S002_MINIONCE_4481	138	Picture	endrest	8028367	0	2	10100	4	0	10000
S002_MINIONCE_4481	138	Pulse	99	8037215	8848	NA
S002_MINIONCE_4481	138	Port Input	1	8037215	8848	NA
S002_MINIONCE_4481	139	Picture	RW	8038667	0	1	43200	2	0	43200
S002_MINIONCE_4481	139	Response	52	8071793	33126	2
S002_MINIONCE_4481	139	Pulse	99	8073216	34549	NA
S002_MINIONCE_4481	139	Port Input	1	8073216	34549	NA
S002_MINIONCE_4481	139	Picture	133_T_RWTRIAD_RW_arbol_red.png	8081867	43200	1	1900	2	43200	1800
S002_MINIONCE_4481	140	Picture	RW	8083967	0	1	43200	2	0	43200
S002_MINIONCE_4481	140	Pulse	99	8109217	25250	NA
S002_MINIONCE_4481	140	Port Input	1	8109217	25250	NA
S002_MINIONCE_4481	140	Response	52	8110866	26899	2
S002_MINIONCE_4481	140	Picture	134_T_RWTRIAD_RW_sapo_red.png	8127167	43200	1	1900	2	43200	1800
S002_MINIONCE_4481	141	Picture	RW	8129367	0	1	43200	2	0	43200
S002_MINIONCE_4481	141	Pulse	99	8145218	15851	NA
S002_MINIONCE_4481	141	Port Input	1	8145218	15851	NA
S002_MINIONCE_4481	141	Response	51	8150122	20755	1
S002_MINIONCE_4481	141	Picture	135_T_RWTRIAD_RW_teclado_red.png	8172567	43200	1	1900	2	43200	1800
S002_MINIONCE_4481	142	Picture	RW	8174667	0	1	43200	2	0	43200
S002_MINIONCE_4481	142	Pulse	99	8181220	6553	NA
S002_MINIONCE_4481	142	Port Input	1	8181220	6553	NA
S002_MINIONCE_4481	142	Response	51	8202582	27915	2
S002_MINIONCE_4481	142	Pulse	99	8217221	42554	NA
S002_MINIONCE_4481	142	Port Input	1	8217221	42554	NA
S002_MINIONCE_4481	142	Picture	136_T_RWTRIAD_RW_television_red.png	8217867	43200	1	1900	2	43200	1800
S002_MINIONCE_4481	143	Picture	rest	8219867	0	1	144099	2	0	144000
S002_MINIONCE_4481	143	Pulse	99	8253222	33355	NA
S002_MINIONCE_4481	143	Port Input	1	8253222	33355	NA
S002_MINIONCE_4481	144	Picture	endrest	8364066	0	1	10100	2	0	10000
S002_MINIONCE_4481	145	Picture	endrest	8374266	0	1	10100	2	0	10000
S002_MINIONCE_4481	146	Picture	endrest	8384466	0	1	10100	2	0	10000
S002_MINIONCE_4481	147	Picture	endrest	8394666	0	1	10100	2	0	10000
