Scenario - vOT_Triads_fMRI_I
Logfile written - 05/05/2015 15:06:20

Subject	Trial	Event Type	Code	Time	TTime	Uncertainty	Duration	Uncertainty	ReqTime	ReqDur

S003_DAY2_MINITWICE_3160	1	Response	98	51791	61691	1
S003_DAY2_MINITWICE_3160	2	Response	52	73628	21729	2
S003_DAY2_MINITWICE_3160	2	Response	98	80268	28369	1
S003_DAY2_MINITWICE_3160	3	Response	98	88745	8446	1
S003_DAY2_MINITWICE_3160	4	Response	98	163395	74596	1
S003_DAY2_MINITWICE_3160	6	Pulse	99	355050	191551	NA
S003_DAY2_MINITWICE_3160	6	Port Input	1	355050	191551	NA
S003_DAY2_MINITWICE_3160	6	Pulse	99	391051	227552	NA
S003_DAY2_MINITWICE_3160	6	Port Input	1	391051	227552	NA
S003_DAY2_MINITWICE_3160	6	Pulse	99	427052	263553	NA
S003_DAY2_MINITWICE_3160	6	Port Input	1	427052	263553	NA
S003_DAY2_MINITWICE_3160	6	Pulse	99	463053	299554	NA
S003_DAY2_MINITWICE_3160	6	Port Input	1	463053	299554	NA
S003_DAY2_MINITWICE_3160	6	Pulse	99	499054	335555	NA
S003_DAY2_MINITWICE_3160	6	Port Input	1	499054	335555	NA
S003_DAY2_MINITWICE_3160	7	Picture	rest	499297	0	1	144100	2	0	144000
S003_DAY2_MINITWICE_3160	7	Pulse	99	535055	35758	NA
S003_DAY2_MINITWICE_3160	7	Port Input	1	535055	35758	NA
S003_DAY2_MINITWICE_3160	7	Pulse	99	571057	71760	NA
S003_DAY2_MINITWICE_3160	7	Port Input	1	571057	71760	NA
S003_DAY2_MINITWICE_3160	7	Pulse	99	607058	107761	NA
S003_DAY2_MINITWICE_3160	7	Port Input	1	607058	107761	NA
S003_DAY2_MINITWICE_3160	7	Pulse	99	643059	143762	NA
S003_DAY2_MINITWICE_3160	7	Port Input	1	643059	143762	NA
S003_DAY2_MINITWICE_3160	8	Picture	endrest	643497	0	1	10100	2	0	10000
S003_DAY2_MINITWICE_3160	9	Picture	RW	653796	0	2	43200	3	0	43200
S003_DAY2_MINITWICE_3160	9	Response	52	672813	19017	1
S003_DAY2_MINITWICE_3160	9	Pulse	99	679060	25264	NA
S003_DAY2_MINITWICE_3160	9	Port Input	1	679060	25264	NA
S003_DAY2_MINITWICE_3160	9	Picture	3_T_RWTRIAD_RW_telefono_red.png	696996	43200	1	1900	2	43200	1800
S003_DAY2_MINITWICE_3160	9	Response	52	698237	44441	1
S003_DAY2_MINITWICE_3160	10	Picture	RW	699096	0	1	43200	2	0	43200
S003_DAY2_MINITWICE_3160	10	Pulse	99	715061	15965	NA
S003_DAY2_MINITWICE_3160	10	Port Input	1	715061	15965	NA
S003_DAY2_MINITWICE_3160	10	Response	52	719449	20353	1
S003_DAY2_MINITWICE_3160	10	Picture	4_T_RWTRIAD_RW_plato_red.png	742296	43200	1	1900	2	43200	1800
S003_DAY2_MINITWICE_3160	11	Picture	RW	744396	0	1	43200	2	0	43200
S003_DAY2_MINITWICE_3160	11	Pulse	99	751062	6666	NA
S003_DAY2_MINITWICE_3160	11	Port Input	1	751062	6666	NA
S003_DAY2_MINITWICE_3160	11	Response	51	763092	18696	1
S003_DAY2_MINITWICE_3160	11	Pulse	99	787063	42667	NA
S003_DAY2_MINITWICE_3160	11	Port Input	1	787063	42667	NA
S003_DAY2_MINITWICE_3160	11	Picture	5_T_RWTRIAD_RW_ancla_red.png	787596	43200	1	1900	2	43200	1800
S003_DAY2_MINITWICE_3160	12	Picture	RW	789696	0	1	43200	2	0	43200
S003_DAY2_MINITWICE_3160	12	Response	52	807231	17535	2
S003_DAY2_MINITWICE_3160	12	Pulse	99	823064	33368	NA
S003_DAY2_MINITWICE_3160	12	Port Input	1	823064	33368	NA
S003_DAY2_MINITWICE_3160	12	Picture	6_T_RWTRIAD_RW_bellota_red.png	832896	43200	1	1900	2	43200	1800
S003_DAY2_MINITWICE_3160	13	Picture	RW	834996	0	1	43199	3	0	43200
S003_DAY2_MINITWICE_3160	13	Response	51	851853	16857	1
S003_DAY2_MINITWICE_3160	13	Pulse	99	859065	24069	NA
S003_DAY2_MINITWICE_3160	13	Port Input	1	859065	24069	NA
S003_DAY2_MINITWICE_3160	13	Picture	7_T_RWTRIAD_RW_teclado_red.png	878195	43199	2	1900	4	43200	1800
S003_DAY2_MINITWICE_3160	14	Picture	RW	880296	0	1	43199	2	0	43200
S003_DAY2_MINITWICE_3160	14	Pulse	99	895066	14770	NA
S003_DAY2_MINITWICE_3160	14	Port Input	1	895066	14770	NA
S003_DAY2_MINITWICE_3160	14	Response	52	897364	17068	1
S003_DAY2_MINITWICE_3160	14	Picture	8_T_RWTRIAD_RW_pincel_red.png	923495	43199	1	1900	3	43200	1800
S003_DAY2_MINITWICE_3160	15	Picture	RW	925595	0	2	43200	3	0	43200
S003_DAY2_MINITWICE_3160	15	Pulse	99	931067	5472	NA
S003_DAY2_MINITWICE_3160	15	Port Input	1	931067	5472	NA
S003_DAY2_MINITWICE_3160	15	Response	52	942518	16923	1
S003_DAY2_MINITWICE_3160	15	Pulse	99	967068	41473	NA
S003_DAY2_MINITWICE_3160	15	Port Input	1	967068	41473	NA
S003_DAY2_MINITWICE_3160	15	Picture	9_T_RWTRIAD_RW_cuento_red.png	968795	43200	1	1900	2	43200	1800
S003_DAY2_MINITWICE_3160	16	Picture	RW	970895	0	1	43200	2	0	43200
S003_DAY2_MINITWICE_3160	16	Response	52	990302	19407	1
S003_DAY2_MINITWICE_3160	16	Pulse	99	1003069	32174	NA
S003_DAY2_MINITWICE_3160	16	Port Input	1	1003069	32174	NA
S003_DAY2_MINITWICE_3160	16	Picture	10_T_RWTRIAD_RW_lenador_red.png	1014095	43200	1	1899	3	43200	1800
S003_DAY2_MINITWICE_3160	17	Picture	rest	1016094	0	2	144100	4	0	144000
S003_DAY2_MINITWICE_3160	17	Pulse	99	1039070	22976	NA
S003_DAY2_MINITWICE_3160	17	Port Input	1	1039070	22976	NA
S003_DAY2_MINITWICE_3160	17	Pulse	99	1075072	58978	NA
S003_DAY2_MINITWICE_3160	17	Port Input	1	1075072	58978	NA
S003_DAY2_MINITWICE_3160	17	Pulse	99	1111073	94979	NA
S003_DAY2_MINITWICE_3160	17	Port Input	1	1111073	94979	NA
S003_DAY2_MINITWICE_3160	17	Pulse	99	1147074	130980	NA
S003_DAY2_MINITWICE_3160	17	Port Input	1	1147074	130980	NA
S003_DAY2_MINITWICE_3160	18	Picture	endrest	1160294	0	1	10100	2	0	10000
S003_DAY2_MINITWICE_3160	19	Picture	RW	1170594	0	2	43200	3	0	43200
S003_DAY2_MINITWICE_3160	19	Pulse	99	1183075	12481	NA
S003_DAY2_MINITWICE_3160	19	Port Input	1	1183075	12481	NA
S003_DAY2_MINITWICE_3160	19	Response	51	1189209	18615	1
S003_DAY2_MINITWICE_3160	19	Picture	13_T_RWTRIAD_RW_paracaidas_red.png	1213794	43200	1	1900	2	43200	1800
S003_DAY2_MINITWICE_3160	20	Picture	RW	1215894	0	1	43200	2	0	43200
S003_DAY2_MINITWICE_3160	20	Pulse	99	1219076	3182	NA
S003_DAY2_MINITWICE_3160	20	Port Input	1	1219076	3182	NA
S003_DAY2_MINITWICE_3160	20	Response	51	1235115	19221	2
S003_DAY2_MINITWICE_3160	20	Pulse	99	1255077	39183	NA
S003_DAY2_MINITWICE_3160	20	Port Input	1	1255077	39183	NA
S003_DAY2_MINITWICE_3160	20	Picture	14_T_RWTRIAD_RW_carruaje_red.png	1259094	43200	1	1900	2	43200	1800
S003_DAY2_MINITWICE_3160	21	Picture	RW	1261194	0	1	43200	2	0	43200
S003_DAY2_MINITWICE_3160	21	Response	52	1278868	17674	1
S003_DAY2_MINITWICE_3160	21	Pulse	99	1291078	29884	NA
S003_DAY2_MINITWICE_3160	21	Port Input	1	1291078	29884	NA
S003_DAY2_MINITWICE_3160	21	Picture	15_T_RWTRIAD_RW_arco_red.png	1304394	43200	1	1900	2	43200	1800
S003_DAY2_MINITWICE_3160	22	Picture	RW	1306494	0	1	43200	2	0	43200
S003_DAY2_MINITWICE_3160	22	Response	51	1324409	17915	1
S003_DAY2_MINITWICE_3160	22	Pulse	99	1327079	20585	NA
S003_DAY2_MINITWICE_3160	22	Port Input	1	1327079	20585	NA
S003_DAY2_MINITWICE_3160	22	Picture	16_T_RWTRIAD_RW_botella_red.png	1349694	43200	1	1900	2	43200	1800
S003_DAY2_MINITWICE_3160	23	Picture	FF	1351793	0	2	43200	4	0	43200
S003_DAY2_MINITWICE_3160	23	Pulse	99	1363080	11287	NA
S003_DAY2_MINITWICE_3160	23	Port Input	1	1363080	11287	NA
S003_DAY2_MINITWICE_3160	23	Response	51	1374092	22299	2
S003_DAY2_MINITWICE_3160	23	Picture	17_T_FFTRIAD_FF_candado_red.png	1394993	43200	2	1900	4	43200	1800
S003_DAY2_MINITWICE_3160	24	Picture	FF	1397093	0	1	43200	2	0	43200
S003_DAY2_MINITWICE_3160	24	Pulse	99	1399081	1988	NA
S003_DAY2_MINITWICE_3160	24	Port Input	1	1399081	1988	NA
S003_DAY2_MINITWICE_3160	24	Response	52	1410353	13260	1
S003_DAY2_MINITWICE_3160	24	Pulse	99	1435082	37989	NA
S003_DAY2_MINITWICE_3160	24	Port Input	1	1435082	37989	NA
S003_DAY2_MINITWICE_3160	24	Picture	18_T_FFTRIAD_FF_bala_red.png	1440293	43200	1	1900	2	43200	1800
S003_DAY2_MINITWICE_3160	25	Picture	FF	1442393	0	1	43200	2	0	43200
S003_DAY2_MINITWICE_3160	25	Response	52	1468617	26224	1
S003_DAY2_MINITWICE_3160	25	Pulse	99	1471083	28690	NA
S003_DAY2_MINITWICE_3160	25	Port Input	1	1471083	28690	NA
S003_DAY2_MINITWICE_3160	25	Picture	19_T_FFTRIAD_FF_plato_red.png	1485593	43200	1	1900	2	43200	1800
S003_DAY2_MINITWICE_3160	26	Picture	FF	1487693	0	1	43200	2	0	43200
S003_DAY2_MINITWICE_3160	26	Pulse	99	1507084	19391	NA
S003_DAY2_MINITWICE_3160	26	Port Input	1	1507084	19391	NA
S003_DAY2_MINITWICE_3160	26	Response	52	1518264	30571	1
S003_DAY2_MINITWICE_3160	26	Picture	20_T_FFTRIAD_FF_monja_red.png	1530893	43200	1	1900	2	43200	1800
S003_DAY2_MINITWICE_3160	27	Picture	rest	1532893	0	1	144099	2	0	144000
S003_DAY2_MINITWICE_3160	27	Pulse	99	1543085	10192	NA
S003_DAY2_MINITWICE_3160	27	Port Input	1	1543085	10192	NA
S003_DAY2_MINITWICE_3160	27	Pulse	99	1579087	46194	NA
S003_DAY2_MINITWICE_3160	27	Port Input	1	1579087	46194	NA
S003_DAY2_MINITWICE_3160	27	Pulse	99	1615088	82195	NA
S003_DAY2_MINITWICE_3160	27	Port Input	1	1615088	82195	NA
S003_DAY2_MINITWICE_3160	27	Pulse	99	1651089	118196	NA
S003_DAY2_MINITWICE_3160	27	Port Input	1	1651089	118196	NA
S003_DAY2_MINITWICE_3160	28	Picture	endrest	1677092	0	1	10100	2	0	10000
S003_DAY2_MINITWICE_3160	28	Pulse	99	1687090	9998	NA
S003_DAY2_MINITWICE_3160	28	Port Input	1	1687090	9998	NA
S003_DAY2_MINITWICE_3160	29	Picture	PW	1687392	0	1	43200	2	0	43200
S003_DAY2_MINITWICE_3160	29	Response	52	1719313	31921	1
S003_DAY2_MINITWICE_3160	29	Pulse	99	1723091	35699	NA
S003_DAY2_MINITWICE_3160	29	Port Input	1	1723091	35699	NA
S003_DAY2_MINITWICE_3160	29	Picture	23_T_PWTRIAD_PW_paracaidas_red.png	1730592	43200	1	1900	2	43200	1800
S003_DAY2_MINITWICE_3160	30	Picture	PW	1732692	0	1	43200	2	0	43200
S003_DAY2_MINITWICE_3160	30	Response	52	1755859	23167	1
S003_DAY2_MINITWICE_3160	30	Pulse	99	1759092	26400	NA
S003_DAY2_MINITWICE_3160	30	Port Input	1	1759092	26400	NA
S003_DAY2_MINITWICE_3160	30	Picture	24_T_PWTRIAD_PW_policia_red.png	1775892	43200	1	1900	2	43200	1800
S003_DAY2_MINITWICE_3160	31	Picture	PW	1777992	0	1	43200	2	0	43200
S003_DAY2_MINITWICE_3160	31	Pulse	99	1795093	17101	NA
S003_DAY2_MINITWICE_3160	31	Port Input	1	1795093	17101	NA
S003_DAY2_MINITWICE_3160	31	Response	52	1796829	18837	1
S003_DAY2_MINITWICE_3160	31	Picture	25_T_PWTRIAD_PW_raton_red.png	1821192	43200	1	1900	2	43200	1800
S003_DAY2_MINITWICE_3160	32	Picture	PW	1823292	0	1	43199	3	0	43200
S003_DAY2_MINITWICE_3160	32	Pulse	99	1831094	7802	NA
S003_DAY2_MINITWICE_3160	32	Port Input	1	1831094	7802	NA
S003_DAY2_MINITWICE_3160	32	Response	51	1850815	27523	1
S003_DAY2_MINITWICE_3160	32	Picture	26_T_PWTRIAD_PW_esquimal_red.png	1866491	43199	2	1900	4	43200	1800
S003_DAY2_MINITWICE_3160	32	Pulse	99	1867095	43803	NA
S003_DAY2_MINITWICE_3160	32	Port Input	1	1867095	43803	NA
S003_DAY2_MINITWICE_3160	33	Picture	FF	1868591	0	2	43200	3	0	43200
S003_DAY2_MINITWICE_3160	33	Response	51	1898855	30264	1
S003_DAY2_MINITWICE_3160	33	Pulse	99	1903096	34505	NA
S003_DAY2_MINITWICE_3160	33	Port Input	1	1903096	34505	NA
S003_DAY2_MINITWICE_3160	33	Picture	27_T_FFTRIAD_FF_perro_red.png	1911791	43200	1	1900	2	43200	1800
S003_DAY2_MINITWICE_3160	34	Picture	FF	1913891	0	1	43200	2	0	43200
S003_DAY2_MINITWICE_3160	34	Response	51	1928038	14147	1
S003_DAY2_MINITWICE_3160	34	Pulse	99	1939097	25206	NA
S003_DAY2_MINITWICE_3160	34	Port Input	1	1939097	25206	NA
S003_DAY2_MINITWICE_3160	34	Picture	28_T_FFTRIAD_FF_sapo_red.png	1957091	43200	1	1900	2	43200	1800
S003_DAY2_MINITWICE_3160	35	Picture	FF	1959191	0	1	43200	2	0	43200
S003_DAY2_MINITWICE_3160	35	Response	52	1970983	11792	1
S003_DAY2_MINITWICE_3160	35	Pulse	99	1975098	15907	NA
S003_DAY2_MINITWICE_3160	35	Port Input	1	1975098	15907	NA
S003_DAY2_MINITWICE_3160	35	Picture	29_T_FFTRIAD_FF_telarana_red.png	2002391	43200	1	1900	2	43200	1800
S003_DAY2_MINITWICE_3160	36	Picture	FF	2004491	0	1	43200	2	0	43200
S003_DAY2_MINITWICE_3160	36	Pulse	99	2011099	6608	NA
S003_DAY2_MINITWICE_3160	36	Port Input	1	2011099	6608	NA
S003_DAY2_MINITWICE_3160	36	Response	52	2019494	15003	1
S003_DAY2_MINITWICE_3160	36	Pulse	99	2047100	42609	NA
S003_DAY2_MINITWICE_3160	36	Port Input	1	2047100	42609	NA
S003_DAY2_MINITWICE_3160	36	Picture	30_T_FFTRIAD_FF_bebe_red.png	2047691	43200	1	1900	2	43200	1800
S003_DAY2_MINITWICE_3160	37	Picture	rest	2049691	0	1	144099	2	0	144000
S003_DAY2_MINITWICE_3160	37	Pulse	99	2083102	33411	NA
S003_DAY2_MINITWICE_3160	37	Port Input	1	2083102	33411	NA
S003_DAY2_MINITWICE_3160	37	Pulse	99	2119103	69412	NA
S003_DAY2_MINITWICE_3160	37	Port Input	1	2119103	69412	NA
S003_DAY2_MINITWICE_3160	37	Pulse	99	2155104	105413	NA
S003_DAY2_MINITWICE_3160	37	Port Input	1	2155104	105413	NA
S003_DAY2_MINITWICE_3160	37	Pulse	99	2191105	141414	NA
S003_DAY2_MINITWICE_3160	37	Port Input	1	2191105	141414	NA
S003_DAY2_MINITWICE_3160	38	Picture	endrest	2193890	0	1	10100	2	0	10000
S003_DAY2_MINITWICE_3160	39	Picture	RW	2204190	0	1	43200	2	0	43200
S003_DAY2_MINITWICE_3160	39	Response	52	2224315	20125	1
S003_DAY2_MINITWICE_3160	39	Pulse	99	2227106	22916	NA
S003_DAY2_MINITWICE_3160	39	Port Input	1	2227106	22916	NA
S003_DAY2_MINITWICE_3160	39	Picture	33_T_RWTRIAD_RW_grapadora_red.png	2247390	43200	1	1900	2	43200	1800
S003_DAY2_MINITWICE_3160	40	Picture	RW	2249490	0	1	43200	2	0	43200
S003_DAY2_MINITWICE_3160	40	Pulse	99	2263107	13617	NA
S003_DAY2_MINITWICE_3160	40	Port Input	1	2263107	13617	NA
S003_DAY2_MINITWICE_3160	40	Response	52	2269008	19518	1
S003_DAY2_MINITWICE_3160	40	Picture	34_T_RWTRIAD_RW_arbol_red.png	2292690	43200	1	1900	2	43200	1800
S003_DAY2_MINITWICE_3160	41	Picture	RW	2294790	0	1	43199	3	0	43200
S003_DAY2_MINITWICE_3160	41	Pulse	99	2299108	4318	NA
S003_DAY2_MINITWICE_3160	41	Port Input	1	2299108	4318	NA
S003_DAY2_MINITWICE_3160	41	Response	51	2312670	17880	2
S003_DAY2_MINITWICE_3160	41	Pulse	99	2335109	40319	NA
S003_DAY2_MINITWICE_3160	41	Port Input	1	2335109	40319	NA
S003_DAY2_MINITWICE_3160	41	Picture	35_T_RWTRIAD_RW_manos_red.png	2337989	43199	2	1900	3	43200	1800
S003_DAY2_MINITWICE_3160	42	Picture	RW	2340089	0	2	43200	3	0	43200
S003_DAY2_MINITWICE_3160	42	Response	51	2360206	20117	1
S003_DAY2_MINITWICE_3160	42	Pulse	99	2371110	31021	NA
S003_DAY2_MINITWICE_3160	42	Port Input	1	2371110	31021	NA
S003_DAY2_MINITWICE_3160	42	Picture	36_T_RWTRIAD_RW_granjero_red.png	2383289	43200	1	1900	2	43200	1800
S003_DAY2_MINITWICE_3160	43	Picture	RW	2385389	0	1	43200	2	0	43200
S003_DAY2_MINITWICE_3160	43	Response	52	2403843	18454	1
S003_DAY2_MINITWICE_3160	43	Pulse	99	2407111	21722	NA
S003_DAY2_MINITWICE_3160	43	Port Input	1	2407111	21722	NA
S003_DAY2_MINITWICE_3160	43	Picture	37_T_RWTRIAD_RW_futbol_red.png	2428589	43200	1	1900	2	43200	1800
S003_DAY2_MINITWICE_3160	44	Picture	RW	2430689	0	1	43200	2	0	43200
S003_DAY2_MINITWICE_3160	44	Pulse	99	2443112	12423	NA
S003_DAY2_MINITWICE_3160	44	Port Input	1	2443112	12423	NA
S003_DAY2_MINITWICE_3160	44	Response	51	2449482	18793	1
S003_DAY2_MINITWICE_3160	44	Picture	38_T_RWTRIAD_RW_almohada_red.png	2473889	43200	1	1900	2	43200	1800
S003_DAY2_MINITWICE_3160	45	Picture	RW	2475989	0	1	43200	2	0	43200
S003_DAY2_MINITWICE_3160	45	Pulse	99	2479113	3124	NA
S003_DAY2_MINITWICE_3160	45	Port Input	1	2479113	3124	NA
S003_DAY2_MINITWICE_3160	45	Response	51	2494867	18878	1
S003_DAY2_MINITWICE_3160	45	Pulse	99	2515114	39125	NA
S003_DAY2_MINITWICE_3160	45	Port Input	1	2515114	39125	NA
S003_DAY2_MINITWICE_3160	45	Picture	39_T_RWTRIAD_RW_chupete_red.png	2519189	43200	1	1900	2	43200	1800
S003_DAY2_MINITWICE_3160	46	Picture	RW	2521289	0	1	43199	3	0	43200
S003_DAY2_MINITWICE_3160	46	Response	52	2539470	18181	1
S003_DAY2_MINITWICE_3160	46	Pulse	99	2551115	29826	NA
S003_DAY2_MINITWICE_3160	46	Port Input	1	2551115	29826	NA
S003_DAY2_MINITWICE_3160	46	Picture	40_T_RWTRIAD_RW_queso_red.png	2564488	43199	2	1900	4	43200	1800
S003_DAY2_MINITWICE_3160	47	Picture	rest	2566488	0	2	144100	3	0	144000
S003_DAY2_MINITWICE_3160	47	Pulse	99	2587116	20628	NA
S003_DAY2_MINITWICE_3160	47	Port Input	1	2587116	20628	NA
S003_DAY2_MINITWICE_3160	47	Pulse	99	2623118	56630	NA
S003_DAY2_MINITWICE_3160	47	Port Input	1	2623118	56630	NA
S003_DAY2_MINITWICE_3160	47	Pulse	99	2659119	92631	NA
S003_DAY2_MINITWICE_3160	47	Port Input	1	2659119	92631	NA
S003_DAY2_MINITWICE_3160	47	Pulse	99	2695120	128632	NA
S003_DAY2_MINITWICE_3160	47	Port Input	1	2695120	128632	NA
S003_DAY2_MINITWICE_3160	48	Picture	endrest	2710688	0	1	10100	2	0	10000
S003_DAY2_MINITWICE_3160	49	Picture	PW	2720988	0	1	43200	2	0	43200
S003_DAY2_MINITWICE_3160	49	Pulse	99	2731121	10133	NA
S003_DAY2_MINITWICE_3160	49	Port Input	1	2731121	10133	NA
S003_DAY2_MINITWICE_3160	49	Response	52	2746895	25907	1
S003_DAY2_MINITWICE_3160	49	Picture	43_T_PWTRIAD_PW_iglu_red.png	2764188	43200	1	1900	2	43200	1800
S003_DAY2_MINITWICE_3160	50	Picture	PW	2766288	0	1	43199	3	0	43200
S003_DAY2_MINITWICE_3160	50	Pulse	99	2767122	834	NA
S003_DAY2_MINITWICE_3160	50	Port Input	1	2767122	834	NA
S003_DAY2_MINITWICE_3160	50	Response	51	2790951	24663	1
S003_DAY2_MINITWICE_3160	50	Pulse	99	2803123	36835	NA
S003_DAY2_MINITWICE_3160	50	Port Input	1	2803123	36835	NA
S003_DAY2_MINITWICE_3160	50	Picture	44_T_PWTRIAD_PW_sombrilla_red.png	2809487	43199	2	1900	3	43200	1800
S003_DAY2_MINITWICE_3160	51	Picture	PW	2811587	0	1	43200	2	0	43200
S003_DAY2_MINITWICE_3160	51	Pulse	99	2839124	27537	NA
S003_DAY2_MINITWICE_3160	51	Port Input	1	2839124	27537	NA
S003_DAY2_MINITWICE_3160	51	Response	51	2844379	32792	2
S003_DAY2_MINITWICE_3160	51	Picture	45_T_PWTRIAD_PW_estetoscopio_red.png	2854787	43200	1	1900	2	43200	1800
S003_DAY2_MINITWICE_3160	52	Picture	PW	2856887	0	1	43200	2	0	43200
S003_DAY2_MINITWICE_3160	52	Pulse	99	2875125	18238	NA
S003_DAY2_MINITWICE_3160	52	Port Input	1	2875125	18238	NA
S003_DAY2_MINITWICE_3160	52	Response	52	2881694	24807	1
S003_DAY2_MINITWICE_3160	52	Picture	46_T_PWTRIAD_PW_pilas_red.png	2900087	43200	1	1900	2	43200	1800
S003_DAY2_MINITWICE_3160	53	Picture	RW	2902187	0	1	43200	2	0	43200
S003_DAY2_MINITWICE_3160	53	Pulse	99	2911126	8939	NA
S003_DAY2_MINITWICE_3160	53	Port Input	1	2911126	8939	NA
S003_DAY2_MINITWICE_3160	53	Response	52	2930520	28333	1
S003_DAY2_MINITWICE_3160	53	Picture	47_T_RWTRIAD_RW_pluma_red.png	2945387	43200	1	1900	2	43200	1800
S003_DAY2_MINITWICE_3160	53	Pulse	99	2947127	44940	NA
S003_DAY2_MINITWICE_3160	53	Port Input	1	2947127	44940	NA
S003_DAY2_MINITWICE_3160	54	Picture	RW	2947487	0	1	43200	2	0	43200
S003_DAY2_MINITWICE_3160	54	Response	52	2973827	26340	1
S003_DAY2_MINITWICE_3160	54	Pulse	99	2983128	35641	NA
S003_DAY2_MINITWICE_3160	54	Port Input	1	2983128	35641	NA
S003_DAY2_MINITWICE_3160	54	Picture	48_T_RWTRIAD_RW_oruga_red.png	2990687	43200	1	1900	2	43200	1800
S003_DAY2_MINITWICE_3160	55	Picture	RW	2992787	0	1	43199	3	0	43200
S003_DAY2_MINITWICE_3160	55	Response	52	3011177	18390	1
S003_DAY2_MINITWICE_3160	55	Pulse	99	3019129	26342	NA
S003_DAY2_MINITWICE_3160	55	Port Input	1	3019129	26342	NA
S003_DAY2_MINITWICE_3160	55	Picture	49_T_RWTRIAD_RW_agua_red.png	3035986	43199	2	1900	3	43200	1800
S003_DAY2_MINITWICE_3160	56	Picture	RW	3038086	0	2	43200	3	0	43200
S003_DAY2_MINITWICE_3160	56	Pulse	99	3055130	17044	NA
S003_DAY2_MINITWICE_3160	56	Port Input	1	3055130	17044	NA
S003_DAY2_MINITWICE_3160	56	Response	52	3058492	20406	1
S003_DAY2_MINITWICE_3160	56	Picture	50_T_RWTRIAD_RW_huevos_red.png	3081286	43200	1	1900	2	43200	1800
S003_DAY2_MINITWICE_3160	57	Picture	rest	3083286	0	1	144100	2	0	144000
S003_DAY2_MINITWICE_3160	57	Pulse	99	3091131	7845	NA
S003_DAY2_MINITWICE_3160	57	Port Input	1	3091131	7845	NA
S003_DAY2_MINITWICE_3160	57	Pulse	99	3127133	43847	NA
S003_DAY2_MINITWICE_3160	57	Port Input	1	3127133	43847	NA
S003_DAY2_MINITWICE_3160	57	Pulse	99	3163134	79848	NA
S003_DAY2_MINITWICE_3160	57	Port Input	1	3163134	79848	NA
S003_DAY2_MINITWICE_3160	57	Pulse	99	3199135	115849	NA
S003_DAY2_MINITWICE_3160	57	Port Input	1	3199135	115849	NA
S003_DAY2_MINITWICE_3160	58	Picture	endrest	3227486	0	1	10100	2	0	10000
S003_DAY2_MINITWICE_3160	58	Pulse	99	3235136	7650	NA
S003_DAY2_MINITWICE_3160	58	Port Input	1	3235136	7650	NA
S003_DAY2_MINITWICE_3160	59	Picture	PW	3237786	0	1	43199	2	0	43200
S003_DAY2_MINITWICE_3160	59	Response	51	3261277	23491	1
S003_DAY2_MINITWICE_3160	59	Pulse	99	3271137	33351	NA
S003_DAY2_MINITWICE_3160	59	Port Input	1	3271137	33351	NA
S003_DAY2_MINITWICE_3160	59	Picture	53_T_PWTRIAD_PW_anillo_red.png	3280985	43199	1	1900	2	43200	1800
S003_DAY2_MINITWICE_3160	60	Picture	PW	3283085	0	1	43200	2	0	43200
S003_DAY2_MINITWICE_3160	60	Response	52	3306112	23027	1
S003_DAY2_MINITWICE_3160	60	Pulse	99	3307138	24053	NA
S003_DAY2_MINITWICE_3160	60	Port Input	1	3307138	24053	NA
S003_DAY2_MINITWICE_3160	60	Picture	54_T_PWTRIAD_PW_molino_red.png	3326285	43200	1	1900	2	43200	1800
S003_DAY2_MINITWICE_3160	61	Picture	PW	3328385	0	1	43200	2	0	43200
S003_DAY2_MINITWICE_3160	61	Pulse	99	3343139	14754	NA
S003_DAY2_MINITWICE_3160	61	Port Input	1	3343139	14754	NA
S003_DAY2_MINITWICE_3160	61	Response	52	3350934	22549	1
S003_DAY2_MINITWICE_3160	61	Picture	55_T_PWTRIAD_PW_sobre_red.png	3371585	43200	1	1900	2	43200	1800
S003_DAY2_MINITWICE_3160	62	Picture	PW	3373685	0	1	43200	2	0	43200
S003_DAY2_MINITWICE_3160	62	Pulse	99	3379140	5455	NA
S003_DAY2_MINITWICE_3160	62	Port Input	1	3379140	5455	NA
S003_DAY2_MINITWICE_3160	62	Response	52	3406856	33171	1
S003_DAY2_MINITWICE_3160	62	Pulse	99	3415141	41456	NA
S003_DAY2_MINITWICE_3160	62	Port Input	1	3415141	41456	NA
S003_DAY2_MINITWICE_3160	62	Picture	56_T_PWTRIAD_PW_ascensor_red.png	3416885	43200	1	1900	2	43200	1800
S003_DAY2_MINITWICE_3160	63	Picture	FF	3418985	0	1	43200	2	0	43200
S003_DAY2_MINITWICE_3160	63	Response	52	3447091	28106	1
S003_DAY2_MINITWICE_3160	63	Pulse	99	3451142	32157	NA
S003_DAY2_MINITWICE_3160	63	Port Input	1	3451142	32157	NA
S003_DAY2_MINITWICE_3160	63	Picture	57_T_FFTRIAD_FF_grifo_red.png	3462185	43200	1	1900	2	43200	1800
S003_DAY2_MINITWICE_3160	64	Picture	FF	3464285	0	1	43199	2	0	43200
S003_DAY2_MINITWICE_3160	64	Response	51	3486394	22109	1
S003_DAY2_MINITWICE_3160	64	Pulse	99	3487143	22858	NA
S003_DAY2_MINITWICE_3160	64	Port Input	1	3487143	22858	NA
S003_DAY2_MINITWICE_3160	64	Picture	58_T_FFTRIAD_FF_leche_red.png	3507484	43199	1	1900	3	43200	1800
S003_DAY2_MINITWICE_3160	65	Picture	FF	3509584	0	1	43200	2	0	43200
S003_DAY2_MINITWICE_3160	65	Pulse	99	3523144	13560	NA
S003_DAY2_MINITWICE_3160	65	Port Input	1	3523144	13560	NA
S003_DAY2_MINITWICE_3160	65	Response	51	3529053	19469	1
S003_DAY2_MINITWICE_3160	65	Picture	59_T_FFTRIAD_FF_dedal_red.png	3552784	43200	1	1900	2	43200	1800
S003_DAY2_MINITWICE_3160	66	Picture	FF	3554884	0	1	43200	2	0	43200
S003_DAY2_MINITWICE_3160	66	Pulse	99	3559145	4261	NA
S003_DAY2_MINITWICE_3160	66	Port Input	1	3559145	4261	NA
S003_DAY2_MINITWICE_3160	66	Response	51	3568550	13666	1
S003_DAY2_MINITWICE_3160	66	Pulse	99	3595146	40262	NA
S003_DAY2_MINITWICE_3160	66	Port Input	1	3595146	40262	NA
S003_DAY2_MINITWICE_3160	66	Picture	60_T_FFTRIAD_FF_cortina_red.png	3598084	43200	1	1900	2	43200	1800
S003_DAY2_MINITWICE_3160	67	Picture	rest	3600084	0	1	144099	2	0	144000
S003_DAY2_MINITWICE_3160	67	Pulse	99	3631147	31063	NA
S003_DAY2_MINITWICE_3160	67	Port Input	1	3631147	31063	NA
S003_DAY2_MINITWICE_3160	67	Pulse	99	3667149	67065	NA
S003_DAY2_MINITWICE_3160	67	Port Input	1	3667149	67065	NA
S003_DAY2_MINITWICE_3160	67	Pulse	99	3703150	103066	NA
S003_DAY2_MINITWICE_3160	67	Port Input	1	3703150	103066	NA
S003_DAY2_MINITWICE_3160	67	Pulse	99	3739151	139067	NA
S003_DAY2_MINITWICE_3160	67	Port Input	1	3739151	139067	NA
S003_DAY2_MINITWICE_3160	68	Picture	endrest	3744283	0	1	10100	2	0	10000
S003_DAY2_MINITWICE_3160	69	Picture	PW	3754583	0	1	43200	2	0	43200
S003_DAY2_MINITWICE_3160	69	Pulse	99	3775152	20569	NA
S003_DAY2_MINITWICE_3160	69	Port Input	1	3775152	20569	NA
S003_DAY2_MINITWICE_3160	69	Response	51	3780545	25962	1
S003_DAY2_MINITWICE_3160	69	Picture	63_T_PWTRIAD_PW_agua_red.png	3797783	43200	1	1900	2	43200	1800
S003_DAY2_MINITWICE_3160	70	Picture	PW	3799883	0	1	43200	2	0	43200
S003_DAY2_MINITWICE_3160	70	Pulse	99	3811153	11270	NA
S003_DAY2_MINITWICE_3160	70	Port Input	1	3811153	11270	NA
S003_DAY2_MINITWICE_3160	70	Response	51	3817209	17326	1
S003_DAY2_MINITWICE_3160	70	Picture	64_T_PWTRIAD_PW_dado_red.png	3843083	43200	1	1900	2	43200	1800
S003_DAY2_MINITWICE_3160	71	Picture	PW	3845183	0	1	43200	2	0	43200
S003_DAY2_MINITWICE_3160	71	Pulse	99	3847154	1971	NA
S003_DAY2_MINITWICE_3160	71	Port Input	1	3847154	1971	NA
S003_DAY2_MINITWICE_3160	71	Response	51	3865212	20029	1
S003_DAY2_MINITWICE_3160	71	Pulse	99	3883155	37972	NA
S003_DAY2_MINITWICE_3160	71	Port Input	1	3883155	37972	NA
S003_DAY2_MINITWICE_3160	71	Picture	65_T_PWTRIAD_PW_traje_red.png	3888383	43200	1	1900	2	43200	1800
S003_DAY2_MINITWICE_3160	72	Picture	PW	3890483	0	1	43200	2	0	43200
S003_DAY2_MINITWICE_3160	72	Response	52	3913226	22743	1
S003_DAY2_MINITWICE_3160	72	Pulse	99	3919156	28673	NA
S003_DAY2_MINITWICE_3160	72	Port Input	1	3919156	28673	NA
S003_DAY2_MINITWICE_3160	72	Picture	66_T_PWTRIAD_PW_bebe_red.png	3933683	43200	1	1900	2	43200	1800
S003_DAY2_MINITWICE_3160	73	Picture	RW	3935783	0	1	43199	2	0	43200
S003_DAY2_MINITWICE_3160	73	Response	51	3953486	17703	1
S003_DAY2_MINITWICE_3160	73	Pulse	99	3955157	19374	NA
S003_DAY2_MINITWICE_3160	73	Port Input	1	3955157	19374	NA
S003_DAY2_MINITWICE_3160	73	Picture	67_T_RWTRIAD_RW_policia_red.png	3978982	43199	1	1900	2	43200	1800
S003_DAY2_MINITWICE_3160	74	Picture	RW	3981082	0	1	43200	2	0	43200
S003_DAY2_MINITWICE_3160	74	Pulse	99	3991158	10076	NA
S003_DAY2_MINITWICE_3160	74	Port Input	1	3991158	10076	NA
S003_DAY2_MINITWICE_3160	74	Response	51	3999622	18540	1
S003_DAY2_MINITWICE_3160	74	Picture	68_T_RWTRIAD_RW_lana_red.png	4024282	43200	1	1900	2	43200	1800
S003_DAY2_MINITWICE_3160	75	Picture	RW	4026382	0	1	43200	2	0	43200
S003_DAY2_MINITWICE_3160	75	Pulse	99	4027159	777	NA
S003_DAY2_MINITWICE_3160	75	Port Input	1	4027159	777	NA
S003_DAY2_MINITWICE_3160	75	Response	51	4049245	22863	1
S003_DAY2_MINITWICE_3160	75	Pulse	99	4063160	36778	NA
S003_DAY2_MINITWICE_3160	75	Port Input	1	4063160	36778	NA
S003_DAY2_MINITWICE_3160	75	Picture	69_T_RWTRIAD_RW_cerillas_red.png	4069582	43200	1	1900	2	43200	1800
S003_DAY2_MINITWICE_3160	76	Picture	RW	4071682	0	1	43200	3	0	43200
S003_DAY2_MINITWICE_3160	76	Response	51	4092702	21020	1
S003_DAY2_MINITWICE_3160	76	Pulse	99	4099161	27479	NA
S003_DAY2_MINITWICE_3160	76	Port Input	1	4099161	27479	NA
S003_DAY2_MINITWICE_3160	76	Picture	70_T_RWTRIAD_RW_charco_red.png	4114882	43200	2	1900	3	43200	1800
S003_DAY2_MINITWICE_3160	77	Picture	rest	4116882	0	1	144099	3	0	144000
S003_DAY2_MINITWICE_3160	77	Pulse	99	4135162	18280	NA
S003_DAY2_MINITWICE_3160	77	Port Input	1	4135162	18280	NA
S003_DAY2_MINITWICE_3160	77	Pulse	99	4171164	54282	NA
S003_DAY2_MINITWICE_3160	77	Port Input	1	4171164	54282	NA
S003_DAY2_MINITWICE_3160	77	Pulse	99	4207165	90283	NA
S003_DAY2_MINITWICE_3160	77	Port Input	1	4207165	90283	NA
S003_DAY2_MINITWICE_3160	77	Pulse	99	4243166	126284	NA
S003_DAY2_MINITWICE_3160	77	Port Input	1	4243166	126284	NA
S003_DAY2_MINITWICE_3160	78	Picture	endrest	4261081	0	2	10100	4	0	10000
S003_DAY2_MINITWICE_3160	79	Picture	PW	4271381	0	1	43199	3	0	43200
S003_DAY2_MINITWICE_3160	79	Pulse	99	4279167	7786	NA
S003_DAY2_MINITWICE_3160	79	Port Input	1	4279167	7786	NA
S003_DAY2_MINITWICE_3160	79	Response	51	4294168	22787	1
S003_DAY2_MINITWICE_3160	79	Picture	73_T_PWTRIAD_PW_madera_red.png	4314580	43199	2	1900	5	43200	1800
S003_DAY2_MINITWICE_3160	79	Pulse	99	4315168	43787	NA
S003_DAY2_MINITWICE_3160	79	Port Input	1	4315168	43787	NA
S003_DAY2_MINITWICE_3160	80	Picture	PW	4316680	0	3	43200	5	0	43200
S003_DAY2_MINITWICE_3160	80	Response	52	4338316	21636	1
S003_DAY2_MINITWICE_3160	80	Pulse	99	4351169	34489	NA
S003_DAY2_MINITWICE_3160	80	Port Input	1	4351169	34489	NA
S003_DAY2_MINITWICE_3160	80	Picture	74_T_PWTRIAD_PW_banera_red.png	4359880	43200	2	1900	4	43200	1800
S003_DAY2_MINITWICE_3160	81	Picture	PW	4361980	0	2	43200	4	0	43200
S003_DAY2_MINITWICE_3160	81	Pulse	99	4387170	25190	NA
S003_DAY2_MINITWICE_3160	81	Port Input	1	4387170	25190	NA
S003_DAY2_MINITWICE_3160	81	Response	51	4387937	25957	1
S003_DAY2_MINITWICE_3160	81	Picture	75_T_PWTRIAD_PW_lenador_red.png	4405180	43200	2	1900	4	43200	1800
S003_DAY2_MINITWICE_3160	82	Picture	PW	4407280	0	2	43200	3	0	43200
S003_DAY2_MINITWICE_3160	82	Pulse	99	4423171	15891	NA
S003_DAY2_MINITWICE_3160	82	Port Input	1	4423171	15891	NA
S003_DAY2_MINITWICE_3160	82	Response	51	4430042	22762	1
S003_DAY2_MINITWICE_3160	82	Picture	76_T_PWTRIAD_PW_arco_red.png	4450480	43200	1	1900	2	43200	1800
S003_DAY2_MINITWICE_3160	83	Picture	FF	4452580	0	1	43200	2	0	43200
S003_DAY2_MINITWICE_3160	83	Pulse	99	4459172	6592	NA
S003_DAY2_MINITWICE_3160	83	Port Input	1	4459172	6592	NA
S003_DAY2_MINITWICE_3160	83	Response	51	4467508	14928	1
S003_DAY2_MINITWICE_3160	83	Pulse	99	4495173	42593	NA
S003_DAY2_MINITWICE_3160	83	Port Input	1	4495173	42593	NA
S003_DAY2_MINITWICE_3160	83	Picture	77_T_FFTRIAD_FF_ancla_red.png	4495780	43200	1	1900	2	43200	1800
S003_DAY2_MINITWICE_3160	84	Picture	FF	4497880	0	1	43200	2	0	43200
S003_DAY2_MINITWICE_3160	84	Response	51	4511209	13329	1
S003_DAY2_MINITWICE_3160	84	Pulse	99	4531174	33294	NA
S003_DAY2_MINITWICE_3160	84	Port Input	1	4531174	33294	NA
S003_DAY2_MINITWICE_3160	84	Picture	78_T_FFTRIAD_FF_zanahoria_red.png	4541080	43200	1	1899	3	43200	1800
S003_DAY2_MINITWICE_3160	85	Picture	FF	4543179	0	2	43201	3	0	43200
S003_DAY2_MINITWICE_3160	85	Response	51	4558794	15615	1
S003_DAY2_MINITWICE_3160	85	Pulse	99	4567175	23996	NA
S003_DAY2_MINITWICE_3160	85	Port Input	1	4567175	23996	NA
S003_DAY2_MINITWICE_3160	85	Picture	79_T_FFTRIAD_FF_charco_red.png	4586380	43201	1	1900	2	43200	1800
S003_DAY2_MINITWICE_3160	86	Picture	FF	4588480	0	1	43200	2	0	43200
S003_DAY2_MINITWICE_3160	86	Pulse	99	4603176	14696	NA
S003_DAY2_MINITWICE_3160	86	Port Input	1	4603176	14696	NA
S003_DAY2_MINITWICE_3160	86	Response	51	4617496	29016	1
S003_DAY2_MINITWICE_3160	86	Picture	80_T_FFTRIAD_FF_carruaje_red.png	4631680	43200	1	1899	3	43200	1800
S003_DAY2_MINITWICE_3160	87	Picture	rest	4633679	0	2	144100	3	0	144000
S003_DAY2_MINITWICE_3160	87	Pulse	99	4639177	5498	NA
S003_DAY2_MINITWICE_3160	87	Port Input	1	4639177	5498	NA
S003_DAY2_MINITWICE_3160	87	Pulse	99	4675178	41499	NA
S003_DAY2_MINITWICE_3160	87	Port Input	1	4675178	41499	NA
S003_DAY2_MINITWICE_3160	87	Pulse	99	4711179	77500	NA
S003_DAY2_MINITWICE_3160	87	Port Input	1	4711179	77500	NA
S003_DAY2_MINITWICE_3160	87	Pulse	99	4747181	113502	NA
S003_DAY2_MINITWICE_3160	87	Port Input	1	4747181	113502	NA
S003_DAY2_MINITWICE_3160	88	Picture	endrest	4777879	0	1	10100	2	0	10000
S003_DAY2_MINITWICE_3160	88	Pulse	99	4783182	5303	NA
S003_DAY2_MINITWICE_3160	88	Port Input	1	4783182	5303	NA
S003_DAY2_MINITWICE_3160	89	Picture	RW	4788179	0	1	43200	2	0	43200
S003_DAY2_MINITWICE_3160	89	Response	51	4807517	19338	1
S003_DAY2_MINITWICE_3160	89	Pulse	99	4819183	31004	NA
S003_DAY2_MINITWICE_3160	89	Port Input	1	4819183	31004	NA
S003_DAY2_MINITWICE_3160	89	Picture	83_T_RWTRIAD_RW_candado_red.png	4831379	43200	1	1900	2	43200	1800
S003_DAY2_MINITWICE_3160	90	Picture	RW	4833479	0	1	43199	3	0	43200
S003_DAY2_MINITWICE_3160	90	Response	52	4851969	18490	1
S003_DAY2_MINITWICE_3160	90	Pulse	99	4855184	21705	NA
S003_DAY2_MINITWICE_3160	90	Port Input	1	4855184	21705	NA
S003_DAY2_MINITWICE_3160	90	Picture	84_T_RWTRIAD_RW_cinturon_red.png	4876678	43199	2	1900	4	43200	1800
S003_DAY2_MINITWICE_3160	91	Picture	RW	4878778	0	2	43200	3	0	43200
S003_DAY2_MINITWICE_3160	91	Pulse	99	4891185	12407	NA
S003_DAY2_MINITWICE_3160	91	Port Input	1	4891185	12407	NA
S003_DAY2_MINITWICE_3160	91	Response	52	4900270	21492	1
S003_DAY2_MINITWICE_3160	91	Picture	85_T_RWTRIAD_RW_sapo_red.png	4921978	43200	1	1900	2	43200	1800
S003_DAY2_MINITWICE_3160	92	Picture	RW	4924078	0	1	43200	2	0	43200
S003_DAY2_MINITWICE_3160	92	Pulse	99	4927186	3108	NA
S003_DAY2_MINITWICE_3160	92	Port Input	1	4927186	3108	NA
S003_DAY2_MINITWICE_3160	92	Response	52	4940536	16458	2
S003_DAY2_MINITWICE_3160	92	Pulse	99	4963187	39109	NA
S003_DAY2_MINITWICE_3160	92	Port Input	1	4963187	39109	NA
S003_DAY2_MINITWICE_3160	92	Picture	86_T_RWTRIAD_RW_dado_red.png	4967278	43200	1	1900	2	43200	1800
S003_DAY2_MINITWICE_3160	93	Picture	FF	4969378	0	1	43200	2	0	43200
S003_DAY2_MINITWICE_3160	93	Response	51	4984963	15585	2
S003_DAY2_MINITWICE_3160	93	Pulse	99	4999188	29810	NA
S003_DAY2_MINITWICE_3160	93	Port Input	1	4999188	29810	NA
S003_DAY2_MINITWICE_3160	93	Picture	87_T_FFTRIAD_FF_sombrilla_red.png	5012578	43200	1	1900	2	43200	1800
S003_DAY2_MINITWICE_3160	94	Picture	FF	5014678	0	1	43200	2	0	43200
S003_DAY2_MINITWICE_3160	94	Response	52	5033365	18687	1
S003_DAY2_MINITWICE_3160	94	Pulse	99	5035189	20511	NA
S003_DAY2_MINITWICE_3160	94	Port Input	1	5035189	20511	NA
S003_DAY2_MINITWICE_3160	94	Picture	88_T_FFTRIAD_FF_mono_red.png	5057878	43200	1	1900	2	43200	1800
S003_DAY2_MINITWICE_3160	95	Picture	FF	5059978	0	1	43199	3	0	43200
S003_DAY2_MINITWICE_3160	95	Pulse	99	5071190	11212	NA
S003_DAY2_MINITWICE_3160	95	Port Input	1	5071190	11212	NA
S003_DAY2_MINITWICE_3160	95	Response	52	5083522	23544	1
S003_DAY2_MINITWICE_3160	95	Picture	89_T_FFTRIAD_FF_murcielago_red.png	5103177	43199	2	1900	4	43200	1800
S003_DAY2_MINITWICE_3160	96	Picture	FF	5105277	0	2	43200	3	0	43200
S003_DAY2_MINITWICE_3160	96	Pulse	99	5107191	1914	NA
S003_DAY2_MINITWICE_3160	96	Port Input	1	5107191	1914	NA
S003_DAY2_MINITWICE_3160	96	Response	51	5141992	36715	1
S003_DAY2_MINITWICE_3160	96	Pulse	99	5143192	37915	NA
S003_DAY2_MINITWICE_3160	96	Port Input	1	5143192	37915	NA
S003_DAY2_MINITWICE_3160	96	Picture	90_T_FFTRIAD_FF_portatil_red.png	5148477	43200	1	1900	2	43200	1800
S003_DAY2_MINITWICE_3160	97	Picture	rest	5150477	0	1	144100	2	0	144000
S003_DAY2_MINITWICE_3160	97	Pulse	99	5179193	28716	NA
S003_DAY2_MINITWICE_3160	97	Port Input	1	5179193	28716	NA
S003_DAY2_MINITWICE_3160	97	Pulse	99	5215194	64717	NA
S003_DAY2_MINITWICE_3160	97	Port Input	1	5215194	64717	NA
S003_DAY2_MINITWICE_3160	97	Pulse	99	5251195	100718	NA
S003_DAY2_MINITWICE_3160	97	Port Input	1	5251195	100718	NA
S003_DAY2_MINITWICE_3160	97	Pulse	99	5287197	136720	NA
S003_DAY2_MINITWICE_3160	97	Port Input	1	5287197	136720	NA
S003_DAY2_MINITWICE_3160	98	Picture	endrest	5294677	0	1	10100	2	0	10000
S003_DAY2_MINITWICE_3160	99	Picture	FF	5304976	0	2	43200	3	0	43200
S003_DAY2_MINITWICE_3160	99	Response	52	5318916	13940	1
S003_DAY2_MINITWICE_3160	99	Pulse	99	5323198	18222	NA
S003_DAY2_MINITWICE_3160	99	Port Input	1	5323198	18222	NA
S003_DAY2_MINITWICE_3160	99	Picture	93_T_FFTRIAD_FF_destornillador_red.png	5348176	43200	1	1900	2	43200	1800
S003_DAY2_MINITWICE_3160	100	Picture	FF	5350276	0	1	43200	2	0	43200
S003_DAY2_MINITWICE_3160	100	Pulse	99	5359199	8923	NA
S003_DAY2_MINITWICE_3160	100	Port Input	1	5359199	8923	NA
S003_DAY2_MINITWICE_3160	100	Response	51	5369180	18904	1
S003_DAY2_MINITWICE_3160	100	Picture	94_T_FFTRIAD_FF_huevos_red.png	5393476	43200	1	1900	2	43200	1800
S003_DAY2_MINITWICE_3160	100	Pulse	99	5395200	44924	NA
S003_DAY2_MINITWICE_3160	100	Port Input	1	5395200	44924	NA
S003_DAY2_MINITWICE_3160	101	Picture	FF	5395576	0	1	43200	2	0	43200
S003_DAY2_MINITWICE_3160	101	Response	51	5410989	15413	1
S003_DAY2_MINITWICE_3160	101	Pulse	99	5431201	35625	NA
S003_DAY2_MINITWICE_3160	101	Port Input	1	5431201	35625	NA
S003_DAY2_MINITWICE_3160	101	Picture	95_T_FFTRIAD_FF_dado_red.png	5438776	43200	1	1900	2	43200	1800
S003_DAY2_MINITWICE_3160	102	Picture	FF	5440876	0	1	43200	2	0	43200
S003_DAY2_MINITWICE_3160	102	Response	51	5462418	21542	1
S003_DAY2_MINITWICE_3160	102	Pulse	99	5467202	26326	NA
S003_DAY2_MINITWICE_3160	102	Port Input	1	5467202	26326	NA
S003_DAY2_MINITWICE_3160	102	Picture	96_T_FFTRIAD_FF_tijera_red.png	5484076	43200	1	1900	2	43200	1800
S003_DAY2_MINITWICE_3160	103	Picture	FF	5486176	0	1	43200	2	0	43200
S003_DAY2_MINITWICE_3160	103	Pulse	99	5503203	17027	NA
S003_DAY2_MINITWICE_3160	103	Port Input	1	5503203	17027	NA
S003_DAY2_MINITWICE_3160	103	Response	51	5503237	17061	1
S003_DAY2_MINITWICE_3160	103	Picture	97_T_FFTRIAD_FF_llave_red.png	5529376	43200	1	1899	3	43200	1800
S003_DAY2_MINITWICE_3160	104	Picture	FF	5531476	0	1	43199	2	0	43200
S003_DAY2_MINITWICE_3160	104	Pulse	99	5539204	7728	NA
S003_DAY2_MINITWICE_3160	104	Port Input	1	5539204	7728	NA
S003_DAY2_MINITWICE_3160	104	Response	52	5550329	18853	1
S003_DAY2_MINITWICE_3160	104	Picture	98_T_FFTRIAD_FF_raton_red.png	5574675	43199	1	1900	3	43200	1800
S003_DAY2_MINITWICE_3160	104	Pulse	99	5575205	43729	NA
S003_DAY2_MINITWICE_3160	104	Port Input	1	5575205	43729	NA
S003_DAY2_MINITWICE_3160	105	Picture	FF	5576775	0	1	43200	2	0	43200
S003_DAY2_MINITWICE_3160	105	Pulse	99	5611206	34431	NA
S003_DAY2_MINITWICE_3160	105	Port Input	1	5611206	34431	NA
S003_DAY2_MINITWICE_3160	105	Response	51	5619010	42235	1
S003_DAY2_MINITWICE_3160	105	Picture	99_T_FFTRIAD_FF_pincel_red.png	5619975	43200	1	1900	2	43200	1800
S003_DAY2_MINITWICE_3160	106	Picture	FF	5622075	0	1	43200	2	0	43200
S003_DAY2_MINITWICE_3160	106	Response	51	5636640	14565	1
S003_DAY2_MINITWICE_3160	106	Pulse	99	5647207	25132	NA
S003_DAY2_MINITWICE_3160	106	Port Input	1	5647207	25132	NA
S003_DAY2_MINITWICE_3160	106	Picture	100_T_FFTRIAD_FF_agua_red.png	5665275	43200	1	1900	2	43200	1800
S003_DAY2_MINITWICE_3160	107	Picture	rest	5667275	0	1	144099	2	0	144000
S003_DAY2_MINITWICE_3160	107	Pulse	99	5683208	15933	NA
S003_DAY2_MINITWICE_3160	107	Port Input	1	5683208	15933	NA
S003_DAY2_MINITWICE_3160	107	Pulse	99	5719209	51934	NA
S003_DAY2_MINITWICE_3160	107	Port Input	1	5719209	51934	NA
S003_DAY2_MINITWICE_3160	107	Pulse	99	5755210	87935	NA
S003_DAY2_MINITWICE_3160	107	Port Input	1	5755210	87935	NA
S003_DAY2_MINITWICE_3160	107	Pulse	99	5791211	123936	NA
S003_DAY2_MINITWICE_3160	107	Port Input	1	5791211	123936	NA
S003_DAY2_MINITWICE_3160	108	Picture	endrest	5811474	0	1	10100	2	0	10000
S003_DAY2_MINITWICE_3160	109	Picture	PW	5821774	0	1	43200	2	0	43200
S003_DAY2_MINITWICE_3160	109	Pulse	99	5827213	5439	NA
S003_DAY2_MINITWICE_3160	109	Port Input	1	5827213	5439	NA
S003_DAY2_MINITWICE_3160	109	Response	52	5854011	32237	1
S003_DAY2_MINITWICE_3160	109	Pulse	99	5863214	41440	NA
S003_DAY2_MINITWICE_3160	109	Port Input	1	5863214	41440	NA
S003_DAY2_MINITWICE_3160	109	Picture	103_T_PWTRIAD_PW_carruaje_red.png	5864974	43200	1	1900	2	43200	1800
S003_DAY2_MINITWICE_3160	110	Picture	PW	5867074	0	1	43200	2	0	43200
S003_DAY2_MINITWICE_3160	110	Pulse	99	5899215	32141	NA
S003_DAY2_MINITWICE_3160	110	Port Input	1	5899215	32141	NA
S003_DAY2_MINITWICE_3160	110	Response	52	5899495	32421	1
S003_DAY2_MINITWICE_3160	110	Picture	104_T_PWTRIAD_PW_zanahoria_red.png	5910274	43200	1	1900	2	43200	1800
S003_DAY2_MINITWICE_3160	111	Picture	PW	5912374	0	1	43200	2	0	43200
S003_DAY2_MINITWICE_3160	111	Pulse	99	5935216	22842	NA
S003_DAY2_MINITWICE_3160	111	Port Input	1	5935216	22842	NA
S003_DAY2_MINITWICE_3160	111	Response	51	5940075	27701	1
S003_DAY2_MINITWICE_3160	111	Picture	105_T_PWTRIAD_PW_perro_red.png	5955574	43200	1	1900	2	43200	1800
S003_DAY2_MINITWICE_3160	112	Picture	PW	5957674	0	1	43200	2	0	43200
S003_DAY2_MINITWICE_3160	112	Pulse	99	5971217	13543	NA
S003_DAY2_MINITWICE_3160	112	Port Input	1	5971217	13543	NA
S003_DAY2_MINITWICE_3160	112	Response	51	5991022	33348	1
S003_DAY2_MINITWICE_3160	112	Picture	106_T_PWTRIAD_PW_chupete_red.png	6000874	43200	1	1899	3	43200	1800
S003_DAY2_MINITWICE_3160	113	Picture	FF	6002973	0	2	43200	3	0	43200
S003_DAY2_MINITWICE_3160	113	Pulse	99	6007218	4245	NA
S003_DAY2_MINITWICE_3160	113	Port Input	1	6007218	4245	NA
S003_DAY2_MINITWICE_3160	113	Response	51	6019554	16581	1
S003_DAY2_MINITWICE_3160	113	Pulse	99	6043219	40246	NA
S003_DAY2_MINITWICE_3160	113	Port Input	1	6043219	40246	NA
S003_DAY2_MINITWICE_3160	113	Picture	107_T_FFTRIAD_FF_arco_red.png	6046173	43200	1	1900	2	43200	1800
S003_DAY2_MINITWICE_3160	114	Picture	FF	6048273	0	1	43200	2	0	43200
S003_DAY2_MINITWICE_3160	114	Response	51	6063437	15164	1
S003_DAY2_MINITWICE_3160	114	Pulse	99	6079220	30947	NA
S003_DAY2_MINITWICE_3160	114	Port Input	1	6079220	30947	NA
S003_DAY2_MINITWICE_3160	114	Picture	108_T_FFTRIAD_FF_cuento_red.png	6091473	43200	1	1900	2	43200	1800
S003_DAY2_MINITWICE_3160	115	Picture	FF	6093573	0	1	43200	2	0	43200
S003_DAY2_MINITWICE_3160	115	Pulse	99	6115221	21648	NA
S003_DAY2_MINITWICE_3160	115	Port Input	1	6115221	21648	NA
S003_DAY2_MINITWICE_3160	115	Response	52	6117214	23641	1
S003_DAY2_MINITWICE_3160	115	Picture	109_T_FFTRIAD_FF_cerillas_red.png	6136773	43200	1	1900	2	43200	1800
S003_DAY2_MINITWICE_3160	116	Picture	FF	6138873	0	1	43200	2	0	43200
S003_DAY2_MINITWICE_3160	116	Pulse	99	6151222	12349	NA
S003_DAY2_MINITWICE_3160	116	Port Input	1	6151222	12349	NA
S003_DAY2_MINITWICE_3160	116	Response	51	6163044	24171	1
S003_DAY2_MINITWICE_3160	116	Picture	110_T_FFTRIAD_FF_futbol_red.png	6182073	43200	1	1900	2	43200	1800
S003_DAY2_MINITWICE_3160	117	Picture	rest	6184073	0	1	144099	2	0	144000
S003_DAY2_MINITWICE_3160	117	Pulse	99	6187223	3150	NA
S003_DAY2_MINITWICE_3160	117	Port Input	1	6187223	3150	NA
S003_DAY2_MINITWICE_3160	117	Pulse	99	6223224	39151	NA
S003_DAY2_MINITWICE_3160	117	Port Input	1	6223224	39151	NA
S003_DAY2_MINITWICE_3160	117	Pulse	99	6259225	75152	NA
S003_DAY2_MINITWICE_3160	117	Port Input	1	6259225	75152	NA
S003_DAY2_MINITWICE_3160	117	Pulse	99	6295226	111153	NA
S003_DAY2_MINITWICE_3160	117	Port Input	1	6295226	111153	NA
S003_DAY2_MINITWICE_3160	118	Picture	endrest	6328272	0	1	10100	2	0	10000
S003_DAY2_MINITWICE_3160	118	Pulse	99	6331227	2955	NA
S003_DAY2_MINITWICE_3160	118	Port Input	1	6331227	2955	NA
S003_DAY2_MINITWICE_3160	119	Picture	PW	6338572	0	1	43200	2	0	43200
S003_DAY2_MINITWICE_3160	119	Pulse	99	6367229	28657	NA
S003_DAY2_MINITWICE_3160	119	Port Input	1	6367229	28657	NA
S003_DAY2_MINITWICE_3160	119	Response	51	6378437	39865	1
S003_DAY2_MINITWICE_3160	119	Picture	113_T_PWTRIAD_PW_tijera_red.png	6381772	43200	1	1900	2	43200	1800
S003_DAY2_MINITWICE_3160	120	Picture	PW	6383872	0	1	43200	2	0	43200
S003_DAY2_MINITWICE_3160	120	Pulse	99	6403230	19358	NA
S003_DAY2_MINITWICE_3160	120	Port Input	1	6403230	19358	NA
S003_DAY2_MINITWICE_3160	120	Response	51	6410960	27088	1
S003_DAY2_MINITWICE_3160	120	Picture	114_T_PWTRIAD_PW_silla_red.png	6427072	43200	1	1900	2	43200	1800
S003_DAY2_MINITWICE_3160	121	Picture	PW	6429172	0	1	43199	3	0	43200
S003_DAY2_MINITWICE_3160	121	Pulse	99	6439231	10059	NA
S003_DAY2_MINITWICE_3160	121	Port Input	1	6439231	10059	NA
S003_DAY2_MINITWICE_3160	121	Response	52	6456604	27432	1
S003_DAY2_MINITWICE_3160	121	Picture	115_T_PWTRIAD_PW_mono_red.png	6472371	43199	2	1900	4	43200	1800
S003_DAY2_MINITWICE_3160	122	Picture	PW	6474471	0	2	43200	3	0	43200
S003_DAY2_MINITWICE_3160	122	Pulse	99	6475232	761	NA
S003_DAY2_MINITWICE_3160	122	Port Input	1	6475232	761	NA
S003_DAY2_MINITWICE_3160	122	Response	51	6505387	30916	1
S003_DAY2_MINITWICE_3160	122	Pulse	99	6511233	36762	NA
S003_DAY2_MINITWICE_3160	122	Port Input	1	6511233	36762	NA
S003_DAY2_MINITWICE_3160	122	Picture	116_T_PWTRIAD_PW_queso_red.png	6517671	43200	1	1900	2	43200	1800
S003_DAY2_MINITWICE_3160	123	Picture	FF	6519771	0	1	43200	2	0	43200
S003_DAY2_MINITWICE_3160	123	Response	52	6535218	15447	1
S003_DAY2_MINITWICE_3160	123	Pulse	99	6547234	27463	NA
S003_DAY2_MINITWICE_3160	123	Port Input	1	6547234	27463	NA
S003_DAY2_MINITWICE_3160	123	Picture	117_T_FFTRIAD_FF_silla_red.png	6562971	43200	1	1900	2	43200	1800
S003_DAY2_MINITWICE_3160	124	Picture	FF	6565071	0	1	43200	2	0	43200
S003_DAY2_MINITWICE_3160	124	Response	52	6582058	16987	1
S003_DAY2_MINITWICE_3160	124	Pulse	99	6583235	18164	NA
S003_DAY2_MINITWICE_3160	124	Port Input	1	6583235	18164	NA
S003_DAY2_MINITWICE_3160	124	Picture	118_T_FFTRIAD_FF_iglu_red.png	6608271	43200	1	1900	2	43200	1800
S003_DAY2_MINITWICE_3160	125	Picture	FF	6610371	0	1	43200	2	0	43200
S003_DAY2_MINITWICE_3160	125	Pulse	99	6619236	8865	NA
S003_DAY2_MINITWICE_3160	125	Port Input	1	6619236	8865	NA
S003_DAY2_MINITWICE_3160	125	Response	51	6638595	28224	1
S003_DAY2_MINITWICE_3160	125	Picture	119_T_FFTRIAD_FF_piramide_red.png	6653571	43200	1	1900	2	43200	1800
S003_DAY2_MINITWICE_3160	125	Pulse	99	6655237	44866	NA
S003_DAY2_MINITWICE_3160	125	Port Input	1	6655237	44866	NA
S003_DAY2_MINITWICE_3160	126	Picture	FF	6655671	0	1	43199	3	0	43200
S003_DAY2_MINITWICE_3160	126	Response	52	6675295	19624	1
S003_DAY2_MINITWICE_3160	126	Pulse	99	6691238	35567	NA
S003_DAY2_MINITWICE_3160	126	Port Input	1	6691238	35567	NA
S003_DAY2_MINITWICE_3160	126	Picture	120_T_FFTRIAD_FF_paraguas_red.png	6698870	43199	2	1900	4	43200	1800
S003_DAY2_MINITWICE_3160	127	Picture	rest	6700870	0	2	144100	3	0	144000
S003_DAY2_MINITWICE_3160	127	Pulse	99	6727239	26369	NA
S003_DAY2_MINITWICE_3160	127	Port Input	1	6727239	26369	NA
S003_DAY2_MINITWICE_3160	127	Pulse	99	6763240	62370	NA
S003_DAY2_MINITWICE_3160	127	Port Input	1	6763240	62370	NA
S003_DAY2_MINITWICE_3160	127	Pulse	99	6799241	98371	NA
S003_DAY2_MINITWICE_3160	127	Port Input	1	6799241	98371	NA
S003_DAY2_MINITWICE_3160	127	Pulse	99	6835242	134372	NA
S003_DAY2_MINITWICE_3160	127	Port Input	1	6835242	134372	NA
S003_DAY2_MINITWICE_3160	128	Picture	endrest	6845070	0	1	10100	2	0	10000
S003_DAY2_MINITWICE_3160	129	Picture	PW	6855370	0	1	43200	2	0	43200
S003_DAY2_MINITWICE_3160	129	Pulse	99	6871243	15873	NA
S003_DAY2_MINITWICE_3160	129	Port Input	1	6871243	15873	NA
S003_DAY2_MINITWICE_3160	129	Response	51	6879429	24059	2
S003_DAY2_MINITWICE_3160	129	Picture	123_T_PWTRIAD_PW_ancla_red.png	6898570	43200	1	1900	2	43200	1800
S003_DAY2_MINITWICE_3160	130	Picture	PW	6900670	0	1	43199	2	0	43200
S003_DAY2_MINITWICE_3160	130	Pulse	99	6907245	6575	NA
S003_DAY2_MINITWICE_3160	130	Port Input	1	6907245	6575	NA
S003_DAY2_MINITWICE_3160	130	Response	51	6932480	31810	1
S003_DAY2_MINITWICE_3160	130	Pulse	99	6943246	42576	NA
S003_DAY2_MINITWICE_3160	130	Port Input	1	6943246	42576	NA
S003_DAY2_MINITWICE_3160	130	Picture	124_T_PWTRIAD_PW_murcielago_red.png	6943869	43199	1	1900	2	43200	1800
S003_DAY2_MINITWICE_3160	131	Picture	PW	6945969	0	1	43200	2	0	43200
S003_DAY2_MINITWICE_3160	131	Response	52	6978285	32316	1
S003_DAY2_MINITWICE_3160	131	Pulse	99	6979247	33278	NA
S003_DAY2_MINITWICE_3160	131	Port Input	1	6979247	33278	NA
S003_DAY2_MINITWICE_3160	131	Picture	125_T_PWTRIAD_PW_piramide_red.png	6989169	43200	1	1900	2	43200	1800
S003_DAY2_MINITWICE_3160	132	Picture	PW	6991269	0	1	43200	2	0	43200
S003_DAY2_MINITWICE_3160	132	Pulse	99	7015248	23979	NA
S003_DAY2_MINITWICE_3160	132	Port Input	1	7015248	23979	NA
S003_DAY2_MINITWICE_3160	132	Response	51	7018370	27101	1
S003_DAY2_MINITWICE_3160	132	Response	52	7019877	28608	1
S003_DAY2_MINITWICE_3160	132	Picture	126_T_PWTRIAD_PW_grapadora_red.png	7034469	43200	1	1900	2	43200	1800
S003_DAY2_MINITWICE_3160	133	Picture	RW	7036569	0	1	43200	2	0	43200
S003_DAY2_MINITWICE_3160	133	Pulse	99	7051249	14680	NA
S003_DAY2_MINITWICE_3160	133	Port Input	1	7051249	14680	NA
S003_DAY2_MINITWICE_3160	133	Response	51	7055999	19430	1
S003_DAY2_MINITWICE_3160	133	Picture	127_T_RWTRIAD_RW_madera_red.png	7079769	43200	1	1900	2	43200	1800
S003_DAY2_MINITWICE_3160	134	Picture	RW	7081869	0	1	43200	2	0	43200
S003_DAY2_MINITWICE_3160	134	Pulse	99	7087250	5381	NA
S003_DAY2_MINITWICE_3160	134	Port Input	1	7087250	5381	NA
S003_DAY2_MINITWICE_3160	134	Response	51	7098798	16929	1
S003_DAY2_MINITWICE_3160	134	Pulse	99	7123251	41382	NA
S003_DAY2_MINITWICE_3160	134	Port Input	1	7123251	41382	NA
S003_DAY2_MINITWICE_3160	134	Picture	128_T_RWTRIAD_RW_pizarra_red.png	7125069	43200	1	1900	2	43200	1800
S003_DAY2_MINITWICE_3160	135	Picture	RW	7127168	0	2	43200	3	0	43200
S003_DAY2_MINITWICE_3160	135	Response	52	7144557	17389	1
S003_DAY2_MINITWICE_3160	135	Pulse	99	7159252	32084	NA
S003_DAY2_MINITWICE_3160	135	Port Input	1	7159252	32084	NA
S003_DAY2_MINITWICE_3160	135	Picture	129_T_RWTRIAD_RW_martillo_red.png	7170368	43200	1	1900	2	43200	1800
S003_DAY2_MINITWICE_3160	136	Picture	RW	7172468	0	1	43200	2	0	43200
S003_DAY2_MINITWICE_3160	136	Response	52	7187768	15300	1
S003_DAY2_MINITWICE_3160	136	Pulse	99	7195253	22785	NA
S003_DAY2_MINITWICE_3160	136	Port Input	1	7195253	22785	NA
S003_DAY2_MINITWICE_3160	136	Picture	130_T_RWTRIAD_RW_tijera_red.png	7215668	43200	1	1900	2	43200	1800
S003_DAY2_MINITWICE_3160	137	Picture	rest	7217668	0	1	144099	3	0	144000
S003_DAY2_MINITWICE_3160	137	Pulse	99	7231254	13586	NA
S003_DAY2_MINITWICE_3160	137	Port Input	1	7231254	13586	NA
S003_DAY2_MINITWICE_3160	137	Pulse	99	7267255	49587	NA
S003_DAY2_MINITWICE_3160	137	Port Input	1	7267255	49587	NA
S003_DAY2_MINITWICE_3160	137	Pulse	99	7303256	85588	NA
S003_DAY2_MINITWICE_3160	137	Port Input	1	7303256	85588	NA
S003_DAY2_MINITWICE_3160	137	Pulse	99	7339257	121589	NA
S003_DAY2_MINITWICE_3160	137	Port Input	1	7339257	121589	NA
S003_DAY2_MINITWICE_3160	138	Picture	endrest	7361868	0	1	10099	3	0	10000
S003_DAY2_MINITWICE_3160	139	Picture	PW	7372167	0	2	43200	3	0	43200
S003_DAY2_MINITWICE_3160	139	Pulse	99	7375258	3091	NA
S003_DAY2_MINITWICE_3160	139	Port Input	1	7375258	3091	NA
S003_DAY2_MINITWICE_3160	139	Response	51	7397114	24947	1
S003_DAY2_MINITWICE_3160	139	Pulse	99	7411259	39092	NA
S003_DAY2_MINITWICE_3160	139	Port Input	1	7411259	39092	NA
S003_DAY2_MINITWICE_3160	139	Picture	133_T_PWTRIAD_PW_manos_red.png	7415367	43200	1	1900	2	43200	1800
S003_DAY2_MINITWICE_3160	140	Picture	PW	7417467	0	1	43200	2	0	43200
S003_DAY2_MINITWICE_3160	140	Pulse	99	7447261	29794	NA
S003_DAY2_MINITWICE_3160	140	Port Input	1	7447261	29794	NA
S003_DAY2_MINITWICE_3160	140	Response	52	7447681	30214	2
S003_DAY2_MINITWICE_3160	140	Picture	134_T_PWTRIAD_PW_bellota_red.png	7460667	43200	1	1900	2	43200	1800
S003_DAY2_MINITWICE_3160	141	Picture	PW	7462767	0	1	43200	2	0	43200
S003_DAY2_MINITWICE_3160	141	Pulse	99	7483262	20495	NA
S003_DAY2_MINITWICE_3160	141	Port Input	1	7483262	20495	NA
S003_DAY2_MINITWICE_3160	141	Response	52	7493220	30453	2
S003_DAY2_MINITWICE_3160	141	Picture	135_T_PWTRIAD_PW_teclado_red.png	7505967	43200	1	1900	2	43200	1800
S003_DAY2_MINITWICE_3160	142	Picture	PW	7508067	0	1	43200	2	0	43200
S003_DAY2_MINITWICE_3160	142	Pulse	99	7519263	11196	NA
S003_DAY2_MINITWICE_3160	142	Port Input	1	7519263	11196	NA
S003_DAY2_MINITWICE_3160	142	Response	52	7535489	27422	1
S003_DAY2_MINITWICE_3160	142	Picture	136_T_PWTRIAD_PW_monja_red.png	7551267	43200	1	1900	2	43200	1800
S003_DAY2_MINITWICE_3160	143	Picture	rest	7553267	0	1	144099	2	0	144000
S003_DAY2_MINITWICE_3160	143	Pulse	99	7555264	1997	NA
S003_DAY2_MINITWICE_3160	143	Port Input	1	7555264	1997	NA
S003_DAY2_MINITWICE_3160	143	Pulse	99	7591265	37998	NA
S003_DAY2_MINITWICE_3160	143	Port Input	1	7591265	37998	NA
S003_DAY2_MINITWICE_3160	144	Picture	endrest	7697466	0	1	10100	2	0	10000
S003_DAY2_MINITWICE_3160	145	Picture	endrest	7707666	0	1	10100	2	0	10000
S003_DAY2_MINITWICE_3160	146	Picture	endrest	7717866	0	1	10100	2	0	10000
S003_DAY2_MINITWICE_3160	147	Picture	endrest	7728066	0	1	10100	2	0	10000
