Scenario - vOT_Triads_fMRI_II
Logfile written - 06/10/2015 17:30:32

Subject	Trial	Event Type	Code	Time	TTime	Uncertainty	Duration	Uncertainty	ReqTime	ReqDur

S003_MINIONCE_4343	1	Pulse	99	239362	249281	NA
S003_MINIONCE_4343	1	Port Input	1	239362	249281	NA
S003_MINIONCE_4343	1	Pulse	99	275364	285283	NA
S003_MINIONCE_4343	1	Port Input	1	275364	285283	NA
S003_MINIONCE_4343	1	Pulse	99	311365	321284	NA
S003_MINIONCE_4343	1	Port Input	1	311365	321284	NA
S003_MINIONCE_4343	1	Pulse	99	347366	357285	NA
S003_MINIONCE_4343	1	Port Input	1	347366	357285	NA
S003_MINIONCE_4343	1	Pulse	99	383367	393286	NA
S003_MINIONCE_4343	1	Port Input	1	383367	393286	NA
S003_MINIONCE_4343	2	Picture	rest	383598	0	1	144099	2	0	144000
S003_MINIONCE_4343	2	Pulse	99	419368	35770	NA
S003_MINIONCE_4343	2	Port Input	1	419368	35770	NA
S003_MINIONCE_4343	2	Pulse	99	455369	71771	NA
S003_MINIONCE_4343	2	Port Input	1	455369	71771	NA
S003_MINIONCE_4343	2	Pulse	99	491370	107772	NA
S003_MINIONCE_4343	2	Port Input	1	491370	107772	NA
S003_MINIONCE_4343	2	Pulse	99	527371	143773	NA
S003_MINIONCE_4343	2	Port Input	1	527371	143773	NA
S003_MINIONCE_4343	3	Picture	endrest	527797	0	1	10100	2	0	10000
S003_MINIONCE_4343	4	Picture	FF	538297	0	1	43100	2	0	43200
S003_MINIONCE_4343	4	Pulse	99	563372	25075	NA
S003_MINIONCE_4343	4	Port Input	1	563372	25075	NA
S003_MINIONCE_4343	4	Response	51	572304	34007	1
S003_MINIONCE_4343	4	Picture	3_T_FFTRIAD_FF_llave_red.png	581397	43100	1	1899	3	43200	1800
S003_MINIONCE_4343	5	Picture	FF	583497	0	1	43200	2	0	43200
S003_MINIONCE_4343	5	Response	52	598298	14801	1
S003_MINIONCE_4343	5	Pulse	99	599373	15876	NA
S003_MINIONCE_4343	5	Port Input	1	599373	15876	NA
S003_MINIONCE_4343	5	Picture	4_T_FFTRIAD_FF_pizarra_red.png	626697	43200	1	1900	2	43200	1800
S003_MINIONCE_4343	6	Picture	FF	628797	0	1	43199	3	0	43200
S003_MINIONCE_4343	6	Pulse	99	635374	6577	NA
S003_MINIONCE_4343	6	Port Input	1	635374	6577	NA
S003_MINIONCE_4343	6	Response	52	644880	16083	1
S003_MINIONCE_4343	6	Pulse	99	671375	42578	NA
S003_MINIONCE_4343	6	Port Input	1	671375	42578	NA
S003_MINIONCE_4343	6	Picture	5_T_FFTRIAD_FF_telarana_red.png	671996	43199	2	1900	4	43200	1800
S003_MINIONCE_4343	7	Picture	FF	674096	0	2	43200	3	0	43200
S003_MINIONCE_4343	7	Response	52	694787	20691	1
S003_MINIONCE_4343	7	Pulse	99	707376	33280	NA
S003_MINIONCE_4343	7	Port Input	1	707376	33280	NA
S003_MINIONCE_4343	7	Picture	6_T_FFTRIAD_FF_monja_red.png	717296	43200	1	1900	2	43200	1800
S003_MINIONCE_4343	8	Picture	FF	719496	0	1	43200	2	0	43200
S003_MINIONCE_4343	8	Response	52	737518	18022	1
S003_MINIONCE_4343	8	Pulse	99	743377	23881	NA
S003_MINIONCE_4343	8	Port Input	1	743377	23881	NA
S003_MINIONCE_4343	8	Picture	7_T_FFTRIAD_FF_cerillas_red.png	762696	43200	1	1900	2	43200	1800
S003_MINIONCE_4343	9	Picture	FF	764796	0	1	43200	2	0	43200
S003_MINIONCE_4343	9	Pulse	99	779378	14582	NA
S003_MINIONCE_4343	9	Port Input	1	779378	14582	NA
S003_MINIONCE_4343	9	Response	51	786668	21872	2
S003_MINIONCE_4343	9	Picture	8_T_FFTRIAD_FF_perro_red.png	807996	43200	1	1900	2	43200	1800
S003_MINIONCE_4343	10	Picture	FF	810096	0	1	43200	2	0	43200
S003_MINIONCE_4343	10	Pulse	99	815379	5283	NA
S003_MINIONCE_4343	10	Port Input	1	815379	5283	NA
S003_MINIONCE_4343	10	Response	51	834173	24077	1
S003_MINIONCE_4343	10	Pulse	99	851380	41284	NA
S003_MINIONCE_4343	10	Port Input	1	851380	41284	NA
S003_MINIONCE_4343	10	Picture	9_T_FFTRIAD_FF_lechuga_red.png	853296	43200	1	1900	2	43200	1800
S003_MINIONCE_4343	11	Picture	FF	855396	0	1	43200	2	0	43200
S003_MINIONCE_4343	11	Response	52	872089	16693	1
S003_MINIONCE_4343	11	Pulse	99	887381	31985	NA
S003_MINIONCE_4343	11	Port Input	1	887381	31985	NA
S003_MINIONCE_4343	11	Picture	10_T_FFTRIAD_FF_bebe_red.png	898596	43200	1	1900	2	43200	1800
S003_MINIONCE_4343	12	Picture	rest	900596	0	1	144099	2	0	144000
S003_MINIONCE_4343	12	Pulse	99	923382	22786	NA
S003_MINIONCE_4343	12	Port Input	1	923382	22786	NA
S003_MINIONCE_4343	12	Pulse	99	959383	58787	NA
S003_MINIONCE_4343	12	Port Input	1	959383	58787	NA
S003_MINIONCE_4343	12	Pulse	99	995384	94788	NA
S003_MINIONCE_4343	12	Port Input	1	995384	94788	NA
S003_MINIONCE_4343	12	Pulse	99	1031385	130789	NA
S003_MINIONCE_4343	12	Port Input	1	1031385	130789	NA
S003_MINIONCE_4343	13	Picture	endrest	1044795	0	1	10100	2	0	10000
S003_MINIONCE_4343	14	Picture	RW	1055195	0	1	43200	2	0	43200
S003_MINIONCE_4343	14	Pulse	99	1067387	12192	NA
S003_MINIONCE_4343	14	Port Input	1	1067387	12192	NA
S003_MINIONCE_4343	14	Response	51	1074042	18847	1
S003_MINIONCE_4343	14	Picture	13_T_RWTRIAD_RW_banera_red.png	1098395	43200	1	1900	2	43200	1800
S003_MINIONCE_4343	15	Picture	RW	1100495	0	1	43200	2	0	43200
S003_MINIONCE_4343	15	Pulse	99	1103388	2893	NA
S003_MINIONCE_4343	15	Port Input	1	1103388	2893	NA
S003_MINIONCE_4343	15	Response	52	1131777	31282	2
S003_MINIONCE_4343	15	Pulse	99	1139389	38894	NA
S003_MINIONCE_4343	15	Port Input	1	1139389	38894	NA
S003_MINIONCE_4343	15	Picture	14_T_RWTRIAD_RW_perro_red.png	1143695	43200	1	1900	2	43200	1800
S003_MINIONCE_4343	16	Picture	RW	1145794	0	2	43200	3	0	43200
S003_MINIONCE_4343	16	Response	51	1165565	19771	1
S003_MINIONCE_4343	16	Pulse	99	1175390	29596	NA
S003_MINIONCE_4343	16	Port Input	1	1175390	29596	NA
S003_MINIONCE_4343	16	Picture	15_T_RWTRIAD_RW_novia_red.png	1188994	43200	1	1900	2	43200	1800
S003_MINIONCE_4343	17	Picture	RW	1191094	0	2	43200	3	0	43200
S003_MINIONCE_4343	17	Response	51	1208540	17446	1
S003_MINIONCE_4343	17	Pulse	99	1211391	20297	NA
S003_MINIONCE_4343	17	Port Input	1	1211391	20297	NA
S003_MINIONCE_4343	17	Picture	16_T_RWTRIAD_RW_manos_red.png	1234294	43200	1	1900	2	43200	1800
S003_MINIONCE_4343	18	Picture	PW	1236494	0	1	43200	2	0	43200
S003_MINIONCE_4343	18	Pulse	99	1247392	10898	NA
S003_MINIONCE_4343	18	Port Input	1	1247392	10898	NA
S003_MINIONCE_4343	18	Response	51	1260768	24274	1
S003_MINIONCE_4343	18	Picture	17_T_PWTRIAD_PW_traje_red.png	1279694	43200	1	1900	2	43200	1800
S003_MINIONCE_4343	19	Picture	PW	1281794	0	1	43200	2	0	43200
S003_MINIONCE_4343	19	Pulse	99	1283393	1599	NA
S003_MINIONCE_4343	19	Port Input	1	1283393	1599	NA
S003_MINIONCE_4343	19	Response	52	1306742	24948	1
S003_MINIONCE_4343	19	Pulse	99	1319394	37600	NA
S003_MINIONCE_4343	19	Port Input	1	1319394	37600	NA
S003_MINIONCE_4343	19	Picture	18_T_PWTRIAD_PW_sobre_red.png	1324994	43200	1	1900	2	43200	1800
S003_MINIONCE_4343	20	Picture	PW	1327294	0	1	43200	2	0	43200
S003_MINIONCE_4343	20	Pulse	99	1355395	28101	NA
S003_MINIONCE_4343	20	Port Input	1	1355395	28101	NA
S003_MINIONCE_4343	20	Response	52	1357143	29849	1
S003_MINIONCE_4343	20	Picture	19_T_PWTRIAD_PW_lechuga_red.png	1370494	43200	1	1900	2	43200	1800
S003_MINIONCE_4343	21	Picture	PW	1372794	0	1	43099	3	0	43200
S003_MINIONCE_4343	21	Pulse	99	1391396	18602	NA
S003_MINIONCE_4343	21	Port Input	1	1391396	18602	NA
S003_MINIONCE_4343	21	Response	52	1398657	25863	1
S003_MINIONCE_4343	21	Picture	20_T_PWTRIAD_PW_lana_red.png	1415893	43099	2	1900	4	43200	1800
S003_MINIONCE_4343	22	Picture	rest	1417893	0	2	144100	3	0	144000
S003_MINIONCE_4343	22	Pulse	99	1427397	9504	NA
S003_MINIONCE_4343	22	Port Input	1	1427397	9504	NA
S003_MINIONCE_4343	22	Pulse	99	1463398	45505	NA
S003_MINIONCE_4343	22	Port Input	1	1463398	45505	NA
S003_MINIONCE_4343	22	Pulse	99	1499399	81506	NA
S003_MINIONCE_4343	22	Port Input	1	1499399	81506	NA
S003_MINIONCE_4343	22	Pulse	99	1535400	117507	NA
S003_MINIONCE_4343	22	Port Input	1	1535400	117507	NA
S003_MINIONCE_4343	23	Picture	endrest	1562093	0	1	10100	2	0	10000
S003_MINIONCE_4343	23	Pulse	99	1571401	9308	NA
S003_MINIONCE_4343	23	Port Input	1	1571401	9308	NA
S003_MINIONCE_4343	24	Picture	PW	1572393	0	1	43200	2	0	43200
S003_MINIONCE_4343	24	Response	52	1598539	26146	1
S003_MINIONCE_4343	24	Pulse	99	1607402	35009	NA
S003_MINIONCE_4343	24	Port Input	1	1607402	35009	NA
S003_MINIONCE_4343	24	Picture	23_T_PWTRIAD_PW_novia_red.png	1615593	43200	1	1900	2	43200	1800
S003_MINIONCE_4343	25	Picture	PW	1617693	0	1	43199	3	0	43200
S003_MINIONCE_4343	25	Response	52	1640756	23063	1
S003_MINIONCE_4343	25	Pulse	99	1643403	25710	NA
S003_MINIONCE_4343	25	Port Input	1	1643403	25710	NA
S003_MINIONCE_4343	25	Picture	24_T_PWTRIAD_PW_chupete_red.png	1660892	43199	2	1900	4	43200	1800
S003_MINIONCE_4343	26	Picture	PW	1662992	0	2	43200	3	0	43200
S003_MINIONCE_4343	26	Pulse	99	1679404	16412	NA
S003_MINIONCE_4343	26	Port Input	1	1679404	16412	NA
S003_MINIONCE_4343	26	Response	52	1684315	21323	1
S003_MINIONCE_4343	26	Picture	25_T_PWTRIAD_PW_leche_red.png	1706192	43200	1	1900	2	43200	1800
S003_MINIONCE_4343	27	Picture	PW	1708292	0	1	43200	2	0	43200
S003_MINIONCE_4343	27	Pulse	99	1715405	7113	NA
S003_MINIONCE_4343	27	Port Input	1	1715405	7113	NA
S003_MINIONCE_4343	27	Response	52	1733553	25261	1
S003_MINIONCE_4343	27	Pulse	99	1751406	43114	NA
S003_MINIONCE_4343	27	Port Input	1	1751406	43114	NA
S003_MINIONCE_4343	27	Picture	26_T_PWTRIAD_PW_paracaidas_red.png	1751492	43200	1	1900	2	43200	1800
S003_MINIONCE_4343	28	Picture	RW	1753592	0	1	43200	2	0	43200
S003_MINIONCE_4343	28	Response	51	1777615	24023	2
S003_MINIONCE_4343	28	Pulse	99	1787407	33815	NA
S003_MINIONCE_4343	28	Port Input	1	1787407	33815	NA
S003_MINIONCE_4343	28	Picture	27_T_RWTRIAD_RW_policia_red.png	1796792	43200	1	1900	2	43200	1800
S003_MINIONCE_4343	29	Picture	RW	1798892	0	1	43200	2	0	43200
S003_MINIONCE_4343	29	Response	51	1816507	17615	2
S003_MINIONCE_4343	29	Pulse	99	1823409	24517	NA
S003_MINIONCE_4343	29	Port Input	1	1823409	24517	NA
S003_MINIONCE_4343	29	Picture	28_T_RWTRIAD_RW_pilas_red.png	1842092	43200	1	1900	2	43200	1800
S003_MINIONCE_4343	30	Picture	RW	1844392	0	1	43099	3	0	43200
S003_MINIONCE_4343	30	Pulse	99	1859410	15018	NA
S003_MINIONCE_4343	30	Port Input	1	1859410	15018	NA
S003_MINIONCE_4343	30	Response	52	1860120	15728	2
S003_MINIONCE_4343	30	Picture	29_T_RWTRIAD_RW_mono_red.png	1887491	43099	2	1901	3	43200	1800
S003_MINIONCE_4343	31	Picture	RW	1889592	0	1	43199	2	0	43200
S003_MINIONCE_4343	31	Pulse	99	1895411	5819	NA
S003_MINIONCE_4343	31	Port Input	1	1895411	5819	NA
S003_MINIONCE_4343	31	Response	51	1907689	18097	1
S003_MINIONCE_4343	31	Pulse	99	1931412	41820	NA
S003_MINIONCE_4343	31	Port Input	1	1931412	41820	NA
S003_MINIONCE_4343	31	Picture	30_T_RWTRIAD_RW_lana_red.png	1932791	43199	1	1900	2	43200	1800
S003_MINIONCE_4343	32	Picture	rest	1934791	0	1	144100	2	0	144000
S003_MINIONCE_4343	32	Pulse	99	1967413	32622	NA
S003_MINIONCE_4343	32	Port Input	1	1967413	32622	NA
S003_MINIONCE_4343	32	Pulse	99	2003414	68623	NA
S003_MINIONCE_4343	32	Port Input	1	2003414	68623	NA
S003_MINIONCE_4343	32	Pulse	99	2039415	104624	NA
S003_MINIONCE_4343	32	Port Input	1	2039415	104624	NA
S003_MINIONCE_4343	32	Pulse	99	2075416	140625	NA
S003_MINIONCE_4343	32	Port Input	1	2075416	140625	NA
S003_MINIONCE_4343	33	Picture	endrest	2078991	0	1	10100	2	0	10000
S003_MINIONCE_4343	34	Picture	RW	2089291	0	1	43200	2	0	43200
S003_MINIONCE_4343	34	Response	52	2109825	20534	1
S003_MINIONCE_4343	34	Pulse	99	2111417	22126	NA
S003_MINIONCE_4343	34	Port Input	1	2111417	22126	NA
S003_MINIONCE_4343	34	Picture	33_T_RWTRIAD_RW_bellota_red.png	2132491	43200	1	1900	2	43200	1800
S003_MINIONCE_4343	35	Picture	RW	2134591	0	1	43199	2	0	43200
S003_MINIONCE_4343	35	Pulse	99	2147418	12827	NA
S003_MINIONCE_4343	35	Port Input	1	2147418	12827	NA
S003_MINIONCE_4343	35	Response	52	2157716	23125	1
S003_MINIONCE_4343	35	Picture	34_T_RWTRIAD_RW_martillo_red.png	2177790	43199	1	1900	2	43200	1800
S003_MINIONCE_4343	36	Picture	RW	2179890	0	1	43200	2	0	43200
S003_MINIONCE_4343	36	Pulse	99	2183419	3529	NA
S003_MINIONCE_4343	36	Port Input	1	2183419	3529	NA
S003_MINIONCE_4343	36	Response	51	2197962	18072	1
S003_MINIONCE_4343	36	Pulse	99	2219420	39530	NA
S003_MINIONCE_4343	36	Port Input	1	2219420	39530	NA
S003_MINIONCE_4343	36	Picture	35_T_RWTRIAD_RW_cortina_red.png	2223090	43200	1	1900	2	43200	1800
S003_MINIONCE_4343	37	Picture	RW	2225190	0	1	43200	2	0	43200
S003_MINIONCE_4343	37	Response	52	2244353	19163	2
S003_MINIONCE_4343	37	Pulse	99	2255421	30231	NA
S003_MINIONCE_4343	37	Port Input	1	2255421	30231	NA
S003_MINIONCE_4343	37	Picture	36_T_RWTRIAD_RW_sapo_red.png	2268390	43200	1	1900	2	43200	1800
S003_MINIONCE_4343	38	Picture	PW	2270690	0	1	43100	2	0	43200
S003_MINIONCE_4343	38	Pulse	99	2291422	20732	NA
S003_MINIONCE_4343	38	Port Input	1	2291422	20732	NA
S003_MINIONCE_4343	38	Response	52	2294220	23530	1
S003_MINIONCE_4343	38	Picture	37_T_PWTRIAD_PW_bellota_red.png	2313790	43100	1	1900	2	43200	1800
S003_MINIONCE_4343	39	Picture	PW	2315890	0	1	43200	2	0	43200
S003_MINIONCE_4343	39	Pulse	99	2327423	11533	NA
S003_MINIONCE_4343	39	Port Input	1	2327423	11533	NA
S003_MINIONCE_4343	39	Picture	38_T_PWTRIAD_PW_estetoscopio_red.png	2359090	43200	1	1900	2	43200	1800
S003_MINIONCE_4343	40	Picture	PW	2361190	0	1	43199	3	0	43200
S003_MINIONCE_4343	40	Response	52	2361264	74	1
S003_MINIONCE_4343	40	Pulse	99	2363424	2234	NA
S003_MINIONCE_4343	40	Port Input	1	2363424	2234	NA
S003_MINIONCE_4343	40	Response	51	2397157	35967	1
S003_MINIONCE_4343	40	Pulse	99	2399425	38235	NA
S003_MINIONCE_4343	40	Port Input	1	2399425	38235	NA
S003_MINIONCE_4343	40	Picture	39_T_PWTRIAD_PW_martillo_red.png	2404389	43199	2	1900	4	43200	1800
S003_MINIONCE_4343	41	Picture	PW	2406689	0	2	43100	3	0	43200
S003_MINIONCE_4343	41	Pulse	99	2435426	28737	NA
S003_MINIONCE_4343	41	Port Input	1	2435426	28737	NA
S003_MINIONCE_4343	41	Response	51	2439523	32834	2
S003_MINIONCE_4343	41	Picture	40_T_PWTRIAD_PW_destornillador_red.png	2449789	43100	1	1900	2	43200	1800
S003_MINIONCE_4343	42	Picture	rest	2451789	0	1	144100	2	0	144000
S003_MINIONCE_4343	42	Pulse	99	2471427	19638	NA
S003_MINIONCE_4343	42	Port Input	1	2471427	19638	NA
S003_MINIONCE_4343	42	Pulse	99	2507428	55639	NA
S003_MINIONCE_4343	42	Port Input	1	2507428	55639	NA
S003_MINIONCE_4343	42	Pulse	99	2543430	91641	NA
S003_MINIONCE_4343	42	Port Input	1	2543430	91641	NA
S003_MINIONCE_4343	42	Pulse	99	2579431	127642	NA
S003_MINIONCE_4343	42	Port Input	1	2579431	127642	NA
S003_MINIONCE_4343	43	Picture	endrest	2595989	0	1	10099	3	0	10000
S003_MINIONCE_4343	44	Picture	FF	2606289	0	1	43199	3	0	43200
S003_MINIONCE_4343	44	Pulse	99	2615432	9143	NA
S003_MINIONCE_4343	44	Port Input	1	2615432	9143	NA
S003_MINIONCE_4343	44	Response	51	2618490	12201	1
S003_MINIONCE_4343	44	Picture	43_T_FFTRIAD_FF_cuento_red.png	2649488	43199	2	1900	4	43200	1800
S003_MINIONCE_4343	44	Pulse	99	2651433	45144	NA
S003_MINIONCE_4343	44	Port Input	1	2651433	45144	NA
S003_MINIONCE_4343	45	Picture	FF	2651588	0	2	43200	3	0	43200
S003_MINIONCE_4343	45	Response	51	2671115	19527	1
S003_MINIONCE_4343	45	Pulse	99	2687434	35846	NA
S003_MINIONCE_4343	45	Port Input	1	2687434	35846	NA
S003_MINIONCE_4343	45	Picture	44_T_FFTRIAD_FF_plato_red.png	2694788	43200	1	1900	2	43200	1800
S003_MINIONCE_4343	46	Picture	FF	2696888	0	1	43200	2	0	43200
S003_MINIONCE_4343	46	Response	51	2714989	18101	1
S003_MINIONCE_4343	46	Pulse	99	2723435	26547	NA
S003_MINIONCE_4343	46	Port Input	1	2723435	26547	NA
S003_MINIONCE_4343	46	Picture	45_T_FFTRIAD_FF_novia_red.png	2740088	43200	1	1900	2	43200	1800
S003_MINIONCE_4343	47	Picture	FF	2742188	0	1	43200	2	0	43200
S003_MINIONCE_4343	47	Pulse	99	2759436	17248	NA
S003_MINIONCE_4343	47	Port Input	1	2759436	17248	NA
S003_MINIONCE_4343	47	Response	51	2772761	30573	1
S003_MINIONCE_4343	47	Picture	46_T_FFTRIAD_FF_esquimal_red.png	2785388	43200	1	1900	2	43200	1800
S003_MINIONCE_4343	48	Picture	RW	2787488	0	1	43200	2	0	43200
S003_MINIONCE_4343	48	Pulse	99	2795437	7949	NA
S003_MINIONCE_4343	48	Port Input	1	2795437	7949	NA
S003_MINIONCE_4343	48	Response	52	2804146	16658	1
S003_MINIONCE_4343	48	Picture	47_T_RWTRIAD_RW_bebe_red.png	2830688	43200	1	1900	2	43200	1800
S003_MINIONCE_4343	48	Pulse	99	2831438	43950	NA
S003_MINIONCE_4343	48	Port Input	1	2831438	43950	NA
S003_MINIONCE_4343	49	Picture	RW	2832788	0	1	43199	3	0	43200
S003_MINIONCE_4343	49	Response	52	2850879	18091	1
S003_MINIONCE_4343	49	Pulse	99	2867439	34651	NA
S003_MINIONCE_4343	49	Port Input	1	2867439	34651	NA
S003_MINIONCE_4343	49	Picture	48_T_RWTRIAD_RW_raton_red.png	2875987	43199	2	1900	4	43200	1800
S003_MINIONCE_4343	50	Picture	RW	2878087	0	2	43200	3	0	43200
S003_MINIONCE_4343	50	Response	51	2896565	18478	1
S003_MINIONCE_4343	50	Pulse	99	2903440	25353	NA
S003_MINIONCE_4343	50	Port Input	1	2903440	25353	NA
S003_MINIONCE_4343	50	Picture	49_T_RWTRIAD_RW_cerillas_red.png	2921287	43200	1	1900	2	43200	1800
S003_MINIONCE_4343	51	Picture	RW	2923387	0	1	43200	2	0	43200
S003_MINIONCE_4343	51	Response	52	2935237	11850	2
S003_MINIONCE_4343	51	Pulse	99	2939441	16054	NA
S003_MINIONCE_4343	51	Port Input	1	2939441	16054	NA
S003_MINIONCE_4343	51	Picture	50_T_RWTRIAD_RW_huevos_red.png	2966587	43200	1	1900	2	43200	1800
S003_MINIONCE_4343	52	Picture	rest	2968587	0	1	144100	2	0	144000
S003_MINIONCE_4343	52	Pulse	99	2975442	6855	NA
S003_MINIONCE_4343	52	Port Input	1	2975442	6855	NA
S003_MINIONCE_4343	52	Pulse	99	3011443	42856	NA
S003_MINIONCE_4343	52	Port Input	1	3011443	42856	NA
S003_MINIONCE_4343	52	Pulse	99	3047444	78857	NA
S003_MINIONCE_4343	52	Port Input	1	3047444	78857	NA
S003_MINIONCE_4343	52	Pulse	99	3083445	114858	NA
S003_MINIONCE_4343	52	Port Input	1	3083445	114858	NA
S003_MINIONCE_4343	53	Picture	endrest	3112787	0	1	10100	2	0	10000
S003_MINIONCE_4343	53	Pulse	99	3119446	6659	NA
S003_MINIONCE_4343	53	Port Input	1	3119446	6659	NA
S003_MINIONCE_4343	54	Picture	PW	3123087	0	1	43199	2	0	43200
S003_MINIONCE_4343	54	Response	51	3142724	19637	2
S003_MINIONCE_4343	54	Pulse	99	3155447	32360	NA
S003_MINIONCE_4343	54	Port Input	1	3155447	32360	NA
S003_MINIONCE_4343	54	Picture	53_T_PWTRIAD_PW_manos_red.png	3166286	43199	1	1900	2	43200	1800
S003_MINIONCE_4343	55	Picture	PW	3168386	0	1	43200	2	0	43200
S003_MINIONCE_4343	55	Pulse	99	3191448	23062	NA
S003_MINIONCE_4343	55	Port Input	1	3191448	23062	NA
S003_MINIONCE_4343	55	Response	51	3196780	28394	1
S003_MINIONCE_4343	55	Picture	54_T_PWTRIAD_PW_paraguas_red.png	3211586	43200	1	1900	2	43200	1800
S003_MINIONCE_4343	56	Picture	PW	3213686	0	1	43200	2	0	43200
S003_MINIONCE_4343	56	Pulse	99	3227449	13763	NA
S003_MINIONCE_4343	56	Port Input	1	3227449	13763	NA
S003_MINIONCE_4343	56	Response	52	3234248	20562	1
S003_MINIONCE_4343	56	Picture	55_T_PWTRIAD_PW_cerillas_red.png	3256886	43200	1	1900	2	43200	1800
S003_MINIONCE_4343	57	Picture	PW	3258986	0	1	43200	2	0	43200
S003_MINIONCE_4343	57	Pulse	99	3263450	4464	NA
S003_MINIONCE_4343	57	Port Input	1	3263450	4464	NA
S003_MINIONCE_4343	57	Response	52	3283843	24857	1
S003_MINIONCE_4343	57	Pulse	99	3299452	40466	NA
S003_MINIONCE_4343	57	Port Input	1	3299452	40466	NA
S003_MINIONCE_4343	57	Picture	56_T_PWTRIAD_PW_botella_red.png	3302186	43200	1	1900	2	43200	1800
S003_MINIONCE_4343	58	Picture	RW	3304286	0	1	43200	2	0	43200
S003_MINIONCE_4343	58	Response	52	3318580	14294	1
S003_MINIONCE_4343	58	Pulse	99	3335453	31167	NA
S003_MINIONCE_4343	58	Port Input	1	3335453	31167	NA
S003_MINIONCE_4343	58	Picture	57_T_RWTRIAD_RW_leche_red.png	3347486	43200	1	1900	2	43200	1800
S003_MINIONCE_4343	59	Picture	RW	3349586	0	1	43199	2	0	43200
S003_MINIONCE_4343	59	Response	52	3364669	15083	1
S003_MINIONCE_4343	59	Pulse	99	3371454	21868	NA
S003_MINIONCE_4343	59	Port Input	1	3371454	21868	NA
S003_MINIONCE_4343	59	Picture	58_T_RWTRIAD_RW_futbol_red.png	3392785	43199	1	1900	2	43200	1800
S003_MINIONCE_4343	60	Picture	RW	3394885	0	2	43200	3	0	43200
S003_MINIONCE_4343	60	Pulse	99	3407455	12570	NA
S003_MINIONCE_4343	60	Port Input	1	3407455	12570	NA
S003_MINIONCE_4343	60	Response	51	3424161	29276	1
S003_MINIONCE_4343	60	Picture	59_T_RWTRIAD_RW_granjero_red.png	3438085	43200	1	1900	2	43200	1800
S003_MINIONCE_4343	61	Picture	RW	3440285	0	1	43200	2	0	43200
S003_MINIONCE_4343	61	Pulse	99	3443456	3171	NA
S003_MINIONCE_4343	61	Port Input	1	3443456	3171	NA
S003_MINIONCE_4343	61	Response	51	3461706	21421	1
S003_MINIONCE_4343	61	Pulse	99	3479457	39172	NA
S003_MINIONCE_4343	61	Port Input	1	3479457	39172	NA
S003_MINIONCE_4343	61	Picture	60_T_RWTRIAD_RW_ascensor_red.png	3483485	43200	1	1900	2	43200	1800
S003_MINIONCE_4343	62	Picture	rest	3485485	0	1	144099	2	0	144000
S003_MINIONCE_4343	62	Pulse	99	3515458	29973	NA
S003_MINIONCE_4343	62	Port Input	1	3515458	29973	NA
S003_MINIONCE_4343	62	Pulse	99	3551459	65974	NA
S003_MINIONCE_4343	62	Port Input	1	3551459	65974	NA
S003_MINIONCE_4343	62	Pulse	99	3587460	101975	NA
S003_MINIONCE_4343	62	Port Input	1	3587460	101975	NA
S003_MINIONCE_4343	62	Pulse	99	3623461	137976	NA
S003_MINIONCE_4343	62	Port Input	1	3623461	137976	NA
S003_MINIONCE_4343	63	Picture	endrest	3629684	0	2	10100	4	0	10000
S003_MINIONCE_4343	64	Picture	FF	3639984	0	2	43200	4	0	43200
S003_MINIONCE_4343	64	Response	52	3654628	14644	2
S003_MINIONCE_4343	64	Pulse	99	3659462	19478	NA
S003_MINIONCE_4343	64	Port Input	1	3659462	19478	NA
S003_MINIONCE_4343	64	Picture	63_T_FFTRIAD_FF_molino_red.png	3683184	43200	2	1899	5	43200	1800
S003_MINIONCE_4343	65	Picture	FF	3685283	0	3	43200	6	0	43200
S003_MINIONCE_4343	65	Pulse	99	3695463	10180	NA
S003_MINIONCE_4343	65	Port Input	1	3695463	10180	NA
S003_MINIONCE_4343	65	Response	51	3697782	12499	1
S003_MINIONCE_4343	65	Picture	64_T_FFTRIAD_FF_leche_red.png	3728483	43200	3	1900	6	43200	1800
S003_MINIONCE_4343	66	Picture	FF	3730783	0	3	43100	5	0	43200
S003_MINIONCE_4343	66	Pulse	99	3731464	681	NA
S003_MINIONCE_4343	66	Port Input	1	3731464	681	NA
S003_MINIONCE_4343	66	Response	52	3747270	16487	1
S003_MINIONCE_4343	66	Pulse	99	3767465	36682	NA
S003_MINIONCE_4343	66	Port Input	1	3767465	36682	NA
S003_MINIONCE_4343	66	Picture	65_T_FFTRIAD_FF_ascensor_red.png	3773883	43100	2	1900	4	43200	1800
S003_MINIONCE_4343	67	Picture	FF	3775983	0	3	43200	5	0	43200
S003_MINIONCE_4343	67	Response	52	3789351	13368	1
S003_MINIONCE_4343	67	Pulse	99	3803466	27483	NA
S003_MINIONCE_4343	67	Port Input	1	3803466	27483	NA
S003_MINIONCE_4343	67	Picture	66_T_FFTRIAD_FF_chupete_red.png	3819183	43200	2	1900	4	43200	1800
S003_MINIONCE_4343	68	Picture	PW	3821283	0	2	43200	4	0	43200
S003_MINIONCE_4343	68	Pulse	99	3839467	18184	NA
S003_MINIONCE_4343	68	Port Input	1	3839467	18184	NA
S003_MINIONCE_4343	68	Response	52	3847755	26472	1
S003_MINIONCE_4343	68	Picture	67_T_PWTRIAD_PW_violin_red.png	3864483	43200	2	1899	5	43200	1800
S003_MINIONCE_4343	69	Picture	PW	3866783	0	2	43100	3	0	43200
S003_MINIONCE_4343	69	Pulse	99	3875468	8685	NA
S003_MINIONCE_4343	69	Port Input	1	3875468	8685	NA
S003_MINIONCE_4343	69	Response	51	3892281	25498	2
S003_MINIONCE_4343	69	Picture	68_T_PWTRIAD_PW_molino_red.png	3909883	43100	1	1900	2	43200	1800
S003_MINIONCE_4343	69	Pulse	99	3911469	44686	NA
S003_MINIONCE_4343	69	Port Input	1	3911469	44686	NA
S003_MINIONCE_4343	70	Picture	PW	3911983	0	1	43200	2	0	43200
S003_MINIONCE_4343	70	Response	52	3941192	29209	1
S003_MINIONCE_4343	70	Pulse	99	3947470	35487	NA
S003_MINIONCE_4343	70	Port Input	1	3947470	35487	NA
S003_MINIONCE_4343	70	Picture	69_T_PWTRIAD_PW_candado_red.png	3955183	43200	1	1900	2	43200	1800
S003_MINIONCE_4343	71	Picture	PW	3957483	0	1	43100	2	0	43200
S003_MINIONCE_4343	71	Pulse	99	3983471	25988	NA
S003_MINIONCE_4343	71	Port Input	1	3983471	25988	NA
S003_MINIONCE_4343	71	Response	52	3986194	28711	1
S003_MINIONCE_4343	71	Picture	70_T_PWTRIAD_PW_banera_red.png	4000583	43100	1	1900	2	43200	1800
S003_MINIONCE_4343	72	Picture	rest	4002583	0	1	144099	2	0	144000
S003_MINIONCE_4343	72	Pulse	99	4019473	16890	NA
S003_MINIONCE_4343	72	Port Input	1	4019473	16890	NA
S003_MINIONCE_4343	72	Pulse	99	4055474	52891	NA
S003_MINIONCE_4343	72	Port Input	1	4055474	52891	NA
S003_MINIONCE_4343	72	Pulse	99	4091475	88892	NA
S003_MINIONCE_4343	72	Port Input	1	4091475	88892	NA
S003_MINIONCE_4343	72	Pulse	99	4127476	124893	NA
S003_MINIONCE_4343	72	Port Input	1	4127476	124893	NA
S003_MINIONCE_4343	73	Picture	endrest	4146782	0	1	10100	2	0	10000
S003_MINIONCE_4343	74	Picture	RW	4157082	0	1	43200	2	0	43200
S003_MINIONCE_4343	74	Pulse	99	4163477	6395	NA
S003_MINIONCE_4343	74	Port Input	1	4163477	6395	NA
S003_MINIONCE_4343	74	Response	52	4173047	15965	1
S003_MINIONCE_4343	74	Pulse	99	4199478	42396	NA
S003_MINIONCE_4343	74	Port Input	1	4199478	42396	NA
S003_MINIONCE_4343	74	Picture	73_T_RWTRIAD_RW_arbol_red.png	4200282	43200	1	1900	2	43200	1800
S003_MINIONCE_4343	75	Picture	RW	4202382	0	1	43200	2	0	43200
S003_MINIONCE_4343	75	Response	52	4231598	29216	2
S003_MINIONCE_4343	75	Pulse	99	4235479	33097	NA
S003_MINIONCE_4343	75	Port Input	1	4235479	33097	NA
S003_MINIONCE_4343	75	Picture	74_T_RWTRIAD_RW_pincel_red.png	4245582	43200	1	1900	2	43200	1800
S003_MINIONCE_4343	76	Picture	RW	4247682	0	1	43200	2	0	43200
S003_MINIONCE_4343	76	Response	51	4264812	17130	1
S003_MINIONCE_4343	76	Pulse	99	4271480	23798	NA
S003_MINIONCE_4343	76	Port Input	1	4271480	23798	NA
S003_MINIONCE_4343	76	Picture	75_T_RWTRIAD_RW_television_red.png	4290882	43200	1	1900	2	43200	1800
S003_MINIONCE_4343	77	Picture	RW	4292982	0	1	43200	2	0	43200
S003_MINIONCE_4343	77	Response	52	4305489	12507	1
S003_MINIONCE_4343	77	Pulse	99	4307481	14499	NA
S003_MINIONCE_4343	77	Port Input	1	4307481	14499	NA
S003_MINIONCE_4343	77	Picture	76_T_RWTRIAD_RW_silla_red.png	4336182	43200	1	1899	3	43200	1800
S003_MINIONCE_4343	78	Picture	FF	4338382	0	1	43199	2	0	43200
S003_MINIONCE_4343	78	Pulse	99	4343482	5100	NA
S003_MINIONCE_4343	78	Port Input	1	4343482	5100	NA
S003_MINIONCE_4343	78	Response	52	4352677	14295	1
S003_MINIONCE_4343	78	Pulse	99	4379483	41101	NA
S003_MINIONCE_4343	78	Port Input	1	4379483	41101	NA
S003_MINIONCE_4343	78	Picture	77_T_FFTRIAD_FF_anillo_red.png	4381581	43199	1	1900	2	43200	1800
S003_MINIONCE_4343	79	Picture	FF	4383681	0	1	43200	2	0	43200
S003_MINIONCE_4343	79	Response	51	4408153	24472	1
S003_MINIONCE_4343	79	Pulse	99	4415484	31803	NA
S003_MINIONCE_4343	79	Port Input	1	4415484	31803	NA
S003_MINIONCE_4343	79	Picture	78_T_FFTRIAD_FF_lenador_red.png	4426881	43200	1	1900	2	43200	1800
S003_MINIONCE_4343	80	Picture	FF	4428981	0	1	43200	2	0	43200
S003_MINIONCE_4343	80	Response	51	4450877	21896	1
S003_MINIONCE_4343	80	Pulse	99	4451485	22504	NA
S003_MINIONCE_4343	80	Port Input	1	4451485	22504	NA
S003_MINIONCE_4343	80	Picture	79_T_FFTRIAD_FF_banera_red.png	4472181	43200	1	1900	2	43200	1800
S003_MINIONCE_4343	81	Picture	FF	4474281	0	1	43200	2	0	43200
S003_MINIONCE_4343	81	Pulse	99	4487486	13205	NA
S003_MINIONCE_4343	81	Port Input	1	4487486	13205	NA
S003_MINIONCE_4343	81	Response	51	4493238	18957	1
S003_MINIONCE_4343	81	Picture	80_T_FFTRIAD_FF_piramide_red.png	4517481	43200	1	1900	2	43200	1800
S003_MINIONCE_4343	82	Picture	rest	4519481	0	1	144099	2	0	144000
S003_MINIONCE_4343	82	Pulse	99	4523487	4006	NA
S003_MINIONCE_4343	82	Port Input	1	4523487	4006	NA
S003_MINIONCE_4343	82	Pulse	99	4559488	40007	NA
S003_MINIONCE_4343	82	Port Input	1	4559488	40007	NA
S003_MINIONCE_4343	82	Pulse	99	4595489	76008	NA
S003_MINIONCE_4343	82	Port Input	1	4595489	76008	NA
S003_MINIONCE_4343	82	Pulse	99	4631490	112009	NA
S003_MINIONCE_4343	82	Port Input	1	4631490	112009	NA
S003_MINIONCE_4343	83	Picture	endrest	4663680	0	1	10100	2	0	10000
S003_MINIONCE_4343	83	Pulse	99	4667491	3811	NA
S003_MINIONCE_4343	83	Port Input	1	4667491	3811	NA
S003_MINIONCE_4343	84	Picture	PW	4673980	0	1	43200	2	0	43200
S003_MINIONCE_4343	84	Response	51	4700702	26722	1
S003_MINIONCE_4343	84	Pulse	99	4703492	29512	NA
S003_MINIONCE_4343	84	Port Input	1	4703492	29512	NA
S003_MINIONCE_4343	84	Picture	83_T_PWTRIAD_PW_tenedor_red.png	4717180	43200	1	1900	2	43200	1800
S003_MINIONCE_4343	85	Picture	PW	4719280	0	1	43200	2	0	43200
S003_MINIONCE_4343	85	Pulse	99	4739494	20214	NA
S003_MINIONCE_4343	85	Port Input	1	4739494	20214	NA
S003_MINIONCE_4343	85	Response	51	4747599	28319	1
S003_MINIONCE_4343	85	Picture	84_T_PWTRIAD_PW_portatil_red.png	4762480	43200	1	1900	2	43200	1800
S003_MINIONCE_4343	86	Picture	PW	4764580	0	1	43200	2	0	43200
S003_MINIONCE_4343	86	Pulse	99	4775495	10915	NA
S003_MINIONCE_4343	86	Port Input	1	4775495	10915	NA
S003_MINIONCE_4343	86	Response	52	4792692	28112	1
S003_MINIONCE_4343	86	Picture	85_T_PWTRIAD_PW_bebe_red.png	4807780	43200	1	1900	2	43200	1800
S003_MINIONCE_4343	87	Picture	PW	4809880	0	1	43199	3	0	43200
S003_MINIONCE_4343	87	Pulse	99	4811496	1616	NA
S003_MINIONCE_4343	87	Port Input	1	4811496	1616	NA
S003_MINIONCE_4343	87	Response	51	4845753	35873	1
S003_MINIONCE_4343	87	Pulse	99	4847497	37617	NA
S003_MINIONCE_4343	87	Port Input	1	4847497	37617	NA
S003_MINIONCE_4343	87	Picture	86_T_PWTRIAD_PW_charco_red.png	4853079	43199	2	1900	4	43200	1800
S003_MINIONCE_4343	88	Picture	FF	4855179	0	2	43200	3	0	43200
S003_MINIONCE_4343	88	Response	51	4881055	25876	2
S003_MINIONCE_4343	88	Pulse	99	4883498	28319	NA
S003_MINIONCE_4343	88	Port Input	1	4883498	28319	NA
S003_MINIONCE_4343	88	Picture	87_T_FFTRIAD_FF_martillo_red.png	4898379	43200	1	1900	2	43200	1800
S003_MINIONCE_4343	89	Picture	FF	4900479	0	1	43200	2	0	43200
S003_MINIONCE_4343	89	Pulse	99	4919499	19020	NA
S003_MINIONCE_4343	89	Port Input	1	4919499	19020	NA
S003_MINIONCE_4343	89	Picture	88_T_FFTRIAD_FF_grapadora_red.png	4943679	43200	1	1900	2	43200	1800
S003_MINIONCE_4343	90	Picture	FF	4945779	0	1	43200	2	0	43200
S003_MINIONCE_4343	90	Pulse	99	4955500	9721	NA
S003_MINIONCE_4343	90	Port Input	1	4955500	9721	NA
S003_MINIONCE_4343	90	Response	51	4961858	16079	1
S003_MINIONCE_4343	90	Picture	89_T_FFTRIAD_FF_violin_red.png	4988979	43200	1	1900	2	43200	1800
S003_MINIONCE_4343	91	Picture	FF	4991179	0	1	43200	2	0	43200
S003_MINIONCE_4343	91	Pulse	99	4991501	322	NA
S003_MINIONCE_4343	91	Port Input	1	4991501	322	NA
S003_MINIONCE_4343	91	Response	51	5010047	18868	1
S003_MINIONCE_4343	91	Pulse	99	5027502	36323	NA
S003_MINIONCE_4343	91	Port Input	1	5027502	36323	NA
S003_MINIONCE_4343	91	Picture	90_T_FFTRIAD_FF_silla_red.png	5034379	43200	1	1900	2	43200	1800
S003_MINIONCE_4343	92	Picture	rest	5036379	0	1	144099	2	0	144000
S003_MINIONCE_4343	92	Pulse	99	5063503	27124	NA
S003_MINIONCE_4343	92	Port Input	1	5063503	27124	NA
S003_MINIONCE_4343	92	Pulse	99	5099504	63125	NA
S003_MINIONCE_4343	92	Port Input	1	5099504	63125	NA
S003_MINIONCE_4343	92	Pulse	99	5135505	99126	NA
S003_MINIONCE_4343	92	Port Input	1	5135505	99126	NA
S003_MINIONCE_4343	92	Pulse	99	5171506	135127	NA
S003_MINIONCE_4343	92	Port Input	1	5171506	135127	NA
S003_MINIONCE_4343	93	Picture	endrest	5180578	0	1	10100	2	0	10000
S003_MINIONCE_4343	94	Picture	FF	5191078	0	1	43100	2	0	43200
S003_MINIONCE_4343	94	Response	51	5203030	11952	1
S003_MINIONCE_4343	94	Pulse	99	5207507	16429	NA
S003_MINIONCE_4343	94	Port Input	1	5207507	16429	NA
S003_MINIONCE_4343	94	Picture	93_T_FFTRIAD_FF_bellota_red.png	5234178	43100	1	1900	2	43200	1800
S003_MINIONCE_4343	95	Picture	FF	5236278	0	1	43200	2	0	43200
S003_MINIONCE_4343	95	Pulse	99	5243508	7230	NA
S003_MINIONCE_4343	95	Port Input	1	5243508	7230	NA
S003_MINIONCE_4343	95	Picture	94_T_FFTRIAD_FF_queso_red.png	5279478	43200	1	1900	2	43200	1800
S003_MINIONCE_4343	95	Pulse	99	5279509	43231	NA
S003_MINIONCE_4343	95	Port Input	1	5279509	43231	NA
S003_MINIONCE_4343	96	Picture	FF	5281578	0	1	43199	3	0	43200
S003_MINIONCE_4343	96	Response	51	5295831	14253	1
S003_MINIONCE_4343	96	Pulse	99	5315510	33932	NA
S003_MINIONCE_4343	96	Port Input	1	5315510	33932	NA
S003_MINIONCE_4343	96	Picture	95_T_FFTRIAD_FF_carruaje_red.png	5324777	43199	2	1900	4	43200	1800
S003_MINIONCE_4343	97	Picture	FF	5326877	0	2	43200	3	0	43200
S003_MINIONCE_4343	97	Response	51	5341975	15098	2
S003_MINIONCE_4343	97	Pulse	99	5351511	24634	NA
S003_MINIONCE_4343	97	Port Input	1	5351511	24634	NA
S003_MINIONCE_4343	97	Picture	96_T_FFTRIAD_FF_zanahoria_red.png	5370077	43200	1	1900	2	43200	1800
S003_MINIONCE_4343	98	Picture	PW	5372177	0	1	43200	2	0	43200
S003_MINIONCE_4343	98	Pulse	99	5387512	15335	NA
S003_MINIONCE_4343	98	Port Input	1	5387512	15335	NA
S003_MINIONCE_4343	98	Response	51	5393901	21724	1
S003_MINIONCE_4343	98	Picture	97_T_PWTRIAD_PW_anillo_red.png	5415377	43200	1	1900	2	43200	1800
S003_MINIONCE_4343	99	Picture	PW	5417477	0	1	43200	2	0	43200
S003_MINIONCE_4343	99	Pulse	99	5423513	6036	NA
S003_MINIONCE_4343	99	Port Input	1	5423513	6036	NA
S003_MINIONCE_4343	99	Response	51	5441027	23550	1
S003_MINIONCE_4343	99	Pulse	99	5459514	42037	NA
S003_MINIONCE_4343	99	Port Input	1	5459514	42037	NA
S003_MINIONCE_4343	99	Picture	98_T_PWTRIAD_PW_esquimal_red.png	5460677	43200	1	1900	2	43200	1800
S003_MINIONCE_4343	100	Picture	PW	5462977	0	1	43100	2	0	43200
S003_MINIONCE_4343	100	Response	52	5491943	28966	1
S003_MINIONCE_4343	100	Pulse	99	5495516	32539	NA
S003_MINIONCE_4343	100	Port Input	1	5495516	32539	NA
S003_MINIONCE_4343	100	Picture	99_T_PWTRIAD_PW_agua_red.png	5506077	43100	1	1900	2	43200	1800
S003_MINIONCE_4343	101	Picture	PW	5508177	0	1	43199	3	0	43200
S003_MINIONCE_4343	101	Pulse	99	5531517	23340	NA
S003_MINIONCE_4343	101	Port Input	1	5531517	23340	NA
S003_MINIONCE_4343	101	Response	52	5539663	31486	1
S003_MINIONCE_4343	101	Picture	100_T_PWTRIAD_PW_policia_red.png	5551376	43199	2	1900	4	43200	1800
S003_MINIONCE_4343	102	Picture	rest	5553377	0	1	144099	2	0	144000
S003_MINIONCE_4343	102	Pulse	99	5567518	14141	NA
S003_MINIONCE_4343	102	Port Input	1	5567518	14141	NA
S003_MINIONCE_4343	102	Pulse	99	5603519	50142	NA
S003_MINIONCE_4343	102	Port Input	1	5603519	50142	NA
S003_MINIONCE_4343	102	Pulse	99	5639520	86143	NA
S003_MINIONCE_4343	102	Port Input	1	5639520	86143	NA
S003_MINIONCE_4343	102	Pulse	99	5675521	122144	NA
S003_MINIONCE_4343	102	Port Input	1	5675521	122144	NA
S003_MINIONCE_4343	103	Picture	endrest	5697576	0	1	10100	2	0	10000
S003_MINIONCE_4343	104	Picture	PW	5707876	0	1	43200	2	0	43200
S003_MINIONCE_4343	104	Pulse	99	5711522	3646	NA
S003_MINIONCE_4343	104	Port Input	1	5711522	3646	NA
S003_MINIONCE_4343	104	Response	51	5744714	36838	1
S003_MINIONCE_4343	104	Pulse	99	5747523	39647	NA
S003_MINIONCE_4343	104	Port Input	1	5747523	39647	NA
S003_MINIONCE_4343	104	Picture	103_T_PWTRIAD_PW_gafas_red.png	5751076	43200	1	1900	2	43200	1800
S003_MINIONCE_4343	105	Picture	PW	5753176	0	1	43200	2	0	43200
S003_MINIONCE_4343	105	Pulse	99	5783524	30348	NA
S003_MINIONCE_4343	105	Port Input	1	5783524	30348	NA
S003_MINIONCE_4343	105	Response	52	5786687	33511	1
S003_MINIONCE_4343	105	Picture	104_T_PWTRIAD_PW_cinturon_red.png	5796376	43200	1	1900	2	43200	1800
S003_MINIONCE_4343	106	Picture	PW	5798475	0	2	43200	3	0	43200
S003_MINIONCE_4343	106	Pulse	99	5819525	21050	NA
S003_MINIONCE_4343	106	Port Input	1	5819525	21050	NA
S003_MINIONCE_4343	106	Response	51	5827473	28998	1
S003_MINIONCE_4343	106	Picture	105_T_PWTRIAD_PW_television_red.png	5841675	43200	1	1900	2	43200	1800
S003_MINIONCE_4343	107	Picture	PW	5843775	0	1	43200	2	0	43200
S003_MINIONCE_4343	107	Pulse	99	5855526	11751	NA
S003_MINIONCE_4343	107	Port Input	1	5855526	11751	NA
S003_MINIONCE_4343	107	Response	52	5877448	33673	1
S003_MINIONCE_4343	107	Picture	106_T_PWTRIAD_PW_grifo_red.png	5886975	43200	1	1900	2	43200	1800
S003_MINIONCE_4343	108	Picture	FF	5889275	0	1	43100	2	0	43200
S003_MINIONCE_4343	108	Pulse	99	5891527	2252	NA
S003_MINIONCE_4343	108	Port Input	1	5891527	2252	NA
S003_MINIONCE_4343	108	Response	51	5909226	19951	1
S003_MINIONCE_4343	108	Pulse	99	5927528	38253	NA
S003_MINIONCE_4343	108	Port Input	1	5927528	38253	NA
S003_MINIONCE_4343	108	Picture	107_T_FFTRIAD_FF_pluma_red.png	5932375	43100	1	1900	2	43200	1800
S003_MINIONCE_4343	109	Picture	FF	5934475	0	1	43200	2	0	43200
S003_MINIONCE_4343	109	Response	52	5949315	14840	1
S003_MINIONCE_4343	109	Pulse	99	5963529	29054	NA
S003_MINIONCE_4343	109	Port Input	1	5963529	29054	NA
S003_MINIONCE_4343	109	Picture	108_T_FFTRIAD_FF_almohada_red.png	5977675	43200	1	1900	2	43200	1800
S003_MINIONCE_4343	110	Picture	FF	5979775	0	1	43200	2	0	43200
S003_MINIONCE_4343	110	Response	51	5994546	14771	1
S003_MINIONCE_4343	110	Pulse	99	5999530	19755	NA
S003_MINIONCE_4343	110	Port Input	1	5999530	19755	NA
S003_MINIONCE_4343	110	Picture	109_T_FFTRIAD_FF_agua_red.png	6022975	43200	1	1900	2	43200	1800
S003_MINIONCE_4343	111	Picture	FF	6025075	0	1	43199	3	0	43200
S003_MINIONCE_4343	111	Pulse	99	6035531	10456	NA
S003_MINIONCE_4343	111	Port Input	1	6035531	10456	NA
S003_MINIONCE_4343	111	Response	52	6045957	20882	2
S003_MINIONCE_4343	111	Picture	110_T_FFTRIAD_FF_sobre_red.png	6068274	43199	2	1900	4	43200	1800
S003_MINIONCE_4343	112	Picture	rest	6070274	0	2	144100	3	0	144000
S003_MINIONCE_4343	112	Pulse	99	6071532	1258	NA
S003_MINIONCE_4343	112	Port Input	1	6071532	1258	NA
S003_MINIONCE_4343	112	Pulse	99	6107533	37259	NA
S003_MINIONCE_4343	112	Port Input	1	6107533	37259	NA
S003_MINIONCE_4343	112	Pulse	99	6143534	73260	NA
S003_MINIONCE_4343	112	Port Input	1	6143534	73260	NA
S003_MINIONCE_4343	112	Pulse	99	6179535	109261	NA
S003_MINIONCE_4343	112	Port Input	1	6179535	109261	NA
S003_MINIONCE_4343	113	Picture	endrest	6214474	0	1	10100	2	0	10000
S003_MINIONCE_4343	113	Pulse	99	6215537	1063	NA
S003_MINIONCE_4343	113	Port Input	1	6215537	1063	NA
S003_MINIONCE_4343	114	Picture	RW	6224774	0	1	43200	2	0	43200
S003_MINIONCE_4343	114	Response	52	6241158	16384	1
S003_MINIONCE_4343	114	Pulse	99	6251538	26764	NA
S003_MINIONCE_4343	114	Port Input	1	6251538	26764	NA
S003_MINIONCE_4343	114	Picture	113_T_RWTRIAD_RW_lenador_red.png	6267974	43200	1	1900	2	43200	1800
S003_MINIONCE_4343	115	Picture	RW	6270074	0	1	43199	2	0	43200
S003_MINIONCE_4343	115	Pulse	99	6287539	17465	NA
S003_MINIONCE_4343	115	Port Input	1	6287539	17465	NA
S003_MINIONCE_4343	115	Response	51	6288352	18278	1
S003_MINIONCE_4343	115	Picture	114_T_RWTRIAD_RW_almohada_red.png	6313273	43199	1	1900	2	43200	1800
S003_MINIONCE_4343	116	Picture	RW	6315373	0	2	43200	3	0	43200
S003_MINIONCE_4343	116	Pulse	99	6323540	8167	NA
S003_MINIONCE_4343	116	Port Input	1	6323540	8167	NA
S003_MINIONCE_4343	116	Response	52	6330083	14710	1
S003_MINIONCE_4343	116	Picture	115_T_RWTRIAD_RW_paraguas_red.png	6358573	43200	1	1900	2	43200	1800
S003_MINIONCE_4343	116	Pulse	99	6359541	44168	NA
S003_MINIONCE_4343	116	Port Input	1	6359541	44168	NA
S003_MINIONCE_4343	117	Picture	RW	6360673	0	1	43200	2	0	43200
S003_MINIONCE_4343	117	Response	51	6380091	19418	1
S003_MINIONCE_4343	117	Pulse	99	6395542	34869	NA
S003_MINIONCE_4343	117	Port Input	1	6395542	34869	NA
S003_MINIONCE_4343	117	Picture	116_T_RWTRIAD_RW_teclado_red.png	6403873	43200	1	1900	2	43200	1800
S003_MINIONCE_4343	118	Picture	RW	6405973	0	1	43200	2	0	43200
S003_MINIONCE_4343	118	Response	52	6422273	16300	1
S003_MINIONCE_4343	118	Pulse	99	6431543	25570	NA
S003_MINIONCE_4343	118	Port Input	1	6431543	25570	NA
S003_MINIONCE_4343	118	Picture	117_T_RWTRIAD_RW_cinturon_red.png	6449173	43200	1	1900	2	43200	1800
S003_MINIONCE_4343	119	Picture	RW	6451273	0	1	43200	2	0	43200
S003_MINIONCE_4343	119	Pulse	99	6467544	16271	NA
S003_MINIONCE_4343	119	Port Input	1	6467544	16271	NA
S003_MINIONCE_4343	119	Response	52	6474855	23582	1
S003_MINIONCE_4343	119	Picture	118_T_RWTRIAD_RW_murcielago_red.png	6494473	43200	1	1900	2	43200	1800
S003_MINIONCE_4343	120	Picture	RW	6496673	0	1	43099	3	0	43200
S003_MINIONCE_4343	120	Pulse	99	6503545	6872	NA
S003_MINIONCE_4343	120	Port Input	1	6503545	6872	NA
S003_MINIONCE_4343	120	Response	52	6511372	14699	1
S003_MINIONCE_4343	120	Pulse	99	6539546	42873	NA
S003_MINIONCE_4343	120	Port Input	1	6539546	42873	NA
S003_MINIONCE_4343	120	Picture	119_T_RWTRIAD_RW_anillo_red.png	6539772	43099	2	1900	4	43200	1800
S003_MINIONCE_4343	121	Picture	RW	6541872	0	2	43200	3	0	43200
S003_MINIONCE_4343	121	Response	51	6566635	24763	1
S003_MINIONCE_4343	121	Pulse	99	6575547	33675	NA
S003_MINIONCE_4343	121	Port Input	1	6575547	33675	NA
S003_MINIONCE_4343	121	Picture	120_T_RWTRIAD_RW_portatil_red.png	6585072	43200	1	1900	2	43200	1800
S003_MINIONCE_4343	122	Picture	rest	6587072	0	1	144100	2	0	144000
S003_MINIONCE_4343	122	Pulse	99	6611548	24476	NA
S003_MINIONCE_4343	122	Port Input	1	6611548	24476	NA
S003_MINIONCE_4343	122	Pulse	99	6647549	60477	NA
S003_MINIONCE_4343	122	Port Input	1	6647549	60477	NA
S003_MINIONCE_4343	122	Pulse	99	6683550	96478	NA
S003_MINIONCE_4343	122	Port Input	1	6683550	96478	NA
S003_MINIONCE_4343	122	Pulse	99	6719551	132479	NA
S003_MINIONCE_4343	122	Port Input	1	6719551	132479	NA
S003_MINIONCE_4343	123	Picture	endrest	6731272	0	1	10100	2	0	10000
S003_MINIONCE_4343	124	Picture	RW	6741572	0	1	43199	3	0	43200
S003_MINIONCE_4343	124	Pulse	99	6755552	13980	NA
S003_MINIONCE_4343	124	Port Input	1	6755552	13980	NA
S003_MINIONCE_4343	124	Response	51	6770244	28672	1
S003_MINIONCE_4343	124	Picture	123_T_RWTRIAD_RW_piramide_red.png	6784771	43199	2	1900	4	43200	1800
S003_MINIONCE_4343	125	Picture	RW	6786971	0	2	43100	3	0	43200
S003_MINIONCE_4343	125	Pulse	99	6791553	4582	NA
S003_MINIONCE_4343	125	Port Input	1	6791553	4582	NA
S003_MINIONCE_4343	125	Response	51	6804024	17053	1
S003_MINIONCE_4343	125	Pulse	99	6827554	40583	NA
S003_MINIONCE_4343	125	Port Input	1	6827554	40583	NA
S003_MINIONCE_4343	125	Picture	124_T_RWTRIAD_RW_ancla_red.png	6830071	43100	1	1900	2	43200	1800
S003_MINIONCE_4343	126	Picture	RW	6832171	0	1	43200	2	0	43200
S003_MINIONCE_4343	126	Response	51	6859370	27199	1
S003_MINIONCE_4343	126	Pulse	99	6863555	31384	NA
S003_MINIONCE_4343	126	Port Input	1	6863555	31384	NA
S003_MINIONCE_4343	126	Picture	125_T_RWTRIAD_RW_candado_red.png	6875371	43200	1	1900	2	43200	1800
S003_MINIONCE_4343	127	Picture	RW	6877471	0	1	43200	2	0	43200
S003_MINIONCE_4343	127	Response	51	6898387	20916	1
S003_MINIONCE_4343	127	Pulse	99	6899556	22085	NA
S003_MINIONCE_4343	127	Port Input	1	6899556	22085	NA
S003_MINIONCE_4343	127	Picture	126_T_RWTRIAD_RW_telefono_red.png	6920671	43200	1	1900	2	43200	1800
S003_MINIONCE_4343	128	Picture	FF	6922771	0	1	43200	2	0	43200
S003_MINIONCE_4343	128	Pulse	99	6935558	12787	NA
S003_MINIONCE_4343	128	Port Input	1	6935558	12787	NA
S003_MINIONCE_4343	128	Response	51	6943906	21135	4
S003_MINIONCE_4343	128	Picture	127_T_FFTRIAD_FF_futbol_red.png	6965971	43200	1	1900	2	43200	1800
S003_MINIONCE_4343	129	Picture	FF	6968071	0	1	43200	2	0	43200
S003_MINIONCE_4343	129	Pulse	99	6971559	3488	NA
S003_MINIONCE_4343	129	Port Input	1	6971559	3488	NA
S003_MINIONCE_4343	129	Pulse	99	7007560	39489	NA
S003_MINIONCE_4343	129	Port Input	1	7007560	39489	NA
S003_MINIONCE_4343	129	Picture	128_T_FFTRIAD_FF_huevos_red.png	7011271	43200	1	1899	3	43200	1800
S003_MINIONCE_4343	130	Picture	FF	7013371	0	1	43199	2	0	43200
S003_MINIONCE_4343	130	Response	51	7028184	14813	2
S003_MINIONCE_4343	130	Pulse	99	7043561	30190	NA
S003_MINIONCE_4343	130	Port Input	1	7043561	30190	NA
S003_MINIONCE_4343	130	Picture	129_T_FFTRIAD_FF_gafas_red.png	7056570	43199	1	1900	2	43200	1800
S003_MINIONCE_4343	131	Picture	FF	7058870	0	2	43100	3	0	43200
S003_MINIONCE_4343	131	Response	52	7073936	15066	1
S003_MINIONCE_4343	131	Pulse	99	7079562	20692	NA
S003_MINIONCE_4343	131	Port Input	1	7079562	20692	NA
S003_MINIONCE_4343	131	Picture	130_T_FFTRIAD_FF_botella_red.png	7101970	43100	1	1900	2	43200	1800
S003_MINIONCE_4343	132	Picture	rest	7103970	0	1	144100	2	0	144000
S003_MINIONCE_4343	132	Pulse	99	7115563	11593	NA
S003_MINIONCE_4343	132	Port Input	1	7115563	11593	NA
S003_MINIONCE_4343	132	Pulse	99	7151564	47594	NA
S003_MINIONCE_4343	132	Port Input	1	7151564	47594	NA
S003_MINIONCE_4343	132	Pulse	99	7187565	83595	NA
S003_MINIONCE_4343	132	Port Input	1	7187565	83595	NA
S003_MINIONCE_4343	132	Pulse	99	7223566	119596	NA
S003_MINIONCE_4343	132	Port Input	1	7223566	119596	NA
S003_MINIONCE_4343	133	Picture	endrest	7248170	0	1	10100	2	0	10000
S003_MINIONCE_4343	134	Picture	PW	7258470	0	1	43199	2	0	43200
S003_MINIONCE_4343	134	Pulse	99	7259567	1097	NA
S003_MINIONCE_4343	134	Port Input	1	7259567	1097	NA
S003_MINIONCE_4343	134	Response	51	7280777	22307	1
S003_MINIONCE_4343	134	Pulse	99	7295568	37098	NA
S003_MINIONCE_4343	134	Port Input	1	7295568	37098	NA
S003_MINIONCE_4343	134	Picture	133_T_PWTRIAD_PW_dado_red.png	7301669	43199	1	1900	2	43200	1800
S003_MINIONCE_4343	135	Picture	PW	7303869	0	1	43200	2	0	43200
S003_MINIONCE_4343	135	Response	52	7322783	18914	1
S003_MINIONCE_4343	135	Pulse	99	7331569	27700	NA
S003_MINIONCE_4343	135	Port Input	1	7331569	27700	NA
S003_MINIONCE_4343	135	Picture	134_T_PWTRIAD_PW_pluma_red.png	7347069	43200	1	1900	2	43200	1800
S003_MINIONCE_4343	136	Picture	PW	7349369	0	1	43100	2	0	43200
S003_MINIONCE_4343	136	Pulse	99	7367570	18201	NA
S003_MINIONCE_4343	136	Port Input	1	7367570	18201	NA
S003_MINIONCE_4343	136	Response	52	7371164	21795	1
S003_MINIONCE_4343	136	Picture	135_T_PWTRIAD_PW_iglu_red.png	7392469	43100	1	1900	2	43200	1800
S003_MINIONCE_4343	137	Picture	PW	7394769	0	1	43100	2	0	43200
S003_MINIONCE_4343	137	Pulse	99	7403571	8802	NA
S003_MINIONCE_4343	137	Port Input	1	7403571	8802	NA
S003_MINIONCE_4343	137	Response	51	7433642	38873	1
S003_MINIONCE_4343	137	Picture	136_T_PWTRIAD_PW_ascensor_red.png	7437869	43100	1	1900	2	43200	1800
S003_MINIONCE_4343	137	Pulse	99	7439572	44803	NA
S003_MINIONCE_4343	137	Port Input	1	7439572	44803	NA
S003_MINIONCE_4343	138	Picture	rest	7439869	0	1	144099	2	0	144000
S003_MINIONCE_4343	138	Pulse	99	7475573	35704	NA
S003_MINIONCE_4343	138	Port Input	1	7475573	35704	NA
S003_MINIONCE_4343	139	Picture	endrest	7584068	0	1	10100	2	0	10000
S003_MINIONCE_4343	140	Picture	endrest	7594268	0	1	10100	2	0	10000
S003_MINIONCE_4343	141	Picture	endrest	7604468	0	1	10100	2	0	10000
S003_MINIONCE_4343	142	Picture	endrest	7614668	0	1	10100	2	0	10000
