Scenario - vOT_Triads_fMRI_I
Logfile written - 06/10/2015 17:17:39

Subject	Trial	Event Type	Code	Time	TTime	Uncertainty	Duration	Uncertainty	ReqTime	ReqDur

S003_MINIONCE_4343	1	Response	98	272158	281858	2
S003_MINIONCE_4343	2	Response	52	357572	85374	1
S003_MINIONCE_4343	2	Response	98	364543	92345	1
S003_MINIONCE_4343	3	Response	51	425623	61025	1
S003_MINIONCE_4343	3	Response	98	451185	86587	1
S003_MINIONCE_4343	4	Response	52	513943	62646	1
S003_MINIONCE_4343	4	Response	98	570015	118718	2
S003_MINIONCE_4343	6	Pulse	99	778496	208399	NA
S003_MINIONCE_4343	6	Port Input	1	778496	208399	NA
S003_MINIONCE_4343	6	Pulse	99	814497	244400	NA
S003_MINIONCE_4343	6	Port Input	1	814497	244400	NA
S003_MINIONCE_4343	6	Pulse	99	850498	280401	NA
S003_MINIONCE_4343	6	Port Input	1	850498	280401	NA
S003_MINIONCE_4343	6	Pulse	99	886499	316402	NA
S003_MINIONCE_4343	6	Port Input	1	886499	316402	NA
S003_MINIONCE_4343	6	Pulse	99	922501	352404	NA
S003_MINIONCE_4343	6	Port Input	1	922501	352404	NA
S003_MINIONCE_4343	7	Picture	rest	922795	0	2	144100	3	0	144000
S003_MINIONCE_4343	7	Pulse	99	958502	35707	NA
S003_MINIONCE_4343	7	Port Input	1	958502	35707	NA
S003_MINIONCE_4343	7	Pulse	99	994503	71708	NA
S003_MINIONCE_4343	7	Port Input	1	994503	71708	NA
S003_MINIONCE_4343	7	Pulse	99	1030504	107709	NA
S003_MINIONCE_4343	7	Port Input	1	1030504	107709	NA
S003_MINIONCE_4343	7	Pulse	99	1066505	143710	NA
S003_MINIONCE_4343	7	Port Input	1	1066505	143710	NA
S003_MINIONCE_4343	8	Picture	endrest	1066995	0	1	10100	2	0	10000
S003_MINIONCE_4343	9	Picture	FF	1077295	0	1	43200	2	0	43200
S003_MINIONCE_4343	9	Response	52	1094872	17577	1
S003_MINIONCE_4343	9	Pulse	99	1102506	25211	NA
S003_MINIONCE_4343	9	Port Input	1	1102506	25211	NA
S003_MINIONCE_4343	9	Picture	3_T_FFTRIAD_FF_mono_red.png	1120495	43200	1	1900	2	43200	1800
S003_MINIONCE_4343	10	Picture	FF	1122595	0	1	43199	3	0	43200
S003_MINIONCE_4343	10	Pulse	99	1138507	15912	NA
S003_MINIONCE_4343	10	Port Input	1	1138507	15912	NA
S003_MINIONCE_4343	10	Response	51	1138972	16377	1
S003_MINIONCE_4343	10	Picture	4_T_FFTRIAD_FF_oruga_red.png	1165794	43199	2	1900	4	43200	1800
S003_MINIONCE_4343	11	Picture	FF	1167895	0	1	43199	2	0	43200
S003_MINIONCE_4343	11	Pulse	99	1174508	6613	NA
S003_MINIONCE_4343	11	Port Input	1	1174508	6613	NA
S003_MINIONCE_4343	11	Response	52	1184015	16120	2
S003_MINIONCE_4343	11	Pulse	99	1210509	42614	NA
S003_MINIONCE_4343	11	Port Input	1	1210509	42614	NA
S003_MINIONCE_4343	11	Picture	5_T_FFTRIAD_FF_manos_red.png	1211094	43199	1	1900	2	43200	1800
S003_MINIONCE_4343	12	Picture	FF	1213394	0	1	43100	2	0	43200
S003_MINIONCE_4343	12	Response	51	1230827	17433	1
S003_MINIONCE_4343	12	Pulse	99	1246510	33116	NA
S003_MINIONCE_4343	12	Port Input	1	1246510	33116	NA
S003_MINIONCE_4343	12	Picture	6_T_FFTRIAD_FF_grifo_red.png	1256494	43100	1	1900	2	43200	1800
S003_MINIONCE_4343	13	Picture	RW	1258694	0	1	43200	2	0	43200
S003_MINIONCE_4343	13	Response	52	1273475	14781	2
S003_MINIONCE_4343	13	Pulse	99	1282511	23817	NA
S003_MINIONCE_4343	13	Port Input	1	1282511	23817	NA
S003_MINIONCE_4343	13	Picture	7_T_RWTRIAD_RW_arco_red.png	1301894	43200	1	1900	2	43200	1800
S003_MINIONCE_4343	14	Picture	RW	1303994	0	1	43200	2	0	43200
S003_MINIONCE_4343	14	Pulse	99	1318512	14518	NA
S003_MINIONCE_4343	14	Port Input	1	1318512	14518	NA
S003_MINIONCE_4343	14	Response	51	1320173	16179	1
S003_MINIONCE_4343	14	Picture	8_T_RWTRIAD_RW_pizarra_red.png	1347194	43200	1	1900	2	43200	1800
S003_MINIONCE_4343	15	Picture	RW	1349294	0	1	43200	2	0	43200
S003_MINIONCE_4343	15	Pulse	99	1354513	5219	NA
S003_MINIONCE_4343	15	Port Input	1	1354513	5219	NA
S003_MINIONCE_4343	15	Response	51	1366102	16808	1
S003_MINIONCE_4343	15	Pulse	99	1390514	41220	NA
S003_MINIONCE_4343	15	Port Input	1	1390514	41220	NA
S003_MINIONCE_4343	15	Picture	9_T_RWTRIAD_RW_botella_red.png	1392494	43200	1	1900	2	43200	1800
S003_MINIONCE_4343	16	Picture	RW	1394594	0	1	43199	3	0	43200
S003_MINIONCE_4343	16	Response	51	1411258	16664	1
S003_MINIONCE_4343	16	Pulse	99	1426515	31921	NA
S003_MINIONCE_4343	16	Port Input	1	1426515	31921	NA
S003_MINIONCE_4343	16	Picture	10_T_RWTRIAD_RW_dedal_red.png	1437793	43199	2	1900	3	43200	1800
S003_MINIONCE_4343	17	Picture	rest	1439793	0	1	144100	2	0	144000
S003_MINIONCE_4343	17	Pulse	99	1462516	22723	NA
S003_MINIONCE_4343	17	Port Input	1	1462516	22723	NA
S003_MINIONCE_4343	17	Pulse	99	1498518	58725	NA
S003_MINIONCE_4343	17	Port Input	1	1498518	58725	NA
S003_MINIONCE_4343	17	Pulse	99	1534519	94726	NA
S003_MINIONCE_4343	17	Port Input	1	1534519	94726	NA
S003_MINIONCE_4343	17	Pulse	99	1570520	130727	NA
S003_MINIONCE_4343	17	Port Input	1	1570520	130727	NA
S003_MINIONCE_4343	18	Picture	endrest	1583993	0	1	10100	2	0	10000
S003_MINIONCE_4343	19	Picture	PW	1594493	0	1	43100	2	0	43200
S003_MINIONCE_4343	19	Pulse	99	1606521	12028	NA
S003_MINIONCE_4343	19	Port Input	1	1606521	12028	NA
S003_MINIONCE_4343	19	Response	51	1629368	34875	1
S003_MINIONCE_4343	19	Picture	13_T_PWTRIAD_PW_teclado_red.png	1637593	43100	1	1900	2	43200	1800
S003_MINIONCE_4343	20	Picture	PW	1639693	0	1	43199	2	0	43200
S003_MINIONCE_4343	20	Pulse	99	1642522	2829	NA
S003_MINIONCE_4343	20	Port Input	1	1642522	2829	NA
S003_MINIONCE_4343	20	Response	51	1668683	28990	1
S003_MINIONCE_4343	20	Pulse	99	1678523	38830	NA
S003_MINIONCE_4343	20	Port Input	1	1678523	38830	NA
S003_MINIONCE_4343	20	Picture	14_T_PWTRIAD_PW_sombrilla_red.png	1682892	43199	1	1900	2	43200	1800
S003_MINIONCE_4343	21	Picture	PW	1684992	0	2	43200	3	0	43200
S003_MINIONCE_4343	21	Response	52	1711941	26949	2
S003_MINIONCE_4343	21	Pulse	99	1714524	29532	NA
S003_MINIONCE_4343	21	Port Input	1	1714524	29532	NA
S003_MINIONCE_4343	21	Picture	15_T_PWTRIAD_PW_murcielago_red.png	1728192	43200	1	1900	3	43200	1800
S003_MINIONCE_4343	22	Picture	PW	1730492	0	2	43100	4	0	43200
S003_MINIONCE_4343	22	Pulse	99	1750525	20033	NA
S003_MINIONCE_4343	22	Port Input	1	1750525	20033	NA
S003_MINIONCE_4343	22	Response	51	1755757	25265	1
S003_MINIONCE_4343	22	Picture	16_T_PWTRIAD_PW_arbol_red.png	1773592	43100	2	1900	3	43200	1800
S003_MINIONCE_4343	23	Picture	FF	1775692	0	1	43200	2	0	43200
S003_MINIONCE_4343	23	Pulse	99	1786526	10834	NA
S003_MINIONCE_4343	23	Port Input	1	1786526	10834	NA
S003_MINIONCE_4343	23	Response	52	1802447	26755	1
S003_MINIONCE_4343	23	Picture	17_T_FFTRIAD_FF_paracaidas_red.png	1818892	43200	1	1900	2	43200	1800
S003_MINIONCE_4343	24	Picture	FF	1820992	0	1	43199	3	0	43200
S003_MINIONCE_4343	24	Pulse	99	1822527	1535	NA
S003_MINIONCE_4343	24	Port Input	1	1822527	1535	NA
S003_MINIONCE_4343	24	Response	52	1838886	17894	1
S003_MINIONCE_4343	24	Pulse	99	1858528	37536	NA
S003_MINIONCE_4343	24	Port Input	1	1858528	37536	NA
S003_MINIONCE_4343	24	Picture	18_T_FFTRIAD_FF_destornillador_red.png	1864191	43199	2	1901	3	43200	1800
S003_MINIONCE_4343	25	Picture	FF	1866292	0	1	43199	3	0	43200
S003_MINIONCE_4343	25	Response	52	1884878	18586	1
S003_MINIONCE_4343	25	Pulse	99	1894529	28237	NA
S003_MINIONCE_4343	25	Port Input	1	1894529	28237	NA
S003_MINIONCE_4343	25	Picture	19_T_FFTRIAD_FF_paraguas_red.png	1909491	43199	2	1900	4	43200	1800
S003_MINIONCE_4343	26	Picture	FF	1911591	0	2	43200	3	0	43200
S003_MINIONCE_4343	26	Response	52	1930019	18428	2
S003_MINIONCE_4343	26	Pulse	99	1930530	18939	NA
S003_MINIONCE_4343	26	Port Input	1	1930530	18939	NA
S003_MINIONCE_4343	26	Picture	20_T_FFTRIAD_FF_pilas_red.png	1954791	43200	1	1900	2	43200	1800
S003_MINIONCE_4343	27	Picture	rest	1956791	0	1	144100	2	0	144000
S003_MINIONCE_4343	27	Pulse	99	1966531	9740	NA
S003_MINIONCE_4343	27	Port Input	1	1966531	9740	NA
S003_MINIONCE_4343	27	Pulse	99	2002532	45741	NA
S003_MINIONCE_4343	27	Port Input	1	2002532	45741	NA
S003_MINIONCE_4343	27	Pulse	99	2038533	81742	NA
S003_MINIONCE_4343	27	Port Input	1	2038533	81742	NA
S003_MINIONCE_4343	27	Pulse	99	2074534	117743	NA
S003_MINIONCE_4343	27	Port Input	1	2074534	117743	NA
S003_MINIONCE_4343	28	Picture	endrest	2100991	0	1	10100	2	0	10000
S003_MINIONCE_4343	28	Pulse	99	2110535	9544	NA
S003_MINIONCE_4343	28	Port Input	1	2110535	9544	NA
S003_MINIONCE_4343	29	Picture	FF	2111491	0	1	43099	3	0	43200
S003_MINIONCE_4343	29	Response	51	2128133	16642	1
S003_MINIONCE_4343	29	Pulse	99	2146536	35045	NA
S003_MINIONCE_4343	29	Port Input	1	2146536	35045	NA
S003_MINIONCE_4343	29	Picture	23_T_FFTRIAD_FF_dedal_red.png	2154590	43099	2	1900	4	43200	1800
S003_MINIONCE_4343	30	Picture	FF	2156690	0	1	43200	2	0	43200
S003_MINIONCE_4343	30	Response	51	2180250	23560	1
S003_MINIONCE_4343	30	Pulse	99	2182538	25848	NA
S003_MINIONCE_4343	30	Port Input	1	2182538	25848	NA
S003_MINIONCE_4343	30	Picture	24_T_FFTRIAD_FF_television_red.png	2199890	43200	1	1900	2	43200	1800
S003_MINIONCE_4343	31	Picture	FF	2201990	0	1	43200	2	0	43200
S003_MINIONCE_4343	31	Pulse	99	2218539	16549	NA
S003_MINIONCE_4343	31	Port Input	1	2218539	16549	NA
S003_MINIONCE_4343	31	Response	51	2229252	27262	1
S003_MINIONCE_4343	31	Picture	25_T_FFTRIAD_FF_portatil_red.png	2245190	43200	1	1900	2	43200	1800
S003_MINIONCE_4343	32	Picture	FF	2247290	0	1	43200	2	0	43200
S003_MINIONCE_4343	32	Pulse	99	2254540	7250	NA
S003_MINIONCE_4343	32	Port Input	1	2254540	7250	NA
S003_MINIONCE_4343	32	Response	51	2269191	21901	1
S003_MINIONCE_4343	32	Picture	26_T_FFTRIAD_FF_charco_red.png	2290490	43200	1	1900	2	43200	1800
S003_MINIONCE_4343	32	Pulse	99	2290541	43251	NA
S003_MINIONCE_4343	32	Port Input	1	2290541	43251	NA
S003_MINIONCE_4343	33	Picture	PW	2292590	0	1	43200	2	0	43200
S003_MINIONCE_4343	33	Response	51	2319949	27359	1
S003_MINIONCE_4343	33	Pulse	99	2326542	33952	NA
S003_MINIONCE_4343	33	Port Input	1	2326542	33952	NA
S003_MINIONCE_4343	33	Picture	27_T_PWTRIAD_PW_silla_red.png	2335790	43200	1	1900	2	43200	1800
S003_MINIONCE_4343	34	Picture	PW	2337890	0	1	43199	3	0	43200
S003_MINIONCE_4343	34	Pulse	99	2362543	24653	NA
S003_MINIONCE_4343	34	Port Input	1	2362543	24653	NA
S003_MINIONCE_4343	34	Response	52	2369807	31917	1
S003_MINIONCE_4343	34	Picture	28_T_PWTRIAD_PW_carruaje_red.png	2381089	43199	2	1900	4	43200	1800
S003_MINIONCE_4343	35	Picture	PW	2383189	0	2	43200	3	0	43200
S003_MINIONCE_4343	35	Pulse	99	2398544	15355	NA
S003_MINIONCE_4343	35	Port Input	1	2398544	15355	NA
S003_MINIONCE_4343	35	Response	51	2410711	27522	1
S003_MINIONCE_4343	35	Picture	29_T_PWTRIAD_PW_dedal_red.png	2426389	43200	1	1900	2	43200	1800
S003_MINIONCE_4343	36	Picture	PW	2428489	0	1	43200	2	0	43200
S003_MINIONCE_4343	36	Pulse	99	2434545	6056	NA
S003_MINIONCE_4343	36	Port Input	1	2434545	6056	NA
S003_MINIONCE_4343	36	Response	52	2454358	25869	1
S003_MINIONCE_4343	36	Pulse	99	2470546	42057	NA
S003_MINIONCE_4343	36	Port Input	1	2470546	42057	NA
S003_MINIONCE_4343	36	Picture	30_T_PWTRIAD_PW_queso_red.png	2471689	43200	1	1900	2	43200	1800
S003_MINIONCE_4343	37	Picture	rest	2473689	0	1	144099	3	0	144000
S003_MINIONCE_4343	37	Pulse	99	2506547	32858	NA
S003_MINIONCE_4343	37	Port Input	1	2506547	32858	NA
S003_MINIONCE_4343	37	Pulse	99	2542548	68859	NA
S003_MINIONCE_4343	37	Port Input	1	2542548	68859	NA
S003_MINIONCE_4343	37	Pulse	99	2578549	104860	NA
S003_MINIONCE_4343	37	Port Input	1	2578549	104860	NA
S003_MINIONCE_4343	37	Pulse	99	2614550	140861	NA
S003_MINIONCE_4343	37	Port Input	1	2614550	140861	NA
S003_MINIONCE_4343	38	Picture	endrest	2617889	0	1	10099	3	0	10000
S003_MINIONCE_4343	39	Picture	RW	2628188	0	2	43200	3	0	43200
S003_MINIONCE_4343	39	Response	52	2646406	18218	1
S003_MINIONCE_4343	39	Pulse	99	2650551	22363	NA
S003_MINIONCE_4343	39	Port Input	1	2650551	22363	NA
S003_MINIONCE_4343	39	Picture	33_T_RWTRIAD_RW_llave_red.png	2671388	43200	1	1900	2	43200	1800
S003_MINIONCE_4343	40	Picture	RW	2673488	0	1	43200	2	0	43200
S003_MINIONCE_4343	40	Pulse	99	2686552	13064	NA
S003_MINIONCE_4343	40	Port Input	1	2686552	13064	NA
S003_MINIONCE_4343	40	Response	52	2692691	19203	1
S003_MINIONCE_4343	40	Picture	34_T_RWTRIAD_RW_monja_red.png	2716688	43200	1	1900	2	43200	1800
S003_MINIONCE_4343	41	Picture	RW	2718788	0	1	43200	2	0	43200
S003_MINIONCE_4343	41	Pulse	99	2722553	3765	NA
S003_MINIONCE_4343	41	Port Input	1	2722553	3765	NA
S003_MINIONCE_4343	41	Response	52	2742168	23380	1
S003_MINIONCE_4343	41	Pulse	99	2758554	39766	NA
S003_MINIONCE_4343	41	Port Input	1	2758554	39766	NA
S003_MINIONCE_4343	41	Picture	35_T_RWTRIAD_RW_grapadora_red.png	2761988	43200	1	1900	2	43200	1800
S003_MINIONCE_4343	42	Picture	RW	2764288	0	1	43200	2	0	43200
S003_MINIONCE_4343	42	Response	52	2781976	17688	1
S003_MINIONCE_4343	42	Pulse	99	2794556	30268	NA
S003_MINIONCE_4343	42	Port Input	1	2794556	30268	NA
S003_MINIONCE_4343	42	Picture	36_T_RWTRIAD_RW_queso_red.png	2807488	43200	1	1900	2	43200	1800
S003_MINIONCE_4343	43	Picture	PW	2809788	0	1	43099	3	0	43200
S003_MINIONCE_4343	43	Pulse	99	2830557	20769	NA
S003_MINIONCE_4343	43	Port Input	1	2830557	20769	NA
S003_MINIONCE_4343	43	Response	52	2840310	30522	1
S003_MINIONCE_4343	43	Picture	37_T_PWTRIAD_PW_zanahoria_red.png	2852887	43099	2	1900	4	43200	1800
S003_MINIONCE_4343	44	Picture	PW	2854987	0	2	43200	3	0	43200
S003_MINIONCE_4343	44	Pulse	99	2866558	11571	NA
S003_MINIONCE_4343	44	Port Input	1	2866558	11571	NA
S003_MINIONCE_4343	44	Response	51	2884995	30008	1
S003_MINIONCE_4343	44	Picture	38_T_PWTRIAD_PW_lenador_red.png	2898187	43200	1	1900	2	43200	1800
S003_MINIONCE_4343	45	Picture	PW	2900287	0	1	43200	2	0	43200
S003_MINIONCE_4343	45	Pulse	99	2902559	2272	NA
S003_MINIONCE_4343	45	Port Input	1	2902559	2272	NA
S003_MINIONCE_4343	45	Response	52	2923416	23129	1
S003_MINIONCE_4343	45	Pulse	99	2938560	38273	NA
S003_MINIONCE_4343	45	Port Input	1	2938560	38273	NA
S003_MINIONCE_4343	45	Picture	39_T_PWTRIAD_PW_mono_red.png	2943487	43200	1	1900	2	43200	1800
S003_MINIONCE_4343	46	Picture	PW	2945587	0	1	43200	2	0	43200
S003_MINIONCE_4343	46	Response	51	2971290	25703	1
S003_MINIONCE_4343	46	Pulse	99	2974561	28974	NA
S003_MINIONCE_4343	46	Port Input	1	2974561	28974	NA
S003_MINIONCE_4343	46	Picture	40_T_PWTRIAD_PW_plato_red.png	2988787	43200	1	1900	2	43200	1800
S003_MINIONCE_4343	47	Picture	rest	2990787	0	1	144099	2	0	144000
S003_MINIONCE_4343	47	Pulse	99	3010562	19775	NA
S003_MINIONCE_4343	47	Port Input	1	3010562	19775	NA
S003_MINIONCE_4343	47	Pulse	99	3046563	55776	NA
S003_MINIONCE_4343	47	Port Input	1	3046563	55776	NA
S003_MINIONCE_4343	47	Pulse	99	3082564	91777	NA
S003_MINIONCE_4343	47	Port Input	1	3082564	91777	NA
S003_MINIONCE_4343	47	Pulse	99	3118565	127778	NA
S003_MINIONCE_4343	47	Port Input	1	3118565	127778	NA
S003_MINIONCE_4343	48	Picture	endrest	3134986	0	1	10100	2	0	10000
S003_MINIONCE_4343	49	Picture	FF	3145286	0	1	43200	2	0	43200
S003_MINIONCE_4343	49	Pulse	99	3154566	9280	NA
S003_MINIONCE_4343	49	Port Input	1	3154566	9280	NA
S003_MINIONCE_4343	49	Response	52	3164587	19301	1
S003_MINIONCE_4343	49	Picture	43_T_FFTRIAD_FF_cinturon_red.png	3188486	43200	1	1900	2	43200	1800
S003_MINIONCE_4343	49	Pulse	99	3190567	45281	NA
S003_MINIONCE_4343	49	Port Input	1	3190567	45281	NA
S003_MINIONCE_4343	50	Picture	FF	3190686	0	1	43200	2	0	43200
S003_MINIONCE_4343	50	Response	51	3208365	17679	2
S003_MINIONCE_4343	50	Pulse	99	3226568	35882	NA
S003_MINIONCE_4343	50	Port Input	1	3226568	35882	NA
S003_MINIONCE_4343	50	Picture	44_T_FFTRIAD_FF_arco_red.png	3233886	43200	1	1900	2	43200	1800
S003_MINIONCE_4343	51	Picture	FF	3235986	0	1	43200	2	0	43200
S003_MINIONCE_4343	51	Response	51	3258711	22725	2
S003_MINIONCE_4343	51	Pulse	99	3262569	26583	NA
S003_MINIONCE_4343	51	Port Input	1	3262569	26583	NA
S003_MINIONCE_4343	51	Picture	45_T_FFTRIAD_FF_candado_red.png	3279186	43200	1	1900	2	43200	1800
S003_MINIONCE_4343	52	Picture	FF	3281286	0	1	43200	2	0	43200
S003_MINIONCE_4343	52	Pulse	99	3298570	17284	NA
S003_MINIONCE_4343	52	Port Input	1	3298570	17284	NA
S003_MINIONCE_4343	52	Response	51	3301069	19783	1
S003_MINIONCE_4343	52	Picture	46_T_FFTRIAD_FF_granjero_red.png	3324486	43200	1	1900	2	43200	1800
S003_MINIONCE_4343	53	Picture	RW	3326586	0	1	43199	2	0	43200
S003_MINIONCE_4343	53	Pulse	99	3334571	7985	NA
S003_MINIONCE_4343	53	Port Input	1	3334571	7985	NA
S003_MINIONCE_4343	53	Response	51	3366542	39956	1
S003_MINIONCE_4343	53	Picture	47_T_RWTRIAD_RW_estetoscopio_red.png	3369785	43199	1	1900	2	43200	1800
S003_MINIONCE_4343	53	Pulse	99	3370572	43986	NA
S003_MINIONCE_4343	53	Port Input	1	3370572	43986	NA
S003_MINIONCE_4343	54	Picture	RW	3371885	0	1	43200	2	0	43200
S003_MINIONCE_4343	54	Response	51	3400006	28121	2
S003_MINIONCE_4343	54	Pulse	99	3406573	34688	NA
S003_MINIONCE_4343	54	Port Input	1	3406573	34688	NA
S003_MINIONCE_4343	54	Picture	48_T_RWTRIAD_RW_molino_red.png	3415085	43200	1	1900	2	43200	1800
S003_MINIONCE_4343	55	Picture	RW	3417185	0	1	43200	2	0	43200
S003_MINIONCE_4343	55	Pulse	99	3442575	25390	NA
S003_MINIONCE_4343	55	Port Input	1	3442575	25390	NA
S003_MINIONCE_4343	55	Response	52	3442645	25460	1
S003_MINIONCE_4343	55	Picture	49_T_RWTRIAD_RW_sombrilla_red.png	3460385	43200	1	1900	2	43200	1800
S003_MINIONCE_4343	56	Picture	RW	3462485	0	1	43200	2	0	43200
S003_MINIONCE_4343	56	Pulse	99	3478576	16091	NA
S003_MINIONCE_4343	56	Port Input	1	3478576	16091	NA
S003_MINIONCE_4343	56	Response	51	3484519	22034	1
S003_MINIONCE_4343	56	Picture	50_T_RWTRIAD_RW_grifo_red.png	3505685	43200	1	1900	2	43200	1800
S003_MINIONCE_4343	57	Picture	rest	3507685	0	1	144099	2	0	144000
S003_MINIONCE_4343	57	Pulse	99	3514577	6892	NA
S003_MINIONCE_4343	57	Port Input	1	3514577	6892	NA
S003_MINIONCE_4343	57	Pulse	99	3550578	42893	NA
S003_MINIONCE_4343	57	Port Input	1	3550578	42893	NA
S003_MINIONCE_4343	57	Pulse	99	3586579	78894	NA
S003_MINIONCE_4343	57	Port Input	1	3586579	78894	NA
S003_MINIONCE_4343	57	Pulse	99	3622580	114895	NA
S003_MINIONCE_4343	57	Port Input	1	3622580	114895	NA
S003_MINIONCE_4343	58	Picture	endrest	3651884	0	1	10100	2	0	10000
S003_MINIONCE_4343	58	Pulse	99	3658581	6697	NA
S003_MINIONCE_4343	58	Port Input	1	3658581	6697	NA
S003_MINIONCE_4343	59	Picture	FF	3662184	0	1	43200	2	0	43200
S003_MINIONCE_4343	59	Response	52	3678777	16593	2
S003_MINIONCE_4343	59	Pulse	99	3694582	32398	NA
S003_MINIONCE_4343	59	Port Input	1	3694582	32398	NA
S003_MINIONCE_4343	59	Picture	53_T_FFTRIAD_FF_raton_red.png	3705384	43200	1	1900	2	43200	1800
S003_MINIONCE_4343	60	Picture	FF	3707584	0	1	43100	2	0	43200
S003_MINIONCE_4343	60	Response	52	3727683	20099	1
S003_MINIONCE_4343	60	Pulse	99	3730583	22999	NA
S003_MINIONCE_4343	60	Port Input	1	3730583	22999	NA
S003_MINIONCE_4343	60	Picture	54_T_FFTRIAD_FF_policia_red.png	3750684	43100	1	1900	2	43200	1800
S003_MINIONCE_4343	61	Picture	FF	3752784	0	1	43199	3	0	43200
S003_MINIONCE_4343	61	Pulse	99	3766584	13800	NA
S003_MINIONCE_4343	61	Port Input	1	3766584	13800	NA
S003_MINIONCE_4343	61	Response	51	3771128	18344	1
S003_MINIONCE_4343	61	Picture	55_T_FFTRIAD_FF_estetoscopio_red.png	3795983	43199	2	1900	4	43200	1800
S003_MINIONCE_4343	62	Picture	FF	3798084	0	1	43199	2	0	43200
S003_MINIONCE_4343	62	Pulse	99	3802585	4501	NA
S003_MINIONCE_4343	62	Port Input	1	3802585	4501	NA
S003_MINIONCE_4343	62	Response	51	3816993	18909	1
S003_MINIONCE_4343	62	Pulse	99	3838586	40502	NA
S003_MINIONCE_4343	62	Port Input	1	3838586	40502	NA
S003_MINIONCE_4343	62	Picture	56_T_FFTRIAD_FF_arbol_red.png	3841283	43199	1	1900	2	43200	1800
S003_MINIONCE_4343	63	Picture	PW	3843383	0	1	43200	2	0	43200
S003_MINIONCE_4343	63	Response	52	3864896	21513	1
S003_MINIONCE_4343	63	Pulse	99	3874587	31204	NA
S003_MINIONCE_4343	63	Port Input	1	3874587	31204	NA
S003_MINIONCE_4343	63	Picture	57_T_PWTRIAD_PW_monja_red.png	3886583	43200	1	1900	2	43200	1800
S003_MINIONCE_4343	64	Picture	PW	3888683	0	1	43200	2	0	43200
S003_MINIONCE_4343	64	Pulse	99	3910588	21905	NA
S003_MINIONCE_4343	64	Port Input	1	3910588	21905	NA
S003_MINIONCE_4343	64	Response	52	3918864	30181	1
S003_MINIONCE_4343	64	Picture	58_T_PWTRIAD_PW_huevos_red.png	3931883	43200	1	1900	2	43200	1800
S003_MINIONCE_4343	65	Picture	PW	3933983	0	1	43200	2	0	43200
S003_MINIONCE_4343	65	Pulse	99	3946589	12606	NA
S003_MINIONCE_4343	65	Port Input	1	3946589	12606	NA
S003_MINIONCE_4343	65	Response	51	3963640	29657	1
S003_MINIONCE_4343	65	Picture	59_T_PWTRIAD_PW_piramide_red.png	3977183	43200	1	1900	2	43200	1800
S003_MINIONCE_4343	66	Picture	PW	3979283	0	1	43199	3	0	43200
S003_MINIONCE_4343	66	Pulse	99	3982590	3307	NA
S003_MINIONCE_4343	66	Port Input	1	3982590	3307	NA
S003_MINIONCE_4343	66	Response	52	4011804	32521	1
S003_MINIONCE_4343	66	Pulse	99	4018591	39308	NA
S003_MINIONCE_4343	66	Port Input	1	4018591	39308	NA
S003_MINIONCE_4343	66	Picture	60_T_PWTRIAD_PW_ancla_red.png	4022482	43199	2	1901	3	43200	1800
S003_MINIONCE_4343	67	Picture	rest	4024483	0	1	144099	2	0	144000
S003_MINIONCE_4343	67	Pulse	99	4054592	30109	NA
S003_MINIONCE_4343	67	Port Input	1	4054592	30109	NA
S003_MINIONCE_4343	67	Pulse	99	4090594	66111	NA
S003_MINIONCE_4343	67	Port Input	1	4090594	66111	NA
S003_MINIONCE_4343	67	Pulse	99	4126595	102112	NA
S003_MINIONCE_4343	67	Port Input	1	4126595	102112	NA
S003_MINIONCE_4343	67	Pulse	99	4162596	138113	NA
S003_MINIONCE_4343	67	Port Input	1	4162596	138113	NA
S003_MINIONCE_4343	68	Picture	endrest	4168682	0	1	10100	2	0	10000
S003_MINIONCE_4343	69	Picture	RW	4178982	0	1	43200	2	0	43200
S003_MINIONCE_4343	69	Pulse	99	4198597	19615	NA
S003_MINIONCE_4343	69	Port Input	1	4198597	19615	NA
S003_MINIONCE_4343	69	Response	52	4199955	20973	2
S003_MINIONCE_4343	69	Picture	63_T_RWTRIAD_RW_carruaje_red.png	4222182	43200	1	1900	2	43200	1800
S003_MINIONCE_4343	70	Picture	RW	4224282	0	1	43199	3	0	43200
S003_MINIONCE_4343	70	Pulse	99	4234598	10316	NA
S003_MINIONCE_4343	70	Port Input	1	4234598	10316	NA
S003_MINIONCE_4343	70	Response	52	4247340	23058	1
S003_MINIONCE_4343	70	Picture	64_T_RWTRIAD_RW_agua_red.png	4267481	43199	2	1900	4	43200	1800
S003_MINIONCE_4343	71	Picture	RW	4269581	0	2	43200	3	0	43200
S003_MINIONCE_4343	71	Pulse	99	4270599	1018	NA
S003_MINIONCE_4343	71	Port Input	1	4270599	1018	NA
S003_MINIONCE_4343	71	Response	52	4294477	24896	1
S003_MINIONCE_4343	71	Pulse	99	4306600	37019	NA
S003_MINIONCE_4343	71	Port Input	1	4306600	37019	NA
S003_MINIONCE_4343	71	Picture	65_T_RWTRIAD_RW_pluma_red.png	4312781	43200	1	1900	2	43200	1800
S003_MINIONCE_4343	72	Picture	RW	4314881	0	1	43200	2	0	43200
S003_MINIONCE_4343	72	Response	51	4338407	23526	1
S003_MINIONCE_4343	72	Pulse	99	4342601	27720	NA
S003_MINIONCE_4343	72	Port Input	1	4342601	27720	NA
S003_MINIONCE_4343	72	Picture	66_T_RWTRIAD_RW_telarana_red.png	4358081	43200	1	1900	2	43200	1800
S003_MINIONCE_4343	73	Picture	PW	4360181	0	1	43200	2	0	43200
S003_MINIONCE_4343	73	Pulse	99	4378602	18421	NA
S003_MINIONCE_4343	73	Port Input	1	4378602	18421	NA
S003_MINIONCE_4343	73	Response	52	4393505	33324	1
S003_MINIONCE_4343	73	Picture	67_T_PWTRIAD_PW_telarana_red.png	4403381	43200	1	1900	2	43200	1800
S003_MINIONCE_4343	74	Picture	PW	4405681	0	1	43200	2	0	43200
S003_MINIONCE_4343	74	Pulse	99	4414603	8922	NA
S003_MINIONCE_4343	74	Port Input	1	4414603	8922	NA
S003_MINIONCE_4343	74	Response	51	4436050	30369	1
S003_MINIONCE_4343	74	Picture	68_T_PWTRIAD_PW_pincel_red.png	4448881	43200	1	1900	2	43200	1800
S003_MINIONCE_4343	74	Pulse	99	4450604	44923	NA
S003_MINIONCE_4343	74	Port Input	1	4450604	44923	NA
S003_MINIONCE_4343	75	Picture	PW	4450981	0	1	43200	2	0	43200
S003_MINIONCE_4343	75	Response	51	4479561	28580	1
S003_MINIONCE_4343	75	Pulse	99	4486605	35624	NA
S003_MINIONCE_4343	75	Port Input	1	4486605	35624	NA
S003_MINIONCE_4343	75	Picture	69_T_PWTRIAD_PW_cortina_red.png	4494181	43200	1	1900	2	43200	1800
S003_MINIONCE_4343	76	Picture	PW	4496281	0	1	43199	2	0	43200
S003_MINIONCE_4343	76	Pulse	99	4522606	26325	NA
S003_MINIONCE_4343	76	Port Input	1	4522606	26325	NA
S003_MINIONCE_4343	76	Response	51	4527515	31234	1
S003_MINIONCE_4343	76	Picture	70_T_PWTRIAD_PW_llave_red.png	4539480	43199	1	1900	2	43200	1800
S003_MINIONCE_4343	77	Picture	rest	4541480	0	1	144100	2	0	144000
S003_MINIONCE_4343	77	Pulse	99	4558607	17127	NA
S003_MINIONCE_4343	77	Port Input	1	4558607	17127	NA
S003_MINIONCE_4343	77	Pulse	99	4594608	53128	NA
S003_MINIONCE_4343	77	Port Input	1	4594608	53128	NA
S003_MINIONCE_4343	77	Pulse	99	4630609	89129	NA
S003_MINIONCE_4343	77	Port Input	1	4630609	89129	NA
S003_MINIONCE_4343	77	Pulse	99	4666610	125130	NA
S003_MINIONCE_4343	77	Port Input	1	4666610	125130	NA
S003_MINIONCE_4343	78	Picture	endrest	4685680	0	1	10100	2	0	10000
S003_MINIONCE_4343	79	Picture	RW	4695980	0	1	43199	3	0	43200
S003_MINIONCE_4343	79	Pulse	99	4702611	6631	NA
S003_MINIONCE_4343	79	Port Input	1	4702611	6631	NA
S003_MINIONCE_4343	79	Response	51	4719393	23413	1
S003_MINIONCE_4343	79	Pulse	99	4738612	42632	NA
S003_MINIONCE_4343	79	Port Input	1	4738612	42632	NA
S003_MINIONCE_4343	79	Picture	73_T_RWTRIAD_RW_iglu_red.png	4739179	43199	2	1900	4	43200	1800
S003_MINIONCE_4343	80	Picture	RW	4741279	0	2	43200	3	0	43200
S003_MINIONCE_4343	80	Response	52	4760189	18910	1
S003_MINIONCE_4343	80	Pulse	99	4774613	33334	NA
S003_MINIONCE_4343	80	Port Input	1	4774613	33334	NA
S003_MINIONCE_4343	80	Picture	74_T_RWTRIAD_RW_plato_red.png	4784479	43200	1	1900	2	43200	1800
S003_MINIONCE_4343	81	Picture	RW	4786579	0	1	43200	2	0	43200
S003_MINIONCE_4343	81	Response	52	4809879	23300	1
S003_MINIONCE_4343	81	Pulse	99	4810615	24036	NA
S003_MINIONCE_4343	81	Port Input	1	4810615	24036	NA
S003_MINIONCE_4343	81	Picture	75_T_RWTRIAD_RW_tijera_red.png	4829779	43200	1	1900	2	43200	1800
S003_MINIONCE_4343	82	Picture	RW	4831879	0	1	43200	2	0	43200
S003_MINIONCE_4343	82	Pulse	99	4846616	14737	NA
S003_MINIONCE_4343	82	Port Input	1	4846616	14737	NA
S003_MINIONCE_4343	82	Response	51	4861633	29754	1
S003_MINIONCE_4343	82	Picture	76_T_RWTRIAD_RW_tenedor_red.png	4875079	43200	1	1900	2	43200	1800
S003_MINIONCE_4343	83	Picture	PW	4877379	0	1	43100	2	0	43200
S003_MINIONCE_4343	83	Pulse	99	4882617	5238	NA
S003_MINIONCE_4343	83	Port Input	1	4882617	5238	NA
S003_MINIONCE_4343	83	Response	51	4905734	28355	1
S003_MINIONCE_4343	83	Pulse	99	4918618	41239	NA
S003_MINIONCE_4343	83	Port Input	1	4918618	41239	NA
S003_MINIONCE_4343	83	Picture	77_T_PWTRIAD_PW_madera_red.png	4920479	43100	1	1900	2	43200	1800
S003_MINIONCE_4343	84	Picture	PW	4922579	0	1	43199	3	0	43200
S003_MINIONCE_4343	84	Response	52	4950693	28114	1
S003_MINIONCE_4343	84	Pulse	99	4954619	32040	NA
S003_MINIONCE_4343	84	Port Input	1	4954619	32040	NA
S003_MINIONCE_4343	84	Picture	78_T_PWTRIAD_PW_granjero_red.png	4965778	43199	2	1900	4	43200	1800
S003_MINIONCE_4343	85	Picture	PW	4967878	0	2	43200	3	0	43200
S003_MINIONCE_4343	85	Pulse	99	4990620	22742	NA
S003_MINIONCE_4343	85	Port Input	1	4990620	22742	NA
S003_MINIONCE_4343	85	Response	52	4994643	26765	1
S003_MINIONCE_4343	85	Picture	79_T_PWTRIAD_PW_cuento_red.png	5011078	43200	1	1900	2	43200	1800
S003_MINIONCE_4343	86	Picture	PW	5013178	0	1	43200	2	0	43200
S003_MINIONCE_4343	86	Pulse	99	5026621	13443	NA
S003_MINIONCE_4343	86	Port Input	1	5026621	13443	NA
S003_MINIONCE_4343	86	Response	51	5040825	27647	1
S003_MINIONCE_4343	86	Picture	80_T_PWTRIAD_PW_futbol_red.png	5056378	43200	1	1900	2	43200	1800
S003_MINIONCE_4343	87	Picture	rest	5058378	0	1	144099	3	0	144000
S003_MINIONCE_4343	87	Pulse	99	5062622	4244	NA
S003_MINIONCE_4343	87	Port Input	1	5062622	4244	NA
S003_MINIONCE_4343	87	Pulse	99	5098623	40245	NA
S003_MINIONCE_4343	87	Port Input	1	5098623	40245	NA
S003_MINIONCE_4343	87	Pulse	99	5134624	76246	NA
S003_MINIONCE_4343	87	Port Input	1	5134624	76246	NA
S003_MINIONCE_4343	87	Pulse	99	5170625	112247	NA
S003_MINIONCE_4343	87	Port Input	1	5170625	112247	NA
S003_MINIONCE_4343	88	Picture	endrest	5202577	0	2	10100	4	0	10000
S003_MINIONCE_4343	88	Pulse	99	5206626	4049	NA
S003_MINIONCE_4343	88	Port Input	1	5206626	4049	NA
S003_MINIONCE_4343	89	Picture	FF	5213077	0	1	43100	3	0	43200
S003_MINIONCE_4343	89	Response	51	5229443	16366	1
S003_MINIONCE_4343	89	Pulse	99	5242627	29550	NA
S003_MINIONCE_4343	89	Port Input	1	5242627	29550	NA
S003_MINIONCE_4343	89	Picture	83_T_FFTRIAD_FF_traje_red.png	5256177	43100	2	1900	3	43200	1800
S003_MINIONCE_4343	90	Picture	FF	5258377	0	2	43100	3	0	43200
S003_MINIONCE_4343	90	Response	52	5276052	17675	1
S003_MINIONCE_4343	90	Pulse	99	5278628	20251	NA
S003_MINIONCE_4343	90	Port Input	1	5278628	20251	NA
S003_MINIONCE_4343	90	Picture	84_T_FFTRIAD_FF_murcielago_red.png	5301477	43100	1	1900	2	43200	1800
S003_MINIONCE_4343	91	Picture	FF	5303777	0	1	43100	2	0	43200
S003_MINIONCE_4343	91	Pulse	99	5314629	10852	NA
S003_MINIONCE_4343	91	Port Input	1	5314629	10852	NA
S003_MINIONCE_4343	91	Response	51	5319859	16082	1
S003_MINIONCE_4343	91	Picture	85_T_FFTRIAD_FF_cortina_red.png	5346877	43100	1	1899	3	43200	1800
S003_MINIONCE_4343	92	Picture	FF	5348976	0	2	43201	3	0	43200
S003_MINIONCE_4343	92	Pulse	99	5350630	1654	NA
S003_MINIONCE_4343	92	Port Input	1	5350630	1654	NA
S003_MINIONCE_4343	92	Response	51	5374225	25249	1
S003_MINIONCE_4343	92	Pulse	99	5386631	37655	NA
S003_MINIONCE_4343	92	Port Input	1	5386631	37655	NA
S003_MINIONCE_4343	92	Picture	86_T_FFTRIAD_FF_tenedor_red.png	5392177	43201	1	1900	2	43200	1800
S003_MINIONCE_4343	93	Picture	RW	5394277	0	1	43199	3	0	43200
S003_MINIONCE_4343	93	Response	52	5410724	16447	1
S003_MINIONCE_4343	93	Pulse	99	5422632	28355	NA
S003_MINIONCE_4343	93	Port Input	1	5422632	28355	NA
S003_MINIONCE_4343	93	Picture	87_T_RWTRIAD_RW_cuento_red.png	5437476	43199	2	1900	4	43200	1800
S003_MINIONCE_4343	94	Picture	RW	5439576	0	1	43200	2	0	43200
S003_MINIONCE_4343	94	Response	51	5457799	18223	1
S003_MINIONCE_4343	94	Pulse	99	5458634	19058	NA
S003_MINIONCE_4343	94	Port Input	1	5458634	19058	NA
S003_MINIONCE_4343	94	Picture	88_T_RWTRIAD_RW_bala_red.png	5482776	43200	1	1900	2	43200	1800
S003_MINIONCE_4343	95	Picture	RW	5484876	0	1	43200	2	0	43200
S003_MINIONCE_4343	95	Pulse	99	5494635	9759	NA
S003_MINIONCE_4343	95	Port Input	1	5494635	9759	NA
S003_MINIONCE_4343	95	Response	51	5503836	18960	1
S003_MINIONCE_4343	95	Picture	89_T_RWTRIAD_RW_paracaidas_red.png	5528076	43200	1	1900	2	43200	1800
S003_MINIONCE_4343	96	Picture	RW	5530176	0	1	43200	2	0	43200
S003_MINIONCE_4343	96	Pulse	99	5530636	460	NA
S003_MINIONCE_4343	96	Port Input	1	5530636	460	NA
S003_MINIONCE_4343	96	Response	52	5546787	16611	1
S003_MINIONCE_4343	96	Pulse	99	5566637	36461	NA
S003_MINIONCE_4343	96	Port Input	1	5566637	36461	NA
S003_MINIONCE_4343	96	Picture	90_T_RWTRIAD_RW_esquimal_red.png	5573376	43200	1	1900	2	43200	1800
S003_MINIONCE_4343	97	Picture	rest	5575376	0	1	144099	2	0	144000
S003_MINIONCE_4343	97	Pulse	99	5602638	27262	NA
S003_MINIONCE_4343	97	Port Input	1	5602638	27262	NA
S003_MINIONCE_4343	97	Pulse	99	5638639	63263	NA
S003_MINIONCE_4343	97	Port Input	1	5638639	63263	NA
S003_MINIONCE_4343	97	Pulse	99	5674640	99264	NA
S003_MINIONCE_4343	97	Port Input	1	5674640	99264	NA
S003_MINIONCE_4343	97	Pulse	99	5710641	135265	NA
S003_MINIONCE_4343	97	Port Input	1	5710641	135265	NA
S003_MINIONCE_4343	98	Picture	endrest	5719575	0	1	10100	2	0	10000
S003_MINIONCE_4343	99	Picture	PW	5729875	0	1	43200	2	0	43200
S003_MINIONCE_4343	99	Pulse	99	5746642	16767	NA
S003_MINIONCE_4343	99	Port Input	1	5746642	16767	NA
S003_MINIONCE_4343	99	Response	51	5751702	21827	1
S003_MINIONCE_4343	99	Picture	93_T_PWTRIAD_PW_bala_red.png	5773075	43200	1	1900	2	43200	1800
S003_MINIONCE_4343	100	Picture	PW	5775175	0	1	43200	2	0	43200
S003_MINIONCE_4343	100	Pulse	99	5782643	7468	NA
S003_MINIONCE_4343	100	Port Input	1	5782643	7468	NA
S003_MINIONCE_4343	100	Response	51	5799438	24263	1
S003_MINIONCE_4343	100	Picture	94_T_PWTRIAD_PW_pilas_red.png	5818375	43200	1	1900	2	43200	1800
S003_MINIONCE_4343	100	Pulse	99	5818644	43469	NA
S003_MINIONCE_4343	100	Port Input	1	5818644	43469	NA
S003_MINIONCE_4343	101	Picture	PW	5820675	0	1	43100	2	0	43200
S003_MINIONCE_4343	101	Pulse	99	5854645	33970	NA
S003_MINIONCE_4343	101	Port Input	1	5854645	33970	NA
S003_MINIONCE_4343	101	Response	52	5856617	35942	1
S003_MINIONCE_4343	101	Picture	95_T_PWTRIAD_PW_almohada_red.png	5863775	43100	1	1900	2	43200	1800
S003_MINIONCE_4343	102	Picture	PW	5865875	0	1	43199	2	0	43200
S003_MINIONCE_4343	102	Pulse	99	5890646	24771	NA
S003_MINIONCE_4343	102	Port Input	1	5890646	24771	NA
S003_MINIONCE_4343	102	Response	51	5892060	26185	2
S003_MINIONCE_4343	102	Picture	96_T_PWTRIAD_PW_sapo_red.png	5909074	43199	1	1900	3	43200	1800
S003_MINIONCE_4343	103	Picture	RW	5911174	0	1	43200	2	0	43200
S003_MINIONCE_4343	103	Pulse	99	5926647	15473	NA
S003_MINIONCE_4343	103	Port Input	1	5926647	15473	NA
S003_MINIONCE_4343	103	Response	51	5934024	22850	2
S003_MINIONCE_4343	103	Picture	97_T_RWTRIAD_RW_zanahoria_red.png	5954374	43200	1	1900	2	43200	1800
S003_MINIONCE_4343	104	Picture	RW	5956474	0	1	43200	2	0	43200
S003_MINIONCE_4343	104	Pulse	99	5962648	6174	NA
S003_MINIONCE_4343	104	Port Input	1	5962648	6174	NA
S003_MINIONCE_4343	104	Response	51	5976789	20315	1
S003_MINIONCE_4343	104	Pulse	99	5998649	42175	NA
S003_MINIONCE_4343	104	Port Input	1	5998649	42175	NA
S003_MINIONCE_4343	104	Picture	98_T_RWTRIAD_RW_lechuga_red.png	5999674	43200	1	1900	2	43200	1800
S003_MINIONCE_4343	105	Picture	RW	6001974	0	1	43200	2	0	43200
S003_MINIONCE_4343	105	Response	52	6019082	17108	1
S003_MINIONCE_4343	105	Pulse	99	6034650	32676	NA
S003_MINIONCE_4343	105	Port Input	1	6034650	32676	NA
S003_MINIONCE_4343	105	Picture	99_T_RWTRIAD_RW_sobre_red.png	6045174	43200	1	1900	2	43200	1800
S003_MINIONCE_4343	106	Picture	RW	6047274	0	1	43200	2	0	43200
S003_MINIONCE_4343	106	Response	51	6069755	22481	1
S003_MINIONCE_4343	106	Pulse	99	6070651	23377	NA
S003_MINIONCE_4343	106	Port Input	1	6070651	23377	NA
S003_MINIONCE_4343	106	Picture	100_T_RWTRIAD_RW_charco_red.png	6090474	43200	1	1900	2	43200	1800
S003_MINIONCE_4343	107	Picture	rest	6092474	0	1	144099	2	0	144000
S003_MINIONCE_4343	107	Pulse	99	6106652	14178	NA
S003_MINIONCE_4343	107	Port Input	1	6106652	14178	NA
S003_MINIONCE_4343	107	Pulse	99	6142654	50180	NA
S003_MINIONCE_4343	107	Port Input	1	6142654	50180	NA
S003_MINIONCE_4343	107	Pulse	99	6178655	86181	NA
S003_MINIONCE_4343	107	Port Input	1	6178655	86181	NA
S003_MINIONCE_4343	107	Pulse	99	6214656	122182	NA
S003_MINIONCE_4343	107	Port Input	1	6214656	122182	NA
S003_MINIONCE_4343	108	Picture	endrest	6236673	0	1	10100	2	0	10000
S003_MINIONCE_4343	109	Picture	PW	6246973	0	1	43200	2	0	43200
S003_MINIONCE_4343	109	Pulse	99	6250657	3684	NA
S003_MINIONCE_4343	109	Port Input	1	6250657	3684	NA
S003_MINIONCE_4343	109	Response	52	6272642	25669	2
S003_MINIONCE_4343	109	Pulse	99	6286658	39685	NA
S003_MINIONCE_4343	109	Port Input	1	6286658	39685	NA
S003_MINIONCE_4343	109	Picture	103_T_PWTRIAD_PW_raton_red.png	6290173	43200	1	1900	2	43200	1800
S003_MINIONCE_4343	110	Picture	PW	6292373	0	1	43100	2	0	43200
S003_MINIONCE_4343	110	Response	51	6316678	24305	2
S003_MINIONCE_4343	110	Pulse	99	6322659	30286	NA
S003_MINIONCE_4343	110	Port Input	1	6322659	30286	NA
S003_MINIONCE_4343	110	Picture	104_T_PWTRIAD_PW_pizarra_red.png	6335473	43100	1	1900	2	43200	1800
S003_MINIONCE_4343	111	Picture	PW	6337573	0	1	43199	2	0	43200
S003_MINIONCE_4343	111	Pulse	99	6358660	21087	NA
S003_MINIONCE_4343	111	Port Input	1	6358660	21087	NA
S003_MINIONCE_4343	111	Response	51	6362963	25390	1
S003_MINIONCE_4343	111	Picture	105_T_PWTRIAD_PW_telefono_red.png	6380772	43199	1	1900	2	43200	1800
S003_MINIONCE_4343	112	Picture	PW	6382872	0	1	43200	2	0	43200
S003_MINIONCE_4343	112	Pulse	99	6394661	11789	NA
S003_MINIONCE_4343	112	Port Input	1	6394661	11789	NA
S003_MINIONCE_4343	112	Response	51	6411604	28732	2
S003_MINIONCE_4343	112	Picture	106_T_PWTRIAD_PW_tijera_red.png	6426072	43200	1	1900	2	43200	1800
S003_MINIONCE_4343	113	Picture	FF	6428172	0	1	43200	2	0	43200
S003_MINIONCE_4343	113	Pulse	99	6430662	2490	NA
S003_MINIONCE_4343	113	Port Input	1	6430662	2490	NA
S003_MINIONCE_4343	113	Response	51	6448568	20396	2
S003_MINIONCE_4343	113	Pulse	99	6466663	38491	NA
S003_MINIONCE_4343	113	Port Input	1	6466663	38491	NA
S003_MINIONCE_4343	113	Picture	107_T_FFTRIAD_FF_lana_red.png	6471372	43200	1	1900	2	43200	1800
S003_MINIONCE_4343	114	Picture	FF	6473472	0	1	43200	2	0	43200
S003_MINIONCE_4343	114	Response	52	6486985	13513	1
S003_MINIONCE_4343	114	Pulse	99	6502664	29192	NA
S003_MINIONCE_4343	114	Port Input	1	6502664	29192	NA
S003_MINIONCE_4343	114	Picture	108_T_FFTRIAD_FF_bala_red.png	6516672	43200	1	1900	2	43200	1800
S003_MINIONCE_4343	115	Picture	FF	6518872	0	1	43200	2	0	43200
S003_MINIONCE_4343	115	Response	51	6533960	15088	1
S003_MINIONCE_4343	115	Pulse	99	6538665	19793	NA
S003_MINIONCE_4343	115	Port Input	1	6538665	19793	NA
S003_MINIONCE_4343	115	Picture	109_T_FFTRIAD_FF_sapo_red.png	6562072	43200	1	1900	2	43200	1800
S003_MINIONCE_4343	116	Picture	FF	6564172	0	1	43199	2	0	43200
S003_MINIONCE_4343	116	Pulse	99	6574666	10494	NA
S003_MINIONCE_4343	116	Port Input	1	6574666	10494	NA
S003_MINIONCE_4343	116	Response	51	6585304	21132	1
S003_MINIONCE_4343	116	Picture	110_T_FFTRIAD_FF_pincel_red.png	6607371	43199	1	1900	3	43200	1800
S003_MINIONCE_4343	117	Picture	rest	6609371	0	1	144100	2	0	144000
S003_MINIONCE_4343	117	Pulse	99	6610667	1296	NA
S003_MINIONCE_4343	117	Port Input	1	6610667	1296	NA
S003_MINIONCE_4343	117	Pulse	99	6646668	37297	NA
S003_MINIONCE_4343	117	Port Input	1	6646668	37297	NA
S003_MINIONCE_4343	117	Pulse	99	6682669	73298	NA
S003_MINIONCE_4343	117	Port Input	1	6682669	73298	NA
S003_MINIONCE_4343	117	Pulse	99	6718670	109299	NA
S003_MINIONCE_4343	117	Port Input	1	6718670	109299	NA
S003_MINIONCE_4343	118	Picture	endrest	6753571	0	1	10100	2	0	10000
S003_MINIONCE_4343	118	Pulse	99	6754671	1100	NA
S003_MINIONCE_4343	118	Port Input	1	6754671	1100	NA
S003_MINIONCE_4343	119	Picture	RW	6763871	0	1	43199	3	0	43200
S003_MINIONCE_4343	119	Response	51	6784571	20700	1
S003_MINIONCE_4343	119	Pulse	99	6790672	26801	NA
S003_MINIONCE_4343	119	Port Input	1	6790672	26801	NA
S003_MINIONCE_4343	119	Picture	113_T_RWTRIAD_RW_chupete_red.png	6807070	43199	2	1901	3	43200	1800
S003_MINIONCE_4343	120	Picture	RW	6809170	0	2	43200	3	0	43200
S003_MINIONCE_4343	120	Response	52	6824563	15393	1
S003_MINIONCE_4343	120	Pulse	99	6826673	17503	NA
S003_MINIONCE_4343	120	Port Input	1	6826673	17503	NA
S003_MINIONCE_4343	120	Picture	114_T_RWTRIAD_RW_gafas_red.png	6852370	43200	1	1900	2	43200	1800
S003_MINIONCE_4343	121	Picture	RW	6854470	0	1	43200	2	0	43200
S003_MINIONCE_4343	121	Pulse	99	6862675	8205	NA
S003_MINIONCE_4343	121	Port Input	1	6862675	8205	NA
S003_MINIONCE_4343	121	Response	51	6872659	18189	1
S003_MINIONCE_4343	121	Picture	115_T_RWTRIAD_RW_traje_red.png	6897670	43200	1	1900	2	43200	1800
S003_MINIONCE_4343	121	Pulse	99	6898676	44206	NA
S003_MINIONCE_4343	121	Port Input	1	6898676	44206	NA
S003_MINIONCE_4343	122	Picture	RW	6899770	0	1	43200	2	0	43200
S003_MINIONCE_4343	122	Response	52	6920470	20700	1
S003_MINIONCE_4343	122	Pulse	99	6934677	34907	NA
S003_MINIONCE_4343	122	Port Input	1	6934677	34907	NA
S003_MINIONCE_4343	122	Picture	116_T_RWTRIAD_RW_oruga_red.png	6942970	43200	1	1900	2	43200	1800
S003_MINIONCE_4343	123	Picture	PW	6945070	0	1	43200	2	0	43200
S003_MINIONCE_4343	123	Pulse	99	6970678	25608	NA
S003_MINIONCE_4343	123	Port Input	1	6970678	25608	NA
S003_MINIONCE_4343	123	Response	51	6976746	31676	1
S003_MINIONCE_4343	123	Picture	117_T_PWTRIAD_PW_arco_red.png	6988270	43200	1	1900	2	43200	1800
S003_MINIONCE_4343	124	Picture	PW	6990570	0	1	43099	3	0	43200
S003_MINIONCE_4343	124	Pulse	99	7006679	16109	NA
S003_MINIONCE_4343	124	Port Input	1	7006679	16109	NA
S003_MINIONCE_4343	124	Response	51	7011740	21170	1
S003_MINIONCE_4343	124	Picture	118_T_PWTRIAD_PW_perro_red.png	7033669	43099	2	1901	3	43200	1800
S003_MINIONCE_4343	125	Picture	PW	7035770	0	1	43199	2	0	43200
S003_MINIONCE_4343	125	Pulse	99	7042680	6910	NA
S003_MINIONCE_4343	125	Port Input	1	7042680	6910	NA
S003_MINIONCE_4343	125	Response	52	7070196	34426	1
S003_MINIONCE_4343	125	Pulse	99	7078681	42911	NA
S003_MINIONCE_4343	125	Port Input	1	7078681	42911	NA
S003_MINIONCE_4343	125	Picture	119_T_PWTRIAD_PW_oruga_red.png	7078969	43199	1	1900	2	43200	1800
S003_MINIONCE_4343	126	Picture	PW	7081069	0	1	43200	2	0	43200
S003_MINIONCE_4343	126	Response	52	7112741	31672	1
S003_MINIONCE_4343	126	Pulse	99	7114682	33613	NA
S003_MINIONCE_4343	126	Port Input	1	7114682	33613	NA
S003_MINIONCE_4343	126	Picture	120_T_PWTRIAD_PW_grapadora_red.png	7124269	43200	1	1900	2	43200	1800
S003_MINIONCE_4343	127	Picture	rest	7126269	0	1	144099	3	0	144000
S003_MINIONCE_4343	127	Pulse	99	7150683	24414	NA
S003_MINIONCE_4343	127	Port Input	1	7150683	24414	NA
S003_MINIONCE_4343	127	Pulse	99	7186684	60415	NA
S003_MINIONCE_4343	127	Port Input	1	7186684	60415	NA
S003_MINIONCE_4343	127	Pulse	99	7222685	96416	NA
S003_MINIONCE_4343	127	Port Input	1	7222685	96416	NA
S003_MINIONCE_4343	127	Pulse	99	7258686	132417	NA
S003_MINIONCE_4343	127	Port Input	1	7258686	132417	NA
S003_MINIONCE_4343	128	Picture	endrest	7270468	0	2	10100	4	0	10000
S003_MINIONCE_4343	129	Picture	FF	7280968	0	2	43100	3	0	43200
S003_MINIONCE_4343	129	Pulse	99	7294687	13719	NA
S003_MINIONCE_4343	129	Port Input	1	7294687	13719	NA
S003_MINIONCE_4343	129	Response	51	7297937	16969	1
S003_MINIONCE_4343	129	Picture	123_T_FFTRIAD_FF_dado_red.png	7324068	43100	1	1900	2	43200	1800
S003_MINIONCE_4343	130	Picture	FF	7326168	0	1	43200	2	0	43200
S003_MINIONCE_4343	130	Pulse	99	7330688	4520	NA
S003_MINIONCE_4343	130	Port Input	1	7330688	4520	NA
S003_MINIONCE_4343	130	Response	52	7345268	19100	1
S003_MINIONCE_4343	130	Pulse	99	7366689	40521	NA
S003_MINIONCE_4343	130	Port Input	1	7366689	40521	NA
S003_MINIONCE_4343	130	Picture	124_T_FFTRIAD_FF_telefono_red.png	7369368	43200	1	1900	2	43200	1800
S003_MINIONCE_4343	131	Picture	FF	7371468	0	1	43200	2	0	43200
S003_MINIONCE_4343	131	Response	51	7392172	20704	2
S003_MINIONCE_4343	131	Pulse	99	7402690	31222	NA
S003_MINIONCE_4343	131	Port Input	1	7402690	31222	NA
S003_MINIONCE_4343	131	Picture	125_T_FFTRIAD_FF_teclado_red.png	7414668	43200	1	1900	2	43200	1800
S003_MINIONCE_4343	132	Picture	FF	7416768	0	1	43200	2	0	43200
S003_MINIONCE_4343	132	Response	51	7436449	19681	1
S003_MINIONCE_4343	132	Pulse	99	7438691	21923	NA
S003_MINIONCE_4343	132	Port Input	1	7438691	21923	NA
S003_MINIONCE_4343	132	Picture	126_T_FFTRIAD_FF_sombrilla_red.png	7459968	43200	1	1900	2	43200	1800
S003_MINIONCE_4343	133	Picture	FF	7462068	0	1	43199	3	0	43200
S003_MINIONCE_4343	133	Pulse	99	7474692	12624	NA
S003_MINIONCE_4343	133	Port Input	1	7474692	12624	NA
S003_MINIONCE_4343	133	Response	52	7479877	17809	1
S003_MINIONCE_4343	133	Picture	127_T_FFTRIAD_FF_tijera_red.png	7505267	43199	2	1900	4	43200	1800
S003_MINIONCE_4343	134	Picture	FF	7507467	0	2	43200	3	0	43200
S003_MINIONCE_4343	134	Pulse	99	7510693	3226	NA
S003_MINIONCE_4343	134	Port Input	1	7510693	3226	NA
S003_MINIONCE_4343	134	Response	51	7523463	15996	1
S003_MINIONCE_4343	134	Pulse	99	7546694	39227	NA
S003_MINIONCE_4343	134	Port Input	1	7546694	39227	NA
S003_MINIONCE_4343	134	Picture	128_T_FFTRIAD_FF_ancla_red.png	7550667	43200	1	1900	2	43200	1800
S003_MINIONCE_4343	135	Picture	FF	7552767	0	1	43200	2	0	43200
S003_MINIONCE_4343	135	Response	52	7568633	15866	1
S003_MINIONCE_4343	135	Pulse	99	7582695	29928	NA
S003_MINIONCE_4343	135	Port Input	1	7582695	29928	NA
S003_MINIONCE_4343	135	Picture	129_T_FFTRIAD_FF_iglu_red.png	7595967	43200	1	1900	2	43200	1800
S003_MINIONCE_4343	136	Picture	FF	7598067	0	1	43200	2	0	43200
S003_MINIONCE_4343	136	Response	51	7614766	16699	1
S003_MINIONCE_4343	136	Pulse	99	7618697	20630	NA
S003_MINIONCE_4343	136	Port Input	1	7618697	20630	NA
S003_MINIONCE_4343	136	Picture	130_T_FFTRIAD_FF_madera_red.png	7641267	43200	1	1900	2	43200	1800
S003_MINIONCE_4343	137	Picture	rest	7643267	0	1	144099	2	0	144000
S003_MINIONCE_4343	137	Pulse	99	7654698	11431	NA
S003_MINIONCE_4343	137	Port Input	1	7654698	11431	NA
S003_MINIONCE_4343	137	Pulse	99	7690699	47432	NA
S003_MINIONCE_4343	137	Port Input	1	7690699	47432	NA
S003_MINIONCE_4343	137	Pulse	99	7726700	83433	NA
S003_MINIONCE_4343	137	Port Input	1	7726700	83433	NA
S003_MINIONCE_4343	137	Pulse	99	7762701	119434	NA
S003_MINIONCE_4343	137	Port Input	1	7762701	119434	NA
S003_MINIONCE_4343	138	Picture	endrest	7787466	0	1	10100	2	0	10000
S003_MINIONCE_4343	139	Picture	RW	7797766	0	1	43200	2	0	43200
S003_MINIONCE_4343	139	Pulse	99	7798702	936	NA
S003_MINIONCE_4343	139	Port Input	1	7798702	936	NA
S003_MINIONCE_4343	139	Response	52	7817437	19671	1
S003_MINIONCE_4343	139	Pulse	99	7834703	36937	NA
S003_MINIONCE_4343	139	Port Input	1	7834703	36937	NA
S003_MINIONCE_4343	139	Picture	133_T_RWTRIAD_RW_destornillador_red.png	7840966	43200	1	1900	2	43200	1800
S003_MINIONCE_4343	140	Picture	RW	7843066	0	1	43200	2	0	43200
S003_MINIONCE_4343	140	Response	52	7863086	20020	1
S003_MINIONCE_4343	140	Pulse	99	7870704	27638	NA
S003_MINIONCE_4343	140	Port Input	1	7870704	27638	NA
S003_MINIONCE_4343	140	Picture	134_T_RWTRIAD_RW_dado_red.png	7886266	43200	1	1900	2	43200	1800
S003_MINIONCE_4343	141	Picture	RW	7888366	0	1	43200	2	0	43200
S003_MINIONCE_4343	141	Response	51	7906409	18043	1
S003_MINIONCE_4343	141	Pulse	99	7906705	18339	NA
S003_MINIONCE_4343	141	Port Input	1	7906705	18339	NA
S003_MINIONCE_4343	141	Picture	135_T_RWTRIAD_RW_violin_red.png	7931566	43200	1	1900	2	43200	1800
S003_MINIONCE_4343	142	Picture	RW	7933666	0	1	43199	3	0	43200
S003_MINIONCE_4343	142	Pulse	99	7942706	9040	NA
S003_MINIONCE_4343	142	Port Input	1	7942706	9040	NA
S003_MINIONCE_4343	142	Response	51	7955547	21881	1
S003_MINIONCE_4343	142	Picture	136_T_RWTRIAD_RW_madera_red.png	7976865	43199	2	1900	4	43200	1800
S003_MINIONCE_4343	142	Pulse	99	7978707	45041	NA
S003_MINIONCE_4343	142	Port Input	1	7978707	45041	NA
S003_MINIONCE_4343	143	Picture	rest	7978865	0	2	144100	3	0	144000
S003_MINIONCE_4343	143	Pulse	99	8014708	35843	NA
S003_MINIONCE_4343	143	Port Input	1	8014708	35843	NA
S003_MINIONCE_4343	144	Picture	endrest	8123065	0	1	10100	2	0	10000
S003_MINIONCE_4343	145	Picture	endrest	8133265	0	1	10100	2	0	10000
S003_MINIONCE_4343	146	Picture	endrest	8143465	0	1	10100	2	0	10000
S003_MINIONCE_4343	147	Picture	endrest	8153665	0	1	10100	2	0	10000
