Scenario - vOT_Triads_fMRI_II
Logfile written - 06/11/2015 11:07:15

Subject	Trial	Event Type	Code	Time	TTime	Uncertainty	Duration	Uncertainty	ReqTime	ReqDur

S004_MINIONCE_4391	1	Pulse	99	335694	345612	NA
S004_MINIONCE_4391	1	Port Input	1	335694	345612	NA
S004_MINIONCE_4391	1	Pulse	99	371696	381614	NA
S004_MINIONCE_4391	1	Port Input	1	371696	381614	NA
S004_MINIONCE_4391	1	Pulse	99	407697	417615	NA
S004_MINIONCE_4391	1	Port Input	1	407697	417615	NA
S004_MINIONCE_4391	1	Pulse	99	443698	453616	NA
S004_MINIONCE_4391	1	Port Input	1	443698	453616	NA
S004_MINIONCE_4391	1	Pulse	99	479699	489617	NA
S004_MINIONCE_4391	1	Port Input	1	479699	489617	NA
S004_MINIONCE_4391	2	Picture	rest	479997	0	1	144100	2	0	144000
S004_MINIONCE_4391	2	Pulse	99	515700	35703	NA
S004_MINIONCE_4391	2	Port Input	1	515700	35703	NA
S004_MINIONCE_4391	2	Pulse	99	551701	71704	NA
S004_MINIONCE_4391	2	Port Input	1	551701	71704	NA
S004_MINIONCE_4391	2	Pulse	99	587702	107705	NA
S004_MINIONCE_4391	2	Port Input	1	587702	107705	NA
S004_MINIONCE_4391	2	Pulse	99	623703	143706	NA
S004_MINIONCE_4391	2	Port Input	1	623703	143706	NA
S004_MINIONCE_4391	3	Picture	endrest	624197	0	1	10100	2	0	10000
S004_MINIONCE_4391	4	Picture	FF	634497	0	1	43199	3	0	43200
S004_MINIONCE_4391	4	Response	51	655060	20563	1
S004_MINIONCE_4391	4	Pulse	99	659704	25207	NA
S004_MINIONCE_4391	4	Port Input	1	659704	25207	NA
S004_MINIONCE_4391	4	Picture	3_T_FFTRIAD_FF_grapadora_red.png	677696	43199	2	1900	4	43200	1800
S004_MINIONCE_4391	5	Picture	FF	679797	0	1	43199	2	0	43200
S004_MINIONCE_4391	5	Pulse	99	695705	15908	NA
S004_MINIONCE_4391	5	Port Input	1	695705	15908	NA
S004_MINIONCE_4391	5	Response	52	706997	27200	1
S004_MINIONCE_4391	5	Picture	4_T_FFTRIAD_FF_huevos_red.png	722996	43199	1	1900	2	43200	1800
S004_MINIONCE_4391	6	Picture	FF	725096	0	1	43200	2	0	43200
S004_MINIONCE_4391	6	Pulse	99	731706	6610	NA
S004_MINIONCE_4391	6	Port Input	1	731706	6610	NA
S004_MINIONCE_4391	6	Response	51	741495	16399	1
S004_MINIONCE_4391	6	Pulse	99	767707	42611	NA
S004_MINIONCE_4391	6	Port Input	1	767707	42611	NA
S004_MINIONCE_4391	6	Picture	5_T_FFTRIAD_FF_dado_red.png	768296	43200	1	1900	2	43200	1800
S004_MINIONCE_4391	7	Picture	FF	770396	0	1	43200	2	0	43200
S004_MINIONCE_4391	7	Response	51	784389	13993	1
S004_MINIONCE_4391	7	Pulse	99	803708	33312	NA
S004_MINIONCE_4391	7	Port Input	1	803708	33312	NA
S004_MINIONCE_4391	7	Picture	6_T_FFTRIAD_FF_leche_red.png	813596	43200	1	1900	2	43200	1800
S004_MINIONCE_4391	8	Picture	RW	815696	0	1	43200	2	0	43200
S004_MINIONCE_4391	8	Pulse	99	839709	24013	NA
S004_MINIONCE_4391	8	Port Input	1	839709	24013	NA
S004_MINIONCE_4391	8	Response	52	841142	25446	1
S004_MINIONCE_4391	8	Picture	7_T_RWTRIAD_RW_murcielago_red.png	858896	43200	1	1900	2	43200	1800
S004_MINIONCE_4391	9	Picture	RW	860996	0	1	43200	2	0	43200
S004_MINIONCE_4391	9	Pulse	99	875710	14714	NA
S004_MINIONCE_4391	9	Port Input	1	875710	14714	NA
S004_MINIONCE_4391	9	Response	51	877345	16349	2
S004_MINIONCE_4391	9	Picture	8_T_RWTRIAD_RW_policia_red.png	904196	43200	1	1900	2	43200	1800
S004_MINIONCE_4391	10	Picture	RW	906296	0	1	43199	3	0	43200
S004_MINIONCE_4391	10	Pulse	99	911711	5415	NA
S004_MINIONCE_4391	10	Port Input	1	911711	5415	NA
S004_MINIONCE_4391	10	Response	52	921867	15571	1
S004_MINIONCE_4391	10	Pulse	99	947712	41416	NA
S004_MINIONCE_4391	10	Port Input	1	947712	41416	NA
S004_MINIONCE_4391	10	Picture	9_T_RWTRIAD_RW_plato_red.png	949495	43199	2	1900	3	43200	1800
S004_MINIONCE_4391	11	Picture	RW	951595	0	1	43200	2	0	43200
S004_MINIONCE_4391	11	Response	51	977805	26210	1
S004_MINIONCE_4391	11	Pulse	99	983713	32118	NA
S004_MINIONCE_4391	11	Port Input	1	983713	32118	NA
S004_MINIONCE_4391	11	Picture	10_T_RWTRIAD_RW_queso_red.png	994795	43200	1	1900	2	43200	1800
S004_MINIONCE_4391	12	Picture	rest	996795	0	1	144100	2	0	144000
S004_MINIONCE_4391	12	Pulse	99	1019714	22919	NA
S004_MINIONCE_4391	12	Port Input	1	1019714	22919	NA
S004_MINIONCE_4391	12	Pulse	99	1055716	58921	NA
S004_MINIONCE_4391	12	Port Input	1	1055716	58921	NA
S004_MINIONCE_4391	12	Pulse	99	1091717	94922	NA
S004_MINIONCE_4391	12	Port Input	1	1091717	94922	NA
S004_MINIONCE_4391	12	Pulse	99	1127718	130923	NA
S004_MINIONCE_4391	12	Port Input	1	1127718	130923	NA
S004_MINIONCE_4391	13	Picture	endrest	1140994	0	3	10101	4	0	10000
S004_MINIONCE_4391	14	Picture	RW	1151294	0	4	43200	6	0	43200
S004_MINIONCE_4391	14	Pulse	99	1163719	12425	NA
S004_MINIONCE_4391	14	Port Input	1	1163719	12425	NA
S004_MINIONCE_4391	14	Response	51	1169843	18549	2
S004_MINIONCE_4391	14	Picture	13_T_RWTRIAD_RW_dedal_red.png	1194494	43200	2	1900	3	43200	1800
S004_MINIONCE_4391	15	Picture	RW	1196594	0	3	43200	5	0	43200
S004_MINIONCE_4391	15	Pulse	99	1199720	3126	NA
S004_MINIONCE_4391	15	Port Input	1	1199720	3126	NA
S004_MINIONCE_4391	15	Pulse	99	1235721	39127	NA
S004_MINIONCE_4391	15	Port Input	1	1235721	39127	NA
S004_MINIONCE_4391	15	Picture	14_T_RWTRIAD_RW_piramide_red.png	1239794	43200	2	1900	4	43200	1800
S004_MINIONCE_4391	15	Response	51	1239926	43332	1
S004_MINIONCE_4391	16	Picture	RW	1241894	0	1	43199	4	0	43200
S004_MINIONCE_4391	16	Response	51	1256121	14227	2
S004_MINIONCE_4391	16	Pulse	99	1271722	29828	NA
S004_MINIONCE_4391	16	Port Input	1	1271722	29828	NA
S004_MINIONCE_4391	16	Picture	15_T_RWTRIAD_RW_pizarra_red.png	1285093	43199	3	1901	5	43200	1800
S004_MINIONCE_4391	17	Picture	RW	1287194	0	2	43200	3	0	43200
S004_MINIONCE_4391	17	Response	51	1306539	19345	1
S004_MINIONCE_4391	17	Pulse	99	1307723	20529	NA
S004_MINIONCE_4391	17	Port Input	1	1307723	20529	NA
S004_MINIONCE_4391	17	Picture	16_T_RWTRIAD_RW_bala_red.png	1330394	43200	1	1900	2	43200	1800
S004_MINIONCE_4391	18	Picture	RW	1332494	0	2	43199	4	0	43200
S004_MINIONCE_4391	18	Pulse	99	1343724	11230	NA
S004_MINIONCE_4391	18	Port Input	1	1343724	11230	NA
S004_MINIONCE_4391	18	Response	52	1350240	17746	1
S004_MINIONCE_4391	18	Picture	17_T_RWTRIAD_RW_huevos_red.png	1375693	43199	2	1900	4	43200	1800
S004_MINIONCE_4391	19	Picture	RW	1377793	0	2	43200	4	0	43200
S004_MINIONCE_4391	19	Pulse	99	1379725	1932	NA
S004_MINIONCE_4391	19	Port Input	1	1379725	1932	NA
S004_MINIONCE_4391	19	Response	52	1394137	16344	1
S004_MINIONCE_4391	19	Pulse	99	1415726	37933	NA
S004_MINIONCE_4391	19	Port Input	1	1415726	37933	NA
S004_MINIONCE_4391	19	Picture	18_T_RWTRIAD_RW_esquimal_red.png	1420993	43200	2	1899	5	43200	1800
S004_MINIONCE_4391	20	Picture	RW	1423092	0	3	43201	4	0	43200
S004_MINIONCE_4391	20	Response	51	1441620	18528	1
S004_MINIONCE_4391	20	Pulse	99	1451727	28635	NA
S004_MINIONCE_4391	20	Port Input	1	1451727	28635	NA
S004_MINIONCE_4391	20	Picture	19_T_RWTRIAD_RW_paracaidas_red.png	1466293	43201	1	1899	4	43200	1800
S004_MINIONCE_4391	21	Picture	RW	1468392	0	3	43200	5	0	43200
S004_MINIONCE_4391	21	Pulse	99	1487728	19336	NA
S004_MINIONCE_4391	21	Port Input	1	1487728	19336	NA
S004_MINIONCE_4391	21	Response	52	1491486	23094	1
S004_MINIONCE_4391	21	Picture	20_T_RWTRIAD_RW_mono_red.png	1511592	43200	2	1900	4	43200	1800
S004_MINIONCE_4391	22	Picture	rest	1513592	0	2	144101	3	0	144000
S004_MINIONCE_4391	22	Pulse	99	1523729	10137	NA
S004_MINIONCE_4391	22	Port Input	1	1523729	10137	NA
S004_MINIONCE_4391	22	Pulse	99	1559730	46138	NA
S004_MINIONCE_4391	22	Port Input	1	1559730	46138	NA
S004_MINIONCE_4391	22	Pulse	99	1595731	82139	NA
S004_MINIONCE_4391	22	Port Input	1	1595731	82139	NA
S004_MINIONCE_4391	22	Pulse	99	1631732	118140	NA
S004_MINIONCE_4391	22	Port Input	1	1631732	118140	NA
S004_MINIONCE_4391	23	Picture	endrest	1657792	0	2	10101	3	0	10000
S004_MINIONCE_4391	23	Pulse	99	1667733	9941	NA
S004_MINIONCE_4391	23	Port Input	1	1667733	9941	NA
S004_MINIONCE_4391	24	Picture	PW	1668093	0	1	43199	2	0	43200
S004_MINIONCE_4391	24	Response	51	1697503	29410	1
S004_MINIONCE_4391	24	Pulse	99	1703734	35641	NA
S004_MINIONCE_4391	24	Port Input	1	1703734	35641	NA
S004_MINIONCE_4391	24	Picture	23_T_PWTRIAD_PW_silla_red.png	1711292	43199	1	1900	2	43200	1800
S004_MINIONCE_4391	25	Picture	PW	1713392	0	2	43200	3	0	43200
S004_MINIONCE_4391	25	Pulse	99	1739735	26343	NA
S004_MINIONCE_4391	25	Port Input	1	1739735	26343	NA
S004_MINIONCE_4391	25	Response	51	1750231	36839	1
S004_MINIONCE_4391	25	Picture	24_T_PWTRIAD_PW_violin_red.png	1756592	43200	1	1900	2	43200	1800
S004_MINIONCE_4391	26	Picture	PW	1758692	0	1	43200	2	0	43200
S004_MINIONCE_4391	26	Pulse	99	1775737	17045	NA
S004_MINIONCE_4391	26	Port Input	1	1775737	17045	NA
S004_MINIONCE_4391	26	Response	52	1791538	32846	1
S004_MINIONCE_4391	26	Picture	25_T_PWTRIAD_PW_lechuga_red.png	1801892	43200	1	1900	2	43200	1800
S004_MINIONCE_4391	27	Picture	PW	1803992	0	1	43200	2	0	43200
S004_MINIONCE_4391	27	Pulse	99	1811738	7746	NA
S004_MINIONCE_4391	27	Port Input	1	1811738	7746	NA
S004_MINIONCE_4391	27	Response	51	1837479	33487	1
S004_MINIONCE_4391	27	Picture	26_T_PWTRIAD_PW_piramide_red.png	1847192	43200	1	1900	2	43200	1800
S004_MINIONCE_4391	27	Pulse	99	1847739	43747	NA
S004_MINIONCE_4391	27	Port Input	1	1847739	43747	NA
S004_MINIONCE_4391	28	Picture	RW	1849292	0	1	43200	2	0	43200
S004_MINIONCE_4391	28	Response	52	1880208	30916	1
S004_MINIONCE_4391	28	Pulse	99	1883740	34448	NA
S004_MINIONCE_4391	28	Port Input	1	1883740	34448	NA
S004_MINIONCE_4391	28	Picture	27_T_RWTRIAD_RW_sapo_red.png	1892492	43200	1	1900	2	43200	1800
S004_MINIONCE_4391	29	Picture	RW	1894592	0	1	43199	2	0	43200
S004_MINIONCE_4391	29	Pulse	99	1919741	25149	NA
S004_MINIONCE_4391	29	Port Input	1	1919741	25149	NA
S004_MINIONCE_4391	29	Response	51	1937693	43101	1
S004_MINIONCE_4391	29	Picture	28_T_RWTRIAD_RW_molino_red.png	1937791	43199	1	1900	2	43200	1800
S004_MINIONCE_4391	30	Picture	RW	1939891	0	1	43200	2	0	43200
S004_MINIONCE_4391	30	Pulse	99	1955742	15851	NA
S004_MINIONCE_4391	30	Port Input	1	1955742	15851	NA
S004_MINIONCE_4391	30	Response	52	1956478	16587	1
S004_MINIONCE_4391	30	Picture	29_T_RWTRIAD_RW_banera_red.png	1983091	43200	1	1900	2	43200	1800
S004_MINIONCE_4391	31	Picture	RW	1985191	0	1	43200	2	0	43200
S004_MINIONCE_4391	31	Pulse	99	1991743	6552	NA
S004_MINIONCE_4391	31	Port Input	1	1991743	6552	NA
S004_MINIONCE_4391	31	Response	51	2001985	16794	1
S004_MINIONCE_4391	31	Pulse	99	2027744	42553	NA
S004_MINIONCE_4391	31	Port Input	1	2027744	42553	NA
S004_MINIONCE_4391	31	Picture	30_T_RWTRIAD_RW_ancla_red.png	2028391	43200	1	1900	2	43200	1800
S004_MINIONCE_4391	32	Picture	rest	2030391	0	1	144099	3	0	144000
S004_MINIONCE_4391	32	Pulse	99	2063745	33354	NA
S004_MINIONCE_4391	32	Port Input	1	2063745	33354	NA
S004_MINIONCE_4391	32	Pulse	99	2099746	69355	NA
S004_MINIONCE_4391	32	Port Input	1	2099746	69355	NA
S004_MINIONCE_4391	32	Pulse	99	2135747	105356	NA
S004_MINIONCE_4391	32	Port Input	1	2135747	105356	NA
S004_MINIONCE_4391	32	Pulse	99	2171748	141357	NA
S004_MINIONCE_4391	32	Port Input	1	2171748	141357	NA
S004_MINIONCE_4391	33	Picture	endrest	2174590	0	2	10100	4	0	10000
S004_MINIONCE_4391	34	Picture	PW	2184890	0	2	43200	3	0	43200
S004_MINIONCE_4391	34	Pulse	99	2207749	22859	NA
S004_MINIONCE_4391	34	Port Input	1	2207749	22859	NA
S004_MINIONCE_4391	34	Response	51	2211321	26431	1
S004_MINIONCE_4391	34	Picture	33_T_PWTRIAD_PW_esquimal_red.png	2228090	43200	1	1900	2	43200	1800
S004_MINIONCE_4391	35	Picture	PW	2230190	0	1	43200	2	0	43200
S004_MINIONCE_4391	35	Pulse	99	2243750	13560	NA
S004_MINIONCE_4391	35	Port Input	1	2243750	13560	NA
S004_MINIONCE_4391	35	Response	51	2268373	38183	1
S004_MINIONCE_4391	35	Picture	34_T_PWTRIAD_PW_llave_red.png	2273390	43200	1	1900	2	43200	1800
S004_MINIONCE_4391	36	Picture	PW	2275490	0	1	43200	2	0	43200
S004_MINIONCE_4391	36	Pulse	99	2279751	4261	NA
S004_MINIONCE_4391	36	Port Input	1	2279751	4261	NA
S004_MINIONCE_4391	36	Response	52	2300789	25299	1
S004_MINIONCE_4391	36	Pulse	99	2315752	40262	NA
S004_MINIONCE_4391	36	Port Input	1	2315752	40262	NA
S004_MINIONCE_4391	36	Picture	35_T_PWTRIAD_PW_manos_red.png	2318690	43200	1	1900	2	43200	1800
S004_MINIONCE_4391	37	Picture	PW	2320790	0	1	43200	2	0	43200
S004_MINIONCE_4391	37	Response	51	2348847	28057	1
S004_MINIONCE_4391	37	Pulse	99	2351753	30963	NA
S004_MINIONCE_4391	37	Port Input	1	2351753	30963	NA
S004_MINIONCE_4391	37	Picture	36_T_PWTRIAD_PW_cuento_red.png	2363990	43200	1	1900	2	43200	1800
S004_MINIONCE_4391	38	Picture	RW	2366090	0	1	43200	2	0	43200
S004_MINIONCE_4391	38	Response	51	2385182	19092	1
S004_MINIONCE_4391	38	Pulse	99	2387754	21664	NA
S004_MINIONCE_4391	38	Port Input	1	2387754	21664	NA
S004_MINIONCE_4391	38	Picture	37_T_RWTRIAD_RW_zanahoria_red.png	2409290	43200	1	1899	3	43200	1800
S004_MINIONCE_4391	39	Picture	RW	2411389	0	2	43200	3	0	43200
S004_MINIONCE_4391	39	Pulse	99	2423756	12367	NA
S004_MINIONCE_4391	39	Port Input	1	2423756	12367	NA
S004_MINIONCE_4391	39	Response	51	2445269	33880	1
S004_MINIONCE_4391	39	Picture	38_T_RWTRIAD_RW_lana_red.png	2454589	43200	1	1900	2	43200	1800
S004_MINIONCE_4391	40	Picture	RW	2456689	0	1	43200	2	0	43200
S004_MINIONCE_4391	40	Pulse	99	2459757	3068	NA
S004_MINIONCE_4391	40	Port Input	1	2459757	3068	NA
S004_MINIONCE_4391	40	Response	51	2494215	37526	1
S004_MINIONCE_4391	40	Pulse	99	2495758	39069	NA
S004_MINIONCE_4391	40	Port Input	1	2495758	39069	NA
S004_MINIONCE_4391	40	Picture	39_T_RWTRIAD_RW_television_red.png	2499889	43200	1	1900	2	43200	1800
S004_MINIONCE_4391	41	Picture	RW	2501989	0	1	43200	2	0	43200
S004_MINIONCE_4391	41	Response	52	2517393	15404	1
S004_MINIONCE_4391	41	Pulse	99	2531759	29770	NA
S004_MINIONCE_4391	41	Port Input	1	2531759	29770	NA
S004_MINIONCE_4391	41	Picture	40_T_RWTRIAD_RW_sombrilla_red.png	2545189	43200	1	1900	2	43200	1800
S004_MINIONCE_4391	42	Picture	rest	2547189	0	1	144099	2	0	144000
S004_MINIONCE_4391	42	Pulse	99	2567760	20571	NA
S004_MINIONCE_4391	42	Port Input	1	2567760	20571	NA
S004_MINIONCE_4391	42	Pulse	99	2603761	56572	NA
S004_MINIONCE_4391	42	Port Input	1	2603761	56572	NA
S004_MINIONCE_4391	42	Pulse	99	2639762	92573	NA
S004_MINIONCE_4391	42	Port Input	1	2639762	92573	NA
S004_MINIONCE_4391	42	Pulse	99	2675763	128574	NA
S004_MINIONCE_4391	42	Port Input	1	2675763	128574	NA
S004_MINIONCE_4391	43	Picture	endrest	2691388	0	1	10100	2	0	10000
S004_MINIONCE_4391	44	Picture	FF	2701688	0	1	43200	2	0	43200
S004_MINIONCE_4391	44	Pulse	99	2711764	10076	NA
S004_MINIONCE_4391	44	Port Input	1	2711764	10076	NA
S004_MINIONCE_4391	44	Response	52	2717614	15926	1
S004_MINIONCE_4391	44	Picture	43_T_FFTRIAD_FF_esquimal_red.png	2744888	43200	1	1900	2	43200	1800
S004_MINIONCE_4391	45	Picture	FF	2746988	0	1	43200	2	0	43200
S004_MINIONCE_4391	45	Pulse	99	2747765	777	NA
S004_MINIONCE_4391	45	Port Input	1	2747765	777	NA
S004_MINIONCE_4391	45	Response	51	2770276	23288	1
S004_MINIONCE_4391	45	Pulse	99	2783766	36778	NA
S004_MINIONCE_4391	45	Port Input	1	2783766	36778	NA
S004_MINIONCE_4391	45	Picture	44_T_FFTRIAD_FF_lenador_red.png	2790188	43200	1	1900	2	43200	1800
S004_MINIONCE_4391	46	Picture	FF	2792288	0	1	43200	2	0	43200
S004_MINIONCE_4391	46	Response	51	2809117	16829	1
S004_MINIONCE_4391	46	Pulse	99	2819767	27479	NA
S004_MINIONCE_4391	46	Port Input	1	2819767	27479	NA
S004_MINIONCE_4391	46	Picture	45_T_FFTRIAD_FF_bellota_red.png	2835488	43200	1	1900	2	43200	1800
S004_MINIONCE_4391	47	Picture	FF	2837588	0	1	43200	2	0	43200
S004_MINIONCE_4391	47	Response	52	2852857	15269	1
S004_MINIONCE_4391	47	Pulse	99	2855768	18180	NA
S004_MINIONCE_4391	47	Port Input	1	2855768	18180	NA
S004_MINIONCE_4391	47	Picture	46_T_FFTRIAD_FF_molino_red.png	2880788	43200	1	1900	2	43200	1800
S004_MINIONCE_4391	48	Picture	FF	2882888	0	1	43199	3	0	43200
S004_MINIONCE_4391	48	Pulse	99	2891769	8881	NA
S004_MINIONCE_4391	48	Port Input	1	2891769	8881	NA
S004_MINIONCE_4391	48	Response	52	2894067	11179	1
S004_MINIONCE_4391	48	Picture	47_T_FFTRIAD_FF_telarana_red.png	2926087	43199	2	1900	3	43200	1800
S004_MINIONCE_4391	48	Pulse	99	2927770	44882	NA
S004_MINIONCE_4391	48	Port Input	1	2927770	44882	NA
S004_MINIONCE_4391	49	Picture	FF	2928187	0	1	43200	2	0	43200
S004_MINIONCE_4391	49	Response	51	2937892	9705	1
S004_MINIONCE_4391	49	Pulse	99	2963771	35584	NA
S004_MINIONCE_4391	49	Port Input	1	2963771	35584	NA
S004_MINIONCE_4391	49	Picture	48_T_FFTRIAD_FF_sapo_red.png	2971387	43200	1	1900	2	43200	1800
S004_MINIONCE_4391	50	Picture	FF	2973487	0	1	43200	2	0	43200
S004_MINIONCE_4391	50	Pulse	99	2999772	26285	NA
S004_MINIONCE_4391	50	Port Input	1	2999772	26285	NA
S004_MINIONCE_4391	50	Response	52	3001191	27704	1
S004_MINIONCE_4391	50	Picture	49_T_FFTRIAD_FF_murcielago_red.png	3016687	43200	1	1900	2	43200	1800
S004_MINIONCE_4391	51	Picture	FF	3018787	0	1	43200	2	0	43200
S004_MINIONCE_4391	51	Pulse	99	3035773	16986	NA
S004_MINIONCE_4391	51	Port Input	1	3035773	16986	NA
S004_MINIONCE_4391	51	Response	52	3036869	18082	1
S004_MINIONCE_4391	51	Picture	50_T_FFTRIAD_FF_iglu_red.png	3061987	43200	1	1900	2	43200	1800
S004_MINIONCE_4391	52	Picture	rest	3063987	0	1	144099	2	0	144000
S004_MINIONCE_4391	52	Pulse	99	3071774	7787	NA
S004_MINIONCE_4391	52	Port Input	1	3071774	7787	NA
S004_MINIONCE_4391	52	Pulse	99	3107775	43788	NA
S004_MINIONCE_4391	52	Port Input	1	3107775	43788	NA
S004_MINIONCE_4391	52	Pulse	99	3143777	79790	NA
S004_MINIONCE_4391	52	Port Input	1	3143777	79790	NA
S004_MINIONCE_4391	52	Pulse	99	3179778	115791	NA
S004_MINIONCE_4391	52	Port Input	1	3179778	115791	NA
S004_MINIONCE_4391	53	Picture	endrest	3208186	0	1	10100	2	0	10000
S004_MINIONCE_4391	53	Pulse	99	3215779	7593	NA
S004_MINIONCE_4391	53	Port Input	1	3215779	7593	NA
S004_MINIONCE_4391	54	Picture	RW	3218486	0	1	43200	2	0	43200
S004_MINIONCE_4391	54	Response	52	3247558	29072	1
S004_MINIONCE_4391	54	Pulse	99	3251780	33294	NA
S004_MINIONCE_4391	54	Port Input	1	3251780	33294	NA
S004_MINIONCE_4391	54	Picture	53_T_RWTRIAD_RW_arbol_red.png	3261686	43200	1	1900	2	43200	1800
S004_MINIONCE_4391	55	Picture	RW	3263786	0	1	43200	2	0	43200
S004_MINIONCE_4391	55	Response	52	3276721	12935	1
S004_MINIONCE_4391	55	Pulse	99	3287781	23995	NA
S004_MINIONCE_4391	55	Port Input	1	3287781	23995	NA
S004_MINIONCE_4391	55	Picture	54_T_RWTRIAD_RW_gafas_red.png	3306986	43200	1	1900	2	43200	1800
S004_MINIONCE_4391	56	Picture	RW	3309086	0	1	43200	2	0	43200
S004_MINIONCE_4391	56	Pulse	99	3323782	14696	NA
S004_MINIONCE_4391	56	Port Input	1	3323782	14696	NA
S004_MINIONCE_4391	56	Response	52	3328849	19763	1
S004_MINIONCE_4391	56	Picture	55_T_RWTRIAD_RW_leche_red.png	3352286	43200	1	1900	2	43200	1800
S004_MINIONCE_4391	57	Picture	RW	3354386	0	1	43200	2	0	43200
S004_MINIONCE_4391	57	Pulse	99	3359783	5397	NA
S004_MINIONCE_4391	57	Port Input	1	3359783	5397	NA
S004_MINIONCE_4391	57	Response	52	3372094	17708	1
S004_MINIONCE_4391	57	Pulse	99	3395784	41398	NA
S004_MINIONCE_4391	57	Port Input	1	3395784	41398	NA
S004_MINIONCE_4391	57	Picture	56_T_RWTRIAD_RW_tijera_red.png	3397586	43200	1	1899	3	43200	1800
S004_MINIONCE_4391	58	Picture	FF	3399685	0	2	43200	3	0	43200
S004_MINIONCE_4391	58	Response	51	3418742	19057	1
S004_MINIONCE_4391	58	Pulse	99	3431785	32100	NA
S004_MINIONCE_4391	58	Port Input	1	3431785	32100	NA
S004_MINIONCE_4391	58	Picture	57_T_FFTRIAD_FF_martillo_red.png	3442885	43200	1	1900	2	43200	1800
S004_MINIONCE_4391	59	Picture	FF	3444985	0	1	43200	2	0	43200
S004_MINIONCE_4391	59	Response	52	3457526	12541	1
S004_MINIONCE_4391	59	Pulse	99	3467786	22801	NA
S004_MINIONCE_4391	59	Port Input	1	3467786	22801	NA
S004_MINIONCE_4391	59	Picture	58_T_FFTRIAD_FF_mono_red.png	3488185	43200	1	1900	2	43200	1800
S004_MINIONCE_4391	60	Picture	FF	3490285	0	1	43200	2	0	43200
S004_MINIONCE_4391	60	Pulse	99	3503787	13502	NA
S004_MINIONCE_4391	60	Port Input	1	3503787	13502	NA
S004_MINIONCE_4391	60	Response	51	3503983	13698	1
S004_MINIONCE_4391	60	Picture	59_T_FFTRIAD_FF_carruaje_red.png	3533485	43200	1	1900	2	43200	1800
S004_MINIONCE_4391	61	Picture	FF	3535585	0	1	43200	2	0	43200
S004_MINIONCE_4391	61	Pulse	99	3539788	4203	NA
S004_MINIONCE_4391	61	Port Input	1	3539788	4203	NA
S004_MINIONCE_4391	61	Response	52	3562202	26617	1
S004_MINIONCE_4391	61	Pulse	99	3575789	40204	NA
S004_MINIONCE_4391	61	Port Input	1	3575789	40204	NA
S004_MINIONCE_4391	61	Picture	60_T_FFTRIAD_FF_plato_red.png	3578785	43200	1	1900	2	43200	1800
S004_MINIONCE_4391	62	Picture	rest	3580785	0	1	144099	2	0	144000
S004_MINIONCE_4391	62	Pulse	99	3611790	31005	NA
S004_MINIONCE_4391	62	Port Input	1	3611790	31005	NA
S004_MINIONCE_4391	62	Pulse	99	3647791	67006	NA
S004_MINIONCE_4391	62	Port Input	1	3647791	67006	NA
S004_MINIONCE_4391	62	Pulse	99	3683792	103007	NA
S004_MINIONCE_4391	62	Port Input	1	3683792	103007	NA
S004_MINIONCE_4391	62	Pulse	99	3719793	139008	NA
S004_MINIONCE_4391	62	Port Input	1	3719793	139008	NA
S004_MINIONCE_4391	63	Picture	endrest	3724984	0	1	10100	2	0	10000
S004_MINIONCE_4391	64	Picture	FF	3735284	0	1	43200	2	0	43200
S004_MINIONCE_4391	64	Pulse	99	3755795	20511	NA
S004_MINIONCE_4391	64	Port Input	1	3755795	20511	NA
S004_MINIONCE_4391	64	Response	52	3759579	24295	1
S004_MINIONCE_4391	64	Picture	63_T_FFTRIAD_FF_destornillador_red.png	3778484	43200	1	1900	2	43200	1800
S004_MINIONCE_4391	65	Picture	FF	3780584	0	1	43200	2	0	43200
S004_MINIONCE_4391	65	Pulse	99	3791796	11212	NA
S004_MINIONCE_4391	65	Port Input	1	3791796	11212	NA
S004_MINIONCE_4391	65	Response	51	3794886	14302	1
S004_MINIONCE_4391	65	Picture	64_T_FFTRIAD_FF_madera_red.png	3823784	43200	1	1900	2	43200	1800
S004_MINIONCE_4391	66	Picture	FF	3825884	0	1	43200	2	0	43200
S004_MINIONCE_4391	66	Pulse	99	3827797	1913	NA
S004_MINIONCE_4391	66	Port Input	1	3827797	1913	NA
S004_MINIONCE_4391	66	Pulse	99	3863798	37914	NA
S004_MINIONCE_4391	66	Port Input	1	3863798	37914	NA
S004_MINIONCE_4391	66	Picture	65_T_FFTRIAD_FF_monja_red.png	3869084	43200	1	1900	2	43200	1800
S004_MINIONCE_4391	67	Picture	FF	3871184	0	1	43199	2	0	43200
S004_MINIONCE_4391	67	Response	52	3882519	11335	1
S004_MINIONCE_4391	67	Pulse	99	3899799	28615	NA
S004_MINIONCE_4391	67	Port Input	1	3899799	28615	NA
S004_MINIONCE_4391	67	Picture	66_T_FFTRIAD_FF_silla_red.png	3914383	43199	1	1900	3	43200	1800
S004_MINIONCE_4391	68	Picture	RW	3916483	0	1	43200	2	0	43200
S004_MINIONCE_4391	68	Pulse	99	3935800	19317	NA
S004_MINIONCE_4391	68	Port Input	1	3935800	19317	NA
S004_MINIONCE_4391	68	Response	52	3947835	31352	2
S004_MINIONCE_4391	68	Picture	67_T_RWTRIAD_RW_raton_red.png	3959683	43200	1	1900	2	43200	1800
S004_MINIONCE_4391	69	Picture	RW	3961783	0	1	43200	2	0	43200
S004_MINIONCE_4391	69	Pulse	99	3971801	10018	NA
S004_MINIONCE_4391	69	Port Input	1	3971801	10018	NA
S004_MINIONCE_4391	69	Response	51	3978532	16749	1
S004_MINIONCE_4391	69	Picture	68_T_RWTRIAD_RW_telarana_red.png	4004983	43200	1	1900	2	43200	1800
S004_MINIONCE_4391	70	Picture	RW	4007083	0	1	43200	2	0	43200
S004_MINIONCE_4391	70	Pulse	99	4007802	719	NA
S004_MINIONCE_4391	70	Port Input	1	4007802	719	NA
S004_MINIONCE_4391	70	Response	51	4022845	15762	1
S004_MINIONCE_4391	70	Pulse	99	4043803	36720	NA
S004_MINIONCE_4391	70	Port Input	1	4043803	36720	NA
S004_MINIONCE_4391	70	Picture	69_T_RWTRIAD_RW_cerillas_red.png	4050283	43200	1	1900	2	43200	1800
S004_MINIONCE_4391	71	Picture	RW	4052383	0	1	43200	2	0	43200
S004_MINIONCE_4391	71	Response	52	4073384	21001	1
S004_MINIONCE_4391	71	Pulse	99	4079804	27421	NA
S004_MINIONCE_4391	71	Port Input	1	4079804	27421	NA
S004_MINIONCE_4391	71	Picture	70_T_RWTRIAD_RW_cinturon_red.png	4095583	43200	1	1900	2	43200	1800
S004_MINIONCE_4391	72	Picture	rest	4097583	0	1	144099	2	0	144000
S004_MINIONCE_4391	72	Pulse	99	4115805	18222	NA
S004_MINIONCE_4391	72	Port Input	1	4115805	18222	NA
S004_MINIONCE_4391	72	Pulse	99	4151806	54223	NA
S004_MINIONCE_4391	72	Port Input	1	4151806	54223	NA
S004_MINIONCE_4391	72	Pulse	99	4187807	90224	NA
S004_MINIONCE_4391	72	Port Input	1	4187807	90224	NA
S004_MINIONCE_4391	72	Pulse	99	4223808	126225	NA
S004_MINIONCE_4391	72	Port Input	1	4223808	126225	NA
S004_MINIONCE_4391	73	Picture	endrest	4241782	0	1	10100	2	0	10000
S004_MINIONCE_4391	74	Picture	PW	4252082	0	1	43200	2	0	43200
S004_MINIONCE_4391	74	Pulse	99	4259809	7727	NA
S004_MINIONCE_4391	74	Port Input	1	4259809	7727	NA
S004_MINIONCE_4391	74	Response	51	4284212	32130	1
S004_MINIONCE_4391	74	Picture	73_T_PWTRIAD_PW_television_red.png	4295282	43200	1	1900	2	43200	1800
S004_MINIONCE_4391	74	Pulse	99	4295810	43728	NA
S004_MINIONCE_4391	74	Port Input	1	4295810	43728	NA
S004_MINIONCE_4391	75	Picture	PW	4297382	0	1	43200	2	0	43200
S004_MINIONCE_4391	75	Response	51	4331263	33881	1
S004_MINIONCE_4391	75	Pulse	99	4331811	34429	NA
S004_MINIONCE_4391	75	Port Input	1	4331811	34429	NA
S004_MINIONCE_4391	75	Picture	74_T_PWTRIAD_PW_pluma_red.png	4340582	43200	1	1900	2	43200	1800
S004_MINIONCE_4391	76	Picture	PW	4342682	0	1	43199	3	0	43200
S004_MINIONCE_4391	76	Response	52	4361054	18372	1
S004_MINIONCE_4391	76	Pulse	99	4367812	25130	NA
S004_MINIONCE_4391	76	Port Input	1	4367812	25130	NA
S004_MINIONCE_4391	76	Picture	75_T_PWTRIAD_PW_agua_red.png	4385881	43199	2	1900	4	43200	1800
S004_MINIONCE_4391	77	Picture	PW	4387981	0	2	43200	3	0	43200
S004_MINIONCE_4391	77	Pulse	99	4403813	15832	NA
S004_MINIONCE_4391	77	Port Input	1	4403813	15832	NA
S004_MINIONCE_4391	77	Response	51	4420251	32270	1
S004_MINIONCE_4391	77	Picture	76_T_PWTRIAD_PW_anillo_red.png	4431181	43200	1	1900	2	43200	1800
S004_MINIONCE_4391	78	Picture	RW	4433281	0	1	43200	2	0	43200
S004_MINIONCE_4391	78	Pulse	99	4439815	6534	NA
S004_MINIONCE_4391	78	Port Input	1	4439815	6534	NA
S004_MINIONCE_4391	78	Response	51	4450331	17050	2
S004_MINIONCE_4391	78	Pulse	99	4475816	42535	NA
S004_MINIONCE_4391	78	Port Input	1	4475816	42535	NA
S004_MINIONCE_4391	78	Picture	77_T_RWTRIAD_RW_portatil_red.png	4476481	43200	1	1900	2	43200	1800
S004_MINIONCE_4391	79	Picture	RW	4478581	0	1	43200	2	0	43200
S004_MINIONCE_4391	79	Pulse	99	4511817	33236	NA
S004_MINIONCE_4391	79	Port Input	1	4511817	33236	NA
S004_MINIONCE_4391	79	Response	51	4514233	35652	1
S004_MINIONCE_4391	79	Picture	78_T_RWTRIAD_RW_carruaje_red.png	4521781	43200	1	1900	2	43200	1800
S004_MINIONCE_4391	80	Picture	RW	4523881	0	1	43200	2	0	43200
S004_MINIONCE_4391	80	Pulse	99	4547818	23937	NA
S004_MINIONCE_4391	80	Port Input	1	4547818	23937	NA
S004_MINIONCE_4391	80	Response	51	4558969	35088	1
S004_MINIONCE_4391	80	Picture	79_T_RWTRIAD_RW_tenedor_red.png	4567081	43200	1	1899	3	43200	1800
S004_MINIONCE_4391	81	Picture	RW	4569181	0	1	43200	2	0	43200
S004_MINIONCE_4391	81	Pulse	99	4583819	14638	NA
S004_MINIONCE_4391	81	Port Input	1	4583819	14638	NA
S004_MINIONCE_4391	81	Response	51	4609733	40552	1
S004_MINIONCE_4391	81	Picture	80_T_RWTRIAD_RW_ascensor_red.png	4612381	43200	1	1899	3	43200	1800
S004_MINIONCE_4391	82	Picture	rest	4614380	0	2	144100	3	0	144000
S004_MINIONCE_4391	82	Pulse	99	4619820	5440	NA
S004_MINIONCE_4391	82	Port Input	1	4619820	5440	NA
S004_MINIONCE_4391	82	Pulse	99	4655821	41441	NA
S004_MINIONCE_4391	82	Port Input	1	4655821	41441	NA
S004_MINIONCE_4391	82	Pulse	99	4691822	77442	NA
S004_MINIONCE_4391	82	Port Input	1	4691822	77442	NA
S004_MINIONCE_4391	82	Pulse	99	4727823	113443	NA
S004_MINIONCE_4391	82	Port Input	1	4727823	113443	NA
S004_MINIONCE_4391	83	Picture	endrest	4758580	0	1	10100	2	0	10000
S004_MINIONCE_4391	83	Pulse	99	4763824	5244	NA
S004_MINIONCE_4391	83	Port Input	1	4763824	5244	NA
S004_MINIONCE_4391	84	Picture	PW	4768880	0	1	43200	2	0	43200
S004_MINIONCE_4391	84	Pulse	99	4799825	30945	NA
S004_MINIONCE_4391	84	Port Input	1	4799825	30945	NA
S004_MINIONCE_4391	84	Response	51	4809067	40187	1
S004_MINIONCE_4391	84	Picture	83_T_PWTRIAD_PW_telarana_red.png	4812080	43200	1	1900	2	43200	1800
S004_MINIONCE_4391	85	Picture	PW	4814180	0	1	43199	3	0	43200
S004_MINIONCE_4391	85	Pulse	99	4835826	21646	NA
S004_MINIONCE_4391	85	Port Input	1	4835826	21646	NA
S004_MINIONCE_4391	85	Response	51	4843038	28858	1
S004_MINIONCE_4391	85	Picture	84_T_PWTRIAD_PW_plato_red.png	4857379	43199	2	1901	3	43200	1800
S004_MINIONCE_4391	86	Picture	PW	4859479	0	2	43200	3	0	43200
S004_MINIONCE_4391	86	Pulse	99	4871827	12348	NA
S004_MINIONCE_4391	86	Port Input	1	4871827	12348	NA
S004_MINIONCE_4391	86	Response	52	4889697	30218	1
S004_MINIONCE_4391	86	Picture	85_T_PWTRIAD_PW_telefono_red.png	4902679	43200	1	1900	2	43200	1800
S004_MINIONCE_4391	87	Picture	PW	4904779	0	1	43200	2	0	43200
S004_MINIONCE_4391	87	Pulse	99	4907828	3049	NA
S004_MINIONCE_4391	87	Port Input	1	4907828	3049	NA
S004_MINIONCE_4391	87	Pulse	99	4943829	39050	NA
S004_MINIONCE_4391	87	Port Input	1	4943829	39050	NA
S004_MINIONCE_4391	87	Picture	86_T_PWTRIAD_PW_grifo_red.png	4947979	43200	1	1900	2	43200	1800
S004_MINIONCE_4391	88	Picture	PW	4950079	0	1	43200	2	0	43200
S004_MINIONCE_4391	88	Response	52	4964893	14814	1
S004_MINIONCE_4391	88	Pulse	99	4979830	29751	NA
S004_MINIONCE_4391	88	Port Input	1	4979830	29751	NA
S004_MINIONCE_4391	88	Picture	87_T_PWTRIAD_PW_policia_red.png	4993279	43200	1	1900	2	43200	1800
S004_MINIONCE_4391	89	Picture	PW	4995379	0	1	43200	2	0	43200
S004_MINIONCE_4391	89	Pulse	99	5015831	20452	NA
S004_MINIONCE_4391	89	Port Input	1	5015831	20452	NA
S004_MINIONCE_4391	89	Response	51	5022222	26843	2
S004_MINIONCE_4391	89	Picture	88_T_PWTRIAD_PW_traje_red.png	5038579	43200	1	1900	2	43200	1800
S004_MINIONCE_4391	90	Picture	PW	5040679	0	1	43200	2	0	43200
S004_MINIONCE_4391	90	Pulse	99	5051832	11153	NA
S004_MINIONCE_4391	90	Port Input	1	5051832	11153	NA
S004_MINIONCE_4391	90	Response	51	5071655	30976	2
S004_MINIONCE_4391	90	Picture	89_T_PWTRIAD_PW_cinturon_red.png	5083879	43200	1	1900	2	43200	1800
S004_MINIONCE_4391	91	Picture	PW	5085979	0	1	43199	3	0	43200
S004_MINIONCE_4391	91	Pulse	99	5087833	1854	NA
S004_MINIONCE_4391	91	Port Input	1	5087833	1854	NA
S004_MINIONCE_4391	91	Response	52	5107351	21372	1
S004_MINIONCE_4391	91	Pulse	99	5123835	37856	NA
S004_MINIONCE_4391	91	Port Input	1	5123835	37856	NA
S004_MINIONCE_4391	91	Picture	90_T_PWTRIAD_PW_queso_red.png	5129178	43199	2	1900	3	43200	1800
S004_MINIONCE_4391	92	Picture	rest	5131178	0	2	144100	3	0	144000
S004_MINIONCE_4391	92	Pulse	99	5159836	28658	NA
S004_MINIONCE_4391	92	Port Input	1	5159836	28658	NA
S004_MINIONCE_4391	92	Pulse	99	5195837	64659	NA
S004_MINIONCE_4391	92	Port Input	1	5195837	64659	NA
S004_MINIONCE_4391	92	Pulse	99	5231838	100660	NA
S004_MINIONCE_4391	92	Port Input	1	5231838	100660	NA
S004_MINIONCE_4391	92	Pulse	99	5267839	136661	NA
S004_MINIONCE_4391	92	Port Input	1	5267839	136661	NA
S004_MINIONCE_4391	93	Picture	endrest	5275378	0	1	10100	2	0	10000
S004_MINIONCE_4391	94	Picture	PW	5285678	0	1	43200	2	0	43200
S004_MINIONCE_4391	94	Pulse	99	5303840	18162	NA
S004_MINIONCE_4391	94	Port Input	1	5303840	18162	NA
S004_MINIONCE_4391	94	Response	51	5319465	33787	2
S004_MINIONCE_4391	94	Picture	93_T_PWTRIAD_PW_destornillador_red.png	5328878	43200	1	1900	2	43200	1800
S004_MINIONCE_4391	95	Picture	PW	5330978	0	1	43199	2	0	43200
S004_MINIONCE_4391	95	Pulse	99	5339841	8863	NA
S004_MINIONCE_4391	95	Port Input	1	5339841	8863	NA
S004_MINIONCE_4391	95	Response	51	5354075	23097	1
S004_MINIONCE_4391	95	Picture	94_T_PWTRIAD_PW_candado_red.png	5374177	43199	1	1900	3	43200	1800
S004_MINIONCE_4391	95	Pulse	99	5375842	44864	NA
S004_MINIONCE_4391	95	Port Input	1	5375842	44864	NA
S004_MINIONCE_4391	96	Picture	PW	5376277	0	2	43200	3	0	43200
S004_MINIONCE_4391	96	Response	51	5399974	23697	1
S004_MINIONCE_4391	96	Pulse	99	5411843	35566	NA
S004_MINIONCE_4391	96	Port Input	1	5411843	35566	NA
S004_MINIONCE_4391	96	Picture	95_T_PWTRIAD_PW_chupete_red.png	5419477	43200	1	1900	2	43200	1800
S004_MINIONCE_4391	97	Picture	PW	5421577	0	1	43200	2	0	43200
S004_MINIONCE_4391	97	Pulse	99	5447844	26267	NA
S004_MINIONCE_4391	97	Port Input	1	5447844	26267	NA
S004_MINIONCE_4391	97	Response	51	5449879	28302	1
S004_MINIONCE_4391	97	Picture	96_T_PWTRIAD_PW_tenedor_red.png	5464777	43200	1	1900	2	43200	1800
S004_MINIONCE_4391	98	Picture	FF	5466877	0	1	43200	2	0	43200
S004_MINIONCE_4391	98	Pulse	99	5483845	16968	NA
S004_MINIONCE_4391	98	Port Input	1	5483845	16968	NA
S004_MINIONCE_4391	98	Response	51	5487287	20410	1
S004_MINIONCE_4391	98	Picture	97_T_FFTRIAD_FF_pincel_red.png	5510077	43200	1	1900	2	43200	1800
S004_MINIONCE_4391	99	Picture	FF	5512177	0	1	43200	2	0	43200
S004_MINIONCE_4391	99	Pulse	99	5519846	7669	NA
S004_MINIONCE_4391	99	Port Input	1	5519846	7669	NA
S004_MINIONCE_4391	99	Response	52	5522581	10404	1
S004_MINIONCE_4391	99	Picture	98_T_FFTRIAD_FF_bebe_red.png	5555377	43200	1	1900	2	43200	1800
S004_MINIONCE_4391	99	Pulse	99	5555847	43670	NA
S004_MINIONCE_4391	99	Port Input	1	5555847	43670	NA
S004_MINIONCE_4391	100	Picture	FF	5557477	0	1	43199	3	0	43200
S004_MINIONCE_4391	100	Response	52	5571598	14121	1
S004_MINIONCE_4391	100	Pulse	99	5591848	34371	NA
S004_MINIONCE_4391	100	Port Input	1	5591848	34371	NA
S004_MINIONCE_4391	100	Picture	99_T_FFTRIAD_FF_sobre_red.png	5600676	43199	2	1900	4	43200	1800
S004_MINIONCE_4391	101	Picture	FF	5602776	0	2	43200	3	0	43200
S004_MINIONCE_4391	101	Pulse	99	5627849	25073	NA
S004_MINIONCE_4391	101	Port Input	1	5627849	25073	NA
S004_MINIONCE_4391	101	Response	51	5629900	27124	1
S004_MINIONCE_4391	101	Picture	100_T_FFTRIAD_FF_llave_red.png	5645976	43200	1	1900	2	43200	1800
S004_MINIONCE_4391	102	Picture	rest	5647976	0	1	144100	2	0	144000
S004_MINIONCE_4391	102	Pulse	99	5663850	15874	NA
S004_MINIONCE_4391	102	Port Input	1	5663850	15874	NA
S004_MINIONCE_4391	102	Pulse	99	5699851	51875	NA
S004_MINIONCE_4391	102	Port Input	1	5699851	51875	NA
S004_MINIONCE_4391	102	Pulse	99	5735852	87876	NA
S004_MINIONCE_4391	102	Port Input	1	5735852	87876	NA
S004_MINIONCE_4391	102	Pulse	99	5771853	123877	NA
S004_MINIONCE_4391	102	Port Input	1	5771853	123877	NA
S004_MINIONCE_4391	103	Picture	endrest	5792176	0	1	10100	2	0	10000
S004_MINIONCE_4391	104	Picture	FF	5802476	0	1	43199	3	0	43200
S004_MINIONCE_4391	104	Pulse	99	5807855	5379	NA
S004_MINIONCE_4391	104	Port Input	1	5807855	5379	NA
S004_MINIONCE_4391	104	Response	51	5829863	27387	1
S004_MINIONCE_4391	104	Pulse	99	5843856	41380	NA
S004_MINIONCE_4391	104	Port Input	1	5843856	41380	NA
S004_MINIONCE_4391	104	Picture	103_T_FFTRIAD_FF_tijera_red.png	5845675	43199	2	1900	4	43200	1800
S004_MINIONCE_4391	105	Picture	FF	5847775	0	2	43200	3	0	43200
S004_MINIONCE_4391	105	Response	52	5879131	31356	1
S004_MINIONCE_4391	105	Pulse	99	5879857	32082	NA
S004_MINIONCE_4391	105	Port Input	1	5879857	32082	NA
S004_MINIONCE_4391	105	Picture	104_T_FFTRIAD_FF_futbol_red.png	5890975	43200	1	1900	2	43200	1800
S004_MINIONCE_4391	106	Picture	FF	5893075	0	1	43200	2	0	43200
S004_MINIONCE_4391	106	Response	52	5905621	12546	2
S004_MINIONCE_4391	106	Pulse	99	5915858	22783	NA
S004_MINIONCE_4391	106	Port Input	1	5915858	22783	NA
S004_MINIONCE_4391	106	Picture	105_T_FFTRIAD_FF_lechuga_red.png	5936275	43200	1	1900	2	43200	1800
S004_MINIONCE_4391	107	Picture	FF	5938375	0	1	43200	2	0	43200
S004_MINIONCE_4391	107	Response	52	5948827	10452	1
S004_MINIONCE_4391	107	Pulse	99	5951859	13484	NA
S004_MINIONCE_4391	107	Port Input	1	5951859	13484	NA
S004_MINIONCE_4391	107	Picture	106_T_FFTRIAD_FF_ascensor_red.png	5981575	43200	1	1900	2	43200	1800
S004_MINIONCE_4391	108	Picture	PW	5983675	0	1	43200	2	0	43200
S004_MINIONCE_4391	108	Pulse	99	5987860	4185	NA
S004_MINIONCE_4391	108	Port Input	1	5987860	4185	NA
S004_MINIONCE_4391	108	Response	51	6013877	30202	1
S004_MINIONCE_4391	108	Pulse	99	6023861	40186	NA
S004_MINIONCE_4391	108	Port Input	1	6023861	40186	NA
S004_MINIONCE_4391	108	Picture	107_T_PWTRIAD_PW_bala_red.png	6026875	43200	1	1900	2	43200	1800
S004_MINIONCE_4391	109	Picture	PW	6028975	0	1	43200	2	0	43200
S004_MINIONCE_4391	109	Pulse	99	6059862	30887	NA
S004_MINIONCE_4391	109	Port Input	1	6059862	30887	NA
S004_MINIONCE_4391	109	Response	52	6068305	39330	1
S004_MINIONCE_4391	109	Picture	108_T_PWTRIAD_PW_oruga_red.png	6072175	43200	1	1899	3	43200	1800
S004_MINIONCE_4391	110	Picture	PW	6074274	0	2	43200	3	0	43200
S004_MINIONCE_4391	110	Response	52	6088667	14393	1
S004_MINIONCE_4391	110	Pulse	99	6095863	21589	NA
S004_MINIONCE_4391	110	Port Input	1	6095863	21589	NA
S004_MINIONCE_4391	110	Picture	109_T_PWTRIAD_PW_martillo_red.png	6117474	43200	1	1900	2	43200	1800
S004_MINIONCE_4391	111	Picture	PW	6119574	0	1	43200	2	0	43200
S004_MINIONCE_4391	111	Pulse	99	6131864	12290	NA
S004_MINIONCE_4391	111	Port Input	1	6131864	12290	NA
S004_MINIONCE_4391	111	Response	51	6137864	18290	1
S004_MINIONCE_4391	111	Picture	110_T_PWTRIAD_PW_cortina_red.png	6162774	43200	1	1900	2	43200	1800
S004_MINIONCE_4391	112	Picture	rest	6164774	0	1	144100	2	0	144000
S004_MINIONCE_4391	112	Pulse	99	6167865	3091	NA
S004_MINIONCE_4391	112	Port Input	1	6167865	3091	NA
S004_MINIONCE_4391	112	Pulse	99	6203866	39092	NA
S004_MINIONCE_4391	112	Port Input	1	6203866	39092	NA
S004_MINIONCE_4391	112	Pulse	99	6239867	75093	NA
S004_MINIONCE_4391	112	Port Input	1	6239867	75093	NA
S004_MINIONCE_4391	112	Pulse	99	6275868	111094	NA
S004_MINIONCE_4391	112	Port Input	1	6275868	111094	NA
S004_MINIONCE_4391	113	Picture	endrest	6308974	0	1	10099	3	0	10000
S004_MINIONCE_4391	113	Pulse	99	6311869	2895	NA
S004_MINIONCE_4391	113	Port Input	1	6311869	2895	NA
S004_MINIONCE_4391	114	Picture	FF	6319273	0	2	43200	3	0	43200
S004_MINIONCE_4391	114	Response	51	6339590	20317	1
S004_MINIONCE_4391	114	Pulse	99	6347870	28597	NA
S004_MINIONCE_4391	114	Port Input	1	6347870	28597	NA
S004_MINIONCE_4391	114	Picture	113_T_FFTRIAD_FF_piramide_red.png	6362473	43200	1	1900	2	43200	1800
S004_MINIONCE_4391	115	Picture	FF	6364573	0	1	43200	2	0	43200
S004_MINIONCE_4391	115	Response	51	6375489	10916	1
S004_MINIONCE_4391	115	Pulse	99	6383871	19298	NA
S004_MINIONCE_4391	115	Port Input	1	6383871	19298	NA
S004_MINIONCE_4391	115	Picture	114_T_FFTRIAD_FF_charco_red.png	6407773	43200	1	1900	2	43200	1800
S004_MINIONCE_4391	116	Picture	FF	6409873	0	1	43200	2	0	43200
S004_MINIONCE_4391	116	Pulse	99	6419872	9999	NA
S004_MINIONCE_4391	116	Port Input	1	6419872	9999	NA
S004_MINIONCE_4391	116	Response	51	6436744	26871	1
S004_MINIONCE_4391	116	Picture	115_T_FFTRIAD_FF_pluma_red.png	6453073	43200	1	1900	2	43200	1800
S004_MINIONCE_4391	117	Picture	FF	6455173	0	1	43200	2	0	43200
S004_MINIONCE_4391	117	Pulse	99	6455873	700	NA
S004_MINIONCE_4391	117	Port Input	1	6455873	700	NA
S004_MINIONCE_4391	117	Response	52	6468314	13141	1
S004_MINIONCE_4391	117	Pulse	99	6491875	36702	NA
S004_MINIONCE_4391	117	Port Input	1	6491875	36702	NA
S004_MINIONCE_4391	117	Picture	116_T_FFTRIAD_FF_anillo_red.png	6498373	43200	1	1900	2	43200	1800
S004_MINIONCE_4391	118	Picture	RW	6500473	0	1	43200	2	0	43200
S004_MINIONCE_4391	118	Pulse	99	6527876	27403	NA
S004_MINIONCE_4391	118	Port Input	1	6527876	27403	NA
S004_MINIONCE_4391	118	Response	51	6535131	34658	1
S004_MINIONCE_4391	118	Picture	117_T_RWTRIAD_RW_estetoscopio_red.png	6543673	43200	1	1900	2	43200	1800
S004_MINIONCE_4391	119	Picture	RW	6545773	0	1	43199	3	0	43200
S004_MINIONCE_4391	119	Response	52	6559890	14117	2
S004_MINIONCE_4391	119	Pulse	99	6563877	18104	NA
S004_MINIONCE_4391	119	Port Input	1	6563877	18104	NA
S004_MINIONCE_4391	119	Picture	118_T_RWTRIAD_RW_futbol_red.png	6588972	43199	2	1900	4	43200	1800
S004_MINIONCE_4391	120	Picture	RW	6591072	0	2	43200	3	0	43200
S004_MINIONCE_4391	120	Pulse	99	6599878	8806	NA
S004_MINIONCE_4391	120	Port Input	1	6599878	8806	NA
S004_MINIONCE_4391	120	Response	51	6624290	33218	1
S004_MINIONCE_4391	120	Picture	119_T_RWTRIAD_RW_pilas_red.png	6634272	43200	1	1900	2	43200	1800
S004_MINIONCE_4391	120	Pulse	99	6635879	44807	NA
S004_MINIONCE_4391	120	Port Input	1	6635879	44807	NA
S004_MINIONCE_4391	121	Picture	RW	6636372	0	1	43200	2	0	43200
S004_MINIONCE_4391	121	Response	52	6658142	21770	2
S004_MINIONCE_4391	121	Pulse	99	6671880	35508	NA
S004_MINIONCE_4391	121	Port Input	1	6671880	35508	NA
S004_MINIONCE_4391	121	Picture	120_T_RWTRIAD_RW_paraguas_red.png	6679572	43200	1	1900	2	43200	1800
S004_MINIONCE_4391	122	Picture	rest	6681572	0	1	144099	3	0	144000
S004_MINIONCE_4391	122	Pulse	99	6707881	26309	NA
S004_MINIONCE_4391	122	Port Input	1	6707881	26309	NA
S004_MINIONCE_4391	122	Pulse	99	6743882	62310	NA
S004_MINIONCE_4391	122	Port Input	1	6743882	62310	NA
S004_MINIONCE_4391	122	Pulse	99	6779883	98311	NA
S004_MINIONCE_4391	122	Port Input	1	6779883	98311	NA
S004_MINIONCE_4391	122	Pulse	99	6815884	134312	NA
S004_MINIONCE_4391	122	Port Input	1	6815884	134312	NA
S004_MINIONCE_4391	123	Picture	endrest	6825771	0	2	10100	3	0	10000
S004_MINIONCE_4391	124	Picture	PW	6836071	0	1	43200	2	0	43200
S004_MINIONCE_4391	124	Pulse	99	6851885	15814	NA
S004_MINIONCE_4391	124	Port Input	1	6851885	15814	NA
S004_MINIONCE_4391	124	Picture	123_T_PWTRIAD_PW_estetoscopio_red.png	6879271	43200	1	1900	2	43200	1800
S004_MINIONCE_4391	125	Picture	PW	6881371	0	1	43200	2	0	43200
S004_MINIONCE_4391	125	Pulse	99	6887886	6515	NA
S004_MINIONCE_4391	125	Port Input	1	6887886	6515	NA
S004_MINIONCE_4391	125	Response	52	6904560	23189	1
S004_MINIONCE_4391	125	Pulse	99	6923887	42516	NA
S004_MINIONCE_4391	125	Port Input	1	6923887	42516	NA
S004_MINIONCE_4391	125	Picture	124_T_PWTRIAD_PW_ascensor_red.png	6924571	43200	1	1900	2	43200	1800
S004_MINIONCE_4391	126	Picture	PW	6926671	0	1	43200	2	0	43200
S004_MINIONCE_4391	126	Response	52	6940405	13734	1
S004_MINIONCE_4391	126	Pulse	99	6959888	33217	NA
S004_MINIONCE_4391	126	Port Input	1	6959888	33217	NA
S004_MINIONCE_4391	126	Picture	125_T_PWTRIAD_PW_sobre_red.png	6969871	43200	1	1900	2	43200	1800
S004_MINIONCE_4391	127	Picture	PW	6971971	0	1	43200	2	0	43200
S004_MINIONCE_4391	127	Pulse	99	6995889	23918	NA
S004_MINIONCE_4391	127	Port Input	1	6995889	23918	NA
S004_MINIONCE_4391	127	Response	51	6998602	26631	1
S004_MINIONCE_4391	127	Picture	126_T_PWTRIAD_PW_teclado_red.png	7015171	43200	1	1900	2	43200	1800
S004_MINIONCE_4391	128	Picture	FF	7017271	0	1	43199	3	0	43200
S004_MINIONCE_4391	128	Pulse	99	7031890	14619	NA
S004_MINIONCE_4391	128	Port Input	1	7031890	14619	NA
S004_MINIONCE_4391	128	Response	52	7038625	21354	2
S004_MINIONCE_4391	128	Picture	127_T_FFTRIAD_FF_manos_red.png	7060470	43199	2	1900	4	43200	1800
S004_MINIONCE_4391	129	Picture	FF	7062570	0	2	43200	3	0	43200
S004_MINIONCE_4391	129	Pulse	99	7067891	5321	NA
S004_MINIONCE_4391	129	Port Input	1	7067891	5321	NA
S004_MINIONCE_4391	129	Response	51	7100497	37927	1
S004_MINIONCE_4391	129	Pulse	99	7103892	41322	NA
S004_MINIONCE_4391	129	Port Input	1	7103892	41322	NA
S004_MINIONCE_4391	129	Picture	128_T_FFTRIAD_FF_paracaidas_red.png	7105770	43200	1	1900	2	43200	1800
S004_MINIONCE_4391	130	Picture	FF	7107870	0	1	43200	2	0	43200
S004_MINIONCE_4391	130	Response	51	7134021	26151	1
S004_MINIONCE_4391	130	Pulse	99	7139893	32023	NA
S004_MINIONCE_4391	130	Port Input	1	7139893	32023	NA
S004_MINIONCE_4391	130	Picture	129_T_FFTRIAD_FF_novia_red.png	7151070	43200	1	1900	2	43200	1800
S004_MINIONCE_4391	131	Picture	FF	7153170	0	1	43200	2	0	43200
S004_MINIONCE_4391	131	Pulse	99	7175894	22724	NA
S004_MINIONCE_4391	131	Port Input	1	7175894	22724	NA
S004_MINIONCE_4391	131	Response	52	7176987	23817	1
S004_MINIONCE_4391	131	Picture	130_T_FFTRIAD_FF_candado_red.png	7196370	43200	1	1900	2	43200	1800
S004_MINIONCE_4391	132	Picture	rest	7198370	0	1	144099	2	0	144000
S004_MINIONCE_4391	132	Pulse	99	7211896	13526	NA
S004_MINIONCE_4391	132	Port Input	1	7211896	13526	NA
S004_MINIONCE_4391	132	Pulse	99	7247897	49527	NA
S004_MINIONCE_4391	132	Port Input	1	7247897	49527	NA
S004_MINIONCE_4391	132	Pulse	99	7283898	85528	NA
S004_MINIONCE_4391	132	Port Input	1	7283898	85528	NA
S004_MINIONCE_4391	132	Pulse	99	7319899	121529	NA
S004_MINIONCE_4391	132	Port Input	1	7319899	121529	NA
S004_MINIONCE_4391	133	Picture	endrest	7342569	0	1	10100	2	0	10000
S004_MINIONCE_4391	134	Picture	PW	7352869	0	1	43200	2	0	43200
S004_MINIONCE_4391	134	Pulse	99	7355900	3031	NA
S004_MINIONCE_4391	134	Port Input	1	7355900	3031	NA
S004_MINIONCE_4391	134	Response	52	7379329	26460	1
S004_MINIONCE_4391	134	Pulse	99	7391901	39032	NA
S004_MINIONCE_4391	134	Port Input	1	7391901	39032	NA
S004_MINIONCE_4391	134	Picture	133_T_PWTRIAD_PW_perro_red.png	7396069	43200	1	1900	2	43200	1800
S004_MINIONCE_4391	135	Picture	PW	7398169	0	1	43200	2	0	43200
S004_MINIONCE_4391	135	Response	51	7421703	23534	1
S004_MINIONCE_4391	135	Pulse	99	7427902	29733	NA
S004_MINIONCE_4391	135	Port Input	1	7427902	29733	NA
S004_MINIONCE_4391	135	Picture	134_T_PWTRIAD_PW_cerillas_red.png	7441369	43200	1	1900	2	43200	1800
S004_MINIONCE_4391	136	Picture	PW	7443469	0	1	43200	2	0	43200
S004_MINIONCE_4391	136	Response	52	7460709	17240	1
S004_MINIONCE_4391	136	Pulse	99	7463903	20434	NA
S004_MINIONCE_4391	136	Port Input	1	7463903	20434	NA
S004_MINIONCE_4391	136	Picture	135_T_PWTRIAD_PW_futbol_red.png	7486669	43200	1	1900	2	43200	1800
S004_MINIONCE_4391	137	Picture	PW	7488769	0	1	43199	3	0	43200
S004_MINIONCE_4391	137	Pulse	99	7499904	11135	NA
S004_MINIONCE_4391	137	Port Input	1	7499904	11135	NA
S004_MINIONCE_4391	137	Response	51	7529063	40294	1
S004_MINIONCE_4391	137	Picture	136_T_PWTRIAD_PW_lenador_red.png	7531968	43199	2	1900	4	43200	1800
S004_MINIONCE_4391	138	Picture	rest	7533968	0	2	144100	3	0	144000
S004_MINIONCE_4391	138	Pulse	99	7535905	1937	NA
S004_MINIONCE_4391	138	Port Input	1	7535905	1937	NA
S004_MINIONCE_4391	138	Pulse	99	7571906	37938	NA
S004_MINIONCE_4391	138	Port Input	1	7571906	37938	NA
S004_MINIONCE_4391	139	Picture	endrest	7678168	0	1	10100	2	0	10000
S004_MINIONCE_4391	140	Picture	endrest	7688368	0	1	10100	2	0	10000
S004_MINIONCE_4391	141	Picture	endrest	7698568	0	1	10100	2	0	10000
S004_MINIONCE_4391	142	Picture	endrest	7708768	0	1	10100	2	0	10000
