Scenario - vOT_Triads_fMRI_I
Logfile written - 06/11/2015 10:53:28

Subject	Trial	Event Type	Code	Time	TTime	Uncertainty	Duration	Uncertainty	ReqTime	ReqDur

S004_MINIONCE_4391	1	Response	98	470520	480220	1
S004_MINIONCE_4391	2	Response	52	727343	256746	1
S004_MINIONCE_4391	2	Response	98	867168	396571	1
S004_MINIONCE_4391	3	Response	52	1071953	204658	1
S004_MINIONCE_4391	3	Response	98	1082289	214994	2
S004_MINIONCE_4391	4	Response	52	1184864	102469	1
S004_MINIONCE_4391	4	Response	98	1348544	266149	2
S004_MINIONCE_4391	6	Pulse	99	1582900	234206	NA
S004_MINIONCE_4391	6	Port Input	1	1582900	234206	NA
S004_MINIONCE_4391	6	Pulse	99	1618901	270207	NA
S004_MINIONCE_4391	6	Port Input	1	1618901	270207	NA
S004_MINIONCE_4391	6	Pulse	99	1654902	306208	NA
S004_MINIONCE_4391	6	Port Input	1	1654902	306208	NA
S004_MINIONCE_4391	6	Pulse	99	1690903	342209	NA
S004_MINIONCE_4391	6	Port Input	1	1690903	342209	NA
S004_MINIONCE_4391	6	Pulse	99	1726904	378210	NA
S004_MINIONCE_4391	6	Port Input	1	1726904	378210	NA
S004_MINIONCE_4391	7	Picture	rest	1727192	0	1	144100	2	0	144000
S004_MINIONCE_4391	7	Pulse	99	1762905	35713	NA
S004_MINIONCE_4391	7	Port Input	1	1762905	35713	NA
S004_MINIONCE_4391	7	Pulse	99	1798906	71714	NA
S004_MINIONCE_4391	7	Port Input	1	1798906	71714	NA
S004_MINIONCE_4391	7	Pulse	99	1834907	107715	NA
S004_MINIONCE_4391	7	Port Input	1	1834907	107715	NA
S004_MINIONCE_4391	7	Pulse	99	1870909	143717	NA
S004_MINIONCE_4391	7	Port Input	1	1870909	143717	NA
S004_MINIONCE_4391	8	Picture	endrest	1871392	0	1	10100	2	0	10000
S004_MINIONCE_4391	9	Picture	PW	1881692	0	1	43199	3	0	43200
S004_MINIONCE_4391	9	Pulse	99	1906910	25218	NA
S004_MINIONCE_4391	9	Port Input	1	1906910	25218	NA
S004_MINIONCE_4391	9	Picture	3_T_PWTRIAD_PW_tijera_red.png	1924891	43199	2	1900	4	43200	1800
S004_MINIONCE_4391	10	Picture	PW	1926991	0	2	43200	3	0	43200
S004_MINIONCE_4391	10	Pulse	99	1942911	15920	NA
S004_MINIONCE_4391	10	Port Input	1	1942911	15920	NA
S004_MINIONCE_4391	10	Response	52	1943560	16569	1
S004_MINIONCE_4391	10	Picture	4_T_PWTRIAD_PW_dedal_red.png	1970191	43200	1	1900	2	43200	1800
S004_MINIONCE_4391	11	Picture	PW	1972291	0	1	43200	2	0	43200
S004_MINIONCE_4391	11	Pulse	99	1978912	6621	NA
S004_MINIONCE_4391	11	Port Input	1	1978912	6621	NA
S004_MINIONCE_4391	11	Pulse	99	2014913	42622	NA
S004_MINIONCE_4391	11	Port Input	1	2014913	42622	NA
S004_MINIONCE_4391	11	Picture	5_T_PWTRIAD_PW_carruaje_red.png	2015491	43200	1	1900	2	43200	1800
S004_MINIONCE_4391	11	Response	51	2017186	44895	1
S004_MINIONCE_4391	12	Picture	PW	2017591	0	1	43200	2	0	43200
S004_MINIONCE_4391	12	Pulse	99	2050914	33323	NA
S004_MINIONCE_4391	12	Port Input	1	2050914	33323	NA
S004_MINIONCE_4391	12	Response	52	2054006	36415	1
S004_MINIONCE_4391	12	Picture	6_T_PWTRIAD_PW_grapadora_red.png	2060791	43200	1	1900	2	43200	1800
S004_MINIONCE_4391	13	Picture	FF	2062891	0	1	43200	2	0	43200
S004_MINIONCE_4391	13	Response	52	2083463	20572	1
S004_MINIONCE_4391	13	Pulse	99	2086915	24024	NA
S004_MINIONCE_4391	13	Port Input	1	2086915	24024	NA
S004_MINIONCE_4391	13	Picture	7_T_FFTRIAD_FF_cerillas_red.png	2106091	43200	1	1900	2	43200	1800
S004_MINIONCE_4391	14	Picture	FF	2108191	0	1	43200	2	0	43200
S004_MINIONCE_4391	14	Pulse	99	2122916	14725	NA
S004_MINIONCE_4391	14	Port Input	1	2122916	14725	NA
S004_MINIONCE_4391	14	Response	51	2140046	31855	1
S004_MINIONCE_4391	14	Picture	8_T_FFTRIAD_FF_tenedor_red.png	2151391	43200	1	1900	2	43200	1800
S004_MINIONCE_4391	15	Picture	FF	2153490	0	2	43200	3	0	43200
S004_MINIONCE_4391	15	Pulse	99	2158917	5427	NA
S004_MINIONCE_4391	15	Port Input	1	2158917	5427	NA
S004_MINIONCE_4391	15	Response	51	2171520	18030	1
S004_MINIONCE_4391	15	Pulse	99	2194918	41428	NA
S004_MINIONCE_4391	15	Port Input	1	2194918	41428	NA
S004_MINIONCE_4391	15	Picture	9_T_FFTRIAD_FF_perro_red.png	2196690	43200	1	1900	2	43200	1800
S004_MINIONCE_4391	16	Picture	FF	2198790	0	1	43200	2	0	43200
S004_MINIONCE_4391	16	Response	51	2215268	16478	1
S004_MINIONCE_4391	16	Pulse	99	2230919	32129	NA
S004_MINIONCE_4391	16	Port Input	1	2230919	32129	NA
S004_MINIONCE_4391	16	Picture	10_T_FFTRIAD_FF_violin_red.png	2241990	43200	1	1900	2	43200	1800
S004_MINIONCE_4391	17	Picture	rest	2243990	0	1	144100	2	0	144000
S004_MINIONCE_4391	17	Pulse	99	2266920	22930	NA
S004_MINIONCE_4391	17	Port Input	1	2266920	22930	NA
S004_MINIONCE_4391	17	Pulse	99	2302921	58931	NA
S004_MINIONCE_4391	17	Port Input	1	2302921	58931	NA
S004_MINIONCE_4391	17	Pulse	99	2338922	94932	NA
S004_MINIONCE_4391	17	Port Input	1	2338922	94932	NA
S004_MINIONCE_4391	17	Pulse	99	2374923	130933	NA
S004_MINIONCE_4391	17	Port Input	1	2374923	130933	NA
S004_MINIONCE_4391	18	Picture	endrest	2388190	0	1	10100	2	0	10000
S004_MINIONCE_4391	19	Picture	FF	2398490	0	1	43199	2	0	43200
S004_MINIONCE_4391	19	Pulse	99	2410924	12434	NA
S004_MINIONCE_4391	19	Port Input	1	2410924	12434	NA
S004_MINIONCE_4391	19	Response	51	2423479	24989	1
S004_MINIONCE_4391	19	Picture	13_T_FFTRIAD_FF_dedal_red.png	2441689	43199	1	1900	2	43200	1800
S004_MINIONCE_4391	20	Picture	FF	2443789	0	1	43200	2	0	43200
S004_MINIONCE_4391	20	Pulse	99	2446925	3136	NA
S004_MINIONCE_4391	20	Port Input	1	2446925	3136	NA
S004_MINIONCE_4391	20	Response	51	2466306	22517	1
S004_MINIONCE_4391	20	Pulse	99	2482927	39138	NA
S004_MINIONCE_4391	20	Port Input	1	2482927	39138	NA
S004_MINIONCE_4391	20	Picture	14_T_FFTRIAD_FF_granjero_red.png	2486989	43200	1	1899	4	43200	1800
S004_MINIONCE_4391	21	Picture	FF	2489089	0	1	43200	2	0	43200
S004_MINIONCE_4391	21	Response	51	2509324	20235	1
S004_MINIONCE_4391	21	Pulse	99	2518928	29839	NA
S004_MINIONCE_4391	21	Port Input	1	2518928	29839	NA
S004_MINIONCE_4391	21	Picture	15_T_FFTRIAD_FF_oruga_red.png	2532289	43200	1	1900	2	43200	1800
S004_MINIONCE_4391	22	Picture	FF	2534389	0	1	43200	2	0	43200
S004_MINIONCE_4391	22	Pulse	99	2554929	20540	NA
S004_MINIONCE_4391	22	Port Input	1	2554929	20540	NA
S004_MINIONCE_4391	22	Response	52	2560431	26042	1
S004_MINIONCE_4391	22	Picture	16_T_FFTRIAD_FF_gafas_red.png	2577589	43200	1	1900	2	43200	1800
S004_MINIONCE_4391	23	Picture	PW	2579689	0	1	43200	2	0	43200
S004_MINIONCE_4391	23	Pulse	99	2590930	11241	NA
S004_MINIONCE_4391	23	Port Input	1	2590930	11241	NA
S004_MINIONCE_4391	23	Response	52	2609701	30012	1
S004_MINIONCE_4391	23	Picture	17_T_PWTRIAD_PW_banera_red.png	2622889	43200	1	1900	2	43200	1800
S004_MINIONCE_4391	24	Picture	PW	2624989	0	1	43199	3	0	43200
S004_MINIONCE_4391	24	Pulse	99	2626931	1942	NA
S004_MINIONCE_4391	24	Port Input	1	2626931	1942	NA
S004_MINIONCE_4391	24	Response	51	2661465	36476	1
S004_MINIONCE_4391	24	Pulse	99	2662932	37943	NA
S004_MINIONCE_4391	24	Port Input	1	2662932	37943	NA
S004_MINIONCE_4391	24	Picture	18_T_PWTRIAD_PW_charco_red.png	2668188	43199	2	1900	4	43200	1800
S004_MINIONCE_4391	25	Picture	PW	2670288	0	2	43200	3	0	43200
S004_MINIONCE_4391	25	Pulse	99	2698933	28645	NA
S004_MINIONCE_4391	25	Port Input	1	2698933	28645	NA
S004_MINIONCE_4391	25	Response	51	2699051	28763	5
S004_MINIONCE_4391	25	Picture	19_T_PWTRIAD_PW_pizarra_red.png	2713488	43200	1	1900	2	43200	1800
S004_MINIONCE_4391	26	Picture	PW	2715588	0	1	43200	2	0	43200
S004_MINIONCE_4391	26	Pulse	99	2734934	19346	NA
S004_MINIONCE_4391	26	Port Input	1	2734934	19346	NA
S004_MINIONCE_4391	26	Picture	20_T_PWTRIAD_PW_murcielago_red.png	2758788	43200	1	1900	2	43200	1800
S004_MINIONCE_4391	27	Picture	rest	2760788	0	1	144099	3	0	144000
S004_MINIONCE_4391	27	Pulse	99	2770935	10147	NA
S004_MINIONCE_4391	27	Port Input	1	2770935	10147	NA
S004_MINIONCE_4391	27	Pulse	99	2806936	46148	NA
S004_MINIONCE_4391	27	Port Input	1	2806936	46148	NA
S004_MINIONCE_4391	27	Pulse	99	2842937	82149	NA
S004_MINIONCE_4391	27	Port Input	1	2842937	82149	NA
S004_MINIONCE_4391	27	Pulse	99	2878938	118150	NA
S004_MINIONCE_4391	27	Port Input	1	2878938	118150	NA
S004_MINIONCE_4391	28	Picture	endrest	2904987	0	2	10100	4	0	10000
S004_MINIONCE_4391	28	Pulse	99	2914939	9952	NA
S004_MINIONCE_4391	28	Port Input	1	2914939	9952	NA
S004_MINIONCE_4391	29	Picture	RW	2915287	0	2	43200	3	0	43200
S004_MINIONCE_4391	29	Response	51	2935959	20672	1
S004_MINIONCE_4391	29	Pulse	99	2950940	35653	NA
S004_MINIONCE_4391	29	Port Input	1	2950940	35653	NA
S004_MINIONCE_4391	29	Picture	23_T_RWTRIAD_RW_madera_red.png	2958487	43200	1	1900	2	43200	1800
S004_MINIONCE_4391	30	Picture	RW	2960587	0	1	43200	2	0	43200
S004_MINIONCE_4391	30	Response	51	2975402	14815	1
S004_MINIONCE_4391	30	Pulse	99	2986941	26354	NA
S004_MINIONCE_4391	30	Port Input	1	2986941	26354	NA
S004_MINIONCE_4391	30	Picture	24_T_RWTRIAD_RW_grifo_red.png	3003787	43200	1	1900	2	43200	1800
S004_MINIONCE_4391	31	Picture	RW	3005887	0	1	43200	2	0	43200
S004_MINIONCE_4391	31	Response	52	3020427	14540	2
S004_MINIONCE_4391	31	Pulse	99	3022942	17055	NA
S004_MINIONCE_4391	31	Port Input	1	3022942	17055	NA
S004_MINIONCE_4391	31	Picture	25_T_RWTRIAD_RW_sobre_red.png	3049087	43200	1	1900	2	43200	1800
S004_MINIONCE_4391	32	Picture	RW	3051187	0	1	43200	2	0	43200
S004_MINIONCE_4391	32	Pulse	99	3058943	7756	NA
S004_MINIONCE_4391	32	Port Input	1	3058943	7756	NA
S004_MINIONCE_4391	32	Response	51	3065792	14605	1
S004_MINIONCE_4391	32	Picture	26_T_RWTRIAD_RW_charco_red.png	3094387	43200	1	1900	2	43200	1800
S004_MINIONCE_4391	32	Pulse	99	3094945	43758	NA
S004_MINIONCE_4391	32	Port Input	1	3094945	43758	NA
S004_MINIONCE_4391	33	Picture	RW	3096487	0	1	43199	3	0	43200
S004_MINIONCE_4391	33	Response	52	3111806	15319	1
S004_MINIONCE_4391	33	Pulse	99	3130946	34459	NA
S004_MINIONCE_4391	33	Port Input	1	3130946	34459	NA
S004_MINIONCE_4391	33	Picture	27_T_RWTRIAD_RW_llave_red.png	3139686	43199	2	1900	4	43200	1800
S004_MINIONCE_4391	34	Picture	RW	3141786	0	2	43200	4	0	43200
S004_MINIONCE_4391	34	Response	51	3158072	16286	1
S004_MINIONCE_4391	34	Pulse	99	3166947	25161	NA
S004_MINIONCE_4391	34	Port Input	1	3166947	25161	NA
S004_MINIONCE_4391	34	Picture	28_T_RWTRIAD_RW_granjero_red.png	3184986	43200	2	1900	3	43200	1800
S004_MINIONCE_4391	35	Picture	RW	3187086	0	1	43200	2	0	43200
S004_MINIONCE_4391	35	Pulse	99	3202948	15862	NA
S004_MINIONCE_4391	35	Port Input	1	3202948	15862	NA
S004_MINIONCE_4391	35	Response	51	3207852	20766	1
S004_MINIONCE_4391	35	Picture	29_T_RWTRIAD_RW_cortina_red.png	3230286	43200	1	1900	2	43200	1800
S004_MINIONCE_4391	36	Picture	RW	3232386	0	1	43200	2	0	43200
S004_MINIONCE_4391	36	Pulse	99	3238949	6563	NA
S004_MINIONCE_4391	36	Port Input	1	3238949	6563	NA
S004_MINIONCE_4391	36	Response	52	3249014	16628	1
S004_MINIONCE_4391	36	Pulse	99	3274950	42564	NA
S004_MINIONCE_4391	36	Port Input	1	3274950	42564	NA
S004_MINIONCE_4391	36	Picture	30_T_RWTRIAD_RW_martillo_red.png	3275586	43200	1	1900	2	43200	1800
S004_MINIONCE_4391	37	Picture	rest	3277586	0	1	144099	2	0	144000
S004_MINIONCE_4391	37	Pulse	99	3310951	33365	NA
S004_MINIONCE_4391	37	Port Input	1	3310951	33365	NA
S004_MINIONCE_4391	37	Pulse	99	3346952	69366	NA
S004_MINIONCE_4391	37	Port Input	1	3346952	69366	NA
S004_MINIONCE_4391	37	Pulse	99	3382953	105367	NA
S004_MINIONCE_4391	37	Port Input	1	3382953	105367	NA
S004_MINIONCE_4391	37	Pulse	99	3418954	141368	NA
S004_MINIONCE_4391	37	Port Input	1	3418954	141368	NA
S004_MINIONCE_4391	38	Picture	endrest	3421785	0	2	10100	3	0	10000
S004_MINIONCE_4391	39	Picture	FF	3432085	0	1	43200	2	0	43200
S004_MINIONCE_4391	39	Response	52	3451750	19665	1
S004_MINIONCE_4391	39	Pulse	99	3454955	22870	NA
S004_MINIONCE_4391	39	Port Input	1	3454955	22870	NA
S004_MINIONCE_4391	39	Picture	33_T_FFTRIAD_FF_queso_red.png	3475285	43200	1	1900	2	43200	1800
S004_MINIONCE_4391	40	Picture	FF	3477385	0	1	43200	2	0	43200
S004_MINIONCE_4391	40	Pulse	99	3490956	13571	NA
S004_MINIONCE_4391	40	Port Input	1	3490956	13571	NA
S004_MINIONCE_4391	40	Response	51	3492747	15362	1
S004_MINIONCE_4391	40	Picture	34_T_FFTRIAD_FF_estetoscopio_red.png	3520585	43200	1	1900	2	43200	1800
S004_MINIONCE_4391	41	Picture	FF	3522685	0	1	43200	2	0	43200
S004_MINIONCE_4391	41	Pulse	99	3526957	4272	NA
S004_MINIONCE_4391	41	Port Input	1	3526957	4272	NA
S004_MINIONCE_4391	41	Response	52	3537517	14832	1
S004_MINIONCE_4391	41	Pulse	99	3562958	40273	NA
S004_MINIONCE_4391	41	Port Input	1	3562958	40273	NA
S004_MINIONCE_4391	41	Picture	35_T_FFTRIAD_FF_banera_red.png	3565885	43200	1	1900	2	43200	1800
S004_MINIONCE_4391	42	Picture	FF	3567985	0	1	43200	2	0	43200
S004_MINIONCE_4391	42	Response	51	3584743	16758	1
S004_MINIONCE_4391	42	Pulse	99	3598959	30974	NA
S004_MINIONCE_4391	42	Port Input	1	3598959	30974	NA
S004_MINIONCE_4391	42	Picture	36_T_FFTRIAD_FF_portatil_red.png	3611185	43200	1	1900	2	43200	1800
S004_MINIONCE_4391	43	Picture	PW	3613285	0	1	43199	3	0	43200
S004_MINIONCE_4391	43	Pulse	99	3634960	21675	NA
S004_MINIONCE_4391	43	Port Input	1	3634960	21675	NA
S004_MINIONCE_4391	43	Response	51	3637580	24295	1
S004_MINIONCE_4391	43	Picture	37_T_PWTRIAD_PW_sapo_red.png	3656484	43199	2	1900	4	43200	1800
S004_MINIONCE_4391	44	Picture	PW	3658584	0	2	43200	3	0	43200
S004_MINIONCE_4391	44	Pulse	99	3670962	12378	NA
S004_MINIONCE_4391	44	Port Input	1	3670962	12378	NA
S004_MINIONCE_4391	44	Response	52	3688436	29852	1
S004_MINIONCE_4391	44	Picture	38_T_PWTRIAD_PW_madera_red.png	3701784	43200	1	1900	2	43200	1800
S004_MINIONCE_4391	45	Picture	PW	3703884	0	1	43200	2	0	43200
S004_MINIONCE_4391	45	Pulse	99	3706962	3078	NA
S004_MINIONCE_4391	45	Port Input	1	3706962	3078	NA
S004_MINIONCE_4391	45	Response	51	3720758	16874	2
S004_MINIONCE_4391	45	Pulse	99	3742964	39080	NA
S004_MINIONCE_4391	45	Port Input	1	3742964	39080	NA
S004_MINIONCE_4391	45	Picture	39_T_PWTRIAD_PW_dado_red.png	3747084	43200	1	1900	2	43200	1800
S004_MINIONCE_4391	46	Picture	PW	3749184	0	1	43200	2	0	43200
S004_MINIONCE_4391	46	Pulse	99	3778965	29781	NA
S004_MINIONCE_4391	46	Port Input	1	3778965	29781	NA
S004_MINIONCE_4391	46	Response	52	3783014	33830	1
S004_MINIONCE_4391	46	Picture	40_T_PWTRIAD_PW_molino_red.png	3792384	43200	1	1900	2	43200	1800
S004_MINIONCE_4391	47	Picture	rest	3794384	0	1	144099	2	0	144000
S004_MINIONCE_4391	47	Pulse	99	3814966	20582	NA
S004_MINIONCE_4391	47	Port Input	1	3814966	20582	NA
S004_MINIONCE_4391	47	Pulse	99	3850967	56583	NA
S004_MINIONCE_4391	47	Port Input	1	3850967	56583	NA
S004_MINIONCE_4391	47	Pulse	99	3886968	92584	NA
S004_MINIONCE_4391	47	Port Input	1	3886968	92584	NA
S004_MINIONCE_4391	47	Pulse	99	3922969	128585	NA
S004_MINIONCE_4391	47	Port Input	1	3922969	128585	NA
S004_MINIONCE_4391	48	Picture	endrest	3938583	0	1	10100	2	0	10000
S004_MINIONCE_4391	49	Picture	FF	3948883	0	1	43200	2	0	43200
S004_MINIONCE_4391	49	Pulse	99	3958970	10087	NA
S004_MINIONCE_4391	49	Port Input	1	3958970	10087	NA
S004_MINIONCE_4391	49	Response	52	3962340	13457	1
S004_MINIONCE_4391	49	Picture	43_T_FFTRIAD_FF_botella_red.png	3992083	43200	1	1900	2	43200	1800
S004_MINIONCE_4391	50	Picture	FF	3994183	0	1	43200	3	0	43200
S004_MINIONCE_4391	50	Pulse	99	3994971	788	NA
S004_MINIONCE_4391	50	Port Input	1	3994971	788	NA
S004_MINIONCE_4391	50	Response	52	4007033	12850	1
S004_MINIONCE_4391	50	Pulse	99	4030972	36789	NA
S004_MINIONCE_4391	50	Port Input	1	4030972	36789	NA
S004_MINIONCE_4391	50	Picture	44_T_FFTRIAD_FF_raton_red.png	4037383	43200	2	1900	3	43200	1800
S004_MINIONCE_4391	51	Picture	FF	4039483	0	1	43200	2	0	43200
S004_MINIONCE_4391	51	Response	52	4051082	11599	1
S004_MINIONCE_4391	51	Pulse	99	4066973	27490	NA
S004_MINIONCE_4391	51	Port Input	1	4066973	27490	NA
S004_MINIONCE_4391	51	Picture	45_T_FFTRIAD_FF_policia_red.png	4082683	43200	1	1899	3	43200	1800
S004_MINIONCE_4391	52	Picture	FF	4084782	0	2	43200	4	0	43200
S004_MINIONCE_4391	52	Pulse	99	4102974	18192	NA
S004_MINIONCE_4391	52	Port Input	1	4102974	18192	NA
S004_MINIONCE_4391	52	Response	52	4103451	18669	1
S004_MINIONCE_4391	52	Picture	46_T_FFTRIAD_FF_chupete_red.png	4127982	43200	2	1900	4	43200	1800
S004_MINIONCE_4391	53	Picture	RW	4130082	0	2	43200	3	0	43200
S004_MINIONCE_4391	53	Pulse	99	4138975	8893	NA
S004_MINIONCE_4391	53	Port Input	1	4138975	8893	NA
S004_MINIONCE_4391	53	Response	51	4158036	27954	1
S004_MINIONCE_4391	53	Picture	47_T_RWTRIAD_RW_chupete_red.png	4173282	43200	1	1900	2	43200	1800
S004_MINIONCE_4391	53	Pulse	99	4174976	44894	NA
S004_MINIONCE_4391	53	Port Input	1	4174976	44894	NA
S004_MINIONCE_4391	54	Picture	RW	4175382	0	1	43200	2	0	43200
S004_MINIONCE_4391	54	Response	51	4190591	15209	1
S004_MINIONCE_4391	54	Pulse	99	4210977	35595	NA
S004_MINIONCE_4391	54	Port Input	1	4210977	35595	NA
S004_MINIONCE_4391	54	Picture	48_T_RWTRIAD_RW_teclado_red.png	4218582	43200	1	1900	2	43200	1800
S004_MINIONCE_4391	55	Picture	RW	4220682	0	1	43200	2	0	43200
S004_MINIONCE_4391	55	Response	52	4236041	15359	2
S004_MINIONCE_4391	55	Pulse	99	4246978	26296	NA
S004_MINIONCE_4391	55	Port Input	1	4246978	26296	NA
S004_MINIONCE_4391	55	Picture	49_T_RWTRIAD_RW_monja_red.png	4263882	43200	1	1900	2	43200	1800
S004_MINIONCE_4391	56	Picture	RW	4265982	0	1	43200	2	0	43200
S004_MINIONCE_4391	56	Pulse	99	4282979	16997	NA
S004_MINIONCE_4391	56	Port Input	1	4282979	16997	NA
S004_MINIONCE_4391	56	Response	51	4298000	32018	1
S004_MINIONCE_4391	56	Picture	50_T_RWTRIAD_RW_lechuga_red.png	4309182	43200	1	1900	2	43200	1800
S004_MINIONCE_4391	57	Picture	rest	4311182	0	1	144099	2	0	144000
S004_MINIONCE_4391	57	Pulse	99	4318980	7798	NA
S004_MINIONCE_4391	57	Port Input	1	4318980	7798	NA
S004_MINIONCE_4391	57	Pulse	99	4354982	43800	NA
S004_MINIONCE_4391	57	Port Input	1	4354982	43800	NA
S004_MINIONCE_4391	57	Pulse	99	4390983	79801	NA
S004_MINIONCE_4391	57	Port Input	1	4390983	79801	NA
S004_MINIONCE_4391	57	Pulse	99	4426984	115802	NA
S004_MINIONCE_4391	57	Port Input	1	4426984	115802	NA
S004_MINIONCE_4391	58	Picture	endrest	4455381	0	1	10100	2	0	10000
S004_MINIONCE_4391	58	Pulse	99	4462985	7604	NA
S004_MINIONCE_4391	58	Port Input	1	4462985	7604	NA
S004_MINIONCE_4391	59	Picture	PW	4465681	0	1	43200	2	0	43200
S004_MINIONCE_4391	59	Response	51	4493003	27322	1
S004_MINIONCE_4391	59	Pulse	99	4498986	33305	NA
S004_MINIONCE_4391	59	Port Input	1	4498986	33305	NA
S004_MINIONCE_4391	59	Picture	53_T_PWTRIAD_PW_novia_red.png	4508881	43200	1	1900	2	43200	1800
S004_MINIONCE_4391	60	Picture	PW	4510981	0	1	43200	2	0	43200
S004_MINIONCE_4391	60	Pulse	99	4534987	24006	NA
S004_MINIONCE_4391	60	Port Input	1	4534987	24006	NA
S004_MINIONCE_4391	60	Response	51	4535024	24043	5
S004_MINIONCE_4391	60	Picture	54_T_PWTRIAD_PW_botella_red.png	4554181	43200	1	1900	2	43200	1800
S004_MINIONCE_4391	61	Picture	PW	4556281	0	1	43199	3	0	43200
S004_MINIONCE_4391	61	Pulse	99	4570988	14707	NA
S004_MINIONCE_4391	61	Port Input	1	4570988	14707	NA
S004_MINIONCE_4391	61	Response	52	4577750	21469	1
S004_MINIONCE_4391	61	Picture	55_T_PWTRIAD_PW_ancla_red.png	4599480	43199	2	1900	7	43200	1800
S004_MINIONCE_4391	62	Picture	PW	4601580	0	2	43200	3	0	43200
S004_MINIONCE_4391	62	Pulse	99	4606989	5409	NA
S004_MINIONCE_4391	62	Port Input	1	4606989	5409	NA
S004_MINIONCE_4391	62	Response	52	4633811	32231	2
S004_MINIONCE_4391	62	Pulse	99	4642990	41410	NA
S004_MINIONCE_4391	62	Port Input	1	4642990	41410	NA
S004_MINIONCE_4391	62	Picture	56_T_PWTRIAD_PW_mono_red.png	4644780	43200	1	1900	2	43200	1800
S004_MINIONCE_4391	63	Picture	RW	4646880	0	1	43200	2	0	43200
S004_MINIONCE_4391	63	Response	52	4668366	21486	1
S004_MINIONCE_4391	63	Pulse	99	4678991	32111	NA
S004_MINIONCE_4391	63	Port Input	1	4678991	32111	NA
S004_MINIONCE_4391	63	Picture	57_T_RWTRIAD_RW_arco_red.png	4690080	43200	1	1900	2	43200	1800
S004_MINIONCE_4391	64	Picture	RW	4692180	0	1	43200	2	0	43200
S004_MINIONCE_4391	64	Pulse	99	4714992	22812	NA
S004_MINIONCE_4391	64	Port Input	1	4714992	22812	NA
S004_MINIONCE_4391	64	Response	52	4727706	35526	2
S004_MINIONCE_4391	64	Picture	58_T_RWTRIAD_RW_cuento_red.png	4735380	43200	1	1900	2	43200	1800
S004_MINIONCE_4391	65	Picture	RW	4737480	0	1	43200	2	0	43200
S004_MINIONCE_4391	65	Pulse	99	4750993	13513	NA
S004_MINIONCE_4391	65	Port Input	1	4750993	13513	NA
S004_MINIONCE_4391	65	Response	52	4753141	15661	2
S004_MINIONCE_4391	65	Picture	59_T_RWTRIAD_RW_anillo_red.png	4780680	43200	1	1900	2	43200	1800
S004_MINIONCE_4391	66	Picture	RW	4782780	0	1	43200	2	0	43200
S004_MINIONCE_4391	66	Pulse	99	4786994	4214	NA
S004_MINIONCE_4391	66	Port Input	1	4786994	4214	NA
S004_MINIONCE_4391	66	Response	51	4800566	17786	1
S004_MINIONCE_4391	66	Pulse	99	4822995	40215	NA
S004_MINIONCE_4391	66	Port Input	1	4822995	40215	NA
S004_MINIONCE_4391	66	Picture	60_T_RWTRIAD_RW_violin_red.png	4825980	43200	1	1900	2	43200	1800
S004_MINIONCE_4391	67	Picture	rest	4827979	0	2	144100	3	0	144000
S004_MINIONCE_4391	67	Pulse	99	4858996	31017	NA
S004_MINIONCE_4391	67	Port Input	1	4858996	31017	NA
S004_MINIONCE_4391	67	Pulse	99	4894998	67019	NA
S004_MINIONCE_4391	67	Port Input	1	4894998	67019	NA
S004_MINIONCE_4391	67	Pulse	99	4930998	103019	NA
S004_MINIONCE_4391	67	Port Input	1	4930998	103019	NA
S004_MINIONCE_4391	67	Pulse	99	4967000	139021	NA
S004_MINIONCE_4391	67	Port Input	1	4967000	139021	NA
S004_MINIONCE_4391	68	Picture	endrest	4972179	0	1	10100	2	0	10000
S004_MINIONCE_4391	69	Picture	FF	4982479	0	1	43200	2	0	43200
S004_MINIONCE_4391	69	Pulse	99	5003001	20522	NA
S004_MINIONCE_4391	69	Port Input	1	5003001	20522	NA
S004_MINIONCE_4391	69	Response	51	5006976	24497	1
S004_MINIONCE_4391	69	Picture	63_T_FFTRIAD_FF_teclado_red.png	5025679	43200	1	1900	2	43200	1800
S004_MINIONCE_4391	70	Picture	FF	5027779	0	1	43200	2	0	43200
S004_MINIONCE_4391	70	Pulse	99	5039002	11223	NA
S004_MINIONCE_4391	70	Port Input	1	5039002	11223	NA
S004_MINIONCE_4391	70	Response	52	5049538	21759	2
S004_MINIONCE_4391	70	Picture	64_T_FFTRIAD_FF_pilas_red.png	5070979	43200	1	1899	3	43200	1800
S004_MINIONCE_4391	71	Picture	FF	5073078	0	2	43200	3	0	43200
S004_MINIONCE_4391	71	Pulse	99	5075003	1925	NA
S004_MINIONCE_4391	71	Port Input	1	5075003	1925	NA
S004_MINIONCE_4391	71	Response	51	5087809	14731	1
S004_MINIONCE_4391	71	Pulse	99	5111004	37926	NA
S004_MINIONCE_4391	71	Port Input	1	5111004	37926	NA
S004_MINIONCE_4391	71	Picture	65_T_FFTRIAD_FF_arbol_red.png	5116278	43200	1	1900	2	43200	1800
S004_MINIONCE_4391	72	Picture	FF	5118378	0	1	43200	2	0	43200
S004_MINIONCE_4391	72	Response	52	5132688	14310	1
S004_MINIONCE_4391	72	Pulse	99	5147005	28627	NA
S004_MINIONCE_4391	72	Port Input	1	5147005	28627	NA
S004_MINIONCE_4391	72	Picture	66_T_FFTRIAD_FF_paraguas_red.png	5161578	43200	1	1900	2	43200	1800
S004_MINIONCE_4391	73	Picture	PW	5163678	0	1	43200	2	0	43200
S004_MINIONCE_4391	73	Pulse	99	5183006	19328	NA
S004_MINIONCE_4391	73	Port Input	1	5183006	19328	NA
S004_MINIONCE_4391	73	Response	52	5195510	31832	1
S004_MINIONCE_4391	73	Picture	67_T_PWTRIAD_PW_paracaidas_red.png	5206878	43200	1	1900	2	43200	1800
S004_MINIONCE_4391	74	Picture	PW	5208978	0	1	43200	2	0	43200
S004_MINIONCE_4391	74	Pulse	99	5219007	10029	NA
S004_MINIONCE_4391	74	Port Input	1	5219007	10029	NA
S004_MINIONCE_4391	74	Response	51	5238503	29525	1
S004_MINIONCE_4391	74	Picture	68_T_PWTRIAD_PW_monja_red.png	5252178	43200	1	1900	2	43200	1800
S004_MINIONCE_4391	75	Picture	PW	5254278	0	1	43200	2	0	43200
S004_MINIONCE_4391	75	Pulse	99	5255008	730	NA
S004_MINIONCE_4391	75	Port Input	1	5255008	730	NA
S004_MINIONCE_4391	75	Response	51	5289699	35421	2
S004_MINIONCE_4391	75	Pulse	99	5291009	36731	NA
S004_MINIONCE_4391	75	Port Input	1	5291009	36731	NA
S004_MINIONCE_4391	75	Picture	69_T_PWTRIAD_PW_portatil_red.png	5297478	43200	1	1900	2	43200	1800
S004_MINIONCE_4391	76	Picture	PW	5299577	0	2	43200	4	0	43200
S004_MINIONCE_4391	76	Response	52	5321937	22360	1
S004_MINIONCE_4391	76	Pulse	99	5327010	27433	NA
S004_MINIONCE_4391	76	Port Input	1	5327010	27433	NA
S004_MINIONCE_4391	76	Picture	70_T_PWTRIAD_PW_iglu_red.png	5342777	43200	2	1900	3	43200	1800
S004_MINIONCE_4391	77	Picture	rest	5344777	0	1	144100	2	0	144000
S004_MINIONCE_4391	77	Pulse	99	5363011	18234	NA
S004_MINIONCE_4391	77	Port Input	1	5363011	18234	NA
S004_MINIONCE_4391	77	Pulse	99	5399012	54235	NA
S004_MINIONCE_4391	77	Port Input	1	5399012	54235	NA
S004_MINIONCE_4391	77	Pulse	99	5435013	90236	NA
S004_MINIONCE_4391	77	Port Input	1	5435013	90236	NA
S004_MINIONCE_4391	77	Pulse	99	5471015	126238	NA
S004_MINIONCE_4391	77	Port Input	1	5471015	126238	NA
S004_MINIONCE_4391	78	Picture	endrest	5488977	0	1	10100	2	0	10000
S004_MINIONCE_4391	79	Picture	PW	5499277	0	1	43200	2	0	43200
S004_MINIONCE_4391	79	Pulse	99	5507015	7738	NA
S004_MINIONCE_4391	79	Port Input	1	5507015	7738	NA
S004_MINIONCE_4391	79	Picture	73_T_PWTRIAD_PW_pilas_red.png	5542477	43200	1	1899	3	43200	1800
S004_MINIONCE_4391	79	Pulse	99	5543016	43739	NA
S004_MINIONCE_4391	79	Port Input	1	5543016	43739	NA
S004_MINIONCE_4391	80	Picture	PW	5544576	0	2	43200	3	0	43200
S004_MINIONCE_4391	80	Response	51	5554784	10208	1
S004_MINIONCE_4391	80	Pulse	99	5579017	34441	NA
S004_MINIONCE_4391	80	Port Input	1	5579017	34441	NA
S004_MINIONCE_4391	80	Response	52	5587461	42885	1
S004_MINIONCE_4391	80	Picture	74_T_PWTRIAD_PW_bellota_red.png	5587776	43200	1	1900	2	43200	1800
S004_MINIONCE_4391	81	Picture	PW	5589876	0	1	43200	2	0	43200
S004_MINIONCE_4391	81	Response	52	5609219	19343	1
S004_MINIONCE_4391	81	Pulse	99	5615019	25143	NA
S004_MINIONCE_4391	81	Port Input	1	5615019	25143	NA
S004_MINIONCE_4391	81	Picture	75_T_PWTRIAD_PW_lana_red.png	5633076	43200	1	1900	2	43200	1800
S004_MINIONCE_4391	82	Picture	PW	5635176	0	1	43200	2	0	43200
S004_MINIONCE_4391	82	Pulse	99	5651020	15844	NA
S004_MINIONCE_4391	82	Port Input	1	5651020	15844	NA
S004_MINIONCE_4391	82	Response	52	5667352	32176	1
S004_MINIONCE_4391	82	Picture	76_T_PWTRIAD_PW_gafas_red.png	5678376	43200	1	1900	2	43200	1800
S004_MINIONCE_4391	83	Picture	PW	5680476	0	1	43200	2	0	43200
S004_MINIONCE_4391	83	Pulse	99	5687021	6545	NA
S004_MINIONCE_4391	83	Port Input	1	5687021	6545	NA
S004_MINIONCE_4391	83	Pulse	99	5723022	42546	NA
S004_MINIONCE_4391	83	Port Input	1	5723022	42546	NA
S004_MINIONCE_4391	83	Picture	77_T_PWTRIAD_PW_huevos_red.png	5723676	43200	1	1900	2	43200	1800
S004_MINIONCE_4391	83	Response	52	5724863	44387	1
S004_MINIONCE_4391	84	Picture	PW	5725776	0	1	43200	2	0	43200
S004_MINIONCE_4391	84	Response	51	5753011	27235	2
S004_MINIONCE_4391	84	Pulse	99	5759023	33247	NA
S004_MINIONCE_4391	84	Port Input	1	5759023	33247	NA
S004_MINIONCE_4391	84	Picture	78_T_PWTRIAD_PW_granjero_red.png	5768976	43200	1	1900	2	43200	1800
S004_MINIONCE_4391	85	Picture	PW	5771076	0	1	43199	3	0	43200
S004_MINIONCE_4391	85	Pulse	99	5795024	23948	NA
S004_MINIONCE_4391	85	Port Input	1	5795024	23948	NA
S004_MINIONCE_4391	85	Response	52	5798103	27027	1
S004_MINIONCE_4391	85	Picture	79_T_PWTRIAD_PW_zanahoria_red.png	5814275	43199	2	1900	3	43200	1800
S004_MINIONCE_4391	86	Picture	PW	5816375	0	1	43200	2	0	43200
S004_MINIONCE_4391	86	Pulse	99	5831025	14650	NA
S004_MINIONCE_4391	86	Port Input	1	5831025	14650	NA
S004_MINIONCE_4391	86	Response	52	5844285	27910	1
S004_MINIONCE_4391	86	Picture	80_T_PWTRIAD_PW_paraguas_red.png	5859575	43200	1	1900	2	43200	1800
S004_MINIONCE_4391	87	Picture	rest	5861575	0	1	144100	2	0	144000
S004_MINIONCE_4391	87	Pulse	99	5867026	5451	NA
S004_MINIONCE_4391	87	Port Input	1	5867026	5451	NA
S004_MINIONCE_4391	87	Pulse	99	5903027	41452	NA
S004_MINIONCE_4391	87	Port Input	1	5903027	41452	NA
S004_MINIONCE_4391	87	Pulse	99	5939028	77453	NA
S004_MINIONCE_4391	87	Port Input	1	5939028	77453	NA
S004_MINIONCE_4391	87	Pulse	99	5975029	113454	NA
S004_MINIONCE_4391	87	Port Input	1	5975029	113454	NA
S004_MINIONCE_4391	88	Picture	endrest	6005775	0	1	10100	2	0	10000
S004_MINIONCE_4391	88	Pulse	99	6011030	5255	NA
S004_MINIONCE_4391	88	Port Input	1	6011030	5255	NA
S004_MINIONCE_4391	89	Picture	RW	6016075	0	1	43199	2	0	43200
S004_MINIONCE_4391	89	Response	51	6041878	25803	1
S004_MINIONCE_4391	89	Pulse	99	6047031	30956	NA
S004_MINIONCE_4391	89	Port Input	1	6047031	30956	NA
S004_MINIONCE_4391	89	Picture	83_T_RWTRIAD_RW_candado_red.png	6059274	43199	1	1900	2	43200	1800
S004_MINIONCE_4391	90	Picture	RW	6061370	0	7	43203	20	0	43200
S004_MINIONCE_4391	90	Pulse	99	6083032	21662	NA
S004_MINIONCE_4391	90	Port Input	1	6083032	21662	NA
S004_MINIONCE_4391	90	Response	51	6087181	25811	1
S004_MINIONCE_4391	90	Picture	84_T_RWTRIAD_RW_perro_red.png	6104573	43203	13	1901	14	43200	1800
S004_MINIONCE_4391	91	Picture	RW	6106674	0	1	43200	2	0	43200
S004_MINIONCE_4391	91	Pulse	99	6119033	12359	NA
S004_MINIONCE_4391	91	Port Input	1	6119033	12359	NA
S004_MINIONCE_4391	91	Response	52	6123300	16626	1
S004_MINIONCE_4391	91	Picture	85_T_RWTRIAD_RW_pincel_red.png	6149874	43200	1	1900	2	43200	1800
S004_MINIONCE_4391	92	Picture	RW	6151974	0	1	43200	2	0	43200
S004_MINIONCE_4391	92	Pulse	99	6155034	3060	NA
S004_MINIONCE_4391	92	Port Input	1	6155034	3060	NA
S004_MINIONCE_4391	92	Response	51	6168306	16332	1
S004_MINIONCE_4391	92	Pulse	99	6191035	39061	NA
S004_MINIONCE_4391	92	Port Input	1	6191035	39061	NA
S004_MINIONCE_4391	92	Picture	86_T_RWTRIAD_RW_telefono_red.png	6195174	43200	1	1900	2	43200	1800
S004_MINIONCE_4391	93	Picture	RW	6197274	0	1	43200	2	0	43200
S004_MINIONCE_4391	93	Pulse	99	6227036	29762	NA
S004_MINIONCE_4391	93	Port Input	1	6227036	29762	NA
S004_MINIONCE_4391	93	Response	52	6232969	35695	1
S004_MINIONCE_4391	93	Picture	87_T_RWTRIAD_RW_grapadora_red.png	6240474	43200	1	1900	2	43200	1800
S004_MINIONCE_4391	94	Picture	RW	6242574	0	1	43199	3	0	43200
S004_MINIONCE_4391	94	Pulse	99	6263038	20464	NA
S004_MINIONCE_4391	94	Port Input	1	6263038	20464	NA
S004_MINIONCE_4391	94	Response	52	6268852	26278	1
S004_MINIONCE_4391	94	Picture	88_T_RWTRIAD_RW_silla_red.png	6285773	43199	2	1900	3	43200	1800
S004_MINIONCE_4391	95	Picture	RW	6287873	0	1	43200	2	0	43200
S004_MINIONCE_4391	95	Pulse	99	6299039	11166	NA
S004_MINIONCE_4391	95	Port Input	1	6299039	11166	NA
S004_MINIONCE_4391	95	Response	52	6307012	19139	1
S004_MINIONCE_4391	95	Picture	89_T_RWTRIAD_RW_agua_red.png	6331073	43200	1	1900	2	43200	1800
S004_MINIONCE_4391	96	Picture	RW	6333173	0	1	43200	2	0	43200
S004_MINIONCE_4391	96	Pulse	99	6335040	1867	NA
S004_MINIONCE_4391	96	Port Input	1	6335040	1867	NA
S004_MINIONCE_4391	96	Response	52	6353273	20100	1
S004_MINIONCE_4391	96	Pulse	99	6371041	37868	NA
S004_MINIONCE_4391	96	Port Input	1	6371041	37868	NA
S004_MINIONCE_4391	96	Picture	90_T_RWTRIAD_RW_bellota_red.png	6376373	43200	1	1900	2	43200	1800
S004_MINIONCE_4391	97	Picture	rest	6378373	0	1	144099	3	0	144000
S004_MINIONCE_4391	97	Pulse	99	6407042	28669	NA
S004_MINIONCE_4391	97	Port Input	1	6407042	28669	NA
S004_MINIONCE_4391	97	Pulse	99	6443043	64670	NA
S004_MINIONCE_4391	97	Port Input	1	6443043	64670	NA
S004_MINIONCE_4391	97	Pulse	99	6479044	100671	NA
S004_MINIONCE_4391	97	Port Input	1	6479044	100671	NA
S004_MINIONCE_4391	97	Pulse	99	6515045	136672	NA
S004_MINIONCE_4391	97	Port Input	1	6515045	136672	NA
S004_MINIONCE_4391	98	Picture	endrest	6522572	0	2	10100	3	0	10000
S004_MINIONCE_4391	99	Picture	PW	6532872	0	1	43200	2	0	43200
S004_MINIONCE_4391	99	Pulse	99	6551046	18174	NA
S004_MINIONCE_4391	99	Port Input	1	6551046	18174	NA
S004_MINIONCE_4391	99	Response	51	6566926	34054	1
S004_MINIONCE_4391	99	Picture	93_T_PWTRIAD_PW_pincel_red.png	6576072	43200	1	1900	2	43200	1800
S004_MINIONCE_4391	100	Picture	PW	6578172	0	1	43200	2	0	43200
S004_MINIONCE_4391	100	Pulse	99	6587047	8875	NA
S004_MINIONCE_4391	100	Port Input	1	6587047	8875	NA
S004_MINIONCE_4391	100	Response	51	6607043	28871	2
S004_MINIONCE_4391	100	Picture	94_T_PWTRIAD_PW_arco_red.png	6621372	43200	1	1900	2	43200	1800
S004_MINIONCE_4391	100	Pulse	99	6623048	44876	NA
S004_MINIONCE_4391	100	Port Input	1	6623048	44876	NA
S004_MINIONCE_4391	101	Picture	PW	6623472	0	1	43200	2	0	43200
S004_MINIONCE_4391	101	Response	51	6652401	28929	1
S004_MINIONCE_4391	101	Pulse	99	6659049	35577	NA
S004_MINIONCE_4391	101	Port Input	1	6659049	35577	NA
S004_MINIONCE_4391	101	Picture	95_T_PWTRIAD_PW_leche_red.png	6666672	43200	1	1900	2	43200	1800
S004_MINIONCE_4391	102	Picture	PW	6668772	0	1	43200	2	0	43200
S004_MINIONCE_4391	102	Response	52	6692852	24080	2
S004_MINIONCE_4391	102	Pulse	99	6695050	26278	NA
S004_MINIONCE_4391	102	Port Input	1	6695050	26278	NA
S004_MINIONCE_4391	102	Picture	96_T_PWTRIAD_PW_arbol_red.png	6711972	43200	1	1900	2	43200	1800
S004_MINIONCE_4391	103	Picture	RW	6714072	0	1	43199	3	0	43200
S004_MINIONCE_4391	103	Pulse	99	6731051	16979	NA
S004_MINIONCE_4391	103	Port Input	1	6731051	16979	NA
S004_MINIONCE_4391	103	Response	51	6733133	19061	2
S004_MINIONCE_4391	103	Picture	97_T_RWTRIAD_RW_iglu_red.png	6757271	43199	2	1900	3	43200	1800
S004_MINIONCE_4391	104	Picture	RW	6759371	0	2	43200	3	0	43200
S004_MINIONCE_4391	104	Pulse	99	6767052	7681	NA
S004_MINIONCE_4391	104	Port Input	1	6767052	7681	NA
S004_MINIONCE_4391	104	Response	52	6781759	22388	2
S004_MINIONCE_4391	104	Picture	98_T_RWTRIAD_RW_lenador_red.png	6802571	43200	1	1900	2	43200	1800
S004_MINIONCE_4391	104	Pulse	99	6803053	43682	NA
S004_MINIONCE_4391	104	Port Input	1	6803053	43682	NA
S004_MINIONCE_4391	105	Picture	RW	6804671	0	1	43200	2	0	43200
S004_MINIONCE_4391	105	Response	51	6831923	27252	1
S004_MINIONCE_4391	105	Pulse	99	6839054	34383	NA
S004_MINIONCE_4391	105	Port Input	1	6839054	34383	NA
S004_MINIONCE_4391	105	Picture	99_T_RWTRIAD_RW_manos_red.png	6847871	43200	1	1900	2	43200	1800
S004_MINIONCE_4391	106	Picture	RW	6849971	0	1	43200	2	0	43200
S004_MINIONCE_4391	106	Pulse	99	6875055	25084	NA
S004_MINIONCE_4391	106	Port Input	1	6875055	25084	NA
S004_MINIONCE_4391	106	Response	52	6889785	39814	1
S004_MINIONCE_4391	106	Picture	100_T_RWTRIAD_RW_dado_red.png	6893171	43200	1	1900	2	43200	1800
S004_MINIONCE_4391	107	Picture	rest	6895171	0	1	144099	2	0	144000
S004_MINIONCE_4391	107	Pulse	99	6911057	15886	NA
S004_MINIONCE_4391	107	Port Input	1	6911057	15886	NA
S004_MINIONCE_4391	107	Pulse	99	6947058	51887	NA
S004_MINIONCE_4391	107	Port Input	1	6947058	51887	NA
S004_MINIONCE_4391	107	Pulse	99	6983059	87888	NA
S004_MINIONCE_4391	107	Port Input	1	6983059	87888	NA
S004_MINIONCE_4391	107	Pulse	99	7019060	123889	NA
S004_MINIONCE_4391	107	Port Input	1	7019060	123889	NA
S004_MINIONCE_4391	108	Picture	endrest	7039370	0	1	10100	2	0	10000
S004_MINIONCE_4391	109	Picture	RW	7049670	0	1	43200	2	0	43200
S004_MINIONCE_4391	109	Pulse	99	7055061	5391	NA
S004_MINIONCE_4391	109	Port Input	1	7055061	5391	NA
S004_MINIONCE_4391	109	Response	52	7069738	20068	1
S004_MINIONCE_4391	109	Pulse	99	7091062	41392	NA
S004_MINIONCE_4391	109	Port Input	1	7091062	41392	NA
S004_MINIONCE_4391	109	Picture	103_T_RWTRIAD_RW_destornillador_red.png	7092870	43200	1	1900	2	43200	1800
S004_MINIONCE_4391	110	Picture	RW	7094970	0	1	43200	2	0	43200
S004_MINIONCE_4391	110	Pulse	99	7127063	32093	NA
S004_MINIONCE_4391	110	Port Input	1	7127063	32093	NA
S004_MINIONCE_4391	110	Response	52	7136975	42005	1
S004_MINIONCE_4391	110	Picture	104_T_RWTRIAD_RW_pluma_red.png	7138170	43200	1	1900	2	43200	1800
S004_MINIONCE_4391	111	Picture	RW	7140270	0	1	43200	2	0	43200
S004_MINIONCE_4391	111	Response	52	7157271	17001	1
S004_MINIONCE_4391	111	Pulse	99	7163064	22794	NA
S004_MINIONCE_4391	111	Port Input	1	7163064	22794	NA
S004_MINIONCE_4391	111	Picture	105_T_RWTRIAD_RW_oruga_red.png	7183470	43200	1	1900	2	43200	1800
S004_MINIONCE_4391	112	Picture	RW	7185570	0	1	43199	3	0	43200
S004_MINIONCE_4391	112	Pulse	99	7199065	13495	NA
S004_MINIONCE_4391	112	Port Input	1	7199065	13495	NA
S004_MINIONCE_4391	112	Response	51	7200767	15197	1
S004_MINIONCE_4391	112	Picture	106_T_RWTRIAD_RW_botella_red.png	7228769	43199	2	1900	4	43200	1800
S004_MINIONCE_4391	113	Picture	FF	7230869	0	2	43200	3	0	43200
S004_MINIONCE_4391	113	Pulse	99	7235066	4197	NA
S004_MINIONCE_4391	113	Port Input	1	7235066	4197	NA
S004_MINIONCE_4391	113	Response	51	7243142	12273	1
S004_MINIONCE_4391	113	Pulse	99	7271067	40198	NA
S004_MINIONCE_4391	113	Port Input	1	7271067	40198	NA
S004_MINIONCE_4391	113	Picture	107_T_FFTRIAD_FF_sombrilla_red.png	7274069	43200	1	1900	2	43200	1800
S004_MINIONCE_4391	114	Picture	FF	7276169	0	1	43200	2	0	43200
S004_MINIONCE_4391	114	Response	52	7292369	16200	1
S004_MINIONCE_4391	114	Pulse	99	7307068	30899	NA
S004_MINIONCE_4391	114	Port Input	1	7307068	30899	NA
S004_MINIONCE_4391	114	Picture	108_T_FFTRIAD_FF_pizarra_red.png	7319369	43200	1	1900	2	43200	1800
S004_MINIONCE_4391	115	Picture	FF	7321469	0	1	43200	2	0	43200
S004_MINIONCE_4391	115	Response	51	7335891	14422	1
S004_MINIONCE_4391	115	Pulse	99	7343069	21600	NA
S004_MINIONCE_4391	115	Port Input	1	7343069	21600	NA
S004_MINIONCE_4391	115	Picture	109_T_FFTRIAD_FF_lana_red.png	7364669	43200	1	1900	2	43200	1800
S004_MINIONCE_4391	116	Picture	FF	7366769	0	1	43200	2	0	43200
S004_MINIONCE_4391	116	Pulse	99	7379070	12301	NA
S004_MINIONCE_4391	116	Port Input	1	7379070	12301	NA
S004_MINIONCE_4391	116	Response	51	7394417	27648	1
S004_MINIONCE_4391	116	Picture	110_T_FFTRIAD_FF_agua_red.png	7409969	43200	1	1900	2	43200	1800
S004_MINIONCE_4391	117	Picture	rest	7411969	0	1	144099	2	0	144000
S004_MINIONCE_4391	117	Pulse	99	7415071	3102	NA
S004_MINIONCE_4391	117	Port Input	1	7415071	3102	NA
S004_MINIONCE_4391	117	Pulse	99	7451072	39103	NA
S004_MINIONCE_4391	117	Port Input	1	7451072	39103	NA
S004_MINIONCE_4391	117	Pulse	99	7487073	75104	NA
S004_MINIONCE_4391	117	Port Input	1	7487073	75104	NA
S004_MINIONCE_4391	117	Pulse	99	7523074	111105	NA
S004_MINIONCE_4391	117	Port Input	1	7523074	111105	NA
S004_MINIONCE_4391	118	Picture	endrest	7556168	0	1	10100	2	0	10000
S004_MINIONCE_4391	118	Pulse	99	7559076	2908	NA
S004_MINIONCE_4391	118	Port Input	1	7559076	2908	NA
S004_MINIONCE_4391	119	Picture	RW	7566468	0	1	43200	2	0	43200
S004_MINIONCE_4391	119	Response	51	7583314	16846	1
S004_MINIONCE_4391	119	Pulse	99	7595077	28609	NA
S004_MINIONCE_4391	119	Port Input	1	7595077	28609	NA
S004_MINIONCE_4391	119	Picture	113_T_RWTRIAD_RW_novia_red.png	7609668	43200	1	1900	2	43200	1800
S004_MINIONCE_4391	120	Picture	RW	7611768	0	1	43200	2	0	43200
S004_MINIONCE_4391	120	Response	51	7627912	16144	2
S004_MINIONCE_4391	120	Pulse	99	7631078	19310	NA
S004_MINIONCE_4391	120	Port Input	1	7631078	19310	NA
S004_MINIONCE_4391	120	Picture	114_T_RWTRIAD_RW_almohada_red.png	7654968	43200	1	1900	2	43200	1800
S004_MINIONCE_4391	121	Picture	RW	7657068	0	1	43199	3	0	43200
S004_MINIONCE_4391	121	Pulse	99	7667079	10011	NA
S004_MINIONCE_4391	121	Port Input	1	7667079	10011	NA
S004_MINIONCE_4391	121	Response	52	7672573	15505	1
S004_MINIONCE_4391	121	Picture	115_T_RWTRIAD_RW_bebe_red.png	7700267	43199	2	1900	4	43200	1800
S004_MINIONCE_4391	122	Picture	RW	7702367	0	2	43200	3	0	43200
S004_MINIONCE_4391	122	Pulse	99	7703080	713	NA
S004_MINIONCE_4391	122	Port Input	1	7703080	713	NA
S004_MINIONCE_4391	122	Response	51	7722298	19931	1
S004_MINIONCE_4391	122	Pulse	99	7739081	36714	NA
S004_MINIONCE_4391	122	Port Input	1	7739081	36714	NA
S004_MINIONCE_4391	122	Picture	116_T_RWTRIAD_RW_traje_red.png	7745567	43200	1	1900	2	43200	1800
S004_MINIONCE_4391	123	Picture	FF	7747667	0	1	43200	2	0	43200
S004_MINIONCE_4391	123	Response	51	7758612	10945	2
S004_MINIONCE_4391	123	Pulse	99	7775082	27415	NA
S004_MINIONCE_4391	123	Port Input	1	7775082	27415	NA
S004_MINIONCE_4391	123	Picture	117_T_FFTRIAD_FF_cuento_red.png	7790867	43200	1	1900	2	43200	1800
S004_MINIONCE_4391	124	Picture	FF	7792967	0	1	43200	2	0	43200
S004_MINIONCE_4391	124	Response	52	7808278	15311	1
S004_MINIONCE_4391	124	Pulse	99	7811083	18116	NA
S004_MINIONCE_4391	124	Port Input	1	7811083	18116	NA
S004_MINIONCE_4391	124	Picture	118_T_FFTRIAD_FF_telefono_red.png	7836167	43200	1	1900	2	43200	1800
S004_MINIONCE_4391	125	Picture	FF	7838267	0	1	43200	2	0	43200
S004_MINIONCE_4391	125	Pulse	99	7847084	8817	NA
S004_MINIONCE_4391	125	Port Input	1	7847084	8817	NA
S004_MINIONCE_4391	125	Response	52	7851749	13482	1
S004_MINIONCE_4391	125	Picture	119_T_FFTRIAD_FF_bala_red.png	7881467	43200	1	1900	2	43200	1800
S004_MINIONCE_4391	125	Pulse	99	7883085	44818	NA
S004_MINIONCE_4391	125	Port Input	1	7883085	44818	NA
S004_MINIONCE_4391	126	Picture	FF	7883567	0	1	43199	3	0	43200
S004_MINIONCE_4391	126	Response	52	7897857	14290	1
S004_MINIONCE_4391	126	Pulse	99	7919086	35519	NA
S004_MINIONCE_4391	126	Port Input	1	7919086	35519	NA
S004_MINIONCE_4391	126	Picture	120_T_FFTRIAD_FF_cinturon_red.png	7926766	43199	2	1900	4	43200	1800
S004_MINIONCE_4391	127	Picture	rest	7928766	0	2	144100	3	0	144000
S004_MINIONCE_4391	127	Pulse	99	7955087	26321	NA
S004_MINIONCE_4391	127	Port Input	1	7955087	26321	NA
S004_MINIONCE_4391	127	Pulse	99	7991088	62322	NA
S004_MINIONCE_4391	127	Port Input	1	7991088	62322	NA
S004_MINIONCE_4391	127	Pulse	99	8027089	98323	NA
S004_MINIONCE_4391	127	Port Input	1	8027089	98323	NA
S004_MINIONCE_4391	127	Pulse	99	8063090	134324	NA
S004_MINIONCE_4391	127	Port Input	1	8063090	134324	NA
S004_MINIONCE_4391	128	Picture	endrest	8072966	0	1	10100	2	0	10000
S004_MINIONCE_4391	129	Picture	PW	8083266	0	1	43200	2	0	43200
S004_MINIONCE_4391	129	Pulse	99	8099091	15825	NA
S004_MINIONCE_4391	129	Port Input	1	8099091	15825	NA
S004_MINIONCE_4391	129	Response	51	8107257	23991	1
S004_MINIONCE_4391	129	Picture	123_T_PWTRIAD_PW_sombrilla_red.png	8126466	43200	1	1900	2	43200	1800
S004_MINIONCE_4391	130	Picture	PW	8128566	0	1	43199	3	0	43200
S004_MINIONCE_4391	130	Pulse	99	8135092	6526	NA
S004_MINIONCE_4391	130	Port Input	1	8135092	6526	NA
S004_MINIONCE_4391	130	Response	52	8145564	16998	1
S004_MINIONCE_4391	130	Pulse	99	8171093	42527	NA
S004_MINIONCE_4391	130	Port Input	1	8171093	42527	NA
S004_MINIONCE_4391	130	Picture	124_T_PWTRIAD_PW_bebe_red.png	8171765	43199	2	1900	3	43200	1800
S004_MINIONCE_4391	131	Picture	PW	8173865	0	2	43200	3	0	43200
S004_MINIONCE_4391	131	Response	52	8193922	20057	1
S004_MINIONCE_4391	131	Pulse	99	8207095	33230	NA
S004_MINIONCE_4391	131	Port Input	1	8207095	33230	NA
S004_MINIONCE_4391	131	Picture	125_T_PWTRIAD_PW_raton_red.png	8217065	43200	1	1900	2	43200	1800
S004_MINIONCE_4391	132	Picture	PW	8219165	0	1	43200	2	0	43200
S004_MINIONCE_4391	132	Pulse	99	8243096	23931	NA
S004_MINIONCE_4391	132	Port Input	1	8243096	23931	NA
S004_MINIONCE_4391	132	Response	52	8244243	25078	1
S004_MINIONCE_4391	132	Picture	126_T_PWTRIAD_PW_almohada_red.png	8262365	43200	1	1900	2	43200	1800
S004_MINIONCE_4391	133	Picture	FF	8264465	0	1	43200	2	0	43200
S004_MINIONCE_4391	133	Response	52	8275217	10752	1
S004_MINIONCE_4391	133	Pulse	99	8279097	14632	NA
S004_MINIONCE_4391	133	Port Input	1	8279097	14632	NA
S004_MINIONCE_4391	133	Picture	127_T_FFTRIAD_FF_almohada_red.png	8307665	43200	1	1900	2	43200	1800
S004_MINIONCE_4391	134	Picture	FF	8309765	0	1	43200	2	0	43200
S004_MINIONCE_4391	134	Pulse	99	8315098	5333	NA
S004_MINIONCE_4391	134	Port Input	1	8315098	5333	NA
S004_MINIONCE_4391	134	Response	52	8323062	13297	1
S004_MINIONCE_4391	134	Pulse	99	8351099	41334	NA
S004_MINIONCE_4391	134	Port Input	1	8351099	41334	NA
S004_MINIONCE_4391	134	Picture	128_T_FFTRIAD_FF_grifo_red.png	8352965	43200	1	1900	2	43200	1800
S004_MINIONCE_4391	135	Picture	FF	8355065	0	1	43199	3	0	43200
S004_MINIONCE_4391	135	Response	51	8378684	23619	1
S004_MINIONCE_4391	135	Pulse	99	8387100	32035	NA
S004_MINIONCE_4391	135	Port Input	1	8387100	32035	NA
S004_MINIONCE_4391	135	Picture	129_T_FFTRIAD_FF_television_red.png	8398264	43199	2	1900	4	43200	1800
S004_MINIONCE_4391	136	Picture	FF	8400364	0	2	43200	3	0	43200
S004_MINIONCE_4391	136	Response	51	8421827	21463	1
S004_MINIONCE_4391	136	Pulse	99	8423101	22737	NA
S004_MINIONCE_4391	136	Port Input	1	8423101	22737	NA
S004_MINIONCE_4391	136	Picture	130_T_FFTRIAD_FF_ancla_red.png	8443564	43200	1	1900	2	43200	1800
S004_MINIONCE_4391	137	Picture	rest	8445564	0	1	144100	2	0	144000
S004_MINIONCE_4391	137	Pulse	99	8459102	13538	NA
S004_MINIONCE_4391	137	Port Input	1	8459102	13538	NA
S004_MINIONCE_4391	137	Pulse	99	8495103	49539	NA
S004_MINIONCE_4391	137	Port Input	1	8495103	49539	NA
S004_MINIONCE_4391	137	Pulse	99	8531104	85540	NA
S004_MINIONCE_4391	137	Port Input	1	8531104	85540	NA
S004_MINIONCE_4391	137	Pulse	99	8567105	121541	NA
S004_MINIONCE_4391	137	Port Input	1	8567105	121541	NA
S004_MINIONCE_4391	138	Picture	endrest	8589764	0	1	10100	2	0	10000
S004_MINIONCE_4391	139	Picture	FF	8600064	0	1	43199	3	0	43200
S004_MINIONCE_4391	139	Pulse	99	8603106	3042	NA
S004_MINIONCE_4391	139	Port Input	1	8603106	3042	NA
S004_MINIONCE_4391	139	Response	51	8614659	14595	1
S004_MINIONCE_4391	139	Pulse	99	8639107	39043	NA
S004_MINIONCE_4391	139	Port Input	1	8639107	39043	NA
S004_MINIONCE_4391	139	Picture	133_T_FFTRIAD_FF_arco_red.png	8643263	43199	2	1900	4	43200	1800
S004_MINIONCE_4391	140	Picture	FF	8645363	0	2	43200	3	0	43200
S004_MINIONCE_4391	140	Response	51	8658454	13091	1
S004_MINIONCE_4391	140	Pulse	99	8675108	29745	NA
S004_MINIONCE_4391	140	Port Input	1	8675108	29745	NA
S004_MINIONCE_4391	140	Picture	134_T_FFTRIAD_FF_cortina_red.png	8688563	43200	1	1900	2	43200	1800
S004_MINIONCE_4391	141	Picture	FF	8690663	0	1	43200	2	0	43200
S004_MINIONCE_4391	141	Response	51	8703100	12437	1
S004_MINIONCE_4391	141	Pulse	99	8711109	20446	NA
S004_MINIONCE_4391	141	Port Input	1	8711109	20446	NA
S004_MINIONCE_4391	141	Picture	135_T_FFTRIAD_FF_zanahoria_red.png	8733863	43200	1	1900	2	43200	1800
S004_MINIONCE_4391	142	Picture	FF	8735963	0	1	43200	2	0	43200
S004_MINIONCE_4391	142	Pulse	99	8747110	11147	NA
S004_MINIONCE_4391	142	Port Input	1	8747110	11147	NA
S004_MINIONCE_4391	142	Response	51	8747808	11845	1
S004_MINIONCE_4391	142	Picture	136_T_FFTRIAD_FF_traje_red.png	8779163	43200	1	1900	2	43200	1800
S004_MINIONCE_4391	143	Picture	rest	8781163	0	1	144099	2	0	144000
S004_MINIONCE_4391	143	Pulse	99	8783111	1948	NA
S004_MINIONCE_4391	143	Port Input	1	8783111	1948	NA
S004_MINIONCE_4391	143	Pulse	99	8819112	37949	NA
S004_MINIONCE_4391	143	Port Input	1	8819112	37949	NA
S004_MINIONCE_4391	144	Picture	endrest	8925362	0	1	10100	2	0	10000
S004_MINIONCE_4391	145	Picture	endrest	8935562	0	1	10100	2	0	10000
S004_MINIONCE_4391	146	Picture	endrest	8945762	0	1	10100	2	0	10000
S004_MINIONCE_4391	147	Picture	endrest	8955962	0	1	10100	2	0	10000
