Scenario - vOT_Triads_fMRI_II
Logfile written - 04/30/2015 12:34:56

Subject	Trial	Event Type	Code	Time	TTime	Uncertainty	Duration	Uncertainty	ReqTime	ReqDur

S004_DAY1_MINITWICE_3011	1	Pulse	99	272307	282227	NA
S004_DAY1_MINITWICE_3011	1	Port Input	1	272307	282227	NA
S004_DAY1_MINITWICE_3011	1	Pulse	99	308308	318228	NA
S004_DAY1_MINITWICE_3011	1	Port Input	1	308308	318228	NA
S004_DAY1_MINITWICE_3011	1	Pulse	99	344309	354229	NA
S004_DAY1_MINITWICE_3011	1	Port Input	1	344309	354229	NA
S004_DAY1_MINITWICE_3011	1	Pulse	99	380310	390230	NA
S004_DAY1_MINITWICE_3011	1	Port Input	1	380310	390230	NA
S004_DAY1_MINITWICE_3011	1	Pulse	99	416311	426231	NA
S004_DAY1_MINITWICE_3011	1	Port Input	1	416311	426231	NA
S004_DAY1_MINITWICE_3011	2	Picture	rest	416597	0	2	144100	3	0	144000
S004_DAY1_MINITWICE_3011	2	Pulse	99	452312	35715	NA
S004_DAY1_MINITWICE_3011	2	Port Input	1	452312	35715	NA
S004_DAY1_MINITWICE_3011	2	Pulse	99	488313	71716	NA
S004_DAY1_MINITWICE_3011	2	Port Input	1	488313	71716	NA
S004_DAY1_MINITWICE_3011	2	Pulse	99	524315	107718	NA
S004_DAY1_MINITWICE_3011	2	Port Input	1	524315	107718	NA
S004_DAY1_MINITWICE_3011	2	Pulse	99	560316	143719	NA
S004_DAY1_MINITWICE_3011	2	Port Input	1	560316	143719	NA
S004_DAY1_MINITWICE_3011	3	Picture	endrest	560797	0	1	10100	2	0	10000
S004_DAY1_MINITWICE_3011	4	Picture	PW	571097	0	1	43200	2	0	43200
S004_DAY1_MINITWICE_3011	4	Response	51	594322	23225	2
S004_DAY1_MINITWICE_3011	4	Pulse	99	596317	25220	NA
S004_DAY1_MINITWICE_3011	4	Port Input	1	596317	25220	NA
S004_DAY1_MINITWICE_3011	4	Picture	3_T_PWTRIAD_PW_martillo_red.png	614297	43200	1	1900	2	43200	1800
S004_DAY1_MINITWICE_3011	5	Picture	PW	616597	0	1	43099	3	0	43200
S004_DAY1_MINITWICE_3011	5	Pulse	99	632318	15721	NA
S004_DAY1_MINITWICE_3011	5	Port Input	1	632318	15721	NA
S004_DAY1_MINITWICE_3011	5	Response	51	636880	20283	1
S004_DAY1_MINITWICE_3011	5	Picture	4_T_PWTRIAD_PW_cuento_red.png	659696	43099	2	1900	4	43200	1800
S004_DAY1_MINITWICE_3011	6	Picture	PW	661796	0	2	43200	3	0	43200
S004_DAY1_MINITWICE_3011	6	Pulse	99	668319	6523	NA
S004_DAY1_MINITWICE_3011	6	Port Input	1	668319	6523	NA
S004_DAY1_MINITWICE_3011	6	Response	51	679734	17938	1
S004_DAY1_MINITWICE_3011	6	Pulse	99	704320	42524	NA
S004_DAY1_MINITWICE_3011	6	Port Input	1	704320	42524	NA
S004_DAY1_MINITWICE_3011	6	Picture	5_T_PWTRIAD_PW_dado_red.png	704996	43200	1	1900	2	43200	1800
S004_DAY1_MINITWICE_3011	7	Picture	PW	707096	0	1	43200	2	0	43200
S004_DAY1_MINITWICE_3011	7	Pulse	99	740321	33225	NA
S004_DAY1_MINITWICE_3011	7	Port Input	1	740321	33225	NA
S004_DAY1_MINITWICE_3011	7	Response	51	741778	34682	1
S004_DAY1_MINITWICE_3011	7	Picture	6_T_PWTRIAD_PW_iglu_red.png	750296	43200	1	1900	2	43200	1800
S004_DAY1_MINITWICE_3011	8	Picture	RW	752396	0	1	43200	2	0	43200
S004_DAY1_MINITWICE_3011	8	Pulse	99	776322	23926	NA
S004_DAY1_MINITWICE_3011	8	Port Input	1	776322	23926	NA
S004_DAY1_MINITWICE_3011	8	Response	52	779844	27448	1
S004_DAY1_MINITWICE_3011	8	Picture	7_T_RWTRIAD_RW_cuento_red.png	795596	43200	1	1900	2	43200	1800
S004_DAY1_MINITWICE_3011	9	Picture	RW	797696	0	1	43200	2	0	43200
S004_DAY1_MINITWICE_3011	9	Pulse	99	812323	14627	NA
S004_DAY1_MINITWICE_3011	9	Port Input	1	812323	14627	NA
S004_DAY1_MINITWICE_3011	9	Response	52	819019	21323	1
S004_DAY1_MINITWICE_3011	9	Picture	8_T_RWTRIAD_RW_tijera_red.png	840896	43200	1	1900	2	43200	1800
S004_DAY1_MINITWICE_3011	10	Picture	RW	842996	0	1	43199	3	0	43200
S004_DAY1_MINITWICE_3011	10	Pulse	99	848324	5328	NA
S004_DAY1_MINITWICE_3011	10	Port Input	1	848324	5328	NA
S004_DAY1_MINITWICE_3011	10	Response	52	859281	16285	1
S004_DAY1_MINITWICE_3011	10	Pulse	99	884325	41329	NA
S004_DAY1_MINITWICE_3011	10	Port Input	1	884325	41329	NA
S004_DAY1_MINITWICE_3011	10	Picture	9_T_RWTRIAD_RW_anillo_red.png	886195	43199	2	1901	3	43200	1800
S004_DAY1_MINITWICE_3011	11	Picture	RW	888295	0	2	43200	3	0	43200
S004_DAY1_MINITWICE_3011	11	Pulse	99	920326	32031	NA
S004_DAY1_MINITWICE_3011	11	Port Input	1	920326	32031	NA
S004_DAY1_MINITWICE_3011	11	Response	52	922829	34534	1
S004_DAY1_MINITWICE_3011	11	Picture	10_T_RWTRIAD_RW_molino_red.png	931495	43200	1	1900	2	43200	1800
S004_DAY1_MINITWICE_3011	12	Picture	rest	933495	0	1	144100	2	0	144000
S004_DAY1_MINITWICE_3011	12	Pulse	99	956327	22832	NA
S004_DAY1_MINITWICE_3011	12	Port Input	1	956327	22832	NA
S004_DAY1_MINITWICE_3011	12	Pulse	99	992329	58834	NA
S004_DAY1_MINITWICE_3011	12	Port Input	1	992329	58834	NA
S004_DAY1_MINITWICE_3011	12	Pulse	99	1028330	94835	NA
S004_DAY1_MINITWICE_3011	12	Port Input	1	1028330	94835	NA
S004_DAY1_MINITWICE_3011	12	Pulse	99	1064331	130836	NA
S004_DAY1_MINITWICE_3011	12	Port Input	1	1064331	130836	NA
S004_DAY1_MINITWICE_3011	13	Picture	endrest	1077695	0	1	10100	2	0	10000
S004_DAY1_MINITWICE_3011	14	Picture	RW	1087995	0	1	43199	3	0	43200
S004_DAY1_MINITWICE_3011	14	Pulse	99	1100332	12337	NA
S004_DAY1_MINITWICE_3011	14	Port Input	1	1100332	12337	NA
S004_DAY1_MINITWICE_3011	14	Response	52	1103513	15518	1
S004_DAY1_MINITWICE_3011	14	Picture	13_T_RWTRIAD_RW_leche_red.png	1131194	43199	2	1900	4	43200	1800
S004_DAY1_MINITWICE_3011	15	Picture	RW	1133394	0	2	43100	3	0	43200
S004_DAY1_MINITWICE_3011	15	Pulse	99	1136333	2939	NA
S004_DAY1_MINITWICE_3011	15	Port Input	1	1136333	2939	NA
S004_DAY1_MINITWICE_3011	15	Response	51	1159811	26417	1
S004_DAY1_MINITWICE_3011	15	Pulse	99	1172334	38940	NA
S004_DAY1_MINITWICE_3011	15	Port Input	1	1172334	38940	NA
S004_DAY1_MINITWICE_3011	15	Picture	14_T_RWTRIAD_RW_cortina_red.png	1176494	43100	1	1900	2	43200	1800
S004_DAY1_MINITWICE_3011	16	Picture	RW	1178594	0	1	43200	2	0	43200
S004_DAY1_MINITWICE_3011	16	Response	51	1193532	14938	1
S004_DAY1_MINITWICE_3011	16	Pulse	99	1208335	29741	NA
S004_DAY1_MINITWICE_3011	16	Port Input	1	1208335	29741	NA
S004_DAY1_MINITWICE_3011	16	Picture	15_T_RWTRIAD_RW_iglu_red.png	1221794	43200	1	1900	2	43200	1800
S004_DAY1_MINITWICE_3011	17	Picture	RW	1223894	0	1	43200	2	0	43200
S004_DAY1_MINITWICE_3011	17	Response	51	1242738	18844	1
S004_DAY1_MINITWICE_3011	17	Pulse	99	1244336	20442	NA
S004_DAY1_MINITWICE_3011	17	Port Input	1	1244336	20442	NA
S004_DAY1_MINITWICE_3011	17	Picture	16_T_RWTRIAD_RW_madera_red.png	1267094	43200	1	1900	2	43200	1800
S004_DAY1_MINITWICE_3011	18	Picture	PW	1269394	0	1	43100	2	0	43200
S004_DAY1_MINITWICE_3011	18	Pulse	99	1280337	10943	NA
S004_DAY1_MINITWICE_3011	18	Port Input	1	1280337	10943	NA
S004_DAY1_MINITWICE_3011	18	Response	51	1294991	25597	1
S004_DAY1_MINITWICE_3011	18	Picture	17_T_PWTRIAD_PW_ancla_red.png	1312494	43100	1	1900	2	43200	1800
S004_DAY1_MINITWICE_3011	19	Picture	PW	1314794	0	1	43100	2	0	43200
S004_DAY1_MINITWICE_3011	19	Pulse	99	1316338	1544	NA
S004_DAY1_MINITWICE_3011	19	Port Input	1	1316338	1544	NA
S004_DAY1_MINITWICE_3011	19	Response	52	1344289	29495	1
S004_DAY1_MINITWICE_3011	19	Pulse	99	1352339	37545	NA
S004_DAY1_MINITWICE_3011	19	Port Input	1	1352339	37545	NA
S004_DAY1_MINITWICE_3011	19	Picture	18_T_PWTRIAD_PW_estetoscopio_red.png	1357894	43100	1	1899	3	43200	1800
S004_DAY1_MINITWICE_3011	20	Picture	PW	1359994	0	1	43199	2	0	43200
S004_DAY1_MINITWICE_3011	20	Pulse	99	1388340	28346	NA
S004_DAY1_MINITWICE_3011	20	Port Input	1	1388340	28346	NA
S004_DAY1_MINITWICE_3011	20	Response	51	1391593	31599	1
S004_DAY1_MINITWICE_3011	20	Picture	19_T_PWTRIAD_PW_esquimal_red.png	1403193	43199	1	1900	2	43200	1800
S004_DAY1_MINITWICE_3011	21	Picture	PW	1405293	0	1	43200	2	0	43200
S004_DAY1_MINITWICE_3011	21	Pulse	99	1424342	19049	NA
S004_DAY1_MINITWICE_3011	21	Port Input	1	1424342	19049	NA
S004_DAY1_MINITWICE_3011	21	Response	51	1433527	28234	1
S004_DAY1_MINITWICE_3011	21	Picture	20_T_PWTRIAD_PW_lechuga_red.png	1448493	43200	1	1900	2	43200	1800
S004_DAY1_MINITWICE_3011	22	Picture	rest	1450493	0	1	144100	2	0	144000
S004_DAY1_MINITWICE_3011	22	Pulse	99	1460343	9850	NA
S004_DAY1_MINITWICE_3011	22	Port Input	1	1460343	9850	NA
S004_DAY1_MINITWICE_3011	22	Pulse	99	1496344	45851	NA
S004_DAY1_MINITWICE_3011	22	Port Input	1	1496344	45851	NA
S004_DAY1_MINITWICE_3011	22	Pulse	99	1532345	81852	NA
S004_DAY1_MINITWICE_3011	22	Port Input	1	1532345	81852	NA
S004_DAY1_MINITWICE_3011	22	Pulse	99	1568346	117853	NA
S004_DAY1_MINITWICE_3011	22	Port Input	1	1568346	117853	NA
S004_DAY1_MINITWICE_3011	23	Picture	endrest	1594693	0	1	10100	2	0	10000
S004_DAY1_MINITWICE_3011	23	Pulse	99	1604347	9654	NA
S004_DAY1_MINITWICE_3011	23	Port Input	1	1604347	9654	NA
S004_DAY1_MINITWICE_3011	24	Picture	PW	1605192	0	2	43100	3	0	43200
S004_DAY1_MINITWICE_3011	24	Response	52	1629629	24437	1
S004_DAY1_MINITWICE_3011	24	Pulse	99	1640348	35156	NA
S004_DAY1_MINITWICE_3011	24	Port Input	1	1640348	35156	NA
S004_DAY1_MINITWICE_3011	24	Picture	23_T_PWTRIAD_PW_policia_red.png	1648292	43100	1	1900	2	43200	1800
S004_DAY1_MINITWICE_3011	25	Picture	PW	1650392	0	1	43200	2	0	43200
S004_DAY1_MINITWICE_3011	25	Response	51	1670118	19726	1
S004_DAY1_MINITWICE_3011	25	Pulse	99	1676349	25957	NA
S004_DAY1_MINITWICE_3011	25	Port Input	1	1676349	25957	NA
S004_DAY1_MINITWICE_3011	25	Picture	24_T_PWTRIAD_PW_grifo_red.png	1693592	43200	1	1900	2	43200	1800
S004_DAY1_MINITWICE_3011	26	Picture	PW	1695792	0	1	43200	2	0	43200
S004_DAY1_MINITWICE_3011	26	Pulse	99	1712350	16558	NA
S004_DAY1_MINITWICE_3011	26	Port Input	1	1712350	16558	NA
S004_DAY1_MINITWICE_3011	26	Response	52	1721817	26025	1
S004_DAY1_MINITWICE_3011	26	Picture	25_T_PWTRIAD_PW_bebe_red.png	1738992	43200	1	1900	2	43200	1800
S004_DAY1_MINITWICE_3011	27	Picture	PW	1741092	0	1	43200	2	0	43200
S004_DAY1_MINITWICE_3011	27	Pulse	99	1748351	7259	NA
S004_DAY1_MINITWICE_3011	27	Port Input	1	1748351	7259	NA
S004_DAY1_MINITWICE_3011	27	Response	51	1768986	27894	1
S004_DAY1_MINITWICE_3011	27	Picture	26_T_PWTRIAD_PW_teclado_red.png	1784292	43200	1	1900	2	43200	1800
S004_DAY1_MINITWICE_3011	27	Pulse	99	1784352	43260	NA
S004_DAY1_MINITWICE_3011	27	Port Input	1	1784352	43260	NA
S004_DAY1_MINITWICE_3011	28	Picture	FF	1786492	0	1	43200	2	0	43200
S004_DAY1_MINITWICE_3011	28	Response	51	1803214	16722	1
S004_DAY1_MINITWICE_3011	28	Pulse	99	1820353	33861	NA
S004_DAY1_MINITWICE_3011	28	Port Input	1	1820353	33861	NA
S004_DAY1_MINITWICE_3011	28	Picture	27_T_FFTRIAD_FF_tenedor_red.png	1829692	43200	1	1900	2	43200	1800
S004_DAY1_MINITWICE_3011	29	Picture	FF	1831892	0	1	43199	3	0	43200
S004_DAY1_MINITWICE_3011	29	Response	51	1846723	14831	1
S004_DAY1_MINITWICE_3011	29	Pulse	99	1856355	24463	NA
S004_DAY1_MINITWICE_3011	29	Port Input	1	1856355	24463	NA
S004_DAY1_MINITWICE_3011	29	Picture	28_T_FFTRIAD_FF_arco_red.png	1875091	43199	2	1900	4	43200	1800
S004_DAY1_MINITWICE_3011	30	Picture	FF	1877391	0	1	43100	2	0	43200
S004_DAY1_MINITWICE_3011	30	Pulse	99	1892356	14965	NA
S004_DAY1_MINITWICE_3011	30	Port Input	1	1892356	14965	NA
S004_DAY1_MINITWICE_3011	30	Response	52	1893475	16084	1
S004_DAY1_MINITWICE_3011	30	Picture	29_T_FFTRIAD_FF_cinturon_red.png	1920491	43100	1	1900	2	43200	1800
S004_DAY1_MINITWICE_3011	31	Picture	FF	1922791	0	1	43100	2	0	43200
S004_DAY1_MINITWICE_3011	31	Pulse	99	1928357	5566	NA
S004_DAY1_MINITWICE_3011	31	Port Input	1	1928357	5566	NA
S004_DAY1_MINITWICE_3011	31	Response	51	1935530	12739	1
S004_DAY1_MINITWICE_3011	31	Pulse	99	1964358	41567	NA
S004_DAY1_MINITWICE_3011	31	Port Input	1	1964358	41567	NA
S004_DAY1_MINITWICE_3011	31	Picture	30_T_FFTRIAD_FF_leche_red.png	1965891	43100	1	1900	2	43200	1800
S004_DAY1_MINITWICE_3011	32	Picture	rest	1967891	0	1	144099	3	0	144000
S004_DAY1_MINITWICE_3011	32	Pulse	99	2000359	32468	NA
S004_DAY1_MINITWICE_3011	32	Port Input	1	2000359	32468	NA
S004_DAY1_MINITWICE_3011	32	Pulse	99	2036360	68469	NA
S004_DAY1_MINITWICE_3011	32	Port Input	1	2036360	68469	NA
S004_DAY1_MINITWICE_3011	32	Pulse	99	2072361	104470	NA
S004_DAY1_MINITWICE_3011	32	Port Input	1	2072361	104470	NA
S004_DAY1_MINITWICE_3011	32	Pulse	99	2108362	140471	NA
S004_DAY1_MINITWICE_3011	32	Port Input	1	2108362	140471	NA
S004_DAY1_MINITWICE_3011	33	Picture	endrest	2112090	0	1	10100	2	0	10000
S004_DAY1_MINITWICE_3011	34	Picture	FF	2122690	0	2	43100	3	0	43200
S004_DAY1_MINITWICE_3011	34	Response	51	2140721	18031	1
S004_DAY1_MINITWICE_3011	34	Pulse	99	2144363	21673	NA
S004_DAY1_MINITWICE_3011	34	Port Input	1	2144363	21673	NA
S004_DAY1_MINITWICE_3011	34	Picture	33_T_FFTRIAD_FF_monja_red.png	2165790	43100	1	1900	2	43200	1800
S004_DAY1_MINITWICE_3011	35	Picture	FF	2167890	0	1	43200	2	0	43200
S004_DAY1_MINITWICE_3011	35	Response	52	2179080	11190	1
S004_DAY1_MINITWICE_3011	35	Pulse	99	2180364	12474	NA
S004_DAY1_MINITWICE_3011	35	Port Input	1	2180364	12474	NA
S004_DAY1_MINITWICE_3011	35	Picture	34_T_FFTRIAD_FF_huevos_red.png	2211090	43200	1	1900	2	43200	1800
S004_DAY1_MINITWICE_3011	36	Picture	FF	2213390	0	1	43200	2	0	43200
S004_DAY1_MINITWICE_3011	36	Pulse	99	2216365	2975	NA
S004_DAY1_MINITWICE_3011	36	Port Input	1	2216365	2975	NA
S004_DAY1_MINITWICE_3011	36	Response	51	2225124	11734	1
S004_DAY1_MINITWICE_3011	36	Pulse	99	2252366	38976	NA
S004_DAY1_MINITWICE_3011	36	Port Input	1	2252366	38976	NA
S004_DAY1_MINITWICE_3011	36	Picture	35_T_FFTRIAD_FF_dado_red.png	2256590	43200	1	1900	2	43200	1800
S004_DAY1_MINITWICE_3011	37	Picture	FF	2258790	0	1	43200	2	0	43200
S004_DAY1_MINITWICE_3011	37	Response	51	2269652	10862	1
S004_DAY1_MINITWICE_3011	37	Pulse	99	2288368	29578	NA
S004_DAY1_MINITWICE_3011	37	Port Input	1	2288368	29578	NA
S004_DAY1_MINITWICE_3011	37	Picture	36_T_FFTRIAD_FF_ancla_red.png	2301990	43200	1	1900	2	43200	1800
S004_DAY1_MINITWICE_3011	38	Picture	RW	2304090	0	1	43199	3	0	43200
S004_DAY1_MINITWICE_3011	38	Response	52	2320737	16647	1
S004_DAY1_MINITWICE_3011	38	Pulse	99	2324369	20279	NA
S004_DAY1_MINITWICE_3011	38	Port Input	1	2324369	20279	NA
S004_DAY1_MINITWICE_3011	38	Picture	37_T_RWTRIAD_RW_gafas_red.png	2347289	43199	2	1900	3	43200	1800
S004_DAY1_MINITWICE_3011	39	Picture	RW	2349389	0	1	43200	2	0	43200
S004_DAY1_MINITWICE_3011	39	Pulse	99	2360370	10981	NA
S004_DAY1_MINITWICE_3011	39	Port Input	1	2360370	10981	NA
S004_DAY1_MINITWICE_3011	39	Response	52	2368326	18937	1
S004_DAY1_MINITWICE_3011	39	Picture	38_T_RWTRIAD_RW_arbol_red.png	2392589	43200	1	1900	2	43200	1800
S004_DAY1_MINITWICE_3011	40	Picture	RW	2394689	0	1	43200	2	0	43200
S004_DAY1_MINITWICE_3011	40	Pulse	99	2396371	1682	NA
S004_DAY1_MINITWICE_3011	40	Port Input	1	2396371	1682	NA
S004_DAY1_MINITWICE_3011	40	Response	51	2418789	24100	1
S004_DAY1_MINITWICE_3011	40	Pulse	99	2432372	37683	NA
S004_DAY1_MINITWICE_3011	40	Port Input	1	2432372	37683	NA
S004_DAY1_MINITWICE_3011	40	Picture	39_T_RWTRIAD_RW_pilas_red.png	2437889	43200	1	1900	2	43200	1800
S004_DAY1_MINITWICE_3011	41	Picture	RW	2439989	0	1	43200	2	0	43200
S004_DAY1_MINITWICE_3011	41	Pulse	99	2468373	28384	NA
S004_DAY1_MINITWICE_3011	41	Port Input	1	2468373	28384	NA
S004_DAY1_MINITWICE_3011	41	Response	52	2469046	29057	1
S004_DAY1_MINITWICE_3011	41	Picture	40_T_RWTRIAD_RW_grapadora_red.png	2483189	43200	1	1900	2	43200	1800
S004_DAY1_MINITWICE_3011	42	Picture	rest	2485189	0	1	144099	2	0	144000
S004_DAY1_MINITWICE_3011	42	Pulse	99	2504374	19185	NA
S004_DAY1_MINITWICE_3011	42	Port Input	1	2504374	19185	NA
S004_DAY1_MINITWICE_3011	42	Pulse	99	2540375	55186	NA
S004_DAY1_MINITWICE_3011	42	Port Input	1	2540375	55186	NA
S004_DAY1_MINITWICE_3011	42	Pulse	99	2576376	91187	NA
S004_DAY1_MINITWICE_3011	42	Port Input	1	2576376	91187	NA
S004_DAY1_MINITWICE_3011	42	Pulse	99	2612377	127188	NA
S004_DAY1_MINITWICE_3011	42	Port Input	1	2612377	127188	NA
S004_DAY1_MINITWICE_3011	43	Picture	endrest	2629388	0	1	10100	2	0	10000
S004_DAY1_MINITWICE_3011	44	Picture	FF	2639788	0	1	43200	2	0	43200
S004_DAY1_MINITWICE_3011	44	Pulse	99	2648378	8590	NA
S004_DAY1_MINITWICE_3011	44	Port Input	1	2648378	8590	NA
S004_DAY1_MINITWICE_3011	44	Response	51	2655714	15926	1
S004_DAY1_MINITWICE_3011	44	Picture	43_T_FFTRIAD_FF_lana_red.png	2682988	43200	1	1900	2	43200	1800
S004_DAY1_MINITWICE_3011	44	Pulse	99	2684379	44591	NA
S004_DAY1_MINITWICE_3011	44	Port Input	1	2684379	44591	NA
S004_DAY1_MINITWICE_3011	45	Picture	FF	2685188	0	1	43100	2	0	43200
S004_DAY1_MINITWICE_3011	45	Response	52	2712170	26982	1
S004_DAY1_MINITWICE_3011	45	Pulse	99	2720380	35192	NA
S004_DAY1_MINITWICE_3011	45	Port Input	1	2720380	35192	NA
S004_DAY1_MINITWICE_3011	45	Picture	44_T_FFTRIAD_FF_grifo_red.png	2728288	43100	1	1900	2	43200	1800
S004_DAY1_MINITWICE_3011	46	Picture	FF	2730388	0	1	43200	2	0	43200
S004_DAY1_MINITWICE_3011	46	Response	52	2752720	22332	2
S004_DAY1_MINITWICE_3011	46	Pulse	99	2756382	25994	NA
S004_DAY1_MINITWICE_3011	46	Port Input	1	2756382	25994	NA
S004_DAY1_MINITWICE_3011	46	Picture	45_T_FFTRIAD_FF_ascensor_red.png	2773588	43200	1	1900	2	43200	1800
S004_DAY1_MINITWICE_3011	47	Picture	FF	2775688	0	1	43199	3	0	43200
S004_DAY1_MINITWICE_3011	47	Response	51	2788065	12377	1
S004_DAY1_MINITWICE_3011	47	Pulse	99	2792383	16695	NA
S004_DAY1_MINITWICE_3011	47	Port Input	1	2792383	16695	NA
S004_DAY1_MINITWICE_3011	47	Picture	46_T_FFTRIAD_FF_charco_red.png	2818887	43199	2	1900	4	43200	1800
S004_DAY1_MINITWICE_3011	48	Picture	RW	2820987	0	2	43200	3	0	43200
S004_DAY1_MINITWICE_3011	48	Pulse	99	2828384	7397	NA
S004_DAY1_MINITWICE_3011	48	Port Input	1	2828384	7397	NA
S004_DAY1_MINITWICE_3011	48	Response	52	2838846	17859	1
S004_DAY1_MINITWICE_3011	48	Picture	47_T_RWTRIAD_RW_monja_red.png	2864187	43200	1	1900	2	43200	1800
S004_DAY1_MINITWICE_3011	48	Pulse	99	2864385	43398	NA
S004_DAY1_MINITWICE_3011	48	Port Input	1	2864385	43398	NA
S004_DAY1_MINITWICE_3011	49	Picture	RW	2866287	0	1	43200	2	0	43200
S004_DAY1_MINITWICE_3011	49	Response	52	2881662	15375	1
S004_DAY1_MINITWICE_3011	49	Pulse	99	2900386	34099	NA
S004_DAY1_MINITWICE_3011	49	Port Input	1	2900386	34099	NA
S004_DAY1_MINITWICE_3011	49	Picture	48_T_RWTRIAD_RW_bebe_red.png	2909487	43200	1	1900	2	43200	1800
S004_DAY1_MINITWICE_3011	50	Picture	RW	2911587	0	1	43200	2	0	43200
S004_DAY1_MINITWICE_3011	50	Response	51	2934006	22419	1
S004_DAY1_MINITWICE_3011	50	Pulse	99	2936387	24800	NA
S004_DAY1_MINITWICE_3011	50	Port Input	1	2936387	24800	NA
S004_DAY1_MINITWICE_3011	50	Picture	49_T_RWTRIAD_RW_charco_red.png	2954787	43200	1	1900	2	43200	1800
S004_DAY1_MINITWICE_3011	51	Picture	RW	2956887	0	1	43200	2	0	43200
S004_DAY1_MINITWICE_3011	51	Pulse	99	2972388	15501	NA
S004_DAY1_MINITWICE_3011	51	Port Input	1	2972388	15501	NA
S004_DAY1_MINITWICE_3011	51	Response	52	2979749	22862	1
S004_DAY1_MINITWICE_3011	51	Picture	50_T_RWTRIAD_RW_lechuga_red.png	3000087	43200	1	1900	2	43200	1800
S004_DAY1_MINITWICE_3011	52	Picture	rest	3002087	0	1	144099	2	0	144000
S004_DAY1_MINITWICE_3011	52	Pulse	99	3008389	6302	NA
S004_DAY1_MINITWICE_3011	52	Port Input	1	3008389	6302	NA
S004_DAY1_MINITWICE_3011	52	Pulse	99	3044390	42303	NA
S004_DAY1_MINITWICE_3011	52	Port Input	1	3044390	42303	NA
S004_DAY1_MINITWICE_3011	52	Pulse	99	3080391	78304	NA
S004_DAY1_MINITWICE_3011	52	Port Input	1	3080391	78304	NA
S004_DAY1_MINITWICE_3011	52	Pulse	99	3116392	114305	NA
S004_DAY1_MINITWICE_3011	52	Port Input	1	3116392	114305	NA
S004_DAY1_MINITWICE_3011	53	Picture	endrest	3146286	0	1	10100	2	0	10000
S004_DAY1_MINITWICE_3011	53	Pulse	99	3152393	6107	NA
S004_DAY1_MINITWICE_3011	53	Port Input	1	3152393	6107	NA
S004_DAY1_MINITWICE_3011	54	Picture	FF	3156786	0	1	43100	2	0	43200
S004_DAY1_MINITWICE_3011	54	Response	51	3168438	11652	1
S004_DAY1_MINITWICE_3011	54	Pulse	99	3188395	31609	NA
S004_DAY1_MINITWICE_3011	54	Port Input	1	3188395	31609	NA
S004_DAY1_MINITWICE_3011	54	Picture	53_T_FFTRIAD_FF_sombrilla_red.png	3199886	43100	1	1900	2	43200	1800
S004_DAY1_MINITWICE_3011	55	Picture	FF	3201986	0	1	43200	2	0	43200
S004_DAY1_MINITWICE_3011	55	Response	52	3217023	15037	1
S004_DAY1_MINITWICE_3011	55	Pulse	99	3224396	22410	NA
S004_DAY1_MINITWICE_3011	55	Port Input	1	3224396	22410	NA
S004_DAY1_MINITWICE_3011	55	Picture	54_T_FFTRIAD_FF_bebe_red.png	3245186	43200	1	1900	2	43200	1800
S004_DAY1_MINITWICE_3011	56	Picture	FF	3247586	0	1	43099	3	0	43200
S004_DAY1_MINITWICE_3011	56	Pulse	99	3260397	12811	NA
S004_DAY1_MINITWICE_3011	56	Port Input	1	3260397	12811	NA
S004_DAY1_MINITWICE_3011	56	Response	51	3268429	20843	2
S004_DAY1_MINITWICE_3011	56	Picture	55_T_FFTRIAD_FF_pluma_red.png	3290685	43099	2	1900	4	43200	1800
S004_DAY1_MINITWICE_3011	57	Picture	FF	3292785	0	2	43200	3	0	43200
S004_DAY1_MINITWICE_3011	57	Pulse	99	3296398	3613	NA
S004_DAY1_MINITWICE_3011	57	Port Input	1	3296398	3613	NA
S004_DAY1_MINITWICE_3011	57	Response	51	3307667	14882	1
S004_DAY1_MINITWICE_3011	57	Pulse	99	3332399	39614	NA
S004_DAY1_MINITWICE_3011	57	Port Input	1	3332399	39614	NA
S004_DAY1_MINITWICE_3011	57	Picture	56_T_FFTRIAD_FF_bellota_red.png	3335985	43200	1	1900	3	43200	1800
S004_DAY1_MINITWICE_3011	58	Picture	FF	3338285	0	2	43100	3	0	43200
S004_DAY1_MINITWICE_3011	58	Response	51	3356287	18002	1
S004_DAY1_MINITWICE_3011	58	Pulse	99	3368400	30115	NA
S004_DAY1_MINITWICE_3011	58	Port Input	1	3368400	30115	NA
S004_DAY1_MINITWICE_3011	58	Picture	57_T_FFTRIAD_FF_pincel_red.png	3381385	43100	1	1900	2	43200	1800
S004_DAY1_MINITWICE_3011	59	Picture	FF	3383585	0	1	43200	2	0	43200
S004_DAY1_MINITWICE_3011	59	Response	52	3399161	15576	1
S004_DAY1_MINITWICE_3011	59	Pulse	99	3404401	20816	NA
S004_DAY1_MINITWICE_3011	59	Port Input	1	3404401	20816	NA
S004_DAY1_MINITWICE_3011	59	Picture	58_T_FFTRIAD_FF_esquimal_red.png	3426785	43200	1	1900	2	43200	1800
S004_DAY1_MINITWICE_3011	60	Picture	FF	3428885	0	1	43199	4	0	43200
S004_DAY1_MINITWICE_3011	60	Pulse	99	3440402	11517	NA
S004_DAY1_MINITWICE_3011	60	Port Input	1	3440402	11517	NA
S004_DAY1_MINITWICE_3011	60	Response	51	3450354	21469	1
S004_DAY1_MINITWICE_3011	60	Picture	59_T_FFTRIAD_FF_piramide_red.png	3472084	43199	3	1900	6	43200	1800
S004_DAY1_MINITWICE_3011	61	Picture	FF	3474284	0	3	43200	5	0	43200
S004_DAY1_MINITWICE_3011	61	Pulse	99	3476403	2119	NA
S004_DAY1_MINITWICE_3011	61	Port Input	1	3476403	2119	NA
S004_DAY1_MINITWICE_3011	61	Response	52	3498768	24484	1
S004_DAY1_MINITWICE_3011	61	Pulse	99	3512404	38120	NA
S004_DAY1_MINITWICE_3011	61	Port Input	1	3512404	38120	NA
S004_DAY1_MINITWICE_3011	61	Picture	60_T_FFTRIAD_FF_paracaidas_red.png	3517484	43200	2	1900	4	43200	1800
S004_DAY1_MINITWICE_3011	62	Picture	rest	3519484	0	2	144099	4	0	144000
S004_DAY1_MINITWICE_3011	62	Pulse	99	3548405	28921	NA
S004_DAY1_MINITWICE_3011	62	Port Input	1	3548405	28921	NA
S004_DAY1_MINITWICE_3011	62	Pulse	99	3584407	64923	NA
S004_DAY1_MINITWICE_3011	62	Port Input	1	3584407	64923	NA
S004_DAY1_MINITWICE_3011	62	Pulse	99	3620408	100924	NA
S004_DAY1_MINITWICE_3011	62	Port Input	1	3620408	100924	NA
S004_DAY1_MINITWICE_3011	62	Pulse	99	3656409	136925	NA
S004_DAY1_MINITWICE_3011	62	Port Input	1	3656409	136925	NA
S004_DAY1_MINITWICE_3011	63	Picture	endrest	3663684	0	1	10100	2	0	10000
S004_DAY1_MINITWICE_3011	64	Picture	FF	3674183	0	2	43100	4	0	43200
S004_DAY1_MINITWICE_3011	64	Pulse	99	3692410	18227	NA
S004_DAY1_MINITWICE_3011	64	Port Input	1	3692410	18227	NA
S004_DAY1_MINITWICE_3011	64	Response	51	3695040	20857	1
S004_DAY1_MINITWICE_3011	64	Picture	63_T_FFTRIAD_FF_traje_red.png	3717283	43100	2	1901	3	43200	1800
S004_DAY1_MINITWICE_3011	65	Picture	FF	3719584	0	1	43199	3	0	43200
S004_DAY1_MINITWICE_3011	65	Pulse	99	3728411	8827	NA
S004_DAY1_MINITWICE_3011	65	Port Input	1	3728411	8827	NA
S004_DAY1_MINITWICE_3011	65	Response	51	3735915	16331	1
S004_DAY1_MINITWICE_3011	65	Picture	64_T_FFTRIAD_FF_carruaje_red.png	3762783	43199	2	1900	4	43200	1800
S004_DAY1_MINITWICE_3011	65	Pulse	99	3764412	44828	NA
S004_DAY1_MINITWICE_3011	65	Port Input	1	3764412	44828	NA
S004_DAY1_MINITWICE_3011	66	Picture	FF	3765083	0	2	43200	3	0	43200
S004_DAY1_MINITWICE_3011	66	Response	51	3784176	19093	1
S004_DAY1_MINITWICE_3011	66	Pulse	99	3800413	35330	NA
S004_DAY1_MINITWICE_3011	66	Port Input	1	3800413	35330	NA
S004_DAY1_MINITWICE_3011	66	Picture	65_T_FFTRIAD_FF_television_red.png	3808283	43200	1	1900	2	43200	1800
S004_DAY1_MINITWICE_3011	67	Picture	FF	3810383	0	1	43200	2	0	43200
S004_DAY1_MINITWICE_3011	67	Response	52	3824309	13926	1
S004_DAY1_MINITWICE_3011	67	Pulse	99	3836414	26031	NA
S004_DAY1_MINITWICE_3011	67	Port Input	1	3836414	26031	NA
S004_DAY1_MINITWICE_3011	67	Picture	66_T_FFTRIAD_FF_pilas_red.png	3853583	43200	1	1900	2	43200	1800
S004_DAY1_MINITWICE_3011	68	Picture	PW	3855783	0	1	43200	2	0	43200
S004_DAY1_MINITWICE_3011	68	Pulse	99	3872415	16632	NA
S004_DAY1_MINITWICE_3011	68	Port Input	1	3872415	16632	NA
S004_DAY1_MINITWICE_3011	68	Response	52	3888678	32895	1
S004_DAY1_MINITWICE_3011	68	Picture	67_T_PWTRIAD_PW_paraguas_red.png	3898983	43200	1	1900	2	43200	1800
S004_DAY1_MINITWICE_3011	69	Picture	PW	3901183	0	1	43200	2	0	43200
S004_DAY1_MINITWICE_3011	69	Pulse	99	3908416	7233	NA
S004_DAY1_MINITWICE_3011	69	Port Input	1	3908416	7233	NA
S004_DAY1_MINITWICE_3011	69	Response	51	3937350	36167	2
S004_DAY1_MINITWICE_3011	69	Picture	68_T_PWTRIAD_PW_almohada_red.png	3944383	43200	1	1900	2	43200	1800
S004_DAY1_MINITWICE_3011	69	Pulse	99	3944417	43234	NA
S004_DAY1_MINITWICE_3011	69	Port Input	1	3944417	43234	NA
S004_DAY1_MINITWICE_3011	70	Picture	PW	3946483	0	1	43199	3	0	43200
S004_DAY1_MINITWICE_3011	70	Response	51	3968111	21628	1
S004_DAY1_MINITWICE_3011	70	Pulse	99	3980418	33935	NA
S004_DAY1_MINITWICE_3011	70	Port Input	1	3980418	33935	NA
S004_DAY1_MINITWICE_3011	70	Picture	69_T_PWTRIAD_PW_perro_red.png	3989682	43199	2	1900	4	43200	1800
S004_DAY1_MINITWICE_3011	71	Picture	PW	3991983	0	1	43199	2	0	43200
S004_DAY1_MINITWICE_3011	71	Pulse	99	4016420	24437	NA
S004_DAY1_MINITWICE_3011	71	Port Input	1	4016420	24437	NA
S004_DAY1_MINITWICE_3011	71	Response	51	4026480	34497	1
S004_DAY1_MINITWICE_3011	71	Picture	70_T_PWTRIAD_PW_candado_red.png	4035182	43199	1	1900	2	43200	1800
S004_DAY1_MINITWICE_3011	72	Picture	rest	4037182	0	1	144100	2	0	144000
S004_DAY1_MINITWICE_3011	72	Pulse	99	4052421	15239	NA
S004_DAY1_MINITWICE_3011	72	Port Input	1	4052421	15239	NA
S004_DAY1_MINITWICE_3011	72	Pulse	99	4088422	51240	NA
S004_DAY1_MINITWICE_3011	72	Port Input	1	4088422	51240	NA
S004_DAY1_MINITWICE_3011	72	Pulse	99	4124423	87241	NA
S004_DAY1_MINITWICE_3011	72	Port Input	1	4124423	87241	NA
S004_DAY1_MINITWICE_3011	72	Pulse	99	4160424	123242	NA
S004_DAY1_MINITWICE_3011	72	Port Input	1	4160424	123242	NA
S004_DAY1_MINITWICE_3011	73	Picture	endrest	4181382	0	1	10100	2	0	10000
S004_DAY1_MINITWICE_3011	74	Picture	RW	4191682	0	1	43199	3	0	43200
S004_DAY1_MINITWICE_3011	74	Pulse	99	4196425	4743	NA
S004_DAY1_MINITWICE_3011	74	Port Input	1	4196425	4743	NA
S004_DAY1_MINITWICE_3011	74	Response	51	4216786	25104	1
S004_DAY1_MINITWICE_3011	74	Pulse	99	4232426	40744	NA
S004_DAY1_MINITWICE_3011	74	Port Input	1	4232426	40744	NA
S004_DAY1_MINITWICE_3011	74	Picture	73_T_RWTRIAD_RW_almohada_red.png	4234881	43199	2	1901	3	43200	1800
S004_DAY1_MINITWICE_3011	75	Picture	RW	4237181	0	2	43100	3	0	43200
S004_DAY1_MINITWICE_3011	75	Response	51	4264191	27010	1
S004_DAY1_MINITWICE_3011	75	Pulse	99	4268427	31246	NA
S004_DAY1_MINITWICE_3011	75	Port Input	1	4268427	31246	NA
S004_DAY1_MINITWICE_3011	75	Picture	74_T_RWTRIAD_RW_piramide_red.png	4280281	43100	1	1900	2	43200	1800
S004_DAY1_MINITWICE_3011	76	Picture	RW	4282381	0	1	43200	2	0	43200
S004_DAY1_MINITWICE_3011	76	Response	52	4296170	13789	1
S004_DAY1_MINITWICE_3011	76	Pulse	99	4304428	22047	NA
S004_DAY1_MINITWICE_3011	76	Port Input	1	4304428	22047	NA
S004_DAY1_MINITWICE_3011	76	Picture	75_T_RWTRIAD_RW_paraguas_red.png	4325581	43200	1	1900	2	43200	1800
S004_DAY1_MINITWICE_3011	77	Picture	RW	4327681	0	1	43200	2	0	43200
S004_DAY1_MINITWICE_3011	77	Pulse	99	4340429	12748	NA
S004_DAY1_MINITWICE_3011	77	Port Input	1	4340429	12748	NA
S004_DAY1_MINITWICE_3011	77	Response	52	4346356	18675	1
S004_DAY1_MINITWICE_3011	77	Picture	76_T_RWTRIAD_RW_raton_red.png	4370881	43200	1	1900	2	43200	1800
S004_DAY1_MINITWICE_3011	78	Picture	FF	4372981	0	1	43200	2	0	43200
S004_DAY1_MINITWICE_3011	78	Pulse	99	4376430	3449	NA
S004_DAY1_MINITWICE_3011	78	Port Input	1	4376430	3449	NA
S004_DAY1_MINITWICE_3011	78	Response	51	4386140	13159	1
S004_DAY1_MINITWICE_3011	78	Pulse	99	4412431	39450	NA
S004_DAY1_MINITWICE_3011	78	Port Input	1	4412431	39450	NA
S004_DAY1_MINITWICE_3011	78	Picture	77_T_FFTRIAD_FF_novia_red.png	4416181	43200	1	1900	2	43200	1800
S004_DAY1_MINITWICE_3011	79	Picture	FF	4418481	0	1	43100	2	0	43200
S004_DAY1_MINITWICE_3011	79	Response	51	4428939	10458	1
S004_DAY1_MINITWICE_3011	79	Pulse	99	4448433	29952	NA
S004_DAY1_MINITWICE_3011	79	Port Input	1	4448433	29952	NA
S004_DAY1_MINITWICE_3011	79	Picture	78_T_FFTRIAD_FF_sapo_red.png	4461581	43100	1	1900	2	43200	1800
S004_DAY1_MINITWICE_3011	80	Picture	FF	4463881	0	1	43099	2	0	43200
S004_DAY1_MINITWICE_3011	80	Response	52	4480723	16842	1
S004_DAY1_MINITWICE_3011	80	Pulse	99	4484434	20553	NA
S004_DAY1_MINITWICE_3011	80	Port Input	1	4484434	20553	NA
S004_DAY1_MINITWICE_3011	80	Picture	79_T_FFTRIAD_FF_manos_red.png	4506980	43099	1	1900	2	43200	1800
S004_DAY1_MINITWICE_3011	81	Picture	FF	4509280	0	2	43100	3	0	43200
S004_DAY1_MINITWICE_3011	81	Pulse	99	4520435	11155	NA
S004_DAY1_MINITWICE_3011	81	Port Input	1	4520435	11155	NA
S004_DAY1_MINITWICE_3011	81	Response	52	4526443	17163	1
S004_DAY1_MINITWICE_3011	81	Picture	80_T_FFTRIAD_FF_iglu_red.png	4552380	43100	1	1900	2	43200	1800
S004_DAY1_MINITWICE_3011	82	Picture	rest	4554380	0	1	144100	2	0	144000
S004_DAY1_MINITWICE_3011	82	Pulse	99	4556436	2056	NA
S004_DAY1_MINITWICE_3011	82	Port Input	1	4556436	2056	NA
S004_DAY1_MINITWICE_3011	82	Pulse	99	4592437	38057	NA
S004_DAY1_MINITWICE_3011	82	Port Input	1	4592437	38057	NA
S004_DAY1_MINITWICE_3011	82	Pulse	99	4628438	74058	NA
S004_DAY1_MINITWICE_3011	82	Port Input	1	4628438	74058	NA
S004_DAY1_MINITWICE_3011	82	Pulse	99	4664439	110059	NA
S004_DAY1_MINITWICE_3011	82	Port Input	1	4664439	110059	NA
S004_DAY1_MINITWICE_3011	83	Picture	endrest	4698579	0	2	10101	3	0	10000
S004_DAY1_MINITWICE_3011	83	Pulse	99	4700440	1861	NA
S004_DAY1_MINITWICE_3011	83	Port Input	1	4700440	1861	NA
S004_DAY1_MINITWICE_3011	84	Picture	PW	4708880	0	1	43199	2	0	43200
S004_DAY1_MINITWICE_3011	84	Response	51	4733201	24321	1
S004_DAY1_MINITWICE_3011	84	Pulse	99	4736441	27561	NA
S004_DAY1_MINITWICE_3011	84	Port Input	1	4736441	27561	NA
S004_DAY1_MINITWICE_3011	84	Picture	83_T_PWTRIAD_PW_zanahoria_red.png	4752079	43199	1	1900	2	43200	1800
S004_DAY1_MINITWICE_3011	85	Picture	PW	4754279	0	1	43100	2	0	43200
S004_DAY1_MINITWICE_3011	85	Pulse	99	4772442	18163	NA
S004_DAY1_MINITWICE_3011	85	Port Input	1	4772442	18163	NA
S004_DAY1_MINITWICE_3011	85	Picture	84_T_PWTRIAD_PW_oruga_red.png	4797379	43100	1	1900	2	43200	1800
S004_DAY1_MINITWICE_3011	85	Response	52	4798560	44281	1
S004_DAY1_MINITWICE_3011	86	Picture	PW	4799679	0	1	43100	2	0	43200
S004_DAY1_MINITWICE_3011	86	Pulse	99	4808443	8764	NA
S004_DAY1_MINITWICE_3011	86	Port Input	1	4808443	8764	NA
S004_DAY1_MINITWICE_3011	86	Response	52	4822983	23304	1
S004_DAY1_MINITWICE_3011	86	Picture	85_T_PWTRIAD_PW_botella_red.png	4842779	43100	1	1900	2	43200	1800
S004_DAY1_MINITWICE_3011	86	Pulse	99	4844444	44765	NA
S004_DAY1_MINITWICE_3011	86	Port Input	1	4844444	44765	NA
S004_DAY1_MINITWICE_3011	87	Picture	PW	4844879	0	1	43200	2	0	43200
S004_DAY1_MINITWICE_3011	87	Response	51	4867509	22630	1
S004_DAY1_MINITWICE_3011	87	Pulse	99	4880446	35567	NA
S004_DAY1_MINITWICE_3011	87	Port Input	1	4880446	35567	NA
S004_DAY1_MINITWICE_3011	87	Picture	86_T_PWTRIAD_PW_murcielago_red.png	4888079	43200	1	1900	2	43200	1800
S004_DAY1_MINITWICE_3011	88	Picture	PW	4890279	0	1	43100	2	0	43200
S004_DAY1_MINITWICE_3011	88	Pulse	99	4916447	26168	NA
S004_DAY1_MINITWICE_3011	88	Port Input	1	4916447	26168	NA
S004_DAY1_MINITWICE_3011	88	Response	51	4919303	29024	1
S004_DAY1_MINITWICE_3011	88	Picture	87_T_PWTRIAD_PW_tijera_red.png	4933379	43100	1	1900	2	43200	1800
S004_DAY1_MINITWICE_3011	89	Picture	PW	4935479	0	1	43199	2	0	43200
S004_DAY1_MINITWICE_3011	89	Pulse	99	4952448	16969	NA
S004_DAY1_MINITWICE_3011	89	Port Input	1	4952448	16969	NA
S004_DAY1_MINITWICE_3011	89	Response	51	4964035	28556	1
S004_DAY1_MINITWICE_3011	89	Picture	88_T_PWTRIAD_PW_molino_red.png	4978678	43199	1	1900	3	43200	1800
S004_DAY1_MINITWICE_3011	90	Picture	PW	4980778	0	2	43200	3	0	43200
S004_DAY1_MINITWICE_3011	90	Pulse	99	4988449	7671	NA
S004_DAY1_MINITWICE_3011	90	Port Input	1	4988449	7671	NA
S004_DAY1_MINITWICE_3011	90	Response	51	5010433	29655	1
S004_DAY1_MINITWICE_3011	90	Picture	89_T_PWTRIAD_PW_bellota_red.png	5023978	43200	1	1900	2	43200	1800
S004_DAY1_MINITWICE_3011	90	Pulse	99	5024450	43672	NA
S004_DAY1_MINITWICE_3011	90	Port Input	1	5024450	43672	NA
S004_DAY1_MINITWICE_3011	91	Picture	PW	5026078	0	1	43200	2	0	43200
S004_DAY1_MINITWICE_3011	91	Response	51	5054510	28432	1
S004_DAY1_MINITWICE_3011	91	Pulse	99	5060451	34373	NA
S004_DAY1_MINITWICE_3011	91	Port Input	1	5060451	34373	NA
S004_DAY1_MINITWICE_3011	91	Picture	90_T_PWTRIAD_PW_pilas_red.png	5069278	43200	1	1900	2	43200	1800
S004_DAY1_MINITWICE_3011	92	Picture	rest	5071278	0	1	144099	2	0	144000
S004_DAY1_MINITWICE_3011	92	Pulse	99	5096452	25174	NA
S004_DAY1_MINITWICE_3011	92	Port Input	1	5096452	25174	NA
S004_DAY1_MINITWICE_3011	92	Pulse	99	5132453	61175	NA
S004_DAY1_MINITWICE_3011	92	Port Input	1	5132453	61175	NA
S004_DAY1_MINITWICE_3011	92	Pulse	99	5168454	97176	NA
S004_DAY1_MINITWICE_3011	92	Port Input	1	5168454	97176	NA
S004_DAY1_MINITWICE_3011	92	Pulse	99	5204455	133177	NA
S004_DAY1_MINITWICE_3011	92	Port Input	1	5204455	133177	NA
S004_DAY1_MINITWICE_3011	93	Picture	endrest	5215477	0	2	10100	3	0	10000
S004_DAY1_MINITWICE_3011	94	Picture	FF	5226577	0	1	43100	2	0	43200
S004_DAY1_MINITWICE_3011	94	Response	51	5239096	12519	1
S004_DAY1_MINITWICE_3011	94	Pulse	99	5240456	13879	NA
S004_DAY1_MINITWICE_3011	94	Port Input	1	5240456	13879	NA
S004_DAY1_MINITWICE_3011	94	Picture	93_T_FFTRIAD_FF_agua_red.png	5269677	43100	1	1900	2	43200	1800
S004_DAY1_MINITWICE_3011	95	Picture	FF	5271877	0	1	43200	2	0	43200
S004_DAY1_MINITWICE_3011	95	Pulse	99	5276457	4580	NA
S004_DAY1_MINITWICE_3011	95	Port Input	1	5276457	4580	NA
S004_DAY1_MINITWICE_3011	95	Response	52	5288686	16809	4
S004_DAY1_MINITWICE_3011	95	Pulse	99	5312459	40582	NA
S004_DAY1_MINITWICE_3011	95	Port Input	1	5312459	40582	NA
S004_DAY1_MINITWICE_3011	95	Picture	94_T_FFTRIAD_FF_botella_red.png	5315077	43200	1	1900	2	43200	1800
S004_DAY1_MINITWICE_3011	96	Picture	FF	5317177	0	1	43200	2	0	43200
S004_DAY1_MINITWICE_3011	96	Response	52	5334106	16929	1
S004_DAY1_MINITWICE_3011	96	Pulse	99	5348460	31283	NA
S004_DAY1_MINITWICE_3011	96	Port Input	1	5348460	31283	NA
S004_DAY1_MINITWICE_3011	96	Picture	95_T_FFTRIAD_FF_murcielago_red.png	5360377	43200	1	1900	2	43200	1800
S004_DAY1_MINITWICE_3011	97	Picture	FF	5362577	0	1	43100	2	0	43200
S004_DAY1_MINITWICE_3011	97	Response	51	5378406	15829	1
S004_DAY1_MINITWICE_3011	97	Pulse	99	5384461	21884	NA
S004_DAY1_MINITWICE_3011	97	Port Input	1	5384461	21884	NA
S004_DAY1_MINITWICE_3011	97	Picture	96_T_FFTRIAD_FF_martillo_red.png	5405677	43100	1	1900	2	43200	1800
S004_DAY1_MINITWICE_3011	98	Picture	RW	5407777	0	1	43199	3	0	43200
S004_DAY1_MINITWICE_3011	98	Pulse	99	5420462	12685	NA
S004_DAY1_MINITWICE_3011	98	Port Input	1	5420462	12685	NA
S004_DAY1_MINITWICE_3011	98	Response	51	5426636	18859	1
S004_DAY1_MINITWICE_3011	98	Picture	97_T_RWTRIAD_RW_tenedor_red.png	5450976	43199	2	1900	3	43200	1800
S004_DAY1_MINITWICE_3011	99	Picture	RW	5453076	0	1	43200	2	0	43200
S004_DAY1_MINITWICE_3011	99	Pulse	99	5456463	3387	NA
S004_DAY1_MINITWICE_3011	99	Port Input	1	5456463	3387	NA
S004_DAY1_MINITWICE_3011	99	Response	51	5470890	17814	1
S004_DAY1_MINITWICE_3011	99	Pulse	99	5492464	39388	NA
S004_DAY1_MINITWICE_3011	99	Port Input	1	5492464	39388	NA
S004_DAY1_MINITWICE_3011	99	Picture	98_T_RWTRIAD_RW_granjero_red.png	5496276	43200	1	1900	2	43200	1800
S004_DAY1_MINITWICE_3011	100	Picture	RW	5498376	0	1	43200	2	0	43200
S004_DAY1_MINITWICE_3011	100	Response	52	5517216	18840	1
S004_DAY1_MINITWICE_3011	100	Pulse	99	5528465	30089	NA
S004_DAY1_MINITWICE_3011	100	Port Input	1	5528465	30089	NA
S004_DAY1_MINITWICE_3011	100	Picture	99_T_RWTRIAD_RW_silla_red.png	5541576	43200	1	1900	2	43200	1800
S004_DAY1_MINITWICE_3011	101	Picture	RW	5543676	0	1	43200	2	0	43200
S004_DAY1_MINITWICE_3011	101	Pulse	99	5564466	20790	NA
S004_DAY1_MINITWICE_3011	101	Port Input	1	5564466	20790	NA
S004_DAY1_MINITWICE_3011	101	Response	51	5568293	24617	1
S004_DAY1_MINITWICE_3011	101	Picture	100_T_RWTRIAD_RW_perro_red.png	5586876	43200	1	1900	2	43200	1800
S004_DAY1_MINITWICE_3011	102	Picture	rest	5588876	0	1	144099	2	0	144000
S004_DAY1_MINITWICE_3011	102	Pulse	99	5600467	11591	NA
S004_DAY1_MINITWICE_3011	102	Port Input	1	5600467	11591	NA
S004_DAY1_MINITWICE_3011	102	Pulse	99	5636468	47592	NA
S004_DAY1_MINITWICE_3011	102	Port Input	1	5636468	47592	NA
S004_DAY1_MINITWICE_3011	102	Pulse	99	5672469	83593	NA
S004_DAY1_MINITWICE_3011	102	Port Input	1	5672469	83593	NA
S004_DAY1_MINITWICE_3011	102	Pulse	99	5708470	119594	NA
S004_DAY1_MINITWICE_3011	102	Port Input	1	5708470	119594	NA
S004_DAY1_MINITWICE_3011	103	Picture	endrest	5733075	0	1	10100	2	0	10000
S004_DAY1_MINITWICE_3011	104	Picture	PW	5743575	0	1	43100	2	0	43200
S004_DAY1_MINITWICE_3011	104	Pulse	99	5744471	896	NA
S004_DAY1_MINITWICE_3011	104	Port Input	1	5744471	896	NA
S004_DAY1_MINITWICE_3011	104	Response	51	5779478	35903	1
S004_DAY1_MINITWICE_3011	104	Pulse	99	5780473	36898	NA
S004_DAY1_MINITWICE_3011	104	Port Input	1	5780473	36898	NA
S004_DAY1_MINITWICE_3011	104	Picture	103_T_PWTRIAD_PW_monja_red.png	5786675	43100	1	1900	2	43200	1800
S004_DAY1_MINITWICE_3011	105	Picture	PW	5788875	0	1	43200	2	0	43200
S004_DAY1_MINITWICE_3011	105	Response	52	5812465	23590	1
S004_DAY1_MINITWICE_3011	105	Pulse	99	5816474	27599	NA
S004_DAY1_MINITWICE_3011	105	Port Input	1	5816474	27599	NA
S004_DAY1_MINITWICE_3011	105	Picture	104_T_PWTRIAD_PW_ascensor_red.png	5832075	43200	1	1900	2	43200	1800
S004_DAY1_MINITWICE_3011	106	Picture	PW	5834275	0	1	43200	2	0	43200
S004_DAY1_MINITWICE_3011	106	Pulse	99	5852475	18200	NA
S004_DAY1_MINITWICE_3011	106	Port Input	1	5852475	18200	NA
S004_DAY1_MINITWICE_3011	106	Response	51	5860695	26420	1
S004_DAY1_MINITWICE_3011	106	Picture	105_T_PWTRIAD_PW_cortina_red.png	5877475	43200	1	1900	2	43200	1800
S004_DAY1_MINITWICE_3011	107	Picture	PW	5879775	0	1	43099	3	0	43200
S004_DAY1_MINITWICE_3011	107	Pulse	99	5888476	8701	NA
S004_DAY1_MINITWICE_3011	107	Port Input	1	5888476	8701	NA
S004_DAY1_MINITWICE_3011	107	Response	51	5898767	18992	2
S004_DAY1_MINITWICE_3011	107	Picture	106_T_PWTRIAD_PW_silla_red.png	5922874	43099	2	1900	3	43200	1800
S004_DAY1_MINITWICE_3011	107	Pulse	99	5924477	44702	NA
S004_DAY1_MINITWICE_3011	107	Port Input	1	5924477	44702	NA
S004_DAY1_MINITWICE_3011	108	Picture	RW	5924974	0	2	43200	3	0	43200
S004_DAY1_MINITWICE_3011	108	Response	52	5946483	21509	1
S004_DAY1_MINITWICE_3011	108	Pulse	99	5960478	35504	NA
S004_DAY1_MINITWICE_3011	108	Port Input	1	5960478	35504	NA
S004_DAY1_MINITWICE_3011	108	Picture	107_T_RWTRIAD_RW_mono_red.png	5968174	43200	1	1900	2	43200	1800
S004_DAY1_MINITWICE_3011	109	Picture	RW	5970274	0	1	43200	2	0	43200
S004_DAY1_MINITWICE_3011	109	Response	51	5990343	20069	1
S004_DAY1_MINITWICE_3011	109	Pulse	99	5996479	26205	NA
S004_DAY1_MINITWICE_3011	109	Port Input	1	5996479	26205	NA
S004_DAY1_MINITWICE_3011	109	Picture	108_T_RWTRIAD_RW_violin_red.png	6013474	43200	1	1900	2	43200	1800
S004_DAY1_MINITWICE_3011	110	Picture	RW	6015574	0	1	43200	2	0	43200
S004_DAY1_MINITWICE_3011	110	Pulse	99	6032480	16906	NA
S004_DAY1_MINITWICE_3011	110	Port Input	1	6032480	16906	NA
S004_DAY1_MINITWICE_3011	110	Response	52	6036235	20661	1
S004_DAY1_MINITWICE_3011	110	Picture	109_T_RWTRIAD_RW_destornillador_red.png	6058774	43200	1	1900	2	43200	1800
S004_DAY1_MINITWICE_3011	111	Picture	RW	6061074	0	1	43100	2	0	43200
S004_DAY1_MINITWICE_3011	111	Pulse	99	6068481	7407	NA
S004_DAY1_MINITWICE_3011	111	Port Input	1	6068481	7407	NA
S004_DAY1_MINITWICE_3011	111	Response	51	6080469	19395	1
S004_DAY1_MINITWICE_3011	111	Picture	110_T_RWTRIAD_RW_telarana_red.png	6104174	43100	1	1900	2	43200	1800
S004_DAY1_MINITWICE_3011	111	Pulse	99	6104482	43408	NA
S004_DAY1_MINITWICE_3011	111	Port Input	1	6104482	43408	NA
S004_DAY1_MINITWICE_3011	112	Picture	rest	6106174	0	1	144099	2	0	144000
S004_DAY1_MINITWICE_3011	112	Pulse	99	6140483	34309	NA
S004_DAY1_MINITWICE_3011	112	Port Input	1	6140483	34309	NA
S004_DAY1_MINITWICE_3011	112	Pulse	99	6176484	70310	NA
S004_DAY1_MINITWICE_3011	112	Port Input	1	6176484	70310	NA
S004_DAY1_MINITWICE_3011	112	Pulse	99	6212486	106312	NA
S004_DAY1_MINITWICE_3011	112	Port Input	1	6212486	106312	NA
S004_DAY1_MINITWICE_3011	112	Pulse	99	6248487	142313	NA
S004_DAY1_MINITWICE_3011	112	Port Input	1	6248487	142313	NA
S004_DAY1_MINITWICE_3011	113	Picture	endrest	6250373	0	1	10100	2	0	10000
S004_DAY1_MINITWICE_3011	114	Picture	RW	6260773	0	1	43200	2	0	43200
S004_DAY1_MINITWICE_3011	114	Pulse	99	6284488	23715	NA
S004_DAY1_MINITWICE_3011	114	Port Input	1	6284488	23715	NA
S004_DAY1_MINITWICE_3011	114	Response	52	6286621	25848	1
S004_DAY1_MINITWICE_3011	114	Picture	113_T_RWTRIAD_RW_murcielago_red.png	6303973	43200	1	1900	2	43200	1800
S004_DAY1_MINITWICE_3011	115	Picture	RW	6306173	0	1	43100	2	0	43200
S004_DAY1_MINITWICE_3011	115	Pulse	99	6320489	14316	NA
S004_DAY1_MINITWICE_3011	115	Port Input	1	6320489	14316	NA
S004_DAY1_MINITWICE_3011	115	Response	52	6326169	19996	1
S004_DAY1_MINITWICE_3011	115	Picture	114_T_RWTRIAD_RW_lenador_red.png	6349273	43100	1	1900	2	43200	1800
S004_DAY1_MINITWICE_3011	116	Picture	RW	6351373	0	1	43199	3	0	43200
S004_DAY1_MINITWICE_3011	116	Pulse	99	6356490	5117	NA
S004_DAY1_MINITWICE_3011	116	Port Input	1	6356490	5117	NA
S004_DAY1_MINITWICE_3011	116	Response	52	6370776	19403	1
S004_DAY1_MINITWICE_3011	116	Pulse	99	6392491	41118	NA
S004_DAY1_MINITWICE_3011	116	Port Input	1	6392491	41118	NA
S004_DAY1_MINITWICE_3011	116	Picture	115_T_RWTRIAD_RW_sapo_red.png	6394572	43199	2	1900	4	43200	1800
S004_DAY1_MINITWICE_3011	117	Picture	RW	6396872	0	2	43100	3	0	43200
S004_DAY1_MINITWICE_3011	117	Response	52	6419054	22182	1
S004_DAY1_MINITWICE_3011	117	Pulse	99	6428492	31620	NA
S004_DAY1_MINITWICE_3011	117	Port Input	1	6428492	31620	NA
S004_DAY1_MINITWICE_3011	117	Picture	116_T_RWTRIAD_RW_pluma_red.png	6439972	43100	1	1900	2	43200	1800
S004_DAY1_MINITWICE_3011	118	Picture	PW	6442072	0	1	43200	2	0	43200
S004_DAY1_MINITWICE_3011	118	Pulse	99	6464493	22421	NA
S004_DAY1_MINITWICE_3011	118	Port Input	1	6464493	22421	NA
S004_DAY1_MINITWICE_3011	118	Response	51	6471485	29413	1
S004_DAY1_MINITWICE_3011	118	Picture	117_T_PWTRIAD_PW_television_red.png	6485272	43200	1	1900	2	43200	1800
S004_DAY1_MINITWICE_3011	119	Picture	PW	6487372	0	1	43200	2	0	43200
S004_DAY1_MINITWICE_3011	119	Pulse	99	6500494	13122	NA
S004_DAY1_MINITWICE_3011	119	Port Input	1	6500494	13122	NA
S004_DAY1_MINITWICE_3011	119	Response	51	6522792	35420	1
S004_DAY1_MINITWICE_3011	119	Picture	118_T_PWTRIAD_PW_telarana_red.png	6530572	43200	1	1900	2	43200	1800
S004_DAY1_MINITWICE_3011	120	Picture	PW	6532872	0	1	43100	2	0	43200
S004_DAY1_MINITWICE_3011	120	Pulse	99	6536495	3623	NA
S004_DAY1_MINITWICE_3011	120	Port Input	1	6536495	3623	NA
S004_DAY1_MINITWICE_3011	120	Pulse	99	6572496	39624	NA
S004_DAY1_MINITWICE_3011	120	Port Input	1	6572496	39624	NA
S004_DAY1_MINITWICE_3011	120	Picture	119_T_PWTRIAD_PW_granjero_red.png	6575972	43100	1	1900	2	43200	1800
S004_DAY1_MINITWICE_3011	121	Picture	PW	6578272	0	1	43099	3	0	43200
S004_DAY1_MINITWICE_3011	121	Response	51	6600776	22504	1
S004_DAY1_MINITWICE_3011	121	Pulse	99	6608498	30226	NA
S004_DAY1_MINITWICE_3011	121	Port Input	1	6608498	30226	NA
S004_DAY1_MINITWICE_3011	121	Picture	120_T_PWTRIAD_PW_madera_red.png	6621371	43099	2	1900	4	43200	1800
S004_DAY1_MINITWICE_3011	122	Picture	rest	6623371	0	2	144100	3	0	144000
S004_DAY1_MINITWICE_3011	122	Pulse	99	6644499	21128	NA
S004_DAY1_MINITWICE_3011	122	Port Input	1	6644499	21128	NA
S004_DAY1_MINITWICE_3011	122	Pulse	99	6680500	57129	NA
S004_DAY1_MINITWICE_3011	122	Port Input	1	6680500	57129	NA
S004_DAY1_MINITWICE_3011	122	Pulse	99	6716501	93130	NA
S004_DAY1_MINITWICE_3011	122	Port Input	1	6716501	93130	NA
S004_DAY1_MINITWICE_3011	122	Pulse	99	6752502	129131	NA
S004_DAY1_MINITWICE_3011	122	Port Input	1	6752502	129131	NA
S004_DAY1_MINITWICE_3011	123	Picture	endrest	6767571	0	1	10100	2	0	10000
S004_DAY1_MINITWICE_3011	124	Picture	PW	6777871	0	1	43200	2	0	43200
S004_DAY1_MINITWICE_3011	124	Pulse	99	6788503	10632	NA
S004_DAY1_MINITWICE_3011	124	Port Input	1	6788503	10632	NA
S004_DAY1_MINITWICE_3011	124	Response	52	6804131	26260	1
S004_DAY1_MINITWICE_3011	124	Picture	123_T_PWTRIAD_PW_gafas_red.png	6821071	43200	1	1900	2	43200	1800
S004_DAY1_MINITWICE_3011	125	Picture	PW	6823171	0	1	43199	3	0	43200
S004_DAY1_MINITWICE_3011	125	Pulse	99	6824504	1333	NA
S004_DAY1_MINITWICE_3011	125	Port Input	1	6824504	1333	NA
S004_DAY1_MINITWICE_3011	125	Response	51	6848435	25264	1
S004_DAY1_MINITWICE_3011	125	Pulse	99	6860505	37334	NA
S004_DAY1_MINITWICE_3011	125	Port Input	1	6860505	37334	NA
S004_DAY1_MINITWICE_3011	125	Picture	124_T_PWTRIAD_PW_carruaje_red.png	6866370	43199	2	1900	4	43200	1800
S004_DAY1_MINITWICE_3011	126	Picture	PW	6868570	0	2	43200	3	0	43200
S004_DAY1_MINITWICE_3011	126	Response	51	6883352	14782	1
S004_DAY1_MINITWICE_3011	126	Pulse	99	6896506	27936	NA
S004_DAY1_MINITWICE_3011	126	Port Input	1	6896506	27936	NA
S004_DAY1_MINITWICE_3011	126	Picture	125_T_PWTRIAD_PW_queso_red.png	6911770	43200	1	1900	2	43200	1800
S004_DAY1_MINITWICE_3011	127	Picture	PW	6913870	0	1	43200	2	0	43200
S004_DAY1_MINITWICE_3011	127	Pulse	99	6932507	18637	NA
S004_DAY1_MINITWICE_3011	127	Port Input	1	6932507	18637	NA
S004_DAY1_MINITWICE_3011	127	Response	51	6940809	26939	3
S004_DAY1_MINITWICE_3011	127	Picture	126_T_PWTRIAD_PW_pincel_red.png	6957070	43200	1	1900	2	43200	1800
S004_DAY1_MINITWICE_3011	128	Picture	RW	6959170	0	1	43199	3	0	43200
S004_DAY1_MINITWICE_3011	128	Pulse	99	6968508	9338	NA
S004_DAY1_MINITWICE_3011	128	Port Input	1	6968508	9338	NA
S004_DAY1_MINITWICE_3011	128	Response	51	6977119	17949	1
S004_DAY1_MINITWICE_3011	128	Picture	127_T_RWTRIAD_RW_bala_red.png	7002369	43199	2	1901	3	43200	1800
S004_DAY1_MINITWICE_3011	129	Picture	RW	7004470	0	1	43200	2	0	43200
S004_DAY1_MINITWICE_3011	129	Pulse	99	7004509	39	NA
S004_DAY1_MINITWICE_3011	129	Port Input	1	7004509	39	NA
S004_DAY1_MINITWICE_3011	129	Response	51	7020462	15992	2
S004_DAY1_MINITWICE_3011	129	Pulse	99	7040510	36040	NA
S004_DAY1_MINITWICE_3011	129	Port Input	1	7040510	36040	NA
S004_DAY1_MINITWICE_3011	129	Picture	128_T_RWTRIAD_RW_television_red.png	7047670	43200	1	1899	3	43200	1800
S004_DAY1_MINITWICE_3011	130	Picture	RW	7049769	0	2	43200	4	0	43200
S004_DAY1_MINITWICE_3011	130	Response	51	7063371	13602	1
S004_DAY1_MINITWICE_3011	130	Pulse	99	7076512	26743	NA
S004_DAY1_MINITWICE_3011	130	Port Input	1	7076512	26743	NA
S004_DAY1_MINITWICE_3011	130	Picture	129_T_RWTRIAD_RW_botella_red.png	7092969	43200	2	1900	4	43200	1800
S004_DAY1_MINITWICE_3011	131	Picture	RW	7095069	0	2	43200	3	0	43200
S004_DAY1_MINITWICE_3011	131	Response	52	7111720	16651	1
S004_DAY1_MINITWICE_3011	131	Pulse	99	7112513	17444	NA
S004_DAY1_MINITWICE_3011	131	Port Input	1	7112513	17444	NA
S004_DAY1_MINITWICE_3011	131	Picture	130_T_RWTRIAD_RW_sobre_red.png	7138269	43200	1	1900	2	43200	1800
S004_DAY1_MINITWICE_3011	132	Picture	rest	7140269	0	1	144100	2	0	144000
S004_DAY1_MINITWICE_3011	132	Pulse	99	7148514	8245	NA
S004_DAY1_MINITWICE_3011	132	Port Input	1	7148514	8245	NA
S004_DAY1_MINITWICE_3011	132	Pulse	99	7184515	44246	NA
S004_DAY1_MINITWICE_3011	132	Port Input	1	7184515	44246	NA
S004_DAY1_MINITWICE_3011	132	Pulse	99	7220516	80247	NA
S004_DAY1_MINITWICE_3011	132	Port Input	1	7220516	80247	NA
S004_DAY1_MINITWICE_3011	132	Pulse	99	7256517	116248	NA
S004_DAY1_MINITWICE_3011	132	Port Input	1	7256517	116248	NA
S004_DAY1_MINITWICE_3011	133	Picture	endrest	7284469	0	1	10100	2	0	10000
S004_DAY1_MINITWICE_3011	133	Pulse	99	7292518	8049	NA
S004_DAY1_MINITWICE_3011	133	Port Input	1	7292518	8049	NA
S004_DAY1_MINITWICE_3011	134	Picture	FF	7294869	0	1	43199	3	0	43200
S004_DAY1_MINITWICE_3011	134	Response	51	7309625	14756	1
S004_DAY1_MINITWICE_3011	134	Pulse	99	7328519	33650	NA
S004_DAY1_MINITWICE_3011	134	Port Input	1	7328519	33650	NA
S004_DAY1_MINITWICE_3011	134	Picture	133_T_FFTRIAD_FF_zanahoria_red.png	7338068	43199	2	1900	3	43200	1800
S004_DAY1_MINITWICE_3011	135	Picture	FF	7340368	0	2	43200	3	0	43200
S004_DAY1_MINITWICE_3011	135	Response	52	7356309	15941	1
S004_DAY1_MINITWICE_3011	135	Pulse	99	7364520	24152	NA
S004_DAY1_MINITWICE_3011	135	Port Input	1	7364520	24152	NA
S004_DAY1_MINITWICE_3011	135	Picture	134_T_FFTRIAD_FF_anillo_red.png	7383568	43200	1	1900	2	43200	1800
S004_DAY1_MINITWICE_3011	136	Picture	FF	7385868	0	1	43100	2	0	43200
S004_DAY1_MINITWICE_3011	136	Response	51	7398256	12388	1
S004_DAY1_MINITWICE_3011	136	Pulse	99	7400521	14653	NA
S004_DAY1_MINITWICE_3011	136	Port Input	1	7400521	14653	NA
S004_DAY1_MINITWICE_3011	136	Picture	135_T_FFTRIAD_FF_candado_red.png	7428968	43100	1	1900	2	43200	1800
S004_DAY1_MINITWICE_3011	137	Picture	FF	7431168	0	1	43200	2	0	43200
S004_DAY1_MINITWICE_3011	137	Pulse	99	7436522	5354	NA
S004_DAY1_MINITWICE_3011	137	Port Input	1	7436522	5354	NA
S004_DAY1_MINITWICE_3011	137	Response	52	7450913	19745	1
S004_DAY1_MINITWICE_3011	137	Pulse	99	7472523	41355	NA
S004_DAY1_MINITWICE_3011	137	Port Input	1	7472523	41355	NA
S004_DAY1_MINITWICE_3011	137	Picture	136_T_FFTRIAD_FF_raton_red.png	7474368	43200	1	1900	2	43200	1800
S004_DAY1_MINITWICE_3011	138	Picture	rest	7476368	0	1	144099	2	0	144000
S004_DAY1_MINITWICE_3011	138	Pulse	99	7508525	32157	NA
S004_DAY1_MINITWICE_3011	138	Port Input	1	7508525	32157	NA
S004_DAY1_MINITWICE_3011	139	Picture	endrest	7620567	0	1	10100	2	0	10000
S004_DAY1_MINITWICE_3011	140	Picture	endrest	7630767	0	1	10100	2	0	10000
S004_DAY1_MINITWICE_3011	141	Picture	endrest	7640967	0	1	10100	2	0	10000
S004_DAY1_MINITWICE_3011	142	Picture	endrest	7651167	0	1	10100	2	0	10000
