Scenario - vOT_Triads_fMRI_II
Logfile written - 05/12/2015 17:24:11

Subject	Trial	Event Type	Code	Time	TTime	Uncertainty	Duration	Uncertainty	ReqTime	ReqDur

S005_DAY2_MINITWICE_3275	1	Pulse	99	383748	393668	NA
S005_DAY2_MINITWICE_3275	1	Port Input	1	383748	393668	NA
S005_DAY2_MINITWICE_3275	1	Pulse	99	419749	429669	NA
S005_DAY2_MINITWICE_3275	1	Port Input	1	419749	429669	NA
S005_DAY2_MINITWICE_3275	1	Pulse	99	455750	465670	NA
S005_DAY2_MINITWICE_3275	1	Port Input	1	455750	465670	NA
S005_DAY2_MINITWICE_3275	1	Pulse	99	491751	501671	NA
S005_DAY2_MINITWICE_3275	1	Port Input	1	491751	501671	NA
S005_DAY2_MINITWICE_3275	1	Pulse	99	527752	537672	NA
S005_DAY2_MINITWICE_3275	1	Port Input	1	527752	537672	NA
S005_DAY2_MINITWICE_3275	2	Picture	rest	527997	0	1	144099	3	0	144000
S005_DAY2_MINITWICE_3275	2	Pulse	99	563753	35756	NA
S005_DAY2_MINITWICE_3275	2	Port Input	1	563753	35756	NA
S005_DAY2_MINITWICE_3275	2	Pulse	99	599754	71757	NA
S005_DAY2_MINITWICE_3275	2	Port Input	1	599754	71757	NA
S005_DAY2_MINITWICE_3275	2	Pulse	99	635755	107758	NA
S005_DAY2_MINITWICE_3275	2	Port Input	1	635755	107758	NA
S005_DAY2_MINITWICE_3275	2	Pulse	99	671756	143759	NA
S005_DAY2_MINITWICE_3275	2	Port Input	1	671756	143759	NA
S005_DAY2_MINITWICE_3275	3	Picture	endrest	672197	0	1	10099	3	0	10000
S005_DAY2_MINITWICE_3275	4	Picture	RW	682496	0	2	43200	3	0	43200
S005_DAY2_MINITWICE_3275	4	Response	52	695467	12971	1
S005_DAY2_MINITWICE_3275	4	Pulse	99	707757	25261	NA
S005_DAY2_MINITWICE_3275	4	Port Input	1	707757	25261	NA
S005_DAY2_MINITWICE_3275	4	Picture	3_T_RWTRIAD_RW_pincel_red.png	725696	43200	1	1900	2	43200	1800
S005_DAY2_MINITWICE_3275	5	Picture	RW	727796	0	1	43200	2	0	43200
S005_DAY2_MINITWICE_3275	5	Response	52	739009	11213	2
S005_DAY2_MINITWICE_3275	5	Pulse	99	743758	15962	NA
S005_DAY2_MINITWICE_3275	5	Port Input	1	743758	15962	NA
S005_DAY2_MINITWICE_3275	5	Picture	4_T_RWTRIAD_RW_sapo_red.png	770996	43200	1	1900	2	43200	1800
S005_DAY2_MINITWICE_3275	6	Picture	RW	773096	0	1	43200	2	0	43200
S005_DAY2_MINITWICE_3275	6	Pulse	99	779759	6663	NA
S005_DAY2_MINITWICE_3275	6	Port Input	1	779759	6663	NA
S005_DAY2_MINITWICE_3275	6	Response	52	784174	11078	1
S005_DAY2_MINITWICE_3275	6	Pulse	99	815761	42665	NA
S005_DAY2_MINITWICE_3275	6	Port Input	1	815761	42665	NA
S005_DAY2_MINITWICE_3275	6	Picture	5_T_RWTRIAD_RW_oruga_red.png	816296	43200	1	1900	2	43200	1800
S005_DAY2_MINITWICE_3275	7	Picture	RW	818396	0	1	43200	2	0	43200
S005_DAY2_MINITWICE_3275	7	Response	51	831989	13593	2
S005_DAY2_MINITWICE_3275	7	Pulse	99	851762	33366	NA
S005_DAY2_MINITWICE_3275	7	Port Input	1	851762	33366	NA
S005_DAY2_MINITWICE_3275	7	Picture	6_T_RWTRIAD_RW_pilas_red.png	861596	43200	1	1900	2	43200	1800
S005_DAY2_MINITWICE_3275	8	Picture	RW	863696	0	1	43200	2	0	43200
S005_DAY2_MINITWICE_3275	8	Response	51	874302	10606	1
S005_DAY2_MINITWICE_3275	8	Pulse	99	887763	24067	NA
S005_DAY2_MINITWICE_3275	8	Port Input	1	887763	24067	NA
S005_DAY2_MINITWICE_3275	8	Picture	7_T_RWTRIAD_RW_bala_red.png	906896	43200	1	1899	3	43200	1800
S005_DAY2_MINITWICE_3275	9	Picture	RW	908996	0	1	43199	2	0	43200
S005_DAY2_MINITWICE_3275	9	Response	51	919224	10228	1
S005_DAY2_MINITWICE_3275	9	Pulse	99	923764	14768	NA
S005_DAY2_MINITWICE_3275	9	Port Input	1	923764	14768	NA
S005_DAY2_MINITWICE_3275	9	Picture	8_T_RWTRIAD_RW_tenedor_red.png	952195	43199	1	1900	2	43200	1800
S005_DAY2_MINITWICE_3275	10	Picture	RW	954295	0	1	43200	2	0	43200
S005_DAY2_MINITWICE_3275	10	Pulse	99	959765	5470	NA
S005_DAY2_MINITWICE_3275	10	Port Input	1	959765	5470	NA
S005_DAY2_MINITWICE_3275	10	Response	52	962977	8682	1
S005_DAY2_MINITWICE_3275	10	Pulse	99	995766	41471	NA
S005_DAY2_MINITWICE_3275	10	Port Input	1	995766	41471	NA
S005_DAY2_MINITWICE_3275	10	Picture	9_T_RWTRIAD_RW_sombrilla_red.png	997495	43200	1	1900	2	43200	1800
S005_DAY2_MINITWICE_3275	11	Picture	RW	999595	0	1	43200	2	0	43200
S005_DAY2_MINITWICE_3275	11	Response	51	1009053	9458	1
S005_DAY2_MINITWICE_3275	11	Pulse	99	1031767	32172	NA
S005_DAY2_MINITWICE_3275	11	Port Input	1	1031767	32172	NA
S005_DAY2_MINITWICE_3275	11	Picture	10_T_RWTRIAD_RW_novia_red.png	1042795	43200	1	1900	2	43200	1800
S005_DAY2_MINITWICE_3275	12	Picture	rest	1044795	0	1	144099	3	0	144000
S005_DAY2_MINITWICE_3275	12	Pulse	99	1067768	22973	NA
S005_DAY2_MINITWICE_3275	12	Port Input	1	1067768	22973	NA
S005_DAY2_MINITWICE_3275	12	Pulse	99	1103769	58974	NA
S005_DAY2_MINITWICE_3275	12	Port Input	1	1103769	58974	NA
S005_DAY2_MINITWICE_3275	12	Pulse	99	1139770	94975	NA
S005_DAY2_MINITWICE_3275	12	Port Input	1	1139770	94975	NA
S005_DAY2_MINITWICE_3275	12	Pulse	99	1175771	130976	NA
S005_DAY2_MINITWICE_3275	12	Port Input	1	1175771	130976	NA
S005_DAY2_MINITWICE_3275	13	Picture	endrest	1188994	0	1	10100	2	0	10000
S005_DAY2_MINITWICE_3275	14	Picture	RW	1199294	0	1	43200	2	0	43200
S005_DAY2_MINITWICE_3275	14	Response	52	1211520	12226	1
S005_DAY2_MINITWICE_3275	14	Pulse	99	1211772	12478	NA
S005_DAY2_MINITWICE_3275	14	Port Input	1	1211772	12478	NA
S005_DAY2_MINITWICE_3275	14	Picture	13_T_RWTRIAD_RW_huevos_red.png	1242494	43200	1	1900	2	43200	1800
S005_DAY2_MINITWICE_3275	15	Picture	RW	1244594	0	1	43200	2	0	43200
S005_DAY2_MINITWICE_3275	15	Pulse	99	1247773	3179	NA
S005_DAY2_MINITWICE_3275	15	Port Input	1	1247773	3179	NA
S005_DAY2_MINITWICE_3275	15	Response	51	1269697	25103	1
S005_DAY2_MINITWICE_3275	15	Pulse	99	1283774	39180	NA
S005_DAY2_MINITWICE_3275	15	Port Input	1	1283774	39180	NA
S005_DAY2_MINITWICE_3275	15	Picture	14_T_RWTRIAD_RW_piramide_red.png	1287794	43200	1	1900	2	43200	1800
S005_DAY2_MINITWICE_3275	16	Picture	RW	1289894	0	1	43200	2	0	43200
S005_DAY2_MINITWICE_3275	16	Response	51	1303712	13818	1
S005_DAY2_MINITWICE_3275	16	Pulse	99	1319775	29881	NA
S005_DAY2_MINITWICE_3275	16	Port Input	1	1319775	29881	NA
S005_DAY2_MINITWICE_3275	16	Picture	15_T_RWTRIAD_RW_madera_red.png	1333094	43200	1	1900	2	43200	1800
S005_DAY2_MINITWICE_3275	17	Picture	RW	1335194	0	1	43200	2	0	43200
S005_DAY2_MINITWICE_3275	17	Response	51	1346158	10964	1
S005_DAY2_MINITWICE_3275	17	Pulse	99	1355776	20582	NA
S005_DAY2_MINITWICE_3275	17	Port Input	1	1355776	20582	NA
S005_DAY2_MINITWICE_3275	17	Picture	16_T_RWTRIAD_RW_cerillas_red.png	1378394	43200	1	1900	2	43200	1800
S005_DAY2_MINITWICE_3275	18	Picture	PW	1380494	0	1	43199	3	0	43200
S005_DAY2_MINITWICE_3275	18	Pulse	99	1391777	11283	NA
S005_DAY2_MINITWICE_3275	18	Port Input	1	1391777	11283	NA
S005_DAY2_MINITWICE_3275	18	Response	51	1396895	16401	1
S005_DAY2_MINITWICE_3275	18	Picture	17_T_PWTRIAD_PW_arbol_red.png	1423693	43199	2	1900	3	43200	1800
S005_DAY2_MINITWICE_3275	19	Picture	PW	1425793	0	2	43200	3	0	43200
S005_DAY2_MINITWICE_3275	19	Pulse	99	1427779	1986	NA
S005_DAY2_MINITWICE_3275	19	Port Input	1	1427779	1986	NA
S005_DAY2_MINITWICE_3275	19	Response	52	1438675	12882	1
S005_DAY2_MINITWICE_3275	19	Pulse	99	1463780	37987	NA
S005_DAY2_MINITWICE_3275	19	Port Input	1	1463780	37987	NA
S005_DAY2_MINITWICE_3275	19	Picture	18_T_PWTRIAD_PW_leche_red.png	1468993	43200	1	1900	2	43200	1800
S005_DAY2_MINITWICE_3275	20	Picture	PW	1471093	0	1	43200	2	0	43200
S005_DAY2_MINITWICE_3275	20	Response	51	1482098	11005	1
S005_DAY2_MINITWICE_3275	20	Pulse	99	1499781	28688	NA
S005_DAY2_MINITWICE_3275	20	Port Input	1	1499781	28688	NA
S005_DAY2_MINITWICE_3275	20	Picture	19_T_PWTRIAD_PW_manos_red.png	1514293	43200	1	1900	2	43200	1800
S005_DAY2_MINITWICE_3275	21	Picture	PW	1516393	0	1	43200	2	0	43200
S005_DAY2_MINITWICE_3275	21	Response	51	1527459	11066	1
S005_DAY2_MINITWICE_3275	21	Pulse	99	1535782	19389	NA
S005_DAY2_MINITWICE_3275	21	Port Input	1	1535782	19389	NA
S005_DAY2_MINITWICE_3275	21	Picture	20_T_PWTRIAD_PW_monja_red.png	1559593	43200	1	1900	2	43200	1800
S005_DAY2_MINITWICE_3275	22	Picture	rest	1561593	0	1	144099	2	0	144000
S005_DAY2_MINITWICE_3275	22	Pulse	99	1571783	10190	NA
S005_DAY2_MINITWICE_3275	22	Port Input	1	1571783	10190	NA
S005_DAY2_MINITWICE_3275	22	Pulse	99	1607784	46191	NA
S005_DAY2_MINITWICE_3275	22	Port Input	1	1607784	46191	NA
S005_DAY2_MINITWICE_3275	22	Pulse	99	1643785	82192	NA
S005_DAY2_MINITWICE_3275	22	Port Input	1	1643785	82192	NA
S005_DAY2_MINITWICE_3275	22	Pulse	99	1679786	118193	NA
S005_DAY2_MINITWICE_3275	22	Port Input	1	1679786	118193	NA
S005_DAY2_MINITWICE_3275	23	Picture	endrest	1705792	0	1	10100	2	0	10000
S005_DAY2_MINITWICE_3275	23	Pulse	99	1715787	9995	NA
S005_DAY2_MINITWICE_3275	23	Port Input	1	1715787	9995	NA
S005_DAY2_MINITWICE_3275	24	Picture	PW	1716092	0	1	43200	2	0	43200
S005_DAY2_MINITWICE_3275	24	Response	52	1730586	14494	1
S005_DAY2_MINITWICE_3275	24	Pulse	99	1751788	35696	NA
S005_DAY2_MINITWICE_3275	24	Port Input	1	1751788	35696	NA
S005_DAY2_MINITWICE_3275	24	Picture	23_T_PWTRIAD_PW_cuento_red.png	1759292	43200	1	1900	2	43200	1800
S005_DAY2_MINITWICE_3275	25	Picture	PW	1761392	0	1	43200	2	0	43200
S005_DAY2_MINITWICE_3275	25	Response	52	1775555	14163	1
S005_DAY2_MINITWICE_3275	25	Pulse	99	1787789	26397	NA
S005_DAY2_MINITWICE_3275	25	Port Input	1	1787789	26397	NA
S005_DAY2_MINITWICE_3275	25	Picture	24_T_PWTRIAD_PW_pizarra_red.png	1804592	43200	1	1900	2	43200	1800
S005_DAY2_MINITWICE_3275	26	Picture	PW	1806692	0	1	43200	2	0	43200
S005_DAY2_MINITWICE_3275	26	Response	51	1822471	15779	1
S005_DAY2_MINITWICE_3275	26	Pulse	99	1823790	17098	NA
S005_DAY2_MINITWICE_3275	26	Port Input	1	1823790	17098	NA
S005_DAY2_MINITWICE_3275	26	Picture	25_T_PWTRIAD_PW_raton_red.png	1849892	43200	1	1900	2	43200	1800
S005_DAY2_MINITWICE_3275	27	Picture	PW	1851992	0	1	43199	3	0	43200
S005_DAY2_MINITWICE_3275	27	Pulse	99	1859791	7799	NA
S005_DAY2_MINITWICE_3275	27	Port Input	1	1859791	7799	NA
S005_DAY2_MINITWICE_3275	27	Response	52	1865823	13831	2
S005_DAY2_MINITWICE_3275	27	Picture	26_T_PWTRIAD_PW_grifo_red.png	1895191	43199	2	1900	4	43200	1800
S005_DAY2_MINITWICE_3275	27	Pulse	99	1895792	43800	NA
S005_DAY2_MINITWICE_3275	27	Port Input	1	1895792	43800	NA
S005_DAY2_MINITWICE_3275	28	Picture	PW	1897291	0	2	43200	3	0	43200
S005_DAY2_MINITWICE_3275	28	Response	51	1914069	16778	1
S005_DAY2_MINITWICE_3275	28	Pulse	99	1931793	34502	NA
S005_DAY2_MINITWICE_3275	28	Port Input	1	1931793	34502	NA
S005_DAY2_MINITWICE_3275	28	Picture	27_T_PWTRIAD_PW_agua_red.png	1940491	43200	1	1900	3	43200	1800
S005_DAY2_MINITWICE_3275	29	Picture	PW	1942591	0	1	43200	2	0	43200
S005_DAY2_MINITWICE_3275	29	Response	51	1957561	14970	1
S005_DAY2_MINITWICE_3275	29	Pulse	99	1967794	25203	NA
S005_DAY2_MINITWICE_3275	29	Port Input	1	1967794	25203	NA
S005_DAY2_MINITWICE_3275	29	Picture	28_T_PWTRIAD_PW_futbol_red.png	1985791	43200	1	1900	3	43200	1800
S005_DAY2_MINITWICE_3275	30	Picture	PW	1987891	0	1	43200	2	0	43200
S005_DAY2_MINITWICE_3275	30	Response	51	2002155	14264	2
S005_DAY2_MINITWICE_3275	30	Pulse	99	2003796	15905	NA
S005_DAY2_MINITWICE_3275	30	Port Input	1	2003796	15905	NA
S005_DAY2_MINITWICE_3275	30	Picture	29_T_PWTRIAD_PW_bellota_red.png	2031091	43200	1	1900	2	43200	1800
S005_DAY2_MINITWICE_3275	31	Picture	PW	2033191	0	1	43199	3	0	43200
S005_DAY2_MINITWICE_3275	31	Pulse	99	2039797	6606	NA
S005_DAY2_MINITWICE_3275	31	Port Input	1	2039797	6606	NA
S005_DAY2_MINITWICE_3275	31	Response	52	2054675	21484	1
S005_DAY2_MINITWICE_3275	31	Pulse	99	2075798	42607	NA
S005_DAY2_MINITWICE_3275	31	Port Input	1	2075798	42607	NA
S005_DAY2_MINITWICE_3275	31	Picture	30_T_PWTRIAD_PW_queso_red.png	2076390	43199	2	1901	3	43200	1800
S005_DAY2_MINITWICE_3275	32	Picture	rest	2078391	0	1	144099	3	0	144000
S005_DAY2_MINITWICE_3275	32	Pulse	99	2111799	33408	NA
S005_DAY2_MINITWICE_3275	32	Port Input	1	2111799	33408	NA
S005_DAY2_MINITWICE_3275	32	Pulse	99	2147800	69409	NA
S005_DAY2_MINITWICE_3275	32	Port Input	1	2147800	69409	NA
S005_DAY2_MINITWICE_3275	32	Pulse	99	2183801	105410	NA
S005_DAY2_MINITWICE_3275	32	Port Input	1	2183801	105410	NA
S005_DAY2_MINITWICE_3275	32	Pulse	99	2219802	141411	NA
S005_DAY2_MINITWICE_3275	32	Port Input	1	2219802	141411	NA
S005_DAY2_MINITWICE_3275	33	Picture	endrest	2222590	0	1	10100	2	0	10000
S005_DAY2_MINITWICE_3275	34	Picture	FF	2232890	0	1	43200	2	0	43200
S005_DAY2_MINITWICE_3275	34	Response	51	2244510	11620	1
S005_DAY2_MINITWICE_3275	34	Pulse	99	2255803	22913	NA
S005_DAY2_MINITWICE_3275	34	Port Input	1	2255803	22913	NA
S005_DAY2_MINITWICE_3275	34	Picture	33_T_FFTRIAD_FF_pizarra_red.png	2276090	43200	1	1900	3	43200	1800
S005_DAY2_MINITWICE_3275	35	Picture	FF	2278190	0	2	43199	4	0	43200
S005_DAY2_MINITWICE_3275	35	Response	52	2286883	8693	1
S005_DAY2_MINITWICE_3275	35	Pulse	99	2291804	13614	NA
S005_DAY2_MINITWICE_3275	35	Port Input	1	2291804	13614	NA
S005_DAY2_MINITWICE_3275	35	Picture	34_T_FFTRIAD_FF_almohada_red.png	2321389	43199	2	1900	4	43200	1800
S005_DAY2_MINITWICE_3275	36	Picture	FF	2323490	0	1	43200	2	0	43200
S005_DAY2_MINITWICE_3275	36	Pulse	99	2327805	4315	NA
S005_DAY2_MINITWICE_3275	36	Port Input	1	2327805	4315	NA
S005_DAY2_MINITWICE_3275	36	Response	51	2335568	12078	1
S005_DAY2_MINITWICE_3275	36	Pulse	99	2363806	40316	NA
S005_DAY2_MINITWICE_3275	36	Port Input	1	2363806	40316	NA
S005_DAY2_MINITWICE_3275	36	Picture	35_T_FFTRIAD_FF_pluma_red.png	2366690	43200	1	1899	3	43200	1800
S005_DAY2_MINITWICE_3275	37	Picture	FF	2368789	0	2	43200	3	0	43200
S005_DAY2_MINITWICE_3275	37	Response	51	2378240	9451	2
S005_DAY2_MINITWICE_3275	37	Pulse	99	2399807	31018	NA
S005_DAY2_MINITWICE_3275	37	Port Input	1	2399807	31018	NA
S005_DAY2_MINITWICE_3275	37	Picture	36_T_FFTRIAD_FF_futbol_red.png	2411989	43200	1	1900	3	43200	1800
S005_DAY2_MINITWICE_3275	38	Picture	PW	2414089	0	2	43200	3	0	43200
S005_DAY2_MINITWICE_3275	38	Response	51	2426964	12875	1
S005_DAY2_MINITWICE_3275	38	Pulse	99	2435808	21719	NA
S005_DAY2_MINITWICE_3275	38	Port Input	1	2435808	21719	NA
S005_DAY2_MINITWICE_3275	38	Picture	37_T_PWTRIAD_PW_dedal_red.png	2457289	43200	1	1900	2	43200	1800
S005_DAY2_MINITWICE_3275	39	Picture	PW	2459389	0	1	43199	3	0	43200
S005_DAY2_MINITWICE_3275	39	Pulse	99	2471809	12420	NA
S005_DAY2_MINITWICE_3275	39	Port Input	1	2471809	12420	NA
S005_DAY2_MINITWICE_3275	39	Response	51	2472758	13369	1
S005_DAY2_MINITWICE_3275	39	Picture	38_T_PWTRIAD_PW_lechuga_red.png	2502588	43199	2	1900	4	43200	1800
S005_DAY2_MINITWICE_3275	40	Picture	PW	2504688	0	2	43201	3	0	43200
S005_DAY2_MINITWICE_3275	40	Pulse	99	2507810	3122	NA
S005_DAY2_MINITWICE_3275	40	Port Input	1	2507810	3122	NA
S005_DAY2_MINITWICE_3275	40	Response	51	2520825	16137	1
S005_DAY2_MINITWICE_3275	40	Pulse	99	2543811	39123	NA
S005_DAY2_MINITWICE_3275	40	Port Input	1	2543811	39123	NA
S005_DAY2_MINITWICE_3275	40	Picture	39_T_PWTRIAD_PW_sobre_red.png	2547889	43201	1	1900	2	43200	1800
S005_DAY2_MINITWICE_3275	41	Picture	PW	2549989	0	1	43200	2	0	43200
S005_DAY2_MINITWICE_3275	41	Response	52	2564661	14672	1
S005_DAY2_MINITWICE_3275	41	Pulse	99	2579812	29823	NA
S005_DAY2_MINITWICE_3275	41	Port Input	1	2579812	29823	NA
S005_DAY2_MINITWICE_3275	41	Picture	40_T_PWTRIAD_PW_telefono_red.png	2593189	43200	1	1900	2	43200	1800
S005_DAY2_MINITWICE_3275	42	Picture	rest	2595189	0	1	144099	2	0	144000
S005_DAY2_MINITWICE_3275	42	Pulse	99	2615814	20625	NA
S005_DAY2_MINITWICE_3275	42	Port Input	1	2615814	20625	NA
S005_DAY2_MINITWICE_3275	42	Pulse	99	2651815	56626	NA
S005_DAY2_MINITWICE_3275	42	Port Input	1	2651815	56626	NA
S005_DAY2_MINITWICE_3275	42	Pulse	99	2687816	92627	NA
S005_DAY2_MINITWICE_3275	42	Port Input	1	2687816	92627	NA
S005_DAY2_MINITWICE_3275	42	Pulse	99	2723817	128628	NA
S005_DAY2_MINITWICE_3275	42	Port Input	1	2723817	128628	NA
S005_DAY2_MINITWICE_3275	43	Picture	endrest	2739388	0	1	10100	2	0	10000
S005_DAY2_MINITWICE_3275	44	Picture	FF	2749688	0	1	43200	2	0	43200
S005_DAY2_MINITWICE_3275	44	Pulse	99	2759818	10130	NA
S005_DAY2_MINITWICE_3275	44	Port Input	1	2759818	10130	NA
S005_DAY2_MINITWICE_3275	44	Response	52	2762939	13251	1
S005_DAY2_MINITWICE_3275	44	Picture	43_T_FFTRIAD_FF_paracaidas_red.png	2792888	43200	1	1900	2	43200	1800
S005_DAY2_MINITWICE_3275	45	Picture	FF	2794988	0	1	43200	2	0	43200
S005_DAY2_MINITWICE_3275	45	Pulse	99	2795819	831	NA
S005_DAY2_MINITWICE_3275	45	Port Input	1	2795819	831	NA
S005_DAY2_MINITWICE_3275	45	Response	52	2804137	9149	1
S005_DAY2_MINITWICE_3275	45	Pulse	99	2831820	36832	NA
S005_DAY2_MINITWICE_3275	45	Port Input	1	2831820	36832	NA
S005_DAY2_MINITWICE_3275	45	Picture	44_T_FFTRIAD_FF_telefono_red.png	2838188	43200	1	1900	2	43200	1800
S005_DAY2_MINITWICE_3275	46	Picture	FF	2840287	0	2	43200	3	0	43200
S005_DAY2_MINITWICE_3275	46	Response	51	2864552	24265	1
S005_DAY2_MINITWICE_3275	46	Pulse	99	2867821	27534	NA
S005_DAY2_MINITWICE_3275	46	Port Input	1	2867821	27534	NA
S005_DAY2_MINITWICE_3275	46	Picture	45_T_FFTRIAD_FF_pincel_red.png	2883487	43200	1	1900	2	43200	1800
S005_DAY2_MINITWICE_3275	47	Picture	FF	2885587	0	1	43200	2	0	43200
S005_DAY2_MINITWICE_3275	47	Response	51	2894411	8824	1
S005_DAY2_MINITWICE_3275	47	Pulse	99	2903822	18235	NA
S005_DAY2_MINITWICE_3275	47	Port Input	1	2903822	18235	NA
S005_DAY2_MINITWICE_3275	47	Picture	46_T_FFTRIAD_FF_lechuga_red.png	2928787	43200	1	1900	2	43200	1800
S005_DAY2_MINITWICE_3275	48	Picture	RW	2930887	0	1	43200	2	0	43200
S005_DAY2_MINITWICE_3275	48	Pulse	99	2939823	8936	NA
S005_DAY2_MINITWICE_3275	48	Port Input	1	2939823	8936	NA
S005_DAY2_MINITWICE_3275	48	Response	52	2951663	20776	1
S005_DAY2_MINITWICE_3275	48	Picture	47_T_RWTRIAD_RW_mono_red.png	2974087	43200	1	1900	2	43200	1800
S005_DAY2_MINITWICE_3275	48	Pulse	99	2975824	44937	NA
S005_DAY2_MINITWICE_3275	48	Port Input	1	2975824	44937	NA
S005_DAY2_MINITWICE_3275	49	Picture	RW	2976187	0	1	43200	2	0	43200
S005_DAY2_MINITWICE_3275	49	Response	52	2989662	13475	1
S005_DAY2_MINITWICE_3275	49	Pulse	99	3011825	35638	NA
S005_DAY2_MINITWICE_3275	49	Port Input	1	3011825	35638	NA
S005_DAY2_MINITWICE_3275	49	Picture	48_T_RWTRIAD_RW_anillo_red.png	3019387	43200	1	1900	2	43200	1800
S005_DAY2_MINITWICE_3275	50	Picture	RW	3021487	0	1	43200	2	0	43200
S005_DAY2_MINITWICE_3275	50	Response	51	3033727	12240	2
S005_DAY2_MINITWICE_3275	50	Pulse	99	3047826	26339	NA
S005_DAY2_MINITWICE_3275	50	Port Input	1	3047826	26339	NA
S005_DAY2_MINITWICE_3275	50	Picture	49_T_RWTRIAD_RW_cortina_red.png	3064687	43200	1	1900	2	43200	1800
S005_DAY2_MINITWICE_3275	51	Picture	RW	3066787	0	1	43199	2	0	43200
S005_DAY2_MINITWICE_3275	51	Response	52	3079879	13092	1
S005_DAY2_MINITWICE_3275	51	Pulse	99	3083827	17040	NA
S005_DAY2_MINITWICE_3275	51	Port Input	1	3083827	17040	NA
S005_DAY2_MINITWICE_3275	51	Picture	50_T_RWTRIAD_RW_lechuga_red.png	3109986	43199	1	1900	3	43200	1800
S005_DAY2_MINITWICE_3275	52	Picture	rest	3111986	0	1	144100	2	0	144000
S005_DAY2_MINITWICE_3275	52	Pulse	99	3119828	7842	NA
S005_DAY2_MINITWICE_3275	52	Port Input	1	3119828	7842	NA
S005_DAY2_MINITWICE_3275	52	Pulse	99	3155830	43844	NA
S005_DAY2_MINITWICE_3275	52	Port Input	1	3155830	43844	NA
S005_DAY2_MINITWICE_3275	52	Pulse	99	3191831	79845	NA
S005_DAY2_MINITWICE_3275	52	Port Input	1	3191831	79845	NA
S005_DAY2_MINITWICE_3275	52	Pulse	99	3227832	115846	NA
S005_DAY2_MINITWICE_3275	52	Port Input	1	3227832	115846	NA
S005_DAY2_MINITWICE_3275	53	Picture	endrest	3256186	0	1	10100	2	0	10000
S005_DAY2_MINITWICE_3275	53	Pulse	99	3263833	7647	NA
S005_DAY2_MINITWICE_3275	53	Port Input	1	3263833	7647	NA
S005_DAY2_MINITWICE_3275	54	Picture	FF	3266486	0	1	43200	2	0	43200
S005_DAY2_MINITWICE_3275	54	Response	51	3281182	14696	2
S005_DAY2_MINITWICE_3275	54	Pulse	99	3299834	33348	NA
S005_DAY2_MINITWICE_3275	54	Port Input	1	3299834	33348	NA
S005_DAY2_MINITWICE_3275	54	Picture	53_T_FFTRIAD_FF_violin_red.png	3309686	43200	1	1900	2	43200	1800
S005_DAY2_MINITWICE_3275	55	Picture	FF	3311786	0	1	43199	2	0	43200
S005_DAY2_MINITWICE_3275	55	Response	52	3323985	12199	1
S005_DAY2_MINITWICE_3275	55	Pulse	99	3335835	24049	NA
S005_DAY2_MINITWICE_3275	55	Port Input	1	3335835	24049	NA
S005_DAY2_MINITWICE_3275	55	Picture	54_T_FFTRIAD_FF_ascensor_red.png	3354985	43199	1	1900	2	43200	1800
S005_DAY2_MINITWICE_3275	56	Picture	FF	3357085	0	1	43200	2	0	43200
S005_DAY2_MINITWICE_3275	56	Response	51	3364393	7308	1
S005_DAY2_MINITWICE_3275	56	Pulse	99	3371836	14751	NA
S005_DAY2_MINITWICE_3275	56	Port Input	1	3371836	14751	NA
S005_DAY2_MINITWICE_3275	56	Picture	55_T_FFTRIAD_FF_traje_red.png	3400285	43200	1	1900	2	43200	1800
S005_DAY2_MINITWICE_3275	57	Picture	FF	3402385	0	1	43200	2	0	43200
S005_DAY2_MINITWICE_3275	57	Pulse	99	3407837	5452	NA
S005_DAY2_MINITWICE_3275	57	Port Input	1	3407837	5452	NA
S005_DAY2_MINITWICE_3275	57	Response	51	3412613	10228	1
S005_DAY2_MINITWICE_3275	57	Pulse	99	3443838	41453	NA
S005_DAY2_MINITWICE_3275	57	Port Input	1	3443838	41453	NA
S005_DAY2_MINITWICE_3275	57	Picture	56_T_FFTRIAD_FF_perro_red.png	3445585	43200	1	1900	2	43200	1800
S005_DAY2_MINITWICE_3275	58	Picture	FF	3447685	0	1	43200	2	0	43200
S005_DAY2_MINITWICE_3275	58	Response	52	3456761	9076	2
S005_DAY2_MINITWICE_3275	58	Pulse	99	3479839	32154	NA
S005_DAY2_MINITWICE_3275	58	Port Input	1	3479839	32154	NA
S005_DAY2_MINITWICE_3275	58	Picture	57_T_FFTRIAD_FF_murcielago_red.png	3490885	43200	1	1900	2	43200	1800
S005_DAY2_MINITWICE_3275	59	Picture	FF	3492985	0	1	43200	2	0	43200
S005_DAY2_MINITWICE_3275	59	Response	51	3503664	10679	1
S005_DAY2_MINITWICE_3275	59	Pulse	99	3515840	22855	NA
S005_DAY2_MINITWICE_3275	59	Port Input	1	3515840	22855	NA
S005_DAY2_MINITWICE_3275	59	Picture	58_T_FFTRIAD_FF_madera_red.png	3536185	43200	1	1900	2	43200	1800
S005_DAY2_MINITWICE_3275	60	Picture	FF	3538285	0	1	43199	3	0	43200
S005_DAY2_MINITWICE_3275	60	Pulse	99	3551841	13556	NA
S005_DAY2_MINITWICE_3275	60	Port Input	1	3551841	13556	NA
S005_DAY2_MINITWICE_3275	60	Response	52	3552114	13829	1
S005_DAY2_MINITWICE_3275	60	Picture	59_T_FFTRIAD_FF_esquimal_red.png	3581484	43199	2	1900	4	43200	1800
S005_DAY2_MINITWICE_3275	61	Picture	FF	3583584	0	2	43200	3	0	43200
S005_DAY2_MINITWICE_3275	61	Pulse	99	3587842	4258	NA
S005_DAY2_MINITWICE_3275	61	Port Input	1	3587842	4258	NA
S005_DAY2_MINITWICE_3275	61	Response	51	3590857	7273	1
S005_DAY2_MINITWICE_3275	61	Pulse	99	3623843	40259	NA
S005_DAY2_MINITWICE_3275	61	Port Input	1	3623843	40259	NA
S005_DAY2_MINITWICE_3275	61	Picture	60_T_FFTRIAD_FF_dado_red.png	3626784	43200	1	1900	2	43200	1800
S005_DAY2_MINITWICE_3275	62	Picture	rest	3628784	0	1	144100	2	0	144000
S005_DAY2_MINITWICE_3275	62	Pulse	99	3659844	31060	NA
S005_DAY2_MINITWICE_3275	62	Port Input	1	3659844	31060	NA
S005_DAY2_MINITWICE_3275	62	Pulse	99	3695845	67061	NA
S005_DAY2_MINITWICE_3275	62	Port Input	1	3695845	67061	NA
S005_DAY2_MINITWICE_3275	62	Pulse	99	3731846	103062	NA
S005_DAY2_MINITWICE_3275	62	Port Input	1	3731846	103062	NA
S005_DAY2_MINITWICE_3275	62	Pulse	99	3767848	139064	NA
S005_DAY2_MINITWICE_3275	62	Port Input	1	3767848	139064	NA
S005_DAY2_MINITWICE_3275	63	Picture	endrest	3772984	0	1	10100	2	0	10000
S005_DAY2_MINITWICE_3275	64	Picture	FF	3783284	0	1	43199	2	0	43200
S005_DAY2_MINITWICE_3275	64	Response	51	3794781	11497	1
S005_DAY2_MINITWICE_3275	64	Pulse	99	3803849	20565	NA
S005_DAY2_MINITWICE_3275	64	Port Input	1	3803849	20565	NA
S005_DAY2_MINITWICE_3275	64	Picture	63_T_FFTRIAD_FF_bellota_red.png	3826483	43199	1	1900	3	43200	1800
S005_DAY2_MINITWICE_3275	65	Picture	FF	3828583	0	2	43200	3	0	43200
S005_DAY2_MINITWICE_3275	65	Response	51	3839478	10895	1
S005_DAY2_MINITWICE_3275	65	Pulse	99	3839850	11267	NA
S005_DAY2_MINITWICE_3275	65	Port Input	1	3839850	11267	NA
S005_DAY2_MINITWICE_3275	65	Picture	64_T_FFTRIAD_FF_tijera_red.png	3871783	43200	1	1900	2	43200	1800
S005_DAY2_MINITWICE_3275	66	Picture	FF	3873883	0	1	43200	2	0	43200
S005_DAY2_MINITWICE_3275	66	Pulse	99	3875851	1968	NA
S005_DAY2_MINITWICE_3275	66	Port Input	1	3875851	1968	NA
S005_DAY2_MINITWICE_3275	66	Response	51	3882096	8213	1
S005_DAY2_MINITWICE_3275	66	Pulse	99	3911852	37969	NA
S005_DAY2_MINITWICE_3275	66	Port Input	1	3911852	37969	NA
S005_DAY2_MINITWICE_3275	66	Picture	65_T_FFTRIAD_FF_grapadora_red.png	3917083	43200	1	1900	2	43200	1800
S005_DAY2_MINITWICE_3275	67	Picture	FF	3919183	0	1	43200	2	0	43200
S005_DAY2_MINITWICE_3275	67	Response	52	3932738	13555	1
S005_DAY2_MINITWICE_3275	67	Pulse	99	3947853	28670	NA
S005_DAY2_MINITWICE_3275	67	Port Input	1	3947853	28670	NA
S005_DAY2_MINITWICE_3275	67	Picture	66_T_FFTRIAD_FF_chupete_red.png	3962383	43200	1	1900	2	43200	1800
S005_DAY2_MINITWICE_3275	68	Picture	FF	3964483	0	1	43200	2	0	43200
S005_DAY2_MINITWICE_3275	68	Response	52	3973730	9247	1
S005_DAY2_MINITWICE_3275	68	Pulse	99	3983854	19371	NA
S005_DAY2_MINITWICE_3275	68	Port Input	1	3983854	19371	NA
S005_DAY2_MINITWICE_3275	68	Picture	67_T_FFTRIAD_FF_queso_red.png	4007683	43200	1	1900	2	43200	1800
S005_DAY2_MINITWICE_3275	69	Picture	FF	4009783	0	1	43199	3	0	43200
S005_DAY2_MINITWICE_3275	69	Pulse	99	4019855	10072	NA
S005_DAY2_MINITWICE_3275	69	Port Input	1	4019855	10072	NA
S005_DAY2_MINITWICE_3275	69	Response	52	4029519	19736	2
S005_DAY2_MINITWICE_3275	69	Picture	68_T_FFTRIAD_FF_gafas_red.png	4052982	43199	2	1900	4	43200	1800
S005_DAY2_MINITWICE_3275	70	Picture	FF	4055082	0	2	43200	3	0	43200
S005_DAY2_MINITWICE_3275	70	Pulse	99	4055856	774	NA
S005_DAY2_MINITWICE_3275	70	Port Input	1	4055856	774	NA
S005_DAY2_MINITWICE_3275	70	Response	51	4063793	8711	1
S005_DAY2_MINITWICE_3275	70	Pulse	99	4091857	36775	NA
S005_DAY2_MINITWICE_3275	70	Port Input	1	4091857	36775	NA
S005_DAY2_MINITWICE_3275	70	Picture	69_T_FFTRIAD_FF_martillo_red.png	4098282	43200	1	1900	2	43200	1800
S005_DAY2_MINITWICE_3275	71	Picture	FF	4100382	0	1	43200	2	0	43200
S005_DAY2_MINITWICE_3275	71	Response	52	4108870	8488	1
S005_DAY2_MINITWICE_3275	71	Pulse	99	4127858	27476	NA
S005_DAY2_MINITWICE_3275	71	Port Input	1	4127858	27476	NA
S005_DAY2_MINITWICE_3275	71	Picture	70_T_FFTRIAD_FF_iglu_red.png	4143582	43200	1	1900	2	43200	1800
S005_DAY2_MINITWICE_3275	72	Picture	rest	4145582	0	1	144100	2	0	144000
S005_DAY2_MINITWICE_3275	72	Pulse	99	4163859	18277	NA
S005_DAY2_MINITWICE_3275	72	Port Input	1	4163859	18277	NA
S005_DAY2_MINITWICE_3275	72	Pulse	99	4199860	54278	NA
S005_DAY2_MINITWICE_3275	72	Port Input	1	4199860	54278	NA
S005_DAY2_MINITWICE_3275	72	Pulse	99	4235861	90279	NA
S005_DAY2_MINITWICE_3275	72	Port Input	1	4235861	90279	NA
S005_DAY2_MINITWICE_3275	72	Pulse	99	4271862	126280	NA
S005_DAY2_MINITWICE_3275	72	Port Input	1	4271862	126280	NA
S005_DAY2_MINITWICE_3275	73	Picture	endrest	4289782	0	1	10099	3	0	10000
S005_DAY2_MINITWICE_3275	74	Picture	PW	4300081	0	1	43200	2	0	43200
S005_DAY2_MINITWICE_3275	74	Pulse	99	4307863	7782	NA
S005_DAY2_MINITWICE_3275	74	Port Input	1	4307863	7782	NA
S005_DAY2_MINITWICE_3275	74	Response	51	4317209	17128	1
S005_DAY2_MINITWICE_3275	74	Picture	73_T_PWTRIAD_PW_bala_red.png	4343281	43200	1	1900	2	43200	1800
S005_DAY2_MINITWICE_3275	74	Pulse	99	4343865	43784	NA
S005_DAY2_MINITWICE_3275	74	Port Input	1	4343865	43784	NA
S005_DAY2_MINITWICE_3275	75	Picture	PW	4345381	0	1	43200	2	0	43200
S005_DAY2_MINITWICE_3275	75	Response	51	4364337	18956	2
S005_DAY2_MINITWICE_3275	75	Pulse	99	4379866	34485	NA
S005_DAY2_MINITWICE_3275	75	Port Input	1	4379866	34485	NA
S005_DAY2_MINITWICE_3275	75	Picture	74_T_PWTRIAD_PW_violin_red.png	4388581	43200	1	1900	2	43200	1800
S005_DAY2_MINITWICE_3275	76	Picture	PW	4390681	0	1	43200	2	0	43200
S005_DAY2_MINITWICE_3275	76	Response	52	4411734	21053	1
S005_DAY2_MINITWICE_3275	76	Pulse	99	4415867	25186	NA
S005_DAY2_MINITWICE_3275	76	Port Input	1	4415867	25186	NA
S005_DAY2_MINITWICE_3275	76	Picture	75_T_PWTRIAD_PW_grapadora_red.png	4433881	43200	1	1900	2	43200	1800
S005_DAY2_MINITWICE_3275	77	Picture	PW	4435981	0	1	43200	2	0	43200
S005_DAY2_MINITWICE_3275	77	Pulse	99	4451868	15887	NA
S005_DAY2_MINITWICE_3275	77	Port Input	1	4451868	15887	NA
S005_DAY2_MINITWICE_3275	77	Response	52	4455916	19935	1
S005_DAY2_MINITWICE_3275	77	Picture	76_T_PWTRIAD_PW_granjero_red.png	4479181	43200	1	1900	2	43200	1800
S005_DAY2_MINITWICE_3275	78	Picture	RW	4481281	0	1	43200	2	0	43200
S005_DAY2_MINITWICE_3275	78	Pulse	99	4487869	6588	NA
S005_DAY2_MINITWICE_3275	78	Port Input	1	4487869	6588	NA
S005_DAY2_MINITWICE_3275	78	Response	52	4492629	11348	1
S005_DAY2_MINITWICE_3275	78	Pulse	99	4523870	42589	NA
S005_DAY2_MINITWICE_3275	78	Port Input	1	4523870	42589	NA
S005_DAY2_MINITWICE_3275	78	Picture	77_T_RWTRIAD_RW_queso_red.png	4524481	43200	1	1899	3	43200	1800
S005_DAY2_MINITWICE_3275	79	Picture	RW	4526580	0	2	43200	3	0	43200
S005_DAY2_MINITWICE_3275	79	Response	51	4543362	16782	1
S005_DAY2_MINITWICE_3275	79	Pulse	99	4559871	33291	NA
S005_DAY2_MINITWICE_3275	79	Port Input	1	4559871	33291	NA
S005_DAY2_MINITWICE_3275	79	Picture	78_T_RWTRIAD_RW_estetoscopio_red.png	4569780	43200	1	1900	2	43200	1800
S005_DAY2_MINITWICE_3275	80	Picture	RW	4571880	0	1	43200	2	0	43200
S005_DAY2_MINITWICE_3275	80	Response	52	4581893	10013	1
S005_DAY2_MINITWICE_3275	80	Pulse	99	4595872	23992	NA
S005_DAY2_MINITWICE_3275	80	Port Input	1	4595872	23992	NA
S005_DAY2_MINITWICE_3275	80	Picture	79_T_RWTRIAD_RW_paraguas_red.png	4615080	43200	1	1900	2	43200	1800
S005_DAY2_MINITWICE_3275	81	Picture	RW	4617180	0	1	43200	2	0	43200
S005_DAY2_MINITWICE_3275	81	Response	51	4627371	10191	1
S005_DAY2_MINITWICE_3275	81	Pulse	99	4631873	14693	NA
S005_DAY2_MINITWICE_3275	81	Port Input	1	4631873	14693	NA
S005_DAY2_MINITWICE_3275	81	Picture	80_T_RWTRIAD_RW_telarana_red.png	4660380	43200	1	1887	41	43200	1800
S005_DAY2_MINITWICE_3275	82	Picture	rest	4662380	0	1	144099	2	0	144000
S005_DAY2_MINITWICE_3275	82	Pulse	99	4667874	5494	NA
S005_DAY2_MINITWICE_3275	82	Port Input	1	4667874	5494	NA
S005_DAY2_MINITWICE_3275	82	Pulse	99	4703875	41495	NA
S005_DAY2_MINITWICE_3275	82	Port Input	1	4703875	41495	NA
S005_DAY2_MINITWICE_3275	82	Pulse	99	4739876	77496	NA
S005_DAY2_MINITWICE_3275	82	Port Input	1	4739876	77496	NA
S005_DAY2_MINITWICE_3275	82	Pulse	99	4775877	113497	NA
S005_DAY2_MINITWICE_3275	82	Port Input	1	4775877	113497	NA
S005_DAY2_MINITWICE_3275	83	Picture	endrest	4806579	0	1	10100	2	0	10000
S005_DAY2_MINITWICE_3275	83	Pulse	99	4811878	5299	NA
S005_DAY2_MINITWICE_3275	83	Port Input	1	4811878	5299	NA
S005_DAY2_MINITWICE_3275	84	Picture	PW	4816879	0	1	43200	2	0	43200
S005_DAY2_MINITWICE_3275	84	Response	52	4830813	13934	1
S005_DAY2_MINITWICE_3275	84	Pulse	99	4847879	31000	NA
S005_DAY2_MINITWICE_3275	84	Port Input	1	4847879	31000	NA
S005_DAY2_MINITWICE_3275	84	Picture	83_T_PWTRIAD_PW_carruaje_red.png	4860079	43200	1	1900	2	43200	1800
S005_DAY2_MINITWICE_3275	85	Picture	PW	4862179	0	1	43200	2	0	43200
S005_DAY2_MINITWICE_3275	85	Response	51	4873147	10968	1
S005_DAY2_MINITWICE_3275	85	Pulse	99	4883880	21701	NA
S005_DAY2_MINITWICE_3275	85	Port Input	1	4883880	21701	NA
S005_DAY2_MINITWICE_3275	85	Picture	84_T_PWTRIAD_PW_lana_red.png	4905379	43200	1	1900	2	43200	1800
S005_DAY2_MINITWICE_3275	86	Picture	PW	4907479	0	1	43200	2	0	43200
S005_DAY2_MINITWICE_3275	86	Pulse	99	4919881	12402	NA
S005_DAY2_MINITWICE_3275	86	Port Input	1	4919881	12402	NA
S005_DAY2_MINITWICE_3275	86	Response	51	4921009	13530	1
S005_DAY2_MINITWICE_3275	86	Picture	85_T_PWTRIAD_PW_estetoscopio_red.png	4950679	43200	1	1900	2	43200	1800
S005_DAY2_MINITWICE_3275	87	Picture	PW	4952779	0	1	43200	2	0	43200
S005_DAY2_MINITWICE_3275	87	Pulse	99	4955883	3104	NA
S005_DAY2_MINITWICE_3275	87	Port Input	1	4955883	3104	NA
S005_DAY2_MINITWICE_3275	87	Response	52	4973111	20332	1
S005_DAY2_MINITWICE_3275	87	Pulse	99	4991884	39105	NA
S005_DAY2_MINITWICE_3275	87	Port Input	1	4991884	39105	NA
S005_DAY2_MINITWICE_3275	87	Picture	86_T_PWTRIAD_PW_destornillador_red.png	4995979	43200	1	1899	3	43200	1800
S005_DAY2_MINITWICE_3275	88	Picture	RW	4998079	0	1	43199	2	0	43200
S005_DAY2_MINITWICE_3275	88	Response	51	5012428	14349	1
S005_DAY2_MINITWICE_3275	88	Pulse	99	5027885	29806	NA
S005_DAY2_MINITWICE_3275	88	Port Input	1	5027885	29806	NA
S005_DAY2_MINITWICE_3275	88	Picture	87_T_RWTRIAD_RW_teclado_red.png	5041278	43199	1	1900	2	43200	1800
S005_DAY2_MINITWICE_3275	89	Picture	RW	5043378	0	1	43200	2	0	43200
S005_DAY2_MINITWICE_3275	89	Response	51	5055546	12168	1
S005_DAY2_MINITWICE_3275	89	Pulse	99	5063886	20508	NA
S005_DAY2_MINITWICE_3275	89	Port Input	1	5063886	20508	NA
S005_DAY2_MINITWICE_3275	89	Picture	88_T_RWTRIAD_RW_manos_red.png	5086578	43200	1	1900	2	43200	1800
S005_DAY2_MINITWICE_3275	90	Picture	RW	5088678	0	1	43200	2	0	43200
S005_DAY2_MINITWICE_3275	90	Response	51	5097909	9231	1
S005_DAY2_MINITWICE_3275	90	Pulse	99	5099887	11209	NA
S005_DAY2_MINITWICE_3275	90	Port Input	1	5099887	11209	NA
S005_DAY2_MINITWICE_3275	90	Picture	89_T_RWTRIAD_RW_grifo_red.png	5131878	43200	1	1900	2	43200	1800
S005_DAY2_MINITWICE_3275	91	Picture	RW	5133978	0	1	43200	2	0	43200
S005_DAY2_MINITWICE_3275	91	Pulse	99	5135888	1910	NA
S005_DAY2_MINITWICE_3275	91	Port Input	1	5135888	1910	NA
S005_DAY2_MINITWICE_3275	91	Response	52	5145559	11581	2
S005_DAY2_MINITWICE_3275	91	Pulse	99	5171889	37911	NA
S005_DAY2_MINITWICE_3275	91	Port Input	1	5171889	37911	NA
S005_DAY2_MINITWICE_3275	91	Picture	90_T_RWTRIAD_RW_arco_red.png	5177178	43200	1	1900	2	43200	1800
S005_DAY2_MINITWICE_3275	92	Picture	rest	5179178	0	1	144099	3	0	144000
S005_DAY2_MINITWICE_3275	92	Pulse	99	5207890	28712	NA
S005_DAY2_MINITWICE_3275	92	Port Input	1	5207890	28712	NA
S005_DAY2_MINITWICE_3275	92	Pulse	99	5243891	64713	NA
S005_DAY2_MINITWICE_3275	92	Port Input	1	5243891	64713	NA
S005_DAY2_MINITWICE_3275	92	Pulse	99	5279892	100714	NA
S005_DAY2_MINITWICE_3275	92	Port Input	1	5279892	100714	NA
S005_DAY2_MINITWICE_3275	92	Pulse	99	5315893	136715	NA
S005_DAY2_MINITWICE_3275	92	Port Input	1	5315893	136715	NA
S005_DAY2_MINITWICE_3275	93	Picture	endrest	5323377	0	1	10100	2	0	10000
S005_DAY2_MINITWICE_3275	94	Picture	RW	5333677	0	1	43200	2	0	43200
S005_DAY2_MINITWICE_3275	94	Response	52	5347477	13800	1
S005_DAY2_MINITWICE_3275	94	Pulse	99	5351894	18217	NA
S005_DAY2_MINITWICE_3275	94	Port Input	1	5351894	18217	NA
S005_DAY2_MINITWICE_3275	94	Picture	93_T_RWTRIAD_RW_bebe_red.png	5376877	43200	1	1900	2	43200	1800
S005_DAY2_MINITWICE_3275	95	Picture	RW	5378977	0	1	43199	3	0	43200
S005_DAY2_MINITWICE_3275	95	Pulse	99	5387895	8918	NA
S005_DAY2_MINITWICE_3275	95	Port Input	1	5387895	8918	NA
S005_DAY2_MINITWICE_3275	95	Response	51	5390980	12003	1
S005_DAY2_MINITWICE_3275	95	Picture	94_T_RWTRIAD_RW_portatil_red.png	5422176	43199	2	1900	4	43200	1800
S005_DAY2_MINITWICE_3275	95	Pulse	99	5423896	44919	NA
S005_DAY2_MINITWICE_3275	95	Port Input	1	5423896	44919	NA
S005_DAY2_MINITWICE_3275	96	Picture	RW	5424276	0	2	43201	3	0	43200
S005_DAY2_MINITWICE_3275	96	Response	52	5439314	15038	1
S005_DAY2_MINITWICE_3275	96	Pulse	99	5459897	35621	NA
S005_DAY2_MINITWICE_3275	96	Port Input	1	5459897	35621	NA
S005_DAY2_MINITWICE_3275	96	Picture	95_T_RWTRIAD_RW_cuento_red.png	5467477	43201	1	1900	2	43200	1800
S005_DAY2_MINITWICE_3275	97	Picture	RW	5469577	0	1	43199	2	0	43200
S005_DAY2_MINITWICE_3275	97	Response	52	5481532	11955	1
S005_DAY2_MINITWICE_3275	97	Pulse	99	5495899	26322	NA
S005_DAY2_MINITWICE_3275	97	Port Input	1	5495899	26322	NA
S005_DAY2_MINITWICE_3275	97	Picture	96_T_RWTRIAD_RW_lenador_red.png	5512776	43199	1	1900	2	43200	1800
S005_DAY2_MINITWICE_3275	98	Picture	PW	5514876	0	1	43200	2	0	43200
S005_DAY2_MINITWICE_3275	98	Response	51	5529631	14755	1
S005_DAY2_MINITWICE_3275	98	Pulse	99	5531900	17024	NA
S005_DAY2_MINITWICE_3275	98	Port Input	1	5531900	17024	NA
S005_DAY2_MINITWICE_3275	98	Picture	97_T_PWTRIAD_PW_iglu_red.png	5558076	43200	1	1900	2	43200	1800
S005_DAY2_MINITWICE_3275	99	Picture	PW	5560175	0	2	43201	3	0	43200
S005_DAY2_MINITWICE_3275	99	Pulse	99	5567901	7726	NA
S005_DAY2_MINITWICE_3275	99	Port Input	1	5567901	7726	NA
S005_DAY2_MINITWICE_3275	99	Response	51	5573655	13480	1
S005_DAY2_MINITWICE_3275	99	Picture	98_T_PWTRIAD_PW_tijera_red.png	5603376	43201	1	1900	2	43200	1800
S005_DAY2_MINITWICE_3275	99	Pulse	99	5603902	43727	NA
S005_DAY2_MINITWICE_3275	99	Port Input	1	5603902	43727	NA
S005_DAY2_MINITWICE_3275	100	Picture	PW	5605476	0	1	43200	2	0	43200
S005_DAY2_MINITWICE_3275	100	Response	52	5616973	11497	41
S005_DAY2_MINITWICE_3275	100	Pulse	99	5639903	34427	NA
S005_DAY2_MINITWICE_3275	100	Port Input	1	5639903	34427	NA
S005_DAY2_MINITWICE_3275	100	Picture	99_T_PWTRIAD_PW_pluma_red.png	5648676	43200	1	1900	2	43200	1800
S005_DAY2_MINITWICE_3275	101	Picture	PW	5650776	0	1	43200	2	0	43200
S005_DAY2_MINITWICE_3275	101	Response	51	5667328	16552	1
S005_DAY2_MINITWICE_3275	101	Pulse	99	5675904	25128	NA
S005_DAY2_MINITWICE_3275	101	Port Input	1	5675904	25128	NA
S005_DAY2_MINITWICE_3275	101	Picture	100_T_PWTRIAD_PW_banera_red.png	5693976	43200	1	1900	2	43200	1800
S005_DAY2_MINITWICE_3275	102	Picture	rest	5695976	0	1	144099	2	0	144000
S005_DAY2_MINITWICE_3275	102	Pulse	99	5711905	15929	NA
S005_DAY2_MINITWICE_3275	102	Port Input	1	5711905	15929	NA
S005_DAY2_MINITWICE_3275	102	Pulse	99	5747906	51930	NA
S005_DAY2_MINITWICE_3275	102	Port Input	1	5747906	51930	NA
S005_DAY2_MINITWICE_3275	102	Pulse	99	5783907	87931	NA
S005_DAY2_MINITWICE_3275	102	Port Input	1	5783907	87931	NA
S005_DAY2_MINITWICE_3275	102	Pulse	99	5819908	123932	NA
S005_DAY2_MINITWICE_3275	102	Port Input	1	5819908	123932	NA
S005_DAY2_MINITWICE_3275	103	Picture	endrest	5840175	0	1	10100	2	0	10000
S005_DAY2_MINITWICE_3275	104	Picture	RW	5850475	0	1	43200	2	0	43200
S005_DAY2_MINITWICE_3275	104	Pulse	99	5855909	5434	NA
S005_DAY2_MINITWICE_3275	104	Port Input	1	5855909	5434	NA
S005_DAY2_MINITWICE_3275	104	Response	52	5862083	11608	1
S005_DAY2_MINITWICE_3275	104	Pulse	99	5891910	41435	NA
S005_DAY2_MINITWICE_3275	104	Port Input	1	5891910	41435	NA
S005_DAY2_MINITWICE_3275	104	Picture	103_T_RWTRIAD_RW_futbol_red.png	5893675	43200	1	1900	2	43200	1800
S005_DAY2_MINITWICE_3275	105	Picture	RW	5895775	0	1	43200	2	0	43200
S005_DAY2_MINITWICE_3275	105	Response	51	5905992	10217	2
S005_DAY2_MINITWICE_3275	105	Pulse	99	5927911	32136	NA
S005_DAY2_MINITWICE_3275	105	Port Input	1	5927911	32136	NA
S005_DAY2_MINITWICE_3275	105	Picture	104_T_RWTRIAD_RW_dedal_red.png	5938975	43200	1	1900	2	43200	1800
S005_DAY2_MINITWICE_3275	106	Picture	RW	5941075	0	1	43199	3	0	43200
S005_DAY2_MINITWICE_3275	106	Response	51	5956256	15181	1
S005_DAY2_MINITWICE_3275	106	Pulse	99	5963912	22837	NA
S005_DAY2_MINITWICE_3275	106	Port Input	1	5963912	22837	NA
S005_DAY2_MINITWICE_3275	106	Picture	105_T_RWTRIAD_RW_telefono_red.png	5984274	43199	2	1900	3	43200	1800
S005_DAY2_MINITWICE_3275	107	Picture	RW	5986374	0	1	43200	2	0	43200
S005_DAY2_MINITWICE_3275	107	Response	52	5996741	10367	2
S005_DAY2_MINITWICE_3275	107	Pulse	99	5999913	13539	NA
S005_DAY2_MINITWICE_3275	107	Port Input	1	5999913	13539	NA
S005_DAY2_MINITWICE_3275	107	Picture	106_T_RWTRIAD_RW_gafas_red.png	6029574	43200	1	1900	2	43200	1800
S005_DAY2_MINITWICE_3275	108	Picture	PW	6031669	0	6	43205	7	0	43200
S005_DAY2_MINITWICE_3275	108	Pulse	99	6035914	4245	NA
S005_DAY2_MINITWICE_3275	108	Port Input	1	6035914	4245	NA
S005_DAY2_MINITWICE_3275	108	Response	51	6046305	14636	1
S005_DAY2_MINITWICE_3275	108	Pulse	99	6071916	40247	NA
S005_DAY2_MINITWICE_3275	108	Port Input	1	6071916	40247	NA
S005_DAY2_MINITWICE_3275	108	Picture	107_T_PWTRIAD_PW_llave_red.png	6074874	43205	1	1900	2	43200	1800
S005_DAY2_MINITWICE_3275	109	Picture	PW	6076974	0	1	43200	2	0	43200
S005_DAY2_MINITWICE_3275	109	Response	51	6091686	14712	1
S005_DAY2_MINITWICE_3275	109	Pulse	99	6107917	30943	NA
S005_DAY2_MINITWICE_3275	109	Port Input	1	6107917	30943	NA
S005_DAY2_MINITWICE_3275	109	Picture	108_T_PWTRIAD_PW_mono_red.png	6120174	43200	1	1900	2	43200	1800
S005_DAY2_MINITWICE_3275	110	Picture	PW	6122274	0	1	43200	2	0	43200
S005_DAY2_MINITWICE_3275	110	Response	52	6138917	16643	1
S005_DAY2_MINITWICE_3275	110	Pulse	99	6143918	21644	NA
S005_DAY2_MINITWICE_3275	110	Port Input	1	6143918	21644	NA
S005_DAY2_MINITWICE_3275	110	Picture	109_T_PWTRIAD_PW_paracaidas_red.png	6165474	43200	1	1900	2	43200	1800
S005_DAY2_MINITWICE_3275	111	Picture	PW	6167574	0	1	43199	3	0	43200
S005_DAY2_MINITWICE_3275	111	Pulse	99	6179919	12345	NA
S005_DAY2_MINITWICE_3275	111	Port Input	1	6179919	12345	NA
S005_DAY2_MINITWICE_3275	111	Response	51	6186187	18613	1
S005_DAY2_MINITWICE_3275	111	Picture	110_T_PWTRIAD_PW_oruga_red.png	6210773	43199	2	1900	4	43200	1800
S005_DAY2_MINITWICE_3275	112	Picture	rest	6212773	0	2	144100	3	0	144000
S005_DAY2_MINITWICE_3275	112	Pulse	99	6215920	3147	NA
S005_DAY2_MINITWICE_3275	112	Port Input	1	6215920	3147	NA
S005_DAY2_MINITWICE_3275	112	Pulse	99	6251921	39148	NA
S005_DAY2_MINITWICE_3275	112	Port Input	1	6251921	39148	NA
S005_DAY2_MINITWICE_3275	112	Pulse	99	6287922	75149	NA
S005_DAY2_MINITWICE_3275	112	Port Input	1	6287922	75149	NA
S005_DAY2_MINITWICE_3275	112	Pulse	99	6323923	111150	NA
S005_DAY2_MINITWICE_3275	112	Port Input	1	6323923	111150	NA
S005_DAY2_MINITWICE_3275	113	Picture	endrest	6356973	0	1	10100	2	0	10000
S005_DAY2_MINITWICE_3275	113	Pulse	99	6359924	2951	NA
S005_DAY2_MINITWICE_3275	113	Port Input	1	6359924	2951	NA
S005_DAY2_MINITWICE_3275	114	Picture	RW	6367273	0	1	43200	2	0	43200
S005_DAY2_MINITWICE_3275	114	Response	52	6379943	12670	2
S005_DAY2_MINITWICE_3275	114	Pulse	99	6395925	28652	NA
S005_DAY2_MINITWICE_3275	114	Port Input	1	6395925	28652	NA
S005_DAY2_MINITWICE_3275	114	Picture	113_T_RWTRIAD_RW_esquimal_red.png	6410473	43200	1	1900	2	43200	1800
S005_DAY2_MINITWICE_3275	115	Picture	RW	6412573	0	1	43199	2	0	43200
S005_DAY2_MINITWICE_3275	115	Response	52	6427964	15391	1
S005_DAY2_MINITWICE_3275	115	Pulse	99	6431926	19353	NA
S005_DAY2_MINITWICE_3275	115	Port Input	1	6431926	19353	NA
S005_DAY2_MINITWICE_3275	115	Picture	114_T_RWTRIAD_RW_llave_red.png	6455772	43199	1	1900	3	43200	1800
S005_DAY2_MINITWICE_3275	116	Picture	RW	6457872	0	2	43200	3	0	43200
S005_DAY2_MINITWICE_3275	116	Pulse	99	6467927	10055	NA
S005_DAY2_MINITWICE_3275	116	Port Input	1	6467927	10055	NA
S005_DAY2_MINITWICE_3275	116	Response	51	6469063	11191	1
S005_DAY2_MINITWICE_3275	116	Picture	115_T_RWTRIAD_RW_paracaidas_red.png	6501072	43200	1	1900	2	43200	1800
S005_DAY2_MINITWICE_3275	117	Picture	RW	6503172	0	1	43200	2	0	43200
S005_DAY2_MINITWICE_3275	117	Pulse	99	6503928	756	NA
S005_DAY2_MINITWICE_3275	117	Port Input	1	6503928	756	NA
S005_DAY2_MINITWICE_3275	117	Response	51	6520840	17668	1
S005_DAY2_MINITWICE_3275	117	Pulse	99	6539929	36757	NA
S005_DAY2_MINITWICE_3275	117	Port Input	1	6539929	36757	NA
S005_DAY2_MINITWICE_3275	117	Picture	116_T_RWTRIAD_RW_chupete_red.png	6546372	43200	1	1900	2	43200	1800
S005_DAY2_MINITWICE_3275	118	Picture	PW	6548472	0	1	43200	2	0	43200
S005_DAY2_MINITWICE_3275	118	Response	52	6567050	18578	1
S005_DAY2_MINITWICE_3275	118	Pulse	99	6575930	27458	NA
S005_DAY2_MINITWICE_3275	118	Port Input	1	6575930	27458	NA
S005_DAY2_MINITWICE_3275	118	Picture	117_T_PWTRIAD_PW_murcielago_red.png	6591672	43200	1	1900	2	43200	1800
S005_DAY2_MINITWICE_3275	119	Picture	PW	6593772	0	1	43200	2	0	43200
S005_DAY2_MINITWICE_3275	119	Response	51	6609222	15450	1
S005_DAY2_MINITWICE_3275	119	Pulse	99	6611931	18159	NA
S005_DAY2_MINITWICE_3275	119	Port Input	1	6611931	18159	NA
S005_DAY2_MINITWICE_3275	119	Picture	118_T_PWTRIAD_PW_policia_red.png	6636972	43200	1	1900	2	43200	1800
S005_DAY2_MINITWICE_3275	120	Picture	PW	6639072	0	1	43199	3	0	43200
S005_DAY2_MINITWICE_3275	120	Pulse	99	6647932	8860	NA
S005_DAY2_MINITWICE_3275	120	Port Input	1	6647932	8860	NA
S005_DAY2_MINITWICE_3275	120	Response	52	6656688	17616	2
S005_DAY2_MINITWICE_3275	120	Picture	119_T_PWTRIAD_PW_dado_red.png	6682271	43199	2	1900	4	43200	1800
S005_DAY2_MINITWICE_3275	120	Pulse	99	6683934	44862	NA
S005_DAY2_MINITWICE_3275	120	Port Input	1	6683934	44862	NA
S005_DAY2_MINITWICE_3275	121	Picture	PW	6684371	0	2	43200	3	0	43200
S005_DAY2_MINITWICE_3275	121	Response	51	6697165	12794	1
S005_DAY2_MINITWICE_3275	121	Pulse	99	6719935	35564	NA
S005_DAY2_MINITWICE_3275	121	Port Input	1	6719935	35564	NA
S005_DAY2_MINITWICE_3275	121	Picture	120_T_PWTRIAD_PW_arco_red.png	6727571	43200	1	1900	2	43200	1800
S005_DAY2_MINITWICE_3275	122	Picture	rest	6729571	0	1	144100	2	0	144000
S005_DAY2_MINITWICE_3275	122	Pulse	99	6755936	26365	NA
S005_DAY2_MINITWICE_3275	122	Port Input	1	6755936	26365	NA
S005_DAY2_MINITWICE_3275	122	Pulse	99	6791937	62366	NA
S005_DAY2_MINITWICE_3275	122	Port Input	1	6791937	62366	NA
S005_DAY2_MINITWICE_3275	122	Pulse	99	6827938	98367	NA
S005_DAY2_MINITWICE_3275	122	Port Input	1	6827938	98367	NA
S005_DAY2_MINITWICE_3275	122	Pulse	99	6863939	134368	NA
S005_DAY2_MINITWICE_3275	122	Port Input	1	6863939	134368	NA
S005_DAY2_MINITWICE_3275	123	Picture	endrest	6873771	0	1	10100	2	0	10000
S005_DAY2_MINITWICE_3275	124	Picture	FF	6884071	0	1	43199	3	0	43200
S005_DAY2_MINITWICE_3275	124	Response	51	6894842	10771	1
S005_DAY2_MINITWICE_3275	124	Pulse	99	6899940	15869	NA
S005_DAY2_MINITWICE_3275	124	Port Input	1	6899940	15869	NA
S005_DAY2_MINITWICE_3275	124	Picture	123_T_FFTRIAD_FF_arco_red.png	6927270	43199	2	1900	4	43200	1800
S005_DAY2_MINITWICE_3275	125	Picture	FF	6929370	0	2	43200	3	0	43200
S005_DAY2_MINITWICE_3275	125	Pulse	99	6935941	6571	NA
S005_DAY2_MINITWICE_3275	125	Port Input	1	6935941	6571	NA
S005_DAY2_MINITWICE_3275	125	Response	51	6945116	15746	1
S005_DAY2_MINITWICE_3275	125	Pulse	99	6971942	42572	NA
S005_DAY2_MINITWICE_3275	125	Port Input	1	6971942	42572	NA
S005_DAY2_MINITWICE_3275	125	Picture	124_T_FFTRIAD_FF_silla_red.png	6972570	43200	1	1900	2	43200	1800
S005_DAY2_MINITWICE_3275	126	Picture	FF	6974670	0	1	43200	2	0	43200
S005_DAY2_MINITWICE_3275	126	Response	52	6993173	18503	40
S005_DAY2_MINITWICE_3275	126	Pulse	99	7007943	33273	NA
S005_DAY2_MINITWICE_3275	126	Port Input	1	7007943	33273	NA
S005_DAY2_MINITWICE_3275	126	Picture	125_T_FFTRIAD_FF_monja_red.png	7017870	43200	1	1900	2	43200	1800
S005_DAY2_MINITWICE_3275	127	Picture	FF	7019970	0	1	43200	2	0	43200
S005_DAY2_MINITWICE_3275	127	Response	51	7032394	12424	1
S005_DAY2_MINITWICE_3275	127	Pulse	99	7043944	23974	NA
S005_DAY2_MINITWICE_3275	127	Port Input	1	7043944	23974	NA
S005_DAY2_MINITWICE_3275	127	Picture	126_T_FFTRIAD_FF_cortina_red.png	7063170	43200	1	1900	2	43200	1800
S005_DAY2_MINITWICE_3275	128	Picture	FF	7065270	0	1	43200	2	0	43200
S005_DAY2_MINITWICE_3275	128	Response	51	7075795	10525	1
S005_DAY2_MINITWICE_3275	128	Pulse	99	7079945	14675	NA
S005_DAY2_MINITWICE_3275	128	Port Input	1	7079945	14675	NA
S005_DAY2_MINITWICE_3275	128	Picture	127_T_FFTRIAD_FF_dedal_red.png	7108470	43200	1	1900	2	43200	1800
S005_DAY2_MINITWICE_3275	129	Picture	FF	7110570	0	1	43199	3	0	43200
S005_DAY2_MINITWICE_3275	129	Pulse	99	7115946	5376	NA
S005_DAY2_MINITWICE_3275	129	Port Input	1	7115946	5376	NA
S005_DAY2_MINITWICE_3275	129	Response	51	7118812	8242	1
S005_DAY2_MINITWICE_3275	129	Pulse	99	7151947	41377	NA
S005_DAY2_MINITWICE_3275	129	Port Input	1	7151947	41377	NA
S005_DAY2_MINITWICE_3275	129	Picture	128_T_FFTRIAD_FF_charco_red.png	7153769	43199	2	1901	3	43200	1800
S005_DAY2_MINITWICE_3275	130	Picture	FF	7155869	0	2	43200	3	0	43200
S005_DAY2_MINITWICE_3275	130	Response	51	7164842	8973	1
S005_DAY2_MINITWICE_3275	130	Pulse	99	7187948	32079	NA
S005_DAY2_MINITWICE_3275	130	Port Input	1	7187948	32079	NA
S005_DAY2_MINITWICE_3275	130	Picture	129_T_FFTRIAD_FF_sombrilla_red.png	7199069	43200	1	1900	2	43200	1800
S005_DAY2_MINITWICE_3275	131	Picture	FF	7201169	0	1	43200	2	0	43200
S005_DAY2_MINITWICE_3275	131	Response	52	7209995	8826	1
S005_DAY2_MINITWICE_3275	131	Pulse	99	7223949	22780	NA
S005_DAY2_MINITWICE_3275	131	Port Input	1	7223949	22780	NA
S005_DAY2_MINITWICE_3275	131	Picture	130_T_FFTRIAD_FF_pilas_red.png	7244369	43200	1	1900	2	43200	1800
S005_DAY2_MINITWICE_3275	132	Picture	rest	7246369	0	1	144099	3	0	144000
S005_DAY2_MINITWICE_3275	132	Pulse	99	7259951	13582	NA
S005_DAY2_MINITWICE_3275	132	Port Input	1	7259951	13582	NA
S005_DAY2_MINITWICE_3275	132	Pulse	99	7295952	49583	NA
S005_DAY2_MINITWICE_3275	132	Port Input	1	7295952	49583	NA
S005_DAY2_MINITWICE_3275	132	Pulse	99	7331953	85584	NA
S005_DAY2_MINITWICE_3275	132	Port Input	1	7331953	85584	NA
S005_DAY2_MINITWICE_3275	132	Pulse	99	7367954	121585	NA
S005_DAY2_MINITWICE_3275	132	Port Input	1	7367954	121585	NA
S005_DAY2_MINITWICE_3275	133	Picture	endrest	7390569	0	1	10099	3	0	10000
S005_DAY2_MINITWICE_3275	134	Picture	FF	7400868	0	2	43200	3	0	43200
S005_DAY2_MINITWICE_3275	134	Pulse	99	7403955	3087	NA
S005_DAY2_MINITWICE_3275	134	Port Input	1	7403955	3087	NA
S005_DAY2_MINITWICE_3275	134	Response	52	7411926	11058	2
S005_DAY2_MINITWICE_3275	134	Pulse	99	7439956	39088	NA
S005_DAY2_MINITWICE_3275	134	Port Input	1	7439956	39088	NA
S005_DAY2_MINITWICE_3275	134	Picture	133_T_FFTRIAD_FF_botella_red.png	7444068	43200	1	1900	2	43200	1800
S005_DAY2_MINITWICE_3275	135	Picture	FF	7446168	0	1	43200	2	0	43200
S005_DAY2_MINITWICE_3275	135	Response	52	7455641	9473	1
S005_DAY2_MINITWICE_3275	135	Pulse	99	7475957	29789	NA
S005_DAY2_MINITWICE_3275	135	Port Input	1	7475957	29789	NA
S005_DAY2_MINITWICE_3275	135	Picture	134_T_FFTRIAD_FF_portatil_red.png	7489368	43200	1	1900	2	43200	1800
S005_DAY2_MINITWICE_3275	136	Picture	FF	7491468	0	1	43200	2	0	43200
S005_DAY2_MINITWICE_3275	136	Response	52	7501539	10071	1
S005_DAY2_MINITWICE_3275	136	Pulse	99	7511958	20490	NA
S005_DAY2_MINITWICE_3275	136	Port Input	1	7511958	20490	NA
S005_DAY2_MINITWICE_3275	136	Picture	135_T_FFTRIAD_FF_carruaje_red.png	7534668	43200	1	1900	2	43200	1800
S005_DAY2_MINITWICE_3275	137	Picture	FF	7536768	0	1	43200	2	0	43200
S005_DAY2_MINITWICE_3275	137	Response	52	7546457	9689	1
S005_DAY2_MINITWICE_3275	137	Pulse	99	7547959	11191	NA
S005_DAY2_MINITWICE_3275	137	Port Input	1	7547959	11191	NA
S005_DAY2_MINITWICE_3275	137	Picture	136_T_FFTRIAD_FF_cerillas_red.png	7579968	43200	1	1900	2	43200	1800
S005_DAY2_MINITWICE_3275	138	Picture	rest	7581968	0	1	144099	2	0	144000
S005_DAY2_MINITWICE_3275	138	Pulse	99	7583960	1992	NA
S005_DAY2_MINITWICE_3275	138	Port Input	1	7583960	1992	NA
S005_DAY2_MINITWICE_3275	138	Pulse	99	7619961	37993	NA
S005_DAY2_MINITWICE_3275	138	Port Input	1	7619961	37993	NA
S005_DAY2_MINITWICE_3275	139	Picture	endrest	7726167	0	1	10100	2	0	10000
S005_DAY2_MINITWICE_3275	140	Picture	endrest	7736367	0	1	10100	2	0	10000
S005_DAY2_MINITWICE_3275	141	Picture	endrest	7746567	0	1	10100	2	0	10000
S005_DAY2_MINITWICE_3275	142	Picture	endrest	7756767	0	1	10100	2	0	10000
