Scenario - vOT_Triads_fMRI_II
Logfile written - 06/12/2015 10:47:24

Subject	Trial	Event Type	Code	Time	TTime	Uncertainty	Duration	Uncertainty	ReqTime	ReqDur

S005_MINIONCE_2138	1	Pulse	99	214040	223960	NA
S005_MINIONCE_2138	1	Port Input	1	214040	223960	NA
S005_MINIONCE_2138	1	Pulse	99	250041	259961	NA
S005_MINIONCE_2138	1	Port Input	1	250041	259961	NA
S005_MINIONCE_2138	1	Pulse	99	286042	295962	NA
S005_MINIONCE_2138	1	Port Input	1	286042	295962	NA
S005_MINIONCE_2138	1	Pulse	99	322043	331963	NA
S005_MINIONCE_2138	1	Port Input	1	322043	331963	NA
S005_MINIONCE_2138	1	Pulse	99	358044	367964	NA
S005_MINIONCE_2138	1	Port Input	1	358044	367964	NA
S005_MINIONCE_2138	2	Picture	rest	358298	0	1	144099	2	0	144000
S005_MINIONCE_2138	2	Pulse	99	394045	35747	NA
S005_MINIONCE_2138	2	Port Input	1	394045	35747	NA
S005_MINIONCE_2138	2	Pulse	99	430046	71748	NA
S005_MINIONCE_2138	2	Port Input	1	430046	71748	NA
S005_MINIONCE_2138	2	Pulse	99	466047	107749	NA
S005_MINIONCE_2138	2	Port Input	1	466047	107749	NA
S005_MINIONCE_2138	2	Pulse	99	502048	143750	NA
S005_MINIONCE_2138	2	Port Input	1	502048	143750	NA
S005_MINIONCE_2138	3	Picture	endrest	502497	0	1	10100	2	0	10000
S005_MINIONCE_2138	4	Picture	PW	512797	0	1	43200	2	0	43200
S005_MINIONCE_2138	4	Response	52	526293	13496	1
S005_MINIONCE_2138	4	Pulse	99	538049	25252	NA
S005_MINIONCE_2138	4	Port Input	1	538049	25252	NA
S005_MINIONCE_2138	4	Picture	3_T_PWTRIAD_PW_martillo_red.png	555997	43200	1	1900	2	43200	1800
S005_MINIONCE_2138	5	Picture	PW	558097	0	1	43200	2	0	43200
S005_MINIONCE_2138	5	Response	51	568607	10510	1
S005_MINIONCE_2138	5	Pulse	99	574050	15953	NA
S005_MINIONCE_2138	5	Port Input	1	574050	15953	NA
S005_MINIONCE_2138	5	Picture	4_T_PWTRIAD_PW_cuento_red.png	601297	43200	1	1900	2	43200	1800
S005_MINIONCE_2138	6	Picture	PW	603397	0	1	43200	2	0	43200
S005_MINIONCE_2138	6	Pulse	99	610051	6654	NA
S005_MINIONCE_2138	6	Port Input	1	610051	6654	NA
S005_MINIONCE_2138	6	Response	52	613828	10431	1
S005_MINIONCE_2138	6	Pulse	99	646053	42656	NA
S005_MINIONCE_2138	6	Port Input	1	646053	42656	NA
S005_MINIONCE_2138	6	Picture	5_T_PWTRIAD_PW_dado_red.png	646597	43200	1	1900	2	43200	1800
S005_MINIONCE_2138	7	Picture	PW	648697	0	1	43199	3	0	43200
S005_MINIONCE_2138	7	Response	52	658288	9591	1
S005_MINIONCE_2138	7	Pulse	99	682054	33357	NA
S005_MINIONCE_2138	7	Port Input	1	682054	33357	NA
S005_MINIONCE_2138	7	Picture	6_T_PWTRIAD_PW_iglu_red.png	691896	43199	2	1900	4	43200	1800
S005_MINIONCE_2138	8	Picture	RW	693996	0	2	43200	3	0	43200
S005_MINIONCE_2138	8	Response	52	707720	13724	1
S005_MINIONCE_2138	8	Pulse	99	718055	24059	NA
S005_MINIONCE_2138	8	Port Input	1	718055	24059	NA
S005_MINIONCE_2138	8	Picture	7_T_RWTRIAD_RW_cuento_red.png	737196	43200	1	1900	2	43200	1800
S005_MINIONCE_2138	9	Picture	RW	739296	0	1	43200	2	0	43200
S005_MINIONCE_2138	9	Response	52	753360	14064	1
S005_MINIONCE_2138	9	Pulse	99	754056	14760	NA
S005_MINIONCE_2138	9	Port Input	1	754056	14760	NA
S005_MINIONCE_2138	9	Picture	8_T_RWTRIAD_RW_tijera_red.png	782496	43200	1	1900	2	43200	1800
S005_MINIONCE_2138	10	Picture	RW	784596	0	1	43200	2	0	43200
S005_MINIONCE_2138	10	Pulse	99	790057	5461	NA
S005_MINIONCE_2138	10	Port Input	1	790057	5461	NA
S005_MINIONCE_2138	10	Response	52	796455	11859	1
S005_MINIONCE_2138	10	Pulse	99	826058	41462	NA
S005_MINIONCE_2138	10	Port Input	1	826058	41462	NA
S005_MINIONCE_2138	10	Picture	9_T_RWTRIAD_RW_anillo_red.png	827796	43200	1	1900	2	43200	1800
S005_MINIONCE_2138	11	Picture	RW	829896	0	1	43200	2	0	43200
S005_MINIONCE_2138	11	Response	51	856300	26404	1
S005_MINIONCE_2138	11	Pulse	99	862059	32163	NA
S005_MINIONCE_2138	11	Port Input	1	862059	32163	NA
S005_MINIONCE_2138	11	Picture	10_T_RWTRIAD_RW_molino_red.png	873096	43200	1	1900	2	43200	1800
S005_MINIONCE_2138	12	Picture	rest	875096	0	1	144099	2	0	144000
S005_MINIONCE_2138	12	Pulse	99	898060	22964	NA
S005_MINIONCE_2138	12	Port Input	1	898060	22964	NA
S005_MINIONCE_2138	12	Pulse	99	934061	58965	NA
S005_MINIONCE_2138	12	Port Input	1	934061	58965	NA
S005_MINIONCE_2138	12	Pulse	99	970062	94966	NA
S005_MINIONCE_2138	12	Port Input	1	970062	94966	NA
S005_MINIONCE_2138	12	Pulse	99	1006063	130967	NA
S005_MINIONCE_2138	12	Port Input	1	1006063	130967	NA
S005_MINIONCE_2138	13	Picture	endrest	1019295	0	1	10100	2	0	10000
S005_MINIONCE_2138	14	Picture	RW	1029595	0	1	43200	2	0	43200
S005_MINIONCE_2138	14	Pulse	99	1042064	12469	NA
S005_MINIONCE_2138	14	Port Input	1	1042064	12469	NA
S005_MINIONCE_2138	14	Response	52	1044228	14633	1
S005_MINIONCE_2138	14	Picture	13_T_RWTRIAD_RW_leche_red.png	1072795	43200	1	1900	2	43200	1800
S005_MINIONCE_2138	15	Picture	RW	1074895	0	1	43200	2	0	43200
S005_MINIONCE_2138	15	Pulse	99	1078065	3170	NA
S005_MINIONCE_2138	15	Port Input	1	1078065	3170	NA
S005_MINIONCE_2138	15	Response	51	1094138	19243	1
S005_MINIONCE_2138	15	Pulse	99	1114066	39171	NA
S005_MINIONCE_2138	15	Port Input	1	1114066	39171	NA
S005_MINIONCE_2138	15	Picture	14_T_RWTRIAD_RW_cortina_red.png	1118095	43200	1	1900	2	43200	1800
S005_MINIONCE_2138	16	Picture	RW	1120195	0	1	43200	2	0	43200
S005_MINIONCE_2138	16	Response	51	1136745	16550	2
S005_MINIONCE_2138	16	Pulse	99	1150067	29872	NA
S005_MINIONCE_2138	16	Port Input	1	1150067	29872	NA
S005_MINIONCE_2138	16	Picture	15_T_RWTRIAD_RW_iglu_red.png	1163395	43200	1	1900	2	43200	1800
S005_MINIONCE_2138	17	Picture	RW	1165495	0	1	43199	3	0	43200
S005_MINIONCE_2138	17	Response	51	1183082	17587	1
S005_MINIONCE_2138	17	Pulse	99	1186069	20574	NA
S005_MINIONCE_2138	17	Port Input	1	1186069	20574	NA
S005_MINIONCE_2138	17	Picture	16_T_RWTRIAD_RW_madera_red.png	1208694	43199	2	1900	4	43200	1800
S005_MINIONCE_2138	18	Picture	PW	1210793	0	3	43201	4	0	43200
S005_MINIONCE_2138	18	Pulse	99	1222070	11277	NA
S005_MINIONCE_2138	18	Port Input	1	1222070	11277	NA
S005_MINIONCE_2138	18	Response	52	1227101	16308	1
S005_MINIONCE_2138	18	Picture	17_T_PWTRIAD_PW_ancla_red.png	1253994	43201	1	1900	2	43200	1800
S005_MINIONCE_2138	19	Picture	PW	1256094	0	1	43200	2	0	43200
S005_MINIONCE_2138	19	Pulse	99	1258071	1977	NA
S005_MINIONCE_2138	19	Port Input	1	1258071	1977	NA
S005_MINIONCE_2138	19	Response	52	1277786	21692	1
S005_MINIONCE_2138	19	Pulse	99	1294072	37978	NA
S005_MINIONCE_2138	19	Port Input	1	1294072	37978	NA
S005_MINIONCE_2138	19	Picture	18_T_PWTRIAD_PW_estetoscopio_red.png	1299294	43200	1	1900	2	43200	1800
S005_MINIONCE_2138	20	Picture	PW	1301394	0	1	43200	2	0	43200
S005_MINIONCE_2138	20	Response	51	1311726	10332	1
S005_MINIONCE_2138	20	Pulse	99	1330073	28679	NA
S005_MINIONCE_2138	20	Port Input	1	1330073	28679	NA
S005_MINIONCE_2138	20	Picture	19_T_PWTRIAD_PW_esquimal_red.png	1344594	43200	1	1900	2	43200	1800
S005_MINIONCE_2138	21	Picture	PW	1346694	0	1	43200	2	0	43200
S005_MINIONCE_2138	21	Response	52	1357882	11188	1
S005_MINIONCE_2138	21	Pulse	99	1366074	19380	NA
S005_MINIONCE_2138	21	Port Input	1	1366074	19380	NA
S005_MINIONCE_2138	21	Picture	20_T_PWTRIAD_PW_lechuga_red.png	1389894	43200	1	1900	2	43200	1800
S005_MINIONCE_2138	22	Picture	rest	1391894	0	1	144099	2	0	144000
S005_MINIONCE_2138	22	Pulse	99	1402075	10181	NA
S005_MINIONCE_2138	22	Port Input	1	1402075	10181	NA
S005_MINIONCE_2138	22	Pulse	99	1438076	46182	NA
S005_MINIONCE_2138	22	Port Input	1	1438076	46182	NA
S005_MINIONCE_2138	22	Pulse	99	1474077	82183	NA
S005_MINIONCE_2138	22	Port Input	1	1474077	82183	NA
S005_MINIONCE_2138	22	Pulse	99	1510078	118184	NA
S005_MINIONCE_2138	22	Port Input	1	1510078	118184	NA
S005_MINIONCE_2138	23	Picture	endrest	1536093	0	1	10100	2	0	10000
S005_MINIONCE_2138	23	Pulse	99	1546079	9986	NA
S005_MINIONCE_2138	23	Port Input	1	1546079	9986	NA
S005_MINIONCE_2138	24	Picture	PW	1546393	0	1	43200	2	0	43200
S005_MINIONCE_2138	24	Response	52	1560177	13784	1
S005_MINIONCE_2138	24	Pulse	99	1582080	35687	NA
S005_MINIONCE_2138	24	Port Input	1	1582080	35687	NA
S005_MINIONCE_2138	24	Picture	23_T_PWTRIAD_PW_policia_red.png	1589593	43200	1	1900	2	43200	1800
S005_MINIONCE_2138	25	Picture	PW	1591693	0	1	43200	2	0	43200
S005_MINIONCE_2138	25	Response	51	1606136	14443	2
S005_MINIONCE_2138	25	Pulse	99	1618081	26388	NA
S005_MINIONCE_2138	25	Port Input	1	1618081	26388	NA
S005_MINIONCE_2138	25	Picture	24_T_PWTRIAD_PW_grifo_red.png	1634893	43200	1	1900	2	43200	1800
S005_MINIONCE_2138	26	Picture	PW	1636993	0	1	43200	2	0	43200
S005_MINIONCE_2138	26	Response	52	1648138	11145	1
S005_MINIONCE_2138	26	Pulse	99	1654083	17090	NA
S005_MINIONCE_2138	26	Port Input	1	1654083	17090	NA
S005_MINIONCE_2138	26	Picture	25_T_PWTRIAD_PW_bebe_red.png	1680193	43200	1	1900	2	43200	1800
S005_MINIONCE_2138	27	Picture	PW	1682293	0	1	43199	2	0	43200
S005_MINIONCE_2138	27	Pulse	99	1690083	7790	NA
S005_MINIONCE_2138	27	Port Input	1	1690083	7790	NA
S005_MINIONCE_2138	27	Response	51	1694753	12460	1
S005_MINIONCE_2138	27	Picture	26_T_PWTRIAD_PW_teclado_red.png	1725492	43199	1	1900	2	43200	1800
S005_MINIONCE_2138	27	Pulse	99	1726085	43792	NA
S005_MINIONCE_2138	27	Port Input	1	1726085	43792	NA
S005_MINIONCE_2138	28	Picture	FF	1727592	0	2	43200	3	0	43200
S005_MINIONCE_2138	28	Response	52	1745787	18195	1
S005_MINIONCE_2138	28	Pulse	99	1762086	34494	NA
S005_MINIONCE_2138	28	Port Input	1	1762086	34494	NA
S005_MINIONCE_2138	28	Picture	27_T_FFTRIAD_FF_tenedor_red.png	1770792	43200	1	1900	2	43200	1800
S005_MINIONCE_2138	29	Picture	FF	1772892	0	1	43200	2	0	43200
S005_MINIONCE_2138	29	Response	51	1790446	17554	1
S005_MINIONCE_2138	29	Pulse	99	1798087	25195	NA
S005_MINIONCE_2138	29	Port Input	1	1798087	25195	NA
S005_MINIONCE_2138	29	Picture	28_T_FFTRIAD_FF_arco_red.png	1816092	43200	1	1900	2	43200	1800
S005_MINIONCE_2138	30	Picture	FF	1818192	0	1	43200	2	0	43200
S005_MINIONCE_2138	30	Pulse	99	1834088	15896	NA
S005_MINIONCE_2138	30	Port Input	1	1834088	15896	NA
S005_MINIONCE_2138	30	Response	52	1834928	16736	1
S005_MINIONCE_2138	30	Picture	29_T_FFTRIAD_FF_cinturon_red.png	1861392	43200	1	1900	2	43200	1800
S005_MINIONCE_2138	31	Picture	FF	1863492	0	1	43200	2	0	43200
S005_MINIONCE_2138	31	Pulse	99	1870089	6597	NA
S005_MINIONCE_2138	31	Port Input	1	1870089	6597	NA
S005_MINIONCE_2138	31	Response	51	1876695	13203	1
S005_MINIONCE_2138	31	Pulse	99	1906090	42598	NA
S005_MINIONCE_2138	31	Port Input	1	1906090	42598	NA
S005_MINIONCE_2138	31	Picture	30_T_FFTRIAD_FF_leche_red.png	1906692	43200	1	1900	2	43200	1800
S005_MINIONCE_2138	32	Picture	rest	1908692	0	1	144099	2	0	144000
S005_MINIONCE_2138	32	Pulse	99	1942091	33399	NA
S005_MINIONCE_2138	32	Port Input	1	1942091	33399	NA
S005_MINIONCE_2138	32	Pulse	99	1978092	69400	NA
S005_MINIONCE_2138	32	Port Input	1	1978092	69400	NA
S005_MINIONCE_2138	32	Pulse	99	2014093	105401	NA
S005_MINIONCE_2138	32	Port Input	1	2014093	105401	NA
S005_MINIONCE_2138	32	Pulse	99	2050094	141402	NA
S005_MINIONCE_2138	32	Port Input	1	2050094	141402	NA
S005_MINIONCE_2138	33	Picture	endrest	2052891	0	1	10100	2	0	10000
S005_MINIONCE_2138	34	Picture	FF	2063191	0	1	43200	2	0	43200
S005_MINIONCE_2138	34	Response	52	2077399	14208	2
S005_MINIONCE_2138	34	Pulse	99	2086095	22904	NA
S005_MINIONCE_2138	34	Port Input	1	2086095	22904	NA
S005_MINIONCE_2138	34	Picture	33_T_FFTRIAD_FF_monja_red.png	2106391	43200	1	1900	2	43200	1800
S005_MINIONCE_2138	35	Picture	FF	2108491	0	1	43200	2	0	43200
S005_MINIONCE_2138	35	Pulse	99	2122096	13605	NA
S005_MINIONCE_2138	35	Port Input	1	2122096	13605	NA
S005_MINIONCE_2138	35	Response	52	2123530	15039	1
S005_MINIONCE_2138	35	Picture	34_T_FFTRIAD_FF_huevos_red.png	2151691	43200	1	1900	2	43200	1800
S005_MINIONCE_2138	36	Picture	FF	2153791	0	1	43199	3	0	43200
S005_MINIONCE_2138	36	Pulse	99	2158097	4306	NA
S005_MINIONCE_2138	36	Port Input	1	2158097	4306	NA
S005_MINIONCE_2138	36	Response	51	2165354	11563	1
S005_MINIONCE_2138	36	Pulse	99	2194098	40307	NA
S005_MINIONCE_2138	36	Port Input	1	2194098	40307	NA
S005_MINIONCE_2138	36	Picture	35_T_FFTRIAD_FF_dado_red.png	2196990	43199	2	1900	4	43200	1800
S005_MINIONCE_2138	37	Picture	FF	2199091	0	1	43199	2	0	43200
S005_MINIONCE_2138	37	Response	51	2210070	10979	1
S005_MINIONCE_2138	37	Pulse	99	2230099	31008	NA
S005_MINIONCE_2138	37	Port Input	1	2230099	31008	NA
S005_MINIONCE_2138	37	Picture	36_T_FFTRIAD_FF_ancla_red.png	2242290	43199	1	1900	2	43200	1800
S005_MINIONCE_2138	38	Picture	RW	2244390	0	1	43200	2	0	43200
S005_MINIONCE_2138	38	Response	52	2257758	13368	1
S005_MINIONCE_2138	38	Pulse	99	2266101	21711	NA
S005_MINIONCE_2138	38	Port Input	1	2266101	21711	NA
S005_MINIONCE_2138	38	Picture	37_T_RWTRIAD_RW_gafas_red.png	2287590	43200	1	1900	2	43200	1800
S005_MINIONCE_2138	39	Picture	RW	2289690	0	1	43200	2	0	43200
S005_MINIONCE_2138	39	Pulse	99	2302102	12412	NA
S005_MINIONCE_2138	39	Port Input	1	2302102	12412	NA
S005_MINIONCE_2138	39	Response	52	2304884	15194	2
S005_MINIONCE_2138	39	Picture	38_T_RWTRIAD_RW_arbol_red.png	2332890	43200	1	1900	2	43200	1800
S005_MINIONCE_2138	40	Picture	RW	2334990	0	1	43200	2	0	43200
S005_MINIONCE_2138	40	Pulse	99	2338103	3113	NA
S005_MINIONCE_2138	40	Port Input	1	2338103	3113	NA
S005_MINIONCE_2138	40	Response	51	2354014	19024	1
S005_MINIONCE_2138	40	Pulse	99	2374104	39114	NA
S005_MINIONCE_2138	40	Port Input	1	2374104	39114	NA
S005_MINIONCE_2138	40	Picture	39_T_RWTRIAD_RW_pilas_red.png	2378190	43200	1	1900	2	43200	1800
S005_MINIONCE_2138	41	Picture	RW	2380290	0	1	43200	2	0	43200
S005_MINIONCE_2138	41	Response	52	2400392	20102	1
S005_MINIONCE_2138	41	Pulse	99	2410105	29815	NA
S005_MINIONCE_2138	41	Port Input	1	2410105	29815	NA
S005_MINIONCE_2138	41	Picture	40_T_RWTRIAD_RW_grapadora_red.png	2423490	43200	1	1900	2	43200	1800
S005_MINIONCE_2138	42	Picture	rest	2425490	0	1	144099	2	0	144000
S005_MINIONCE_2138	42	Pulse	99	2446106	20616	NA
S005_MINIONCE_2138	42	Port Input	1	2446106	20616	NA
S005_MINIONCE_2138	42	Pulse	99	2482107	56617	NA
S005_MINIONCE_2138	42	Port Input	1	2482107	56617	NA
S005_MINIONCE_2138	42	Pulse	99	2518108	92618	NA
S005_MINIONCE_2138	42	Port Input	1	2518108	92618	NA
S005_MINIONCE_2138	42	Pulse	99	2554109	128619	NA
S005_MINIONCE_2138	42	Port Input	1	2554109	128619	NA
S005_MINIONCE_2138	43	Picture	endrest	2569689	0	1	10100	2	0	10000
S005_MINIONCE_2138	44	Picture	FF	2579989	0	1	43200	2	0	43200
S005_MINIONCE_2138	44	Pulse	99	2590110	10121	NA
S005_MINIONCE_2138	44	Port Input	1	2590110	10121	NA
S005_MINIONCE_2138	44	Response	52	2602995	23006	1
S005_MINIONCE_2138	44	Picture	43_T_FFTRIAD_FF_lana_red.png	2623189	43200	1	1900	2	43200	1800
S005_MINIONCE_2138	45	Picture	FF	2625289	0	1	43200	2	0	43200
S005_MINIONCE_2138	45	Pulse	99	2626111	822	NA
S005_MINIONCE_2138	45	Port Input	1	2626111	822	NA
S005_MINIONCE_2138	45	Response	51	2640355	15066	1
S005_MINIONCE_2138	45	Pulse	99	2662112	36823	NA
S005_MINIONCE_2138	45	Port Input	1	2662112	36823	NA
S005_MINIONCE_2138	45	Picture	44_T_FFTRIAD_FF_grifo_red.png	2668489	43200	1	1900	2	43200	1800
S005_MINIONCE_2138	46	Picture	FF	2670589	0	1	43199	3	0	43200
S005_MINIONCE_2138	46	Response	51	2693758	23169	1
S005_MINIONCE_2138	46	Pulse	99	2698113	27524	NA
S005_MINIONCE_2138	46	Port Input	1	2698113	27524	NA
S005_MINIONCE_2138	46	Picture	45_T_FFTRIAD_FF_ascensor_red.png	2713788	43199	2	1900	4	43200	1800
S005_MINIONCE_2138	47	Picture	FF	2715888	0	2	43200	3	0	43200
S005_MINIONCE_2138	47	Pulse	99	2734114	18226	NA
S005_MINIONCE_2138	47	Port Input	1	2734114	18226	NA
S005_MINIONCE_2138	47	Picture	46_T_FFTRIAD_FF_charco_red.png	2759088	43200	1	1900	2	43200	1800
S005_MINIONCE_2138	48	Picture	RW	2761188	0	1	43200	2	0	43200
S005_MINIONCE_2138	48	Pulse	99	2770116	8928	NA
S005_MINIONCE_2138	48	Port Input	1	2770116	8928	NA
S005_MINIONCE_2138	48	Response	52	2776494	15306	1
S005_MINIONCE_2138	48	Picture	47_T_RWTRIAD_RW_monja_red.png	2804388	43200	1	1900	2	43200	1800
S005_MINIONCE_2138	48	Pulse	99	2806117	44929	NA
S005_MINIONCE_2138	48	Port Input	1	2806117	44929	NA
S005_MINIONCE_2138	49	Picture	RW	2806488	0	1	43200	2	0	43200
S005_MINIONCE_2138	49	Response	52	2823535	17047	1
S005_MINIONCE_2138	49	Pulse	99	2842118	35630	NA
S005_MINIONCE_2138	49	Port Input	1	2842118	35630	NA
S005_MINIONCE_2138	49	Picture	48_T_RWTRIAD_RW_bebe_red.png	2849688	43200	1	1900	2	43200	1800
S005_MINIONCE_2138	50	Picture	RW	2851788	0	1	43200	2	0	43200
S005_MINIONCE_2138	50	Response	51	2876180	24392	1
S005_MINIONCE_2138	50	Pulse	99	2878119	26331	NA
S005_MINIONCE_2138	50	Port Input	1	2878119	26331	NA
S005_MINIONCE_2138	50	Picture	49_T_RWTRIAD_RW_charco_red.png	2894988	43200	1	1900	2	43200	1800
S005_MINIONCE_2138	51	Picture	RW	2897088	0	1	43199	3	0	43200
S005_MINIONCE_2138	51	Pulse	99	2914120	17032	NA
S005_MINIONCE_2138	51	Port Input	1	2914120	17032	NA
S005_MINIONCE_2138	51	Response	52	2924172	27084	1
S005_MINIONCE_2138	51	Picture	50_T_RWTRIAD_RW_lechuga_red.png	2940287	43199	2	1901	3	43200	1800
S005_MINIONCE_2138	52	Picture	rest	2942288	0	1	144099	2	0	144000
S005_MINIONCE_2138	52	Pulse	99	2950121	7833	NA
S005_MINIONCE_2138	52	Port Input	1	2950121	7833	NA
S005_MINIONCE_2138	52	Pulse	99	2986122	43834	NA
S005_MINIONCE_2138	52	Port Input	1	2986122	43834	NA
S005_MINIONCE_2138	52	Pulse	99	3022123	79835	NA
S005_MINIONCE_2138	52	Port Input	1	3022123	79835	NA
S005_MINIONCE_2138	52	Pulse	99	3058124	115836	NA
S005_MINIONCE_2138	52	Port Input	1	3058124	115836	NA
S005_MINIONCE_2138	53	Picture	endrest	3086487	0	1	10100	2	0	10000
S005_MINIONCE_2138	53	Pulse	99	3094125	7638	NA
S005_MINIONCE_2138	53	Port Input	1	3094125	7638	NA
S005_MINIONCE_2138	54	Picture	FF	3096787	0	1	43200	2	0	43200
S005_MINIONCE_2138	54	Response	51	3113123	16336	1
S005_MINIONCE_2138	54	Pulse	99	3130126	33339	NA
S005_MINIONCE_2138	54	Port Input	1	3130126	33339	NA
S005_MINIONCE_2138	54	Picture	53_T_FFTRIAD_FF_sombrilla_red.png	3139987	43200	1	1900	2	43200	1800
S005_MINIONCE_2138	55	Picture	FF	3142087	0	1	43199	3	0	43200
S005_MINIONCE_2138	55	Response	52	3153505	11418	2
S005_MINIONCE_2138	55	Pulse	99	3166127	24040	NA
S005_MINIONCE_2138	55	Port Input	1	3166127	24040	NA
S005_MINIONCE_2138	55	Picture	54_T_FFTRIAD_FF_bebe_red.png	3185286	43199	2	1901	3	43200	1800
S005_MINIONCE_2138	56	Picture	FF	3187387	0	1	43199	2	0	43200
S005_MINIONCE_2138	56	Pulse	99	3202128	14741	NA
S005_MINIONCE_2138	56	Port Input	1	3202128	14741	NA
S005_MINIONCE_2138	56	Response	51	3203789	16402	2
S005_MINIONCE_2138	56	Picture	55_T_FFTRIAD_FF_pluma_red.png	3230586	43199	1	1900	2	43200	1800
S005_MINIONCE_2138	57	Picture	FF	3232686	0	1	43200	2	0	43200
S005_MINIONCE_2138	57	Pulse	99	3238129	5443	NA
S005_MINIONCE_2138	57	Port Input	1	3238129	5443	NA
S005_MINIONCE_2138	57	Response	51	3246298	13612	1
S005_MINIONCE_2138	57	Pulse	99	3274130	41444	NA
S005_MINIONCE_2138	57	Port Input	1	3274130	41444	NA
S005_MINIONCE_2138	57	Picture	56_T_FFTRIAD_FF_bellota_red.png	3275886	43200	1	1900	2	43200	1800
S005_MINIONCE_2138	58	Picture	FF	3277986	0	1	43200	2	0	43200
S005_MINIONCE_2138	58	Response	51	3296878	18892	1
S005_MINIONCE_2138	58	Pulse	99	3310132	32146	NA
S005_MINIONCE_2138	58	Port Input	1	3310132	32146	NA
S005_MINIONCE_2138	58	Picture	57_T_FFTRIAD_FF_pincel_red.png	3321186	43200	1	1900	2	43200	1800
S005_MINIONCE_2138	59	Picture	FF	3323286	0	1	43200	2	0	43200
S005_MINIONCE_2138	59	Response	52	3337000	13714	1
S005_MINIONCE_2138	59	Pulse	99	3346133	22847	NA
S005_MINIONCE_2138	59	Port Input	1	3346133	22847	NA
S005_MINIONCE_2138	59	Picture	58_T_FFTRIAD_FF_esquimal_red.png	3366486	43200	1	1900	2	43200	1800
S005_MINIONCE_2138	60	Picture	FF	3368586	0	1	43200	2	0	43200
S005_MINIONCE_2138	60	Pulse	99	3382134	13548	NA
S005_MINIONCE_2138	60	Port Input	1	3382134	13548	NA
S005_MINIONCE_2138	60	Response	51	3382934	14348	1
S005_MINIONCE_2138	60	Picture	59_T_FFTRIAD_FF_piramide_red.png	3411786	43200	1	1900	2	43200	1800
S005_MINIONCE_2138	61	Picture	FF	3413886	0	1	43199	3	0	43200
S005_MINIONCE_2138	61	Pulse	99	3418135	4249	NA
S005_MINIONCE_2138	61	Port Input	1	3418135	4249	NA
S005_MINIONCE_2138	61	Response	52	3425895	12009	1
S005_MINIONCE_2138	61	Pulse	99	3454136	40250	NA
S005_MINIONCE_2138	61	Port Input	1	3454136	40250	NA
S005_MINIONCE_2138	61	Picture	60_T_FFTRIAD_FF_paracaidas_red.png	3457085	43199	2	1900	4	43200	1800
S005_MINIONCE_2138	62	Picture	rest	3459085	0	2	144100	3	0	144000
S005_MINIONCE_2138	62	Pulse	99	3490137	31052	NA
S005_MINIONCE_2138	62	Port Input	1	3490137	31052	NA
S005_MINIONCE_2138	62	Pulse	99	3526138	67053	NA
S005_MINIONCE_2138	62	Port Input	1	3526138	67053	NA
S005_MINIONCE_2138	62	Pulse	99	3562139	103054	NA
S005_MINIONCE_2138	62	Port Input	1	3562139	103054	NA
S005_MINIONCE_2138	62	Pulse	99	3598140	139055	NA
S005_MINIONCE_2138	62	Port Input	1	3598140	139055	NA
S005_MINIONCE_2138	63	Picture	endrest	3603285	0	1	10100	2	0	10000
S005_MINIONCE_2138	64	Picture	FF	3613585	0	1	43200	2	0	43200
S005_MINIONCE_2138	64	Response	51	3627412	13827	2
S005_MINIONCE_2138	64	Pulse	99	3634141	20556	NA
S005_MINIONCE_2138	64	Port Input	1	3634141	20556	NA
S005_MINIONCE_2138	64	Picture	63_T_FFTRIAD_FF_traje_red.png	3656785	43200	1	1900	2	43200	1800
S005_MINIONCE_2138	65	Picture	FF	3658885	0	1	43199	3	0	43200
S005_MINIONCE_2138	65	Pulse	99	3670142	11257	NA
S005_MINIONCE_2138	65	Port Input	1	3670142	11257	NA
S005_MINIONCE_2138	65	Response	52	3675023	16138	1
S005_MINIONCE_2138	65	Picture	64_T_FFTRIAD_FF_carruaje_red.png	3702084	43199	2	1900	4	43200	1800
S005_MINIONCE_2138	66	Picture	FF	3704185	0	1	43199	2	0	43200
S005_MINIONCE_2138	66	Pulse	99	3706143	1958	NA
S005_MINIONCE_2138	66	Port Input	1	3706143	1958	NA
S005_MINIONCE_2138	66	Response	51	3716350	12165	1
S005_MINIONCE_2138	66	Pulse	99	3742144	37959	NA
S005_MINIONCE_2138	66	Port Input	1	3742144	37959	NA
S005_MINIONCE_2138	66	Picture	65_T_FFTRIAD_FF_television_red.png	3747384	43199	1	1900	2	43200	1800
S005_MINIONCE_2138	67	Picture	FF	3749484	0	1	43200	2	0	43200
S005_MINIONCE_2138	67	Response	52	3767619	18135	1
S005_MINIONCE_2138	67	Pulse	99	3778145	28661	NA
S005_MINIONCE_2138	67	Port Input	1	3778145	28661	NA
S005_MINIONCE_2138	67	Picture	66_T_FFTRIAD_FF_pilas_red.png	3792684	43200	1	1900	2	43200	1800
S005_MINIONCE_2138	68	Picture	PW	3794784	0	1	43200	2	0	43200
S005_MINIONCE_2138	68	Response	52	3810133	15349	1
S005_MINIONCE_2138	68	Pulse	99	3814147	19363	NA
S005_MINIONCE_2138	68	Port Input	1	3814147	19363	NA
S005_MINIONCE_2138	68	Picture	67_T_PWTRIAD_PW_paraguas_red.png	3837984	43200	1	1900	2	43200	1800
S005_MINIONCE_2138	69	Picture	PW	3840084	0	1	43200	2	0	43200
S005_MINIONCE_2138	69	Pulse	99	3850148	10064	NA
S005_MINIONCE_2138	69	Port Input	1	3850148	10064	NA
S005_MINIONCE_2138	69	Response	52	3851087	11003	1
S005_MINIONCE_2138	69	Picture	68_T_PWTRIAD_PW_almohada_red.png	3883284	43200	1	1900	2	43200	1800
S005_MINIONCE_2138	70	Picture	PW	3885384	0	1	43200	2	0	43200
S005_MINIONCE_2138	70	Pulse	99	3886149	765	NA
S005_MINIONCE_2138	70	Port Input	1	3886149	765	NA
S005_MINIONCE_2138	70	Response	51	3898360	12976	1
S005_MINIONCE_2138	70	Pulse	99	3922150	36766	NA
S005_MINIONCE_2138	70	Port Input	1	3922150	36766	NA
S005_MINIONCE_2138	70	Picture	69_T_PWTRIAD_PW_perro_red.png	3928584	43200	1	1900	2	43200	1800
S005_MINIONCE_2138	71	Picture	PW	3930684	0	1	43199	2	0	43200
S005_MINIONCE_2138	71	Response	51	3946888	16204	1
S005_MINIONCE_2138	71	Pulse	99	3958151	27467	NA
S005_MINIONCE_2138	71	Port Input	1	3958151	27467	NA
S005_MINIONCE_2138	71	Picture	70_T_PWTRIAD_PW_candado_red.png	3973883	43199	1	1900	3	43200	1800
S005_MINIONCE_2138	72	Picture	rest	3975883	0	1	144100	2	0	144000
S005_MINIONCE_2138	72	Pulse	99	3994152	18269	NA
S005_MINIONCE_2138	72	Port Input	1	3994152	18269	NA
S005_MINIONCE_2138	72	Pulse	99	4030153	54270	NA
S005_MINIONCE_2138	72	Port Input	1	4030153	54270	NA
S005_MINIONCE_2138	72	Pulse	99	4066154	90271	NA
S005_MINIONCE_2138	72	Port Input	1	4066154	90271	NA
S005_MINIONCE_2138	72	Pulse	99	4102155	126272	NA
S005_MINIONCE_2138	72	Port Input	1	4102155	126272	NA
S005_MINIONCE_2138	73	Picture	endrest	4120083	0	1	10100	2	0	10000
S005_MINIONCE_2138	74	Picture	RW	4130383	0	1	43200	2	0	43200
S005_MINIONCE_2138	74	Pulse	99	4138156	7773	NA
S005_MINIONCE_2138	74	Port Input	1	4138156	7773	NA
S005_MINIONCE_2138	74	Response	51	4152612	22229	1
S005_MINIONCE_2138	74	Picture	73_T_RWTRIAD_RW_almohada_red.png	4173583	43200	1	1900	2	43200	1800
S005_MINIONCE_2138	74	Pulse	99	4174157	43774	NA
S005_MINIONCE_2138	74	Port Input	1	4174157	43774	NA
S005_MINIONCE_2138	75	Picture	RW	4175683	0	1	43199	3	0	43200
S005_MINIONCE_2138	75	Response	51	4205122	29439	1
S005_MINIONCE_2138	75	Pulse	99	4210158	34475	NA
S005_MINIONCE_2138	75	Port Input	1	4210158	34475	NA
S005_MINIONCE_2138	75	Picture	74_T_RWTRIAD_RW_piramide_red.png	4218882	43199	2	1900	4	43200	1800
S005_MINIONCE_2138	76	Picture	RW	4220982	0	2	43200	3	0	43200
S005_MINIONCE_2138	76	Response	52	4233608	12626	3
S005_MINIONCE_2138	76	Pulse	99	4246159	25177	NA
S005_MINIONCE_2138	76	Port Input	1	4246159	25177	NA
S005_MINIONCE_2138	76	Picture	75_T_RWTRIAD_RW_paraguas_red.png	4264182	43200	1	1900	2	43200	1800
S005_MINIONCE_2138	77	Picture	RW	4266282	0	1	43200	2	0	43200
S005_MINIONCE_2138	77	Pulse	99	4282160	15878	NA
S005_MINIONCE_2138	77	Port Input	1	4282160	15878	NA
S005_MINIONCE_2138	77	Response	52	4286393	20111	1
S005_MINIONCE_2138	77	Picture	76_T_RWTRIAD_RW_raton_red.png	4309482	43200	1	1900	2	43200	1800
S005_MINIONCE_2138	78	Picture	FF	4311582	0	1	43200	2	0	43200
S005_MINIONCE_2138	78	Pulse	99	4318161	6579	NA
S005_MINIONCE_2138	78	Port Input	1	4318161	6579	NA
S005_MINIONCE_2138	78	Response	51	4322902	11320	1
S005_MINIONCE_2138	78	Pulse	99	4354162	42580	NA
S005_MINIONCE_2138	78	Port Input	1	4354162	42580	NA
S005_MINIONCE_2138	78	Picture	77_T_FFTRIAD_FF_novia_red.png	4354782	43200	1	1900	2	43200	1800
S005_MINIONCE_2138	79	Picture	FF	4356882	0	1	43200	2	0	43200
S005_MINIONCE_2138	79	Response	51	4365791	8909	1
S005_MINIONCE_2138	79	Pulse	99	4390164	33282	NA
S005_MINIONCE_2138	79	Port Input	1	4390164	33282	NA
S005_MINIONCE_2138	79	Picture	78_T_FFTRIAD_FF_sapo_red.png	4400082	43200	1	1900	2	43200	1800
S005_MINIONCE_2138	80	Picture	FF	4402182	0	1	43200	2	0	43200
S005_MINIONCE_2138	80	Response	52	4417128	14946	1
S005_MINIONCE_2138	80	Pulse	99	4426165	23983	NA
S005_MINIONCE_2138	80	Port Input	1	4426165	23983	NA
S005_MINIONCE_2138	80	Picture	79_T_FFTRIAD_FF_manos_red.png	4445382	43200	1	1899	3	43200	1800
S005_MINIONCE_2138	81	Picture	FF	4447482	0	1	43199	2	0	43200
S005_MINIONCE_2138	81	Pulse	99	4462166	14684	NA
S005_MINIONCE_2138	81	Port Input	1	4462166	14684	NA
S005_MINIONCE_2138	81	Picture	80_T_FFTRIAD_FF_iglu_red.png	4490681	43199	1	1900	2	43200	1800
S005_MINIONCE_2138	82	Picture	rest	4492681	0	1	144100	2	0	144000
S005_MINIONCE_2138	82	Pulse	99	4498167	5486	NA
S005_MINIONCE_2138	82	Port Input	1	4498167	5486	NA
S005_MINIONCE_2138	82	Pulse	99	4534168	41487	NA
S005_MINIONCE_2138	82	Port Input	1	4534168	41487	NA
S005_MINIONCE_2138	82	Pulse	99	4570169	77488	NA
S005_MINIONCE_2138	82	Port Input	1	4570169	77488	NA
S005_MINIONCE_2138	82	Pulse	99	4606170	113489	NA
S005_MINIONCE_2138	82	Port Input	1	4606170	113489	NA
S005_MINIONCE_2138	83	Picture	endrest	4636881	0	1	10100	2	0	10000
S005_MINIONCE_2138	83	Pulse	99	4642171	5290	NA
S005_MINIONCE_2138	83	Port Input	1	4642171	5290	NA
S005_MINIONCE_2138	84	Picture	PW	4647181	0	1	43200	2	0	43200
S005_MINIONCE_2138	84	Pulse	99	4678172	30991	NA
S005_MINIONCE_2138	84	Port Input	1	4678172	30991	NA
S005_MINIONCE_2138	84	Response	51	4688463	41282	1
S005_MINIONCE_2138	84	Picture	83_T_PWTRIAD_PW_zanahoria_red.png	4690381	43200	1	1899	3	43200	1800
S005_MINIONCE_2138	85	Picture	PW	4692481	0	1	43199	2	0	43200
S005_MINIONCE_2138	85	Response	51	4705824	13343	2
S005_MINIONCE_2138	85	Pulse	99	4714173	21692	NA
S005_MINIONCE_2138	85	Port Input	1	4714173	21692	NA
S005_MINIONCE_2138	85	Picture	84_T_PWTRIAD_PW_oruga_red.png	4735680	43199	1	1900	2	43200	1800
S005_MINIONCE_2138	86	Picture	PW	4737780	0	1	43200	2	0	43200
S005_MINIONCE_2138	86	Pulse	99	4750174	12394	NA
S005_MINIONCE_2138	86	Port Input	1	4750174	12394	NA
S005_MINIONCE_2138	86	Response	51	4753247	15467	1
S005_MINIONCE_2138	86	Picture	85_T_PWTRIAD_PW_botella_red.png	4780980	43200	1	1900	2	43200	1800
S005_MINIONCE_2138	87	Picture	PW	4783080	0	1	43200	2	0	43200
S005_MINIONCE_2138	87	Pulse	99	4786175	3095	NA
S005_MINIONCE_2138	87	Port Input	1	4786175	3095	NA
S005_MINIONCE_2138	87	Response	52	4794337	11257	1
S005_MINIONCE_2138	87	Pulse	99	4822176	39096	NA
S005_MINIONCE_2138	87	Port Input	1	4822176	39096	NA
S005_MINIONCE_2138	87	Picture	86_T_PWTRIAD_PW_murcielago_red.png	4826280	43200	1	1900	2	43200	1800
S005_MINIONCE_2138	88	Picture	PW	4828380	0	1	43200	2	0	43200
S005_MINIONCE_2138	88	Response	52	4838982	10602	1
S005_MINIONCE_2138	88	Pulse	99	4858177	29797	NA
S005_MINIONCE_2138	88	Port Input	1	4858177	29797	NA
S005_MINIONCE_2138	88	Picture	87_T_PWTRIAD_PW_tijera_red.png	4871580	43200	1	1900	2	43200	1800
S005_MINIONCE_2138	89	Picture	PW	4873680	0	1	43200	2	0	43200
S005_MINIONCE_2138	89	Response	51	4887969	14289	1
S005_MINIONCE_2138	89	Pulse	99	4894179	20499	NA
S005_MINIONCE_2138	89	Port Input	1	4894179	20499	NA
S005_MINIONCE_2138	89	Picture	88_T_PWTRIAD_PW_molino_red.png	4916880	43200	1	1900	2	43200	1800
S005_MINIONCE_2138	90	Picture	PW	4918980	0	1	43199	3	0	43200
S005_MINIONCE_2138	90	Pulse	99	4930180	11200	NA
S005_MINIONCE_2138	90	Port Input	1	4930180	11200	NA
S005_MINIONCE_2138	90	Response	52	4930506	11526	1
S005_MINIONCE_2138	90	Picture	89_T_PWTRIAD_PW_bellota_red.png	4962179	43199	2	1900	4	43200	1800
S005_MINIONCE_2138	91	Picture	PW	4964279	0	2	43200	3	0	43200
S005_MINIONCE_2138	91	Pulse	99	4966181	1902	NA
S005_MINIONCE_2138	91	Port Input	1	4966181	1902	NA
S005_MINIONCE_2138	91	Pulse	99	5002182	37903	NA
S005_MINIONCE_2138	91	Port Input	1	5002182	37903	NA
S005_MINIONCE_2138	91	Response	51	5004711	40432	1
S005_MINIONCE_2138	91	Picture	90_T_PWTRIAD_PW_pilas_red.png	5007479	43200	1	1900	2	43200	1800
S005_MINIONCE_2138	92	Picture	rest	5009479	0	1	144100	2	0	144000
S005_MINIONCE_2138	92	Pulse	99	5038183	28704	NA
S005_MINIONCE_2138	92	Port Input	1	5038183	28704	NA
S005_MINIONCE_2138	92	Pulse	99	5074184	64705	NA
S005_MINIONCE_2138	92	Port Input	1	5074184	64705	NA
S005_MINIONCE_2138	92	Pulse	99	5110185	100706	NA
S005_MINIONCE_2138	92	Port Input	1	5110185	100706	NA
S005_MINIONCE_2138	92	Pulse	99	5146186	136707	NA
S005_MINIONCE_2138	92	Port Input	1	5146186	136707	NA
S005_MINIONCE_2138	93	Picture	endrest	5153679	0	1	10100	2	0	10000
S005_MINIONCE_2138	94	Picture	FF	5163979	0	1	43199	3	0	43200
S005_MINIONCE_2138	94	Response	51	5174137	10158	2
S005_MINIONCE_2138	94	Pulse	99	5182187	18208	NA
S005_MINIONCE_2138	94	Port Input	1	5182187	18208	NA
S005_MINIONCE_2138	94	Picture	93_T_FFTRIAD_FF_agua_red.png	5207178	43199	2	1900	4	43200	1800
S005_MINIONCE_2138	95	Picture	FF	5209278	0	2	43200	3	0	43200
S005_MINIONCE_2138	95	Pulse	99	5218188	8910	NA
S005_MINIONCE_2138	95	Port Input	1	5218188	8910	NA
S005_MINIONCE_2138	95	Response	52	5221323	12045	1
S005_MINIONCE_2138	95	Picture	94_T_FFTRIAD_FF_botella_red.png	5252478	43200	1	1900	2	43200	1800
S005_MINIONCE_2138	95	Pulse	99	5254189	44911	NA
S005_MINIONCE_2138	95	Port Input	1	5254189	44911	NA
S005_MINIONCE_2138	96	Picture	FF	5254578	0	1	43200	2	0	43200
S005_MINIONCE_2138	96	Response	52	5264095	9517	1
S005_MINIONCE_2138	96	Pulse	99	5290190	35612	NA
S005_MINIONCE_2138	96	Port Input	1	5290190	35612	NA
S005_MINIONCE_2138	96	Picture	95_T_FFTRIAD_FF_murcielago_red.png	5297778	43200	1	1900	2	43200	1800
S005_MINIONCE_2138	97	Picture	FF	5299878	0	1	43200	2	0	43200
S005_MINIONCE_2138	97	Response	51	5313208	13330	1
S005_MINIONCE_2138	97	Pulse	99	5326191	26313	NA
S005_MINIONCE_2138	97	Port Input	1	5326191	26313	NA
S005_MINIONCE_2138	97	Picture	96_T_FFTRIAD_FF_martillo_red.png	5343078	43200	1	1900	2	43200	1800
S005_MINIONCE_2138	98	Picture	RW	5345178	0	1	43200	2	0	43200
S005_MINIONCE_2138	98	Response	51	5360669	15491	1
S005_MINIONCE_2138	98	Pulse	99	5362192	17014	NA
S005_MINIONCE_2138	98	Port Input	1	5362192	17014	NA
S005_MINIONCE_2138	98	Picture	97_T_RWTRIAD_RW_tenedor_red.png	5388378	43200	1	1900	2	43200	1800
S005_MINIONCE_2138	99	Picture	RW	5390478	0	1	43200	2	0	43200
S005_MINIONCE_2138	99	Pulse	99	5398193	7715	NA
S005_MINIONCE_2138	99	Port Input	1	5398193	7715	NA
S005_MINIONCE_2138	99	Response	52	5413508	23030	1
S005_MINIONCE_2138	99	Picture	98_T_RWTRIAD_RW_granjero_red.png	5433678	43200	1	1900	2	43200	1800
S005_MINIONCE_2138	99	Pulse	99	5434195	43717	NA
S005_MINIONCE_2138	99	Port Input	1	5434195	43717	NA
S005_MINIONCE_2138	100	Picture	RW	5435778	0	1	43199	3	0	43200
S005_MINIONCE_2138	100	Response	52	5450602	14824	1
S005_MINIONCE_2138	100	Pulse	99	5470196	34418	NA
S005_MINIONCE_2138	100	Port Input	1	5470196	34418	NA
S005_MINIONCE_2138	100	Picture	99_T_RWTRIAD_RW_silla_red.png	5478977	43199	2	1900	3	43200	1800
S005_MINIONCE_2138	101	Picture	RW	5481077	0	2	43200	3	0	43200
S005_MINIONCE_2138	101	Response	51	5502037	20960	1
S005_MINIONCE_2138	101	Pulse	99	5506197	25120	NA
S005_MINIONCE_2138	101	Port Input	1	5506197	25120	NA
S005_MINIONCE_2138	101	Picture	100_T_RWTRIAD_RW_perro_red.png	5524277	43200	1	1900	2	43200	1800
S005_MINIONCE_2138	102	Picture	rest	5526277	0	1	144100	2	0	144000
S005_MINIONCE_2138	102	Pulse	99	5542198	15921	NA
S005_MINIONCE_2138	102	Port Input	1	5542198	15921	NA
S005_MINIONCE_2138	102	Pulse	99	5578199	51922	NA
S005_MINIONCE_2138	102	Port Input	1	5578199	51922	NA
S005_MINIONCE_2138	102	Pulse	99	5614200	87923	NA
S005_MINIONCE_2138	102	Port Input	1	5614200	87923	NA
S005_MINIONCE_2138	102	Pulse	99	5650201	123924	NA
S005_MINIONCE_2138	102	Port Input	1	5650201	123924	NA
S005_MINIONCE_2138	103	Picture	endrest	5670477	0	1	10100	2	0	10000
S005_MINIONCE_2138	104	Picture	PW	5680777	0	1	43199	2	0	43200
S005_MINIONCE_2138	104	Pulse	99	5686202	5425	NA
S005_MINIONCE_2138	104	Port Input	1	5686202	5425	NA
S005_MINIONCE_2138	104	Response	51	5695694	14917	2
S005_MINIONCE_2138	104	Pulse	99	5722203	41426	NA
S005_MINIONCE_2138	104	Port Input	1	5722203	41426	NA
S005_MINIONCE_2138	104	Picture	103_T_PWTRIAD_PW_monja_red.png	5723976	43199	1	1900	2	43200	1800
S005_MINIONCE_2138	105	Picture	PW	5726076	0	2	43200	3	0	43200
S005_MINIONCE_2138	105	Response	52	5742575	16499	1
S005_MINIONCE_2138	105	Pulse	99	5758204	32128	NA
S005_MINIONCE_2138	105	Port Input	1	5758204	32128	NA
S005_MINIONCE_2138	105	Picture	104_T_PWTRIAD_PW_ascensor_red.png	5769276	43200	1	1900	2	43200	1800
S005_MINIONCE_2138	106	Picture	PW	5771376	0	1	43200	2	0	43200
S005_MINIONCE_2138	106	Response	51	5786639	15263	1
S005_MINIONCE_2138	106	Pulse	99	5794205	22829	NA
S005_MINIONCE_2138	106	Port Input	1	5794205	22829	NA
S005_MINIONCE_2138	106	Picture	105_T_PWTRIAD_PW_cortina_red.png	5814576	43200	1	1900	2	43200	1800
S005_MINIONCE_2138	107	Picture	PW	5816676	0	1	43200	2	0	43200
S005_MINIONCE_2138	107	Pulse	99	5830206	13530	NA
S005_MINIONCE_2138	107	Port Input	1	5830206	13530	NA
S005_MINIONCE_2138	107	Response	51	5833645	16969	1
S005_MINIONCE_2138	107	Picture	106_T_PWTRIAD_PW_silla_red.png	5859876	43200	1	1863	42	43200	1800
S005_MINIONCE_2138	108	Picture	RW	5861976	0	1	43200	2	0	43200
S005_MINIONCE_2138	108	Pulse	99	5866207	4231	NA
S005_MINIONCE_2138	108	Port Input	1	5866207	4231	NA
S005_MINIONCE_2138	108	Response	52	5883961	21985	1
S005_MINIONCE_2138	108	Pulse	99	5902208	40232	NA
S005_MINIONCE_2138	108	Port Input	1	5902208	40232	NA
S005_MINIONCE_2138	108	Picture	107_T_RWTRIAD_RW_mono_red.png	5905176	43200	1	1900	2	43200	1800
S005_MINIONCE_2138	109	Picture	RW	5907276	0	1	43199	3	0	43200
S005_MINIONCE_2138	109	Response	51	5923539	16263	1
S005_MINIONCE_2138	109	Pulse	99	5938210	30934	NA
S005_MINIONCE_2138	109	Port Input	1	5938210	30934	NA
S005_MINIONCE_2138	109	Picture	108_T_RWTRIAD_RW_violin_red.png	5950475	43199	2	1900	4	43200	1800
S005_MINIONCE_2138	110	Picture	RW	5952575	0	2	43200	3	0	43200
S005_MINIONCE_2138	110	Response	52	5967768	15193	1
S005_MINIONCE_2138	110	Pulse	99	5974211	21636	NA
S005_MINIONCE_2138	110	Port Input	1	5974211	21636	NA
S005_MINIONCE_2138	110	Picture	109_T_RWTRIAD_RW_destornillador_red.png	5995775	43200	1	1900	2	43200	1800
S005_MINIONCE_2138	111	Picture	RW	5997875	0	1	43200	2	0	43200
S005_MINIONCE_2138	111	Pulse	99	6010212	12337	NA
S005_MINIONCE_2138	111	Port Input	1	6010212	12337	NA
S005_MINIONCE_2138	111	Response	51	6014098	16223	1
S005_MINIONCE_2138	111	Picture	110_T_RWTRIAD_RW_telarana_red.png	6041075	43200	1	1900	2	43200	1800
S005_MINIONCE_2138	112	Picture	rest	6043075	0	1	144100	2	0	144000
S005_MINIONCE_2138	112	Pulse	99	6046213	3138	NA
S005_MINIONCE_2138	112	Port Input	1	6046213	3138	NA
S005_MINIONCE_2138	112	Pulse	99	6082214	39139	NA
S005_MINIONCE_2138	112	Port Input	1	6082214	39139	NA
S005_MINIONCE_2138	112	Pulse	99	6118215	75140	NA
S005_MINIONCE_2138	112	Port Input	1	6118215	75140	NA
S005_MINIONCE_2138	112	Pulse	99	6154216	111141	NA
S005_MINIONCE_2138	112	Port Input	1	6154216	111141	NA
S005_MINIONCE_2138	113	Picture	endrest	6187275	0	1	10099	3	0	10000
S005_MINIONCE_2138	113	Pulse	99	6190217	2942	NA
S005_MINIONCE_2138	113	Port Input	1	6190217	2942	NA
S005_MINIONCE_2138	114	Picture	RW	6197574	0	2	43200	3	0	43200
S005_MINIONCE_2138	114	Response	52	6219818	22244	1
S005_MINIONCE_2138	114	Pulse	99	6226218	28644	NA
S005_MINIONCE_2138	114	Port Input	1	6226218	28644	NA
S005_MINIONCE_2138	114	Picture	113_T_RWTRIAD_RW_murcielago_red.png	6240774	43200	1	1900	2	43200	1800
S005_MINIONCE_2138	115	Picture	RW	6242874	0	1	43200	3	0	43200
S005_MINIONCE_2138	115	Response	52	6257840	14966	1
S005_MINIONCE_2138	115	Pulse	99	6262219	19345	NA
S005_MINIONCE_2138	115	Port Input	1	6262219	19345	NA
S005_MINIONCE_2138	115	Picture	114_T_RWTRIAD_RW_lenador_red.png	6286074	43200	2	1900	4	43200	1800
S005_MINIONCE_2138	116	Picture	RW	6288174	0	2	43200	3	0	43200
S005_MINIONCE_2138	116	Pulse	99	6298220	10046	NA
S005_MINIONCE_2138	116	Port Input	1	6298220	10046	NA
S005_MINIONCE_2138	116	Response	52	6307737	19563	1
S005_MINIONCE_2138	116	Picture	115_T_RWTRIAD_RW_sapo_red.png	6331374	43200	1	1900	2	43200	1800
S005_MINIONCE_2138	117	Picture	RW	6333474	0	1	43200	2	0	43200
S005_MINIONCE_2138	117	Pulse	99	6334221	747	NA
S005_MINIONCE_2138	117	Port Input	1	6334221	747	NA
S005_MINIONCE_2138	117	Response	52	6363761	30287	1
S005_MINIONCE_2138	117	Pulse	99	6370222	36748	NA
S005_MINIONCE_2138	117	Port Input	1	6370222	36748	NA
S005_MINIONCE_2138	117	Picture	116_T_RWTRIAD_RW_pluma_red.png	6376674	43200	1	1900	2	43200	1800
S005_MINIONCE_2138	118	Picture	PW	6378774	0	1	43199	3	0	43200
S005_MINIONCE_2138	118	Response	51	6392741	13967	1
S005_MINIONCE_2138	118	Pulse	99	6406223	27449	NA
S005_MINIONCE_2138	118	Port Input	1	6406223	27449	NA
S005_MINIONCE_2138	118	Picture	117_T_PWTRIAD_PW_television_red.png	6421973	43199	2	1900	4	43200	1800
S005_MINIONCE_2138	119	Picture	PW	6424073	0	2	43200	4	0	43200
S005_MINIONCE_2138	119	Pulse	99	6442225	18152	NA
S005_MINIONCE_2138	119	Port Input	1	6442225	18152	NA
S005_MINIONCE_2138	119	Response	52	6443488	19415	1
S005_MINIONCE_2138	119	Picture	118_T_PWTRIAD_PW_telarana_red.png	6467273	43200	2	1900	3	43200	1800
S005_MINIONCE_2138	120	Picture	PW	6469373	0	2	43200	3	0	43200
S005_MINIONCE_2138	120	Pulse	99	6478226	8853	NA
S005_MINIONCE_2138	120	Port Input	1	6478226	8853	NA
S005_MINIONCE_2138	120	Response	52	6482913	13540	1
S005_MINIONCE_2138	120	Picture	119_T_PWTRIAD_PW_granjero_red.png	6512573	43200	1	1900	2	43200	1800
S005_MINIONCE_2138	120	Pulse	99	6514227	44854	NA
S005_MINIONCE_2138	120	Port Input	1	6514227	44854	NA
S005_MINIONCE_2138	121	Picture	PW	6514673	0	1	43200	2	0	43200
S005_MINIONCE_2138	121	Response	51	6528344	13671	1
S005_MINIONCE_2138	121	Pulse	99	6550228	35555	NA
S005_MINIONCE_2138	121	Port Input	1	6550228	35555	NA
S005_MINIONCE_2138	121	Picture	120_T_PWTRIAD_PW_madera_red.png	6557873	43200	1	1900	2	43200	1800
S005_MINIONCE_2138	122	Picture	rest	6559873	0	1	144099	3	0	144000
S005_MINIONCE_2138	122	Pulse	99	6586229	26356	NA
S005_MINIONCE_2138	122	Port Input	1	6586229	26356	NA
S005_MINIONCE_2138	122	Pulse	99	6622230	62357	NA
S005_MINIONCE_2138	122	Port Input	1	6622230	62357	NA
S005_MINIONCE_2138	122	Pulse	99	6658231	98358	NA
S005_MINIONCE_2138	122	Port Input	1	6658231	98358	NA
S005_MINIONCE_2138	122	Pulse	99	6694232	134359	NA
S005_MINIONCE_2138	122	Port Input	1	6694232	134359	NA
S005_MINIONCE_2138	123	Picture	endrest	6704072	0	2	10100	3	0	10000
S005_MINIONCE_2138	124	Picture	PW	6714372	0	2	43200	3	0	43200
S005_MINIONCE_2138	124	Response	51	6729822	15450	1
S005_MINIONCE_2138	124	Pulse	99	6730233	15861	NA
S005_MINIONCE_2138	124	Port Input	1	6730233	15861	NA
S005_MINIONCE_2138	124	Picture	123_T_PWTRIAD_PW_gafas_red.png	6757572	43200	1	1900	2	43200	1800
S005_MINIONCE_2138	125	Picture	PW	6759672	0	1	43200	2	0	43200
S005_MINIONCE_2138	125	Pulse	99	6766234	6562	NA
S005_MINIONCE_2138	125	Port Input	1	6766234	6562	NA
S005_MINIONCE_2138	125	Response	52	6777221	17549	2
S005_MINIONCE_2138	125	Pulse	99	6802235	42563	NA
S005_MINIONCE_2138	125	Port Input	1	6802235	42563	NA
S005_MINIONCE_2138	125	Picture	124_T_PWTRIAD_PW_carruaje_red.png	6802872	43200	1	1900	2	43200	1800
S005_MINIONCE_2138	126	Picture	PW	6804972	0	1	43200	2	0	43200
S005_MINIONCE_2138	126	Response	51	6814944	9972	1
S005_MINIONCE_2138	126	Pulse	99	6838236	33264	NA
S005_MINIONCE_2138	126	Port Input	1	6838236	33264	NA
S005_MINIONCE_2138	126	Picture	125_T_PWTRIAD_PW_queso_red.png	6848172	43200	1	1900	2	43200	1800
S005_MINIONCE_2138	127	Picture	PW	6850272	0	1	43200	2	0	43200
S005_MINIONCE_2138	127	Response	52	6865270	14998	1
S005_MINIONCE_2138	127	Pulse	99	6874237	23965	NA
S005_MINIONCE_2138	127	Port Input	1	6874237	23965	NA
S005_MINIONCE_2138	127	Picture	126_T_PWTRIAD_PW_pincel_red.png	6893472	43200	1	1900	2	43200	1800
S005_MINIONCE_2138	128	Picture	RW	6895572	0	1	43199	3	0	43200
S005_MINIONCE_2138	128	Pulse	99	6910238	14666	NA
S005_MINIONCE_2138	128	Port Input	1	6910238	14666	NA
S005_MINIONCE_2138	128	Response	51	6910455	14883	1
S005_MINIONCE_2138	128	Picture	127_T_RWTRIAD_RW_bala_red.png	6938771	43199	2	1900	4	43200	1800
S005_MINIONCE_2138	129	Picture	RW	6940872	0	1	43199	2	0	43200
S005_MINIONCE_2138	129	Pulse	99	6946239	5367	NA
S005_MINIONCE_2138	129	Port Input	1	6946239	5367	NA
S005_MINIONCE_2138	129	Response	51	6957442	16570	1
S005_MINIONCE_2138	129	Pulse	99	6982241	41369	NA
S005_MINIONCE_2138	129	Port Input	1	6982241	41369	NA
S005_MINIONCE_2138	129	Picture	128_T_RWTRIAD_RW_television_red.png	6984071	43199	1	1900	2	43200	1800
S005_MINIONCE_2138	130	Picture	RW	6986171	0	1	43200	2	0	43200
S005_MINIONCE_2138	130	Response	51	7003705	17534	1
S005_MINIONCE_2138	130	Pulse	99	7018242	32071	NA
S005_MINIONCE_2138	130	Port Input	1	7018242	32071	NA
S005_MINIONCE_2138	130	Picture	129_T_RWTRIAD_RW_botella_red.png	7029371	43200	1	1900	2	43200	1800
S005_MINIONCE_2138	131	Picture	RW	7031471	0	1	43200	2	0	43200
S005_MINIONCE_2138	131	Response	52	7050196	18725	1
S005_MINIONCE_2138	131	Pulse	99	7054243	22772	NA
S005_MINIONCE_2138	131	Port Input	1	7054243	22772	NA
S005_MINIONCE_2138	131	Picture	130_T_RWTRIAD_RW_sobre_red.png	7074671	43200	1	1900	2	43200	1800
S005_MINIONCE_2138	132	Picture	rest	7076671	0	1	144099	3	0	144000
S005_MINIONCE_2138	132	Pulse	99	7090244	13573	NA
S005_MINIONCE_2138	132	Port Input	1	7090244	13573	NA
S005_MINIONCE_2138	132	Pulse	99	7126245	49574	NA
S005_MINIONCE_2138	132	Port Input	1	7126245	49574	NA
S005_MINIONCE_2138	132	Pulse	99	7162246	85575	NA
S005_MINIONCE_2138	132	Port Input	1	7162246	85575	NA
S005_MINIONCE_2138	132	Pulse	99	7198247	121576	NA
S005_MINIONCE_2138	132	Port Input	1	7198247	121576	NA
S005_MINIONCE_2138	133	Picture	endrest	7220870	0	2	10100	4	0	10000
S005_MINIONCE_2138	134	Picture	FF	7231170	0	1	43200	2	0	43200
S005_MINIONCE_2138	134	Pulse	99	7234248	3078	NA
S005_MINIONCE_2138	134	Port Input	1	7234248	3078	NA
S005_MINIONCE_2138	134	Response	51	7255166	23996	1
S005_MINIONCE_2138	134	Pulse	99	7270249	39079	NA
S005_MINIONCE_2138	134	Port Input	1	7270249	39079	NA
S005_MINIONCE_2138	134	Picture	133_T_FFTRIAD_FF_zanahoria_red.png	7274370	43200	1	1900	2	43200	1800
S005_MINIONCE_2138	135	Picture	FF	7276470	0	1	43200	2	0	43200
S005_MINIONCE_2138	135	Response	52	7292574	16104	1
S005_MINIONCE_2138	135	Pulse	99	7306250	29780	NA
S005_MINIONCE_2138	135	Port Input	1	7306250	29780	NA
S005_MINIONCE_2138	135	Picture	134_T_FFTRIAD_FF_anillo_red.png	7319670	43200	1	1900	2	43200	1800
S005_MINIONCE_2138	136	Picture	FF	7321770	0	1	43200	2	0	43200
S005_MINIONCE_2138	136	Response	51	7338205	16435	1
S005_MINIONCE_2138	136	Pulse	99	7342251	20481	NA
S005_MINIONCE_2138	136	Port Input	1	7342251	20481	NA
S005_MINIONCE_2138	136	Picture	135_T_FFTRIAD_FF_candado_red.png	7364970	43200	1	1900	2	43200	1800
S005_MINIONCE_2138	137	Picture	FF	7367070	0	1	43200	2	0	43200
S005_MINIONCE_2138	137	Pulse	99	7378252	11182	NA
S005_MINIONCE_2138	137	Port Input	1	7378252	11182	NA
S005_MINIONCE_2138	137	Response	52	7385713	18643	1
S005_MINIONCE_2138	137	Picture	136_T_FFTRIAD_FF_raton_red.png	7410270	43200	1	1900	2	43200	1800
S005_MINIONCE_2138	138	Picture	rest	7412270	0	1	144192	2	0	144000
S005_MINIONCE_2138	138	Pulse	99	7414253	1983	NA
S005_MINIONCE_2138	138	Port Input	1	7414253	1983	NA
S005_MINIONCE_2138	138	Pulse	99	7450254	37984	NA
S005_MINIONCE_2138	138	Port Input	1	7450254	37984	NA