Scenario - vOT_Triads_fMRI_II
Logfile written - 05/05/2015 13:10:37

Subject	Trial	Event Type	Code	Time	TTime	Uncertainty	Duration	Uncertainty	ReqTime	ReqDur

S005_DAY1_MINITWICE_3275	1	Pulse	99	395780	405697	NA
S005_DAY1_MINITWICE_3275	1	Port Input	1	395780	405697	NA
S005_DAY1_MINITWICE_3275	1	Pulse	99	431781	441698	NA
S005_DAY1_MINITWICE_3275	1	Port Input	1	431781	441698	NA
S005_DAY1_MINITWICE_3275	1	Pulse	99	467782	477699	NA
S005_DAY1_MINITWICE_3275	1	Port Input	1	467782	477699	NA
S005_DAY1_MINITWICE_3275	1	Pulse	99	503783	513700	NA
S005_DAY1_MINITWICE_3275	1	Port Input	1	503783	513700	NA
S005_DAY1_MINITWICE_3275	1	Pulse	99	539784	549701	NA
S005_DAY1_MINITWICE_3275	1	Port Input	1	539784	549701	NA
S005_DAY1_MINITWICE_3275	2	Picture	rest	539997	0	1	144099	3	0	144000
S005_DAY1_MINITWICE_3275	2	Pulse	99	575785	35788	NA
S005_DAY1_MINITWICE_3275	2	Port Input	1	575785	35788	NA
S005_DAY1_MINITWICE_3275	2	Pulse	99	611786	71789	NA
S005_DAY1_MINITWICE_3275	2	Port Input	1	611786	71789	NA
S005_DAY1_MINITWICE_3275	2	Pulse	99	647787	107790	NA
S005_DAY1_MINITWICE_3275	2	Port Input	1	647787	107790	NA
S005_DAY1_MINITWICE_3275	2	Pulse	99	683788	143791	NA
S005_DAY1_MINITWICE_3275	2	Port Input	1	683788	143791	NA
S005_DAY1_MINITWICE_3275	3	Picture	endrest	684196	0	1	10100	2	0	10000
S005_DAY1_MINITWICE_3275	4	Picture	RW	694496	0	1	43200	2	0	43200
S005_DAY1_MINITWICE_3275	4	Response	52	715839	21343	1
S005_DAY1_MINITWICE_3275	4	Pulse	99	719789	25293	NA
S005_DAY1_MINITWICE_3275	4	Port Input	1	719789	25293	NA
S005_DAY1_MINITWICE_3275	4	Picture	3_T_RWTRIAD_RW_pincel_red.png	737696	43200	1	1900	2	43200	1800
S005_DAY1_MINITWICE_3275	5	Picture	RW	739796	0	1	43200	2	0	43200
S005_DAY1_MINITWICE_3275	5	Pulse	99	755790	15994	NA
S005_DAY1_MINITWICE_3275	5	Port Input	1	755790	15994	NA
S005_DAY1_MINITWICE_3275	5	Response	52	758600	18804	1
S005_DAY1_MINITWICE_3275	5	Picture	4_T_RWTRIAD_RW_sapo_red.png	782996	43200	1	1900	2	43200	1800
S005_DAY1_MINITWICE_3275	6	Picture	RW	785096	0	1	43200	2	0	43200
S005_DAY1_MINITWICE_3275	6	Pulse	99	791791	6695	NA
S005_DAY1_MINITWICE_3275	6	Port Input	1	791791	6695	NA
S005_DAY1_MINITWICE_3275	6	Response	52	806367	21271	1
S005_DAY1_MINITWICE_3275	6	Pulse	99	827793	42697	NA
S005_DAY1_MINITWICE_3275	6	Port Input	1	827793	42697	NA
S005_DAY1_MINITWICE_3275	6	Picture	5_T_RWTRIAD_RW_oruga_red.png	828296	43200	1	1900	2	43200	1800
S005_DAY1_MINITWICE_3275	7	Picture	RW	830396	0	1	43200	2	0	43200
S005_DAY1_MINITWICE_3275	7	Response	51	849619	19223	1
S005_DAY1_MINITWICE_3275	7	Pulse	99	863794	33398	NA
S005_DAY1_MINITWICE_3275	7	Port Input	1	863794	33398	NA
S005_DAY1_MINITWICE_3275	7	Picture	6_T_RWTRIAD_RW_pilas_red.png	873596	43200	1	1900	2	43200	1800
S005_DAY1_MINITWICE_3275	8	Picture	RW	875696	0	1	43199	3	0	43200
S005_DAY1_MINITWICE_3275	8	Response	51	891197	15501	1
S005_DAY1_MINITWICE_3275	8	Pulse	99	899795	24099	NA
S005_DAY1_MINITWICE_3275	8	Port Input	1	899795	24099	NA
S005_DAY1_MINITWICE_3275	8	Picture	7_T_RWTRIAD_RW_bala_red.png	918895	43199	2	1900	3	43200	1800
S005_DAY1_MINITWICE_3275	9	Picture	RW	920995	0	2	43200	3	0	43200
S005_DAY1_MINITWICE_3275	9	Pulse	99	935796	14801	NA
S005_DAY1_MINITWICE_3275	9	Port Input	1	935796	14801	NA
S005_DAY1_MINITWICE_3275	9	Response	51	941358	20363	2
S005_DAY1_MINITWICE_3275	9	Picture	8_T_RWTRIAD_RW_tenedor_red.png	964195	43200	1	1900	2	43200	1800
S005_DAY1_MINITWICE_3275	10	Picture	RW	966295	0	1	43200	2	0	43200
S005_DAY1_MINITWICE_3275	10	Pulse	99	971797	5502	NA
S005_DAY1_MINITWICE_3275	10	Port Input	1	971797	5502	NA
S005_DAY1_MINITWICE_3275	10	Response	52	979998	13703	1
S005_DAY1_MINITWICE_3275	10	Pulse	99	1007798	41503	NA
S005_DAY1_MINITWICE_3275	10	Port Input	1	1007798	41503	NA
S005_DAY1_MINITWICE_3275	10	Picture	9_T_RWTRIAD_RW_sombrilla_red.png	1009495	43200	1	1900	2	43200	1800
S005_DAY1_MINITWICE_3275	11	Picture	RW	1011595	0	1	43200	2	0	43200
S005_DAY1_MINITWICE_3275	11	Response	51	1031331	19736	1
S005_DAY1_MINITWICE_3275	11	Pulse	99	1043799	32204	NA
S005_DAY1_MINITWICE_3275	11	Port Input	1	1043799	32204	NA
S005_DAY1_MINITWICE_3275	11	Picture	10_T_RWTRIAD_RW_novia_red.png	1054795	43200	1	1900	2	43200	1800
S005_DAY1_MINITWICE_3275	12	Picture	rest	1056795	0	1	144099	2	0	144000
S005_DAY1_MINITWICE_3275	12	Pulse	99	1079800	23005	NA
S005_DAY1_MINITWICE_3275	12	Port Input	1	1079800	23005	NA
S005_DAY1_MINITWICE_3275	12	Pulse	99	1115801	59006	NA
S005_DAY1_MINITWICE_3275	12	Port Input	1	1115801	59006	NA
S005_DAY1_MINITWICE_3275	12	Pulse	99	1151802	95007	NA
S005_DAY1_MINITWICE_3275	12	Port Input	1	1151802	95007	NA
S005_DAY1_MINITWICE_3275	12	Pulse	99	1187803	131008	NA
S005_DAY1_MINITWICE_3275	12	Port Input	1	1187803	131008	NA
S005_DAY1_MINITWICE_3275	13	Picture	endrest	1200994	0	1	10100	2	0	10000
S005_DAY1_MINITWICE_3275	14	Picture	RW	1211294	0	1	43200	2	0	43200
S005_DAY1_MINITWICE_3275	14	Pulse	99	1223804	12510	NA
S005_DAY1_MINITWICE_3275	14	Port Input	1	1223804	12510	NA
S005_DAY1_MINITWICE_3275	14	Response	52	1229827	18533	2
S005_DAY1_MINITWICE_3275	14	Picture	13_T_RWTRIAD_RW_huevos_red.png	1254494	43200	1	1900	2	43200	1800
S005_DAY1_MINITWICE_3275	15	Picture	RW	1256594	0	1	43200	2	0	43200
S005_DAY1_MINITWICE_3275	15	Pulse	99	1259805	3211	NA
S005_DAY1_MINITWICE_3275	15	Port Input	1	1259805	3211	NA
S005_DAY1_MINITWICE_3275	15	Response	51	1277696	21102	1
S005_DAY1_MINITWICE_3275	15	Pulse	99	1295806	39212	NA
S005_DAY1_MINITWICE_3275	15	Port Input	1	1295806	39212	NA
S005_DAY1_MINITWICE_3275	15	Picture	14_T_RWTRIAD_RW_piramide_red.png	1299794	43200	1	1900	2	43200	1800
S005_DAY1_MINITWICE_3275	16	Picture	RW	1301894	0	1	43200	2	0	43200
S005_DAY1_MINITWICE_3275	16	Response	51	1320504	18610	1
S005_DAY1_MINITWICE_3275	16	Pulse	99	1331807	29913	NA
S005_DAY1_MINITWICE_3275	16	Port Input	1	1331807	29913	NA
S005_DAY1_MINITWICE_3275	16	Picture	15_T_RWTRIAD_RW_madera_red.png	1345094	43200	1	1900	2	43200	1800
S005_DAY1_MINITWICE_3275	17	Picture	RW	1347194	0	1	43199	3	0	43200
S005_DAY1_MINITWICE_3275	17	Response	51	1365092	17898	40
S005_DAY1_MINITWICE_3275	17	Pulse	99	1367809	20615	NA
S005_DAY1_MINITWICE_3275	17	Port Input	1	1367809	20615	NA
S005_DAY1_MINITWICE_3275	17	Picture	16_T_RWTRIAD_RW_cerillas_red.png	1390393	43199	2	1900	4	43200	1800
S005_DAY1_MINITWICE_3275	18	Picture	PW	1392493	0	2	43200	3	0	43200
S005_DAY1_MINITWICE_3275	18	Pulse	99	1403810	11317	NA
S005_DAY1_MINITWICE_3275	18	Port Input	1	1403810	11317	NA
S005_DAY1_MINITWICE_3275	18	Response	51	1411652	19159	1
S005_DAY1_MINITWICE_3275	18	Picture	17_T_PWTRIAD_PW_arbol_red.png	1435693	43200	1	1900	2	43200	1800
S005_DAY1_MINITWICE_3275	19	Picture	PW	1437793	0	1	43200	2	0	43200
S005_DAY1_MINITWICE_3275	19	Pulse	99	1439811	2018	NA
S005_DAY1_MINITWICE_3275	19	Port Input	1	1439811	2018	NA
S005_DAY1_MINITWICE_3275	19	Response	52	1459446	21653	1
S005_DAY1_MINITWICE_3275	19	Pulse	99	1475812	38019	NA
S005_DAY1_MINITWICE_3275	19	Port Input	1	1475812	38019	NA
S005_DAY1_MINITWICE_3275	19	Picture	18_T_PWTRIAD_PW_leche_red.png	1480993	43200	1	1900	2	43200	1800
S005_DAY1_MINITWICE_3275	20	Picture	PW	1483093	0	1	43200	2	0	43200
S005_DAY1_MINITWICE_3275	20	Response	51	1510180	27087	1
S005_DAY1_MINITWICE_3275	20	Pulse	99	1511813	28720	NA
S005_DAY1_MINITWICE_3275	20	Port Input	1	1511813	28720	NA
S005_DAY1_MINITWICE_3275	20	Picture	19_T_PWTRIAD_PW_manos_red.png	1526293	43200	1	1900	2	43200	1800
S005_DAY1_MINITWICE_3275	21	Picture	PW	1528393	0	1	43200	2	0	43200
S005_DAY1_MINITWICE_3275	21	Pulse	99	1547814	19421	NA
S005_DAY1_MINITWICE_3275	21	Port Input	1	1547814	19421	NA
S005_DAY1_MINITWICE_3275	21	Response	51	1551024	22631	1
S005_DAY1_MINITWICE_3275	21	Picture	20_T_PWTRIAD_PW_monja_red.png	1571593	43200	1	1900	2	43200	1800
S005_DAY1_MINITWICE_3275	22	Picture	rest	1573593	0	1	144099	2	0	144000
S005_DAY1_MINITWICE_3275	22	Pulse	99	1583815	10222	NA
S005_DAY1_MINITWICE_3275	22	Port Input	1	1583815	10222	NA
S005_DAY1_MINITWICE_3275	22	Pulse	99	1619816	46223	NA
S005_DAY1_MINITWICE_3275	22	Port Input	1	1619816	46223	NA
S005_DAY1_MINITWICE_3275	22	Pulse	99	1655817	82224	NA
S005_DAY1_MINITWICE_3275	22	Port Input	1	1655817	82224	NA
S005_DAY1_MINITWICE_3275	22	Pulse	99	1691818	118225	NA
S005_DAY1_MINITWICE_3275	22	Port Input	1	1691818	118225	NA
S005_DAY1_MINITWICE_3275	23	Picture	endrest	1717792	0	1	10100	2	0	10000
S005_DAY1_MINITWICE_3275	23	Pulse	99	1727819	10027	NA
S005_DAY1_MINITWICE_3275	23	Port Input	1	1727819	10027	NA
S005_DAY1_MINITWICE_3275	24	Picture	PW	1728092	0	1	43200	2	0	43200
S005_DAY1_MINITWICE_3275	24	Response	51	1761303	33211	1
S005_DAY1_MINITWICE_3275	24	Pulse	99	1763820	35728	NA
S005_DAY1_MINITWICE_3275	24	Port Input	1	1763820	35728	NA
S005_DAY1_MINITWICE_3275	24	Picture	23_T_PWTRIAD_PW_cuento_red.png	1771292	43200	1	1900	3	43200	1800
S005_DAY1_MINITWICE_3275	25	Picture	PW	1773392	0	1	43200	2	0	43200
S005_DAY1_MINITWICE_3275	25	Response	51	1795340	21948	1
S005_DAY1_MINITWICE_3275	25	Pulse	99	1799821	26429	NA
S005_DAY1_MINITWICE_3275	25	Port Input	1	1799821	26429	NA
S005_DAY1_MINITWICE_3275	25	Picture	24_T_PWTRIAD_PW_pizarra_red.png	1816592	43200	1	1900	2	43200	1800
S005_DAY1_MINITWICE_3275	26	Picture	PW	1818692	0	1	43199	3	0	43200
S005_DAY1_MINITWICE_3275	26	Pulse	99	1835822	17130	NA
S005_DAY1_MINITWICE_3275	26	Port Input	1	1835822	17130	NA
S005_DAY1_MINITWICE_3275	26	Response	52	1841875	23183	1
S005_DAY1_MINITWICE_3275	26	Picture	25_T_PWTRIAD_PW_raton_red.png	1861891	43199	2	1900	4	43200	1800
S005_DAY1_MINITWICE_3275	27	Picture	PW	1863991	0	2	43200	3	0	43200
S005_DAY1_MINITWICE_3275	27	Pulse	99	1871823	7832	NA
S005_DAY1_MINITWICE_3275	27	Port Input	1	1871823	7832	NA
S005_DAY1_MINITWICE_3275	27	Response	52	1891837	27846	1
S005_DAY1_MINITWICE_3275	27	Picture	26_T_PWTRIAD_PW_grifo_red.png	1907191	43200	1	1900	2	43200	1800
S005_DAY1_MINITWICE_3275	27	Pulse	99	1907825	43834	NA
S005_DAY1_MINITWICE_3275	27	Port Input	1	1907825	43834	NA
S005_DAY1_MINITWICE_3275	28	Picture	PW	1909291	0	1	43200	2	0	43200
S005_DAY1_MINITWICE_3275	28	Response	51	1938316	29025	1
S005_DAY1_MINITWICE_3275	28	Pulse	99	1943826	34535	NA
S005_DAY1_MINITWICE_3275	28	Port Input	1	1943826	34535	NA
S005_DAY1_MINITWICE_3275	28	Picture	27_T_PWTRIAD_PW_agua_red.png	1952491	43200	1	1900	2	43200	1800
S005_DAY1_MINITWICE_3275	29	Picture	PW	1954591	0	1	43199	3	0	43200
S005_DAY1_MINITWICE_3275	29	Response	51	1973700	19109	2
S005_DAY1_MINITWICE_3275	29	Pulse	99	1979827	25236	NA
S005_DAY1_MINITWICE_3275	29	Port Input	1	1979827	25236	NA
S005_DAY1_MINITWICE_3275	29	Picture	28_T_PWTRIAD_PW_futbol_red.png	1997790	43199	2	1901	3	43200	1800
S005_DAY1_MINITWICE_3275	30	Picture	PW	1999891	0	1	43200	2	0	43200
S005_DAY1_MINITWICE_3275	30	Pulse	99	2015828	15937	NA
S005_DAY1_MINITWICE_3275	30	Port Input	1	2015828	15937	NA
S005_DAY1_MINITWICE_3275	30	Response	51	2024803	24912	1
S005_DAY1_MINITWICE_3275	30	Picture	29_T_PWTRIAD_PW_bellota_red.png	2043091	43200	1	1900	2	43200	1800
S005_DAY1_MINITWICE_3275	31	Picture	PW	2045191	0	1	43200	2	0	43200
S005_DAY1_MINITWICE_3275	31	Pulse	99	2051829	6638	NA
S005_DAY1_MINITWICE_3275	31	Port Input	1	2051829	6638	NA
S005_DAY1_MINITWICE_3275	31	Response	51	2064072	18881	1
S005_DAY1_MINITWICE_3275	31	Pulse	99	2087830	42639	NA
S005_DAY1_MINITWICE_3275	31	Port Input	1	2087830	42639	NA
S005_DAY1_MINITWICE_3275	31	Picture	30_T_PWTRIAD_PW_queso_red.png	2088391	43200	1	1900	2	43200	1800
S005_DAY1_MINITWICE_3275	32	Picture	rest	2090391	0	1	144099	2	0	144000
S005_DAY1_MINITWICE_3275	32	Pulse	99	2123831	33440	NA
S005_DAY1_MINITWICE_3275	32	Port Input	1	2123831	33440	NA
S005_DAY1_MINITWICE_3275	32	Pulse	99	2159832	69441	NA
S005_DAY1_MINITWICE_3275	32	Port Input	1	2159832	69441	NA
S005_DAY1_MINITWICE_3275	32	Pulse	99	2195833	105442	NA
S005_DAY1_MINITWICE_3275	32	Port Input	1	2195833	105442	NA
S005_DAY1_MINITWICE_3275	32	Pulse	99	2231834	141443	NA
S005_DAY1_MINITWICE_3275	32	Port Input	1	2231834	141443	NA
S005_DAY1_MINITWICE_3275	33	Picture	endrest	2234590	0	1	10100	2	0	10000
S005_DAY1_MINITWICE_3275	34	Picture	FF	2244890	0	1	43200	2	0	43200
S005_DAY1_MINITWICE_3275	34	Response	52	2263151	18261	1
S005_DAY1_MINITWICE_3275	34	Pulse	99	2267835	22945	NA
S005_DAY1_MINITWICE_3275	34	Port Input	1	2267835	22945	NA
S005_DAY1_MINITWICE_3275	34	Picture	33_T_FFTRIAD_FF_pizarra_red.png	2288090	43200	1	1900	2	43200	1800
S005_DAY1_MINITWICE_3275	35	Picture	FF	2290190	0	1	43199	3	0	43200
S005_DAY1_MINITWICE_3275	35	Response	52	2303639	13449	1
S005_DAY1_MINITWICE_3275	35	Pulse	99	2303836	13646	NA
S005_DAY1_MINITWICE_3275	35	Port Input	1	2303836	13646	NA
S005_DAY1_MINITWICE_3275	35	Picture	34_T_FFTRIAD_FF_almohada_red.png	2333389	43199	2	1900	4	43200	1800
S005_DAY1_MINITWICE_3275	36	Picture	FF	2335489	0	2	43200	3	0	43200
S005_DAY1_MINITWICE_3275	36	Pulse	99	2339837	4348	NA
S005_DAY1_MINITWICE_3275	36	Port Input	1	2339837	4348	NA
S005_DAY1_MINITWICE_3275	36	Response	51	2354825	19336	1
S005_DAY1_MINITWICE_3275	36	Pulse	99	2375838	40349	NA
S005_DAY1_MINITWICE_3275	36	Port Input	1	2375838	40349	NA
S005_DAY1_MINITWICE_3275	36	Picture	35_T_FFTRIAD_FF_pluma_red.png	2378689	43200	1	1900	2	43200	1800
S005_DAY1_MINITWICE_3275	37	Picture	FF	2380789	0	1	43200	2	0	43200
S005_DAY1_MINITWICE_3275	37	Response	51	2404597	23808	2
S005_DAY1_MINITWICE_3275	37	Pulse	99	2411839	31050	NA
S005_DAY1_MINITWICE_3275	37	Port Input	1	2411839	31050	NA
S005_DAY1_MINITWICE_3275	37	Picture	36_T_FFTRIAD_FF_futbol_red.png	2423989	43200	1	1900	2	43200	1800
S005_DAY1_MINITWICE_3275	38	Picture	PW	2426089	0	1	43200	2	0	43200
S005_DAY1_MINITWICE_3275	38	Response	51	2447128	21039	1
S005_DAY1_MINITWICE_3275	38	Pulse	99	2447841	21752	NA
S005_DAY1_MINITWICE_3275	38	Port Input	1	2447841	21752	NA
S005_DAY1_MINITWICE_3275	38	Picture	37_T_PWTRIAD_PW_dedal_red.png	2469289	43200	1	1900	2	43200	1800
S005_DAY1_MINITWICE_3275	39	Picture	PW	2471389	0	1	43200	2	0	43200
S005_DAY1_MINITWICE_3275	39	Pulse	99	2483842	12453	NA
S005_DAY1_MINITWICE_3275	39	Port Input	1	2483842	12453	NA
S005_DAY1_MINITWICE_3275	39	Response	51	2491410	20021	1
S005_DAY1_MINITWICE_3275	39	Picture	38_T_PWTRIAD_PW_lechuga_red.png	2514589	43200	1	1900	2	43200	1800
S005_DAY1_MINITWICE_3275	40	Picture	PW	2516689	0	1	43200	2	0	43200
S005_DAY1_MINITWICE_3275	40	Pulse	99	2519843	3154	NA
S005_DAY1_MINITWICE_3275	40	Port Input	1	2519843	3154	NA
S005_DAY1_MINITWICE_3275	40	Response	52	2543068	26379	1
S005_DAY1_MINITWICE_3275	40	Pulse	99	2555844	39155	NA
S005_DAY1_MINITWICE_3275	40	Port Input	1	2555844	39155	NA
S005_DAY1_MINITWICE_3275	40	Picture	39_T_PWTRIAD_PW_sobre_red.png	2559889	43200	1	1900	2	43200	1800
S005_DAY1_MINITWICE_3275	41	Picture	PW	2561989	0	1	43199	2	0	43200
S005_DAY1_MINITWICE_3275	41	Response	51	2587238	25249	1
S005_DAY1_MINITWICE_3275	41	Pulse	99	2591845	29856	NA
S005_DAY1_MINITWICE_3275	41	Port Input	1	2591845	29856	NA
S005_DAY1_MINITWICE_3275	41	Picture	40_T_PWTRIAD_PW_telefono_red.png	2605188	43199	1	1900	2	43200	1800
S005_DAY1_MINITWICE_3275	42	Picture	rest	2607188	0	1	144100	2	0	144000
S005_DAY1_MINITWICE_3275	42	Pulse	99	2627846	20658	NA
S005_DAY1_MINITWICE_3275	42	Port Input	1	2627846	20658	NA
S005_DAY1_MINITWICE_3275	42	Pulse	99	2663847	56659	NA
S005_DAY1_MINITWICE_3275	42	Port Input	1	2663847	56659	NA
S005_DAY1_MINITWICE_3275	42	Pulse	99	2699848	92660	NA
S005_DAY1_MINITWICE_3275	42	Port Input	1	2699848	92660	NA
S005_DAY1_MINITWICE_3275	42	Pulse	99	2735849	128661	NA
S005_DAY1_MINITWICE_3275	42	Port Input	1	2735849	128661	NA
S005_DAY1_MINITWICE_3275	43	Picture	endrest	2751388	0	1	10100	2	0	10000
S005_DAY1_MINITWICE_3275	44	Picture	FF	2761688	0	1	43199	3	0	43200
S005_DAY1_MINITWICE_3275	44	Pulse	99	2771850	10162	NA
S005_DAY1_MINITWICE_3275	44	Port Input	1	2771850	10162	NA
S005_DAY1_MINITWICE_3275	44	Response	52	2789792	28104	1
S005_DAY1_MINITWICE_3275	44	Picture	43_T_FFTRIAD_FF_paracaidas_red.png	2804887	43199	2	1900	4	43200	1800
S005_DAY1_MINITWICE_3275	45	Picture	FF	2806987	0	2	43200	3	0	43200
S005_DAY1_MINITWICE_3275	45	Pulse	99	2807851	864	NA
S005_DAY1_MINITWICE_3275	45	Port Input	1	2807851	864	NA
S005_DAY1_MINITWICE_3275	45	Response	52	2817464	10477	1
S005_DAY1_MINITWICE_3275	45	Pulse	99	2843852	36865	NA
S005_DAY1_MINITWICE_3275	45	Port Input	1	2843852	36865	NA
S005_DAY1_MINITWICE_3275	45	Picture	44_T_FFTRIAD_FF_telefono_red.png	2850187	43200	1	1900	2	43200	1800
S005_DAY1_MINITWICE_3275	46	Picture	FF	2852287	0	1	43200	2	0	43200
S005_DAY1_MINITWICE_3275	46	Response	51	2872721	20434	1
S005_DAY1_MINITWICE_3275	46	Pulse	99	2879853	27566	NA
S005_DAY1_MINITWICE_3275	46	Port Input	1	2879853	27566	NA
S005_DAY1_MINITWICE_3275	46	Picture	45_T_FFTRIAD_FF_pincel_red.png	2895487	43200	1	1900	2	43200	1800
S005_DAY1_MINITWICE_3275	47	Picture	FF	2897587	0	1	43200	2	0	43200
S005_DAY1_MINITWICE_3275	47	Response	51	2911866	14279	1
S005_DAY1_MINITWICE_3275	47	Pulse	99	2915854	18267	NA
S005_DAY1_MINITWICE_3275	47	Port Input	1	2915854	18267	NA
S005_DAY1_MINITWICE_3275	47	Picture	46_T_FFTRIAD_FF_lechuga_red.png	2940787	43200	1	1900	2	43200	1800
S005_DAY1_MINITWICE_3275	48	Picture	RW	2942887	0	1	43200	2	0	43200
S005_DAY1_MINITWICE_3275	48	Pulse	99	2951856	8969	NA
S005_DAY1_MINITWICE_3275	48	Port Input	1	2951856	8969	NA
S005_DAY1_MINITWICE_3275	48	Response	52	2956658	13771	1
S005_DAY1_MINITWICE_3275	48	Picture	47_T_RWTRIAD_RW_mono_red.png	2986087	43200	1	1900	2	43200	1800
S005_DAY1_MINITWICE_3275	48	Pulse	99	2987857	44970	NA
S005_DAY1_MINITWICE_3275	48	Port Input	1	2987857	44970	NA
S005_DAY1_MINITWICE_3275	49	Picture	RW	2988187	0	1	43200	2	0	43200
S005_DAY1_MINITWICE_3275	49	Response	52	3001848	13661	1
S005_DAY1_MINITWICE_3275	49	Pulse	99	3023858	35671	NA
S005_DAY1_MINITWICE_3275	49	Port Input	1	3023858	35671	NA
S005_DAY1_MINITWICE_3275	49	Picture	48_T_RWTRIAD_RW_anillo_red.png	3031387	43200	1	1900	2	43200	1800
S005_DAY1_MINITWICE_3275	50	Picture	RW	3033487	0	1	43199	3	0	43200
S005_DAY1_MINITWICE_3275	50	Response	51	3052580	19093	2
S005_DAY1_MINITWICE_3275	50	Pulse	99	3059859	26372	NA
S005_DAY1_MINITWICE_3275	50	Port Input	1	3059859	26372	NA
S005_DAY1_MINITWICE_3275	50	Picture	49_T_RWTRIAD_RW_cortina_red.png	3076686	43199	2	1900	4	43200	1800
S005_DAY1_MINITWICE_3275	51	Picture	RW	3078786	0	1	43200	2	0	43200
S005_DAY1_MINITWICE_3275	51	Pulse	99	3095860	17074	NA
S005_DAY1_MINITWICE_3275	51	Port Input	1	3095860	17074	NA
S005_DAY1_MINITWICE_3275	51	Response	52	3104460	25674	1
S005_DAY1_MINITWICE_3275	51	Picture	50_T_RWTRIAD_RW_lechuga_red.png	3121986	43200	1	1900	2	43200	1800
S005_DAY1_MINITWICE_3275	52	Picture	rest	3123986	0	1	144100	2	0	144000
S005_DAY1_MINITWICE_3275	52	Pulse	99	3131861	7875	NA
S005_DAY1_MINITWICE_3275	52	Port Input	1	3131861	7875	NA
S005_DAY1_MINITWICE_3275	52	Pulse	99	3167862	43876	NA
S005_DAY1_MINITWICE_3275	52	Port Input	1	3167862	43876	NA
S005_DAY1_MINITWICE_3275	52	Pulse	99	3203863	79877	NA
S005_DAY1_MINITWICE_3275	52	Port Input	1	3203863	79877	NA
S005_DAY1_MINITWICE_3275	52	Pulse	99	3239864	115878	NA
S005_DAY1_MINITWICE_3275	52	Port Input	1	3239864	115878	NA
S005_DAY1_MINITWICE_3275	53	Picture	endrest	3268186	0	1	10100	2	0	10000
S005_DAY1_MINITWICE_3275	53	Pulse	99	3275865	7679	NA
S005_DAY1_MINITWICE_3275	53	Port Input	1	3275865	7679	NA
S005_DAY1_MINITWICE_3275	54	Picture	FF	3278486	0	1	43199	2	0	43200
S005_DAY1_MINITWICE_3275	54	Response	51	3292780	14294	1
S005_DAY1_MINITWICE_3275	54	Pulse	99	3311866	33380	NA
S005_DAY1_MINITWICE_3275	54	Port Input	1	3311866	33380	NA
S005_DAY1_MINITWICE_3275	54	Picture	53_T_FFTRIAD_FF_violin_red.png	3321685	43199	1	1900	2	43200	1800
S005_DAY1_MINITWICE_3275	55	Picture	FF	3323785	0	1	43200	2	0	43200
S005_DAY1_MINITWICE_3275	55	Response	52	3343557	19772	1
S005_DAY1_MINITWICE_3275	55	Pulse	99	3347867	24082	NA
S005_DAY1_MINITWICE_3275	55	Port Input	1	3347867	24082	NA
S005_DAY1_MINITWICE_3275	55	Picture	54_T_FFTRIAD_FF_ascensor_red.png	3366985	43200	1	1900	2	43200	1800
S005_DAY1_MINITWICE_3275	56	Picture	FF	3369085	0	1	43200	2	0	43200
S005_DAY1_MINITWICE_3275	56	Response	51	3381223	12138	1
S005_DAY1_MINITWICE_3275	56	Pulse	99	3383868	14783	NA
S005_DAY1_MINITWICE_3275	56	Port Input	1	3383868	14783	NA
S005_DAY1_MINITWICE_3275	56	Picture	55_T_FFTRIAD_FF_traje_red.png	3412285	43200	1	1900	2	43200	1800
S005_DAY1_MINITWICE_3275	57	Picture	FF	3414385	0	1	43200	2	0	43200
S005_DAY1_MINITWICE_3275	57	Pulse	99	3419869	5484	NA
S005_DAY1_MINITWICE_3275	57	Port Input	1	3419869	5484	NA
S005_DAY1_MINITWICE_3275	57	Response	52	3431172	16787	1
S005_DAY1_MINITWICE_3275	57	Pulse	99	3455870	41485	NA
S005_DAY1_MINITWICE_3275	57	Port Input	1	3455870	41485	NA
S005_DAY1_MINITWICE_3275	57	Picture	56_T_FFTRIAD_FF_perro_red.png	3457585	43200	1	1900	2	43200	1800
S005_DAY1_MINITWICE_3275	58	Picture	FF	3459685	0	1	43200	2	0	43200
S005_DAY1_MINITWICE_3275	58	Response	52	3473609	13924	1
S005_DAY1_MINITWICE_3275	58	Pulse	99	3491872	32187	NA
S005_DAY1_MINITWICE_3275	58	Port Input	1	3491872	32187	NA
S005_DAY1_MINITWICE_3275	58	Picture	57_T_FFTRIAD_FF_murcielago_red.png	3502885	43200	1	1900	2	43200	1800
S005_DAY1_MINITWICE_3275	59	Picture	FF	3504985	0	1	43199	3	0	43200
S005_DAY1_MINITWICE_3275	59	Response	51	3523942	18957	1
S005_DAY1_MINITWICE_3275	59	Pulse	99	3527873	22888	NA
S005_DAY1_MINITWICE_3275	59	Port Input	1	3527873	22888	NA
S005_DAY1_MINITWICE_3275	59	Picture	58_T_FFTRIAD_FF_madera_red.png	3548184	43199	2	1900	4	43200	1800
S005_DAY1_MINITWICE_3275	60	Picture	FF	3550284	0	2	43200	3	0	43200
S005_DAY1_MINITWICE_3275	60	Pulse	99	3563874	13590	NA
S005_DAY1_MINITWICE_3275	60	Port Input	1	3563874	13590	NA
S005_DAY1_MINITWICE_3275	60	Response	52	3569039	18755	1
S005_DAY1_MINITWICE_3275	60	Picture	59_T_FFTRIAD_FF_esquimal_red.png	3593484	43200	1	1900	2	43200	1800
S005_DAY1_MINITWICE_3275	61	Picture	FF	3595584	0	1	43200	2	0	43200
S005_DAY1_MINITWICE_3275	61	Pulse	99	3599875	4291	NA
S005_DAY1_MINITWICE_3275	61	Port Input	1	3599875	4291	NA
S005_DAY1_MINITWICE_3275	61	Response	51	3608799	13215	2
S005_DAY1_MINITWICE_3275	61	Pulse	99	3635876	40292	NA
S005_DAY1_MINITWICE_3275	61	Port Input	1	3635876	40292	NA
S005_DAY1_MINITWICE_3275	61	Picture	60_T_FFTRIAD_FF_dado_red.png	3638784	43200	1	1900	2	43200	1800
S005_DAY1_MINITWICE_3275	62	Picture	rest	3640784	0	1	144099	3	0	144000
S005_DAY1_MINITWICE_3275	62	Pulse	99	3671877	31093	NA
S005_DAY1_MINITWICE_3275	62	Port Input	1	3671877	31093	NA
S005_DAY1_MINITWICE_3275	62	Pulse	99	3707878	67094	NA
S005_DAY1_MINITWICE_3275	62	Port Input	1	3707878	67094	NA
S005_DAY1_MINITWICE_3275	62	Pulse	99	3743879	103095	NA
S005_DAY1_MINITWICE_3275	62	Port Input	1	3743879	103095	NA
S005_DAY1_MINITWICE_3275	62	Pulse	99	3779880	139096	NA
S005_DAY1_MINITWICE_3275	62	Port Input	1	3779880	139096	NA
S005_DAY1_MINITWICE_3275	63	Picture	endrest	3784983	0	2	10100	4	0	10000
S005_DAY1_MINITWICE_3275	64	Picture	FF	3795283	0	2	43200	3	0	43200
S005_DAY1_MINITWICE_3275	64	Response	51	3811449	16166	1
S005_DAY1_MINITWICE_3275	64	Pulse	99	3815881	20598	NA
S005_DAY1_MINITWICE_3275	64	Port Input	1	3815881	20598	NA
S005_DAY1_MINITWICE_3275	64	Picture	63_T_FFTRIAD_FF_bellota_red.png	3838483	43200	1	1900	2	43200	1800
S005_DAY1_MINITWICE_3275	65	Picture	FF	3840583	0	1	43200	2	0	43200
S005_DAY1_MINITWICE_3275	65	Pulse	99	3851882	11299	NA
S005_DAY1_MINITWICE_3275	65	Port Input	1	3851882	11299	NA
S005_DAY1_MINITWICE_3275	65	Response	51	3859583	19000	1
S005_DAY1_MINITWICE_3275	65	Picture	64_T_FFTRIAD_FF_tijera_red.png	3883783	43200	1	1900	2	43200	1800
S005_DAY1_MINITWICE_3275	66	Picture	FF	3885883	0	1	43200	2	0	43200
S005_DAY1_MINITWICE_3275	66	Pulse	99	3887883	2000	NA
S005_DAY1_MINITWICE_3275	66	Port Input	1	3887883	2000	NA
S005_DAY1_MINITWICE_3275	66	Response	51	3902702	16819	1
S005_DAY1_MINITWICE_3275	66	Pulse	99	3923884	38001	NA
S005_DAY1_MINITWICE_3275	66	Port Input	1	3923884	38001	NA
S005_DAY1_MINITWICE_3275	66	Picture	65_T_FFTRIAD_FF_grapadora_red.png	3929083	43200	1	1900	2	43200	1800
S005_DAY1_MINITWICE_3275	67	Picture	FF	3931183	0	1	43200	2	0	43200
S005_DAY1_MINITWICE_3275	67	Response	52	3948753	17570	1
S005_DAY1_MINITWICE_3275	67	Pulse	99	3959885	28702	NA
S005_DAY1_MINITWICE_3275	67	Port Input	1	3959885	28702	NA
S005_DAY1_MINITWICE_3275	67	Picture	66_T_FFTRIAD_FF_chupete_red.png	3974383	43200	1	1900	2	43200	1800
S005_DAY1_MINITWICE_3275	68	Picture	FF	3976483	0	1	43199	3	0	43200
S005_DAY1_MINITWICE_3275	68	Response	52	3994632	18149	1
S005_DAY1_MINITWICE_3275	68	Pulse	99	3995887	19404	NA
S005_DAY1_MINITWICE_3275	68	Port Input	1	3995887	19404	NA
S005_DAY1_MINITWICE_3275	68	Picture	67_T_FFTRIAD_FF_queso_red.png	4019682	43199	2	1900	4	43200	1800
S005_DAY1_MINITWICE_3275	69	Picture	FF	4021782	0	2	43200	3	0	43200
S005_DAY1_MINITWICE_3275	69	Pulse	99	4031888	10106	NA
S005_DAY1_MINITWICE_3275	69	Port Input	1	4031888	10106	NA
S005_DAY1_MINITWICE_3275	69	Response	51	4038938	17156	1
S005_DAY1_MINITWICE_3275	69	Picture	68_T_FFTRIAD_FF_gafas_red.png	4064982	43200	1	1900	2	43200	1800
S005_DAY1_MINITWICE_3275	70	Picture	FF	4067082	0	1	43200	2	0	43200
S005_DAY1_MINITWICE_3275	70	Pulse	99	4067889	807	NA
S005_DAY1_MINITWICE_3275	70	Port Input	1	4067889	807	NA
S005_DAY1_MINITWICE_3275	70	Response	51	4082235	15153	2
S005_DAY1_MINITWICE_3275	70	Pulse	99	4103890	36808	NA
S005_DAY1_MINITWICE_3275	70	Port Input	1	4103890	36808	NA
S005_DAY1_MINITWICE_3275	70	Picture	69_T_FFTRIAD_FF_martillo_red.png	4110282	43200	1	1900	2	43200	1800
S005_DAY1_MINITWICE_3275	71	Picture	FF	4112382	0	1	43200	2	0	43200
S005_DAY1_MINITWICE_3275	71	Response	52	4126499	14117	1
S005_DAY1_MINITWICE_3275	71	Pulse	99	4139891	27509	NA
S005_DAY1_MINITWICE_3275	71	Port Input	1	4139891	27509	NA
S005_DAY1_MINITWICE_3275	71	Picture	70_T_FFTRIAD_FF_iglu_red.png	4155582	43200	1	1900	2	43200	1800
S005_DAY1_MINITWICE_3275	72	Picture	rest	4157582	0	1	144099	2	0	144000
S005_DAY1_MINITWICE_3275	72	Pulse	99	4175892	18310	NA
S005_DAY1_MINITWICE_3275	72	Port Input	1	4175892	18310	NA
S005_DAY1_MINITWICE_3275	72	Pulse	99	4211893	54311	NA
S005_DAY1_MINITWICE_3275	72	Port Input	1	4211893	54311	NA
S005_DAY1_MINITWICE_3275	72	Pulse	99	4247894	90312	NA
S005_DAY1_MINITWICE_3275	72	Port Input	1	4247894	90312	NA
S005_DAY1_MINITWICE_3275	72	Pulse	99	4283895	126313	NA
S005_DAY1_MINITWICE_3275	72	Port Input	1	4283895	126313	NA
S005_DAY1_MINITWICE_3275	73	Picture	endrest	4301781	0	1	10100	2	0	10000
S005_DAY1_MINITWICE_3275	74	Picture	PW	4312081	0	1	43200	2	0	43200
S005_DAY1_MINITWICE_3275	74	Pulse	99	4319896	7815	NA
S005_DAY1_MINITWICE_3275	74	Port Input	1	4319896	7815	NA
S005_DAY1_MINITWICE_3275	74	Response	52	4332453	20372	1
S005_DAY1_MINITWICE_3275	74	Picture	73_T_PWTRIAD_PW_bala_red.png	4355281	43200	1	1900	2	43200	1800
S005_DAY1_MINITWICE_3275	74	Pulse	99	4355897	43816	NA
S005_DAY1_MINITWICE_3275	74	Port Input	1	4355897	43816	NA
S005_DAY1_MINITWICE_3275	75	Picture	PW	4357381	0	1	43200	2	0	43200
S005_DAY1_MINITWICE_3275	75	Response	51	4375005	17624	1
S005_DAY1_MINITWICE_3275	75	Pulse	99	4391898	34517	NA
S005_DAY1_MINITWICE_3275	75	Port Input	1	4391898	34517	NA
S005_DAY1_MINITWICE_3275	75	Picture	74_T_PWTRIAD_PW_violin_red.png	4400581	43200	1	1900	2	43200	1800
S005_DAY1_MINITWICE_3275	76	Picture	PW	4402681	0	1	43200	2	0	43200
S005_DAY1_MINITWICE_3275	76	Pulse	99	4427899	25218	NA
S005_DAY1_MINITWICE_3275	76	Port Input	1	4427899	25218	NA
S005_DAY1_MINITWICE_3275	76	Response	52	4429841	27160	4
S005_DAY1_MINITWICE_3275	76	Picture	75_T_PWTRIAD_PW_grapadora_red.png	4445881	43200	1	1900	2	43200	1800
S005_DAY1_MINITWICE_3275	77	Picture	PW	4447981	0	1	43199	3	0	43200
S005_DAY1_MINITWICE_3275	77	Pulse	99	4463900	15919	NA
S005_DAY1_MINITWICE_3275	77	Port Input	1	4463900	15919	NA
S005_DAY1_MINITWICE_3275	77	Response	52	4477068	29087	1
S005_DAY1_MINITWICE_3275	77	Picture	76_T_PWTRIAD_PW_granjero_red.png	4491180	43199	2	1900	4	43200	1800
S005_DAY1_MINITWICE_3275	78	Picture	RW	4493279	0	41	43165	82	0	43200
S005_DAY1_MINITWICE_3275	78	Pulse	99	4499902	6623	NA
S005_DAY1_MINITWICE_3275	78	Port Input	1	4499902	6623	NA
S005_DAY1_MINITWICE_3275	78	Response	52	4508424	15145	1
S005_DAY1_MINITWICE_3275	78	Pulse	99	4535902	42623	NA
S005_DAY1_MINITWICE_3275	78	Port Input	1	4535902	42623	NA
S005_DAY1_MINITWICE_3275	78	Picture	77_T_RWTRIAD_RW_queso_red.png	4536444	43165	41	1836	42	43200	1800
S005_DAY1_MINITWICE_3275	79	Picture	RW	4538480	0	1	43200	2	0	43200
S005_DAY1_MINITWICE_3275	79	Pulse	99	4571904	33424	NA
S005_DAY1_MINITWICE_3275	79	Port Input	1	4571904	33424	NA
S005_DAY1_MINITWICE_3275	79	Response	51	4575278	36798	1
S005_DAY1_MINITWICE_3275	79	Picture	78_T_RWTRIAD_RW_estetoscopio_red.png	4581680	43200	1	1900	2	43200	1800
S005_DAY1_MINITWICE_3275	80	Picture	RW	4583780	0	1	43200	2	0	43200
S005_DAY1_MINITWICE_3275	80	Response	52	4596959	13179	1
S005_DAY1_MINITWICE_3275	80	Pulse	99	4607905	24125	NA
S005_DAY1_MINITWICE_3275	80	Port Input	1	4607905	24125	NA
S005_DAY1_MINITWICE_3275	80	Picture	79_T_RWTRIAD_RW_paraguas_red.png	4626980	43200	1	1900	2	43200	1800
S005_DAY1_MINITWICE_3275	81	Picture	RW	4629080	0	1	43200	2	0	43200
S005_DAY1_MINITWICE_3275	81	Pulse	99	4643906	14826	NA
S005_DAY1_MINITWICE_3275	81	Port Input	1	4643906	14826	NA
S005_DAY1_MINITWICE_3275	81	Response	51	4646833	17753	1
S005_DAY1_MINITWICE_3275	81	Picture	80_T_RWTRIAD_RW_telarana_red.png	4672280	43200	1	1900	2	43200	1800
S005_DAY1_MINITWICE_3275	82	Picture	rest	4674280	0	1	144099	2	0	144000
S005_DAY1_MINITWICE_3275	82	Pulse	99	4679907	5627	NA
S005_DAY1_MINITWICE_3275	82	Port Input	1	4679907	5627	NA
S005_DAY1_MINITWICE_3275	82	Pulse	99	4715908	41628	NA
S005_DAY1_MINITWICE_3275	82	Port Input	1	4715908	41628	NA
S005_DAY1_MINITWICE_3275	82	Pulse	99	4751909	77629	NA
S005_DAY1_MINITWICE_3275	82	Port Input	1	4751909	77629	NA
S005_DAY1_MINITWICE_3275	82	Pulse	99	4787910	113630	NA
S005_DAY1_MINITWICE_3275	82	Port Input	1	4787910	113630	NA
S005_DAY1_MINITWICE_3275	83	Picture	endrest	4818479	0	1	10100	2	0	10000
S005_DAY1_MINITWICE_3275	83	Pulse	99	4823911	5432	NA
S005_DAY1_MINITWICE_3275	83	Port Input	1	4823911	5432	NA
S005_DAY1_MINITWICE_3275	84	Picture	PW	4828779	0	1	43200	2	0	43200
S005_DAY1_MINITWICE_3275	84	Response	51	4859748	30969	1
S005_DAY1_MINITWICE_3275	84	Pulse	99	4859912	31133	NA
S005_DAY1_MINITWICE_3275	84	Port Input	1	4859912	31133	NA
S005_DAY1_MINITWICE_3275	84	Picture	83_T_PWTRIAD_PW_carruaje_red.png	4871979	43200	1	1900	2	43200	1800
S005_DAY1_MINITWICE_3275	85	Picture	PW	4874079	0	1	43200	2	0	43200
S005_DAY1_MINITWICE_3275	85	Response	52	4895452	21373	1
S005_DAY1_MINITWICE_3275	85	Pulse	99	4895913	21834	NA
S005_DAY1_MINITWICE_3275	85	Port Input	1	4895913	21834	NA
S005_DAY1_MINITWICE_3275	85	Picture	84_T_PWTRIAD_PW_lana_red.png	4917279	43200	1	1900	2	43200	1800
S005_DAY1_MINITWICE_3275	86	Picture	PW	4919379	0	1	43199	3	0	43200
S005_DAY1_MINITWICE_3275	86	Pulse	99	4931914	12535	NA
S005_DAY1_MINITWICE_3275	86	Port Input	1	4931914	12535	NA
S005_DAY1_MINITWICE_3275	86	Response	51	4944291	24912	1
S005_DAY1_MINITWICE_3275	86	Picture	85_T_PWTRIAD_PW_estetoscopio_red.png	4962578	43199	2	1900	4	43200	1800
S005_DAY1_MINITWICE_3275	87	Picture	PW	4964678	0	2	43200	3	0	43200
S005_DAY1_MINITWICE_3275	87	Pulse	99	4967915	3237	NA
S005_DAY1_MINITWICE_3275	87	Port Input	1	4967915	3237	NA
S005_DAY1_MINITWICE_3275	87	Response	51	4995714	31036	1
S005_DAY1_MINITWICE_3275	87	Pulse	99	5003916	39238	NA
S005_DAY1_MINITWICE_3275	87	Port Input	1	5003916	39238	NA
S005_DAY1_MINITWICE_3275	87	Picture	86_T_PWTRIAD_PW_destornillador_red.png	5007878	43200	1	1900	2	43200	1800
S005_DAY1_MINITWICE_3275	88	Picture	RW	5009978	0	1	43200	3	0	43200
S005_DAY1_MINITWICE_3275	88	Response	51	5024535	14557	1
S005_DAY1_MINITWICE_3275	88	Pulse	99	5039917	29939	NA
S005_DAY1_MINITWICE_3275	88	Port Input	1	5039917	29939	NA
S005_DAY1_MINITWICE_3275	88	Picture	87_T_RWTRIAD_RW_teclado_red.png	5053178	43200	2	1900	4	43200	1800
S005_DAY1_MINITWICE_3275	89	Picture	RW	5055278	0	2	43200	4	0	43200
S005_DAY1_MINITWICE_3275	89	Response	51	5069133	13855	2
S005_DAY1_MINITWICE_3275	89	Pulse	99	5075919	20641	NA
S005_DAY1_MINITWICE_3275	89	Port Input	1	5075919	20641	NA
S005_DAY1_MINITWICE_3275	89	Picture	88_T_RWTRIAD_RW_manos_red.png	5098478	43200	2	1900	3	43200	1800
S005_DAY1_MINITWICE_3275	90	Picture	RW	5100578	0	1	43199	4	0	43200
S005_DAY1_MINITWICE_3275	90	Pulse	99	5111920	11342	NA
S005_DAY1_MINITWICE_3275	90	Port Input	1	5111920	11342	NA
S005_DAY1_MINITWICE_3275	90	Response	51	5116364	15786	1
S005_DAY1_MINITWICE_3275	90	Picture	89_T_RWTRIAD_RW_grifo_red.png	5143777	43199	3	1900	5	43200	1800
S005_DAY1_MINITWICE_3275	91	Picture	RW	5145877	0	3	43200	5	0	43200
S005_DAY1_MINITWICE_3275	91	Pulse	99	5147921	2044	NA
S005_DAY1_MINITWICE_3275	91	Port Input	1	5147921	2044	NA
S005_DAY1_MINITWICE_3275	91	Response	52	5157479	11602	1
S005_DAY1_MINITWICE_3275	91	Pulse	99	5183922	38045	NA
S005_DAY1_MINITWICE_3275	91	Port Input	1	5183922	38045	NA
S005_DAY1_MINITWICE_3275	91	Picture	90_T_RWTRIAD_RW_arco_red.png	5189077	43200	2	1900	4	43200	1800
S005_DAY1_MINITWICE_3275	92	Picture	rest	5191077	0	2	144099	4	0	144000
S005_DAY1_MINITWICE_3275	92	Pulse	99	5219923	28846	NA
S005_DAY1_MINITWICE_3275	92	Port Input	1	5219923	28846	NA
S005_DAY1_MINITWICE_3275	92	Pulse	99	5255924	64847	NA
S005_DAY1_MINITWICE_3275	92	Port Input	1	5255924	64847	NA
S005_DAY1_MINITWICE_3275	92	Pulse	99	5291925	100848	NA
S005_DAY1_MINITWICE_3275	92	Port Input	1	5291925	100848	NA
S005_DAY1_MINITWICE_3275	92	Pulse	99	5327926	136849	NA
S005_DAY1_MINITWICE_3275	92	Port Input	1	5327926	136849	NA
S005_DAY1_MINITWICE_3275	93	Picture	endrest	5335277	0	1	10100	2	0	10000
S005_DAY1_MINITWICE_3275	94	Picture	RW	5345577	0	1	43199	3	0	43200
S005_DAY1_MINITWICE_3275	94	Response	52	5358573	12996	2
S005_DAY1_MINITWICE_3275	94	Pulse	99	5363927	18350	NA
S005_DAY1_MINITWICE_3275	94	Port Input	1	5363927	18350	NA
S005_DAY1_MINITWICE_3275	94	Picture	93_T_RWTRIAD_RW_bebe_red.png	5388776	43199	2	1900	4	43200	1800
S005_DAY1_MINITWICE_3275	95	Picture	RW	5390876	0	2	43200	4	0	43200
S005_DAY1_MINITWICE_3275	95	Pulse	99	5399928	9052	NA
S005_DAY1_MINITWICE_3275	95	Port Input	1	5399928	9052	NA
S005_DAY1_MINITWICE_3275	95	Response	51	5410011	19135	1
S005_DAY1_MINITWICE_3275	95	Picture	94_T_RWTRIAD_RW_portatil_red.png	5434076	43200	2	1900	4	43200	1800
S005_DAY1_MINITWICE_3275	95	Pulse	99	5435929	45053	NA
S005_DAY1_MINITWICE_3275	95	Port Input	1	5435929	45053	NA
S005_DAY1_MINITWICE_3275	96	Picture	RW	5436176	0	2	43200	3	0	43200
S005_DAY1_MINITWICE_3275	96	Response	52	5452516	16340	1
S005_DAY1_MINITWICE_3275	96	Pulse	99	5471930	35754	NA
S005_DAY1_MINITWICE_3275	96	Port Input	1	5471930	35754	NA
S005_DAY1_MINITWICE_3275	96	Picture	95_T_RWTRIAD_RW_cuento_red.png	5479376	43200	1	1900	2	43200	1800
S005_DAY1_MINITWICE_3275	97	Picture	RW	5481476	0	1	43200	2	0	43200
S005_DAY1_MINITWICE_3275	97	Response	52	5496157	14681	2
S005_DAY1_MINITWICE_3275	97	Pulse	99	5507931	26455	NA
S005_DAY1_MINITWICE_3275	97	Port Input	1	5507931	26455	NA
S005_DAY1_MINITWICE_3275	97	Picture	96_T_RWTRIAD_RW_lenador_red.png	5524676	43200	1	1900	2	43200	1800
S005_DAY1_MINITWICE_3275	98	Picture	PW	5526776	0	1	43200	2	0	43200
S005_DAY1_MINITWICE_3275	98	Pulse	99	5543932	17156	NA
S005_DAY1_MINITWICE_3275	98	Port Input	1	5543932	17156	NA
S005_DAY1_MINITWICE_3275	98	Response	52	5551840	25064	2
S005_DAY1_MINITWICE_3275	98	Picture	97_T_PWTRIAD_PW_iglu_red.png	5569976	43200	1	1900	2	43200	1800
S005_DAY1_MINITWICE_3275	99	Picture	PW	5572076	0	1	43200	2	0	43200
S005_DAY1_MINITWICE_3275	99	Pulse	99	5579933	7857	NA
S005_DAY1_MINITWICE_3275	99	Port Input	1	5579933	7857	NA
S005_DAY1_MINITWICE_3275	99	Response	51	5599439	27363	1
S005_DAY1_MINITWICE_3275	99	Picture	98_T_PWTRIAD_PW_tijera_red.png	5615276	43200	1	1900	2	43200	1800
S005_DAY1_MINITWICE_3275	99	Pulse	99	5615935	43859	NA
S005_DAY1_MINITWICE_3275	99	Port Input	1	5615935	43859	NA
S005_DAY1_MINITWICE_3275	100	Picture	PW	5617376	0	1	43200	2	0	43200
S005_DAY1_MINITWICE_3275	100	Response	51	5633287	15911	1
S005_DAY1_MINITWICE_3275	100	Pulse	99	5651936	34560	NA
S005_DAY1_MINITWICE_3275	100	Port Input	1	5651936	34560	NA
S005_DAY1_MINITWICE_3275	100	Picture	99_T_PWTRIAD_PW_pluma_red.png	5660576	43200	1	1899	3	43200	1800
S005_DAY1_MINITWICE_3275	101	Picture	PW	5662676	0	1	43199	2	0	43200
S005_DAY1_MINITWICE_3275	101	Response	51	5681937	19261	1
S005_DAY1_MINITWICE_3275	101	Pulse	99	5687937	25261	NA
S005_DAY1_MINITWICE_3275	101	Port Input	1	5687937	25261	NA
S005_DAY1_MINITWICE_3275	101	Picture	100_T_PWTRIAD_PW_banera_red.png	5705875	43199	1	1900	2	43200	1800
S005_DAY1_MINITWICE_3275	102	Picture	rest	5707875	0	1	144100	2	0	144000
S005_DAY1_MINITWICE_3275	102	Pulse	99	5723938	16063	NA
S005_DAY1_MINITWICE_3275	102	Port Input	1	5723938	16063	NA
S005_DAY1_MINITWICE_3275	102	Pulse	99	5759939	52064	NA
S005_DAY1_MINITWICE_3275	102	Port Input	1	5759939	52064	NA
S005_DAY1_MINITWICE_3275	102	Pulse	99	5795940	88065	NA
S005_DAY1_MINITWICE_3275	102	Port Input	1	5795940	88065	NA
S005_DAY1_MINITWICE_3275	102	Pulse	99	5831941	124066	NA
S005_DAY1_MINITWICE_3275	102	Port Input	1	5831941	124066	NA
S005_DAY1_MINITWICE_3275	103	Picture	endrest	5852075	0	1	10100	2	0	10000
S005_DAY1_MINITWICE_3275	104	Picture	RW	5862375	0	1	43200	2	0	43200
S005_DAY1_MINITWICE_3275	104	Pulse	99	5867942	5567	NA
S005_DAY1_MINITWICE_3275	104	Port Input	1	5867942	5567	NA
S005_DAY1_MINITWICE_3275	104	Response	52	5875181	12806	2
S005_DAY1_MINITWICE_3275	104	Pulse	99	5903943	41568	NA
S005_DAY1_MINITWICE_3275	104	Port Input	1	5903943	41568	NA
S005_DAY1_MINITWICE_3275	104	Picture	103_T_RWTRIAD_RW_futbol_red.png	5905575	43200	1	1899	3	43200	1800
S005_DAY1_MINITWICE_3275	105	Picture	RW	5907674	0	2	43200	3	0	43200
S005_DAY1_MINITWICE_3275	105	Response	51	5925331	17657	1
S005_DAY1_MINITWICE_3275	105	Pulse	99	5939944	32270	NA
S005_DAY1_MINITWICE_3275	105	Port Input	1	5939944	32270	NA
S005_DAY1_MINITWICE_3275	105	Picture	104_T_RWTRIAD_RW_dedal_red.png	5950874	43200	1	1887	42	43200	1800
S005_DAY1_MINITWICE_3275	106	Picture	RW	5952974	0	1	43200	2	0	43200
S005_DAY1_MINITWICE_3275	106	Response	51	5968968	15994	1
S005_DAY1_MINITWICE_3275	106	Pulse	99	5975945	22971	NA
S005_DAY1_MINITWICE_3275	106	Port Input	1	5975945	22971	NA
S005_DAY1_MINITWICE_3275	106	Picture	105_T_RWTRIAD_RW_telefono_red.png	5996174	43200	1	1900	2	43200	1800
S005_DAY1_MINITWICE_3275	107	Picture	RW	5998274	0	1	43200	2	0	43200
S005_DAY1_MINITWICE_3275	107	Response	52	6011639	13365	1
S005_DAY1_MINITWICE_3275	107	Pulse	99	6011946	13672	NA
S005_DAY1_MINITWICE_3275	107	Port Input	1	6011946	13672	NA
S005_DAY1_MINITWICE_3275	107	Picture	106_T_RWTRIAD_RW_gafas_red.png	6041474	43200	1	1900	2	43200	1800
S005_DAY1_MINITWICE_3275	108	Picture	PW	6043574	0	1	43200	2	0	43200
S005_DAY1_MINITWICE_3275	108	Pulse	99	6047947	4373	NA
S005_DAY1_MINITWICE_3275	108	Port Input	1	6047947	4373	NA
S005_DAY1_MINITWICE_3275	108	Response	51	6063237	19663	1
S005_DAY1_MINITWICE_3275	108	Pulse	99	6083948	40374	NA
S005_DAY1_MINITWICE_3275	108	Port Input	1	6083948	40374	NA
S005_DAY1_MINITWICE_3275	108	Picture	107_T_PWTRIAD_PW_llave_red.png	6086774	43200	1	1900	2	43200	1800
S005_DAY1_MINITWICE_3275	109	Picture	PW	6088874	0	1	43200	2	0	43200
S005_DAY1_MINITWICE_3275	109	Response	52	6107428	18554	1
S005_DAY1_MINITWICE_3275	109	Pulse	99	6119950	31076	NA
S005_DAY1_MINITWICE_3275	109	Port Input	1	6119950	31076	NA
S005_DAY1_MINITWICE_3275	109	Picture	108_T_PWTRIAD_PW_mono_red.png	6132074	43200	1	1900	2	43200	1800
S005_DAY1_MINITWICE_3275	110	Picture	PW	6134173	0	2	43200	3	0	43200
S005_DAY1_MINITWICE_3275	110	Pulse	99	6155951	21778	NA
S005_DAY1_MINITWICE_3275	110	Port Input	1	6155951	21778	NA
S005_DAY1_MINITWICE_3275	110	Response	52	6160042	25869	2
S005_DAY1_MINITWICE_3275	110	Picture	109_T_PWTRIAD_PW_paracaidas_red.png	6177373	43200	1	1900	2	43200	1800
S005_DAY1_MINITWICE_3275	111	Picture	PW	6179473	0	1	43200	2	0	43200
S005_DAY1_MINITWICE_3275	111	Pulse	99	6191952	12479	NA
S005_DAY1_MINITWICE_3275	111	Port Input	1	6191952	12479	NA
S005_DAY1_MINITWICE_3275	111	Response	52	6203808	24335	1
S005_DAY1_MINITWICE_3275	111	Picture	110_T_PWTRIAD_PW_oruga_red.png	6222673	43200	1	1900	2	43200	1800
S005_DAY1_MINITWICE_3275	112	Picture	rest	6224673	0	1	144100	2	0	144000
S005_DAY1_MINITWICE_3275	112	Pulse	99	6227953	3280	NA
S005_DAY1_MINITWICE_3275	112	Port Input	1	6227953	3280	NA
S005_DAY1_MINITWICE_3275	112	Pulse	99	6263954	39281	NA
S005_DAY1_MINITWICE_3275	112	Port Input	1	6263954	39281	NA
S005_DAY1_MINITWICE_3275	112	Pulse	99	6299955	75282	NA
S005_DAY1_MINITWICE_3275	112	Port Input	1	6299955	75282	NA
S005_DAY1_MINITWICE_3275	112	Pulse	99	6335956	111283	NA
S005_DAY1_MINITWICE_3275	112	Port Input	1	6335956	111283	NA
S005_DAY1_MINITWICE_3275	113	Picture	endrest	6368873	0	1	10100	2	0	10000
S005_DAY1_MINITWICE_3275	113	Pulse	99	6371957	3084	NA
S005_DAY1_MINITWICE_3275	113	Port Input	1	6371957	3084	NA
S005_DAY1_MINITWICE_3275	114	Picture	RW	6379172	0	2	43200	3	0	43200
S005_DAY1_MINITWICE_3275	114	Response	52	6390952	11780	1
S005_DAY1_MINITWICE_3275	114	Pulse	99	6407958	28786	NA
S005_DAY1_MINITWICE_3275	114	Port Input	1	6407958	28786	NA
S005_DAY1_MINITWICE_3275	114	Picture	113_T_RWTRIAD_RW_esquimal_red.png	6422372	43200	1	1900	2	43200	1800
S005_DAY1_MINITWICE_3275	115	Picture	RW	6424472	0	1	43200	2	0	43200
S005_DAY1_MINITWICE_3275	115	Response	52	6437144	12672	1
S005_DAY1_MINITWICE_3275	115	Pulse	99	6443959	19487	NA
S005_DAY1_MINITWICE_3275	115	Port Input	1	6443959	19487	NA
S005_DAY1_MINITWICE_3275	115	Picture	114_T_RWTRIAD_RW_llave_red.png	6467672	43200	1	1900	2	43200	1800
S005_DAY1_MINITWICE_3275	116	Picture	RW	6469772	0	1	43200	2	0	43200
S005_DAY1_MINITWICE_3275	116	Pulse	99	6479960	10188	NA
S005_DAY1_MINITWICE_3275	116	Port Input	1	6479960	10188	NA
S005_DAY1_MINITWICE_3275	116	Response	51	6485520	15748	1
S005_DAY1_MINITWICE_3275	116	Picture	115_T_RWTRIAD_RW_paracaidas_red.png	6512972	43200	1	1900	2	43200	1800
S005_DAY1_MINITWICE_3275	117	Picture	RW	6515072	0	1	43200	2	0	43200
S005_DAY1_MINITWICE_3275	117	Pulse	99	6515961	889	NA
S005_DAY1_MINITWICE_3275	117	Port Input	1	6515961	889	NA
S005_DAY1_MINITWICE_3275	117	Response	52	6524570	9498	40
S005_DAY1_MINITWICE_3275	117	Pulse	99	6551962	36890	NA
S005_DAY1_MINITWICE_3275	117	Port Input	1	6551962	36890	NA
S005_DAY1_MINITWICE_3275	117	Picture	116_T_RWTRIAD_RW_chupete_red.png	6558272	43200	1	1900	2	43200	1800
S005_DAY1_MINITWICE_3275	118	Picture	PW	6560372	0	1	43200	2	0	43200
S005_DAY1_MINITWICE_3275	118	Response	51	6586208	25836	1
S005_DAY1_MINITWICE_3275	118	Pulse	99	6587963	27591	NA
S005_DAY1_MINITWICE_3275	118	Port Input	1	6587963	27591	NA
S005_DAY1_MINITWICE_3275	118	Picture	117_T_PWTRIAD_PW_murcielago_red.png	6603572	43200	1	1900	2	43200	1800
S005_DAY1_MINITWICE_3275	119	Picture	PW	6605672	0	1	43199	2	0	43200
S005_DAY1_MINITWICE_3275	119	Pulse	99	6623964	18292	NA
S005_DAY1_MINITWICE_3275	119	Port Input	1	6623964	18292	NA
S005_DAY1_MINITWICE_3275	119	Response	51	6629408	23736	1
S005_DAY1_MINITWICE_3275	119	Picture	118_T_PWTRIAD_PW_policia_red.png	6648871	43199	1	1900	2	43200	1800
S005_DAY1_MINITWICE_3275	120	Picture	PW	6650971	0	1	43200	2	0	43200
S005_DAY1_MINITWICE_3275	120	Pulse	99	6659965	8994	NA
S005_DAY1_MINITWICE_3275	120	Port Input	1	6659965	8994	NA
S005_DAY1_MINITWICE_3275	120	Response	51	6680525	29554	1
S005_DAY1_MINITWICE_3275	120	Picture	119_T_PWTRIAD_PW_dado_red.png	6694171	43200	1	1900	2	43200	1800
S005_DAY1_MINITWICE_3275	120	Pulse	99	6695967	44996	NA
S005_DAY1_MINITWICE_3275	120	Port Input	1	6695967	44996	NA
S005_DAY1_MINITWICE_3275	121	Picture	PW	6696271	0	1	43200	2	0	43200
S005_DAY1_MINITWICE_3275	121	Response	52	6725838	29567	1
S005_DAY1_MINITWICE_3275	121	Pulse	99	6731968	35697	NA
S005_DAY1_MINITWICE_3275	121	Port Input	1	6731968	35697	NA
S005_DAY1_MINITWICE_3275	121	Picture	120_T_PWTRIAD_PW_arco_red.png	6739471	43200	1	1900	2	43200	1800
S005_DAY1_MINITWICE_3275	122	Picture	rest	6741471	0	1	144099	2	0	144000
S005_DAY1_MINITWICE_3275	122	Pulse	99	6767969	26498	NA
S005_DAY1_MINITWICE_3275	122	Port Input	1	6767969	26498	NA
S005_DAY1_MINITWICE_3275	122	Pulse	99	6803970	62499	NA
S005_DAY1_MINITWICE_3275	122	Port Input	1	6803970	62499	NA
S005_DAY1_MINITWICE_3275	122	Pulse	99	6839971	98500	NA
S005_DAY1_MINITWICE_3275	122	Port Input	1	6839971	98500	NA
S005_DAY1_MINITWICE_3275	122	Pulse	99	6875972	134501	NA
S005_DAY1_MINITWICE_3275	122	Port Input	1	6875972	134501	NA
S005_DAY1_MINITWICE_3275	123	Picture	endrest	6885670	0	1	10100	2	0	10000
S005_DAY1_MINITWICE_3275	124	Picture	FF	6895970	0	1	43200	2	0	43200
S005_DAY1_MINITWICE_3275	124	Response	51	6911297	15327	1
S005_DAY1_MINITWICE_3275	124	Pulse	99	6911973	16003	NA
S005_DAY1_MINITWICE_3275	124	Port Input	1	6911973	16003	NA
S005_DAY1_MINITWICE_3275	124	Picture	123_T_FFTRIAD_FF_arco_red.png	6939170	43200	1	1900	2	43200	1800
S005_DAY1_MINITWICE_3275	125	Picture	FF	6941270	0	1	43200	2	0	43200
S005_DAY1_MINITWICE_3275	125	Pulse	99	6947974	6704	NA
S005_DAY1_MINITWICE_3275	125	Port Input	1	6947974	6704	NA
S005_DAY1_MINITWICE_3275	125	Response	51	6966100	24830	1
S005_DAY1_MINITWICE_3275	125	Pulse	99	6983975	42705	NA
S005_DAY1_MINITWICE_3275	125	Port Input	1	6983975	42705	NA
S005_DAY1_MINITWICE_3275	125	Picture	124_T_FFTRIAD_FF_silla_red.png	6984470	43200	1	1900	2	43200	1800
S005_DAY1_MINITWICE_3275	126	Picture	FF	6986570	0	1	43200	2	0	43200
S005_DAY1_MINITWICE_3275	126	Response	52	7007839	21269	1
S005_DAY1_MINITWICE_3275	126	Pulse	99	7019976	33406	NA
S005_DAY1_MINITWICE_3275	126	Port Input	1	7019976	33406	NA
S005_DAY1_MINITWICE_3275	126	Picture	125_T_FFTRIAD_FF_monja_red.png	7029770	43200	1	1900	2	43200	1800
S005_DAY1_MINITWICE_3275	127	Picture	FF	7031870	0	1	43200	2	0	43200
S005_DAY1_MINITWICE_3275	127	Response	51	7045817	13947	1
S005_DAY1_MINITWICE_3275	127	Pulse	99	7055977	24107	NA
S005_DAY1_MINITWICE_3275	127	Port Input	1	7055977	24107	NA
S005_DAY1_MINITWICE_3275	127	Picture	126_T_FFTRIAD_FF_cortina_red.png	7075070	43200	1	1899	3	43200	1800
S005_DAY1_MINITWICE_3275	128	Picture	FF	7077159	0	42	43210	43	0	43200
S005_DAY1_MINITWICE_3275	128	Pulse	99	7091978	14819	NA
S005_DAY1_MINITWICE_3275	128	Port Input	1	7091978	14819	NA
S005_DAY1_MINITWICE_3275	128	Response	52	7093533	16374	1
S005_DAY1_MINITWICE_3275	128	Picture	127_T_FFTRIAD_FF_dedal_red.png	7120369	43210	1	1900	2	43200	1800
S005_DAY1_MINITWICE_3275	129	Picture	FF	7122469	0	1	43200	2	0	43200
S005_DAY1_MINITWICE_3275	129	Pulse	99	7127979	5510	NA
S005_DAY1_MINITWICE_3275	129	Port Input	1	7127979	5510	NA
S005_DAY1_MINITWICE_3275	129	Response	51	7140782	18313	1
S005_DAY1_MINITWICE_3275	129	Pulse	99	7163980	41511	NA
S005_DAY1_MINITWICE_3275	129	Port Input	1	7163980	41511	NA
S005_DAY1_MINITWICE_3275	129	Picture	128_T_FFTRIAD_FF_charco_red.png	7165669	43200	1	1900	2	43200	1800
S005_DAY1_MINITWICE_3275	130	Picture	FF	7167769	0	1	43200	2	0	43200
S005_DAY1_MINITWICE_3275	130	Response	51	7182978	15209	1
S005_DAY1_MINITWICE_3275	130	Pulse	99	7199982	32213	NA
S005_DAY1_MINITWICE_3275	130	Port Input	1	7199982	32213	NA
S005_DAY1_MINITWICE_3275	130	Picture	129_T_FFTRIAD_FF_sombrilla_red.png	7210969	43200	1	1900	2	43200	1800
S005_DAY1_MINITWICE_3275	131	Picture	FF	7213069	0	1	43200	2	0	43200
S005_DAY1_MINITWICE_3275	131	Response	52	7232780	19711	1
S005_DAY1_MINITWICE_3275	131	Pulse	99	7235983	22914	NA
S005_DAY1_MINITWICE_3275	131	Port Input	1	7235983	22914	NA
S005_DAY1_MINITWICE_3275	131	Picture	130_T_FFTRIAD_FF_pilas_red.png	7256269	43200	1	1900	2	43200	1800
S005_DAY1_MINITWICE_3275	132	Picture	rest	7258269	0	1	144099	2	0	144000
S005_DAY1_MINITWICE_3275	132	Pulse	99	7271984	13715	NA
S005_DAY1_MINITWICE_3275	132	Port Input	1	7271984	13715	NA
S005_DAY1_MINITWICE_3275	132	Pulse	99	7307985	49716	NA
S005_DAY1_MINITWICE_3275	132	Port Input	1	7307985	49716	NA
S005_DAY1_MINITWICE_3275	132	Pulse	99	7343986	85717	NA
S005_DAY1_MINITWICE_3275	132	Port Input	1	7343986	85717	NA
S005_DAY1_MINITWICE_3275	132	Pulse	99	7379987	121718	NA
S005_DAY1_MINITWICE_3275	132	Port Input	1	7379987	121718	NA
S005_DAY1_MINITWICE_3275	133	Picture	endrest	7402468	0	1	10100	2	0	10000
S005_DAY1_MINITWICE_3275	134	Picture	FF	7412768	0	1	43200	2	0	43200
S005_DAY1_MINITWICE_3275	134	Pulse	99	7415988	3220	NA
S005_DAY1_MINITWICE_3275	134	Port Input	1	7415988	3220	NA
S005_DAY1_MINITWICE_3275	134	Response	52	7424615	11847	1
S005_DAY1_MINITWICE_3275	134	Pulse	99	7451989	39221	NA
S005_DAY1_MINITWICE_3275	134	Port Input	1	7451989	39221	NA
S005_DAY1_MINITWICE_3275	134	Picture	133_T_FFTRIAD_FF_botella_red.png	7455968	43200	1	1900	2	43200	1800
S005_DAY1_MINITWICE_3275	135	Picture	FF	7458068	0	1	43200	2	0	43200
S005_DAY1_MINITWICE_3275	135	Response	52	7478601	20533	1
S005_DAY1_MINITWICE_3275	135	Pulse	99	7487990	29922	NA
S005_DAY1_MINITWICE_3275	135	Port Input	1	7487990	29922	NA
S005_DAY1_MINITWICE_3275	135	Picture	134_T_FFTRIAD_FF_portatil_red.png	7501268	43200	1	1900	2	43200	1800
S005_DAY1_MINITWICE_3275	136	Picture	FF	7503368	0	1	43200	2	0	43200
S005_DAY1_MINITWICE_3275	136	Response	51	7523229	19861	1
S005_DAY1_MINITWICE_3275	136	Pulse	99	7523991	20623	NA
S005_DAY1_MINITWICE_3275	136	Port Input	1	7523991	20623	NA
S005_DAY1_MINITWICE_3275	136	Picture	135_T_FFTRIAD_FF_carruaje_red.png	7546568	43200	1	1899	3	43200	1800
S005_DAY1_MINITWICE_3275	137	Picture	FF	7548668	0	1	43199	2	0	43200
S005_DAY1_MINITWICE_3275	137	Pulse	99	7559992	11324	NA
S005_DAY1_MINITWICE_3275	137	Port Input	1	7559992	11324	NA
S005_DAY1_MINITWICE_3275	137	Response	52	7561821	13153	1
S005_DAY1_MINITWICE_3275	137	Picture	136_T_FFTRIAD_FF_cerillas_red.png	7591867	43199	1	1900	2	43200	1800
S005_DAY1_MINITWICE_3275	138	Picture	rest	7593867	0	1	144100	2	0	144000
S005_DAY1_MINITWICE_3275	138	Pulse	99	7595993	2126	NA
S005_DAY1_MINITWICE_3275	138	Port Input	1	7595993	2126	NA
S005_DAY1_MINITWICE_3275	138	Pulse	99	7631994	38127	NA
S005_DAY1_MINITWICE_3275	138	Port Input	1	7631994	38127	NA
S005_DAY1_MINITWICE_3275	139	Picture	endrest	7738067	0	1	10100	2	0	10000
S005_DAY1_MINITWICE_3275	140	Picture	endrest	7748267	0	1	10100	2	0	10000
S005_DAY1_MINITWICE_3275	141	Picture	endrest	7758467	0	1	10100	2	0	10000
S005_DAY1_MINITWICE_3275	142	Picture	endrest	7768667	0	1	10100	2	0	10000
