Scenario - vOT_Triads_fMRI_I
Logfile written - 05/12/2015 17:10:44

Subject	Trial	Event Type	Code	Time	TTime	Uncertainty	Duration	Uncertainty	ReqTime	ReqDur

S005_DAY2_MINITWICE_3275	1	Response	98	141324	151224	5
S005_DAY2_MINITWICE_3275	2	Response	52	169912	28514	1
S005_DAY2_MINITWICE_3275	2	Response	98	177654	36256	1
S005_DAY2_MINITWICE_3275	3	Response	51	198725	21027	1
S005_DAY2_MINITWICE_3275	3	Response	98	211248	33550	2
S005_DAY2_MINITWICE_3275	4	Response	52	244046	32748	1
S005_DAY2_MINITWICE_3275	4	Response	98	413985	202687	6
S005_DAY2_MINITWICE_3275	6	Pulse	99	652834	238736	NA
S005_DAY2_MINITWICE_3275	6	Port Input	1	652834	238736	NA
S005_DAY2_MINITWICE_3275	6	Pulse	99	688834	274736	NA
S005_DAY2_MINITWICE_3275	6	Port Input	1	688834	274736	NA
S005_DAY2_MINITWICE_3275	6	Pulse	99	724835	310737	NA
S005_DAY2_MINITWICE_3275	6	Port Input	1	724835	310737	NA
S005_DAY2_MINITWICE_3275	6	Pulse	99	760837	346739	NA
S005_DAY2_MINITWICE_3275	6	Port Input	1	760837	346739	NA
S005_DAY2_MINITWICE_3275	6	Pulse	99	796838	382740	NA
S005_DAY2_MINITWICE_3275	6	Port Input	1	796838	382740	NA
S005_DAY2_MINITWICE_3275	7	Picture	rest	797096	0	1	144099	2	0	144000
S005_DAY2_MINITWICE_3275	7	Pulse	99	832839	35743	NA
S005_DAY2_MINITWICE_3275	7	Port Input	1	832839	35743	NA
S005_DAY2_MINITWICE_3275	7	Pulse	99	868840	71744	NA
S005_DAY2_MINITWICE_3275	7	Port Input	1	868840	71744	NA
S005_DAY2_MINITWICE_3275	7	Pulse	99	904841	107745	NA
S005_DAY2_MINITWICE_3275	7	Port Input	1	904841	107745	NA
S005_DAY2_MINITWICE_3275	7	Pulse	99	940842	143746	NA
S005_DAY2_MINITWICE_3275	7	Port Input	1	940842	143746	NA
S005_DAY2_MINITWICE_3275	8	Picture	endrest	941295	0	1	10100	2	0	10000
S005_DAY2_MINITWICE_3275	9	Picture	FF	951595	0	1	43200	2	0	43200
S005_DAY2_MINITWICE_3275	9	Response	51	964049	12454	1
S005_DAY2_MINITWICE_3275	9	Pulse	99	976843	25248	NA
S005_DAY2_MINITWICE_3275	9	Port Input	1	976843	25248	NA
S005_DAY2_MINITWICE_3275	9	Picture	3_T_FFTRIAD_FF_cuento_red.png	994795	43200	1	1900	2	43200	1800
S005_DAY2_MINITWICE_3275	10	Picture	FF	996895	0	1	43200	2	0	43200
S005_DAY2_MINITWICE_3275	10	Response	52	1006715	9820	2
S005_DAY2_MINITWICE_3275	10	Pulse	99	1012844	15949	NA
S005_DAY2_MINITWICE_3275	10	Port Input	1	1012844	15949	NA
S005_DAY2_MINITWICE_3275	10	Picture	4_T_FFTRIAD_FF_raton_red.png	1040095	43200	1	1900	2	43200	1800
S005_DAY2_MINITWICE_3275	11	Picture	FF	1042195	0	1	43199	3	0	43200
S005_DAY2_MINITWICE_3275	11	Pulse	99	1048845	6650	NA
S005_DAY2_MINITWICE_3275	11	Port Input	1	1048845	6650	NA
S005_DAY2_MINITWICE_3275	11	Response	51	1051138	8943	1
S005_DAY2_MINITWICE_3275	11	Pulse	99	1084846	42651	NA
S005_DAY2_MINITWICE_3275	11	Port Input	1	1084846	42651	NA
S005_DAY2_MINITWICE_3275	11	Picture	5_T_FFTRIAD_FF_ancla_red.png	1085394	43199	2	1900	4	43200	1800
S005_DAY2_MINITWICE_3275	12	Picture	FF	1087494	0	1	43200	2	0	43200
S005_DAY2_MINITWICE_3275	12	Response	52	1097933	10439	1
S005_DAY2_MINITWICE_3275	12	Pulse	99	1120847	33353	NA
S005_DAY2_MINITWICE_3275	12	Port Input	1	1120847	33353	NA
S005_DAY2_MINITWICE_3275	12	Picture	6_T_FFTRIAD_FF_policia_red.png	1130694	43200	1	1900	2	43200	1800
S005_DAY2_MINITWICE_3275	13	Picture	FF	1132794	0	1	43200	2	0	43200
S005_DAY2_MINITWICE_3275	13	Response	51	1145091	12297	2
S005_DAY2_MINITWICE_3275	13	Pulse	99	1156848	24054	NA
S005_DAY2_MINITWICE_3275	13	Port Input	1	1156848	24054	NA
S005_DAY2_MINITWICE_3275	13	Picture	7_T_FFTRIAD_FF_piramide_red.png	1175994	43200	1	1900	2	43200	1800
S005_DAY2_MINITWICE_3275	14	Picture	FF	1178094	0	1	43200	2	0	43200
S005_DAY2_MINITWICE_3275	14	Response	51	1190683	12589	1
S005_DAY2_MINITWICE_3275	14	Pulse	99	1192849	14755	NA
S005_DAY2_MINITWICE_3275	14	Port Input	1	1192849	14755	NA
S005_DAY2_MINITWICE_3275	14	Picture	8_T_FFTRIAD_FF_novia_red.png	1221294	43200	1	1900	2	43200	1800
S005_DAY2_MINITWICE_3275	15	Picture	FF	1223394	0	1	43200	2	0	43200
S005_DAY2_MINITWICE_3275	15	Pulse	99	1228850	5456	NA
S005_DAY2_MINITWICE_3275	15	Port Input	1	1228850	5456	NA
S005_DAY2_MINITWICE_3275	15	Response	51	1233320	9926	1
S005_DAY2_MINITWICE_3275	15	Pulse	99	1264852	41458	NA
S005_DAY2_MINITWICE_3275	15	Port Input	1	1264852	41458	NA
S005_DAY2_MINITWICE_3275	15	Picture	9_T_FFTRIAD_FF_zanahoria_red.png	1266594	43200	1	1900	2	43200	1800
S005_DAY2_MINITWICE_3275	16	Picture	FF	1268689	0	41	43204	43	0	43200
S005_DAY2_MINITWICE_3275	16	Response	51	1284789	16100	1
S005_DAY2_MINITWICE_3275	16	Pulse	99	1300853	32164	NA
S005_DAY2_MINITWICE_3275	16	Port Input	1	1300853	32164	NA
S005_DAY2_MINITWICE_3275	16	Picture	10_T_FFTRIAD_FF_lenador_red.png	1311893	43204	2	1901	3	43200	1800
S005_DAY2_MINITWICE_3275	17	Picture	rest	1313893	0	2	144100	3	0	144000
S005_DAY2_MINITWICE_3275	17	Pulse	99	1336854	22961	NA
S005_DAY2_MINITWICE_3275	17	Port Input	1	1336854	22961	NA
S005_DAY2_MINITWICE_3275	17	Pulse	99	1372855	58962	NA
S005_DAY2_MINITWICE_3275	17	Port Input	1	1372855	58962	NA
S005_DAY2_MINITWICE_3275	17	Pulse	99	1408856	94963	NA
S005_DAY2_MINITWICE_3275	17	Port Input	1	1408856	94963	NA
S005_DAY2_MINITWICE_3275	17	Pulse	99	1444857	130964	NA
S005_DAY2_MINITWICE_3275	17	Port Input	1	1444857	130964	NA
S005_DAY2_MINITWICE_3275	18	Picture	endrest	1458093	0	1	10100	2	0	10000
S005_DAY2_MINITWICE_3275	19	Picture	FF	1468393	0	1	43200	2	0	43200
S005_DAY2_MINITWICE_3275	19	Response	51	1479178	10785	2
S005_DAY2_MINITWICE_3275	19	Pulse	99	1480858	12465	NA
S005_DAY2_MINITWICE_3275	19	Port Input	1	1480858	12465	NA
S005_DAY2_MINITWICE_3275	19	Picture	13_T_FFTRIAD_FF_arbol_red.png	1511593	43200	1	1900	2	43200	1800
S005_DAY2_MINITWICE_3275	20	Picture	FF	1513693	0	1	43199	3	0	43200
S005_DAY2_MINITWICE_3275	20	Pulse	99	1516859	3166	NA
S005_DAY2_MINITWICE_3275	20	Port Input	1	1516859	3166	NA
S005_DAY2_MINITWICE_3275	20	Response	52	1523361	9668	1
S005_DAY2_MINITWICE_3275	20	Pulse	99	1552860	39167	NA
S005_DAY2_MINITWICE_3275	20	Port Input	1	1552860	39167	NA
S005_DAY2_MINITWICE_3275	20	Picture	14_T_FFTRIAD_FF_granjero_red.png	1556892	43199	2	1900	4	43200	1800
S005_DAY2_MINITWICE_3275	21	Picture	FF	1558992	0	2	43200	3	0	43200
S005_DAY2_MINITWICE_3275	21	Response	52	1569032	10040	1
S005_DAY2_MINITWICE_3275	21	Pulse	99	1588861	29869	NA
S005_DAY2_MINITWICE_3275	21	Port Input	1	1588861	29869	NA
S005_DAY2_MINITWICE_3275	21	Picture	15_T_FFTRIAD_FF_telarana_red.png	1602192	43200	1	1900	2	43200	1800
S005_DAY2_MINITWICE_3275	22	Picture	FF	1604292	0	1	43200	2	0	43200
S005_DAY2_MINITWICE_3275	22	Response	52	1614009	9717	40
S005_DAY2_MINITWICE_3275	22	Pulse	99	1624862	20570	NA
S005_DAY2_MINITWICE_3275	22	Port Input	1	1624862	20570	NA
S005_DAY2_MINITWICE_3275	22	Picture	16_T_FFTRIAD_FF_plato_red.png	1647492	43200	1	1900	2	43200	1800
S005_DAY2_MINITWICE_3275	23	Picture	RW	1649556	0	46	43236	47	0	43200
S005_DAY2_MINITWICE_3275	23	Pulse	99	1660863	11307	NA
S005_DAY2_MINITWICE_3275	23	Port Input	1	1660863	11307	NA
S005_DAY2_MINITWICE_3275	23	Response	52	1663223	13667	1
S005_DAY2_MINITWICE_3275	23	Picture	17_T_RWTRIAD_RW_destornillador_red.png	1692792	43236	1	1900	2	43200	1800
S005_DAY2_MINITWICE_3275	24	Picture	RW	1694892	0	1	43200	2	0	43200
S005_DAY2_MINITWICE_3275	24	Pulse	99	1696864	1972	NA
S005_DAY2_MINITWICE_3275	24	Port Input	1	1696864	1972	NA
S005_DAY2_MINITWICE_3275	24	Response	52	1707729	12837	1
S005_DAY2_MINITWICE_3275	24	Pulse	99	1732866	37974	NA
S005_DAY2_MINITWICE_3275	24	Port Input	1	1732866	37974	NA
S005_DAY2_MINITWICE_3275	24	Picture	18_T_RWTRIAD_RW_tijera_red.png	1738092	43200	1	1900	2	43200	1800
S005_DAY2_MINITWICE_3275	25	Picture	RW	1740192	0	1	43199	3	0	43200
S005_DAY2_MINITWICE_3275	25	Response	51	1750640	10448	1
S005_DAY2_MINITWICE_3275	25	Pulse	99	1768867	28675	NA
S005_DAY2_MINITWICE_3275	25	Port Input	1	1768867	28675	NA
S005_DAY2_MINITWICE_3275	25	Picture	19_T_RWTRIAD_RW_botella_red.png	1783391	43199	2	1900	4	43200	1800
S005_DAY2_MINITWICE_3275	26	Picture	RW	1785492	0	1	43199	2	0	43200
S005_DAY2_MINITWICE_3275	26	Response	51	1794338	8846	1
S005_DAY2_MINITWICE_3275	26	Pulse	99	1804868	19376	NA
S005_DAY2_MINITWICE_3275	26	Port Input	1	1804868	19376	NA
S005_DAY2_MINITWICE_3275	26	Picture	20_T_RWTRIAD_RW_cinturon_red.png	1828691	43199	1	1900	2	43200	1800
S005_DAY2_MINITWICE_3275	27	Picture	rest	1830691	0	1	144100	2	0	144000
S005_DAY2_MINITWICE_3275	27	Pulse	99	1840869	10178	NA
S005_DAY2_MINITWICE_3275	27	Port Input	1	1840869	10178	NA
S005_DAY2_MINITWICE_3275	27	Pulse	99	1876870	46179	NA
S005_DAY2_MINITWICE_3275	27	Port Input	1	1876870	46179	NA
S005_DAY2_MINITWICE_3275	27	Pulse	99	1912871	82180	NA
S005_DAY2_MINITWICE_3275	27	Port Input	1	1912871	82180	NA
S005_DAY2_MINITWICE_3275	27	Pulse	99	1948872	118181	NA
S005_DAY2_MINITWICE_3275	27	Port Input	1	1948872	118181	NA
S005_DAY2_MINITWICE_3275	28	Picture	endrest	1974891	0	1	10100	2	0	10000
S005_DAY2_MINITWICE_3275	28	Pulse	99	1984873	9982	NA
S005_DAY2_MINITWICE_3275	28	Port Input	1	1984873	9982	NA
S005_DAY2_MINITWICE_3275	29	Picture	RW	1985191	0	1	43199	3	0	43200
S005_DAY2_MINITWICE_3275	29	Response	52	2000643	15452	1
S005_DAY2_MINITWICE_3275	29	Pulse	99	2020874	35683	NA
S005_DAY2_MINITWICE_3275	29	Port Input	1	2020874	35683	NA
S005_DAY2_MINITWICE_3275	29	Picture	23_T_RWTRIAD_RW_silla_red.png	2028390	43199	2	1901	3	43200	1800
S005_DAY2_MINITWICE_3275	30	Picture	RW	2030490	0	2	43200	3	0	43200
S005_DAY2_MINITWICE_3275	30	Response	51	2045024	14534	1
S005_DAY2_MINITWICE_3275	30	Pulse	99	2056875	26385	NA
S005_DAY2_MINITWICE_3275	30	Port Input	1	2056875	26385	NA
S005_DAY2_MINITWICE_3275	30	Picture	24_T_RWTRIAD_RW_ascensor_red.png	2073690	43200	1	1900	2	43200	1800
S005_DAY2_MINITWICE_3275	31	Picture	RW	2075790	0	1	43200	2	0	43200
S005_DAY2_MINITWICE_3275	31	Response	51	2086780	10990	1
S005_DAY2_MINITWICE_3275	31	Pulse	99	2092876	17086	NA
S005_DAY2_MINITWICE_3275	31	Port Input	1	2092876	17086	NA
S005_DAY2_MINITWICE_3275	31	Picture	25_T_RWTRIAD_RW_iglu_red.png	2118990	43200	1	1900	2	43200	1800
S005_DAY2_MINITWICE_3275	32	Picture	RW	2121090	0	1	43200	2	0	43200
S005_DAY2_MINITWICE_3275	32	Pulse	99	2128877	7787	NA
S005_DAY2_MINITWICE_3275	32	Port Input	1	2128877	7787	NA
S005_DAY2_MINITWICE_3275	32	Response	52	2134579	13489	2
S005_DAY2_MINITWICE_3275	32	Picture	26_T_RWTRIAD_RW_martillo_red.png	2164290	43200	1	1900	2	43200	1800
S005_DAY2_MINITWICE_3275	32	Pulse	99	2164878	43788	NA
S005_DAY2_MINITWICE_3275	32	Port Input	1	2164878	43788	NA
S005_DAY2_MINITWICE_3275	33	Picture	FF	2166390	0	1	43200	2	0	43200
S005_DAY2_MINITWICE_3275	33	Response	52	2178652	12262	1
S005_DAY2_MINITWICE_3275	33	Pulse	99	2200879	34489	NA
S005_DAY2_MINITWICE_3275	33	Port Input	1	2200879	34489	NA
S005_DAY2_MINITWICE_3275	33	Picture	27_T_FFTRIAD_FF_lana_red.png	2209590	43200	1	1900	2	43200	1800
S005_DAY2_MINITWICE_3275	34	Picture	FF	2211690	0	1	43200	2	0	43200
S005_DAY2_MINITWICE_3275	34	Response	51	2223963	12273	1
S005_DAY2_MINITWICE_3275	34	Pulse	99	2236880	25190	NA
S005_DAY2_MINITWICE_3275	34	Port Input	1	2236880	25190	NA
S005_DAY2_MINITWICE_3275	34	Picture	28_T_FFTRIAD_FF_agua_red.png	2254890	43200	1	1900	2	43200	1800
S005_DAY2_MINITWICE_3275	35	Picture	FF	2256990	0	1	43199	2	0	43200
S005_DAY2_MINITWICE_3275	35	Response	51	2266199	9209	1
S005_DAY2_MINITWICE_3275	35	Pulse	99	2272882	15892	NA
S005_DAY2_MINITWICE_3275	35	Port Input	1	2272882	15892	NA
S005_DAY2_MINITWICE_3275	35	Picture	29_T_FFTRIAD_FF_television_red.png	2300189	43199	1	1900	3	43200	1800
S005_DAY2_MINITWICE_3275	36	Picture	FF	2302289	0	1	43200	2	0	43200
S005_DAY2_MINITWICE_3275	36	Pulse	99	2308883	6594	NA
S005_DAY2_MINITWICE_3275	36	Port Input	1	2308883	6594	NA
S005_DAY2_MINITWICE_3275	36	Response	52	2310204	7915	1
S005_DAY2_MINITWICE_3275	36	Pulse	99	2344884	42595	NA
S005_DAY2_MINITWICE_3275	36	Port Input	1	2344884	42595	NA
S005_DAY2_MINITWICE_3275	36	Picture	30_T_FFTRIAD_FF_paraguas_red.png	2345489	43200	1	1900	2	43200	1800
S005_DAY2_MINITWICE_3275	37	Picture	rest	2347489	0	1	144100	2	0	144000
S005_DAY2_MINITWICE_3275	37	Pulse	99	2380885	33396	NA
S005_DAY2_MINITWICE_3275	37	Port Input	1	2380885	33396	NA
S005_DAY2_MINITWICE_3275	37	Pulse	99	2416886	69397	NA
S005_DAY2_MINITWICE_3275	37	Port Input	1	2416886	69397	NA
S005_DAY2_MINITWICE_3275	37	Pulse	99	2452887	105398	NA
S005_DAY2_MINITWICE_3275	37	Port Input	1	2452887	105398	NA
S005_DAY2_MINITWICE_3275	37	Pulse	99	2488888	141399	NA
S005_DAY2_MINITWICE_3275	37	Port Input	1	2488888	141399	NA
S005_DAY2_MINITWICE_3275	38	Picture	endrest	2491689	0	1	10099	3	0	10000
S005_DAY2_MINITWICE_3275	39	Picture	FF	2501989	0	1	43199	2	0	43200
S005_DAY2_MINITWICE_3275	39	Response	52	2516081	14092	1
S005_DAY2_MINITWICE_3275	39	Pulse	99	2524889	22900	NA
S005_DAY2_MINITWICE_3275	39	Port Input	1	2524889	22900	NA
S005_DAY2_MINITWICE_3275	39	Picture	33_T_FFTRIAD_FF_manos_red.png	2545188	43199	1	1900	2	43200	1800
S005_DAY2_MINITWICE_3275	40	Picture	FF	2547288	0	1	43200	2	0	43200
S005_DAY2_MINITWICE_3275	40	Response	52	2557450	10162	2
S005_DAY2_MINITWICE_3275	40	Pulse	99	2560890	13602	NA
S005_DAY2_MINITWICE_3275	40	Port Input	1	2560890	13602	NA
S005_DAY2_MINITWICE_3275	40	Picture	34_T_FFTRIAD_FF_cinturon_red.png	2590488	43200	1	1900	2	43200	1800
S005_DAY2_MINITWICE_3275	41	Picture	FF	2592588	0	1	43200	2	0	43200
S005_DAY2_MINITWICE_3275	41	Pulse	99	2596891	4303	NA
S005_DAY2_MINITWICE_3275	41	Port Input	1	2596891	4303	NA
S005_DAY2_MINITWICE_3275	41	Response	52	2606951	14363	1
S005_DAY2_MINITWICE_3275	41	Pulse	99	2632892	40304	NA
S005_DAY2_MINITWICE_3275	41	Port Input	1	2632892	40304	NA
S005_DAY2_MINITWICE_3275	41	Picture	35_T_FFTRIAD_FF_huevos_red.png	2635788	43200	1	1900	2	43200	1800
S005_DAY2_MINITWICE_3275	42	Picture	FF	2637888	0	1	43200	2	0	43200
S005_DAY2_MINITWICE_3275	42	Response	51	2647194	9306	1
S005_DAY2_MINITWICE_3275	42	Pulse	99	2668893	31005	NA
S005_DAY2_MINITWICE_3275	42	Port Input	1	2668893	31005	NA
S005_DAY2_MINITWICE_3275	42	Picture	36_T_FFTRIAD_FF_teclado_red.png	2681088	43200	1	1900	2	43200	1800
S005_DAY2_MINITWICE_3275	43	Picture	FF	2683188	0	1	43200	2	0	43200
S005_DAY2_MINITWICE_3275	43	Response	51	2692398	9210	1
S005_DAY2_MINITWICE_3275	43	Pulse	99	2704894	21706	NA
S005_DAY2_MINITWICE_3275	43	Port Input	1	2704894	21706	NA
S005_DAY2_MINITWICE_3275	43	Picture	37_T_FFTRIAD_FF_llave_red.png	2726388	43200	1	1900	2	43200	1800
S005_DAY2_MINITWICE_3275	44	Picture	FF	2728488	0	1	43199	3	0	43200
S005_DAY2_MINITWICE_3275	44	Response	51	2739347	10859	1
S005_DAY2_MINITWICE_3275	44	Pulse	99	2740895	12407	NA
S005_DAY2_MINITWICE_3275	44	Port Input	1	2740895	12407	NA
S005_DAY2_MINITWICE_3275	44	Picture	38_T_FFTRIAD_FF_tenedor_red.png	2771687	43199	2	1900	4	43200	1800
S005_DAY2_MINITWICE_3275	45	Picture	FF	2773787	0	2	43200	3	0	43200
S005_DAY2_MINITWICE_3275	45	Pulse	99	2776896	3109	NA
S005_DAY2_MINITWICE_3275	45	Port Input	1	2776896	3109	NA
S005_DAY2_MINITWICE_3275	45	Response	52	2785805	12018	1
S005_DAY2_MINITWICE_3275	45	Pulse	99	2812898	39111	NA
S005_DAY2_MINITWICE_3275	45	Port Input	1	2812898	39111	NA
S005_DAY2_MINITWICE_3275	45	Picture	39_T_FFTRIAD_FF_molino_red.png	2816987	43200	1	1900	2	43200	1800
S005_DAY2_MINITWICE_3275	46	Picture	FF	2819087	0	1	43200	2	0	43200
S005_DAY2_MINITWICE_3275	46	Response	51	2832289	13202	1
S005_DAY2_MINITWICE_3275	46	Pulse	99	2848899	29812	NA
S005_DAY2_MINITWICE_3275	46	Port Input	1	2848899	29812	NA
S005_DAY2_MINITWICE_3275	46	Picture	40_T_FFTRIAD_FF_estetoscopio_red.png	2862287	43200	1	1900	2	43200	1800
S005_DAY2_MINITWICE_3275	47	Picture	rest	2864287	0	1	144099	3	0	144000
S005_DAY2_MINITWICE_3275	47	Pulse	99	2884900	20613	NA
S005_DAY2_MINITWICE_3275	47	Port Input	1	2884900	20613	NA
S005_DAY2_MINITWICE_3275	47	Pulse	99	2920901	56614	NA
S005_DAY2_MINITWICE_3275	47	Port Input	1	2920901	56614	NA
S005_DAY2_MINITWICE_3275	47	Pulse	99	2956902	92615	NA
S005_DAY2_MINITWICE_3275	47	Port Input	1	2956902	92615	NA
S005_DAY2_MINITWICE_3275	47	Pulse	99	2992903	128616	NA
S005_DAY2_MINITWICE_3275	47	Port Input	1	2992903	128616	NA
S005_DAY2_MINITWICE_3275	48	Picture	endrest	3008486	0	2	10100	3	0	10000
S005_DAY2_MINITWICE_3275	49	Picture	RW	3018786	0	1	43200	2	0	43200
S005_DAY2_MINITWICE_3275	49	Pulse	99	3028904	10118	NA
S005_DAY2_MINITWICE_3275	49	Port Input	1	3028904	10118	NA
S005_DAY2_MINITWICE_3275	49	Response	52	3032441	13655	1
S005_DAY2_MINITWICE_3275	49	Picture	43_T_RWTRIAD_RW_monja_red.png	3061986	43200	1	1900	2	43200	1800
S005_DAY2_MINITWICE_3275	50	Picture	RW	3064086	0	1	43200	2	0	43200
S005_DAY2_MINITWICE_3275	50	Pulse	99	3064905	819	NA
S005_DAY2_MINITWICE_3275	50	Port Input	1	3064905	819	NA
S005_DAY2_MINITWICE_3275	50	Response	52	3076467	12381	1
S005_DAY2_MINITWICE_3275	50	Pulse	99	3100906	36820	NA
S005_DAY2_MINITWICE_3275	50	Port Input	1	3100906	36820	NA
S005_DAY2_MINITWICE_3275	50	Picture	44_T_RWTRIAD_RW_sobre_red.png	3107286	43200	1	1900	2	43200	1800
S005_DAY2_MINITWICE_3275	51	Picture	RW	3109386	0	1	43200	2	0	43200
S005_DAY2_MINITWICE_3275	51	Response	52	3125513	16127	1
S005_DAY2_MINITWICE_3275	51	Pulse	99	3136907	27521	NA
S005_DAY2_MINITWICE_3275	51	Port Input	1	3136907	27521	NA
S005_DAY2_MINITWICE_3275	51	Picture	45_T_RWTRIAD_RW_pluma_red.png	3152586	43200	1	1900	2	43200	1800
S005_DAY2_MINITWICE_3275	52	Picture	RW	3154686	0	1	43200	2	0	43200
S005_DAY2_MINITWICE_3275	52	Response	51	3164909	10223	2
S005_DAY2_MINITWICE_3275	52	Pulse	99	3172908	18222	NA
S005_DAY2_MINITWICE_3275	52	Port Input	1	3172908	18222	NA
S005_DAY2_MINITWICE_3275	52	Picture	46_T_RWTRIAD_RW_ancla_red.png	3197886	43200	1	1900	2	43200	1800
S005_DAY2_MINITWICE_3275	53	Picture	FF	3199986	0	1	43199	2	0	43200
S005_DAY2_MINITWICE_3275	53	Pulse	99	3208909	8923	NA
S005_DAY2_MINITWICE_3275	53	Port Input	1	3208909	8923	NA
S005_DAY2_MINITWICE_3275	53	Response	52	3211764	11778	1
S005_DAY2_MINITWICE_3275	53	Picture	47_T_FFTRIAD_FF_mono_red.png	3243185	43199	1	1900	2	43200	1800
S005_DAY2_MINITWICE_3275	53	Pulse	99	3244910	44924	NA
S005_DAY2_MINITWICE_3275	53	Port Input	1	3244910	44924	NA
S005_DAY2_MINITWICE_3275	54	Picture	FF	3245285	0	1	43200	3	0	43200
S005_DAY2_MINITWICE_3275	54	Response	51	3253070	7785	1
S005_DAY2_MINITWICE_3275	54	Pulse	99	3280911	35626	NA
S005_DAY2_MINITWICE_3275	54	Port Input	1	3280911	35626	NA
S005_DAY2_MINITWICE_3275	54	Picture	48_T_FFTRIAD_FF_grifo_red.png	3288485	43200	2	1900	4	43200	1800
S005_DAY2_MINITWICE_3275	55	Picture	FF	3290585	0	2	43200	3	0	43200
S005_DAY2_MINITWICE_3275	55	Response	51	3300234	9649	1
S005_DAY2_MINITWICE_3275	55	Pulse	99	3316912	26327	NA
S005_DAY2_MINITWICE_3275	55	Port Input	1	3316912	26327	NA
S005_DAY2_MINITWICE_3275	55	Picture	49_T_FFTRIAD_FF_leche_red.png	3333785	43200	1	1900	2	43200	1800
S005_DAY2_MINITWICE_3275	56	Picture	FF	3335885	0	1	43199	3	0	43200
S005_DAY2_MINITWICE_3275	56	Response	52	3350337	14452	2
S005_DAY2_MINITWICE_3275	56	Pulse	99	3352914	17029	NA
S005_DAY2_MINITWICE_3275	56	Port Input	1	3352914	17029	NA
S005_DAY2_MINITWICE_3275	56	Picture	50_T_FFTRIAD_FF_anillo_red.png	3379084	43199	2	1901	3	43200	1800
S005_DAY2_MINITWICE_3275	57	Picture	rest	3381085	0	1	144099	2	0	144000
S005_DAY2_MINITWICE_3275	57	Pulse	99	3388915	7830	NA
S005_DAY2_MINITWICE_3275	57	Port Input	1	3388915	7830	NA
S005_DAY2_MINITWICE_3275	57	Pulse	99	3424916	43831	NA
S005_DAY2_MINITWICE_3275	57	Port Input	1	3424916	43831	NA
S005_DAY2_MINITWICE_3275	57	Pulse	99	3460917	79832	NA
S005_DAY2_MINITWICE_3275	57	Port Input	1	3460917	79832	NA
S005_DAY2_MINITWICE_3275	57	Pulse	99	3496918	115833	NA
S005_DAY2_MINITWICE_3275	57	Port Input	1	3496918	115833	NA
S005_DAY2_MINITWICE_3275	58	Picture	endrest	3525284	0	1	10100	2	0	10000
S005_DAY2_MINITWICE_3275	58	Pulse	99	3532919	7635	NA
S005_DAY2_MINITWICE_3275	58	Port Input	1	3532919	7635	NA
S005_DAY2_MINITWICE_3275	59	Picture	RW	3535584	0	1	43200	2	0	43200
S005_DAY2_MINITWICE_3275	59	Response	51	3551545	15961	1
S005_DAY2_MINITWICE_3275	59	Pulse	99	3568920	33336	NA
S005_DAY2_MINITWICE_3275	59	Port Input	1	3568920	33336	NA
S005_DAY2_MINITWICE_3275	59	Picture	53_T_RWTRIAD_RW_television_red.png	3578784	43200	1	1900	2	43200	1800
S005_DAY2_MINITWICE_3275	60	Picture	RW	3580884	0	1	43200	2	0	43200
S005_DAY2_MINITWICE_3275	60	Pulse	99	3604921	24037	NA
S005_DAY2_MINITWICE_3275	60	Port Input	1	3604921	24037	NA
S005_DAY2_MINITWICE_3275	60	Response	51	3606118	25234	1
S005_DAY2_MINITWICE_3275	60	Picture	54_T_RWTRIAD_RW_perro_red.png	3624084	43200	1	1900	2	43200	1800
S005_DAY2_MINITWICE_3275	61	Picture	RW	3626184	0	1	43200	2	0	43200
S005_DAY2_MINITWICE_3275	61	Pulse	99	3640922	14738	NA
S005_DAY2_MINITWICE_3275	61	Port Input	1	3640922	14738	NA
S005_DAY2_MINITWICE_3275	61	Response	52	3641782	15598	1
S005_DAY2_MINITWICE_3275	61	Picture	55_T_RWTRIAD_RW_grapadora_red.png	3669384	43200	1	1900	2	43200	1800
S005_DAY2_MINITWICE_3275	62	Picture	RW	3671484	0	1	43199	2	0	43200
S005_DAY2_MINITWICE_3275	62	Pulse	99	3676923	5439	NA
S005_DAY2_MINITWICE_3275	62	Port Input	1	3676923	5439	NA
S005_DAY2_MINITWICE_3275	62	Response	52	3683160	11676	1
S005_DAY2_MINITWICE_3275	62	Pulse	99	3712924	41440	NA
S005_DAY2_MINITWICE_3275	62	Port Input	1	3712924	41440	NA
S005_DAY2_MINITWICE_3275	62	Picture	56_T_RWTRIAD_RW_raton_red.png	3714683	43199	1	1900	2	43200	1800
S005_DAY2_MINITWICE_3275	63	Picture	RW	3716783	0	1	43200	2	0	43200
S005_DAY2_MINITWICE_3275	63	Response	52	3729306	12523	1
S005_DAY2_MINITWICE_3275	63	Pulse	99	3748925	32142	NA
S005_DAY2_MINITWICE_3275	63	Port Input	1	3748925	32142	NA
S005_DAY2_MINITWICE_3275	63	Picture	57_T_RWTRIAD_RW_molino_red.png	3759983	43200	1	1900	2	43200	1800
S005_DAY2_MINITWICE_3275	64	Picture	RW	3762083	0	1	43200	2	0	43200
S005_DAY2_MINITWICE_3275	64	Response	52	3774664	12581	2
S005_DAY2_MINITWICE_3275	64	Pulse	99	3784926	22843	NA
S005_DAY2_MINITWICE_3275	64	Port Input	1	3784926	22843	NA
S005_DAY2_MINITWICE_3275	64	Picture	58_T_RWTRIAD_RW_agua_red.png	3805283	43200	1	1900	2	43200	1800
S005_DAY2_MINITWICE_3275	65	Picture	RW	3807383	0	1	43200	2	0	43200
S005_DAY2_MINITWICE_3275	65	Response	52	3818858	11475	1
S005_DAY2_MINITWICE_3275	65	Pulse	99	3820927	13544	NA
S005_DAY2_MINITWICE_3275	65	Port Input	1	3820927	13544	NA
S005_DAY2_MINITWICE_3275	65	Picture	59_T_RWTRIAD_RW_bellota_red.png	3850583	43200	1	1900	2	43200	1800
S005_DAY2_MINITWICE_3275	66	Picture	RW	3852683	0	1	43200	2	0	43200
S005_DAY2_MINITWICE_3275	66	Pulse	99	3856928	4245	NA
S005_DAY2_MINITWICE_3275	66	Port Input	1	3856928	4245	NA
S005_DAY2_MINITWICE_3275	66	Response	51	3864540	11857	2
S005_DAY2_MINITWICE_3275	66	Pulse	99	3892930	40247	NA
S005_DAY2_MINITWICE_3275	66	Port Input	1	3892930	40247	NA
S005_DAY2_MINITWICE_3275	66	Picture	60_T_RWTRIAD_RW_violin_red.png	3895883	43200	1	1900	2	43200	1800
S005_DAY2_MINITWICE_3275	67	Picture	rest	3897883	0	1	144099	2	0	144000
S005_DAY2_MINITWICE_3275	67	Pulse	99	3928931	31048	NA
S005_DAY2_MINITWICE_3275	67	Port Input	1	3928931	31048	NA
S005_DAY2_MINITWICE_3275	67	Pulse	99	3964932	67049	NA
S005_DAY2_MINITWICE_3275	67	Port Input	1	3964932	67049	NA
S005_DAY2_MINITWICE_3275	67	Pulse	99	4000933	103050	NA
S005_DAY2_MINITWICE_3275	67	Port Input	1	4000933	103050	NA
S005_DAY2_MINITWICE_3275	67	Pulse	99	4036934	139051	NA
S005_DAY2_MINITWICE_3275	67	Port Input	1	4036934	139051	NA
S005_DAY2_MINITWICE_3275	68	Picture	endrest	4042082	0	1	10100	2	0	10000
S005_DAY2_MINITWICE_3275	69	Picture	RW	4052382	0	1	43200	2	0	43200
S005_DAY2_MINITWICE_3275	69	Response	51	4063882	11500	2
S005_DAY2_MINITWICE_3275	69	Pulse	99	4072935	20553	NA
S005_DAY2_MINITWICE_3275	69	Port Input	1	4072935	20553	NA
S005_DAY2_MINITWICE_3275	69	Picture	63_T_RWTRIAD_RW_granjero_red.png	4095582	43200	1	1900	2	43200	1800
S005_DAY2_MINITWICE_3275	70	Picture	RW	4097682	0	1	43200	2	0	43200
S005_DAY2_MINITWICE_3275	70	Pulse	99	4108936	11254	NA
S005_DAY2_MINITWICE_3275	70	Port Input	1	4108936	11254	NA
S005_DAY2_MINITWICE_3275	70	Response	51	4113601	15919	1
S005_DAY2_MINITWICE_3275	70	Picture	64_T_RWTRIAD_RW_carruaje_red.png	4140882	43200	1	1899	3	43200	1800
S005_DAY2_MINITWICE_3275	71	Picture	RW	4142965	0	42	43216	43	0	43200
S005_DAY2_MINITWICE_3275	71	Pulse	99	4144937	1972	NA
S005_DAY2_MINITWICE_3275	71	Port Input	1	4144937	1972	NA
S005_DAY2_MINITWICE_3275	71	Response	51	4154164	11199	1
S005_DAY2_MINITWICE_3275	71	Pulse	99	4180938	37973	NA
S005_DAY2_MINITWICE_3275	71	Port Input	1	4180938	37973	NA
S005_DAY2_MINITWICE_3275	71	Picture	65_T_RWTRIAD_RW_almohada_red.png	4186181	43216	1	1900	2	43200	1800
S005_DAY2_MINITWICE_3275	72	Picture	RW	4188280	0	3	43201	4	0	43200
S005_DAY2_MINITWICE_3275	72	Response	51	4203556	15276	1
S005_DAY2_MINITWICE_3275	72	Pulse	99	4216939	28659	NA
S005_DAY2_MINITWICE_3275	72	Port Input	1	4216939	28659	NA
S005_DAY2_MINITWICE_3275	72	Picture	66_T_RWTRIAD_RW_charco_red.png	4231481	43201	1	1900	2	43200	1800
S005_DAY2_MINITWICE_3275	73	Picture	PW	4233581	0	1	43200	2	0	43200
S005_DAY2_MINITWICE_3275	73	Pulse	99	4252940	19359	NA
S005_DAY2_MINITWICE_3275	73	Port Input	1	4252940	19359	NA
S005_DAY2_MINITWICE_3275	73	Response	52	4252959	19378	1
S005_DAY2_MINITWICE_3275	73	Picture	67_T_PWTRIAD_PW_portatil_red.png	4276781	43200	1	1900	2	43200	1800
S005_DAY2_MINITWICE_3275	74	Picture	PW	4278881	0	1	43100	2	0	43200
S005_DAY2_MINITWICE_3275	74	Pulse	99	4288941	10060	NA
S005_DAY2_MINITWICE_3275	74	Port Input	1	4288941	10060	NA
S005_DAY2_MINITWICE_3275	74	Response	51	4291408	12527	1
S005_DAY2_MINITWICE_3275	74	Picture	68_T_PWTRIAD_PW_perro_red.png	4321981	43100	1	1900	2	43200	1800
S005_DAY2_MINITWICE_3275	75	Picture	PW	4324081	0	1	43200	2	0	43200
S005_DAY2_MINITWICE_3275	75	Pulse	99	4324942	861	NA
S005_DAY2_MINITWICE_3275	75	Port Input	1	4324942	861	NA
S005_DAY2_MINITWICE_3275	75	Response	51	4337838	13757	1
S005_DAY2_MINITWICE_3275	75	Pulse	99	4360943	36862	NA
S005_DAY2_MINITWICE_3275	75	Port Input	1	4360943	36862	NA
S005_DAY2_MINITWICE_3275	75	Picture	69_T_PWTRIAD_PW_tenedor_red.png	4367281	43200	1	1899	3	43200	1800
S005_DAY2_MINITWICE_3275	76	Picture	PW	4369380	0	2	43200	3	0	43200
S005_DAY2_MINITWICE_3275	76	Response	51	4382355	12975	2
S005_DAY2_MINITWICE_3275	76	Pulse	99	4396944	27564	NA
S005_DAY2_MINITWICE_3275	76	Port Input	1	4396944	27564	NA
S005_DAY2_MINITWICE_3275	76	Picture	70_T_PWTRIAD_PW_piramide_red.png	4412580	43200	1	1900	2	43200	1800
S005_DAY2_MINITWICE_3275	77	Picture	rest	4414580	0	1	144100	2	0	144000
S005_DAY2_MINITWICE_3275	77	Pulse	99	4432946	18366	NA
S005_DAY2_MINITWICE_3275	77	Port Input	1	4432946	18366	NA
S005_DAY2_MINITWICE_3275	77	Pulse	99	4468947	54367	NA
S005_DAY2_MINITWICE_3275	77	Port Input	1	4468947	54367	NA
S005_DAY2_MINITWICE_3275	77	Pulse	99	4504948	90368	NA
S005_DAY2_MINITWICE_3275	77	Port Input	1	4504948	90368	NA
S005_DAY2_MINITWICE_3275	77	Pulse	99	4540949	126369	NA
S005_DAY2_MINITWICE_3275	77	Port Input	1	4540949	126369	NA
S005_DAY2_MINITWICE_3275	78	Picture	endrest	4558780	0	1	10100	2	0	10000
S005_DAY2_MINITWICE_3275	79	Picture	PW	4569080	0	1	43199	3	0	43200
S005_DAY2_MINITWICE_3275	79	Pulse	99	4576950	7870	NA
S005_DAY2_MINITWICE_3275	79	Port Input	1	4576950	7870	NA
S005_DAY2_MINITWICE_3275	79	Response	52	4583467	14387	1
S005_DAY2_MINITWICE_3275	79	Picture	73_T_PWTRIAD_PW_almohada_red.png	4612279	43199	2	1900	4	43200	1800
S005_DAY2_MINITWICE_3275	79	Pulse	99	4612951	43871	NA
S005_DAY2_MINITWICE_3275	79	Port Input	1	4612951	43871	NA
S005_DAY2_MINITWICE_3275	80	Picture	PW	4614379	0	2	43200	3	0	43200
S005_DAY2_MINITWICE_3275	80	Response	52	4634555	20176	1
S005_DAY2_MINITWICE_3275	80	Pulse	99	4648952	34573	NA
S005_DAY2_MINITWICE_3275	80	Port Input	1	4648952	34573	NA
S005_DAY2_MINITWICE_3275	80	Picture	74_T_PWTRIAD_PW_huevos_red.png	4657579	43200	1	1900	2	43200	1800
S005_DAY2_MINITWICE_3275	81	Picture	PW	4659679	0	1	43200	2	0	43200
S005_DAY2_MINITWICE_3275	81	Response	52	4673685	14006	1
S005_DAY2_MINITWICE_3275	81	Pulse	99	4684953	25274	NA
S005_DAY2_MINITWICE_3275	81	Port Input	1	4684953	25274	NA
S005_DAY2_MINITWICE_3275	81	Picture	75_T_PWTRIAD_PW_telarana_red.png	4702879	43200	1	1900	2	43200	1800
S005_DAY2_MINITWICE_3275	82	Picture	PW	4704979	0	1	43200	2	0	43200
S005_DAY2_MINITWICE_3275	82	Response	51	4718485	13506	2
S005_DAY2_MINITWICE_3275	82	Pulse	99	4720954	15975	NA
S005_DAY2_MINITWICE_3275	82	Port Input	1	4720954	15975	NA
S005_DAY2_MINITWICE_3275	82	Picture	76_T_PWTRIAD_PW_sapo_red.png	4748179	43200	1	1900	2	43200	1800
S005_DAY2_MINITWICE_3275	83	Picture	PW	4750279	0	1	43200	2	0	43200
S005_DAY2_MINITWICE_3275	83	Pulse	99	4756955	6676	NA
S005_DAY2_MINITWICE_3275	83	Port Input	1	4756955	6676	NA
S005_DAY2_MINITWICE_3275	83	Response	51	4766380	16101	1
S005_DAY2_MINITWICE_3275	83	Pulse	99	4792956	42677	NA
S005_DAY2_MINITWICE_3275	83	Port Input	1	4792956	42677	NA
S005_DAY2_MINITWICE_3275	83	Picture	77_T_PWTRIAD_PW_anillo_red.png	4793479	43200	1	1900	2	43200	1800
S005_DAY2_MINITWICE_3275	84	Picture	PW	4795579	0	1	43199	3	0	43200
S005_DAY2_MINITWICE_3275	84	Response	51	4814704	19125	1
S005_DAY2_MINITWICE_3275	84	Pulse	99	4828957	33378	NA
S005_DAY2_MINITWICE_3275	84	Port Input	1	4828957	33378	NA
S005_DAY2_MINITWICE_3275	84	Picture	78_T_PWTRIAD_PW_pincel_red.png	4838778	43199	2	1901	3	43200	1800
S005_DAY2_MINITWICE_3275	85	Picture	PW	4840878	0	2	43200	3	0	43200
S005_DAY2_MINITWICE_3275	85	Response	51	4862958	22080	2
S005_DAY2_MINITWICE_3275	85	Pulse	99	4864958	24080	NA
S005_DAY2_MINITWICE_3275	85	Port Input	1	4864958	24080	NA
S005_DAY2_MINITWICE_3275	85	Picture	79_T_PWTRIAD_PW_bebe_red.png	4884078	43200	1	1900	2	43200	1800
S005_DAY2_MINITWICE_3275	86	Picture	PW	4886178	0	1	43200	2	0	43200
S005_DAY2_MINITWICE_3275	86	Response	51	4900557	14379	1
S005_DAY2_MINITWICE_3275	86	Pulse	99	4900959	14781	NA
S005_DAY2_MINITWICE_3275	86	Port Input	1	4900959	14781	NA
S005_DAY2_MINITWICE_3275	86	Picture	80_T_PWTRIAD_PW_sombrilla_red.png	4929378	43200	1	1900	2	43200	1800
S005_DAY2_MINITWICE_3275	87	Picture	rest	4931378	0	1	144099	3	0	144000
S005_DAY2_MINITWICE_3275	87	Pulse	99	4936961	5583	NA
S005_DAY2_MINITWICE_3275	87	Port Input	1	4936961	5583	NA
S005_DAY2_MINITWICE_3275	87	Pulse	99	4972962	41584	NA
S005_DAY2_MINITWICE_3275	87	Port Input	1	4972962	41584	NA
S005_DAY2_MINITWICE_3275	87	Pulse	99	5008963	77585	NA
S005_DAY2_MINITWICE_3275	87	Port Input	1	5008963	77585	NA
S005_DAY2_MINITWICE_3275	87	Pulse	99	5044964	113586	NA
S005_DAY2_MINITWICE_3275	87	Port Input	1	5044964	113586	NA
S005_DAY2_MINITWICE_3275	88	Picture	endrest	5075577	0	2	10100	4	0	10000
S005_DAY2_MINITWICE_3275	88	Pulse	99	5080965	5388	NA
S005_DAY2_MINITWICE_3275	88	Port Input	1	5080965	5388	NA
S005_DAY2_MINITWICE_3275	89	Picture	FF	5085877	0	2	43200	3	0	43200
S005_DAY2_MINITWICE_3275	89	Response	52	5098637	12760	1
S005_DAY2_MINITWICE_3275	89	Pulse	99	5116966	31089	NA
S005_DAY2_MINITWICE_3275	89	Port Input	1	5116966	31089	NA
S005_DAY2_MINITWICE_3275	89	Picture	83_T_FFTRIAD_FF_banera_red.png	5129077	43200	1	1900	2	43200	1800
S005_DAY2_MINITWICE_3275	90	Picture	FF	5131177	0	1	43200	2	0	43200
S005_DAY2_MINITWICE_3275	90	Response	52	5140289	9112	1
S005_DAY2_MINITWICE_3275	90	Pulse	99	5152967	21790	NA
S005_DAY2_MINITWICE_3275	90	Port Input	1	5152967	21790	NA
S005_DAY2_MINITWICE_3275	90	Picture	84_T_FFTRIAD_FF_bebe_red.png	5174377	43200	1	1900	2	43200	1800
S005_DAY2_MINITWICE_3275	91	Picture	FF	5176477	0	1	43200	2	0	43200
S005_DAY2_MINITWICE_3275	91	Response	51	5184737	8260	1
S005_DAY2_MINITWICE_3275	91	Pulse	99	5188968	12491	NA
S005_DAY2_MINITWICE_3275	91	Port Input	1	5188968	12491	NA
S005_DAY2_MINITWICE_3275	91	Picture	85_T_FFTRIAD_FF_candado_red.png	5219677	43200	1	1900	2	43200	1800
S005_DAY2_MINITWICE_3275	92	Picture	FF	5221777	0	1	43200	2	0	43200
S005_DAY2_MINITWICE_3275	92	Pulse	99	5224969	3192	NA
S005_DAY2_MINITWICE_3275	92	Port Input	1	5224969	3192	NA
S005_DAY2_MINITWICE_3275	92	Response	51	5229291	7514	1
S005_DAY2_MINITWICE_3275	92	Pulse	99	5260970	39193	NA
S005_DAY2_MINITWICE_3275	92	Port Input	1	5260970	39193	NA
S005_DAY2_MINITWICE_3275	92	Picture	86_T_FFTRIAD_FF_sapo_red.png	5264977	43200	1	1900	2	43200	1800
S005_DAY2_MINITWICE_3275	93	Picture	FF	5267077	0	1	43199	3	0	43200
S005_DAY2_MINITWICE_3275	93	Response	52	5275622	8545	1
S005_DAY2_MINITWICE_3275	93	Pulse	99	5296971	29894	NA
S005_DAY2_MINITWICE_3275	93	Port Input	1	5296971	29894	NA
S005_DAY2_MINITWICE_3275	93	Picture	87_T_FFTRIAD_FF_bala_red.png	5310276	43199	2	1900	4	43200	1800
S005_DAY2_MINITWICE_3275	94	Picture	FF	5312376	0	2	43200	3	0	43200
S005_DAY2_MINITWICE_3275	94	Response	52	5324131	11755	1
S005_DAY2_MINITWICE_3275	94	Pulse	99	5332972	20596	NA
S005_DAY2_MINITWICE_3275	94	Port Input	1	5332972	20596	NA
S005_DAY2_MINITWICE_3275	94	Picture	88_T_FFTRIAD_FF_sobre_red.png	5355576	43200	1	1900	2	43200	1800
S005_DAY2_MINITWICE_3275	95	Picture	FF	5357676	0	1	43200	2	0	43200
S005_DAY2_MINITWICE_3275	95	Pulse	99	5368973	11297	NA
S005_DAY2_MINITWICE_3275	95	Port Input	1	5368973	11297	NA
S005_DAY2_MINITWICE_3275	95	Response	51	5369093	11417	2
S005_DAY2_MINITWICE_3275	95	Picture	89_T_FFTRIAD_FF_oruga_red.png	5400876	43200	1	1900	2	43200	1800
S005_DAY2_MINITWICE_3275	96	Picture	FF	5402976	0	1	43200	2	0	43200
S005_DAY2_MINITWICE_3275	96	Pulse	99	5404974	1998	NA
S005_DAY2_MINITWICE_3275	96	Port Input	1	5404974	1998	NA
S005_DAY2_MINITWICE_3275	96	Response	52	5414391	11415	2
S005_DAY2_MINITWICE_3275	96	Pulse	99	5440975	37999	NA
S005_DAY2_MINITWICE_3275	96	Port Input	1	5440975	37999	NA
S005_DAY2_MINITWICE_3275	96	Picture	90_T_FFTRIAD_FF_destornillador_red.png	5446176	43200	1	1900	2	43200	1800
S005_DAY2_MINITWICE_3275	97	Picture	rest	5448176	0	1	144099	2	0	144000
S005_DAY2_MINITWICE_3275	97	Pulse	99	5476976	28800	NA
S005_DAY2_MINITWICE_3275	97	Port Input	1	5476976	28800	NA
S005_DAY2_MINITWICE_3275	97	Pulse	99	5512978	64802	NA
S005_DAY2_MINITWICE_3275	97	Port Input	1	5512978	64802	NA
S005_DAY2_MINITWICE_3275	97	Pulse	99	5548979	100803	NA
S005_DAY2_MINITWICE_3275	97	Port Input	1	5548979	100803	NA
S005_DAY2_MINITWICE_3275	97	Pulse	99	5584980	136804	NA
S005_DAY2_MINITWICE_3275	97	Port Input	1	5584980	136804	NA
S005_DAY2_MINITWICE_3275	98	Picture	endrest	5592375	0	1	10100	2	0	10000
S005_DAY2_MINITWICE_3275	99	Picture	PW	5602675	0	1	43200	2	0	43200
S005_DAY2_MINITWICE_3275	99	Response	51	5615640	12965	1
S005_DAY2_MINITWICE_3275	99	Pulse	99	5620981	18306	NA
S005_DAY2_MINITWICE_3275	99	Port Input	1	5620981	18306	NA
S005_DAY2_MINITWICE_3275	99	Picture	93_T_PWTRIAD_PW_ancla_red.png	5645875	43200	1	1900	2	43200	1800
S005_DAY2_MINITWICE_3275	100	Picture	PW	5647975	0	1	43200	2	0	43200
S005_DAY2_MINITWICE_3275	100	Pulse	99	5656982	9007	NA
S005_DAY2_MINITWICE_3275	100	Port Input	1	5656982	9007	NA
S005_DAY2_MINITWICE_3275	100	Response	51	5663366	15391	1
S005_DAY2_MINITWICE_3275	100	Picture	94_T_PWTRIAD_PW_charco_red.png	5691175	43200	1	1900	2	43200	1800
S005_DAY2_MINITWICE_3275	100	Pulse	99	5692983	45008	NA
S005_DAY2_MINITWICE_3275	100	Port Input	1	5692983	45008	NA
S005_DAY2_MINITWICE_3275	101	Picture	PW	5693275	0	1	43200	2	0	43200
S005_DAY2_MINITWICE_3275	101	Response	51	5708650	15375	1
S005_DAY2_MINITWICE_3275	101	Pulse	99	5728984	35709	NA
S005_DAY2_MINITWICE_3275	101	Port Input	1	5728984	35709	NA
S005_DAY2_MINITWICE_3275	101	Picture	95_T_PWTRIAD_PW_gafas_red.png	5736475	43200	1	1900	2	43200	1800
S005_DAY2_MINITWICE_3275	102	Picture	PW	5738575	0	1	43199	2	0	43200
S005_DAY2_MINITWICE_3275	102	Response	52	5753950	15375	2
S005_DAY2_MINITWICE_3275	102	Pulse	99	5764985	26410	NA
S005_DAY2_MINITWICE_3275	102	Port Input	1	5764985	26410	NA
S005_DAY2_MINITWICE_3275	102	Picture	96_T_PWTRIAD_PW_traje_red.png	5781774	43199	1	1900	2	43200	1800
S005_DAY2_MINITWICE_3275	103	Picture	RW	5783874	0	2	43200	3	0	43200
S005_DAY2_MINITWICE_3275	103	Response	52	5800937	17063	2
S005_DAY2_MINITWICE_3275	103	Pulse	99	5800986	17112	NA
S005_DAY2_MINITWICE_3275	103	Port Input	1	5800986	17112	NA
S005_DAY2_MINITWICE_3275	103	Picture	97_T_RWTRIAD_RW_dado_red.png	5827074	43200	1	1862	42	43200	1800
S005_DAY2_MINITWICE_3275	104	Picture	RW	5829174	0	1	43200	2	0	43200
S005_DAY2_MINITWICE_3275	104	Pulse	99	5836987	7813	NA
S005_DAY2_MINITWICE_3275	104	Port Input	1	5836987	7813	NA
S005_DAY2_MINITWICE_3275	104	Response	51	5842684	13510	1
S005_DAY2_MINITWICE_3275	104	Picture	98_T_RWTRIAD_RW_traje_red.png	5872374	43200	1	1900	2	43200	1800
S005_DAY2_MINITWICE_3275	104	Pulse	99	5872988	43814	NA
S005_DAY2_MINITWICE_3275	104	Port Input	1	5872988	43814	NA
S005_DAY2_MINITWICE_3275	105	Picture	RW	5874474	0	1	43200	2	0	43200
S005_DAY2_MINITWICE_3275	105	Response	52	5884800	10326	1
S005_DAY2_MINITWICE_3275	105	Pulse	99	5908989	34515	NA
S005_DAY2_MINITWICE_3275	105	Port Input	1	5908989	34515	NA
S005_DAY2_MINITWICE_3275	105	Picture	99_T_RWTRIAD_RW_leche_red.png	5917674	43200	1	1900	2	43200	1800
S005_DAY2_MINITWICE_3275	106	Picture	RW	5919774	0	1	43200	2	0	43200
S005_DAY2_MINITWICE_3275	106	Response	51	5929140	9366	2
S005_DAY2_MINITWICE_3275	106	Pulse	99	5944990	25216	NA
S005_DAY2_MINITWICE_3275	106	Port Input	1	5944990	25216	NA
S005_DAY2_MINITWICE_3275	106	Picture	100_T_RWTRIAD_RW_lana_red.png	5962974	43200	1	1900	2	43200	1800
S005_DAY2_MINITWICE_3275	107	Picture	rest	5964974	0	1	144099	2	0	144000
S005_DAY2_MINITWICE_3275	107	Pulse	99	5980991	16017	NA
S005_DAY2_MINITWICE_3275	107	Port Input	1	5980991	16017	NA
S005_DAY2_MINITWICE_3275	107	Pulse	99	6016992	52018	NA
S005_DAY2_MINITWICE_3275	107	Port Input	1	6016992	52018	NA
S005_DAY2_MINITWICE_3275	107	Pulse	99	6052993	88019	NA
S005_DAY2_MINITWICE_3275	107	Port Input	1	6052993	88019	NA
S005_DAY2_MINITWICE_3275	107	Pulse	99	6088995	124021	NA
S005_DAY2_MINITWICE_3275	107	Port Input	1	6088995	124021	NA
S005_DAY2_MINITWICE_3275	108	Picture	endrest	6109173	0	1	10100	2	0	10000
S005_DAY2_MINITWICE_3275	109	Picture	PW	6119473	0	1	43200	2	0	43200
S005_DAY2_MINITWICE_3275	109	Pulse	99	6124996	5523	NA
S005_DAY2_MINITWICE_3275	109	Port Input	1	6124996	5523	NA
S005_DAY2_MINITWICE_3275	109	Response	51	6131456	11983	1
S005_DAY2_MINITWICE_3275	109	Pulse	99	6160997	41524	NA
S005_DAY2_MINITWICE_3275	109	Port Input	1	6160997	41524	NA
S005_DAY2_MINITWICE_3275	109	Picture	103_T_PWTRIAD_PW_cortina_red.png	6162673	43200	1	1900	2	43200	1800
S005_DAY2_MINITWICE_3275	110	Picture	PW	6164773	0	1	43200	2	0	43200
S005_DAY2_MINITWICE_3275	110	Response	52	6180915	16142	1
S005_DAY2_MINITWICE_3275	110	Pulse	99	6196998	32225	NA
S005_DAY2_MINITWICE_3275	110	Port Input	1	6196998	32225	NA
S005_DAY2_MINITWICE_3275	110	Picture	104_T_PWTRIAD_PW_botella_red.png	6207973	43200	1	1899	3	43200	1800
S005_DAY2_MINITWICE_3275	111	Picture	PW	6210072	0	2	43200	3	0	43200
S005_DAY2_MINITWICE_3275	111	Response	52	6223114	13042	2
S005_DAY2_MINITWICE_3275	111	Pulse	99	6232999	22927	NA
S005_DAY2_MINITWICE_3275	111	Port Input	1	6232999	22927	NA
S005_DAY2_MINITWICE_3275	111	Picture	105_T_PWTRIAD_PW_candado_red.png	6253272	43200	1	1900	2	43200	1800
S005_DAY2_MINITWICE_3275	112	Picture	PW	6255372	0	1	43200	2	0	43200
S005_DAY2_MINITWICE_3275	112	Response	51	6268954	13582	1
S005_DAY2_MINITWICE_3275	112	Pulse	99	6269000	13628	NA
S005_DAY2_MINITWICE_3275	112	Port Input	1	6269000	13628	NA
S005_DAY2_MINITWICE_3275	112	Picture	106_T_PWTRIAD_PW_plato_red.png	6298572	43200	1	1900	2	43200	1800
S005_DAY2_MINITWICE_3275	113	Picture	RW	6300672	0	1	43200	2	0	43200
S005_DAY2_MINITWICE_3275	113	Pulse	99	6305001	4329	NA
S005_DAY2_MINITWICE_3275	113	Port Input	1	6305001	4329	NA
S005_DAY2_MINITWICE_3275	113	Response	51	6314650	13978	1
S005_DAY2_MINITWICE_3275	113	Pulse	99	6341002	40330	NA
S005_DAY2_MINITWICE_3275	113	Port Input	1	6341002	40330	NA
S005_DAY2_MINITWICE_3275	113	Picture	107_T_RWTRIAD_RW_candado_red.png	6343872	43200	1	1900	2	43200	1800
S005_DAY2_MINITWICE_3275	114	Picture	RW	6345972	0	1	43200	2	0	43200
S005_DAY2_MINITWICE_3275	114	Response	52	6363734	17762	2
S005_DAY2_MINITWICE_3275	114	Pulse	99	6377003	31031	NA
S005_DAY2_MINITWICE_3275	114	Port Input	1	6377003	31031	NA
S005_DAY2_MINITWICE_3275	114	Picture	108_T_RWTRIAD_RW_murcielago_red.png	6389172	43200	1	1900	2	43200	1800
S005_DAY2_MINITWICE_3275	115	Picture	RW	6391272	0	1	43199	3	0	43200
S005_DAY2_MINITWICE_3275	115	Response	51	6407429	16157	1
S005_DAY2_MINITWICE_3275	115	Pulse	99	6413004	21732	NA
S005_DAY2_MINITWICE_3275	115	Port Input	1	6413004	21732	NA
S005_DAY2_MINITWICE_3275	115	Picture	109_T_RWTRIAD_RW_banera_red.png	6434471	43199	2	1900	4	43200	1800
S005_DAY2_MINITWICE_3275	116	Picture	RW	6436572	0	1	43199	2	0	43200
S005_DAY2_MINITWICE_3275	116	Pulse	99	6449005	12433	NA
S005_DAY2_MINITWICE_3275	116	Port Input	1	6449005	12433	NA
S005_DAY2_MINITWICE_3275	116	Response	52	6450803	14231	1
S005_DAY2_MINITWICE_3275	116	Picture	110_T_RWTRIAD_RW_arbol_red.png	6479771	43199	1	1900	2	43200	1800
S005_DAY2_MINITWICE_3275	117	Picture	rest	6481771	0	1	144100	2	0	144000
S005_DAY2_MINITWICE_3275	117	Pulse	99	6485006	3235	NA
S005_DAY2_MINITWICE_3275	117	Port Input	1	6485006	3235	NA
S005_DAY2_MINITWICE_3275	117	Pulse	99	6521007	39236	NA
S005_DAY2_MINITWICE_3275	117	Port Input	1	6521007	39236	NA
S005_DAY2_MINITWICE_3275	117	Pulse	99	6557008	75237	NA
S005_DAY2_MINITWICE_3275	117	Port Input	1	6557008	75237	NA
S005_DAY2_MINITWICE_3275	117	Pulse	99	6593009	111238	NA
S005_DAY2_MINITWICE_3275	117	Port Input	1	6593009	111238	NA
S005_DAY2_MINITWICE_3275	118	Picture	endrest	6625971	0	1	10100	2	0	10000
S005_DAY2_MINITWICE_3275	118	Pulse	99	6629011	3040	NA
S005_DAY2_MINITWICE_3275	118	Port Input	1	6629011	3040	NA
S005_DAY2_MINITWICE_3275	119	Picture	PW	6636271	0	1	43199	3	0	43200
S005_DAY2_MINITWICE_3275	119	Response	51	6651550	15279	1
S005_DAY2_MINITWICE_3275	119	Pulse	99	6665012	28741	NA
S005_DAY2_MINITWICE_3275	119	Port Input	1	6665012	28741	NA
S005_DAY2_MINITWICE_3275	119	Picture	113_T_PWTRIAD_PW_pilas_red.png	6679470	43199	2	1900	4	43200	1800
S005_DAY2_MINITWICE_3275	120	Picture	PW	6681570	0	2	43200	3	0	43200
S005_DAY2_MINITWICE_3275	120	Response	52	6699158	17588	1
S005_DAY2_MINITWICE_3275	120	Pulse	99	6701013	19443	NA
S005_DAY2_MINITWICE_3275	120	Port Input	1	6701013	19443	NA
S005_DAY2_MINITWICE_3275	120	Picture	114_T_PWTRIAD_PW_television_red.png	6724770	43200	1	1900	2	43200	1800
S005_DAY2_MINITWICE_3275	121	Picture	PW	6726870	0	1	43200	2	0	43200
S005_DAY2_MINITWICE_3275	121	Pulse	99	6737014	10144	NA
S005_DAY2_MINITWICE_3275	121	Port Input	1	6737014	10144	NA
S005_DAY2_MINITWICE_3275	121	Response	51	6744103	17233	1
S005_DAY2_MINITWICE_3275	121	Picture	115_T_PWTRIAD_PW_chupete_red.png	6770070	43200	1	1900	2	43200	1800
S005_DAY2_MINITWICE_3275	122	Picture	PW	6772170	0	1	43200	3	0	43200
S005_DAY2_MINITWICE_3275	122	Pulse	99	6773015	845	NA
S005_DAY2_MINITWICE_3275	122	Port Input	1	6773015	845	NA
S005_DAY2_MINITWICE_3275	122	Response	52	6788594	16424	1
S005_DAY2_MINITWICE_3275	122	Pulse	99	6809016	36846	NA
S005_DAY2_MINITWICE_3275	122	Port Input	1	6809016	36846	NA
S005_DAY2_MINITWICE_3275	122	Picture	116_T_PWTRIAD_PW_cerillas_red.png	6815370	43200	2	1900	4	43200	1800
S005_DAY2_MINITWICE_3275	123	Picture	PW	6817470	0	1	43200	2	0	43200
S005_DAY2_MINITWICE_3275	123	Response	52	6833200	15730	1
S005_DAY2_MINITWICE_3275	123	Pulse	99	6845017	27547	NA
S005_DAY2_MINITWICE_3275	123	Port Input	1	6845017	27547	NA
S005_DAY2_MINITWICE_3275	123	Picture	117_T_PWTRIAD_PW_cinturon_red.png	6860670	43200	1	1900	2	43200	1800
S005_DAY2_MINITWICE_3275	124	Picture	PW	6862770	0	1	43199	3	0	43200
S005_DAY2_MINITWICE_3275	124	Pulse	99	6881018	18248	NA
S005_DAY2_MINITWICE_3275	124	Port Input	1	6881018	18248	NA
S005_DAY2_MINITWICE_3275	124	Response	52	6881019	18249	1
S005_DAY2_MINITWICE_3275	124	Picture	118_T_PWTRIAD_PW_molino_red.png	6905969	43199	2	1900	4	43200	1800
S005_DAY2_MINITWICE_3275	125	Picture	PW	6908069	0	2	43200	3	0	43200
S005_DAY2_MINITWICE_3275	125	Pulse	99	6917019	8950	NA
S005_DAY2_MINITWICE_3275	125	Port Input	1	6917019	8950	NA
S005_DAY2_MINITWICE_3275	125	Response	51	6926773	18704	1
S005_DAY2_MINITWICE_3275	125	Picture	119_T_PWTRIAD_PW_esquimal_red.png	6951269	43200	1	1900	3	43200	1800
S005_DAY2_MINITWICE_3275	125	Pulse	99	6953020	44951	NA
S005_DAY2_MINITWICE_3275	125	Port Input	1	6953020	44951	NA
S005_DAY2_MINITWICE_3275	126	Picture	PW	6953369	0	1	43200	2	0	43200
S005_DAY2_MINITWICE_3275	126	Response	52	6979109	25740	1
S005_DAY2_MINITWICE_3275	126	Pulse	99	6989021	35652	NA
S005_DAY2_MINITWICE_3275	126	Port Input	1	6989021	35652	NA
S005_DAY2_MINITWICE_3275	126	Picture	120_T_PWTRIAD_PW_lenador_red.png	6996569	43200	1	1900	2	43200	1800
S005_DAY2_MINITWICE_3275	127	Picture	rest	6998569	0	1	144099	2	0	144000
S005_DAY2_MINITWICE_3275	127	Pulse	99	7025022	26453	NA
S005_DAY2_MINITWICE_3275	127	Port Input	1	7025022	26453	NA
S005_DAY2_MINITWICE_3275	127	Pulse	99	7061023	62454	NA
S005_DAY2_MINITWICE_3275	127	Port Input	1	7061023	62454	NA
S005_DAY2_MINITWICE_3275	127	Pulse	99	7097024	98455	NA
S005_DAY2_MINITWICE_3275	127	Port Input	1	7097024	98455	NA
S005_DAY2_MINITWICE_3275	127	Pulse	99	7133025	134456	NA
S005_DAY2_MINITWICE_3275	127	Port Input	1	7133025	134456	NA
S005_DAY2_MINITWICE_3275	128	Picture	endrest	7142768	0	2	10100	3	0	10000
S005_DAY2_MINITWICE_3275	129	Picture	PW	7153068	0	1	43200	2	0	43200
S005_DAY2_MINITWICE_3275	129	Pulse	99	7169026	15958	NA
S005_DAY2_MINITWICE_3275	129	Port Input	1	7169026	15958	NA
S005_DAY2_MINITWICE_3275	129	Response	51	7170318	17250	1
S005_DAY2_MINITWICE_3275	129	Picture	123_T_PWTRIAD_PW_martillo_red.png	7196268	43200	1	1900	2	43200	1800
S005_DAY2_MINITWICE_3275	130	Picture	PW	7198368	0	1	43200	2	0	43200
S005_DAY2_MINITWICE_3275	130	Pulse	99	7205028	6660	NA
S005_DAY2_MINITWICE_3275	130	Port Input	1	7205028	6660	NA
S005_DAY2_MINITWICE_3275	130	Response	52	7212752	14384	41
S005_DAY2_MINITWICE_3275	130	Pulse	99	7241029	42661	NA
S005_DAY2_MINITWICE_3275	130	Port Input	1	7241029	42661	NA
S005_DAY2_MINITWICE_3275	130	Picture	124_T_PWTRIAD_PW_paraguas_red.png	7241568	43200	1	1900	2	43200	1800
S005_DAY2_MINITWICE_3275	131	Picture	PW	7243668	0	1	43200	2	0	43200
S005_DAY2_MINITWICE_3275	131	Response	51	7260556	16888	1
S005_DAY2_MINITWICE_3275	131	Pulse	99	7277030	33362	NA
S005_DAY2_MINITWICE_3275	131	Port Input	1	7277030	33362	NA
S005_DAY2_MINITWICE_3275	131	Picture	125_T_PWTRIAD_PW_teclado_red.png	7286868	43200	1	1900	2	43200	1800
S005_DAY2_MINITWICE_3275	132	Picture	PW	7288965	0	5	43203	6	0	43200
S005_DAY2_MINITWICE_3275	132	Response	52	7304819	15854	1
S005_DAY2_MINITWICE_3275	132	Pulse	99	7313031	24066	NA
S005_DAY2_MINITWICE_3275	132	Port Input	1	7313031	24066	NA
S005_DAY2_MINITWICE_3275	132	Picture	126_T_PWTRIAD_PW_ascensor_red.png	7332168	43203	1	1900	2	43200	1800
S005_DAY2_MINITWICE_3275	133	Picture	PW	7334268	0	1	43199	2	0	43200
S005_DAY2_MINITWICE_3275	133	Response	51	7346452	12184	1
S005_DAY2_MINITWICE_3275	133	Pulse	99	7349032	14764	NA
S005_DAY2_MINITWICE_3275	133	Port Input	1	7349032	14764	NA
S005_DAY2_MINITWICE_3275	133	Picture	127_T_PWTRIAD_PW_zanahoria_red.png	7377467	43199	1	1900	2	43200	1800
S005_DAY2_MINITWICE_3275	134	Picture	PW	7379567	0	1	43200	2	0	43200
S005_DAY2_MINITWICE_3275	134	Pulse	99	7385033	5466	NA
S005_DAY2_MINITWICE_3275	134	Port Input	1	7385033	5466	NA
S005_DAY2_MINITWICE_3275	134	Response	52	7402218	22651	1
S005_DAY2_MINITWICE_3275	134	Pulse	99	7421034	41467	NA
S005_DAY2_MINITWICE_3275	134	Port Input	1	7421034	41467	NA
S005_DAY2_MINITWICE_3275	134	Picture	128_T_PWTRIAD_PW_silla_red.png	7422767	43200	1	1900	2	43200	1800
S005_DAY2_MINITWICE_3275	135	Picture	PW	7424867	0	1	43200	2	0	43200
S005_DAY2_MINITWICE_3275	135	Response	52	7442735	17868	1
S005_DAY2_MINITWICE_3275	135	Pulse	99	7457035	32168	NA
S005_DAY2_MINITWICE_3275	135	Port Input	1	7457035	32168	NA
S005_DAY2_MINITWICE_3275	135	Picture	129_T_PWTRIAD_PW_madera_red.png	7468067	43200	1	1900	2	43200	1800
S005_DAY2_MINITWICE_3275	136	Picture	PW	7470167	0	1	43200	2	0	43200
S005_DAY2_MINITWICE_3275	136	Response	51	7488511	18344	1
S005_DAY2_MINITWICE_3275	136	Pulse	99	7493036	22869	NA
S005_DAY2_MINITWICE_3275	136	Port Input	1	7493036	22869	NA
S005_DAY2_MINITWICE_3275	136	Picture	130_T_PWTRIAD_PW_novia_red.png	7513367	43200	1	1900	2	43200	1800
S005_DAY2_MINITWICE_3275	137	Picture	rest	7515367	0	1	144099	2	0	144000
S005_DAY2_MINITWICE_3275	137	Pulse	99	7529037	13670	NA
S005_DAY2_MINITWICE_3275	137	Port Input	1	7529037	13670	NA
S005_DAY2_MINITWICE_3275	137	Pulse	99	7565038	49671	NA
S005_DAY2_MINITWICE_3275	137	Port Input	1	7565038	49671	NA
S005_DAY2_MINITWICE_3275	137	Pulse	99	7601039	85672	NA
S005_DAY2_MINITWICE_3275	137	Port Input	1	7601039	85672	NA
S005_DAY2_MINITWICE_3275	137	Pulse	99	7637040	121673	NA
S005_DAY2_MINITWICE_3275	137	Port Input	1	7637040	121673	NA
S005_DAY2_MINITWICE_3275	138	Picture	endrest	7659566	0	1	10100	2	0	10000
S005_DAY2_MINITWICE_3275	139	Picture	RW	7669866	0	1	43200	2	0	43200
S005_DAY2_MINITWICE_3275	139	Pulse	99	7673041	3175	NA
S005_DAY2_MINITWICE_3275	139	Port Input	1	7673041	3175	NA
S005_DAY2_MINITWICE_3275	139	Response	51	7684142	14276	2
S005_DAY2_MINITWICE_3275	139	Pulse	99	7709042	39176	NA
S005_DAY2_MINITWICE_3275	139	Port Input	1	7709042	39176	NA
S005_DAY2_MINITWICE_3275	139	Picture	133_T_RWTRIAD_RW_policia_red.png	7713066	43200	1	1900	2	43200	1800
S005_DAY2_MINITWICE_3275	140	Picture	RW	7715166	0	1	43200	2	0	43200
S005_DAY2_MINITWICE_3275	140	Response	52	7732516	17350	1
S005_DAY2_MINITWICE_3275	140	Pulse	99	7745043	29877	NA
S005_DAY2_MINITWICE_3275	140	Port Input	1	7745043	29877	NA
S005_DAY2_MINITWICE_3275	140	Picture	134_T_RWTRIAD_RW_plato_red.png	7758366	43200	1	1900	2	43200	1800
S005_DAY2_MINITWICE_3275	141	Picture	RW	7760466	0	1	43199	3	0	43200
S005_DAY2_MINITWICE_3275	141	Response	51	7773046	12580	1
S005_DAY2_MINITWICE_3275	141	Pulse	99	7781045	20579	NA
S005_DAY2_MINITWICE_3275	141	Port Input	1	7781045	20579	NA
S005_DAY2_MINITWICE_3275	141	Picture	135_T_RWTRIAD_RW_zanahoria_red.png	7803665	43199	2	1900	4	43200	1800
S005_DAY2_MINITWICE_3275	142	Picture	RW	7805765	0	2	43200	3	0	43200
S005_DAY2_MINITWICE_3275	142	Pulse	99	7817046	11281	NA
S005_DAY2_MINITWICE_3275	142	Port Input	1	7817046	11281	NA
S005_DAY2_MINITWICE_3275	142	Response	51	7817334	11569	1
S005_DAY2_MINITWICE_3275	142	Picture	136_T_RWTRIAD_RW_pizarra_red.png	7848965	43200	1	1900	2	43200	1800
S005_DAY2_MINITWICE_3275	143	Picture	rest	7850965	0	1	144100	2	0	144000
S005_DAY2_MINITWICE_3275	143	Pulse	99	7853047	2082	NA
S005_DAY2_MINITWICE_3275	143	Port Input	1	7853047	2082	NA
S005_DAY2_MINITWICE_3275	143	Pulse	99	7889048	38083	NA
S005_DAY2_MINITWICE_3275	143	Port Input	1	7889048	38083	NA
S005_DAY2_MINITWICE_3275	144	Picture	endrest	7995165	0	1	10100	2	0	10000
S005_DAY2_MINITWICE_3275	145	Picture	endrest	8005365	0	1	10100	2	0	10000
S005_DAY2_MINITWICE_3275	146	Picture	endrest	8015565	0	1	10100	2	0	10000
S005_DAY2_MINITWICE_3275	147	Picture	endrest	8025764	0	2	10101	3	0	10000
