Scenario - vOT_Triads_fMRI_II
Logfile written - 05/14/2015 12:48:05

Subject	Trial	Event Type	Code	Time	TTime	Uncertainty	Duration	Uncertainty	ReqTime	ReqDur

S006_DAY2_MINITWICE_29	1	Pulse	99	155004	164925	NA
S006_DAY2_MINITWICE_29	1	Port Input	1	155004	164925	NA
S006_DAY2_MINITWICE_29	1	Pulse	99	191005	200926	NA
S006_DAY2_MINITWICE_29	1	Port Input	1	191005	200926	NA
S006_DAY2_MINITWICE_29	1	Pulse	99	227006	236927	NA
S006_DAY2_MINITWICE_29	1	Port Input	1	227006	236927	NA
S006_DAY2_MINITWICE_29	1	Pulse	99	263007	272928	NA
S006_DAY2_MINITWICE_29	1	Port Input	1	263007	272928	NA
S006_DAY2_MINITWICE_29	1	Pulse	99	299008	308929	NA
S006_DAY2_MINITWICE_29	1	Port Input	1	299008	308929	NA
S006_DAY2_MINITWICE_29	2	Picture	rest	299298	0	1	144099	3	0	144000
S006_DAY2_MINITWICE_29	2	Pulse	99	335009	35711	NA
S006_DAY2_MINITWICE_29	2	Port Input	1	335009	35711	NA
S006_DAY2_MINITWICE_29	2	Pulse	99	371011	71713	NA
S006_DAY2_MINITWICE_29	2	Port Input	1	371011	71713	NA
S006_DAY2_MINITWICE_29	2	Pulse	99	407012	107714	NA
S006_DAY2_MINITWICE_29	2	Port Input	1	407012	107714	NA
S006_DAY2_MINITWICE_29	2	Pulse	99	443013	143715	NA
S006_DAY2_MINITWICE_29	2	Port Input	1	443013	143715	NA
S006_DAY2_MINITWICE_29	3	Picture	endrest	443497	0	2	10100	4	0	10000
S006_DAY2_MINITWICE_29	4	Picture	PW	453797	0	2	43200	3	0	43200
S006_DAY2_MINITWICE_29	4	Response	52	472072	18275	1
S006_DAY2_MINITWICE_29	4	Pulse	99	479014	25217	NA
S006_DAY2_MINITWICE_29	4	Port Input	1	479014	25217	NA
S006_DAY2_MINITWICE_29	4	Picture	3_T_PWTRIAD_PW_chupete_red.png	496997	43200	1	1900	2	43200	1800
S006_DAY2_MINITWICE_29	5	Picture	PW	499097	0	1	43200	2	0	43200
S006_DAY2_MINITWICE_29	5	Pulse	99	515015	15918	NA
S006_DAY2_MINITWICE_29	5	Port Input	1	515015	15918	NA
S006_DAY2_MINITWICE_29	5	Response	52	519012	19915	1
S006_DAY2_MINITWICE_29	5	Picture	4_T_PWTRIAD_PW_futbol_red.png	542297	43200	1	1900	2	43200	1800
S006_DAY2_MINITWICE_29	6	Picture	PW	544397	0	1	43200	2	0	43200
S006_DAY2_MINITWICE_29	6	Pulse	99	551016	6619	NA
S006_DAY2_MINITWICE_29	6	Port Input	1	551016	6619	NA
S006_DAY2_MINITWICE_29	6	Response	52	565129	20732	1
S006_DAY2_MINITWICE_29	6	Pulse	99	587017	42620	NA
S006_DAY2_MINITWICE_29	6	Port Input	1	587017	42620	NA
S006_DAY2_MINITWICE_29	6	Picture	5_T_PWTRIAD_PW_bebe_red.png	587597	43200	1	1900	2	43200	1800
S006_DAY2_MINITWICE_29	7	Picture	PW	589697	0	1	43200	2	0	43200
S006_DAY2_MINITWICE_29	7	Response	52	606597	16900	1
S006_DAY2_MINITWICE_29	7	Pulse	99	623018	33321	NA
S006_DAY2_MINITWICE_29	7	Port Input	1	623018	33321	NA
S006_DAY2_MINITWICE_29	7	Picture	6_T_PWTRIAD_PW_pizarra_red.png	632897	43200	1	1900	2	43200	1800
S006_DAY2_MINITWICE_29	8	Picture	PW	634997	0	1	43199	3	0	43200
S006_DAY2_MINITWICE_29	8	Pulse	99	659019	24022	NA
S006_DAY2_MINITWICE_29	8	Port Input	1	659019	24022	NA
S006_DAY2_MINITWICE_29	8	Response	52	660592	25595	1
S006_DAY2_MINITWICE_29	8	Picture	7_T_PWTRIAD_PW_teclado_red.png	678196	43199	2	1900	4	43200	1800
S006_DAY2_MINITWICE_29	9	Picture	PW	680296	0	2	43200	3	0	43200
S006_DAY2_MINITWICE_29	9	Pulse	99	695020	14724	NA
S006_DAY2_MINITWICE_29	9	Port Input	1	695020	14724	NA
S006_DAY2_MINITWICE_29	9	Response	52	713597	33301	1
S006_DAY2_MINITWICE_29	9	Picture	8_T_PWTRIAD_PW_almohada_red.png	723496	43200	1	1900	2	43200	1800
S006_DAY2_MINITWICE_29	10	Picture	PW	725596	0	1	43200	2	0	43200
S006_DAY2_MINITWICE_29	10	Pulse	99	731021	5425	NA
S006_DAY2_MINITWICE_29	10	Port Input	1	731021	5425	NA
S006_DAY2_MINITWICE_29	10	Response	52	750108	24512	1
S006_DAY2_MINITWICE_29	10	Pulse	99	767022	41426	NA
S006_DAY2_MINITWICE_29	10	Port Input	1	767022	41426	NA
S006_DAY2_MINITWICE_29	10	Picture	9_T_PWTRIAD_PW_paracaidas_red.png	768796	43200	1	1900	2	43200	1800
S006_DAY2_MINITWICE_29	11	Picture	PW	770896	0	1	43200	2	0	43200
S006_DAY2_MINITWICE_29	11	Response	51	796524	25628	1
S006_DAY2_MINITWICE_29	11	Pulse	99	803024	32128	NA
S006_DAY2_MINITWICE_29	11	Port Input	1	803024	32128	NA
S006_DAY2_MINITWICE_29	11	Picture	10_T_PWTRIAD_PW_lenador_red.png	814096	43200	1	1900	2	43200	1800
S006_DAY2_MINITWICE_29	12	Picture	rest	816096	0	1	144099	2	0	144000
S006_DAY2_MINITWICE_29	12	Pulse	99	839025	22929	NA
S006_DAY2_MINITWICE_29	12	Port Input	1	839025	22929	NA
S006_DAY2_MINITWICE_29	12	Pulse	99	875026	58930	NA
S006_DAY2_MINITWICE_29	12	Port Input	1	875026	58930	NA
S006_DAY2_MINITWICE_29	12	Pulse	99	911027	94931	NA
S006_DAY2_MINITWICE_29	12	Port Input	1	911027	94931	NA
S006_DAY2_MINITWICE_29	12	Pulse	99	947028	130932	NA
S006_DAY2_MINITWICE_29	12	Port Input	1	947028	130932	NA
S006_DAY2_MINITWICE_29	13	Picture	endrest	960295	0	1	10100	2	0	10000
S006_DAY2_MINITWICE_29	14	Picture	RW	970595	0	1	43200	2	0	43200
S006_DAY2_MINITWICE_29	14	Pulse	99	983029	12434	NA
S006_DAY2_MINITWICE_29	14	Port Input	1	983029	12434	NA
S006_DAY2_MINITWICE_29	14	Response	52	994925	24330	1
S006_DAY2_MINITWICE_29	14	Picture	13_T_RWTRIAD_RW_martillo_red.png	1013795	43200	1	1900	2	43200	1800
S006_DAY2_MINITWICE_29	15	Picture	RW	1015895	0	1	43200	2	0	43200
S006_DAY2_MINITWICE_29	15	Pulse	99	1019030	3135	NA
S006_DAY2_MINITWICE_29	15	Port Input	1	1019030	3135	NA
S006_DAY2_MINITWICE_29	15	Response	52	1028859	12964	1
S006_DAY2_MINITWICE_29	15	Pulse	99	1055031	39136	NA
S006_DAY2_MINITWICE_29	15	Port Input	1	1055031	39136	NA
S006_DAY2_MINITWICE_29	15	Picture	14_T_RWTRIAD_RW_agua_red.png	1059095	43200	1	1900	2	43200	1800
S006_DAY2_MINITWICE_29	16	Picture	RW	1061195	0	1	43200	2	0	43200
S006_DAY2_MINITWICE_29	16	Response	51	1080839	19644	2
S006_DAY2_MINITWICE_29	16	Pulse	99	1091032	29837	NA
S006_DAY2_MINITWICE_29	16	Port Input	1	1091032	29837	NA
S006_DAY2_MINITWICE_29	16	Picture	15_T_RWTRIAD_RW_charco_red.png	1104395	43200	1	1900	2	43200	1800
S006_DAY2_MINITWICE_29	17	Picture	RW	1106495	0	1	43200	2	0	43200
S006_DAY2_MINITWICE_29	17	Response	52	1121884	15389	1
S006_DAY2_MINITWICE_29	17	Pulse	99	1127033	20538	NA
S006_DAY2_MINITWICE_29	17	Port Input	1	1127033	20538	NA
S006_DAY2_MINITWICE_29	17	Picture	16_T_RWTRIAD_RW_sobre_red.png	1149695	43200	1	1900	2	43200	1800
S006_DAY2_MINITWICE_29	18	Picture	RW	1151795	0	1	43199	2	0	43200
S006_DAY2_MINITWICE_29	18	Pulse	99	1163034	11239	NA
S006_DAY2_MINITWICE_29	18	Port Input	1	1163034	11239	NA
S006_DAY2_MINITWICE_29	18	Response	52	1166088	14293	1
S006_DAY2_MINITWICE_29	18	Picture	17_T_RWTRIAD_RW_esquimal_red.png	1194994	43199	1	1900	3	43200	1800
S006_DAY2_MINITWICE_29	19	Picture	RW	1197094	0	2	43200	3	0	43200
S006_DAY2_MINITWICE_29	19	Pulse	99	1199035	1941	NA
S006_DAY2_MINITWICE_29	19	Port Input	1	1199035	1941	NA
S006_DAY2_MINITWICE_29	19	Response	51	1215928	18834	1
S006_DAY2_MINITWICE_29	19	Pulse	99	1235036	37942	NA
S006_DAY2_MINITWICE_29	19	Port Input	1	1235036	37942	NA
S006_DAY2_MINITWICE_29	19	Picture	18_T_RWTRIAD_RW_lana_red.png	1240294	43200	1	1900	2	43200	1800
S006_DAY2_MINITWICE_29	20	Picture	RW	1242394	0	1	43200	2	0	43200
S006_DAY2_MINITWICE_29	20	Response	52	1262634	20240	1
S006_DAY2_MINITWICE_29	20	Pulse	99	1271038	28644	NA
S006_DAY2_MINITWICE_29	20	Port Input	1	1271038	28644	NA
S006_DAY2_MINITWICE_29	20	Picture	19_T_RWTRIAD_RW_raton_red.png	1285594	43200	1	1900	2	43200	1800
S006_DAY2_MINITWICE_29	21	Picture	RW	1287694	0	1	43200	2	0	43200
S006_DAY2_MINITWICE_29	21	Response	52	1300965	13271	2
S006_DAY2_MINITWICE_29	21	Pulse	99	1307039	19345	NA
S006_DAY2_MINITWICE_29	21	Port Input	1	1307039	19345	NA
S006_DAY2_MINITWICE_29	21	Picture	20_T_RWTRIAD_RW_mono_red.png	1330894	43200	1	1900	2	43200	1800
S006_DAY2_MINITWICE_29	22	Picture	rest	1332894	0	1	144099	2	0	144000
S006_DAY2_MINITWICE_29	22	Pulse	99	1343040	10146	NA
S006_DAY2_MINITWICE_29	22	Port Input	1	1343040	10146	NA
S006_DAY2_MINITWICE_29	22	Pulse	99	1379041	46147	NA
S006_DAY2_MINITWICE_29	22	Port Input	1	1379041	46147	NA
S006_DAY2_MINITWICE_29	22	Pulse	99	1415042	82148	NA
S006_DAY2_MINITWICE_29	22	Port Input	1	1415042	82148	NA
S006_DAY2_MINITWICE_29	22	Pulse	99	1451043	118149	NA
S006_DAY2_MINITWICE_29	22	Port Input	1	1451043	118149	NA
S006_DAY2_MINITWICE_29	23	Picture	endrest	1477093	0	1	10100	2	0	10000
S006_DAY2_MINITWICE_29	23	Pulse	99	1487044	9951	NA
S006_DAY2_MINITWICE_29	23	Port Input	1	1487044	9951	NA
S006_DAY2_MINITWICE_29	24	Picture	RW	1487393	0	1	43200	2	0	43200
S006_DAY2_MINITWICE_29	24	Response	52	1505220	17827	1
S006_DAY2_MINITWICE_29	24	Pulse	99	1523045	35652	NA
S006_DAY2_MINITWICE_29	24	Port Input	1	1523045	35652	NA
S006_DAY2_MINITWICE_29	24	Picture	23_T_RWTRIAD_RW_destornillador_red.png	1530593	43200	1	1900	2	43200	1800
S006_DAY2_MINITWICE_29	25	Picture	RW	1532693	0	1	43200	2	0	43200
S006_DAY2_MINITWICE_29	25	Response	51	1551007	18314	1
S006_DAY2_MINITWICE_29	25	Pulse	99	1559046	26353	NA
S006_DAY2_MINITWICE_29	25	Port Input	1	1559046	26353	NA
S006_DAY2_MINITWICE_29	25	Picture	24_T_RWTRIAD_RW_portatil_red.png	1575893	43200	1	1900	2	43200	1800
S006_DAY2_MINITWICE_29	26	Picture	RW	1577993	0	1	43200	2	0	43200
S006_DAY2_MINITWICE_29	26	Response	52	1592817	14824	1
S006_DAY2_MINITWICE_29	26	Pulse	99	1595047	17054	NA
S006_DAY2_MINITWICE_29	26	Port Input	1	1595047	17054	NA
S006_DAY2_MINITWICE_29	26	Picture	25_T_RWTRIAD_RW_dado_red.png	1621193	43200	1	1900	2	43200	1800
S006_DAY2_MINITWICE_29	27	Picture	RW	1623293	0	1	43200	2	0	43200
S006_DAY2_MINITWICE_29	27	Pulse	99	1631048	7755	NA
S006_DAY2_MINITWICE_29	27	Port Input	1	1631048	7755	NA
S006_DAY2_MINITWICE_29	27	Response	52	1642176	18883	1
S006_DAY2_MINITWICE_29	27	Picture	26_T_RWTRIAD_RW_llave_red.png	1666493	43200	1	1899	3	43200	1800
S006_DAY2_MINITWICE_29	27	Pulse	99	1667049	43756	NA
S006_DAY2_MINITWICE_29	27	Port Input	1	1667049	43756	NA
S006_DAY2_MINITWICE_29	28	Picture	PW	1668592	0	2	43200	3	0	43200
S006_DAY2_MINITWICE_29	28	Response	51	1686218	17626	1
S006_DAY2_MINITWICE_29	28	Pulse	99	1703050	34458	NA
S006_DAY2_MINITWICE_29	28	Port Input	1	1703050	34458	NA
S006_DAY2_MINITWICE_29	28	Picture	27_T_PWTRIAD_PW_novia_red.png	1711792	43200	1	1900	2	43200	1800
S006_DAY2_MINITWICE_29	29	Picture	PW	1713892	0	1	43200	2	0	43200
S006_DAY2_MINITWICE_29	29	Pulse	99	1739051	25159	NA
S006_DAY2_MINITWICE_29	29	Port Input	1	1739051	25159	NA
S006_DAY2_MINITWICE_29	29	Response	51	1739293	25401	1
S006_DAY2_MINITWICE_29	29	Picture	28_T_PWTRIAD_PW_agua_red.png	1757092	43200	1	1900	2	43200	1800
S006_DAY2_MINITWICE_29	30	Picture	PW	1759192	0	1	43200	2	0	43200
S006_DAY2_MINITWICE_29	30	Pulse	99	1775053	15861	NA
S006_DAY2_MINITWICE_29	30	Port Input	1	1775053	15861	NA
S006_DAY2_MINITWICE_29	30	Response	52	1779497	20305	1
S006_DAY2_MINITWICE_29	30	Picture	29_T_PWTRIAD_PW_lana_red.png	1802392	43200	1	1900	2	43200	1800
S006_DAY2_MINITWICE_29	31	Picture	PW	1804492	0	1	43200	2	0	43200
S006_DAY2_MINITWICE_29	31	Pulse	99	1811054	6562	NA
S006_DAY2_MINITWICE_29	31	Port Input	1	1811054	6562	NA
S006_DAY2_MINITWICE_29	31	Response	51	1830217	25725	1
S006_DAY2_MINITWICE_29	31	Pulse	99	1847055	42563	NA
S006_DAY2_MINITWICE_29	31	Port Input	1	1847055	42563	NA
S006_DAY2_MINITWICE_29	31	Picture	30_T_PWTRIAD_PW_portatil_red.png	1847692	43200	1	1900	2	43200	1800
S006_DAY2_MINITWICE_29	32	Picture	rest	1849692	0	1	144099	2	0	144000
S006_DAY2_MINITWICE_29	32	Pulse	99	1883056	33364	NA
S006_DAY2_MINITWICE_29	32	Port Input	1	1883056	33364	NA
S006_DAY2_MINITWICE_29	32	Pulse	99	1919057	69365	NA
S006_DAY2_MINITWICE_29	32	Port Input	1	1919057	69365	NA
S006_DAY2_MINITWICE_29	32	Pulse	99	1955058	105366	NA
S006_DAY2_MINITWICE_29	32	Port Input	1	1955058	105366	NA
S006_DAY2_MINITWICE_29	32	Pulse	99	1991059	141367	NA
S006_DAY2_MINITWICE_29	32	Port Input	1	1991059	141367	NA
S006_DAY2_MINITWICE_29	33	Picture	endrest	1993891	0	1	10100	2	0	10000
S006_DAY2_MINITWICE_29	34	Picture	PW	2004191	0	1	43200	2	0	43200
S006_DAY2_MINITWICE_29	34	Pulse	99	2027060	22869	NA
S006_DAY2_MINITWICE_29	34	Port Input	1	2027060	22869	NA
S006_DAY2_MINITWICE_29	34	Response	52	2027849	23658	1
S006_DAY2_MINITWICE_29	34	Picture	33_T_PWTRIAD_PW_banera_red.png	2047391	43200	1	1900	2	43200	1800
S006_DAY2_MINITWICE_29	35	Picture	PW	2049491	0	1	43200	2	0	43200
S006_DAY2_MINITWICE_29	35	Pulse	99	2063061	13570	NA
S006_DAY2_MINITWICE_29	35	Port Input	1	2063061	13570	NA
S006_DAY2_MINITWICE_29	35	Response	51	2067617	18126	1
S006_DAY2_MINITWICE_29	35	Picture	34_T_PWTRIAD_PW_bala_red.png	2092691	43200	1	1900	2	43200	1800
S006_DAY2_MINITWICE_29	36	Picture	PW	2094791	0	1	43200	2	0	43200
S006_DAY2_MINITWICE_29	36	Pulse	99	2099062	4271	NA
S006_DAY2_MINITWICE_29	36	Port Input	1	2099062	4271	NA
S006_DAY2_MINITWICE_29	36	Response	52	2116103	21312	2
S006_DAY2_MINITWICE_29	36	Pulse	99	2135063	40272	NA
S006_DAY2_MINITWICE_29	36	Port Input	1	2135063	40272	NA
S006_DAY2_MINITWICE_29	36	Picture	35_T_PWTRIAD_PW_manos_red.png	2137991	43200	1	1900	2	43200	1800
S006_DAY2_MINITWICE_29	37	Picture	PW	2140091	0	1	43199	2	0	43200
S006_DAY2_MINITWICE_29	37	Response	52	2163543	23452	1
S006_DAY2_MINITWICE_29	37	Pulse	99	2171064	30973	NA
S006_DAY2_MINITWICE_29	37	Port Input	1	2171064	30973	NA
S006_DAY2_MINITWICE_29	37	Picture	36_T_PWTRIAD_PW_policia_red.png	2183290	43199	1	1900	3	43200	1800
S006_DAY2_MINITWICE_29	38	Picture	FF	2185390	0	1	43200	2	0	43200
S006_DAY2_MINITWICE_29	38	Response	51	2204859	19469	1
S006_DAY2_MINITWICE_29	38	Pulse	99	2207065	21675	NA
S006_DAY2_MINITWICE_29	38	Port Input	1	2207065	21675	NA
S006_DAY2_MINITWICE_29	38	Picture	37_T_FFTRIAD_FF_television_red.png	2228590	43200	1	1900	2	43200	1800
S006_DAY2_MINITWICE_29	39	Picture	FF	2230690	0	1	43200	2	0	43200
S006_DAY2_MINITWICE_29	39	Pulse	99	2243067	12377	NA
S006_DAY2_MINITWICE_29	39	Port Input	1	2243067	12377	NA
S006_DAY2_MINITWICE_29	39	Response	51	2247362	16672	1
S006_DAY2_MINITWICE_29	39	Picture	38_T_FFTRIAD_FF_tenedor_red.png	2273890	43200	1	1900	2	43200	1800
S006_DAY2_MINITWICE_29	40	Picture	FF	2275990	0	1	43200	2	0	43200
S006_DAY2_MINITWICE_29	40	Pulse	99	2279068	3078	NA
S006_DAY2_MINITWICE_29	40	Port Input	1	2279068	3078	NA
S006_DAY2_MINITWICE_29	40	Response	52	2297550	21560	2
S006_DAY2_MINITWICE_29	40	Pulse	99	2315069	39079	NA
S006_DAY2_MINITWICE_29	40	Port Input	1	2315069	39079	NA
S006_DAY2_MINITWICE_29	40	Picture	39_T_FFTRIAD_FF_gafas_red.png	2319190	43200	1	1900	2	43200	1800
S006_DAY2_MINITWICE_29	41	Picture	FF	2321290	0	1	43200	2	0	43200
S006_DAY2_MINITWICE_29	41	Response	52	2335590	14300	1
S006_DAY2_MINITWICE_29	41	Pulse	99	2351070	29780	NA
S006_DAY2_MINITWICE_29	41	Port Input	1	2351070	29780	NA
S006_DAY2_MINITWICE_29	41	Picture	40_T_FFTRIAD_FF_sobre_red.png	2364490	43200	1	1900	2	43200	1800
S006_DAY2_MINITWICE_29	42	Picture	rest	2366490	0	1	144099	2	0	144000
S006_DAY2_MINITWICE_29	42	Pulse	99	2387071	20581	NA
S006_DAY2_MINITWICE_29	42	Port Input	1	2387071	20581	NA
S006_DAY2_MINITWICE_29	42	Pulse	99	2423072	56582	NA
S006_DAY2_MINITWICE_29	42	Port Input	1	2423072	56582	NA
S006_DAY2_MINITWICE_29	42	Pulse	99	2459073	92583	NA
S006_DAY2_MINITWICE_29	42	Port Input	1	2459073	92583	NA
S006_DAY2_MINITWICE_29	42	Pulse	99	2495074	128584	NA
S006_DAY2_MINITWICE_29	42	Port Input	1	2495074	128584	NA
S006_DAY2_MINITWICE_29	43	Picture	endrest	2510689	0	1	10100	2	0	10000
S006_DAY2_MINITWICE_29	44	Picture	PW	2520989	0	1	43200	2	0	43200
S006_DAY2_MINITWICE_29	44	Pulse	99	2531075	10086	NA
S006_DAY2_MINITWICE_29	44	Port Input	1	2531075	10086	NA
S006_DAY2_MINITWICE_29	44	Response	51	2547855	26866	1
S006_DAY2_MINITWICE_29	44	Picture	43_T_PWTRIAD_PW_pluma_red.png	2564189	43200	1	1900	2	43200	1800
S006_DAY2_MINITWICE_29	45	Picture	PW	2566289	0	1	43200	2	0	43200
S006_DAY2_MINITWICE_29	45	Pulse	99	2567076	787	NA
S006_DAY2_MINITWICE_29	45	Port Input	1	2567076	787	NA
S006_DAY2_MINITWICE_29	45	Response	52	2584902	18613	1
S006_DAY2_MINITWICE_29	45	Pulse	99	2603077	36788	NA
S006_DAY2_MINITWICE_29	45	Port Input	1	2603077	36788	NA
S006_DAY2_MINITWICE_29	45	Picture	44_T_PWTRIAD_PW_grifo_red.png	2609489	43200	1	1900	2	43200	1800
S006_DAY2_MINITWICE_29	46	Picture	PW	2611589	0	1	43199	3	0	43200
S006_DAY2_MINITWICE_29	46	Pulse	99	2639078	27489	NA
S006_DAY2_MINITWICE_29	46	Port Input	1	2639078	27489	NA
S006_DAY2_MINITWICE_29	46	Response	52	2640661	29072	1
S006_DAY2_MINITWICE_29	46	Picture	45_T_PWTRIAD_PW_esquimal_red.png	2654788	43199	2	1901	3	43200	1800
S006_DAY2_MINITWICE_29	47	Picture	PW	2656889	0	1	43199	2	0	43200
S006_DAY2_MINITWICE_29	47	Pulse	99	2675080	18191	NA
S006_DAY2_MINITWICE_29	47	Port Input	1	2675080	18191	NA
S006_DAY2_MINITWICE_29	47	Response	52	2678081	21192	1
S006_DAY2_MINITWICE_29	47	Picture	46_T_PWTRIAD_PW_bellota_red.png	2700088	43199	1	1900	2	43200	1800
S006_DAY2_MINITWICE_29	48	Picture	PW	2702188	0	1	43200	2	0	43200
S006_DAY2_MINITWICE_29	48	Pulse	99	2711081	8893	NA
S006_DAY2_MINITWICE_29	48	Port Input	1	2711081	8893	NA
S006_DAY2_MINITWICE_29	48	Response	51	2722000	19812	2
S006_DAY2_MINITWICE_29	48	Picture	47_T_PWTRIAD_PW_anillo_red.png	2745388	43200	1	1900	2	43200	1800
S006_DAY2_MINITWICE_29	48	Pulse	99	2747082	44894	NA
S006_DAY2_MINITWICE_29	48	Port Input	1	2747082	44894	NA
S006_DAY2_MINITWICE_29	49	Picture	PW	2747488	0	1	43200	2	0	43200
S006_DAY2_MINITWICE_29	49	Response	52	2768444	20956	1
S006_DAY2_MINITWICE_29	49	Pulse	99	2783083	35595	NA
S006_DAY2_MINITWICE_29	49	Port Input	1	2783083	35595	NA
S006_DAY2_MINITWICE_29	49	Picture	48_T_PWTRIAD_PW_arco_red.png	2790688	43200	1	1900	2	43200	1800
S006_DAY2_MINITWICE_29	50	Picture	PW	2792788	0	1	43200	2	0	43200
S006_DAY2_MINITWICE_29	50	Pulse	99	2819084	26296	NA
S006_DAY2_MINITWICE_29	50	Port Input	1	2819084	26296	NA
S006_DAY2_MINITWICE_29	50	Response	52	2820330	27542	1
S006_DAY2_MINITWICE_29	50	Picture	49_T_PWTRIAD_PW_telarana_red.png	2835988	43200	1	1900	2	43200	1800
S006_DAY2_MINITWICE_29	51	Picture	PW	2838088	0	1	43200	2	0	43200
S006_DAY2_MINITWICE_29	51	Pulse	99	2855085	16997	NA
S006_DAY2_MINITWICE_29	51	Port Input	1	2855085	16997	NA
S006_DAY2_MINITWICE_29	51	Response	52	2870776	32688	1
S006_DAY2_MINITWICE_29	51	Picture	50_T_PWTRIAD_PW_lechuga_red.png	2881288	43200	1	1900	2	43200	1800
S006_DAY2_MINITWICE_29	52	Picture	rest	2883288	0	1	144099	2	0	144000
S006_DAY2_MINITWICE_29	52	Pulse	99	2891086	7798	NA
S006_DAY2_MINITWICE_29	52	Port Input	1	2891086	7798	NA
S006_DAY2_MINITWICE_29	52	Pulse	99	2927087	43799	NA
S006_DAY2_MINITWICE_29	52	Port Input	1	2927087	43799	NA
S006_DAY2_MINITWICE_29	52	Pulse	99	2963088	79800	NA
S006_DAY2_MINITWICE_29	52	Port Input	1	2963088	79800	NA
S006_DAY2_MINITWICE_29	52	Pulse	99	2999089	115801	NA
S006_DAY2_MINITWICE_29	52	Port Input	1	2999089	115801	NA
S006_DAY2_MINITWICE_29	53	Picture	endrest	3027487	0	1	10100	2	0	10000
S006_DAY2_MINITWICE_29	53	Pulse	99	3035090	7603	NA
S006_DAY2_MINITWICE_29	53	Port Input	1	3035090	7603	NA
S006_DAY2_MINITWICE_29	54	Picture	FF	3037787	0	1	43200	2	0	43200
S006_DAY2_MINITWICE_29	54	Response	51	3048614	10827	1
S006_DAY2_MINITWICE_29	54	Pulse	99	3071091	33304	NA
S006_DAY2_MINITWICE_29	54	Port Input	1	3071091	33304	NA
S006_DAY2_MINITWICE_29	54	Picture	53_T_FFTRIAD_FF_teclado_red.png	3080987	43200	1	1900	2	43200	1800
S006_DAY2_MINITWICE_29	55	Picture	FF	3083087	0	1	43200	2	0	43200
S006_DAY2_MINITWICE_29	55	Response	51	3096070	12983	1
S006_DAY2_MINITWICE_29	55	Pulse	99	3107092	24005	NA
S006_DAY2_MINITWICE_29	55	Port Input	1	3107092	24005	NA
S006_DAY2_MINITWICE_29	55	Picture	54_T_FFTRIAD_FF_llave_red.png	3126287	43200	1	1900	2	43200	1800
S006_DAY2_MINITWICE_29	56	Picture	FF	3128387	0	1	43199	3	0	43200
S006_DAY2_MINITWICE_29	56	Pulse	99	3143093	14706	NA
S006_DAY2_MINITWICE_29	56	Port Input	1	3143093	14706	NA
S006_DAY2_MINITWICE_29	56	Response	51	3145399	17012	2
S006_DAY2_MINITWICE_29	56	Picture	55_T_FFTRIAD_FF_zanahoria_red.png	3171586	43199	2	1900	3	43200	1800
S006_DAY2_MINITWICE_29	57	Picture	FF	3173686	0	2	43200	3	0	43200
S006_DAY2_MINITWICE_29	57	Pulse	99	3179095	5409	NA
S006_DAY2_MINITWICE_29	57	Port Input	1	3179095	5409	NA
S006_DAY2_MINITWICE_29	57	Response	51	3184084	10398	1
S006_DAY2_MINITWICE_29	57	Pulse	99	3215096	41410	NA
S006_DAY2_MINITWICE_29	57	Port Input	1	3215096	41410	NA
S006_DAY2_MINITWICE_29	57	Picture	56_T_FFTRIAD_FF_ancla_red.png	3216886	43200	1	1900	2	43200	1800
S006_DAY2_MINITWICE_29	58	Picture	RW	3218986	0	1	43200	2	0	43200
S006_DAY2_MINITWICE_29	58	Response	51	3232934	13948	1
S006_DAY2_MINITWICE_29	58	Pulse	99	3251097	32111	NA
S006_DAY2_MINITWICE_29	58	Port Input	1	3251097	32111	NA
S006_DAY2_MINITWICE_29	58	Picture	57_T_RWTRIAD_RW_almohada_red.png	3262186	43200	1	1900	2	43200	1800
S006_DAY2_MINITWICE_29	59	Picture	RW	3264286	0	1	43200	2	0	43200
S006_DAY2_MINITWICE_29	59	Response	52	3276619	12333	1
S006_DAY2_MINITWICE_29	59	Pulse	99	3287098	22812	NA
S006_DAY2_MINITWICE_29	59	Port Input	1	3287098	22812	NA
S006_DAY2_MINITWICE_29	59	Picture	58_T_RWTRIAD_RW_futbol_red.png	3307486	43200	1	1900	2	43200	1800
S006_DAY2_MINITWICE_29	60	Picture	RW	3309586	0	1	43200	2	0	43200
S006_DAY2_MINITWICE_29	60	Response	51	3322314	12728	1
S006_DAY2_MINITWICE_29	60	Pulse	99	3323099	13513	NA
S006_DAY2_MINITWICE_29	60	Port Input	1	3323099	13513	NA
S006_DAY2_MINITWICE_29	60	Picture	59_T_RWTRIAD_RW_dedal_red.png	3352786	43200	1	1900	2	43200	1800
S006_DAY2_MINITWICE_29	61	Picture	RW	3354886	0	1	43199	3	0	43200
S006_DAY2_MINITWICE_29	61	Pulse	99	3359100	4214	NA
S006_DAY2_MINITWICE_29	61	Port Input	1	3359100	4214	NA
S006_DAY2_MINITWICE_29	61	Response	52	3368965	14079	1
S006_DAY2_MINITWICE_29	61	Pulse	99	3395101	40215	NA
S006_DAY2_MINITWICE_29	61	Port Input	1	3395101	40215	NA
S006_DAY2_MINITWICE_29	61	Picture	60_T_RWTRIAD_RW_huevos_red.png	3398085	43199	2	1900	4	43200	1800
S006_DAY2_MINITWICE_29	62	Picture	rest	3400085	0	2	144099	4	0	144000
S006_DAY2_MINITWICE_29	62	Pulse	99	3431102	31017	NA
S006_DAY2_MINITWICE_29	62	Port Input	1	3431102	31017	NA
S006_DAY2_MINITWICE_29	62	Pulse	99	3467103	67018	NA
S006_DAY2_MINITWICE_29	62	Port Input	1	3467103	67018	NA
S006_DAY2_MINITWICE_29	62	Pulse	99	3503104	103019	NA
S006_DAY2_MINITWICE_29	62	Port Input	1	3503104	103019	NA
S006_DAY2_MINITWICE_29	62	Pulse	99	3539105	139020	NA
S006_DAY2_MINITWICE_29	62	Port Input	1	3539105	139020	NA
S006_DAY2_MINITWICE_29	63	Picture	endrest	3544285	0	1	10100	2	0	10000
S006_DAY2_MINITWICE_29	64	Picture	FF	3554585	0	1	43200	2	0	43200
S006_DAY2_MINITWICE_29	64	Response	51	3564864	10279	1
S006_DAY2_MINITWICE_29	64	Pulse	99	3575106	20521	NA
S006_DAY2_MINITWICE_29	64	Port Input	1	3575106	20521	NA
S006_DAY2_MINITWICE_29	64	Picture	63_T_FFTRIAD_FF_novia_red.png	3597785	43200	1	1900	2	43200	1800
S006_DAY2_MINITWICE_29	65	Picture	FF	3599885	0	1	43200	2	0	43200
S006_DAY2_MINITWICE_29	65	Pulse	99	3611107	11222	NA
S006_DAY2_MINITWICE_29	65	Port Input	1	3611107	11222	NA
S006_DAY2_MINITWICE_29	65	Response	52	3614818	14933	1
S006_DAY2_MINITWICE_29	65	Picture	64_T_FFTRIAD_FF_ascensor_red.png	3643085	43200	1	1900	2	43200	1800
S006_DAY2_MINITWICE_29	66	Picture	FF	3645184	0	2	43200	3	0	43200
S006_DAY2_MINITWICE_29	66	Pulse	99	3647109	1925	NA
S006_DAY2_MINITWICE_29	66	Port Input	1	3647109	1925	NA
S006_DAY2_MINITWICE_29	66	Response	51	3656654	11470	1
S006_DAY2_MINITWICE_29	66	Pulse	99	3683110	37926	NA
S006_DAY2_MINITWICE_29	66	Port Input	1	3683110	37926	NA
S006_DAY2_MINITWICE_29	66	Picture	65_T_FFTRIAD_FF_queso_red.png	3688384	43200	1	1900	2	43200	1800
S006_DAY2_MINITWICE_29	67	Picture	FF	3690484	0	1	43200	2	0	43200
S006_DAY2_MINITWICE_29	67	Response	51	3700308	9824	1
S006_DAY2_MINITWICE_29	67	Pulse	99	3719111	28627	NA
S006_DAY2_MINITWICE_29	67	Port Input	1	3719111	28627	NA
S006_DAY2_MINITWICE_29	67	Picture	66_T_FFTRIAD_FF_carruaje_red.png	3733684	43200	1	1900	2	43200	1800
S006_DAY2_MINITWICE_29	68	Picture	RW	3735784	0	1	43200	2	0	43200
S006_DAY2_MINITWICE_29	68	Response	51	3751816	16032	1
S006_DAY2_MINITWICE_29	68	Pulse	99	3755112	19328	NA
S006_DAY2_MINITWICE_29	68	Port Input	1	3755112	19328	NA
S006_DAY2_MINITWICE_29	68	Picture	67_T_RWTRIAD_RW_telarana_red.png	3778984	43200	1	1900	2	43200	1800
S006_DAY2_MINITWICE_29	69	Picture	RW	3781084	0	1	43200	2	0	43200
S006_DAY2_MINITWICE_29	69	Pulse	99	3791113	10029	NA
S006_DAY2_MINITWICE_29	69	Port Input	1	3791113	10029	NA
S006_DAY2_MINITWICE_29	69	Response	51	3794026	12942	1
S006_DAY2_MINITWICE_29	69	Picture	68_T_RWTRIAD_RW_zanahoria_red.png	3824284	43200	1	1900	2	43200	1800
S006_DAY2_MINITWICE_29	70	Picture	RW	3826384	0	1	43200	2	0	43200
S006_DAY2_MINITWICE_29	70	Pulse	99	3827114	730	NA
S006_DAY2_MINITWICE_29	70	Port Input	1	3827114	730	NA
S006_DAY2_MINITWICE_29	70	Response	52	3842462	16078	1
S006_DAY2_MINITWICE_29	70	Pulse	99	3863115	36731	NA
S006_DAY2_MINITWICE_29	70	Port Input	1	3863115	36731	NA
S006_DAY2_MINITWICE_29	70	Picture	69_T_RWTRIAD_RW_lenador_red.png	3869584	43200	1	1900	2	43200	1800
S006_DAY2_MINITWICE_29	71	Picture	RW	3871684	0	1	43199	3	0	43200
S006_DAY2_MINITWICE_29	71	Response	52	3894611	22927	1
S006_DAY2_MINITWICE_29	71	Pulse	99	3899116	27432	NA
S006_DAY2_MINITWICE_29	71	Port Input	1	3899116	27432	NA
S006_DAY2_MINITWICE_29	71	Picture	70_T_RWTRIAD_RW_arco_red.png	3914883	43199	2	1900	3	43200	1800
S006_DAY2_MINITWICE_29	72	Picture	rest	3916883	0	1	144100	2	0	144000
S006_DAY2_MINITWICE_29	72	Pulse	99	3935117	18234	NA
S006_DAY2_MINITWICE_29	72	Port Input	1	3935117	18234	NA
S006_DAY2_MINITWICE_29	72	Pulse	99	3971118	54235	NA
S006_DAY2_MINITWICE_29	72	Port Input	1	3971118	54235	NA
S006_DAY2_MINITWICE_29	72	Pulse	99	4007119	90236	NA
S006_DAY2_MINITWICE_29	72	Port Input	1	4007119	90236	NA
S006_DAY2_MINITWICE_29	72	Pulse	99	4043120	126237	NA
S006_DAY2_MINITWICE_29	72	Port Input	1	4043120	126237	NA
S006_DAY2_MINITWICE_29	73	Picture	endrest	4061083	0	1	10100	2	0	10000
S006_DAY2_MINITWICE_29	74	Picture	PW	4071383	0	1	43200	2	0	43200
S006_DAY2_MINITWICE_29	74	Pulse	99	4079121	7738	NA
S006_DAY2_MINITWICE_29	74	Port Input	1	4079121	7738	NA
S006_DAY2_MINITWICE_29	74	Response	52	4095251	23868	2
S006_DAY2_MINITWICE_29	74	Picture	73_T_PWTRIAD_PW_iglu_red.png	4114583	43200	1	1900	2	43200	1800
S006_DAY2_MINITWICE_29	74	Pulse	99	4115123	43740	NA
S006_DAY2_MINITWICE_29	74	Port Input	1	4115123	43740	NA
S006_DAY2_MINITWICE_29	75	Picture	PW	4116683	0	1	43199	2	0	43200
S006_DAY2_MINITWICE_29	75	Response	52	4143409	26726	1
S006_DAY2_MINITWICE_29	75	Pulse	99	4151124	34441	NA
S006_DAY2_MINITWICE_29	75	Port Input	1	4151124	34441	NA
S006_DAY2_MINITWICE_29	75	Picture	74_T_PWTRIAD_PW_oruga_red.png	4159882	43199	1	1900	2	43200	1800
S006_DAY2_MINITWICE_29	76	Picture	PW	4161982	0	2	43200	3	0	43200
S006_DAY2_MINITWICE_29	76	Response	51	4185232	23250	1
S006_DAY2_MINITWICE_29	76	Pulse	99	4187125	25143	NA
S006_DAY2_MINITWICE_29	76	Port Input	1	4187125	25143	NA
S006_DAY2_MINITWICE_29	76	Picture	75_T_PWTRIAD_PW_sapo_red.png	4205182	43200	1	1900	2	43200	1800
S006_DAY2_MINITWICE_29	77	Picture	PW	4207282	0	1	43200	2	0	43200
S006_DAY2_MINITWICE_29	77	Pulse	99	4223126	15844	NA
S006_DAY2_MINITWICE_29	77	Port Input	1	4223126	15844	NA
S006_DAY2_MINITWICE_29	77	Response	51	4226868	19586	2
S006_DAY2_MINITWICE_29	77	Picture	76_T_PWTRIAD_PW_perro_red.png	4250482	43200	1	1900	2	43200	1800
S006_DAY2_MINITWICE_29	78	Picture	RW	4252582	0	1	43200	2	0	43200
S006_DAY2_MINITWICE_29	78	Pulse	99	4259127	6545	NA
S006_DAY2_MINITWICE_29	78	Port Input	1	4259127	6545	NA
S006_DAY2_MINITWICE_29	78	Response	51	4268109	15527	1
S006_DAY2_MINITWICE_29	78	Pulse	99	4295128	42546	NA
S006_DAY2_MINITWICE_29	78	Port Input	1	4295128	42546	NA
S006_DAY2_MINITWICE_29	78	Picture	77_T_RWTRIAD_RW_ancla_red.png	4295782	43200	1	1900	2	43200	1800
S006_DAY2_MINITWICE_29	79	Picture	RW	4297882	0	1	43200	2	0	43200
S006_DAY2_MINITWICE_29	79	Response	52	4323600	25718	2
S006_DAY2_MINITWICE_29	79	Pulse	99	4331129	33247	NA
S006_DAY2_MINITWICE_29	79	Port Input	1	4331129	33247	NA
S006_DAY2_MINITWICE_29	79	Picture	78_T_RWTRIAD_RW_monja_red.png	4341082	43200	1	1900	2	43200	1800
S006_DAY2_MINITWICE_29	80	Picture	RW	4343182	0	1	43199	3	0	43200
S006_DAY2_MINITWICE_29	80	Response	52	4364930	21748	5
S006_DAY2_MINITWICE_29	80	Pulse	99	4367130	23948	NA
S006_DAY2_MINITWICE_29	80	Port Input	1	4367130	23948	NA
S006_DAY2_MINITWICE_29	80	Picture	79_T_RWTRIAD_RW_grapadora_red.png	4386381	43199	2	1900	4	43200	1800
S006_DAY2_MINITWICE_29	81	Picture	RW	4388481	0	2	43200	3	0	43200
S006_DAY2_MINITWICE_29	81	Pulse	99	4403131	14650	NA
S006_DAY2_MINITWICE_29	81	Port Input	1	4403131	14650	NA
S006_DAY2_MINITWICE_29	81	Response	51	4404782	16301	2
S006_DAY2_MINITWICE_29	81	Picture	80_T_RWTRIAD_RW_violin_red.png	4431681	43200	1	1900	2	43200	1800
S006_DAY2_MINITWICE_29	82	Picture	rest	4433681	0	1	144100	2	0	144000
S006_DAY2_MINITWICE_29	82	Pulse	99	4439132	5451	NA
S006_DAY2_MINITWICE_29	82	Port Input	1	4439132	5451	NA
S006_DAY2_MINITWICE_29	82	Pulse	99	4475133	41452	NA
S006_DAY2_MINITWICE_29	82	Port Input	1	4475133	41452	NA
S006_DAY2_MINITWICE_29	82	Pulse	99	4511134	77453	NA
S006_DAY2_MINITWICE_29	82	Port Input	1	4511134	77453	NA
S006_DAY2_MINITWICE_29	82	Pulse	99	4547136	113455	NA
S006_DAY2_MINITWICE_29	82	Port Input	1	4547136	113455	NA
S006_DAY2_MINITWICE_29	83	Picture	endrest	4577881	0	1	10100	2	0	10000
S006_DAY2_MINITWICE_29	83	Pulse	99	4583137	5256	NA
S006_DAY2_MINITWICE_29	83	Port Input	1	4583137	5256	NA
S006_DAY2_MINITWICE_29	84	Picture	PW	4588181	0	1	43199	3	0	43200
S006_DAY2_MINITWICE_29	84	Response	51	4612277	24096	1
S006_DAY2_MINITWICE_29	84	Pulse	99	4619138	30957	NA
S006_DAY2_MINITWICE_29	84	Port Input	1	4619138	30957	NA
S006_DAY2_MINITWICE_29	84	Picture	83_T_PWTRIAD_PW_sombrilla_red.png	4631380	43199	2	1900	4	43200	1800
S006_DAY2_MINITWICE_29	85	Picture	PW	4633480	0	2	43200	3	0	43200
S006_DAY2_MINITWICE_29	85	Response	52	4653088	19608	1
S006_DAY2_MINITWICE_29	85	Pulse	99	4655139	21659	NA
S006_DAY2_MINITWICE_29	85	Port Input	1	4655139	21659	NA
S006_DAY2_MINITWICE_29	85	Picture	84_T_PWTRIAD_PW_monja_red.png	4676680	43200	1	1900	2	43200	1800
S006_DAY2_MINITWICE_29	86	Picture	PW	4678780	0	1	43200	2	0	43200
S006_DAY2_MINITWICE_29	86	Pulse	99	4691140	12360	NA
S006_DAY2_MINITWICE_29	86	Port Input	1	4691140	12360	NA
S006_DAY2_MINITWICE_29	86	Response	52	4703531	24751	1
S006_DAY2_MINITWICE_29	86	Picture	85_T_PWTRIAD_PW_zanahoria_red.png	4721980	43200	1	1900	2	43200	1800
S006_DAY2_MINITWICE_29	87	Picture	PW	4724080	0	1	43197	5	0	43200
S006_DAY2_MINITWICE_29	87	Pulse	99	4727141	3061	NA
S006_DAY2_MINITWICE_29	87	Port Input	1	4727141	3061	NA
S006_DAY2_MINITWICE_29	87	Response	52	4748176	24096	1
S006_DAY2_MINITWICE_29	87	Pulse	99	4763142	39062	NA
S006_DAY2_MINITWICE_29	87	Port Input	1	4763142	39062	NA
S006_DAY2_MINITWICE_29	87	Picture	86_T_PWTRIAD_PW_botella_red.png	4767277	43197	4	1903	5	43200	1800
S006_DAY2_MINITWICE_29	88	Picture	FF	4769380	0	1	43200	2	0	43200
S006_DAY2_MINITWICE_29	88	Response	52	4783980	14600	1
S006_DAY2_MINITWICE_29	88	Pulse	99	4799143	29763	NA
S006_DAY2_MINITWICE_29	88	Port Input	1	4799143	29763	NA
S006_DAY2_MINITWICE_29	88	Picture	87_T_FFTRIAD_FF_bebe_red.png	4812580	43200	1	1900	2	43200	1800
S006_DAY2_MINITWICE_29	89	Picture	FF	4814680	0	1	43200	2	0	43200
S006_DAY2_MINITWICE_29	89	Response	51	4834396	19716	2
S006_DAY2_MINITWICE_29	89	Pulse	99	4835144	20464	NA
S006_DAY2_MINITWICE_29	89	Port Input	1	4835144	20464	NA
S006_DAY2_MINITWICE_29	89	Picture	88_T_FFTRIAD_FF_bellota_red.png	4857880	43200	1	1900	2	43200	1800
S006_DAY2_MINITWICE_29	90	Picture	FF	4859980	0	1	43199	2	0	43200
S006_DAY2_MINITWICE_29	90	Pulse	99	4871145	11165	NA
S006_DAY2_MINITWICE_29	90	Port Input	1	4871145	11165	NA
S006_DAY2_MINITWICE_29	90	Response	51	4874778	14798	1
S006_DAY2_MINITWICE_29	90	Picture	89_T_FFTRIAD_FF_piramide_red.png	4903179	43199	1	1900	3	43200	1800
S006_DAY2_MINITWICE_29	91	Picture	FF	4905279	0	1	43200	2	0	43200
S006_DAY2_MINITWICE_29	91	Pulse	99	4907146	1867	NA
S006_DAY2_MINITWICE_29	91	Port Input	1	4907146	1867	NA
S006_DAY2_MINITWICE_29	91	Response	52	4923113	17834	1
S006_DAY2_MINITWICE_29	91	Pulse	99	4943147	37868	NA
S006_DAY2_MINITWICE_29	91	Port Input	1	4943147	37868	NA
S006_DAY2_MINITWICE_29	91	Picture	90_T_FFTRIAD_FF_chupete_red.png	4948479	43200	1	1900	2	43200	1800
S006_DAY2_MINITWICE_29	92	Picture	rest	4950479	0	1	144100	2	0	144000
S006_DAY2_MINITWICE_29	92	Pulse	99	4979148	28669	NA
S006_DAY2_MINITWICE_29	92	Port Input	1	4979148	28669	NA
S006_DAY2_MINITWICE_29	92	Pulse	99	5015149	64670	NA
S006_DAY2_MINITWICE_29	92	Port Input	1	5015149	64670	NA
S006_DAY2_MINITWICE_29	92	Pulse	99	5051151	100672	NA
S006_DAY2_MINITWICE_29	92	Port Input	1	5051151	100672	NA
S006_DAY2_MINITWICE_29	92	Pulse	99	5087152	136673	NA
S006_DAY2_MINITWICE_29	92	Port Input	1	5087152	136673	NA
S006_DAY2_MINITWICE_29	93	Picture	endrest	5094679	0	1	10100	2	0	10000
S006_DAY2_MINITWICE_29	94	Picture	RW	5104979	0	1	43199	3	0	43200
S006_DAY2_MINITWICE_29	94	Response	52	5122368	17389	1
S006_DAY2_MINITWICE_29	94	Pulse	99	5123153	18174	NA
S006_DAY2_MINITWICE_29	94	Port Input	1	5123153	18174	NA
S006_DAY2_MINITWICE_29	94	Picture	93_T_RWTRIAD_RW_cinturon_red.png	5148178	43199	2	1900	3	43200	1800
S006_DAY2_MINITWICE_29	95	Picture	RW	5150278	0	1	43200	2	0	43200
S006_DAY2_MINITWICE_29	95	Pulse	99	5159154	8876	NA
S006_DAY2_MINITWICE_29	95	Port Input	1	5159154	8876	NA
S006_DAY2_MINITWICE_29	95	Response	52	5166084	15806	1
S006_DAY2_MINITWICE_29	95	Picture	94_T_RWTRIAD_RW_cuento_red.png	5193478	43200	1	1900	2	43200	1800
S006_DAY2_MINITWICE_29	95	Pulse	99	5195155	44877	NA
S006_DAY2_MINITWICE_29	95	Port Input	1	5195155	44877	NA
S006_DAY2_MINITWICE_29	96	Picture	RW	5195578	0	1	43200	2	0	43200
S006_DAY2_MINITWICE_29	96	Response	52	5210142	14564	1
S006_DAY2_MINITWICE_29	96	Pulse	99	5231156	35578	NA
S006_DAY2_MINITWICE_29	96	Port Input	1	5231156	35578	NA
S006_DAY2_MINITWICE_29	96	Picture	95_T_RWTRIAD_RW_tijera_red.png	5238778	43200	1	1900	2	43200	1800
S006_DAY2_MINITWICE_29	97	Picture	RW	5240878	0	1	43200	2	0	43200
S006_DAY2_MINITWICE_29	97	Response	51	5256826	15948	1
S006_DAY2_MINITWICE_29	97	Pulse	99	5267157	26279	NA
S006_DAY2_MINITWICE_29	97	Port Input	1	5267157	26279	NA
S006_DAY2_MINITWICE_29	97	Picture	96_T_RWTRIAD_RW_pilas_red.png	5284078	43200	1	1900	2	43200	1800
S006_DAY2_MINITWICE_29	98	Picture	RW	5286178	0	1	43200	2	0	43200
S006_DAY2_MINITWICE_29	98	Pulse	99	5303158	16980	NA
S006_DAY2_MINITWICE_29	98	Port Input	1	5303158	16980	NA
S006_DAY2_MINITWICE_29	98	Response	51	5304509	18331	1
S006_DAY2_MINITWICE_29	98	Picture	97_T_RWTRIAD_RW_ascensor_red.png	5329378	43200	1	1900	2	43200	1800
S006_DAY2_MINITWICE_29	99	Picture	RW	5331478	0	1	43199	3	0	43200
S006_DAY2_MINITWICE_29	99	Pulse	99	5339159	7681	NA
S006_DAY2_MINITWICE_29	99	Port Input	1	5339159	7681	NA
S006_DAY2_MINITWICE_29	99	Response	51	5351879	20401	1
S006_DAY2_MINITWICE_29	99	Picture	98_T_RWTRIAD_RW_piramide_red.png	5374677	43199	2	1900	4	43200	1800
S006_DAY2_MINITWICE_29	99	Pulse	99	5375160	43682	NA
S006_DAY2_MINITWICE_29	99	Port Input	1	5375160	43682	NA
S006_DAY2_MINITWICE_29	100	Picture	RW	5376777	0	2	43200	3	0	43200
S006_DAY2_MINITWICE_29	100	Response	52	5394385	17608	1
S006_DAY2_MINITWICE_29	100	Pulse	99	5411161	34384	NA
S006_DAY2_MINITWICE_29	100	Port Input	1	5411161	34384	NA
S006_DAY2_MINITWICE_29	100	Picture	99_T_RWTRIAD_RW_gafas_red.png	5419977	43200	1	1900	2	43200	1800
S006_DAY2_MINITWICE_29	101	Picture	RW	5422077	0	1	43200	2	0	43200
S006_DAY2_MINITWICE_29	101	Response	51	5437746	15669	1
S006_DAY2_MINITWICE_29	101	Pulse	99	5447162	25085	NA
S006_DAY2_MINITWICE_29	101	Port Input	1	5447162	25085	NA
S006_DAY2_MINITWICE_29	101	Picture	100_T_RWTRIAD_RW_iglu_red.png	5465277	43200	1	1900	2	43200	1800
S006_DAY2_MINITWICE_29	102	Picture	rest	5467277	0	1	144099	3	0	144000
S006_DAY2_MINITWICE_29	102	Pulse	99	5483163	15886	NA
S006_DAY2_MINITWICE_29	102	Port Input	1	5483163	15886	NA
S006_DAY2_MINITWICE_29	102	Pulse	99	5519165	51888	NA
S006_DAY2_MINITWICE_29	102	Port Input	1	5519165	51888	NA
S006_DAY2_MINITWICE_29	102	Pulse	99	5555166	87889	NA
S006_DAY2_MINITWICE_29	102	Port Input	1	5555166	87889	NA
S006_DAY2_MINITWICE_29	102	Pulse	99	5591167	123890	NA
S006_DAY2_MINITWICE_29	102	Port Input	1	5591167	123890	NA
S006_DAY2_MINITWICE_29	103	Picture	endrest	5611476	0	2	10100	4	0	10000
S006_DAY2_MINITWICE_29	104	Picture	FF	5621776	0	2	43200	3	0	43200
S006_DAY2_MINITWICE_29	104	Pulse	99	5627168	5392	NA
S006_DAY2_MINITWICE_29	104	Port Input	1	5627168	5392	NA
S006_DAY2_MINITWICE_29	104	Response	51	5635341	13565	1
S006_DAY2_MINITWICE_29	104	Pulse	99	5663169	41393	NA
S006_DAY2_MINITWICE_29	104	Port Input	1	5663169	41393	NA
S006_DAY2_MINITWICE_29	104	Picture	103_T_FFTRIAD_FF_plato_red.png	5664976	43200	1	1900	2	43200	1800
S006_DAY2_MINITWICE_29	105	Picture	FF	5667076	0	1	43200	2	0	43200
S006_DAY2_MINITWICE_29	105	Response	52	5688384	21308	1
S006_DAY2_MINITWICE_29	105	Pulse	99	5699170	32094	NA
S006_DAY2_MINITWICE_29	105	Port Input	1	5699170	32094	NA
S006_DAY2_MINITWICE_29	105	Picture	104_T_FFTRIAD_FF_banera_red.png	5710276	43200	1	1900	2	43200	1800
S006_DAY2_MINITWICE_29	106	Picture	FF	5712376	0	1	43200	2	0	43200
S006_DAY2_MINITWICE_29	106	Response	51	5724073	11697	1
S006_DAY2_MINITWICE_29	106	Pulse	99	5735171	22795	NA
S006_DAY2_MINITWICE_29	106	Port Input	1	5735171	22795	NA
S006_DAY2_MINITWICE_29	106	Picture	105_T_FFTRIAD_FF_agua_red.png	5755576	43200	1	1900	2	43200	1800
S006_DAY2_MINITWICE_29	107	Picture	FF	5757676	0	1	43200	2	0	43200
S006_DAY2_MINITWICE_29	107	Pulse	99	5771172	13496	NA
S006_DAY2_MINITWICE_29	107	Port Input	1	5771172	13496	NA
S006_DAY2_MINITWICE_29	107	Response	51	5771587	13911	1
S006_DAY2_MINITWICE_29	107	Picture	106_T_FFTRIAD_FF_pluma_red.png	5800876	43200	1	1900	2	43200	1800
S006_DAY2_MINITWICE_29	108	Picture	FF	5802976	0	1	43200	2	0	43200
S006_DAY2_MINITWICE_29	108	Pulse	99	5807173	4197	NA
S006_DAY2_MINITWICE_29	108	Port Input	1	5807173	4197	NA
S006_DAY2_MINITWICE_29	108	Response	51	5819679	16703	1
S006_DAY2_MINITWICE_29	108	Pulse	99	5843174	40198	NA
S006_DAY2_MINITWICE_29	108	Port Input	1	5843174	40198	NA
S006_DAY2_MINITWICE_29	108	Picture	107_T_FFTRIAD_FF_cortina_red.png	5846176	43200	1	1900	2	43200	1800
S006_DAY2_MINITWICE_29	109	Picture	FF	5848276	0	1	43199	2	0	43200
S006_DAY2_MINITWICE_29	109	Response	51	5858140	9864	1
S006_DAY2_MINITWICE_29	109	Pulse	99	5879175	30899	NA
S006_DAY2_MINITWICE_29	109	Port Input	1	5879175	30899	NA
S006_DAY2_MINITWICE_29	109	Picture	108_T_FFTRIAD_FF_grapadora_red.png	5891475	43199	1	1900	2	43200	1800
S006_DAY2_MINITWICE_29	110	Picture	FF	5893575	0	1	43200	2	0	43200
S006_DAY2_MINITWICE_29	110	Response	52	5909788	16213	2
S006_DAY2_MINITWICE_29	110	Pulse	99	5915176	21601	NA
S006_DAY2_MINITWICE_29	110	Port Input	1	5915176	21601	NA
S006_DAY2_MINITWICE_29	110	Picture	109_T_FFTRIAD_FF_telefono_red.png	5936775	43200	1	1900	2	43200	1800
S006_DAY2_MINITWICE_29	111	Picture	FF	5938875	0	1	43200	2	0	43200
S006_DAY2_MINITWICE_29	111	Pulse	99	5951177	12302	NA
S006_DAY2_MINITWICE_29	111	Port Input	1	5951177	12302	NA
S006_DAY2_MINITWICE_29	111	Response	51	5957831	18956	1
S006_DAY2_MINITWICE_29	111	Picture	110_T_FFTRIAD_FF_cuento_red.png	5982075	43200	1	1900	2	43200	1800
S006_DAY2_MINITWICE_29	112	Picture	rest	5984075	0	1	144099	2	0	144000
S006_DAY2_MINITWICE_29	112	Pulse	99	5987179	3104	NA
S006_DAY2_MINITWICE_29	112	Port Input	1	5987179	3104	NA
S006_DAY2_MINITWICE_29	112	Pulse	99	6023180	39105	NA
S006_DAY2_MINITWICE_29	112	Port Input	1	6023180	39105	NA
S006_DAY2_MINITWICE_29	112	Pulse	99	6059181	75106	NA
S006_DAY2_MINITWICE_29	112	Port Input	1	6059181	75106	NA
S006_DAY2_MINITWICE_29	112	Pulse	99	6095182	111107	NA
S006_DAY2_MINITWICE_29	112	Port Input	1	6095182	111107	NA
S006_DAY2_MINITWICE_29	113	Picture	endrest	6128274	0	1	10100	2	0	10000
S006_DAY2_MINITWICE_29	113	Pulse	99	6131183	2909	NA
S006_DAY2_MINITWICE_29	113	Port Input	1	6131183	2909	NA
S006_DAY2_MINITWICE_29	114	Picture	PW	6138574	0	1	43200	2	0	43200
S006_DAY2_MINITWICE_29	114	Response	52	6164673	26099	1
S006_DAY2_MINITWICE_29	114	Pulse	99	6167184	28610	NA
S006_DAY2_MINITWICE_29	114	Port Input	1	6167184	28610	NA
S006_DAY2_MINITWICE_29	114	Picture	113_T_PWTRIAD_PW_dedal_red.png	6181774	43200	1	1900	2	43200	1800
S006_DAY2_MINITWICE_29	115	Picture	PW	6183874	0	1	43200	2	0	43200
S006_DAY2_MINITWICE_29	115	Pulse	99	6203185	19311	NA
S006_DAY2_MINITWICE_29	115	Port Input	1	6203185	19311	NA
S006_DAY2_MINITWICE_29	115	Response	52	6203996	20122	1
S006_DAY2_MINITWICE_29	115	Picture	114_T_PWTRIAD_PW_cerillas_red.png	6227074	43200	1	1900	2	43200	1800
S006_DAY2_MINITWICE_29	116	Picture	PW	6229174	0	1	43200	2	0	43200
S006_DAY2_MINITWICE_29	116	Pulse	99	6239186	10012	NA
S006_DAY2_MINITWICE_29	116	Port Input	1	6239186	10012	NA
S006_DAY2_MINITWICE_29	116	Response	52	6245219	16045	1
S006_DAY2_MINITWICE_29	116	Picture	115_T_PWTRIAD_PW_leche_red.png	6272374	43200	1	1900	2	43200	1800
S006_DAY2_MINITWICE_29	117	Picture	PW	6274474	0	1	43200	2	0	43200
S006_DAY2_MINITWICE_29	117	Pulse	99	6275187	713	NA
S006_DAY2_MINITWICE_29	117	Port Input	1	6275187	713	NA
S006_DAY2_MINITWICE_29	117	Response	52	6304211	29737	1
S006_DAY2_MINITWICE_29	117	Pulse	99	6311188	36714	NA
S006_DAY2_MINITWICE_29	117	Port Input	1	6311188	36714	NA
S006_DAY2_MINITWICE_29	117	Picture	116_T_PWTRIAD_PW_murcielago_red.png	6317674	43200	1	1900	2	43200	1800
S006_DAY2_MINITWICE_29	118	Picture	FF	6319774	0	1	43199	2	0	43200
S006_DAY2_MINITWICE_29	118	Response	52	6336957	17183	1
S006_DAY2_MINITWICE_29	118	Pulse	99	6347189	27415	NA
S006_DAY2_MINITWICE_29	118	Port Input	1	6347189	27415	NA
S006_DAY2_MINITWICE_29	118	Picture	117_T_FFTRIAD_FF_candado_red.png	6362973	43199	1	1900	2	43200	1800
S006_DAY2_MINITWICE_29	119	Picture	FF	6365073	0	2	43200	3	0	43200
S006_DAY2_MINITWICE_29	119	Response	52	6379191	14118	2
S006_DAY2_MINITWICE_29	119	Pulse	99	6383190	18117	NA
S006_DAY2_MINITWICE_29	119	Port Input	1	6383190	18117	NA
S006_DAY2_MINITWICE_29	119	Picture	118_T_FFTRIAD_FF_bala_red.png	6408273	43200	1	1900	2	43200	1800
S006_DAY2_MINITWICE_29	120	Picture	FF	6410373	0	1	43200	2	0	43200
S006_DAY2_MINITWICE_29	120	Pulse	99	6419192	8819	NA
S006_DAY2_MINITWICE_29	120	Port Input	1	6419192	8819	NA
S006_DAY2_MINITWICE_29	120	Response	51	6436329	25956	1
S006_DAY2_MINITWICE_29	120	Picture	119_T_FFTRIAD_FF_perro_red.png	6453573	43200	1	1900	2	43200	1800
S006_DAY2_MINITWICE_29	120	Pulse	99	6455193	44820	NA
S006_DAY2_MINITWICE_29	120	Port Input	1	6455193	44820	NA
S006_DAY2_MINITWICE_29	121	Picture	FF	6455673	0	1	43200	2	0	43200
S006_DAY2_MINITWICE_29	121	Response	52	6478663	22990	2
S006_DAY2_MINITWICE_29	121	Pulse	99	6491194	35521	NA
S006_DAY2_MINITWICE_29	121	Port Input	1	6491194	35521	NA
S006_DAY2_MINITWICE_29	121	Picture	120_T_FFTRIAD_FF_telarana_red.png	6498873	43200	1	1900	2	43200	1800
S006_DAY2_MINITWICE_29	122	Picture	rest	6500873	0	1	144099	3	0	144000
S006_DAY2_MINITWICE_29	122	Pulse	99	6527195	26322	NA
S006_DAY2_MINITWICE_29	122	Port Input	1	6527195	26322	NA
S006_DAY2_MINITWICE_29	122	Pulse	99	6563196	62323	NA
S006_DAY2_MINITWICE_29	122	Port Input	1	6563196	62323	NA
S006_DAY2_MINITWICE_29	122	Pulse	99	6599197	98324	NA
S006_DAY2_MINITWICE_29	122	Port Input	1	6599197	98324	NA
S006_DAY2_MINITWICE_29	122	Pulse	99	6635198	134325	NA
S006_DAY2_MINITWICE_29	122	Port Input	1	6635198	134325	NA
S006_DAY2_MINITWICE_29	123	Picture	endrest	6645072	0	1	10100	3	0	10000
S006_DAY2_MINITWICE_29	124	Picture	FF	6655372	0	1	43200	2	0	43200
S006_DAY2_MINITWICE_29	124	Pulse	99	6671199	15827	NA
S006_DAY2_MINITWICE_29	124	Port Input	1	6671199	15827	NA
S006_DAY2_MINITWICE_29	124	Response	51	6676854	21482	1
S006_DAY2_MINITWICE_29	124	Picture	123_T_FFTRIAD_FF_silla_red.png	6698572	43200	1	1900	2	43200	1800
S006_DAY2_MINITWICE_29	125	Picture	FF	6700672	0	1	43200	2	0	43200
S006_DAY2_MINITWICE_29	125	Pulse	99	6707200	6528	NA
S006_DAY2_MINITWICE_29	125	Port Input	1	6707200	6528	NA
S006_DAY2_MINITWICE_29	125	Response	52	6713598	12926	1
S006_DAY2_MINITWICE_29	125	Pulse	99	6743201	42529	NA
S006_DAY2_MINITWICE_29	125	Port Input	1	6743201	42529	NA
S006_DAY2_MINITWICE_29	125	Picture	124_T_FFTRIAD_FF_botella_red.png	6743872	43200	1	1900	2	43200	1800
S006_DAY2_MINITWICE_29	126	Picture	FF	6745972	0	1	43199	3	0	43200
S006_DAY2_MINITWICE_29	126	Response	51	6764398	18426	1
S006_DAY2_MINITWICE_29	126	Pulse	99	6779202	33230	NA
S006_DAY2_MINITWICE_29	126	Port Input	1	6779202	33230	NA
S006_DAY2_MINITWICE_29	126	Picture	125_T_FFTRIAD_FF_lenador_red.png	6789171	43199	2	1900	4	43200	1800
S006_DAY2_MINITWICE_29	127	Picture	FF	6791272	0	1	43199	3	0	43200
S006_DAY2_MINITWICE_29	127	Response	51	6806895	15623	1
S006_DAY2_MINITWICE_29	127	Pulse	99	6815203	23931	NA
S006_DAY2_MINITWICE_29	127	Port Input	1	6815203	23931	NA
S006_DAY2_MINITWICE_29	127	Picture	126_T_FFTRIAD_FF_arbol_red.png	6834471	43199	2	1900	4	43200	1800
S006_DAY2_MINITWICE_29	128	Picture	RW	6836571	0	2	43200	3	0	43200
S006_DAY2_MINITWICE_29	128	Pulse	99	6851204	14633	NA
S006_DAY2_MINITWICE_29	128	Port Input	1	6851204	14633	NA
S006_DAY2_MINITWICE_29	128	Response	51	6852827	16256	2
S006_DAY2_MINITWICE_29	128	Picture	127_T_RWTRIAD_RW_traje_red.png	6879771	43200	1	1900	2	43200	1800
S006_DAY2_MINITWICE_29	129	Picture	RW	6881871	0	1	43200	2	0	43200
S006_DAY2_MINITWICE_29	129	Pulse	99	6887205	5334	NA
S006_DAY2_MINITWICE_29	129	Port Input	1	6887205	5334	NA
S006_DAY2_MINITWICE_29	129	Response	51	6899070	17199	1
S006_DAY2_MINITWICE_29	129	Pulse	99	6923207	41336	NA
S006_DAY2_MINITWICE_29	129	Port Input	1	6923207	41336	NA
S006_DAY2_MINITWICE_29	129	Picture	128_T_RWTRIAD_RW_granjero_red.png	6925071	43200	1	1900	2	43200	1800
S006_DAY2_MINITWICE_29	130	Picture	RW	6927171	0	1	43200	2	0	43200
S006_DAY2_MINITWICE_29	130	Response	52	6945816	18645	1
S006_DAY2_MINITWICE_29	130	Pulse	99	6959208	32037	NA
S006_DAY2_MINITWICE_29	130	Port Input	1	6959208	32037	NA
S006_DAY2_MINITWICE_29	130	Picture	129_T_RWTRIAD_RW_oruga_red.png	6970371	43200	1	1900	2	43200	1800
S006_DAY2_MINITWICE_29	131	Picture	RW	6972471	0	1	43200	2	0	43200
S006_DAY2_MINITWICE_29	131	Response	51	6989513	17042	1
S006_DAY2_MINITWICE_29	131	Pulse	99	6995209	22738	NA
S006_DAY2_MINITWICE_29	131	Port Input	1	6995209	22738	NA
S006_DAY2_MINITWICE_29	131	Picture	130_T_RWTRIAD_RW_estetoscopio_red.png	7015671	43200	1	1900	2	43200	1800
S006_DAY2_MINITWICE_29	132	Picture	rest	7017671	0	1	144099	2	0	144000
S006_DAY2_MINITWICE_29	132	Pulse	99	7031210	13539	NA
S006_DAY2_MINITWICE_29	132	Port Input	1	7031210	13539	NA
S006_DAY2_MINITWICE_29	132	Pulse	99	7067211	49540	NA
S006_DAY2_MINITWICE_29	132	Port Input	1	7067211	49540	NA
S006_DAY2_MINITWICE_29	132	Pulse	99	7103212	85541	NA
S006_DAY2_MINITWICE_29	132	Port Input	1	7103212	85541	NA
S006_DAY2_MINITWICE_29	132	Pulse	99	7139213	121542	NA
S006_DAY2_MINITWICE_29	132	Port Input	1	7139213	121542	NA
S006_DAY2_MINITWICE_29	133	Picture	endrest	7161870	0	1	10100	2	0	10000
S006_DAY2_MINITWICE_29	134	Picture	FF	7172170	0	1	43200	2	0	43200
S006_DAY2_MINITWICE_29	134	Pulse	99	7175214	3044	NA
S006_DAY2_MINITWICE_29	134	Port Input	1	7175214	3044	NA
S006_DAY2_MINITWICE_29	134	Response	52	7186438	14268	2
S006_DAY2_MINITWICE_29	134	Pulse	99	7211215	39045	NA
S006_DAY2_MINITWICE_29	134	Port Input	1	7211215	39045	NA
S006_DAY2_MINITWICE_29	134	Picture	133_T_FFTRIAD_FF_destornillador_red.png	7215370	43200	1	1900	2	43200	1800
S006_DAY2_MINITWICE_29	135	Picture	FF	7217470	0	1	43200	2	0	43200
S006_DAY2_MINITWICE_29	135	Response	51	7229027	11557	1
S006_DAY2_MINITWICE_29	135	Pulse	99	7247216	29746	NA
S006_DAY2_MINITWICE_29	135	Port Input	1	7247216	29746	NA
S006_DAY2_MINITWICE_29	135	Picture	134_T_FFTRIAD_FF_sapo_red.png	7260670	43200	1	1900	2	43200	1800
S006_DAY2_MINITWICE_29	136	Picture	FF	7262770	0	1	43200	2	0	43200
S006_DAY2_MINITWICE_29	136	Response	51	7279381	16611	1
S006_DAY2_MINITWICE_29	136	Pulse	99	7283217	20447	NA
S006_DAY2_MINITWICE_29	136	Port Input	1	7283217	20447	NA
S006_DAY2_MINITWICE_29	136	Picture	135_T_FFTRIAD_FF_lana_red.png	7305970	43200	1	1900	2	43200	1800
S006_DAY2_MINITWICE_29	137	Picture	FF	7308070	0	1	43199	2	0	43200
S006_DAY2_MINITWICE_29	137	Pulse	99	7319218	11148	NA
S006_DAY2_MINITWICE_29	137	Port Input	1	7319218	11148	NA
S006_DAY2_MINITWICE_29	137	Response	52	7326157	18087	2
S006_DAY2_MINITWICE_29	137	Picture	136_T_FFTRIAD_FF_huevos_red.png	7351269	43199	1	1900	2	43200	1800
S006_DAY2_MINITWICE_29	138	Picture	rest	7353269	0	2	144100	3	0	144000
S006_DAY2_MINITWICE_29	138	Pulse	99	7355219	1950	NA
S006_DAY2_MINITWICE_29	138	Port Input	1	7355219	1950	NA
S006_DAY2_MINITWICE_29	138	Pulse	99	7391221	37952	NA
S006_DAY2_MINITWICE_29	138	Port Input	1	7391221	37952	NA
S006_DAY2_MINITWICE_29	139	Picture	endrest	7497469	0	1	10100	2	0	10000
S006_DAY2_MINITWICE_29	140	Picture	endrest	7507669	0	1	10100	2	0	10000
S006_DAY2_MINITWICE_29	141	Picture	endrest	7517869	0	1	10100	2	0	10000
S006_DAY2_MINITWICE_29	142	Picture	endrest	7528069	0	1	10100	2	0	10000
