Scenario - vOT_Triads_fMRI_II
Logfile written - 06/19/2015 12:25:51

Subject	Trial	Event Type	Code	Time	TTime	Uncertainty	Duration	Uncertainty	ReqTime	ReqDur

S006_MINIONCE_4536	1	Pulse	99	246792	256594	NA
S006_MINIONCE_4536	1	Port Input	1	246792	256594	NA
S006_MINIONCE_4536	1	Pulse	99	282793	292595	NA
S006_MINIONCE_4536	1	Port Input	1	282793	292595	NA
S006_MINIONCE_4536	1	Pulse	99	318794	328596	NA
S006_MINIONCE_4536	1	Port Input	1	318794	328596	NA
S006_MINIONCE_4536	1	Pulse	99	354795	364597	NA
S006_MINIONCE_4536	1	Port Input	1	354795	364597	NA
S006_MINIONCE_4536	1	Pulse	99	390796	400598	NA
S006_MINIONCE_4536	1	Port Input	1	390796	400598	NA
S006_MINIONCE_4536	2	Picture	rest	391098	0	1	144099	2	0	144000
S006_MINIONCE_4536	2	Pulse	99	426797	35699	NA
S006_MINIONCE_4536	2	Port Input	1	426797	35699	NA
S006_MINIONCE_4536	2	Pulse	99	462798	71700	NA
S006_MINIONCE_4536	2	Port Input	1	462798	71700	NA
S006_MINIONCE_4536	2	Pulse	99	498800	107702	NA
S006_MINIONCE_4536	2	Port Input	1	498800	107702	NA
S006_MINIONCE_4536	2	Pulse	99	534801	143703	NA
S006_MINIONCE_4536	2	Port Input	1	534801	143703	NA
S006_MINIONCE_4536	3	Picture	endrest	535297	0	1	10100	2	0	10000
S006_MINIONCE_4536	4	Picture	PW	545597	0	1	43200	2	0	43200
S006_MINIONCE_4536	4	Response	51	562606	17009	2
S006_MINIONCE_4536	4	Pulse	99	570802	25205	NA
S006_MINIONCE_4536	4	Port Input	1	570802	25205	NA
S006_MINIONCE_4536	4	Picture	3_T_PWTRIAD_PW_chupete_red.png	588797	43200	1	1900	2	43200	1800
S006_MINIONCE_4536	5	Picture	PW	590897	0	1	43200	2	0	43200
S006_MINIONCE_4536	5	Response	52	604734	13837	1
S006_MINIONCE_4536	5	Pulse	99	606803	15906	NA
S006_MINIONCE_4536	5	Port Input	1	606803	15906	NA
S006_MINIONCE_4536	5	Picture	4_T_PWTRIAD_PW_futbol_red.png	634097	43200	1	1900	2	43200	1800
S006_MINIONCE_4536	6	Picture	PW	636397	0	1	43099	3	0	43200
S006_MINIONCE_4536	6	Pulse	99	642804	6407	NA
S006_MINIONCE_4536	6	Port Input	1	642804	6407	NA
S006_MINIONCE_4536	6	Response	52	654436	18039	1
S006_MINIONCE_4536	6	Pulse	99	678805	42408	NA
S006_MINIONCE_4536	6	Port Input	1	678805	42408	NA
S006_MINIONCE_4536	6	Picture	5_T_PWTRIAD_PW_bebe_red.png	679496	43099	2	1900	4	43200	1800
S006_MINIONCE_4536	7	Picture	PW	681597	0	1	43199	2	0	43200
S006_MINIONCE_4536	7	Response	52	693324	11727	1
S006_MINIONCE_4536	7	Pulse	99	714806	33209	NA
S006_MINIONCE_4536	7	Port Input	1	714806	33209	NA
S006_MINIONCE_4536	7	Picture	6_T_PWTRIAD_PW_pizarra_red.png	724796	43199	1	1900	2	43200	1800
S006_MINIONCE_4536	8	Picture	PW	726896	0	1	43200	2	0	43200
S006_MINIONCE_4536	8	Response	51	741363	14467	1
S006_MINIONCE_4536	8	Pulse	99	750807	23911	NA
S006_MINIONCE_4536	8	Port Input	1	750807	23911	NA
S006_MINIONCE_4536	8	Picture	7_T_PWTRIAD_PW_teclado_red.png	770096	43200	1	1900	2	43200	1800
S006_MINIONCE_4536	9	Picture	PW	772296	0	1	43200	2	0	43200
S006_MINIONCE_4536	9	Response	52	782118	9822	2
S006_MINIONCE_4536	9	Pulse	99	786808	14512	NA
S006_MINIONCE_4536	9	Port Input	1	786808	14512	NA
S006_MINIONCE_4536	9	Picture	8_T_PWTRIAD_PW_almohada_red.png	815496	43200	1	1900	2	43200	1800
S006_MINIONCE_4536	10	Picture	PW	817596	0	1	43200	2	0	43200
S006_MINIONCE_4536	10	Pulse	99	822809	5213	NA
S006_MINIONCE_4536	10	Port Input	1	822809	5213	NA
S006_MINIONCE_4536	10	Response	51	834308	16712	4
S006_MINIONCE_4536	10	Pulse	99	858810	41214	NA
S006_MINIONCE_4536	10	Port Input	1	858810	41214	NA
S006_MINIONCE_4536	10	Picture	9_T_PWTRIAD_PW_paracaidas_red.png	860796	43200	1	1900	2	43200	1800
S006_MINIONCE_4536	11	Picture	PW	862896	0	1	43200	2	0	43200
S006_MINIONCE_4536	11	Response	52	884788	21892	1
S006_MINIONCE_4536	11	Pulse	99	894811	31915	NA
S006_MINIONCE_4536	11	Port Input	1	894811	31915	NA
S006_MINIONCE_4536	11	Picture	10_T_PWTRIAD_PW_lenador_red.png	906096	43200	1	1900	2	43200	1800
S006_MINIONCE_4536	12	Picture	rest	908096	0	1	144099	2	0	144000
S006_MINIONCE_4536	12	Pulse	99	930812	22716	NA
S006_MINIONCE_4536	12	Port Input	1	930812	22716	NA
S006_MINIONCE_4536	12	Pulse	99	966813	58717	NA
S006_MINIONCE_4536	12	Port Input	1	966813	58717	NA
S006_MINIONCE_4536	12	Pulse	99	1002814	94718	NA
S006_MINIONCE_4536	12	Port Input	1	1002814	94718	NA
S006_MINIONCE_4536	12	Pulse	99	1038815	130719	NA
S006_MINIONCE_4536	12	Port Input	1	1038815	130719	NA
S006_MINIONCE_4536	13	Picture	endrest	1052295	0	1	10100	2	0	10000
S006_MINIONCE_4536	14	Picture	RW	1062595	0	1	43200	2	0	43200
S006_MINIONCE_4536	14	Response	51	1073651	11056	1
S006_MINIONCE_4536	14	Pulse	99	1074817	12222	NA
S006_MINIONCE_4536	14	Port Input	1	1074817	12222	NA
S006_MINIONCE_4536	14	Picture	13_T_RWTRIAD_RW_martillo_red.png	1105795	43200	1	1900	2	43200	1800
S006_MINIONCE_4536	15	Picture	RW	1107895	0	1	43200	2	0	43200
S006_MINIONCE_4536	15	Pulse	99	1110818	2923	NA
S006_MINIONCE_4536	15	Port Input	1	1110818	2923	NA
S006_MINIONCE_4536	15	Response	51	1118686	10791	1
S006_MINIONCE_4536	15	Pulse	99	1146819	38924	NA
S006_MINIONCE_4536	15	Port Input	1	1146819	38924	NA
S006_MINIONCE_4536	15	Picture	14_T_RWTRIAD_RW_agua_red.png	1151095	43200	1	1900	2	43200	1800
S006_MINIONCE_4536	16	Picture	RW	1153195	0	1	43199	2	0	43200
S006_MINIONCE_4536	16	Response	51	1174706	21511	1
S006_MINIONCE_4536	16	Pulse	99	1182820	29625	NA
S006_MINIONCE_4536	16	Port Input	1	1182820	29625	NA
S006_MINIONCE_4536	16	Picture	15_T_RWTRIAD_RW_charco_red.png	1196394	43199	1	1900	3	43200	1800
S006_MINIONCE_4536	17	Picture	RW	1198694	0	2	43100	3	0	43200
S006_MINIONCE_4536	17	Response	52	1217701	19007	1
S006_MINIONCE_4536	17	Pulse	99	1218821	20127	NA
S006_MINIONCE_4536	17	Port Input	1	1218821	20127	NA
S006_MINIONCE_4536	17	Picture	16_T_RWTRIAD_RW_sobre_red.png	1241794	43100	1	1900	2	43200	1800
S006_MINIONCE_4536	18	Picture	RW	1243894	0	1	43200	2	0	43200
S006_MINIONCE_4536	18	Pulse	99	1254822	10928	NA
S006_MINIONCE_4536	18	Port Input	1	1254822	10928	NA
S006_MINIONCE_4536	18	Response	52	1258435	14541	1
S006_MINIONCE_4536	18	Picture	17_T_RWTRIAD_RW_esquimal_red.png	1287094	43200	1	1900	2	43200	1800
S006_MINIONCE_4536	19	Picture	RW	1289194	0	1	43200	2	0	43200
S006_MINIONCE_4536	19	Pulse	99	1290823	1629	NA
S006_MINIONCE_4536	19	Port Input	1	1290823	1629	NA
S006_MINIONCE_4536	19	Response	51	1308316	19122	1
S006_MINIONCE_4536	19	Pulse	99	1326824	37630	NA
S006_MINIONCE_4536	19	Port Input	1	1326824	37630	NA
S006_MINIONCE_4536	19	Picture	18_T_RWTRIAD_RW_lana_red.png	1332394	43200	1	1900	2	43200	1800
S006_MINIONCE_4536	20	Picture	RW	1334494	0	1	43200	2	0	43200
S006_MINIONCE_4536	20	Response	52	1349916	15422	1
S006_MINIONCE_4536	20	Pulse	99	1362825	28331	NA
S006_MINIONCE_4536	20	Port Input	1	1362825	28331	NA
S006_MINIONCE_4536	20	Picture	19_T_RWTRIAD_RW_raton_red.png	1377694	43200	1	1900	2	43200	1800
S006_MINIONCE_4536	21	Picture	RW	1379794	0	1	43200	2	0	43200
S006_MINIONCE_4536	21	Response	52	1394751	14957	1
S006_MINIONCE_4536	21	Pulse	99	1398826	19032	NA
S006_MINIONCE_4536	21	Port Input	1	1398826	19032	NA
S006_MINIONCE_4536	21	Picture	20_T_RWTRIAD_RW_mono_red.png	1422994	43200	1	1899	3	43200	1800
S006_MINIONCE_4536	22	Picture	rest	1424994	0	1	144099	2	0	144000
S006_MINIONCE_4536	22	Pulse	99	1434827	9833	NA
S006_MINIONCE_4536	22	Port Input	1	1434827	9833	NA
S006_MINIONCE_4536	22	Pulse	99	1470828	45834	NA
S006_MINIONCE_4536	22	Port Input	1	1470828	45834	NA
S006_MINIONCE_4536	22	Pulse	99	1506829	81835	NA
S006_MINIONCE_4536	22	Port Input	1	1506829	81835	NA
S006_MINIONCE_4536	22	Response	52	1539232	114238	1
S006_MINIONCE_4536	22	Pulse	99	1542830	117836	NA
S006_MINIONCE_4536	22	Port Input	1	1542830	117836	NA
S006_MINIONCE_4536	23	Picture	endrest	1569193	0	1	10100	2	0	10000
S006_MINIONCE_4536	23	Pulse	99	1578831	9638	NA
S006_MINIONCE_4536	23	Port Input	1	1578831	9638	NA
S006_MINIONCE_4536	24	Picture	RW	1579493	0	1	43200	2	0	43200
S006_MINIONCE_4536	24	Response	52	1593291	13798	1
S006_MINIONCE_4536	24	Pulse	99	1614832	35339	NA
S006_MINIONCE_4536	24	Port Input	1	1614832	35339	NA
S006_MINIONCE_4536	24	Picture	23_T_RWTRIAD_RW_destornillador_red.png	1622693	43200	1	1900	2	43200	1800
S006_MINIONCE_4536	25	Picture	RW	1624793	0	1	43199	3	0	43200
S006_MINIONCE_4536	25	Response	51	1641538	16745	1
S006_MINIONCE_4536	25	Pulse	99	1650834	26041	NA
S006_MINIONCE_4536	25	Port Input	1	1650834	26041	NA
S006_MINIONCE_4536	25	Picture	24_T_RWTRIAD_RW_portatil_red.png	1667992	43199	2	1901	3	43200	1800
S006_MINIONCE_4536	26	Picture	RW	1670092	0	2	43200	3	0	43200
S006_MINIONCE_4536	26	Response	52	1686559	16467	1
S006_MINIONCE_4536	26	Pulse	99	1686835	16743	NA
S006_MINIONCE_4536	26	Port Input	1	1686835	16743	NA
S006_MINIONCE_4536	26	Picture	25_T_RWTRIAD_RW_dado_red.png	1713292	43200	1	1900	2	43200	1800
S006_MINIONCE_4536	27	Picture	RW	1715392	0	1	43200	2	0	43200
S006_MINIONCE_4536	27	Pulse	99	1722836	7444	NA
S006_MINIONCE_4536	27	Port Input	1	1722836	7444	NA
S006_MINIONCE_4536	27	Response	52	1733053	17661	1
S006_MINIONCE_4536	27	Picture	26_T_RWTRIAD_RW_llave_red.png	1758592	43200	1	1900	2	43200	1800
S006_MINIONCE_4536	27	Pulse	99	1758837	43445	NA
S006_MINIONCE_4536	27	Port Input	1	1758837	43445	NA
S006_MINIONCE_4536	28	Picture	PW	1760692	0	1	43200	2	0	43200
S006_MINIONCE_4536	28	Response	51	1785918	25226	1
S006_MINIONCE_4536	28	Pulse	99	1794838	34146	NA
S006_MINIONCE_4536	28	Port Input	1	1794838	34146	NA
S006_MINIONCE_4536	28	Picture	27_T_PWTRIAD_PW_novia_red.png	1803892	43200	1	1900	2	43200	1800
S006_MINIONCE_4536	29	Picture	PW	1806192	0	1	43100	2	0	43200
S006_MINIONCE_4536	29	Response	51	1818259	12067	1
S006_MINIONCE_4536	29	Pulse	99	1830839	24647	NA
S006_MINIONCE_4536	29	Port Input	1	1830839	24647	NA
S006_MINIONCE_4536	29	Picture	28_T_PWTRIAD_PW_agua_red.png	1849292	43100	1	1900	2	43200	1800
S006_MINIONCE_4536	30	Picture	PW	1851392	0	1	43200	2	0	43200
S006_MINIONCE_4536	30	Pulse	99	1866840	15448	NA
S006_MINIONCE_4536	30	Port Input	1	1866840	15448	NA
S006_MINIONCE_4536	30	Response	51	1872806	21414	1
S006_MINIONCE_4536	30	Picture	29_T_PWTRIAD_PW_lana_red.png	1894592	43200	1	1900	2	43200	1800
S006_MINIONCE_4536	31	Picture	PW	1896792	0	1	43099	3	0	43200
S006_MINIONCE_4536	31	Pulse	99	1902841	6049	NA
S006_MINIONCE_4536	31	Port Input	1	1902841	6049	NA
S006_MINIONCE_4536	31	Response	51	1912851	16059	1
S006_MINIONCE_4536	31	Pulse	99	1938842	42050	NA
S006_MINIONCE_4536	31	Port Input	1	1938842	42050	NA
S006_MINIONCE_4536	31	Picture	30_T_PWTRIAD_PW_portatil_red.png	1939891	43099	2	1900	4	43200	1800
S006_MINIONCE_4536	32	Picture	rest	1941891	0	2	144100	3	0	144000
S006_MINIONCE_4536	32	Pulse	99	1974843	32952	NA
S006_MINIONCE_4536	32	Port Input	1	1974843	32952	NA
S006_MINIONCE_4536	32	Pulse	99	2010844	68953	NA
S006_MINIONCE_4536	32	Port Input	1	2010844	68953	NA
S006_MINIONCE_4536	32	Pulse	99	2046845	104954	NA
S006_MINIONCE_4536	32	Port Input	1	2046845	104954	NA
S006_MINIONCE_4536	32	Pulse	99	2082846	140955	NA
S006_MINIONCE_4536	32	Port Input	1	2082846	140955	NA
S006_MINIONCE_4536	33	Picture	endrest	2086091	0	1	10100	2	0	10000
S006_MINIONCE_4536	34	Picture	PW	2096391	0	1	43200	2	0	43200
S006_MINIONCE_4536	34	Response	52	2109484	13093	1
S006_MINIONCE_4536	34	Pulse	99	2118847	22456	NA
S006_MINIONCE_4536	34	Port Input	1	2118847	22456	NA
S006_MINIONCE_4536	34	Picture	33_T_PWTRIAD_PW_banera_red.png	2139591	43200	1	1900	2	43200	1800
S006_MINIONCE_4536	35	Picture	PW	2141691	0	1	43199	3	0	43200
S006_MINIONCE_4536	35	Response	52	2152281	10590	2
S006_MINIONCE_4536	35	Pulse	99	2154848	13157	NA
S006_MINIONCE_4536	35	Port Input	1	2154848	13157	NA
S006_MINIONCE_4536	35	Picture	34_T_PWTRIAD_PW_bala_red.png	2184890	43199	2	1900	4	43200	1800
S006_MINIONCE_4536	36	Picture	PW	2186990	0	2	43200	3	0	43200
S006_MINIONCE_4536	36	Pulse	99	2190849	3859	NA
S006_MINIONCE_4536	36	Port Input	1	2190849	3859	NA
S006_MINIONCE_4536	36	Response	52	2199345	12355	1
S006_MINIONCE_4536	36	Pulse	99	2226851	39861	NA
S006_MINIONCE_4536	36	Port Input	1	2226851	39861	NA
S006_MINIONCE_4536	36	Picture	35_T_PWTRIAD_PW_manos_red.png	2230190	43200	1	1900	2	43200	1800
S006_MINIONCE_4536	37	Picture	PW	2232290	0	1	43200	2	0	43200
S006_MINIONCE_4536	37	Response	51	2245952	13662	1
S006_MINIONCE_4536	37	Pulse	99	2262852	30562	NA
S006_MINIONCE_4536	37	Port Input	1	2262852	30562	NA
S006_MINIONCE_4536	37	Picture	36_T_PWTRIAD_PW_policia_red.png	2275490	43200	1	1900	2	43200	1800
S006_MINIONCE_4536	38	Picture	FF	2277790	0	1	43100	2	0	43200
S006_MINIONCE_4536	38	Response	51	2294184	16394	1
S006_MINIONCE_4536	38	Pulse	99	2298853	21063	NA
S006_MINIONCE_4536	38	Port Input	1	2298853	21063	NA
S006_MINIONCE_4536	38	Picture	37_T_FFTRIAD_FF_television_red.png	2320890	43100	1	1900	2	43200	1800
S006_MINIONCE_4536	39	Picture	FF	2322990	0	1	43200	2	0	43200
S006_MINIONCE_4536	39	Pulse	99	2334854	11864	NA
S006_MINIONCE_4536	39	Port Input	1	2334854	11864	NA
S006_MINIONCE_4536	39	Response	52	2346258	23268	1
S006_MINIONCE_4536	39	Picture	38_T_FFTRIAD_FF_tenedor_red.png	2366190	43200	1	1900	2	43200	1800
S006_MINIONCE_4536	40	Picture	FF	2368490	0	1	43100	2	0	43200
S006_MINIONCE_4536	40	Pulse	99	2370855	2365	NA
S006_MINIONCE_4536	40	Port Input	1	2370855	2365	NA
S006_MINIONCE_4536	40	Response	51	2391598	23108	1
S006_MINIONCE_4536	40	Pulse	99	2406856	38366	NA
S006_MINIONCE_4536	40	Port Input	1	2406856	38366	NA
S006_MINIONCE_4536	40	Picture	39_T_FFTRIAD_FF_gafas_red.png	2411590	43100	1	1900	2	43200	1800
S006_MINIONCE_4536	41	Picture	FF	2413689	0	2	43200	3	0	43200
S006_MINIONCE_4536	41	Response	52	2431430	17741	1
S006_MINIONCE_4536	41	Pulse	99	2442857	29168	NA
S006_MINIONCE_4536	41	Port Input	1	2442857	29168	NA
S006_MINIONCE_4536	41	Picture	40_T_FFTRIAD_FF_sobre_red.png	2456889	43200	1	1900	2	43200	1800
S006_MINIONCE_4536	42	Picture	rest	2458889	0	1	144100	2	0	144000
S006_MINIONCE_4536	42	Pulse	99	2478858	19969	NA
S006_MINIONCE_4536	42	Port Input	1	2478858	19969	NA
S006_MINIONCE_4536	42	Pulse	99	2514859	55970	NA
S006_MINIONCE_4536	42	Port Input	1	2514859	55970	NA
S006_MINIONCE_4536	42	Pulse	99	2550860	91971	NA
S006_MINIONCE_4536	42	Port Input	1	2550860	91971	NA
S006_MINIONCE_4536	42	Pulse	99	2586861	127972	NA
S006_MINIONCE_4536	42	Port Input	1	2586861	127972	NA
S006_MINIONCE_4536	43	Picture	endrest	2603089	0	1	10100	2	0	10000
S006_MINIONCE_4536	44	Picture	PW	2613389	0	1	43200	2	0	43200
S006_MINIONCE_4536	44	Pulse	99	2622862	9473	NA
S006_MINIONCE_4536	44	Port Input	1	2622862	9473	NA
S006_MINIONCE_4536	44	Response	51	2625000	11611	1
S006_MINIONCE_4536	44	Picture	43_T_PWTRIAD_PW_pluma_red.png	2656589	43200	1	1900	2	43200	1800
S006_MINIONCE_4536	45	Picture	PW	2658689	0	1	43199	2	0	43200
S006_MINIONCE_4536	45	Pulse	99	2658863	174	NA
S006_MINIONCE_4536	45	Port Input	1	2658863	174	NA
S006_MINIONCE_4536	45	Response	51	2671126	12437	1
S006_MINIONCE_4536	45	Pulse	99	2694864	36175	NA
S006_MINIONCE_4536	45	Port Input	1	2694864	36175	NA
S006_MINIONCE_4536	45	Picture	44_T_PWTRIAD_PW_grifo_red.png	2701888	43199	1	1900	2	43200	1800
S006_MINIONCE_4536	46	Picture	PW	2703988	0	1	43200	2	0	43200
S006_MINIONCE_4536	46	Response	51	2720097	16109	1
S006_MINIONCE_4536	46	Pulse	99	2730865	26877	NA
S006_MINIONCE_4536	46	Port Input	1	2730865	26877	NA
S006_MINIONCE_4536	46	Picture	45_T_PWTRIAD_PW_esquimal_red.png	2747188	43200	1	1900	2	43200	1800
S006_MINIONCE_4536	47	Picture	PW	2749488	0	1	43100	2	0	43200
S006_MINIONCE_4536	47	Response	51	2760422	10934	2
S006_MINIONCE_4536	47	Pulse	99	2766866	17378	NA
S006_MINIONCE_4536	47	Port Input	1	2766866	17378	NA
S006_MINIONCE_4536	47	Picture	46_T_PWTRIAD_PW_bellota_red.png	2792588	43100	1	1900	2	43200	1800
S006_MINIONCE_4536	48	Picture	PW	2794888	0	1	43100	2	0	43200
S006_MINIONCE_4536	48	Pulse	99	2802868	7980	NA
S006_MINIONCE_4536	48	Port Input	1	2802868	7980	NA
S006_MINIONCE_4536	48	Response	51	2805662	10774	1
S006_MINIONCE_4536	48	Picture	47_T_PWTRIAD_PW_anillo_red.png	2837988	43100	1	1900	2	43200	1800
S006_MINIONCE_4536	48	Pulse	99	2838869	43981	NA
S006_MINIONCE_4536	48	Port Input	1	2838869	43981	NA
S006_MINIONCE_4536	49	Picture	PW	2840088	0	1	43200	2	0	43200
S006_MINIONCE_4536	49	Response	52	2854805	14717	1
S006_MINIONCE_4536	49	Pulse	99	2874870	34782	NA
S006_MINIONCE_4536	49	Port Input	1	2874870	34782	NA
S006_MINIONCE_4536	49	Picture	48_T_PWTRIAD_PW_arco_red.png	2883288	43200	1	1900	2	43200	1800
S006_MINIONCE_4536	50	Picture	PW	2885388	0	1	43199	3	0	43200
S006_MINIONCE_4536	50	Response	52	2895739	10351	1
S006_MINIONCE_4536	50	Pulse	99	2910871	25483	NA
S006_MINIONCE_4536	50	Port Input	1	2910871	25483	NA
S006_MINIONCE_4536	50	Picture	49_T_PWTRIAD_PW_telarana_red.png	2928587	43199	2	1900	4	43200	1800
S006_MINIONCE_4536	51	Picture	PW	2930687	0	2	43200	3	0	43200
S006_MINIONCE_4536	51	Response	51	2943766	13079	1
S006_MINIONCE_4536	51	Pulse	99	2946872	16185	NA
S006_MINIONCE_4536	51	Port Input	1	2946872	16185	NA
S006_MINIONCE_4536	51	Picture	50_T_PWTRIAD_PW_lechuga_red.png	2973887	43200	1	1900	2	43200	1800
S006_MINIONCE_4536	52	Picture	rest	2975887	0	1	144100	2	0	144000
S006_MINIONCE_4536	52	Pulse	99	2982873	6986	NA
S006_MINIONCE_4536	52	Port Input	1	2982873	6986	NA
S006_MINIONCE_4536	52	Pulse	99	3018874	42987	NA
S006_MINIONCE_4536	52	Port Input	1	3018874	42987	NA
S006_MINIONCE_4536	52	Pulse	99	3054875	78988	NA
S006_MINIONCE_4536	52	Port Input	1	3054875	78988	NA
S006_MINIONCE_4536	52	Pulse	99	3090876	114989	NA
S006_MINIONCE_4536	52	Port Input	1	3090876	114989	NA
S006_MINIONCE_4536	53	Picture	endrest	3120087	0	1	10100	2	0	10000
S006_MINIONCE_4536	53	Pulse	99	3126877	6790	NA
S006_MINIONCE_4536	53	Port Input	1	3126877	6790	NA
S006_MINIONCE_4536	54	Picture	FF	3130587	0	1	43199	3	0	43200
S006_MINIONCE_4536	54	Response	51	3149135	18548	1
S006_MINIONCE_4536	54	Pulse	99	3162878	32291	NA
S006_MINIONCE_4536	54	Port Input	1	3162878	32291	NA
S006_MINIONCE_4536	54	Picture	53_T_FFTRIAD_FF_teclado_red.png	3173786	43199	2	1900	4	43200	1800
S006_MINIONCE_4536	55	Picture	FF	3175986	0	2	43100	3	0	43200
S006_MINIONCE_4536	55	Response	51	3193796	17810	1
S006_MINIONCE_4536	55	Pulse	99	3198879	22893	NA
S006_MINIONCE_4536	55	Port Input	1	3198879	22893	NA
S006_MINIONCE_4536	55	Picture	54_T_FFTRIAD_FF_llave_red.png	3219086	43100	1	1900	2	43200	1800
S006_MINIONCE_4536	56	Picture	FF	3221186	0	1	43200	2	0	43200
S006_MINIONCE_4536	56	Response	51	3233597	12411	1
S006_MINIONCE_4536	56	Pulse	99	3234880	13694	NA
S006_MINIONCE_4536	56	Port Input	1	3234880	13694	NA
S006_MINIONCE_4536	56	Picture	55_T_FFTRIAD_FF_zanahoria_red.png	3264386	43200	1	1900	2	43200	1800
S006_MINIONCE_4536	57	Picture	FF	3266686	0	1	43100	2	0	43200
S006_MINIONCE_4536	57	Pulse	99	3270881	4195	NA
S006_MINIONCE_4536	57	Port Input	1	3270881	4195	NA
S006_MINIONCE_4536	57	Response	51	3279315	12629	1
S006_MINIONCE_4536	57	Pulse	99	3306882	40196	NA
S006_MINIONCE_4536	57	Port Input	1	3306882	40196	NA
S006_MINIONCE_4536	57	Picture	56_T_FFTRIAD_FF_ancla_red.png	3309786	43100	1	1900	2	43200	1800
S006_MINIONCE_4536	58	Picture	RW	3311886	0	1	43200	2	0	43200
S006_MINIONCE_4536	58	Response	51	3332878	20992	1
S006_MINIONCE_4536	58	Pulse	99	3342883	30997	NA
S006_MINIONCE_4536	58	Port Input	1	3342883	30997	NA
S006_MINIONCE_4536	58	Picture	57_T_RWTRIAD_RW_almohada_red.png	3355086	43200	1	1900	2	43200	1800
S006_MINIONCE_4536	59	Picture	RW	3357186	0	1	43199	3	0	43200
S006_MINIONCE_4536	59	Response	52	3370793	13607	1
S006_MINIONCE_4536	59	Pulse	99	3378884	21698	NA
S006_MINIONCE_4536	59	Port Input	1	3378884	21698	NA
S006_MINIONCE_4536	59	Picture	58_T_RWTRIAD_RW_futbol_red.png	3400385	43199	2	1898	42	43200	1800
S006_MINIONCE_4536	60	Picture	RW	3402585	0	2	43100	3	0	43200
S006_MINIONCE_4536	60	Pulse	99	3414886	12301	NA
S006_MINIONCE_4536	60	Port Input	1	3414886	12301	NA
S006_MINIONCE_4536	60	Response	51	3420911	18326	1
S006_MINIONCE_4536	60	Picture	59_T_RWTRIAD_RW_dedal_red.png	3445685	43100	1	1900	2	43200	1800
S006_MINIONCE_4536	61	Picture	RW	3447785	0	1	43200	2	0	43200
S006_MINIONCE_4536	61	Pulse	99	3450887	3102	NA
S006_MINIONCE_4536	61	Port Input	1	3450887	3102	NA
S006_MINIONCE_4536	61	Response	52	3462626	14841	1
S006_MINIONCE_4536	61	Pulse	99	3486888	39103	NA
S006_MINIONCE_4536	61	Port Input	1	3486888	39103	NA
S006_MINIONCE_4536	61	Picture	60_T_RWTRIAD_RW_huevos_red.png	3490985	43200	1	1900	2	43200	1800
S006_MINIONCE_4536	62	Picture	rest	3492985	0	1	144100	2	0	144000
S006_MINIONCE_4536	62	Pulse	99	3522889	29904	NA
S006_MINIONCE_4536	62	Port Input	1	3522889	29904	NA
S006_MINIONCE_4536	62	Pulse	99	3558890	65905	NA
S006_MINIONCE_4536	62	Port Input	1	3558890	65905	NA
S006_MINIONCE_4536	62	Pulse	99	3594891	101906	NA
S006_MINIONCE_4536	62	Port Input	1	3594891	101906	NA
S006_MINIONCE_4536	62	Pulse	99	3630892	137907	NA
S006_MINIONCE_4536	62	Port Input	1	3630892	137907	NA
S006_MINIONCE_4536	63	Picture	endrest	3637185	0	1	10100	2	0	10000
S006_MINIONCE_4536	64	Picture	FF	3647485	0	1	43199	2	0	43200
S006_MINIONCE_4536	64	Response	51	3664737	17252	1
S006_MINIONCE_4536	64	Pulse	99	3666893	19408	NA
S006_MINIONCE_4536	64	Port Input	1	3666893	19408	NA
S006_MINIONCE_4536	64	Picture	63_T_FFTRIAD_FF_novia_red.png	3690684	43199	1	1900	3	43200	1800
S006_MINIONCE_4536	65	Picture	FF	3692784	0	1	43200	2	0	43200
S006_MINIONCE_4536	65	Pulse	99	3702894	10110	NA
S006_MINIONCE_4536	65	Port Input	1	3702894	10110	NA
S006_MINIONCE_4536	65	Response	52	3703657	10873	1
S006_MINIONCE_4536	65	Picture	64_T_FFTRIAD_FF_ascensor_red.png	3735984	43200	1	1900	2	43200	1800
S006_MINIONCE_4536	66	Picture	FF	3738084	0	1	43200	2	0	43200
S006_MINIONCE_4536	66	Pulse	99	3738895	811	NA
S006_MINIONCE_4536	66	Port Input	1	3738895	811	NA
S006_MINIONCE_4536	66	Response	52	3759326	21242	1
S006_MINIONCE_4536	66	Pulse	99	3774896	36812	NA
S006_MINIONCE_4536	66	Port Input	1	3774896	36812	NA
S006_MINIONCE_4536	66	Picture	65_T_FFTRIAD_FF_queso_red.png	3781284	43200	1	1900	2	43200	1800
S006_MINIONCE_4536	67	Picture	FF	3783384	0	1	43200	2	0	43200
S006_MINIONCE_4536	67	Response	51	3801338	17954	1
S006_MINIONCE_4536	67	Pulse	99	3810897	27513	NA
S006_MINIONCE_4536	67	Port Input	1	3810897	27513	NA
S006_MINIONCE_4536	67	Picture	66_T_FFTRIAD_FF_carruaje_red.png	3826584	43200	1	1900	2	43200	1800
S006_MINIONCE_4536	68	Picture	RW	3828884	0	1	43100	2	0	43200
S006_MINIONCE_4536	68	Response	51	3844663	15779	1
S006_MINIONCE_4536	68	Pulse	99	3846898	18014	NA
S006_MINIONCE_4536	68	Port Input	1	3846898	18014	NA
S006_MINIONCE_4536	68	Picture	67_T_RWTRIAD_RW_telarana_red.png	3871984	43100	1	1900	2	43200	1800
S006_MINIONCE_4536	69	Picture	RW	3874084	0	1	43199	3	0	43200
S006_MINIONCE_4536	69	Pulse	99	3882899	8815	NA
S006_MINIONCE_4536	69	Port Input	1	3882899	8815	NA
S006_MINIONCE_4536	69	Response	51	3890948	16864	1
S006_MINIONCE_4536	69	Picture	68_T_RWTRIAD_RW_zanahoria_red.png	3917283	43199	2	1900	4	43200	1800
S006_MINIONCE_4536	69	Pulse	99	3918900	44816	NA
S006_MINIONCE_4536	69	Port Input	1	3918900	44816	NA
S006_MINIONCE_4536	70	Picture	RW	3919383	0	2	43200	3	0	43200
S006_MINIONCE_4536	70	Response	52	3933837	14454	1
S006_MINIONCE_4536	70	Pulse	99	3954902	35519	NA
S006_MINIONCE_4536	70	Port Input	1	3954902	35519	NA
S006_MINIONCE_4536	70	Picture	69_T_RWTRIAD_RW_lenador_red.png	3962583	43200	1	1900	2	43200	1800
S006_MINIONCE_4536	71	Picture	RW	3964883	0	1	43100	2	0	43200
S006_MINIONCE_4536	71	Response	52	3980310	15427	2
S006_MINIONCE_4536	71	Pulse	99	3990903	26020	NA
S006_MINIONCE_4536	71	Port Input	1	3990903	26020	NA
S006_MINIONCE_4536	71	Picture	70_T_RWTRIAD_RW_arco_red.png	4007983	43100	1	1900	2	43200	1800
S006_MINIONCE_4536	72	Picture	rest	4009983	0	1	144100	2	0	144000
S006_MINIONCE_4536	72	Pulse	99	4026904	16921	NA
S006_MINIONCE_4536	72	Port Input	1	4026904	16921	NA
S006_MINIONCE_4536	72	Pulse	99	4062905	52922	NA
S006_MINIONCE_4536	72	Port Input	1	4062905	52922	NA
S006_MINIONCE_4536	72	Pulse	99	4098906	88923	NA
S006_MINIONCE_4536	72	Port Input	1	4098906	88923	NA
S006_MINIONCE_4536	72	Pulse	99	4134907	124924	NA
S006_MINIONCE_4536	72	Port Input	1	4134907	124924	NA
S006_MINIONCE_4536	73	Picture	endrest	4154182	0	2	10100	4	0	10000
S006_MINIONCE_4536	74	Picture	PW	4164482	0	2	43200	3	0	43200
S006_MINIONCE_4536	74	Pulse	99	4170908	6426	NA
S006_MINIONCE_4536	74	Port Input	1	4170908	6426	NA
S006_MINIONCE_4536	74	Response	51	4181347	16865	1
S006_MINIONCE_4536	74	Pulse	99	4206909	42427	NA
S006_MINIONCE_4536	74	Port Input	1	4206909	42427	NA
S006_MINIONCE_4536	74	Picture	73_T_PWTRIAD_PW_iglu_red.png	4207682	43200	1	1900	2	43200	1800
S006_MINIONCE_4536	75	Picture	PW	4209782	0	1	43200	2	0	43200
S006_MINIONCE_4536	75	Response	52	4224194	14412	1
S006_MINIONCE_4536	75	Pulse	99	4242910	33128	NA
S006_MINIONCE_4536	75	Port Input	1	4242910	33128	NA
S006_MINIONCE_4536	75	Picture	74_T_PWTRIAD_PW_oruga_red.png	4252982	43200	1	1900	2	43200	1800
S006_MINIONCE_4536	76	Picture	PW	4255082	0	1	43200	2	0	43200
S006_MINIONCE_4536	76	Response	51	4264645	9563	1
S006_MINIONCE_4536	76	Pulse	99	4278911	23829	NA
S006_MINIONCE_4536	76	Port Input	1	4278911	23829	NA
S006_MINIONCE_4536	76	Picture	75_T_PWTRIAD_PW_sapo_red.png	4298282	43200	1	1900	2	43200	1800
S006_MINIONCE_4536	77	Picture	PW	4300382	0	1	43200	2	0	43200
S006_MINIONCE_4536	77	Pulse	99	4314912	14530	NA
S006_MINIONCE_4536	77	Port Input	1	4314912	14530	NA
S006_MINIONCE_4536	77	Response	51	4316691	16309	1
S006_MINIONCE_4536	77	Picture	76_T_PWTRIAD_PW_perro_red.png	4343582	43200	1	1900	2	43200	1800
S006_MINIONCE_4536	78	Picture	RW	4345682	0	1	43199	3	0	43200
S006_MINIONCE_4536	78	Pulse	99	4350913	5231	NA
S006_MINIONCE_4536	78	Port Input	1	4350913	5231	NA
S006_MINIONCE_4536	78	Response	51	4363621	17939	1
S006_MINIONCE_4536	78	Pulse	99	4386914	41232	NA
S006_MINIONCE_4536	78	Port Input	1	4386914	41232	NA
S006_MINIONCE_4536	78	Picture	77_T_RWTRIAD_RW_ancla_red.png	4388881	43199	2	1901	3	43200	1800
S006_MINIONCE_4536	79	Picture	RW	4390982	0	1	43199	2	0	43200
S006_MINIONCE_4536	79	Response	52	4404311	13329	1
S006_MINIONCE_4536	79	Pulse	99	4422915	31933	NA
S006_MINIONCE_4536	79	Port Input	1	4422915	31933	NA
S006_MINIONCE_4536	79	Picture	78_T_RWTRIAD_RW_monja_red.png	4434181	43199	1	1900	2	43200	1800
S006_MINIONCE_4536	80	Picture	RW	4436281	0	1	43200	2	0	43200
S006_MINIONCE_4536	80	Response	52	4455019	18738	1
S006_MINIONCE_4536	80	Pulse	99	4458916	22635	NA
S006_MINIONCE_4536	80	Port Input	1	4458916	22635	NA
S006_MINIONCE_4536	80	Picture	79_T_RWTRIAD_RW_grapadora_red.png	4479481	43200	1	1900	2	43200	1800
S006_MINIONCE_4536	81	Picture	RW	4481681	0	1	43100	2	0	43200
S006_MINIONCE_4536	81	Pulse	99	4494917	13236	NA
S006_MINIONCE_4536	81	Port Input	1	4494917	13236	NA
S006_MINIONCE_4536	81	Response	51	4495951	14270	1
S006_MINIONCE_4536	81	Picture	80_T_RWTRIAD_RW_violin_red.png	4524781	43100	1	1900	2	43200	1800
S006_MINIONCE_4536	82	Picture	rest	4526781	0	1	144099	3	0	144000
S006_MINIONCE_4536	82	Pulse	99	4530918	4137	NA
S006_MINIONCE_4536	82	Port Input	1	4530918	4137	NA
S006_MINIONCE_4536	82	Pulse	99	4566920	40139	NA
S006_MINIONCE_4536	82	Port Input	1	4566920	40139	NA
S006_MINIONCE_4536	82	Pulse	99	4602921	76140	NA
S006_MINIONCE_4536	82	Port Input	1	4602921	76140	NA
S006_MINIONCE_4536	82	Pulse	99	4638922	112141	NA
S006_MINIONCE_4536	82	Port Input	1	4638922	112141	NA
S006_MINIONCE_4536	83	Picture	endrest	4670980	0	2	10100	3	0	10000
S006_MINIONCE_4536	83	Pulse	99	4674923	3943	NA
S006_MINIONCE_4536	83	Port Input	1	4674923	3943	NA
S006_MINIONCE_4536	84	Picture	PW	4681480	0	1	43100	2	0	43200
S006_MINIONCE_4536	84	Response	51	4693772	12292	1
S006_MINIONCE_4536	84	Pulse	99	4710924	29444	NA
S006_MINIONCE_4536	84	Port Input	1	4710924	29444	NA
S006_MINIONCE_4536	84	Picture	83_T_PWTRIAD_PW_sombrilla_red.png	4724580	43100	1	1900	2	43200	1800
S006_MINIONCE_4536	85	Picture	PW	4726780	0	1	43100	2	0	43200
S006_MINIONCE_4536	85	Response	52	4736683	9903	1
S006_MINIONCE_4536	85	Pulse	99	4746925	20145	NA
S006_MINIONCE_4536	85	Port Input	1	4746925	20145	NA
S006_MINIONCE_4536	85	Picture	84_T_PWTRIAD_PW_monja_red.png	4769880	43100	1	1900	2	43200	1800
S006_MINIONCE_4536	86	Picture	PW	4771980	0	1	43200	2	0	43200
S006_MINIONCE_4536	86	Response	52	4782382	10402	1
S006_MINIONCE_4536	86	Pulse	99	4782926	10946	NA
S006_MINIONCE_4536	86	Port Input	1	4782926	10946	NA
S006_MINIONCE_4536	86	Picture	85_T_PWTRIAD_PW_zanahoria_red.png	4815180	43200	1	1900	2	43200	1800
S006_MINIONCE_4536	87	Picture	PW	4817280	0	1	43200	2	0	43200
S006_MINIONCE_4536	87	Pulse	99	4818927	1647	NA
S006_MINIONCE_4536	87	Port Input	1	4818927	1647	NA
S006_MINIONCE_4536	87	Response	52	4827940	10660	1
S006_MINIONCE_4536	87	Pulse	99	4854928	37648	NA
S006_MINIONCE_4536	87	Port Input	1	4854928	37648	NA
S006_MINIONCE_4536	87	Picture	86_T_PWTRIAD_PW_botella_red.png	4860480	43200	1	1900	2	43200	1800
S006_MINIONCE_4536	88	Picture	FF	4862780	0	1	43099	3	0	43200
S006_MINIONCE_4536	88	Response	52	4874470	11690	1
S006_MINIONCE_4536	88	Pulse	99	4890929	28149	NA
S006_MINIONCE_4536	88	Port Input	1	4890929	28149	NA
S006_MINIONCE_4536	88	Picture	87_T_FFTRIAD_FF_bebe_red.png	4905879	43099	2	1900	4	43200	1800
S006_MINIONCE_4536	89	Picture	FF	4907979	0	2	43200	3	0	43200
S006_MINIONCE_4536	89	Response	51	4919378	11399	2
S006_MINIONCE_4536	89	Pulse	99	4926930	18951	NA
S006_MINIONCE_4536	89	Port Input	1	4926930	18951	NA
S006_MINIONCE_4536	89	Picture	88_T_FFTRIAD_FF_bellota_red.png	4951179	43200	1	1900	2	43200	1800
S006_MINIONCE_4536	90	Picture	FF	4953279	0	1	43200	2	0	43200
S006_MINIONCE_4536	90	Pulse	99	4962931	9652	NA
S006_MINIONCE_4536	90	Port Input	1	4962931	9652	NA
S006_MINIONCE_4536	90	Response	51	4964418	11139	1
S006_MINIONCE_4536	90	Picture	89_T_FFTRIAD_FF_piramide_red.png	4996479	43200	1	1900	2	43200	1800
S006_MINIONCE_4536	91	Picture	FF	4998579	0	1	43200	2	0	43200
S006_MINIONCE_4536	91	Pulse	99	4998932	353	NA
S006_MINIONCE_4536	91	Port Input	1	4998932	353	NA
S006_MINIONCE_4536	91	Response	52	5008289	9710	1
S006_MINIONCE_4536	91	Pulse	99	5034933	36354	NA
S006_MINIONCE_4536	91	Port Input	1	5034933	36354	NA
S006_MINIONCE_4536	91	Picture	90_T_FFTRIAD_FF_chupete_red.png	5041779	43200	1	1900	2	43200	1800
S006_MINIONCE_4536	92	Picture	rest	5043779	0	1	144099	2	0	144000
S006_MINIONCE_4536	92	Pulse	99	5070934	27155	NA
S006_MINIONCE_4536	92	Port Input	1	5070934	27155	NA
S006_MINIONCE_4536	92	Pulse	99	5106935	63156	NA
S006_MINIONCE_4536	92	Port Input	1	5106935	63156	NA
S006_MINIONCE_4536	92	Pulse	99	5142937	99158	NA
S006_MINIONCE_4536	92	Port Input	1	5142937	99158	NA
S006_MINIONCE_4536	92	Pulse	99	5178938	135159	NA
S006_MINIONCE_4536	92	Port Input	1	5178938	135159	NA
S006_MINIONCE_4536	93	Picture	endrest	5187978	0	1	10100	2	0	10000
S006_MINIONCE_4536	94	Picture	RW	5198278	0	1	43200	2	0	43200
S006_MINIONCE_4536	94	Response	52	5213364	15086	1
S006_MINIONCE_4536	94	Pulse	99	5214939	16661	NA
S006_MINIONCE_4536	94	Port Input	1	5214939	16661	NA
S006_MINIONCE_4536	94	Picture	93_T_RWTRIAD_RW_cinturon_red.png	5241478	43200	1	1900	2	43200	1800
S006_MINIONCE_4536	95	Picture	RW	5243578	0	1	43200	2	0	43200
S006_MINIONCE_4536	95	Pulse	99	5250940	7362	NA
S006_MINIONCE_4536	95	Port Input	1	5250940	7362	NA
S006_MINIONCE_4536	95	Response	52	5259505	15927	1
S006_MINIONCE_4536	95	Picture	94_T_RWTRIAD_RW_cuento_red.png	5286778	43200	1	1900	2	43200	1800
S006_MINIONCE_4536	95	Pulse	99	5286941	43363	NA
S006_MINIONCE_4536	95	Port Input	1	5286941	43363	NA
S006_MINIONCE_4536	96	Picture	RW	5288978	0	1	43100	2	0	43200
S006_MINIONCE_4536	96	Response	52	5308290	19312	1
S006_MINIONCE_4536	96	Pulse	99	5322942	33964	NA
S006_MINIONCE_4536	96	Port Input	1	5322942	33964	NA
S006_MINIONCE_4536	96	Picture	95_T_RWTRIAD_RW_tijera_red.png	5332078	43100	1	1900	2	43200	1800
S006_MINIONCE_4536	97	Picture	RW	5334178	0	1	43200	2	0	43200
S006_MINIONCE_4536	97	Pulse	99	5358943	24765	NA
S006_MINIONCE_4536	97	Port Input	1	5358943	24765	NA
S006_MINIONCE_4536	97	Response	51	5370263	36085	1
S006_MINIONCE_4536	97	Picture	96_T_RWTRIAD_RW_pilas_red.png	5377378	43200	1	1900	2	43200	1800
S006_MINIONCE_4536	98	Picture	RW	5379678	0	1	43099	2	0	43200
S006_MINIONCE_4536	98	Pulse	99	5394944	15266	NA
S006_MINIONCE_4536	98	Port Input	1	5394944	15266	NA
S006_MINIONCE_4536	98	Response	51	5407024	27346	1
S006_MINIONCE_4536	98	Picture	97_T_RWTRIAD_RW_ascensor_red.png	5422777	43099	1	1900	2	43200	1800
S006_MINIONCE_4536	99	Picture	RW	5424877	0	1	43200	2	0	43200
S006_MINIONCE_4536	99	Pulse	99	5430945	6068	NA
S006_MINIONCE_4536	99	Port Input	1	5430945	6068	NA
S006_MINIONCE_4536	99	Response	52	5457033	32156	1
S006_MINIONCE_4536	99	Pulse	99	5466946	42069	NA
S006_MINIONCE_4536	99	Port Input	1	5466946	42069	NA
S006_MINIONCE_4536	99	Picture	98_T_RWTRIAD_RW_piramide_red.png	5468077	43200	1	1900	2	43200	1800
S006_MINIONCE_4536	100	Picture	RW	5470177	0	1	43200	2	0	43200
S006_MINIONCE_4536	100	Pulse	99	5502947	32770	NA
S006_MINIONCE_4536	100	Port Input	1	5502947	32770	NA
S006_MINIONCE_4536	100	Response	52	5512285	42108	40
S006_MINIONCE_4536	100	Picture	99_T_RWTRIAD_RW_gafas_red.png	5513377	43200	1	1900	2	43200	1800
S006_MINIONCE_4536	101	Picture	RW	5515477	0	1	43200	2	0	43200
S006_MINIONCE_4536	101	Pulse	99	5538948	23471	NA
S006_MINIONCE_4536	101	Port Input	1	5538948	23471	NA
S006_MINIONCE_4536	101	Response	51	5544658	29181	1
S006_MINIONCE_4536	101	Picture	100_T_RWTRIAD_RW_iglu_red.png	5558677	43200	1	1900	2	43200	1800
S006_MINIONCE_4536	102	Picture	rest	5560677	0	1	144099	2	0	144000
S006_MINIONCE_4536	102	Pulse	99	5574949	14272	NA
S006_MINIONCE_4536	102	Port Input	1	5574949	14272	NA
S006_MINIONCE_4536	102	Pulse	99	5610950	50273	NA
S006_MINIONCE_4536	102	Port Input	1	5610950	50273	NA
S006_MINIONCE_4536	102	Pulse	99	5646951	86274	NA
S006_MINIONCE_4536	102	Port Input	1	5646951	86274	NA
S006_MINIONCE_4536	102	Pulse	99	5682952	122275	NA
S006_MINIONCE_4536	102	Port Input	1	5682952	122275	NA
S006_MINIONCE_4536	103	Picture	endrest	5704876	0	1	10100	2	0	10000
S006_MINIONCE_4536	104	Picture	FF	5715176	0	1	43200	2	0	43200
S006_MINIONCE_4536	104	Pulse	99	5718953	3777	NA
S006_MINIONCE_4536	104	Port Input	1	5718953	3777	NA
S006_MINIONCE_4536	104	Response	52	5731136	15960	1
S006_MINIONCE_4536	104	Pulse	99	5754955	39779	NA
S006_MINIONCE_4536	104	Port Input	1	5754955	39779	NA
S006_MINIONCE_4536	104	Picture	103_T_FFTRIAD_FF_plato_red.png	5758376	43200	1	1900	2	43200	1800
S006_MINIONCE_4536	105	Picture	FF	5760676	0	1	43100	2	0	43200
S006_MINIONCE_4536	105	Response	52	5776879	16203	1
S006_MINIONCE_4536	105	Pulse	99	5790956	30280	NA
S006_MINIONCE_4536	105	Port Input	1	5790956	30280	NA
S006_MINIONCE_4536	105	Picture	104_T_FFTRIAD_FF_banera_red.png	5803776	43100	1	1900	2	43200	1800
S006_MINIONCE_4536	106	Picture	FF	5805976	0	1	43200	2	0	43200
S006_MINIONCE_4536	106	Response	51	5816441	10465	2
S006_MINIONCE_4536	106	Pulse	99	5826957	20981	NA
S006_MINIONCE_4536	106	Port Input	1	5826957	20981	NA
S006_MINIONCE_4536	106	Picture	105_T_FFTRIAD_FF_agua_red.png	5849176	43200	1	1900	2	43200	1800
S006_MINIONCE_4536	107	Picture	FF	5851276	0	1	43199	3	0	43200
S006_MINIONCE_4536	107	Pulse	99	5862958	11682	NA
S006_MINIONCE_4536	107	Port Input	1	5862958	11682	NA
S006_MINIONCE_4536	107	Response	51	5867516	16240	1
S006_MINIONCE_4536	107	Picture	106_T_FFTRIAD_FF_pluma_red.png	5894475	43199	2	1900	4	43200	1800
S006_MINIONCE_4536	108	Picture	FF	5896575	0	2	43200	3	0	43200
S006_MINIONCE_4536	108	Pulse	99	5898959	2384	NA
S006_MINIONCE_4536	108	Port Input	1	5898959	2384	NA
S006_MINIONCE_4536	108	Response	51	5910765	14190	1
S006_MINIONCE_4536	108	Pulse	99	5934960	38385	NA
S006_MINIONCE_4536	108	Port Input	1	5934960	38385	NA
S006_MINIONCE_4536	108	Picture	107_T_FFTRIAD_FF_cortina_red.png	5939775	43200	1	1900	2	43200	1800
S006_MINIONCE_4536	109	Picture	FF	5941875	0	1	43200	2	0	43200
S006_MINIONCE_4536	109	Response	51	5963225	21350	2
S006_MINIONCE_4536	109	Pulse	99	5970961	29086	NA
S006_MINIONCE_4536	109	Port Input	1	5970961	29086	NA
S006_MINIONCE_4536	109	Picture	108_T_FFTRIAD_FF_grapadora_red.png	5985075	43200	1	1900	2	43200	1800
S006_MINIONCE_4536	110	Picture	FF	5987175	0	1	43200	2	0	43200
S006_MINIONCE_4536	110	Response	52	6002253	15078	1
S006_MINIONCE_4536	110	Pulse	99	6006962	19787	NA
S006_MINIONCE_4536	110	Port Input	1	6006962	19787	NA
S006_MINIONCE_4536	110	Picture	109_T_FFTRIAD_FF_telefono_red.png	6030375	43200	1	1900	2	43200	1800
S006_MINIONCE_4536	111	Picture	FF	6032675	0	1	43100	2	0	43200
S006_MINIONCE_4536	111	Pulse	99	6042963	10288	NA
S006_MINIONCE_4536	111	Port Input	1	6042963	10288	NA
S006_MINIONCE_4536	111	Response	51	6045162	12487	1
S006_MINIONCE_4536	111	Picture	110_T_FFTRIAD_FF_cuento_red.png	6075775	43100	1	1900	2	43200	1800
S006_MINIONCE_4536	112	Picture	rest	6077775	0	1	144099	2	0	144000
S006_MINIONCE_4536	112	Pulse	99	6078964	1189	NA
S006_MINIONCE_4536	112	Port Input	1	6078964	1189	NA
S006_MINIONCE_4536	112	Pulse	99	6114965	37190	NA
S006_MINIONCE_4536	112	Port Input	1	6114965	37190	NA
S006_MINIONCE_4536	112	Pulse	99	6150966	73191	NA
S006_MINIONCE_4536	112	Port Input	1	6150966	73191	NA
S006_MINIONCE_4536	112	Pulse	99	6186967	109192	NA
S006_MINIONCE_4536	112	Port Input	1	6186967	109192	NA
S006_MINIONCE_4536	113	Picture	endrest	6221974	0	2	10100	4	0	10000
S006_MINIONCE_4536	113	Pulse	99	6222968	994	NA
S006_MINIONCE_4536	113	Port Input	1	6222968	994	NA
S006_MINIONCE_4536	114	Picture	PW	6232274	0	1	43200	2	0	43200
S006_MINIONCE_4536	114	Response	51	6248340	16066	1
S006_MINIONCE_4536	114	Pulse	99	6258970	26696	NA
S006_MINIONCE_4536	114	Port Input	1	6258970	26696	NA
S006_MINIONCE_4536	114	Picture	113_T_PWTRIAD_PW_dedal_red.png	6275474	43200	1	1900	2	43200	1800
S006_MINIONCE_4536	115	Picture	PW	6277574	0	1	43199	3	0	43200
S006_MINIONCE_4536	115	Pulse	99	6294971	17397	NA
S006_MINIONCE_4536	115	Port Input	1	6294971	17397	NA
S006_MINIONCE_4536	115	Response	51	6300350	22776	1
S006_MINIONCE_4536	115	Picture	114_T_PWTRIAD_PW_cerillas_red.png	6320773	43199	2	1901	3	43200	1800
S006_MINIONCE_4536	116	Picture	PW	6323074	0	1	43099	3	0	43200
S006_MINIONCE_4536	116	Pulse	99	6330972	7898	NA
S006_MINIONCE_4536	116	Port Input	1	6330972	7898	NA
S006_MINIONCE_4536	116	Response	52	6337645	14571	1
S006_MINIONCE_4536	116	Picture	115_T_PWTRIAD_PW_leche_red.png	6366173	43099	2	1900	4	43200	1800
S006_MINIONCE_4536	116	Pulse	99	6366973	43899	NA
S006_MINIONCE_4536	116	Port Input	1	6366973	43899	NA
S006_MINIONCE_4536	117	Picture	PW	6368274	0	1	43199	2	0	43200
S006_MINIONCE_4536	117	Response	51	6391591	23317	2
S006_MINIONCE_4536	117	Pulse	99	6402974	34700	NA
S006_MINIONCE_4536	117	Port Input	1	6402974	34700	NA
S006_MINIONCE_4536	117	Picture	116_T_PWTRIAD_PW_murcielago_red.png	6411473	43199	1	1900	2	43200	1800
S006_MINIONCE_4536	118	Picture	FF	6413573	0	1	43200	2	0	43200
S006_MINIONCE_4536	118	Response	51	6428537	14964	1
S006_MINIONCE_4536	118	Pulse	99	6438975	25402	NA
S006_MINIONCE_4536	118	Port Input	1	6438975	25402	NA
S006_MINIONCE_4536	118	Picture	117_T_FFTRIAD_FF_candado_red.png	6456773	43200	1	1900	2	43200	1800
S006_MINIONCE_4536	119	Picture	FF	6458873	0	1	43200	2	0	43200
S006_MINIONCE_4536	119	Response	52	6467690	8817	1
S006_MINIONCE_4536	119	Pulse	99	6474976	16103	NA
S006_MINIONCE_4536	119	Port Input	1	6474976	16103	NA
S006_MINIONCE_4536	119	Picture	118_T_FFTRIAD_FF_bala_red.png	6502073	43200	1	1900	2	43200	1800
S006_MINIONCE_4536	120	Picture	FF	6504173	0	1	43200	2	0	43200
S006_MINIONCE_4536	120	Pulse	99	6510977	6804	NA
S006_MINIONCE_4536	120	Port Input	1	6510977	6804	NA
S006_MINIONCE_4536	120	Response	51	6521498	17325	1
S006_MINIONCE_4536	120	Pulse	99	6546978	42805	NA
S006_MINIONCE_4536	120	Port Input	1	6546978	42805	NA
S006_MINIONCE_4536	120	Picture	119_T_FFTRIAD_FF_perro_red.png	6547373	43200	1	1900	2	43200	1800
S006_MINIONCE_4536	121	Picture	FF	6549473	0	1	43200	2	0	43200
S006_MINIONCE_4536	121	Response	52	6558167	8694	1
S006_MINIONCE_4536	121	Pulse	99	6582979	33506	NA
S006_MINIONCE_4536	121	Port Input	1	6582979	33506	NA
S006_MINIONCE_4536	121	Picture	120_T_FFTRIAD_FF_telarana_red.png	6592673	43200	1	1900	2	43200	1800
S006_MINIONCE_4536	122	Picture	rest	6594673	0	1	144099	2	0	144000
S006_MINIONCE_4536	122	Pulse	99	6618980	24307	NA
S006_MINIONCE_4536	122	Port Input	1	6618980	24307	NA
S006_MINIONCE_4536	122	Pulse	99	6654981	60308	NA
S006_MINIONCE_4536	122	Port Input	1	6654981	60308	NA
S006_MINIONCE_4536	122	Pulse	99	6690982	96309	NA
S006_MINIONCE_4536	122	Port Input	1	6690982	96309	NA
S006_MINIONCE_4536	122	Pulse	99	6726983	132310	NA
S006_MINIONCE_4536	122	Port Input	1	6726983	132310	NA
S006_MINIONCE_4536	123	Picture	endrest	6738872	0	1	10100	2	0	10000
S006_MINIONCE_4536	124	Picture	FF	6749172	0	1	43200	2	0	43200
S006_MINIONCE_4536	124	Pulse	99	6762984	13812	NA
S006_MINIONCE_4536	124	Port Input	1	6762984	13812	NA
S006_MINIONCE_4536	124	Response	51	6769086	19914	1
S006_MINIONCE_4536	124	Picture	123_T_FFTRIAD_FF_silla_red.png	6792372	43200	1	1900	2	43200	1800
S006_MINIONCE_4536	125	Picture	FF	6794672	0	1	43100	2	0	43200
S006_MINIONCE_4536	125	Pulse	99	6798985	4313	NA
S006_MINIONCE_4536	125	Port Input	1	6798985	4313	NA
S006_MINIONCE_4536	125	Response	52	6811031	16359	2
S006_MINIONCE_4536	125	Pulse	99	6834986	40314	NA
S006_MINIONCE_4536	125	Port Input	1	6834986	40314	NA
S006_MINIONCE_4536	125	Picture	124_T_FFTRIAD_FF_botella_red.png	6837772	43100	1	1900	2	43200	1800
S006_MINIONCE_4536	126	Picture	FF	6839872	0	1	43199	3	0	43200
S006_MINIONCE_4536	126	Response	51	6849239	9367	1
S006_MINIONCE_4536	126	Pulse	99	6870988	31116	NA
S006_MINIONCE_4536	126	Port Input	1	6870988	31116	NA
S006_MINIONCE_4536	126	Picture	125_T_FFTRIAD_FF_lenador_red.png	6883071	43199	2	1900	3	43200	1800
S006_MINIONCE_4536	127	Picture	FF	6885171	0	2	43200	3	0	43200
S006_MINIONCE_4536	127	Response	51	6902768	17597	1
S006_MINIONCE_4536	127	Pulse	99	6906989	21818	NA
S006_MINIONCE_4536	127	Port Input	1	6906989	21818	NA
S006_MINIONCE_4536	127	Picture	126_T_FFTRIAD_FF_arbol_red.png	6928371	43200	1	1900	2	43200	1800
S006_MINIONCE_4536	128	Picture	RW	6930471	0	1	43200	2	0	43200
S006_MINIONCE_4536	128	Pulse	99	6942990	12519	NA
S006_MINIONCE_4536	128	Port Input	1	6942990	12519	NA
S006_MINIONCE_4536	128	Response	51	6957969	27498	1
S006_MINIONCE_4536	128	Picture	127_T_RWTRIAD_RW_traje_red.png	6973671	43200	1	1900	2	43200	1800
S006_MINIONCE_4536	129	Picture	RW	6975971	0	1	43100	2	0	43200
S006_MINIONCE_4536	129	Pulse	99	6978991	3020	NA
S006_MINIONCE_4536	129	Port Input	1	6978991	3020	NA
S006_MINIONCE_4536	129	Response	51	6991810	15839	1
S006_MINIONCE_4536	129	Pulse	99	7014992	39021	NA
S006_MINIONCE_4536	129	Port Input	1	7014992	39021	NA
S006_MINIONCE_4536	129	Picture	128_T_RWTRIAD_RW_granjero_red.png	7019071	43100	1	1900	2	43200	1800
S006_MINIONCE_4536	130	Picture	RW	7021171	0	1	43200	2	0	43200
S006_MINIONCE_4536	130	Response	52	7038424	17253	1
S006_MINIONCE_4536	130	Pulse	99	7050993	29822	NA
S006_MINIONCE_4536	130	Port Input	1	7050993	29822	NA
S006_MINIONCE_4536	130	Picture	129_T_RWTRIAD_RW_oruga_red.png	7064371	43200	1	1900	2	43200	1800
S006_MINIONCE_4536	131	Picture	RW	7066471	0	1	43199	3	0	43200
S006_MINIONCE_4536	131	Pulse	99	7086994	20523	NA
S006_MINIONCE_4536	131	Port Input	1	7086994	20523	NA
S006_MINIONCE_4536	131	Response	51	7089156	22685	2
S006_MINIONCE_4536	131	Picture	130_T_RWTRIAD_RW_estetoscopio_red.png	7109670	43199	2	1900	4	43200	1800
S006_MINIONCE_4536	132	Picture	rest	7111671	0	1	144099	2	0	144000
S006_MINIONCE_4536	132	Pulse	99	7122995	11324	NA
S006_MINIONCE_4536	132	Port Input	1	7122995	11324	NA
S006_MINIONCE_4536	132	Pulse	99	7158996	47325	NA
S006_MINIONCE_4536	132	Port Input	1	7158996	47325	NA
S006_MINIONCE_4536	132	Pulse	99	7194997	83326	NA
S006_MINIONCE_4536	132	Port Input	1	7194997	83326	NA
S006_MINIONCE_4536	132	Pulse	99	7230998	119327	NA
S006_MINIONCE_4536	132	Port Input	1	7230998	119327	NA
S006_MINIONCE_4536	133	Picture	endrest	7255870	0	1	10100	2	0	10000
S006_MINIONCE_4536	134	Picture	FF	7266170	0	1	43200	2	0	43200
S006_MINIONCE_4536	134	Pulse	99	7266999	829	NA
S006_MINIONCE_4536	134	Port Input	1	7266999	829	NA
S006_MINIONCE_4536	134	Response	52	7279932	13762	1
S006_MINIONCE_4536	134	Pulse	99	7303000	36830	NA
S006_MINIONCE_4536	134	Port Input	1	7303000	36830	NA
S006_MINIONCE_4536	134	Picture	133_T_FFTRIAD_FF_destornillador_red.png	7309370	43200	1	1900	2	43200	1800
S006_MINIONCE_4536	135	Picture	FF	7311470	0	1	43199	3	0	43200
S006_MINIONCE_4536	135	Response	52	7327514	16044	1
S006_MINIONCE_4536	135	Pulse	99	7339001	27531	NA
S006_MINIONCE_4536	135	Port Input	1	7339001	27531	NA
S006_MINIONCE_4536	135	Picture	134_T_FFTRIAD_FF_sapo_red.png	7354669	43199	2	1900	4	43200	1800
S006_MINIONCE_4536	136	Picture	FF	7356770	0	1	43199	2	0	43200
S006_MINIONCE_4536	136	Pulse	99	7375002	18232	NA
S006_MINIONCE_4536	136	Port Input	1	7375002	18232	NA
S006_MINIONCE_4536	136	Response	52	7378046	21276	1
S006_MINIONCE_4536	136	Picture	135_T_FFTRIAD_FF_lana_red.png	7399969	43199	1	1900	2	43200	1800
S006_MINIONCE_4536	137	Picture	FF	7402269	0	1	43100	5	0	43200
S006_MINIONCE_4536	137	Pulse	99	7411004	8735	NA
S006_MINIONCE_4536	137	Port Input	1	7411004	8735	NA
S006_MINIONCE_4536	137	Response	52	7418491	16222	1
S006_MINIONCE_4536	137	Picture	136_T_FFTRIAD_FF_huevos_red.png	7445369	43100	4	1900	5	43200	1800
S006_MINIONCE_4536	137	Pulse	99	7447005	44736	NA
S006_MINIONCE_4536	137	Port Input	1	7447005	44736	NA
S006_MINIONCE_4536	138	Picture	rest	7447369	0	1	144098	4	0	144000
S006_MINIONCE_4536	138	Pulse	99	7483006	35637	NA
S006_MINIONCE_4536	138	Port Input	1	7483006	35637	NA
S006_MINIONCE_4536	139	Picture	endrest	7591569	0	1	10099	3	0	10000
S006_MINIONCE_4536	140	Picture	endrest	7601769	0	1	10099	3	0	10000
S006_MINIONCE_4536	141	Picture	endrest	7611968	0	2	10100	3	0	10000
S006_MINIONCE_4536	142	Picture	endrest	7622168	0	2	10100	3	0	10000
