Scenario - vOT_Triads_fMRI_I
Logfile written - 05/06/2015 12:59:17

Subject	Trial	Event Type	Code	Time	TTime	Uncertainty	Duration	Uncertainty	ReqTime	ReqDur

S006_DAY1_MINITWICE_29	1	Response	98	558814	568714	2
S006_DAY1_MINITWICE_29	2	Response	52	595433	36536	1
S006_DAY1_MINITWICE_29	2	Response	52	689784	130887	1
S006_DAY1_MINITWICE_29	2	Response	98	692723	133826	2
S006_DAY1_MINITWICE_29	3	Response	52	723588	30692	1
S006_DAY1_MINITWICE_29	3	Response	98	726669	33773	1
S006_DAY1_MINITWICE_29	4	Response	52	746657	19861	1
S006_DAY1_MINITWICE_29	4	Response	98	754014	27218	1
S006_DAY1_MINITWICE_29	6	Pulse	99	977125	223029	NA
S006_DAY1_MINITWICE_29	6	Port Input	1	977125	223029	NA
S006_DAY1_MINITWICE_29	6	Pulse	99	1013126	259030	NA
S006_DAY1_MINITWICE_29	6	Port Input	1	1013126	259030	NA
S006_DAY1_MINITWICE_29	6	Pulse	99	1049127	295031	NA
S006_DAY1_MINITWICE_29	6	Port Input	1	1049127	295031	NA
S006_DAY1_MINITWICE_29	6	Pulse	99	1085128	331032	NA
S006_DAY1_MINITWICE_29	6	Port Input	1	1085128	331032	NA
S006_DAY1_MINITWICE_29	6	Pulse	99	1121129	367033	NA
S006_DAY1_MINITWICE_29	6	Port Input	1	1121129	367033	NA
S006_DAY1_MINITWICE_29	7	Picture	rest	1121395	0	1	144099	2	0	144000
S006_DAY1_MINITWICE_29	7	Pulse	99	1157130	35735	NA
S006_DAY1_MINITWICE_29	7	Port Input	1	1157130	35735	NA
S006_DAY1_MINITWICE_29	7	Pulse	99	1193131	71736	NA
S006_DAY1_MINITWICE_29	7	Port Input	1	1193131	71736	NA
S006_DAY1_MINITWICE_29	7	Pulse	99	1229132	107737	NA
S006_DAY1_MINITWICE_29	7	Port Input	1	1229132	107737	NA
S006_DAY1_MINITWICE_29	7	Pulse	99	1265134	143739	NA
S006_DAY1_MINITWICE_29	7	Port Input	1	1265134	143739	NA
S006_DAY1_MINITWICE_29	8	Picture	endrest	1265594	0	1	10100	2	0	10000
S006_DAY1_MINITWICE_29	9	Picture	FF	1275894	0	1	43200	2	0	43200
S006_DAY1_MINITWICE_29	9	Response	52	1293897	18003	1
S006_DAY1_MINITWICE_29	9	Pulse	99	1301135	25241	NA
S006_DAY1_MINITWICE_29	9	Port Input	1	1301135	25241	NA
S006_DAY1_MINITWICE_29	9	Picture	3_T_FFTRIAD_FF_granjero_red.png	1319094	43200	1	1900	2	43200	1800
S006_DAY1_MINITWICE_29	10	Picture	FF	1321194	0	1	43200	2	0	43200
S006_DAY1_MINITWICE_29	10	Response	51	1336548	15354	1
S006_DAY1_MINITWICE_29	10	Pulse	99	1337136	15942	NA
S006_DAY1_MINITWICE_29	10	Port Input	1	1337136	15942	NA
S006_DAY1_MINITWICE_29	10	Picture	4_T_FFTRIAD_FF_dado_red.png	1364394	43200	1	1900	2	43200	1800
S006_DAY1_MINITWICE_29	11	Picture	FF	1366494	0	1	43199	3	0	43200
S006_DAY1_MINITWICE_29	11	Pulse	99	1373137	6643	NA
S006_DAY1_MINITWICE_29	11	Port Input	1	1373137	6643	NA
S006_DAY1_MINITWICE_29	11	Response	51	1382538	16044	1
S006_DAY1_MINITWICE_29	11	Pulse	99	1409138	42644	NA
S006_DAY1_MINITWICE_29	11	Port Input	1	1409138	42644	NA
S006_DAY1_MINITWICE_29	11	Picture	5_T_FFTRIAD_FF_traje_red.png	1409693	43199	2	1900	4	43200	1800
S006_DAY1_MINITWICE_29	12	Picture	FF	1411793	0	1	43200	2	0	43200
S006_DAY1_MINITWICE_29	12	Response	51	1430381	18588	1
S006_DAY1_MINITWICE_29	12	Pulse	99	1445139	33346	NA
S006_DAY1_MINITWICE_29	12	Port Input	1	1445139	33346	NA
S006_DAY1_MINITWICE_29	12	Picture	6_T_FFTRIAD_FF_estetoscopio_red.png	1454993	43200	1	1900	2	43200	1800
S006_DAY1_MINITWICE_29	13	Picture	FF	1457093	0	1	43200	2	0	43200
S006_DAY1_MINITWICE_29	13	Response	51	1472414	15321	1
S006_DAY1_MINITWICE_29	13	Pulse	99	1481140	24047	NA
S006_DAY1_MINITWICE_29	13	Port Input	1	1481140	24047	NA
S006_DAY1_MINITWICE_29	13	Picture	7_T_FFTRIAD_FF_martillo_red.png	1500293	43200	1	1900	2	43200	1800
S006_DAY1_MINITWICE_29	14	Picture	FF	1502393	0	1	43200	2	0	43200
S006_DAY1_MINITWICE_29	14	Response	51	1516352	13959	1
S006_DAY1_MINITWICE_29	14	Pulse	99	1517141	14748	NA
S006_DAY1_MINITWICE_29	14	Port Input	1	1517141	14748	NA
S006_DAY1_MINITWICE_29	14	Picture	8_T_FFTRIAD_FF_sombrilla_red.png	1545593	43200	1	1900	2	43200	1800
S006_DAY1_MINITWICE_29	15	Picture	FF	1547693	0	1	43200	2	0	43200
S006_DAY1_MINITWICE_29	15	Pulse	99	1553142	5449	NA
S006_DAY1_MINITWICE_29	15	Port Input	1	1553142	5449	NA
S006_DAY1_MINITWICE_29	15	Response	52	1567154	19461	1
S006_DAY1_MINITWICE_29	15	Pulse	99	1589143	41450	NA
S006_DAY1_MINITWICE_29	15	Port Input	1	1589143	41450	NA
S006_DAY1_MINITWICE_29	15	Picture	9_T_FFTRIAD_FF_esquimal_red.png	1590893	43200	1	1900	2	43200	1800
S006_DAY1_MINITWICE_29	16	Picture	FF	1592993	0	1	43199	3	0	43200
S006_DAY1_MINITWICE_29	16	Response	51	1607855	14862	2
S006_DAY1_MINITWICE_29	16	Pulse	99	1625144	32151	NA
S006_DAY1_MINITWICE_29	16	Port Input	1	1625144	32151	NA
S006_DAY1_MINITWICE_29	16	Picture	10_T_FFTRIAD_FF_violin_red.png	1636192	43199	2	1900	4	43200	1800
S006_DAY1_MINITWICE_29	17	Picture	rest	1638192	0	2	144100	3	0	144000
S006_DAY1_MINITWICE_29	17	Pulse	99	1661146	22954	NA
S006_DAY1_MINITWICE_29	17	Port Input	1	1661146	22954	NA
S006_DAY1_MINITWICE_29	17	Pulse	99	1697147	58955	NA
S006_DAY1_MINITWICE_29	17	Port Input	1	1697147	58955	NA
S006_DAY1_MINITWICE_29	17	Pulse	99	1733148	94956	NA
S006_DAY1_MINITWICE_29	17	Port Input	1	1733148	94956	NA
S006_DAY1_MINITWICE_29	17	Pulse	99	1769149	130957	NA
S006_DAY1_MINITWICE_29	17	Port Input	1	1769149	130957	NA
S006_DAY1_MINITWICE_29	18	Picture	endrest	1782392	0	1	10100	2	0	10000
S006_DAY1_MINITWICE_29	19	Picture	RW	1792692	0	1	43200	2	0	43200
S006_DAY1_MINITWICE_29	19	Pulse	99	1805150	12458	NA
S006_DAY1_MINITWICE_29	19	Port Input	1	1805150	12458	NA
S006_DAY1_MINITWICE_29	19	Response	51	1814380	21688	1
S006_DAY1_MINITWICE_29	19	Picture	13_T_RWTRIAD_RW_manos_red.png	1835892	43200	1	1900	2	43200	1800
S006_DAY1_MINITWICE_29	20	Picture	RW	1837992	0	1	43199	3	0	43200
S006_DAY1_MINITWICE_29	20	Pulse	99	1841151	3159	NA
S006_DAY1_MINITWICE_29	20	Port Input	1	1841151	3159	NA
S006_DAY1_MINITWICE_29	20	Response	52	1860192	22200	2
S006_DAY1_MINITWICE_29	20	Pulse	99	1877152	39160	NA
S006_DAY1_MINITWICE_29	20	Port Input	1	1877152	39160	NA
S006_DAY1_MINITWICE_29	20	Picture	14_T_RWTRIAD_RW_pincel_red.png	1881191	43199	2	1900	4	43200	1800
S006_DAY1_MINITWICE_29	21	Picture	RW	1883291	0	2	43200	3	0	43200
S006_DAY1_MINITWICE_29	21	Response	52	1906660	23369	1
S006_DAY1_MINITWICE_29	21	Pulse	99	1913153	29862	NA
S006_DAY1_MINITWICE_29	21	Port Input	1	1913153	29862	NA
S006_DAY1_MINITWICE_29	21	Picture	15_T_RWTRIAD_RW_queso_red.png	1926491	43200	1	1900	2	43200	1800
S006_DAY1_MINITWICE_29	22	Picture	RW	1928591	0	1	43200	2	0	43200
S006_DAY1_MINITWICE_29	22	Pulse	99	1949154	20563	NA
S006_DAY1_MINITWICE_29	22	Port Input	1	1949154	20563	NA
S006_DAY1_MINITWICE_29	22	Response	51	1955136	26545	1
S006_DAY1_MINITWICE_29	22	Picture	16_T_RWTRIAD_RW_perro_red.png	1971791	43200	1	1900	2	43200	1800
S006_DAY1_MINITWICE_29	23	Picture	RW	1973891	0	1	43200	2	0	43200
S006_DAY1_MINITWICE_29	23	Pulse	99	1985155	11264	NA
S006_DAY1_MINITWICE_29	23	Port Input	1	1985155	11264	NA
S006_DAY1_MINITWICE_29	23	Response	51	1993991	20100	1
S006_DAY1_MINITWICE_29	23	Picture	17_T_RWTRIAD_RW_bala_red.png	2017091	43200	1	1900	2	43200	1800
S006_DAY1_MINITWICE_29	24	Picture	RW	2019191	0	1	43200	2	0	43200
S006_DAY1_MINITWICE_29	24	Pulse	99	2021156	1965	NA
S006_DAY1_MINITWICE_29	24	Port Input	1	2021156	1965	NA
S006_DAY1_MINITWICE_29	24	Response	52	2036727	17536	1
S006_DAY1_MINITWICE_29	24	Pulse	99	2057157	37966	NA
S006_DAY1_MINITWICE_29	24	Port Input	1	2057157	37966	NA
S006_DAY1_MINITWICE_29	24	Picture	18_T_RWTRIAD_RW_plato_red.png	2062391	43200	1	1900	2	43200	1800
S006_DAY1_MINITWICE_29	25	Picture	RW	2064491	0	1	43199	3	0	43200
S006_DAY1_MINITWICE_29	25	Response	51	2092396	27905	1
S006_DAY1_MINITWICE_29	25	Pulse	99	2093159	28668	NA
S006_DAY1_MINITWICE_29	25	Port Input	1	2093159	28668	NA
S006_DAY1_MINITWICE_29	25	Picture	19_T_RWTRIAD_RW_candado_red.png	2107690	43199	2	1900	4	43200	1800
S006_DAY1_MINITWICE_29	26	Picture	RW	2109791	0	1	43199	2	0	43200
S006_DAY1_MINITWICE_29	26	Response	52	2127897	18106	1
S006_DAY1_MINITWICE_29	26	Pulse	99	2129160	19369	NA
S006_DAY1_MINITWICE_29	26	Port Input	1	2129160	19369	NA
S006_DAY1_MINITWICE_29	26	Picture	20_T_RWTRIAD_RW_bebe_red.png	2152990	43199	1	1900	2	43200	1800
S006_DAY1_MINITWICE_29	27	Picture	rest	2154990	0	1	144100	2	0	144000
S006_DAY1_MINITWICE_29	27	Pulse	99	2165161	10171	NA
S006_DAY1_MINITWICE_29	27	Port Input	1	2165161	10171	NA
S006_DAY1_MINITWICE_29	27	Pulse	99	2201162	46172	NA
S006_DAY1_MINITWICE_29	27	Port Input	1	2201162	46172	NA
S006_DAY1_MINITWICE_29	27	Pulse	99	2237163	82173	NA
S006_DAY1_MINITWICE_29	27	Port Input	1	2237163	82173	NA
S006_DAY1_MINITWICE_29	27	Pulse	99	2273164	118174	NA
S006_DAY1_MINITWICE_29	27	Port Input	1	2273164	118174	NA
S006_DAY1_MINITWICE_29	28	Picture	endrest	2299190	0	1	10100	2	0	10000
S006_DAY1_MINITWICE_29	28	Pulse	99	2309165	9975	NA
S006_DAY1_MINITWICE_29	28	Port Input	1	2309165	9975	NA
S006_DAY1_MINITWICE_29	29	Picture	RW	2309490	0	1	43199	3	0	43200
S006_DAY1_MINITWICE_29	29	Response	51	2329355	19865	1
S006_DAY1_MINITWICE_29	29	Pulse	99	2345166	35676	NA
S006_DAY1_MINITWICE_29	29	Port Input	1	2345166	35676	NA
S006_DAY1_MINITWICE_29	29	Picture	23_T_RWTRIAD_RW_telefono_red.png	2352689	43199	2	1900	4	43200	1800
S006_DAY1_MINITWICE_29	30	Picture	RW	2354789	0	2	43200	3	0	43200
S006_DAY1_MINITWICE_29	30	Response	51	2373693	18904	1
S006_DAY1_MINITWICE_29	30	Pulse	99	2381167	26378	NA
S006_DAY1_MINITWICE_29	30	Port Input	1	2381167	26378	NA
S006_DAY1_MINITWICE_29	30	Picture	24_T_RWTRIAD_RW_botella_red.png	2397989	43200	1	1900	2	43200	1800
S006_DAY1_MINITWICE_29	31	Picture	RW	2400089	0	1	43200	2	0	43200
S006_DAY1_MINITWICE_29	31	Pulse	99	2417168	17079	NA
S006_DAY1_MINITWICE_29	31	Port Input	1	2417168	17079	NA
S006_DAY1_MINITWICE_29	31	Response	51	2421015	20926	2
S006_DAY1_MINITWICE_29	31	Picture	25_T_RWTRIAD_RW_madera_red.png	2443289	43200	1	1900	2	43200	1800
S006_DAY1_MINITWICE_29	32	Picture	RW	2445389	0	1	43200	2	0	43200
S006_DAY1_MINITWICE_29	32	Pulse	99	2453169	7780	NA
S006_DAY1_MINITWICE_29	32	Port Input	1	2453169	7780	NA
S006_DAY1_MINITWICE_29	32	Response	51	2469492	24103	1
S006_DAY1_MINITWICE_29	32	Picture	26_T_RWTRIAD_RW_chupete_red.png	2488589	43200	1	1900	2	43200	1800
S006_DAY1_MINITWICE_29	32	Pulse	99	2489170	43781	NA
S006_DAY1_MINITWICE_29	32	Port Input	1	2489170	43781	NA
S006_DAY1_MINITWICE_29	33	Picture	FF	2490689	0	1	43200	2	0	43200
S006_DAY1_MINITWICE_29	33	Response	52	2506429	15740	1
S006_DAY1_MINITWICE_29	33	Pulse	99	2525172	34483	NA
S006_DAY1_MINITWICE_29	33	Port Input	1	2525172	34483	NA
S006_DAY1_MINITWICE_29	33	Picture	27_T_FFTRIAD_FF_molino_red.png	2533889	43200	1	1900	2	43200	1800
S006_DAY1_MINITWICE_29	34	Picture	FF	2535989	0	1	43199	3	0	43200
S006_DAY1_MINITWICE_29	34	Response	51	2554800	18811	1
S006_DAY1_MINITWICE_29	34	Pulse	99	2561173	25184	NA
S006_DAY1_MINITWICE_29	34	Port Input	1	2561173	25184	NA
S006_DAY1_MINITWICE_29	34	Picture	28_T_FFTRIAD_FF_futbol_red.png	2579188	43199	2	1901	3	43200	1800
S006_DAY1_MINITWICE_29	35	Picture	FF	2581289	0	1	43199	2	0	43200
S006_DAY1_MINITWICE_29	35	Pulse	99	2597174	15885	NA
S006_DAY1_MINITWICE_29	35	Port Input	1	2597174	15885	NA
S006_DAY1_MINITWICE_29	35	Response	52	2599072	17783	1
S006_DAY1_MINITWICE_29	35	Picture	29_T_FFTRIAD_FF_pizarra_red.png	2624488	43199	1	1900	2	43200	1800
S006_DAY1_MINITWICE_29	36	Picture	FF	2626588	0	1	43200	2	0	43200
S006_DAY1_MINITWICE_29	36	Pulse	99	2633175	6587	NA
S006_DAY1_MINITWICE_29	36	Port Input	1	2633175	6587	NA
S006_DAY1_MINITWICE_29	36	Response	52	2643582	16994	1
S006_DAY1_MINITWICE_29	36	Pulse	99	2669176	42588	NA
S006_DAY1_MINITWICE_29	36	Port Input	1	2669176	42588	NA
S006_DAY1_MINITWICE_29	36	Picture	30_T_FFTRIAD_FF_iglu_red.png	2669788	43200	1	1900	2	43200	1800
S006_DAY1_MINITWICE_29	37	Picture	rest	2671788	0	1	144100	2	0	144000
S006_DAY1_MINITWICE_29	37	Pulse	99	2705177	33389	NA
S006_DAY1_MINITWICE_29	37	Port Input	1	2705177	33389	NA
S006_DAY1_MINITWICE_29	37	Pulse	99	2741178	69390	NA
S006_DAY1_MINITWICE_29	37	Port Input	1	2741178	69390	NA
S006_DAY1_MINITWICE_29	37	Pulse	99	2777179	105391	NA
S006_DAY1_MINITWICE_29	37	Port Input	1	2777179	105391	NA
S006_DAY1_MINITWICE_29	37	Pulse	99	2813180	141392	NA
S006_DAY1_MINITWICE_29	37	Port Input	1	2813180	141392	NA
S006_DAY1_MINITWICE_29	38	Picture	endrest	2815988	0	1	10100	2	0	10000
S006_DAY1_MINITWICE_29	39	Picture	FF	2826287	0	2	43200	3	0	43200
S006_DAY1_MINITWICE_29	39	Response	52	2846217	19930	1
S006_DAY1_MINITWICE_29	39	Pulse	99	2849181	22894	NA
S006_DAY1_MINITWICE_29	39	Port Input	1	2849181	22894	NA
S006_DAY1_MINITWICE_29	39	Picture	33_T_FFTRIAD_FF_anillo_red.png	2869487	43200	1	1900	2	43200	1800
S006_DAY1_MINITWICE_29	40	Picture	FF	2871587	0	1	43200	2	0	43200
S006_DAY1_MINITWICE_29	40	Response	51	2884980	13393	1
S006_DAY1_MINITWICE_29	40	Pulse	99	2885182	13595	NA
S006_DAY1_MINITWICE_29	40	Port Input	1	2885182	13595	NA
S006_DAY1_MINITWICE_29	40	Picture	34_T_FFTRIAD_FF_leche_red.png	2914787	43200	1	1900	2	43200	1800
S006_DAY1_MINITWICE_29	41	Picture	FF	2916887	0	1	43200	3	0	43200
S006_DAY1_MINITWICE_29	41	Pulse	99	2921183	4296	NA
S006_DAY1_MINITWICE_29	41	Port Input	1	2921183	4296	NA
S006_DAY1_MINITWICE_29	41	Response	52	2941991	25104	1
S006_DAY1_MINITWICE_29	41	Pulse	99	2957185	40298	NA
S006_DAY1_MINITWICE_29	41	Port Input	1	2957185	40298	NA
S006_DAY1_MINITWICE_29	41	Picture	35_T_FFTRIAD_FF_lechuga_red.png	2960087	43200	2	1900	3	43200	1800
S006_DAY1_MINITWICE_29	42	Picture	FF	2962187	0	2	43200	3	0	43200
S006_DAY1_MINITWICE_29	42	Response	51	2981811	19624	5
S006_DAY1_MINITWICE_29	42	Pulse	99	2993186	30999	NA
S006_DAY1_MINITWICE_29	42	Port Input	1	2993186	30999	NA
S006_DAY1_MINITWICE_29	42	Picture	36_T_FFTRIAD_FF_oruga_red.png	3005387	43200	1	1900	2	43200	1800
S006_DAY1_MINITWICE_29	43	Picture	FF	3007487	0	1	43200	2	0	43200
S006_DAY1_MINITWICE_29	43	Response	52	3029060	21573	2
S006_DAY1_MINITWICE_29	43	Pulse	99	3029187	21700	NA
S006_DAY1_MINITWICE_29	43	Port Input	1	3029187	21700	NA
S006_DAY1_MINITWICE_29	43	Picture	37_T_FFTRIAD_FF_raton_red.png	3050687	43200	1	1899	4	43200	1800
S006_DAY1_MINITWICE_29	44	Picture	FF	3052786	0	3	43200	5	0	43200
S006_DAY1_MINITWICE_29	44	Pulse	99	3065188	12402	NA
S006_DAY1_MINITWICE_29	44	Port Input	1	3065188	12402	NA
S006_DAY1_MINITWICE_29	44	Response	51	3077652	24866	1
S006_DAY1_MINITWICE_29	44	Picture	38_T_FFTRIAD_FF_dedal_red.png	3095986	43200	2	1900	4	43200	1800
S006_DAY1_MINITWICE_29	45	Picture	FF	3098086	0	2	43200	4	0	43200
S006_DAY1_MINITWICE_29	45	Pulse	99	3101189	3103	NA
S006_DAY1_MINITWICE_29	45	Port Input	1	3101189	3103	NA
S006_DAY1_MINITWICE_29	45	Response	52	3114612	16526	1
S006_DAY1_MINITWICE_29	45	Pulse	99	3137190	39104	NA
S006_DAY1_MINITWICE_29	45	Port Input	1	3137190	39104	NA
S006_DAY1_MINITWICE_29	45	Picture	39_T_FFTRIAD_FF_almohada_red.png	3141286	43200	2	1900	4	43200	1800
S006_DAY1_MINITWICE_29	46	Picture	FF	3143386	0	2	43199	5	0	43200
S006_DAY1_MINITWICE_29	46	Response	52	3160173	16787	1
S006_DAY1_MINITWICE_29	46	Pulse	99	3173191	29805	NA
S006_DAY1_MINITWICE_29	46	Port Input	1	3173191	29805	NA
S006_DAY1_MINITWICE_29	46	Picture	40_T_FFTRIAD_FF_mono_red.png	3186585	43199	3	1900	5	43200	1800
S006_DAY1_MINITWICE_29	47	Picture	rest	3188585	0	3	144100	5	0	144000
S006_DAY1_MINITWICE_29	47	Pulse	99	3209192	20607	NA
S006_DAY1_MINITWICE_29	47	Port Input	1	3209192	20607	NA
S006_DAY1_MINITWICE_29	47	Pulse	99	3245193	56608	NA
S006_DAY1_MINITWICE_29	47	Port Input	1	3245193	56608	NA
S006_DAY1_MINITWICE_29	47	Pulse	99	3281194	92609	NA
S006_DAY1_MINITWICE_29	47	Port Input	1	3281194	92609	NA
S006_DAY1_MINITWICE_29	47	Pulse	99	3317195	128610	NA
S006_DAY1_MINITWICE_29	47	Port Input	1	3317195	128610	NA
S006_DAY1_MINITWICE_29	48	Picture	endrest	3332784	0	3	10100	5	0	10000
S006_DAY1_MINITWICE_29	49	Picture	RW	3343085	0	1	43200	2	0	43200
S006_DAY1_MINITWICE_29	49	Pulse	99	3353196	10111	NA
S006_DAY1_MINITWICE_29	49	Port Input	1	3353196	10111	NA
S006_DAY1_MINITWICE_29	49	Response	51	3367886	24801	1
S006_DAY1_MINITWICE_29	49	Picture	43_T_RWTRIAD_RW_tenedor_red.png	3386285	43200	1	1900	2	43200	1800
S006_DAY1_MINITWICE_29	50	Picture	RW	3388385	0	1	43200	2	0	43200
S006_DAY1_MINITWICE_29	50	Pulse	99	3389198	813	NA
S006_DAY1_MINITWICE_29	50	Port Input	1	3389198	813	NA
S006_DAY1_MINITWICE_29	50	Response	51	3411268	22883	1
S006_DAY1_MINITWICE_29	50	Pulse	99	3425199	36814	NA
S006_DAY1_MINITWICE_29	50	Port Input	1	3425199	36814	NA
S006_DAY1_MINITWICE_29	50	Picture	44_T_RWTRIAD_RW_banera_red.png	3431585	43200	1	1900	2	43200	1800
S006_DAY1_MINITWICE_29	51	Picture	RW	3433685	0	1	43200	2	0	43200
S006_DAY1_MINITWICE_29	51	Response	52	3453867	20182	1
S006_DAY1_MINITWICE_29	51	Pulse	99	3461200	27515	NA
S006_DAY1_MINITWICE_29	51	Port Input	1	3461200	27515	NA
S006_DAY1_MINITWICE_29	51	Picture	45_T_RWTRIAD_RW_bellota_red.png	3476885	43200	1	1900	2	43200	1800
S006_DAY1_MINITWICE_29	52	Picture	RW	3478985	0	1	43200	2	0	43200
S006_DAY1_MINITWICE_29	52	Pulse	99	3497201	18216	NA
S006_DAY1_MINITWICE_29	52	Port Input	1	3497201	18216	NA
S006_DAY1_MINITWICE_29	52	Response	52	3500086	21101	1
S006_DAY1_MINITWICE_29	52	Picture	46_T_RWTRIAD_RW_lechuga_red.png	3522185	43200	1	1900	2	43200	1800
S006_DAY1_MINITWICE_29	53	Picture	PW	3524285	0	1	43199	3	0	43200
S006_DAY1_MINITWICE_29	53	Pulse	99	3533202	8917	NA
S006_DAY1_MINITWICE_29	53	Port Input	1	3533202	8917	NA
S006_DAY1_MINITWICE_29	53	Response	51	3556992	32707	1
S006_DAY1_MINITWICE_29	53	Picture	47_T_PWTRIAD_PW_tenedor_red.png	3567484	43199	2	1900	3	43200	1800
S006_DAY1_MINITWICE_29	53	Pulse	99	3569203	44918	NA
S006_DAY1_MINITWICE_29	53	Port Input	1	3569203	44918	NA
S006_DAY1_MINITWICE_29	54	Picture	PW	3569584	0	1	43200	2	0	43200
S006_DAY1_MINITWICE_29	54	Response	52	3602112	32528	1
S006_DAY1_MINITWICE_29	54	Pulse	99	3605204	35620	NA
S006_DAY1_MINITWICE_29	54	Port Input	1	3605204	35620	NA
S006_DAY1_MINITWICE_29	54	Picture	48_T_PWTRIAD_PW_ascensor_red.png	3612784	43200	1	1900	2	43200	1800
S006_DAY1_MINITWICE_29	55	Picture	PW	3614884	0	1	43200	2	0	43200
S006_DAY1_MINITWICE_29	55	Pulse	99	3641205	26321	NA
S006_DAY1_MINITWICE_29	55	Port Input	1	3641205	26321	NA
S006_DAY1_MINITWICE_29	55	Response	52	3649776	34892	1
S006_DAY1_MINITWICE_29	55	Picture	49_T_PWTRIAD_PW_estetoscopio_red.png	3658084	43200	1	1900	2	43200	1800
S006_DAY1_MINITWICE_29	56	Picture	PW	3660184	0	1	43200	2	0	43200
S006_DAY1_MINITWICE_29	56	Pulse	99	3677206	17022	NA
S006_DAY1_MINITWICE_29	56	Port Input	1	3677206	17022	NA
S006_DAY1_MINITWICE_29	56	Response	51	3683141	22957	1
S006_DAY1_MINITWICE_29	56	Picture	50_T_PWTRIAD_PW_piramide_red.png	3703384	43200	1	1900	2	43200	1800
S006_DAY1_MINITWICE_29	57	Picture	rest	3705384	0	1	144099	2	0	144000
S006_DAY1_MINITWICE_29	57	Pulse	99	3713207	7823	NA
S006_DAY1_MINITWICE_29	57	Port Input	1	3713207	7823	NA
S006_DAY1_MINITWICE_29	57	Pulse	99	3749208	43824	NA
S006_DAY1_MINITWICE_29	57	Port Input	1	3749208	43824	NA
S006_DAY1_MINITWICE_29	57	Pulse	99	3785209	79825	NA
S006_DAY1_MINITWICE_29	57	Port Input	1	3785209	79825	NA
S006_DAY1_MINITWICE_29	57	Pulse	99	3821211	115827	NA
S006_DAY1_MINITWICE_29	57	Port Input	1	3821211	115827	NA
S006_DAY1_MINITWICE_29	58	Picture	endrest	3849583	0	1	10100	2	0	10000
S006_DAY1_MINITWICE_29	58	Pulse	99	3857212	7629	NA
S006_DAY1_MINITWICE_29	58	Port Input	1	3857212	7629	NA
S006_DAY1_MINITWICE_29	59	Picture	RW	3859883	0	1	43200	2	0	43200
S006_DAY1_MINITWICE_29	59	Response	52	3878902	19019	1
S006_DAY1_MINITWICE_29	59	Pulse	99	3893213	33330	NA
S006_DAY1_MINITWICE_29	59	Port Input	1	3893213	33330	NA
S006_DAY1_MINITWICE_29	59	Picture	53_T_RWTRIAD_RW_anillo_red.png	3903083	43200	1	1900	2	43200	1800
S006_DAY1_MINITWICE_29	60	Picture	RW	3905183	0	1	43200	2	0	43200
S006_DAY1_MINITWICE_29	60	Response	52	3921858	16675	1
S006_DAY1_MINITWICE_29	60	Pulse	99	3929214	24031	NA
S006_DAY1_MINITWICE_29	60	Port Input	1	3929214	24031	NA
S006_DAY1_MINITWICE_29	60	Picture	54_T_RWTRIAD_RW_paraguas_red.png	3948383	43200	1	1900	2	43200	1800
S006_DAY1_MINITWICE_29	61	Picture	RW	3950483	0	1	43200	2	0	43200
S006_DAY1_MINITWICE_29	61	Pulse	99	3965215	14732	NA
S006_DAY1_MINITWICE_29	61	Port Input	1	3965215	14732	NA
S006_DAY1_MINITWICE_29	61	Response	51	3969918	19435	2
S006_DAY1_MINITWICE_29	61	Picture	55_T_RWTRIAD_RW_cortina_red.png	3993683	43200	1	1900	2	43200	1800
S006_DAY1_MINITWICE_29	62	Picture	RW	3995783	0	1	43199	2	0	43200
S006_DAY1_MINITWICE_29	62	Pulse	99	4001216	5433	NA
S006_DAY1_MINITWICE_29	62	Port Input	1	4001216	5433	NA
S006_DAY1_MINITWICE_29	62	Response	51	4017675	21892	1
S006_DAY1_MINITWICE_29	62	Pulse	99	4037217	41434	NA
S006_DAY1_MINITWICE_29	62	Port Input	1	4037217	41434	NA
S006_DAY1_MINITWICE_29	62	Picture	56_T_RWTRIAD_RW_novia_red.png	4038982	43199	1	1900	2	43200	1800
S006_DAY1_MINITWICE_29	63	Picture	RW	4041082	0	2	43200	3	0	43200
S006_DAY1_MINITWICE_29	63	Response	51	4063619	22537	1
S006_DAY1_MINITWICE_29	63	Pulse	99	4073218	32136	NA
S006_DAY1_MINITWICE_29	63	Port Input	1	4073218	32136	NA
S006_DAY1_MINITWICE_29	63	Picture	57_T_RWTRIAD_RW_grifo_red.png	4084282	43200	1	1900	2	43200	1800
S006_DAY1_MINITWICE_29	64	Picture	RW	4086382	0	1	43200	2	0	43200
S006_DAY1_MINITWICE_29	64	Pulse	99	4109219	22837	NA
S006_DAY1_MINITWICE_29	64	Port Input	1	4109219	22837	NA
S006_DAY1_MINITWICE_29	64	Response	52	4112842	26460	1
S006_DAY1_MINITWICE_29	64	Picture	58_T_RWTRIAD_RW_molino_red.png	4129582	43200	1	1900	2	43200	1800
S006_DAY1_MINITWICE_29	65	Picture	RW	4131682	0	1	43200	2	0	43200
S006_DAY1_MINITWICE_29	65	Pulse	99	4145220	13538	NA
S006_DAY1_MINITWICE_29	65	Port Input	1	4145220	13538	NA
S006_DAY1_MINITWICE_29	65	Response	51	4152188	20506	1
S006_DAY1_MINITWICE_29	65	Picture	59_T_RWTRIAD_RW_policia_red.png	4174882	43200	1	1900	2	43200	1800
S006_DAY1_MINITWICE_29	66	Picture	RW	4176982	0	1	43200	2	0	43200
S006_DAY1_MINITWICE_29	66	Pulse	99	4181221	4239	NA
S006_DAY1_MINITWICE_29	66	Port Input	1	4181221	4239	NA
S006_DAY1_MINITWICE_29	66	Response	51	4197770	20788	1
S006_DAY1_MINITWICE_29	66	Pulse	99	4217222	40240	NA
S006_DAY1_MINITWICE_29	66	Port Input	1	4217222	40240	NA
S006_DAY1_MINITWICE_29	66	Picture	60_T_RWTRIAD_RW_carruaje_red.png	4220182	43200	1	1900	2	43200	1800
S006_DAY1_MINITWICE_29	67	Picture	rest	4222182	0	1	144099	2	0	144000
S006_DAY1_MINITWICE_29	67	Pulse	99	4253224	31042	NA
S006_DAY1_MINITWICE_29	67	Port Input	1	4253224	31042	NA
S006_DAY1_MINITWICE_29	67	Pulse	99	4289225	67043	NA
S006_DAY1_MINITWICE_29	67	Port Input	1	4289225	67043	NA
S006_DAY1_MINITWICE_29	67	Pulse	99	4325226	103044	NA
S006_DAY1_MINITWICE_29	67	Port Input	1	4325226	103044	NA
S006_DAY1_MINITWICE_29	67	Pulse	99	4361227	139045	NA
S006_DAY1_MINITWICE_29	67	Port Input	1	4361227	139045	NA
S006_DAY1_MINITWICE_29	68	Picture	endrest	4366381	0	1	10100	2	0	10000
S006_DAY1_MINITWICE_29	69	Picture	PW	4376681	0	1	43200	2	0	43200
S006_DAY1_MINITWICE_29	69	Pulse	99	4397228	20547	NA
S006_DAY1_MINITWICE_29	69	Port Input	1	4397228	20547	NA
S006_DAY1_MINITWICE_29	69	Response	51	4399687	23006	1
S006_DAY1_MINITWICE_29	69	Picture	63_T_PWTRIAD_PW_silla_red.png	4419881	43200	1	1900	2	43200	1800
S006_DAY1_MINITWICE_29	70	Picture	PW	4421981	0	1	43200	2	0	43200
S006_DAY1_MINITWICE_29	70	Pulse	99	4433229	11248	NA
S006_DAY1_MINITWICE_29	70	Port Input	1	4433229	11248	NA
S006_DAY1_MINITWICE_29	70	Response	52	4455976	33995	1
S006_DAY1_MINITWICE_29	70	Picture	64_T_PWTRIAD_PW_charco_red.png	4465181	43200	1	1900	2	43200	1800
S006_DAY1_MINITWICE_29	71	Picture	PW	4467281	0	1	43199	2	0	43200
S006_DAY1_MINITWICE_29	71	Pulse	99	4469230	1949	NA
S006_DAY1_MINITWICE_29	71	Port Input	1	4469230	1949	NA
S006_DAY1_MINITWICE_29	71	Response	51	4498449	31168	1
S006_DAY1_MINITWICE_29	71	Pulse	99	4505231	37950	NA
S006_DAY1_MINITWICE_29	71	Port Input	1	4505231	37950	NA
S006_DAY1_MINITWICE_29	71	Picture	65_T_PWTRIAD_PW_candado_red.png	4510480	43199	1	1900	2	43200	1800
S006_DAY1_MINITWICE_29	72	Picture	PW	4512580	0	1	43200	2	0	43200
S006_DAY1_MINITWICE_29	72	Response	51	4535657	23077	1
S006_DAY1_MINITWICE_29	72	Pulse	99	4541232	28652	NA
S006_DAY1_MINITWICE_29	72	Port Input	1	4541232	28652	NA
S006_DAY1_MINITWICE_29	72	Picture	66_T_PWTRIAD_PW_plato_red.png	4555780	43200	1	1900	2	43200	1800
S006_DAY1_MINITWICE_29	73	Picture	PW	4557880	0	1	43200	2	0	43200
S006_DAY1_MINITWICE_29	73	Pulse	99	4577233	19353	NA
S006_DAY1_MINITWICE_29	73	Port Input	1	4577233	19353	NA
S006_DAY1_MINITWICE_29	73	Response	51	4584758	26878	1
S006_DAY1_MINITWICE_29	73	Picture	67_T_PWTRIAD_PW_huevos_red.png	4601080	43200	1	1900	2	43200	1800
S006_DAY1_MINITWICE_29	74	Picture	PW	4603180	0	1	43200	2	0	43200
S006_DAY1_MINITWICE_29	74	Pulse	99	4613234	10054	NA
S006_DAY1_MINITWICE_29	74	Port Input	1	4613234	10054	NA
S006_DAY1_MINITWICE_29	74	Response	51	4631933	28753	1
S006_DAY1_MINITWICE_29	74	Picture	68_T_PWTRIAD_PW_telefono_red.png	4646380	43200	1	1900	2	43200	1800
S006_DAY1_MINITWICE_29	75	Picture	PW	4648480	0	1	43200	2	0	43200
S006_DAY1_MINITWICE_29	75	Pulse	99	4649236	756	NA
S006_DAY1_MINITWICE_29	75	Port Input	1	4649236	756	NA
S006_DAY1_MINITWICE_29	75	Response	52	4675214	26734	2
S006_DAY1_MINITWICE_29	75	Pulse	99	4685237	36757	NA
S006_DAY1_MINITWICE_29	75	Port Input	1	4685237	36757	NA
S006_DAY1_MINITWICE_29	75	Picture	69_T_PWTRIAD_PW_violin_red.png	4691680	43200	1	1900	2	43200	1800
S006_DAY1_MINITWICE_29	76	Picture	PW	4693780	0	1	43199	3	0	43200
S006_DAY1_MINITWICE_29	76	Pulse	99	4721238	27458	NA
S006_DAY1_MINITWICE_29	76	Port Input	1	4721238	27458	NA
S006_DAY1_MINITWICE_29	76	Response	51	4733022	39242	1
S006_DAY1_MINITWICE_29	76	Picture	70_T_PWTRIAD_PW_cortina_red.png	4736979	43199	2	1900	4	43200	1800
S006_DAY1_MINITWICE_29	77	Picture	rest	4738979	0	1	144100	2	0	144000
S006_DAY1_MINITWICE_29	77	Pulse	99	4757239	18260	NA
S006_DAY1_MINITWICE_29	77	Port Input	1	4757239	18260	NA
S006_DAY1_MINITWICE_29	77	Pulse	99	4793240	54261	NA
S006_DAY1_MINITWICE_29	77	Port Input	1	4793240	54261	NA
S006_DAY1_MINITWICE_29	77	Pulse	99	4829241	90262	NA
S006_DAY1_MINITWICE_29	77	Port Input	1	4829241	90262	NA
S006_DAY1_MINITWICE_29	77	Pulse	99	4865242	126263	NA
S006_DAY1_MINITWICE_29	77	Port Input	1	4865242	126263	NA
S006_DAY1_MINITWICE_29	78	Picture	endrest	4883179	0	1	10100	2	0	10000
S006_DAY1_MINITWICE_29	79	Picture	RW	4893479	0	1	43199	3	0	43200
S006_DAY1_MINITWICE_29	79	Pulse	99	4901243	7764	NA
S006_DAY1_MINITWICE_29	79	Port Input	1	4901243	7764	NA
S006_DAY1_MINITWICE_29	79	Response	52	4910888	17409	1
S006_DAY1_MINITWICE_29	79	Picture	73_T_RWTRIAD_RW_leche_red.png	4936678	43199	2	1901	3	43200	1800
S006_DAY1_MINITWICE_29	79	Pulse	99	4937244	43765	NA
S006_DAY1_MINITWICE_29	79	Port Input	1	4937244	43765	NA
S006_DAY1_MINITWICE_29	80	Picture	RW	4938779	0	1	43199	2	0	43200
S006_DAY1_MINITWICE_29	80	Response	52	4958642	19863	1
S006_DAY1_MINITWICE_29	80	Pulse	99	4973245	34466	NA
S006_DAY1_MINITWICE_29	80	Port Input	1	4973245	34466	NA
S006_DAY1_MINITWICE_29	80	Picture	74_T_RWTRIAD_RW_silla_red.png	4981978	43199	1	1900	2	43200	1800
S006_DAY1_MINITWICE_29	81	Picture	RW	4984078	0	1	43200	2	0	43200
S006_DAY1_MINITWICE_29	81	Response	51	5007315	23237	1
S006_DAY1_MINITWICE_29	81	Pulse	99	5009246	25168	NA
S006_DAY1_MINITWICE_29	81	Port Input	1	5009246	25168	NA
S006_DAY1_MINITWICE_29	81	Picture	75_T_RWTRIAD_RW_pizarra_red.png	5027278	43200	1	1900	2	43200	1800
S006_DAY1_MINITWICE_29	82	Picture	RW	5029378	0	1	43200	2	0	43200
S006_DAY1_MINITWICE_29	82	Pulse	99	5045247	15869	NA
S006_DAY1_MINITWICE_29	82	Port Input	1	5045247	15869	NA
S006_DAY1_MINITWICE_29	82	Response	52	5051582	22204	2
S006_DAY1_MINITWICE_29	82	Picture	76_T_RWTRIAD_RW_sombrilla_red.png	5072578	43200	1	1900	2	43200	1800
S006_DAY1_MINITWICE_29	83	Picture	RW	5074678	0	1	43200	2	0	43200
S006_DAY1_MINITWICE_29	83	Pulse	99	5081248	6570	NA
S006_DAY1_MINITWICE_29	83	Port Input	1	5081248	6570	NA
S006_DAY1_MINITWICE_29	83	Response	51	5094798	20120	1
S006_DAY1_MINITWICE_29	83	Pulse	99	5117249	42571	NA
S006_DAY1_MINITWICE_29	83	Port Input	1	5117249	42571	NA
S006_DAY1_MINITWICE_29	83	Picture	77_T_RWTRIAD_RW_cerillas_red.png	5117878	43200	1	1900	2	43200	1800
S006_DAY1_MINITWICE_29	84	Picture	RW	5119978	0	1	43200	2	0	43200
S006_DAY1_MINITWICE_29	84	Response	52	5149230	29252	2
S006_DAY1_MINITWICE_29	84	Pulse	99	5153251	33273	NA
S006_DAY1_MINITWICE_29	84	Port Input	1	5153251	33273	NA
S006_DAY1_MINITWICE_29	84	Picture	78_T_RWTRIAD_RW_murcielago_red.png	5163178	43200	1	1899	3	43200	1800
S006_DAY1_MINITWICE_29	85	Picture	RW	5165278	0	1	43199	3	0	43200
S006_DAY1_MINITWICE_29	85	Pulse	99	5189252	23974	NA
S006_DAY1_MINITWICE_29	85	Port Input	1	5189252	23974	NA
S006_DAY1_MINITWICE_29	85	Response	52	5190528	25250	1
S006_DAY1_MINITWICE_29	85	Picture	79_T_RWTRIAD_RW_pluma_red.png	5208477	43199	2	1900	3	43200	1800
S006_DAY1_MINITWICE_29	86	Picture	RW	5210577	0	2	43200	3	0	43200
S006_DAY1_MINITWICE_29	86	Pulse	99	5225253	14676	NA
S006_DAY1_MINITWICE_29	86	Port Input	1	5225253	14676	NA
S006_DAY1_MINITWICE_29	86	Response	51	5239509	28932	1
S006_DAY1_MINITWICE_29	86	Picture	80_T_RWTRIAD_RW_paracaidas_red.png	5253777	43200	1	1900	2	43200	1800
S006_DAY1_MINITWICE_29	87	Picture	rest	5255777	0	1	144100	2	0	144000
S006_DAY1_MINITWICE_29	87	Pulse	99	5261254	5477	NA
S006_DAY1_MINITWICE_29	87	Port Input	1	5261254	5477	NA
S006_DAY1_MINITWICE_29	87	Pulse	99	5297255	41478	NA
S006_DAY1_MINITWICE_29	87	Port Input	1	5297255	41478	NA
S006_DAY1_MINITWICE_29	87	Pulse	99	5333256	77479	NA
S006_DAY1_MINITWICE_29	87	Port Input	1	5333256	77479	NA
S006_DAY1_MINITWICE_29	87	Pulse	99	5369257	113480	NA
S006_DAY1_MINITWICE_29	87	Port Input	1	5369257	113480	NA
S006_DAY1_MINITWICE_29	88	Picture	endrest	5399977	0	1	10099	3	0	10000
S006_DAY1_MINITWICE_29	88	Pulse	99	5405258	5281	NA
S006_DAY1_MINITWICE_29	88	Port Input	1	5405258	5281	NA
S006_DAY1_MINITWICE_29	89	Picture	FF	5410277	0	1	43199	2	0	43200
S006_DAY1_MINITWICE_29	89	Response	51	5428341	18064	1
S006_DAY1_MINITWICE_29	89	Pulse	99	5441259	30982	NA
S006_DAY1_MINITWICE_29	89	Port Input	1	5441259	30982	NA
S006_DAY1_MINITWICE_29	89	Picture	83_T_FFTRIAD_FF_paracaidas_red.png	5453476	43199	1	1900	2	43200	1800
S006_DAY1_MINITWICE_29	90	Picture	FF	5455576	0	1	43200	2	0	43200
S006_DAY1_MINITWICE_29	90	Pulse	99	5477260	21684	NA
S006_DAY1_MINITWICE_29	90	Port Input	1	5477260	21684	NA
S006_DAY1_MINITWICE_29	90	Response	51	5478060	22484	2
S006_DAY1_MINITWICE_29	90	Picture	84_T_FFTRIAD_FF_tijera_red.png	5498776	43200	1	1900	2	43200	1800
S006_DAY1_MINITWICE_29	91	Picture	FF	5500876	0	1	43200	2	0	43200
S006_DAY1_MINITWICE_29	91	Pulse	99	5513261	12385	NA
S006_DAY1_MINITWICE_29	91	Port Input	1	5513261	12385	NA
S006_DAY1_MINITWICE_29	91	Response	51	5515535	14659	1
S006_DAY1_MINITWICE_29	91	Picture	85_T_FFTRIAD_FF_monja_red.png	5544076	43200	1	1900	2	43200	1800
S006_DAY1_MINITWICE_29	92	Picture	FF	5546176	0	1	43200	2	0	43200
S006_DAY1_MINITWICE_29	92	Pulse	99	5549262	3086	NA
S006_DAY1_MINITWICE_29	92	Port Input	1	5549262	3086	NA
S006_DAY1_MINITWICE_29	92	Response	51	5556499	10323	1
S006_DAY1_MINITWICE_29	92	Pulse	99	5585264	39088	NA
S006_DAY1_MINITWICE_29	92	Port Input	1	5585264	39088	NA
S006_DAY1_MINITWICE_29	92	Picture	86_T_FFTRIAD_FF_charco_red.png	5589376	43200	1	1900	2	43200	1800
S006_DAY1_MINITWICE_29	93	Picture	PW	5591476	0	1	43200	2	0	43200
S006_DAY1_MINITWICE_29	93	Response	52	5617357	25881	1
S006_DAY1_MINITWICE_29	93	Pulse	99	5621265	29789	NA
S006_DAY1_MINITWICE_29	93	Port Input	1	5621265	29789	NA
S006_DAY1_MINITWICE_29	93	Picture	87_T_PWTRIAD_PW_pilas_red.png	5634676	43200	1	1900	2	43200	1800
S006_DAY1_MINITWICE_29	94	Picture	PW	5636776	0	1	43199	2	0	43200
S006_DAY1_MINITWICE_29	94	Pulse	99	5657266	20490	NA
S006_DAY1_MINITWICE_29	94	Port Input	1	5657266	20490	NA
S006_DAY1_MINITWICE_29	94	Response	52	5667431	30655	1
S006_DAY1_MINITWICE_29	94	Picture	88_T_PWTRIAD_PW_cuento_red.png	5679975	43199	1	1900	2	43200	1800
S006_DAY1_MINITWICE_29	95	Picture	PW	5682075	0	1	43200	2	0	43200
S006_DAY1_MINITWICE_29	95	Pulse	99	5693267	11192	NA
S006_DAY1_MINITWICE_29	95	Port Input	1	5693267	11192	NA
S006_DAY1_MINITWICE_29	95	Response	52	5718577	36502	1
S006_DAY1_MINITWICE_29	95	Picture	89_T_PWTRIAD_PW_gafas_red.png	5725275	43200	1	1900	2	43200	1800
S006_DAY1_MINITWICE_29	96	Picture	PW	5727375	0	1	43200	2	0	43200
S006_DAY1_MINITWICE_29	96	Pulse	99	5729268	1893	NA
S006_DAY1_MINITWICE_29	96	Port Input	1	5729268	1893	NA
S006_DAY1_MINITWICE_29	96	Response	52	5759149	31774	1
S006_DAY1_MINITWICE_29	96	Pulse	99	5765269	37894	NA
S006_DAY1_MINITWICE_29	96	Port Input	1	5765269	37894	NA
S006_DAY1_MINITWICE_29	96	Picture	90_T_PWTRIAD_PW_grapadora_red.png	5770575	43200	1	1900	2	43200	1800
S006_DAY1_MINITWICE_29	97	Picture	rest	5772575	0	1	144099	2	0	144000
S006_DAY1_MINITWICE_29	97	Pulse	99	5801270	28695	NA
S006_DAY1_MINITWICE_29	97	Port Input	1	5801270	28695	NA
S006_DAY1_MINITWICE_29	97	Pulse	99	5837271	64696	NA
S006_DAY1_MINITWICE_29	97	Port Input	1	5837271	64696	NA
S006_DAY1_MINITWICE_29	97	Pulse	99	5873272	100697	NA
S006_DAY1_MINITWICE_29	97	Port Input	1	5873272	100697	NA
S006_DAY1_MINITWICE_29	97	Pulse	99	5909273	136698	NA
S006_DAY1_MINITWICE_29	97	Port Input	1	5909273	136698	NA
S006_DAY1_MINITWICE_29	98	Picture	endrest	5916774	0	1	10100	2	0	10000
S006_DAY1_MINITWICE_29	99	Picture	FF	5927074	0	1	43200	2	0	43200
S006_DAY1_MINITWICE_29	99	Response	51	5942064	14990	1
S006_DAY1_MINITWICE_29	99	Pulse	99	5945274	18200	NA
S006_DAY1_MINITWICE_29	99	Port Input	1	5945274	18200	NA
S006_DAY1_MINITWICE_29	99	Picture	93_T_FFTRIAD_FF_pincel_red.png	5970274	43200	1	1900	2	43200	1800
S006_DAY1_MINITWICE_29	100	Picture	FF	5972374	0	1	43200	2	0	43200
S006_DAY1_MINITWICE_29	100	Pulse	99	5981275	8901	NA
S006_DAY1_MINITWICE_29	100	Port Input	1	5981275	8901	NA
S006_DAY1_MINITWICE_29	100	Response	52	5990188	17814	1
S006_DAY1_MINITWICE_29	100	Picture	94_T_FFTRIAD_FF_cerillas_red.png	6015574	43200	1	1900	2	43200	1800
S006_DAY1_MINITWICE_29	100	Pulse	99	6017277	44903	NA
S006_DAY1_MINITWICE_29	100	Port Input	1	6017277	44903	NA
S006_DAY1_MINITWICE_29	101	Picture	FF	6017674	0	1	43200	2	0	43200
S006_DAY1_MINITWICE_29	101	Response	52	6028603	10929	1
S006_DAY1_MINITWICE_29	101	Pulse	99	6053278	35604	NA
S006_DAY1_MINITWICE_29	101	Port Input	1	6053278	35604	NA
S006_DAY1_MINITWICE_29	101	Picture	95_T_FFTRIAD_FF_cinturon_red.png	6060874	43200	1	1900	2	43200	1800
S006_DAY1_MINITWICE_29	102	Picture	FF	6062974	0	1	43199	3	0	43200
S006_DAY1_MINITWICE_29	102	Response	51	6078679	15705	1
S006_DAY1_MINITWICE_29	102	Pulse	99	6089279	26305	NA
S006_DAY1_MINITWICE_29	102	Port Input	1	6089279	26305	NA
S006_DAY1_MINITWICE_29	102	Picture	96_T_FFTRIAD_FF_grifo_red.png	6106173	43199	2	1900	4	43200	1800
S006_DAY1_MINITWICE_29	103	Picture	FF	6108274	0	1	43199	2	0	43200
S006_DAY1_MINITWICE_29	103	Response	52	6122733	14459	1
S006_DAY1_MINITWICE_29	103	Pulse	99	6125280	17006	NA
S006_DAY1_MINITWICE_29	103	Port Input	1	6125280	17006	NA
S006_DAY1_MINITWICE_29	103	Picture	97_T_FFTRIAD_FF_paraguas_red.png	6151473	43199	1	1900	2	43200	1800
S006_DAY1_MINITWICE_29	104	Picture	FF	6153573	0	1	43200	2	0	43200
S006_DAY1_MINITWICE_29	104	Pulse	99	6161281	7708	NA
S006_DAY1_MINITWICE_29	104	Port Input	1	6161281	7708	NA
S006_DAY1_MINITWICE_29	104	Response	52	6167367	13794	1
S006_DAY1_MINITWICE_29	104	Picture	98_T_FFTRIAD_FF_pilas_red.png	6196773	43200	1	1900	2	43200	1800
S006_DAY1_MINITWICE_29	104	Pulse	99	6197282	43709	NA
S006_DAY1_MINITWICE_29	104	Port Input	1	6197282	43709	NA
S006_DAY1_MINITWICE_29	105	Picture	FF	6198873	0	1	43200	2	0	43200
S006_DAY1_MINITWICE_29	105	Response	51	6209804	10931	1
S006_DAY1_MINITWICE_29	105	Pulse	99	6233283	34410	NA
S006_DAY1_MINITWICE_29	105	Port Input	1	6233283	34410	NA
S006_DAY1_MINITWICE_29	105	Picture	99_T_FFTRIAD_FF_arco_red.png	6242073	43200	1	1900	2	43200	1800
S006_DAY1_MINITWICE_29	106	Picture	FF	6244173	0	1	43200	2	0	43200
S006_DAY1_MINITWICE_29	106	Response	52	6257686	13513	1
S006_DAY1_MINITWICE_29	106	Pulse	99	6269284	25111	NA
S006_DAY1_MINITWICE_29	106	Port Input	1	6269284	25111	NA
S006_DAY1_MINITWICE_29	106	Picture	100_T_FFTRIAD_FF_manos_red.png	6287373	43200	1	1900	2	43200	1800
S006_DAY1_MINITWICE_29	107	Picture	rest	6289373	0	1	144099	2	0	144000
S006_DAY1_MINITWICE_29	107	Pulse	99	6305285	15912	NA
S006_DAY1_MINITWICE_29	107	Port Input	1	6305285	15912	NA
S006_DAY1_MINITWICE_29	107	Pulse	99	6341286	51913	NA
S006_DAY1_MINITWICE_29	107	Port Input	1	6341286	51913	NA
S006_DAY1_MINITWICE_29	107	Pulse	99	6377287	87914	NA
S006_DAY1_MINITWICE_29	107	Port Input	1	6377287	87914	NA
S006_DAY1_MINITWICE_29	107	Pulse	99	6413288	123915	NA
S006_DAY1_MINITWICE_29	107	Port Input	1	6413288	123915	NA
S006_DAY1_MINITWICE_29	108	Picture	endrest	6433572	0	1	10100	2	0	10000
S006_DAY1_MINITWICE_29	109	Picture	PW	6443872	0	1	43200	2	0	43200
S006_DAY1_MINITWICE_29	109	Pulse	99	6449289	5417	NA
S006_DAY1_MINITWICE_29	109	Port Input	1	6449289	5417	NA
S006_DAY1_MINITWICE_29	109	Response	51	6466649	22777	2
S006_DAY1_MINITWICE_29	109	Pulse	99	6485291	41419	NA
S006_DAY1_MINITWICE_29	109	Port Input	1	6485291	41419	NA
S006_DAY1_MINITWICE_29	109	Picture	103_T_PWTRIAD_PW_molino_red.png	6487072	43200	1	1900	2	43200	1800
S006_DAY1_MINITWICE_29	110	Picture	PW	6489172	0	1	43200	2	0	43200
S006_DAY1_MINITWICE_29	110	Response	51	6514379	25207	1
S006_DAY1_MINITWICE_29	110	Pulse	99	6521292	32120	NA
S006_DAY1_MINITWICE_29	110	Port Input	1	6521292	32120	NA
S006_DAY1_MINITWICE_29	110	Picture	104_T_PWTRIAD_PW_martillo_red.png	6532372	43200	1	1900	2	43200	1800
S006_DAY1_MINITWICE_29	111	Picture	PW	6534472	0	1	43199	3	0	43200
S006_DAY1_MINITWICE_29	111	Pulse	99	6557293	22821	NA
S006_DAY1_MINITWICE_29	111	Port Input	1	6557293	22821	NA
S006_DAY1_MINITWICE_29	111	Response	52	6570231	35759	1
S006_DAY1_MINITWICE_29	111	Picture	105_T_PWTRIAD_PW_tijera_red.png	6577671	43199	2	1900	4	43200	1800
S006_DAY1_MINITWICE_29	112	Picture	PW	6579771	0	2	43200	3	0	43200
S006_DAY1_MINITWICE_29	112	Pulse	99	6593294	13523	NA
S006_DAY1_MINITWICE_29	112	Port Input	1	6593294	13523	NA
S006_DAY1_MINITWICE_29	112	Response	51	6614770	34999	1
S006_DAY1_MINITWICE_29	112	Picture	106_T_PWTRIAD_PW_cinturon_red.png	6622971	43200	1	1900	3	43200	1800
S006_DAY1_MINITWICE_29	113	Picture	PW	6625071	0	2	43200	4	0	43200
S006_DAY1_MINITWICE_29	113	Pulse	99	6629295	4224	NA
S006_DAY1_MINITWICE_29	113	Port Input	1	6629295	4224	NA
S006_DAY1_MINITWICE_29	113	Response	51	6657551	32480	2
S006_DAY1_MINITWICE_29	113	Pulse	99	6665296	40225	NA
S006_DAY1_MINITWICE_29	113	Port Input	1	6665296	40225	NA
S006_DAY1_MINITWICE_29	113	Picture	107_T_PWTRIAD_PW_traje_red.png	6668271	43200	2	1900	4	43200	1800
S006_DAY1_MINITWICE_29	114	Picture	PW	6670371	0	2	43200	3	0	43200
S006_DAY1_MINITWICE_29	114	Pulse	99	6701297	30926	NA
S006_DAY1_MINITWICE_29	114	Port Input	1	6701297	30926	NA
S006_DAY1_MINITWICE_29	114	Response	52	6712796	42425	1
S006_DAY1_MINITWICE_29	114	Picture	108_T_PWTRIAD_PW_sobre_red.png	6713571	43200	1	1900	2	43200	1800
S006_DAY1_MINITWICE_29	115	Picture	PW	6715671	0	1	43200	2	0	43200
S006_DAY1_MINITWICE_29	115	Pulse	99	6737298	21627	NA
S006_DAY1_MINITWICE_29	115	Port Input	1	6737298	21627	NA
S006_DAY1_MINITWICE_29	115	Response	51	6757643	41972	1
S006_DAY1_MINITWICE_29	115	Picture	109_T_PWTRIAD_PW_television_red.png	6758871	43200	1	1900	2	43200	1800
S006_DAY1_MINITWICE_29	116	Picture	PW	6760971	0	1	43199	3	0	43200
S006_DAY1_MINITWICE_29	116	Pulse	99	6773299	12328	NA
S006_DAY1_MINITWICE_29	116	Port Input	1	6773299	12328	NA
S006_DAY1_MINITWICE_29	116	Picture	110_T_PWTRIAD_PW_paraguas_red.png	6804170	43199	2	1900	4	43200	1800
S006_DAY1_MINITWICE_29	117	Picture	rest	6806170	0	2	144100	3	0	144000
S006_DAY1_MINITWICE_29	117	Response	52	6808958	2788	2
S006_DAY1_MINITWICE_29	117	Pulse	99	6809300	3130	NA
S006_DAY1_MINITWICE_29	117	Port Input	1	6809300	3130	NA
S006_DAY1_MINITWICE_29	117	Pulse	99	6845301	39131	NA
S006_DAY1_MINITWICE_29	117	Port Input	1	6845301	39131	NA
S006_DAY1_MINITWICE_29	117	Pulse	99	6881302	75132	NA
S006_DAY1_MINITWICE_29	117	Port Input	1	6881302	75132	NA
S006_DAY1_MINITWICE_29	117	Pulse	99	6917304	111134	NA
S006_DAY1_MINITWICE_29	117	Port Input	1	6917304	111134	NA
S006_DAY1_MINITWICE_29	118	Picture	endrest	6950370	0	1	10100	2	0	10000
S006_DAY1_MINITWICE_29	118	Pulse	99	6953305	2935	NA
S006_DAY1_MINITWICE_29	118	Port Input	1	6953305	2935	NA
S006_DAY1_MINITWICE_29	119	Picture	PW	6960670	0	1	43200	2	0	43200
S006_DAY1_MINITWICE_29	119	Response	52	6982067	21397	1
S006_DAY1_MINITWICE_29	119	Pulse	99	6989306	28636	NA
S006_DAY1_MINITWICE_29	119	Port Input	1	6989306	28636	NA
S006_DAY1_MINITWICE_29	119	Picture	113_T_PWTRIAD_PW_raton_red.png	7003870	43200	1	1900	2	43200	1800
S006_DAY1_MINITWICE_29	120	Picture	PW	7005970	0	1	43199	3	0	43200
S006_DAY1_MINITWICE_29	120	Pulse	99	7025307	19337	NA
S006_DAY1_MINITWICE_29	120	Port Input	1	7025307	19337	NA
S006_DAY1_MINITWICE_29	120	Response	51	7033034	27064	1
S006_DAY1_MINITWICE_29	120	Picture	114_T_PWTRIAD_PW_destornillador_red.png	7049169	43199	2	1900	3	43200	1800
S006_DAY1_MINITWICE_29	121	Picture	PW	7051269	0	2	43200	3	0	43200
S006_DAY1_MINITWICE_29	121	Pulse	99	7061308	10039	NA
S006_DAY1_MINITWICE_29	121	Port Input	1	7061308	10039	NA
S006_DAY1_MINITWICE_29	121	Response	51	7077646	26377	1
S006_DAY1_MINITWICE_29	121	Picture	115_T_PWTRIAD_PW_llave_red.png	7094469	43200	1	1900	2	43200	1800
S006_DAY1_MINITWICE_29	122	Picture	PW	7096569	0	1	43200	2	0	43200
S006_DAY1_MINITWICE_29	122	Pulse	99	7097309	740	NA
S006_DAY1_MINITWICE_29	122	Port Input	1	7097309	740	NA
S006_DAY1_MINITWICE_29	122	Response	52	7129971	33402	1
S006_DAY1_MINITWICE_29	122	Pulse	99	7133310	36741	NA
S006_DAY1_MINITWICE_29	122	Port Input	1	7133310	36741	NA
S006_DAY1_MINITWICE_29	122	Picture	116_T_PWTRIAD_PW_granjero_red.png	7139769	43200	1	1900	2	43200	1800
S006_DAY1_MINITWICE_29	123	Picture	PW	7141869	0	1	43200	2	0	43200
S006_DAY1_MINITWICE_29	123	Pulse	99	7169311	27442	NA
S006_DAY1_MINITWICE_29	123	Port Input	1	7169311	27442	NA
S006_DAY1_MINITWICE_29	123	Response	52	7179156	37287	1
S006_DAY1_MINITWICE_29	123	Picture	117_T_PWTRIAD_PW_carruaje_red.png	7185069	43200	1	1900	2	43200	1800
S006_DAY1_MINITWICE_29	124	Picture	PW	7187169	0	1	43200	2	0	43200
S006_DAY1_MINITWICE_29	124	Pulse	99	7205312	18143	NA
S006_DAY1_MINITWICE_29	124	Port Input	1	7205312	18143	NA
S006_DAY1_MINITWICE_29	124	Response	52	7215899	28730	1
S006_DAY1_MINITWICE_29	124	Picture	118_T_PWTRIAD_PW_pincel_red.png	7230369	43200	1	1900	2	43200	1800
S006_DAY1_MINITWICE_29	125	Picture	PW	7232469	0	1	43199	3	0	43200
S006_DAY1_MINITWICE_29	125	Pulse	99	7241313	8844	NA
S006_DAY1_MINITWICE_29	125	Port Input	1	7241313	8844	NA
S006_DAY1_MINITWICE_29	125	Response	51	7260749	28280	1
S006_DAY1_MINITWICE_29	125	Picture	119_T_PWTRIAD_PW_ancla_red.png	7275668	43199	2	1900	3	43200	1800
S006_DAY1_MINITWICE_29	125	Pulse	99	7277315	44846	NA
S006_DAY1_MINITWICE_29	125	Port Input	1	7277315	44846	NA
S006_DAY1_MINITWICE_29	126	Picture	PW	7277768	0	1	43200	2	0	43200
S006_DAY1_MINITWICE_29	126	Pulse	99	7313315	35547	NA
S006_DAY1_MINITWICE_29	126	Port Input	1	7313315	35547	NA
S006_DAY1_MINITWICE_29	126	Response	52	7316642	38874	1
S006_DAY1_MINITWICE_29	126	Picture	120_T_PWTRIAD_PW_mono_red.png	7320968	43200	1	1900	2	43200	1800
S006_DAY1_MINITWICE_29	127	Picture	rest	7322968	0	1	144100	2	0	144000
S006_DAY1_MINITWICE_29	127	Pulse	99	7349316	26348	NA
S006_DAY1_MINITWICE_29	127	Port Input	1	7349316	26348	NA
S006_DAY1_MINITWICE_29	127	Pulse	99	7385318	62350	NA
S006_DAY1_MINITWICE_29	127	Port Input	1	7385318	62350	NA
S006_DAY1_MINITWICE_29	127	Pulse	99	7421319	98351	NA
S006_DAY1_MINITWICE_29	127	Port Input	1	7421319	98351	NA
S006_DAY1_MINITWICE_29	127	Pulse	99	7457320	134352	NA
S006_DAY1_MINITWICE_29	127	Port Input	1	7457320	134352	NA
S006_DAY1_MINITWICE_29	128	Picture	endrest	7467168	0	1	10099	3	0	10000
S006_DAY1_MINITWICE_29	129	Picture	PW	7477467	0	2	43200	3	0	43200
S006_DAY1_MINITWICE_29	129	Pulse	99	7493321	15854	NA
S006_DAY1_MINITWICE_29	129	Port Input	1	7493321	15854	NA
S006_DAY1_MINITWICE_29	129	Response	51	7496004	18537	3
S006_DAY1_MINITWICE_29	129	Picture	123_T_PWTRIAD_PW_dado_red.png	7520667	43200	1	1900	2	43200	1800
S006_DAY1_MINITWICE_29	130	Picture	PW	7522767	0	1	43200	2	0	43200
S006_DAY1_MINITWICE_29	130	Pulse	99	7529322	6555	NA
S006_DAY1_MINITWICE_29	130	Port Input	1	7529322	6555	NA
S006_DAY1_MINITWICE_29	130	Response	51	7545852	23085	1
S006_DAY1_MINITWICE_29	130	Pulse	99	7565323	42556	NA
S006_DAY1_MINITWICE_29	130	Port Input	1	7565323	42556	NA
S006_DAY1_MINITWICE_29	130	Picture	124_T_PWTRIAD_PW_arbol_red.png	7565967	43200	1	1900	2	43200	1800
S006_DAY1_MINITWICE_29	131	Picture	PW	7568067	0	1	43200	2	0	43200
S006_DAY1_MINITWICE_29	131	Pulse	99	7601324	33257	NA
S006_DAY1_MINITWICE_29	131	Port Input	1	7601324	33257	NA
S006_DAY1_MINITWICE_29	131	Response	52	7603028	34961	1
S006_DAY1_MINITWICE_29	131	Picture	125_T_PWTRIAD_PW_queso_red.png	7611267	43200	1	1900	2	43200	1800
S006_DAY1_MINITWICE_29	132	Picture	PW	7613367	0	1	43200	2	0	43200
S006_DAY1_MINITWICE_29	132	Pulse	99	7637325	23958	NA
S006_DAY1_MINITWICE_29	132	Port Input	1	7637325	23958	NA
S006_DAY1_MINITWICE_29	132	Response	51	7652404	39037	1
S006_DAY1_MINITWICE_29	132	Picture	126_T_PWTRIAD_PW_madera_red.png	7656567	43200	1	1900	2	43200	1800
S006_DAY1_MINITWICE_29	133	Picture	FF	7658667	0	1	43200	2	0	43200
S006_DAY1_MINITWICE_29	133	Pulse	99	7673326	14659	NA
S006_DAY1_MINITWICE_29	133	Port Input	1	7673326	14659	NA
S006_DAY1_MINITWICE_29	133	Response	51	7673537	14870	1
S006_DAY1_MINITWICE_29	133	Picture	127_T_FFTRIAD_FF_portatil_red.png	7701867	43200	1	1900	2	43200	1800
S006_DAY1_MINITWICE_29	134	Picture	FF	7703967	0	1	43199	2	0	43200
S006_DAY1_MINITWICE_29	134	Pulse	99	7709327	5360	NA
S006_DAY1_MINITWICE_29	134	Port Input	1	7709327	5360	NA
S006_DAY1_MINITWICE_29	134	Response	51	7717048	13081	1
S006_DAY1_MINITWICE_29	134	Pulse	99	7745328	41361	NA
S006_DAY1_MINITWICE_29	134	Port Input	1	7745328	41361	NA
S006_DAY1_MINITWICE_29	134	Picture	128_T_FFTRIAD_FF_madera_red.png	7747166	43199	1	1900	2	43200	1800
S006_DAY1_MINITWICE_29	135	Picture	FF	7749266	0	2	43200	3	0	43200
S006_DAY1_MINITWICE_29	135	Response	51	7767132	17866	1
S006_DAY1_MINITWICE_29	135	Pulse	99	7781329	32063	NA
S006_DAY1_MINITWICE_29	135	Port Input	1	7781329	32063	NA
S006_DAY1_MINITWICE_29	135	Picture	129_T_FFTRIAD_FF_policia_red.png	7792466	43200	1	1900	2	43200	1800
S006_DAY1_MINITWICE_29	136	Picture	FF	7794566	0	1	43200	2	0	43200
S006_DAY1_MINITWICE_29	136	Response	52	7814194	19628	1
S006_DAY1_MINITWICE_29	136	Pulse	99	7817331	22765	NA
S006_DAY1_MINITWICE_29	136	Port Input	1	7817331	22765	NA
S006_DAY1_MINITWICE_29	136	Picture	130_T_FFTRIAD_FF_murcielago_red.png	7837766	43200	1	1900	2	43200	1800
S006_DAY1_MINITWICE_29	137	Picture	rest	7839766	0	1	144099	2	0	144000
S006_DAY1_MINITWICE_29	137	Pulse	99	7853332	13566	NA
S006_DAY1_MINITWICE_29	137	Port Input	1	7853332	13566	NA
S006_DAY1_MINITWICE_29	137	Pulse	99	7889333	49567	NA
S006_DAY1_MINITWICE_29	137	Port Input	1	7889333	49567	NA
S006_DAY1_MINITWICE_29	137	Pulse	99	7925334	85568	NA
S006_DAY1_MINITWICE_29	137	Port Input	1	7925334	85568	NA
S006_DAY1_MINITWICE_29	137	Pulse	99	7961335	121569	NA
S006_DAY1_MINITWICE_29	137	Port Input	1	7961335	121569	NA
S006_DAY1_MINITWICE_29	138	Picture	endrest	7983965	0	1	10100	2	0	10000
S006_DAY1_MINITWICE_29	139	Picture	RW	7994265	0	1	43200	2	0	43200
S006_DAY1_MINITWICE_29	139	Pulse	99	7997336	3071	NA
S006_DAY1_MINITWICE_29	139	Port Input	1	7997336	3071	NA
S006_DAY1_MINITWICE_29	139	Response	52	8022942	28677	1
S006_DAY1_MINITWICE_29	139	Pulse	99	8033337	39072	NA
S006_DAY1_MINITWICE_29	139	Port Input	1	8033337	39072	NA
S006_DAY1_MINITWICE_29	139	Picture	133_T_RWTRIAD_RW_arbol_red.png	8037465	43200	1	1900	2	43200	1800
S006_DAY1_MINITWICE_29	140	Picture	RW	8039565	0	1	43200	2	0	43200
S006_DAY1_MINITWICE_29	140	Response	52	8060166	20601	1
S006_DAY1_MINITWICE_29	140	Pulse	99	8069338	29773	NA
S006_DAY1_MINITWICE_29	140	Port Input	1	8069338	29773	NA
S006_DAY1_MINITWICE_29	140	Picture	134_T_RWTRIAD_RW_sapo_red.png	8082765	43200	1	1900	2	43200	1800
S006_DAY1_MINITWICE_29	141	Picture	RW	8084865	0	1	43200	2	0	43200
S006_DAY1_MINITWICE_29	141	Pulse	99	8105339	20474	NA
S006_DAY1_MINITWICE_29	141	Port Input	1	8105339	20474	NA
S006_DAY1_MINITWICE_29	141	Response	51	8106156	21291	1
S006_DAY1_MINITWICE_29	141	Picture	135_T_RWTRIAD_RW_teclado_red.png	8128065	43200	1	1900	2	43200	1800
S006_DAY1_MINITWICE_29	142	Picture	RW	8130165	0	1	43199	3	0	43200
S006_DAY1_MINITWICE_29	142	Pulse	99	8141340	11175	NA
S006_DAY1_MINITWICE_29	142	Port Input	1	8141340	11175	NA
S006_DAY1_MINITWICE_29	142	Response	51	8148140	17975	1
S006_DAY1_MINITWICE_29	142	Picture	136_T_RWTRIAD_RW_television_red.png	8173364	43199	2	1900	4	43200	1800
S006_DAY1_MINITWICE_29	143	Picture	rest	8175365	0	1	144099	2	0	144000
S006_DAY1_MINITWICE_29	143	Pulse	99	8177341	1976	NA
S006_DAY1_MINITWICE_29	143	Port Input	1	8177341	1976	NA
S006_DAY1_MINITWICE_29	143	Pulse	99	8213342	37977	NA
S006_DAY1_MINITWICE_29	143	Port Input	1	8213342	37977	NA
S006_DAY1_MINITWICE_29	144	Picture	endrest	8319564	0	1	10100	2	0	10000
S006_DAY1_MINITWICE_29	145	Picture	endrest	8329764	0	1	10100	2	0	10000
S006_DAY1_MINITWICE_29	146	Picture	endrest	8339964	0	1	10100	2	0	10000
S006_DAY1_MINITWICE_29	147	Picture	endrest	8350164	0	1	10100	2	0	10000
