Scenario - vOT_Triads_fMRI_II
Logfile written - 05/11/2015 13:18:59

Subject	Trial	Event Type	Code	Time	TTime	Uncertainty	Duration	Uncertainty	ReqTime	ReqDur

S007_DAY1_MINITWICE_4643	1	Pulse	99	1130026	1139945	NA
S007_DAY1_MINITWICE_4643	1	Port Input	1	1130026	1139945	NA
S007_DAY1_MINITWICE_4643	1	Pulse	99	1166027	1175946	NA
S007_DAY1_MINITWICE_4643	1	Port Input	1	1166027	1175946	NA
S007_DAY1_MINITWICE_4643	1	Pulse	99	1202028	1211947	NA
S007_DAY1_MINITWICE_4643	1	Port Input	1	1202028	1211947	NA
S007_DAY1_MINITWICE_4643	1	Pulse	99	1238030	1247949	NA
S007_DAY1_MINITWICE_4643	1	Port Input	1	1238030	1247949	NA
S007_DAY1_MINITWICE_4643	1	Pulse	99	1274031	1283950	NA
S007_DAY1_MINITWICE_4643	1	Port Input	1	1274031	1283950	NA
S007_DAY1_MINITWICE_4643	2	Picture	rest	1274294	0	1	144099	3	0	144000
S007_DAY1_MINITWICE_4643	2	Pulse	99	1310032	35738	NA
S007_DAY1_MINITWICE_4643	2	Port Input	1	1310032	35738	NA
S007_DAY1_MINITWICE_4643	2	Pulse	99	1346033	71739	NA
S007_DAY1_MINITWICE_4643	2	Port Input	1	1346033	71739	NA
S007_DAY1_MINITWICE_4643	2	Pulse	99	1382034	107740	NA
S007_DAY1_MINITWICE_4643	2	Port Input	1	1382034	107740	NA
S007_DAY1_MINITWICE_4643	2	Pulse	99	1418035	143741	NA
S007_DAY1_MINITWICE_4643	2	Port Input	1	1418035	143741	NA
S007_DAY1_MINITWICE_4643	3	Picture	endrest	1418493	0	2	10100	3	0	10000
S007_DAY1_MINITWICE_4643	4	Picture	PW	1428793	0	1	43200	2	0	43200
S007_DAY1_MINITWICE_4643	4	Pulse	99	1454036	25243	NA
S007_DAY1_MINITWICE_4643	4	Port Input	1	1454036	25243	NA
S007_DAY1_MINITWICE_4643	4	Response	51	1461660	32867	1
S007_DAY1_MINITWICE_4643	4	Picture	3_T_PWTRIAD_PW_chupete_red.png	1471993	43200	1	1900	2	43200	1800
S007_DAY1_MINITWICE_4643	5	Picture	PW	1474093	0	1	43200	2	0	43200
S007_DAY1_MINITWICE_4643	5	Pulse	99	1490037	15944	NA
S007_DAY1_MINITWICE_4643	5	Port Input	1	1490037	15944	NA
S007_DAY1_MINITWICE_4643	5	Response	52	1498632	24539	1
S007_DAY1_MINITWICE_4643	5	Picture	4_T_PWTRIAD_PW_futbol_red.png	1517293	43200	1	1900	2	43200	1800
S007_DAY1_MINITWICE_4643	6	Picture	PW	1519393	0	1	43200	2	0	43200
S007_DAY1_MINITWICE_4643	6	Pulse	99	1526038	6645	NA
S007_DAY1_MINITWICE_4643	6	Port Input	1	1526038	6645	NA
S007_DAY1_MINITWICE_4643	6	Response	52	1533893	14500	1
S007_DAY1_MINITWICE_4643	6	Pulse	99	1562039	42646	NA
S007_DAY1_MINITWICE_4643	6	Port Input	1	1562039	42646	NA
S007_DAY1_MINITWICE_4643	6	Picture	5_T_PWTRIAD_PW_bebe_red.png	1562593	43200	1	1900	2	43200	1800
S007_DAY1_MINITWICE_4643	7	Picture	PW	1564693	0	1	43200	2	0	43200
S007_DAY1_MINITWICE_4643	7	Response	52	1593899	29206	1
S007_DAY1_MINITWICE_4643	7	Pulse	99	1598040	33347	NA
S007_DAY1_MINITWICE_4643	7	Port Input	1	1598040	33347	NA
S007_DAY1_MINITWICE_4643	7	Picture	6_T_PWTRIAD_PW_pizarra_red.png	1607893	43200	1	1900	2	43200	1800
S007_DAY1_MINITWICE_4643	8	Picture	PW	1609993	0	1	43200	2	0	43200
S007_DAY1_MINITWICE_4643	8	Pulse	99	1634041	24048	NA
S007_DAY1_MINITWICE_4643	8	Port Input	1	1634041	24048	NA
S007_DAY1_MINITWICE_4643	8	Response	52	1643627	33634	1
S007_DAY1_MINITWICE_4643	8	Picture	7_T_PWTRIAD_PW_teclado_red.png	1653193	43200	1	1899	3	43200	1800
S007_DAY1_MINITWICE_4643	9	Picture	PW	1655292	0	2	43200	3	0	43200
S007_DAY1_MINITWICE_4643	9	Pulse	99	1670042	14750	NA
S007_DAY1_MINITWICE_4643	9	Port Input	1	1670042	14750	NA
S007_DAY1_MINITWICE_4643	9	Response	52	1691400	36108	1
S007_DAY1_MINITWICE_4643	9	Picture	8_T_PWTRIAD_PW_almohada_red.png	1698492	43200	1	1900	2	43200	1800
S007_DAY1_MINITWICE_4643	10	Picture	PW	1700592	0	1	43200	2	0	43200
S007_DAY1_MINITWICE_4643	10	Pulse	99	1706043	5451	NA
S007_DAY1_MINITWICE_4643	10	Port Input	1	1706043	5451	NA
S007_DAY1_MINITWICE_4643	10	Response	52	1737150	36558	1
S007_DAY1_MINITWICE_4643	10	Pulse	99	1742044	41452	NA
S007_DAY1_MINITWICE_4643	10	Port Input	1	1742044	41452	NA
S007_DAY1_MINITWICE_4643	10	Picture	9_T_PWTRIAD_PW_paracaidas_red.png	1743792	43200	1	1900	2	43200	1800
S007_DAY1_MINITWICE_4643	11	Picture	PW	1745892	0	1	43200	2	0	43200
S007_DAY1_MINITWICE_4643	11	Response	51	1769998	24106	1
S007_DAY1_MINITWICE_4643	11	Pulse	99	1778046	32154	NA
S007_DAY1_MINITWICE_4643	11	Port Input	1	1778046	32154	NA
S007_DAY1_MINITWICE_4643	11	Picture	10_T_PWTRIAD_PW_lenador_red.png	1789092	43200	1	1900	2	43200	1800
S007_DAY1_MINITWICE_4643	12	Picture	rest	1791092	0	1	144099	2	0	144000
S007_DAY1_MINITWICE_4643	12	Pulse	99	1814047	22955	NA
S007_DAY1_MINITWICE_4643	12	Port Input	1	1814047	22955	NA
S007_DAY1_MINITWICE_4643	12	Pulse	99	1850048	58956	NA
S007_DAY1_MINITWICE_4643	12	Port Input	1	1850048	58956	NA
S007_DAY1_MINITWICE_4643	12	Pulse	99	1886049	94957	NA
S007_DAY1_MINITWICE_4643	12	Port Input	1	1886049	94957	NA
S007_DAY1_MINITWICE_4643	12	Pulse	99	1922050	130958	NA
S007_DAY1_MINITWICE_4643	12	Port Input	1	1922050	130958	NA
S007_DAY1_MINITWICE_4643	13	Picture	endrest	1935291	0	1	10100	2	0	10000
S007_DAY1_MINITWICE_4643	14	Picture	RW	1945591	0	1	43200	2	0	43200
S007_DAY1_MINITWICE_4643	14	Pulse	99	1958051	12460	NA
S007_DAY1_MINITWICE_4643	14	Port Input	1	1958051	12460	NA
S007_DAY1_MINITWICE_4643	14	Response	52	1962045	16454	1
S007_DAY1_MINITWICE_4643	14	Picture	13_T_RWTRIAD_RW_martillo_red.png	1988791	43200	1	1900	2	43200	1800
S007_DAY1_MINITWICE_4643	15	Picture	RW	1990891	0	1	43200	2	0	43200
S007_DAY1_MINITWICE_4643	15	Pulse	99	1994052	3161	NA
S007_DAY1_MINITWICE_4643	15	Port Input	1	1994052	3161	NA
S007_DAY1_MINITWICE_4643	15	Response	52	2005908	15017	1
S007_DAY1_MINITWICE_4643	15	Pulse	99	2030053	39162	NA
S007_DAY1_MINITWICE_4643	15	Port Input	1	2030053	39162	NA
S007_DAY1_MINITWICE_4643	15	Picture	14_T_RWTRIAD_RW_agua_red.png	2034091	43200	1	1900	2	43200	1800
S007_DAY1_MINITWICE_4643	16	Picture	RW	2036191	0	1	43200	2	0	43200
S007_DAY1_MINITWICE_4643	16	Response	51	2052373	16182	1
S007_DAY1_MINITWICE_4643	16	Pulse	99	2066054	29863	NA
S007_DAY1_MINITWICE_4643	16	Port Input	1	2066054	29863	NA
S007_DAY1_MINITWICE_4643	16	Picture	15_T_RWTRIAD_RW_charco_red.png	2079391	43200	1	1900	2	43200	1800
S007_DAY1_MINITWICE_4643	17	Picture	RW	2081491	0	1	43200	2	0	43200
S007_DAY1_MINITWICE_4643	17	Response	52	2096833	15342	2
S007_DAY1_MINITWICE_4643	17	Pulse	99	2102055	20564	NA
S007_DAY1_MINITWICE_4643	17	Port Input	1	2102055	20564	NA
S007_DAY1_MINITWICE_4643	17	Picture	16_T_RWTRIAD_RW_sobre_red.png	2124691	43200	1	1900	2	43200	1800
S007_DAY1_MINITWICE_4643	18	Picture	RW	2126790	0	2	43200	3	0	43200
S007_DAY1_MINITWICE_4643	18	Pulse	99	2138056	11266	NA
S007_DAY1_MINITWICE_4643	18	Port Input	1	2138056	11266	NA
S007_DAY1_MINITWICE_4643	18	Response	52	2139526	12736	1
S007_DAY1_MINITWICE_4643	18	Picture	17_T_RWTRIAD_RW_esquimal_red.png	2169990	43200	1	1900	2	43200	1800
S007_DAY1_MINITWICE_4643	19	Picture	RW	2172090	0	1	43200	2	0	43200
S007_DAY1_MINITWICE_4643	19	Pulse	99	2174057	1967	NA
S007_DAY1_MINITWICE_4643	19	Port Input	1	2174057	1967	NA
S007_DAY1_MINITWICE_4643	19	Response	51	2185888	13798	1
S007_DAY1_MINITWICE_4643	19	Pulse	99	2210058	37968	NA
S007_DAY1_MINITWICE_4643	19	Port Input	1	2210058	37968	NA
S007_DAY1_MINITWICE_4643	19	Picture	18_T_RWTRIAD_RW_lana_red.png	2215290	43200	1	1900	2	43200	1800
S007_DAY1_MINITWICE_4643	20	Picture	RW	2217390	0	1	43200	2	0	43200
S007_DAY1_MINITWICE_4643	20	Response	52	2231558	14168	1
S007_DAY1_MINITWICE_4643	20	Pulse	99	2246059	28669	NA
S007_DAY1_MINITWICE_4643	20	Port Input	1	2246059	28669	NA
S007_DAY1_MINITWICE_4643	20	Picture	19_T_RWTRIAD_RW_raton_red.png	2260590	43200	1	1900	2	43200	1800
S007_DAY1_MINITWICE_4643	21	Picture	RW	2262690	0	1	43200	2	0	43200
S007_DAY1_MINITWICE_4643	21	Response	52	2279442	16752	1
S007_DAY1_MINITWICE_4643	21	Pulse	99	2282061	19371	NA
S007_DAY1_MINITWICE_4643	21	Port Input	1	2282061	19371	NA
S007_DAY1_MINITWICE_4643	21	Picture	20_T_RWTRIAD_RW_mono_red.png	2305890	43200	1	1900	2	43200	1800
S007_DAY1_MINITWICE_4643	22	Picture	rest	2307890	0	1	144099	2	0	144000
S007_DAY1_MINITWICE_4643	22	Pulse	99	2318062	10172	NA
S007_DAY1_MINITWICE_4643	22	Port Input	1	2318062	10172	NA
S007_DAY1_MINITWICE_4643	22	Pulse	99	2354063	46173	NA
S007_DAY1_MINITWICE_4643	22	Port Input	1	2354063	46173	NA
S007_DAY1_MINITWICE_4643	22	Pulse	99	2390064	82174	NA
S007_DAY1_MINITWICE_4643	22	Port Input	1	2390064	82174	NA
S007_DAY1_MINITWICE_4643	22	Pulse	99	2426065	118175	NA
S007_DAY1_MINITWICE_4643	22	Port Input	1	2426065	118175	NA
S007_DAY1_MINITWICE_4643	23	Picture	endrest	2452089	0	1	10100	2	0	10000
S007_DAY1_MINITWICE_4643	23	Pulse	99	2462066	9977	NA
S007_DAY1_MINITWICE_4643	23	Port Input	1	2462066	9977	NA
S007_DAY1_MINITWICE_4643	24	Picture	RW	2462389	0	1	43200	2	0	43200
S007_DAY1_MINITWICE_4643	24	Response	52	2479255	16866	1
S007_DAY1_MINITWICE_4643	24	Pulse	99	2498067	35678	NA
S007_DAY1_MINITWICE_4643	24	Port Input	1	2498067	35678	NA
S007_DAY1_MINITWICE_4643	24	Picture	23_T_RWTRIAD_RW_destornillador_red.png	2505589	43200	1	1900	2	43200	1800
S007_DAY1_MINITWICE_4643	25	Picture	RW	2507689	0	1	43200	2	0	43200
S007_DAY1_MINITWICE_4643	25	Response	51	2521858	14169	1
S007_DAY1_MINITWICE_4643	25	Pulse	99	2534068	26379	NA
S007_DAY1_MINITWICE_4643	25	Port Input	1	2534068	26379	NA
S007_DAY1_MINITWICE_4643	25	Picture	24_T_RWTRIAD_RW_portatil_red.png	2550889	43200	1	1900	2	43200	1800
S007_DAY1_MINITWICE_4643	26	Picture	RW	2552989	0	1	43200	2	0	43200
S007_DAY1_MINITWICE_4643	26	Pulse	99	2570069	17080	NA
S007_DAY1_MINITWICE_4643	26	Port Input	1	2570069	17080	NA
S007_DAY1_MINITWICE_4643	26	Response	52	2574739	21750	1
S007_DAY1_MINITWICE_4643	26	Picture	25_T_RWTRIAD_RW_dado_red.png	2596189	43200	1	1900	2	43200	1800
S007_DAY1_MINITWICE_4643	27	Picture	RW	2598289	0	1	43199	3	0	43200
S007_DAY1_MINITWICE_4643	27	Pulse	99	2606070	7781	NA
S007_DAY1_MINITWICE_4643	27	Port Input	1	2606070	7781	NA
S007_DAY1_MINITWICE_4643	27	Response	52	2613721	15432	1
S007_DAY1_MINITWICE_4643	27	Picture	26_T_RWTRIAD_RW_llave_red.png	2641488	43199	2	1900	4	43200	1800
S007_DAY1_MINITWICE_4643	27	Pulse	99	2642071	43782	NA
S007_DAY1_MINITWICE_4643	27	Port Input	1	2642071	43782	NA
S007_DAY1_MINITWICE_4643	28	Picture	PW	2643588	0	1	43200	2	0	43200
S007_DAY1_MINITWICE_4643	28	Pulse	99	2678072	34484	NA
S007_DAY1_MINITWICE_4643	28	Port Input	1	2678072	34484	NA
S007_DAY1_MINITWICE_4643	28	Response	52	2678277	34689	1
S007_DAY1_MINITWICE_4643	28	Picture	27_T_PWTRIAD_PW_novia_red.png	2686788	43200	1	1900	2	43200	1800
S007_DAY1_MINITWICE_4643	29	Picture	PW	2688888	0	1	43200	2	0	43200
S007_DAY1_MINITWICE_4643	29	Pulse	99	2714073	25185	NA
S007_DAY1_MINITWICE_4643	29	Port Input	1	2714073	25185	NA
S007_DAY1_MINITWICE_4643	29	Response	52	2715077	26189	1
S007_DAY1_MINITWICE_4643	29	Picture	28_T_PWTRIAD_PW_agua_red.png	2732088	43200	1	1900	2	43200	1800
S007_DAY1_MINITWICE_4643	30	Picture	PW	2734188	0	1	43200	2	0	43200
S007_DAY1_MINITWICE_4643	30	Pulse	99	2750075	15887	NA
S007_DAY1_MINITWICE_4643	30	Port Input	1	2750075	15887	NA
S007_DAY1_MINITWICE_4643	30	Response	52	2758906	24718	1
S007_DAY1_MINITWICE_4643	30	Picture	29_T_PWTRIAD_PW_lana_red.png	2777388	43200	1	1900	2	43200	1800
S007_DAY1_MINITWICE_4643	31	Picture	PW	2779488	0	1	43200	2	0	43200
S007_DAY1_MINITWICE_4643	31	Pulse	99	2786076	6588	NA
S007_DAY1_MINITWICE_4643	31	Port Input	1	2786076	6588	NA
S007_DAY1_MINITWICE_4643	31	Response	51	2806389	26901	1
S007_DAY1_MINITWICE_4643	31	Pulse	99	2822077	42589	NA
S007_DAY1_MINITWICE_4643	31	Port Input	1	2822077	42589	NA
S007_DAY1_MINITWICE_4643	31	Picture	30_T_PWTRIAD_PW_portatil_red.png	2822688	43200	1	1900	2	43200	1800
S007_DAY1_MINITWICE_4643	32	Picture	rest	2824688	0	1	144099	2	0	144000
S007_DAY1_MINITWICE_4643	32	Pulse	99	2858078	33390	NA
S007_DAY1_MINITWICE_4643	32	Port Input	1	2858078	33390	NA
S007_DAY1_MINITWICE_4643	32	Pulse	99	2894079	69391	NA
S007_DAY1_MINITWICE_4643	32	Port Input	1	2894079	69391	NA
S007_DAY1_MINITWICE_4643	32	Pulse	99	2930080	105392	NA
S007_DAY1_MINITWICE_4643	32	Port Input	1	2930080	105392	NA
S007_DAY1_MINITWICE_4643	32	Pulse	99	2966081	141393	NA
S007_DAY1_MINITWICE_4643	32	Port Input	1	2966081	141393	NA
S007_DAY1_MINITWICE_4643	33	Picture	endrest	2968887	0	1	10100	2	0	10000
S007_DAY1_MINITWICE_4643	34	Picture	PW	2979187	0	1	43200	2	0	43200
S007_DAY1_MINITWICE_4643	34	Pulse	99	3002082	22895	NA
S007_DAY1_MINITWICE_4643	34	Port Input	1	3002082	22895	NA
S007_DAY1_MINITWICE_4643	34	Response	52	3007726	28539	1
S007_DAY1_MINITWICE_4643	34	Picture	33_T_PWTRIAD_PW_banera_red.png	3022387	43200	1	1900	2	43200	1800
S007_DAY1_MINITWICE_4643	35	Picture	PW	3024487	0	1	43200	2	0	43200
S007_DAY1_MINITWICE_4643	35	Pulse	99	3038083	13596	NA
S007_DAY1_MINITWICE_4643	35	Port Input	1	3038083	13596	NA
S007_DAY1_MINITWICE_4643	35	Response	52	3041258	16771	2
S007_DAY1_MINITWICE_4643	35	Picture	34_T_PWTRIAD_PW_bala_red.png	3067687	43200	1	1900	2	43200	1800
S007_DAY1_MINITWICE_4643	36	Picture	PW	3069787	0	1	43200	2	0	43200
S007_DAY1_MINITWICE_4643	36	Pulse	99	3074084	4297	NA
S007_DAY1_MINITWICE_4643	36	Port Input	1	3074084	4297	NA
S007_DAY1_MINITWICE_4643	36	Response	51	3089933	20146	1
S007_DAY1_MINITWICE_4643	36	Pulse	99	3110085	40298	NA
S007_DAY1_MINITWICE_4643	36	Port Input	1	3110085	40298	NA
S007_DAY1_MINITWICE_4643	36	Picture	35_T_PWTRIAD_PW_manos_red.png	3112987	43200	1	1900	2	43200	1800
S007_DAY1_MINITWICE_4643	37	Picture	PW	3115086	0	2	43200	3	0	43200
S007_DAY1_MINITWICE_4643	37	Pulse	99	3146086	31000	NA
S007_DAY1_MINITWICE_4643	37	Port Input	1	3146086	31000	NA
S007_DAY1_MINITWICE_4643	37	Response	52	3148902	33816	1
S007_DAY1_MINITWICE_4643	37	Picture	36_T_PWTRIAD_PW_policia_red.png	3158286	43200	1	1900	2	43200	1800
S007_DAY1_MINITWICE_4643	38	Picture	FF	3160386	0	1	43200	2	0	43200
S007_DAY1_MINITWICE_4643	38	Response	51	3174427	14041	1
S007_DAY1_MINITWICE_4643	38	Pulse	99	3182087	21701	NA
S007_DAY1_MINITWICE_4643	38	Port Input	1	3182087	21701	NA
S007_DAY1_MINITWICE_4643	38	Picture	37_T_FFTRIAD_FF_television_red.png	3203586	43200	1	1900	2	43200	1800
S007_DAY1_MINITWICE_4643	39	Picture	FF	3205686	0	1	43200	2	0	43200
S007_DAY1_MINITWICE_4643	39	Pulse	99	3218089	12403	NA
S007_DAY1_MINITWICE_4643	39	Port Input	1	3218089	12403	NA
S007_DAY1_MINITWICE_4643	39	Response	51	3221117	15431	1
S007_DAY1_MINITWICE_4643	39	Picture	38_T_FFTRIAD_FF_tenedor_red.png	3248886	43200	1	1900	2	43200	1800
S007_DAY1_MINITWICE_4643	40	Picture	FF	3250986	0	1	43200	2	0	43200
S007_DAY1_MINITWICE_4643	40	Pulse	99	3254090	3104	NA
S007_DAY1_MINITWICE_4643	40	Port Input	1	3254090	3104	NA
S007_DAY1_MINITWICE_4643	40	Response	52	3273238	22252	1
S007_DAY1_MINITWICE_4643	40	Pulse	99	3290091	39105	NA
S007_DAY1_MINITWICE_4643	40	Port Input	1	3290091	39105	NA
S007_DAY1_MINITWICE_4643	40	Picture	39_T_FFTRIAD_FF_gafas_red.png	3294186	43200	1	1900	2	43200	1800
S007_DAY1_MINITWICE_4643	41	Picture	FF	3296286	0	1	43200	2	0	43200
S007_DAY1_MINITWICE_4643	41	Response	52	3313459	17173	1
S007_DAY1_MINITWICE_4643	41	Pulse	99	3326092	29806	NA
S007_DAY1_MINITWICE_4643	41	Port Input	1	3326092	29806	NA
S007_DAY1_MINITWICE_4643	41	Picture	40_T_FFTRIAD_FF_sobre_red.png	3339486	43200	1	1900	2	43200	1800
S007_DAY1_MINITWICE_4643	42	Picture	rest	3341486	0	1	144099	2	0	144000
S007_DAY1_MINITWICE_4643	42	Pulse	99	3362093	20607	NA
S007_DAY1_MINITWICE_4643	42	Port Input	1	3362093	20607	NA
S007_DAY1_MINITWICE_4643	42	Pulse	99	3398094	56608	NA
S007_DAY1_MINITWICE_4643	42	Port Input	1	3398094	56608	NA
S007_DAY1_MINITWICE_4643	42	Pulse	99	3434095	92609	NA
S007_DAY1_MINITWICE_4643	42	Port Input	1	3434095	92609	NA
S007_DAY1_MINITWICE_4643	42	Pulse	99	3470096	128610	NA
S007_DAY1_MINITWICE_4643	42	Port Input	1	3470096	128610	NA
S007_DAY1_MINITWICE_4643	43	Picture	endrest	3485685	0	1	10100	2	0	10000
S007_DAY1_MINITWICE_4643	44	Picture	PW	3495985	0	1	43200	2	0	43200
S007_DAY1_MINITWICE_4643	44	Pulse	99	3506097	10112	NA
S007_DAY1_MINITWICE_4643	44	Port Input	1	3506097	10112	NA
S007_DAY1_MINITWICE_4643	44	Response	52	3524288	28303	1
S007_DAY1_MINITWICE_4643	44	Picture	43_T_PWTRIAD_PW_pluma_red.png	3539185	43200	1	1900	2	43200	1800
S007_DAY1_MINITWICE_4643	45	Picture	PW	3541285	0	1	43200	2	0	43200
S007_DAY1_MINITWICE_4643	45	Pulse	99	3542098	813	NA
S007_DAY1_MINITWICE_4643	45	Port Input	1	3542098	813	NA
S007_DAY1_MINITWICE_4643	45	Response	52	3575829	34544	1
S007_DAY1_MINITWICE_4643	45	Pulse	99	3578099	36814	NA
S007_DAY1_MINITWICE_4643	45	Port Input	1	3578099	36814	NA
S007_DAY1_MINITWICE_4643	45	Picture	44_T_PWTRIAD_PW_grifo_red.png	3584485	43200	1	1900	2	43200	1800
S007_DAY1_MINITWICE_4643	46	Picture	PW	3586585	0	1	43199	2	0	43200
S007_DAY1_MINITWICE_4643	46	Response	51	3606107	19522	1
S007_DAY1_MINITWICE_4643	46	Pulse	99	3614100	27515	NA
S007_DAY1_MINITWICE_4643	46	Port Input	1	3614100	27515	NA
S007_DAY1_MINITWICE_4643	46	Picture	45_T_PWTRIAD_PW_esquimal_red.png	3629784	43199	1	1900	2	43200	1800
S007_DAY1_MINITWICE_4643	47	Picture	PW	3631984	0	1	43100	2	0	43200
S007_DAY1_MINITWICE_4643	47	Pulse	99	3650101	18117	NA
S007_DAY1_MINITWICE_4643	47	Port Input	1	3650101	18117	NA
S007_DAY1_MINITWICE_4643	47	Response	51	3654867	22883	1
S007_DAY1_MINITWICE_4643	47	Picture	46_T_PWTRIAD_PW_bellota_red.png	3675084	43100	1	1900	2	43200	1800
S007_DAY1_MINITWICE_4643	48	Picture	PW	3677184	0	1	43200	2	0	43200
S007_DAY1_MINITWICE_4643	48	Pulse	99	3686102	8918	NA
S007_DAY1_MINITWICE_4643	48	Port Input	1	3686102	8918	NA
S007_DAY1_MINITWICE_4643	48	Response	51	3703551	26367	1
S007_DAY1_MINITWICE_4643	48	Picture	47_T_PWTRIAD_PW_anillo_red.png	3720384	43200	1	1900	2	43200	1800
S007_DAY1_MINITWICE_4643	48	Pulse	99	3722103	44919	NA
S007_DAY1_MINITWICE_4643	48	Port Input	1	3722103	44919	NA
S007_DAY1_MINITWICE_4643	49	Picture	PW	3722484	0	1	43200	2	0	43200
S007_DAY1_MINITWICE_4643	49	Pulse	99	3758105	35621	NA
S007_DAY1_MINITWICE_4643	49	Port Input	1	3758105	35621	NA
S007_DAY1_MINITWICE_4643	49	Response	52	3762265	39781	1
S007_DAY1_MINITWICE_4643	49	Picture	48_T_PWTRIAD_PW_arco_red.png	3765684	43200	1	1900	2	43200	1800
S007_DAY1_MINITWICE_4643	50	Picture	PW	3767784	0	1	43200	2	0	43200
S007_DAY1_MINITWICE_4643	50	Pulse	99	3794106	26322	NA
S007_DAY1_MINITWICE_4643	50	Port Input	1	3794106	26322	NA
S007_DAY1_MINITWICE_4643	50	Response	52	3807777	39993	1
S007_DAY1_MINITWICE_4643	50	Picture	49_T_PWTRIAD_PW_telarana_red.png	3810984	43200	1	1900	2	43200	1800
S007_DAY1_MINITWICE_4643	51	Picture	PW	3813084	0	1	43199	3	0	43200
S007_DAY1_MINITWICE_4643	51	Pulse	99	3830107	17023	NA
S007_DAY1_MINITWICE_4643	51	Port Input	1	3830107	17023	NA
S007_DAY1_MINITWICE_4643	51	Response	52	3847204	34120	1
S007_DAY1_MINITWICE_4643	51	Picture	50_T_PWTRIAD_PW_lechuga_red.png	3856283	43199	2	1900	4	43200	1800
S007_DAY1_MINITWICE_4643	52	Picture	rest	3858283	0	2	144100	3	0	144000
S007_DAY1_MINITWICE_4643	52	Pulse	99	3866108	7825	NA
S007_DAY1_MINITWICE_4643	52	Port Input	1	3866108	7825	NA
S007_DAY1_MINITWICE_4643	52	Pulse	99	3902109	43826	NA
S007_DAY1_MINITWICE_4643	52	Port Input	1	3902109	43826	NA
S007_DAY1_MINITWICE_4643	52	Pulse	99	3938110	79827	NA
S007_DAY1_MINITWICE_4643	52	Port Input	1	3938110	79827	NA
S007_DAY1_MINITWICE_4643	52	Pulse	99	3974111	115828	NA
S007_DAY1_MINITWICE_4643	52	Port Input	1	3974111	115828	NA
S007_DAY1_MINITWICE_4643	53	Picture	endrest	4002483	0	1	10100	2	0	10000
S007_DAY1_MINITWICE_4643	53	Pulse	99	4010112	7629	NA
S007_DAY1_MINITWICE_4643	53	Port Input	1	4010112	7629	NA
S007_DAY1_MINITWICE_4643	54	Picture	FF	4012783	0	1	43200	2	0	43200
S007_DAY1_MINITWICE_4643	54	Response	52	4035100	22317	1
S007_DAY1_MINITWICE_4643	54	Pulse	99	4046113	33330	NA
S007_DAY1_MINITWICE_4643	54	Port Input	1	4046113	33330	NA
S007_DAY1_MINITWICE_4643	54	Picture	53_T_FFTRIAD_FF_teclado_red.png	4055983	43200	1	1899	3	43200	1800
S007_DAY1_MINITWICE_4643	55	Picture	FF	4058083	0	1	43199	3	0	43200
S007_DAY1_MINITWICE_4643	55	Response	51	4075378	17295	1
S007_DAY1_MINITWICE_4643	55	Pulse	99	4082114	24031	NA
S007_DAY1_MINITWICE_4643	55	Port Input	1	4082114	24031	NA
S007_DAY1_MINITWICE_4643	55	Picture	54_T_FFTRIAD_FF_llave_red.png	4101282	43199	2	1900	4	43200	1800
S007_DAY1_MINITWICE_4643	56	Picture	FF	4103382	0	2	43200	3	0	43200
S007_DAY1_MINITWICE_4643	56	Response	51	4115790	12408	1
S007_DAY1_MINITWICE_4643	56	Pulse	99	4118115	14733	NA
S007_DAY1_MINITWICE_4643	56	Port Input	1	4118115	14733	NA
S007_DAY1_MINITWICE_4643	56	Picture	55_T_FFTRIAD_FF_zanahoria_red.png	4146582	43200	1	1900	2	43200	1800
S007_DAY1_MINITWICE_4643	57	Picture	FF	4148682	0	1	43200	2	0	43200
S007_DAY1_MINITWICE_4643	57	Pulse	99	4154116	5434	NA
S007_DAY1_MINITWICE_4643	57	Port Input	1	4154116	5434	NA
S007_DAY1_MINITWICE_4643	57	Response	51	4159426	10744	1
S007_DAY1_MINITWICE_4643	57	Pulse	99	4190117	41435	NA
S007_DAY1_MINITWICE_4643	57	Port Input	1	4190117	41435	NA
S007_DAY1_MINITWICE_4643	57	Picture	56_T_FFTRIAD_FF_ancla_red.png	4191882	43200	1	1900	2	43200	1800
S007_DAY1_MINITWICE_4643	58	Picture	RW	4193982	0	1	43200	2	0	43200
S007_DAY1_MINITWICE_4643	58	Response	51	4211418	17436	1
S007_DAY1_MINITWICE_4643	58	Pulse	99	4226119	32137	NA
S007_DAY1_MINITWICE_4643	58	Port Input	1	4226119	32137	NA
S007_DAY1_MINITWICE_4643	58	Picture	57_T_RWTRIAD_RW_almohada_red.png	4237182	43200	1	1900	2	43200	1800
S007_DAY1_MINITWICE_4643	59	Picture	RW	4239282	0	1	43200	2	0	43200
S007_DAY1_MINITWICE_4643	59	Response	52	4252269	12987	1
S007_DAY1_MINITWICE_4643	59	Pulse	99	4262120	22838	NA
S007_DAY1_MINITWICE_4643	59	Port Input	1	4262120	22838	NA
S007_DAY1_MINITWICE_4643	59	Picture	58_T_RWTRIAD_RW_futbol_red.png	4282482	43200	1	1900	2	43200	1800
S007_DAY1_MINITWICE_4643	60	Picture	RW	4284582	0	1	43200	2	0	43200
S007_DAY1_MINITWICE_4643	60	Pulse	99	4298121	13539	NA
S007_DAY1_MINITWICE_4643	60	Port Input	1	4298121	13539	NA
S007_DAY1_MINITWICE_4643	60	Response	51	4299973	15391	1
S007_DAY1_MINITWICE_4643	60	Picture	59_T_RWTRIAD_RW_dedal_red.png	4327782	43200	1	1899	3	43200	1800
S007_DAY1_MINITWICE_4643	61	Picture	RW	4329881	0	2	43200	3	0	43200
S007_DAY1_MINITWICE_4643	61	Pulse	99	4334122	4241	NA
S007_DAY1_MINITWICE_4643	61	Port Input	1	4334122	4241	NA
S007_DAY1_MINITWICE_4643	61	Response	52	4341237	11356	1
S007_DAY1_MINITWICE_4643	61	Pulse	99	4370123	40242	NA
S007_DAY1_MINITWICE_4643	61	Port Input	1	4370123	40242	NA
S007_DAY1_MINITWICE_4643	61	Picture	60_T_RWTRIAD_RW_huevos_red.png	4373081	43200	1	1900	2	43200	1800
S007_DAY1_MINITWICE_4643	62	Picture	rest	4375081	0	1	144100	2	0	144000
S007_DAY1_MINITWICE_4643	62	Pulse	99	4406124	31043	NA
S007_DAY1_MINITWICE_4643	62	Port Input	1	4406124	31043	NA
S007_DAY1_MINITWICE_4643	62	Pulse	99	4442125	67044	NA
S007_DAY1_MINITWICE_4643	62	Port Input	1	4442125	67044	NA
S007_DAY1_MINITWICE_4643	62	Pulse	99	4478126	103045	NA
S007_DAY1_MINITWICE_4643	62	Port Input	1	4478126	103045	NA
S007_DAY1_MINITWICE_4643	62	Pulse	99	4514127	139046	NA
S007_DAY1_MINITWICE_4643	62	Port Input	1	4514127	139046	NA
S007_DAY1_MINITWICE_4643	63	Picture	endrest	4519281	0	1	10100	2	0	10000
S007_DAY1_MINITWICE_4643	64	Picture	FF	4529581	0	1	43200	2	0	43200
S007_DAY1_MINITWICE_4643	64	Response	51	4542730	13149	1
S007_DAY1_MINITWICE_4643	64	Pulse	99	4550128	20547	NA
S007_DAY1_MINITWICE_4643	64	Port Input	1	4550128	20547	NA
S007_DAY1_MINITWICE_4643	64	Picture	63_T_FFTRIAD_FF_novia_red.png	4572781	43200	1	1900	2	43200	1800
S007_DAY1_MINITWICE_4643	65	Picture	FF	4574881	0	1	43199	2	0	43200
S007_DAY1_MINITWICE_4643	65	Pulse	99	4586129	11248	NA
S007_DAY1_MINITWICE_4643	65	Port Input	1	4586129	11248	NA
S007_DAY1_MINITWICE_4643	65	Response	52	4591088	16207	1
S007_DAY1_MINITWICE_4643	65	Picture	64_T_FFTRIAD_FF_ascensor_red.png	4618080	43199	1	1900	2	43200	1800
S007_DAY1_MINITWICE_4643	66	Picture	FF	4620180	0	1	43200	2	0	43200
S007_DAY1_MINITWICE_4643	66	Pulse	99	4622130	1950	NA
S007_DAY1_MINITWICE_4643	66	Port Input	1	4622130	1950	NA
S007_DAY1_MINITWICE_4643	66	Response	52	4635516	15336	1
S007_DAY1_MINITWICE_4643	66	Pulse	99	4658131	37951	NA
S007_DAY1_MINITWICE_4643	66	Port Input	1	4658131	37951	NA
S007_DAY1_MINITWICE_4643	66	Picture	65_T_FFTRIAD_FF_queso_red.png	4663380	43200	1	1900	2	43200	1800
S007_DAY1_MINITWICE_4643	67	Picture	FF	4665480	0	1	43200	2	0	43200
S007_DAY1_MINITWICE_4643	67	Response	51	4681949	16469	1
S007_DAY1_MINITWICE_4643	67	Pulse	99	4694132	28652	NA
S007_DAY1_MINITWICE_4643	67	Port Input	1	4694132	28652	NA
S007_DAY1_MINITWICE_4643	67	Picture	66_T_FFTRIAD_FF_carruaje_red.png	4708680	43200	1	1900	2	43200	1800
S007_DAY1_MINITWICE_4643	68	Picture	RW	4710780	0	1	43200	2	0	43200
S007_DAY1_MINITWICE_4643	68	Response	51	4725400	14620	1
S007_DAY1_MINITWICE_4643	68	Pulse	99	4730134	19354	NA
S007_DAY1_MINITWICE_4643	68	Port Input	1	4730134	19354	NA
S007_DAY1_MINITWICE_4643	68	Picture	67_T_RWTRIAD_RW_telarana_red.png	4753980	43200	1	1900	2	43200	1800
S007_DAY1_MINITWICE_4643	69	Picture	RW	4756080	0	1	43200	2	0	43200
S007_DAY1_MINITWICE_4643	69	Pulse	99	4766135	10055	NA
S007_DAY1_MINITWICE_4643	69	Port Input	1	4766135	10055	NA
S007_DAY1_MINITWICE_4643	69	Response	51	4768601	12521	1
S007_DAY1_MINITWICE_4643	69	Picture	68_T_RWTRIAD_RW_zanahoria_red.png	4799280	43200	1	1900	2	43200	1800
S007_DAY1_MINITWICE_4643	70	Picture	RW	4801380	0	1	43199	3	0	43200
S007_DAY1_MINITWICE_4643	70	Pulse	99	4802136	756	NA
S007_DAY1_MINITWICE_4643	70	Port Input	1	4802136	756	NA
S007_DAY1_MINITWICE_4643	70	Response	52	4814122	12742	1
S007_DAY1_MINITWICE_4643	70	Pulse	99	4838137	36757	NA
S007_DAY1_MINITWICE_4643	70	Port Input	1	4838137	36757	NA
S007_DAY1_MINITWICE_4643	70	Picture	69_T_RWTRIAD_RW_lenador_red.png	4844579	43199	2	1900	4	43200	1800
S007_DAY1_MINITWICE_4643	71	Picture	RW	4846679	0	2	43200	3	0	43200
S007_DAY1_MINITWICE_4643	71	Response	52	4859324	12645	1
S007_DAY1_MINITWICE_4643	71	Pulse	99	4874138	27459	NA
S007_DAY1_MINITWICE_4643	71	Port Input	1	4874138	27459	NA
S007_DAY1_MINITWICE_4643	71	Picture	70_T_RWTRIAD_RW_arco_red.png	4889879	43200	1	1900	2	43200	1800
S007_DAY1_MINITWICE_4643	72	Picture	rest	4891879	0	1	144100	2	0	144000
S007_DAY1_MINITWICE_4643	72	Pulse	99	4910139	18260	NA
S007_DAY1_MINITWICE_4643	72	Port Input	1	4910139	18260	NA
S007_DAY1_MINITWICE_4643	72	Pulse	99	4946140	54261	NA
S007_DAY1_MINITWICE_4643	72	Port Input	1	4946140	54261	NA
S007_DAY1_MINITWICE_4643	72	Pulse	99	4982141	90262	NA
S007_DAY1_MINITWICE_4643	72	Port Input	1	4982141	90262	NA
S007_DAY1_MINITWICE_4643	72	Pulse	99	5018142	126263	NA
S007_DAY1_MINITWICE_4643	72	Port Input	1	5018142	126263	NA
S007_DAY1_MINITWICE_4643	73	Picture	endrest	5036079	0	1	10099	3	0	10000
S007_DAY1_MINITWICE_4643	74	Picture	PW	5046379	0	1	43199	3	0	43200
S007_DAY1_MINITWICE_4643	74	Pulse	99	5054143	7764	NA
S007_DAY1_MINITWICE_4643	74	Port Input	1	5054143	7764	NA
S007_DAY1_MINITWICE_4643	74	Response	52	5078275	31896	1
S007_DAY1_MINITWICE_4643	74	Picture	73_T_PWTRIAD_PW_iglu_red.png	5089578	43199	2	1900	4	43200	1800
S007_DAY1_MINITWICE_4643	74	Pulse	99	5090144	43765	NA
S007_DAY1_MINITWICE_4643	74	Port Input	1	5090144	43765	NA
S007_DAY1_MINITWICE_4643	75	Picture	PW	5091678	0	1	43200	2	0	43200
S007_DAY1_MINITWICE_4643	75	Response	51	5115298	23620	1
S007_DAY1_MINITWICE_4643	75	Pulse	99	5126145	34467	NA
S007_DAY1_MINITWICE_4643	75	Port Input	1	5126145	34467	NA
S007_DAY1_MINITWICE_4643	75	Picture	74_T_PWTRIAD_PW_oruga_red.png	5134878	43200	1	1900	2	43200	1800
S007_DAY1_MINITWICE_4643	76	Picture	PW	5136978	0	1	43200	2	0	43200
S007_DAY1_MINITWICE_4643	76	Response	51	5155381	18403	2
S007_DAY1_MINITWICE_4643	76	Pulse	99	5162146	25168	NA
S007_DAY1_MINITWICE_4643	76	Port Input	1	5162146	25168	NA
S007_DAY1_MINITWICE_4643	76	Picture	75_T_PWTRIAD_PW_sapo_red.png	5180178	43200	1	1900	2	43200	1800
S007_DAY1_MINITWICE_4643	77	Picture	PW	5182278	0	1	43200	2	0	43200
S007_DAY1_MINITWICE_4643	77	Pulse	99	5198147	15869	NA
S007_DAY1_MINITWICE_4643	77	Port Input	1	5198147	15869	NA
S007_DAY1_MINITWICE_4643	77	Response	52	5211251	28973	1
S007_DAY1_MINITWICE_4643	77	Picture	76_T_PWTRIAD_PW_perro_red.png	5225478	43200	1	1900	2	43200	1800
S007_DAY1_MINITWICE_4643	78	Picture	RW	5227578	0	1	43200	2	0	43200
S007_DAY1_MINITWICE_4643	78	Pulse	99	5234149	6571	NA
S007_DAY1_MINITWICE_4643	78	Port Input	1	5234149	6571	NA
S007_DAY1_MINITWICE_4643	78	Response	51	5254350	26772	1
S007_DAY1_MINITWICE_4643	78	Pulse	99	5270150	42572	NA
S007_DAY1_MINITWICE_4643	78	Port Input	1	5270150	42572	NA
S007_DAY1_MINITWICE_4643	78	Picture	77_T_RWTRIAD_RW_ancla_red.png	5270778	43200	1	1900	2	43200	1800
S007_DAY1_MINITWICE_4643	79	Picture	RW	5272878	0	1	43199	3	0	43200
S007_DAY1_MINITWICE_4643	79	Response	52	5286880	14002	1
S007_DAY1_MINITWICE_4643	79	Pulse	99	5306151	33273	NA
S007_DAY1_MINITWICE_4643	79	Port Input	1	5306151	33273	NA
S007_DAY1_MINITWICE_4643	79	Picture	78_T_RWTRIAD_RW_monja_red.png	5316077	43199	2	1900	4	43200	1800
S007_DAY1_MINITWICE_4643	80	Picture	RW	5318177	0	2	43200	3	0	43200
S007_DAY1_MINITWICE_4643	80	Response	52	5339479	21302	1
S007_DAY1_MINITWICE_4643	80	Pulse	99	5342152	23975	NA
S007_DAY1_MINITWICE_4643	80	Port Input	1	5342152	23975	NA
S007_DAY1_MINITWICE_4643	80	Picture	79_T_RWTRIAD_RW_grapadora_red.png	5361377	43200	1	1900	2	43200	1800
S007_DAY1_MINITWICE_4643	81	Picture	RW	5363477	0	1	43200	2	0	43200
S007_DAY1_MINITWICE_4643	81	Response	51	5377159	13682	2
S007_DAY1_MINITWICE_4643	81	Pulse	99	5378153	14676	NA
S007_DAY1_MINITWICE_4643	81	Port Input	1	5378153	14676	NA
S007_DAY1_MINITWICE_4643	81	Picture	80_T_RWTRIAD_RW_violin_red.png	5406677	43200	1	1900	2	43200	1800
S007_DAY1_MINITWICE_4643	82	Picture	rest	5408677	0	1	144099	3	0	144000
S007_DAY1_MINITWICE_4643	82	Pulse	99	5414154	5477	NA
S007_DAY1_MINITWICE_4643	82	Port Input	1	5414154	5477	NA
S007_DAY1_MINITWICE_4643	82	Pulse	99	5450155	41478	NA
S007_DAY1_MINITWICE_4643	82	Port Input	1	5450155	41478	NA
S007_DAY1_MINITWICE_4643	82	Pulse	99	5486156	77479	NA
S007_DAY1_MINITWICE_4643	82	Port Input	1	5486156	77479	NA
S007_DAY1_MINITWICE_4643	82	Pulse	99	5522157	113480	NA
S007_DAY1_MINITWICE_4643	82	Port Input	1	5522157	113480	NA
S007_DAY1_MINITWICE_4643	83	Picture	endrest	5552876	0	2	10100	4	0	10000
S007_DAY1_MINITWICE_4643	83	Pulse	99	5558158	5282	NA
S007_DAY1_MINITWICE_4643	83	Port Input	1	5558158	5282	NA
S007_DAY1_MINITWICE_4643	84	Picture	PW	5563176	0	2	43200	3	0	43200
S007_DAY1_MINITWICE_4643	84	Response	51	5583043	19867	1
S007_DAY1_MINITWICE_4643	84	Pulse	99	5594159	30983	NA
S007_DAY1_MINITWICE_4643	84	Port Input	1	5594159	30983	NA
S007_DAY1_MINITWICE_4643	84	Picture	83_T_PWTRIAD_PW_sombrilla_red.png	5606376	43200	1	1900	2	43200	1800
S007_DAY1_MINITWICE_4643	85	Picture	PW	5608476	0	1	43200	2	0	43200
S007_DAY1_MINITWICE_4643	85	Pulse	99	5630160	21684	NA
S007_DAY1_MINITWICE_4643	85	Port Input	1	5630160	21684	NA
S007_DAY1_MINITWICE_4643	85	Response	51	5639128	30652	1
S007_DAY1_MINITWICE_4643	85	Picture	84_T_PWTRIAD_PW_monja_red.png	5651676	43200	1	1900	2	43200	1800
S007_DAY1_MINITWICE_4643	86	Picture	PW	5653776	0	1	43200	2	0	43200
S007_DAY1_MINITWICE_4643	86	Pulse	99	5666162	12386	NA
S007_DAY1_MINITWICE_4643	86	Port Input	1	5666162	12386	NA
S007_DAY1_MINITWICE_4643	86	Response	51	5669916	16140	1
S007_DAY1_MINITWICE_4643	86	Picture	85_T_PWTRIAD_PW_zanahoria_red.png	5696976	43200	1	1900	2	43200	1800
S007_DAY1_MINITWICE_4643	87	Picture	PW	5699076	0	1	43200	2	0	43200
S007_DAY1_MINITWICE_4643	87	Pulse	99	5702163	3087	NA
S007_DAY1_MINITWICE_4643	87	Port Input	1	5702163	3087	NA
S007_DAY1_MINITWICE_4643	87	Response	52	5719315	20239	2
S007_DAY1_MINITWICE_4643	87	Pulse	99	5738164	39088	NA
S007_DAY1_MINITWICE_4643	87	Port Input	1	5738164	39088	NA
S007_DAY1_MINITWICE_4643	87	Picture	86_T_PWTRIAD_PW_botella_red.png	5742276	43200	1	1900	2	43200	1800
S007_DAY1_MINITWICE_4643	88	Picture	FF	5744376	0	1	43199	3	0	43200
S007_DAY1_MINITWICE_4643	88	Response	52	5756769	12393	1
S007_DAY1_MINITWICE_4643	88	Pulse	99	5774165	29789	NA
S007_DAY1_MINITWICE_4643	88	Port Input	1	5774165	29789	NA
S007_DAY1_MINITWICE_4643	88	Picture	87_T_FFTRIAD_FF_bebe_red.png	5787575	43199	2	1900	4	43200	1800
S007_DAY1_MINITWICE_4643	89	Picture	FF	5789676	0	1	43199	2	0	43200
S007_DAY1_MINITWICE_4643	89	Response	51	5806762	17086	1
S007_DAY1_MINITWICE_4643	89	Pulse	99	5810166	20490	NA
S007_DAY1_MINITWICE_4643	89	Port Input	1	5810166	20490	NA
S007_DAY1_MINITWICE_4643	89	Picture	88_T_FFTRIAD_FF_bellota_red.png	5832875	43199	1	1900	2	43200	1800
S007_DAY1_MINITWICE_4643	90	Picture	FF	5834975	0	1	43200	2	0	43200
S007_DAY1_MINITWICE_4643	90	Pulse	99	5846167	11192	NA
S007_DAY1_MINITWICE_4643	90	Port Input	1	5846167	11192	NA
S007_DAY1_MINITWICE_4643	90	Picture	89_T_FFTRIAD_FF_piramide_red.png	5878175	43200	1	1900	2	43200	1800
S007_DAY1_MINITWICE_4643	91	Picture	FF	5880275	0	1	43200	2	0	43200
S007_DAY1_MINITWICE_4643	91	Pulse	99	5882168	1893	NA
S007_DAY1_MINITWICE_4643	91	Port Input	1	5882168	1893	NA
S007_DAY1_MINITWICE_4643	91	Response	52	5898501	18226	1
S007_DAY1_MINITWICE_4643	91	Pulse	99	5918169	37894	NA
S007_DAY1_MINITWICE_4643	91	Port Input	1	5918169	37894	NA
S007_DAY1_MINITWICE_4643	91	Picture	90_T_FFTRIAD_FF_chupete_red.png	5923475	43200	1	1900	2	43200	1800
S007_DAY1_MINITWICE_4643	92	Picture	rest	5925475	0	1	144099	2	0	144000
S007_DAY1_MINITWICE_4643	92	Pulse	99	5954170	28695	NA
S007_DAY1_MINITWICE_4643	92	Port Input	1	5954170	28695	NA
S007_DAY1_MINITWICE_4643	92	Pulse	99	5990171	64696	NA
S007_DAY1_MINITWICE_4643	92	Port Input	1	5990171	64696	NA
S007_DAY1_MINITWICE_4643	92	Pulse	99	6026172	100697	NA
S007_DAY1_MINITWICE_4643	92	Port Input	1	6026172	100697	NA
S007_DAY1_MINITWICE_4643	92	Pulse	99	6062173	136698	NA
S007_DAY1_MINITWICE_4643	92	Port Input	1	6062173	136698	NA
S007_DAY1_MINITWICE_4643	93	Picture	endrest	6069674	0	1	10100	2	0	10000
S007_DAY1_MINITWICE_4643	94	Picture	RW	6079974	0	1	43200	2	0	43200
S007_DAY1_MINITWICE_4643	94	Response	52	6092970	12996	1
S007_DAY1_MINITWICE_4643	94	Pulse	99	6098174	18200	NA
S007_DAY1_MINITWICE_4643	94	Port Input	1	6098174	18200	NA
S007_DAY1_MINITWICE_4643	94	Picture	93_T_RWTRIAD_RW_cinturon_red.png	6123174	43200	1	1900	2	43200	1800
S007_DAY1_MINITWICE_4643	95	Picture	RW	6125274	0	1	43200	2	0	43200
S007_DAY1_MINITWICE_4643	95	Pulse	99	6134175	8901	NA
S007_DAY1_MINITWICE_4643	95	Port Input	1	6134175	8901	NA
S007_DAY1_MINITWICE_4643	95	Response	52	6139040	13766	1
S007_DAY1_MINITWICE_4643	95	Picture	94_T_RWTRIAD_RW_cuento_red.png	6168474	43200	1	1900	2	43200	1800
S007_DAY1_MINITWICE_4643	95	Pulse	99	6170176	44902	NA
S007_DAY1_MINITWICE_4643	95	Port Input	1	6170176	44902	NA
S007_DAY1_MINITWICE_4643	96	Picture	RW	6170574	0	1	43200	2	0	43200
S007_DAY1_MINITWICE_4643	96	Response	52	6186895	16321	1
S007_DAY1_MINITWICE_4643	96	Pulse	99	6206178	35604	NA
S007_DAY1_MINITWICE_4643	96	Port Input	1	6206178	35604	NA
S007_DAY1_MINITWICE_4643	96	Picture	95_T_RWTRIAD_RW_tijera_red.png	6213774	43200	1	1900	2	43200	1800
S007_DAY1_MINITWICE_4643	97	Picture	RW	6215874	0	1	43200	2	0	43200
S007_DAY1_MINITWICE_4643	97	Response	51	6238589	22715	1
S007_DAY1_MINITWICE_4643	97	Pulse	99	6242179	26305	NA
S007_DAY1_MINITWICE_4643	97	Port Input	1	6242179	26305	NA
S007_DAY1_MINITWICE_4643	97	Picture	96_T_RWTRIAD_RW_pilas_red.png	6259074	43200	1	1900	2	43200	1800
S007_DAY1_MINITWICE_4643	98	Picture	RW	6261174	0	1	43199	2	0	43200
S007_DAY1_MINITWICE_4643	98	Pulse	99	6278180	17006	NA
S007_DAY1_MINITWICE_4643	98	Port Input	1	6278180	17006	NA
S007_DAY1_MINITWICE_4643	98	Response	51	6286601	25427	1
S007_DAY1_MINITWICE_4643	98	Picture	97_T_RWTRIAD_RW_ascensor_red.png	6304373	43199	1	1900	3	43200	1800
S007_DAY1_MINITWICE_4643	99	Picture	RW	6306473	0	1	43200	2	0	43200
S007_DAY1_MINITWICE_4643	99	Pulse	99	6314181	7708	NA
S007_DAY1_MINITWICE_4643	99	Port Input	1	6314181	7708	NA
S007_DAY1_MINITWICE_4643	99	Response	51	6344025	37552	1
S007_DAY1_MINITWICE_4643	99	Picture	98_T_RWTRIAD_RW_piramide_red.png	6349673	43200	1	1900	2	43200	1800
S007_DAY1_MINITWICE_4643	99	Pulse	99	6350182	43709	NA
S007_DAY1_MINITWICE_4643	99	Port Input	1	6350182	43709	NA
S007_DAY1_MINITWICE_4643	100	Picture	RW	6351773	0	1	43200	2	0	43200
S007_DAY1_MINITWICE_4643	100	Response	52	6364908	13135	1
S007_DAY1_MINITWICE_4643	100	Pulse	99	6386183	34410	NA
S007_DAY1_MINITWICE_4643	100	Port Input	1	6386183	34410	NA
S007_DAY1_MINITWICE_4643	100	Picture	99_T_RWTRIAD_RW_gafas_red.png	6394973	43200	1	1900	2	43200	1800
S007_DAY1_MINITWICE_4643	101	Picture	RW	6397073	0	1	43200	2	0	43200
S007_DAY1_MINITWICE_4643	101	Response	51	6411423	14350	1
S007_DAY1_MINITWICE_4643	101	Pulse	99	6422184	25111	NA
S007_DAY1_MINITWICE_4643	101	Port Input	1	6422184	25111	NA
S007_DAY1_MINITWICE_4643	101	Picture	100_T_RWTRIAD_RW_iglu_red.png	6440273	43200	1	1900	2	43200	1800
S007_DAY1_MINITWICE_4643	102	Picture	rest	6442273	0	1	144099	2	0	144000
S007_DAY1_MINITWICE_4643	102	Pulse	99	6458185	15912	NA
S007_DAY1_MINITWICE_4643	102	Port Input	1	6458185	15912	NA
S007_DAY1_MINITWICE_4643	102	Pulse	99	6494186	51913	NA
S007_DAY1_MINITWICE_4643	102	Port Input	1	6494186	51913	NA
S007_DAY1_MINITWICE_4643	102	Pulse	99	6530187	87914	NA
S007_DAY1_MINITWICE_4643	102	Port Input	1	6530187	87914	NA
S007_DAY1_MINITWICE_4643	102	Pulse	99	6566188	123915	NA
S007_DAY1_MINITWICE_4643	102	Port Input	1	6566188	123915	NA
S007_DAY1_MINITWICE_4643	103	Picture	endrest	6586472	0	1	10100	2	0	10000
S007_DAY1_MINITWICE_4643	104	Picture	FF	6596772	0	1	43200	2	0	43200
S007_DAY1_MINITWICE_4643	104	Pulse	99	6602189	5417	NA
S007_DAY1_MINITWICE_4643	104	Port Input	1	6602189	5417	NA
S007_DAY1_MINITWICE_4643	104	Response	52	6612262	15490	1
S007_DAY1_MINITWICE_4643	104	Pulse	99	6638190	41418	NA
S007_DAY1_MINITWICE_4643	104	Port Input	1	6638190	41418	NA
S007_DAY1_MINITWICE_4643	104	Picture	103_T_FFTRIAD_FF_plato_red.png	6639972	43200	1	1900	2	43200	1800
S007_DAY1_MINITWICE_4643	105	Picture	FF	6642072	0	1	43200	2	0	43200
S007_DAY1_MINITWICE_4643	105	Response	52	6658544	16472	1
S007_DAY1_MINITWICE_4643	105	Pulse	99	6674192	32120	NA
S007_DAY1_MINITWICE_4643	105	Port Input	1	6674192	32120	NA
S007_DAY1_MINITWICE_4643	105	Picture	104_T_FFTRIAD_FF_banera_red.png	6685272	43200	1	1900	2	43200	1800
S007_DAY1_MINITWICE_4643	106	Picture	FF	6687372	0	1	43200	2	0	43200
S007_DAY1_MINITWICE_4643	106	Response	51	6698340	10968	1
S007_DAY1_MINITWICE_4643	106	Pulse	99	6710193	22821	NA
S007_DAY1_MINITWICE_4643	106	Port Input	1	6710193	22821	NA
S007_DAY1_MINITWICE_4643	106	Picture	105_T_FFTRIAD_FF_agua_red.png	6730572	43200	1	1900	2	43200	1800
S007_DAY1_MINITWICE_4643	107	Picture	FF	6732672	0	1	43194	42	0	43200
S007_DAY1_MINITWICE_4643	107	Pulse	99	6746194	13522	NA
S007_DAY1_MINITWICE_4643	107	Port Input	1	6746194	13522	NA
S007_DAY1_MINITWICE_4643	107	Response	51	6750234	17562	2
S007_DAY1_MINITWICE_4643	107	Picture	106_T_FFTRIAD_FF_pluma_red.png	6775866	43194	41	1805	43	43200	1800
S007_DAY1_MINITWICE_4643	108	Picture	FF	6777871	0	2	43200	3	0	43200
S007_DAY1_MINITWICE_4643	108	Pulse	99	6782195	4324	NA
S007_DAY1_MINITWICE_4643	108	Port Input	1	6782195	4324	NA
S007_DAY1_MINITWICE_4643	108	Response	52	6805501	27630	1
S007_DAY1_MINITWICE_4643	108	Pulse	99	6818196	40325	NA
S007_DAY1_MINITWICE_4643	108	Port Input	1	6818196	40325	NA
S007_DAY1_MINITWICE_4643	108	Picture	107_T_FFTRIAD_FF_cortina_red.png	6821071	43200	1	1900	2	43200	1800
S007_DAY1_MINITWICE_4643	109	Picture	FF	6823171	0	1	43200	2	0	43200
S007_DAY1_MINITWICE_4643	109	Response	51	6836996	13825	1
S007_DAY1_MINITWICE_4643	109	Pulse	99	6854197	31026	NA
S007_DAY1_MINITWICE_4643	109	Port Input	1	6854197	31026	NA
S007_DAY1_MINITWICE_4643	109	Picture	108_T_FFTRIAD_FF_grapadora_red.png	6866371	43200	1	1900	2	43200	1800
S007_DAY1_MINITWICE_4643	110	Picture	FF	6868471	0	1	43200	2	0	43200
S007_DAY1_MINITWICE_4643	110	Response	52	6881776	13305	1
S007_DAY1_MINITWICE_4643	110	Pulse	99	6890198	21727	NA
S007_DAY1_MINITWICE_4643	110	Port Input	1	6890198	21727	NA
S007_DAY1_MINITWICE_4643	110	Picture	109_T_FFTRIAD_FF_telefono_red.png	6911671	43200	1	1900	2	43200	1800
S007_DAY1_MINITWICE_4643	111	Picture	FF	6913771	0	1	43200	2	0	43200
S007_DAY1_MINITWICE_4643	111	Pulse	99	6926199	12428	NA
S007_DAY1_MINITWICE_4643	111	Port Input	1	6926199	12428	NA
S007_DAY1_MINITWICE_4643	111	Response	51	6928334	14563	1
S007_DAY1_MINITWICE_4643	111	Picture	110_T_FFTRIAD_FF_cuento_red.png	6956971	43200	1	1900	2	43200	1800
S007_DAY1_MINITWICE_4643	112	Picture	rest	6958971	0	1	144099	2	0	144000
S007_DAY1_MINITWICE_4643	112	Pulse	99	6962200	3229	NA
S007_DAY1_MINITWICE_4643	112	Port Input	1	6962200	3229	NA
S007_DAY1_MINITWICE_4643	112	Pulse	99	6998201	39230	NA
S007_DAY1_MINITWICE_4643	112	Port Input	1	6998201	39230	NA
S007_DAY1_MINITWICE_4643	112	Pulse	99	7034202	75231	NA
S007_DAY1_MINITWICE_4643	112	Port Input	1	7034202	75231	NA
S007_DAY1_MINITWICE_4643	112	Pulse	99	7070203	111232	NA
S007_DAY1_MINITWICE_4643	112	Port Input	1	7070203	111232	NA
S007_DAY1_MINITWICE_4643	113	Picture	endrest	7103170	0	1	10100	2	0	10000
S007_DAY1_MINITWICE_4643	113	Pulse	99	7106204	3034	NA
S007_DAY1_MINITWICE_4643	113	Port Input	1	7106204	3034	NA
S007_DAY1_MINITWICE_4643	114	Picture	PW	7113470	0	1	43200	2	0	43200
S007_DAY1_MINITWICE_4643	114	Response	52	7138522	25052	1
S007_DAY1_MINITWICE_4643	114	Pulse	99	7142206	28736	NA
S007_DAY1_MINITWICE_4643	114	Port Input	1	7142206	28736	NA
S007_DAY1_MINITWICE_4643	114	Picture	113_T_PWTRIAD_PW_dedal_red.png	7156670	43200	1	1900	2	43200	1800
S007_DAY1_MINITWICE_4643	115	Picture	PW	7158770	0	1	43200	2	0	43200
S007_DAY1_MINITWICE_4643	115	Pulse	99	7178207	19437	NA
S007_DAY1_MINITWICE_4643	115	Port Input	1	7178207	19437	NA
S007_DAY1_MINITWICE_4643	115	Response	52	7180445	21675	1
S007_DAY1_MINITWICE_4643	115	Picture	114_T_PWTRIAD_PW_cerillas_red.png	7201970	43200	1	1900	2	43200	1800
S007_DAY1_MINITWICE_4643	116	Picture	PW	7204070	0	1	43199	3	0	43200
S007_DAY1_MINITWICE_4643	116	Pulse	99	7214208	10138	NA
S007_DAY1_MINITWICE_4643	116	Port Input	1	7214208	10138	NA
S007_DAY1_MINITWICE_4643	116	Response	52	7217748	13678	1
S007_DAY1_MINITWICE_4643	116	Picture	115_T_PWTRIAD_PW_leche_red.png	7247269	43199	2	1900	4	43200	1800
S007_DAY1_MINITWICE_4643	117	Picture	PW	7249369	0	2	43200	3	0	43200
S007_DAY1_MINITWICE_4643	117	Pulse	99	7250209	840	NA
S007_DAY1_MINITWICE_4643	117	Port Input	1	7250209	840	NA
S007_DAY1_MINITWICE_4643	117	Pulse	99	7286210	36841	NA
S007_DAY1_MINITWICE_4643	117	Port Input	1	7286210	36841	NA
S007_DAY1_MINITWICE_4643	117	Picture	116_T_PWTRIAD_PW_murcielago_red.png	7292569	43200	1	1900	3	43200	1800
S007_DAY1_MINITWICE_4643	118	Picture	FF	7294669	0	2	43200	3	0	43200
S007_DAY1_MINITWICE_4643	118	Response	52	7296364	1695	1
S007_DAY1_MINITWICE_4643	118	Response	51	7309782	15113	1
S007_DAY1_MINITWICE_4643	118	Pulse	99	7322211	27542	NA
S007_DAY1_MINITWICE_4643	118	Port Input	1	7322211	27542	NA
S007_DAY1_MINITWICE_4643	118	Picture	117_T_FFTRIAD_FF_candado_red.png	7337869	43200	1	1900	2	43200	1800
S007_DAY1_MINITWICE_4643	119	Picture	FF	7339969	0	1	43200	2	0	43200
S007_DAY1_MINITWICE_4643	119	Response	52	7350068	10099	1
S007_DAY1_MINITWICE_4643	119	Pulse	99	7358212	18243	NA
S007_DAY1_MINITWICE_4643	119	Port Input	1	7358212	18243	NA
S007_DAY1_MINITWICE_4643	119	Picture	118_T_FFTRIAD_FF_bala_red.png	7383169	43200	1	1900	2	43200	1800
S007_DAY1_MINITWICE_4643	120	Picture	FF	7385269	0	1	43200	2	0	43200
S007_DAY1_MINITWICE_4643	120	Pulse	99	7394213	8944	NA
S007_DAY1_MINITWICE_4643	120	Port Input	1	7394213	8944	NA
S007_DAY1_MINITWICE_4643	120	Response	51	7403240	17971	1
S007_DAY1_MINITWICE_4643	120	Picture	119_T_FFTRIAD_FF_perro_red.png	7428469	43200	1	1899	3	43200	1800
S007_DAY1_MINITWICE_4643	120	Pulse	99	7430214	44945	NA
S007_DAY1_MINITWICE_4643	120	Port Input	1	7430214	44945	NA
S007_DAY1_MINITWICE_4643	121	Picture	FF	7430568	0	2	43200	4	0	43200
S007_DAY1_MINITWICE_4643	121	Response	52	7446646	16078	1
S007_DAY1_MINITWICE_4643	121	Pulse	99	7466215	35647	NA
S007_DAY1_MINITWICE_4643	121	Port Input	1	7466215	35647	NA
S007_DAY1_MINITWICE_4643	121	Picture	120_T_FFTRIAD_FF_telarana_red.png	7473768	43200	2	1901	3	43200	1800
S007_DAY1_MINITWICE_4643	122	Picture	rest	7475769	0	1	144099	2	0	144000
S007_DAY1_MINITWICE_4643	122	Pulse	99	7502216	26447	NA
S007_DAY1_MINITWICE_4643	122	Port Input	1	7502216	26447	NA
S007_DAY1_MINITWICE_4643	122	Pulse	99	7538217	62448	NA
S007_DAY1_MINITWICE_4643	122	Port Input	1	7538217	62448	NA
S007_DAY1_MINITWICE_4643	122	Pulse	99	7574218	98449	NA
S007_DAY1_MINITWICE_4643	122	Port Input	1	7574218	98449	NA
S007_DAY1_MINITWICE_4643	122	Pulse	99	7610219	134450	NA
S007_DAY1_MINITWICE_4643	122	Port Input	1	7610219	134450	NA
S007_DAY1_MINITWICE_4643	123	Picture	endrest	7619968	0	1	10100	2	0	10000
S007_DAY1_MINITWICE_4643	124	Picture	FF	7630268	0	1	43200	2	0	43200
S007_DAY1_MINITWICE_4643	124	Response	52	7645830	15562	1
S007_DAY1_MINITWICE_4643	124	Pulse	99	7646221	15953	NA
S007_DAY1_MINITWICE_4643	124	Port Input	1	7646221	15953	NA
S007_DAY1_MINITWICE_4643	124	Picture	123_T_FFTRIAD_FF_silla_red.png	7673468	43200	1	1900	2	43200	1800
S007_DAY1_MINITWICE_4643	125	Picture	FF	7675568	0	1	43200	2	0	43200
S007_DAY1_MINITWICE_4643	125	Pulse	99	7682222	6654	NA
S007_DAY1_MINITWICE_4643	125	Port Input	1	7682222	6654	NA
S007_DAY1_MINITWICE_4643	125	Response	52	7691248	15680	1
S007_DAY1_MINITWICE_4643	125	Pulse	99	7718223	42655	NA
S007_DAY1_MINITWICE_4643	125	Port Input	1	7718223	42655	NA
S007_DAY1_MINITWICE_4643	125	Picture	124_T_FFTRIAD_FF_botella_red.png	7718768	43200	1	1900	2	43200	1800
S007_DAY1_MINITWICE_4643	126	Picture	FF	7720867	0	2	43200	3	0	43200
S007_DAY1_MINITWICE_4643	126	Response	52	7742715	21848	1
S007_DAY1_MINITWICE_4643	126	Pulse	99	7754224	33357	NA
S007_DAY1_MINITWICE_4643	126	Port Input	1	7754224	33357	NA
S007_DAY1_MINITWICE_4643	126	Picture	125_T_FFTRIAD_FF_lenador_red.png	7764067	43200	1	1900	2	43200	1800
S007_DAY1_MINITWICE_4643	127	Picture	FF	7766167	0	1	43200	2	0	43200
S007_DAY1_MINITWICE_4643	127	Response	51	7783394	17227	1
S007_DAY1_MINITWICE_4643	127	Pulse	99	7790225	24058	NA
S007_DAY1_MINITWICE_4643	127	Port Input	1	7790225	24058	NA
S007_DAY1_MINITWICE_4643	127	Picture	126_T_FFTRIAD_FF_arbol_red.png	7809367	43200	1	1900	2	43200	1800
S007_DAY1_MINITWICE_4643	128	Picture	RW	7811467	0	1	43200	2	0	43200
S007_DAY1_MINITWICE_4643	128	Pulse	99	7826226	14759	NA
S007_DAY1_MINITWICE_4643	128	Port Input	1	7826226	14759	NA
S007_DAY1_MINITWICE_4643	128	Response	51	7841720	30253	1
S007_DAY1_MINITWICE_4643	128	Picture	127_T_RWTRIAD_RW_traje_red.png	7854667	43200	1	1900	2	43200	1800
S007_DAY1_MINITWICE_4643	129	Picture	RW	7856767	0	1	43200	2	0	43200
S007_DAY1_MINITWICE_4643	129	Pulse	99	7862227	5460	NA
S007_DAY1_MINITWICE_4643	129	Port Input	1	7862227	5460	NA
S007_DAY1_MINITWICE_4643	129	Response	51	7869533	12766	1
S007_DAY1_MINITWICE_4643	129	Pulse	99	7898228	41461	NA
S007_DAY1_MINITWICE_4643	129	Port Input	1	7898228	41461	NA
S007_DAY1_MINITWICE_4643	129	Picture	128_T_RWTRIAD_RW_granjero_red.png	7899967	43200	1	1900	2	43200	1800
S007_DAY1_MINITWICE_4643	130	Picture	RW	7902067	0	1	43200	2	0	43200
S007_DAY1_MINITWICE_4643	130	Response	52	7915656	13589	1
S007_DAY1_MINITWICE_4643	130	Pulse	99	7934229	32162	NA
S007_DAY1_MINITWICE_4643	130	Port Input	1	7934229	32162	NA
S007_DAY1_MINITWICE_4643	130	Picture	129_T_RWTRIAD_RW_oruga_red.png	7945267	43200	1	1900	2	43200	1800
S007_DAY1_MINITWICE_4643	131	Picture	RW	7947367	0	1	43199	2	0	43200
S007_DAY1_MINITWICE_4643	131	Response	51	7966334	18967	1
S007_DAY1_MINITWICE_4643	131	Pulse	99	7970230	22863	NA
S007_DAY1_MINITWICE_4643	131	Port Input	1	7970230	22863	NA
S007_DAY1_MINITWICE_4643	131	Picture	130_T_RWTRIAD_RW_estetoscopio_red.png	7990566	43199	1	1900	3	43200	1800
S007_DAY1_MINITWICE_4643	132	Picture	rest	7992566	0	2	144100	3	0	144000
S007_DAY1_MINITWICE_4643	132	Pulse	99	8006231	13665	NA
S007_DAY1_MINITWICE_4643	132	Port Input	1	8006231	13665	NA
S007_DAY1_MINITWICE_4643	132	Pulse	99	8042232	49666	NA
S007_DAY1_MINITWICE_4643	132	Port Input	1	8042232	49666	NA
S007_DAY1_MINITWICE_4643	132	Pulse	99	8078233	85667	NA
S007_DAY1_MINITWICE_4643	132	Port Input	1	8078233	85667	NA
S007_DAY1_MINITWICE_4643	132	Pulse	99	8114234	121668	NA
S007_DAY1_MINITWICE_4643	132	Port Input	1	8114234	121668	NA
S007_DAY1_MINITWICE_4643	133	Picture	endrest	8136766	0	1	10100	2	0	10000
S007_DAY1_MINITWICE_4643	134	Picture	FF	8147066	0	1	43200	2	0	43200
S007_DAY1_MINITWICE_4643	134	Pulse	99	8150236	3170	NA
S007_DAY1_MINITWICE_4643	134	Port Input	1	8150236	3170	NA
S007_DAY1_MINITWICE_4643	134	Response	52	8165415	18349	2
S007_DAY1_MINITWICE_4643	134	Pulse	99	8186237	39171	NA
S007_DAY1_MINITWICE_4643	134	Port Input	1	8186237	39171	NA
S007_DAY1_MINITWICE_4643	134	Picture	133_T_FFTRIAD_FF_destornillador_red.png	8190266	43200	1	1900	2	43200	1800
S007_DAY1_MINITWICE_4643	135	Picture	FF	8192366	0	1	43199	2	0	43200
S007_DAY1_MINITWICE_4643	135	Response	51	8204487	12121	1
S007_DAY1_MINITWICE_4643	135	Pulse	99	8222238	29872	NA
S007_DAY1_MINITWICE_4643	135	Port Input	1	8222238	29872	NA
S007_DAY1_MINITWICE_4643	135	Picture	134_T_FFTRIAD_FF_sapo_red.png	8235565	43199	1	1900	3	43200	1800
S007_DAY1_MINITWICE_4643	136	Picture	FF	8237665	0	2	43200	3	0	43200
S007_DAY1_MINITWICE_4643	136	Pulse	99	8258239	20574	NA
S007_DAY1_MINITWICE_4643	136	Port Input	1	8258239	20574	NA
S007_DAY1_MINITWICE_4643	136	Response	52	8259345	21680	2
S007_DAY1_MINITWICE_4643	136	Picture	135_T_FFTRIAD_FF_lana_red.png	8280865	43200	1	1900	2	43200	1800
S007_DAY1_MINITWICE_4643	137	Picture	FF	8282965	0	1	43200	2	0	43200
S007_DAY1_MINITWICE_4643	137	Pulse	99	8294240	11275	NA
S007_DAY1_MINITWICE_4643	137	Port Input	1	8294240	11275	NA
S007_DAY1_MINITWICE_4643	137	Response	52	8307497	24532	1
S007_DAY1_MINITWICE_4643	137	Picture	136_T_FFTRIAD_FF_huevos_red.png	8326165	43200	1	1900	2	43200	1800
S007_DAY1_MINITWICE_4643	138	Picture	rest	8328165	0	1	144099	3	0	144000
S007_DAY1_MINITWICE_4643	138	Pulse	99	8330241	2076	NA
S007_DAY1_MINITWICE_4643	138	Port Input	1	8330241	2076	NA
S007_DAY1_MINITWICE_4643	138	Pulse	99	8366242	38077	NA
S007_DAY1_MINITWICE_4643	138	Port Input	1	8366242	38077	NA
S007_DAY1_MINITWICE_4643	139	Picture	endrest	8472364	0	2	10100	3	0	10000
S007_DAY1_MINITWICE_4643	140	Picture	endrest	8482564	0	2	10100	3	0	10000
S007_DAY1_MINITWICE_4643	141	Picture	endrest	8492764	0	1	10100	2	0	10000
S007_DAY1_MINITWICE_4643	142	Picture	endrest	8502964	0	1	10100	2	0	10000
