Scenario - vOT_Triads_fMRI_I
Logfile written - 05/18/2015 14:49:29

Subject	Trial	Event Type	Code	Time	TTime	Uncertainty	Duration	Uncertainty	ReqTime	ReqDur

S007_DAY2_MINITWICE_4643	1	Response	98	279314	289214	1
S007_DAY2_MINITWICE_4643	2	Response	52	299701	20304	1
S007_DAY2_MINITWICE_4643	2	Response	98	326346	46949	2
S007_DAY2_MINITWICE_4643	3	Response	51	384306	57909	1
S007_DAY2_MINITWICE_4643	3	Response	98	405800	79403	2
S007_DAY2_MINITWICE_4643	4	Response	52	441857	35961	2
S007_DAY2_MINITWICE_4643	4	Response	98	484747	78851	1
S007_DAY2_MINITWICE_4643	6	Pulse	99	757008	272112	NA
S007_DAY2_MINITWICE_4643	6	Port Input	1	757008	272112	NA
S007_DAY2_MINITWICE_4643	6	Pulse	99	793009	308113	NA
S007_DAY2_MINITWICE_4643	6	Port Input	1	793009	308113	NA
S007_DAY2_MINITWICE_4643	6	Pulse	99	829010	344114	NA
S007_DAY2_MINITWICE_4643	6	Port Input	1	829010	344114	NA
S007_DAY2_MINITWICE_4643	6	Pulse	99	865011	380115	NA
S007_DAY2_MINITWICE_4643	6	Port Input	1	865011	380115	NA
S007_DAY2_MINITWICE_4643	6	Pulse	99	901012	416116	NA
S007_DAY2_MINITWICE_4643	6	Port Input	1	901012	416116	NA
S007_DAY2_MINITWICE_4643	7	Picture	rest	901292	0	1	144099	2	0	144000
S007_DAY2_MINITWICE_4643	7	Pulse	99	937013	35721	NA
S007_DAY2_MINITWICE_4643	7	Port Input	1	937013	35721	NA
S007_DAY2_MINITWICE_4643	7	Pulse	99	973014	71722	NA
S007_DAY2_MINITWICE_4643	7	Port Input	1	973014	71722	NA
S007_DAY2_MINITWICE_4643	7	Pulse	99	1009015	107723	NA
S007_DAY2_MINITWICE_4643	7	Port Input	1	1009015	107723	NA
S007_DAY2_MINITWICE_4643	7	Pulse	99	1045016	143724	NA
S007_DAY2_MINITWICE_4643	7	Port Input	1	1045016	143724	NA
S007_DAY2_MINITWICE_4643	8	Picture	endrest	1045491	0	1	10100	2	0	10000
S007_DAY2_MINITWICE_4643	9	Picture	FF	1055991	0	1	43100	2	0	43200
S007_DAY2_MINITWICE_4643	9	Response	51	1076916	20925	1
S007_DAY2_MINITWICE_4643	9	Pulse	99	1081016	25025	NA
S007_DAY2_MINITWICE_4643	9	Port Input	1	1081016	25025	NA
S007_DAY2_MINITWICE_4643	9	Picture	3_T_FFTRIAD_FF_granjero_red.png	1099091	43100	1	1900	2	43200	1800
S007_DAY2_MINITWICE_4643	10	Picture	FF	1101291	0	1	43199	2	0	43200
S007_DAY2_MINITWICE_4643	10	Response	51	1113509	12218	1
S007_DAY2_MINITWICE_4643	10	Pulse	99	1117017	15726	NA
S007_DAY2_MINITWICE_4643	10	Port Input	1	1117017	15726	NA
S007_DAY2_MINITWICE_4643	10	Picture	4_T_FFTRIAD_FF_dado_red.png	1144490	43199	1	1900	2	43200	1800
S007_DAY2_MINITWICE_4643	11	Picture	FF	1146790	0	1	43100	2	0	43200
S007_DAY2_MINITWICE_4643	11	Pulse	99	1153018	6228	NA
S007_DAY2_MINITWICE_4643	11	Port Input	1	1153018	6228	NA
S007_DAY2_MINITWICE_4643	11	Response	51	1158943	12153	1
S007_DAY2_MINITWICE_4643	11	Pulse	99	1189019	42229	NA
S007_DAY2_MINITWICE_4643	11	Port Input	1	1189019	42229	NA
S007_DAY2_MINITWICE_4643	11	Picture	5_T_FFTRIAD_FF_traje_red.png	1189890	43100	1	1900	2	43200	1800
S007_DAY2_MINITWICE_4643	12	Picture	FF	1192190	0	1	43100	2	0	43200
S007_DAY2_MINITWICE_4643	12	Response	51	1209968	17778	1
S007_DAY2_MINITWICE_4643	12	Pulse	99	1225020	32830	NA
S007_DAY2_MINITWICE_4643	12	Port Input	1	1225020	32830	NA
S007_DAY2_MINITWICE_4643	12	Picture	6_T_FFTRIAD_FF_estetoscopio_red.png	1235290	43100	1	1900	2	43200	1800
S007_DAY2_MINITWICE_4643	13	Picture	FF	1237490	0	1	43099	2	0	43200
S007_DAY2_MINITWICE_4643	13	Response	51	1255668	18178	1
S007_DAY2_MINITWICE_4643	13	Pulse	99	1261021	23531	NA
S007_DAY2_MINITWICE_4643	13	Port Input	1	1261021	23531	NA
S007_DAY2_MINITWICE_4643	13	Picture	7_T_FFTRIAD_FF_martillo_red.png	1280589	43099	1	1900	2	43200	1800
S007_DAY2_MINITWICE_4643	14	Picture	FF	1282789	0	1	43100	2	0	43200
S007_DAY2_MINITWICE_4643	14	Response	51	1296215	13426	1
S007_DAY2_MINITWICE_4643	14	Pulse	99	1297022	14233	NA
S007_DAY2_MINITWICE_4643	14	Port Input	1	1297022	14233	NA
S007_DAY2_MINITWICE_4643	14	Picture	8_T_FFTRIAD_FF_sombrilla_red.png	1325889	43100	1	1900	2	43200	1800
S007_DAY2_MINITWICE_4643	15	Picture	FF	1327989	0	1	43200	2	0	43200
S007_DAY2_MINITWICE_4643	15	Pulse	99	1333023	5034	NA
S007_DAY2_MINITWICE_4643	15	Port Input	1	1333023	5034	NA
S007_DAY2_MINITWICE_4643	15	Response	52	1345380	17391	1
S007_DAY2_MINITWICE_4643	15	Pulse	99	1369024	41035	NA
S007_DAY2_MINITWICE_4643	15	Port Input	1	1369024	41035	NA
S007_DAY2_MINITWICE_4643	15	Picture	9_T_FFTRIAD_FF_esquimal_red.png	1371189	43200	1	1900	2	43200	1800
S007_DAY2_MINITWICE_4643	16	Picture	FF	1373489	0	1	43099	2	0	43200
S007_DAY2_MINITWICE_4643	16	Response	51	1395290	21801	1
S007_DAY2_MINITWICE_4643	16	Pulse	99	1405025	31536	NA
S007_DAY2_MINITWICE_4643	16	Port Input	1	1405025	31536	NA
S007_DAY2_MINITWICE_4643	16	Picture	10_T_FFTRIAD_FF_violin_red.png	1416588	43099	1	1900	2	43200	1800
S007_DAY2_MINITWICE_4643	17	Picture	rest	1418588	0	1	144099	2	0	144000
S007_DAY2_MINITWICE_4643	17	Pulse	99	1441026	22438	NA
S007_DAY2_MINITWICE_4643	17	Port Input	1	1441026	22438	NA
S007_DAY2_MINITWICE_4643	17	Pulse	99	1477027	58439	NA
S007_DAY2_MINITWICE_4643	17	Port Input	1	1477027	58439	NA
S007_DAY2_MINITWICE_4643	17	Pulse	99	1513028	94440	NA
S007_DAY2_MINITWICE_4643	17	Port Input	1	1513028	94440	NA
S007_DAY2_MINITWICE_4643	17	Pulse	99	1549029	130441	NA
S007_DAY2_MINITWICE_4643	17	Port Input	1	1549029	130441	NA
S007_DAY2_MINITWICE_4643	18	Picture	endrest	1562787	0	1	10100	2	0	10000
S007_DAY2_MINITWICE_4643	19	Picture	RW	1573187	0	1	43200	2	0	43200
S007_DAY2_MINITWICE_4643	19	Pulse	99	1585030	11843	NA
S007_DAY2_MINITWICE_4643	19	Port Input	1	1585030	11843	NA
S007_DAY2_MINITWICE_4643	19	Response	51	1601662	28475	2
S007_DAY2_MINITWICE_4643	19	Picture	13_T_RWTRIAD_RW_manos_red.png	1616387	43200	1	1900	2	43200	1800
S007_DAY2_MINITWICE_4643	20	Picture	RW	1618487	0	1	43199	2	0	43200
S007_DAY2_MINITWICE_4643	20	Pulse	99	1621031	2544	NA
S007_DAY2_MINITWICE_4643	20	Port Input	1	1621031	2544	NA
S007_DAY2_MINITWICE_4643	20	Response	52	1634511	16024	1
S007_DAY2_MINITWICE_4643	20	Pulse	99	1657032	38545	NA
S007_DAY2_MINITWICE_4643	20	Port Input	1	1657032	38545	NA
S007_DAY2_MINITWICE_4643	20	Picture	14_T_RWTRIAD_RW_pincel_red.png	1661686	43199	1	1900	2	43200	1800
S007_DAY2_MINITWICE_4643	21	Picture	RW	1663786	0	1	43200	2	0	43200
S007_DAY2_MINITWICE_4643	21	Response	52	1680215	16429	1
S007_DAY2_MINITWICE_4643	21	Pulse	99	1693033	29247	NA
S007_DAY2_MINITWICE_4643	21	Port Input	1	1693033	29247	NA
S007_DAY2_MINITWICE_4643	21	Picture	15_T_RWTRIAD_RW_queso_red.png	1706986	43200	1	1900	2	43200	1800
S007_DAY2_MINITWICE_4643	22	Picture	RW	1709086	0	1	43200	2	0	43200
S007_DAY2_MINITWICE_4643	22	Response	51	1723414	14328	1
S007_DAY2_MINITWICE_4643	22	Pulse	99	1729034	19948	NA
S007_DAY2_MINITWICE_4643	22	Port Input	1	1729034	19948	NA
S007_DAY2_MINITWICE_4643	22	Picture	16_T_RWTRIAD_RW_perro_red.png	1752286	43200	1	1900	2	43200	1800
S007_DAY2_MINITWICE_4643	23	Picture	RW	1754586	0	1	43099	2	0	43200
S007_DAY2_MINITWICE_4643	23	Pulse	99	1765034	10448	NA
S007_DAY2_MINITWICE_4643	23	Port Input	1	1765034	10448	NA
S007_DAY2_MINITWICE_4643	23	Response	51	1769605	15019	1
S007_DAY2_MINITWICE_4643	23	Picture	17_T_RWTRIAD_RW_bala_red.png	1797685	43099	1	1900	2	43200	1800
S007_DAY2_MINITWICE_4643	24	Picture	RW	1799785	0	1	43200	2	0	43200
S007_DAY2_MINITWICE_4643	24	Pulse	99	1801035	1250	NA
S007_DAY2_MINITWICE_4643	24	Port Input	1	1801035	1250	NA
S007_DAY2_MINITWICE_4643	24	Response	52	1816622	16837	1
S007_DAY2_MINITWICE_4643	24	Pulse	99	1837036	37251	NA
S007_DAY2_MINITWICE_4643	24	Port Input	1	1837036	37251	NA
S007_DAY2_MINITWICE_4643	24	Picture	18_T_RWTRIAD_RW_plato_red.png	1842985	43200	1	1900	2	43200	1800
S007_DAY2_MINITWICE_4643	25	Picture	RW	1845085	0	1	43200	2	0	43200
S007_DAY2_MINITWICE_4643	25	Response	51	1860059	14974	1
S007_DAY2_MINITWICE_4643	25	Pulse	99	1873037	27952	NA
S007_DAY2_MINITWICE_4643	25	Port Input	1	1873037	27952	NA
S007_DAY2_MINITWICE_4643	25	Picture	19_T_RWTRIAD_RW_candado_red.png	1888285	43200	1	1900	2	43200	1800
S007_DAY2_MINITWICE_4643	26	Picture	RW	1890385	0	1	43199	2	0	43200
S007_DAY2_MINITWICE_4643	26	Response	52	1903788	13403	1
S007_DAY2_MINITWICE_4643	26	Pulse	99	1909038	18653	NA
S007_DAY2_MINITWICE_4643	26	Port Input	1	1909038	18653	NA
S007_DAY2_MINITWICE_4643	26	Picture	20_T_RWTRIAD_RW_bebe_red.png	1933584	43199	1	1900	2	43200	1800
S007_DAY2_MINITWICE_4643	27	Picture	rest	1935584	0	1	144099	2	0	144000
S007_DAY2_MINITWICE_4643	27	Pulse	99	1945039	9455	NA
S007_DAY2_MINITWICE_4643	27	Port Input	1	1945039	9455	NA
S007_DAY2_MINITWICE_4643	27	Pulse	99	1981040	45456	NA
S007_DAY2_MINITWICE_4643	27	Port Input	1	1981040	45456	NA
S007_DAY2_MINITWICE_4643	27	Pulse	99	2017041	81457	NA
S007_DAY2_MINITWICE_4643	27	Port Input	1	2017041	81457	NA
S007_DAY2_MINITWICE_4643	27	Pulse	99	2053042	117458	NA
S007_DAY2_MINITWICE_4643	27	Port Input	1	2053042	117458	NA
S007_DAY2_MINITWICE_4643	28	Picture	endrest	2079783	0	1	10100	2	0	10000
S007_DAY2_MINITWICE_4643	28	Pulse	99	2089043	9260	NA
S007_DAY2_MINITWICE_4643	28	Port Input	1	2089043	9260	NA
S007_DAY2_MINITWICE_4643	29	Picture	RW	2090083	0	1	43200	2	0	43200
S007_DAY2_MINITWICE_4643	29	Response	51	2107100	17017	1
S007_DAY2_MINITWICE_4643	29	Pulse	99	2125044	34961	NA
S007_DAY2_MINITWICE_4643	29	Port Input	1	2125044	34961	NA
S007_DAY2_MINITWICE_4643	29	Picture	23_T_RWTRIAD_RW_telefono_red.png	2133283	43200	1	1900	2	43200	1800
S007_DAY2_MINITWICE_4643	30	Picture	RW	2135383	0	1	43199	2	0	43200
S007_DAY2_MINITWICE_4643	30	Response	51	2155005	19622	1
S007_DAY2_MINITWICE_4643	30	Pulse	99	2161045	25662	NA
S007_DAY2_MINITWICE_4643	30	Port Input	1	2161045	25662	NA
S007_DAY2_MINITWICE_4643	30	Picture	24_T_RWTRIAD_RW_botella_red.png	2178582	43199	1	1900	3	43200	1800
S007_DAY2_MINITWICE_4643	31	Picture	RW	2180682	0	1	43200	2	0	43200
S007_DAY2_MINITWICE_4643	31	Pulse	99	2197046	16364	NA
S007_DAY2_MINITWICE_4643	31	Port Input	1	2197046	16364	NA
S007_DAY2_MINITWICE_4643	31	Response	51	2204795	24113	1
S007_DAY2_MINITWICE_4643	31	Picture	25_T_RWTRIAD_RW_madera_red.png	2223882	43200	1	1900	2	43200	1800
S007_DAY2_MINITWICE_4643	32	Picture	RW	2225982	0	1	43200	2	0	43200
S007_DAY2_MINITWICE_4643	32	Pulse	99	2233047	7065	NA
S007_DAY2_MINITWICE_4643	32	Port Input	1	2233047	7065	NA
S007_DAY2_MINITWICE_4643	32	Response	52	2238601	12619	1
S007_DAY2_MINITWICE_4643	32	Response	51	2242428	16446	1
S007_DAY2_MINITWICE_4643	32	Response	51	2245159	19177	1
S007_DAY2_MINITWICE_4643	32	Pulse	99	2269048	43066	NA
S007_DAY2_MINITWICE_4643	32	Port Input	1	2269048	43066	NA
S007_DAY2_MINITWICE_4643	32	Picture	26_T_RWTRIAD_RW_chupete_red.png	2269182	43200	1	1900	2	43200	1800
S007_DAY2_MINITWICE_4643	33	Picture	FF	2271482	0	1	43099	2	0	43200
S007_DAY2_MINITWICE_4643	33	Pulse	99	2305049	33567	NA
S007_DAY2_MINITWICE_4643	33	Port Input	1	2305049	33567	NA
S007_DAY2_MINITWICE_4643	33	Picture	27_T_FFTRIAD_FF_molino_red.png	2314581	43099	1	1900	2	43200	1800
S007_DAY2_MINITWICE_4643	33	Response	52	2316373	44891	1
S007_DAY2_MINITWICE_4643	34	Picture	FF	2316881	0	1	43200	2	0	43200
S007_DAY2_MINITWICE_4643	34	Response	51	2340828	23947	2
S007_DAY2_MINITWICE_4643	34	Pulse	99	2341050	24169	NA
S007_DAY2_MINITWICE_4643	34	Port Input	1	2341050	24169	NA
S007_DAY2_MINITWICE_4643	34	Picture	28_T_FFTRIAD_FF_futbol_red.png	2360081	43200	1	1900	2	43200	1800
S007_DAY2_MINITWICE_4643	35	Picture	FF	2362481	0	1	43100	2	0	43200
S007_DAY2_MINITWICE_4643	35	Pulse	99	2377051	14570	NA
S007_DAY2_MINITWICE_4643	35	Port Input	1	2377051	14570	NA
S007_DAY2_MINITWICE_4643	35	Response	52	2381745	19264	1
S007_DAY2_MINITWICE_4643	35	Picture	29_T_FFTRIAD_FF_pizarra_red.png	2405581	43100	1	1900	2	43200	1800
S007_DAY2_MINITWICE_4643	36	Picture	FF	2407681	0	1	43199	2	0	43200
S007_DAY2_MINITWICE_4643	36	Pulse	99	2413052	5371	NA
S007_DAY2_MINITWICE_4643	36	Port Input	1	2413052	5371	NA
S007_DAY2_MINITWICE_4643	36	Response	52	2422798	15117	1
S007_DAY2_MINITWICE_4643	36	Pulse	99	2449052	41371	NA
S007_DAY2_MINITWICE_4643	36	Port Input	1	2449052	41371	NA
S007_DAY2_MINITWICE_4643	36	Picture	30_T_FFTRIAD_FF_iglu_red.png	2450880	43199	1	1900	2	43200	1800
S007_DAY2_MINITWICE_4643	37	Picture	rest	2452880	0	1	144099	2	0	144000
S007_DAY2_MINITWICE_4643	37	Pulse	99	2485053	32173	NA
S007_DAY2_MINITWICE_4643	37	Port Input	1	2485053	32173	NA
S007_DAY2_MINITWICE_4643	37	Pulse	99	2521054	68174	NA
S007_DAY2_MINITWICE_4643	37	Port Input	1	2521054	68174	NA
S007_DAY2_MINITWICE_4643	37	Pulse	99	2557055	104175	NA
S007_DAY2_MINITWICE_4643	37	Port Input	1	2557055	104175	NA
S007_DAY2_MINITWICE_4643	37	Pulse	99	2593056	140176	NA
S007_DAY2_MINITWICE_4643	37	Port Input	1	2593056	140176	NA
S007_DAY2_MINITWICE_4643	38	Picture	endrest	2597079	0	1	10100	2	0	10000
S007_DAY2_MINITWICE_4643	39	Picture	FF	2607679	0	1	43100	2	0	43200
S007_DAY2_MINITWICE_4643	39	Pulse	99	2629057	21378	NA
S007_DAY2_MINITWICE_4643	39	Port Input	1	2629057	21378	NA
S007_DAY2_MINITWICE_4643	39	Response	52	2632724	25045	1
S007_DAY2_MINITWICE_4643	39	Picture	33_T_FFTRIAD_FF_anillo_red.png	2650779	43100	1	1900	2	43200	1800
S007_DAY2_MINITWICE_4643	40	Picture	FF	2652879	0	1	43199	3	0	43200
S007_DAY2_MINITWICE_4643	40	Pulse	99	2665058	12179	NA
S007_DAY2_MINITWICE_4643	40	Port Input	1	2665058	12179	NA
S007_DAY2_MINITWICE_4643	40	Response	51	2667441	14562	2
S007_DAY2_MINITWICE_4643	40	Picture	34_T_FFTRIAD_FF_leche_red.png	2696078	43199	2	1900	4	43200	1800
S007_DAY2_MINITWICE_4643	41	Picture	FF	2698378	0	2	43100	3	0	43200
S007_DAY2_MINITWICE_4643	41	Pulse	99	2701059	2681	NA
S007_DAY2_MINITWICE_4643	41	Port Input	1	2701059	2681	NA
S007_DAY2_MINITWICE_4643	41	Response	52	2719243	20865	1
S007_DAY2_MINITWICE_4643	41	Pulse	99	2737060	38682	NA
S007_DAY2_MINITWICE_4643	41	Port Input	1	2737060	38682	NA
S007_DAY2_MINITWICE_4643	41	Picture	35_T_FFTRIAD_FF_lechuga_red.png	2741478	43100	1	1900	2	43200	1800
S007_DAY2_MINITWICE_4643	42	Picture	FF	2743678	0	1	43200	2	0	43200
S007_DAY2_MINITWICE_4643	42	Pulse	99	2773061	29383	NA
S007_DAY2_MINITWICE_4643	42	Port Input	1	2773061	29383	NA
S007_DAY2_MINITWICE_4643	42	Response	51	2775387	31709	1
S007_DAY2_MINITWICE_4643	42	Picture	36_T_FFTRIAD_FF_oruga_red.png	2786878	43200	1	1900	2	43200	1800
S007_DAY2_MINITWICE_4643	43	Picture	FF	2789178	0	1	43099	3	0	43200
S007_DAY2_MINITWICE_4643	43	Response	52	2804314	15136	1
S007_DAY2_MINITWICE_4643	43	Pulse	99	2809062	19884	NA
S007_DAY2_MINITWICE_4643	43	Port Input	1	2809062	19884	NA
S007_DAY2_MINITWICE_4643	43	Picture	37_T_FFTRIAD_FF_raton_red.png	2832277	43099	2	1900	3	43200	1800
S007_DAY2_MINITWICE_4643	44	Picture	FF	2834577	0	1	43100	2	0	43200
S007_DAY2_MINITWICE_4643	44	Pulse	99	2845063	10486	NA
S007_DAY2_MINITWICE_4643	44	Port Input	1	2845063	10486	NA
S007_DAY2_MINITWICE_4643	44	Response	51	2850750	16173	1
S007_DAY2_MINITWICE_4643	44	Picture	38_T_FFTRIAD_FF_dedal_red.png	2877677	43100	1	1900	2	43200	1800
S007_DAY2_MINITWICE_4643	45	Picture	FF	2879877	0	1	43100	2	0	43200
S007_DAY2_MINITWICE_4643	45	Pulse	99	2881064	1187	NA
S007_DAY2_MINITWICE_4643	45	Port Input	1	2881064	1187	NA
S007_DAY2_MINITWICE_4643	45	Response	52	2896261	16384	1
S007_DAY2_MINITWICE_4643	45	Pulse	99	2917065	37188	NA
S007_DAY2_MINITWICE_4643	45	Port Input	1	2917065	37188	NA
S007_DAY2_MINITWICE_4643	45	Picture	39_T_FFTRIAD_FF_almohada_red.png	2922977	43100	1	1900	2	43200	1800
S007_DAY2_MINITWICE_4643	46	Picture	FF	2925077	0	1	43199	2	0	43200
S007_DAY2_MINITWICE_4643	46	Response	52	2940135	15058	1
S007_DAY2_MINITWICE_4643	46	Pulse	99	2953066	27989	NA
S007_DAY2_MINITWICE_4643	46	Port Input	1	2953066	27989	NA
S007_DAY2_MINITWICE_4643	46	Picture	40_T_FFTRIAD_FF_mono_red.png	2968276	43199	1	1900	2	43200	1800
S007_DAY2_MINITWICE_4643	47	Picture	rest	2970276	0	1	144099	2	0	144000
S007_DAY2_MINITWICE_4643	47	Pulse	99	2989067	18791	NA
S007_DAY2_MINITWICE_4643	47	Port Input	1	2989067	18791	NA
S007_DAY2_MINITWICE_4643	47	Pulse	99	3025068	54792	NA
S007_DAY2_MINITWICE_4643	47	Port Input	1	3025068	54792	NA
S007_DAY2_MINITWICE_4643	47	Pulse	99	3061069	90793	NA
S007_DAY2_MINITWICE_4643	47	Port Input	1	3061069	90793	NA
S007_DAY2_MINITWICE_4643	47	Pulse	99	3097069	126793	NA
S007_DAY2_MINITWICE_4643	47	Port Input	1	3097069	126793	NA
S007_DAY2_MINITWICE_4643	48	Picture	endrest	3114475	0	1	10100	2	0	10000
S007_DAY2_MINITWICE_4643	49	Picture	RW	3124975	0	1	43200	2	0	43200
S007_DAY2_MINITWICE_4643	49	Pulse	99	3133070	8095	NA
S007_DAY2_MINITWICE_4643	49	Port Input	1	3133070	8095	NA
S007_DAY2_MINITWICE_4643	49	Response	51	3143230	18255	1
S007_DAY2_MINITWICE_4643	49	Picture	43_T_RWTRIAD_RW_tenedor_red.png	3168175	43200	1	1900	2	43200	1800
S007_DAY2_MINITWICE_4643	49	Pulse	99	3169071	44096	NA
S007_DAY2_MINITWICE_4643	49	Port Input	1	3169071	44096	NA
S007_DAY2_MINITWICE_4643	50	Picture	RW	3170375	0	1	43099	3	0	43200
S007_DAY2_MINITWICE_4643	50	Response	51	3192917	22542	1
S007_DAY2_MINITWICE_4643	50	Pulse	99	3205072	34697	NA
S007_DAY2_MINITWICE_4643	50	Port Input	1	3205072	34697	NA
S007_DAY2_MINITWICE_4643	50	Picture	44_T_RWTRIAD_RW_banera_red.png	3213474	43099	2	1900	4	43200	1800
S007_DAY2_MINITWICE_4643	51	Picture	RW	3215574	0	2	43200	3	0	43200
S007_DAY2_MINITWICE_4643	51	Response	52	3236849	21275	1
S007_DAY2_MINITWICE_4643	51	Pulse	99	3241073	25499	NA
S007_DAY2_MINITWICE_4643	51	Port Input	1	3241073	25499	NA
S007_DAY2_MINITWICE_4643	51	Picture	45_T_RWTRIAD_RW_bellota_red.png	3258774	43200	1	1900	2	43200	1800
S007_DAY2_MINITWICE_4643	52	Picture	RW	3260874	0	1	43200	2	0	43200
S007_DAY2_MINITWICE_4643	52	Pulse	99	3277074	16200	NA
S007_DAY2_MINITWICE_4643	52	Port Input	1	3277074	16200	NA
S007_DAY2_MINITWICE_4643	52	Response	52	3278404	17530	1
S007_DAY2_MINITWICE_4643	52	Picture	46_T_RWTRIAD_RW_lechuga_red.png	3304074	43200	1	1900	2	43200	1800
S007_DAY2_MINITWICE_4643	53	Picture	PW	3306174	0	1	43199	2	0	43200
S007_DAY2_MINITWICE_4643	53	Pulse	99	3313075	6901	NA
S007_DAY2_MINITWICE_4643	53	Port Input	1	3313075	6901	NA
S007_DAY2_MINITWICE_4643	53	Response	51	3344490	38316	1
S007_DAY2_MINITWICE_4643	53	Pulse	99	3349076	42902	NA
S007_DAY2_MINITWICE_4643	53	Port Input	1	3349076	42902	NA
S007_DAY2_MINITWICE_4643	53	Picture	47_T_PWTRIAD_PW_tenedor_red.png	3349373	43199	1	1900	3	43200	1800
S007_DAY2_MINITWICE_4643	54	Picture	PW	3351573	0	2	43200	3	0	43200
S007_DAY2_MINITWICE_4643	54	Pulse	99	3385077	33504	NA
S007_DAY2_MINITWICE_4643	54	Port Input	1	3385077	33504	NA
S007_DAY2_MINITWICE_4643	54	Response	51	3393828	42255	1
S007_DAY2_MINITWICE_4643	54	Picture	48_T_PWTRIAD_PW_ascensor_red.png	3394773	43200	1	1900	2	43200	1800
S007_DAY2_MINITWICE_4643	55	Picture	PW	3397073	0	1	43100	2	0	43200
S007_DAY2_MINITWICE_4643	55	Pulse	99	3421078	24005	NA
S007_DAY2_MINITWICE_4643	55	Port Input	1	3421078	24005	NA
S007_DAY2_MINITWICE_4643	55	Response	52	3430806	33733	2
S007_DAY2_MINITWICE_4643	55	Picture	49_T_PWTRIAD_PW_estetoscopio_red.png	3440173	43100	1	1899	3	43200	1800
S007_DAY2_MINITWICE_4643	56	Picture	PW	3442472	0	2	43100	4	0	43200
S007_DAY2_MINITWICE_4643	56	Pulse	99	3457079	14607	NA
S007_DAY2_MINITWICE_4643	56	Port Input	1	3457079	14607	NA
S007_DAY2_MINITWICE_4643	56	Response	51	3466465	23993	1
S007_DAY2_MINITWICE_4643	56	Picture	50_T_PWTRIAD_PW_piramide_red.png	3485572	43100	2	1900	3	43200	1800
S007_DAY2_MINITWICE_4643	57	Picture	rest	3487572	0	1	144099	2	0	144000
S007_DAY2_MINITWICE_4643	57	Pulse	99	3493080	5508	NA
S007_DAY2_MINITWICE_4643	57	Port Input	1	3493080	5508	NA
S007_DAY2_MINITWICE_4643	57	Pulse	99	3529081	41509	NA
S007_DAY2_MINITWICE_4643	57	Port Input	1	3529081	41509	NA
S007_DAY2_MINITWICE_4643	57	Pulse	99	3565082	77510	NA
S007_DAY2_MINITWICE_4643	57	Port Input	1	3565082	77510	NA
S007_DAY2_MINITWICE_4643	57	Pulse	99	3601083	113511	NA
S007_DAY2_MINITWICE_4643	57	Port Input	1	3601083	113511	NA
S007_DAY2_MINITWICE_4643	58	Picture	endrest	3631771	0	1	10100	2	0	10000
S007_DAY2_MINITWICE_4643	58	Pulse	99	3637084	5313	NA
S007_DAY2_MINITWICE_4643	58	Port Input	1	3637084	5313	NA
S007_DAY2_MINITWICE_4643	59	Picture	RW	3642071	0	1	43200	2	0	43200
S007_DAY2_MINITWICE_4643	59	Response	51	3662106	20035	1
S007_DAY2_MINITWICE_4643	59	Pulse	99	3673085	31014	NA
S007_DAY2_MINITWICE_4643	59	Port Input	1	3673085	31014	NA
S007_DAY2_MINITWICE_4643	59	Response	52	3683741	41670	1
S007_DAY2_MINITWICE_4643	59	Picture	53_T_RWTRIAD_RW_anillo_red.png	3685271	43200	1	1900	2	43200	1800
S007_DAY2_MINITWICE_4643	60	Picture	RW	3687371	0	1	43199	3	0	43200
S007_DAY2_MINITWICE_4643	60	Response	52	3700801	13430	1
S007_DAY2_MINITWICE_4643	60	Pulse	99	3709086	21715	NA
S007_DAY2_MINITWICE_4643	60	Port Input	1	3709086	21715	NA
S007_DAY2_MINITWICE_4643	60	Picture	54_T_RWTRIAD_RW_paraguas_red.png	3730570	43199	2	1900	4	43200	1800
S007_DAY2_MINITWICE_4643	61	Picture	RW	3732670	0	2	43200	3	0	43200
S007_DAY2_MINITWICE_4643	61	Pulse	99	3745087	12417	NA
S007_DAY2_MINITWICE_4643	61	Port Input	1	3745087	12417	NA
S007_DAY2_MINITWICE_4643	61	Response	51	3749002	16332	2
S007_DAY2_MINITWICE_4643	61	Picture	55_T_RWTRIAD_RW_cortina_red.png	3775870	43200	1	1900	2	43200	1800
S007_DAY2_MINITWICE_4643	62	Picture	RW	3777970	0	1	43200	2	0	43200
S007_DAY2_MINITWICE_4643	62	Pulse	99	3781087	3117	NA
S007_DAY2_MINITWICE_4643	62	Port Input	1	3781087	3117	NA
S007_DAY2_MINITWICE_4643	62	Response	51	3793609	15639	1
S007_DAY2_MINITWICE_4643	62	Pulse	99	3817088	39118	NA
S007_DAY2_MINITWICE_4643	62	Port Input	1	3817088	39118	NA
S007_DAY2_MINITWICE_4643	62	Picture	56_T_RWTRIAD_RW_novia_red.png	3821170	43200	1	1900	2	43200	1800
S007_DAY2_MINITWICE_4643	63	Picture	RW	3823270	0	1	43199	3	0	43200
S007_DAY2_MINITWICE_4643	63	Response	51	3841965	18695	1
S007_DAY2_MINITWICE_4643	63	Pulse	99	3853090	29820	NA
S007_DAY2_MINITWICE_4643	63	Port Input	1	3853090	29820	NA
S007_DAY2_MINITWICE_4643	63	Picture	57_T_RWTRIAD_RW_grifo_red.png	3866469	43199	2	1900	4	43200	1800
S007_DAY2_MINITWICE_4643	64	Picture	RW	3868569	0	2	43200	3	0	43200
S007_DAY2_MINITWICE_4643	64	Pulse	99	3889090	20521	NA
S007_DAY2_MINITWICE_4643	64	Port Input	1	3889090	20521	NA
S007_DAY2_MINITWICE_4643	64	Response	52	3890509	21940	1
S007_DAY2_MINITWICE_4643	64	Picture	58_T_RWTRIAD_RW_molino_red.png	3911769	43200	1	1900	2	43200	1800
S007_DAY2_MINITWICE_4643	65	Picture	RW	3913869	0	1	43200	2	0	43200
S007_DAY2_MINITWICE_4643	65	Pulse	99	3925091	11222	NA
S007_DAY2_MINITWICE_4643	65	Port Input	1	3925091	11222	NA
S007_DAY2_MINITWICE_4643	65	Response	51	3932002	18133	1
S007_DAY2_MINITWICE_4643	65	Picture	59_T_RWTRIAD_RW_policia_red.png	3957069	43200	1	1900	3	43200	1800
S007_DAY2_MINITWICE_4643	66	Picture	RW	3959369	0	1	43099	4	0	43200
S007_DAY2_MINITWICE_4643	66	Pulse	99	3961092	1723	NA
S007_DAY2_MINITWICE_4643	66	Port Input	1	3961092	1723	NA
S007_DAY2_MINITWICE_4643	66	Response	51	3978215	18846	1
S007_DAY2_MINITWICE_4643	66	Pulse	99	3997093	37724	NA
S007_DAY2_MINITWICE_4643	66	Port Input	1	3997093	37724	NA
S007_DAY2_MINITWICE_4643	66	Picture	60_T_RWTRIAD_RW_carruaje_red.png	4002468	43099	3	1900	6	43200	1800
S007_DAY2_MINITWICE_4643	67	Picture	rest	4004468	0	3	144099	5	0	144000
S007_DAY2_MINITWICE_4643	67	Pulse	99	4033094	28626	NA
S007_DAY2_MINITWICE_4643	67	Port Input	1	4033094	28626	NA
S007_DAY2_MINITWICE_4643	67	Pulse	99	4069095	64627	NA
S007_DAY2_MINITWICE_4643	67	Port Input	1	4069095	64627	NA
S007_DAY2_MINITWICE_4643	67	Pulse	99	4105096	100628	NA
S007_DAY2_MINITWICE_4643	67	Port Input	1	4105096	100628	NA
S007_DAY2_MINITWICE_4643	67	Pulse	99	4141097	136629	NA
S007_DAY2_MINITWICE_4643	67	Port Input	1	4141097	136629	NA
S007_DAY2_MINITWICE_4643	68	Picture	endrest	4148667	0	1	10100	3	0	10000
S007_DAY2_MINITWICE_4643	69	Picture	PW	4159167	0	2	43100	3	0	43200
S007_DAY2_MINITWICE_4643	69	Pulse	99	4177098	17931	NA
S007_DAY2_MINITWICE_4643	69	Port Input	1	4177098	17931	NA
S007_DAY2_MINITWICE_4643	69	Response	52	4186036	26869	1
S007_DAY2_MINITWICE_4643	69	Picture	63_T_PWTRIAD_PW_silla_red.png	4202267	43100	1	1900	2	43200	1800
S007_DAY2_MINITWICE_4643	70	Picture	PW	4204367	0	1	43199	3	0	43200
S007_DAY2_MINITWICE_4643	70	Pulse	99	4213099	8732	NA
S007_DAY2_MINITWICE_4643	70	Port Input	1	4213099	8732	NA
S007_DAY2_MINITWICE_4643	70	Response	51	4229086	24719	1
S007_DAY2_MINITWICE_4643	70	Picture	64_T_PWTRIAD_PW_charco_red.png	4247566	43199	2	1900	5	43200	1800
S007_DAY2_MINITWICE_4643	70	Pulse	99	4249100	44733	NA
S007_DAY2_MINITWICE_4643	70	Port Input	1	4249100	44733	NA
S007_DAY2_MINITWICE_4643	71	Picture	PW	4249666	0	2	43200	3	0	43200
S007_DAY2_MINITWICE_4643	71	Pulse	99	4285101	35435	NA
S007_DAY2_MINITWICE_4643	71	Port Input	1	4285101	35435	NA
S007_DAY2_MINITWICE_4643	71	Response	51	4287628	37962	1
S007_DAY2_MINITWICE_4643	71	Picture	65_T_PWTRIAD_PW_candado_red.png	4292866	43200	1	1899	4	43200	1800
S007_DAY2_MINITWICE_4643	72	Picture	PW	4295065	0	3	43200	5	0	43200
S007_DAY2_MINITWICE_4643	72	Pulse	99	4321102	26037	NA
S007_DAY2_MINITWICE_4643	72	Port Input	1	4321102	26037	NA
S007_DAY2_MINITWICE_4643	72	Response	51	4324981	29916	1
S007_DAY2_MINITWICE_4643	72	Picture	66_T_PWTRIAD_PW_plato_red.png	4338265	43200	2	1901	3	43200	1800
S007_DAY2_MINITWICE_4643	73	Picture	PW	4340366	0	1	43199	3	0	43200
S007_DAY2_MINITWICE_4643	73	Pulse	99	4357102	16736	NA
S007_DAY2_MINITWICE_4643	73	Port Input	1	4357102	16736	NA
S007_DAY2_MINITWICE_4643	73	Response	52	4367585	27219	1
S007_DAY2_MINITWICE_4643	73	Picture	67_T_PWTRIAD_PW_huevos_red.png	4383565	43199	2	1900	4	43200	1800
S007_DAY2_MINITWICE_4643	74	Picture	PW	4385664	0	3	43201	4	0	43200
S007_DAY2_MINITWICE_4643	74	Pulse	99	4393103	7439	NA
S007_DAY2_MINITWICE_4643	74	Port Input	1	4393103	7439	NA
S007_DAY2_MINITWICE_4643	74	Response	52	4414932	29268	1
S007_DAY2_MINITWICE_4643	74	Picture	68_T_PWTRIAD_PW_telefono_red.png	4428865	43201	1	1899	3	43200	1800
S007_DAY2_MINITWICE_4643	74	Pulse	99	4429104	43440	NA
S007_DAY2_MINITWICE_4643	74	Port Input	1	4429104	43440	NA
S007_DAY2_MINITWICE_4643	75	Picture	PW	4430965	0	1	43200	2	0	43200
S007_DAY2_MINITWICE_4643	75	Response	52	4460446	29481	2
S007_DAY2_MINITWICE_4643	75	Pulse	99	4465105	34140	NA
S007_DAY2_MINITWICE_4643	75	Port Input	1	4465105	34140	NA
S007_DAY2_MINITWICE_4643	75	Picture	69_T_PWTRIAD_PW_violin_red.png	4474165	43200	1	1900	2	43200	1800
S007_DAY2_MINITWICE_4643	76	Picture	PW	4476465	0	1	43099	2	0	43200
S007_DAY2_MINITWICE_4643	76	Pulse	99	4501106	24641	NA
S007_DAY2_MINITWICE_4643	76	Port Input	1	4501106	24641	NA
S007_DAY2_MINITWICE_4643	76	Response	51	4501227	24762	1
S007_DAY2_MINITWICE_4643	76	Picture	70_T_PWTRIAD_PW_cortina_red.png	4519564	43099	1	1900	2	43200	1800
S007_DAY2_MINITWICE_4643	77	Picture	rest	4521564	0	1	144099	2	0	144000
S007_DAY2_MINITWICE_4643	77	Pulse	99	4537107	15543	NA
S007_DAY2_MINITWICE_4643	77	Port Input	1	4537107	15543	NA
S007_DAY2_MINITWICE_4643	77	Pulse	99	4573108	51544	NA
S007_DAY2_MINITWICE_4643	77	Port Input	1	4573108	51544	NA
S007_DAY2_MINITWICE_4643	77	Pulse	99	4609109	87545	NA
S007_DAY2_MINITWICE_4643	77	Port Input	1	4609109	87545	NA
S007_DAY2_MINITWICE_4643	77	Pulse	99	4645110	123546	NA
S007_DAY2_MINITWICE_4643	77	Port Input	1	4645110	123546	NA
S007_DAY2_MINITWICE_4643	78	Picture	endrest	4665763	0	1	10100	2	0	10000
S007_DAY2_MINITWICE_4643	79	Picture	RW	4676061	0	3	43202	4	0	43200
S007_DAY2_MINITWICE_4643	79	Pulse	99	4681111	5050	NA
S007_DAY2_MINITWICE_4643	79	Port Input	1	4681111	5050	NA
S007_DAY2_MINITWICE_4643	79	Response	52	4696742	20681	1
S007_DAY2_MINITWICE_4643	79	Pulse	99	4717112	41051	NA
S007_DAY2_MINITWICE_4643	79	Port Input	1	4717112	41051	NA
S007_DAY2_MINITWICE_4643	79	Picture	73_T_RWTRIAD_RW_leche_red.png	4719263	43202	1	1900	2	43200	1800
S007_DAY2_MINITWICE_4643	80	Picture	RW	4721361	0	3	43201	5	0	43200
S007_DAY2_MINITWICE_4643	80	Response	52	4736855	15494	1
S007_DAY2_MINITWICE_4643	80	Pulse	99	4753113	31752	NA
S007_DAY2_MINITWICE_4643	80	Port Input	1	4753113	31752	NA
S007_DAY2_MINITWICE_4643	80	Picture	74_T_RWTRIAD_RW_silla_red.png	4764562	43201	2	1900	4	43200	1800
S007_DAY2_MINITWICE_4643	81	Picture	RW	4766662	0	2	43200	3	0	43200
S007_DAY2_MINITWICE_4643	81	Pulse	99	4789114	22452	NA
S007_DAY2_MINITWICE_4643	81	Port Input	1	4789114	22452	NA
S007_DAY2_MINITWICE_4643	81	Response	51	4790971	24309	1
S007_DAY2_MINITWICE_4643	81	Picture	75_T_RWTRIAD_RW_pizarra_red.png	4809862	43200	1	1900	2	43200	1800
S007_DAY2_MINITWICE_4643	82	Picture	RW	4811962	0	1	43200	2	0	43200
S007_DAY2_MINITWICE_4643	82	Pulse	99	4825115	13153	NA
S007_DAY2_MINITWICE_4643	82	Port Input	1	4825115	13153	NA
S007_DAY2_MINITWICE_4643	82	Response	52	4832572	20610	1
S007_DAY2_MINITWICE_4643	82	Picture	76_T_RWTRIAD_RW_sombrilla_red.png	4855162	43200	1	1900	2	43200	1800
S007_DAY2_MINITWICE_4643	83	Picture	RW	4857262	0	1	43199	3	0	43200
S007_DAY2_MINITWICE_4643	83	Pulse	99	4861116	3854	NA
S007_DAY2_MINITWICE_4643	83	Port Input	1	4861116	3854	NA
S007_DAY2_MINITWICE_4643	83	Response	51	4882601	25339	1
S007_DAY2_MINITWICE_4643	83	Pulse	99	4897117	39855	NA
S007_DAY2_MINITWICE_4643	83	Port Input	1	4897117	39855	NA
S007_DAY2_MINITWICE_4643	83	Picture	77_T_RWTRIAD_RW_cerillas_red.png	4900461	43199	2	1900	4	43200	1800
S007_DAY2_MINITWICE_4643	84	Picture	RW	4902761	0	1	43100	2	0	43200
S007_DAY2_MINITWICE_4643	84	Response	52	4921591	18830	1
S007_DAY2_MINITWICE_4643	84	Pulse	99	4933118	30357	NA
S007_DAY2_MINITWICE_4643	84	Port Input	1	4933118	30357	NA
S007_DAY2_MINITWICE_4643	84	Picture	78_T_RWTRIAD_RW_murcielago_red.png	4945861	43100	1	1900	2	43200	1800
S007_DAY2_MINITWICE_4643	85	Picture	RW	4947961	0	1	43200	2	0	43200
S007_DAY2_MINITWICE_4643	85	Response	52	4967500	19539	1
S007_DAY2_MINITWICE_4643	85	Pulse	99	4969119	21158	NA
S007_DAY2_MINITWICE_4643	85	Port Input	1	4969119	21158	NA
S007_DAY2_MINITWICE_4643	85	Picture	79_T_RWTRIAD_RW_pluma_red.png	4991161	43200	1	1900	2	43200	1800
S007_DAY2_MINITWICE_4643	86	Picture	RW	4993261	0	1	43199	2	0	43200
S007_DAY2_MINITWICE_4643	86	Pulse	99	5005120	11859	NA
S007_DAY2_MINITWICE_4643	86	Port Input	1	5005120	11859	NA
S007_DAY2_MINITWICE_4643	86	Response	51	5011540	18279	1
S007_DAY2_MINITWICE_4643	86	Picture	80_T_RWTRIAD_RW_paracaidas_red.png	5036460	43199	1	1900	2	43200	1800
S007_DAY2_MINITWICE_4643	87	Picture	rest	5038460	0	1	144099	2	0	144000
S007_DAY2_MINITWICE_4643	87	Pulse	99	5041121	2661	NA
S007_DAY2_MINITWICE_4643	87	Port Input	1	5041121	2661	NA
S007_DAY2_MINITWICE_4643	87	Pulse	99	5077121	38661	NA
S007_DAY2_MINITWICE_4643	87	Port Input	1	5077121	38661	NA
S007_DAY2_MINITWICE_4643	87	Pulse	99	5113122	74662	NA
S007_DAY2_MINITWICE_4643	87	Port Input	1	5113122	74662	NA
S007_DAY2_MINITWICE_4643	87	Pulse	99	5149123	110663	NA
S007_DAY2_MINITWICE_4643	87	Port Input	1	5149123	110663	NA
S007_DAY2_MINITWICE_4643	88	Picture	endrest	5182659	0	1	10100	2	0	10000
S007_DAY2_MINITWICE_4643	88	Pulse	99	5185124	2465	NA
S007_DAY2_MINITWICE_4643	88	Port Input	1	5185124	2465	NA
S007_DAY2_MINITWICE_4643	89	Picture	FF	5193159	0	1	43100	2	0	43200
S007_DAY2_MINITWICE_4643	89	Response	51	5213010	19851	1
S007_DAY2_MINITWICE_4643	89	Pulse	99	5221125	27966	NA
S007_DAY2_MINITWICE_4643	89	Port Input	1	5221125	27966	NA
S007_DAY2_MINITWICE_4643	89	Picture	83_T_FFTRIAD_FF_paracaidas_red.png	5236259	43100	1	1900	2	43200	1800
S007_DAY2_MINITWICE_4643	90	Picture	FF	5238559	0	1	43099	3	0	43200
S007_DAY2_MINITWICE_4643	90	Pulse	99	5257126	18567	NA
S007_DAY2_MINITWICE_4643	90	Port Input	1	5257126	18567	NA
S007_DAY2_MINITWICE_4643	90	Picture	84_T_FFTRIAD_FF_tijera_red.png	5281658	43099	2	1900	4	43200	1800
S007_DAY2_MINITWICE_4643	90	Response	52	5282536	43977	1
S007_DAY2_MINITWICE_4643	91	Picture	FF	5283958	0	2	43200	3	0	43200
S007_DAY2_MINITWICE_4643	91	Pulse	99	5293127	9169	NA
S007_DAY2_MINITWICE_4643	91	Port Input	1	5293127	9169	NA
S007_DAY2_MINITWICE_4643	91	Response	51	5319804	35846	4
S007_DAY2_MINITWICE_4643	91	Picture	85_T_FFTRIAD_FF_monja_red.png	5327158	43200	1	1900	2	43200	1800
S007_DAY2_MINITWICE_4643	91	Pulse	99	5329128	45170	NA
S007_DAY2_MINITWICE_4643	91	Port Input	1	5329128	45170	NA
S007_DAY2_MINITWICE_4643	92	Picture	FF	5329458	0	1	43100	2	0	43200
S007_DAY2_MINITWICE_4643	92	Response	51	5343685	14227	2
S007_DAY2_MINITWICE_4643	92	Pulse	99	5365129	35671	NA
S007_DAY2_MINITWICE_4643	92	Port Input	1	5365129	35671	NA
S007_DAY2_MINITWICE_4643	92	Picture	86_T_FFTRIAD_FF_charco_red.png	5372558	43100	1	1900	2	43200	1800
S007_DAY2_MINITWICE_4643	93	Picture	PW	5374758	0	1	43199	3	0	43200
S007_DAY2_MINITWICE_4643	93	Pulse	99	5401130	26372	NA
S007_DAY2_MINITWICE_4643	93	Port Input	1	5401130	26372	NA
S007_DAY2_MINITWICE_4643	93	Response	51	5415101	40343	1
S007_DAY2_MINITWICE_4643	93	Picture	87_T_PWTRIAD_PW_pilas_red.png	5417957	43199	2	1900	3	43200	1800
S007_DAY2_MINITWICE_4643	94	Picture	PW	5420057	0	1	43200	2	0	43200
S007_DAY2_MINITWICE_4643	94	Pulse	99	5437131	17074	NA
S007_DAY2_MINITWICE_4643	94	Port Input	1	5437131	17074	NA
S007_DAY2_MINITWICE_4643	94	Response	51	5458620	38563	1
S007_DAY2_MINITWICE_4643	94	Picture	88_T_PWTRIAD_PW_cuento_red.png	5463257	43200	1	1900	2	43200	1800
S007_DAY2_MINITWICE_4643	95	Picture	PW	5465357	0	1	43200	2	0	43200
S007_DAY2_MINITWICE_4643	95	Pulse	99	5473132	7775	NA
S007_DAY2_MINITWICE_4643	95	Port Input	1	5473132	7775	NA
S007_DAY2_MINITWICE_4643	95	Response	51	5500402	35045	3
S007_DAY2_MINITWICE_4643	95	Picture	89_T_PWTRIAD_PW_gafas_red.png	5508557	43200	1	1900	2	43200	1800
S007_DAY2_MINITWICE_4643	95	Pulse	99	5509133	43776	NA
S007_DAY2_MINITWICE_4643	95	Port Input	1	5509133	43776	NA
S007_DAY2_MINITWICE_4643	96	Picture	PW	5510657	0	1	43199	2	0	43200
S007_DAY2_MINITWICE_4643	96	Pulse	99	5545134	34477	NA
S007_DAY2_MINITWICE_4643	96	Port Input	1	5545134	34477	NA
S007_DAY2_MINITWICE_4643	96	Response	52	5545234	34577	1
S007_DAY2_MINITWICE_4643	96	Picture	90_T_PWTRIAD_PW_grapadora_red.png	5553856	43199	1	1900	2	43200	1800
S007_DAY2_MINITWICE_4643	97	Picture	rest	5555856	0	1	144099	2	0	144000
S007_DAY2_MINITWICE_4643	97	Pulse	99	5581135	25279	NA
S007_DAY2_MINITWICE_4643	97	Port Input	1	5581135	25279	NA
S007_DAY2_MINITWICE_4643	97	Pulse	99	5617136	61280	NA
S007_DAY2_MINITWICE_4643	97	Port Input	1	5617136	61280	NA
S007_DAY2_MINITWICE_4643	97	Pulse	99	5653137	97281	NA
S007_DAY2_MINITWICE_4643	97	Port Input	1	5653137	97281	NA
S007_DAY2_MINITWICE_4643	97	Pulse	99	5689137	133281	NA
S007_DAY2_MINITWICE_4643	97	Port Input	1	5689137	133281	NA
S007_DAY2_MINITWICE_4643	98	Picture	endrest	5700055	0	1	10100	2	0	10000
S007_DAY2_MINITWICE_4643	99	Picture	FF	5710555	0	1	43100	2	0	43200
S007_DAY2_MINITWICE_4643	99	Pulse	99	5725138	14583	NA
S007_DAY2_MINITWICE_4643	99	Port Input	1	5725138	14583	NA
S007_DAY2_MINITWICE_4643	99	Response	51	5735960	25405	1
S007_DAY2_MINITWICE_4643	99	Picture	93_T_FFTRIAD_FF_pincel_red.png	5753655	43100	1	1900	2	43200	1800
S007_DAY2_MINITWICE_4643	100	Picture	FF	5755855	0	1	43199	3	0	43200
S007_DAY2_MINITWICE_4643	100	Pulse	99	5761139	5284	NA
S007_DAY2_MINITWICE_4643	100	Port Input	1	5761139	5284	NA
S007_DAY2_MINITWICE_4643	100	Response	52	5777794	21939	1
S007_DAY2_MINITWICE_4643	100	Pulse	99	5797140	41285	NA
S007_DAY2_MINITWICE_4643	100	Port Input	1	5797140	41285	NA
S007_DAY2_MINITWICE_4643	100	Picture	94_T_FFTRIAD_FF_cerillas_red.png	5799054	43199	2	1900	4	43200	1800
S007_DAY2_MINITWICE_4643	101	Picture	FF	5801154	0	2	43200	3	0	43200
S007_DAY2_MINITWICE_4643	101	Response	52	5823034	21880	1
S007_DAY2_MINITWICE_4643	101	Pulse	99	5833141	31987	NA
S007_DAY2_MINITWICE_4643	101	Port Input	1	5833141	31987	NA
S007_DAY2_MINITWICE_4643	101	Picture	95_T_FFTRIAD_FF_cinturon_red.png	5844354	43200	1	1900	2	43200	1800
S007_DAY2_MINITWICE_4643	102	Picture	FF	5846554	0	1	43200	2	0	43200
S007_DAY2_MINITWICE_4643	102	Response	51	5863833	17279	1
S007_DAY2_MINITWICE_4643	102	Pulse	99	5869142	22588	NA
S007_DAY2_MINITWICE_4643	102	Port Input	1	5869142	22588	NA
S007_DAY2_MINITWICE_4643	102	Picture	96_T_FFTRIAD_FF_grifo_red.png	5889754	43200	1	1900	2	43200	1800
S007_DAY2_MINITWICE_4643	103	Picture	FF	5891854	0	1	43199	3	0	43200
S007_DAY2_MINITWICE_4643	103	Pulse	99	5905143	13289	NA
S007_DAY2_MINITWICE_4643	103	Port Input	1	5905143	13289	NA
S007_DAY2_MINITWICE_4643	103	Response	52	5907027	15173	2
S007_DAY2_MINITWICE_4643	103	Picture	97_T_FFTRIAD_FF_paraguas_red.png	5935053	43199	2	1900	3	43200	1800
S007_DAY2_MINITWICE_4643	104	Picture	FF	5937153	0	1	43200	2	0	43200
S007_DAY2_MINITWICE_4643	104	Pulse	99	5941144	3991	NA
S007_DAY2_MINITWICE_4643	104	Port Input	1	5941144	3991	NA
S007_DAY2_MINITWICE_4643	104	Response	52	5951450	14297	1
S007_DAY2_MINITWICE_4643	104	Pulse	99	5977145	39992	NA
S007_DAY2_MINITWICE_4643	104	Port Input	1	5977145	39992	NA
S007_DAY2_MINITWICE_4643	104	Picture	98_T_FFTRIAD_FF_pilas_red.png	5980353	43200	1	1900	2	43200	1800
S007_DAY2_MINITWICE_4643	105	Picture	FF	5982553	0	1	43200	2	0	43200
S007_DAY2_MINITWICE_4643	105	Response	52	5984941	2388	1
S007_DAY2_MINITWICE_4643	105	Pulse	99	6013146	30593	NA
S007_DAY2_MINITWICE_4643	105	Port Input	1	6013146	30593	NA
S007_DAY2_MINITWICE_4643	105	Picture	99_T_FFTRIAD_FF_arco_red.png	6025753	43200	1	1900	2	43200	1800
S007_DAY2_MINITWICE_4643	106	Picture	FF	6028053	0	1	43199	2	0	43200
S007_DAY2_MINITWICE_4643	106	Response	52	6048467	20414	1
S007_DAY2_MINITWICE_4643	106	Pulse	99	6049147	21094	NA
S007_DAY2_MINITWICE_4643	106	Port Input	1	6049147	21094	NA
S007_DAY2_MINITWICE_4643	106	Picture	100_T_FFTRIAD_FF_manos_red.png	6071252	43199	1	1900	2	43200	1800
S007_DAY2_MINITWICE_4643	107	Picture	rest	6073252	0	1	144099	2	0	144000
S007_DAY2_MINITWICE_4643	107	Pulse	99	6085148	11896	NA
S007_DAY2_MINITWICE_4643	107	Port Input	1	6085148	11896	NA
S007_DAY2_MINITWICE_4643	107	Pulse	99	6121149	47897	NA
S007_DAY2_MINITWICE_4643	107	Port Input	1	6121149	47897	NA
S007_DAY2_MINITWICE_4643	107	Pulse	99	6157150	83898	NA
S007_DAY2_MINITWICE_4643	107	Port Input	1	6157150	83898	NA
S007_DAY2_MINITWICE_4643	107	Pulse	99	6193151	119899	NA
S007_DAY2_MINITWICE_4643	107	Port Input	1	6193151	119899	NA
S007_DAY2_MINITWICE_4643	108	Picture	endrest	6217451	0	1	10100	2	0	10000
S007_DAY2_MINITWICE_4643	109	Picture	PW	6227951	0	1	43100	2	0	43200
S007_DAY2_MINITWICE_4643	109	Pulse	99	6229152	1201	NA
S007_DAY2_MINITWICE_4643	109	Port Input	1	6229152	1201	NA
S007_DAY2_MINITWICE_4643	109	Response	51	6258733	30782	1
S007_DAY2_MINITWICE_4643	109	Pulse	99	6265153	37202	NA
S007_DAY2_MINITWICE_4643	109	Port Input	1	6265153	37202	NA
S007_DAY2_MINITWICE_4643	109	Picture	103_T_PWTRIAD_PW_molino_red.png	6271051	43100	1	1900	2	43200	1800
S007_DAY2_MINITWICE_4643	110	Picture	PW	6273251	0	1	43199	3	0	43200
S007_DAY2_MINITWICE_4643	110	Pulse	99	6301154	27903	NA
S007_DAY2_MINITWICE_4643	110	Port Input	1	6301154	27903	NA
S007_DAY2_MINITWICE_4643	110	Response	52	6302722	29471	6
S007_DAY2_MINITWICE_4643	110	Picture	104_T_PWTRIAD_PW_martillo_red.png	6316450	43199	2	1900	4	43200	1800
S007_DAY2_MINITWICE_4643	111	Picture	PW	6318550	0	2	43200	3	0	43200
S007_DAY2_MINITWICE_4643	111	Pulse	99	6337154	18604	NA
S007_DAY2_MINITWICE_4643	111	Port Input	1	6337154	18604	NA
S007_DAY2_MINITWICE_4643	111	Response	51	6347826	29276	1
S007_DAY2_MINITWICE_4643	111	Picture	105_T_PWTRIAD_PW_tijera_red.png	6361750	43200	1	1900	2	43200	1800
S007_DAY2_MINITWICE_4643	112	Picture	PW	6364050	0	1	43100	2	0	43200
S007_DAY2_MINITWICE_4643	112	Pulse	99	6373155	9105	NA
S007_DAY2_MINITWICE_4643	112	Port Input	1	6373155	9105	NA
S007_DAY2_MINITWICE_4643	112	Response	51	6391440	27390	1
S007_DAY2_MINITWICE_4643	112	Picture	106_T_PWTRIAD_PW_cinturon_red.png	6407150	43100	1	1900	2	43200	1800
S007_DAY2_MINITWICE_4643	112	Pulse	99	6409156	45106	NA
S007_DAY2_MINITWICE_4643	112	Port Input	1	6409156	45106	NA
S007_DAY2_MINITWICE_4643	113	Picture	PW	6409250	0	1	43199	2	0	43200
S007_DAY2_MINITWICE_4643	113	Pulse	99	6445157	35907	NA
S007_DAY2_MINITWICE_4643	113	Port Input	1	6445157	35907	NA
S007_DAY2_MINITWICE_4643	113	Response	51	6447051	37801	1
S007_DAY2_MINITWICE_4643	113	Picture	107_T_PWTRIAD_PW_traje_red.png	6452449	43199	1	1900	2	43200	1800
S007_DAY2_MINITWICE_4643	114	Picture	PW	6454749	0	1	43100	2	0	43200
S007_DAY2_MINITWICE_4643	114	Pulse	99	6481158	26409	NA
S007_DAY2_MINITWICE_4643	114	Port Input	1	6481158	26409	NA
S007_DAY2_MINITWICE_4643	114	Response	52	6493882	39133	2
S007_DAY2_MINITWICE_4643	114	Picture	108_T_PWTRIAD_PW_sobre_red.png	6497849	43100	1	1900	2	43200	1800
S007_DAY2_MINITWICE_4643	115	Picture	PW	6499949	0	1	43200	2	0	43200
S007_DAY2_MINITWICE_4643	115	Pulse	99	6517159	17210	NA
S007_DAY2_MINITWICE_4643	115	Port Input	1	6517159	17210	NA
S007_DAY2_MINITWICE_4643	115	Picture	109_T_PWTRIAD_PW_television_red.png	6543149	43200	1	1900	2	43200	1800
S007_DAY2_MINITWICE_4643	116	Picture	PW	6545249	0	1	43199	2	0	43200
S007_DAY2_MINITWICE_4643	116	Response	52	6547733	2484	1
S007_DAY2_MINITWICE_4643	116	Pulse	99	6553160	7911	NA
S007_DAY2_MINITWICE_4643	116	Port Input	1	6553160	7911	NA
S007_DAY2_MINITWICE_4643	116	Response	52	6574522	29273	1
S007_DAY2_MINITWICE_4643	116	Picture	110_T_PWTRIAD_PW_paraguas_red.png	6588448	43199	1	1900	2	43200	1800
S007_DAY2_MINITWICE_4643	116	Pulse	99	6589161	43912	NA
S007_DAY2_MINITWICE_4643	116	Port Input	1	6589161	43912	NA
S007_DAY2_MINITWICE_4643	117	Picture	rest	6590448	0	1	144099	2	0	144000
S007_DAY2_MINITWICE_4643	117	Pulse	99	6625162	34714	NA
S007_DAY2_MINITWICE_4643	117	Port Input	1	6625162	34714	NA
S007_DAY2_MINITWICE_4643	117	Pulse	99	6661163	70715	NA
S007_DAY2_MINITWICE_4643	117	Port Input	1	6661163	70715	NA
S007_DAY2_MINITWICE_4643	117	Pulse	99	6697164	106716	NA
S007_DAY2_MINITWICE_4643	117	Port Input	1	6697164	106716	NA
S007_DAY2_MINITWICE_4643	117	Pulse	99	6733165	142717	NA
S007_DAY2_MINITWICE_4643	117	Port Input	1	6733165	142717	NA
S007_DAY2_MINITWICE_4643	118	Picture	endrest	6734647	0	1	10100	2	0	10000
S007_DAY2_MINITWICE_4643	119	Picture	PW	6744947	0	1	43200	2	0	43200
S007_DAY2_MINITWICE_4643	119	Pulse	99	6769166	24219	NA
S007_DAY2_MINITWICE_4643	119	Port Input	1	6769166	24219	NA
S007_DAY2_MINITWICE_4643	119	Response	52	6781763	36816	1
S007_DAY2_MINITWICE_4643	119	Picture	113_T_PWTRIAD_PW_raton_red.png	6788147	43200	1	1899	3	43200	1800
S007_DAY2_MINITWICE_4643	120	Picture	PW	6790347	0	1	43199	3	0	43200
S007_DAY2_MINITWICE_4643	120	Pulse	99	6805167	14820	NA
S007_DAY2_MINITWICE_4643	120	Port Input	1	6805167	14820	NA
S007_DAY2_MINITWICE_4643	120	Response	52	6832069	41722	1
S007_DAY2_MINITWICE_4643	120	Picture	114_T_PWTRIAD_PW_destornillador_red.png	6833546	43199	2	1900	3	43200	1800
S007_DAY2_MINITWICE_4643	121	Picture	PW	6835646	0	1	43200	2	0	43200
S007_DAY2_MINITWICE_4643	121	Pulse	99	6841168	5522	NA
S007_DAY2_MINITWICE_4643	121	Port Input	1	6841168	5522	NA
S007_DAY2_MINITWICE_4643	121	Pulse	99	6877169	41523	NA
S007_DAY2_MINITWICE_4643	121	Port Input	1	6877169	41523	NA
S007_DAY2_MINITWICE_4643	121	Picture	115_T_PWTRIAD_PW_llave_red.png	6878846	43200	1	1900	2	43200	1800
S007_DAY2_MINITWICE_4643	121	Response	51	6880395	44749	1
S007_DAY2_MINITWICE_4643	122	Picture	PW	6881146	0	1	43100	2	0	43200
S007_DAY2_MINITWICE_4643	122	Response	52	6911760	30614	1
S007_DAY2_MINITWICE_4643	122	Pulse	99	6913170	32024	NA
S007_DAY2_MINITWICE_4643	122	Port Input	1	6913170	32024	NA
S007_DAY2_MINITWICE_4643	122	Picture	116_T_PWTRIAD_PW_granjero_red.png	6924246	43100	1	1900	2	43200	1800
S007_DAY2_MINITWICE_4643	123	Picture	PW	6926346	0	1	43199	2	0	43200
S007_DAY2_MINITWICE_4643	123	Pulse	99	6949171	22825	NA
S007_DAY2_MINITWICE_4643	123	Port Input	1	6949171	22825	NA
S007_DAY2_MINITWICE_4643	123	Response	52	6959133	32787	1
S007_DAY2_MINITWICE_4643	123	Picture	117_T_PWTRIAD_PW_carruaje_red.png	6969545	43199	1	1900	2	43200	1800
S007_DAY2_MINITWICE_4643	124	Picture	PW	6971845	0	1	43100	2	0	43200
S007_DAY2_MINITWICE_4643	124	Pulse	99	6985171	13326	NA
S007_DAY2_MINITWICE_4643	124	Port Input	1	6985171	13326	NA
S007_DAY2_MINITWICE_4643	124	Response	51	6989365	17520	1
S007_DAY2_MINITWICE_4643	124	Picture	118_T_PWTRIAD_PW_pincel_red.png	7014945	43100	1	1900	2	43200	1800
S007_DAY2_MINITWICE_4643	125	Picture	PW	7017245	0	1	43100	2	0	43200
S007_DAY2_MINITWICE_4643	125	Pulse	99	7021172	3927	NA
S007_DAY2_MINITWICE_4643	125	Port Input	1	7021172	3927	NA
S007_DAY2_MINITWICE_4643	125	Response	51	7053679	36434	1
S007_DAY2_MINITWICE_4643	125	Pulse	99	7057173	39928	NA
S007_DAY2_MINITWICE_4643	125	Port Input	1	7057173	39928	NA
S007_DAY2_MINITWICE_4643	125	Picture	119_T_PWTRIAD_PW_ancla_red.png	7060345	43100	1	1900	2	43200	1800
S007_DAY2_MINITWICE_4643	126	Picture	PW	7062445	0	1	43199	2	0	43200
S007_DAY2_MINITWICE_4643	126	Pulse	99	7093174	30729	NA
S007_DAY2_MINITWICE_4643	126	Port Input	1	7093174	30729	NA
S007_DAY2_MINITWICE_4643	126	Response	51	7093215	30770	1
S007_DAY2_MINITWICE_4643	126	Picture	120_T_PWTRIAD_PW_mono_red.png	7105644	43199	1	1900	2	43200	1800
S007_DAY2_MINITWICE_4643	127	Picture	rest	7107644	0	1	144099	2	0	144000
S007_DAY2_MINITWICE_4643	127	Pulse	99	7129175	21531	NA
S007_DAY2_MINITWICE_4643	127	Port Input	1	7129175	21531	NA
S007_DAY2_MINITWICE_4643	127	Pulse	99	7165176	57532	NA
S007_DAY2_MINITWICE_4643	127	Port Input	1	7165176	57532	NA
S007_DAY2_MINITWICE_4643	127	Pulse	99	7201177	93533	NA
S007_DAY2_MINITWICE_4643	127	Port Input	1	7201177	93533	NA
S007_DAY2_MINITWICE_4643	127	Pulse	99	7237178	129534	NA
S007_DAY2_MINITWICE_4643	127	Port Input	1	7237178	129534	NA
S007_DAY2_MINITWICE_4643	128	Picture	endrest	7251843	0	1	10100	2	0	10000
S007_DAY2_MINITWICE_4643	129	Picture	PW	7262143	0	1	43200	2	0	43200
S007_DAY2_MINITWICE_4643	129	Pulse	99	7273179	11036	NA
S007_DAY2_MINITWICE_4643	129	Port Input	1	7273179	11036	NA
S007_DAY2_MINITWICE_4643	129	Response	52	7300668	38525	1
S007_DAY2_MINITWICE_4643	129	Picture	123_T_PWTRIAD_PW_dado_red.png	7305343	43200	1	1900	2	43200	1800
S007_DAY2_MINITWICE_4643	130	Picture	PW	7307643	0	1	43099	2	0	43200
S007_DAY2_MINITWICE_4643	130	Pulse	99	7309180	1537	NA
S007_DAY2_MINITWICE_4643	130	Port Input	1	7309180	1537	NA
S007_DAY2_MINITWICE_4643	130	Response	51	7333995	26352	31
S007_DAY2_MINITWICE_4643	130	Pulse	99	7345181	37538	NA
S007_DAY2_MINITWICE_4643	130	Port Input	1	7345181	37538	NA
S007_DAY2_MINITWICE_4643	130	Picture	124_T_PWTRIAD_PW_arbol_red.png	7350742	43099	1	1900	2	43200	1800
S007_DAY2_MINITWICE_4643	131	Picture	PW	7352842	0	2	43200	3	0	43200
S007_DAY2_MINITWICE_4643	131	Pulse	99	7381182	28340	NA
S007_DAY2_MINITWICE_4643	131	Port Input	1	7381182	28340	NA
S007_DAY2_MINITWICE_4643	131	Response	52	7391251	38409	1
S007_DAY2_MINITWICE_4643	131	Picture	125_T_PWTRIAD_PW_queso_red.png	7396042	43200	1	1900	2	43200	1800
S007_DAY2_MINITWICE_4643	132	Picture	PW	7398142	0	1	43200	2	0	43200
S007_DAY2_MINITWICE_4643	132	Pulse	99	7417183	19041	NA
S007_DAY2_MINITWICE_4643	132	Port Input	1	7417183	19041	NA
S007_DAY2_MINITWICE_4643	132	Response	52	7430805	32663	1
S007_DAY2_MINITWICE_4643	132	Picture	126_T_PWTRIAD_PW_madera_red.png	7441342	43200	1	1900	2	43200	1800
S007_DAY2_MINITWICE_4643	133	Picture	FF	7443542	0	1	43199	2	0	43200
S007_DAY2_MINITWICE_4643	133	Pulse	99	7453184	9642	NA
S007_DAY2_MINITWICE_4643	133	Port Input	1	7453184	9642	NA
S007_DAY2_MINITWICE_4643	133	Response	51	7465733	22191	1
S007_DAY2_MINITWICE_4643	133	Picture	127_T_FFTRIAD_FF_portatil_red.png	7486741	43199	1	1900	2	43200	1800
S007_DAY2_MINITWICE_4643	134	Picture	FF	7489041	0	1	43200	2	0	43200
S007_DAY2_MINITWICE_4643	134	Pulse	99	7489185	144	NA
S007_DAY2_MINITWICE_4643	134	Port Input	1	7489185	144	NA
S007_DAY2_MINITWICE_4643	134	Response	51	7503232	14191	1
S007_DAY2_MINITWICE_4643	134	Pulse	99	7525186	36145	NA
S007_DAY2_MINITWICE_4643	134	Port Input	1	7525186	36145	NA
S007_DAY2_MINITWICE_4643	134	Picture	128_T_FFTRIAD_FF_madera_red.png	7532241	43200	1	1900	2	43200	1800
S007_DAY2_MINITWICE_4643	135	Picture	FF	7534341	0	1	43200	2	0	43200
S007_DAY2_MINITWICE_4643	135	Pulse	99	7561187	26846	NA
S007_DAY2_MINITWICE_4643	135	Port Input	1	7561187	26846	NA
S007_DAY2_MINITWICE_4643	135	Response	52	7566060	31719	1
S007_DAY2_MINITWICE_4643	135	Picture	129_T_FFTRIAD_FF_policia_red.png	7577541	43200	1	1900	2	43200	1800
S007_DAY2_MINITWICE_4643	136	Picture	FF	7579741	0	1	43199	2	0	43200
S007_DAY2_MINITWICE_4643	136	Pulse	99	7597188	17447	NA
S007_DAY2_MINITWICE_4643	136	Port Input	1	7597188	17447	NA
S007_DAY2_MINITWICE_4643	136	Response	52	7601519	21778	1
S007_DAY2_MINITWICE_4643	136	Picture	130_T_FFTRIAD_FF_murcielago_red.png	7622940	43199	1	1900	2	43200	1800
S007_DAY2_MINITWICE_4643	137	Picture	rest	7624940	0	1	144099	2	0	144000
S007_DAY2_MINITWICE_4643	137	Pulse	99	7633189	8249	NA
S007_DAY2_MINITWICE_4643	137	Port Input	1	7633189	8249	NA
S007_DAY2_MINITWICE_4643	137	Pulse	99	7669189	44249	NA
S007_DAY2_MINITWICE_4643	137	Port Input	1	7669189	44249	NA
S007_DAY2_MINITWICE_4643	137	Pulse	99	7705190	80250	NA
S007_DAY2_MINITWICE_4643	137	Port Input	1	7705190	80250	NA
S007_DAY2_MINITWICE_4643	137	Pulse	99	7741191	116251	NA
S007_DAY2_MINITWICE_4643	137	Port Input	1	7741191	116251	NA
S007_DAY2_MINITWICE_4643	138	Picture	endrest	7769139	0	1	10100	2	0	10000
S007_DAY2_MINITWICE_4643	138	Pulse	99	7777192	8053	NA
S007_DAY2_MINITWICE_4643	138	Port Input	1	7777192	8053	NA
S007_DAY2_MINITWICE_4643	139	Picture	RW	7779439	0	1	43200	2	0	43200
S007_DAY2_MINITWICE_4643	139	Response	52	7799497	20058	1
S007_DAY2_MINITWICE_4643	139	Pulse	99	7813193	33754	NA
S007_DAY2_MINITWICE_4643	139	Port Input	1	7813193	33754	NA
S007_DAY2_MINITWICE_4643	139	Picture	133_T_RWTRIAD_RW_arbol_red.png	7822639	43200	1	1900	2	43200	1800
S007_DAY2_MINITWICE_4643	140	Picture	RW	7824739	0	1	43199	2	0	43200
S007_DAY2_MINITWICE_4643	140	Response	52	7842945	18206	1
S007_DAY2_MINITWICE_4643	140	Pulse	99	7849194	24455	NA
S007_DAY2_MINITWICE_4643	140	Port Input	1	7849194	24455	NA
S007_DAY2_MINITWICE_4643	140	Picture	134_T_RWTRIAD_RW_sapo_red.png	7867938	43199	1	1900	2	43200	1800
S007_DAY2_MINITWICE_4643	141	Picture	RW	7870038	0	1	43200	2	0	43200
S007_DAY2_MINITWICE_4643	141	Pulse	99	7885195	15157	NA
S007_DAY2_MINITWICE_4643	141	Port Input	1	7885195	15157	NA
S007_DAY2_MINITWICE_4643	141	Response	51	7890017	19979	1
S007_DAY2_MINITWICE_4643	141	Picture	135_T_RWTRIAD_RW_teclado_red.png	7913238	43200	1	1900	2	43200	1800
S007_DAY2_MINITWICE_4643	142	Picture	RW	7915338	0	1	43200	2	0	43200
S007_DAY2_MINITWICE_4643	142	Pulse	99	7921196	5858	NA
S007_DAY2_MINITWICE_4643	142	Port Input	1	7921196	5858	NA
S007_DAY2_MINITWICE_4643	142	Response	51	7937016	21678	1
S007_DAY2_MINITWICE_4643	142	Pulse	99	7957197	41859	NA
S007_DAY2_MINITWICE_4643	142	Port Input	1	7957197	41859	NA
S007_DAY2_MINITWICE_4643	142	Picture	136_T_RWTRIAD_RW_television_red.png	7958538	43200	1	1900	2	43200	1800
S007_DAY2_MINITWICE_4643	143	Picture	rest	7960538	0	1	144098	3	0	144000
S007_DAY2_MINITWICE_4643	143	Pulse	99	7993198	32660	NA
S007_DAY2_MINITWICE_4643	143	Port Input	1	7993198	32660	NA
S007_DAY2_MINITWICE_4643	144	Picture	endrest	8104736	0	2	10100	3	0	10000
S007_DAY2_MINITWICE_4643	145	Picture	endrest	8114936	0	2	10100	3	0	10000
S007_DAY2_MINITWICE_4643	146	Picture	endrest	8125136	0	1	10100	2	0	10000
S007_DAY2_MINITWICE_4643	147	Picture	endrest	8135336	0	1	10100	2	0	10000
