Scenario - vOT_Triads_fMRI_I
Logfile written - 05/11/2015 13:04:25

Subject	Trial	Event Type	Code	Time	TTime	Uncertainty	Duration	Uncertainty	ReqTime	ReqDur

S007_DAY1_MINITWICE_4643	1	Response	98	124961	134861	1
S007_DAY1_MINITWICE_4643	2	Response	52	245689	120691	1
S007_DAY1_MINITWICE_4643	2	Response	98	414146	289148	1
S007_DAY1_MINITWICE_4643	3	Response	52	619392	205095	1
S007_DAY1_MINITWICE_4643	3	Response	98	702472	288175	1
S007_DAY1_MINITWICE_4643	4	Response	52	774005	71409	1
S007_DAY1_MINITWICE_4643	4	Response	98	1079979	377383	1
S007_DAY1_MINITWICE_4643	6	Pulse	99	1271515	191420	NA
S007_DAY1_MINITWICE_4643	6	Port Input	1	1271515	191420	NA
S007_DAY1_MINITWICE_4643	6	Pulse	99	1307517	227422	NA
S007_DAY1_MINITWICE_4643	6	Port Input	1	1307517	227422	NA
S007_DAY1_MINITWICE_4643	6	Pulse	99	1343518	263423	NA
S007_DAY1_MINITWICE_4643	6	Port Input	1	1343518	263423	NA
S007_DAY1_MINITWICE_4643	6	Pulse	99	1379519	299424	NA
S007_DAY1_MINITWICE_4643	6	Port Input	1	1379519	299424	NA
S007_DAY1_MINITWICE_4643	6	Pulse	99	1415520	335425	NA
S007_DAY1_MINITWICE_4643	6	Port Input	1	1415520	335425	NA
S007_DAY1_MINITWICE_4643	7	Picture	rest	1415793	0	1	144100	2	0	144000
S007_DAY1_MINITWICE_4643	7	Pulse	99	1451521	35728	NA
S007_DAY1_MINITWICE_4643	7	Port Input	1	1451521	35728	NA
S007_DAY1_MINITWICE_4643	7	Pulse	99	1487522	71729	NA
S007_DAY1_MINITWICE_4643	7	Port Input	1	1487522	71729	NA
S007_DAY1_MINITWICE_4643	7	Pulse	99	1523523	107730	NA
S007_DAY1_MINITWICE_4643	7	Port Input	1	1523523	107730	NA
S007_DAY1_MINITWICE_4643	7	Pulse	99	1559524	143731	NA
S007_DAY1_MINITWICE_4643	7	Port Input	1	1559524	143731	NA
S007_DAY1_MINITWICE_4643	8	Picture	endrest	1559992	0	2	10101	3	0	10000
S007_DAY1_MINITWICE_4643	9	Picture	FF	1570292	0	2	43200	3	0	43200
S007_DAY1_MINITWICE_4643	9	Response	52	1582554	12262	1
S007_DAY1_MINITWICE_4643	9	Pulse	99	1595525	25233	NA
S007_DAY1_MINITWICE_4643	9	Port Input	1	1595525	25233	NA
S007_DAY1_MINITWICE_4643	9	Picture	3_T_FFTRIAD_FF_granjero_red.png	1613492	43200	1	1900	2	43200	1800
S007_DAY1_MINITWICE_4643	10	Picture	FF	1615592	0	1	43200	2	0	43200
S007_DAY1_MINITWICE_4643	10	Response	51	1627977	12385	1
S007_DAY1_MINITWICE_4643	10	Pulse	99	1631526	15934	NA
S007_DAY1_MINITWICE_4643	10	Port Input	1	1631526	15934	NA
S007_DAY1_MINITWICE_4643	10	Picture	4_T_FFTRIAD_FF_dado_red.png	1658792	43200	1	1900	2	43200	1800
S007_DAY1_MINITWICE_4643	11	Picture	FF	1660892	0	1	43200	2	0	43200
S007_DAY1_MINITWICE_4643	11	Pulse	99	1667527	6635	NA
S007_DAY1_MINITWICE_4643	11	Port Input	1	1667527	6635	NA
S007_DAY1_MINITWICE_4643	11	Response	51	1674463	13571	1
S007_DAY1_MINITWICE_4643	11	Pulse	99	1703528	42636	NA
S007_DAY1_MINITWICE_4643	11	Port Input	1	1703528	42636	NA
S007_DAY1_MINITWICE_4643	11	Picture	5_T_FFTRIAD_FF_traje_red.png	1704092	43200	1	1900	2	43200	1800
S007_DAY1_MINITWICE_4643	12	Picture	FF	1706192	0	1	43200	2	0	43200
S007_DAY1_MINITWICE_4643	12	Response	51	1721645	15453	2
S007_DAY1_MINITWICE_4643	12	Pulse	99	1739530	33338	NA
S007_DAY1_MINITWICE_4643	12	Port Input	1	1739530	33338	NA
S007_DAY1_MINITWICE_4643	12	Picture	6_T_FFTRIAD_FF_estetoscopio_red.png	1749392	43200	1	1900	2	43200	1800
S007_DAY1_MINITWICE_4643	13	Picture	FF	1751492	0	1	43200	2	0	43200
S007_DAY1_MINITWICE_4643	13	Response	51	1765565	14073	1
S007_DAY1_MINITWICE_4643	13	Pulse	99	1775531	24039	NA
S007_DAY1_MINITWICE_4643	13	Port Input	1	1775531	24039	NA
S007_DAY1_MINITWICE_4643	13	Picture	7_T_FFTRIAD_FF_martillo_red.png	1794692	43200	1	1900	2	43200	1800
S007_DAY1_MINITWICE_4643	14	Picture	FF	1796792	0	1	43199	2	0	43200
S007_DAY1_MINITWICE_4643	14	Response	51	1809465	12673	1
S007_DAY1_MINITWICE_4643	14	Pulse	99	1811532	14740	NA
S007_DAY1_MINITWICE_4643	14	Port Input	1	1811532	14740	NA
S007_DAY1_MINITWICE_4643	14	Picture	8_T_FFTRIAD_FF_sombrilla_red.png	1839991	43199	1	1900	3	43200	1800
S007_DAY1_MINITWICE_4643	15	Picture	FF	1842091	0	1	43200	2	0	43200
S007_DAY1_MINITWICE_4643	15	Pulse	99	1847533	5442	NA
S007_DAY1_MINITWICE_4643	15	Port Input	1	1847533	5442	NA
S007_DAY1_MINITWICE_4643	15	Response	52	1857904	15813	2
S007_DAY1_MINITWICE_4643	15	Pulse	99	1883534	41443	NA
S007_DAY1_MINITWICE_4643	15	Port Input	1	1883534	41443	NA
S007_DAY1_MINITWICE_4643	15	Picture	9_T_FFTRIAD_FF_esquimal_red.png	1885291	43200	1	1900	2	43200	1800
S007_DAY1_MINITWICE_4643	16	Picture	FF	1887391	0	1	43200	2	0	43200
S007_DAY1_MINITWICE_4643	16	Response	51	1903787	16396	1
S007_DAY1_MINITWICE_4643	16	Pulse	99	1919535	32144	NA
S007_DAY1_MINITWICE_4643	16	Port Input	1	1919535	32144	NA
S007_DAY1_MINITWICE_4643	16	Picture	10_T_FFTRIAD_FF_violin_red.png	1930591	43200	1	1900	2	43200	1800
S007_DAY1_MINITWICE_4643	17	Picture	rest	1932591	0	1	144099	3	0	144000
S007_DAY1_MINITWICE_4643	17	Pulse	99	1955536	22945	NA
S007_DAY1_MINITWICE_4643	17	Port Input	1	1955536	22945	NA
S007_DAY1_MINITWICE_4643	17	Pulse	99	1991537	58946	NA
S007_DAY1_MINITWICE_4643	17	Port Input	1	1991537	58946	NA
S007_DAY1_MINITWICE_4643	17	Pulse	99	2027538	94947	NA
S007_DAY1_MINITWICE_4643	17	Port Input	1	2027538	94947	NA
S007_DAY1_MINITWICE_4643	17	Pulse	99	2063539	130948	NA
S007_DAY1_MINITWICE_4643	17	Port Input	1	2063539	130948	NA
S007_DAY1_MINITWICE_4643	18	Picture	endrest	2076755	0	42	10035	43	0	10000
S007_DAY1_MINITWICE_4643	19	Picture	RW	2086990	0	2	43200	3	0	43200
S007_DAY1_MINITWICE_4643	19	Pulse	99	2099540	12550	NA
S007_DAY1_MINITWICE_4643	19	Port Input	1	2099540	12550	NA
S007_DAY1_MINITWICE_4643	19	Response	51	2116601	29611	1
S007_DAY1_MINITWICE_4643	19	Picture	13_T_RWTRIAD_RW_manos_red.png	2130190	43200	1	1900	2	43200	1800
S007_DAY1_MINITWICE_4643	20	Picture	RW	2132290	0	1	43200	2	0	43200
S007_DAY1_MINITWICE_4643	20	Pulse	99	2135541	3251	NA
S007_DAY1_MINITWICE_4643	20	Port Input	1	2135541	3251	NA
S007_DAY1_MINITWICE_4643	20	Response	52	2155783	23493	1
S007_DAY1_MINITWICE_4643	20	Pulse	99	2171542	39252	NA
S007_DAY1_MINITWICE_4643	20	Port Input	1	2171542	39252	NA
S007_DAY1_MINITWICE_4643	20	Picture	14_T_RWTRIAD_RW_pincel_red.png	2175490	43200	1	1900	2	43200	1800
S007_DAY1_MINITWICE_4643	21	Picture	RW	2177590	0	1	43200	2	0	43200
S007_DAY1_MINITWICE_4643	21	Response	52	2195722	18132	1
S007_DAY1_MINITWICE_4643	21	Pulse	99	2207544	29954	NA
S007_DAY1_MINITWICE_4643	21	Port Input	1	2207544	29954	NA
S007_DAY1_MINITWICE_4643	21	Picture	15_T_RWTRIAD_RW_queso_red.png	2220790	43200	1	1900	2	43200	1800
S007_DAY1_MINITWICE_4643	22	Picture	RW	2222890	0	1	43200	2	0	43200
S007_DAY1_MINITWICE_4643	22	Response	51	2238687	15797	1
S007_DAY1_MINITWICE_4643	22	Pulse	99	2243545	20655	NA
S007_DAY1_MINITWICE_4643	22	Port Input	1	2243545	20655	NA
S007_DAY1_MINITWICE_4643	22	Picture	16_T_RWTRIAD_RW_perro_red.png	2266090	43200	1	1900	2	43200	1800
S007_DAY1_MINITWICE_4643	23	Picture	RW	2268190	0	1	43199	3	0	43200
S007_DAY1_MINITWICE_4643	23	Pulse	99	2279546	11356	NA
S007_DAY1_MINITWICE_4643	23	Port Input	1	2279546	11356	NA
S007_DAY1_MINITWICE_4643	23	Response	51	2286558	18368	1
S007_DAY1_MINITWICE_4643	23	Picture	17_T_RWTRIAD_RW_bala_red.png	2311389	43199	2	1900	4	43200	1800
S007_DAY1_MINITWICE_4643	24	Picture	RW	2313489	0	1	43200	2	0	43200
S007_DAY1_MINITWICE_4643	24	Pulse	99	2315547	2058	NA
S007_DAY1_MINITWICE_4643	24	Port Input	1	2315547	2058	NA
S007_DAY1_MINITWICE_4643	24	Response	52	2328565	15076	1
S007_DAY1_MINITWICE_4643	24	Pulse	99	2351548	38059	NA
S007_DAY1_MINITWICE_4643	24	Port Input	1	2351548	38059	NA
S007_DAY1_MINITWICE_4643	24	Picture	18_T_RWTRIAD_RW_plato_red.png	2356689	43200	1	1900	2	43200	1800
S007_DAY1_MINITWICE_4643	25	Picture	RW	2358789	0	1	43200	2	0	43200
S007_DAY1_MINITWICE_4643	25	Response	51	2375401	16612	1
S007_DAY1_MINITWICE_4643	25	Pulse	99	2387549	28760	NA
S007_DAY1_MINITWICE_4643	25	Port Input	1	2387549	28760	NA
S007_DAY1_MINITWICE_4643	25	Picture	19_T_RWTRIAD_RW_candado_red.png	2401989	43200	1	1900	2	43200	1800
S007_DAY1_MINITWICE_4643	26	Picture	RW	2404089	0	1	43200	2	0	43200
S007_DAY1_MINITWICE_4643	26	Response	52	2420015	15926	1
S007_DAY1_MINITWICE_4643	26	Pulse	99	2423550	19461	NA
S007_DAY1_MINITWICE_4643	26	Port Input	1	2423550	19461	NA
S007_DAY1_MINITWICE_4643	26	Picture	20_T_RWTRIAD_RW_bebe_red.png	2447289	43200	1	1900	2	43200	1800
S007_DAY1_MINITWICE_4643	27	Picture	rest	2449289	0	1	144099	2	0	144000
S007_DAY1_MINITWICE_4643	27	Pulse	99	2459551	10262	NA
S007_DAY1_MINITWICE_4643	27	Port Input	1	2459551	10262	NA
S007_DAY1_MINITWICE_4643	27	Pulse	99	2495552	46263	NA
S007_DAY1_MINITWICE_4643	27	Port Input	1	2495552	46263	NA
S007_DAY1_MINITWICE_4643	27	Pulse	99	2531553	82264	NA
S007_DAY1_MINITWICE_4643	27	Port Input	1	2531553	82264	NA
S007_DAY1_MINITWICE_4643	27	Pulse	99	2567554	118265	NA
S007_DAY1_MINITWICE_4643	27	Port Input	1	2567554	118265	NA
S007_DAY1_MINITWICE_4643	28	Picture	endrest	2593488	0	1	10100	2	0	10000
S007_DAY1_MINITWICE_4643	28	Pulse	99	2603556	10068	NA
S007_DAY1_MINITWICE_4643	28	Port Input	1	2603556	10068	NA
S007_DAY1_MINITWICE_4643	29	Picture	RW	2603788	0	1	43200	3	0	43200
S007_DAY1_MINITWICE_4643	29	Response	51	2622126	18338	2
S007_DAY1_MINITWICE_4643	29	Pulse	99	2639557	35769	NA
S007_DAY1_MINITWICE_4643	29	Port Input	1	2639557	35769	NA
S007_DAY1_MINITWICE_4643	29	Picture	23_T_RWTRIAD_RW_telefono_red.png	2646988	43200	2	1900	3	43200	1800
S007_DAY1_MINITWICE_4643	30	Picture	RW	2649088	0	1	43200	3	0	43200
S007_DAY1_MINITWICE_4643	30	Response	51	2664875	15787	1
S007_DAY1_MINITWICE_4643	30	Pulse	99	2675558	26470	NA
S007_DAY1_MINITWICE_4643	30	Port Input	1	2675558	26470	NA
S007_DAY1_MINITWICE_4643	30	Picture	24_T_RWTRIAD_RW_botella_red.png	2692288	43200	2	1900	3	43200	1800
S007_DAY1_MINITWICE_4643	31	Picture	RW	2694388	0	1	43200	2	0	43200
S007_DAY1_MINITWICE_4643	31	Pulse	99	2711559	17171	NA
S007_DAY1_MINITWICE_4643	31	Port Input	1	2711559	17171	NA
S007_DAY1_MINITWICE_4643	31	Response	51	2713583	19195	1
S007_DAY1_MINITWICE_4643	31	Picture	25_T_RWTRIAD_RW_madera_red.png	2737588	43200	1	1899	3	43200	1800
S007_DAY1_MINITWICE_4643	32	Picture	RW	2739687	0	2	43200	4	0	43200
S007_DAY1_MINITWICE_4643	32	Pulse	99	2747560	7873	NA
S007_DAY1_MINITWICE_4643	32	Port Input	1	2747560	7873	NA
S007_DAY1_MINITWICE_4643	32	Response	52	2751977	12290	1
S007_DAY1_MINITWICE_4643	32	Response	51	2757538	17851	2
S007_DAY1_MINITWICE_4643	32	Response	51	2760206	20519	1
S007_DAY1_MINITWICE_4643	32	Response	51	2763245	23558	1
S007_DAY1_MINITWICE_4643	32	Response	51	2765394	25707	1
S007_DAY1_MINITWICE_4643	32	Picture	26_T_RWTRIAD_RW_chupete_red.png	2782887	43200	2	1901	3	43200	1800
S007_DAY1_MINITWICE_4643	32	Pulse	99	2783561	43874	NA
S007_DAY1_MINITWICE_4643	32	Port Input	1	2783561	43874	NA
S007_DAY1_MINITWICE_4643	33	Picture	FF	2784987	0	2	43200	3	0	43200
S007_DAY1_MINITWICE_4643	33	Response	52	2803951	18964	1
S007_DAY1_MINITWICE_4643	33	Pulse	99	2819562	34575	NA
S007_DAY1_MINITWICE_4643	33	Port Input	1	2819562	34575	NA
S007_DAY1_MINITWICE_4643	33	Picture	27_T_FFTRIAD_FF_molino_red.png	2828187	43200	1	1900	2	43200	1800
S007_DAY1_MINITWICE_4643	34	Picture	FF	2830287	0	2	43199	4	0	43200
S007_DAY1_MINITWICE_4643	34	Response	51	2845824	15537	1
S007_DAY1_MINITWICE_4643	34	Pulse	99	2855563	25276	NA
S007_DAY1_MINITWICE_4643	34	Port Input	1	2855563	25276	NA
S007_DAY1_MINITWICE_4643	34	Picture	28_T_FFTRIAD_FF_futbol_red.png	2873486	43199	2	1901	3	43200	1800
S007_DAY1_MINITWICE_4643	35	Picture	FF	2875587	0	2	43200	3	0	43200
S007_DAY1_MINITWICE_4643	35	Pulse	99	2891564	15977	NA
S007_DAY1_MINITWICE_4643	35	Port Input	1	2891564	15977	NA
S007_DAY1_MINITWICE_4643	35	Response	52	2893236	17649	1
S007_DAY1_MINITWICE_4643	35	Picture	29_T_FFTRIAD_FF_pizarra_red.png	2918787	43200	1	1900	3	43200	1800
S007_DAY1_MINITWICE_4643	36	Picture	FF	2920887	0	1	43200	2	0	43200
S007_DAY1_MINITWICE_4643	36	Pulse	99	2927565	6678	NA
S007_DAY1_MINITWICE_4643	36	Port Input	1	2927565	6678	NA
S007_DAY1_MINITWICE_4643	36	Response	52	2934040	13153	1
S007_DAY1_MINITWICE_4643	36	Pulse	99	2963566	42679	NA
S007_DAY1_MINITWICE_4643	36	Port Input	1	2963566	42679	NA
S007_DAY1_MINITWICE_4643	36	Picture	30_T_FFTRIAD_FF_iglu_red.png	2964087	43200	1	1900	3	43200	1800
S007_DAY1_MINITWICE_4643	37	Picture	rest	2966087	0	2	144099	3	0	144000
S007_DAY1_MINITWICE_4643	37	Pulse	99	2999567	33480	NA
S007_DAY1_MINITWICE_4643	37	Port Input	1	2999567	33480	NA
S007_DAY1_MINITWICE_4643	37	Pulse	99	3035568	69481	NA
S007_DAY1_MINITWICE_4643	37	Port Input	1	3035568	69481	NA
S007_DAY1_MINITWICE_4643	37	Pulse	99	3071570	105483	NA
S007_DAY1_MINITWICE_4643	37	Port Input	1	3071570	105483	NA
S007_DAY1_MINITWICE_4643	37	Pulse	99	3107571	141484	NA
S007_DAY1_MINITWICE_4643	37	Port Input	1	3107571	141484	NA
S007_DAY1_MINITWICE_4643	38	Picture	endrest	3110285	0	3	10101	4	0	10000
S007_DAY1_MINITWICE_4643	39	Picture	FF	3120585	0	3	43100	5	0	43200
S007_DAY1_MINITWICE_4643	39	Response	52	3137825	17240	1
S007_DAY1_MINITWICE_4643	39	Pulse	99	3143572	22987	NA
S007_DAY1_MINITWICE_4643	39	Port Input	1	3143572	22987	NA
S007_DAY1_MINITWICE_4643	39	Picture	33_T_FFTRIAD_FF_anillo_red.png	3163685	43100	2	1900	4	43200	1800
S007_DAY1_MINITWICE_4643	40	Picture	FF	3165785	0	2	43201	3	0	43200
S007_DAY1_MINITWICE_4643	40	Pulse	99	3179573	13788	NA
S007_DAY1_MINITWICE_4643	40	Port Input	1	3179573	13788	NA
S007_DAY1_MINITWICE_4643	40	Response	51	3179702	13917	1
S007_DAY1_MINITWICE_4643	40	Picture	34_T_FFTRIAD_FF_leche_red.png	3208986	43201	1	1899	3	43200	1800
S007_DAY1_MINITWICE_4643	41	Picture	FF	3211086	0	1	43198	4	0	43200
S007_DAY1_MINITWICE_4643	41	Pulse	99	3215574	4488	NA
S007_DAY1_MINITWICE_4643	41	Port Input	1	3215574	4488	NA
S007_DAY1_MINITWICE_4643	41	Pulse	99	3251575	40489	NA
S007_DAY1_MINITWICE_4643	41	Port Input	1	3251575	40489	NA
S007_DAY1_MINITWICE_4643	41	Picture	35_T_FFTRIAD_FF_lechuga_red.png	3254284	43198	3	1901	5	43200	1800
S007_DAY1_MINITWICE_4643	42	Picture	FF	3256385	0	2	43199	4	0	43200
S007_DAY1_MINITWICE_4643	42	Response	52	3275338	18953	1
S007_DAY1_MINITWICE_4643	42	Pulse	99	3287576	31191	NA
S007_DAY1_MINITWICE_4643	42	Port Input	1	3287576	31191	NA
S007_DAY1_MINITWICE_4643	42	Picture	36_T_FFTRIAD_FF_oruga_red.png	3299584	43199	2	1901	3	43200	1800
S007_DAY1_MINITWICE_4643	43	Picture	FF	3301684	0	2	43201	3	0	43200
S007_DAY1_MINITWICE_4643	43	Response	52	3321528	19844	1
S007_DAY1_MINITWICE_4643	43	Pulse	99	3323577	21893	NA
S007_DAY1_MINITWICE_4643	43	Port Input	1	3323577	21893	NA
S007_DAY1_MINITWICE_4643	43	Picture	37_T_FFTRIAD_FF_raton_red.png	3344885	43201	1	1900	2	43200	1800
S007_DAY1_MINITWICE_4643	44	Picture	FF	3346985	0	1	43200	2	0	43200
S007_DAY1_MINITWICE_4643	44	Pulse	99	3359578	12593	NA
S007_DAY1_MINITWICE_4643	44	Port Input	1	3359578	12593	NA
S007_DAY1_MINITWICE_4643	44	Response	51	3375704	28719	1
S007_DAY1_MINITWICE_4643	44	Picture	38_T_FFTRIAD_FF_dedal_red.png	3390185	43200	1	1900	2	43200	1800
S007_DAY1_MINITWICE_4643	45	Picture	FF	3392285	0	1	43200	2	0	43200
S007_DAY1_MINITWICE_4643	45	Pulse	99	3395579	3294	NA
S007_DAY1_MINITWICE_4643	45	Port Input	1	3395579	3294	NA
S007_DAY1_MINITWICE_4643	45	Response	52	3405761	13476	1
S007_DAY1_MINITWICE_4643	45	Pulse	99	3431580	39295	NA
S007_DAY1_MINITWICE_4643	45	Port Input	1	3431580	39295	NA
S007_DAY1_MINITWICE_4643	45	Picture	39_T_FFTRIAD_FF_almohada_red.png	3435485	43200	1	1900	2	43200	1800
S007_DAY1_MINITWICE_4643	46	Picture	FF	3437585	0	1	43199	3	0	43200
S007_DAY1_MINITWICE_4643	46	Response	52	3451502	13917	2
S007_DAY1_MINITWICE_4643	46	Pulse	99	3467581	29996	NA
S007_DAY1_MINITWICE_4643	46	Port Input	1	3467581	29996	NA
S007_DAY1_MINITWICE_4643	46	Picture	40_T_FFTRIAD_FF_mono_red.png	3480784	43199	2	1900	4	43200	1800
S007_DAY1_MINITWICE_4643	47	Picture	rest	3482785	0	1	144099	2	0	144000
S007_DAY1_MINITWICE_4643	47	Pulse	99	3503582	20797	NA
S007_DAY1_MINITWICE_4643	47	Port Input	1	3503582	20797	NA
S007_DAY1_MINITWICE_4643	47	Pulse	99	3539584	56799	NA
S007_DAY1_MINITWICE_4643	47	Port Input	1	3539584	56799	NA
S007_DAY1_MINITWICE_4643	47	Pulse	99	3575585	92800	NA
S007_DAY1_MINITWICE_4643	47	Port Input	1	3575585	92800	NA
S007_DAY1_MINITWICE_4643	47	Pulse	99	3611586	128801	NA
S007_DAY1_MINITWICE_4643	47	Port Input	1	3611586	128801	NA
S007_DAY1_MINITWICE_4643	48	Picture	endrest	3626984	0	1	10100	2	0	10000
S007_DAY1_MINITWICE_4643	49	Picture	RW	3637284	0	1	43200	2	0	43200
S007_DAY1_MINITWICE_4643	49	Pulse	99	3647587	10303	NA
S007_DAY1_MINITWICE_4643	49	Port Input	1	3647587	10303	NA
S007_DAY1_MINITWICE_4643	49	Response	51	3655249	17965	1
S007_DAY1_MINITWICE_4643	49	Picture	43_T_RWTRIAD_RW_tenedor_red.png	3680484	43200	1	1900	2	43200	1800
S007_DAY1_MINITWICE_4643	50	Picture	RW	3682584	0	1	43199	3	0	43200
S007_DAY1_MINITWICE_4643	50	Pulse	99	3683588	1004	NA
S007_DAY1_MINITWICE_4643	50	Port Input	1	3683588	1004	NA
S007_DAY1_MINITWICE_4643	50	Response	52	3703940	21356	1
S007_DAY1_MINITWICE_4643	50	Pulse	99	3719589	37005	NA
S007_DAY1_MINITWICE_4643	50	Port Input	1	3719589	37005	NA
S007_DAY1_MINITWICE_4643	50	Picture	44_T_RWTRIAD_RW_banera_red.png	3725783	43199	2	1900	4	43200	1800
S007_DAY1_MINITWICE_4643	51	Picture	RW	3727884	0	1	43199	2	0	43200
S007_DAY1_MINITWICE_4643	51	Response	52	3742962	15078	1
S007_DAY1_MINITWICE_4643	51	Pulse	99	3755590	27706	NA
S007_DAY1_MINITWICE_4643	51	Port Input	1	3755590	27706	NA
S007_DAY1_MINITWICE_4643	51	Picture	45_T_RWTRIAD_RW_bellota_red.png	3771083	43199	1	1900	2	43200	1800
S007_DAY1_MINITWICE_4643	52	Picture	RW	3773183	0	1	43200	2	0	43200
S007_DAY1_MINITWICE_4643	52	Response	52	3786165	12982	1
S007_DAY1_MINITWICE_4643	52	Pulse	99	3791591	18408	NA
S007_DAY1_MINITWICE_4643	52	Port Input	1	3791591	18408	NA
S007_DAY1_MINITWICE_4643	52	Picture	46_T_RWTRIAD_RW_lechuga_red.png	3816383	43200	1	1900	2	43200	1800
S007_DAY1_MINITWICE_4643	53	Picture	PW	3818483	0	1	43200	2	0	43200
S007_DAY1_MINITWICE_4643	53	Pulse	99	3827592	9109	NA
S007_DAY1_MINITWICE_4643	53	Port Input	1	3827592	9109	NA
S007_DAY1_MINITWICE_4643	53	Response	51	3845647	27164	2
S007_DAY1_MINITWICE_4643	53	Picture	47_T_PWTRIAD_PW_tenedor_red.png	3861683	43200	1	1900	2	43200	1800
S007_DAY1_MINITWICE_4643	53	Pulse	99	3863593	45110	NA
S007_DAY1_MINITWICE_4643	53	Port Input	1	3863593	45110	NA
S007_DAY1_MINITWICE_4643	54	Picture	PW	3863783	0	1	43200	2	0	43200
S007_DAY1_MINITWICE_4643	54	Pulse	99	3899594	35811	NA
S007_DAY1_MINITWICE_4643	54	Port Input	1	3899594	35811	NA
S007_DAY1_MINITWICE_4643	54	Response	52	3905219	41436	1
S007_DAY1_MINITWICE_4643	54	Picture	48_T_PWTRIAD_PW_ascensor_red.png	3906983	43200	1	1900	2	43200	1800
S007_DAY1_MINITWICE_4643	55	Picture	PW	3909083	0	1	43199	3	0	43200
S007_DAY1_MINITWICE_4643	55	Pulse	99	3935595	26512	NA
S007_DAY1_MINITWICE_4643	55	Port Input	1	3935595	26512	NA
S007_DAY1_MINITWICE_4643	55	Response	51	3951994	42911	1
S007_DAY1_MINITWICE_4643	55	Picture	49_T_PWTRIAD_PW_estetoscopio_red.png	3952282	43199	2	1901	3	43200	1800
S007_DAY1_MINITWICE_4643	56	Picture	PW	3954382	0	2	43200	3	0	43200
S007_DAY1_MINITWICE_4643	56	Pulse	99	3971596	17214	NA
S007_DAY1_MINITWICE_4643	56	Port Input	1	3971596	17214	NA
S007_DAY1_MINITWICE_4643	56	Response	51	3985561	31179	1
S007_DAY1_MINITWICE_4643	56	Picture	50_T_PWTRIAD_PW_piramide_red.png	3997582	43200	1	1900	2	43200	1800
S007_DAY1_MINITWICE_4643	57	Picture	rest	3999582	0	1	144100	2	0	144000
S007_DAY1_MINITWICE_4643	57	Pulse	99	4007598	8016	NA
S007_DAY1_MINITWICE_4643	57	Port Input	1	4007598	8016	NA
S007_DAY1_MINITWICE_4643	57	Pulse	99	4043599	44017	NA
S007_DAY1_MINITWICE_4643	57	Port Input	1	4043599	44017	NA
S007_DAY1_MINITWICE_4643	57	Pulse	99	4079600	80018	NA
S007_DAY1_MINITWICE_4643	57	Port Input	1	4079600	80018	NA
S007_DAY1_MINITWICE_4643	57	Pulse	99	4115601	116019	NA
S007_DAY1_MINITWICE_4643	57	Port Input	1	4115601	116019	NA
S007_DAY1_MINITWICE_4643	58	Picture	endrest	4143782	0	1	10100	2	0	10000
S007_DAY1_MINITWICE_4643	58	Pulse	99	4151602	7820	NA
S007_DAY1_MINITWICE_4643	58	Port Input	1	4151602	7820	NA
S007_DAY1_MINITWICE_4643	59	Picture	RW	4154082	0	1	43200	2	0	43200
S007_DAY1_MINITWICE_4643	59	Response	52	4167664	13582	2
S007_DAY1_MINITWICE_4643	59	Pulse	99	4187603	33521	NA
S007_DAY1_MINITWICE_4643	59	Port Input	1	4187603	33521	NA
S007_DAY1_MINITWICE_4643	59	Picture	53_T_RWTRIAD_RW_anillo_red.png	4197282	43200	1	1899	3	43200	1800
S007_DAY1_MINITWICE_4643	60	Picture	RW	4199381	0	2	43200	3	0	43200
S007_DAY1_MINITWICE_4643	60	Response	52	4211379	11998	1
S007_DAY1_MINITWICE_4643	60	Pulse	99	4223604	24223	NA
S007_DAY1_MINITWICE_4643	60	Port Input	1	4223604	24223	NA
S007_DAY1_MINITWICE_4643	60	Picture	54_T_RWTRIAD_RW_paraguas_red.png	4242581	43200	1	1900	2	43200	1800
S007_DAY1_MINITWICE_4643	61	Picture	RW	4244681	0	1	43200	2	0	43200
S007_DAY1_MINITWICE_4643	61	Response	51	4259111	14430	1
S007_DAY1_MINITWICE_4643	61	Pulse	99	4259605	14924	NA
S007_DAY1_MINITWICE_4643	61	Port Input	1	4259605	14924	NA
S007_DAY1_MINITWICE_4643	61	Picture	55_T_RWTRIAD_RW_cortina_red.png	4287881	43200	1	1900	2	43200	1800
S007_DAY1_MINITWICE_4643	62	Picture	RW	4289981	0	1	43200	2	0	43200
S007_DAY1_MINITWICE_4643	62	Pulse	99	4295606	5625	NA
S007_DAY1_MINITWICE_4643	62	Port Input	1	4295606	5625	NA
S007_DAY1_MINITWICE_4643	62	Response	51	4301216	11235	1
S007_DAY1_MINITWICE_4643	62	Pulse	99	4331607	41626	NA
S007_DAY1_MINITWICE_4643	62	Port Input	1	4331607	41626	NA
S007_DAY1_MINITWICE_4643	62	Picture	56_T_RWTRIAD_RW_novia_red.png	4333181	43200	1	1900	2	43200	1800
S007_DAY1_MINITWICE_4643	63	Picture	RW	4335281	0	1	43200	2	0	43200
S007_DAY1_MINITWICE_4643	63	Response	51	4347896	12615	2
S007_DAY1_MINITWICE_4643	63	Pulse	99	4367608	32327	NA
S007_DAY1_MINITWICE_4643	63	Port Input	1	4367608	32327	NA
S007_DAY1_MINITWICE_4643	63	Picture	57_T_RWTRIAD_RW_grifo_red.png	4378481	43200	1	1900	2	43200	1800
S007_DAY1_MINITWICE_4643	64	Picture	RW	4380581	0	1	43200	2	0	43200
S007_DAY1_MINITWICE_4643	64	Pulse	99	4403609	23028	NA
S007_DAY1_MINITWICE_4643	64	Port Input	1	4403609	23028	NA
S007_DAY1_MINITWICE_4643	64	Response	52	4418049	37468	1
S007_DAY1_MINITWICE_4643	64	Picture	58_T_RWTRIAD_RW_molino_red.png	4423781	43200	1	1899	3	43200	1800
S007_DAY1_MINITWICE_4643	65	Picture	RW	4425881	0	1	43199	2	0	43200
S007_DAY1_MINITWICE_4643	65	Pulse	99	4439611	13730	NA
S007_DAY1_MINITWICE_4643	65	Port Input	1	4439611	13730	NA
S007_DAY1_MINITWICE_4643	65	Response	51	4445093	19212	1
S007_DAY1_MINITWICE_4643	65	Picture	59_T_RWTRIAD_RW_policia_red.png	4469080	43199	1	1900	2	43200	1800
S007_DAY1_MINITWICE_4643	66	Picture	RW	4471177	0	5	43203	6	0	43200
S007_DAY1_MINITWICE_4643	66	Pulse	99	4475612	4435	NA
S007_DAY1_MINITWICE_4643	66	Port Input	1	4475612	4435	NA
S007_DAY1_MINITWICE_4643	66	Response	51	4484841	13664	1
S007_DAY1_MINITWICE_4643	66	Pulse	99	4511613	40436	NA
S007_DAY1_MINITWICE_4643	66	Port Input	1	4511613	40436	NA
S007_DAY1_MINITWICE_4643	66	Picture	60_T_RWTRIAD_RW_carruaje_red.png	4514380	43203	1	1900	2	43200	1800
S007_DAY1_MINITWICE_4643	67	Picture	rest	4516380	0	1	144099	3	0	144000
S007_DAY1_MINITWICE_4643	67	Pulse	99	4547614	31234	NA
S007_DAY1_MINITWICE_4643	67	Port Input	1	4547614	31234	NA
S007_DAY1_MINITWICE_4643	67	Pulse	99	4583615	67235	NA
S007_DAY1_MINITWICE_4643	67	Port Input	1	4583615	67235	NA
S007_DAY1_MINITWICE_4643	67	Pulse	99	4619616	103236	NA
S007_DAY1_MINITWICE_4643	67	Port Input	1	4619616	103236	NA
S007_DAY1_MINITWICE_4643	67	Pulse	99	4655617	139237	NA
S007_DAY1_MINITWICE_4643	67	Port Input	1	4655617	139237	NA
S007_DAY1_MINITWICE_4643	68	Picture	endrest	4660580	0	1	10099	3	0	10000
S007_DAY1_MINITWICE_4643	69	Picture	PW	4670879	0	2	43200	3	0	43200
S007_DAY1_MINITWICE_4643	69	Pulse	99	4691618	20739	NA
S007_DAY1_MINITWICE_4643	69	Port Input	1	4691618	20739	NA
S007_DAY1_MINITWICE_4643	69	Response	51	4701381	30502	1
S007_DAY1_MINITWICE_4643	69	Picture	63_T_PWTRIAD_PW_silla_red.png	4714079	43200	1	1900	2	43200	1800
S007_DAY1_MINITWICE_4643	70	Picture	PW	4716179	0	1	43200	2	0	43200
S007_DAY1_MINITWICE_4643	70	Pulse	99	4727619	11440	NA
S007_DAY1_MINITWICE_4643	70	Port Input	1	4727619	11440	NA
S007_DAY1_MINITWICE_4643	70	Response	51	4751103	34924	1
S007_DAY1_MINITWICE_4643	70	Picture	64_T_PWTRIAD_PW_charco_red.png	4759379	43200	1	1900	2	43200	1800
S007_DAY1_MINITWICE_4643	71	Picture	PW	4761479	0	1	43200	2	0	43200
S007_DAY1_MINITWICE_4643	71	Pulse	99	4763620	2141	NA
S007_DAY1_MINITWICE_4643	71	Port Input	1	4763620	2141	NA
S007_DAY1_MINITWICE_4643	71	Response	52	4783151	21672	1
S007_DAY1_MINITWICE_4643	71	Pulse	99	4799621	38142	NA
S007_DAY1_MINITWICE_4643	71	Port Input	1	4799621	38142	NA
S007_DAY1_MINITWICE_4643	71	Picture	65_T_PWTRIAD_PW_candado_red.png	4804679	43200	1	1900	2	43200	1800
S007_DAY1_MINITWICE_4643	72	Picture	PW	4806779	0	1	43200	2	0	43200
S007_DAY1_MINITWICE_4643	72	Pulse	99	4835622	28843	NA
S007_DAY1_MINITWICE_4643	72	Port Input	1	4835622	28843	NA
S007_DAY1_MINITWICE_4643	72	Response	52	4838700	31921	1
S007_DAY1_MINITWICE_4643	72	Picture	66_T_PWTRIAD_PW_plato_red.png	4849979	43200	1	1900	2	43200	1800
S007_DAY1_MINITWICE_4643	73	Picture	PW	4852079	0	1	43199	3	0	43200
S007_DAY1_MINITWICE_4643	73	Pulse	99	4871623	19544	NA
S007_DAY1_MINITWICE_4643	73	Port Input	1	4871623	19544	NA
S007_DAY1_MINITWICE_4643	73	Response	51	4881661	29582	1
S007_DAY1_MINITWICE_4643	73	Picture	67_T_PWTRIAD_PW_huevos_red.png	4895278	43199	2	1900	4	43200	1800
S007_DAY1_MINITWICE_4643	74	Picture	PW	4897378	0	2	43200	3	0	43200
S007_DAY1_MINITWICE_4643	74	Pulse	99	4907624	10246	NA
S007_DAY1_MINITWICE_4643	74	Port Input	1	4907624	10246	NA
S007_DAY1_MINITWICE_4643	74	Response	51	4929015	31637	1
S007_DAY1_MINITWICE_4643	74	Picture	68_T_PWTRIAD_PW_telefono_red.png	4940578	43200	1	1900	2	43200	1800
S007_DAY1_MINITWICE_4643	75	Picture	PW	4942678	0	1	43200	2	0	43200
S007_DAY1_MINITWICE_4643	75	Pulse	99	4943626	948	NA
S007_DAY1_MINITWICE_4643	75	Port Input	1	4943626	948	NA
S007_DAY1_MINITWICE_4643	75	Response	52	4961345	18667	1
S007_DAY1_MINITWICE_4643	75	Pulse	99	4979627	36949	NA
S007_DAY1_MINITWICE_4643	75	Port Input	1	4979627	36949	NA
S007_DAY1_MINITWICE_4643	75	Picture	69_T_PWTRIAD_PW_violin_red.png	4985878	43200	1	1900	2	43200	1800
S007_DAY1_MINITWICE_4643	76	Picture	PW	4987978	0	1	43200	2	0	43200
S007_DAY1_MINITWICE_4643	76	Response	51	5010634	22656	1
S007_DAY1_MINITWICE_4643	76	Pulse	99	5015628	27650	NA
S007_DAY1_MINITWICE_4643	76	Port Input	1	5015628	27650	NA
S007_DAY1_MINITWICE_4643	76	Picture	70_T_PWTRIAD_PW_cortina_red.png	5031178	43200	1	1900	2	43200	1800
S007_DAY1_MINITWICE_4643	77	Picture	rest	5033178	0	1	144099	2	0	144000
S007_DAY1_MINITWICE_4643	77	Pulse	99	5051629	18451	NA
S007_DAY1_MINITWICE_4643	77	Port Input	1	5051629	18451	NA
S007_DAY1_MINITWICE_4643	77	Pulse	99	5087630	54452	NA
S007_DAY1_MINITWICE_4643	77	Port Input	1	5087630	54452	NA
S007_DAY1_MINITWICE_4643	77	Pulse	99	5123631	90453	NA
S007_DAY1_MINITWICE_4643	77	Port Input	1	5123631	90453	NA
S007_DAY1_MINITWICE_4643	77	Pulse	99	5159632	126454	NA
S007_DAY1_MINITWICE_4643	77	Port Input	1	5159632	126454	NA
S007_DAY1_MINITWICE_4643	78	Picture	endrest	5177377	0	1	10100	2	0	10000
S007_DAY1_MINITWICE_4643	79	Picture	RW	5187677	0	1	43200	2	0	43200
S007_DAY1_MINITWICE_4643	79	Pulse	99	5195633	7956	NA
S007_DAY1_MINITWICE_4643	79	Port Input	1	5195633	7956	NA
S007_DAY1_MINITWICE_4643	79	Response	52	5202782	15105	2
S007_DAY1_MINITWICE_4643	79	Picture	73_T_RWTRIAD_RW_leche_red.png	5230877	43200	1	1900	2	43200	1800
S007_DAY1_MINITWICE_4643	79	Pulse	99	5231634	43957	NA
S007_DAY1_MINITWICE_4643	79	Port Input	1	5231634	43957	NA
S007_DAY1_MINITWICE_4643	80	Picture	RW	5232977	0	1	43200	2	0	43200
S007_DAY1_MINITWICE_4643	80	Response	52	5245229	12252	1
S007_DAY1_MINITWICE_4643	80	Pulse	99	5267635	34658	NA
S007_DAY1_MINITWICE_4643	80	Port Input	1	5267635	34658	NA
S007_DAY1_MINITWICE_4643	80	Picture	74_T_RWTRIAD_RW_silla_red.png	5276177	43200	1	1900	2	43200	1800
S007_DAY1_MINITWICE_4643	81	Picture	RW	5278277	0	1	43200	2	0	43200
S007_DAY1_MINITWICE_4643	81	Response	51	5299683	21406	1
S007_DAY1_MINITWICE_4643	81	Pulse	99	5303636	25359	NA
S007_DAY1_MINITWICE_4643	81	Port Input	1	5303636	25359	NA
S007_DAY1_MINITWICE_4643	81	Picture	75_T_RWTRIAD_RW_pizarra_red.png	5321477	43200	1	1900	2	43200	1800
S007_DAY1_MINITWICE_4643	82	Picture	RW	5323577	0	1	43199	3	0	43200
S007_DAY1_MINITWICE_4643	82	Response	52	5336411	12834	1
S007_DAY1_MINITWICE_4643	82	Pulse	99	5339637	16060	NA
S007_DAY1_MINITWICE_4643	82	Port Input	1	5339637	16060	NA
S007_DAY1_MINITWICE_4643	82	Picture	76_T_RWTRIAD_RW_sombrilla_red.png	5366776	43199	2	1900	4	43200	1800
S007_DAY1_MINITWICE_4643	83	Picture	RW	5368876	0	2	43200	3	0	43200
S007_DAY1_MINITWICE_4643	83	Pulse	99	5375639	6763	NA
S007_DAY1_MINITWICE_4643	83	Port Input	1	5375639	6763	NA
S007_DAY1_MINITWICE_4643	83	Response	51	5385777	16901	1
S007_DAY1_MINITWICE_4643	83	Pulse	99	5411640	42764	NA
S007_DAY1_MINITWICE_4643	83	Port Input	1	5411640	42764	NA
S007_DAY1_MINITWICE_4643	83	Picture	77_T_RWTRIAD_RW_cerillas_red.png	5412076	43200	1	1900	2	43200	1800
S007_DAY1_MINITWICE_4643	84	Picture	RW	5414176	0	1	43200	2	0	43200
S007_DAY1_MINITWICE_4643	84	Response	52	5430772	16596	1
S007_DAY1_MINITWICE_4643	84	Pulse	99	5447641	33465	NA
S007_DAY1_MINITWICE_4643	84	Port Input	1	5447641	33465	NA
S007_DAY1_MINITWICE_4643	84	Picture	78_T_RWTRIAD_RW_murcielago_red.png	5457376	43200	1	1900	2	43200	1800
S007_DAY1_MINITWICE_4643	85	Picture	RW	5459476	0	1	43200	2	0	43200
S007_DAY1_MINITWICE_4643	85	Response	52	5477346	17870	1
S007_DAY1_MINITWICE_4643	85	Pulse	99	5483642	24166	NA
S007_DAY1_MINITWICE_4643	85	Port Input	1	5483642	24166	NA
S007_DAY1_MINITWICE_4643	85	Picture	79_T_RWTRIAD_RW_pluma_red.png	5502676	43200	1	1879	43	43200	1800
S007_DAY1_MINITWICE_4643	86	Picture	RW	5504776	0	1	43200	2	0	43200
S007_DAY1_MINITWICE_4643	86	Pulse	99	5519643	14867	NA
S007_DAY1_MINITWICE_4643	86	Port Input	1	5519643	14867	NA
S007_DAY1_MINITWICE_4643	86	Response	51	5519662	14886	1
S007_DAY1_MINITWICE_4643	86	Picture	80_T_RWTRIAD_RW_paracaidas_red.png	5547976	43200	1	1900	2	43200	1800
S007_DAY1_MINITWICE_4643	87	Picture	rest	5549976	0	1	144099	2	0	144000
S007_DAY1_MINITWICE_4643	87	Pulse	99	5555644	5668	NA
S007_DAY1_MINITWICE_4643	87	Port Input	1	5555644	5668	NA
S007_DAY1_MINITWICE_4643	87	Pulse	99	5591645	41669	NA
S007_DAY1_MINITWICE_4643	87	Port Input	1	5591645	41669	NA
S007_DAY1_MINITWICE_4643	87	Pulse	99	5627646	77670	NA
S007_DAY1_MINITWICE_4643	87	Port Input	1	5627646	77670	NA
S007_DAY1_MINITWICE_4643	87	Pulse	99	5663647	113671	NA
S007_DAY1_MINITWICE_4643	87	Port Input	1	5663647	113671	NA
S007_DAY1_MINITWICE_4643	88	Picture	endrest	5694175	0	1	10100	2	0	10000
S007_DAY1_MINITWICE_4643	88	Pulse	99	5699648	5473	NA
S007_DAY1_MINITWICE_4643	88	Port Input	1	5699648	5473	NA
S007_DAY1_MINITWICE_4643	89	Picture	FF	5704475	0	1	43200	2	0	43200
S007_DAY1_MINITWICE_4643	89	Pulse	99	5735649	31174	NA
S007_DAY1_MINITWICE_4643	89	Port Input	1	5735649	31174	NA
S007_DAY1_MINITWICE_4643	89	Response	52	5742442	37967	1
S007_DAY1_MINITWICE_4643	89	Picture	83_T_FFTRIAD_FF_paracaidas_red.png	5747675	43200	1	1900	2	43200	1800
S007_DAY1_MINITWICE_4643	90	Picture	FF	5749775	0	1	43200	2	0	43200
S007_DAY1_MINITWICE_4643	90	Pulse	99	5771650	21875	NA
S007_DAY1_MINITWICE_4643	90	Port Input	1	5771650	21875	NA
S007_DAY1_MINITWICE_4643	90	Response	51	5776294	26519	1
S007_DAY1_MINITWICE_4643	90	Picture	84_T_FFTRIAD_FF_tijera_red.png	5792975	43200	1	1900	2	43200	1800
S007_DAY1_MINITWICE_4643	91	Picture	FF	5795075	0	1	43199	3	0	43200
S007_DAY1_MINITWICE_4643	91	Pulse	99	5807651	12576	NA
S007_DAY1_MINITWICE_4643	91	Port Input	1	5807651	12576	NA
S007_DAY1_MINITWICE_4643	91	Response	51	5824173	29098	1
S007_DAY1_MINITWICE_4643	91	Picture	85_T_FFTRIAD_FF_monja_red.png	5838274	43199	2	1900	4	43200	1800
S007_DAY1_MINITWICE_4643	92	Picture	FF	5840374	0	1	43200	2	0	43200
S007_DAY1_MINITWICE_4643	92	Pulse	99	5843653	3279	NA
S007_DAY1_MINITWICE_4643	92	Port Input	1	5843653	3279	NA
S007_DAY1_MINITWICE_4643	92	Response	51	5855442	15068	1
S007_DAY1_MINITWICE_4643	92	Pulse	99	5879654	39280	NA
S007_DAY1_MINITWICE_4643	92	Port Input	1	5879654	39280	NA
S007_DAY1_MINITWICE_4643	92	Picture	86_T_FFTRIAD_FF_charco_red.png	5883574	43200	1	1900	2	43200	1800
S007_DAY1_MINITWICE_4643	93	Picture	PW	5885674	0	1	43200	2	0	43200
S007_DAY1_MINITWICE_4643	93	Pulse	99	5915655	29981	NA
S007_DAY1_MINITWICE_4643	93	Port Input	1	5915655	29981	NA
S007_DAY1_MINITWICE_4643	93	Response	52	5921217	35543	1
S007_DAY1_MINITWICE_4643	93	Picture	87_T_PWTRIAD_PW_pilas_red.png	5928874	43200	1	1900	2	43200	1800
S007_DAY1_MINITWICE_4643	94	Picture	PW	5930974	0	1	43200	2	0	43200
S007_DAY1_MINITWICE_4643	94	Pulse	99	5951656	20682	NA
S007_DAY1_MINITWICE_4643	94	Port Input	1	5951656	20682	NA
S007_DAY1_MINITWICE_4643	94	Response	52	5957922	26948	1
S007_DAY1_MINITWICE_4643	94	Picture	88_T_PWTRIAD_PW_cuento_red.png	5974174	43200	1	1900	2	43200	1800
S007_DAY1_MINITWICE_4643	95	Picture	PW	5976274	0	1	43200	2	0	43200
S007_DAY1_MINITWICE_4643	95	Pulse	99	5987657	11383	NA
S007_DAY1_MINITWICE_4643	95	Port Input	1	5987657	11383	NA
S007_DAY1_MINITWICE_4643	95	Response	52	5998046	21772	1
S007_DAY1_MINITWICE_4643	95	Picture	89_T_PWTRIAD_PW_gafas_red.png	6019474	43200	1	1900	2	43200	1800
S007_DAY1_MINITWICE_4643	96	Picture	PW	6021674	0	1	43099	3	0	43200
S007_DAY1_MINITWICE_4643	96	Pulse	99	6023658	1984	NA
S007_DAY1_MINITWICE_4643	96	Port Input	1	6023658	1984	NA
S007_DAY1_MINITWICE_4643	96	Response	52	6049556	27882	1
S007_DAY1_MINITWICE_4643	96	Pulse	99	6059659	37985	NA
S007_DAY1_MINITWICE_4643	96	Port Input	1	6059659	37985	NA
S007_DAY1_MINITWICE_4643	96	Picture	90_T_PWTRIAD_PW_grapadora_red.png	6064773	43099	2	1900	4	43200	1800
S007_DAY1_MINITWICE_4643	97	Picture	rest	6066773	0	2	144100	3	0	144000
S007_DAY1_MINITWICE_4643	97	Pulse	99	6095660	28887	NA
S007_DAY1_MINITWICE_4643	97	Port Input	1	6095660	28887	NA
S007_DAY1_MINITWICE_4643	97	Pulse	99	6131661	64888	NA
S007_DAY1_MINITWICE_4643	97	Port Input	1	6131661	64888	NA
S007_DAY1_MINITWICE_4643	97	Pulse	99	6167662	100889	NA
S007_DAY1_MINITWICE_4643	97	Port Input	1	6167662	100889	NA
S007_DAY1_MINITWICE_4643	97	Pulse	99	6203663	136890	NA
S007_DAY1_MINITWICE_4643	97	Port Input	1	6203663	136890	NA
S007_DAY1_MINITWICE_4643	98	Picture	endrest	6210973	0	1	10100	2	0	10000
S007_DAY1_MINITWICE_4643	99	Picture	FF	6221273	0	1	43199	3	0	43200
S007_DAY1_MINITWICE_4643	99	Pulse	99	6239664	18391	NA
S007_DAY1_MINITWICE_4643	99	Port Input	1	6239664	18391	NA
S007_DAY1_MINITWICE_4643	99	Response	51	6251374	30101	2
S007_DAY1_MINITWICE_4643	99	Picture	93_T_FFTRIAD_FF_pincel_red.png	6264472	43199	2	1901	3	43200	1800
S007_DAY1_MINITWICE_4643	100	Picture	FF	6266573	0	1	43199	2	0	43200
S007_DAY1_MINITWICE_4643	100	Pulse	99	6275665	9092	NA
S007_DAY1_MINITWICE_4643	100	Port Input	1	6275665	9092	NA
S007_DAY1_MINITWICE_4643	100	Response	52	6289038	22465	1
S007_DAY1_MINITWICE_4643	100	Picture	94_T_FFTRIAD_FF_cerillas_red.png	6309772	43199	1	1900	3	43200	1800
S007_DAY1_MINITWICE_4643	100	Pulse	99	6311666	45093	NA
S007_DAY1_MINITWICE_4643	100	Port Input	1	6311666	45093	NA
S007_DAY1_MINITWICE_4643	101	Picture	FF	6311872	0	2	43200	3	0	43200
S007_DAY1_MINITWICE_4643	101	Response	52	6330989	19117	1
S007_DAY1_MINITWICE_4643	101	Pulse	99	6347668	35796	NA
S007_DAY1_MINITWICE_4643	101	Port Input	1	6347668	35796	NA
S007_DAY1_MINITWICE_4643	101	Picture	95_T_FFTRIAD_FF_cinturon_red.png	6355072	43200	1	1900	2	43200	1800
S007_DAY1_MINITWICE_4643	102	Picture	FF	6357172	0	1	43200	2	0	43200
S007_DAY1_MINITWICE_4643	102	Pulse	99	6383669	26497	NA
S007_DAY1_MINITWICE_4643	102	Port Input	1	6383669	26497	NA
S007_DAY1_MINITWICE_4643	102	Response	51	6388446	31274	1
S007_DAY1_MINITWICE_4643	102	Picture	96_T_FFTRIAD_FF_grifo_red.png	6400372	43200	1	1900	2	43200	1800
S007_DAY1_MINITWICE_4643	103	Picture	FF	6402472	0	1	43200	2	0	43200
S007_DAY1_MINITWICE_4643	103	Response	52	6417866	15394	2
S007_DAY1_MINITWICE_4643	103	Pulse	99	6419670	17198	NA
S007_DAY1_MINITWICE_4643	103	Port Input	1	6419670	17198	NA
S007_DAY1_MINITWICE_4643	103	Picture	97_T_FFTRIAD_FF_paraguas_red.png	6445672	43200	1	1900	2	43200	1800
S007_DAY1_MINITWICE_4643	104	Picture	FF	6447772	0	1	43200	2	0	43200
S007_DAY1_MINITWICE_4643	104	Pulse	99	6455671	7899	NA
S007_DAY1_MINITWICE_4643	104	Port Input	1	6455671	7899	NA
S007_DAY1_MINITWICE_4643	104	Response	52	6462570	14798	1
S007_DAY1_MINITWICE_4643	104	Picture	98_T_FFTRIAD_FF_pilas_red.png	6490972	43200	1	1900	2	43200	1800
S007_DAY1_MINITWICE_4643	104	Pulse	99	6491672	43900	NA
S007_DAY1_MINITWICE_4643	104	Port Input	1	6491672	43900	NA
S007_DAY1_MINITWICE_4643	105	Picture	FF	6493072	0	1	43199	3	0	43200
S007_DAY1_MINITWICE_4643	105	Response	51	6507139	14067	1
S007_DAY1_MINITWICE_4643	105	Pulse	99	6527673	34601	NA
S007_DAY1_MINITWICE_4643	105	Port Input	1	6527673	34601	NA
S007_DAY1_MINITWICE_4643	105	Picture	99_T_FFTRIAD_FF_arco_red.png	6536271	43199	2	1900	3	43200	1800
S007_DAY1_MINITWICE_4643	106	Picture	FF	6538371	0	2	43200	3	0	43200
S007_DAY1_MINITWICE_4643	106	Response	52	6550522	12151	1
S007_DAY1_MINITWICE_4643	106	Pulse	99	6563674	25303	NA
S007_DAY1_MINITWICE_4643	106	Port Input	1	6563674	25303	NA
S007_DAY1_MINITWICE_4643	106	Picture	100_T_FFTRIAD_FF_manos_red.png	6581571	43200	1	1900	2	43200	1800
S007_DAY1_MINITWICE_4643	107	Picture	rest	6583571	0	1	144100	2	0	144000
S007_DAY1_MINITWICE_4643	107	Pulse	99	6599675	16104	NA
S007_DAY1_MINITWICE_4643	107	Port Input	1	6599675	16104	NA
S007_DAY1_MINITWICE_4643	107	Pulse	99	6635676	52105	NA
S007_DAY1_MINITWICE_4643	107	Port Input	1	6635676	52105	NA
S007_DAY1_MINITWICE_4643	107	Pulse	99	6671677	88106	NA
S007_DAY1_MINITWICE_4643	107	Port Input	1	6671677	88106	NA
S007_DAY1_MINITWICE_4643	107	Pulse	99	6707678	124107	NA
S007_DAY1_MINITWICE_4643	107	Port Input	1	6707678	124107	NA
S007_DAY1_MINITWICE_4643	108	Picture	endrest	6727771	0	1	10100	2	0	10000
S007_DAY1_MINITWICE_4643	109	Picture	PW	6738071	0	1	43199	3	0	43200
S007_DAY1_MINITWICE_4643	109	Pulse	99	6743679	5608	NA
S007_DAY1_MINITWICE_4643	109	Port Input	1	6743679	5608	NA
S007_DAY1_MINITWICE_4643	109	Response	52	6765236	27165	1
S007_DAY1_MINITWICE_4643	109	Pulse	99	6779681	41610	NA
S007_DAY1_MINITWICE_4643	109	Port Input	1	6779681	41610	NA
S007_DAY1_MINITWICE_4643	109	Picture	103_T_PWTRIAD_PW_molino_red.png	6781270	43199	2	1900	3	43200	1800
S007_DAY1_MINITWICE_4643	110	Picture	PW	6783370	0	1	43200	2	0	43200
S007_DAY1_MINITWICE_4643	110	Response	51	6809259	25889	2
S007_DAY1_MINITWICE_4643	110	Pulse	99	6815682	32312	NA
S007_DAY1_MINITWICE_4643	110	Port Input	1	6815682	32312	NA
S007_DAY1_MINITWICE_4643	110	Picture	104_T_PWTRIAD_PW_martillo_red.png	6826570	43200	1	1900	2	43200	1800
S007_DAY1_MINITWICE_4643	111	Picture	PW	6828670	0	1	43200	2	0	43200
S007_DAY1_MINITWICE_4643	111	Pulse	99	6851683	23013	NA
S007_DAY1_MINITWICE_4643	111	Port Input	1	6851683	23013	NA
S007_DAY1_MINITWICE_4643	111	Response	52	6856032	27362	1
S007_DAY1_MINITWICE_4643	111	Picture	105_T_PWTRIAD_PW_tijera_red.png	6871870	43200	1	1900	2	43200	1800
S007_DAY1_MINITWICE_4643	112	Picture	PW	6873970	0	1	43200	2	0	43200
S007_DAY1_MINITWICE_4643	112	Pulse	99	6887684	13714	NA
S007_DAY1_MINITWICE_4643	112	Port Input	1	6887684	13714	NA
S007_DAY1_MINITWICE_4643	112	Response	52	6893815	19845	2
S007_DAY1_MINITWICE_4643	112	Picture	106_T_PWTRIAD_PW_cinturon_red.png	6917170	43200	1	1900	2	43200	1800
S007_DAY1_MINITWICE_4643	113	Picture	PW	6919270	0	1	43200	2	0	43200
S007_DAY1_MINITWICE_4643	113	Pulse	99	6923685	4415	NA
S007_DAY1_MINITWICE_4643	113	Port Input	1	6923685	4415	NA
S007_DAY1_MINITWICE_4643	113	Response	51	6935865	16595	2
S007_DAY1_MINITWICE_4643	113	Pulse	99	6959686	40416	NA
S007_DAY1_MINITWICE_4643	113	Port Input	1	6959686	40416	NA
S007_DAY1_MINITWICE_4643	113	Picture	107_T_PWTRIAD_PW_traje_red.png	6962470	43200	1	1900	2	43200	1800
S007_DAY1_MINITWICE_4643	114	Picture	PW	6964570	0	1	43199	2	0	43200
S007_DAY1_MINITWICE_4643	114	Response	52	6991750	27180	2
S007_DAY1_MINITWICE_4643	114	Pulse	99	6995687	31117	NA
S007_DAY1_MINITWICE_4643	114	Port Input	1	6995687	31117	NA
S007_DAY1_MINITWICE_4643	114	Picture	108_T_PWTRIAD_PW_sobre_red.png	7007769	43199	1	1900	2	43200	1800
S007_DAY1_MINITWICE_4643	115	Picture	PW	7009869	0	2	43200	3	0	43200
S007_DAY1_MINITWICE_4643	115	Pulse	99	7031688	21819	NA
S007_DAY1_MINITWICE_4643	115	Port Input	1	7031688	21819	NA
S007_DAY1_MINITWICE_4643	115	Response	51	7045992	36123	1
S007_DAY1_MINITWICE_4643	115	Picture	109_T_PWTRIAD_PW_television_red.png	7053069	43200	1	1900	2	43200	1800
S007_DAY1_MINITWICE_4643	116	Picture	PW	7055169	0	1	43200	2	0	43200
S007_DAY1_MINITWICE_4643	116	Pulse	99	7067689	12520	NA
S007_DAY1_MINITWICE_4643	116	Port Input	1	7067689	12520	NA
S007_DAY1_MINITWICE_4643	116	Response	52	7083461	28292	2
S007_DAY1_MINITWICE_4643	116	Picture	110_T_PWTRIAD_PW_paraguas_red.png	7098369	43200	1	1900	2	43200	1800
S007_DAY1_MINITWICE_4643	117	Picture	rest	7100369	0	1	144099	2	0	144000
S007_DAY1_MINITWICE_4643	117	Pulse	99	7103690	3321	NA
S007_DAY1_MINITWICE_4643	117	Port Input	1	7103690	3321	NA
S007_DAY1_MINITWICE_4643	117	Pulse	99	7139691	39322	NA
S007_DAY1_MINITWICE_4643	117	Port Input	1	7139691	39322	NA
S007_DAY1_MINITWICE_4643	117	Pulse	99	7175692	75323	NA
S007_DAY1_MINITWICE_4643	117	Port Input	1	7175692	75323	NA
S007_DAY1_MINITWICE_4643	117	Pulse	99	7211693	111324	NA
S007_DAY1_MINITWICE_4643	117	Port Input	1	7211693	111324	NA
S007_DAY1_MINITWICE_4643	118	Picture	endrest	7244568	0	1	10100	2	0	10000
S007_DAY1_MINITWICE_4643	118	Pulse	99	7247694	3126	NA
S007_DAY1_MINITWICE_4643	118	Port Input	1	7247694	3126	NA
S007_DAY1_MINITWICE_4643	119	Picture	PW	7254868	0	1	43200	2	0	43200
S007_DAY1_MINITWICE_4643	119	Response	52	7277962	23094	1
S007_DAY1_MINITWICE_4643	119	Pulse	99	7283696	28828	NA
S007_DAY1_MINITWICE_4643	119	Port Input	1	7283696	28828	NA
S007_DAY1_MINITWICE_4643	119	Picture	113_T_PWTRIAD_PW_raton_red.png	7298068	43200	1	1900	2	43200	1800
S007_DAY1_MINITWICE_4643	120	Picture	PW	7300168	0	1	43200	2	0	43200
S007_DAY1_MINITWICE_4643	120	Pulse	99	7319697	19529	NA
S007_DAY1_MINITWICE_4643	120	Port Input	1	7319697	19529	NA
S007_DAY1_MINITWICE_4643	120	Response	51	7327266	27098	1
S007_DAY1_MINITWICE_4643	120	Picture	114_T_PWTRIAD_PW_destornillador_red.png	7343368	43200	1	1900	2	43200	1800
S007_DAY1_MINITWICE_4643	121	Picture	PW	7345468	0	1	43200	2	0	43200
S007_DAY1_MINITWICE_4643	121	Pulse	99	7355698	10230	NA
S007_DAY1_MINITWICE_4643	121	Port Input	1	7355698	10230	NA
S007_DAY1_MINITWICE_4643	121	Response	51	7367768	22300	1
S007_DAY1_MINITWICE_4643	121	Picture	115_T_PWTRIAD_PW_llave_red.png	7388668	43200	1	1900	2	43200	1800
S007_DAY1_MINITWICE_4643	122	Picture	PW	7390768	0	1	43199	3	0	43200
S007_DAY1_MINITWICE_4643	122	Pulse	99	7391699	931	NA
S007_DAY1_MINITWICE_4643	122	Port Input	1	7391699	931	NA
S007_DAY1_MINITWICE_4643	122	Response	51	7412403	21635	1
S007_DAY1_MINITWICE_4643	122	Pulse	99	7427700	36932	NA
S007_DAY1_MINITWICE_4643	122	Port Input	1	7427700	36932	NA
S007_DAY1_MINITWICE_4643	122	Picture	116_T_PWTRIAD_PW_granjero_red.png	7433967	43199	2	1900	4	43200	1800
S007_DAY1_MINITWICE_4643	123	Picture	PW	7436067	0	2	43200	3	0	43200
S007_DAY1_MINITWICE_4643	123	Response	52	7462604	26537	2
S007_DAY1_MINITWICE_4643	123	Pulse	99	7463701	27634	NA
S007_DAY1_MINITWICE_4643	123	Port Input	1	7463701	27634	NA
S007_DAY1_MINITWICE_4643	123	Picture	117_T_PWTRIAD_PW_carruaje_red.png	7479267	43200	1	1900	2	43200	1800
S007_DAY1_MINITWICE_4643	124	Picture	PW	7481367	0	1	43200	2	0	43200
S007_DAY1_MINITWICE_4643	124	Pulse	99	7499702	18335	NA
S007_DAY1_MINITWICE_4643	124	Port Input	1	7499702	18335	NA
S007_DAY1_MINITWICE_4643	124	Response	51	7506187	24820	1
S007_DAY1_MINITWICE_4643	124	Picture	118_T_PWTRIAD_PW_pincel_red.png	7524567	43200	1	1900	2	43200	1800
S007_DAY1_MINITWICE_4643	125	Picture	PW	7526667	0	1	43200	2	0	43200
S007_DAY1_MINITWICE_4643	125	Pulse	99	7535703	9036	NA
S007_DAY1_MINITWICE_4643	125	Port Input	1	7535703	9036	NA
S007_DAY1_MINITWICE_4643	125	Response	51	7549246	22579	1
S007_DAY1_MINITWICE_4643	125	Picture	119_T_PWTRIAD_PW_ancla_red.png	7569867	43200	1	1900	2	43200	1800
S007_DAY1_MINITWICE_4643	125	Pulse	99	7571704	45037	NA
S007_DAY1_MINITWICE_4643	125	Port Input	1	7571704	45037	NA
S007_DAY1_MINITWICE_4643	126	Picture	PW	7571967	0	1	43200	2	0	43200
S007_DAY1_MINITWICE_4643	126	Response	52	7585409	13442	2
S007_DAY1_MINITWICE_4643	126	Pulse	99	7607705	35738	NA
S007_DAY1_MINITWICE_4643	126	Port Input	1	7607705	35738	NA
S007_DAY1_MINITWICE_4643	126	Picture	120_T_PWTRIAD_PW_mono_red.png	7615167	43200	1	1900	2	43200	1800
S007_DAY1_MINITWICE_4643	127	Picture	rest	7617167	0	1	144099	2	0	144000
S007_DAY1_MINITWICE_4643	127	Pulse	99	7643706	26539	NA
S007_DAY1_MINITWICE_4643	127	Port Input	1	7643706	26539	NA
S007_DAY1_MINITWICE_4643	127	Pulse	99	7679707	62540	NA
S007_DAY1_MINITWICE_4643	127	Port Input	1	7679707	62540	NA
S007_DAY1_MINITWICE_4643	127	Pulse	99	7715708	98541	NA
S007_DAY1_MINITWICE_4643	127	Port Input	1	7715708	98541	NA
S007_DAY1_MINITWICE_4643	127	Pulse	99	7751710	134543	NA
S007_DAY1_MINITWICE_4643	127	Port Input	1	7751710	134543	NA
S007_DAY1_MINITWICE_4643	128	Picture	endrest	7761366	0	1	10100	2	0	10000
S007_DAY1_MINITWICE_4643	129	Picture	PW	7771666	0	1	43200	2	0	43200
S007_DAY1_MINITWICE_4643	129	Pulse	99	7787711	16045	NA
S007_DAY1_MINITWICE_4643	129	Port Input	1	7787711	16045	NA
S007_DAY1_MINITWICE_4643	129	Response	51	7793749	22083	1
S007_DAY1_MINITWICE_4643	129	Picture	123_T_PWTRIAD_PW_dado_red.png	7814866	43200	1	1900	2	43200	1800
S007_DAY1_MINITWICE_4643	130	Picture	PW	7816966	0	1	43200	2	0	43200
S007_DAY1_MINITWICE_4643	130	Pulse	99	7823712	6746	NA
S007_DAY1_MINITWICE_4643	130	Port Input	1	7823712	6746	NA
S007_DAY1_MINITWICE_4643	130	Response	52	7838703	21737	1
S007_DAY1_MINITWICE_4643	130	Pulse	99	7859713	42747	NA
S007_DAY1_MINITWICE_4643	130	Port Input	1	7859713	42747	NA
S007_DAY1_MINITWICE_4643	130	Picture	124_T_PWTRIAD_PW_arbol_red.png	7860166	43200	1	1900	2	43200	1800
S007_DAY1_MINITWICE_4643	131	Picture	PW	7862266	0	1	43199	3	0	43200
S007_DAY1_MINITWICE_4643	131	Pulse	99	7895714	33448	NA
S007_DAY1_MINITWICE_4643	131	Port Input	1	7895714	33448	NA
S007_DAY1_MINITWICE_4643	131	Response	52	7898106	35840	2
S007_DAY1_MINITWICE_4643	131	Picture	125_T_PWTRIAD_PW_queso_red.png	7905465	43199	2	1900	4	43200	1800
S007_DAY1_MINITWICE_4643	132	Picture	PW	7907566	0	1	43199	2	0	43200
S007_DAY1_MINITWICE_4643	132	Pulse	99	7931715	24149	NA
S007_DAY1_MINITWICE_4643	132	Port Input	1	7931715	24149	NA
S007_DAY1_MINITWICE_4643	132	Response	51	7938025	30459	1
S007_DAY1_MINITWICE_4643	132	Picture	126_T_PWTRIAD_PW_madera_red.png	7950765	43199	1	1900	2	43200	1800
S007_DAY1_MINITWICE_4643	133	Picture	FF	7952865	0	1	43200	2	0	43200
S007_DAY1_MINITWICE_4643	133	Pulse	99	7967716	14851	NA
S007_DAY1_MINITWICE_4643	133	Port Input	1	7967716	14851	NA
S007_DAY1_MINITWICE_4643	133	Response	51	7978677	25812	1
S007_DAY1_MINITWICE_4643	133	Picture	127_T_FFTRIAD_FF_portatil_red.png	7996065	43200	1	1898	41	43200	1800
S007_DAY1_MINITWICE_4643	134	Picture	FF	7998265	0	1	43100	2	0	43200
S007_DAY1_MINITWICE_4643	134	Pulse	99	8003717	5452	NA
S007_DAY1_MINITWICE_4643	134	Port Input	1	8003717	5452	NA
S007_DAY1_MINITWICE_4643	134	Response	51	8008582	10317	1
S007_DAY1_MINITWICE_4643	134	Pulse	99	8039718	41453	NA
S007_DAY1_MINITWICE_4643	134	Port Input	1	8039718	41453	NA
S007_DAY1_MINITWICE_4643	134	Picture	128_T_FFTRIAD_FF_madera_red.png	8041365	43100	1	1900	2	43200	1800
S007_DAY1_MINITWICE_4643	135	Picture	FF	8043465	0	1	43200	2	0	43200
S007_DAY1_MINITWICE_4643	135	Response	52	8056197	12732	1
S007_DAY1_MINITWICE_4643	135	Pulse	99	8075719	32254	NA
S007_DAY1_MINITWICE_4643	135	Port Input	1	8075719	32254	NA
S007_DAY1_MINITWICE_4643	135	Picture	129_T_FFTRIAD_FF_policia_red.png	8086665	43200	1	1900	2	43200	1800
S007_DAY1_MINITWICE_4643	136	Picture	FF	8088765	0	1	43200	2	0	43200
S007_DAY1_MINITWICE_4643	136	Response	52	8102461	13696	1
S007_DAY1_MINITWICE_4643	136	Pulse	99	8111720	22955	NA
S007_DAY1_MINITWICE_4643	136	Port Input	1	8111720	22955	NA
S007_DAY1_MINITWICE_4643	136	Picture	130_T_FFTRIAD_FF_murcielago_red.png	8131965	43200	1	1899	3	43200	1800
S007_DAY1_MINITWICE_4643	137	Picture	rest	8133965	0	1	144099	2	0	144000
S007_DAY1_MINITWICE_4643	137	Pulse	99	8147721	13756	NA
S007_DAY1_MINITWICE_4643	137	Port Input	1	8147721	13756	NA
S007_DAY1_MINITWICE_4643	137	Pulse	99	8183722	49757	NA
S007_DAY1_MINITWICE_4643	137	Port Input	1	8183722	49757	NA
S007_DAY1_MINITWICE_4643	137	Pulse	99	8219724	85759	NA
S007_DAY1_MINITWICE_4643	137	Port Input	1	8219724	85759	NA
S007_DAY1_MINITWICE_4643	137	Pulse	99	8255725	121760	NA
S007_DAY1_MINITWICE_4643	137	Port Input	1	8255725	121760	NA
S007_DAY1_MINITWICE_4643	138	Picture	endrest	8278164	0	1	10100	2	0	10000
S007_DAY1_MINITWICE_4643	139	Picture	RW	8288464	0	1	43200	2	0	43200
S007_DAY1_MINITWICE_4643	139	Pulse	99	8291726	3262	NA
S007_DAY1_MINITWICE_4643	139	Port Input	1	8291726	3262	NA
S007_DAY1_MINITWICE_4643	139	Response	52	8304517	16053	1
S007_DAY1_MINITWICE_4643	139	Pulse	99	8327727	39263	NA
S007_DAY1_MINITWICE_4643	139	Port Input	1	8327727	39263	NA
S007_DAY1_MINITWICE_4643	139	Picture	133_T_RWTRIAD_RW_arbol_red.png	8331664	43200	1	1900	2	43200	1800
S007_DAY1_MINITWICE_4643	140	Picture	RW	8333764	0	1	43199	3	0	43200
S007_DAY1_MINITWICE_4643	140	Response	52	8346804	13040	1
S007_DAY1_MINITWICE_4643	140	Pulse	99	8363728	29964	NA
S007_DAY1_MINITWICE_4643	140	Port Input	1	8363728	29964	NA
S007_DAY1_MINITWICE_4643	140	Picture	134_T_RWTRIAD_RW_sapo_red.png	8376963	43199	2	1900	4	43200	1800
S007_DAY1_MINITWICE_4643	141	Picture	RW	8379063	0	2	43200	3	0	43200
S007_DAY1_MINITWICE_4643	141	Pulse	99	8399729	20666	NA
S007_DAY1_MINITWICE_4643	141	Port Input	1	8399729	20666	NA
S007_DAY1_MINITWICE_4643	141	Response	51	8404692	25629	1
S007_DAY1_MINITWICE_4643	141	Picture	135_T_RWTRIAD_RW_teclado_red.png	8422263	43200	1	1900	2	43200	1800
S007_DAY1_MINITWICE_4643	142	Picture	RW	8424363	0	1	43200	2	0	43200
S007_DAY1_MINITWICE_4643	142	Pulse	99	8435730	11367	NA
S007_DAY1_MINITWICE_4643	142	Port Input	1	8435730	11367	NA
S007_DAY1_MINITWICE_4643	142	Response	51	8439579	15216	2
S007_DAY1_MINITWICE_4643	142	Picture	136_T_RWTRIAD_RW_television_red.png	8467563	43200	1	1900	2	43200	1800
S007_DAY1_MINITWICE_4643	143	Picture	rest	8469563	0	1	144099	3	0	144000
S007_DAY1_MINITWICE_4643	143	Pulse	99	8471731	2168	NA
S007_DAY1_MINITWICE_4643	143	Port Input	1	8471731	2168	NA
S007_DAY1_MINITWICE_4643	143	Pulse	99	8507732	38169	NA
S007_DAY1_MINITWICE_4643	143	Port Input	1	8507732	38169	NA
S007_DAY1_MINITWICE_4643	144	Picture	endrest	8613762	0	2	10100	4	0	10000
S007_DAY1_MINITWICE_4643	145	Picture	endrest	8623962	0	1	10100	2	0	10000
S007_DAY1_MINITWICE_4643	146	Picture	endrest	8634162	0	1	10100	2	0	10000
S007_DAY1_MINITWICE_4643	147	Picture	endrest	8644362	0	1	10100	2	0	10000
