Scenario - vOT_Triads_fMRI_I
Logfile written - 05/20/2015 13:45:34

Subject	Trial	Event Type	Code	Time	TTime	Uncertainty	Duration	Uncertainty	ReqTime	ReqDur

S008_DAY2_MINITWICE_2511	1	Response	98	84416	94316	1
S008_DAY2_MINITWICE_2511	2	Response	52	106137	21639	1
S008_DAY2_MINITWICE_2511	2	Response	98	143556	59058	1
S008_DAY2_MINITWICE_2511	3	Response	52	180862	37264	1
S008_DAY2_MINITWICE_2511	3	Response	98	192189	48591	1
S008_DAY2_MINITWICE_2511	4	Response	52	227184	34887	1
S008_DAY2_MINITWICE_2511	4	Response	52	290201	97904	1
S008_DAY2_MINITWICE_2511	4	Response	98	298598	106301	1
S008_DAY2_MINITWICE_2511	6	Pulse	99	490513	191817	NA
S008_DAY2_MINITWICE_2511	6	Port Input	1	490513	191817	NA
S008_DAY2_MINITWICE_2511	6	Pulse	99	526514	227818	NA
S008_DAY2_MINITWICE_2511	6	Port Input	1	526514	227818	NA
S008_DAY2_MINITWICE_2511	6	Pulse	99	562514	263818	NA
S008_DAY2_MINITWICE_2511	6	Port Input	1	562514	263818	NA
S008_DAY2_MINITWICE_2511	6	Pulse	99	598515	299819	NA
S008_DAY2_MINITWICE_2511	6	Port Input	1	598515	299819	NA
S008_DAY2_MINITWICE_2511	6	Pulse	99	634516	335820	NA
S008_DAY2_MINITWICE_2511	6	Port Input	1	634516	335820	NA
S008_DAY2_MINITWICE_2511	7	Picture	rest	634792	0	1	144098	2	0	144000
S008_DAY2_MINITWICE_2511	7	Pulse	99	670517	35725	NA
S008_DAY2_MINITWICE_2511	7	Port Input	1	670517	35725	NA
S008_DAY2_MINITWICE_2511	7	Pulse	99	706518	71726	NA
S008_DAY2_MINITWICE_2511	7	Port Input	1	706518	71726	NA
S008_DAY2_MINITWICE_2511	7	Pulse	99	742519	107727	NA
S008_DAY2_MINITWICE_2511	7	Port Input	1	742519	107727	NA
S008_DAY2_MINITWICE_2511	7	Pulse	99	778519	143727	NA
S008_DAY2_MINITWICE_2511	7	Port Input	1	778519	143727	NA
S008_DAY2_MINITWICE_2511	8	Picture	endrest	778990	0	1	10100	2	0	10000
S008_DAY2_MINITWICE_2511	9	Picture	FF	789290	0	1	43200	2	0	43200
S008_DAY2_MINITWICE_2511	9	Response	51	802989	13699	1
S008_DAY2_MINITWICE_2511	9	Pulse	99	814520	25230	NA
S008_DAY2_MINITWICE_2511	9	Port Input	1	814520	25230	NA
S008_DAY2_MINITWICE_2511	9	Picture	3_T_FFTRIAD_FF_tenedor_red.png	832490	43200	1	1900	2	43200	1800
S008_DAY2_MINITWICE_2511	10	Picture	FF	834590	0	1	43199	2	0	43200
S008_DAY2_MINITWICE_2511	10	Response	51	847515	12925	1
S008_DAY2_MINITWICE_2511	10	Pulse	99	850521	15931	NA
S008_DAY2_MINITWICE_2511	10	Port Input	1	850521	15931	NA
S008_DAY2_MINITWICE_2511	10	Picture	4_T_FFTRIAD_FF_cortina_red.png	877789	43199	1	1900	2	43200	1800
S008_DAY2_MINITWICE_2511	11	Picture	FF	879889	0	1	43200	2	0	43200
S008_DAY2_MINITWICE_2511	11	Pulse	99	886522	6633	NA
S008_DAY2_MINITWICE_2511	11	Port Input	1	886522	6633	NA
S008_DAY2_MINITWICE_2511	11	Response	51	888479	8590	1
S008_DAY2_MINITWICE_2511	11	Pulse	99	922523	42634	NA
S008_DAY2_MINITWICE_2511	11	Port Input	1	922523	42634	NA
S008_DAY2_MINITWICE_2511	11	Picture	5_T_FFTRIAD_FF_piramide_red.png	923089	43200	1	1900	2	43200	1800
S008_DAY2_MINITWICE_2511	12	Picture	FF	925189	0	1	43199	2	0	43200
S008_DAY2_MINITWICE_2511	12	Response	51	932696	7507	1
S008_DAY2_MINITWICE_2511	12	Pulse	99	958524	33335	NA
S008_DAY2_MINITWICE_2511	12	Port Input	1	958524	33335	NA
S008_DAY2_MINITWICE_2511	12	Picture	6_T_FFTRIAD_FF_cuento_red.png	968388	43199	1	1900	2	43200	1800
S008_DAY2_MINITWICE_2511	13	Picture	PW	970488	0	1	43200	2	0	43200
S008_DAY2_MINITWICE_2511	13	Response	51	985979	15491	1
S008_DAY2_MINITWICE_2511	13	Pulse	99	994525	24037	NA
S008_DAY2_MINITWICE_2511	13	Port Input	1	994525	24037	NA
S008_DAY2_MINITWICE_2511	13	Picture	7_T_PWTRIAD_PW_policia_red.png	1013688	43200	1	1900	2	43200	1800
S008_DAY2_MINITWICE_2511	14	Picture	PW	1015788	0	1	43199	2	0	43200
S008_DAY2_MINITWICE_2511	14	Pulse	99	1030525	14737	NA
S008_DAY2_MINITWICE_2511	14	Port Input	1	1030525	14737	NA
S008_DAY2_MINITWICE_2511	14	Response	52	1031687	15899	1
S008_DAY2_MINITWICE_2511	14	Picture	8_T_PWTRIAD_PW_arbol_red.png	1058987	43199	1	1900	2	43200	1800
S008_DAY2_MINITWICE_2511	15	Picture	PW	1061087	0	1	43200	2	0	43200
S008_DAY2_MINITWICE_2511	15	Pulse	99	1066526	5439	NA
S008_DAY2_MINITWICE_2511	15	Port Input	1	1066526	5439	NA
S008_DAY2_MINITWICE_2511	15	Response	52	1080243	19156	1
S008_DAY2_MINITWICE_2511	15	Pulse	99	1102527	41440	NA
S008_DAY2_MINITWICE_2511	15	Port Input	1	1102527	41440	NA
S008_DAY2_MINITWICE_2511	15	Picture	9_T_PWTRIAD_PW_bellota_red.png	1104287	43200	1	1900	2	43200	1800
S008_DAY2_MINITWICE_2511	16	Picture	PW	1106387	0	1	43199	2	0	43200
S008_DAY2_MINITWICE_2511	16	Response	52	1125117	18730	1
S008_DAY2_MINITWICE_2511	16	Pulse	99	1138528	32141	NA
S008_DAY2_MINITWICE_2511	16	Port Input	1	1138528	32141	NA
S008_DAY2_MINITWICE_2511	16	Picture	10_T_PWTRIAD_PW_cuento_red.png	1149586	43199	1	1900	2	43200	1800
S008_DAY2_MINITWICE_2511	17	Picture	rest	1151586	0	1	144099	2	0	144000
S008_DAY2_MINITWICE_2511	17	Pulse	99	1174529	22943	NA
S008_DAY2_MINITWICE_2511	17	Port Input	1	1174529	22943	NA
S008_DAY2_MINITWICE_2511	17	Pulse	99	1210529	58943	NA
S008_DAY2_MINITWICE_2511	17	Port Input	1	1210529	58943	NA
S008_DAY2_MINITWICE_2511	17	Pulse	99	1246530	94944	NA
S008_DAY2_MINITWICE_2511	17	Port Input	1	1246530	94944	NA
S008_DAY2_MINITWICE_2511	17	Pulse	99	1282531	130945	NA
S008_DAY2_MINITWICE_2511	17	Port Input	1	1282531	130945	NA
S008_DAY2_MINITWICE_2511	18	Picture	endrest	1295785	0	1	10099	3	0	10000
S008_DAY2_MINITWICE_2511	19	Picture	RW	1306085	0	1	43199	2	0	43200
S008_DAY2_MINITWICE_2511	19	Pulse	99	1318532	12447	NA
S008_DAY2_MINITWICE_2511	19	Port Input	1	1318532	12447	NA
S008_DAY2_MINITWICE_2511	19	Response	51	1320816	14731	1
S008_DAY2_MINITWICE_2511	19	Picture	13_T_RWTRIAD_RW_charco_red.png	1349284	43199	1	1900	2	43200	1800
S008_DAY2_MINITWICE_2511	20	Picture	RW	1351384	0	1	43199	3	0	43200
S008_DAY2_MINITWICE_2511	20	Pulse	99	1354533	3149	NA
S008_DAY2_MINITWICE_2511	20	Port Input	1	1354533	3149	NA
S008_DAY2_MINITWICE_2511	20	Response	52	1366905	15521	1
S008_DAY2_MINITWICE_2511	20	Pulse	99	1390534	39150	NA
S008_DAY2_MINITWICE_2511	20	Port Input	1	1390534	39150	NA
S008_DAY2_MINITWICE_2511	20	Picture	14_T_RWTRIAD_RW_lenador_red.png	1394583	43199	2	1900	4	43200	1800
S008_DAY2_MINITWICE_2511	21	Picture	RW	1396683	0	2	43200	3	0	43200
S008_DAY2_MINITWICE_2511	21	Response	51	1408436	11753	1
S008_DAY2_MINITWICE_2511	21	Pulse	99	1426534	29851	NA
S008_DAY2_MINITWICE_2511	21	Port Input	1	1426534	29851	NA
S008_DAY2_MINITWICE_2511	21	Picture	15_T_RWTRIAD_RW_novia_red.png	1439883	43200	1	1900	2	43200	1800
S008_DAY2_MINITWICE_2511	22	Picture	RW	1441983	0	1	43199	3	0	43200
S008_DAY2_MINITWICE_2511	22	Response	51	1455346	13363	1
S008_DAY2_MINITWICE_2511	22	Pulse	99	1462535	20552	NA
S008_DAY2_MINITWICE_2511	22	Port Input	1	1462535	20552	NA
S008_DAY2_MINITWICE_2511	22	Picture	16_T_RWTRIAD_RW_violin_red.png	1485182	43199	2	1900	4	43200	1800
S008_DAY2_MINITWICE_2511	23	Picture	RW	1487282	0	2	43200	3	0	43200
S008_DAY2_MINITWICE_2511	23	Pulse	99	1498536	11254	NA
S008_DAY2_MINITWICE_2511	23	Port Input	1	1498536	11254	NA
S008_DAY2_MINITWICE_2511	23	Response	51	1500776	13494	1
S008_DAY2_MINITWICE_2511	23	Picture	17_T_RWTRIAD_RW_tenedor_red.png	1530482	43200	1	1900	2	43200	1800
S008_DAY2_MINITWICE_2511	24	Picture	RW	1532582	0	1	43199	3	0	43200
S008_DAY2_MINITWICE_2511	24	Pulse	99	1534537	1955	NA
S008_DAY2_MINITWICE_2511	24	Port Input	1	1534537	1955	NA
S008_DAY2_MINITWICE_2511	24	Response	51	1546880	14298	1
S008_DAY2_MINITWICE_2511	24	Pulse	99	1570538	37956	NA
S008_DAY2_MINITWICE_2511	24	Port Input	1	1570538	37956	NA
S008_DAY2_MINITWICE_2511	24	Picture	18_T_RWTRIAD_RW_zanahoria_red.png	1575781	43199	2	1900	4	43200	1800
S008_DAY2_MINITWICE_2511	25	Picture	RW	1577881	0	2	43200	3	0	43200
S008_DAY2_MINITWICE_2511	25	Response	51	1590959	13078	1
S008_DAY2_MINITWICE_2511	25	Pulse	99	1606539	28658	NA
S008_DAY2_MINITWICE_2511	25	Port Input	1	1606539	28658	NA
S008_DAY2_MINITWICE_2511	25	Picture	19_T_RWTRIAD_RW_dedal_red.png	1621081	43200	1	1900	2	43200	1800
S008_DAY2_MINITWICE_2511	26	Picture	RW	1623181	0	1	43199	3	0	43200
S008_DAY2_MINITWICE_2511	26	Response	52	1634892	11711	3
S008_DAY2_MINITWICE_2511	26	Pulse	99	1642539	19358	NA
S008_DAY2_MINITWICE_2511	26	Port Input	1	1642539	19358	NA
S008_DAY2_MINITWICE_2511	26	Picture	20_T_RWTRIAD_RW_bebe_red.png	1666380	43199	2	1900	4	43200	1800
S008_DAY2_MINITWICE_2511	27	Picture	rest	1668380	0	2	144099	3	0	144000
S008_DAY2_MINITWICE_2511	27	Pulse	99	1678540	10160	NA
S008_DAY2_MINITWICE_2511	27	Port Input	1	1678540	10160	NA
S008_DAY2_MINITWICE_2511	27	Pulse	99	1714541	46161	NA
S008_DAY2_MINITWICE_2511	27	Port Input	1	1714541	46161	NA
S008_DAY2_MINITWICE_2511	27	Pulse	99	1750542	82162	NA
S008_DAY2_MINITWICE_2511	27	Port Input	1	1750542	82162	NA
S008_DAY2_MINITWICE_2511	27	Pulse	99	1786543	118163	NA
S008_DAY2_MINITWICE_2511	27	Port Input	1	1786543	118163	NA
S008_DAY2_MINITWICE_2511	28	Picture	endrest	1812579	0	1	10100	2	0	10000
S008_DAY2_MINITWICE_2511	28	Pulse	99	1822544	9965	NA
S008_DAY2_MINITWICE_2511	28	Port Input	1	1822544	9965	NA
S008_DAY2_MINITWICE_2511	29	Picture	RW	1822879	0	1	43199	2	0	43200
S008_DAY2_MINITWICE_2511	29	Response	51	1838187	15308	1
S008_DAY2_MINITWICE_2511	29	Pulse	99	1858544	35665	NA
S008_DAY2_MINITWICE_2511	29	Port Input	1	1858544	35665	NA
S008_DAY2_MINITWICE_2511	29	Picture	23_T_RWTRIAD_RW_ascensor_red.png	1866078	43199	1	1900	2	43200	1800
S008_DAY2_MINITWICE_2511	30	Picture	RW	1868178	0	1	43200	2	0	43200
S008_DAY2_MINITWICE_2511	30	Response	51	1881495	13317	1
S008_DAY2_MINITWICE_2511	30	Pulse	99	1894545	26367	NA
S008_DAY2_MINITWICE_2511	30	Port Input	1	1894545	26367	NA
S008_DAY2_MINITWICE_2511	30	Picture	24_T_RWTRIAD_RW_pilas_red.png	1911378	43200	1	1900	2	43200	1800
S008_DAY2_MINITWICE_2511	31	Picture	RW	1913478	0	1	43199	2	0	43200
S008_DAY2_MINITWICE_2511	31	Response	51	1926694	13216	1
S008_DAY2_MINITWICE_2511	31	Pulse	99	1930546	17068	NA
S008_DAY2_MINITWICE_2511	31	Port Input	1	1930546	17068	NA
S008_DAY2_MINITWICE_2511	31	Picture	25_T_RWTRIAD_RW_madera_red.png	1956677	43199	1	1900	2	43200	1800
S008_DAY2_MINITWICE_2511	32	Picture	RW	1958777	0	1	43200	2	0	43200
S008_DAY2_MINITWICE_2511	32	Pulse	99	1966547	7770	NA
S008_DAY2_MINITWICE_2511	32	Port Input	1	1966547	7770	NA
S008_DAY2_MINITWICE_2511	32	Response	52	1968987	10210	1
S008_DAY2_MINITWICE_2511	32	Picture	26_T_RWTRIAD_RW_esquimal_red.png	2001977	43200	1	1900	2	43200	1800
S008_DAY2_MINITWICE_2511	32	Pulse	99	2002548	43771	NA
S008_DAY2_MINITWICE_2511	32	Port Input	1	2002548	43771	NA
S008_DAY2_MINITWICE_2511	33	Picture	FF	2004077	0	1	43199	2	0	43200
S008_DAY2_MINITWICE_2511	33	Response	51	2016862	12785	1
S008_DAY2_MINITWICE_2511	33	Pulse	99	2038548	34471	NA
S008_DAY2_MINITWICE_2511	33	Port Input	1	2038548	34471	NA
S008_DAY2_MINITWICE_2511	33	Picture	27_T_FFTRIAD_FF_bellota_red.png	2047276	43199	1	1900	2	43200	1800
S008_DAY2_MINITWICE_2511	34	Picture	FF	2049376	0	1	43200	2	0	43200
S008_DAY2_MINITWICE_2511	34	Response	51	2057763	8387	1
S008_DAY2_MINITWICE_2511	34	Pulse	99	2074549	25173	NA
S008_DAY2_MINITWICE_2511	34	Port Input	1	2074549	25173	NA
S008_DAY2_MINITWICE_2511	34	Picture	28_T_FFTRIAD_FF_sapo_red.png	2092576	43200	1	1900	2	43200	1800
S008_DAY2_MINITWICE_2511	35	Picture	FF	2094676	0	1	43199	2	0	43200
S008_DAY2_MINITWICE_2511	35	Response	51	2103161	8485	1
S008_DAY2_MINITWICE_2511	35	Pulse	99	2110550	15874	NA
S008_DAY2_MINITWICE_2511	35	Port Input	1	2110550	15874	NA
S008_DAY2_MINITWICE_2511	35	Picture	29_T_FFTRIAD_FF_charco_red.png	2137875	43199	1	1900	2	43200	1800
S008_DAY2_MINITWICE_2511	36	Picture	FF	2139975	0	1	43198	4	0	43200
S008_DAY2_MINITWICE_2511	36	Pulse	99	2146551	6576	NA
S008_DAY2_MINITWICE_2511	36	Port Input	1	2146551	6576	NA
S008_DAY2_MINITWICE_2511	36	Response	51	2148560	8585	1
S008_DAY2_MINITWICE_2511	36	Pulse	99	2182552	42577	NA
S008_DAY2_MINITWICE_2511	36	Port Input	1	2182552	42577	NA
S008_DAY2_MINITWICE_2511	36	Picture	30_T_FFTRIAD_FF_grapadora_red.png	2183173	43198	3	1902	4	43200	1800
S008_DAY2_MINITWICE_2511	37	Picture	rest	2185175	0	1	144098	2	0	144000
S008_DAY2_MINITWICE_2511	37	Pulse	99	2218553	33378	NA
S008_DAY2_MINITWICE_2511	37	Port Input	1	2218553	33378	NA
S008_DAY2_MINITWICE_2511	37	Pulse	99	2254553	69378	NA
S008_DAY2_MINITWICE_2511	37	Port Input	1	2254553	69378	NA
S008_DAY2_MINITWICE_2511	37	Pulse	99	2290554	105379	NA
S008_DAY2_MINITWICE_2511	37	Port Input	1	2290554	105379	NA
S008_DAY2_MINITWICE_2511	37	Pulse	99	2326555	141380	NA
S008_DAY2_MINITWICE_2511	37	Port Input	1	2326555	141380	NA
S008_DAY2_MINITWICE_2511	38	Picture	endrest	2329373	0	1	10067	42	0	10000
S008_DAY2_MINITWICE_2511	39	Picture	PW	2339673	0	1	43199	3	0	43200
S008_DAY2_MINITWICE_2511	39	Response	51	2358897	19224	1
S008_DAY2_MINITWICE_2511	39	Pulse	99	2362556	22883	NA
S008_DAY2_MINITWICE_2511	39	Port Input	1	2362556	22883	NA
S008_DAY2_MINITWICE_2511	39	Picture	33_T_PWTRIAD_PW_telarana_red.png	2382872	43199	2	1900	4	43200	1800
S008_DAY2_MINITWICE_2511	40	Picture	PW	2384972	0	2	43200	3	0	43200
S008_DAY2_MINITWICE_2511	40	Pulse	99	2398557	13585	NA
S008_DAY2_MINITWICE_2511	40	Port Input	1	2398557	13585	NA
S008_DAY2_MINITWICE_2511	40	Response	51	2398588	13616	1
S008_DAY2_MINITWICE_2511	40	Picture	34_T_PWTRIAD_PW_lenador_red.png	2428172	43200	1	1900	2	43200	1800
S008_DAY2_MINITWICE_2511	41	Picture	PW	2430272	0	1	43199	3	0	43200
S008_DAY2_MINITWICE_2511	41	Pulse	99	2434558	4286	NA
S008_DAY2_MINITWICE_2511	41	Port Input	1	2434558	4286	NA
S008_DAY2_MINITWICE_2511	41	Response	51	2444174	13902	1
S008_DAY2_MINITWICE_2511	41	Pulse	99	2470558	40286	NA
S008_DAY2_MINITWICE_2511	41	Port Input	1	2470558	40286	NA
S008_DAY2_MINITWICE_2511	41	Picture	35_T_PWTRIAD_PW_ancla_red.png	2473471	43199	2	1900	4	43200	1800
S008_DAY2_MINITWICE_2511	42	Picture	PW	2475571	0	1	43200	2	0	43200
S008_DAY2_MINITWICE_2511	42	Response	51	2493167	17596	1
S008_DAY2_MINITWICE_2511	42	Pulse	99	2506559	30988	NA
S008_DAY2_MINITWICE_2511	42	Port Input	1	2506559	30988	NA
S008_DAY2_MINITWICE_2511	42	Picture	36_T_PWTRIAD_PW_madera_red.png	2518771	43200	1	1900	2	43200	1800
S008_DAY2_MINITWICE_2511	43	Picture	RW	2520871	0	1	43199	2	0	43200
S008_DAY2_MINITWICE_2511	43	Response	51	2533016	12145	1
S008_DAY2_MINITWICE_2511	43	Pulse	99	2542560	21689	NA
S008_DAY2_MINITWICE_2511	43	Port Input	1	2542560	21689	NA
S008_DAY2_MINITWICE_2511	43	Picture	37_T_RWTRIAD_RW_iglu_red.png	2564070	43199	1	1900	3	43200	1800
S008_DAY2_MINITWICE_2511	44	Picture	RW	2566170	0	2	43200	3	0	43200
S008_DAY2_MINITWICE_2511	44	Pulse	99	2578561	12391	NA
S008_DAY2_MINITWICE_2511	44	Port Input	1	2578561	12391	NA
S008_DAY2_MINITWICE_2511	44	Response	52	2581193	15023	1
S008_DAY2_MINITWICE_2511	44	Picture	38_T_RWTRIAD_RW_piramide_red.png	2609370	43200	1	1900	2	43200	1800
S008_DAY2_MINITWICE_2511	45	Picture	RW	2611470	0	1	43199	3	0	43200
S008_DAY2_MINITWICE_2511	45	Pulse	99	2614562	3092	NA
S008_DAY2_MINITWICE_2511	45	Port Input	1	2614562	3092	NA
S008_DAY2_MINITWICE_2511	45	Response	52	2628038	16568	1
S008_DAY2_MINITWICE_2511	45	Pulse	99	2650563	39093	NA
S008_DAY2_MINITWICE_2511	45	Port Input	1	2650563	39093	NA
S008_DAY2_MINITWICE_2511	45	Picture	39_T_RWTRIAD_RW_anillo_red.png	2654669	43199	2	1900	3	43200	1800
S008_DAY2_MINITWICE_2511	46	Picture	RW	2656769	0	1	43200	2	0	43200
S008_DAY2_MINITWICE_2511	46	Response	51	2675256	18487	1
S008_DAY2_MINITWICE_2511	46	Pulse	99	2686563	29794	NA
S008_DAY2_MINITWICE_2511	46	Port Input	1	2686563	29794	NA
S008_DAY2_MINITWICE_2511	46	Picture	40_T_RWTRIAD_RW_pluma_red.png	2699969	43200	1	1900	2	43200	1800
S008_DAY2_MINITWICE_2511	47	Picture	rest	2701969	0	1	144098	2	0	144000
S008_DAY2_MINITWICE_2511	47	Pulse	99	2722564	20595	NA
S008_DAY2_MINITWICE_2511	47	Port Input	1	2722564	20595	NA
S008_DAY2_MINITWICE_2511	47	Pulse	99	2758565	56596	NA
S008_DAY2_MINITWICE_2511	47	Port Input	1	2758565	56596	NA
S008_DAY2_MINITWICE_2511	47	Pulse	99	2794566	92597	NA
S008_DAY2_MINITWICE_2511	47	Port Input	1	2794566	92597	NA
S008_DAY2_MINITWICE_2511	47	Pulse	99	2830567	128598	NA
S008_DAY2_MINITWICE_2511	47	Port Input	1	2830567	128598	NA
S008_DAY2_MINITWICE_2511	48	Picture	endrest	2846167	0	1	10100	2	0	10000
S008_DAY2_MINITWICE_2511	49	Picture	FF	2856467	0	1	43200	2	0	43200
S008_DAY2_MINITWICE_2511	49	Pulse	99	2866568	10101	NA
S008_DAY2_MINITWICE_2511	49	Port Input	1	2866568	10101	NA
S008_DAY2_MINITWICE_2511	49	Response	51	2870954	14487	1
S008_DAY2_MINITWICE_2511	49	Picture	43_T_FFTRIAD_FF_ascensor_red.png	2899667	43200	1	1900	2	43200	1800
S008_DAY2_MINITWICE_2511	50	Picture	FF	2901767	0	1	43199	2	0	43200
S008_DAY2_MINITWICE_2511	50	Pulse	99	2902568	801	NA
S008_DAY2_MINITWICE_2511	50	Port Input	1	2902568	801	NA
S008_DAY2_MINITWICE_2511	50	Response	51	2909743	7976	1
S008_DAY2_MINITWICE_2511	50	Pulse	99	2938569	36802	NA
S008_DAY2_MINITWICE_2511	50	Port Input	1	2938569	36802	NA
S008_DAY2_MINITWICE_2511	50	Picture	44_T_FFTRIAD_FF_leche_red.png	2944966	43199	1	1900	2	43200	1800
S008_DAY2_MINITWICE_2511	51	Picture	FF	2947066	0	1	43200	2	0	43200
S008_DAY2_MINITWICE_2511	51	Response	51	2954555	7489	1
S008_DAY2_MINITWICE_2511	51	Pulse	99	2974570	27504	NA
S008_DAY2_MINITWICE_2511	51	Port Input	1	2974570	27504	NA
S008_DAY2_MINITWICE_2511	51	Picture	45_T_FFTRIAD_FF_teclado_red.png	2990266	43200	1	1900	2	43200	1800
S008_DAY2_MINITWICE_2511	52	Picture	FF	2992366	0	1	43199	2	0	43200
S008_DAY2_MINITWICE_2511	52	Response	51	3007318	14952	1
S008_DAY2_MINITWICE_2511	52	Pulse	99	3010571	18205	NA
S008_DAY2_MINITWICE_2511	52	Port Input	1	3010571	18205	NA
S008_DAY2_MINITWICE_2511	52	Picture	46_T_FFTRIAD_FF_dedal_red.png	3035565	43199	1	1900	2	43200	1800
S008_DAY2_MINITWICE_2511	53	Picture	RW	3037665	0	1	43200	2	0	43200
S008_DAY2_MINITWICE_2511	53	Pulse	99	3046572	8907	NA
S008_DAY2_MINITWICE_2511	53	Port Input	1	3046572	8907	NA
S008_DAY2_MINITWICE_2511	53	Response	51	3049250	11585	1
S008_DAY2_MINITWICE_2511	53	Picture	47_T_RWTRIAD_RW_grifo_red.png	3080865	43200	1	1900	2	43200	1800
S008_DAY2_MINITWICE_2511	53	Pulse	99	3082573	44908	NA
S008_DAY2_MINITWICE_2511	53	Port Input	1	3082573	44908	NA
S008_DAY2_MINITWICE_2511	54	Picture	RW	3082965	0	1	43199	2	0	43200
S008_DAY2_MINITWICE_2511	54	Response	51	3093976	11011	1
S008_DAY2_MINITWICE_2511	54	Pulse	99	3118573	35608	NA
S008_DAY2_MINITWICE_2511	54	Port Input	1	3118573	35608	NA
S008_DAY2_MINITWICE_2511	54	Picture	48_T_RWTRIAD_RW_television_red.png	3126164	43199	1	1900	2	43200	1800
S008_DAY2_MINITWICE_2511	55	Picture	RW	3128264	0	1	43200	2	0	43200
S008_DAY2_MINITWICE_2511	55	Response	52	3143791	15527	1
S008_DAY2_MINITWICE_2511	55	Pulse	99	3154574	26310	NA
S008_DAY2_MINITWICE_2511	55	Port Input	1	3154574	26310	NA
S008_DAY2_MINITWICE_2511	55	Picture	49_T_RWTRIAD_RW_molino_red.png	3171464	43200	1	1900	2	43200	1800
S008_DAY2_MINITWICE_2511	56	Picture	RW	3173564	0	1	43199	2	0	43200
S008_DAY2_MINITWICE_2511	56	Response	52	3184968	11404	1
S008_DAY2_MINITWICE_2511	56	Pulse	99	3190575	17011	NA
S008_DAY2_MINITWICE_2511	56	Port Input	1	3190575	17011	NA
S008_DAY2_MINITWICE_2511	56	Picture	50_T_RWTRIAD_RW_lechuga_red.png	3216763	43199	1	1900	2	43200	1800
S008_DAY2_MINITWICE_2511	57	Picture	rest	3218763	0	1	144098	3	0	144000
S008_DAY2_MINITWICE_2511	57	Pulse	99	3226576	7813	NA
S008_DAY2_MINITWICE_2511	57	Port Input	1	3226576	7813	NA
S008_DAY2_MINITWICE_2511	57	Pulse	99	3262577	43814	NA
S008_DAY2_MINITWICE_2511	57	Port Input	1	3262577	43814	NA
S008_DAY2_MINITWICE_2511	57	Pulse	99	3298578	79815	NA
S008_DAY2_MINITWICE_2511	57	Port Input	1	3298578	79815	NA
S008_DAY2_MINITWICE_2511	57	Pulse	99	3334578	115815	NA
S008_DAY2_MINITWICE_2511	57	Port Input	1	3334578	115815	NA
S008_DAY2_MINITWICE_2511	58	Picture	endrest	3362961	0	2	10100	3	0	10000
S008_DAY2_MINITWICE_2511	58	Pulse	99	3370579	7618	NA
S008_DAY2_MINITWICE_2511	58	Port Input	1	3370579	7618	NA
S008_DAY2_MINITWICE_2511	59	Picture	RW	3373261	0	1	43200	2	0	43200
S008_DAY2_MINITWICE_2511	59	Response	52	3388078	14817	1
S008_DAY2_MINITWICE_2511	59	Pulse	99	3406580	33319	NA
S008_DAY2_MINITWICE_2511	59	Port Input	1	3406580	33319	NA
S008_DAY2_MINITWICE_2511	59	Picture	53_T_RWTRIAD_RW_arco_red.png	3416461	43200	1	1900	2	43200	1800
S008_DAY2_MINITWICE_2511	60	Picture	RW	3418554	0	41	43206	42	0	43200
S008_DAY2_MINITWICE_2511	60	Response	51	3430168	11614	1
S008_DAY2_MINITWICE_2511	60	Pulse	99	3442581	24027	NA
S008_DAY2_MINITWICE_2511	60	Port Input	1	3442581	24027	NA
S008_DAY2_MINITWICE_2511	60	Picture	54_T_RWTRIAD_RW_bala_red.png	3461760	43206	1	1900	2	43200	1800
S008_DAY2_MINITWICE_2511	61	Picture	RW	3463860	0	1	43200	2	0	43200
S008_DAY2_MINITWICE_2511	61	Response	51	3477276	13416	1
S008_DAY2_MINITWICE_2511	61	Pulse	99	3478582	14722	NA
S008_DAY2_MINITWICE_2511	61	Port Input	1	3478582	14722	NA
S008_DAY2_MINITWICE_2511	61	Picture	55_T_RWTRIAD_RW_paracaidas_red.png	3507060	43200	1	1900	2	43200	1800
S008_DAY2_MINITWICE_2511	62	Picture	RW	3509160	0	1	43199	2	0	43200
S008_DAY2_MINITWICE_2511	62	Pulse	99	3514582	5422	NA
S008_DAY2_MINITWICE_2511	62	Port Input	1	3514582	5422	NA
S008_DAY2_MINITWICE_2511	62	Response	52	3521708	12548	1
S008_DAY2_MINITWICE_2511	62	Pulse	99	3550583	41423	NA
S008_DAY2_MINITWICE_2511	62	Port Input	1	3550583	41423	NA
S008_DAY2_MINITWICE_2511	62	Picture	56_T_RWTRIAD_RW_banera_red.png	3552359	43199	1	1900	2	43200	1800
S008_DAY2_MINITWICE_2511	63	Picture	PW	3554459	0	1	43200	2	0	43200
S008_DAY2_MINITWICE_2511	63	Response	51	3571604	17145	1
S008_DAY2_MINITWICE_2511	63	Pulse	99	3586584	32125	NA
S008_DAY2_MINITWICE_2511	63	Port Input	1	3586584	32125	NA
S008_DAY2_MINITWICE_2511	63	Picture	57_T_PWTRIAD_PW_dado_red.png	3597659	43200	1	1900	2	43200	1800
S008_DAY2_MINITWICE_2511	64	Picture	PW	3599759	0	1	43199	2	0	43200
S008_DAY2_MINITWICE_2511	64	Response	52	3620014	20255	2
S008_DAY2_MINITWICE_2511	64	Pulse	99	3622585	22826	NA
S008_DAY2_MINITWICE_2511	64	Port Input	1	3622585	22826	NA
S008_DAY2_MINITWICE_2511	64	Picture	58_T_PWTRIAD_PW_ascensor_red.png	3642958	43199	1	1900	2	43200	1800
S008_DAY2_MINITWICE_2511	65	Picture	PW	3645058	0	1	43200	2	0	43200
S008_DAY2_MINITWICE_2511	65	Pulse	99	3658586	13528	NA
S008_DAY2_MINITWICE_2511	65	Port Input	1	3658586	13528	NA
S008_DAY2_MINITWICE_2511	65	Response	52	3664582	19524	2
S008_DAY2_MINITWICE_2511	65	Picture	59_T_PWTRIAD_PW_portatil_red.png	3688258	43200	1	1900	2	43200	1800
S008_DAY2_MINITWICE_2511	66	Picture	PW	3690358	0	1	43199	2	0	43200
S008_DAY2_MINITWICE_2511	66	Pulse	99	3694587	4229	NA
S008_DAY2_MINITWICE_2511	66	Port Input	1	3694587	4229	NA
S008_DAY2_MINITWICE_2511	66	Response	51	3707531	17173	2
S008_DAY2_MINITWICE_2511	66	Pulse	99	3730587	40229	NA
S008_DAY2_MINITWICE_2511	66	Port Input	1	3730587	40229	NA
S008_DAY2_MINITWICE_2511	66	Picture	60_T_PWTRIAD_PW_sombrilla_red.png	3733557	43199	1	1900	2	43200	1800
S008_DAY2_MINITWICE_2511	67	Picture	rest	3735557	0	1	144099	2	0	144000
S008_DAY2_MINITWICE_2511	67	Pulse	99	3766588	31031	NA
S008_DAY2_MINITWICE_2511	67	Port Input	1	3766588	31031	NA
S008_DAY2_MINITWICE_2511	67	Pulse	99	3802589	67032	NA
S008_DAY2_MINITWICE_2511	67	Port Input	1	3802589	67032	NA
S008_DAY2_MINITWICE_2511	67	Pulse	99	3838590	103033	NA
S008_DAY2_MINITWICE_2511	67	Port Input	1	3838590	103033	NA
S008_DAY2_MINITWICE_2511	67	Pulse	99	3874591	139034	NA
S008_DAY2_MINITWICE_2511	67	Port Input	1	3874591	139034	NA
S008_DAY2_MINITWICE_2511	68	Picture	endrest	3879756	0	1	10099	3	0	10000
S008_DAY2_MINITWICE_2511	69	Picture	PW	3890055	0	2	43200	3	0	43200
S008_DAY2_MINITWICE_2511	69	Response	51	3905712	15657	1
S008_DAY2_MINITWICE_2511	69	Pulse	99	3910592	20537	NA
S008_DAY2_MINITWICE_2511	69	Port Input	1	3910592	20537	NA
S008_DAY2_MINITWICE_2511	69	Picture	63_T_PWTRIAD_PW_gafas_red.png	3933255	43200	1	1900	2	43200	1800
S008_DAY2_MINITWICE_2511	70	Picture	PW	3935355	0	1	43200	2	0	43200
S008_DAY2_MINITWICE_2511	70	Pulse	99	3946592	11237	NA
S008_DAY2_MINITWICE_2511	70	Port Input	1	3946592	11237	NA
S008_DAY2_MINITWICE_2511	70	Response	51	3952151	16796	1
S008_DAY2_MINITWICE_2511	70	Picture	64_T_PWTRIAD_PW_piramide_red.png	3978555	43200	1	1899	3	43200	1800
S008_DAY2_MINITWICE_2511	71	Picture	PW	3980654	0	2	43200	3	0	43200
S008_DAY2_MINITWICE_2511	71	Pulse	99	3982593	1939	NA
S008_DAY2_MINITWICE_2511	71	Port Input	1	3982593	1939	NA
S008_DAY2_MINITWICE_2511	71	Response	51	3998917	18263	1
S008_DAY2_MINITWICE_2511	71	Pulse	99	4018594	37940	NA
S008_DAY2_MINITWICE_2511	71	Port Input	1	4018594	37940	NA
S008_DAY2_MINITWICE_2511	71	Picture	65_T_PWTRIAD_PW_pilas_red.png	4023854	43200	1	1900	2	43200	1800
S008_DAY2_MINITWICE_2511	72	Picture	PW	4025954	0	1	43199	3	0	43200
S008_DAY2_MINITWICE_2511	72	Response	51	4041254	15300	1
S008_DAY2_MINITWICE_2511	72	Pulse	99	4054595	28641	NA
S008_DAY2_MINITWICE_2511	72	Port Input	1	4054595	28641	NA
S008_DAY2_MINITWICE_2511	72	Picture	66_T_PWTRIAD_PW_violin_red.png	4069153	43199	2	1900	4	43200	1800
S008_DAY2_MINITWICE_2511	73	Picture	PW	4071253	0	2	43200	3	0	43200
S008_DAY2_MINITWICE_2511	73	Response	52	4088380	17127	1
S008_DAY2_MINITWICE_2511	73	Pulse	99	4090596	19343	NA
S008_DAY2_MINITWICE_2511	73	Port Input	1	4090596	19343	NA
S008_DAY2_MINITWICE_2511	73	Picture	67_T_PWTRIAD_PW_murcielago_red.png	4114453	43200	1	1900	2	43200	1800
S008_DAY2_MINITWICE_2511	74	Picture	PW	4116553	0	1	43200	2	0	43200
S008_DAY2_MINITWICE_2511	74	Pulse	99	4126597	10044	NA
S008_DAY2_MINITWICE_2511	74	Port Input	1	4126597	10044	NA
S008_DAY2_MINITWICE_2511	74	Response	51	4133217	16664	1
S008_DAY2_MINITWICE_2511	74	Picture	68_T_PWTRIAD_PW_monja_red.png	4159753	43200	1	1899	3	43200	1800
S008_DAY2_MINITWICE_2511	75	Picture	PW	4161852	0	2	43200	3	0	43200
S008_DAY2_MINITWICE_2511	75	Pulse	99	4162597	745	NA
S008_DAY2_MINITWICE_2511	75	Port Input	1	4162597	745	NA
S008_DAY2_MINITWICE_2511	75	Response	51	4176613	14761	1
S008_DAY2_MINITWICE_2511	75	Pulse	99	4198598	36746	NA
S008_DAY2_MINITWICE_2511	75	Port Input	1	4198598	36746	NA
S008_DAY2_MINITWICE_2511	75	Picture	69_T_PWTRIAD_PW_sapo_red.png	4205052	43200	1	1900	2	43200	1800
S008_DAY2_MINITWICE_2511	76	Picture	PW	4207152	0	1	43199	3	0	43200
S008_DAY2_MINITWICE_2511	76	Response	51	4227397	20245	1
S008_DAY2_MINITWICE_2511	76	Pulse	99	4234599	27447	NA
S008_DAY2_MINITWICE_2511	76	Port Input	1	4234599	27447	NA
S008_DAY2_MINITWICE_2511	76	Picture	70_T_PWTRIAD_PW_lechuga_red.png	4250351	43199	2	1900	4	43200	1800
S008_DAY2_MINITWICE_2511	77	Picture	rest	4252351	0	2	144099	3	0	144000
S008_DAY2_MINITWICE_2511	77	Pulse	99	4270600	18249	NA
S008_DAY2_MINITWICE_2511	77	Port Input	1	4270600	18249	NA
S008_DAY2_MINITWICE_2511	77	Pulse	99	4306601	54250	NA
S008_DAY2_MINITWICE_2511	77	Port Input	1	4306601	54250	NA
S008_DAY2_MINITWICE_2511	77	Pulse	99	4342602	90251	NA
S008_DAY2_MINITWICE_2511	77	Port Input	1	4342602	90251	NA
S008_DAY2_MINITWICE_2511	77	Pulse	99	4378602	126251	NA
S008_DAY2_MINITWICE_2511	77	Port Input	1	4378602	126251	NA
S008_DAY2_MINITWICE_2511	78	Picture	endrest	4396550	0	1	10100	2	0	10000
S008_DAY2_MINITWICE_2511	79	Picture	RW	4406850	0	1	43199	2	0	43200
S008_DAY2_MINITWICE_2511	79	Pulse	99	4414603	7753	NA
S008_DAY2_MINITWICE_2511	79	Port Input	1	4414603	7753	NA
S008_DAY2_MINITWICE_2511	79	Response	52	4425302	18452	1
S008_DAY2_MINITWICE_2511	79	Picture	73_T_RWTRIAD_RW_arbol_red.png	4450049	43199	1	1900	2	43200	1800
S008_DAY2_MINITWICE_2511	79	Pulse	99	4450604	43754	NA
S008_DAY2_MINITWICE_2511	79	Port Input	1	4450604	43754	NA
S008_DAY2_MINITWICE_2511	80	Picture	RW	4452249	0	1	43100	2	0	43200
S008_DAY2_MINITWICE_2511	80	Response	52	4462982	10733	1
S008_DAY2_MINITWICE_2511	80	Pulse	99	4486605	34356	NA
S008_DAY2_MINITWICE_2511	80	Port Input	1	4486605	34356	NA
S008_DAY2_MINITWICE_2511	80	Picture	74_T_RWTRIAD_RW_futbol_red.png	4495349	43100	1	1900	2	43200	1800
S008_DAY2_MINITWICE_2511	81	Picture	RW	4497449	0	1	43199	2	0	43200
S008_DAY2_MINITWICE_2511	81	Response	52	4510110	12661	1
S008_DAY2_MINITWICE_2511	81	Pulse	99	4522606	25157	NA
S008_DAY2_MINITWICE_2511	81	Port Input	1	4522606	25157	NA
S008_DAY2_MINITWICE_2511	81	Picture	75_T_RWTRIAD_RW_raton_red.png	4540648	43199	1	1900	2	43200	1800
S008_DAY2_MINITWICE_2511	82	Picture	RW	4542748	0	1	43200	2	0	43200
S008_DAY2_MINITWICE_2511	82	Response	52	4555253	12505	1
S008_DAY2_MINITWICE_2511	82	Pulse	99	4558607	15859	NA
S008_DAY2_MINITWICE_2511	82	Port Input	1	4558607	15859	NA
S008_DAY2_MINITWICE_2511	82	Picture	76_T_RWTRIAD_RW_monja_red.png	4585948	43200	1	1900	2	43200	1800
S008_DAY2_MINITWICE_2511	83	Picture	FF	4588048	0	1	43199	2	0	43200
S008_DAY2_MINITWICE_2511	83	Pulse	99	4594607	6559	NA
S008_DAY2_MINITWICE_2511	83	Port Input	1	4594607	6559	NA
S008_DAY2_MINITWICE_2511	83	Response	52	4600676	12628	2
S008_DAY2_MINITWICE_2511	83	Pulse	99	4630608	42560	NA
S008_DAY2_MINITWICE_2511	83	Port Input	1	4630608	42560	NA
S008_DAY2_MINITWICE_2511	83	Picture	77_T_FFTRIAD_FF_murcielago_red.png	4631247	43199	1	1900	2	43200	1800
S008_DAY2_MINITWICE_2511	84	Picture	FF	4633347	0	1	43200	2	0	43200
S008_DAY2_MINITWICE_2511	84	Response	52	4644111	10764	1
S008_DAY2_MINITWICE_2511	84	Pulse	99	4666609	33262	NA
S008_DAY2_MINITWICE_2511	84	Port Input	1	4666609	33262	NA
S008_DAY2_MINITWICE_2511	84	Picture	78_T_FFTRIAD_FF_telefono_red.png	4676547	43200	1	1900	2	43200	1800
S008_DAY2_MINITWICE_2511	85	Picture	FF	4678647	0	1	43199	2	0	43200
S008_DAY2_MINITWICE_2511	85	Response	52	4686484	7837	1
S008_DAY2_MINITWICE_2511	85	Pulse	99	4702610	23963	NA
S008_DAY2_MINITWICE_2511	85	Port Input	1	4702610	23963	NA
S008_DAY2_MINITWICE_2511	85	Picture	79_T_FFTRIAD_FF_silla_red.png	4721846	43199	1	1900	2	43200	1800
S008_DAY2_MINITWICE_2511	86	Picture	FF	4723946	0	1	43200	2	0	43200
S008_DAY2_MINITWICE_2511	86	Response	52	4732801	8855	1
S008_DAY2_MINITWICE_2511	86	Pulse	99	4738611	14665	NA
S008_DAY2_MINITWICE_2511	86	Port Input	1	4738611	14665	NA
S008_DAY2_MINITWICE_2511	86	Picture	80_T_FFTRIAD_FF_pizarra_red.png	4767146	43200	1	1900	2	43200	1800
S008_DAY2_MINITWICE_2511	87	Picture	rest	4769146	0	1	144098	2	0	144000
S008_DAY2_MINITWICE_2511	87	Pulse	99	4774611	5465	NA
S008_DAY2_MINITWICE_2511	87	Port Input	1	4774611	5465	NA
S008_DAY2_MINITWICE_2511	87	Pulse	99	4810612	41466	NA
S008_DAY2_MINITWICE_2511	87	Port Input	1	4810612	41466	NA
S008_DAY2_MINITWICE_2511	87	Pulse	99	4846613	77467	NA
S008_DAY2_MINITWICE_2511	87	Port Input	1	4846613	77467	NA
S008_DAY2_MINITWICE_2511	87	Pulse	99	4882614	113468	NA
S008_DAY2_MINITWICE_2511	87	Port Input	1	4882614	113468	NA
S008_DAY2_MINITWICE_2511	88	Picture	endrest	4913344	0	1	10100	2	0	10000
S008_DAY2_MINITWICE_2511	88	Pulse	99	4918615	5271	NA
S008_DAY2_MINITWICE_2511	88	Port Input	1	4918615	5271	NA
S008_DAY2_MINITWICE_2511	89	Picture	RW	4923644	0	1	43199	3	0	43200
S008_DAY2_MINITWICE_2511	89	Response	51	4937340	13696	2
S008_DAY2_MINITWICE_2511	89	Pulse	99	4954616	30972	NA
S008_DAY2_MINITWICE_2511	89	Port Input	1	4954616	30972	NA
S008_DAY2_MINITWICE_2511	89	Picture	83_T_RWTRIAD_RW_ancla_red.png	4966843	43199	2	1900	4	43200	1800
S008_DAY2_MINITWICE_2511	90	Picture	RW	4968943	0	1	43200	2	0	43200
S008_DAY2_MINITWICE_2511	90	Response	51	4980001	11058	1
S008_DAY2_MINITWICE_2511	90	Pulse	99	4990616	21673	NA
S008_DAY2_MINITWICE_2511	90	Port Input	1	4990616	21673	NA
S008_DAY2_MINITWICE_2511	90	Picture	84_T_RWTRIAD_RW_botella_red.png	5012143	43200	1	1900	2	43200	1800
S008_DAY2_MINITWICE_2511	91	Picture	RW	5014243	0	1	43199	2	0	43200
S008_DAY2_MINITWICE_2511	91	Response	51	5025096	10853	1
S008_DAY2_MINITWICE_2511	91	Pulse	99	5026617	12374	NA
S008_DAY2_MINITWICE_2511	91	Port Input	1	5026617	12374	NA
S008_DAY2_MINITWICE_2511	91	Picture	85_T_RWTRIAD_RW_cerillas_red.png	5057442	43199	1	1900	2	43200	1800
S008_DAY2_MINITWICE_2511	92	Picture	RW	5059542	0	1	43200	2	0	43200
S008_DAY2_MINITWICE_2511	92	Pulse	99	5062618	3076	NA
S008_DAY2_MINITWICE_2511	92	Port Input	1	5062618	3076	NA
S008_DAY2_MINITWICE_2511	92	Response	51	5070472	10930	1
S008_DAY2_MINITWICE_2511	92	Pulse	99	5098619	39077	NA
S008_DAY2_MINITWICE_2511	92	Port Input	1	5098619	39077	NA
S008_DAY2_MINITWICE_2511	92	Picture	86_T_RWTRIAD_RW_granjero_red.png	5102742	43200	1	1900	2	43200	1800
S008_DAY2_MINITWICE_2511	93	Picture	PW	5104842	0	1	43199	2	0	43200
S008_DAY2_MINITWICE_2511	93	Response	52	5118590	13748	1
S008_DAY2_MINITWICE_2511	93	Pulse	99	5134620	29778	NA
S008_DAY2_MINITWICE_2511	93	Port Input	1	5134620	29778	NA
S008_DAY2_MINITWICE_2511	93	Picture	87_T_PWTRIAD_PW_pluma_red.png	5148041	43199	1	1900	2	43200	1800
S008_DAY2_MINITWICE_2511	94	Picture	PW	5150141	0	1	43200	2	0	43200
S008_DAY2_MINITWICE_2511	94	Response	51	5166519	16378	1
S008_DAY2_MINITWICE_2511	94	Pulse	99	5170621	20480	NA
S008_DAY2_MINITWICE_2511	94	Port Input	1	5170621	20480	NA
S008_DAY2_MINITWICE_2511	94	Picture	88_T_PWTRIAD_PW_granjero_red.png	5193341	43200	1	1900	2	43200	1800
S008_DAY2_MINITWICE_2511	95	Picture	PW	5195441	0	1	43199	2	0	43200
S008_DAY2_MINITWICE_2511	95	Pulse	99	5206621	11180	NA
S008_DAY2_MINITWICE_2511	95	Port Input	1	5206621	11180	NA
S008_DAY2_MINITWICE_2511	95	Response	52	5212378	16937	1
S008_DAY2_MINITWICE_2511	95	Picture	89_T_PWTRIAD_PW_paracaidas_red.png	5238640	43199	1	1900	2	43200	1800
S008_DAY2_MINITWICE_2511	96	Picture	PW	5240740	0	2	43200	3	0	43200
S008_DAY2_MINITWICE_2511	96	Pulse	99	5242622	1882	NA
S008_DAY2_MINITWICE_2511	96	Port Input	1	5242622	1882	NA
S008_DAY2_MINITWICE_2511	96	Response	52	5257290	16550	1
S008_DAY2_MINITWICE_2511	96	Pulse	99	5278623	37883	NA
S008_DAY2_MINITWICE_2511	96	Port Input	1	5278623	37883	NA
S008_DAY2_MINITWICE_2511	96	Picture	90_T_PWTRIAD_PW_martillo_red.png	5283940	43200	1	1900	2	43200	1800
S008_DAY2_MINITWICE_2511	97	Picture	rest	5285940	0	1	144098	3	0	144000
S008_DAY2_MINITWICE_2511	97	Pulse	99	5314624	28684	NA
S008_DAY2_MINITWICE_2511	97	Port Input	1	5314624	28684	NA
S008_DAY2_MINITWICE_2511	97	Pulse	99	5350625	64685	NA
S008_DAY2_MINITWICE_2511	97	Port Input	1	5350625	64685	NA
S008_DAY2_MINITWICE_2511	97	Pulse	99	5386626	100686	NA
S008_DAY2_MINITWICE_2511	97	Port Input	1	5386626	100686	NA
S008_DAY2_MINITWICE_2511	97	Pulse	99	5422626	136686	NA
S008_DAY2_MINITWICE_2511	97	Port Input	1	5422626	136686	NA
S008_DAY2_MINITWICE_2511	98	Picture	endrest	5430138	0	1	10100	2	0	10000
S008_DAY2_MINITWICE_2511	99	Picture	FF	5440438	0	2	43199	5	0	43200
S008_DAY2_MINITWICE_2511	99	Response	51	5452396	11958	1
S008_DAY2_MINITWICE_2511	99	Pulse	99	5458627	18189	NA
S008_DAY2_MINITWICE_2511	99	Port Input	1	5458627	18189	NA
S008_DAY2_MINITWICE_2511	99	Picture	93_T_FFTRIAD_FF_dado_red.png	5483637	43199	3	1900	7	43200	1800
S008_DAY2_MINITWICE_2511	100	Picture	FF	5485737	0	3	43200	5	0	43200
S008_DAY2_MINITWICE_2511	100	Pulse	99	5494628	8891	NA
S008_DAY2_MINITWICE_2511	100	Port Input	1	5494628	8891	NA
S008_DAY2_MINITWICE_2511	100	Response	51	5495253	9516	1
S008_DAY2_MINITWICE_2511	100	Picture	94_T_FFTRIAD_FF_estetoscopio_red.png	5528937	43200	2	1900	4	43200	1800
S008_DAY2_MINITWICE_2511	100	Pulse	99	5530629	44892	NA
S008_DAY2_MINITWICE_2511	100	Port Input	1	5530629	44892	NA
S008_DAY2_MINITWICE_2511	101	Picture	FF	5531037	0	1	43199	3	0	43200
S008_DAY2_MINITWICE_2511	101	Response	52	5539840	8803	1
S008_DAY2_MINITWICE_2511	101	Pulse	99	5566630	35593	NA
S008_DAY2_MINITWICE_2511	101	Port Input	1	5566630	35593	NA
S008_DAY2_MINITWICE_2511	101	Picture	95_T_FFTRIAD_FF_raton_red.png	5574236	43199	2	1900	4	43200	1800
S008_DAY2_MINITWICE_2511	102	Picture	FF	5576336	0	2	43200	3	0	43200
S008_DAY2_MINITWICE_2511	102	Response	52	5585069	8733	1
S008_DAY2_MINITWICE_2511	102	Pulse	99	5602631	26295	NA
S008_DAY2_MINITWICE_2511	102	Port Input	1	5602631	26295	NA
S008_DAY2_MINITWICE_2511	102	Picture	96_T_FFTRIAD_FF_pilas_red.png	5619536	43200	1	1899	4	43200	1800
S008_DAY2_MINITWICE_2511	103	Picture	FF	5621636	0	1	43199	3	0	43200
S008_DAY2_MINITWICE_2511	103	Response	51	5629971	8335	1
S008_DAY2_MINITWICE_2511	103	Pulse	99	5638631	16995	NA
S008_DAY2_MINITWICE_2511	103	Port Input	1	5638631	16995	NA
S008_DAY2_MINITWICE_2511	103	Picture	97_T_FFTRIAD_FF_tijera_red.png	5664835	43199	2	1900	4	43200	1800
S008_DAY2_MINITWICE_2511	104	Picture	FF	5666935	0	2	43199	4	0	43200
S008_DAY2_MINITWICE_2511	104	Pulse	99	5674632	7697	NA
S008_DAY2_MINITWICE_2511	104	Port Input	1	5674632	7697	NA
S008_DAY2_MINITWICE_2511	104	Response	51	5674660	7725	1
S008_DAY2_MINITWICE_2511	104	Picture	98_T_FFTRIAD_FF_madera_red.png	5710134	43199	2	1900	4	43200	1800
S008_DAY2_MINITWICE_2511	104	Pulse	99	5710633	43698	NA
S008_DAY2_MINITWICE_2511	104	Port Input	1	5710633	43698	NA
S008_DAY2_MINITWICE_2511	105	Picture	FF	5712235	0	1	43198	4	0	43200
S008_DAY2_MINITWICE_2511	105	Response	51	5720798	8563	1
S008_DAY2_MINITWICE_2511	105	Pulse	99	5746634	34399	NA
S008_DAY2_MINITWICE_2511	105	Port Input	1	5746634	34399	NA
S008_DAY2_MINITWICE_2511	105	Picture	99_T_FFTRIAD_FF_monja_red.png	5755433	43198	3	1900	6	43200	1800
S008_DAY2_MINITWICE_2511	106	Picture	FF	5757533	0	3	43200	5	0	43200
S008_DAY2_MINITWICE_2511	106	Response	51	5765433	7900	3
S008_DAY2_MINITWICE_2511	106	Pulse	99	5782635	25102	NA
S008_DAY2_MINITWICE_2511	106	Port Input	1	5782635	25102	NA
S008_DAY2_MINITWICE_2511	106	Picture	100_T_FFTRIAD_FF_oruga_red.png	5800733	43200	2	1901	3	43200	1800
S008_DAY2_MINITWICE_2511	107	Picture	rest	5802734	0	1	144098	2	0	144000
S008_DAY2_MINITWICE_2511	107	Pulse	99	5818635	15901	NA
S008_DAY2_MINITWICE_2511	107	Port Input	1	5818635	15901	NA
S008_DAY2_MINITWICE_2511	107	Pulse	99	5854636	51902	NA
S008_DAY2_MINITWICE_2511	107	Port Input	1	5854636	51902	NA
S008_DAY2_MINITWICE_2511	107	Pulse	99	5890637	87903	NA
S008_DAY2_MINITWICE_2511	107	Port Input	1	5890637	87903	NA
S008_DAY2_MINITWICE_2511	107	Pulse	99	5926638	123904	NA
S008_DAY2_MINITWICE_2511	107	Port Input	1	5926638	123904	NA
S008_DAY2_MINITWICE_2511	108	Picture	endrest	5946932	0	1	10100	2	0	10000
S008_DAY2_MINITWICE_2511	109	Picture	FF	5957232	0	1	43189	29	0	43200
S008_DAY2_MINITWICE_2511	109	Pulse	99	5962639	5407	NA
S008_DAY2_MINITWICE_2511	109	Port Input	1	5962639	5407	NA
S008_DAY2_MINITWICE_2511	109	Response	51	5968231	10999	2
S008_DAY2_MINITWICE_2511	109	Pulse	99	5998640	41408	NA
S008_DAY2_MINITWICE_2511	109	Port Input	1	5998640	41408	NA
S008_DAY2_MINITWICE_2511	109	Picture	103_T_FFTRIAD_FF_paracaidas_red.png	6000421	43189	28	1811	29	43200	1800
S008_DAY2_MINITWICE_2511	110	Picture	FF	6002432	0	1	43199	2	0	43200
S008_DAY2_MINITWICE_2511	110	Response	51	6010153	7721	1
S008_DAY2_MINITWICE_2511	110	Pulse	99	6034641	32209	NA
S008_DAY2_MINITWICE_2511	110	Port Input	1	6034641	32209	NA
S008_DAY2_MINITWICE_2511	110	Picture	104_T_FFTRIAD_FF_agua_red.png	6045631	43199	1	1900	2	43200	1800
S008_DAY2_MINITWICE_2511	111	Picture	FF	6047731	0	1	43200	2	0	43200
S008_DAY2_MINITWICE_2511	111	Response	52	6057944	10213	1
S008_DAY2_MINITWICE_2511	111	Pulse	99	6070641	22910	NA
S008_DAY2_MINITWICE_2511	111	Port Input	1	6070641	22910	NA
S008_DAY2_MINITWICE_2511	111	Picture	105_T_FFTRIAD_FF_paraguas_red.png	6090931	43200	1	1900	2	43200	1800
S008_DAY2_MINITWICE_2511	112	Picture	FF	6093031	0	1	43199	2	0	43200
S008_DAY2_MINITWICE_2511	112	Response	52	6102788	9757	1
S008_DAY2_MINITWICE_2511	112	Pulse	99	6106642	13611	NA
S008_DAY2_MINITWICE_2511	112	Port Input	1	6106642	13611	NA
S008_DAY2_MINITWICE_2511	112	Picture	106_T_FFTRIAD_FF_pluma_red.png	6136230	43199	1	1900	2	43200	1800
S008_DAY2_MINITWICE_2511	113	Picture	PW	6138330	0	1	43200	2	0	43200
S008_DAY2_MINITWICE_2511	113	Pulse	99	6142643	4313	NA
S008_DAY2_MINITWICE_2511	113	Port Input	1	6142643	4313	NA
S008_DAY2_MINITWICE_2511	113	Response	51	6157007	18677	1
S008_DAY2_MINITWICE_2511	113	Pulse	99	6178644	40314	NA
S008_DAY2_MINITWICE_2511	113	Port Input	1	6178644	40314	NA
S008_DAY2_MINITWICE_2511	113	Picture	107_T_PWTRIAD_PW_television_red.png	6181530	43200	1	1900	2	43200	1800
S008_DAY2_MINITWICE_2511	114	Picture	PW	6183630	0	1	43199	2	0	43200
S008_DAY2_MINITWICE_2511	114	Response	51	6200095	16465	1
S008_DAY2_MINITWICE_2511	114	Pulse	99	6214645	31015	NA
S008_DAY2_MINITWICE_2511	114	Port Input	1	6214645	31015	NA
S008_DAY2_MINITWICE_2511	114	Picture	108_T_PWTRIAD_PW_estetoscopio_red.png	6226829	43199	1	1900	2	43200	1800
S008_DAY2_MINITWICE_2511	115	Picture	PW	6228929	0	1	43200	2	0	43200
S008_DAY2_MINITWICE_2511	115	Response	52	6244231	15302	1
S008_DAY2_MINITWICE_2511	115	Pulse	99	6250645	21716	NA
S008_DAY2_MINITWICE_2511	115	Port Input	1	6250645	21716	NA
S008_DAY2_MINITWICE_2511	115	Picture	109_T_PWTRIAD_PW_almohada_red.png	6272129	43200	1	1900	2	43200	1800
S008_DAY2_MINITWICE_2511	116	Picture	PW	6274229	0	1	43199	2	0	43200
S008_DAY2_MINITWICE_2511	116	Pulse	99	6286646	12417	NA
S008_DAY2_MINITWICE_2511	116	Port Input	1	6286646	12417	NA
S008_DAY2_MINITWICE_2511	116	Response	52	6292807	18578	41
S008_DAY2_MINITWICE_2511	116	Picture	110_T_PWTRIAD_PW_candado_red.png	6317428	43199	1	1900	2	43200	1800
S008_DAY2_MINITWICE_2511	117	Picture	rest	6319428	0	1	144098	3	0	144000
S008_DAY2_MINITWICE_2511	117	Pulse	99	6322647	3219	NA
S008_DAY2_MINITWICE_2511	117	Port Input	1	6322647	3219	NA
S008_DAY2_MINITWICE_2511	117	Pulse	99	6358648	39220	NA
S008_DAY2_MINITWICE_2511	117	Port Input	1	6358648	39220	NA
S008_DAY2_MINITWICE_2511	117	Pulse	99	6394649	75221	NA
S008_DAY2_MINITWICE_2511	117	Port Input	1	6394649	75221	NA
S008_DAY2_MINITWICE_2511	117	Pulse	99	6430650	111222	NA
S008_DAY2_MINITWICE_2511	117	Port Input	1	6430650	111222	NA
S008_DAY2_MINITWICE_2511	118	Picture	endrest	6463627	0	1	10099	2	0	10000
S008_DAY2_MINITWICE_2511	118	Pulse	99	6466650	3023	NA
S008_DAY2_MINITWICE_2511	118	Port Input	1	6466650	3023	NA
S008_DAY2_MINITWICE_2511	119	Picture	PW	6473926	0	2	43200	3	0	43200
S008_DAY2_MINITWICE_2511	119	Response	51	6490875	16949	1
S008_DAY2_MINITWICE_2511	119	Pulse	99	6502651	28725	NA
S008_DAY2_MINITWICE_2511	119	Port Input	1	6502651	28725	NA
S008_DAY2_MINITWICE_2511	119	Picture	113_T_PWTRIAD_PW_raton_red.png	6517126	43200	1	1900	2	43200	1800
S008_DAY2_MINITWICE_2511	120	Picture	PW	6519226	0	1	43199	3	0	43200
S008_DAY2_MINITWICE_2511	120	Response	51	6532530	13304	1
S008_DAY2_MINITWICE_2511	120	Pulse	99	6538652	19426	NA
S008_DAY2_MINITWICE_2511	120	Port Input	1	6538652	19426	NA
S008_DAY2_MINITWICE_2511	120	Picture	114_T_PWTRIAD_PW_pizarra_red.png	6562425	43199	2	1900	3	43200	1800
S008_DAY2_MINITWICE_2511	121	Picture	PW	6564490	0	55	43235	56	0	43200
S008_DAY2_MINITWICE_2511	121	Pulse	99	6574653	10163	NA
S008_DAY2_MINITWICE_2511	121	Port Input	1	6574653	10163	NA
S008_DAY2_MINITWICE_2511	121	Response	52	6577944	13454	1
S008_DAY2_MINITWICE_2511	121	Picture	115_T_PWTRIAD_PW_futbol_red.png	6607725	43235	1	1900	2	43200	1800
S008_DAY2_MINITWICE_2511	122	Picture	PW	6609825	0	1	43199	3	0	43200
S008_DAY2_MINITWICE_2511	122	Pulse	99	6610654	829	NA
S008_DAY2_MINITWICE_2511	122	Port Input	1	6610654	829	NA
S008_DAY2_MINITWICE_2511	122	Response	51	6625702	15877	1
S008_DAY2_MINITWICE_2511	122	Pulse	99	6646655	36830	NA
S008_DAY2_MINITWICE_2511	122	Port Input	1	6646655	36830	NA
S008_DAY2_MINITWICE_2511	122	Picture	116_T_PWTRIAD_PW_chupete_red.png	6653024	43199	2	1900	3	43200	1800
S008_DAY2_MINITWICE_2511	123	Picture	FF	6655124	0	1	43200	2	0	43200
S008_DAY2_MINITWICE_2511	123	Response	51	6665303	10179	1
S008_DAY2_MINITWICE_2511	123	Pulse	99	6682655	27531	NA
S008_DAY2_MINITWICE_2511	123	Port Input	1	6682655	27531	NA
S008_DAY2_MINITWICE_2511	123	Picture	117_T_FFTRIAD_FF_lenador_red.png	6698324	43200	1	1900	2	43200	1800
S008_DAY2_MINITWICE_2511	124	Picture	FF	6700424	0	1	43199	2	0	43200
S008_DAY2_MINITWICE_2511	124	Response	51	6709919	9495	1
S008_DAY2_MINITWICE_2511	124	Pulse	99	6718656	18232	NA
S008_DAY2_MINITWICE_2511	124	Port Input	1	6718656	18232	NA
S008_DAY2_MINITWICE_2511	124	Picture	118_T_FFTRIAD_FF_novia_red.png	6743623	43199	1	1900	2	43200	1800
S008_DAY2_MINITWICE_2511	125	Picture	FF	6745723	0	1	43200	2	0	43200
S008_DAY2_MINITWICE_2511	125	Pulse	99	6754657	8934	NA
S008_DAY2_MINITWICE_2511	125	Port Input	1	6754657	8934	NA
S008_DAY2_MINITWICE_2511	125	Response	52	6755247	9524	1
S008_DAY2_MINITWICE_2511	125	Picture	119_T_FFTRIAD_FF_molino_red.png	6788923	43200	1	1900	2	43200	1800
S008_DAY2_MINITWICE_2511	125	Pulse	99	6790658	44935	NA
S008_DAY2_MINITWICE_2511	125	Port Input	1	6790658	44935	NA
S008_DAY2_MINITWICE_2511	126	Picture	FF	6791023	0	1	43199	2	0	43200
S008_DAY2_MINITWICE_2511	126	Response	51	6799019	7996	1
S008_DAY2_MINITWICE_2511	126	Pulse	99	6826659	35636	NA
S008_DAY2_MINITWICE_2511	126	Port Input	1	6826659	35636	NA
S008_DAY2_MINITWICE_2511	126	Picture	120_T_FFTRIAD_FF_arco_red.png	6834222	43199	1	1900	2	43200	1800
S008_DAY2_MINITWICE_2511	127	Picture	rest	6836222	0	1	144099	2	0	144000
S008_DAY2_MINITWICE_2511	127	Pulse	99	6862660	26438	NA
S008_DAY2_MINITWICE_2511	127	Port Input	1	6862660	26438	NA
S008_DAY2_MINITWICE_2511	127	Pulse	99	6898660	62438	NA
S008_DAY2_MINITWICE_2511	127	Port Input	1	6898660	62438	NA
S008_DAY2_MINITWICE_2511	127	Pulse	99	6934661	98439	NA
S008_DAY2_MINITWICE_2511	127	Port Input	1	6934661	98439	NA
S008_DAY2_MINITWICE_2511	127	Pulse	99	6970662	134440	NA
S008_DAY2_MINITWICE_2511	127	Port Input	1	6970662	134440	NA
S008_DAY2_MINITWICE_2511	128	Picture	endrest	6980421	0	1	10100	2	0	10000
S008_DAY2_MINITWICE_2511	129	Picture	PW	6990721	0	1	43199	2	0	43200
S008_DAY2_MINITWICE_2511	129	Pulse	99	7006663	15942	NA
S008_DAY2_MINITWICE_2511	129	Port Input	1	7006663	15942	NA
S008_DAY2_MINITWICE_2511	129	Response	51	7007538	16817	2
S008_DAY2_MINITWICE_2511	129	Picture	123_T_PWTRIAD_PW_molino_red.png	7033920	43199	1	1900	2	43200	1800
S008_DAY2_MINITWICE_2511	130	Picture	PW	7036020	0	1	43200	2	0	43200
S008_DAY2_MINITWICE_2511	130	Pulse	99	7042664	6644	NA
S008_DAY2_MINITWICE_2511	130	Port Input	1	7042664	6644	NA
S008_DAY2_MINITWICE_2511	130	Response	52	7050676	14656	1
S008_DAY2_MINITWICE_2511	130	Pulse	99	7078664	42644	NA
S008_DAY2_MINITWICE_2511	130	Port Input	1	7078664	42644	NA
S008_DAY2_MINITWICE_2511	130	Picture	124_T_PWTRIAD_PW_carruaje_red.png	7079220	43200	1	1900	2	43200	1800
S008_DAY2_MINITWICE_2511	131	Picture	PW	7081320	0	1	43199	2	0	43200
S008_DAY2_MINITWICE_2511	131	Response	51	7100216	18896	1
S008_DAY2_MINITWICE_2511	131	Pulse	99	7114665	33345	NA
S008_DAY2_MINITWICE_2511	131	Port Input	1	7114665	33345	NA
S008_DAY2_MINITWICE_2511	131	Picture	125_T_PWTRIAD_PW_telefono_red.png	7124519	43199	1	1900	2	43200	1800
S008_DAY2_MINITWICE_2511	132	Picture	PW	7126619	0	1	43199	3	0	43200
S008_DAY2_MINITWICE_2511	132	Response	51	7140279	13660	1
S008_DAY2_MINITWICE_2511	132	Pulse	99	7150666	24047	NA
S008_DAY2_MINITWICE_2511	132	Port Input	1	7150666	24047	NA
S008_DAY2_MINITWICE_2511	132	Picture	126_T_PWTRIAD_PW_iglu_red.png	7169818	43199	2	1901	3	43200	1800
S008_DAY2_MINITWICE_2511	133	Picture	FF	7171918	0	2	43200	3	0	43200
S008_DAY2_MINITWICE_2511	133	Response	52	7184391	12473	1
S008_DAY2_MINITWICE_2511	133	Pulse	99	7186667	14749	NA
S008_DAY2_MINITWICE_2511	133	Port Input	1	7186667	14749	NA
S008_DAY2_MINITWICE_2511	133	Picture	127_T_FFTRIAD_FF_policia_red.png	7215118	43200	1	1900	2	43200	1800
S008_DAY2_MINITWICE_2511	134	Picture	FF	7217318	0	1	43099	3	0	43200
S008_DAY2_MINITWICE_2511	134	Pulse	99	7222668	5350	NA
S008_DAY2_MINITWICE_2511	134	Port Input	1	7222668	5350	NA
S008_DAY2_MINITWICE_2511	134	Response	52	7224722	7404	5
S008_DAY2_MINITWICE_2511	134	Pulse	99	7258669	41351	NA
S008_DAY2_MINITWICE_2511	134	Port Input	1	7258669	41351	NA
S008_DAY2_MINITWICE_2511	134	Picture	128_T_FFTRIAD_FF_bala_red.png	7260417	43099	2	1900	4	43200	1800
S008_DAY2_MINITWICE_2511	135	Picture	FF	7262517	0	2	43200	3	0	43200
S008_DAY2_MINITWICE_2511	135	Response	51	7272195	9678	1
S008_DAY2_MINITWICE_2511	135	Pulse	99	7294669	32152	NA
S008_DAY2_MINITWICE_2511	135	Port Input	1	7294669	32152	NA
S008_DAY2_MINITWICE_2511	135	Picture	129_T_FFTRIAD_FF_candado_red.png	7305717	43200	1	1900	2	43200	1800
S008_DAY2_MINITWICE_2511	136	Picture	FF	7307817	0	1	43199	3	0	43200
S008_DAY2_MINITWICE_2511	136	Response	52	7317516	9699	1
S008_DAY2_MINITWICE_2511	136	Pulse	99	7330670	22853	NA
S008_DAY2_MINITWICE_2511	136	Port Input	1	7330670	22853	NA
S008_DAY2_MINITWICE_2511	136	Picture	130_T_FFTRIAD_FF_manos_red.png	7351016	43199	2	1900	4	43200	1800
S008_DAY2_MINITWICE_2511	137	Picture	rest	7353016	0	2	144099	3	0	144000
S008_DAY2_MINITWICE_2511	137	Pulse	99	7366671	13655	NA
S008_DAY2_MINITWICE_2511	137	Port Input	1	7366671	13655	NA
S008_DAY2_MINITWICE_2511	137	Pulse	99	7402672	49656	NA
S008_DAY2_MINITWICE_2511	137	Port Input	1	7402672	49656	NA
S008_DAY2_MINITWICE_2511	137	Pulse	99	7438673	85657	NA
S008_DAY2_MINITWICE_2511	137	Port Input	1	7438673	85657	NA
S008_DAY2_MINITWICE_2511	137	Pulse	99	7474674	121658	NA
S008_DAY2_MINITWICE_2511	137	Port Input	1	7474674	121658	NA
S008_DAY2_MINITWICE_2511	138	Picture	endrest	7497215	0	1	10100	2	0	10000
S008_DAY2_MINITWICE_2511	139	Picture	RW	7507515	0	1	43199	2	0	43200
S008_DAY2_MINITWICE_2511	139	Pulse	99	7510674	3159	NA
S008_DAY2_MINITWICE_2511	139	Port Input	1	7510674	3159	NA
S008_DAY2_MINITWICE_2511	139	Response	51	7520138	12623	1
S008_DAY2_MINITWICE_2511	139	Pulse	99	7546675	39160	NA
S008_DAY2_MINITWICE_2511	139	Port Input	1	7546675	39160	NA
S008_DAY2_MINITWICE_2511	139	Picture	133_T_RWTRIAD_RW_teclado_red.png	7550714	43199	1	1900	2	43200	1800
S008_DAY2_MINITWICE_2511	140	Picture	RW	7552814	0	1	43200	2	0	43200
S008_DAY2_MINITWICE_2511	140	Response	52	7565253	12439	1
S008_DAY2_MINITWICE_2511	140	Pulse	99	7582676	29862	NA
S008_DAY2_MINITWICE_2511	140	Port Input	1	7582676	29862	NA
S008_DAY2_MINITWICE_2511	140	Picture	134_T_RWTRIAD_RW_agua_red.png	7596014	43200	1	1900	2	43200	1800
S008_DAY2_MINITWICE_2511	141	Picture	RW	7598114	0	1	43199	2	0	43200
S008_DAY2_MINITWICE_2511	141	Response	51	7608541	10427	2
S008_DAY2_MINITWICE_2511	141	Pulse	99	7618677	20563	NA
S008_DAY2_MINITWICE_2511	141	Port Input	1	7618677	20563	NA
S008_DAY2_MINITWICE_2511	141	Picture	135_T_RWTRIAD_RW_traje_red.png	7641313	43199	1	1900	2	43200	1800
S008_DAY2_MINITWICE_2511	142	Picture	RW	7643413	0	1	43200	2	0	43200
S008_DAY2_MINITWICE_2511	142	Response	52	7654519	11106	1
S008_DAY2_MINITWICE_2511	142	Pulse	99	7654678	11265	NA
S008_DAY2_MINITWICE_2511	142	Port Input	1	7654678	11265	NA
S008_DAY2_MINITWICE_2511	142	Picture	136_T_RWTRIAD_RW_sombrilla_red.png	7686613	43200	1	1900	2	43200	1800
S008_DAY2_MINITWICE_2511	143	Picture	rest	7688613	0	1	144098	2	0	144000
S008_DAY2_MINITWICE_2511	143	Pulse	99	7690679	2066	NA
S008_DAY2_MINITWICE_2511	143	Port Input	1	7690679	2066	NA
S008_DAY2_MINITWICE_2511	143	Pulse	99	7726679	38066	NA
S008_DAY2_MINITWICE_2511	143	Port Input	1	7726679	38066	NA
S008_DAY2_MINITWICE_2511	144	Picture	endrest	7832811	0	1	10100	2	0	10000
S008_DAY2_MINITWICE_2511	145	Picture	endrest	7843011	0	1	10100	2	0	10000
S008_DAY2_MINITWICE_2511	146	Picture	endrest	7853211	0	1	10100	2	0	10000
S008_DAY2_MINITWICE_2511	147	Picture	endrest	7863411	0	1	10100	2	0	10000
