Scenario - vOT_Triads_fMRI_I
Logfile written - 05/27/2015 13:44:36

Subject	Trial	Event Type	Code	Time	TTime	Uncertainty	Duration	Uncertainty	ReqTime	ReqDur

S012_DAY1_MINITWICE_2519	1	Response	98	161706	171606	1
S012_DAY1_MINITWICE_2519	2	Response	52	596583	434785	1
S012_DAY1_MINITWICE_2519	2	Response	98	609603	447805	1
S012_DAY1_MINITWICE_2519	3	Response	52	729905	120210	1
S012_DAY1_MINITWICE_2519	3	Response	98	739585	129890	1
S012_DAY1_MINITWICE_2519	4	Response	52	869984	130290	1
S012_DAY1_MINITWICE_2519	4	Response	98	911209	171515	2
S012_DAY1_MINITWICE_2519	6	Pulse	99	1237544	326251	NA
S012_DAY1_MINITWICE_2519	6	Port Input	1	1237544	326251	NA
S012_DAY1_MINITWICE_2519	6	Pulse	99	1273545	362252	NA
S012_DAY1_MINITWICE_2519	6	Port Input	1	1273545	362252	NA
S012_DAY1_MINITWICE_2519	6	Pulse	99	1309546	398253	NA
S012_DAY1_MINITWICE_2519	6	Port Input	1	1309546	398253	NA
S012_DAY1_MINITWICE_2519	6	Pulse	99	1345547	434254	NA
S012_DAY1_MINITWICE_2519	6	Port Input	1	1345547	434254	NA
S012_DAY1_MINITWICE_2519	6	Pulse	99	1381548	470255	NA
S012_DAY1_MINITWICE_2519	6	Port Input	1	1381548	470255	NA
S012_DAY1_MINITWICE_2519	7	Picture	rest	1381789	0	1	144099	2	0	144000
S012_DAY1_MINITWICE_2519	7	Pulse	99	1417549	35760	NA
S012_DAY1_MINITWICE_2519	7	Port Input	1	1417549	35760	NA
S012_DAY1_MINITWICE_2519	7	Pulse	99	1453549	71760	NA
S012_DAY1_MINITWICE_2519	7	Port Input	1	1453549	71760	NA
S012_DAY1_MINITWICE_2519	7	Pulse	99	1489550	107761	NA
S012_DAY1_MINITWICE_2519	7	Port Input	1	1489550	107761	NA
S012_DAY1_MINITWICE_2519	7	Pulse	99	1525551	143762	NA
S012_DAY1_MINITWICE_2519	7	Port Input	1	1525551	143762	NA
S012_DAY1_MINITWICE_2519	8	Picture	endrest	1525988	0	1	10099	3	0	10000
S012_DAY1_MINITWICE_2519	9	Picture	PW	1536587	0	2	43100	3	0	43200
S012_DAY1_MINITWICE_2519	9	Pulse	99	1561552	24965	NA
S012_DAY1_MINITWICE_2519	9	Port Input	1	1561552	24965	NA
S012_DAY1_MINITWICE_2519	9	Picture	3_T_PWTRIAD_PW_tijera_red.png	1579687	43100	1	1900	2	43200	1800
S012_DAY1_MINITWICE_2519	9	Response	51	1581094	44507	1
S012_DAY1_MINITWICE_2519	10	Picture	PW	1581787	0	1	43200	2	0	43200
S012_DAY1_MINITWICE_2519	10	Pulse	99	1597553	15766	NA
S012_DAY1_MINITWICE_2519	10	Port Input	1	1597553	15766	NA
S012_DAY1_MINITWICE_2519	10	Response	52	1600780	18993	1
S012_DAY1_MINITWICE_2519	10	Picture	4_T_PWTRIAD_PW_dedal_red.png	1624987	43200	1	1900	2	43200	1800
S012_DAY1_MINITWICE_2519	11	Picture	PW	1627187	0	1	43199	3	0	43200
S012_DAY1_MINITWICE_2519	11	Pulse	99	1633554	6367	NA
S012_DAY1_MINITWICE_2519	11	Port Input	1	1633554	6367	NA
S012_DAY1_MINITWICE_2519	11	Response	52	1662282	35095	1
S012_DAY1_MINITWICE_2519	11	Pulse	99	1669555	42368	NA
S012_DAY1_MINITWICE_2519	11	Port Input	1	1669555	42368	NA
S012_DAY1_MINITWICE_2519	11	Picture	5_T_PWTRIAD_PW_carruaje_red.png	1670386	43199	2	1900	4	43200	1800
S012_DAY1_MINITWICE_2519	12	Picture	PW	1672786	0	2	43200	3	0	43200
S012_DAY1_MINITWICE_2519	12	Pulse	99	1705556	32770	NA
S012_DAY1_MINITWICE_2519	12	Port Input	1	1705556	32770	NA
S012_DAY1_MINITWICE_2519	12	Response	52	1707215	34429	2
S012_DAY1_MINITWICE_2519	12	Picture	6_T_PWTRIAD_PW_grapadora_red.png	1715986	43200	1	1900	2	43200	1800
S012_DAY1_MINITWICE_2519	13	Picture	FF	1718386	0	1	43200	2	0	43200
S012_DAY1_MINITWICE_2519	13	Response	52	1735233	16847	2
S012_DAY1_MINITWICE_2519	13	Pulse	99	1741557	23171	NA
S012_DAY1_MINITWICE_2519	13	Port Input	1	1741557	23171	NA
S012_DAY1_MINITWICE_2519	13	Picture	7_T_FFTRIAD_FF_cerillas_red.png	1761586	43200	1	1900	2	43200	1800
S012_DAY1_MINITWICE_2519	14	Picture	FF	1763986	0	1	43099	2	0	43200
S012_DAY1_MINITWICE_2519	14	Pulse	99	1777558	13572	NA
S012_DAY1_MINITWICE_2519	14	Port Input	1	1777558	13572	NA
S012_DAY1_MINITWICE_2519	14	Response	51	1787290	23304	1
S012_DAY1_MINITWICE_2519	14	Picture	8_T_FFTRIAD_FF_tenedor_red.png	1807085	43099	1	1900	2	43200	1800
S012_DAY1_MINITWICE_2519	15	Picture	FF	1809385	0	1	43200	2	0	43200
S012_DAY1_MINITWICE_2519	15	Pulse	99	1813559	4174	NA
S012_DAY1_MINITWICE_2519	15	Port Input	1	1813559	4174	NA
S012_DAY1_MINITWICE_2519	15	Response	51	1828201	18816	1
S012_DAY1_MINITWICE_2519	15	Pulse	99	1849560	40175	NA
S012_DAY1_MINITWICE_2519	15	Port Input	1	1849560	40175	NA
S012_DAY1_MINITWICE_2519	15	Picture	9_T_FFTRIAD_FF_perro_red.png	1852585	43200	1	1900	2	43200	1800
S012_DAY1_MINITWICE_2519	16	Picture	FF	1854985	0	1	43200	2	0	43200
S012_DAY1_MINITWICE_2519	16	Response	51	1876261	21276	1
S012_DAY1_MINITWICE_2519	16	Pulse	99	1885561	30576	NA
S012_DAY1_MINITWICE_2519	16	Port Input	1	1885561	30576	NA
S012_DAY1_MINITWICE_2519	16	Picture	10_T_FFTRIAD_FF_violin_red.png	1898185	43200	1	1900	2	43200	1800
S012_DAY1_MINITWICE_2519	17	Picture	rest	1900185	0	1	144099	2	0	144000
S012_DAY1_MINITWICE_2519	17	Pulse	99	1921562	21377	NA
S012_DAY1_MINITWICE_2519	17	Port Input	1	1921562	21377	NA
S012_DAY1_MINITWICE_2519	17	Pulse	99	1957563	57378	NA
S012_DAY1_MINITWICE_2519	17	Port Input	1	1957563	57378	NA
S012_DAY1_MINITWICE_2519	17	Pulse	99	1993564	93379	NA
S012_DAY1_MINITWICE_2519	17	Port Input	1	1993564	93379	NA
S012_DAY1_MINITWICE_2519	17	Pulse	99	2029565	129380	NA
S012_DAY1_MINITWICE_2519	17	Port Input	1	2029565	129380	NA
S012_DAY1_MINITWICE_2519	18	Picture	endrest	2044384	0	1	10099	3	0	10000
S012_DAY1_MINITWICE_2519	19	Picture	FF	2055083	0	2	43100	3	0	43200
S012_DAY1_MINITWICE_2519	19	Pulse	99	2065565	10482	NA
S012_DAY1_MINITWICE_2519	19	Port Input	1	2065565	10482	NA
S012_DAY1_MINITWICE_2519	19	Response	52	2071302	16219	1
S012_DAY1_MINITWICE_2519	19	Picture	13_T_FFTRIAD_FF_dedal_red.png	2098183	43100	1	1900	2	43200	1800
S012_DAY1_MINITWICE_2519	20	Picture	FF	2100383	0	1	43100	2	0	43200
S012_DAY1_MINITWICE_2519	20	Pulse	99	2101566	1183	NA
S012_DAY1_MINITWICE_2519	20	Port Input	1	2101566	1183	NA
S012_DAY1_MINITWICE_2519	20	Response	51	2114769	14386	1
S012_DAY1_MINITWICE_2519	20	Pulse	99	2137567	37184	NA
S012_DAY1_MINITWICE_2519	20	Port Input	1	2137567	37184	NA
S012_DAY1_MINITWICE_2519	20	Picture	14_T_FFTRIAD_FF_granjero_red.png	2143483	43100	1	1900	2	43200	1800
S012_DAY1_MINITWICE_2519	21	Picture	FF	2145683	0	1	43199	3	0	43200
S012_DAY1_MINITWICE_2519	21	Response	51	2169753	24070	1
S012_DAY1_MINITWICE_2519	21	Pulse	99	2173568	27885	NA
S012_DAY1_MINITWICE_2519	21	Port Input	1	2173568	27885	NA
S012_DAY1_MINITWICE_2519	21	Picture	15_T_FFTRIAD_FF_oruga_red.png	2188882	43199	2	1900	3	43200	1800
S012_DAY1_MINITWICE_2519	22	Picture	FF	2191182	0	2	43100	3	0	43200
S012_DAY1_MINITWICE_2519	22	Response	52	2203937	12755	2
S012_DAY1_MINITWICE_2519	22	Pulse	99	2209569	18387	NA
S012_DAY1_MINITWICE_2519	22	Port Input	1	2209569	18387	NA
S012_DAY1_MINITWICE_2519	22	Picture	16_T_FFTRIAD_FF_gafas_red.png	2234282	43100	1	1900	2	43200	1800
S012_DAY1_MINITWICE_2519	23	Picture	PW	2236582	0	1	43200	2	0	43200
S012_DAY1_MINITWICE_2519	23	Pulse	99	2245570	8988	NA
S012_DAY1_MINITWICE_2519	23	Port Input	1	2245570	8988	NA
S012_DAY1_MINITWICE_2519	23	Response	52	2255913	19331	2
S012_DAY1_MINITWICE_2519	23	Picture	17_T_PWTRIAD_PW_banera_red.png	2279782	43200	1	1900	2	43200	1800
S012_DAY1_MINITWICE_2519	23	Pulse	99	2281571	44989	NA
S012_DAY1_MINITWICE_2519	23	Port Input	1	2281571	44989	NA
S012_DAY1_MINITWICE_2519	24	Picture	PW	2282082	0	1	43099	2	0	43200
S012_DAY1_MINITWICE_2519	24	Response	51	2306067	23985	1
S012_DAY1_MINITWICE_2519	24	Pulse	99	2317572	35490	NA
S012_DAY1_MINITWICE_2519	24	Port Input	1	2317572	35490	NA
S012_DAY1_MINITWICE_2519	24	Picture	18_T_PWTRIAD_PW_charco_red.png	2325181	43099	1	1900	2	43200	1800
S012_DAY1_MINITWICE_2519	25	Picture	PW	2327581	0	1	43200	2	0	43200
S012_DAY1_MINITWICE_2519	25	Response	52	2352027	24446	1
S012_DAY1_MINITWICE_2519	25	Pulse	99	2353573	25992	NA
S012_DAY1_MINITWICE_2519	25	Port Input	1	2353573	25992	NA
S012_DAY1_MINITWICE_2519	25	Picture	19_T_PWTRIAD_PW_pizarra_red.png	2370781	43200	1	1900	2	43200	1800
S012_DAY1_MINITWICE_2519	26	Picture	PW	2372981	0	1	43200	2	0	43200
S012_DAY1_MINITWICE_2519	26	Pulse	99	2389574	16593	NA
S012_DAY1_MINITWICE_2519	26	Port Input	1	2389574	16593	NA
S012_DAY1_MINITWICE_2519	26	Response	51	2395467	22486	1
S012_DAY1_MINITWICE_2519	26	Picture	20_T_PWTRIAD_PW_murcielago_red.png	2416181	43200	1	1900	2	43200	1800
S012_DAY1_MINITWICE_2519	27	Picture	rest	2418181	0	1	144099	2	0	144000
S012_DAY1_MINITWICE_2519	27	Pulse	99	2425575	7394	NA
S012_DAY1_MINITWICE_2519	27	Port Input	1	2425575	7394	NA
S012_DAY1_MINITWICE_2519	27	Pulse	99	2461576	43395	NA
S012_DAY1_MINITWICE_2519	27	Port Input	1	2461576	43395	NA
S012_DAY1_MINITWICE_2519	27	Pulse	99	2497577	79396	NA
S012_DAY1_MINITWICE_2519	27	Port Input	1	2497577	79396	NA
S012_DAY1_MINITWICE_2519	27	Pulse	99	2533578	115397	NA
S012_DAY1_MINITWICE_2519	27	Port Input	1	2533578	115397	NA
S012_DAY1_MINITWICE_2519	28	Picture	endrest	2562380	0	1	10099	3	0	10000
S012_DAY1_MINITWICE_2519	28	Pulse	99	2569579	7199	NA
S012_DAY1_MINITWICE_2519	28	Port Input	1	2569579	7199	NA
S012_DAY1_MINITWICE_2519	29	Picture	RW	2572879	0	2	43100	3	0	43200
S012_DAY1_MINITWICE_2519	29	Response	51	2591719	18840	1
S012_DAY1_MINITWICE_2519	29	Pulse	99	2605580	32701	NA
S012_DAY1_MINITWICE_2519	29	Port Input	1	2605580	32701	NA
S012_DAY1_MINITWICE_2519	29	Picture	23_T_RWTRIAD_RW_madera_red.png	2615979	43100	1	1900	3	43200	1800
S012_DAY1_MINITWICE_2519	30	Picture	RW	2618179	0	1	43100	2	0	43200
S012_DAY1_MINITWICE_2519	30	Response	51	2631544	13365	1
S012_DAY1_MINITWICE_2519	30	Pulse	99	2641581	23402	NA
S012_DAY1_MINITWICE_2519	30	Port Input	1	2641581	23402	NA
S012_DAY1_MINITWICE_2519	30	Picture	24_T_RWTRIAD_RW_grifo_red.png	2661279	43100	1	1900	2	43200	1800
S012_DAY1_MINITWICE_2519	31	Picture	RW	2663579	0	1	43199	3	0	43200
S012_DAY1_MINITWICE_2519	31	Response	52	2676410	12831	1
S012_DAY1_MINITWICE_2519	31	Pulse	99	2677582	14003	NA
S012_DAY1_MINITWICE_2519	31	Port Input	1	2677582	14003	NA
S012_DAY1_MINITWICE_2519	31	Picture	25_T_RWTRIAD_RW_sobre_red.png	2706778	43199	2	1900	4	43200	1800
S012_DAY1_MINITWICE_2519	32	Picture	RW	2708878	0	2	43200	3	0	43200
S012_DAY1_MINITWICE_2519	32	Pulse	99	2713582	4704	NA
S012_DAY1_MINITWICE_2519	32	Port Input	1	2713582	4704	NA
S012_DAY1_MINITWICE_2519	32	Response	51	2723358	14480	1
S012_DAY1_MINITWICE_2519	32	Pulse	99	2749583	40705	NA
S012_DAY1_MINITWICE_2519	32	Port Input	1	2749583	40705	NA
S012_DAY1_MINITWICE_2519	32	Picture	26_T_RWTRIAD_RW_charco_red.png	2752078	43200	1	1900	2	43200	1800
S012_DAY1_MINITWICE_2519	33	Picture	RW	2754278	0	1	43200	2	0	43200
S012_DAY1_MINITWICE_2519	33	Response	52	2769576	15298	1
S012_DAY1_MINITWICE_2519	33	Pulse	99	2785584	31306	NA
S012_DAY1_MINITWICE_2519	33	Port Input	1	2785584	31306	NA
S012_DAY1_MINITWICE_2519	33	Picture	27_T_RWTRIAD_RW_llave_red.png	2797478	43200	1	1899	3	43200	1800
S012_DAY1_MINITWICE_2519	34	Picture	RW	2799578	0	1	43199	3	0	43200
S012_DAY1_MINITWICE_2519	34	Response	51	2816077	16499	1
S012_DAY1_MINITWICE_2519	34	Pulse	99	2821585	22007	NA
S012_DAY1_MINITWICE_2519	34	Port Input	1	2821585	22007	NA
S012_DAY1_MINITWICE_2519	34	Picture	28_T_RWTRIAD_RW_granjero_red.png	2842777	43199	2	1900	3	43200	1800
S012_DAY1_MINITWICE_2519	35	Picture	RW	2844877	0	1	43200	2	0	43200
S012_DAY1_MINITWICE_2519	35	Pulse	99	2857586	12709	NA
S012_DAY1_MINITWICE_2519	35	Port Input	1	2857586	12709	NA
S012_DAY1_MINITWICE_2519	35	Response	51	2859583	14706	1
S012_DAY1_MINITWICE_2519	35	Picture	29_T_RWTRIAD_RW_cortina_red.png	2888077	43200	1	1900	2	43200	1800
S012_DAY1_MINITWICE_2519	36	Picture	RW	2890177	0	1	43200	2	0	43200
S012_DAY1_MINITWICE_2519	36	Pulse	99	2893587	3410	NA
S012_DAY1_MINITWICE_2519	36	Port Input	1	2893587	3410	NA
S012_DAY1_MINITWICE_2519	36	Response	52	2901668	11491	1
S012_DAY1_MINITWICE_2519	36	Pulse	99	2929588	39411	NA
S012_DAY1_MINITWICE_2519	36	Port Input	1	2929588	39411	NA
S012_DAY1_MINITWICE_2519	36	Picture	30_T_RWTRIAD_RW_martillo_red.png	2933377	43200	1	1900	2	43200	1800
S012_DAY1_MINITWICE_2519	37	Picture	rest	2935377	0	1	144099	2	0	144000
S012_DAY1_MINITWICE_2519	37	Pulse	99	2965589	30212	NA
S012_DAY1_MINITWICE_2519	37	Port Input	1	2965589	30212	NA
S012_DAY1_MINITWICE_2519	37	Pulse	99	3001590	66213	NA
S012_DAY1_MINITWICE_2519	37	Port Input	1	3001590	66213	NA
S012_DAY1_MINITWICE_2519	37	Pulse	99	3037591	102214	NA
S012_DAY1_MINITWICE_2519	37	Port Input	1	3037591	102214	NA
S012_DAY1_MINITWICE_2519	37	Pulse	99	3073592	138215	NA
S012_DAY1_MINITWICE_2519	37	Port Input	1	3073592	138215	NA
S012_DAY1_MINITWICE_2519	38	Picture	endrest	3079576	0	1	10099	3	0	10000
S012_DAY1_MINITWICE_2519	39	Picture	FF	3090175	0	2	43200	3	0	43200
S012_DAY1_MINITWICE_2519	39	Response	52	3106999	16824	1
S012_DAY1_MINITWICE_2519	39	Pulse	99	3109593	19418	NA
S012_DAY1_MINITWICE_2519	39	Port Input	1	3109593	19418	NA
S012_DAY1_MINITWICE_2519	39	Picture	33_T_FFTRIAD_FF_queso_red.png	3133375	43200	1	1900	2	43200	1800
S012_DAY1_MINITWICE_2519	40	Picture	FF	3135675	0	1	43200	2	0	43200
S012_DAY1_MINITWICE_2519	40	Pulse	99	3145594	9919	NA
S012_DAY1_MINITWICE_2519	40	Port Input	1	3145594	9919	NA
S012_DAY1_MINITWICE_2519	40	Response	51	3147699	12024	1
S012_DAY1_MINITWICE_2519	40	Picture	34_T_FFTRIAD_FF_estetoscopio_red.png	3178875	43200	1	1900	2	43200	1800
S012_DAY1_MINITWICE_2519	41	Picture	FF	3181175	0	1	43199	2	0	43200
S012_DAY1_MINITWICE_2519	41	Pulse	99	3181595	420	NA
S012_DAY1_MINITWICE_2519	41	Port Input	1	3181595	420	NA
S012_DAY1_MINITWICE_2519	41	Response	52	3194246	13071	1
S012_DAY1_MINITWICE_2519	41	Pulse	99	3217596	36421	NA
S012_DAY1_MINITWICE_2519	41	Port Input	1	3217596	36421	NA
S012_DAY1_MINITWICE_2519	41	Picture	35_T_FFTRIAD_FF_banera_red.png	3224374	43199	1	1900	3	43200	1800
S012_DAY1_MINITWICE_2519	42	Picture	FF	3226574	0	1	43200	2	0	43200
S012_DAY1_MINITWICE_2519	42	Response	52	3246102	19528	1
S012_DAY1_MINITWICE_2519	42	Pulse	99	3253597	27023	NA
S012_DAY1_MINITWICE_2519	42	Port Input	1	3253597	27023	NA
S012_DAY1_MINITWICE_2519	42	Picture	36_T_FFTRIAD_FF_portatil_red.png	3269774	43200	1	1900	2	43200	1800
S012_DAY1_MINITWICE_2519	43	Picture	PW	3272074	0	1	43100	2	0	43200
S012_DAY1_MINITWICE_2519	43	Pulse	99	3289598	17524	NA
S012_DAY1_MINITWICE_2519	43	Port Input	1	3289598	17524	NA
S012_DAY1_MINITWICE_2519	43	Response	52	3293640	21566	1
S012_DAY1_MINITWICE_2519	43	Picture	37_T_PWTRIAD_PW_sapo_red.png	3315174	43100	1	1900	2	43200	1800
S012_DAY1_MINITWICE_2519	44	Picture	PW	3317574	0	1	43199	2	0	43200
S012_DAY1_MINITWICE_2519	44	Pulse	99	3325599	8025	NA
S012_DAY1_MINITWICE_2519	44	Port Input	1	3325599	8025	NA
S012_DAY1_MINITWICE_2519	44	Response	51	3336358	18784	1
S012_DAY1_MINITWICE_2519	44	Picture	38_T_PWTRIAD_PW_madera_red.png	3360773	43199	1	1900	2	43200	1800
S012_DAY1_MINITWICE_2519	44	Pulse	99	3361599	44025	NA
S012_DAY1_MINITWICE_2519	44	Port Input	1	3361599	44025	NA
S012_DAY1_MINITWICE_2519	45	Picture	PW	3363073	0	1	43100	2	0	43200
S012_DAY1_MINITWICE_2519	45	Response	51	3384508	21435	2
S012_DAY1_MINITWICE_2519	45	Pulse	99	3397600	34527	NA
S012_DAY1_MINITWICE_2519	45	Port Input	1	3397600	34527	NA
S012_DAY1_MINITWICE_2519	45	Picture	39_T_PWTRIAD_PW_dado_red.png	3406173	43100	1	1900	2	43200	1800
S012_DAY1_MINITWICE_2519	46	Picture	PW	3408473	0	1	43100	2	0	43200
S012_DAY1_MINITWICE_2519	46	Response	52	3426622	18149	1
S012_DAY1_MINITWICE_2519	46	Pulse	99	3433601	25128	NA
S012_DAY1_MINITWICE_2519	46	Port Input	1	3433601	25128	NA
S012_DAY1_MINITWICE_2519	46	Picture	40_T_PWTRIAD_PW_molino_red.png	3451573	43100	1	1900	2	43200	1800
S012_DAY1_MINITWICE_2519	47	Picture	rest	3453573	0	1	144098	3	0	144000
S012_DAY1_MINITWICE_2519	47	Pulse	99	3469602	16029	NA
S012_DAY1_MINITWICE_2519	47	Port Input	1	3469602	16029	NA
S012_DAY1_MINITWICE_2519	47	Pulse	99	3505603	52030	NA
S012_DAY1_MINITWICE_2519	47	Port Input	1	3505603	52030	NA
S012_DAY1_MINITWICE_2519	47	Pulse	99	3541604	88031	NA
S012_DAY1_MINITWICE_2519	47	Port Input	1	3541604	88031	NA
S012_DAY1_MINITWICE_2519	47	Pulse	99	3577605	124032	NA
S012_DAY1_MINITWICE_2519	47	Port Input	1	3577605	124032	NA
S012_DAY1_MINITWICE_2519	48	Picture	endrest	3597771	0	2	10100	4	0	10000
S012_DAY1_MINITWICE_2519	49	Picture	FF	3608171	0	2	43200	3	0	43200
S012_DAY1_MINITWICE_2519	49	Pulse	99	3613606	5435	NA
S012_DAY1_MINITWICE_2519	49	Port Input	1	3613606	5435	NA
S012_DAY1_MINITWICE_2519	49	Response	52	3625364	17193	1
S012_DAY1_MINITWICE_2519	49	Pulse	99	3649607	41436	NA
S012_DAY1_MINITWICE_2519	49	Port Input	1	3649607	41436	NA
S012_DAY1_MINITWICE_2519	49	Picture	43_T_FFTRIAD_FF_botella_red.png	3651371	43200	1	1900	2	43200	1800
S012_DAY1_MINITWICE_2519	50	Picture	FF	3653471	0	1	43200	2	0	43200
S012_DAY1_MINITWICE_2519	50	Pulse	99	3685608	32137	NA
S012_DAY1_MINITWICE_2519	50	Port Input	1	3685608	32137	NA
S012_DAY1_MINITWICE_2519	50	Response	52	3686307	32836	1
S012_DAY1_MINITWICE_2519	50	Picture	44_T_FFTRIAD_FF_raton_red.png	3696671	43200	1	1900	2	43200	1800
S012_DAY1_MINITWICE_2519	51	Picture	FF	3698771	0	1	43199	2	0	43200
S012_DAY1_MINITWICE_2519	51	Response	52	3720072	21301	1
S012_DAY1_MINITWICE_2519	51	Pulse	99	3721609	22838	NA
S012_DAY1_MINITWICE_2519	51	Port Input	1	3721609	22838	NA
S012_DAY1_MINITWICE_2519	51	Picture	45_T_FFTRIAD_FF_policia_red.png	3741970	43199	1	1900	2	43200	1800
S012_DAY1_MINITWICE_2519	52	Picture	FF	3744270	0	1	43100	2	0	43200
S012_DAY1_MINITWICE_2519	52	Pulse	99	3757610	13340	NA
S012_DAY1_MINITWICE_2519	52	Port Input	1	3757610	13340	NA
S012_DAY1_MINITWICE_2519	52	Response	52	3766441	22171	1
S012_DAY1_MINITWICE_2519	52	Picture	46_T_FFTRIAD_FF_chupete_red.png	3787370	43100	1	1900	2	43200	1800
S012_DAY1_MINITWICE_2519	53	Picture	RW	3789470	0	1	43200	2	0	43200
S012_DAY1_MINITWICE_2519	53	Pulse	99	3793611	4141	NA
S012_DAY1_MINITWICE_2519	53	Port Input	1	3793611	4141	NA
S012_DAY1_MINITWICE_2519	53	Response	51	3801169	11699	1
S012_DAY1_MINITWICE_2519	53	Pulse	99	3829612	40142	NA
S012_DAY1_MINITWICE_2519	53	Port Input	1	3829612	40142	NA
S012_DAY1_MINITWICE_2519	53	Picture	47_T_RWTRIAD_RW_chupete_red.png	3832670	43200	1	1900	2	43200	1800
S012_DAY1_MINITWICE_2519	54	Picture	RW	3834970	0	1	43099	2	0	43200
S012_DAY1_MINITWICE_2519	54	Response	51	3847171	12201	1
S012_DAY1_MINITWICE_2519	54	Pulse	99	3865613	30643	NA
S012_DAY1_MINITWICE_2519	54	Port Input	1	3865613	30643	NA
S012_DAY1_MINITWICE_2519	54	Picture	48_T_RWTRIAD_RW_teclado_red.png	3878069	43099	1	1900	2	43200	1800
S012_DAY1_MINITWICE_2519	55	Picture	RW	3880169	0	1	43200	2	0	43200
S012_DAY1_MINITWICE_2519	55	Response	52	3893021	12852	1
S012_DAY1_MINITWICE_2519	55	Pulse	99	3901614	21445	NA
S012_DAY1_MINITWICE_2519	55	Port Input	1	3901614	21445	NA
S012_DAY1_MINITWICE_2519	55	Picture	49_T_RWTRIAD_RW_monja_red.png	3923369	43200	1	1900	2	43200	1800
S012_DAY1_MINITWICE_2519	56	Picture	RW	3925469	0	1	43200	2	0	43200
S012_DAY1_MINITWICE_2519	56	Pulse	99	3937615	12146	NA
S012_DAY1_MINITWICE_2519	56	Port Input	1	3937615	12146	NA
S012_DAY1_MINITWICE_2519	56	Response	51	3937987	12518	1
S012_DAY1_MINITWICE_2519	56	Picture	50_T_RWTRIAD_RW_lechuga_red.png	3968669	43200	1	1900	2	43200	1800
S012_DAY1_MINITWICE_2519	57	Picture	rest	3970669	0	1	144098	3	0	144000
S012_DAY1_MINITWICE_2519	57	Pulse	99	3973615	2946	NA
S012_DAY1_MINITWICE_2519	57	Port Input	1	3973615	2946	NA
S012_DAY1_MINITWICE_2519	57	Pulse	99	4009616	38947	NA
S012_DAY1_MINITWICE_2519	57	Port Input	1	4009616	38947	NA
S012_DAY1_MINITWICE_2519	57	Pulse	99	4045617	74948	NA
S012_DAY1_MINITWICE_2519	57	Port Input	1	4045617	74948	NA
S012_DAY1_MINITWICE_2519	57	Pulse	99	4081618	110949	NA
S012_DAY1_MINITWICE_2519	57	Port Input	1	4081618	110949	NA
S012_DAY1_MINITWICE_2519	58	Picture	endrest	4114867	0	2	10100	3	0	10000
S012_DAY1_MINITWICE_2519	58	Pulse	99	4117619	2752	NA
S012_DAY1_MINITWICE_2519	58	Port Input	1	4117619	2752	NA
S012_DAY1_MINITWICE_2519	59	Picture	PW	4125167	0	1	43200	2	0	43200
S012_DAY1_MINITWICE_2519	59	Response	51	4140715	15548	1
S012_DAY1_MINITWICE_2519	59	Pulse	99	4153620	28453	NA
S012_DAY1_MINITWICE_2519	59	Port Input	1	4153620	28453	NA
S012_DAY1_MINITWICE_2519	59	Picture	53_T_PWTRIAD_PW_novia_red.png	4168367	43200	1	1900	2	43200	1800
S012_DAY1_MINITWICE_2519	60	Picture	PW	4170867	0	1	43100	2	0	43200
S012_DAY1_MINITWICE_2519	60	Response	52	4186917	16050	1
S012_DAY1_MINITWICE_2519	60	Pulse	99	4189621	18754	NA
S012_DAY1_MINITWICE_2519	60	Port Input	1	4189621	18754	NA
S012_DAY1_MINITWICE_2519	60	Picture	54_T_PWTRIAD_PW_botella_red.png	4213967	43100	1	1900	2	43200	1800
S012_DAY1_MINITWICE_2519	61	Picture	PW	4216267	0	1	43199	2	0	43200
S012_DAY1_MINITWICE_2519	61	Pulse	99	4225622	9355	NA
S012_DAY1_MINITWICE_2519	61	Port Input	1	4225622	9355	NA
S012_DAY1_MINITWICE_2519	61	Response	52	4239510	23243	1
S012_DAY1_MINITWICE_2519	61	Picture	55_T_PWTRIAD_PW_ancla_red.png	4259466	43199	1	1900	2	43200	1800
S012_DAY1_MINITWICE_2519	62	Picture	PW	4261566	0	1	43200	2	0	43200
S012_DAY1_MINITWICE_2519	62	Pulse	99	4261623	57	NA
S012_DAY1_MINITWICE_2519	62	Port Input	1	4261623	57	NA
S012_DAY1_MINITWICE_2519	62	Response	52	4276121	14555	1
S012_DAY1_MINITWICE_2519	62	Pulse	99	4297624	36058	NA
S012_DAY1_MINITWICE_2519	62	Port Input	1	4297624	36058	NA
S012_DAY1_MINITWICE_2519	62	Picture	56_T_PWTRIAD_PW_mono_red.png	4304766	43200	1	1900	2	43200	1800
S012_DAY1_MINITWICE_2519	63	Picture	RW	4307066	0	1	43100	2	0	43200
S012_DAY1_MINITWICE_2519	63	Response	52	4324777	17711	1
S012_DAY1_MINITWICE_2519	63	Pulse	99	4333625	26559	NA
S012_DAY1_MINITWICE_2519	63	Port Input	1	4333625	26559	NA
S012_DAY1_MINITWICE_2519	63	Picture	57_T_RWTRIAD_RW_arco_red.png	4350166	43100	1	1900	2	43200	1800
S012_DAY1_MINITWICE_2519	64	Picture	RW	4352266	0	1	43199	2	0	43200
S012_DAY1_MINITWICE_2519	64	Response	52	4366563	14297	1
S012_DAY1_MINITWICE_2519	64	Pulse	99	4369626	17360	NA
S012_DAY1_MINITWICE_2519	64	Port Input	1	4369626	17360	NA
S012_DAY1_MINITWICE_2519	64	Picture	58_T_RWTRIAD_RW_cuento_red.png	4395465	43199	1	1900	2	43200	1800
S012_DAY1_MINITWICE_2519	65	Picture	RW	4397765	0	1	43200	2	0	43200
S012_DAY1_MINITWICE_2519	65	Pulse	99	4405627	7862	NA
S012_DAY1_MINITWICE_2519	65	Port Input	1	4405627	7862	NA
S012_DAY1_MINITWICE_2519	65	Response	52	4409429	11664	2
S012_DAY1_MINITWICE_2519	65	Picture	59_T_RWTRIAD_RW_anillo_red.png	4440965	43200	1	1900	2	43200	1800
S012_DAY1_MINITWICE_2519	65	Pulse	99	4441628	43863	NA
S012_DAY1_MINITWICE_2519	65	Port Input	1	4441628	43863	NA
S012_DAY1_MINITWICE_2519	66	Picture	RW	4443065	0	1	43200	2	0	43200
S012_DAY1_MINITWICE_2519	66	Response	51	4456072	13007	1
S012_DAY1_MINITWICE_2519	66	Pulse	99	4477629	34564	NA
S012_DAY1_MINITWICE_2519	66	Port Input	1	4477629	34564	NA
S012_DAY1_MINITWICE_2519	66	Picture	60_T_RWTRIAD_RW_violin_red.png	4486265	43200	1	1899	3	43200	1800
S012_DAY1_MINITWICE_2519	67	Picture	rest	4488264	0	2	144099	4	0	144000
S012_DAY1_MINITWICE_2519	67	Pulse	99	4513630	25366	NA
S012_DAY1_MINITWICE_2519	67	Port Input	1	4513630	25366	NA
S012_DAY1_MINITWICE_2519	67	Pulse	99	4549631	61367	NA
S012_DAY1_MINITWICE_2519	67	Port Input	1	4549631	61367	NA
S012_DAY1_MINITWICE_2519	67	Pulse	99	4585631	97367	NA
S012_DAY1_MINITWICE_2519	67	Port Input	1	4585631	97367	NA
S012_DAY1_MINITWICE_2519	67	Pulse	99	4621632	133368	NA
S012_DAY1_MINITWICE_2519	67	Port Input	1	4621632	133368	NA
S012_DAY1_MINITWICE_2519	68	Picture	endrest	4632463	0	1	10100	2	0	10000
S012_DAY1_MINITWICE_2519	69	Picture	FF	4643063	0	1	43100	2	0	43200
S012_DAY1_MINITWICE_2519	69	Pulse	99	4657633	14570	NA
S012_DAY1_MINITWICE_2519	69	Port Input	1	4657633	14570	NA
S012_DAY1_MINITWICE_2519	69	Response	51	4659301	16238	1
S012_DAY1_MINITWICE_2519	69	Picture	63_T_FFTRIAD_FF_teclado_red.png	4686163	43100	1	1900	2	43200	1800
S012_DAY1_MINITWICE_2519	70	Picture	FF	4688463	0	1	43100	2	0	43200
S012_DAY1_MINITWICE_2519	70	Pulse	99	4693634	5171	NA
S012_DAY1_MINITWICE_2519	70	Port Input	1	4693634	5171	NA
S012_DAY1_MINITWICE_2519	70	Response	52	4703401	14938	1
S012_DAY1_MINITWICE_2519	70	Pulse	99	4729635	41172	NA
S012_DAY1_MINITWICE_2519	70	Port Input	1	4729635	41172	NA
S012_DAY1_MINITWICE_2519	70	Picture	64_T_FFTRIAD_FF_pilas_red.png	4731563	43100	1	1900	2	43200	1800
S012_DAY1_MINITWICE_2519	71	Picture	FF	4733763	0	1	43199	2	0	43200
S012_DAY1_MINITWICE_2519	71	Response	51	4748529	14766	1
S012_DAY1_MINITWICE_2519	71	Pulse	99	4765636	31873	NA
S012_DAY1_MINITWICE_2519	71	Port Input	1	4765636	31873	NA
S012_DAY1_MINITWICE_2519	71	Picture	65_T_FFTRIAD_FF_arbol_red.png	4776962	43199	1	1900	2	43200	1800
S012_DAY1_MINITWICE_2519	72	Picture	FF	4779062	0	1	43200	2	0	43200
S012_DAY1_MINITWICE_2519	72	Response	52	4795405	16343	1
S012_DAY1_MINITWICE_2519	72	Pulse	99	4801637	22575	NA
S012_DAY1_MINITWICE_2519	72	Port Input	1	4801637	22575	NA
S012_DAY1_MINITWICE_2519	72	Picture	66_T_FFTRIAD_FF_paraguas_red.png	4822262	43200	1	1899	5	43200	1800
S012_DAY1_MINITWICE_2519	73	Picture	PW	4824662	0	1	43100	2	0	43200
S012_DAY1_MINITWICE_2519	73	Pulse	99	4837638	12976	NA
S012_DAY1_MINITWICE_2519	73	Port Input	1	4837638	12976	NA
S012_DAY1_MINITWICE_2519	73	Response	52	4844731	20069	1
S012_DAY1_MINITWICE_2519	73	Picture	67_T_PWTRIAD_PW_paracaidas_red.png	4867762	43100	1	1900	2	43200	1800
S012_DAY1_MINITWICE_2519	74	Picture	PW	4869862	0	1	43199	2	0	43200
S012_DAY1_MINITWICE_2519	74	Pulse	99	4873639	3777	NA
S012_DAY1_MINITWICE_2519	74	Port Input	1	4873639	3777	NA
S012_DAY1_MINITWICE_2519	74	Response	51	4888963	19101	2
S012_DAY1_MINITWICE_2519	74	Pulse	99	4909640	39778	NA
S012_DAY1_MINITWICE_2519	74	Port Input	1	4909640	39778	NA
S012_DAY1_MINITWICE_2519	74	Picture	68_T_PWTRIAD_PW_monja_red.png	4913061	43199	1	1900	2	43200	1800
S012_DAY1_MINITWICE_2519	75	Picture	PW	4915161	0	1	43200	2	0	43200
S012_DAY1_MINITWICE_2519	75	Response	52	4931205	16044	1
S012_DAY1_MINITWICE_2519	75	Pulse	99	4945641	30480	NA
S012_DAY1_MINITWICE_2519	75	Port Input	1	4945641	30480	NA
S012_DAY1_MINITWICE_2519	75	Picture	69_T_PWTRIAD_PW_portatil_red.png	4958361	43200	1	1900	2	43200	1800
S012_DAY1_MINITWICE_2519	76	Picture	PW	4960761	0	1	43199	3	0	43200
S012_DAY1_MINITWICE_2519	76	Response	51	4981196	20435	1
S012_DAY1_MINITWICE_2519	76	Pulse	99	4981642	20881	NA
S012_DAY1_MINITWICE_2519	76	Port Input	1	4981642	20881	NA
S012_DAY1_MINITWICE_2519	76	Picture	70_T_PWTRIAD_PW_iglu_red.png	5003960	43199	2	1900	4	43200	1800
S012_DAY1_MINITWICE_2519	77	Picture	rest	5005960	0	2	144099	3	0	144000
S012_DAY1_MINITWICE_2519	77	Pulse	99	5017643	11683	NA
S012_DAY1_MINITWICE_2519	77	Port Input	1	5017643	11683	NA
S012_DAY1_MINITWICE_2519	77	Pulse	99	5053644	47684	NA
S012_DAY1_MINITWICE_2519	77	Port Input	1	5053644	47684	NA
S012_DAY1_MINITWICE_2519	77	Pulse	99	5089645	83685	NA
S012_DAY1_MINITWICE_2519	77	Port Input	1	5089645	83685	NA
S012_DAY1_MINITWICE_2519	77	Pulse	99	5125646	119686	NA
S012_DAY1_MINITWICE_2519	77	Port Input	1	5125646	119686	NA
S012_DAY1_MINITWICE_2519	78	Picture	endrest	5150159	0	1	10100	2	0	10000
S012_DAY1_MINITWICE_2519	79	Picture	PW	5160559	0	1	43200	2	0	43200
S012_DAY1_MINITWICE_2519	79	Pulse	99	5161646	1087	NA
S012_DAY1_MINITWICE_2519	79	Port Input	1	5161646	1087	NA
S012_DAY1_MINITWICE_2519	79	Response	51	5183209	22650	1
S012_DAY1_MINITWICE_2519	79	Pulse	99	5197647	37088	NA
S012_DAY1_MINITWICE_2519	79	Port Input	1	5197647	37088	NA
S012_DAY1_MINITWICE_2519	79	Picture	73_T_PWTRIAD_PW_pilas_red.png	5203759	43200	1	1900	2	43200	1800
S012_DAY1_MINITWICE_2519	80	Picture	PW	5206059	0	1	43100	2	0	43200
S012_DAY1_MINITWICE_2519	80	Response	51	5228295	22236	1
S012_DAY1_MINITWICE_2519	80	Pulse	99	5233648	27589	NA
S012_DAY1_MINITWICE_2519	80	Port Input	1	5233648	27589	NA
S012_DAY1_MINITWICE_2519	80	Picture	74_T_PWTRIAD_PW_bellota_red.png	5249159	43100	1	1899	3	43200	1800
S012_DAY1_MINITWICE_2519	81	Picture	PW	5251258	0	2	43200	3	0	43200
S012_DAY1_MINITWICE_2519	81	Response	52	5268735	17477	1
S012_DAY1_MINITWICE_2519	81	Pulse	99	5269649	18391	NA
S012_DAY1_MINITWICE_2519	81	Port Input	1	5269649	18391	NA
S012_DAY1_MINITWICE_2519	81	Picture	75_T_PWTRIAD_PW_lana_red.png	5294458	43200	1	1900	2	43200	1800
S012_DAY1_MINITWICE_2519	82	Picture	PW	5296758	0	1	43200	2	0	43200
S012_DAY1_MINITWICE_2519	82	Pulse	99	5305650	8892	NA
S012_DAY1_MINITWICE_2519	82	Port Input	1	5305650	8892	NA
S012_DAY1_MINITWICE_2519	82	Response	52	5316340	19582	1
S012_DAY1_MINITWICE_2519	82	Picture	76_T_PWTRIAD_PW_gafas_red.png	5339958	43200	1	1900	2	43200	1800
S012_DAY1_MINITWICE_2519	82	Pulse	99	5341651	44893	NA
S012_DAY1_MINITWICE_2519	82	Port Input	1	5341651	44893	NA
S012_DAY1_MINITWICE_2519	83	Picture	PW	5342058	0	1	43199	3	0	43200
S012_DAY1_MINITWICE_2519	83	Response	52	5364745	22687	1
S012_DAY1_MINITWICE_2519	83	Pulse	99	5377652	35594	NA
S012_DAY1_MINITWICE_2519	83	Port Input	1	5377652	35594	NA
S012_DAY1_MINITWICE_2519	83	Picture	77_T_PWTRIAD_PW_huevos_red.png	5385257	43199	2	1900	3	43200	1800
S012_DAY1_MINITWICE_2519	84	Picture	PW	5387357	0	1	43200	2	0	43200
S012_DAY1_MINITWICE_2519	84	Pulse	99	5413653	26296	NA
S012_DAY1_MINITWICE_2519	84	Port Input	1	5413653	26296	NA
S012_DAY1_MINITWICE_2519	84	Picture	78_T_PWTRIAD_PW_granjero_red.png	5430557	43200	1	1900	2	43200	1800
S012_DAY1_MINITWICE_2519	85	Picture	PW	5432857	0	1	43100	2	0	43200
S012_DAY1_MINITWICE_2519	85	Pulse	99	5449654	16797	NA
S012_DAY1_MINITWICE_2519	85	Port Input	1	5449654	16797	NA
S012_DAY1_MINITWICE_2519	85	Response	52	5454027	21170	1
S012_DAY1_MINITWICE_2519	85	Picture	79_T_PWTRIAD_PW_zanahoria_red.png	5475957	43100	1	1900	2	43200	1800
S012_DAY1_MINITWICE_2519	86	Picture	PW	5478157	0	1	43199	2	0	43200
S012_DAY1_MINITWICE_2519	86	Pulse	99	5485655	7498	NA
S012_DAY1_MINITWICE_2519	86	Port Input	1	5485655	7498	NA
S012_DAY1_MINITWICE_2519	86	Picture	80_T_PWTRIAD_PW_paraguas_red.png	5521356	43199	1	1900	2	43200	1800
S012_DAY1_MINITWICE_2519	86	Pulse	99	5521656	43499	NA
S012_DAY1_MINITWICE_2519	86	Port Input	1	5521656	43499	NA
S012_DAY1_MINITWICE_2519	87	Picture	rest	5523356	0	1	144099	2	0	144000
S012_DAY1_MINITWICE_2519	87	Pulse	99	5557657	34301	NA
S012_DAY1_MINITWICE_2519	87	Port Input	1	5557657	34301	NA
S012_DAY1_MINITWICE_2519	87	Pulse	99	5593658	70302	NA
S012_DAY1_MINITWICE_2519	87	Port Input	1	5593658	70302	NA
S012_DAY1_MINITWICE_2519	87	Pulse	99	5629659	106303	NA
S012_DAY1_MINITWICE_2519	87	Port Input	1	5629659	106303	NA
S012_DAY1_MINITWICE_2519	87	Pulse	99	5665660	142304	NA
S012_DAY1_MINITWICE_2519	87	Port Input	1	5665660	142304	NA
S012_DAY1_MINITWICE_2519	88	Picture	endrest	5667555	0	1	10100	2	0	10000
S012_DAY1_MINITWICE_2519	89	Picture	RW	5677855	0	1	43200	2	0	43200
S012_DAY1_MINITWICE_2519	89	Response	51	5693088	15233	1
S012_DAY1_MINITWICE_2519	89	Pulse	99	5701661	23806	NA
S012_DAY1_MINITWICE_2519	89	Port Input	1	5701661	23806	NA
S012_DAY1_MINITWICE_2519	89	Picture	83_T_RWTRIAD_RW_candado_red.png	5721055	43200	1	1900	2	43200	1800
S012_DAY1_MINITWICE_2519	90	Picture	RW	5723155	0	1	43199	3	0	43200
S012_DAY1_MINITWICE_2519	90	Response	51	5737484	14329	1
S012_DAY1_MINITWICE_2519	90	Pulse	99	5737662	14507	NA
S012_DAY1_MINITWICE_2519	90	Port Input	1	5737662	14507	NA
S012_DAY1_MINITWICE_2519	90	Picture	84_T_RWTRIAD_RW_perro_red.png	5766354	43199	2	1900	4	43200	1800
S012_DAY1_MINITWICE_2519	91	Picture	RW	5768454	0	2	43200	3	0	43200
S012_DAY1_MINITWICE_2519	91	Pulse	99	5773663	5209	NA
S012_DAY1_MINITWICE_2519	91	Port Input	1	5773663	5209	NA
S012_DAY1_MINITWICE_2519	91	Response	52	5786125	17671	1
S012_DAY1_MINITWICE_2519	91	Pulse	99	5809663	41209	NA
S012_DAY1_MINITWICE_2519	91	Port Input	1	5809663	41209	NA
S012_DAY1_MINITWICE_2519	91	Picture	85_T_RWTRIAD_RW_pincel_red.png	5811654	43200	1	1900	2	43200	1800
S012_DAY1_MINITWICE_2519	92	Picture	RW	5813754	0	1	43200	2	0	43200
S012_DAY1_MINITWICE_2519	92	Response	51	5826471	12717	1
S012_DAY1_MINITWICE_2519	92	Pulse	99	5845664	31910	NA
S012_DAY1_MINITWICE_2519	92	Port Input	1	5845664	31910	NA
S012_DAY1_MINITWICE_2519	92	Response	51	5855020	41266	1
S012_DAY1_MINITWICE_2519	92	Picture	86_T_RWTRIAD_RW_telefono_red.png	5856954	43200	1	1900	2	43200	1800
S012_DAY1_MINITWICE_2519	93	Picture	RW	5859054	0	1	43199	2	0	43200
S012_DAY1_MINITWICE_2519	93	Response	52	5877134	18080	1
S012_DAY1_MINITWICE_2519	93	Pulse	99	5881665	22611	NA
S012_DAY1_MINITWICE_2519	93	Port Input	1	5881665	22611	NA
S012_DAY1_MINITWICE_2519	93	Picture	87_T_RWTRIAD_RW_grapadora_red.png	5902253	43199	1	1900	2	43200	1800
S012_DAY1_MINITWICE_2519	94	Picture	RW	5904653	0	1	43200	2	0	43200
S012_DAY1_MINITWICE_2519	94	Response	52	5916639	11986	1
S012_DAY1_MINITWICE_2519	94	Pulse	99	5917666	13013	NA
S012_DAY1_MINITWICE_2519	94	Port Input	1	5917666	13013	NA
S012_DAY1_MINITWICE_2519	94	Picture	88_T_RWTRIAD_RW_silla_red.png	5947853	43200	1	1900	2	43200	1800
S012_DAY1_MINITWICE_2519	95	Picture	RW	5949953	0	1	43200	2	0	43200
S012_DAY1_MINITWICE_2519	95	Pulse	99	5953667	3714	NA
S012_DAY1_MINITWICE_2519	95	Port Input	1	5953667	3714	NA
S012_DAY1_MINITWICE_2519	95	Response	52	5963422	13469	1
S012_DAY1_MINITWICE_2519	95	Pulse	99	5989668	39715	NA
S012_DAY1_MINITWICE_2519	95	Port Input	1	5989668	39715	NA
S012_DAY1_MINITWICE_2519	95	Picture	89_T_RWTRIAD_RW_agua_red.png	5993153	43200	1	1900	2	43200	1800
S012_DAY1_MINITWICE_2519	96	Picture	RW	5995253	0	1	43199	2	0	43200
S012_DAY1_MINITWICE_2519	96	Pulse	99	6025669	30416	NA
S012_DAY1_MINITWICE_2519	96	Port Input	1	6025669	30416	NA
S012_DAY1_MINITWICE_2519	96	Response	52	6027819	32566	1
S012_DAY1_MINITWICE_2519	96	Picture	90_T_RWTRIAD_RW_bellota_red.png	6038452	43199	1	1900	41	43200	1800
S012_DAY1_MINITWICE_2519	97	Picture	rest	6040452	0	1	144099	2	0	144000
S012_DAY1_MINITWICE_2519	97	Pulse	99	6061670	21218	NA
S012_DAY1_MINITWICE_2519	97	Port Input	1	6061670	21218	NA
S012_DAY1_MINITWICE_2519	97	Pulse	99	6097671	57219	NA
S012_DAY1_MINITWICE_2519	97	Port Input	1	6097671	57219	NA
S012_DAY1_MINITWICE_2519	97	Pulse	99	6133672	93220	NA
S012_DAY1_MINITWICE_2519	97	Port Input	1	6133672	93220	NA
S012_DAY1_MINITWICE_2519	97	Pulse	99	6169673	129221	NA
S012_DAY1_MINITWICE_2519	97	Port Input	1	6169673	129221	NA
S012_DAY1_MINITWICE_2519	98	Picture	endrest	6184651	0	2	10100	3	0	10000
S012_DAY1_MINITWICE_2519	99	Picture	PW	6195151	0	1	43200	2	0	43200
S012_DAY1_MINITWICE_2519	99	Pulse	99	6205674	10523	NA
S012_DAY1_MINITWICE_2519	99	Port Input	1	6205674	10523	NA
S012_DAY1_MINITWICE_2519	99	Response	51	6213406	18255	2
S012_DAY1_MINITWICE_2519	99	Picture	93_T_PWTRIAD_PW_pincel_red.png	6238351	43200	1	1900	2	43200	1800
S012_DAY1_MINITWICE_2519	100	Picture	PW	6240651	0	1	43099	2	0	43200
S012_DAY1_MINITWICE_2519	100	Pulse	99	6241675	1024	NA
S012_DAY1_MINITWICE_2519	100	Port Input	1	6241675	1024	NA
S012_DAY1_MINITWICE_2519	100	Response	52	6257352	16701	1
S012_DAY1_MINITWICE_2519	100	Pulse	99	6277676	37025	NA
S012_DAY1_MINITWICE_2519	100	Port Input	1	6277676	37025	NA
S012_DAY1_MINITWICE_2519	100	Picture	94_T_PWTRIAD_PW_arco_red.png	6283750	43099	1	1900	2	43200	1800
S012_DAY1_MINITWICE_2519	101	Picture	PW	6286050	0	1	43100	2	0	43200
S012_DAY1_MINITWICE_2519	101	Response	52	6312564	26514	1
S012_DAY1_MINITWICE_2519	101	Pulse	99	6313677	27627	NA
S012_DAY1_MINITWICE_2519	101	Port Input	1	6313677	27627	NA
S012_DAY1_MINITWICE_2519	101	Picture	95_T_PWTRIAD_PW_leche_red.png	6329150	43100	1	1900	2	43200	1800
S012_DAY1_MINITWICE_2519	102	Picture	PW	6331350	0	1	43200	2	0	43200
S012_DAY1_MINITWICE_2519	102	Pulse	99	6349678	18328	NA
S012_DAY1_MINITWICE_2519	102	Port Input	1	6349678	18328	NA
S012_DAY1_MINITWICE_2519	102	Response	52	6357051	25701	1
S012_DAY1_MINITWICE_2519	102	Picture	96_T_PWTRIAD_PW_arbol_red.png	6374550	43200	1	1900	2	43200	1800
S012_DAY1_MINITWICE_2519	103	Picture	RW	6376650	0	1	43199	2	0	43200
S012_DAY1_MINITWICE_2519	103	Pulse	99	6385678	9028	NA
S012_DAY1_MINITWICE_2519	103	Port Input	1	6385678	9028	NA
S012_DAY1_MINITWICE_2519	103	Response	51	6396149	19499	1
S012_DAY1_MINITWICE_2519	103	Picture	97_T_RWTRIAD_RW_iglu_red.png	6419849	43199	1	1900	2	43200	1800
S012_DAY1_MINITWICE_2519	103	Pulse	99	6421679	45029	NA
S012_DAY1_MINITWICE_2519	103	Port Input	1	6421679	45029	NA
S012_DAY1_MINITWICE_2519	104	Picture	RW	6421949	0	1	43200	2	0	43200
S012_DAY1_MINITWICE_2519	104	Pulse	99	6457680	35731	NA
S012_DAY1_MINITWICE_2519	104	Port Input	1	6457680	35731	NA
S012_DAY1_MINITWICE_2519	104	Picture	98_T_RWTRIAD_RW_lenador_red.png	6465149	43200	1	1900	2	43200	1800
S012_DAY1_MINITWICE_2519	105	Picture	RW	6467249	0	1	43200	2	0	43200
S012_DAY1_MINITWICE_2519	105	Response	51	6481437	14188	1
S012_DAY1_MINITWICE_2519	105	Pulse	99	6493681	26432	NA
S012_DAY1_MINITWICE_2519	105	Port Input	1	6493681	26432	NA
S012_DAY1_MINITWICE_2519	105	Picture	99_T_RWTRIAD_RW_manos_red.png	6510449	43200	1	1899	3	43200	1800
S012_DAY1_MINITWICE_2519	106	Picture	RW	6512749	0	1	43199	2	0	43200
S012_DAY1_MINITWICE_2519	106	Response	52	6528120	15371	1
S012_DAY1_MINITWICE_2519	106	Pulse	99	6529682	16933	NA
S012_DAY1_MINITWICE_2519	106	Port Input	1	6529682	16933	NA
S012_DAY1_MINITWICE_2519	106	Picture	100_T_RWTRIAD_RW_dado_red.png	6555948	43199	1	1900	2	43200	1800
S012_DAY1_MINITWICE_2519	107	Picture	rest	6557948	0	1	144099	2	0	144000
S012_DAY1_MINITWICE_2519	107	Pulse	99	6565683	7735	NA
S012_DAY1_MINITWICE_2519	107	Port Input	1	6565683	7735	NA
S012_DAY1_MINITWICE_2519	107	Pulse	99	6601684	43736	NA
S012_DAY1_MINITWICE_2519	107	Port Input	1	6601684	43736	NA
S012_DAY1_MINITWICE_2519	107	Pulse	99	6637685	79737	NA
S012_DAY1_MINITWICE_2519	107	Port Input	1	6637685	79737	NA
S012_DAY1_MINITWICE_2519	107	Pulse	99	6673686	115738	NA
S012_DAY1_MINITWICE_2519	107	Port Input	1	6673686	115738	NA
S012_DAY1_MINITWICE_2519	108	Picture	endrest	6702147	0	1	10100	2	0	10000
S012_DAY1_MINITWICE_2519	108	Pulse	99	6709687	7540	NA
S012_DAY1_MINITWICE_2519	108	Port Input	1	6709687	7540	NA
S012_DAY1_MINITWICE_2519	109	Picture	RW	6712647	0	1	43100	2	0	43200
S012_DAY1_MINITWICE_2519	109	Response	52	6727485	14838	1
S012_DAY1_MINITWICE_2519	109	Pulse	99	6745688	33041	NA
S012_DAY1_MINITWICE_2519	109	Port Input	1	6745688	33041	NA
S012_DAY1_MINITWICE_2519	109	Picture	103_T_RWTRIAD_RW_destornillador_red.png	6755747	43100	1	1900	2	43200	1800
S012_DAY1_MINITWICE_2519	110	Picture	RW	6757847	0	1	43199	2	0	43200
S012_DAY1_MINITWICE_2519	110	Response	52	6779205	21358	1
S012_DAY1_MINITWICE_2519	110	Pulse	99	6781689	23842	NA
S012_DAY1_MINITWICE_2519	110	Port Input	1	6781689	23842	NA
S012_DAY1_MINITWICE_2519	110	Picture	104_T_RWTRIAD_RW_pluma_red.png	6801046	43199	1	1900	2	43200	1800
S012_DAY1_MINITWICE_2519	111	Picture	RW	6803346	0	1	43100	2	0	43200
S012_DAY1_MINITWICE_2519	111	Pulse	99	6817690	14344	NA
S012_DAY1_MINITWICE_2519	111	Port Input	1	6817690	14344	NA
S012_DAY1_MINITWICE_2519	111	Response	52	6826012	22666	1
S012_DAY1_MINITWICE_2519	111	Picture	105_T_RWTRIAD_RW_oruga_red.png	6846446	43100	1	1900	2	43200	1800
S012_DAY1_MINITWICE_2519	112	Picture	RW	6848746	0	1	43100	2	0	43200
S012_DAY1_MINITWICE_2519	112	Pulse	99	6853691	4945	NA
S012_DAY1_MINITWICE_2519	112	Port Input	1	6853691	4945	NA
S012_DAY1_MINITWICE_2519	112	Response	51	6866618	17872	1
S012_DAY1_MINITWICE_2519	112	Pulse	99	6889692	40946	NA
S012_DAY1_MINITWICE_2519	112	Port Input	1	6889692	40946	NA
S012_DAY1_MINITWICE_2519	112	Picture	106_T_RWTRIAD_RW_botella_red.png	6891846	43100	1	1900	2	43200	1800
S012_DAY1_MINITWICE_2519	113	Picture	FF	6894045	0	2	43200	3	0	43200
S012_DAY1_MINITWICE_2519	113	Pulse	99	6925693	31648	NA
S012_DAY1_MINITWICE_2519	113	Port Input	1	6925693	31648	NA
S012_DAY1_MINITWICE_2519	113	Picture	107_T_FFTRIAD_FF_sombrilla_red.png	6937245	43200	1	1900	2	43200	1800
S012_DAY1_MINITWICE_2519	114	Picture	FF	6939545	0	1	43100	2	0	43200
S012_DAY1_MINITWICE_2519	114	Response	52	6956645	17100	1
S012_DAY1_MINITWICE_2519	114	Pulse	99	6961693	22148	NA
S012_DAY1_MINITWICE_2519	114	Port Input	1	6961693	22148	NA
S012_DAY1_MINITWICE_2519	114	Picture	108_T_FFTRIAD_FF_pizarra_red.png	6982645	43100	1	1900	2	43200	1800
S012_DAY1_MINITWICE_2519	115	Picture	FF	6985045	0	1	43099	3	0	43200
S012_DAY1_MINITWICE_2519	115	Pulse	99	6997694	12649	NA
S012_DAY1_MINITWICE_2519	115	Port Input	1	6997694	12649	NA
S012_DAY1_MINITWICE_2519	115	Response	52	7002763	17718	1
S012_DAY1_MINITWICE_2519	115	Picture	109_T_FFTRIAD_FF_lana_red.png	7028144	43099	2	1900	4	43200	1800
S012_DAY1_MINITWICE_2519	116	Picture	FF	7030344	0	2	43200	3	0	43200
S012_DAY1_MINITWICE_2519	116	Pulse	99	7033695	3351	NA
S012_DAY1_MINITWICE_2519	116	Port Input	1	7033695	3351	NA
S012_DAY1_MINITWICE_2519	116	Response	51	7048438	18094	1
S012_DAY1_MINITWICE_2519	116	Pulse	99	7069696	39352	NA
S012_DAY1_MINITWICE_2519	116	Port Input	1	7069696	39352	NA
S012_DAY1_MINITWICE_2519	116	Picture	110_T_FFTRIAD_FF_agua_red.png	7073544	43200	1	1900	2	43200	1800
S012_DAY1_MINITWICE_2519	117	Picture	rest	7075544	0	1	144099	2	0	144000
S012_DAY1_MINITWICE_2519	117	Pulse	99	7105697	30153	NA
S012_DAY1_MINITWICE_2519	117	Port Input	1	7105697	30153	NA
S012_DAY1_MINITWICE_2519	117	Pulse	99	7141698	66154	NA
S012_DAY1_MINITWICE_2519	117	Port Input	1	7141698	66154	NA
S012_DAY1_MINITWICE_2519	117	Pulse	99	7177699	102155	NA
S012_DAY1_MINITWICE_2519	117	Port Input	1	7177699	102155	NA
S012_DAY1_MINITWICE_2519	117	Pulse	99	7213700	138156	NA
S012_DAY1_MINITWICE_2519	117	Port Input	1	7213700	138156	NA
S012_DAY1_MINITWICE_2519	118	Picture	endrest	7219743	0	1	10100	2	0	10000
S012_DAY1_MINITWICE_2519	119	Picture	RW	7230043	0	1	43199	3	0	43200
S012_DAY1_MINITWICE_2519	119	Response	51	7245999	15956	2
S012_DAY1_MINITWICE_2519	119	Pulse	99	7249701	19658	NA
S012_DAY1_MINITWICE_2519	119	Port Input	1	7249701	19658	NA
S012_DAY1_MINITWICE_2519	119	Picture	113_T_RWTRIAD_RW_novia_red.png	7273242	43199	2	1901	3	43200	1800
S012_DAY1_MINITWICE_2519	120	Picture	RW	7275343	0	1	43199	2	0	43200
S012_DAY1_MINITWICE_2519	120	Pulse	99	7285702	10359	NA
S012_DAY1_MINITWICE_2519	120	Port Input	1	7285702	10359	NA
S012_DAY1_MINITWICE_2519	120	Response	51	7287131	11788	1
S012_DAY1_MINITWICE_2519	120	Picture	114_T_RWTRIAD_RW_almohada_red.png	7318542	43199	1	1900	2	43200	1800
S012_DAY1_MINITWICE_2519	121	Picture	RW	7320642	0	1	43200	2	0	43200
S012_DAY1_MINITWICE_2519	121	Pulse	99	7321703	1061	NA
S012_DAY1_MINITWICE_2519	121	Port Input	1	7321703	1061	NA
S012_DAY1_MINITWICE_2519	121	Response	52	7332082	11440	1
S012_DAY1_MINITWICE_2519	121	Pulse	99	7357704	37062	NA
S012_DAY1_MINITWICE_2519	121	Port Input	1	7357704	37062	NA
S012_DAY1_MINITWICE_2519	121	Picture	115_T_RWTRIAD_RW_bebe_red.png	7363842	43200	1	1900	2	43200	1800
S012_DAY1_MINITWICE_2519	122	Picture	RW	7365942	0	1	43199	3	0	43200
S012_DAY1_MINITWICE_2519	122	Response	51	7379872	13930	1
S012_DAY1_MINITWICE_2519	122	Pulse	99	7393705	27763	NA
S012_DAY1_MINITWICE_2519	122	Port Input	1	7393705	27763	NA
S012_DAY1_MINITWICE_2519	122	Picture	116_T_RWTRIAD_RW_traje_red.png	7409141	43199	2	1900	4	43200	1800
S012_DAY1_MINITWICE_2519	123	Picture	FF	7411541	0	2	43200	3	0	43200
S012_DAY1_MINITWICE_2519	123	Response	51	7423971	12430	2
S012_DAY1_MINITWICE_2519	123	Pulse	99	7429706	18165	NA
S012_DAY1_MINITWICE_2519	123	Port Input	1	7429706	18165	NA
S012_DAY1_MINITWICE_2519	123	Picture	117_T_FFTRIAD_FF_cuento_red.png	7454741	43200	1	1900	2	43200	1800
S012_DAY1_MINITWICE_2519	124	Picture	FF	7456841	0	1	43200	2	0	43200
S012_DAY1_MINITWICE_2519	124	Pulse	99	7465707	8866	NA
S012_DAY1_MINITWICE_2519	124	Port Input	1	7465707	8866	NA
S012_DAY1_MINITWICE_2519	124	Response	52	7469087	12246	1
S012_DAY1_MINITWICE_2519	124	Picture	118_T_FFTRIAD_FF_telefono_red.png	7500041	43200	1	1900	2	43200	1800
S012_DAY1_MINITWICE_2519	124	Pulse	99	7501708	44867	NA
S012_DAY1_MINITWICE_2519	124	Port Input	1	7501708	44867	NA
S012_DAY1_MINITWICE_2519	125	Picture	FF	7502241	0	1	43199	3	0	43200
S012_DAY1_MINITWICE_2519	125	Response	52	7517278	15037	1
S012_DAY1_MINITWICE_2519	125	Pulse	99	7537709	35468	NA
S012_DAY1_MINITWICE_2519	125	Port Input	1	7537709	35468	NA
S012_DAY1_MINITWICE_2519	125	Picture	119_T_FFTRIAD_FF_bala_red.png	7545440	43199	2	1900	3	43200	1800
S012_DAY1_MINITWICE_2519	126	Picture	FF	7547740	0	2	43100	3	0	43200
S012_DAY1_MINITWICE_2519	126	Pulse	99	7573709	25969	NA
S012_DAY1_MINITWICE_2519	126	Port Input	1	7573709	25969	NA
S012_DAY1_MINITWICE_2519	126	Picture	120_T_FFTRIAD_FF_cinturon_red.png	7590840	43100	1	1900	2	43200	1800
S012_DAY1_MINITWICE_2519	127	Picture	rest	7592840	0	1	144099	2	0	144000
S012_DAY1_MINITWICE_2519	127	Pulse	99	7609710	16870	NA
S012_DAY1_MINITWICE_2519	127	Port Input	1	7609710	16870	NA
S012_DAY1_MINITWICE_2519	127	Pulse	99	7645711	52871	NA
S012_DAY1_MINITWICE_2519	127	Port Input	1	7645711	52871	NA
S012_DAY1_MINITWICE_2519	127	Pulse	99	7681712	88872	NA
S012_DAY1_MINITWICE_2519	127	Port Input	1	7681712	88872	NA
S012_DAY1_MINITWICE_2519	127	Pulse	99	7717713	124873	NA
S012_DAY1_MINITWICE_2519	127	Port Input	1	7717713	124873	NA
S012_DAY1_MINITWICE_2519	128	Picture	endrest	7737039	0	1	10100	2	0	10000
S012_DAY1_MINITWICE_2519	129	Picture	PW	7747539	0	1	43199	3	0	43200
S012_DAY1_MINITWICE_2519	129	Pulse	99	7753714	6175	NA
S012_DAY1_MINITWICE_2519	129	Port Input	1	7753714	6175	NA
S012_DAY1_MINITWICE_2519	129	Response	52	7766782	19243	1
S012_DAY1_MINITWICE_2519	129	Pulse	99	7789715	42176	NA
S012_DAY1_MINITWICE_2519	129	Port Input	1	7789715	42176	NA
S012_DAY1_MINITWICE_2519	129	Picture	123_T_PWTRIAD_PW_sombrilla_red.png	7790738	43199	2	1900	4	43200	1800
S012_DAY1_MINITWICE_2519	130	Picture	PW	7793038	0	2	43100	3	0	43200
S012_DAY1_MINITWICE_2519	130	Response	51	7812944	19906	1
S012_DAY1_MINITWICE_2519	130	Pulse	99	7825716	32678	NA
S012_DAY1_MINITWICE_2519	130	Port Input	1	7825716	32678	NA
S012_DAY1_MINITWICE_2519	130	Picture	124_T_PWTRIAD_PW_bebe_red.png	7836138	43100	1	1900	2	43200	1800
S012_DAY1_MINITWICE_2519	131	Picture	PW	7838238	0	1	43200	2	0	43200
S012_DAY1_MINITWICE_2519	131	Response	52	7855959	17721	1
S012_DAY1_MINITWICE_2519	131	Pulse	99	7861717	23479	NA
S012_DAY1_MINITWICE_2519	131	Port Input	1	7861717	23479	NA
S012_DAY1_MINITWICE_2519	131	Picture	125_T_PWTRIAD_PW_raton_red.png	7881438	43200	1	1900	2	43200	1800
S012_DAY1_MINITWICE_2519	132	Picture	PW	7883738	0	1	43199	2	0	43200
S012_DAY1_MINITWICE_2519	132	Pulse	99	7897718	13980	NA
S012_DAY1_MINITWICE_2519	132	Port Input	1	7897718	13980	NA
S012_DAY1_MINITWICE_2519	132	Response	51	7906532	22794	1
S012_DAY1_MINITWICE_2519	132	Picture	126_T_PWTRIAD_PW_almohada_red.png	7926937	43199	1	1900	2	43200	1800
S012_DAY1_MINITWICE_2519	133	Picture	FF	7929137	0	1	43200	2	0	43200
S012_DAY1_MINITWICE_2519	133	Pulse	99	7933719	4582	NA
S012_DAY1_MINITWICE_2519	133	Port Input	1	7933719	4582	NA
S012_DAY1_MINITWICE_2519	133	Response	52	7940829	11692	1
S012_DAY1_MINITWICE_2519	133	Pulse	99	7969720	40583	NA
S012_DAY1_MINITWICE_2519	133	Port Input	1	7969720	40583	NA
S012_DAY1_MINITWICE_2519	133	Picture	127_T_FFTRIAD_FF_almohada_red.png	7972337	43200	1	1900	2	43200	1800
S012_DAY1_MINITWICE_2519	134	Picture	FF	7974537	0	1	43200	2	0	43200
S012_DAY1_MINITWICE_2519	134	Response	51	7991788	17251	1
S012_DAY1_MINITWICE_2519	134	Pulse	99	8005721	31184	NA
S012_DAY1_MINITWICE_2519	134	Port Input	1	8005721	31184	NA
S012_DAY1_MINITWICE_2519	134	Picture	128_T_FFTRIAD_FF_grifo_red.png	8017737	43200	1	1900	2	43200	1800
S012_DAY1_MINITWICE_2519	135	Picture	FF	8020037	0	1	43199	2	0	43200
S012_DAY1_MINITWICE_2519	135	Pulse	99	8041722	21685	NA
S012_DAY1_MINITWICE_2519	135	Port Input	1	8041722	21685	NA
S012_DAY1_MINITWICE_2519	135	Response	51	8059163	39126	1
S012_DAY1_MINITWICE_2519	135	Picture	129_T_FFTRIAD_FF_television_red.png	8063236	43199	1	1900	2	43200	1800
S012_DAY1_MINITWICE_2519	136	Picture	FF	8065336	0	1	43200	2	0	43200
S012_DAY1_MINITWICE_2519	136	Pulse	99	8077723	12387	NA
S012_DAY1_MINITWICE_2519	136	Port Input	1	8077723	12387	NA
S012_DAY1_MINITWICE_2519	136	Response	51	8078949	13613	1
S012_DAY1_MINITWICE_2519	136	Picture	130_T_FFTRIAD_FF_ancla_red.png	8108536	43200	1	1900	2	43200	1800
S012_DAY1_MINITWICE_2519	137	Picture	rest	8110536	0	1	144099	2	0	144000
S012_DAY1_MINITWICE_2519	137	Pulse	99	8113724	3188	NA
S012_DAY1_MINITWICE_2519	137	Port Input	1	8113724	3188	NA
S012_DAY1_MINITWICE_2519	137	Pulse	99	8149724	39188	NA
S012_DAY1_MINITWICE_2519	137	Port Input	1	8149724	39188	NA
S012_DAY1_MINITWICE_2519	137	Pulse	99	8185725	75189	NA
S012_DAY1_MINITWICE_2519	137	Port Input	1	8185725	75189	NA
S012_DAY1_MINITWICE_2519	137	Pulse	99	8221726	111190	NA
S012_DAY1_MINITWICE_2519	137	Port Input	1	8221726	111190	NA
S012_DAY1_MINITWICE_2519	138	Picture	endrest	8254735	0	1	10100	2	0	10000
S012_DAY1_MINITWICE_2519	138	Pulse	99	8257727	2992	NA
S012_DAY1_MINITWICE_2519	138	Port Input	1	8257727	2992	NA
S012_DAY1_MINITWICE_2519	139	Picture	FF	8265035	0	1	43199	3	0	43200
S012_DAY1_MINITWICE_2519	139	Response	51	8280588	15553	2
S012_DAY1_MINITWICE_2519	139	Pulse	99	8293728	28693	NA
S012_DAY1_MINITWICE_2519	139	Port Input	1	8293728	28693	NA
S012_DAY1_MINITWICE_2519	139	Picture	133_T_FFTRIAD_FF_arco_red.png	8308234	43199	2	1900	3	43200	1800
S012_DAY1_MINITWICE_2519	140	Picture	FF	8310534	0	1	43100	2	0	43200
S012_DAY1_MINITWICE_2519	140	Response	51	8326885	16351	1
S012_DAY1_MINITWICE_2519	140	Pulse	99	8329729	19195	NA
S012_DAY1_MINITWICE_2519	140	Port Input	1	8329729	19195	NA
S012_DAY1_MINITWICE_2519	140	Picture	134_T_FFTRIAD_FF_cortina_red.png	8353634	43100	1	1900	2	43200	1800
S012_DAY1_MINITWICE_2519	141	Picture	FF	8355734	0	1	43200	2	0	43200
S012_DAY1_MINITWICE_2519	141	Pulse	99	8365730	9996	NA
S012_DAY1_MINITWICE_2519	141	Port Input	1	8365730	9996	NA
S012_DAY1_MINITWICE_2519	141	Response	51	8381706	25972	2
S012_DAY1_MINITWICE_2519	141	Picture	135_T_FFTRIAD_FF_zanahoria_red.png	8398934	43200	1	1900	2	43200	1800
S012_DAY1_MINITWICE_2519	142	Picture	FF	8401034	0	1	43199	2	0	43200
S012_DAY1_MINITWICE_2519	142	Pulse	99	8401731	697	NA
S012_DAY1_MINITWICE_2519	142	Port Input	1	8401731	697	NA
S012_DAY1_MINITWICE_2519	142	Pulse	99	8437732	36698	NA
S012_DAY1_MINITWICE_2519	142	Port Input	1	8437732	36698	NA
S012_DAY1_MINITWICE_2519	142	Picture	136_T_FFTRIAD_FF_traje_red.png	8444233	43199	1	1900	2	43200	1800
S012_DAY1_MINITWICE_2519	143	Picture	rest	8446233	0	1	144099	2	0	144000
S012_DAY1_MINITWICE_2519	143	Pulse	99	8473733	27500	NA
S012_DAY1_MINITWICE_2519	143	Port Input	1	8473733	27500	NA
S012_DAY1_MINITWICE_2519	144	Picture	endrest	8590432	0	1	10100	2	0	10000
S012_DAY1_MINITWICE_2519	145	Picture	endrest	8600632	0	1	10100	2	0	10000
S012_DAY1_MINITWICE_2519	146	Picture	endrest	8610832	0	1	10100	2	0	10000
S012_DAY1_MINITWICE_2519	147	Picture	endrest	8621032	0	1	10100	2	0	10000
