Scenario - vOT_Triads_fMRI_I
Logfile written - 05/12/2015 13:17:25

Subject	Trial	Event Type	Code	Time	TTime	Uncertainty	Duration	Uncertainty	ReqTime	ReqDur

S008_DAY1_MINITWICE_2511	1	Response	98	176661	186561	2
S008_DAY1_MINITWICE_2511	2	Response	52	260773	84074	1
S008_DAY1_MINITWICE_2511	2	Response	98	385962	209263	1
S008_DAY1_MINITWICE_2511	3	Response	98	592099	206001	1
S008_DAY1_MINITWICE_2511	4	Response	98	886206	294009	1
S008_DAY1_MINITWICE_2511	6	Pulse	99	1077550	191254	NA
S008_DAY1_MINITWICE_2511	6	Port Input	1	1077550	191254	NA
S008_DAY1_MINITWICE_2511	6	Pulse	99	1113551	227255	NA
S008_DAY1_MINITWICE_2511	6	Port Input	1	1113551	227255	NA
S008_DAY1_MINITWICE_2511	6	Pulse	99	1149552	263256	NA
S008_DAY1_MINITWICE_2511	6	Port Input	1	1149552	263256	NA
S008_DAY1_MINITWICE_2511	6	Pulse	99	1185553	299257	NA
S008_DAY1_MINITWICE_2511	6	Port Input	1	1185553	299257	NA
S008_DAY1_MINITWICE_2511	6	Pulse	99	1221554	335258	NA
S008_DAY1_MINITWICE_2511	6	Port Input	1	1221554	335258	NA
S008_DAY1_MINITWICE_2511	7	Picture	rest	1221794	0	1	144100	2	0	144000
S008_DAY1_MINITWICE_2511	7	Pulse	99	1257555	35761	NA
S008_DAY1_MINITWICE_2511	7	Port Input	1	1257555	35761	NA
S008_DAY1_MINITWICE_2511	7	Pulse	99	1293556	71762	NA
S008_DAY1_MINITWICE_2511	7	Port Input	1	1293556	71762	NA
S008_DAY1_MINITWICE_2511	7	Pulse	99	1329557	107763	NA
S008_DAY1_MINITWICE_2511	7	Port Input	1	1329557	107763	NA
S008_DAY1_MINITWICE_2511	7	Pulse	99	1365558	143764	NA
S008_DAY1_MINITWICE_2511	7	Port Input	1	1365558	143764	NA
S008_DAY1_MINITWICE_2511	8	Picture	endrest	1365994	0	1	10100	2	0	10000
S008_DAY1_MINITWICE_2511	9	Picture	FF	1376294	0	1	43199	3	0	43200
S008_DAY1_MINITWICE_2511	9	Response	51	1396568	20274	1
S008_DAY1_MINITWICE_2511	9	Pulse	99	1401560	25266	NA
S008_DAY1_MINITWICE_2511	9	Port Input	1	1401560	25266	NA
S008_DAY1_MINITWICE_2511	9	Picture	3_T_FFTRIAD_FF_tenedor_red.png	1419493	43199	2	1900	3	43200	1800
S008_DAY1_MINITWICE_2511	10	Picture	FF	1421593	0	1	43200	2	0	43200
S008_DAY1_MINITWICE_2511	10	Response	51	1436094	14501	1
S008_DAY1_MINITWICE_2511	10	Pulse	99	1437561	15968	NA
S008_DAY1_MINITWICE_2511	10	Port Input	1	1437561	15968	NA
S008_DAY1_MINITWICE_2511	10	Picture	4_T_FFTRIAD_FF_cortina_red.png	1464793	43200	1	1900	2	43200	1800
S008_DAY1_MINITWICE_2511	11	Picture	FF	1466893	0	1	43200	2	0	43200
S008_DAY1_MINITWICE_2511	11	Pulse	99	1473562	6669	NA
S008_DAY1_MINITWICE_2511	11	Port Input	1	1473562	6669	NA
S008_DAY1_MINITWICE_2511	11	Response	51	1478995	12102	1
S008_DAY1_MINITWICE_2511	11	Pulse	99	1509563	42670	NA
S008_DAY1_MINITWICE_2511	11	Port Input	1	1509563	42670	NA
S008_DAY1_MINITWICE_2511	11	Picture	5_T_FFTRIAD_FF_piramide_red.png	1510093	43200	1	1900	2	43200	1800
S008_DAY1_MINITWICE_2511	12	Picture	FF	1512193	0	1	43200	2	0	43200
S008_DAY1_MINITWICE_2511	12	Response	51	1522015	9822	1
S008_DAY1_MINITWICE_2511	12	Pulse	99	1545564	33371	NA
S008_DAY1_MINITWICE_2511	12	Port Input	1	1545564	33371	NA
S008_DAY1_MINITWICE_2511	12	Picture	6_T_FFTRIAD_FF_cuento_red.png	1555393	43200	1	1900	2	43200	1800
S008_DAY1_MINITWICE_2511	13	Picture	PW	1557493	0	1	43200	2	0	43200
S008_DAY1_MINITWICE_2511	13	Pulse	99	1581565	24072	NA
S008_DAY1_MINITWICE_2511	13	Port Input	1	1581565	24072	NA
S008_DAY1_MINITWICE_2511	13	Response	52	1583174	25681	1
S008_DAY1_MINITWICE_2511	13	Picture	7_T_PWTRIAD_PW_policia_red.png	1600693	43200	1	1900	2	43200	1800
S008_DAY1_MINITWICE_2511	14	Picture	PW	1602793	0	1	43199	3	0	43200
S008_DAY1_MINITWICE_2511	14	Pulse	99	1617566	14773	NA
S008_DAY1_MINITWICE_2511	14	Port Input	1	1617566	14773	NA
S008_DAY1_MINITWICE_2511	14	Response	52	1623104	20311	1
S008_DAY1_MINITWICE_2511	14	Picture	8_T_PWTRIAD_PW_arbol_red.png	1645992	43199	2	1900	4	43200	1800
S008_DAY1_MINITWICE_2511	15	Picture	PW	1648092	0	2	43200	3	0	43200
S008_DAY1_MINITWICE_2511	15	Pulse	99	1653567	5475	NA
S008_DAY1_MINITWICE_2511	15	Port Input	1	1653567	5475	NA
S008_DAY1_MINITWICE_2511	15	Response	52	1670365	22273	1
S008_DAY1_MINITWICE_2511	15	Pulse	99	1689568	41476	NA
S008_DAY1_MINITWICE_2511	15	Port Input	1	1689568	41476	NA
S008_DAY1_MINITWICE_2511	15	Picture	9_T_PWTRIAD_PW_bellota_red.png	1691292	43200	1	1900	2	43200	1800
S008_DAY1_MINITWICE_2511	16	Picture	PW	1693392	0	1	43200	2	0	43200
S008_DAY1_MINITWICE_2511	16	Response	52	1711147	17755	1
S008_DAY1_MINITWICE_2511	16	Pulse	99	1725569	32177	NA
S008_DAY1_MINITWICE_2511	16	Port Input	1	1725569	32177	NA
S008_DAY1_MINITWICE_2511	16	Picture	10_T_PWTRIAD_PW_cuento_red.png	1736592	43200	1	1900	2	43200	1800
S008_DAY1_MINITWICE_2511	17	Picture	rest	1738592	0	1	144099	3	0	144000
S008_DAY1_MINITWICE_2511	17	Pulse	99	1761570	22978	NA
S008_DAY1_MINITWICE_2511	17	Port Input	1	1761570	22978	NA
S008_DAY1_MINITWICE_2511	17	Pulse	99	1797571	58979	NA
S008_DAY1_MINITWICE_2511	17	Port Input	1	1797571	58979	NA
S008_DAY1_MINITWICE_2511	17	Pulse	99	1833572	94980	NA
S008_DAY1_MINITWICE_2511	17	Port Input	1	1833572	94980	NA
S008_DAY1_MINITWICE_2511	17	Pulse	99	1869574	130982	NA
S008_DAY1_MINITWICE_2511	17	Port Input	1	1869574	130982	NA
S008_DAY1_MINITWICE_2511	18	Picture	endrest	1882791	0	2	10100	4	0	10000
S008_DAY1_MINITWICE_2511	19	Picture	RW	1893091	0	2	43200	3	0	43200
S008_DAY1_MINITWICE_2511	19	Pulse	99	1905575	12484	NA
S008_DAY1_MINITWICE_2511	19	Port Input	1	1905575	12484	NA
S008_DAY1_MINITWICE_2511	19	Response	51	1910232	17141	1
S008_DAY1_MINITWICE_2511	19	Picture	13_T_RWTRIAD_RW_charco_red.png	1936291	43200	1	1900	2	43200	1800
S008_DAY1_MINITWICE_2511	20	Picture	RW	1938391	0	1	43200	2	0	43200
S008_DAY1_MINITWICE_2511	20	Pulse	99	1941576	3185	NA
S008_DAY1_MINITWICE_2511	20	Port Input	1	1941576	3185	NA
S008_DAY1_MINITWICE_2511	20	Response	52	1953872	15481	1
S008_DAY1_MINITWICE_2511	20	Pulse	99	1977577	39186	NA
S008_DAY1_MINITWICE_2511	20	Port Input	1	1977577	39186	NA
S008_DAY1_MINITWICE_2511	20	Picture	14_T_RWTRIAD_RW_lenador_red.png	1981591	43200	1	1900	2	43200	1800
S008_DAY1_MINITWICE_2511	21	Picture	RW	1983691	0	1	43200	2	0	43200
S008_DAY1_MINITWICE_2511	21	Response	51	1998482	14791	1
S008_DAY1_MINITWICE_2511	21	Pulse	99	2013578	29887	NA
S008_DAY1_MINITWICE_2511	21	Port Input	1	2013578	29887	NA
S008_DAY1_MINITWICE_2511	21	Picture	15_T_RWTRIAD_RW_novia_red.png	2026891	43200	1	1900	2	43200	1800
S008_DAY1_MINITWICE_2511	22	Picture	RW	2028991	0	1	43200	2	0	43200
S008_DAY1_MINITWICE_2511	22	Response	51	2041579	12588	1
S008_DAY1_MINITWICE_2511	22	Pulse	99	2049579	20588	NA
S008_DAY1_MINITWICE_2511	22	Port Input	1	2049579	20588	NA
S008_DAY1_MINITWICE_2511	22	Picture	16_T_RWTRIAD_RW_violin_red.png	2072191	43200	1	1900	2	43200	1800
S008_DAY1_MINITWICE_2511	23	Picture	RW	2074291	0	1	43200	2	0	43200
S008_DAY1_MINITWICE_2511	23	Pulse	99	2085580	11289	NA
S008_DAY1_MINITWICE_2511	23	Port Input	1	2085580	11289	NA
S008_DAY1_MINITWICE_2511	23	Response	51	2087543	13252	1
S008_DAY1_MINITWICE_2511	23	Picture	17_T_RWTRIAD_RW_tenedor_red.png	2117491	43200	1	1900	2	43200	1800
S008_DAY1_MINITWICE_2511	24	Picture	RW	2119590	0	2	43200	3	0	43200
S008_DAY1_MINITWICE_2511	24	Pulse	99	2121581	1991	NA
S008_DAY1_MINITWICE_2511	24	Port Input	1	2121581	1991	NA
S008_DAY1_MINITWICE_2511	24	Response	51	2145257	25667	1
S008_DAY1_MINITWICE_2511	24	Pulse	99	2157582	37992	NA
S008_DAY1_MINITWICE_2511	24	Port Input	1	2157582	37992	NA
S008_DAY1_MINITWICE_2511	24	Picture	18_T_RWTRIAD_RW_zanahoria_red.png	2162790	43200	1	1900	2	43200	1800
S008_DAY1_MINITWICE_2511	25	Picture	RW	2164890	0	1	43200	2	0	43200
S008_DAY1_MINITWICE_2511	25	Response	51	2178742	13852	1
S008_DAY1_MINITWICE_2511	25	Pulse	99	2193583	28693	NA
S008_DAY1_MINITWICE_2511	25	Port Input	1	2193583	28693	NA
S008_DAY1_MINITWICE_2511	25	Picture	19_T_RWTRIAD_RW_dedal_red.png	2208090	43200	1	1900	2	43200	1800
S008_DAY1_MINITWICE_2511	26	Picture	RW	2210190	0	1	43200	2	0	43200
S008_DAY1_MINITWICE_2511	26	Response	52	2222196	12006	1
S008_DAY1_MINITWICE_2511	26	Pulse	99	2229585	19395	NA
S008_DAY1_MINITWICE_2511	26	Port Input	1	2229585	19395	NA
S008_DAY1_MINITWICE_2511	26	Picture	20_T_RWTRIAD_RW_bebe_red.png	2253390	43200	1	1900	2	43200	1800
S008_DAY1_MINITWICE_2511	27	Picture	rest	2255390	0	1	144099	2	0	144000
S008_DAY1_MINITWICE_2511	27	Pulse	99	2265585	10195	NA
S008_DAY1_MINITWICE_2511	27	Port Input	1	2265585	10195	NA
S008_DAY1_MINITWICE_2511	27	Pulse	99	2301586	46196	NA
S008_DAY1_MINITWICE_2511	27	Port Input	1	2301586	46196	NA
S008_DAY1_MINITWICE_2511	27	Pulse	99	2337588	82198	NA
S008_DAY1_MINITWICE_2511	27	Port Input	1	2337588	82198	NA
S008_DAY1_MINITWICE_2511	27	Pulse	99	2373589	118199	NA
S008_DAY1_MINITWICE_2511	27	Port Input	1	2373589	118199	NA
S008_DAY1_MINITWICE_2511	28	Picture	endrest	2399589	0	1	10100	2	0	10000
S008_DAY1_MINITWICE_2511	28	Pulse	99	2409590	10001	NA
S008_DAY1_MINITWICE_2511	28	Port Input	1	2409590	10001	NA
S008_DAY1_MINITWICE_2511	29	Picture	RW	2409889	0	1	43200	2	0	43200
S008_DAY1_MINITWICE_2511	29	Response	51	2426757	16868	1
S008_DAY1_MINITWICE_2511	29	Pulse	99	2445591	35702	NA
S008_DAY1_MINITWICE_2511	29	Port Input	1	2445591	35702	NA
S008_DAY1_MINITWICE_2511	29	Picture	23_T_RWTRIAD_RW_ascensor_red.png	2453089	43200	1	1900	2	43200	1800
S008_DAY1_MINITWICE_2511	30	Picture	RW	2455189	0	1	43200	2	0	43200
S008_DAY1_MINITWICE_2511	30	Response	51	2469916	14727	1
S008_DAY1_MINITWICE_2511	30	Pulse	99	2481592	26403	NA
S008_DAY1_MINITWICE_2511	30	Port Input	1	2481592	26403	NA
S008_DAY1_MINITWICE_2511	30	Picture	24_T_RWTRIAD_RW_pilas_red.png	2498389	43200	1	1900	2	43200	1800
S008_DAY1_MINITWICE_2511	31	Picture	RW	2500489	0	1	43200	2	0	43200
S008_DAY1_MINITWICE_2511	31	Response	51	2514262	13773	1
S008_DAY1_MINITWICE_2511	31	Pulse	99	2517593	17104	NA
S008_DAY1_MINITWICE_2511	31	Port Input	1	2517593	17104	NA
S008_DAY1_MINITWICE_2511	31	Picture	25_T_RWTRIAD_RW_madera_red.png	2543689	43200	1	1900	2	43200	1800
S008_DAY1_MINITWICE_2511	32	Picture	RW	2545789	0	1	43200	2	0	43200
S008_DAY1_MINITWICE_2511	32	Pulse	99	2553594	7805	NA
S008_DAY1_MINITWICE_2511	32	Port Input	1	2553594	7805	NA
S008_DAY1_MINITWICE_2511	32	Response	52	2557440	11651	1
S008_DAY1_MINITWICE_2511	32	Picture	26_T_RWTRIAD_RW_esquimal_red.png	2588989	43200	1	1899	3	43200	1800
S008_DAY1_MINITWICE_2511	32	Pulse	99	2589595	43806	NA
S008_DAY1_MINITWICE_2511	32	Port Input	1	2589595	43806	NA
S008_DAY1_MINITWICE_2511	33	Picture	FF	2591088	0	2	43200	4	0	43200
S008_DAY1_MINITWICE_2511	33	Response	51	2604027	12939	1
S008_DAY1_MINITWICE_2511	33	Pulse	99	2625596	34508	NA
S008_DAY1_MINITWICE_2511	33	Port Input	1	2625596	34508	NA
S008_DAY1_MINITWICE_2511	33	Picture	27_T_FFTRIAD_FF_bellota_red.png	2634288	43200	2	1900	3	43200	1800
S008_DAY1_MINITWICE_2511	34	Picture	FF	2636388	0	1	43200	2	0	43200
S008_DAY1_MINITWICE_2511	34	Response	51	2646287	9899	1
S008_DAY1_MINITWICE_2511	34	Pulse	99	2661597	25209	NA
S008_DAY1_MINITWICE_2511	34	Port Input	1	2661597	25209	NA
S008_DAY1_MINITWICE_2511	34	Picture	28_T_FFTRIAD_FF_sapo_red.png	2679588	43200	1	1900	2	43200	1800
S008_DAY1_MINITWICE_2511	35	Picture	FF	2681688	0	1	43200	2	0	43200
S008_DAY1_MINITWICE_2511	35	Response	51	2692172	10484	1
S008_DAY1_MINITWICE_2511	35	Pulse	99	2697598	15910	NA
S008_DAY1_MINITWICE_2511	35	Port Input	1	2697598	15910	NA
S008_DAY1_MINITWICE_2511	35	Picture	29_T_FFTRIAD_FF_charco_red.png	2724888	43200	1	1900	2	43200	1800
S008_DAY1_MINITWICE_2511	36	Picture	FF	2726988	0	1	43200	2	0	43200
S008_DAY1_MINITWICE_2511	36	Pulse	99	2733599	6611	NA
S008_DAY1_MINITWICE_2511	36	Port Input	1	2733599	6611	NA
S008_DAY1_MINITWICE_2511	36	Response	51	2735538	8550	1
S008_DAY1_MINITWICE_2511	36	Pulse	99	2769600	42612	NA
S008_DAY1_MINITWICE_2511	36	Port Input	1	2769600	42612	NA
S008_DAY1_MINITWICE_2511	36	Picture	30_T_FFTRIAD_FF_grapadora_red.png	2770188	43200	1	1900	2	43200	1800
S008_DAY1_MINITWICE_2511	37	Picture	rest	2772188	0	1	144099	2	0	144000
S008_DAY1_MINITWICE_2511	37	Pulse	99	2805602	33414	NA
S008_DAY1_MINITWICE_2511	37	Port Input	1	2805602	33414	NA
S008_DAY1_MINITWICE_2511	37	Pulse	99	2841603	69415	NA
S008_DAY1_MINITWICE_2511	37	Port Input	1	2841603	69415	NA
S008_DAY1_MINITWICE_2511	37	Pulse	99	2877604	105416	NA
S008_DAY1_MINITWICE_2511	37	Port Input	1	2877604	105416	NA
S008_DAY1_MINITWICE_2511	37	Pulse	99	2913605	141417	NA
S008_DAY1_MINITWICE_2511	37	Port Input	1	2913605	141417	NA
S008_DAY1_MINITWICE_2511	38	Picture	endrest	2916387	0	1	10100	2	0	10000
S008_DAY1_MINITWICE_2511	39	Picture	PW	2926687	0	1	43200	2	0	43200
S008_DAY1_MINITWICE_2511	39	Pulse	99	2949606	22919	NA
S008_DAY1_MINITWICE_2511	39	Port Input	1	2949606	22919	NA
S008_DAY1_MINITWICE_2511	39	Response	52	2950290	23603	2
S008_DAY1_MINITWICE_2511	39	Picture	33_T_PWTRIAD_PW_telarana_red.png	2969887	43200	1	1900	2	43200	1800
S008_DAY1_MINITWICE_2511	40	Picture	PW	2971987	0	1	43200	2	0	43200
S008_DAY1_MINITWICE_2511	40	Pulse	99	2985607	13620	NA
S008_DAY1_MINITWICE_2511	40	Port Input	1	2985607	13620	NA
S008_DAY1_MINITWICE_2511	40	Response	52	2991233	19246	1
S008_DAY1_MINITWICE_2511	40	Picture	34_T_PWTRIAD_PW_lenador_red.png	3015187	43200	1	1900	2	43200	1800
S008_DAY1_MINITWICE_2511	41	Picture	PW	3017287	0	1	43200	2	0	43200
S008_DAY1_MINITWICE_2511	41	Pulse	99	3021608	4321	NA
S008_DAY1_MINITWICE_2511	41	Port Input	1	3021608	4321	NA
S008_DAY1_MINITWICE_2511	41	Response	51	3033641	16354	1
S008_DAY1_MINITWICE_2511	41	Pulse	99	3057609	40322	NA
S008_DAY1_MINITWICE_2511	41	Port Input	1	3057609	40322	NA
S008_DAY1_MINITWICE_2511	41	Picture	35_T_PWTRIAD_PW_ancla_red.png	3060487	43200	1	1899	3	43200	1800
S008_DAY1_MINITWICE_2511	42	Picture	PW	3062586	0	2	43200	3	0	43200
S008_DAY1_MINITWICE_2511	42	Response	52	3084735	22149	2
S008_DAY1_MINITWICE_2511	42	Pulse	99	3093610	31024	NA
S008_DAY1_MINITWICE_2511	42	Port Input	1	3093610	31024	NA
S008_DAY1_MINITWICE_2511	42	Picture	36_T_PWTRIAD_PW_madera_red.png	3105786	43200	1	1900	2	43200	1800
S008_DAY1_MINITWICE_2511	43	Picture	RW	3107886	0	1	43200	2	0	43200
S008_DAY1_MINITWICE_2511	43	Response	51	3121910	14024	1
S008_DAY1_MINITWICE_2511	43	Pulse	99	3129611	21725	NA
S008_DAY1_MINITWICE_2511	43	Port Input	1	3129611	21725	NA
S008_DAY1_MINITWICE_2511	43	Picture	37_T_RWTRIAD_RW_iglu_red.png	3151086	43200	1	1900	2	43200	1800
S008_DAY1_MINITWICE_2511	44	Picture	RW	3153186	0	1	43200	2	0	43200
S008_DAY1_MINITWICE_2511	44	Pulse	99	3165612	12426	NA
S008_DAY1_MINITWICE_2511	44	Port Input	1	3165612	12426	NA
S008_DAY1_MINITWICE_2511	44	Response	52	3184190	31004	1
S008_DAY1_MINITWICE_2511	44	Picture	38_T_RWTRIAD_RW_piramide_red.png	3196386	43200	1	1900	2	43200	1800
S008_DAY1_MINITWICE_2511	45	Picture	RW	3198486	0	1	43200	2	0	43200
S008_DAY1_MINITWICE_2511	45	Pulse	99	3201613	3127	NA
S008_DAY1_MINITWICE_2511	45	Port Input	1	3201613	3127	NA
S008_DAY1_MINITWICE_2511	45	Response	52	3213912	15426	1
S008_DAY1_MINITWICE_2511	45	Pulse	99	3237614	39128	NA
S008_DAY1_MINITWICE_2511	45	Port Input	1	3237614	39128	NA
S008_DAY1_MINITWICE_2511	45	Picture	39_T_RWTRIAD_RW_anillo_red.png	3241686	43200	1	1900	2	43200	1800
S008_DAY1_MINITWICE_2511	46	Picture	RW	3243786	0	1	43200	2	0	43200
S008_DAY1_MINITWICE_2511	46	Response	51	3269299	25513	1
S008_DAY1_MINITWICE_2511	46	Pulse	99	3273615	29829	NA
S008_DAY1_MINITWICE_2511	46	Port Input	1	3273615	29829	NA
S008_DAY1_MINITWICE_2511	46	Picture	40_T_RWTRIAD_RW_pluma_red.png	3286986	43200	1	1900	2	43200	1800
S008_DAY1_MINITWICE_2511	47	Picture	rest	3288986	0	1	144099	2	0	144000
S008_DAY1_MINITWICE_2511	47	Pulse	99	3309617	20631	NA
S008_DAY1_MINITWICE_2511	47	Port Input	1	3309617	20631	NA
S008_DAY1_MINITWICE_2511	47	Pulse	99	3345618	56632	NA
S008_DAY1_MINITWICE_2511	47	Port Input	1	3345618	56632	NA
S008_DAY1_MINITWICE_2511	47	Pulse	99	3381619	92633	NA
S008_DAY1_MINITWICE_2511	47	Port Input	1	3381619	92633	NA
S008_DAY1_MINITWICE_2511	47	Pulse	99	3417620	128634	NA
S008_DAY1_MINITWICE_2511	47	Port Input	1	3417620	128634	NA
S008_DAY1_MINITWICE_2511	48	Picture	endrest	3433185	0	1	10100	2	0	10000
S008_DAY1_MINITWICE_2511	49	Picture	FF	3443485	0	1	43200	2	0	43200
S008_DAY1_MINITWICE_2511	49	Pulse	99	3453621	10136	NA
S008_DAY1_MINITWICE_2511	49	Port Input	1	3453621	10136	NA
S008_DAY1_MINITWICE_2511	49	Response	52	3456877	13392	1
S008_DAY1_MINITWICE_2511	49	Picture	43_T_FFTRIAD_FF_ascensor_red.png	3486685	43200	1	1900	2	43200	1800
S008_DAY1_MINITWICE_2511	50	Picture	FF	3488785	0	1	43200	2	0	43200
S008_DAY1_MINITWICE_2511	50	Pulse	99	3489622	837	NA
S008_DAY1_MINITWICE_2511	50	Port Input	1	3489622	837	NA
S008_DAY1_MINITWICE_2511	50	Response	51	3500600	11815	1
S008_DAY1_MINITWICE_2511	50	Pulse	99	3525623	36838	NA
S008_DAY1_MINITWICE_2511	50	Port Input	1	3525623	36838	NA
S008_DAY1_MINITWICE_2511	50	Picture	44_T_FFTRIAD_FF_leche_red.png	3531985	43200	1	1900	2	43200	1800
S008_DAY1_MINITWICE_2511	51	Picture	FF	3534085	0	1	43199	2	0	43200
S008_DAY1_MINITWICE_2511	51	Response	51	3543531	9446	1
S008_DAY1_MINITWICE_2511	51	Pulse	99	3561624	27539	NA
S008_DAY1_MINITWICE_2511	51	Port Input	1	3561624	27539	NA
S008_DAY1_MINITWICE_2511	51	Picture	45_T_FFTRIAD_FF_teclado_red.png	3577284	43199	1	1900	2	43200	1800
S008_DAY1_MINITWICE_2511	52	Picture	FF	3579384	0	1	43200	2	0	43200
S008_DAY1_MINITWICE_2511	52	Response	51	3589999	10615	1
S008_DAY1_MINITWICE_2511	52	Pulse	99	3597625	18241	NA
S008_DAY1_MINITWICE_2511	52	Port Input	1	3597625	18241	NA
S008_DAY1_MINITWICE_2511	52	Picture	46_T_FFTRIAD_FF_dedal_red.png	3622584	43200	1	1900	2	43200	1800
S008_DAY1_MINITWICE_2511	53	Picture	RW	3624684	0	1	43200	2	0	43200
S008_DAY1_MINITWICE_2511	53	Pulse	99	3633626	8942	NA
S008_DAY1_MINITWICE_2511	53	Port Input	1	3633626	8942	NA
S008_DAY1_MINITWICE_2511	53	Response	51	3637715	13031	1
S008_DAY1_MINITWICE_2511	53	Picture	47_T_RWTRIAD_RW_grifo_red.png	3667884	43200	1	1900	2	43200	1800
S008_DAY1_MINITWICE_2511	53	Pulse	99	3669627	44943	NA
S008_DAY1_MINITWICE_2511	53	Port Input	1	3669627	44943	NA
S008_DAY1_MINITWICE_2511	54	Picture	RW	3669984	0	1	43200	2	0	43200
S008_DAY1_MINITWICE_2511	54	Response	51	3682402	12418	1
S008_DAY1_MINITWICE_2511	54	Pulse	99	3705628	35644	NA
S008_DAY1_MINITWICE_2511	54	Port Input	1	3705628	35644	NA
S008_DAY1_MINITWICE_2511	54	Picture	48_T_RWTRIAD_RW_television_red.png	3713184	43200	1	1900	2	43200	1800
S008_DAY1_MINITWICE_2511	55	Picture	RW	3715284	0	1	43200	2	0	43200
S008_DAY1_MINITWICE_2511	55	Response	52	3739121	23837	2
S008_DAY1_MINITWICE_2511	55	Pulse	99	3741629	26345	NA
S008_DAY1_MINITWICE_2511	55	Port Input	1	3741629	26345	NA
S008_DAY1_MINITWICE_2511	55	Picture	49_T_RWTRIAD_RW_molino_red.png	3758484	43200	1	1900	2	43200	1800
S008_DAY1_MINITWICE_2511	56	Picture	RW	3760584	0	1	43199	2	0	43200
S008_DAY1_MINITWICE_2511	56	Response	52	3775099	14515	1
S008_DAY1_MINITWICE_2511	56	Pulse	99	3777631	17047	NA
S008_DAY1_MINITWICE_2511	56	Port Input	1	3777631	17047	NA
S008_DAY1_MINITWICE_2511	56	Picture	50_T_RWTRIAD_RW_lechuga_red.png	3803783	43199	1	1900	2	43200	1800
S008_DAY1_MINITWICE_2511	57	Picture	rest	3805783	0	1	144100	2	0	144000
S008_DAY1_MINITWICE_2511	57	Pulse	99	3813632	7849	NA
S008_DAY1_MINITWICE_2511	57	Port Input	1	3813632	7849	NA
S008_DAY1_MINITWICE_2511	57	Pulse	99	3849633	43850	NA
S008_DAY1_MINITWICE_2511	57	Port Input	1	3849633	43850	NA
S008_DAY1_MINITWICE_2511	57	Pulse	99	3885634	79851	NA
S008_DAY1_MINITWICE_2511	57	Port Input	1	3885634	79851	NA
S008_DAY1_MINITWICE_2511	57	Pulse	99	3921635	115852	NA
S008_DAY1_MINITWICE_2511	57	Port Input	1	3921635	115852	NA
S008_DAY1_MINITWICE_2511	58	Picture	endrest	3949983	0	1	10100	2	0	10000
S008_DAY1_MINITWICE_2511	58	Pulse	99	3957636	7653	NA
S008_DAY1_MINITWICE_2511	58	Port Input	1	3957636	7653	NA
S008_DAY1_MINITWICE_2511	59	Picture	RW	3960283	0	1	43100	2	0	43200
S008_DAY1_MINITWICE_2511	59	Response	52	3974251	13968	1
S008_DAY1_MINITWICE_2511	59	Pulse	99	3993637	33354	NA
S008_DAY1_MINITWICE_2511	59	Port Input	1	3993637	33354	NA
S008_DAY1_MINITWICE_2511	59	Picture	53_T_RWTRIAD_RW_arco_red.png	4003383	43100	1	1900	2	43200	1800
S008_DAY1_MINITWICE_2511	60	Picture	RW	4005483	0	1	43199	2	0	43200
S008_DAY1_MINITWICE_2511	60	Response	51	4017971	12488	1
S008_DAY1_MINITWICE_2511	60	Pulse	99	4029638	24155	NA
S008_DAY1_MINITWICE_2511	60	Port Input	1	4029638	24155	NA
S008_DAY1_MINITWICE_2511	60	Picture	54_T_RWTRIAD_RW_bala_red.png	4048682	43199	1	1900	2	43200	1800
S008_DAY1_MINITWICE_2511	61	Picture	RW	4050782	0	1	43200	2	0	43200
S008_DAY1_MINITWICE_2511	61	Response	51	4064704	13922	2
S008_DAY1_MINITWICE_2511	61	Pulse	99	4065639	14857	NA
S008_DAY1_MINITWICE_2511	61	Port Input	1	4065639	14857	NA
S008_DAY1_MINITWICE_2511	61	Picture	55_T_RWTRIAD_RW_paracaidas_red.png	4093982	43200	1	1900	2	43200	1800
S008_DAY1_MINITWICE_2511	62	Picture	RW	4096082	0	1	43200	2	0	43200
S008_DAY1_MINITWICE_2511	62	Pulse	99	4101640	5558	NA
S008_DAY1_MINITWICE_2511	62	Port Input	1	4101640	5558	NA
S008_DAY1_MINITWICE_2511	62	Response	51	4112490	16408	1
S008_DAY1_MINITWICE_2511	62	Pulse	99	4137641	41559	NA
S008_DAY1_MINITWICE_2511	62	Port Input	1	4137641	41559	NA
S008_DAY1_MINITWICE_2511	62	Picture	56_T_RWTRIAD_RW_banera_red.png	4139282	43200	1	1900	2	43200	1800
S008_DAY1_MINITWICE_2511	63	Picture	PW	4141382	0	1	43200	2	0	43200
S008_DAY1_MINITWICE_2511	63	Response	51	4157828	16446	1
S008_DAY1_MINITWICE_2511	63	Pulse	99	4173642	32260	NA
S008_DAY1_MINITWICE_2511	63	Port Input	1	4173642	32260	NA
S008_DAY1_MINITWICE_2511	63	Picture	57_T_PWTRIAD_PW_dado_red.png	4184582	43200	1	1900	2	43200	1800
S008_DAY1_MINITWICE_2511	64	Picture	PW	4186682	0	1	43200	2	0	43200
S008_DAY1_MINITWICE_2511	64	Response	52	4206003	19321	1
S008_DAY1_MINITWICE_2511	64	Pulse	99	4209643	22961	NA
S008_DAY1_MINITWICE_2511	64	Port Input	1	4209643	22961	NA
S008_DAY1_MINITWICE_2511	64	Picture	58_T_PWTRIAD_PW_ascensor_red.png	4229882	43200	1	1899	3	43200	1800
S008_DAY1_MINITWICE_2511	65	Picture	PW	4231982	0	1	43199	2	0	43200
S008_DAY1_MINITWICE_2511	65	Pulse	99	4245644	13662	NA
S008_DAY1_MINITWICE_2511	65	Port Input	1	4245644	13662	NA
S008_DAY1_MINITWICE_2511	65	Response	51	4250979	18997	1
S008_DAY1_MINITWICE_2511	65	Picture	59_T_PWTRIAD_PW_portatil_red.png	4275181	43199	1	1900	2	43200	1800
S008_DAY1_MINITWICE_2511	66	Picture	PW	4277281	0	1	43200	2	0	43200
S008_DAY1_MINITWICE_2511	66	Pulse	99	4281646	4365	NA
S008_DAY1_MINITWICE_2511	66	Port Input	1	4281646	4365	NA
S008_DAY1_MINITWICE_2511	66	Response	52	4297207	19926	2
S008_DAY1_MINITWICE_2511	66	Pulse	99	4317647	40366	NA
S008_DAY1_MINITWICE_2511	66	Port Input	1	4317647	40366	NA
S008_DAY1_MINITWICE_2511	66	Picture	60_T_PWTRIAD_PW_sombrilla_red.png	4320481	43200	1	1900	2	43200	1800
S008_DAY1_MINITWICE_2511	67	Picture	rest	4322481	0	1	144099	3	0	144000
S008_DAY1_MINITWICE_2511	67	Pulse	99	4353648	31167	NA
S008_DAY1_MINITWICE_2511	67	Port Input	1	4353648	31167	NA
S008_DAY1_MINITWICE_2511	67	Pulse	99	4389649	67168	NA
S008_DAY1_MINITWICE_2511	67	Port Input	1	4389649	67168	NA
S008_DAY1_MINITWICE_2511	67	Pulse	99	4425650	103169	NA
S008_DAY1_MINITWICE_2511	67	Port Input	1	4425650	103169	NA
S008_DAY1_MINITWICE_2511	67	Pulse	99	4461651	139170	NA
S008_DAY1_MINITWICE_2511	67	Port Input	1	4461651	139170	NA
S008_DAY1_MINITWICE_2511	68	Picture	endrest	4466681	0	1	10099	3	0	10000
S008_DAY1_MINITWICE_2511	69	Picture	PW	4476980	0	2	43200	3	0	43200
S008_DAY1_MINITWICE_2511	69	Response	51	4492511	15531	1
S008_DAY1_MINITWICE_2511	69	Pulse	99	4497652	20672	NA
S008_DAY1_MINITWICE_2511	69	Port Input	1	4497652	20672	NA
S008_DAY1_MINITWICE_2511	69	Picture	63_T_PWTRIAD_PW_gafas_red.png	4520180	43200	1	1900	2	43200	1800
S008_DAY1_MINITWICE_2511	70	Picture	PW	4522280	0	1	43200	2	0	43200
S008_DAY1_MINITWICE_2511	70	Pulse	99	4533653	11373	NA
S008_DAY1_MINITWICE_2511	70	Port Input	1	4533653	11373	NA
S008_DAY1_MINITWICE_2511	70	Response	51	4538443	16163	1
S008_DAY1_MINITWICE_2511	70	Picture	64_T_PWTRIAD_PW_piramide_red.png	4565480	43200	1	1900	2	43200	1800
S008_DAY1_MINITWICE_2511	71	Picture	PW	4567580	0	1	43200	2	0	43200
S008_DAY1_MINITWICE_2511	71	Pulse	99	4569654	2074	NA
S008_DAY1_MINITWICE_2511	71	Port Input	1	4569654	2074	NA
S008_DAY1_MINITWICE_2511	71	Response	52	4592692	25112	1
S008_DAY1_MINITWICE_2511	71	Pulse	99	4605655	38075	NA
S008_DAY1_MINITWICE_2511	71	Port Input	1	4605655	38075	NA
S008_DAY1_MINITWICE_2511	71	Picture	65_T_PWTRIAD_PW_pilas_red.png	4610780	43200	1	1900	2	43200	1800
S008_DAY1_MINITWICE_2511	72	Picture	PW	4612880	0	1	43200	2	0	43200
S008_DAY1_MINITWICE_2511	72	Response	52	4629648	16768	1
S008_DAY1_MINITWICE_2511	72	Pulse	99	4641656	28776	NA
S008_DAY1_MINITWICE_2511	72	Port Input	1	4641656	28776	NA
S008_DAY1_MINITWICE_2511	72	Picture	66_T_PWTRIAD_PW_violin_red.png	4656080	43200	1	1900	2	43200	1800
S008_DAY1_MINITWICE_2511	73	Picture	PW	4658180	0	1	43199	3	0	43200
S008_DAY1_MINITWICE_2511	73	Pulse	99	4677657	19477	NA
S008_DAY1_MINITWICE_2511	73	Port Input	1	4677657	19477	NA
S008_DAY1_MINITWICE_2511	73	Response	52	4677895	19715	1
S008_DAY1_MINITWICE_2511	73	Picture	67_T_PWTRIAD_PW_murcielago_red.png	4701379	43199	2	1900	4	43200	1800
S008_DAY1_MINITWICE_2511	74	Picture	PW	4703479	0	2	43200	3	0	43200
S008_DAY1_MINITWICE_2511	74	Pulse	99	4713658	10179	NA
S008_DAY1_MINITWICE_2511	74	Port Input	1	4713658	10179	NA
S008_DAY1_MINITWICE_2511	74	Response	51	4718239	14760	2
S008_DAY1_MINITWICE_2511	74	Picture	68_T_PWTRIAD_PW_monja_red.png	4746679	43200	1	1900	2	43200	1800
S008_DAY1_MINITWICE_2511	75	Picture	PW	4748779	0	1	43200	2	0	43200
S008_DAY1_MINITWICE_2511	75	Pulse	99	4749660	881	NA
S008_DAY1_MINITWICE_2511	75	Port Input	1	4749660	881	NA
S008_DAY1_MINITWICE_2511	75	Response	51	4763091	14312	1
S008_DAY1_MINITWICE_2511	75	Pulse	99	4785661	36882	NA
S008_DAY1_MINITWICE_2511	75	Port Input	1	4785661	36882	NA
S008_DAY1_MINITWICE_2511	75	Picture	69_T_PWTRIAD_PW_sapo_red.png	4791979	43200	1	1900	2	43200	1800
S008_DAY1_MINITWICE_2511	76	Picture	PW	4794079	0	1	43200	2	0	43200
S008_DAY1_MINITWICE_2511	76	Response	51	4812075	17996	1
S008_DAY1_MINITWICE_2511	76	Pulse	99	4821662	27583	NA
S008_DAY1_MINITWICE_2511	76	Port Input	1	4821662	27583	NA
S008_DAY1_MINITWICE_2511	76	Picture	70_T_PWTRIAD_PW_lechuga_red.png	4837279	43200	1	1900	2	43200	1800
S008_DAY1_MINITWICE_2511	77	Picture	rest	4839279	0	1	144099	2	0	144000
S008_DAY1_MINITWICE_2511	77	Pulse	99	4857663	18384	NA
S008_DAY1_MINITWICE_2511	77	Port Input	1	4857663	18384	NA
S008_DAY1_MINITWICE_2511	77	Pulse	99	4893664	54385	NA
S008_DAY1_MINITWICE_2511	77	Port Input	1	4893664	54385	NA
S008_DAY1_MINITWICE_2511	77	Pulse	99	4929665	90386	NA
S008_DAY1_MINITWICE_2511	77	Port Input	1	4929665	90386	NA
S008_DAY1_MINITWICE_2511	77	Pulse	99	4965666	126387	NA
S008_DAY1_MINITWICE_2511	77	Port Input	1	4965666	126387	NA
S008_DAY1_MINITWICE_2511	78	Picture	endrest	4983478	0	1	10100	2	0	10000
S008_DAY1_MINITWICE_2511	79	Picture	RW	4993778	0	1	43200	2	0	43200
S008_DAY1_MINITWICE_2511	79	Pulse	99	5001667	7889	NA
S008_DAY1_MINITWICE_2511	79	Port Input	1	5001667	7889	NA
S008_DAY1_MINITWICE_2511	79	Response	52	5008889	15111	2
S008_DAY1_MINITWICE_2511	79	Picture	73_T_RWTRIAD_RW_arbol_red.png	5036978	43200	1	1900	2	43200	1800
S008_DAY1_MINITWICE_2511	79	Pulse	99	5037668	43890	NA
S008_DAY1_MINITWICE_2511	79	Port Input	1	5037668	43890	NA
S008_DAY1_MINITWICE_2511	80	Picture	RW	5039078	0	1	43200	2	0	43200
S008_DAY1_MINITWICE_2511	80	Response	52	5050097	11019	1
S008_DAY1_MINITWICE_2511	80	Pulse	99	5073669	34591	NA
S008_DAY1_MINITWICE_2511	80	Port Input	1	5073669	34591	NA
S008_DAY1_MINITWICE_2511	80	Picture	74_T_RWTRIAD_RW_futbol_red.png	5082278	43200	1	1900	2	43200	1800
S008_DAY1_MINITWICE_2511	81	Picture	RW	5084378	0	1	43200	2	0	43200
S008_DAY1_MINITWICE_2511	81	Response	52	5096038	11660	1
S008_DAY1_MINITWICE_2511	81	Pulse	99	5109670	25292	NA
S008_DAY1_MINITWICE_2511	81	Port Input	1	5109670	25292	NA
S008_DAY1_MINITWICE_2511	81	Picture	75_T_RWTRIAD_RW_raton_red.png	5127578	43200	1	1900	2	43200	1800
S008_DAY1_MINITWICE_2511	82	Picture	RW	5129678	0	1	43199	3	0	43200
S008_DAY1_MINITWICE_2511	82	Response	52	5140669	10991	1
S008_DAY1_MINITWICE_2511	82	Pulse	99	5145672	15994	NA
S008_DAY1_MINITWICE_2511	82	Port Input	1	5145672	15994	NA
S008_DAY1_MINITWICE_2511	82	Picture	76_T_RWTRIAD_RW_monja_red.png	5172877	43199	2	1900	4	43200	1800
S008_DAY1_MINITWICE_2511	83	Picture	FF	5174977	0	2	43200	3	0	43200
S008_DAY1_MINITWICE_2511	83	Pulse	99	5181672	6695	NA
S008_DAY1_MINITWICE_2511	83	Port Input	1	5181672	6695	NA
S008_DAY1_MINITWICE_2511	83	Response	52	5187811	12834	2
S008_DAY1_MINITWICE_2511	83	Pulse	99	5217673	42696	NA
S008_DAY1_MINITWICE_2511	83	Port Input	1	5217673	42696	NA
S008_DAY1_MINITWICE_2511	83	Picture	77_T_FFTRIAD_FF_murcielago_red.png	5218177	43200	1	1900	2	43200	1800
S008_DAY1_MINITWICE_2511	84	Picture	FF	5220277	0	1	43200	2	0	43200
S008_DAY1_MINITWICE_2511	84	Response	52	5229247	8970	1
S008_DAY1_MINITWICE_2511	84	Pulse	99	5253675	33398	NA
S008_DAY1_MINITWICE_2511	84	Port Input	1	5253675	33398	NA
S008_DAY1_MINITWICE_2511	84	Picture	78_T_FFTRIAD_FF_telefono_red.png	5263477	43200	1	1900	2	43200	1800
S008_DAY1_MINITWICE_2511	85	Picture	FF	5265577	0	1	43200	2	0	43200
S008_DAY1_MINITWICE_2511	85	Response	52	5274543	8966	1
S008_DAY1_MINITWICE_2511	85	Pulse	99	5289676	24099	NA
S008_DAY1_MINITWICE_2511	85	Port Input	1	5289676	24099	NA
S008_DAY1_MINITWICE_2511	85	Picture	79_T_FFTRIAD_FF_silla_red.png	5308777	43200	1	1900	2	43200	1800
S008_DAY1_MINITWICE_2511	86	Picture	FF	5310877	0	1	43200	2	0	43200
S008_DAY1_MINITWICE_2511	86	Response	52	5320962	10085	1
S008_DAY1_MINITWICE_2511	86	Pulse	99	5325677	14800	NA
S008_DAY1_MINITWICE_2511	86	Port Input	1	5325677	14800	NA
S008_DAY1_MINITWICE_2511	86	Picture	80_T_FFTRIAD_FF_pizarra_red.png	5354077	43200	1	1900	2	43200	1800
S008_DAY1_MINITWICE_2511	87	Picture	rest	5356077	0	1	144099	2	0	144000
S008_DAY1_MINITWICE_2511	87	Pulse	99	5361678	5601	NA
S008_DAY1_MINITWICE_2511	87	Port Input	1	5361678	5601	NA
S008_DAY1_MINITWICE_2511	87	Pulse	99	5397679	41602	NA
S008_DAY1_MINITWICE_2511	87	Port Input	1	5397679	41602	NA
S008_DAY1_MINITWICE_2511	87	Pulse	99	5433680	77603	NA
S008_DAY1_MINITWICE_2511	87	Port Input	1	5433680	77603	NA
S008_DAY1_MINITWICE_2511	87	Pulse	99	5469681	113604	NA
S008_DAY1_MINITWICE_2511	87	Port Input	1	5469681	113604	NA
S008_DAY1_MINITWICE_2511	88	Picture	endrest	5500276	0	1	10100	2	0	10000
S008_DAY1_MINITWICE_2511	88	Pulse	99	5505682	5406	NA
S008_DAY1_MINITWICE_2511	88	Port Input	1	5505682	5406	NA
S008_DAY1_MINITWICE_2511	89	Picture	RW	5510576	0	1	43200	2	0	43200
S008_DAY1_MINITWICE_2511	89	Response	51	5526986	16410	1
S008_DAY1_MINITWICE_2511	89	Pulse	99	5541683	31107	NA
S008_DAY1_MINITWICE_2511	89	Port Input	1	5541683	31107	NA
S008_DAY1_MINITWICE_2511	89	Picture	83_T_RWTRIAD_RW_ancla_red.png	5553776	43200	1	1900	2	43200	1800
S008_DAY1_MINITWICE_2511	90	Picture	RW	5555876	0	1	43200	2	0	43200
S008_DAY1_MINITWICE_2511	90	Response	51	5567961	12085	1
S008_DAY1_MINITWICE_2511	90	Pulse	99	5577684	21808	NA
S008_DAY1_MINITWICE_2511	90	Port Input	1	5577684	21808	NA
S008_DAY1_MINITWICE_2511	90	Picture	84_T_RWTRIAD_RW_botella_red.png	5599076	43200	1	1900	2	43200	1800
S008_DAY1_MINITWICE_2511	91	Picture	RW	5601176	0	1	43199	2	0	43200
S008_DAY1_MINITWICE_2511	91	Pulse	99	5613685	12509	NA
S008_DAY1_MINITWICE_2511	91	Port Input	1	5613685	12509	NA
S008_DAY1_MINITWICE_2511	91	Response	51	5615955	14779	1
S008_DAY1_MINITWICE_2511	91	Picture	85_T_RWTRIAD_RW_cerillas_red.png	5644375	43199	1	1900	2	43200	1800
S008_DAY1_MINITWICE_2511	92	Picture	RW	5646475	0	1	43200	2	0	43200
S008_DAY1_MINITWICE_2511	92	Pulse	99	5649686	3211	NA
S008_DAY1_MINITWICE_2511	92	Port Input	1	5649686	3211	NA
S008_DAY1_MINITWICE_2511	92	Response	51	5659070	12595	1
S008_DAY1_MINITWICE_2511	92	Pulse	99	5685687	39212	NA
S008_DAY1_MINITWICE_2511	92	Port Input	1	5685687	39212	NA
S008_DAY1_MINITWICE_2511	92	Picture	86_T_RWTRIAD_RW_granjero_red.png	5689675	43200	1	1900	2	43200	1800
S008_DAY1_MINITWICE_2511	93	Picture	PW	5691775	0	1	43200	2	0	43200
S008_DAY1_MINITWICE_2511	93	Response	51	5706768	14993	1
S008_DAY1_MINITWICE_2511	93	Pulse	99	5721689	29914	NA
S008_DAY1_MINITWICE_2511	93	Port Input	1	5721689	29914	NA
S008_DAY1_MINITWICE_2511	93	Picture	87_T_PWTRIAD_PW_pluma_red.png	5734975	43200	1	1900	2	43200	1800
S008_DAY1_MINITWICE_2511	94	Picture	PW	5737075	0	1	43200	2	0	43200
S008_DAY1_MINITWICE_2511	94	Pulse	99	5757690	20615	NA
S008_DAY1_MINITWICE_2511	94	Port Input	1	5757690	20615	NA
S008_DAY1_MINITWICE_2511	94	Response	51	5760151	23076	1
S008_DAY1_MINITWICE_2511	94	Picture	88_T_PWTRIAD_PW_granjero_red.png	5780275	43200	1	1900	2	43200	1800
S008_DAY1_MINITWICE_2511	95	Picture	PW	5782375	0	1	43200	2	0	43200
S008_DAY1_MINITWICE_2511	95	Pulse	99	5793691	11316	NA
S008_DAY1_MINITWICE_2511	95	Port Input	1	5793691	11316	NA
S008_DAY1_MINITWICE_2511	95	Response	52	5800334	17959	1
S008_DAY1_MINITWICE_2511	95	Picture	89_T_PWTRIAD_PW_paracaidas_red.png	5825575	43200	1	1900	2	43200	1800
S008_DAY1_MINITWICE_2511	96	Picture	PW	5827675	0	1	43199	3	0	43200
S008_DAY1_MINITWICE_2511	96	Pulse	99	5829692	2017	NA
S008_DAY1_MINITWICE_2511	96	Port Input	1	5829692	2017	NA
S008_DAY1_MINITWICE_2511	96	Response	52	5844596	16921	2
S008_DAY1_MINITWICE_2511	96	Pulse	99	5865693	38018	NA
S008_DAY1_MINITWICE_2511	96	Port Input	1	5865693	38018	NA
S008_DAY1_MINITWICE_2511	96	Picture	90_T_PWTRIAD_PW_martillo_red.png	5870874	43199	2	1900	4	43200	1800
S008_DAY1_MINITWICE_2511	97	Picture	rest	5872874	0	2	144100	3	0	144000
S008_DAY1_MINITWICE_2511	97	Pulse	99	5901694	28820	NA
S008_DAY1_MINITWICE_2511	97	Port Input	1	5901694	28820	NA
S008_DAY1_MINITWICE_2511	97	Pulse	99	5937695	64821	NA
S008_DAY1_MINITWICE_2511	97	Port Input	1	5937695	64821	NA
S008_DAY1_MINITWICE_2511	97	Pulse	99	5973696	100822	NA
S008_DAY1_MINITWICE_2511	97	Port Input	1	5973696	100822	NA
S008_DAY1_MINITWICE_2511	97	Pulse	99	6009697	136823	NA
S008_DAY1_MINITWICE_2511	97	Port Input	1	6009697	136823	NA
S008_DAY1_MINITWICE_2511	98	Picture	endrest	6017074	0	1	10100	2	0	10000
S008_DAY1_MINITWICE_2511	99	Picture	FF	6027374	0	1	43200	2	0	43200
S008_DAY1_MINITWICE_2511	99	Response	51	6037361	9987	1
S008_DAY1_MINITWICE_2511	99	Pulse	99	6045698	18324	NA
S008_DAY1_MINITWICE_2511	99	Port Input	1	6045698	18324	NA
S008_DAY1_MINITWICE_2511	99	Picture	93_T_FFTRIAD_FF_dado_red.png	6070574	43200	1	1899	3	43200	1800
S008_DAY1_MINITWICE_2511	100	Picture	FF	6072674	0	1	43199	2	0	43200
S008_DAY1_MINITWICE_2511	100	Pulse	99	6081699	9025	NA
S008_DAY1_MINITWICE_2511	100	Port Input	1	6081699	9025	NA
S008_DAY1_MINITWICE_2511	100	Response	51	6084572	11898	1
S008_DAY1_MINITWICE_2511	100	Picture	94_T_FFTRIAD_FF_estetoscopio_red.png	6115873	43199	1	1900	2	43200	1800
S008_DAY1_MINITWICE_2511	100	Pulse	99	6117700	45026	NA
S008_DAY1_MINITWICE_2511	100	Port Input	1	6117700	45026	NA
S008_DAY1_MINITWICE_2511	101	Picture	FF	6117973	0	1	43200	3	0	43200
S008_DAY1_MINITWICE_2511	101	Response	52	6129586	11613	1
S008_DAY1_MINITWICE_2511	101	Pulse	99	6153701	35728	NA
S008_DAY1_MINITWICE_2511	101	Port Input	1	6153701	35728	NA
S008_DAY1_MINITWICE_2511	101	Picture	95_T_FFTRIAD_FF_raton_red.png	6161173	43200	2	1900	4	43200	1800
S008_DAY1_MINITWICE_2511	102	Picture	FF	6163273	0	2	43200	3	0	43200
S008_DAY1_MINITWICE_2511	102	Response	52	6172324	9051	1
S008_DAY1_MINITWICE_2511	102	Pulse	99	6189702	26429	NA
S008_DAY1_MINITWICE_2511	102	Port Input	1	6189702	26429	NA
S008_DAY1_MINITWICE_2511	102	Picture	96_T_FFTRIAD_FF_pilas_red.png	6206473	43200	1	1900	2	43200	1800
S008_DAY1_MINITWICE_2511	103	Picture	FF	6208573	0	1	43200	2	0	43200
S008_DAY1_MINITWICE_2511	103	Response	51	6218507	9934	1
S008_DAY1_MINITWICE_2511	103	Pulse	99	6225703	17130	NA
S008_DAY1_MINITWICE_2511	103	Port Input	1	6225703	17130	NA
S008_DAY1_MINITWICE_2511	103	Picture	97_T_FFTRIAD_FF_tijera_red.png	6251773	43200	1	1899	3	43200	1800
S008_DAY1_MINITWICE_2511	104	Picture	FF	6253872	0	2	43200	4	0	43200
S008_DAY1_MINITWICE_2511	104	Pulse	99	6261705	7833	NA
S008_DAY1_MINITWICE_2511	104	Port Input	1	6261705	7833	NA
S008_DAY1_MINITWICE_2511	104	Response	51	6264156	10284	1
S008_DAY1_MINITWICE_2511	104	Picture	98_T_FFTRIAD_FF_madera_red.png	6297072	43200	2	1901	3	43200	1800
S008_DAY1_MINITWICE_2511	104	Pulse	99	6297706	43834	NA
S008_DAY1_MINITWICE_2511	104	Port Input	1	6297706	43834	NA
S008_DAY1_MINITWICE_2511	105	Picture	FF	6299172	0	2	43200	3	0	43200
S008_DAY1_MINITWICE_2511	105	Response	52	6311387	12215	1
S008_DAY1_MINITWICE_2511	105	Pulse	99	6333707	34535	NA
S008_DAY1_MINITWICE_2511	105	Port Input	1	6333707	34535	NA
S008_DAY1_MINITWICE_2511	105	Picture	99_T_FFTRIAD_FF_monja_red.png	6342372	43200	1	1900	2	43200	1800
S008_DAY1_MINITWICE_2511	106	Picture	FF	6344472	0	1	43200	2	0	43200
S008_DAY1_MINITWICE_2511	106	Response	51	6359284	14812	1
S008_DAY1_MINITWICE_2511	106	Pulse	99	6369708	25236	NA
S008_DAY1_MINITWICE_2511	106	Port Input	1	6369708	25236	NA
S008_DAY1_MINITWICE_2511	106	Picture	100_T_FFTRIAD_FF_oruga_red.png	6387672	43200	1	1900	2	43200	1800
S008_DAY1_MINITWICE_2511	107	Picture	rest	6389672	0	1	144100	2	0	144000
S008_DAY1_MINITWICE_2511	107	Pulse	99	6405709	16037	NA
S008_DAY1_MINITWICE_2511	107	Port Input	1	6405709	16037	NA
S008_DAY1_MINITWICE_2511	107	Pulse	99	6441710	52038	NA
S008_DAY1_MINITWICE_2511	107	Port Input	1	6441710	52038	NA
S008_DAY1_MINITWICE_2511	107	Pulse	99	6477711	88039	NA
S008_DAY1_MINITWICE_2511	107	Port Input	1	6477711	88039	NA
S008_DAY1_MINITWICE_2511	107	Pulse	99	6513712	124040	NA
S008_DAY1_MINITWICE_2511	107	Port Input	1	6513712	124040	NA
S008_DAY1_MINITWICE_2511	108	Picture	endrest	6533871	0	2	10100	4	0	10000
S008_DAY1_MINITWICE_2511	109	Picture	FF	6544171	0	2	43200	3	0	43200
S008_DAY1_MINITWICE_2511	109	Pulse	99	6549713	5542	NA
S008_DAY1_MINITWICE_2511	109	Port Input	1	6549713	5542	NA
S008_DAY1_MINITWICE_2511	109	Response	51	6557632	13461	1
S008_DAY1_MINITWICE_2511	109	Pulse	99	6585714	41543	NA
S008_DAY1_MINITWICE_2511	109	Port Input	1	6585714	41543	NA
S008_DAY1_MINITWICE_2511	109	Picture	103_T_FFTRIAD_FF_paracaidas_red.png	6587371	43200	1	1900	2	43200	1800
S008_DAY1_MINITWICE_2511	110	Picture	FF	6589471	0	1	43200	2	0	43200
S008_DAY1_MINITWICE_2511	110	Response	51	6597759	8288	1
S008_DAY1_MINITWICE_2511	110	Pulse	99	6621715	32244	NA
S008_DAY1_MINITWICE_2511	110	Port Input	1	6621715	32244	NA
S008_DAY1_MINITWICE_2511	110	Picture	104_T_FFTRIAD_FF_agua_red.png	6632671	43200	1	1900	2	43200	1800
S008_DAY1_MINITWICE_2511	111	Picture	FF	6634771	0	1	43200	2	0	43200
S008_DAY1_MINITWICE_2511	111	Response	52	6643324	8553	1
S008_DAY1_MINITWICE_2511	111	Pulse	99	6657716	22945	NA
S008_DAY1_MINITWICE_2511	111	Port Input	1	6657716	22945	NA
S008_DAY1_MINITWICE_2511	111	Picture	105_T_FFTRIAD_FF_paraguas_red.png	6677971	43200	1	1900	2	43200	1800
S008_DAY1_MINITWICE_2511	112	Picture	FF	6680071	0	1	43200	2	0	43200
S008_DAY1_MINITWICE_2511	112	Response	52	6690766	10695	2
S008_DAY1_MINITWICE_2511	112	Pulse	99	6693717	13646	NA
S008_DAY1_MINITWICE_2511	112	Port Input	1	6693717	13646	NA
S008_DAY1_MINITWICE_2511	112	Picture	106_T_FFTRIAD_FF_pluma_red.png	6723271	43200	1	1900	2	43200	1800
S008_DAY1_MINITWICE_2511	113	Picture	PW	6725371	0	1	43199	3	0	43200
S008_DAY1_MINITWICE_2511	113	Pulse	99	6729719	4348	NA
S008_DAY1_MINITWICE_2511	113	Port Input	1	6729719	4348	NA
S008_DAY1_MINITWICE_2511	113	Response	51	6747545	22174	1
S008_DAY1_MINITWICE_2511	113	Pulse	99	6765720	40349	NA
S008_DAY1_MINITWICE_2511	113	Port Input	1	6765720	40349	NA
S008_DAY1_MINITWICE_2511	113	Picture	107_T_PWTRIAD_PW_television_red.png	6768570	43199	2	1900	4	43200	1800
S008_DAY1_MINITWICE_2511	114	Picture	PW	6770670	0	2	43200	3	0	43200
S008_DAY1_MINITWICE_2511	114	Response	51	6792553	21883	1
S008_DAY1_MINITWICE_2511	114	Pulse	99	6801721	31051	NA
S008_DAY1_MINITWICE_2511	114	Port Input	1	6801721	31051	NA
S008_DAY1_MINITWICE_2511	114	Picture	108_T_PWTRIAD_PW_estetoscopio_red.png	6813870	43200	1	1900	2	43200	1800
S008_DAY1_MINITWICE_2511	115	Picture	PW	6815970	0	1	43200	2	0	43200
S008_DAY1_MINITWICE_2511	115	Response	52	6833407	17437	1
S008_DAY1_MINITWICE_2511	115	Pulse	99	6837722	21752	NA
S008_DAY1_MINITWICE_2511	115	Port Input	1	6837722	21752	NA
S008_DAY1_MINITWICE_2511	115	Picture	109_T_PWTRIAD_PW_almohada_red.png	6859170	43200	1	1900	2	43200	1800
S008_DAY1_MINITWICE_2511	116	Picture	PW	6861270	0	1	43200	2	0	43200
S008_DAY1_MINITWICE_2511	116	Pulse	99	6873723	12453	NA
S008_DAY1_MINITWICE_2511	116	Port Input	1	6873723	12453	NA
S008_DAY1_MINITWICE_2511	116	Response	52	6881959	20689	1
S008_DAY1_MINITWICE_2511	116	Picture	110_T_PWTRIAD_PW_candado_red.png	6904470	43200	1	1900	2	43200	1800
S008_DAY1_MINITWICE_2511	117	Picture	rest	6906470	0	1	144099	2	0	144000
S008_DAY1_MINITWICE_2511	117	Pulse	99	6909724	3254	NA
S008_DAY1_MINITWICE_2511	117	Port Input	1	6909724	3254	NA
S008_DAY1_MINITWICE_2511	117	Pulse	99	6945725	39255	NA
S008_DAY1_MINITWICE_2511	117	Port Input	1	6945725	39255	NA
S008_DAY1_MINITWICE_2511	117	Pulse	99	6981726	75256	NA
S008_DAY1_MINITWICE_2511	117	Port Input	1	6981726	75256	NA
S008_DAY1_MINITWICE_2511	117	Pulse	99	7017727	111257	NA
S008_DAY1_MINITWICE_2511	117	Port Input	1	7017727	111257	NA
S008_DAY1_MINITWICE_2511	118	Picture	endrest	7050669	0	1	10100	2	0	10000
S008_DAY1_MINITWICE_2511	118	Pulse	99	7053728	3059	NA
S008_DAY1_MINITWICE_2511	118	Port Input	1	7053728	3059	NA
S008_DAY1_MINITWICE_2511	119	Picture	PW	7060969	0	1	43200	2	0	43200
S008_DAY1_MINITWICE_2511	119	Response	51	7080625	19656	1
S008_DAY1_MINITWICE_2511	119	Pulse	99	7089729	28760	NA
S008_DAY1_MINITWICE_2511	119	Port Input	1	7089729	28760	NA
S008_DAY1_MINITWICE_2511	119	Picture	113_T_PWTRIAD_PW_raton_red.png	7104169	43200	1	1900	2	43200	1800
S008_DAY1_MINITWICE_2511	120	Picture	PW	7106269	0	1	43200	2	0	43200
S008_DAY1_MINITWICE_2511	120	Response	51	7121832	15563	1
S008_DAY1_MINITWICE_2511	120	Pulse	99	7125730	19461	NA
S008_DAY1_MINITWICE_2511	120	Port Input	1	7125730	19461	NA
S008_DAY1_MINITWICE_2511	120	Picture	114_T_PWTRIAD_PW_pizarra_red.png	7149469	43200	1	1900	2	43200	1800
S008_DAY1_MINITWICE_2511	121	Picture	PW	7151569	0	1	43200	2	0	43200
S008_DAY1_MINITWICE_2511	121	Pulse	99	7161731	10162	NA
S008_DAY1_MINITWICE_2511	121	Port Input	1	7161731	10162	NA
S008_DAY1_MINITWICE_2511	121	Response	52	7167380	15811	1
S008_DAY1_MINITWICE_2511	121	Picture	115_T_PWTRIAD_PW_futbol_red.png	7194769	43200	1	1900	2	43200	1800
S008_DAY1_MINITWICE_2511	122	Picture	PW	7196869	0	1	43199	3	0	43200
S008_DAY1_MINITWICE_2511	122	Pulse	99	7197732	863	NA
S008_DAY1_MINITWICE_2511	122	Port Input	1	7197732	863	NA
S008_DAY1_MINITWICE_2511	122	Response	51	7216567	19698	1
S008_DAY1_MINITWICE_2511	122	Pulse	99	7233733	36864	NA
S008_DAY1_MINITWICE_2511	122	Port Input	1	7233733	36864	NA
S008_DAY1_MINITWICE_2511	122	Picture	116_T_PWTRIAD_PW_chupete_red.png	7240068	43199	2	1900	3	43200	1800
S008_DAY1_MINITWICE_2511	123	Picture	FF	7242168	0	1	43200	2	0	43200
S008_DAY1_MINITWICE_2511	123	Response	51	7252589	10421	1
S008_DAY1_MINITWICE_2511	123	Pulse	99	7269735	27567	NA
S008_DAY1_MINITWICE_2511	123	Port Input	1	7269735	27567	NA
S008_DAY1_MINITWICE_2511	123	Picture	117_T_FFTRIAD_FF_lenador_red.png	7285368	43200	1	1900	2	43200	1800
S008_DAY1_MINITWICE_2511	124	Picture	FF	7287468	0	1	43200	2	0	43200
S008_DAY1_MINITWICE_2511	124	Response	51	7298371	10903	1
S008_DAY1_MINITWICE_2511	124	Pulse	99	7305736	18268	NA
S008_DAY1_MINITWICE_2511	124	Port Input	1	7305736	18268	NA
S008_DAY1_MINITWICE_2511	124	Picture	118_T_FFTRIAD_FF_novia_red.png	7330668	43200	1	1900	2	43200	1800
S008_DAY1_MINITWICE_2511	125	Picture	FF	7332768	0	1	43200	2	0	43200
S008_DAY1_MINITWICE_2511	125	Pulse	99	7341737	8969	NA
S008_DAY1_MINITWICE_2511	125	Port Input	1	7341737	8969	NA
S008_DAY1_MINITWICE_2511	125	Response	52	7344892	12124	1
S008_DAY1_MINITWICE_2511	125	Picture	119_T_FFTRIAD_FF_molino_red.png	7375968	43200	1	1900	2	43200	1800
S008_DAY1_MINITWICE_2511	125	Pulse	99	7377738	44970	NA
S008_DAY1_MINITWICE_2511	125	Port Input	1	7377738	44970	NA
S008_DAY1_MINITWICE_2511	126	Picture	FF	7378068	0	1	43200	2	0	43200
S008_DAY1_MINITWICE_2511	126	Response	51	7389489	11421	2
S008_DAY1_MINITWICE_2511	126	Pulse	99	7413739	35671	NA
S008_DAY1_MINITWICE_2511	126	Port Input	1	7413739	35671	NA
S008_DAY1_MINITWICE_2511	126	Picture	120_T_FFTRIAD_FF_arco_red.png	7421268	43200	1	1900	2	43200	1800
S008_DAY1_MINITWICE_2511	127	Picture	rest	7423268	0	1	144099	2	0	144000
S008_DAY1_MINITWICE_2511	127	Pulse	99	7449740	26472	NA
S008_DAY1_MINITWICE_2511	127	Port Input	1	7449740	26472	NA
S008_DAY1_MINITWICE_2511	127	Pulse	99	7485741	62473	NA
S008_DAY1_MINITWICE_2511	127	Port Input	1	7485741	62473	NA
S008_DAY1_MINITWICE_2511	127	Pulse	99	7521742	98474	NA
S008_DAY1_MINITWICE_2511	127	Port Input	1	7521742	98474	NA
S008_DAY1_MINITWICE_2511	127	Pulse	99	7557743	134475	NA
S008_DAY1_MINITWICE_2511	127	Port Input	1	7557743	134475	NA
S008_DAY1_MINITWICE_2511	128	Picture	endrest	7567467	0	1	10100	2	0	10000
S008_DAY1_MINITWICE_2511	129	Picture	PW	7577767	0	1	43200	2	0	43200
S008_DAY1_MINITWICE_2511	129	Pulse	99	7593744	15977	NA
S008_DAY1_MINITWICE_2511	129	Port Input	1	7593744	15977	NA
S008_DAY1_MINITWICE_2511	129	Response	51	7594549	16782	1
S008_DAY1_MINITWICE_2511	129	Picture	123_T_PWTRIAD_PW_molino_red.png	7620967	43200	1	1900	2	43200	1800
S008_DAY1_MINITWICE_2511	130	Picture	PW	7623067	0	1	43200	2	0	43200
S008_DAY1_MINITWICE_2511	130	Pulse	99	7629745	6678	NA
S008_DAY1_MINITWICE_2511	130	Port Input	1	7629745	6678	NA
S008_DAY1_MINITWICE_2511	130	Response	52	7642852	19785	2
S008_DAY1_MINITWICE_2511	130	Pulse	99	7665746	42679	NA
S008_DAY1_MINITWICE_2511	130	Port Input	1	7665746	42679	NA
S008_DAY1_MINITWICE_2511	130	Picture	124_T_PWTRIAD_PW_carruaje_red.png	7666267	43200	1	1900	2	43200	1800
S008_DAY1_MINITWICE_2511	131	Picture	PW	7668366	0	2	43200	3	0	43200
S008_DAY1_MINITWICE_2511	131	Response	51	7682872	14506	1
S008_DAY1_MINITWICE_2511	131	Pulse	99	7701747	33381	NA
S008_DAY1_MINITWICE_2511	131	Port Input	1	7701747	33381	NA
S008_DAY1_MINITWICE_2511	131	Picture	125_T_PWTRIAD_PW_telefono_red.png	7711566	43200	1	1900	2	43200	1800
S008_DAY1_MINITWICE_2511	132	Picture	PW	7713666	0	1	43200	2	0	43200
S008_DAY1_MINITWICE_2511	132	Response	51	7728768	15102	1
S008_DAY1_MINITWICE_2511	132	Pulse	99	7737748	24082	NA
S008_DAY1_MINITWICE_2511	132	Port Input	1	7737748	24082	NA
S008_DAY1_MINITWICE_2511	132	Picture	126_T_PWTRIAD_PW_iglu_red.png	7756866	43200	1	1900	2	43200	1800
S008_DAY1_MINITWICE_2511	133	Picture	FF	7758966	0	1	43200	2	0	43200
S008_DAY1_MINITWICE_2511	133	Response	52	7771185	12219	1
S008_DAY1_MINITWICE_2511	133	Pulse	99	7773750	14784	NA
S008_DAY1_MINITWICE_2511	133	Port Input	1	7773750	14784	NA
S008_DAY1_MINITWICE_2511	133	Picture	127_T_FFTRIAD_FF_policia_red.png	7802166	43200	1	1900	2	43200	1800
S008_DAY1_MINITWICE_2511	134	Picture	FF	7804266	0	1	43200	2	0	43200
S008_DAY1_MINITWICE_2511	134	Pulse	99	7809751	5485	NA
S008_DAY1_MINITWICE_2511	134	Port Input	1	7809751	5485	NA
S008_DAY1_MINITWICE_2511	134	Response	52	7811607	7341	1
S008_DAY1_MINITWICE_2511	134	Pulse	99	7845752	41486	NA
S008_DAY1_MINITWICE_2511	134	Port Input	1	7845752	41486	NA
S008_DAY1_MINITWICE_2511	134	Picture	128_T_FFTRIAD_FF_bala_red.png	7847466	43200	1	1900	2	43200	1800
S008_DAY1_MINITWICE_2511	135	Picture	FF	7849566	0	1	43200	2	0	43200
S008_DAY1_MINITWICE_2511	135	Response	51	7861222	11656	1
S008_DAY1_MINITWICE_2511	135	Pulse	99	7881753	32187	NA
S008_DAY1_MINITWICE_2511	135	Port Input	1	7881753	32187	NA
S008_DAY1_MINITWICE_2511	135	Picture	129_T_FFTRIAD_FF_candado_red.png	7892766	43200	1	1900	2	43200	1800
S008_DAY1_MINITWICE_2511	136	Picture	FF	7894866	0	1	43199	3	0	43200
S008_DAY1_MINITWICE_2511	136	Response	52	7905386	10520	1
S008_DAY1_MINITWICE_2511	136	Pulse	99	7917754	22888	NA
S008_DAY1_MINITWICE_2511	136	Port Input	1	7917754	22888	NA
S008_DAY1_MINITWICE_2511	136	Picture	130_T_FFTRIAD_FF_manos_red.png	7938065	43199	2	1900	3	43200	1800
S008_DAY1_MINITWICE_2511	137	Picture	rest	7940065	0	2	144100	3	0	144000
S008_DAY1_MINITWICE_2511	137	Pulse	99	7953755	13690	NA
S008_DAY1_MINITWICE_2511	137	Port Input	1	7953755	13690	NA
S008_DAY1_MINITWICE_2511	137	Pulse	99	7989756	49691	NA
S008_DAY1_MINITWICE_2511	137	Port Input	1	7989756	49691	NA
S008_DAY1_MINITWICE_2511	137	Pulse	99	8025757	85692	NA
S008_DAY1_MINITWICE_2511	137	Port Input	1	8025757	85692	NA
S008_DAY1_MINITWICE_2511	137	Pulse	99	8061758	121693	NA
S008_DAY1_MINITWICE_2511	137	Port Input	1	8061758	121693	NA
S008_DAY1_MINITWICE_2511	138	Picture	endrest	8084265	0	1	10100	2	0	10000
S008_DAY1_MINITWICE_2511	139	Picture	RW	8094565	0	1	43200	2	0	43200
S008_DAY1_MINITWICE_2511	139	Pulse	99	8097759	3194	NA
S008_DAY1_MINITWICE_2511	139	Port Input	1	8097759	3194	NA
S008_DAY1_MINITWICE_2511	139	Response	51	8108932	14367	1
S008_DAY1_MINITWICE_2511	139	Pulse	99	8133760	39195	NA
S008_DAY1_MINITWICE_2511	139	Port Input	1	8133760	39195	NA
S008_DAY1_MINITWICE_2511	139	Picture	133_T_RWTRIAD_RW_teclado_red.png	8137765	43200	1	1899	3	43200	1800
S008_DAY1_MINITWICE_2511	140	Picture	RW	8139862	0	4	43202	5	0	43200
S008_DAY1_MINITWICE_2511	140	Response	52	8151105	11243	1
S008_DAY1_MINITWICE_2511	140	Pulse	99	8169761	29899	NA
S008_DAY1_MINITWICE_2511	140	Port Input	1	8169761	29899	NA
S008_DAY1_MINITWICE_2511	140	Picture	134_T_RWTRIAD_RW_agua_red.png	8183064	43202	1	1900	2	43200	1800
S008_DAY1_MINITWICE_2511	141	Picture	RW	8185164	0	1	43200	2	0	43200
S008_DAY1_MINITWICE_2511	141	Response	51	8197634	12470	2
S008_DAY1_MINITWICE_2511	141	Pulse	99	8205762	20598	NA
S008_DAY1_MINITWICE_2511	141	Port Input	1	8205762	20598	NA
S008_DAY1_MINITWICE_2511	141	Picture	135_T_RWTRIAD_RW_traje_red.png	8228364	43200	1	1900	2	43200	1800
S008_DAY1_MINITWICE_2511	142	Picture	RW	8230464	0	1	43200	2	0	43200
S008_DAY1_MINITWICE_2511	142	Response	52	8240761	10297	1
S008_DAY1_MINITWICE_2511	142	Pulse	99	8241763	11299	NA
S008_DAY1_MINITWICE_2511	142	Port Input	1	8241763	11299	NA
S008_DAY1_MINITWICE_2511	142	Picture	136_T_RWTRIAD_RW_sombrilla_red.png	8273664	43200	1	1900	2	43200	1800
S008_DAY1_MINITWICE_2511	143	Picture	rest	8275664	0	1	144099	2	0	144000
S008_DAY1_MINITWICE_2511	143	Pulse	99	8277765	2101	NA
S008_DAY1_MINITWICE_2511	143	Port Input	1	8277765	2101	NA
S008_DAY1_MINITWICE_2511	143	Pulse	99	8313766	38102	NA
S008_DAY1_MINITWICE_2511	143	Port Input	1	8313766	38102	NA
S008_DAY1_MINITWICE_2511	144	Picture	endrest	8419863	0	1	10100	2	0	10000
S008_DAY1_MINITWICE_2511	145	Picture	endrest	8430063	0	1	10100	2	0	10000
S008_DAY1_MINITWICE_2511	146	Picture	endrest	8440263	0	1	10100	2	0	10000
S008_DAY1_MINITWICE_2511	147	Picture	endrest	8450463	0	1	10100	2	0	10000
