Scenario - vOT_Triads_fMRI_II
Logfile written - 05/19/2015 11:54:16

Subject	Trial	Event Type	Code	Time	TTime	Uncertainty	Duration	Uncertainty	ReqTime	ReqDur

S009_DAY2_MINITWICE_4423	1	Pulse	99	1594136	1603893	NA
S009_DAY2_MINITWICE_4423	1	Port Input	1	1594136	1603893	NA
S009_DAY2_MINITWICE_4423	1	Pulse	99	1630137	1639894	NA
S009_DAY2_MINITWICE_4423	1	Port Input	1	1630137	1639894	NA
S009_DAY2_MINITWICE_4423	1	Pulse	99	1666138	1675895	NA
S009_DAY2_MINITWICE_4423	1	Port Input	1	1666138	1675895	NA
S009_DAY2_MINITWICE_4423	1	Pulse	99	1702138	1711895	NA
S009_DAY2_MINITWICE_4423	1	Port Input	1	1702138	1711895	NA
S009_DAY2_MINITWICE_4423	1	Pulse	99	1738139	1747896	NA
S009_DAY2_MINITWICE_4423	1	Port Input	1	1738139	1747896	NA
S009_DAY2_MINITWICE_4423	2	Picture	rest	1738380	0	1	144098	2	0	144000
S009_DAY2_MINITWICE_4423	2	Pulse	99	1774140	35760	NA
S009_DAY2_MINITWICE_4423	2	Port Input	1	1774140	35760	NA
S009_DAY2_MINITWICE_4423	2	Pulse	99	1810141	71761	NA
S009_DAY2_MINITWICE_4423	2	Port Input	1	1810141	71761	NA
S009_DAY2_MINITWICE_4423	2	Pulse	99	1846142	107762	NA
S009_DAY2_MINITWICE_4423	2	Port Input	1	1846142	107762	NA
S009_DAY2_MINITWICE_4423	2	Pulse	99	1882143	143763	NA
S009_DAY2_MINITWICE_4423	2	Port Input	1	1882143	143763	NA
S009_DAY2_MINITWICE_4423	3	Picture	endrest	1882578	0	1	10100	2	0	10000
S009_DAY2_MINITWICE_4423	4	Picture	FF	1893078	0	1	43100	2	0	43200
S009_DAY2_MINITWICE_4423	4	Response	51	1905318	12240	1
S009_DAY2_MINITWICE_4423	4	Pulse	99	1918144	25066	NA
S009_DAY2_MINITWICE_4423	4	Port Input	1	1918144	25066	NA
S009_DAY2_MINITWICE_4423	4	Picture	3_T_FFTRIAD_FF_llave_red.png	1936178	43100	1	1900	2	43200	1800
S009_DAY2_MINITWICE_4423	5	Picture	FF	1938278	0	1	43199	2	0	43200
S009_DAY2_MINITWICE_4423	5	Response	52	1951239	12961	1
S009_DAY2_MINITWICE_4423	5	Pulse	99	1954144	15866	NA
S009_DAY2_MINITWICE_4423	5	Port Input	1	1954144	15866	NA
S009_DAY2_MINITWICE_4423	5	Picture	4_T_FFTRIAD_FF_pizarra_red.png	1981477	43199	1	1900	2	43200	1800
S009_DAY2_MINITWICE_4423	6	Picture	FF	1983777	0	1	43100	2	0	43200
S009_DAY2_MINITWICE_4423	6	Pulse	99	1990145	6368	NA
S009_DAY2_MINITWICE_4423	6	Port Input	1	1990145	6368	NA
S009_DAY2_MINITWICE_4423	6	Response	52	1992468	8691	1
S009_DAY2_MINITWICE_4423	6	Pulse	99	2026146	42369	NA
S009_DAY2_MINITWICE_4423	6	Port Input	1	2026146	42369	NA
S009_DAY2_MINITWICE_4423	6	Picture	5_T_FFTRIAD_FF_telarana_red.png	2026877	43100	1	1900	2	43200	1800
S009_DAY2_MINITWICE_4423	7	Picture	FF	2029177	0	1	43099	2	0	43200
S009_DAY2_MINITWICE_4423	7	Response	51	2043094	13917	1
S009_DAY2_MINITWICE_4423	7	Pulse	99	2062147	32970	NA
S009_DAY2_MINITWICE_4423	7	Port Input	1	2062147	32970	NA
S009_DAY2_MINITWICE_4423	7	Picture	6_T_FFTRIAD_FF_monja_red.png	2072276	43099	1	1900	2	43200	1800
S009_DAY2_MINITWICE_4423	8	Picture	FF	2074476	0	1	43100	2	0	43200
S009_DAY2_MINITWICE_4423	8	Response	52	2088172	13696	1
S009_DAY2_MINITWICE_4423	8	Pulse	99	2098148	23672	NA
S009_DAY2_MINITWICE_4423	8	Port Input	1	2098148	23672	NA
S009_DAY2_MINITWICE_4423	8	Picture	7_T_FFTRIAD_FF_cerillas_red.png	2117576	43100	1	1900	2	43200	1800
S009_DAY2_MINITWICE_4423	9	Picture	FF	2119676	0	1	43199	2	0	43200
S009_DAY2_MINITWICE_4423	9	Pulse	99	2134148	14472	NA
S009_DAY2_MINITWICE_4423	9	Port Input	1	2134148	14472	NA
S009_DAY2_MINITWICE_4423	9	Response	51	2137852	18176	1
S009_DAY2_MINITWICE_4423	9	Picture	8_T_FFTRIAD_FF_perro_red.png	2162875	43199	1	1900	2	43200	1800
S009_DAY2_MINITWICE_4423	10	Picture	FF	2164975	0	1	43200	2	0	43200
S009_DAY2_MINITWICE_4423	10	Pulse	99	2170149	5174	NA
S009_DAY2_MINITWICE_4423	10	Port Input	1	2170149	5174	NA
S009_DAY2_MINITWICE_4423	10	Response	52	2180222	15247	2
S009_DAY2_MINITWICE_4423	10	Pulse	99	2206150	41175	NA
S009_DAY2_MINITWICE_4423	10	Port Input	1	2206150	41175	NA
S009_DAY2_MINITWICE_4423	10	Picture	9_T_FFTRIAD_FF_lechuga_red.png	2208175	43200	1	1899	3	43200	1800
S009_DAY2_MINITWICE_4423	11	Picture	FF	2210475	0	1	43099	2	0	43200
S009_DAY2_MINITWICE_4423	11	Response	52	2223356	12881	1
S009_DAY2_MINITWICE_4423	11	Pulse	99	2242151	31676	NA
S009_DAY2_MINITWICE_4423	11	Port Input	1	2242151	31676	NA
S009_DAY2_MINITWICE_4423	11	Picture	10_T_FFTRIAD_FF_bebe_red.png	2253574	43099	1	1900	2	43200	1800
S009_DAY2_MINITWICE_4423	12	Picture	rest	2255574	0	1	144098	3	0	144000
S009_DAY2_MINITWICE_4423	12	Pulse	99	2278152	22578	NA
S009_DAY2_MINITWICE_4423	12	Port Input	1	2278152	22578	NA
S009_DAY2_MINITWICE_4423	12	Pulse	99	2314153	58579	NA
S009_DAY2_MINITWICE_4423	12	Port Input	1	2314153	58579	NA
S009_DAY2_MINITWICE_4423	12	Pulse	99	2350153	94579	NA
S009_DAY2_MINITWICE_4423	12	Port Input	1	2350153	94579	NA
S009_DAY2_MINITWICE_4423	12	Pulse	99	2386154	130580	NA
S009_DAY2_MINITWICE_4423	12	Port Input	1	2386154	130580	NA
S009_DAY2_MINITWICE_4423	13	Picture	endrest	2399772	0	2	10100	3	0	10000
S009_DAY2_MINITWICE_4423	14	Picture	RW	2410172	0	1	43100	2	0	43200
S009_DAY2_MINITWICE_4423	14	Pulse	99	2422155	11983	NA
S009_DAY2_MINITWICE_4423	14	Port Input	1	2422155	11983	NA
S009_DAY2_MINITWICE_4423	14	Response	52	2433617	23445	1
S009_DAY2_MINITWICE_4423	14	Response	51	2439075	28903	1
S009_DAY2_MINITWICE_4423	14	Picture	13_T_RWTRIAD_RW_banera_red.png	2453272	43100	1	1900	2	43200	1800
S009_DAY2_MINITWICE_4423	15	Picture	RW	2455372	0	1	43199	2	0	43200
S009_DAY2_MINITWICE_4423	15	Pulse	99	2458156	2784	NA
S009_DAY2_MINITWICE_4423	15	Port Input	1	2458156	2784	NA
S009_DAY2_MINITWICE_4423	15	Response	52	2476936	21564	1
S009_DAY2_MINITWICE_4423	15	Pulse	99	2494157	38785	NA
S009_DAY2_MINITWICE_4423	15	Port Input	1	2494157	38785	NA
S009_DAY2_MINITWICE_4423	15	Picture	14_T_RWTRIAD_RW_perro_red.png	2498571	43199	1	1900	2	43200	1800
S009_DAY2_MINITWICE_4423	16	Picture	RW	2500671	0	1	43200	2	0	43200
S009_DAY2_MINITWICE_4423	16	Response	52	2529769	29098	1
S009_DAY2_MINITWICE_4423	16	Pulse	99	2530158	29487	NA
S009_DAY2_MINITWICE_4423	16	Port Input	1	2530158	29487	NA
S009_DAY2_MINITWICE_4423	16	Picture	15_T_RWTRIAD_RW_novia_red.png	2543871	43200	1	1900	2	43200	1800
S009_DAY2_MINITWICE_4423	17	Picture	RW	2545971	0	1	43199	2	0	43200
S009_DAY2_MINITWICE_4423	17	Response	51	2565327	19356	1
S009_DAY2_MINITWICE_4423	17	Pulse	99	2566158	20187	NA
S009_DAY2_MINITWICE_4423	17	Port Input	1	2566158	20187	NA
S009_DAY2_MINITWICE_4423	17	Picture	16_T_RWTRIAD_RW_manos_red.png	2589170	43199	1	1900	2	43200	1800
S009_DAY2_MINITWICE_4423	18	Picture	PW	2591370	0	1	43200	2	0	43200
S009_DAY2_MINITWICE_4423	18	Pulse	99	2602159	10789	NA
S009_DAY2_MINITWICE_4423	18	Port Input	1	2602159	10789	NA
S009_DAY2_MINITWICE_4423	18	Response	51	2606848	15478	1
S009_DAY2_MINITWICE_4423	18	Picture	17_T_PWTRIAD_PW_traje_red.png	2634570	43200	1	1900	2	43200	1800
S009_DAY2_MINITWICE_4423	19	Picture	PW	2636670	0	1	43199	2	0	43200
S009_DAY2_MINITWICE_4423	19	Pulse	99	2638160	1490	NA
S009_DAY2_MINITWICE_4423	19	Port Input	1	2638160	1490	NA
S009_DAY2_MINITWICE_4423	19	Response	52	2652546	15876	1
S009_DAY2_MINITWICE_4423	19	Pulse	99	2674161	37491	NA
S009_DAY2_MINITWICE_4423	19	Port Input	1	2674161	37491	NA
S009_DAY2_MINITWICE_4423	19	Picture	18_T_PWTRIAD_PW_sobre_red.png	2679869	43199	1	1900	2	43200	1800
S009_DAY2_MINITWICE_4423	20	Picture	PW	2682069	0	1	43200	2	0	43200
S009_DAY2_MINITWICE_4423	20	Response	51	2699862	17793	1
S009_DAY2_MINITWICE_4423	20	Pulse	99	2710162	28093	NA
S009_DAY2_MINITWICE_4423	20	Port Input	1	2710162	28093	NA
S009_DAY2_MINITWICE_4423	20	Picture	19_T_PWTRIAD_PW_lechuga_red.png	2725269	43200	1	1900	2	43200	1800
S009_DAY2_MINITWICE_4423	21	Picture	PW	2727569	0	1	43099	2	0	43200
S009_DAY2_MINITWICE_4423	21	Pulse	99	2746163	18594	NA
S009_DAY2_MINITWICE_4423	21	Port Input	1	2746163	18594	NA
S009_DAY2_MINITWICE_4423	21	Response	52	2748837	21268	1
S009_DAY2_MINITWICE_4423	21	Picture	20_T_PWTRIAD_PW_lana_red.png	2770668	43099	1	1900	2	43200	1800
S009_DAY2_MINITWICE_4423	22	Picture	rest	2772668	0	1	144099	2	0	144000
S009_DAY2_MINITWICE_4423	22	Pulse	99	2782163	9495	NA
S009_DAY2_MINITWICE_4423	22	Port Input	1	2782163	9495	NA
S009_DAY2_MINITWICE_4423	22	Pulse	99	2818164	45496	NA
S009_DAY2_MINITWICE_4423	22	Port Input	1	2818164	45496	NA
S009_DAY2_MINITWICE_4423	22	Pulse	99	2854165	81497	NA
S009_DAY2_MINITWICE_4423	22	Port Input	1	2854165	81497	NA
S009_DAY2_MINITWICE_4423	22	Pulse	99	2890166	117498	NA
S009_DAY2_MINITWICE_4423	22	Port Input	1	2890166	117498	NA
S009_DAY2_MINITWICE_4423	23	Picture	endrest	2916867	0	1	10099	3	0	10000
S009_DAY2_MINITWICE_4423	23	Pulse	99	2926167	9300	NA
S009_DAY2_MINITWICE_4423	23	Port Input	1	2926167	9300	NA
S009_DAY2_MINITWICE_4423	24	Picture	PW	2927167	0	1	43199	2	0	43200
S009_DAY2_MINITWICE_4423	24	Response	51	2942677	15510	1
S009_DAY2_MINITWICE_4423	24	Pulse	99	2962168	35001	NA
S009_DAY2_MINITWICE_4423	24	Port Input	1	2962168	35001	NA
S009_DAY2_MINITWICE_4423	24	Picture	23_T_PWTRIAD_PW_novia_red.png	2970366	43199	1	1900	2	43200	1800
S009_DAY2_MINITWICE_4423	25	Picture	PW	2972566	0	1	43100	2	0	43200
S009_DAY2_MINITWICE_4423	25	Response	52	2992527	19961	1
S009_DAY2_MINITWICE_4423	25	Pulse	99	2998168	25602	NA
S009_DAY2_MINITWICE_4423	25	Port Input	1	2998168	25602	NA
S009_DAY2_MINITWICE_4423	25	Picture	24_T_PWTRIAD_PW_chupete_red.png	3015666	43100	1	1900	2	43200	1800
S009_DAY2_MINITWICE_4423	26	Picture	PW	3017966	0	1	43099	2	0	43200
S009_DAY2_MINITWICE_4423	26	Response	52	3033896	15930	1
S009_DAY2_MINITWICE_4423	26	Pulse	99	3034169	16203	NA
S009_DAY2_MINITWICE_4423	26	Port Input	1	3034169	16203	NA
S009_DAY2_MINITWICE_4423	26	Picture	25_T_PWTRIAD_PW_leche_red.png	3061065	43099	1	1900	2	43200	1800
S009_DAY2_MINITWICE_4423	27	Picture	PW	3063165	0	1	43200	2	0	43200
S009_DAY2_MINITWICE_4423	27	Pulse	99	3070170	7005	NA
S009_DAY2_MINITWICE_4423	27	Port Input	1	3070170	7005	NA
S009_DAY2_MINITWICE_4423	27	Response	52	3087970	24805	2
S009_DAY2_MINITWICE_4423	27	Pulse	99	3106171	43006	NA
S009_DAY2_MINITWICE_4423	27	Port Input	1	3106171	43006	NA
S009_DAY2_MINITWICE_4423	27	Picture	26_T_PWTRIAD_PW_paracaidas_red.png	3106365	43200	1	1899	3	43200	1800
S009_DAY2_MINITWICE_4423	28	Picture	RW	3108464	0	2	43200	3	0	43200
S009_DAY2_MINITWICE_4423	28	Response	51	3122753	14289	1
S009_DAY2_MINITWICE_4423	28	Pulse	99	3142172	33708	NA
S009_DAY2_MINITWICE_4423	28	Port Input	1	3142172	33708	NA
S009_DAY2_MINITWICE_4423	28	Picture	27_T_RWTRIAD_RW_policia_red.png	3151664	43200	1	1900	2	43200	1800
S009_DAY2_MINITWICE_4423	29	Picture	RW	3153864	0	1	43100	2	0	43200
S009_DAY2_MINITWICE_4423	29	Response	51	3173982	20118	1
S009_DAY2_MINITWICE_4423	29	Pulse	99	3178173	24309	NA
S009_DAY2_MINITWICE_4423	29	Port Input	1	3178173	24309	NA
S009_DAY2_MINITWICE_4423	29	Picture	28_T_RWTRIAD_RW_pilas_red.png	3196964	43100	1	1899	3	43200	1800
S009_DAY2_MINITWICE_4423	30	Picture	RW	3199163	0	2	43200	3	0	43200
S009_DAY2_MINITWICE_4423	30	Pulse	99	3214173	15010	NA
S009_DAY2_MINITWICE_4423	30	Port Input	1	3214173	15010	NA
S009_DAY2_MINITWICE_4423	30	Response	51	3221868	22705	1
S009_DAY2_MINITWICE_4423	30	Picture	29_T_RWTRIAD_RW_mono_red.png	3242363	43200	1	1900	2	43200	1800
S009_DAY2_MINITWICE_4423	31	Picture	RW	3244563	0	1	43100	2	0	43200
S009_DAY2_MINITWICE_4423	31	Pulse	99	3250174	5611	NA
S009_DAY2_MINITWICE_4423	31	Port Input	1	3250174	5611	NA
S009_DAY2_MINITWICE_4423	31	Response	51	3258839	14276	1
S009_DAY2_MINITWICE_4423	31	Pulse	99	3286175	41612	NA
S009_DAY2_MINITWICE_4423	31	Port Input	1	3286175	41612	NA
S009_DAY2_MINITWICE_4423	31	Picture	30_T_RWTRIAD_RW_lana_red.png	3287663	43100	1	1900	2	43200	1800
S009_DAY2_MINITWICE_4423	32	Picture	rest	3289663	0	1	144098	2	0	144000
S009_DAY2_MINITWICE_4423	32	Pulse	99	3322176	32513	NA
S009_DAY2_MINITWICE_4423	32	Port Input	1	3322176	32513	NA
S009_DAY2_MINITWICE_4423	32	Pulse	99	3358177	68514	NA
S009_DAY2_MINITWICE_4423	32	Port Input	1	3358177	68514	NA
S009_DAY2_MINITWICE_4423	32	Pulse	99	3394178	104515	NA
S009_DAY2_MINITWICE_4423	32	Port Input	1	3394178	104515	NA
S009_DAY2_MINITWICE_4423	32	Pulse	99	3430179	140516	NA
S009_DAY2_MINITWICE_4423	32	Port Input	1	3430179	140516	NA
S009_DAY2_MINITWICE_4423	33	Picture	endrest	3433861	0	1	10100	2	0	10000
S009_DAY2_MINITWICE_4423	34	Picture	RW	3444261	0	1	43099	2	0	43200
S009_DAY2_MINITWICE_4423	34	Response	52	3462124	17863	2
S009_DAY2_MINITWICE_4423	34	Pulse	99	3466179	21918	NA
S009_DAY2_MINITWICE_4423	34	Port Input	1	3466179	21918	NA
S009_DAY2_MINITWICE_4423	34	Picture	33_T_RWTRIAD_RW_bellota_red.png	3487360	43099	1	1900	2	43200	1800
S009_DAY2_MINITWICE_4423	35	Picture	RW	3489460	0	1	43200	2	0	43200
S009_DAY2_MINITWICE_4423	35	Pulse	99	3502180	12720	NA
S009_DAY2_MINITWICE_4423	35	Port Input	1	3502180	12720	NA
S009_DAY2_MINITWICE_4423	35	Response	52	3502724	13264	1
S009_DAY2_MINITWICE_4423	35	Picture	34_T_RWTRIAD_RW_martillo_red.png	3532660	43200	1	1900	2	43200	1800
S009_DAY2_MINITWICE_4423	36	Picture	RW	3534760	0	1	43199	2	0	43200
S009_DAY2_MINITWICE_4423	36	Pulse	99	3538181	3421	NA
S009_DAY2_MINITWICE_4423	36	Port Input	1	3538181	3421	NA
S009_DAY2_MINITWICE_4423	36	Response	51	3551205	16445	1
S009_DAY2_MINITWICE_4423	36	Pulse	99	3574182	39422	NA
S009_DAY2_MINITWICE_4423	36	Port Input	1	3574182	39422	NA
S009_DAY2_MINITWICE_4423	36	Picture	35_T_RWTRIAD_RW_cortina_red.png	3577959	43199	1	1900	2	43200	1800
S009_DAY2_MINITWICE_4423	37	Picture	RW	3580059	0	1	43200	2	0	43200
S009_DAY2_MINITWICE_4423	37	Response	52	3596592	16533	1
S009_DAY2_MINITWICE_4423	37	Pulse	99	3610183	30124	NA
S009_DAY2_MINITWICE_4423	37	Port Input	1	3610183	30124	NA
S009_DAY2_MINITWICE_4423	37	Picture	36_T_RWTRIAD_RW_sapo_red.png	3623259	43200	1	1900	2	43200	1800
S009_DAY2_MINITWICE_4423	38	Picture	PW	3625359	0	1	43199	2	0	43200
S009_DAY2_MINITWICE_4423	38	Response	52	3641734	16375	1
S009_DAY2_MINITWICE_4423	38	Pulse	99	3646183	20824	NA
S009_DAY2_MINITWICE_4423	38	Port Input	1	3646183	20824	NA
S009_DAY2_MINITWICE_4423	38	Picture	37_T_PWTRIAD_PW_bellota_red.png	3668558	43199	1	1900	2	43200	1800
S009_DAY2_MINITWICE_4423	39	Picture	PW	3670758	0	1	43200	2	0	43200
S009_DAY2_MINITWICE_4423	39	Pulse	99	3682184	11426	NA
S009_DAY2_MINITWICE_4423	39	Port Input	1	3682184	11426	NA
S009_DAY2_MINITWICE_4423	39	Response	51	3694666	23908	1
S009_DAY2_MINITWICE_4423	39	Picture	38_T_PWTRIAD_PW_estetoscopio_red.png	3713958	43200	1	1900	2	43200	1800
S009_DAY2_MINITWICE_4423	40	Picture	PW	3716058	0	1	43199	2	0	43200
S009_DAY2_MINITWICE_4423	40	Pulse	99	3718185	2127	NA
S009_DAY2_MINITWICE_4423	40	Port Input	1	3718185	2127	NA
S009_DAY2_MINITWICE_4423	40	Response	52	3741452	25394	1
S009_DAY2_MINITWICE_4423	40	Pulse	99	3754186	38128	NA
S009_DAY2_MINITWICE_4423	40	Port Input	1	3754186	38128	NA
S009_DAY2_MINITWICE_4423	40	Picture	39_T_PWTRIAD_PW_martillo_red.png	3759257	43199	1	1900	2	43200	1800
S009_DAY2_MINITWICE_4423	41	Picture	PW	3761457	0	1	43200	2	0	43200
S009_DAY2_MINITWICE_4423	41	Pulse	99	3790187	28730	NA
S009_DAY2_MINITWICE_4423	41	Port Input	1	3790187	28730	NA
S009_DAY2_MINITWICE_4423	41	Response	51	3796582	35125	1
S009_DAY2_MINITWICE_4423	41	Picture	40_T_PWTRIAD_PW_destornillador_red.png	3804657	43200	1	1900	2	43200	1800
S009_DAY2_MINITWICE_4423	42	Picture	rest	3806657	0	1	144098	2	0	144000
S009_DAY2_MINITWICE_4423	42	Pulse	99	3826188	19531	NA
S009_DAY2_MINITWICE_4423	42	Port Input	1	3826188	19531	NA
S009_DAY2_MINITWICE_4423	42	Pulse	99	3862188	55531	NA
S009_DAY2_MINITWICE_4423	42	Port Input	1	3862188	55531	NA
S009_DAY2_MINITWICE_4423	42	Pulse	99	3898189	91532	NA
S009_DAY2_MINITWICE_4423	42	Port Input	1	3898189	91532	NA
S009_DAY2_MINITWICE_4423	42	Pulse	99	3934190	127533	NA
S009_DAY2_MINITWICE_4423	42	Port Input	1	3934190	127533	NA
S009_DAY2_MINITWICE_4423	43	Picture	endrest	3950855	0	1	10100	2	0	10000
S009_DAY2_MINITWICE_4423	44	Picture	FF	3961255	0	1	43100	2	0	43200
S009_DAY2_MINITWICE_4423	44	Pulse	99	3970191	8936	NA
S009_DAY2_MINITWICE_4423	44	Port Input	1	3970191	8936	NA
S009_DAY2_MINITWICE_4423	44	Response	51	3972012	10757	1
S009_DAY2_MINITWICE_4423	44	Picture	43_T_FFTRIAD_FF_cuento_red.png	4004355	43100	1	1900	2	43200	1800
S009_DAY2_MINITWICE_4423	44	Pulse	99	4006192	44937	NA
S009_DAY2_MINITWICE_4423	44	Port Input	1	4006192	44937	NA
S009_DAY2_MINITWICE_4423	45	Picture	FF	4006554	0	2	43200	3	0	43200
S009_DAY2_MINITWICE_4423	45	Response	52	4028690	22136	4
S009_DAY2_MINITWICE_4423	45	Pulse	99	4042193	35639	NA
S009_DAY2_MINITWICE_4423	45	Port Input	1	4042193	35639	NA
S009_DAY2_MINITWICE_4423	45	Picture	44_T_FFTRIAD_FF_plato_red.png	4049754	43200	1	1900	2	43200	1800
S009_DAY2_MINITWICE_4423	46	Picture	FF	4052054	0	1	43099	3	0	43200
S009_DAY2_MINITWICE_4423	46	Response	51	4063996	11942	1
S009_DAY2_MINITWICE_4423	46	Pulse	99	4078193	26139	NA
S009_DAY2_MINITWICE_4423	46	Port Input	1	4078193	26139	NA
S009_DAY2_MINITWICE_4423	46	Picture	45_T_FFTRIAD_FF_novia_red.png	4095153	43099	2	1900	4	43200	1800
S009_DAY2_MINITWICE_4423	47	Picture	FF	4097353	0	2	43200	3	0	43200
S009_DAY2_MINITWICE_4423	47	Response	52	4111384	14031	1
S009_DAY2_MINITWICE_4423	47	Pulse	99	4114194	16841	NA
S009_DAY2_MINITWICE_4423	47	Port Input	1	4114194	16841	NA
S009_DAY2_MINITWICE_4423	47	Picture	46_T_FFTRIAD_FF_esquimal_red.png	4140553	43200	1	1900	2	43200	1800
S009_DAY2_MINITWICE_4423	48	Picture	RW	4142753	0	1	43199	3	0	43200
S009_DAY2_MINITWICE_4423	48	Pulse	99	4150195	7442	NA
S009_DAY2_MINITWICE_4423	48	Port Input	1	4150195	7442	NA
S009_DAY2_MINITWICE_4423	48	Response	52	4154992	12239	1
S009_DAY2_MINITWICE_4423	48	Picture	47_T_RWTRIAD_RW_bebe_red.png	4185952	43199	2	1900	4	43200	1800
S009_DAY2_MINITWICE_4423	48	Pulse	99	4186196	43443	NA
S009_DAY2_MINITWICE_4423	48	Port Input	1	4186196	43443	NA
S009_DAY2_MINITWICE_4423	49	Picture	RW	4188052	0	2	43200	3	0	43200
S009_DAY2_MINITWICE_4423	49	Response	52	4201795	13743	2
S009_DAY2_MINITWICE_4423	49	Pulse	99	4222197	34145	NA
S009_DAY2_MINITWICE_4423	49	Port Input	1	4222197	34145	NA
S009_DAY2_MINITWICE_4423	49	Picture	48_T_RWTRIAD_RW_raton_red.png	4231252	43200	1	1900	2	43200	1800
S009_DAY2_MINITWICE_4423	50	Picture	RW	4233352	0	1	43199	3	0	43200
S009_DAY2_MINITWICE_4423	50	Response	51	4247574	14222	1
S009_DAY2_MINITWICE_4423	50	Pulse	99	4258198	24846	NA
S009_DAY2_MINITWICE_4423	50	Port Input	1	4258198	24846	NA
S009_DAY2_MINITWICE_4423	50	Picture	49_T_RWTRIAD_RW_cerillas_red.png	4276551	43199	2	1900	4	43200	1800
S009_DAY2_MINITWICE_4423	51	Picture	RW	4278651	0	2	43200	3	0	43200
S009_DAY2_MINITWICE_4423	51	Response	52	4289366	10715	1
S009_DAY2_MINITWICE_4423	51	Pulse	99	4294198	15547	NA
S009_DAY2_MINITWICE_4423	51	Port Input	1	4294198	15547	NA
S009_DAY2_MINITWICE_4423	51	Picture	50_T_RWTRIAD_RW_huevos_red.png	4321851	43200	1	1900	2	43200	1800
S009_DAY2_MINITWICE_4423	52	Picture	rest	4323851	0	1	144098	2	0	144000
S009_DAY2_MINITWICE_4423	52	Pulse	99	4330199	6348	NA
S009_DAY2_MINITWICE_4423	52	Port Input	1	4330199	6348	NA
S009_DAY2_MINITWICE_4423	52	Pulse	99	4366200	42349	NA
S009_DAY2_MINITWICE_4423	52	Port Input	1	4366200	42349	NA
S009_DAY2_MINITWICE_4423	52	Pulse	99	4402201	78350	NA
S009_DAY2_MINITWICE_4423	52	Port Input	1	4402201	78350	NA
S009_DAY2_MINITWICE_4423	52	Pulse	99	4438202	114351	NA
S009_DAY2_MINITWICE_4423	52	Port Input	1	4438202	114351	NA
S009_DAY2_MINITWICE_4423	53	Picture	endrest	4468049	0	1	10100	2	0	10000
S009_DAY2_MINITWICE_4423	53	Pulse	99	4474203	6154	NA
S009_DAY2_MINITWICE_4423	53	Port Input	1	4474203	6154	NA
S009_DAY2_MINITWICE_4423	54	Picture	PW	4478349	0	1	43200	2	0	43200
S009_DAY2_MINITWICE_4423	54	Response	51	4496428	18079	2
S009_DAY2_MINITWICE_4423	54	Pulse	99	4510203	31854	NA
S009_DAY2_MINITWICE_4423	54	Port Input	1	4510203	31854	NA
S009_DAY2_MINITWICE_4423	54	Picture	53_T_PWTRIAD_PW_manos_red.png	4521549	43200	1	1900	2	43200	1800
S009_DAY2_MINITWICE_4423	55	Picture	PW	4523749	0	1	43199	2	0	43200
S009_DAY2_MINITWICE_4423	55	Response	52	4542479	18730	1
S009_DAY2_MINITWICE_4423	55	Pulse	99	4546204	22455	NA
S009_DAY2_MINITWICE_4423	55	Port Input	1	4546204	22455	NA
S009_DAY2_MINITWICE_4423	55	Picture	54_T_PWTRIAD_PW_paraguas_red.png	4566948	43199	1	1900	2	43200	1800
S009_DAY2_MINITWICE_4423	56	Picture	PW	4569148	0	1	43200	2	0	43200
S009_DAY2_MINITWICE_4423	56	Pulse	99	4582205	13057	NA
S009_DAY2_MINITWICE_4423	56	Port Input	1	4582205	13057	NA
S009_DAY2_MINITWICE_4423	56	Response	52	4589047	19899	1
S009_DAY2_MINITWICE_4423	56	Picture	55_T_PWTRIAD_PW_cerillas_red.png	4612348	43200	1	1900	2	43200	1800
S009_DAY2_MINITWICE_4423	57	Picture	PW	4614648	0	1	43099	2	0	43200
S009_DAY2_MINITWICE_4423	57	Pulse	99	4618206	3558	NA
S009_DAY2_MINITWICE_4423	57	Port Input	1	4618206	3558	NA
S009_DAY2_MINITWICE_4423	57	Response	52	4634051	19403	2
S009_DAY2_MINITWICE_4423	57	Pulse	99	4654207	39559	NA
S009_DAY2_MINITWICE_4423	57	Port Input	1	4654207	39559	NA
S009_DAY2_MINITWICE_4423	57	Picture	56_T_PWTRIAD_PW_botella_red.png	4657747	43099	1	1900	2	43200	1800
S009_DAY2_MINITWICE_4423	58	Picture	RW	4659847	0	1	43200	2	0	43200
S009_DAY2_MINITWICE_4423	58	Response	52	4670967	11120	1
S009_DAY2_MINITWICE_4423	58	Pulse	99	4690208	30361	NA
S009_DAY2_MINITWICE_4423	58	Port Input	1	4690208	30361	NA
S009_DAY2_MINITWICE_4423	58	Picture	57_T_RWTRIAD_RW_leche_red.png	4703047	43200	1	1900	2	43200	1800
S009_DAY2_MINITWICE_4423	59	Picture	RW	4705147	0	1	43199	3	0	43200
S009_DAY2_MINITWICE_4423	59	Response	52	4716256	11109	1
S009_DAY2_MINITWICE_4423	59	Pulse	99	4726208	21061	NA
S009_DAY2_MINITWICE_4423	59	Port Input	1	4726208	21061	NA
S009_DAY2_MINITWICE_4423	59	Picture	58_T_RWTRIAD_RW_futbol_red.png	4748346	43199	2	1900	3	43200	1800
S009_DAY2_MINITWICE_4423	60	Picture	RW	4750446	0	1	43199	3	0	43200
S009_DAY2_MINITWICE_4423	60	Pulse	99	4762209	11763	NA
S009_DAY2_MINITWICE_4423	60	Port Input	1	4762209	11763	NA
S009_DAY2_MINITWICE_4423	60	Response	51	4768898	18452	1
S009_DAY2_MINITWICE_4423	60	Picture	59_T_RWTRIAD_RW_granjero_red.png	4793645	43199	2	1900	4	43200	1800
S009_DAY2_MINITWICE_4423	61	Picture	RW	4795846	0	1	43099	2	0	43200
S009_DAY2_MINITWICE_4423	61	Pulse	99	4798210	2364	NA
S009_DAY2_MINITWICE_4423	61	Port Input	1	4798210	2364	NA
S009_DAY2_MINITWICE_4423	61	Response	51	4816179	20333	1
S009_DAY2_MINITWICE_4423	61	Pulse	99	4834211	38365	NA
S009_DAY2_MINITWICE_4423	61	Port Input	1	4834211	38365	NA
S009_DAY2_MINITWICE_4423	61	Picture	60_T_RWTRIAD_RW_ascensor_red.png	4838945	43099	1	1900	2	43200	1800
S009_DAY2_MINITWICE_4423	62	Picture	rest	4840945	0	1	144099	2	0	144000
S009_DAY2_MINITWICE_4423	62	Pulse	99	4870212	29267	NA
S009_DAY2_MINITWICE_4423	62	Port Input	1	4870212	29267	NA
S009_DAY2_MINITWICE_4423	62	Pulse	99	4906213	65268	NA
S009_DAY2_MINITWICE_4423	62	Port Input	1	4906213	65268	NA
S009_DAY2_MINITWICE_4423	62	Pulse	99	4942213	101268	NA
S009_DAY2_MINITWICE_4423	62	Port Input	1	4942213	101268	NA
S009_DAY2_MINITWICE_4423	62	Pulse	99	4978214	137269	NA
S009_DAY2_MINITWICE_4423	62	Port Input	1	4978214	137269	NA
S009_DAY2_MINITWICE_4423	63	Picture	endrest	4985144	0	1	10099	3	0	10000
S009_DAY2_MINITWICE_4423	64	Picture	FF	4995643	0	2	43100	3	0	43200
S009_DAY2_MINITWICE_4423	64	Response	52	5008136	12493	1
S009_DAY2_MINITWICE_4423	64	Pulse	99	5014215	18572	NA
S009_DAY2_MINITWICE_4423	64	Port Input	1	5014215	18572	NA
S009_DAY2_MINITWICE_4423	64	Picture	63_T_FFTRIAD_FF_molino_red.png	5038743	43100	1	1900	2	43200	1800
S009_DAY2_MINITWICE_4423	65	Picture	FF	5040943	0	1	43199	3	0	43200
S009_DAY2_MINITWICE_4423	65	Pulse	99	5050216	9273	NA
S009_DAY2_MINITWICE_4423	65	Port Input	1	5050216	9273	NA
S009_DAY2_MINITWICE_4423	65	Response	51	5053409	12466	1
S009_DAY2_MINITWICE_4423	65	Picture	64_T_FFTRIAD_FF_leche_red.png	5084142	43199	2	1900	3	43200	1800
S009_DAY2_MINITWICE_4423	65	Pulse	99	5086217	45274	NA
S009_DAY2_MINITWICE_4423	65	Port Input	1	5086217	45274	NA
S009_DAY2_MINITWICE_4423	66	Picture	FF	5086342	0	1	43200	2	0	43200
S009_DAY2_MINITWICE_4423	66	Response	52	5097822	11480	1
S009_DAY2_MINITWICE_4423	66	Pulse	99	5122218	35876	NA
S009_DAY2_MINITWICE_4423	66	Port Input	1	5122218	35876	NA
S009_DAY2_MINITWICE_4423	66	Picture	65_T_FFTRIAD_FF_ascensor_red.png	5129542	43200	1	1900	2	43200	1800
S009_DAY2_MINITWICE_4423	67	Picture	FF	5131742	0	1	43099	3	0	43200
S009_DAY2_MINITWICE_4423	67	Response	52	5146148	14406	1
S009_DAY2_MINITWICE_4423	67	Pulse	99	5158218	26476	NA
S009_DAY2_MINITWICE_4423	67	Port Input	1	5158218	26476	NA
S009_DAY2_MINITWICE_4423	67	Picture	66_T_FFTRIAD_FF_chupete_red.png	5174841	43099	2	1900	3	43200	1800
S009_DAY2_MINITWICE_4423	68	Picture	PW	5177041	0	2	43100	3	0	43200
S009_DAY2_MINITWICE_4423	68	Pulse	99	5194219	17178	NA
S009_DAY2_MINITWICE_4423	68	Port Input	1	5194219	17178	NA
S009_DAY2_MINITWICE_4423	68	Response	52	5196327	19286	1
S009_DAY2_MINITWICE_4423	68	Picture	67_T_PWTRIAD_PW_violin_red.png	5220141	43100	1	1900	2	43200	1800
S009_DAY2_MINITWICE_4423	69	Picture	PW	5222341	0	1	43099	3	0	43200
S009_DAY2_MINITWICE_4423	69	Pulse	99	5230220	7879	NA
S009_DAY2_MINITWICE_4423	69	Port Input	1	5230220	7879	NA
S009_DAY2_MINITWICE_4423	69	Response	52	5238327	15986	1
S009_DAY2_MINITWICE_4423	69	Picture	68_T_PWTRIAD_PW_molino_red.png	5265440	43099	2	1900	3	43200	1800
S009_DAY2_MINITWICE_4423	69	Pulse	99	5266221	43880	NA
S009_DAY2_MINITWICE_4423	69	Port Input	1	5266221	43880	NA
S009_DAY2_MINITWICE_4423	70	Picture	PW	5267540	0	1	43200	2	0	43200
S009_DAY2_MINITWICE_4423	70	Response	52	5285303	17763	1
S009_DAY2_MINITWICE_4423	70	Pulse	99	5302222	34682	NA
S009_DAY2_MINITWICE_4423	70	Port Input	1	5302222	34682	NA
S009_DAY2_MINITWICE_4423	70	Picture	69_T_PWTRIAD_PW_candado_red.png	5310740	43200	1	1900	2	43200	1800
S009_DAY2_MINITWICE_4423	71	Picture	PW	5313040	0	1	43099	2	0	43200
S009_DAY2_MINITWICE_4423	71	Response	52	5327336	14296	1
S009_DAY2_MINITWICE_4423	71	Pulse	99	5338223	25183	NA
S009_DAY2_MINITWICE_4423	71	Port Input	1	5338223	25183	NA
S009_DAY2_MINITWICE_4423	71	Picture	70_T_PWTRIAD_PW_banera_red.png	5356139	43099	1	1900	2	43200	1800
S009_DAY2_MINITWICE_4423	72	Picture	rest	5358139	0	1	144099	2	0	144000
S009_DAY2_MINITWICE_4423	72	Pulse	99	5374223	16084	NA
S009_DAY2_MINITWICE_4423	72	Port Input	1	5374223	16084	NA
S009_DAY2_MINITWICE_4423	72	Pulse	99	5410224	52085	NA
S009_DAY2_MINITWICE_4423	72	Port Input	1	5410224	52085	NA
S009_DAY2_MINITWICE_4423	72	Pulse	99	5446225	88086	NA
S009_DAY2_MINITWICE_4423	72	Port Input	1	5446225	88086	NA
S009_DAY2_MINITWICE_4423	72	Pulse	99	5482226	124087	NA
S009_DAY2_MINITWICE_4423	72	Port Input	1	5482226	124087	NA
S009_DAY2_MINITWICE_4423	73	Picture	endrest	5502338	0	1	10100	2	0	10000
S009_DAY2_MINITWICE_4423	74	Picture	RW	5512638	0	1	43199	2	0	43200
S009_DAY2_MINITWICE_4423	74	Pulse	99	5518227	5589	NA
S009_DAY2_MINITWICE_4423	74	Port Input	1	5518227	5589	NA
S009_DAY2_MINITWICE_4423	74	Response	52	5529023	16385	1
S009_DAY2_MINITWICE_4423	74	Pulse	99	5554228	41590	NA
S009_DAY2_MINITWICE_4423	74	Port Input	1	5554228	41590	NA
S009_DAY2_MINITWICE_4423	74	Picture	73_T_RWTRIAD_RW_arbol_red.png	5555837	43199	1	1900	2	43200	1800
S009_DAY2_MINITWICE_4423	75	Picture	RW	5557937	0	1	43200	2	0	43200
S009_DAY2_MINITWICE_4423	75	Response	52	5575157	17220	1
S009_DAY2_MINITWICE_4423	75	Pulse	99	5590228	32291	NA
S009_DAY2_MINITWICE_4423	75	Port Input	1	5590228	32291	NA
S009_DAY2_MINITWICE_4423	75	Picture	74_T_RWTRIAD_RW_pincel_red.png	5601137	43200	1	1900	2	43200	1800
S009_DAY2_MINITWICE_4423	76	Picture	RW	5603237	0	1	43199	2	0	43200
S009_DAY2_MINITWICE_4423	76	Response	51	5624047	20810	1
S009_DAY2_MINITWICE_4423	76	Pulse	99	5626229	22992	NA
S009_DAY2_MINITWICE_4423	76	Port Input	1	5626229	22992	NA
S009_DAY2_MINITWICE_4423	76	Picture	75_T_RWTRIAD_RW_television_red.png	5646436	43199	1	1900	2	43200	1800
S009_DAY2_MINITWICE_4423	77	Picture	RW	5648536	0	1	43200	2	0	43200
S009_DAY2_MINITWICE_4423	77	Pulse	99	5662230	13694	NA
S009_DAY2_MINITWICE_4423	77	Port Input	1	5662230	13694	NA
S009_DAY2_MINITWICE_4423	77	Response	52	5667264	18728	1
S009_DAY2_MINITWICE_4423	77	Picture	76_T_RWTRIAD_RW_silla_red.png	5691736	43200	1	1900	2	43200	1800
S009_DAY2_MINITWICE_4423	78	Picture	FF	5694036	0	1	43099	2	0	43200
S009_DAY2_MINITWICE_4423	78	Pulse	99	5698231	4195	NA
S009_DAY2_MINITWICE_4423	78	Port Input	1	5698231	4195	NA
S009_DAY2_MINITWICE_4423	78	Response	52	5711996	17960	2
S009_DAY2_MINITWICE_4423	78	Pulse	99	5734232	40196	NA
S009_DAY2_MINITWICE_4423	78	Port Input	1	5734232	40196	NA
S009_DAY2_MINITWICE_4423	78	Picture	77_T_FFTRIAD_FF_anillo_red.png	5737135	43099	1	1900	2	43200	1800
S009_DAY2_MINITWICE_4423	79	Picture	FF	5739335	0	1	43200	2	0	43200
S009_DAY2_MINITWICE_4423	79	Response	52	5757689	18354	1
S009_DAY2_MINITWICE_4423	79	Pulse	99	5770233	30898	NA
S009_DAY2_MINITWICE_4423	79	Port Input	1	5770233	30898	NA
S009_DAY2_MINITWICE_4423	79	Picture	78_T_FFTRIAD_FF_lenador_red.png	5782535	43200	1	1900	2	43200	1800
S009_DAY2_MINITWICE_4423	80	Picture	FF	5784735	0	1	43099	2	0	43200
S009_DAY2_MINITWICE_4423	80	Pulse	99	5806233	21498	NA
S009_DAY2_MINITWICE_4423	80	Port Input	1	5806233	21498	NA
S009_DAY2_MINITWICE_4423	80	Response	52	5806404	21669	1
S009_DAY2_MINITWICE_4423	80	Picture	79_T_FFTRIAD_FF_banera_red.png	5827834	43099	1	1900	2	43200	1800
S009_DAY2_MINITWICE_4423	81	Picture	FF	5830034	0	1	43200	2	0	43200
S009_DAY2_MINITWICE_4423	81	Pulse	99	5842234	12200	NA
S009_DAY2_MINITWICE_4423	81	Port Input	1	5842234	12200	NA
S009_DAY2_MINITWICE_4423	81	Response	51	5842247	12213	1
S009_DAY2_MINITWICE_4423	81	Picture	80_T_FFTRIAD_FF_piramide_red.png	5873234	43200	1	1900	2	43200	1800
S009_DAY2_MINITWICE_4423	82	Picture	rest	5875234	0	1	144098	2	0	144000
S009_DAY2_MINITWICE_4423	82	Pulse	99	5878235	3001	NA
S009_DAY2_MINITWICE_4423	82	Port Input	1	5878235	3001	NA
S009_DAY2_MINITWICE_4423	82	Pulse	99	5914236	39002	NA
S009_DAY2_MINITWICE_4423	82	Port Input	1	5914236	39002	NA
S009_DAY2_MINITWICE_4423	82	Pulse	99	5950237	75003	NA
S009_DAY2_MINITWICE_4423	82	Port Input	1	5950237	75003	NA
S009_DAY2_MINITWICE_4423	82	Pulse	99	5986238	111004	NA
S009_DAY2_MINITWICE_4423	82	Port Input	1	5986238	111004	NA
S009_DAY2_MINITWICE_4423	83	Picture	endrest	6019432	0	1	10100	2	0	10000
S009_DAY2_MINITWICE_4423	83	Pulse	99	6022238	2806	NA
S009_DAY2_MINITWICE_4423	83	Port Input	1	6022238	2806	NA
S009_DAY2_MINITWICE_4423	84	Picture	PW	6029732	0	1	43199	2	0	43200
S009_DAY2_MINITWICE_4423	84	Response	51	6049992	20260	1
S009_DAY2_MINITWICE_4423	84	Pulse	99	6058239	28507	NA
S009_DAY2_MINITWICE_4423	84	Port Input	1	6058239	28507	NA
S009_DAY2_MINITWICE_4423	84	Picture	83_T_PWTRIAD_PW_tenedor_red.png	6072931	43199	1	1900	3	43200	1800
S009_DAY2_MINITWICE_4423	85	Picture	PW	6075031	0	1	43200	2	0	43200
S009_DAY2_MINITWICE_4423	85	Pulse	99	6094240	19209	NA
S009_DAY2_MINITWICE_4423	85	Port Input	1	6094240	19209	NA
S009_DAY2_MINITWICE_4423	85	Response	51	6095257	20226	1
S009_DAY2_MINITWICE_4423	85	Picture	84_T_PWTRIAD_PW_portatil_red.png	6118231	43200	1	1900	2	43200	1800
S009_DAY2_MINITWICE_4423	86	Picture	PW	6120331	0	1	43199	2	0	43200
S009_DAY2_MINITWICE_4423	86	Pulse	99	6130241	9910	NA
S009_DAY2_MINITWICE_4423	86	Port Input	1	6130241	9910	NA
S009_DAY2_MINITWICE_4423	86	Response	52	6134084	13753	1
S009_DAY2_MINITWICE_4423	86	Picture	85_T_PWTRIAD_PW_bebe_red.png	6163530	43199	1	1900	2	43200	1800
S009_DAY2_MINITWICE_4423	87	Picture	PW	6165630	0	1	43200	2	0	43200
S009_DAY2_MINITWICE_4423	87	Pulse	99	6166242	612	NA
S009_DAY2_MINITWICE_4423	87	Port Input	1	6166242	612	NA
S009_DAY2_MINITWICE_4423	87	Response	51	6184846	19216	1
S009_DAY2_MINITWICE_4423	87	Pulse	99	6202243	36613	NA
S009_DAY2_MINITWICE_4423	87	Port Input	1	6202243	36613	NA
S009_DAY2_MINITWICE_4423	87	Picture	86_T_PWTRIAD_PW_charco_red.png	6208830	43200	1	1900	2	43200	1800
S009_DAY2_MINITWICE_4423	88	Picture	FF	6211130	0	1	43199	2	0	43200
S009_DAY2_MINITWICE_4423	88	Response	51	6227375	16245	1
S009_DAY2_MINITWICE_4423	88	Pulse	99	6238243	27113	NA
S009_DAY2_MINITWICE_4423	88	Port Input	1	6238243	27113	NA
S009_DAY2_MINITWICE_4423	88	Picture	87_T_FFTRIAD_FF_martillo_red.png	6254329	43199	1	1900	2	43200	1800
S009_DAY2_MINITWICE_4423	89	Picture	FF	6256529	0	1	43100	2	0	43200
S009_DAY2_MINITWICE_4423	89	Response	51	6268960	12431	1
S009_DAY2_MINITWICE_4423	89	Pulse	99	6274244	17715	NA
S009_DAY2_MINITWICE_4423	89	Port Input	1	6274244	17715	NA
S009_DAY2_MINITWICE_4423	89	Picture	88_T_FFTRIAD_FF_grapadora_red.png	6299629	43100	1	1900	2	43200	1800
S009_DAY2_MINITWICE_4423	90	Picture	FF	6301929	0	1	43099	2	0	43200
S009_DAY2_MINITWICE_4423	90	Pulse	99	6310245	8316	NA
S009_DAY2_MINITWICE_4423	90	Port Input	1	6310245	8316	NA
S009_DAY2_MINITWICE_4423	90	Response	51	6318186	16257	2
S009_DAY2_MINITWICE_4423	90	Picture	89_T_FFTRIAD_FF_violin_red.png	6345028	43099	1	1900	2	43200	1800
S009_DAY2_MINITWICE_4423	90	Pulse	99	6346246	44317	NA
S009_DAY2_MINITWICE_4423	90	Port Input	1	6346246	44317	NA
S009_DAY2_MINITWICE_4423	91	Picture	FF	6347328	0	1	43100	2	0	43200
S009_DAY2_MINITWICE_4423	91	Response	51	6371492	24164	1
S009_DAY2_MINITWICE_4423	91	Pulse	99	6382247	34919	NA
S009_DAY2_MINITWICE_4423	91	Port Input	1	6382247	34919	NA
S009_DAY2_MINITWICE_4423	91	Picture	90_T_FFTRIAD_FF_silla_red.png	6390428	43100	1	1900	2	43200	1800
S009_DAY2_MINITWICE_4423	92	Picture	rest	6392428	0	1	144098	2	0	144000
S009_DAY2_MINITWICE_4423	92	Pulse	99	6418248	25820	NA
S009_DAY2_MINITWICE_4423	92	Port Input	1	6418248	25820	NA
S009_DAY2_MINITWICE_4423	92	Pulse	99	6454249	61821	NA
S009_DAY2_MINITWICE_4423	92	Port Input	1	6454249	61821	NA
S009_DAY2_MINITWICE_4423	92	Pulse	99	6490249	97821	NA
S009_DAY2_MINITWICE_4423	92	Port Input	1	6490249	97821	NA
S009_DAY2_MINITWICE_4423	92	Pulse	99	6526250	133822	NA
S009_DAY2_MINITWICE_4423	92	Port Input	1	6526250	133822	NA
S009_DAY2_MINITWICE_4423	93	Picture	endrest	6536626	0	1	10100	2	0	10000
S009_DAY2_MINITWICE_4423	94	Picture	FF	6547026	0	1	43200	2	0	43200
S009_DAY2_MINITWICE_4423	94	Pulse	99	6562251	15225	NA
S009_DAY2_MINITWICE_4423	94	Port Input	1	6562251	15225	NA
S009_DAY2_MINITWICE_4423	94	Response	51	6567925	20899	1
S009_DAY2_MINITWICE_4423	94	Picture	93_T_FFTRIAD_FF_bellota_red.png	6590226	43200	1	1900	2	43200	1800
S009_DAY2_MINITWICE_4423	95	Picture	FF	6592326	0	1	43199	2	0	43200
S009_DAY2_MINITWICE_4423	95	Pulse	99	6598252	5926	NA
S009_DAY2_MINITWICE_4423	95	Port Input	1	6598252	5926	NA
S009_DAY2_MINITWICE_4423	95	Response	52	6611530	19204	2
S009_DAY2_MINITWICE_4423	95	Pulse	99	6634253	41927	NA
S009_DAY2_MINITWICE_4423	95	Port Input	1	6634253	41927	NA
S009_DAY2_MINITWICE_4423	95	Picture	94_T_FFTRIAD_FF_queso_red.png	6635525	43199	1	1900	2	43200	1800
S009_DAY2_MINITWICE_4423	96	Picture	FF	6637725	0	1	43100	2	0	43200
S009_DAY2_MINITWICE_4423	96	Response	52	6657679	19954	2
S009_DAY2_MINITWICE_4423	96	Pulse	99	6670253	32528	NA
S009_DAY2_MINITWICE_4423	96	Port Input	1	6670253	32528	NA
S009_DAY2_MINITWICE_4423	96	Picture	95_T_FFTRIAD_FF_carruaje_red.png	6680825	43100	1	1900	2	43200	1800
S009_DAY2_MINITWICE_4423	97	Picture	FF	6683125	0	1	43099	2	0	43200
S009_DAY2_MINITWICE_4423	97	Response	51	6700919	17794	2
S009_DAY2_MINITWICE_4423	97	Pulse	99	6706254	23129	NA
S009_DAY2_MINITWICE_4423	97	Port Input	1	6706254	23129	NA
S009_DAY2_MINITWICE_4423	97	Picture	96_T_FFTRIAD_FF_zanahoria_red.png	6726224	43099	1	1900	2	43200	1800
S009_DAY2_MINITWICE_4423	98	Picture	PW	6728324	0	1	43200	2	0	43200
S009_DAY2_MINITWICE_4423	98	Pulse	99	6742255	13931	NA
S009_DAY2_MINITWICE_4423	98	Port Input	1	6742255	13931	NA
S009_DAY2_MINITWICE_4423	98	Response	52	6748068	19744	1
S009_DAY2_MINITWICE_4423	98	Picture	97_T_PWTRIAD_PW_anillo_red.png	6771524	43200	1	1900	2	43200	1800
S009_DAY2_MINITWICE_4423	99	Picture	PW	6773723	0	2	43100	3	0	43200
S009_DAY2_MINITWICE_4423	99	Pulse	99	6778256	4533	NA
S009_DAY2_MINITWICE_4423	99	Port Input	1	6778256	4533	NA
S009_DAY2_MINITWICE_4423	99	Response	51	6799529	25806	1
S009_DAY2_MINITWICE_4423	99	Pulse	99	6814257	40534	NA
S009_DAY2_MINITWICE_4423	99	Port Input	1	6814257	40534	NA
S009_DAY2_MINITWICE_4423	99	Picture	98_T_PWTRIAD_PW_esquimal_red.png	6816823	43100	1	1900	2	43200	1800
S009_DAY2_MINITWICE_4423	100	Picture	PW	6819023	0	1	43100	2	0	43200
S009_DAY2_MINITWICE_4423	100	Response	51	6842950	23927	1
S009_DAY2_MINITWICE_4423	100	Pulse	99	6850258	31235	NA
S009_DAY2_MINITWICE_4423	100	Port Input	1	6850258	31235	NA
S009_DAY2_MINITWICE_4423	100	Picture	99_T_PWTRIAD_PW_agua_red.png	6862123	43100	1	1900	2	43200	1800
S009_DAY2_MINITWICE_4423	101	Picture	PW	6864323	0	1	43099	2	0	43200
S009_DAY2_MINITWICE_4423	101	Pulse	99	6886258	21935	NA
S009_DAY2_MINITWICE_4423	101	Port Input	1	6886258	21935	NA
S009_DAY2_MINITWICE_4423	101	Response	52	6886607	22284	2
S009_DAY2_MINITWICE_4423	101	Picture	100_T_PWTRIAD_PW_policia_red.png	6907422	43099	1	1900	2	43200	1800
S009_DAY2_MINITWICE_4423	102	Picture	rest	6909422	0	1	144098	3	0	144000
S009_DAY2_MINITWICE_4423	102	Pulse	99	6922259	12837	NA
S009_DAY2_MINITWICE_4423	102	Port Input	1	6922259	12837	NA
S009_DAY2_MINITWICE_4423	102	Pulse	99	6958260	48838	NA
S009_DAY2_MINITWICE_4423	102	Port Input	1	6958260	48838	NA
S009_DAY2_MINITWICE_4423	102	Pulse	99	6994261	84839	NA
S009_DAY2_MINITWICE_4423	102	Port Input	1	6994261	84839	NA
S009_DAY2_MINITWICE_4423	102	Pulse	99	7030262	120840	NA
S009_DAY2_MINITWICE_4423	102	Port Input	1	7030262	120840	NA
S009_DAY2_MINITWICE_4423	103	Picture	endrest	7053620	0	2	10100	3	0	10000
S009_DAY2_MINITWICE_4423	104	Picture	PW	7064020	0	1	43100	2	0	43200
S009_DAY2_MINITWICE_4423	104	Pulse	99	7066263	2243	NA
S009_DAY2_MINITWICE_4423	104	Port Input	1	7066263	2243	NA
S009_DAY2_MINITWICE_4423	104	Response	51	7080595	16575	1
S009_DAY2_MINITWICE_4423	104	Pulse	99	7102263	38243	NA
S009_DAY2_MINITWICE_4423	104	Port Input	1	7102263	38243	NA
S009_DAY2_MINITWICE_4423	104	Picture	103_T_PWTRIAD_PW_gafas_red.png	7107120	43100	1	1900	2	43200	1800
S009_DAY2_MINITWICE_4423	105	Picture	PW	7109320	0	1	43199	2	0	43200
S009_DAY2_MINITWICE_4423	105	Pulse	99	7138264	28944	NA
S009_DAY2_MINITWICE_4423	105	Port Input	1	7138264	28944	NA
S009_DAY2_MINITWICE_4423	105	Response	52	7140350	31030	1
S009_DAY2_MINITWICE_4423	105	Picture	104_T_PWTRIAD_PW_cinturon_red.png	7152519	43199	1	1900	2	43200	1800
S009_DAY2_MINITWICE_4423	106	Picture	PW	7154719	0	1	43100	2	0	43200
S009_DAY2_MINITWICE_4423	106	Pulse	99	7174265	19546	NA
S009_DAY2_MINITWICE_4423	106	Port Input	1	7174265	19546	NA
S009_DAY2_MINITWICE_4423	106	Response	52	7181576	26857	1
S009_DAY2_MINITWICE_4423	106	Picture	105_T_PWTRIAD_PW_television_red.png	7197819	43100	1	1900	2	43200	1800
S009_DAY2_MINITWICE_4423	107	Picture	PW	7199919	0	1	43199	2	0	43200
S009_DAY2_MINITWICE_4423	107	Pulse	99	7210266	10347	NA
S009_DAY2_MINITWICE_4423	107	Port Input	1	7210266	10347	NA
S009_DAY2_MINITWICE_4423	107	Response	52	7219172	19253	1
S009_DAY2_MINITWICE_4423	107	Picture	106_T_PWTRIAD_PW_grifo_red.png	7243118	43199	1	1900	2	43200	1800
S009_DAY2_MINITWICE_4423	108	Picture	FF	7245418	0	1	43200	2	0	43200
S009_DAY2_MINITWICE_4423	108	Pulse	99	7246267	849	NA
S009_DAY2_MINITWICE_4423	108	Port Input	1	7246267	849	NA
S009_DAY2_MINITWICE_4423	108	Response	51	7260242	14824	1
S009_DAY2_MINITWICE_4423	108	Pulse	99	7282268	36850	NA
S009_DAY2_MINITWICE_4423	108	Port Input	1	7282268	36850	NA
S009_DAY2_MINITWICE_4423	108	Picture	107_T_FFTRIAD_FF_pluma_red.png	7288618	43200	1	1900	2	43200	1800
S009_DAY2_MINITWICE_4423	109	Picture	FF	7290818	0	1	43199	2	0	43200
S009_DAY2_MINITWICE_4423	109	Response	52	7309022	18204	1
S009_DAY2_MINITWICE_4423	109	Pulse	99	7318268	27450	NA
S009_DAY2_MINITWICE_4423	109	Port Input	1	7318268	27450	NA
S009_DAY2_MINITWICE_4423	109	Picture	108_T_FFTRIAD_FF_almohada_red.png	7334017	43199	1	1900	2	43200	1800
S009_DAY2_MINITWICE_4423	110	Picture	FF	7336317	0	1	43100	2	0	43200
S009_DAY2_MINITWICE_4423	110	Pulse	99	7354269	17952	NA
S009_DAY2_MINITWICE_4423	110	Port Input	1	7354269	17952	NA
S009_DAY2_MINITWICE_4423	110	Response	51	7356688	20371	1
S009_DAY2_MINITWICE_4423	110	Picture	109_T_FFTRIAD_FF_agua_red.png	7379417	43100	1	1900	2	43200	1800
S009_DAY2_MINITWICE_4423	111	Picture	FF	7381717	0	1	43099	2	0	43200
S009_DAY2_MINITWICE_4423	111	Pulse	99	7390270	8553	NA
S009_DAY2_MINITWICE_4423	111	Port Input	1	7390270	8553	NA
S009_DAY2_MINITWICE_4423	111	Response	52	7399089	17372	1
S009_DAY2_MINITWICE_4423	111	Picture	110_T_FFTRIAD_FF_sobre_red.png	7424816	43099	1	1900	2	43200	1800
S009_DAY2_MINITWICE_4423	111	Pulse	99	7426271	44554	NA
S009_DAY2_MINITWICE_4423	111	Port Input	1	7426271	44554	NA
S009_DAY2_MINITWICE_4423	112	Picture	rest	7426816	0	1	144099	2	0	144000
S009_DAY2_MINITWICE_4423	112	Pulse	99	7462272	35456	NA
S009_DAY2_MINITWICE_4423	112	Port Input	1	7462272	35456	NA
S009_DAY2_MINITWICE_4423	112	Pulse	99	7498273	71457	NA
S009_DAY2_MINITWICE_4423	112	Port Input	1	7498273	71457	NA
S009_DAY2_MINITWICE_4423	112	Pulse	99	7534273	107457	NA
S009_DAY2_MINITWICE_4423	112	Port Input	1	7534273	107457	NA
S009_DAY2_MINITWICE_4423	112	Pulse	99	7570274	143458	NA
S009_DAY2_MINITWICE_4423	112	Port Input	1	7570274	143458	NA
S009_DAY2_MINITWICE_4423	113	Picture	endrest	7571015	0	1	10099	3	0	10000
S009_DAY2_MINITWICE_4423	114	Picture	RW	7581415	0	1	43099	2	0	43200
S009_DAY2_MINITWICE_4423	114	Response	52	7600614	19199	2
S009_DAY2_MINITWICE_4423	114	Pulse	99	7606275	24860	NA
S009_DAY2_MINITWICE_4423	114	Port Input	1	7606275	24860	NA
S009_DAY2_MINITWICE_4423	114	Picture	113_T_RWTRIAD_RW_lenador_red.png	7624514	43099	1	1900	2	43200	1800
S009_DAY2_MINITWICE_4423	115	Picture	RW	7626614	0	1	43200	2	0	43200
S009_DAY2_MINITWICE_4423	115	Pulse	99	7642276	15662	NA
S009_DAY2_MINITWICE_4423	115	Port Input	1	7642276	15662	NA
S009_DAY2_MINITWICE_4423	115	Response	51	7643683	17069	2
S009_DAY2_MINITWICE_4423	115	Picture	114_T_RWTRIAD_RW_almohada_red.png	7669814	43200	1	1900	2	43200	1800
S009_DAY2_MINITWICE_4423	116	Picture	RW	7672013	0	2	43100	3	0	43200
S009_DAY2_MINITWICE_4423	116	Pulse	99	7678277	6264	NA
S009_DAY2_MINITWICE_4423	116	Port Input	1	7678277	6264	NA
S009_DAY2_MINITWICE_4423	116	Response	52	7689573	17560	1
S009_DAY2_MINITWICE_4423	116	Pulse	99	7714277	42264	NA
S009_DAY2_MINITWICE_4423	116	Port Input	1	7714277	42264	NA
S009_DAY2_MINITWICE_4423	116	Picture	115_T_RWTRIAD_RW_paraguas_red.png	7715113	43100	1	1900	2	43200	1800
S009_DAY2_MINITWICE_4423	117	Picture	RW	7717213	0	1	43200	2	0	43200
S009_DAY2_MINITWICE_4423	117	Response	51	7737516	20303	1
S009_DAY2_MINITWICE_4423	117	Pulse	99	7750278	33065	NA
S009_DAY2_MINITWICE_4423	117	Port Input	1	7750278	33065	NA
S009_DAY2_MINITWICE_4423	117	Picture	116_T_RWTRIAD_RW_teclado_red.png	7760413	43200	1	1899	3	43200	1800
S009_DAY2_MINITWICE_4423	118	Picture	RW	7762512	0	2	43200	4	0	43200
S009_DAY2_MINITWICE_4423	118	Response	52	7775150	12638	1
S009_DAY2_MINITWICE_4423	118	Pulse	99	7786279	23767	NA
S009_DAY2_MINITWICE_4423	118	Port Input	1	7786279	23767	NA
S009_DAY2_MINITWICE_4423	118	Picture	117_T_RWTRIAD_RW_cinturon_red.png	7805712	43200	2	1900	4	43200	1800
S009_DAY2_MINITWICE_4423	119	Picture	RW	7807812	0	2	43199	4	0	43200
S009_DAY2_MINITWICE_4423	119	Pulse	99	7822280	14468	NA
S009_DAY2_MINITWICE_4423	119	Port Input	1	7822280	14468	NA
S009_DAY2_MINITWICE_4423	119	Response	52	7835632	27820	1
S009_DAY2_MINITWICE_4423	119	Picture	118_T_RWTRIAD_RW_murcielago_red.png	7851011	43199	2	1900	5	43200	1800
S009_DAY2_MINITWICE_4423	120	Picture	RW	7853111	0	3	43200	5	0	43200
S009_DAY2_MINITWICE_4423	120	Pulse	99	7858281	5170	NA
S009_DAY2_MINITWICE_4423	120	Port Input	1	7858281	5170	NA
S009_DAY2_MINITWICE_4423	120	Response	52	7871225	18114	2
S009_DAY2_MINITWICE_4423	120	Pulse	99	7894282	41171	NA
S009_DAY2_MINITWICE_4423	120	Port Input	1	7894282	41171	NA
S009_DAY2_MINITWICE_4423	120	Picture	119_T_RWTRIAD_RW_anillo_red.png	7896311	43200	2	1900	3	43200	1800
S009_DAY2_MINITWICE_4423	121	Picture	RW	7898511	0	1	43099	3	0	43200
S009_DAY2_MINITWICE_4423	121	Response	51	7929285	30774	1
S009_DAY2_MINITWICE_4423	121	Pulse	99	7930283	31772	NA
S009_DAY2_MINITWICE_4423	121	Port Input	1	7930283	31772	NA
S009_DAY2_MINITWICE_4423	121	Picture	120_T_RWTRIAD_RW_portatil_red.png	7941610	43099	2	1900	4	43200	1800
S009_DAY2_MINITWICE_4423	122	Picture	rest	7943610	0	2	144098	4	0	144000
S009_DAY2_MINITWICE_4423	122	Pulse	99	7966284	22674	NA
S009_DAY2_MINITWICE_4423	122	Port Input	1	7966284	22674	NA
S009_DAY2_MINITWICE_4423	122	Pulse	99	8002284	58674	NA
S009_DAY2_MINITWICE_4423	122	Port Input	1	8002284	58674	NA
S009_DAY2_MINITWICE_4423	122	Pulse	99	8038285	94675	NA
S009_DAY2_MINITWICE_4423	122	Port Input	1	8038285	94675	NA
S009_DAY2_MINITWICE_4423	122	Pulse	99	8074286	130676	NA
S009_DAY2_MINITWICE_4423	122	Port Input	1	8074286	130676	NA
S009_DAY2_MINITWICE_4423	123	Picture	endrest	8087808	0	2	10100	4	0	10000
S009_DAY2_MINITWICE_4423	124	Picture	RW	8098108	0	2	43200	3	0	43200
S009_DAY2_MINITWICE_4423	124	Pulse	99	8110287	12179	NA
S009_DAY2_MINITWICE_4423	124	Port Input	1	8110287	12179	NA
S009_DAY2_MINITWICE_4423	124	Response	51	8120908	22800	2
S009_DAY2_MINITWICE_4423	124	Picture	123_T_RWTRIAD_RW_piramide_red.png	8141308	43200	1	1900	2	43200	1800
S009_DAY2_MINITWICE_4423	125	Picture	RW	8143508	0	1	43098	4	0	43200
S009_DAY2_MINITWICE_4423	125	Pulse	99	8146288	2780	NA
S009_DAY2_MINITWICE_4423	125	Port Input	1	8146288	2780	NA
S009_DAY2_MINITWICE_4423	125	Response	51	8160566	17058	1
S009_DAY2_MINITWICE_4423	125	Pulse	99	8182288	38780	NA
S009_DAY2_MINITWICE_4423	125	Port Input	1	8182288	38780	NA
S009_DAY2_MINITWICE_4423	125	Picture	124_T_RWTRIAD_RW_ancla_red.png	8186606	43098	3	1902	4	43200	1800
S009_DAY2_MINITWICE_4423	126	Picture	RW	8188706	0	3	43201	4	0	43200
S009_DAY2_MINITWICE_4423	126	Response	51	8208831	20125	1
S009_DAY2_MINITWICE_4423	126	Pulse	99	8218289	29583	NA
S009_DAY2_MINITWICE_4423	126	Port Input	1	8218289	29583	NA
S009_DAY2_MINITWICE_4423	126	Picture	125_T_RWTRIAD_RW_candado_red.png	8231907	43201	1	1900	2	43200	1800
S009_DAY2_MINITWICE_4423	127	Picture	RW	8234007	0	1	43200	2	0	43200
S009_DAY2_MINITWICE_4423	127	Response	51	8247032	13025	1
S009_DAY2_MINITWICE_4423	127	Pulse	99	8254290	20283	NA
S009_DAY2_MINITWICE_4423	127	Port Input	1	8254290	20283	NA
S009_DAY2_MINITWICE_4423	127	Picture	126_T_RWTRIAD_RW_telefono_red.png	8277207	43200	1	1900	2	43200	1800
S009_DAY2_MINITWICE_4423	128	Picture	FF	8279407	0	1	43199	2	0	43200
S009_DAY2_MINITWICE_4423	128	Pulse	99	8290291	10884	NA
S009_DAY2_MINITWICE_4423	128	Port Input	1	8290291	10884	NA
S009_DAY2_MINITWICE_4423	128	Response	52	8293755	14348	2
S009_DAY2_MINITWICE_4423	128	Picture	127_T_FFTRIAD_FF_futbol_red.png	8322606	43199	1	1900	2	43200	1800
S009_DAY2_MINITWICE_4423	129	Picture	FF	8324706	0	1	43200	2	0	43200
S009_DAY2_MINITWICE_4423	129	Pulse	99	8326292	1586	NA
S009_DAY2_MINITWICE_4423	129	Port Input	1	8326292	1586	NA
S009_DAY2_MINITWICE_4423	129	Response	52	8342765	18059	1
S009_DAY2_MINITWICE_4423	129	Pulse	99	8362292	37586	NA
S009_DAY2_MINITWICE_4423	129	Port Input	1	8362292	37586	NA
S009_DAY2_MINITWICE_4423	129	Picture	128_T_FFTRIAD_FF_huevos_red.png	8367906	43200	1	1900	2	43200	1800
S009_DAY2_MINITWICE_4423	130	Picture	FF	8370006	0	1	43199	2	0	43200
S009_DAY2_MINITWICE_4423	130	Response	52	8389070	19064	1
S009_DAY2_MINITWICE_4423	130	Pulse	99	8398293	28287	NA
S009_DAY2_MINITWICE_4423	130	Port Input	1	8398293	28287	NA
S009_DAY2_MINITWICE_4423	130	Picture	129_T_FFTRIAD_FF_gafas_red.png	8413205	43199	1	1900	2	43200	1800
S009_DAY2_MINITWICE_4423	131	Picture	FF	8415405	0	1	43100	2	0	43200
S009_DAY2_MINITWICE_4423	131	Response	52	8425905	10500	1
S009_DAY2_MINITWICE_4423	131	Pulse	99	8434294	18889	NA
S009_DAY2_MINITWICE_4423	131	Port Input	1	8434294	18889	NA
S009_DAY2_MINITWICE_4423	131	Picture	130_T_FFTRIAD_FF_botella_red.png	8458505	43100	1	1900	2	43200	1800
S009_DAY2_MINITWICE_4423	132	Picture	rest	8460505	0	1	144098	2	0	144000
S009_DAY2_MINITWICE_4423	132	Pulse	99	8470295	9790	NA
S009_DAY2_MINITWICE_4423	132	Port Input	1	8470295	9790	NA
S009_DAY2_MINITWICE_4423	132	Pulse	99	8506296	45791	NA
S009_DAY2_MINITWICE_4423	132	Port Input	1	8506296	45791	NA
S009_DAY2_MINITWICE_4423	132	Pulse	99	8542297	81792	NA
S009_DAY2_MINITWICE_4423	132	Port Input	1	8542297	81792	NA
S009_DAY2_MINITWICE_4423	132	Pulse	99	8578298	117793	NA
S009_DAY2_MINITWICE_4423	132	Port Input	1	8578298	117793	NA
S009_DAY2_MINITWICE_4423	133	Picture	endrest	8604703	0	1	10100	2	0	10000
S009_DAY2_MINITWICE_4423	133	Pulse	99	8614298	9595	NA
S009_DAY2_MINITWICE_4423	133	Port Input	1	8614298	9595	NA
S009_DAY2_MINITWICE_4423	134	Picture	PW	8615103	0	1	43199	3	0	43200
S009_DAY2_MINITWICE_4423	134	Response	51	8634648	19545	1
S009_DAY2_MINITWICE_4423	134	Pulse	99	8650299	35196	NA
S009_DAY2_MINITWICE_4423	134	Port Input	1	8650299	35196	NA
S009_DAY2_MINITWICE_4423	134	Picture	133_T_PWTRIAD_PW_dado_red.png	8658302	43199	2	1900	3	43200	1800
S009_DAY2_MINITWICE_4423	135	Picture	PW	8660402	0	2	43200	3	0	43200
S009_DAY2_MINITWICE_4423	135	Response	52	8675810	15408	1
S009_DAY2_MINITWICE_4423	135	Pulse	99	8686300	25898	NA
S009_DAY2_MINITWICE_4423	135	Port Input	1	8686300	25898	NA
S009_DAY2_MINITWICE_4423	135	Picture	134_T_PWTRIAD_PW_pluma_red.png	8703602	43200	1	1900	2	43200	1800
S009_DAY2_MINITWICE_4423	136	Picture	PW	8705902	0	1	43099	3	0	43200
S009_DAY2_MINITWICE_4423	136	Response	51	8718393	12491	1
S009_DAY2_MINITWICE_4423	136	Pulse	99	8722301	16399	NA
S009_DAY2_MINITWICE_4423	136	Port Input	1	8722301	16399	NA
S009_DAY2_MINITWICE_4423	136	Picture	135_T_PWTRIAD_PW_iglu_red.png	8749001	43099	2	1900	3	43200	1800
S009_DAY2_MINITWICE_4423	137	Picture	PW	8751301	0	2	43100	3	0	43200
S009_DAY2_MINITWICE_4423	137	Pulse	99	8758302	7001	NA
S009_DAY2_MINITWICE_4423	137	Port Input	1	8758302	7001	NA
S009_DAY2_MINITWICE_4423	137	Response	52	8776312	25011	1
S009_DAY2_MINITWICE_4423	137	Pulse	99	8794302	43001	NA
S009_DAY2_MINITWICE_4423	137	Port Input	1	8794302	43001	NA
S009_DAY2_MINITWICE_4423	137	Picture	136_T_PWTRIAD_PW_ascensor_red.png	8794401	43100	1	1900	2	43200	1800
S009_DAY2_MINITWICE_4423	138	Picture	rest	8796401	0	1	144098	2	0	144000
S009_DAY2_MINITWICE_4423	138	Pulse	99	8830303	33902	NA
S009_DAY2_MINITWICE_4423	138	Port Input	1	8830303	33902	NA
S009_DAY2_MINITWICE_4423	139	Picture	endrest	8940599	0	1	10100	2	0	10000
S009_DAY2_MINITWICE_4423	140	Picture	endrest	8950799	0	1	10100	2	0	10000
S009_DAY2_MINITWICE_4423	141	Picture	endrest	8960999	0	1	10100	2	0	10000
S009_DAY2_MINITWICE_4423	142	Picture	endrest	8971199	0	1	10100	2	0	10000
