Scenario - vOT_Triads_fMRI_II
Logfile written - 07/01/2015 13:12:17

Subject	Trial	Event Type	Code	Time	TTime	Uncertainty	Duration	Uncertainty	ReqTime	ReqDur

5009_MINIONCE_1486	1	Pulse	99	370288	380205	NA
5009_MINIONCE_1486	1	Port Input	1	370288	380205	NA
5009_MINIONCE_1486	1	Pulse	99	406289	416206	NA
5009_MINIONCE_1486	1	Port Input	1	406289	416206	NA
5009_MINIONCE_1486	1	Pulse	99	442290	452207	NA
5009_MINIONCE_1486	1	Port Input	1	442290	452207	NA
5009_MINIONCE_1486	1	Pulse	99	478291	488208	NA
5009_MINIONCE_1486	1	Port Input	1	478291	488208	NA
5009_MINIONCE_1486	1	Pulse	99	514292	524209	NA
5009_MINIONCE_1486	1	Port Input	1	514292	524209	NA
5009_MINIONCE_1486	2	Picture	rest	514497	0	1	144100	2	0	144000
5009_MINIONCE_1486	2	Pulse	99	550293	35796	NA
5009_MINIONCE_1486	2	Port Input	1	550293	35796	NA
5009_MINIONCE_1486	2	Pulse	99	586294	71797	NA
5009_MINIONCE_1486	2	Port Input	1	586294	71797	NA
5009_MINIONCE_1486	2	Pulse	99	622296	107799	NA
5009_MINIONCE_1486	2	Port Input	1	622296	107799	NA
5009_MINIONCE_1486	2	Pulse	99	658297	143800	NA
5009_MINIONCE_1486	2	Port Input	1	658297	143800	NA
5009_MINIONCE_1486	3	Picture	endrest	658697	0	1	10100	2	0	10000
5009_MINIONCE_1486	4	Picture	FF	668997	0	1	43199	3	0	43200
5009_MINIONCE_1486	4	Response	51	681091	12094	1
5009_MINIONCE_1486	4	Pulse	99	694298	25301	NA
5009_MINIONCE_1486	4	Port Input	1	694298	25301	NA
5009_MINIONCE_1486	4	Picture	3_T_FFTRIAD_FF_zanahoria_red.png	712196	43199	2	1900	4	43200	1800
5009_MINIONCE_1486	5	Picture	FF	714296	0	2	43200	3	0	43200
5009_MINIONCE_1486	5	Response	52	724637	10341	1
5009_MINIONCE_1486	5	Pulse	99	730299	16003	NA
5009_MINIONCE_1486	5	Port Input	1	730299	16003	NA
5009_MINIONCE_1486	5	Picture	4_T_FFTRIAD_FF_botella_red.png	757496	43200	1	1900	2	43200	1800
5009_MINIONCE_1486	6	Picture	FF	759596	0	1	43200	2	0	43200
5009_MINIONCE_1486	6	Pulse	99	766300	6704	NA
5009_MINIONCE_1486	6	Port Input	1	766300	6704	NA
5009_MINIONCE_1486	6	Response	51	770209	10613	1
5009_MINIONCE_1486	6	Pulse	99	802301	42705	NA
5009_MINIONCE_1486	6	Port Input	1	802301	42705	NA
5009_MINIONCE_1486	6	Picture	5_T_FFTRIAD_FF_llave_red.png	802796	43200	1	1900	2	43200	1800
5009_MINIONCE_1486	7	Picture	FF	804896	0	1	43200	2	0	43200
5009_MINIONCE_1486	7	Response	52	813322	8426	1
5009_MINIONCE_1486	7	Pulse	99	838302	33406	NA
5009_MINIONCE_1486	7	Port Input	1	838302	33406	NA
5009_MINIONCE_1486	7	Picture	6_T_FFTRIAD_FF_iglu_red.png	848096	43200	1	1900	2	43200	1800
5009_MINIONCE_1486	8	Picture	RW	850196	0	1	43200	2	0	43200
5009_MINIONCE_1486	8	Response	52	863415	13219	1
5009_MINIONCE_1486	8	Pulse	99	874303	24107	NA
5009_MINIONCE_1486	8	Port Input	1	874303	24107	NA
5009_MINIONCE_1486	8	Picture	7_T_RWTRIAD_RW_cuento_red.png	893396	43200	1	1900	2	43200	1800
5009_MINIONCE_1486	9	Picture	RW	895496	0	1	43200	2	0	43200
5009_MINIONCE_1486	9	Response	51	905375	9879	1
5009_MINIONCE_1486	9	Pulse	99	910304	14808	NA
5009_MINIONCE_1486	9	Port Input	1	910304	14808	NA
5009_MINIONCE_1486	9	Picture	8_T_RWTRIAD_RW_chupete_red.png	938696	43200	1	1900	2	43200	1800
5009_MINIONCE_1486	10	Picture	RW	940796	0	1	43199	3	0	43200
5009_MINIONCE_1486	10	Pulse	99	946305	5509	NA
5009_MINIONCE_1486	10	Port Input	1	946305	5509	NA
5009_MINIONCE_1486	10	Response	51	953065	12269	1
5009_MINIONCE_1486	10	Pulse	99	982306	41510	NA
5009_MINIONCE_1486	10	Port Input	1	982306	41510	NA
5009_MINIONCE_1486	10	Picture	9_T_RWTRIAD_RW_portatil_red.png	983995	43199	2	1900	4	43200	1800
5009_MINIONCE_1486	11	Picture	RW	986095	0	1	43200	2	0	43200
5009_MINIONCE_1486	11	Response	52	998363	12268	1
5009_MINIONCE_1486	11	Pulse	99	1018307	32212	NA
5009_MINIONCE_1486	11	Port Input	1	1018307	32212	NA
5009_MINIONCE_1486	11	Picture	10_T_RWTRIAD_RW_tijera_red.png	1029295	43200	1	1900	2	43200	1800
5009_MINIONCE_1486	12	Picture	rest	1031295	0	1	144100	2	0	144000
5009_MINIONCE_1486	12	Pulse	99	1054308	23013	NA
5009_MINIONCE_1486	12	Port Input	1	1054308	23013	NA
5009_MINIONCE_1486	12	Pulse	99	1090309	59014	NA
5009_MINIONCE_1486	12	Port Input	1	1090309	59014	NA
5009_MINIONCE_1486	12	Pulse	99	1126310	95015	NA
5009_MINIONCE_1486	12	Port Input	1	1126310	95015	NA
5009_MINIONCE_1486	12	Pulse	99	1162311	131016	NA
5009_MINIONCE_1486	12	Port Input	1	1162311	131016	NA
5009_MINIONCE_1486	13	Picture	endrest	1175495	0	1	10100	2	0	10000
5009_MINIONCE_1486	14	Picture	FF	1185795	0	1	43199	3	0	43200
5009_MINIONCE_1486	14	Response	52	1195378	9583	1
5009_MINIONCE_1486	14	Pulse	99	1198312	12517	NA
5009_MINIONCE_1486	14	Port Input	1	1198312	12517	NA
5009_MINIONCE_1486	14	Picture	13_T_FFTRIAD_FF_almohada_red.png	1228994	43199	2	1900	3	43200	1800
5009_MINIONCE_1486	15	Picture	FF	1231094	0	2	43200	3	0	43200
5009_MINIONCE_1486	15	Pulse	99	1234314	3220	NA
5009_MINIONCE_1486	15	Port Input	1	1234314	3220	NA
5009_MINIONCE_1486	15	Response	52	1239014	7920	1
5009_MINIONCE_1486	15	Pulse	99	1270315	39221	NA
5009_MINIONCE_1486	15	Port Input	1	1270315	39221	NA
5009_MINIONCE_1486	15	Picture	14_T_FFTRIAD_FF_cerillas_red.png	1274294	43200	1	1900	2	43200	1800
5009_MINIONCE_1486	16	Picture	FF	1276394	0	1	43200	2	0	43200
5009_MINIONCE_1486	16	Response	52	1287879	11485	1
5009_MINIONCE_1486	16	Pulse	99	1306316	29922	NA
5009_MINIONCE_1486	16	Port Input	1	1306316	29922	NA
5009_MINIONCE_1486	16	Picture	15_T_FFTRIAD_FF_sobre_red.png	1319594	43200	1	1900	2	43200	1800
5009_MINIONCE_1486	17	Picture	FF	1321694	0	1	43200	2	0	43200
5009_MINIONCE_1486	17	Response	51	1339347	17653	1
5009_MINIONCE_1486	17	Pulse	99	1342317	20623	NA
5009_MINIONCE_1486	17	Port Input	1	1342317	20623	NA
5009_MINIONCE_1486	17	Picture	16_T_FFTRIAD_FF_perro_red.png	1364894	43200	1	1900	2	43200	1800
5009_MINIONCE_1486	18	Picture	RW	1367194	0	1	43100	2	0	43200
5009_MINIONCE_1486	18	Pulse	99	1378318	11124	NA
5009_MINIONCE_1486	18	Port Input	1	1378318	11124	NA
5009_MINIONCE_1486	18	Response	51	1382254	15060	1
5009_MINIONCE_1486	18	Picture	17_T_RWTRIAD_RW_manos_red.png	1410294	43100	1	1900	2	43200	1800
5009_MINIONCE_1486	19	Picture	RW	1412394	0	1	43200	2	0	43200
5009_MINIONCE_1486	19	Pulse	99	1414319	1925	NA
5009_MINIONCE_1486	19	Port Input	1	1414319	1925	NA
5009_MINIONCE_1486	19	Response	51	1426712	14318	1
5009_MINIONCE_1486	19	Pulse	99	1450320	37926	NA
5009_MINIONCE_1486	19	Port Input	1	1450320	37926	NA
5009_MINIONCE_1486	19	Picture	18_T_RWTRIAD_RW_telarana_red.png	1455594	43200	1	1899	3	43200	1800
5009_MINIONCE_1486	20	Picture	RW	1457694	0	1	43199	2	0	43200
5009_MINIONCE_1486	20	Response	52	1473986	16292	1
5009_MINIONCE_1486	20	Pulse	99	1486321	28627	NA
5009_MINIONCE_1486	20	Port Input	1	1486321	28627	NA
5009_MINIONCE_1486	20	Picture	19_T_RWTRIAD_RW_grapadora_red.png	1500893	43199	1	1900	2	43200	1800
5009_MINIONCE_1486	21	Picture	RW	1502993	0	1	43200	2	0	43200
5009_MINIONCE_1486	21	Response	52	1520019	17026	1
5009_MINIONCE_1486	21	Pulse	99	1522322	19329	NA
5009_MINIONCE_1486	21	Port Input	1	1522322	19329	NA
5009_MINIONCE_1486	21	Picture	20_T_RWTRIAD_RW_silla_red.png	1546193	43200	1	1900	2	43200	1800
5009_MINIONCE_1486	22	Picture	rest	1548193	0	1	144100	2	0	144000
5009_MINIONCE_1486	22	Pulse	99	1558323	10130	NA
5009_MINIONCE_1486	22	Port Input	1	1558323	10130	NA
5009_MINIONCE_1486	22	Pulse	99	1594324	46131	NA
5009_MINIONCE_1486	22	Port Input	1	1594324	46131	NA
5009_MINIONCE_1486	22	Pulse	99	1630325	82132	NA
5009_MINIONCE_1486	22	Port Input	1	1630325	82132	NA
5009_MINIONCE_1486	22	Pulse	99	1666326	118133	NA
5009_MINIONCE_1486	22	Port Input	1	1666326	118133	NA
5009_MINIONCE_1486	23	Picture	endrest	1692393	0	1	10100	2	0	10000
5009_MINIONCE_1486	23	Pulse	99	1702327	9934	NA
5009_MINIONCE_1486	23	Port Input	1	1702327	9934	NA
5009_MINIONCE_1486	24	Picture	RW	1702693	0	1	43199	2	0	43200
5009_MINIONCE_1486	24	Response	52	1716211	13518	1
5009_MINIONCE_1486	24	Pulse	99	1738328	35635	NA
5009_MINIONCE_1486	24	Port Input	1	1738328	35635	NA
5009_MINIONCE_1486	24	Picture	23_T_RWTRIAD_RW_cinturon_red.png	1745892	43199	1	1900	2	43200	1800
5009_MINIONCE_1486	25	Picture	RW	1748192	0	2	43200	3	0	43200
5009_MINIONCE_1486	25	Response	52	1765147	16955	1
5009_MINIONCE_1486	25	Pulse	99	1774329	26137	NA
5009_MINIONCE_1486	25	Port Input	1	1774329	26137	NA
5009_MINIONCE_1486	25	Picture	24_T_RWTRIAD_RW_estetoscopio_red.png	1791392	43200	1	1900	2	43200	1800
5009_MINIONCE_1486	26	Picture	RW	1793492	0	1	43200	2	0	43200
5009_MINIONCE_1486	26	Response	51	1807119	13627	1
5009_MINIONCE_1486	26	Pulse	99	1810330	16838	NA
5009_MINIONCE_1486	26	Port Input	1	1810330	16838	NA
5009_MINIONCE_1486	26	Picture	25_T_RWTRIAD_RW_almohada_red.png	1836692	43200	1	1900	2	43200	1800
5009_MINIONCE_1486	27	Picture	RW	1838792	0	1	43200	2	0	43200
5009_MINIONCE_1486	27	Pulse	99	1846332	7540	NA
5009_MINIONCE_1486	27	Port Input	1	1846332	7540	NA
5009_MINIONCE_1486	27	Response	52	1852055	13263	2
5009_MINIONCE_1486	27	Picture	26_T_RWTRIAD_RW_martillo_red.png	1881992	43200	1	1900	2	43200	1800
5009_MINIONCE_1486	27	Pulse	99	1882333	43541	NA
5009_MINIONCE_1486	27	Port Input	1	1882333	43541	NA
5009_MINIONCE_1486	28	Picture	FF	1884092	0	1	43200	2	0	43200
5009_MINIONCE_1486	28	Response	51	1898040	13948	1
5009_MINIONCE_1486	28	Pulse	99	1918334	34242	NA
5009_MINIONCE_1486	28	Port Input	1	1918334	34242	NA
5009_MINIONCE_1486	28	Picture	27_T_FFTRIAD_FF_lana_red.png	1927292	43200	1	1900	2	43200	1800
5009_MINIONCE_1486	29	Picture	FF	1929392	0	1	43199	3	0	43200
5009_MINIONCE_1486	29	Response	51	1939713	10321	1
5009_MINIONCE_1486	29	Pulse	99	1954335	24943	NA
5009_MINIONCE_1486	29	Port Input	1	1954335	24943	NA
5009_MINIONCE_1486	29	Picture	28_T_FFTRIAD_FF_martillo_red.png	1972591	43199	2	1900	4	43200	1800
5009_MINIONCE_1486	30	Picture	FF	1974691	0	2	43200	3	0	43200
5009_MINIONCE_1486	30	Response	52	1987740	13049	2
5009_MINIONCE_1486	30	Pulse	99	1990336	15645	NA
5009_MINIONCE_1486	30	Port Input	1	1990336	15645	NA
5009_MINIONCE_1486	30	Picture	29_T_FFTRIAD_FF_esquimal_red.png	2017891	43200	1	1900	2	43200	1800
5009_MINIONCE_1486	31	Picture	FF	2019991	0	1	43200	2	0	43200
5009_MINIONCE_1486	31	Pulse	99	2026337	6346	NA
5009_MINIONCE_1486	31	Port Input	1	2026337	6346	NA
5009_MINIONCE_1486	31	Response	51	2037511	17520	1
5009_MINIONCE_1486	31	Pulse	99	2062338	42347	NA
5009_MINIONCE_1486	31	Port Input	1	2062338	42347	NA
5009_MINIONCE_1486	31	Picture	30_T_FFTRIAD_FF_pincel_red.png	2063191	43200	1	1900	2	43200	1800
5009_MINIONCE_1486	32	Picture	rest	2065191	0	1	144100	2	0	144000
5009_MINIONCE_1486	32	Pulse	99	2098339	33148	NA
5009_MINIONCE_1486	32	Port Input	1	2098339	33148	NA
5009_MINIONCE_1486	32	Pulse	99	2134340	69149	NA
5009_MINIONCE_1486	32	Port Input	1	2134340	69149	NA
5009_MINIONCE_1486	32	Pulse	99	2170341	105150	NA
5009_MINIONCE_1486	32	Port Input	1	2170341	105150	NA
5009_MINIONCE_1486	32	Pulse	99	2206342	141151	NA
5009_MINIONCE_1486	32	Port Input	1	2206342	141151	NA
5009_MINIONCE_1486	33	Picture	endrest	2209390	0	2	10100	4	0	10000
5009_MINIONCE_1486	34	Picture	PW	2219691	0	1	43199	3	0	43200
5009_MINIONCE_1486	34	Response	52	2240882	21191	1
5009_MINIONCE_1486	34	Pulse	99	2242343	22652	NA
5009_MINIONCE_1486	34	Port Input	1	2242343	22652	NA
5009_MINIONCE_1486	34	Picture	33_T_PWTRIAD_PW_cortina_red.png	2262890	43199	2	1900	3	43200	1800
5009_MINIONCE_1486	35	Picture	PW	2265090	0	1	43200	2	0	43200
5009_MINIONCE_1486	35	Pulse	99	2278344	13254	NA
5009_MINIONCE_1486	35	Port Input	1	2278344	13254	NA
5009_MINIONCE_1486	35	Response	51	2284325	19235	1
5009_MINIONCE_1486	35	Picture	34_T_PWTRIAD_PW_traje_red.png	2308290	43200	1	1900	2	43200	1800
5009_MINIONCE_1486	36	Picture	PW	2310390	0	1	43200	2	0	43200
5009_MINIONCE_1486	36	Pulse	99	2314345	3955	NA
5009_MINIONCE_1486	36	Port Input	1	2314345	3955	NA
5009_MINIONCE_1486	36	Response	52	2328372	17982	1
5009_MINIONCE_1486	36	Pulse	99	2350346	39956	NA
5009_MINIONCE_1486	36	Port Input	1	2350346	39956	NA
5009_MINIONCE_1486	36	Picture	35_T_PWTRIAD_PW_zanahoria_red.png	2353590	43200	1	1900	2	43200	1800
5009_MINIONCE_1486	37	Picture	PW	2355690	0	1	43200	2	0	43200
5009_MINIONCE_1486	37	Response	51	2374559	18869	1
5009_MINIONCE_1486	37	Pulse	99	2386348	30658	NA
5009_MINIONCE_1486	37	Port Input	1	2386348	30658	NA
5009_MINIONCE_1486	37	Picture	36_T_PWTRIAD_PW_llave_red.png	2398890	43200	1	1900	2	43200	1800
5009_MINIONCE_1486	38	Picture	RW	2400990	0	1	43200	2	0	43200
5009_MINIONCE_1486	38	Response	52	2417119	16129	1
5009_MINIONCE_1486	38	Pulse	99	2422349	21359	NA
5009_MINIONCE_1486	38	Port Input	1	2422349	21359	NA
5009_MINIONCE_1486	38	Picture	37_T_RWTRIAD_RW_plato_red.png	2444190	43200	1	1900	2	43200	1800
5009_MINIONCE_1486	39	Picture	RW	2446290	0	1	43199	3	0	43200
5009_MINIONCE_1486	39	Pulse	99	2458350	12060	NA
5009_MINIONCE_1486	39	Port Input	1	2458350	12060	NA
5009_MINIONCE_1486	39	Response	52	2460745	14455	1
5009_MINIONCE_1486	39	Picture	38_T_RWTRIAD_RW_destornillador_red.png	2489489	43199	2	1900	4	43200	1800
5009_MINIONCE_1486	40	Picture	RW	2491589	0	2	43200	3	0	43200
5009_MINIONCE_1486	40	Pulse	99	2494351	2762	NA
5009_MINIONCE_1486	40	Port Input	1	2494351	2762	NA
5009_MINIONCE_1486	40	Response	52	2505053	13464	1
5009_MINIONCE_1486	40	Pulse	99	2530352	38763	NA
5009_MINIONCE_1486	40	Port Input	1	2530352	38763	NA
5009_MINIONCE_1486	40	Picture	39_T_RWTRIAD_RW_oruga_red.png	2534789	43200	1	1900	2	43200	1800
5009_MINIONCE_1486	41	Picture	RW	2537089	0	1	43200	2	0	43200
5009_MINIONCE_1486	41	Response	51	2552038	14949	2
5009_MINIONCE_1486	41	Pulse	99	2566353	29264	NA
5009_MINIONCE_1486	41	Port Input	1	2566353	29264	NA
5009_MINIONCE_1486	41	Picture	40_T_RWTRIAD_RW_carruaje_red.png	2580289	43200	1	1900	2	43200	1800
5009_MINIONCE_1486	42	Picture	rest	2582289	0	1	144100	2	0	144000
5009_MINIONCE_1486	42	Pulse	99	2602354	20065	NA
5009_MINIONCE_1486	42	Port Input	1	2602354	20065	NA
5009_MINIONCE_1486	42	Pulse	99	2638355	56066	NA
5009_MINIONCE_1486	42	Port Input	1	2638355	56066	NA
5009_MINIONCE_1486	42	Pulse	99	2674356	92067	NA
5009_MINIONCE_1486	42	Port Input	1	2674356	92067	NA
5009_MINIONCE_1486	42	Pulse	99	2710357	128068	NA
5009_MINIONCE_1486	42	Port Input	1	2710357	128068	NA
5009_MINIONCE_1486	43	Picture	endrest	2726489	0	1	10099	3	0	10000
5009_MINIONCE_1486	44	Picture	RW	2736788	0	2	43200	3	0	43200
5009_MINIONCE_1486	44	Pulse	99	2746358	9570	NA
5009_MINIONCE_1486	44	Port Input	1	2746358	9570	NA
5009_MINIONCE_1486	44	Response	52	2748348	11560	3
5009_MINIONCE_1486	44	Picture	43_T_RWTRIAD_RW_gafas_red.png	2779988	43200	1	1900	2	43200	1800
5009_MINIONCE_1486	45	Picture	RW	2782088	0	1	43200	2	0	43200
5009_MINIONCE_1486	45	Pulse	99	2782359	271	NA
5009_MINIONCE_1486	45	Port Input	1	2782359	271	NA
5009_MINIONCE_1486	45	Response	51	2796045	13957	2
5009_MINIONCE_1486	45	Pulse	99	2818360	36272	NA
5009_MINIONCE_1486	45	Port Input	1	2818360	36272	NA
5009_MINIONCE_1486	45	Picture	44_T_RWTRIAD_RW_policia_red.png	2825288	43200	1	1900	2	43200	1800
5009_MINIONCE_1486	46	Picture	RW	2827388	0	1	43200	3	0	43200
5009_MINIONCE_1486	46	Response	52	2838739	11351	1
5009_MINIONCE_1486	46	Pulse	99	2854361	26973	NA
5009_MINIONCE_1486	46	Port Input	1	2854361	26973	NA
5009_MINIONCE_1486	46	Picture	45_T_RWTRIAD_RW_sobre_red.png	2870588	43200	2	1900	3	43200	1800
5009_MINIONCE_1486	47	Picture	RW	2872688	0	1	43200	2	0	43200
5009_MINIONCE_1486	47	Response	52	2884879	12191	1
5009_MINIONCE_1486	47	Pulse	99	2890362	17674	NA
5009_MINIONCE_1486	47	Port Input	1	2890362	17674	NA
5009_MINIONCE_1486	47	Picture	46_T_RWTRIAD_RW_paraguas_red.png	2915888	43200	1	1900	2	43200	1800
5009_MINIONCE_1486	48	Picture	FF	2917988	0	1	43199	3	0	43200
5009_MINIONCE_1486	48	Pulse	99	2926363	8375	NA
5009_MINIONCE_1486	48	Port Input	1	2926363	8375	NA
5009_MINIONCE_1486	48	Response	51	2936254	18266	1
5009_MINIONCE_1486	48	Picture	47_T_FFTRIAD_FF_gafas_red.png	2961187	43199	2	1900	4	43200	1800
5009_MINIONCE_1486	48	Pulse	99	2962365	44377	NA
5009_MINIONCE_1486	48	Port Input	1	2962365	44377	NA
5009_MINIONCE_1486	49	Picture	FF	2963287	0	2	43200	4	0	43200
5009_MINIONCE_1486	49	Response	51	2980729	17442	1
5009_MINIONCE_1486	49	Pulse	99	2998366	35079	NA
5009_MINIONCE_1486	49	Port Input	1	2998366	35079	NA
5009_MINIONCE_1486	49	Picture	48_T_FFTRIAD_FF_carruaje_red.png	3006487	43200	2	1900	4	43200	1800
5009_MINIONCE_1486	50	Picture	FF	3008587	0	2	43200	3	0	43200
5009_MINIONCE_1486	50	Response	52	3029045	20458	1
5009_MINIONCE_1486	50	Pulse	99	3034367	25780	NA
5009_MINIONCE_1486	50	Port Input	1	3034367	25780	NA
5009_MINIONCE_1486	50	Picture	49_T_FFTRIAD_FF_anillo_red.png	3051787	43200	1	1900	2	43200	1800
5009_MINIONCE_1486	51	Picture	FF	3054087	0	1	43100	2	0	43200
5009_MINIONCE_1486	51	Response	52	3064912	10825	1
5009_MINIONCE_1486	51	Pulse	99	3070368	16281	NA
5009_MINIONCE_1486	51	Port Input	1	3070368	16281	NA
5009_MINIONCE_1486	51	Picture	50_T_FFTRIAD_FF_bebe_red.png	3097187	43100	1	1900	2	43200	1800
5009_MINIONCE_1486	52	Picture	rest	3099187	0	1	144099	3	0	144000
5009_MINIONCE_1486	52	Pulse	99	3106369	7182	NA
5009_MINIONCE_1486	52	Port Input	1	3106369	7182	NA
5009_MINIONCE_1486	52	Pulse	99	3142370	43183	NA
5009_MINIONCE_1486	52	Port Input	1	3142370	43183	NA
5009_MINIONCE_1486	52	Pulse	99	3178371	79184	NA
5009_MINIONCE_1486	52	Port Input	1	3178371	79184	NA
5009_MINIONCE_1486	52	Pulse	99	3214372	115185	NA
5009_MINIONCE_1486	52	Port Input	1	3214372	115185	NA
5009_MINIONCE_1486	53	Picture	endrest	3243386	0	2	10100	4	0	10000
5009_MINIONCE_1486	53	Pulse	99	3250373	6987	NA
5009_MINIONCE_1486	53	Port Input	1	3250373	6987	NA
5009_MINIONCE_1486	54	Picture	FF	3253686	0	2	43200	3	0	43200
5009_MINIONCE_1486	54	Response	51	3269127	15441	1
5009_MINIONCE_1486	54	Pulse	99	3286374	32688	NA
5009_MINIONCE_1486	54	Port Input	1	3286374	32688	NA
5009_MINIONCE_1486	54	Picture	53_T_FFTRIAD_FF_granjero_red.png	3296886	43200	1	1900	2	43200	1800
5009_MINIONCE_1486	55	Picture	FF	3298986	0	1	43200	2	0	43200
5009_MINIONCE_1486	55	Response	52	3307756	8770	1
5009_MINIONCE_1486	55	Pulse	99	3322375	23389	NA
5009_MINIONCE_1486	55	Port Input	1	3322375	23389	NA
5009_MINIONCE_1486	55	Picture	54_T_FFTRIAD_FF_cinturon_red.png	3342186	43200	1	1900	2	43200	1800
5009_MINIONCE_1486	56	Picture	FF	3344286	0	1	43200	2	0	43200
5009_MINIONCE_1486	56	Response	52	3356036	11750	1
5009_MINIONCE_1486	56	Pulse	99	3358376	14090	NA
5009_MINIONCE_1486	56	Port Input	1	3358376	14090	NA
5009_MINIONCE_1486	56	Picture	55_T_FFTRIAD_FF_grifo_red.png	3387486	43200	1	1900	2	43200	1800
5009_MINIONCE_1486	57	Picture	FF	3389586	0	1	43200	2	0	43200
5009_MINIONCE_1486	57	Pulse	99	3394377	4791	NA
5009_MINIONCE_1486	57	Port Input	1	3394377	4791	NA
5009_MINIONCE_1486	57	Response	51	3405204	15618	1
5009_MINIONCE_1486	57	Pulse	99	3430378	40792	NA
5009_MINIONCE_1486	57	Port Input	1	3430378	40792	NA
5009_MINIONCE_1486	57	Picture	56_T_FFTRIAD_FF_arbol_red.png	3432786	43200	1	1900	2	43200	1800
5009_MINIONCE_1486	58	Picture	FF	3434886	0	1	43199	3	0	43200
5009_MINIONCE_1486	58	Response	51	3443928	9042	1
5009_MINIONCE_1486	58	Pulse	99	3466379	31493	NA
5009_MINIONCE_1486	58	Port Input	1	3466379	31493	NA
5009_MINIONCE_1486	58	Picture	57_T_FFTRIAD_FF_traje_red.png	3478085	43199	2	1901	3	43200	1800
5009_MINIONCE_1486	59	Picture	FF	3480386	0	1	43099	2	0	43200
5009_MINIONCE_1486	59	Response	52	3492329	11943	1
5009_MINIONCE_1486	59	Pulse	99	3502380	21994	NA
5009_MINIONCE_1486	59	Port Input	1	3502380	21994	NA
5009_MINIONCE_1486	59	Picture	58_T_FFTRIAD_FF_destornillador_red.png	3523485	43099	1	1900	2	43200	1800
5009_MINIONCE_1486	60	Picture	FF	3525585	0	1	43200	2	0	43200
5009_MINIONCE_1486	60	Response	52	3534070	8485	2
5009_MINIONCE_1486	60	Pulse	99	3538382	12797	NA
5009_MINIONCE_1486	60	Port Input	1	3538382	12797	NA
5009_MINIONCE_1486	60	Picture	59_T_FFTRIAD_FF_telarana_red.png	3568785	43200	1	1900	2	43200	1800
5009_MINIONCE_1486	61	Picture	FF	3570885	0	1	43200	2	0	43200
5009_MINIONCE_1486	61	Pulse	99	3574383	3498	NA
5009_MINIONCE_1486	61	Port Input	1	3574383	3498	NA
5009_MINIONCE_1486	61	Response	51	3580970	10085	1
5009_MINIONCE_1486	61	Pulse	99	3610384	39499	NA
5009_MINIONCE_1486	61	Port Input	1	3610384	39499	NA
5009_MINIONCE_1486	61	Picture	60_T_FFTRIAD_FF_lechuga_red.png	3614085	43200	1	1900	2	43200	1800
5009_MINIONCE_1486	62	Picture	rest	3616085	0	1	144099	3	0	144000
5009_MINIONCE_1486	62	Pulse	99	3646385	30300	NA
5009_MINIONCE_1486	62	Port Input	1	3646385	30300	NA
5009_MINIONCE_1486	62	Pulse	99	3682386	66301	NA
5009_MINIONCE_1486	62	Port Input	1	3682386	66301	NA
5009_MINIONCE_1486	62	Pulse	99	3718387	102302	NA
5009_MINIONCE_1486	62	Port Input	1	3718387	102302	NA
5009_MINIONCE_1486	62	Pulse	99	3754388	138303	NA
5009_MINIONCE_1486	62	Port Input	1	3754388	138303	NA
5009_MINIONCE_1486	63	Picture	endrest	3760284	0	2	10100	3	0	10000
5009_MINIONCE_1486	64	Picture	PW	3770584	0	2	43200	3	0	43200
5009_MINIONCE_1486	64	Response	52	3790144	19560	1
5009_MINIONCE_1486	64	Pulse	99	3790389	19805	NA
5009_MINIONCE_1486	64	Port Input	1	3790389	19805	NA
5009_MINIONCE_1486	64	Picture	63_T_PWTRIAD_PW_botella_red.png	3813784	43200	1	1900	2	43200	1800
5009_MINIONCE_1486	65	Picture	PW	3815884	0	1	43200	2	0	43200
5009_MINIONCE_1486	65	Pulse	99	3826390	10506	NA
5009_MINIONCE_1486	65	Port Input	1	3826390	10506	NA
5009_MINIONCE_1486	65	Response	51	3829259	13375	1
5009_MINIONCE_1486	65	Picture	64_T_PWTRIAD_PW_manos_red.png	3859084	43200	1	1900	2	43200	1800
5009_MINIONCE_1486	66	Picture	PW	3861184	0	1	43200	2	0	43200
5009_MINIONCE_1486	66	Pulse	99	3862391	1207	NA
5009_MINIONCE_1486	66	Port Input	1	3862391	1207	NA
5009_MINIONCE_1486	66	Response	52	3886585	25401	1
5009_MINIONCE_1486	66	Pulse	99	3898392	37208	NA
5009_MINIONCE_1486	66	Port Input	1	3898392	37208	NA
5009_MINIONCE_1486	66	Picture	65_T_PWTRIAD_PW_destornillador_red.png	3904384	43200	1	1900	2	43200	1800
5009_MINIONCE_1486	67	Picture	PW	3906484	0	1	43200	2	0	43200
5009_MINIONCE_1486	67	Response	52	3927471	20987	1
5009_MINIONCE_1486	67	Pulse	99	3934393	27909	NA
5009_MINIONCE_1486	67	Port Input	1	3934393	27909	NA
5009_MINIONCE_1486	67	Picture	66_T_PWTRIAD_PW_oruga_red.png	3949684	43200	1	1900	2	43200	1800
5009_MINIONCE_1486	68	Picture	RW	3951784	0	1	43199	3	0	43200
5009_MINIONCE_1486	68	Response	52	3966802	15018	1
5009_MINIONCE_1486	68	Pulse	99	3970394	18610	NA
5009_MINIONCE_1486	68	Port Input	1	3970394	18610	NA
5009_MINIONCE_1486	68	Picture	67_T_RWTRIAD_RW_bellota_red.png	3994983	43199	2	1900	4	43200	1800
5009_MINIONCE_1486	69	Picture	RW	3997083	0	2	43200	3	0	43200
5009_MINIONCE_1486	69	Pulse	99	4006395	9312	NA
5009_MINIONCE_1486	69	Port Input	1	4006395	9312	NA
5009_MINIONCE_1486	69	Response	51	4016398	19315	1
5009_MINIONCE_1486	69	Picture	68_T_RWTRIAD_RW_lana_red.png	4040283	43200	1	1900	2	43200	1800
5009_MINIONCE_1486	70	Picture	RW	4042383	0	1	43200	2	0	43200
5009_MINIONCE_1486	70	Pulse	99	4042396	13	NA
5009_MINIONCE_1486	70	Port Input	1	4042396	13	NA
5009_MINIONCE_1486	70	Response	52	4055350	12967	1
5009_MINIONCE_1486	70	Pulse	99	4078397	36014	NA
5009_MINIONCE_1486	70	Port Input	1	4078397	36014	NA
5009_MINIONCE_1486	70	Picture	69_T_RWTRIAD_RW_leche_red.png	4085583	43200	1	1900	2	43200	1800
5009_MINIONCE_1486	71	Picture	RW	4087683	0	1	43200	2	0	43200
5009_MINIONCE_1486	71	Response	51	4100112	12429	1
5009_MINIONCE_1486	71	Pulse	99	4114399	26716	NA
5009_MINIONCE_1486	71	Port Input	1	4114399	26716	NA
5009_MINIONCE_1486	71	Picture	70_T_RWTRIAD_RW_queso_red.png	4130883	43200	1	1900	2	43200	1800
5009_MINIONCE_1486	72	Picture	rest	4132883	0	1	144099	3	0	144000
5009_MINIONCE_1486	72	Pulse	99	4150400	17517	NA
5009_MINIONCE_1486	72	Port Input	1	4150400	17517	NA
5009_MINIONCE_1486	72	Pulse	99	4186401	53518	NA
5009_MINIONCE_1486	72	Port Input	1	4186401	53518	NA
5009_MINIONCE_1486	72	Pulse	99	4222402	89519	NA
5009_MINIONCE_1486	72	Port Input	1	4222402	89519	NA
5009_MINIONCE_1486	72	Pulse	99	4258403	125520	NA
5009_MINIONCE_1486	72	Port Input	1	4258403	125520	NA
5009_MINIONCE_1486	73	Picture	endrest	4277082	0	1	10100	2	0	10000
5009_MINIONCE_1486	74	Picture	PW	4287582	0	1	43100	2	0	43200
5009_MINIONCE_1486	74	Pulse	99	4294404	6822	NA
5009_MINIONCE_1486	74	Port Input	1	4294404	6822	NA
5009_MINIONCE_1486	74	Response	51	4308044	20462	1
5009_MINIONCE_1486	74	Pulse	99	4330405	42823	NA
5009_MINIONCE_1486	74	Port Input	1	4330405	42823	NA
5009_MINIONCE_1486	74	Picture	73_T_PWTRIAD_PW_huevos_red.png	4330682	43100	1	1900	2	43200	1800
5009_MINIONCE_1486	75	Picture	PW	4332782	0	1	43200	2	0	43200
5009_MINIONCE_1486	75	Response	51	4349669	16887	1
5009_MINIONCE_1486	75	Pulse	99	4366406	33624	NA
5009_MINIONCE_1486	75	Port Input	1	4366406	33624	NA
5009_MINIONCE_1486	75	Picture	74_T_PWTRIAD_PW_esquimal_red.png	4375982	43200	1	1900	2	43200	1800
5009_MINIONCE_1486	76	Picture	PW	4378282	0	1	43100	2	0	43200
5009_MINIONCE_1486	76	Response	51	4391914	13632	1
5009_MINIONCE_1486	76	Pulse	99	4402407	24125	NA
5009_MINIONCE_1486	76	Port Input	1	4402407	24125	NA
5009_MINIONCE_1486	76	Picture	75_T_PWTRIAD_PW_bala_red.png	4421382	43100	1	1900	2	43200	1800
5009_MINIONCE_1486	77	Picture	PW	4423482	0	1	43200	2	0	43200
5009_MINIONCE_1486	77	Pulse	99	4438408	14926	NA
5009_MINIONCE_1486	77	Port Input	1	4438408	14926	NA
5009_MINIONCE_1486	77	Response	51	4440870	17388	1
5009_MINIONCE_1486	77	Picture	76_T_PWTRIAD_PW_sobre_red.png	4466682	43200	1	1900	2	43200	1800
5009_MINIONCE_1486	78	Picture	PW	4468782	0	1	43199	3	0	43200
5009_MINIONCE_1486	78	Pulse	99	4474409	5627	NA
5009_MINIONCE_1486	78	Port Input	1	4474409	5627	NA
5009_MINIONCE_1486	78	Response	51	4484645	15863	1
5009_MINIONCE_1486	78	Pulse	99	4510410	41628	NA
5009_MINIONCE_1486	78	Port Input	1	4510410	41628	NA
5009_MINIONCE_1486	78	Picture	77_T_PWTRIAD_PW_leche_red.png	4511981	43199	2	1900	4	43200	1800
5009_MINIONCE_1486	79	Picture	PW	4514081	0	2	43200	3	0	43200
5009_MINIONCE_1486	79	Response	52	4530164	16083	1
5009_MINIONCE_1486	79	Pulse	99	4546411	32330	NA
5009_MINIONCE_1486	79	Port Input	1	4546411	32330	NA
5009_MINIONCE_1486	79	Picture	78_T_PWTRIAD_PW_mono_red.png	4557281	43200	1	1900	2	43200	1800
5009_MINIONCE_1486	80	Picture	PW	4559581	0	1	43200	2	0	43200
5009_MINIONCE_1486	80	Pulse	99	4582412	22831	NA
5009_MINIONCE_1486	80	Port Input	1	4582412	22831	NA
5009_MINIONCE_1486	80	Response	52	4582448	22867	1
5009_MINIONCE_1486	80	Picture	79_T_PWTRIAD_PW_arco_red.png	4602781	43200	1	1900	2	43200	1800
5009_MINIONCE_1486	81	Picture	PW	4604881	0	1	43200	2	0	43200
5009_MINIONCE_1486	81	Pulse	99	4618413	13532	NA
5009_MINIONCE_1486	81	Port Input	1	4618413	13532	NA
5009_MINIONCE_1486	81	Response	51	4618635	13754	2
5009_MINIONCE_1486	81	Picture	80_T_PWTRIAD_PW_grifo_red.png	4648081	43200	1	1900	2	43200	1800
5009_MINIONCE_1486	82	Picture	rest	4650081	0	1	144099	2	0	144000
5009_MINIONCE_1486	82	Pulse	99	4654415	4334	NA
5009_MINIONCE_1486	82	Port Input	1	4654415	4334	NA
5009_MINIONCE_1486	82	Pulse	99	4690416	40335	NA
5009_MINIONCE_1486	82	Port Input	1	4690416	40335	NA
5009_MINIONCE_1486	82	Pulse	99	4726417	76336	NA
5009_MINIONCE_1486	82	Port Input	1	4726417	76336	NA
5009_MINIONCE_1486	82	Pulse	99	4762418	112337	NA
5009_MINIONCE_1486	82	Port Input	1	4762418	112337	NA
5009_MINIONCE_1486	83	Picture	endrest	4794280	0	1	10100	2	0	10000
5009_MINIONCE_1486	83	Pulse	99	4798419	4139	NA
5009_MINIONCE_1486	83	Port Input	1	4798419	4139	NA
5009_MINIONCE_1486	84	Picture	PW	4804580	0	1	43200	2	0	43200
5009_MINIONCE_1486	84	Response	51	4820035	15455	1
5009_MINIONCE_1486	84	Pulse	99	4834420	29840	NA
5009_MINIONCE_1486	84	Port Input	1	4834420	29840	NA
5009_MINIONCE_1486	84	Picture	83_T_PWTRIAD_PW_charco_red.png	4847780	43200	1	1900	2	43200	1800
5009_MINIONCE_1486	85	Picture	PW	4849880	0	1	43200	2	0	43200
5009_MINIONCE_1486	85	Response	52	4864275	14395	1
5009_MINIONCE_1486	85	Pulse	99	4870421	20541	NA
5009_MINIONCE_1486	85	Port Input	1	4870421	20541	NA
5009_MINIONCE_1486	85	Picture	84_T_PWTRIAD_PW_lana_red.png	4893080	43200	1	1900	2	43200	1800
5009_MINIONCE_1486	86	Picture	PW	4895180	0	1	43200	2	0	43200
5009_MINIONCE_1486	86	Pulse	99	4906422	11242	NA
5009_MINIONCE_1486	86	Port Input	1	4906422	11242	NA
5009_MINIONCE_1486	86	Response	52	4912096	16916	2
5009_MINIONCE_1486	86	Picture	85_T_PWTRIAD_PW_dedal_red.png	4938380	43200	1	1900	2	43200	1800
5009_MINIONCE_1486	87	Picture	PW	4940480	0	1	43200	2	0	43200
5009_MINIONCE_1486	87	Pulse	99	4942423	1943	NA
5009_MINIONCE_1486	87	Port Input	1	4942423	1943	NA
5009_MINIONCE_1486	87	Response	52	4958783	18303	2
5009_MINIONCE_1486	87	Pulse	99	4978424	37944	NA
5009_MINIONCE_1486	87	Port Input	1	4978424	37944	NA
5009_MINIONCE_1486	87	Picture	86_T_PWTRIAD_PW_queso_red.png	4983680	43200	1	1900	2	43200	1800
5009_MINIONCE_1486	88	Picture	RW	4985780	0	1	43199	3	0	43200
5009_MINIONCE_1486	88	Response	52	4997756	11976	1
5009_MINIONCE_1486	88	Pulse	99	5014425	28645	NA
5009_MINIONCE_1486	88	Port Input	1	5014425	28645	NA
5009_MINIONCE_1486	88	Picture	87_T_RWTRIAD_RW_huevos_red.png	5028979	43199	2	1900	4	43200	1800
5009_MINIONCE_1486	89	Picture	RW	5031079	0	2	43200	3	0	43200
5009_MINIONCE_1486	89	Response	51	5043810	12731	1
5009_MINIONCE_1486	89	Pulse	99	5050426	19347	NA
5009_MINIONCE_1486	89	Port Input	1	5050426	19347	NA
5009_MINIONCE_1486	89	Picture	88_T_RWTRIAD_RW_telefono_red.png	5074279	43200	1	1900	2	43200	1800
5009_MINIONCE_1486	90	Picture	RW	5076379	0	1	43200	2	0	43200
5009_MINIONCE_1486	90	Pulse	99	5086427	10048	NA
5009_MINIONCE_1486	90	Port Input	1	5086427	10048	NA
5009_MINIONCE_1486	90	Response	52	5089071	12692	1
5009_MINIONCE_1486	90	Picture	89_T_RWTRIAD_RW_llave_red.png	5119579	43200	1	1900	2	43200	1800
5009_MINIONCE_1486	91	Picture	RW	5121679	0	1	43200	2	0	43200
5009_MINIONCE_1486	91	Pulse	99	5122428	749	NA
5009_MINIONCE_1486	91	Port Input	1	5122428	749	NA
5009_MINIONCE_1486	91	Response	52	5134389	12710	1
5009_MINIONCE_1486	91	Pulse	99	5158429	36750	NA
5009_MINIONCE_1486	91	Port Input	1	5158429	36750	NA
5009_MINIONCE_1486	91	Picture	90_T_RWTRIAD_RW_pincel_red.png	5164879	43200	1	1900	2	43200	1800
5009_MINIONCE_1486	92	Picture	rest	5166879	0	1	144099	2	0	144000
5009_MINIONCE_1486	92	Pulse	99	5194431	27552	NA
5009_MINIONCE_1486	92	Port Input	1	5194431	27552	NA
5009_MINIONCE_1486	92	Pulse	99	5230432	63553	NA
5009_MINIONCE_1486	92	Port Input	1	5230432	63553	NA
5009_MINIONCE_1486	92	Pulse	99	5266433	99554	NA
5009_MINIONCE_1486	92	Port Input	1	5266433	99554	NA
5009_MINIONCE_1486	92	Pulse	99	5302434	135555	NA
5009_MINIONCE_1486	92	Port Input	1	5302434	135555	NA
5009_MINIONCE_1486	93	Picture	endrest	5311078	0	1	10100	2	0	10000
5009_MINIONCE_1486	94	Picture	FF	5321378	0	1	43200	2	0	43200
5009_MINIONCE_1486	94	Response	51	5334809	13431	1
5009_MINIONCE_1486	94	Pulse	99	5338435	17057	NA
5009_MINIONCE_1486	94	Port Input	1	5338435	17057	NA
5009_MINIONCE_1486	94	Picture	93_T_FFTRIAD_FF_futbol_red.png	5364578	43200	1	1900	2	43200	1800
5009_MINIONCE_1486	95	Picture	FF	5366678	0	1	43200	2	0	43200
5009_MINIONCE_1486	95	Pulse	99	5374436	7758	NA
5009_MINIONCE_1486	95	Port Input	1	5374436	7758	NA
5009_MINIONCE_1486	95	Response	52	5377065	10387	1
5009_MINIONCE_1486	95	Picture	94_T_FFTRIAD_FF_huevos_red.png	5409878	43200	1	1900	2	43200	1800
5009_MINIONCE_1486	95	Pulse	99	5410437	43759	NA
5009_MINIONCE_1486	95	Port Input	1	5410437	43759	NA
5009_MINIONCE_1486	96	Picture	FF	5412178	0	1	43200	2	0	43200
5009_MINIONCE_1486	96	Response	52	5426021	13843	1
5009_MINIONCE_1486	96	Pulse	99	5446438	34260	NA
5009_MINIONCE_1486	96	Port Input	1	5446438	34260	NA
5009_MINIONCE_1486	96	Picture	95_T_FFTRIAD_FF_chupete_red.png	5455378	43200	1	1900	2	43200	1800
5009_MINIONCE_1486	97	Picture	FF	5457478	0	1	43199	3	0	43200
5009_MINIONCE_1486	97	Response	52	5473745	16267	1
5009_MINIONCE_1486	97	Pulse	99	5482439	24961	NA
5009_MINIONCE_1486	97	Port Input	1	5482439	24961	NA
5009_MINIONCE_1486	97	Picture	96_T_FFTRIAD_FF_queso_red.png	5500677	43199	2	1901	3	43200	1800
5009_MINIONCE_1486	98	Picture	RW	5502978	0	1	43199	2	0	43200
5009_MINIONCE_1486	98	Pulse	99	5518440	15462	NA
5009_MINIONCE_1486	98	Port Input	1	5518440	15462	NA
5009_MINIONCE_1486	98	Response	52	5527969	24991	1
5009_MINIONCE_1486	98	Picture	97_T_RWTRIAD_RW_murcielago_red.png	5546177	43199	1	1900	3	43200	1800
5009_MINIONCE_1486	99	Picture	RW	5548477	0	1	43200	2	0	43200
5009_MINIONCE_1486	99	Pulse	99	5554441	5964	NA
5009_MINIONCE_1486	99	Port Input	1	5554441	5964	NA
5009_MINIONCE_1486	99	Response	52	5569623	21146	2
5009_MINIONCE_1486	99	Pulse	99	5590442	41965	NA
5009_MINIONCE_1486	99	Port Input	1	5590442	41965	NA
5009_MINIONCE_1486	99	Picture	98_T_RWTRIAD_RW_dado_red.png	5591677	43200	1	1900	2	43200	1800
5009_MINIONCE_1486	100	Picture	RW	5593777	0	1	43200	2	0	43200
5009_MINIONCE_1486	100	Response	52	5607368	13591	1
5009_MINIONCE_1486	100	Pulse	99	5626443	32666	NA
5009_MINIONCE_1486	100	Port Input	1	5626443	32666	NA
5009_MINIONCE_1486	100	Picture	99_T_RWTRIAD_RW_sapo_red.png	5636977	43200	1	1900	2	43200	1800
5009_MINIONCE_1486	101	Picture	RW	5639077	0	1	43200	2	0	43200
5009_MINIONCE_1486	101	Response	52	5650443	11366	6
5009_MINIONCE_1486	101	Pulse	99	5662445	23368	NA
5009_MINIONCE_1486	101	Port Input	1	5662445	23368	NA
5009_MINIONCE_1486	101	Picture	100_T_RWTRIAD_RW_mono_red.png	5682277	43200	1	1900	2	43200	1800
5009_MINIONCE_1486	102	Picture	rest	5684277	0	1	144099	4	0	144000
5009_MINIONCE_1486	102	Pulse	99	5698445	14168	NA
5009_MINIONCE_1486	102	Port Input	1	5698445	14168	NA
5009_MINIONCE_1486	102	Pulse	99	5734446	50169	NA
5009_MINIONCE_1486	102	Port Input	1	5734446	50169	NA
5009_MINIONCE_1486	102	Pulse	99	5770448	86171	NA
5009_MINIONCE_1486	102	Port Input	1	5770448	86171	NA
5009_MINIONCE_1486	102	Pulse	99	5806449	122172	NA
5009_MINIONCE_1486	102	Port Input	1	5806449	122172	NA
5009_MINIONCE_1486	103	Picture	endrest	5828476	0	1	10100	4	0	10000
5009_MINIONCE_1486	104	Picture	PW	5838776	0	1	43200	2	0	43200
5009_MINIONCE_1486	104	Pulse	99	5842450	3674	NA
5009_MINIONCE_1486	104	Port Input	1	5842450	3674	NA
5009_MINIONCE_1486	104	Response	51	5856022	17246	2
5009_MINIONCE_1486	104	Pulse	99	5878451	39675	NA
5009_MINIONCE_1486	104	Port Input	1	5878451	39675	NA
5009_MINIONCE_1486	104	Picture	103_T_PWTRIAD_PW_pincel_red.png	5881976	43200	1	1900	3	43200	1800
5009_MINIONCE_1486	105	Picture	PW	5884076	0	2	43200	4	0	43200
5009_MINIONCE_1486	105	Response	52	5900546	16470	1
5009_MINIONCE_1486	105	Pulse	99	5914452	30376	NA
5009_MINIONCE_1486	105	Port Input	1	5914452	30376	NA
5009_MINIONCE_1486	105	Picture	104_T_PWTRIAD_PW_paraguas_red.png	5927276	43200	2	1900	3	43200	1800
5009_MINIONCE_1486	106	Picture	PW	5929576	0	1	43199	4	0	43200
5009_MINIONCE_1486	106	Response	52	5946642	17066	1
5009_MINIONCE_1486	106	Pulse	99	5950453	20877	NA
5009_MINIONCE_1486	106	Port Input	1	5950453	20877	NA
5009_MINIONCE_1486	106	Picture	105_T_PWTRIAD_PW_cinturon_red.png	5972775	43199	3	1901	4	43200	1800
5009_MINIONCE_1486	107	Picture	PW	5974876	0	1	43199	3	0	43200
5009_MINIONCE_1486	107	Pulse	99	5986454	11578	NA
5009_MINIONCE_1486	107	Port Input	1	5986454	11578	NA
5009_MINIONCE_1486	107	Response	52	5989939	15063	1
5009_MINIONCE_1486	107	Picture	106_T_PWTRIAD_PW_teclado_red.png	6018075	43199	2	1900	4	43200	1800
5009_MINIONCE_1486	108	Picture	PW	6020175	0	2	43200	4	0	43200
5009_MINIONCE_1486	108	Pulse	99	6022455	2280	NA
5009_MINIONCE_1486	108	Port Input	1	6022455	2280	NA
5009_MINIONCE_1486	108	Response	52	6040752	20577	1
5009_MINIONCE_1486	108	Pulse	99	6058456	38281	NA
5009_MINIONCE_1486	108	Port Input	1	6058456	38281	NA
5009_MINIONCE_1486	108	Picture	107_T_PWTRIAD_PW_novia_red.png	6063375	43200	2	1900	4	43200	1800
5009_MINIONCE_1486	109	Picture	PW	6065475	0	2	43200	4	0	43200
5009_MINIONCE_1486	109	Response	51	6081924	16449	1
5009_MINIONCE_1486	109	Pulse	99	6094457	28982	NA
5009_MINIONCE_1486	109	Port Input	1	6094457	28982	NA
5009_MINIONCE_1486	109	Picture	108_T_PWTRIAD_PW_anillo_red.png	6108675	43200	2	1900	4	43200	1800
5009_MINIONCE_1486	110	Picture	PW	6110775	0	2	43199	4	0	43200
5009_MINIONCE_1486	110	Response	51	6127983	17208	1
5009_MINIONCE_1486	110	Pulse	99	6130458	19683	NA
5009_MINIONCE_1486	110	Port Input	1	6130458	19683	NA
5009_MINIONCE_1486	110	Picture	109_T_PWTRIAD_PW_agua_red.png	6153974	43199	2	1900	4	43200	1800
5009_MINIONCE_1486	111	Picture	PW	6156074	0	2	43201	3	0	43200
5009_MINIONCE_1486	111	Pulse	99	6166459	10385	NA
5009_MINIONCE_1486	111	Port Input	1	6166459	10385	NA
5009_MINIONCE_1486	111	Response	52	6170937	14863	1
5009_MINIONCE_1486	111	Picture	110_T_PWTRIAD_PW_banera_red.png	6199275	43201	1	1900	2	43200	1800
5009_MINIONCE_1486	112	Picture	rest	6201274	0	2	144100	3	0	144000
5009_MINIONCE_1486	112	Pulse	99	6202460	1186	NA
5009_MINIONCE_1486	112	Port Input	1	6202460	1186	NA
5009_MINIONCE_1486	112	Pulse	99	6238461	37187	NA
5009_MINIONCE_1486	112	Port Input	1	6238461	37187	NA
5009_MINIONCE_1486	112	Pulse	99	6274462	73188	NA
5009_MINIONCE_1486	112	Port Input	1	6274462	73188	NA
5009_MINIONCE_1486	112	Pulse	99	6310464	109190	NA
5009_MINIONCE_1486	112	Port Input	1	6310464	109190	NA
5009_MINIONCE_1486	113	Picture	endrest	6345474	0	1	10100	2	0	10000
5009_MINIONCE_1486	113	Pulse	99	6346465	991	NA
5009_MINIONCE_1486	113	Port Input	1	6346465	991	NA
5009_MINIONCE_1486	114	Picture	RW	6355774	0	1	43200	2	0	43200
5009_MINIONCE_1486	114	Response	51	6374706	18932	1
5009_MINIONCE_1486	114	Pulse	99	6382466	26692	NA
5009_MINIONCE_1486	114	Port Input	1	6382466	26692	NA
5009_MINIONCE_1486	114	Picture	113_T_RWTRIAD_RW_candado_red.png	6398974	43200	1	1900	2	43200	1800
5009_MINIONCE_1486	115	Picture	RW	6401074	0	1	43200	2	0	43200
5009_MINIONCE_1486	115	Pulse	99	6418467	17393	NA
5009_MINIONCE_1486	115	Port Input	1	6418467	17393	NA
5009_MINIONCE_1486	115	Response	52	6424748	23674	1
5009_MINIONCE_1486	115	Picture	114_T_RWTRIAD_RW_perro_red.png	6444274	43200	1	1900	2	43200	1800
5009_MINIONCE_1486	116	Picture	RW	6446574	0	1	43100	2	0	43200
5009_MINIONCE_1486	116	Pulse	99	6454468	7894	NA
5009_MINIONCE_1486	116	Port Input	1	6454468	7894	NA
5009_MINIONCE_1486	116	Response	51	6461051	14477	1
5009_MINIONCE_1486	116	Picture	115_T_RWTRIAD_RW_cortina_red.png	6489674	43100	1	1900	2	43200	1800
5009_MINIONCE_1486	116	Pulse	99	6490469	43895	NA
5009_MINIONCE_1486	116	Port Input	1	6490469	43895	NA
5009_MINIONCE_1486	117	Picture	RW	6491774	0	1	43199	3	0	43200
5009_MINIONCE_1486	117	Response	51	6507550	15776	5
5009_MINIONCE_1486	117	Pulse	99	6526470	34696	NA
5009_MINIONCE_1486	117	Port Input	1	6526470	34696	NA
5009_MINIONCE_1486	117	Picture	116_T_RWTRIAD_RW_pizarra_red.png	6534973	43199	2	1900	4	43200	1800
5009_MINIONCE_1486	118	Picture	FF	6537273	0	2	43200	3	0	43200
5009_MINIONCE_1486	118	Response	51	6548629	11356	1
5009_MINIONCE_1486	118	Pulse	99	6562471	25198	NA
5009_MINIONCE_1486	118	Port Input	1	6562471	25198	NA
5009_MINIONCE_1486	118	Picture	117_T_FFTRIAD_FF_television_red.png	6580473	43200	1	1900	2	43200	1800
5009_MINIONCE_1486	119	Picture	FF	6582573	0	1	43200	2	0	43200
5009_MINIONCE_1486	119	Response	51	6592643	10070	1
5009_MINIONCE_1486	119	Pulse	99	6598472	15899	NA
5009_MINIONCE_1486	119	Port Input	1	6598472	15899	NA
5009_MINIONCE_1486	119	Picture	118_T_FFTRIAD_FF_ancla_red.png	6625773	43200	1	1900	2	43200	1800
5009_MINIONCE_1486	120	Picture	FF	6627873	0	1	43200	2	0	43200
5009_MINIONCE_1486	120	Pulse	99	6634473	6600	NA
5009_MINIONCE_1486	120	Port Input	1	6634473	6600	NA
5009_MINIONCE_1486	120	Response	52	6639419	11546	1
5009_MINIONCE_1486	120	Pulse	99	6670474	42601	NA
5009_MINIONCE_1486	120	Port Input	1	6670474	42601	NA
5009_MINIONCE_1486	120	Picture	119_T_FFTRIAD_FF_mono_red.png	6671073	43200	1	1900	2	43200	1800
5009_MINIONCE_1486	121	Picture	FF	6673173	0	1	43200	2	0	43200
5009_MINIONCE_1486	121	Response	51	6683058	9885	1
5009_MINIONCE_1486	121	Pulse	99	6706475	33302	NA
5009_MINIONCE_1486	121	Port Input	1	6706475	33302	NA
5009_MINIONCE_1486	121	Picture	120_T_FFTRIAD_FF_sombrilla_red.png	6716373	43200	1	1900	2	43200	1800
5009_MINIONCE_1486	122	Picture	rest	6718373	0	1	144099	2	0	144000
5009_MINIONCE_1486	122	Pulse	99	6742476	24103	NA
5009_MINIONCE_1486	122	Port Input	1	6742476	24103	NA
5009_MINIONCE_1486	122	Pulse	99	6778477	60104	NA
5009_MINIONCE_1486	122	Port Input	1	6778477	60104	NA
5009_MINIONCE_1486	122	Pulse	99	6814478	96105	NA
5009_MINIONCE_1486	122	Port Input	1	6814478	96105	NA
5009_MINIONCE_1486	122	Pulse	99	6850480	132107	NA
5009_MINIONCE_1486	122	Port Input	1	6850480	132107	NA
5009_MINIONCE_1486	123	Picture	endrest	6862572	0	1	10100	2	0	10000
5009_MINIONCE_1486	124	Picture	PW	6872872	0	1	43200	2	0	43200
5009_MINIONCE_1486	124	Pulse	99	6886481	13609	NA
5009_MINIONCE_1486	124	Port Input	1	6886481	13609	NA
5009_MINIONCE_1486	124	Response	51	6888577	15705	1
5009_MINIONCE_1486	124	Picture	123_T_PWTRIAD_PW_bebe_red.png	6916072	43200	1	1900	2	43200	1800
5009_MINIONCE_1486	125	Picture	PW	6918172	0	1	43200	2	0	43200
5009_MINIONCE_1486	125	Pulse	99	6922482	4310	NA
5009_MINIONCE_1486	125	Port Input	1	6922482	4310	NA
5009_MINIONCE_1486	125	Response	51	6935570	17398	1
5009_MINIONCE_1486	125	Pulse	99	6958483	40311	NA
5009_MINIONCE_1486	125	Port Input	1	6958483	40311	NA
5009_MINIONCE_1486	125	Picture	124_T_PWTRIAD_PW_cerillas_red.png	6961372	43200	1	1900	2	43200	1800
5009_MINIONCE_1486	126	Picture	PW	6963472	0	1	43200	2	0	43200
5009_MINIONCE_1486	126	Response	52	6983127	19655	1
5009_MINIONCE_1486	126	Pulse	99	6994484	31012	NA
5009_MINIONCE_1486	126	Port Input	1	6994484	31012	NA
5009_MINIONCE_1486	126	Picture	125_T_PWTRIAD_PW_perro_red.png	7006672	43200	1	1900	2	43200	1800
5009_MINIONCE_1486	127	Picture	PW	7008772	0	1	43199	3	0	43200
5009_MINIONCE_1486	127	Response	51	7026998	18226	2
5009_MINIONCE_1486	127	Pulse	99	7030485	21713	NA
5009_MINIONCE_1486	127	Port Input	1	7030485	21713	NA
5009_MINIONCE_1486	127	Picture	126_T_PWTRIAD_PW_grapadora_red.png	7051971	43199	2	1900	4	43200	1800
5009_MINIONCE_1486	128	Picture	FF	7054271	0	2	43200	3	0	43200
5009_MINIONCE_1486	128	Pulse	99	7066486	12215	NA
5009_MINIONCE_1486	128	Port Input	1	7066486	12215	NA
5009_MINIONCE_1486	128	Response	52	7068737	14466	1
5009_MINIONCE_1486	128	Picture	127_T_FFTRIAD_FF_portatil_red.png	7097471	43200	1	1900	2	43200	1800
5009_MINIONCE_1486	129	Picture	FF	7099571	0	1	43200	2	0	43200
5009_MINIONCE_1486	129	Pulse	99	7102487	2916	NA
5009_MINIONCE_1486	129	Port Input	1	7102487	2916	NA
5009_MINIONCE_1486	129	Response	52	7111894	12323	1
5009_MINIONCE_1486	129	Pulse	99	7138488	38917	NA
5009_MINIONCE_1486	129	Port Input	1	7138488	38917	NA
5009_MINIONCE_1486	129	Picture	128_T_FFTRIAD_FF_banera_red.png	7142771	43200	1	1900	2	43200	1800
5009_MINIONCE_1486	130	Picture	FF	7144871	0	1	43200	2	0	43200
5009_MINIONCE_1486	130	Response	51	7155656	10785	1
5009_MINIONCE_1486	130	Pulse	99	7174489	29618	NA
5009_MINIONCE_1486	130	Port Input	1	7174489	29618	NA
5009_MINIONCE_1486	130	Picture	129_T_FFTRIAD_FF_violin_red.png	7188071	43200	1	1900	2	43200	1800
5009_MINIONCE_1486	131	Picture	FF	7190171	0	1	43200	2	0	43200
5009_MINIONCE_1486	131	Response	52	7205077	14906	1
5009_MINIONCE_1486	131	Pulse	99	7210490	20319	NA
5009_MINIONCE_1486	131	Port Input	1	7210490	20319	NA
5009_MINIONCE_1486	131	Picture	130_T_FFTRIAD_FF_plato_red.png	7233371	43200	1	1900	2	43200	1800
5009_MINIONCE_1486	132	Picture	rest	7235371	0	1	144099	2	0	144000
5009_MINIONCE_1486	132	Pulse	99	7246491	11120	NA
5009_MINIONCE_1486	132	Port Input	1	7246491	11120	NA
5009_MINIONCE_1486	132	Pulse	99	7282492	47121	NA
5009_MINIONCE_1486	132	Port Input	1	7282492	47121	NA
5009_MINIONCE_1486	132	Pulse	99	7318493	83122	NA
5009_MINIONCE_1486	132	Port Input	1	7318493	83122	NA
5009_MINIONCE_1486	132	Pulse	99	7354495	119124	NA
5009_MINIONCE_1486	132	Port Input	1	7354495	119124	NA
5009_MINIONCE_1486	133	Picture	endrest	7379570	0	1	10100	2	0	10000
5009_MINIONCE_1486	134	Picture	PW	7389870	0	1	43200	2	0	43200
5009_MINIONCE_1486	134	Pulse	99	7390496	626	NA
5009_MINIONCE_1486	134	Port Input	1	7390496	626	NA
5009_MINIONCE_1486	134	Response	52	7408152	18282	1
5009_MINIONCE_1486	134	Pulse	99	7426497	36627	NA
5009_MINIONCE_1486	134	Port Input	1	7426497	36627	NA
5009_MINIONCE_1486	134	Picture	133_T_PWTRIAD_PW_tenedor_red.png	7433070	43200	1	1900	2	43200	1800
5009_MINIONCE_1486	135	Picture	PW	7435170	0	1	43200	2	0	43200
5009_MINIONCE_1486	135	Response	52	7451912	16742	1
5009_MINIONCE_1486	135	Pulse	99	7462498	27328	NA
5009_MINIONCE_1486	135	Port Input	1	7462498	27328	NA
5009_MINIONCE_1486	135	Picture	134_T_PWTRIAD_PW_tijera_red.png	7478370	43200	1	1900	2	43200	1800
5009_MINIONCE_1486	136	Picture	PW	7480670	0	1	43100	2	0	43200
5009_MINIONCE_1486	136	Response	51	7495233	14563	2
5009_MINIONCE_1486	136	Pulse	99	7498499	17829	NA
5009_MINIONCE_1486	136	Port Input	1	7498499	17829	NA
5009_MINIONCE_1486	136	Picture	135_T_PWTRIAD_PW_plato_red.png	7523770	43100	1	1900	2	43200	1800
5009_MINIONCE_1486	137	Picture	PW	7525870	0	1	43199	2	0	43200
5009_MINIONCE_1486	137	Pulse	99	7534500	8630	NA
5009_MINIONCE_1486	137	Port Input	1	7534500	8630	NA
5009_MINIONCE_1486	137	Response	51	7538638	12768	1
5009_MINIONCE_1486	137	Picture	136_T_PWTRIAD_PW_silla_red.png	7569069	43199	1	1900	2	43200	1800
5009_MINIONCE_1486	137	Pulse	99	7570501	44631	NA
5009_MINIONCE_1486	137	Port Input	1	7570501	44631	NA
5009_MINIONCE_1486	138	Picture	rest	7571069	0	1	144100	2	0	144000
5009_MINIONCE_1486	138	Pulse	99	7606502	35433	NA
5009_MINIONCE_1486	138	Port Input	1	7606502	35433	NA
5009_MINIONCE_1486	139	Picture	endrest	7715269	0	1	10100	2	0	10000
5009_MINIONCE_1486	140	Picture	endrest	7725469	0	1	10100	2	0	10000
5009_MINIONCE_1486	141	Picture	endrest	7735669	0	1	10100	2	0	10000
5009_MINIONCE_1486	142	Picture	endrest	7745869	0	1	10100	2	0	10000
