Scenario - vOT_Triads_fMRI_I
Logfile written - 05/13/2015 14:20:24

Subject	Trial	Event Type	Code	Time	TTime	Uncertainty	Duration	Uncertainty	ReqTime	ReqDur

S009_DAY1_MINITWICE_4423	1	Response	98	191169	201069	1
S009_DAY1_MINITWICE_4423	2	Response	98	287421	96223	1
S009_DAY1_MINITWICE_4423	3	Response	98	417150	129652	1
S009_DAY1_MINITWICE_4423	4	Response	98	684616	267319	1
S009_DAY1_MINITWICE_4423	6	Pulse	99	868661	183964	NA
S009_DAY1_MINITWICE_4423	6	Port Input	1	868661	183964	NA
S009_DAY1_MINITWICE_4423	6	Pulse	99	904662	219965	NA
S009_DAY1_MINITWICE_4423	6	Port Input	1	904662	219965	NA
S009_DAY1_MINITWICE_4423	6	Pulse	99	940663	255966	NA
S009_DAY1_MINITWICE_4423	6	Port Input	1	940663	255966	NA
S009_DAY1_MINITWICE_4423	6	Pulse	99	976664	291967	NA
S009_DAY1_MINITWICE_4423	6	Port Input	1	976664	291967	NA
S009_DAY1_MINITWICE_4423	6	Pulse	99	1012666	327969	NA
S009_DAY1_MINITWICE_4423	6	Port Input	1	1012666	327969	NA
S009_DAY1_MINITWICE_4423	7	Picture	rest	1012895	0	1	144100	2	0	144000
S009_DAY1_MINITWICE_4423	7	Pulse	99	1048667	35772	NA
S009_DAY1_MINITWICE_4423	7	Port Input	1	1048667	35772	NA
S009_DAY1_MINITWICE_4423	7	Pulse	99	1084668	71773	NA
S009_DAY1_MINITWICE_4423	7	Port Input	1	1084668	71773	NA
S009_DAY1_MINITWICE_4423	7	Pulse	99	1120669	107774	NA
S009_DAY1_MINITWICE_4423	7	Port Input	1	1120669	107774	NA
S009_DAY1_MINITWICE_4423	7	Pulse	99	1156670	143775	NA
S009_DAY1_MINITWICE_4423	7	Port Input	1	1156670	143775	NA
S009_DAY1_MINITWICE_4423	8	Picture	endrest	1157095	0	1	10099	3	0	10000
S009_DAY1_MINITWICE_4423	9	Picture	FF	1167394	0	2	43200	3	0	43200
S009_DAY1_MINITWICE_4423	9	Response	52	1183268	15874	1
S009_DAY1_MINITWICE_4423	9	Pulse	99	1192671	25277	NA
S009_DAY1_MINITWICE_4423	9	Port Input	1	1192671	25277	NA
S009_DAY1_MINITWICE_4423	9	Picture	3_T_FFTRIAD_FF_mono_red.png	1210594	43200	1	1900	2	43200	1800
S009_DAY1_MINITWICE_4423	10	Picture	FF	1212694	0	1	43200	2	0	43200
S009_DAY1_MINITWICE_4423	10	Pulse	99	1228672	15978	NA
S009_DAY1_MINITWICE_4423	10	Port Input	1	1228672	15978	NA
S009_DAY1_MINITWICE_4423	10	Response	52	1234579	21885	1
S009_DAY1_MINITWICE_4423	10	Picture	4_T_FFTRIAD_FF_oruga_red.png	1255894	43200	1	1900	2	43200	1800
S009_DAY1_MINITWICE_4423	11	Picture	FF	1257994	0	1	43200	2	0	43200
S009_DAY1_MINITWICE_4423	11	Pulse	99	1264673	6679	NA
S009_DAY1_MINITWICE_4423	11	Port Input	1	1264673	6679	NA
S009_DAY1_MINITWICE_4423	11	Response	52	1276930	18936	1
S009_DAY1_MINITWICE_4423	11	Pulse	99	1300674	42680	NA
S009_DAY1_MINITWICE_4423	11	Port Input	1	1300674	42680	NA
S009_DAY1_MINITWICE_4423	11	Picture	5_T_FFTRIAD_FF_manos_red.png	1301194	43200	1	1900	2	43200	1800
S009_DAY1_MINITWICE_4423	12	Picture	FF	1303294	0	1	43200	2	0	43200
S009_DAY1_MINITWICE_4423	12	Response	52	1329991	26697	1
S009_DAY1_MINITWICE_4423	12	Pulse	99	1336675	33381	NA
S009_DAY1_MINITWICE_4423	12	Port Input	1	1336675	33381	NA
S009_DAY1_MINITWICE_4423	12	Picture	6_T_FFTRIAD_FF_grifo_red.png	1346494	43200	1	1900	2	43200	1800
S009_DAY1_MINITWICE_4423	13	Picture	RW	1348594	0	1	43199	3	0	43200
S009_DAY1_MINITWICE_4423	13	Response	52	1368577	19983	1
S009_DAY1_MINITWICE_4423	13	Pulse	99	1372676	24082	NA
S009_DAY1_MINITWICE_4423	13	Port Input	1	1372676	24082	NA
S009_DAY1_MINITWICE_4423	13	Picture	7_T_RWTRIAD_RW_arco_red.png	1391793	43199	2	1901	3	43200	1800
S009_DAY1_MINITWICE_4423	14	Picture	RW	1393894	0	1	43199	2	0	43200
S009_DAY1_MINITWICE_4423	14	Pulse	99	1408678	14784	NA
S009_DAY1_MINITWICE_4423	14	Port Input	1	1408678	14784	NA
S009_DAY1_MINITWICE_4423	14	Response	51	1413918	20024	1
S009_DAY1_MINITWICE_4423	14	Picture	8_T_RWTRIAD_RW_pizarra_red.png	1437093	43199	1	1900	3	43200	1800
S009_DAY1_MINITWICE_4423	15	Picture	RW	1439193	0	2	43200	3	0	43200
S009_DAY1_MINITWICE_4423	15	Pulse	99	1444679	5486	NA
S009_DAY1_MINITWICE_4423	15	Port Input	1	1444679	5486	NA
S009_DAY1_MINITWICE_4423	15	Response	51	1462179	22986	1
S009_DAY1_MINITWICE_4423	15	Pulse	99	1480680	41487	NA
S009_DAY1_MINITWICE_4423	15	Port Input	1	1480680	41487	NA
S009_DAY1_MINITWICE_4423	15	Picture	9_T_RWTRIAD_RW_botella_red.png	1482393	43200	1	1900	2	43200	1800
S009_DAY1_MINITWICE_4423	16	Picture	RW	1484493	0	1	43200	2	0	43200
S009_DAY1_MINITWICE_4423	16	Response	51	1506474	21981	1
S009_DAY1_MINITWICE_4423	16	Pulse	99	1516681	32188	NA
S009_DAY1_MINITWICE_4423	16	Port Input	1	1516681	32188	NA
S009_DAY1_MINITWICE_4423	16	Picture	10_T_RWTRIAD_RW_dedal_red.png	1527693	43200	1	1900	2	43200	1800
S009_DAY1_MINITWICE_4423	17	Picture	rest	1529693	0	1	144099	3	0	144000
S009_DAY1_MINITWICE_4423	17	Pulse	99	1552682	22989	NA
S009_DAY1_MINITWICE_4423	17	Port Input	1	1552682	22989	NA
S009_DAY1_MINITWICE_4423	17	Pulse	99	1588683	58990	NA
S009_DAY1_MINITWICE_4423	17	Port Input	1	1588683	58990	NA
S009_DAY1_MINITWICE_4423	17	Pulse	99	1624684	94991	NA
S009_DAY1_MINITWICE_4423	17	Port Input	1	1624684	94991	NA
S009_DAY1_MINITWICE_4423	17	Pulse	99	1660685	130992	NA
S009_DAY1_MINITWICE_4423	17	Port Input	1	1660685	130992	NA
S009_DAY1_MINITWICE_4423	18	Picture	endrest	1673892	0	2	10100	4	0	10000
S009_DAY1_MINITWICE_4423	19	Picture	PW	1684192	0	1	43200	2	0	43200
S009_DAY1_MINITWICE_4423	19	Pulse	99	1696686	12494	NA
S009_DAY1_MINITWICE_4423	19	Port Input	1	1696686	12494	NA
S009_DAY1_MINITWICE_4423	19	Picture	13_T_PWTRIAD_PW_teclado_red.png	1727392	43200	1	1900	2	43200	1800
S009_DAY1_MINITWICE_4423	20	Picture	PW	1729492	0	1	43200	2	0	43200
S009_DAY1_MINITWICE_4423	20	Response	51	1731614	2122	1
S009_DAY1_MINITWICE_4423	20	Pulse	99	1732687	3195	NA
S009_DAY1_MINITWICE_4423	20	Port Input	1	1732687	3195	NA
S009_DAY1_MINITWICE_4423	20	Response	51	1764676	35184	1
S009_DAY1_MINITWICE_4423	20	Pulse	99	1768688	39196	NA
S009_DAY1_MINITWICE_4423	20	Port Input	1	1768688	39196	NA
S009_DAY1_MINITWICE_4423	20	Picture	14_T_PWTRIAD_PW_sombrilla_red.png	1772692	43200	1	1900	2	43200	1800
S009_DAY1_MINITWICE_4423	21	Picture	PW	1774792	0	1	43200	2	0	43200
S009_DAY1_MINITWICE_4423	21	Pulse	99	1804689	29897	NA
S009_DAY1_MINITWICE_4423	21	Port Input	1	1804689	29897	NA
S009_DAY1_MINITWICE_4423	21	Response	52	1808579	33787	1
S009_DAY1_MINITWICE_4423	21	Picture	15_T_PWTRIAD_PW_murcielago_red.png	1817992	43200	1	1900	2	43200	1800
S009_DAY1_MINITWICE_4423	22	Picture	PW	1820092	0	1	43200	2	0	43200
S009_DAY1_MINITWICE_4423	22	Pulse	99	1840691	20599	NA
S009_DAY1_MINITWICE_4423	22	Port Input	1	1840691	20599	NA
S009_DAY1_MINITWICE_4423	22	Response	51	1847061	26969	1
S009_DAY1_MINITWICE_4423	22	Picture	16_T_PWTRIAD_PW_arbol_red.png	1863292	43200	1	1900	2	43200	1800
S009_DAY1_MINITWICE_4423	23	Picture	FF	1865392	0	1	43200	2	0	43200
S009_DAY1_MINITWICE_4423	23	Pulse	99	1876692	11300	NA
S009_DAY1_MINITWICE_4423	23	Port Input	1	1876692	11300	NA
S009_DAY1_MINITWICE_4423	23	Response	51	1885772	20380	1
S009_DAY1_MINITWICE_4423	23	Picture	17_T_FFTRIAD_FF_paracaidas_red.png	1908592	43200	1	1899	3	43200	1800
S009_DAY1_MINITWICE_4423	24	Picture	FF	1910691	0	2	43200	3	0	43200
S009_DAY1_MINITWICE_4423	24	Pulse	99	1912693	2002	NA
S009_DAY1_MINITWICE_4423	24	Port Input	1	1912693	2002	NA
S009_DAY1_MINITWICE_4423	24	Response	52	1928797	18106	1
S009_DAY1_MINITWICE_4423	24	Pulse	99	1948694	38003	NA
S009_DAY1_MINITWICE_4423	24	Port Input	1	1948694	38003	NA
S009_DAY1_MINITWICE_4423	24	Picture	18_T_FFTRIAD_FF_destornillador_red.png	1953891	43200	1	1900	2	43200	1800
S009_DAY1_MINITWICE_4423	25	Picture	FF	1955991	0	1	43200	2	0	43200
S009_DAY1_MINITWICE_4423	25	Response	52	1971184	15193	1
S009_DAY1_MINITWICE_4423	25	Pulse	99	1984695	28704	NA
S009_DAY1_MINITWICE_4423	25	Port Input	1	1984695	28704	NA
S009_DAY1_MINITWICE_4423	25	Picture	19_T_FFTRIAD_FF_paraguas_red.png	1999191	43200	1	1900	2	43200	1800
S009_DAY1_MINITWICE_4423	26	Picture	FF	2001291	0	1	43200	2	0	43200
S009_DAY1_MINITWICE_4423	26	Response	52	2016105	14814	1
S009_DAY1_MINITWICE_4423	26	Pulse	99	2020696	19405	NA
S009_DAY1_MINITWICE_4423	26	Port Input	1	2020696	19405	NA
S009_DAY1_MINITWICE_4423	26	Picture	20_T_FFTRIAD_FF_pilas_red.png	2044491	43200	1	1900	2	43200	1800
S009_DAY1_MINITWICE_4423	27	Picture	rest	2046491	0	1	144099	2	0	144000
S009_DAY1_MINITWICE_4423	27	Pulse	99	2056697	10206	NA
S009_DAY1_MINITWICE_4423	27	Port Input	1	2056697	10206	NA
S009_DAY1_MINITWICE_4423	27	Pulse	99	2092698	46207	NA
S009_DAY1_MINITWICE_4423	27	Port Input	1	2092698	46207	NA
S009_DAY1_MINITWICE_4423	27	Pulse	99	2128699	82208	NA
S009_DAY1_MINITWICE_4423	27	Port Input	1	2128699	82208	NA
S009_DAY1_MINITWICE_4423	27	Pulse	99	2164700	118209	NA
S009_DAY1_MINITWICE_4423	27	Port Input	1	2164700	118209	NA
S009_DAY1_MINITWICE_4423	28	Picture	endrest	2190690	0	1	10100	2	0	10000
S009_DAY1_MINITWICE_4423	28	Pulse	99	2200702	10012	NA
S009_DAY1_MINITWICE_4423	28	Port Input	1	2200702	10012	NA
S009_DAY1_MINITWICE_4423	29	Picture	FF	2200990	0	1	43200	2	0	43200
S009_DAY1_MINITWICE_4423	29	Response	52	2214377	13387	1
S009_DAY1_MINITWICE_4423	29	Pulse	99	2236703	35713	NA
S009_DAY1_MINITWICE_4423	29	Port Input	1	2236703	35713	NA
S009_DAY1_MINITWICE_4423	29	Picture	23_T_FFTRIAD_FF_dedal_red.png	2244190	43200	1	1900	2	43200	1800
S009_DAY1_MINITWICE_4423	30	Picture	FF	2246290	0	1	43200	3	0	43200
S009_DAY1_MINITWICE_4423	30	Response	51	2260349	14059	1
S009_DAY1_MINITWICE_4423	30	Pulse	99	2272704	26414	NA
S009_DAY1_MINITWICE_4423	30	Port Input	1	2272704	26414	NA
S009_DAY1_MINITWICE_4423	30	Picture	24_T_FFTRIAD_FF_television_red.png	2289490	43200	2	1900	3	43200	1800
S009_DAY1_MINITWICE_4423	31	Picture	FF	2291590	0	1	43200	2	0	43200
S009_DAY1_MINITWICE_4423	31	Response	52	2301588	9998	1
S009_DAY1_MINITWICE_4423	31	Pulse	99	2308705	17115	NA
S009_DAY1_MINITWICE_4423	31	Port Input	1	2308705	17115	NA
S009_DAY1_MINITWICE_4423	31	Picture	25_T_FFTRIAD_FF_portatil_red.png	2334790	43200	1	1900	2	43200	1800
S009_DAY1_MINITWICE_4423	32	Picture	FF	2336890	0	1	43200	2	0	43200
S009_DAY1_MINITWICE_4423	32	Pulse	99	2344706	7816	NA
S009_DAY1_MINITWICE_4423	32	Port Input	1	2344706	7816	NA
S009_DAY1_MINITWICE_4423	32	Response	51	2347758	10868	1
S009_DAY1_MINITWICE_4423	32	Picture	26_T_FFTRIAD_FF_charco_red.png	2380090	43200	1	1899	3	43200	1800
S009_DAY1_MINITWICE_4423	32	Pulse	99	2380707	43817	NA
S009_DAY1_MINITWICE_4423	32	Port Input	1	2380707	43817	NA
S009_DAY1_MINITWICE_4423	33	Picture	PW	2382189	0	2	43200	4	0	43200
S009_DAY1_MINITWICE_4423	33	Response	51	2403965	21776	1
S009_DAY1_MINITWICE_4423	33	Pulse	99	2416708	34519	NA
S009_DAY1_MINITWICE_4423	33	Port Input	1	2416708	34519	NA
S009_DAY1_MINITWICE_4423	33	Picture	27_T_PWTRIAD_PW_silla_red.png	2425389	43200	2	1900	4	43200	1800
S009_DAY1_MINITWICE_4423	34	Picture	PW	2427489	0	2	43200	3	0	43200
S009_DAY1_MINITWICE_4423	34	Response	52	2449855	22366	1
S009_DAY1_MINITWICE_4423	34	Pulse	99	2452709	25220	NA
S009_DAY1_MINITWICE_4423	34	Port Input	1	2452709	25220	NA
S009_DAY1_MINITWICE_4423	34	Picture	28_T_PWTRIAD_PW_carruaje_red.png	2470689	43200	1	1900	2	43200	1800
S009_DAY1_MINITWICE_4423	35	Picture	PW	2472789	0	1	43200	2	0	43200
S009_DAY1_MINITWICE_4423	35	Pulse	99	2488710	15921	NA
S009_DAY1_MINITWICE_4423	35	Port Input	1	2488710	15921	NA
S009_DAY1_MINITWICE_4423	35	Response	52	2493111	20322	1
S009_DAY1_MINITWICE_4423	35	Picture	29_T_PWTRIAD_PW_dedal_red.png	2515989	43200	1	1900	2	43200	1800
S009_DAY1_MINITWICE_4423	36	Picture	PW	2518089	0	1	43200	2	0	43200
S009_DAY1_MINITWICE_4423	36	Pulse	99	2524711	6622	NA
S009_DAY1_MINITWICE_4423	36	Port Input	1	2524711	6622	NA
S009_DAY1_MINITWICE_4423	36	Response	52	2538810	20721	1
S009_DAY1_MINITWICE_4423	36	Pulse	99	2560712	42623	NA
S009_DAY1_MINITWICE_4423	36	Port Input	1	2560712	42623	NA
S009_DAY1_MINITWICE_4423	36	Picture	30_T_PWTRIAD_PW_queso_red.png	2561289	43200	1	1900	3	43200	1800
S009_DAY1_MINITWICE_4423	37	Picture	rest	2563289	0	1	144099	3	0	144000
S009_DAY1_MINITWICE_4423	37	Pulse	99	2596713	33424	NA
S009_DAY1_MINITWICE_4423	37	Port Input	1	2596713	33424	NA
S009_DAY1_MINITWICE_4423	37	Pulse	99	2632715	69426	NA
S009_DAY1_MINITWICE_4423	37	Port Input	1	2632715	69426	NA
S009_DAY1_MINITWICE_4423	37	Pulse	99	2668716	105427	NA
S009_DAY1_MINITWICE_4423	37	Port Input	1	2668716	105427	NA
S009_DAY1_MINITWICE_4423	37	Pulse	99	2704717	141428	NA
S009_DAY1_MINITWICE_4423	37	Port Input	1	2704717	141428	NA
S009_DAY1_MINITWICE_4423	38	Picture	endrest	2707488	0	1	10100	2	0	10000
S009_DAY1_MINITWICE_4423	39	Picture	RW	2717788	0	2	43199	4	0	43200
S009_DAY1_MINITWICE_4423	39	Response	52	2738395	20607	1
S009_DAY1_MINITWICE_4423	39	Pulse	99	2740718	22930	NA
S009_DAY1_MINITWICE_4423	39	Port Input	1	2740718	22930	NA
S009_DAY1_MINITWICE_4423	39	Picture	33_T_RWTRIAD_RW_llave_red.png	2760987	43199	2	1900	4	43200	1800
S009_DAY1_MINITWICE_4423	40	Picture	RW	2763087	0	2	43200	4	0	43200
S009_DAY1_MINITWICE_4423	40	Pulse	99	2776719	13632	NA
S009_DAY1_MINITWICE_4423	40	Port Input	1	2776719	13632	NA
S009_DAY1_MINITWICE_4423	40	Response	52	2784464	21377	1
S009_DAY1_MINITWICE_4423	40	Picture	34_T_RWTRIAD_RW_monja_red.png	2806287	43200	2	1900	4	43200	1800
S009_DAY1_MINITWICE_4423	41	Picture	RW	2808387	0	2	43201	3	0	43200
S009_DAY1_MINITWICE_4423	41	Pulse	99	2812720	4333	NA
S009_DAY1_MINITWICE_4423	41	Port Input	1	2812720	4333	NA
S009_DAY1_MINITWICE_4423	41	Response	52	2831172	22785	2
S009_DAY1_MINITWICE_4423	41	Pulse	99	2848721	40334	NA
S009_DAY1_MINITWICE_4423	41	Port Input	1	2848721	40334	NA
S009_DAY1_MINITWICE_4423	41	Picture	35_T_RWTRIAD_RW_grapadora_red.png	2851588	43201	1	1900	2	43200	1800
S009_DAY1_MINITWICE_4423	42	Picture	RW	2853687	0	2	43200	4	0	43200
S009_DAY1_MINITWICE_4423	42	Response	52	2875690	22003	1
S009_DAY1_MINITWICE_4423	42	Pulse	99	2884722	31035	NA
S009_DAY1_MINITWICE_4423	42	Port Input	1	2884722	31035	NA
S009_DAY1_MINITWICE_4423	42	Picture	36_T_RWTRIAD_RW_queso_red.png	2896887	43200	2	1900	4	43200	1800
S009_DAY1_MINITWICE_4423	43	Picture	PW	2898987	0	2	43200	3	0	43200
S009_DAY1_MINITWICE_4423	43	Pulse	99	2920723	21736	NA
S009_DAY1_MINITWICE_4423	43	Port Input	1	2920723	21736	NA
S009_DAY1_MINITWICE_4423	43	Response	52	2922548	23561	1
S009_DAY1_MINITWICE_4423	43	Picture	37_T_PWTRIAD_PW_zanahoria_red.png	2942187	43200	1	1900	2	43200	1800
S009_DAY1_MINITWICE_4423	44	Picture	PW	2944287	0	1	43200	2	0	43200
S009_DAY1_MINITWICE_4423	44	Pulse	99	2956724	12437	NA
S009_DAY1_MINITWICE_4423	44	Port Input	1	2956724	12437	NA
S009_DAY1_MINITWICE_4423	44	Response	51	2974466	30179	1
S009_DAY1_MINITWICE_4423	44	Picture	38_T_PWTRIAD_PW_lenador_red.png	2987487	43200	1	1900	2	43200	1800
S009_DAY1_MINITWICE_4423	45	Picture	PW	2989587	0	1	43200	2	0	43200
S009_DAY1_MINITWICE_4423	45	Pulse	99	2992726	3139	NA
S009_DAY1_MINITWICE_4423	45	Port Input	1	2992726	3139	NA
S009_DAY1_MINITWICE_4423	45	Response	52	3014740	25153	1
S009_DAY1_MINITWICE_4423	45	Pulse	99	3028727	39140	NA
S009_DAY1_MINITWICE_4423	45	Port Input	1	3028727	39140	NA
S009_DAY1_MINITWICE_4423	45	Picture	39_T_PWTRIAD_PW_mono_red.png	3032787	43200	1	1900	2	43200	1800
S009_DAY1_MINITWICE_4423	46	Picture	PW	3034887	0	1	43200	2	0	43200
S009_DAY1_MINITWICE_4423	46	Response	51	3052839	17952	1
S009_DAY1_MINITWICE_4423	46	Pulse	99	3064728	29841	NA
S009_DAY1_MINITWICE_4423	46	Port Input	1	3064728	29841	NA
S009_DAY1_MINITWICE_4423	46	Picture	40_T_PWTRIAD_PW_plato_red.png	3078087	43200	1	1900	2	43200	1800
S009_DAY1_MINITWICE_4423	47	Picture	rest	3080087	0	1	144099	2	0	144000
S009_DAY1_MINITWICE_4423	47	Pulse	99	3100729	20642	NA
S009_DAY1_MINITWICE_4423	47	Port Input	1	3100729	20642	NA
S009_DAY1_MINITWICE_4423	47	Pulse	99	3136730	56643	NA
S009_DAY1_MINITWICE_4423	47	Port Input	1	3136730	56643	NA
S009_DAY1_MINITWICE_4423	47	Pulse	99	3172731	92644	NA
S009_DAY1_MINITWICE_4423	47	Port Input	1	3172731	92644	NA
S009_DAY1_MINITWICE_4423	47	Pulse	99	3208732	128645	NA
S009_DAY1_MINITWICE_4423	47	Port Input	1	3208732	128645	NA
S009_DAY1_MINITWICE_4423	48	Picture	endrest	3224286	0	1	10100	2	0	10000
S009_DAY1_MINITWICE_4423	49	Picture	FF	3234586	0	1	43200	2	0	43200
S009_DAY1_MINITWICE_4423	49	Pulse	99	3244733	10147	NA
S009_DAY1_MINITWICE_4423	49	Port Input	1	3244733	10147	NA
S009_DAY1_MINITWICE_4423	49	Response	52	3246253	11667	1
S009_DAY1_MINITWICE_4423	49	Picture	43_T_FFTRIAD_FF_cinturon_red.png	3277786	43200	1	1900	2	43200	1800
S009_DAY1_MINITWICE_4423	50	Picture	FF	3279886	0	1	43200	2	0	43200
S009_DAY1_MINITWICE_4423	50	Pulse	99	3280734	848	NA
S009_DAY1_MINITWICE_4423	50	Port Input	1	3280734	848	NA
S009_DAY1_MINITWICE_4423	50	Response	51	3294171	14285	1
S009_DAY1_MINITWICE_4423	50	Pulse	99	3316735	36849	NA
S009_DAY1_MINITWICE_4423	50	Port Input	1	3316735	36849	NA
S009_DAY1_MINITWICE_4423	50	Picture	44_T_FFTRIAD_FF_arco_red.png	3323086	43200	1	1900	2	43200	1800
S009_DAY1_MINITWICE_4423	51	Picture	FF	3325186	0	1	43199	3	0	43200
S009_DAY1_MINITWICE_4423	51	Response	52	3337370	12184	1
S009_DAY1_MINITWICE_4423	51	Response	51	3341119	15933	1
S009_DAY1_MINITWICE_4423	51	Pulse	99	3352736	27550	NA
S009_DAY1_MINITWICE_4423	51	Port Input	1	3352736	27550	NA
S009_DAY1_MINITWICE_4423	51	Picture	45_T_FFTRIAD_FF_candado_red.png	3368385	43199	2	1901	3	43200	1800
S009_DAY1_MINITWICE_4423	52	Picture	FF	3370486	0	1	43199	2	0	43200
S009_DAY1_MINITWICE_4423	52	Response	51	3387570	17084	1
S009_DAY1_MINITWICE_4423	52	Pulse	99	3388737	18251	NA
S009_DAY1_MINITWICE_4423	52	Port Input	1	3388737	18251	NA
S009_DAY1_MINITWICE_4423	52	Picture	46_T_FFTRIAD_FF_granjero_red.png	3413685	43199	1	1900	2	43200	1800
S009_DAY1_MINITWICE_4423	53	Picture	RW	3415785	0	1	43200	2	0	43200
S009_DAY1_MINITWICE_4423	53	Pulse	99	3424738	8953	NA
S009_DAY1_MINITWICE_4423	53	Port Input	1	3424738	8953	NA
S009_DAY1_MINITWICE_4423	53	Response	51	3454062	38277	1
S009_DAY1_MINITWICE_4423	53	Picture	47_T_RWTRIAD_RW_estetoscopio_red.png	3458985	43200	1	1900	2	43200	1800
S009_DAY1_MINITWICE_4423	53	Pulse	99	3460740	44955	NA
S009_DAY1_MINITWICE_4423	53	Port Input	1	3460740	44955	NA
S009_DAY1_MINITWICE_4423	54	Picture	RW	3461085	0	1	43200	2	0	43200
S009_DAY1_MINITWICE_4423	54	Response	52	3493411	32326	1
S009_DAY1_MINITWICE_4423	54	Pulse	99	3496741	35656	NA
S009_DAY1_MINITWICE_4423	54	Port Input	1	3496741	35656	NA
S009_DAY1_MINITWICE_4423	54	Picture	48_T_RWTRIAD_RW_molino_red.png	3504285	43200	1	1900	2	43200	1800
S009_DAY1_MINITWICE_4423	55	Picture	RW	3506385	0	1	43200	2	0	43200
S009_DAY1_MINITWICE_4423	55	Pulse	99	3532742	26357	NA
S009_DAY1_MINITWICE_4423	55	Port Input	1	3532742	26357	NA
S009_DAY1_MINITWICE_4423	55	Response	52	3536202	29817	1
S009_DAY1_MINITWICE_4423	55	Picture	49_T_RWTRIAD_RW_sombrilla_red.png	3549585	43200	1	1900	2	43200	1800
S009_DAY1_MINITWICE_4423	56	Picture	RW	3551685	0	1	43200	2	0	43200
S009_DAY1_MINITWICE_4423	56	Response	51	3567805	16120	1
S009_DAY1_MINITWICE_4423	56	Pulse	99	3568743	17058	NA
S009_DAY1_MINITWICE_4423	56	Port Input	1	3568743	17058	NA
S009_DAY1_MINITWICE_4423	56	Picture	50_T_RWTRIAD_RW_grifo_red.png	3594885	43200	1	1900	2	43200	1800
S009_DAY1_MINITWICE_4423	57	Picture	rest	3596885	0	1	144099	2	0	144000
S009_DAY1_MINITWICE_4423	57	Pulse	99	3604744	7859	NA
S009_DAY1_MINITWICE_4423	57	Port Input	1	3604744	7859	NA
S009_DAY1_MINITWICE_4423	57	Pulse	99	3640745	43860	NA
S009_DAY1_MINITWICE_4423	57	Port Input	1	3640745	43860	NA
S009_DAY1_MINITWICE_4423	57	Pulse	99	3676746	79861	NA
S009_DAY1_MINITWICE_4423	57	Port Input	1	3676746	79861	NA
S009_DAY1_MINITWICE_4423	57	Pulse	99	3712747	115862	NA
S009_DAY1_MINITWICE_4423	57	Port Input	1	3712747	115862	NA
S009_DAY1_MINITWICE_4423	58	Picture	endrest	3741084	0	1	10100	2	0	10000
S009_DAY1_MINITWICE_4423	58	Pulse	99	3748748	7664	NA
S009_DAY1_MINITWICE_4423	58	Port Input	1	3748748	7664	NA
S009_DAY1_MINITWICE_4423	59	Picture	FF	3751384	0	1	43200	2	0	43200
S009_DAY1_MINITWICE_4423	59	Response	52	3767411	16027	2
S009_DAY1_MINITWICE_4423	59	Pulse	99	3784749	33365	NA
S009_DAY1_MINITWICE_4423	59	Port Input	1	3784749	33365	NA
S009_DAY1_MINITWICE_4423	59	Picture	53_T_FFTRIAD_FF_raton_red.png	3794584	43200	1	1900	2	43200	1800
S009_DAY1_MINITWICE_4423	60	Picture	FF	3796684	0	1	43200	2	0	43200
S009_DAY1_MINITWICE_4423	60	Response	51	3815902	19218	1
S009_DAY1_MINITWICE_4423	60	Pulse	99	3820750	24066	NA
S009_DAY1_MINITWICE_4423	60	Port Input	1	3820750	24066	NA
S009_DAY1_MINITWICE_4423	60	Picture	54_T_FFTRIAD_FF_policia_red.png	3839884	43200	1	1900	2	43200	1800
S009_DAY1_MINITWICE_4423	61	Picture	FF	3841984	0	1	43199	3	0	43200
S009_DAY1_MINITWICE_4423	61	Response	51	3854120	12136	1
S009_DAY1_MINITWICE_4423	61	Pulse	99	3856752	14768	NA
S009_DAY1_MINITWICE_4423	61	Port Input	1	3856752	14768	NA
S009_DAY1_MINITWICE_4423	61	Picture	55_T_FFTRIAD_FF_estetoscopio_red.png	3885183	43199	2	1900	4	43200	1800
S009_DAY1_MINITWICE_4423	62	Picture	FF	3887283	0	1	43200	2	0	43200
S009_DAY1_MINITWICE_4423	62	Pulse	99	3892753	5470	NA
S009_DAY1_MINITWICE_4423	62	Port Input	1	3892753	5470	NA
S009_DAY1_MINITWICE_4423	62	Response	51	3901861	14578	1
S009_DAY1_MINITWICE_4423	62	Pulse	99	3928754	41471	NA
S009_DAY1_MINITWICE_4423	62	Port Input	1	3928754	41471	NA
S009_DAY1_MINITWICE_4423	62	Picture	56_T_FFTRIAD_FF_arbol_red.png	3930483	43200	1	1900	2	43200	1800
S009_DAY1_MINITWICE_4423	63	Picture	PW	3932583	0	1	43200	2	0	43200
S009_DAY1_MINITWICE_4423	63	Response	52	3959534	26951	1
S009_DAY1_MINITWICE_4423	63	Pulse	99	3964755	32172	NA
S009_DAY1_MINITWICE_4423	63	Port Input	1	3964755	32172	NA
S009_DAY1_MINITWICE_4423	63	Picture	57_T_PWTRIAD_PW_monja_red.png	3975783	43200	1	1900	2	43200	1800
S009_DAY1_MINITWICE_4423	64	Picture	PW	3977883	0	1	43200	2	0	43200
S009_DAY1_MINITWICE_4423	64	Pulse	99	4000756	22873	NA
S009_DAY1_MINITWICE_4423	64	Port Input	1	4000756	22873	NA
S009_DAY1_MINITWICE_4423	64	Response	51	4001222	23339	1
S009_DAY1_MINITWICE_4423	64	Picture	58_T_PWTRIAD_PW_huevos_red.png	4021083	43200	1	1900	2	43200	1800
S009_DAY1_MINITWICE_4423	65	Picture	PW	4023183	0	1	43200	2	0	43200
S009_DAY1_MINITWICE_4423	65	Pulse	99	4036757	13574	NA
S009_DAY1_MINITWICE_4423	65	Port Input	1	4036757	13574	NA
S009_DAY1_MINITWICE_4423	65	Response	52	4049674	26491	1
S009_DAY1_MINITWICE_4423	65	Picture	59_T_PWTRIAD_PW_piramide_red.png	4066383	43200	1	1900	2	43200	1800
S009_DAY1_MINITWICE_4423	66	Picture	PW	4068483	0	1	43199	3	0	43200
S009_DAY1_MINITWICE_4423	66	Pulse	99	4072758	4275	NA
S009_DAY1_MINITWICE_4423	66	Port Input	1	4072758	4275	NA
S009_DAY1_MINITWICE_4423	66	Response	51	4103510	35027	1
S009_DAY1_MINITWICE_4423	66	Pulse	99	4108759	40276	NA
S009_DAY1_MINITWICE_4423	66	Port Input	1	4108759	40276	NA
S009_DAY1_MINITWICE_4423	66	Picture	60_T_PWTRIAD_PW_ancla_red.png	4111682	43199	2	1900	4	43200	1800
S009_DAY1_MINITWICE_4423	67	Picture	rest	4113682	0	2	144100	3	0	144000
S009_DAY1_MINITWICE_4423	67	Pulse	99	4144760	31078	NA
S009_DAY1_MINITWICE_4423	67	Port Input	1	4144760	31078	NA
S009_DAY1_MINITWICE_4423	67	Pulse	99	4180761	67079	NA
S009_DAY1_MINITWICE_4423	67	Port Input	1	4180761	67079	NA
S009_DAY1_MINITWICE_4423	67	Pulse	99	4216762	103080	NA
S009_DAY1_MINITWICE_4423	67	Port Input	1	4216762	103080	NA
S009_DAY1_MINITWICE_4423	67	Pulse	99	4252764	139082	NA
S009_DAY1_MINITWICE_4423	67	Port Input	1	4252764	139082	NA
S009_DAY1_MINITWICE_4423	68	Picture	endrest	4257882	0	1	10100	2	0	10000
S009_DAY1_MINITWICE_4423	69	Picture	RW	4268182	0	1	43200	2	0	43200
S009_DAY1_MINITWICE_4423	69	Pulse	99	4288765	20583	NA
S009_DAY1_MINITWICE_4423	69	Port Input	1	4288765	20583	NA
S009_DAY1_MINITWICE_4423	69	Response	52	4302369	34187	2
S009_DAY1_MINITWICE_4423	69	Response	51	4309840	41658	2
S009_DAY1_MINITWICE_4423	69	Picture	63_T_RWTRIAD_RW_carruaje_red.png	4311382	43200	1	1900	2	43200	1800
S009_DAY1_MINITWICE_4423	70	Picture	RW	4313482	0	1	43199	3	0	43200
S009_DAY1_MINITWICE_4423	70	Pulse	99	4324766	11284	NA
S009_DAY1_MINITWICE_4423	70	Port Input	1	4324766	11284	NA
S009_DAY1_MINITWICE_4423	70	Response	52	4329988	16506	2
S009_DAY1_MINITWICE_4423	70	Picture	64_T_RWTRIAD_RW_agua_red.png	4356681	43199	2	1900	4	43200	1800
S009_DAY1_MINITWICE_4423	71	Picture	RW	4358781	0	2	43200	3	0	43200
S009_DAY1_MINITWICE_4423	71	Pulse	99	4360767	1986	NA
S009_DAY1_MINITWICE_4423	71	Port Input	1	4360767	1986	NA
S009_DAY1_MINITWICE_4423	71	Response	52	4379867	21086	1
S009_DAY1_MINITWICE_4423	71	Pulse	99	4396768	37987	NA
S009_DAY1_MINITWICE_4423	71	Port Input	1	4396768	37987	NA
S009_DAY1_MINITWICE_4423	71	Picture	65_T_RWTRIAD_RW_pluma_red.png	4401981	43200	1	1900	2	43200	1800
S009_DAY1_MINITWICE_4423	72	Picture	RW	4404081	0	1	43200	2	0	43200
S009_DAY1_MINITWICE_4423	72	Response	51	4425465	21384	1
S009_DAY1_MINITWICE_4423	72	Pulse	99	4432769	28688	NA
S009_DAY1_MINITWICE_4423	72	Port Input	1	4432769	28688	NA
S009_DAY1_MINITWICE_4423	72	Picture	66_T_RWTRIAD_RW_telarana_red.png	4447281	43200	1	1900	2	43200	1800
S009_DAY1_MINITWICE_4423	73	Picture	PW	4449381	0	1	43200	2	0	43200
S009_DAY1_MINITWICE_4423	73	Pulse	99	4468770	19389	NA
S009_DAY1_MINITWICE_4423	73	Port Input	1	4468770	19389	NA
S009_DAY1_MINITWICE_4423	73	Response	52	4474446	25065	1
S009_DAY1_MINITWICE_4423	73	Picture	67_T_PWTRIAD_PW_telarana_red.png	4492581	43200	1	1900	2	43200	1800
S009_DAY1_MINITWICE_4423	74	Picture	PW	4494681	0	1	43200	2	0	43200
S009_DAY1_MINITWICE_4423	74	Pulse	99	4504771	10090	NA
S009_DAY1_MINITWICE_4423	74	Port Input	1	4504771	10090	NA
S009_DAY1_MINITWICE_4423	74	Response	51	4518349	23668	1
S009_DAY1_MINITWICE_4423	74	Picture	68_T_PWTRIAD_PW_pincel_red.png	4537881	43200	1	1900	2	43200	1800
S009_DAY1_MINITWICE_4423	75	Picture	PW	4539981	0	1	43200	2	0	43200
S009_DAY1_MINITWICE_4423	75	Pulse	99	4540772	791	NA
S009_DAY1_MINITWICE_4423	75	Port Input	1	4540772	791	NA
S009_DAY1_MINITWICE_4423	75	Response	51	4567390	27409	2
S009_DAY1_MINITWICE_4423	75	Pulse	99	4576773	36792	NA
S009_DAY1_MINITWICE_4423	75	Port Input	1	4576773	36792	NA
S009_DAY1_MINITWICE_4423	75	Picture	69_T_PWTRIAD_PW_cortina_red.png	4583181	43200	1	1899	3	43200	1800
S009_DAY1_MINITWICE_4423	76	Picture	PW	4585281	0	1	43199	2	0	43200
S009_DAY1_MINITWICE_4423	76	Response	51	4607476	22195	1
S009_DAY1_MINITWICE_4423	76	Pulse	99	4612774	27493	NA
S009_DAY1_MINITWICE_4423	76	Port Input	1	4612774	27493	NA
S009_DAY1_MINITWICE_4423	76	Picture	70_T_PWTRIAD_PW_llave_red.png	4628480	43199	1	1900	2	43200	1800
S009_DAY1_MINITWICE_4423	77	Picture	rest	4630480	0	1	144100	2	0	144000
S009_DAY1_MINITWICE_4423	77	Pulse	99	4648776	18296	NA
S009_DAY1_MINITWICE_4423	77	Port Input	1	4648776	18296	NA
S009_DAY1_MINITWICE_4423	77	Pulse	99	4684777	54297	NA
S009_DAY1_MINITWICE_4423	77	Port Input	1	4684777	54297	NA
S009_DAY1_MINITWICE_4423	77	Pulse	99	4720778	90298	NA
S009_DAY1_MINITWICE_4423	77	Port Input	1	4720778	90298	NA
S009_DAY1_MINITWICE_4423	77	Pulse	99	4756779	126299	NA
S009_DAY1_MINITWICE_4423	77	Port Input	1	4756779	126299	NA
S009_DAY1_MINITWICE_4423	78	Picture	endrest	4774680	0	1	10100	2	0	10000
S009_DAY1_MINITWICE_4423	79	Picture	RW	4784980	0	1	43199	3	0	43200
S009_DAY1_MINITWICE_4423	79	Pulse	99	4792780	7800	NA
S009_DAY1_MINITWICE_4423	79	Port Input	1	4792780	7800	NA
S009_DAY1_MINITWICE_4423	79	Response	52	4812186	27206	1
S009_DAY1_MINITWICE_4423	79	Response	51	4822603	37623	1
S009_DAY1_MINITWICE_4423	79	Picture	73_T_RWTRIAD_RW_iglu_red.png	4828179	43199	2	1900	4	43200	1800
S009_DAY1_MINITWICE_4423	79	Pulse	99	4828781	43801	NA
S009_DAY1_MINITWICE_4423	79	Port Input	1	4828781	43801	NA
S009_DAY1_MINITWICE_4423	80	Picture	RW	4830279	0	2	43200	3	0	43200
S009_DAY1_MINITWICE_4423	80	Response	52	4849298	19019	1
S009_DAY1_MINITWICE_4423	80	Pulse	99	4864782	34503	NA
S009_DAY1_MINITWICE_4423	80	Port Input	1	4864782	34503	NA
S009_DAY1_MINITWICE_4423	80	Picture	74_T_RWTRIAD_RW_plato_red.png	4873479	43200	1	1900	2	43200	1800
S009_DAY1_MINITWICE_4423	81	Picture	RW	4875579	0	1	43200	2	0	43200
S009_DAY1_MINITWICE_4423	81	Response	52	4891065	15486	1
S009_DAY1_MINITWICE_4423	81	Pulse	99	4900783	25204	NA
S009_DAY1_MINITWICE_4423	81	Port Input	1	4900783	25204	NA
S009_DAY1_MINITWICE_4423	81	Picture	75_T_RWTRIAD_RW_tijera_red.png	4918779	43200	1	1900	2	43200	1800
S009_DAY1_MINITWICE_4423	82	Picture	RW	4920879	0	1	43200	2	0	43200
S009_DAY1_MINITWICE_4423	82	Pulse	99	4936784	15905	NA
S009_DAY1_MINITWICE_4423	82	Port Input	1	4936784	15905	NA
S009_DAY1_MINITWICE_4423	82	Response	51	4939713	18834	1
S009_DAY1_MINITWICE_4423	82	Picture	76_T_RWTRIAD_RW_tenedor_red.png	4964079	43200	1	1900	2	43200	1800
S009_DAY1_MINITWICE_4423	83	Picture	PW	4966179	0	1	43200	2	0	43200
S009_DAY1_MINITWICE_4423	83	Pulse	99	4972785	6606	NA
S009_DAY1_MINITWICE_4423	83	Port Input	1	4972785	6606	NA
S009_DAY1_MINITWICE_4423	83	Response	51	4991734	25555	1
S009_DAY1_MINITWICE_4423	83	Pulse	99	5008786	42607	NA
S009_DAY1_MINITWICE_4423	83	Port Input	1	5008786	42607	NA
S009_DAY1_MINITWICE_4423	83	Picture	77_T_PWTRIAD_PW_madera_red.png	5009379	43200	1	1900	2	43200	1800
S009_DAY1_MINITWICE_4423	84	Picture	PW	5011479	0	1	43199	3	0	43200
S009_DAY1_MINITWICE_4423	84	Response	51	5032176	20697	1
S009_DAY1_MINITWICE_4423	84	Pulse	99	5044787	33308	NA
S009_DAY1_MINITWICE_4423	84	Port Input	1	5044787	33308	NA
S009_DAY1_MINITWICE_4423	84	Picture	78_T_PWTRIAD_PW_granjero_red.png	5054678	43199	2	1901	3	43200	1800
S009_DAY1_MINITWICE_4423	85	Picture	PW	5056778	0	2	43200	3	0	43200
S009_DAY1_MINITWICE_4423	85	Pulse	99	5080789	24011	NA
S009_DAY1_MINITWICE_4423	85	Port Input	1	5080789	24011	NA
S009_DAY1_MINITWICE_4423	85	Response	51	5083284	26506	1
S009_DAY1_MINITWICE_4423	85	Picture	79_T_PWTRIAD_PW_cuento_red.png	5099978	43200	1	1900	2	43200	1800
S009_DAY1_MINITWICE_4423	86	Picture	PW	5102078	0	1	43200	2	0	43200
S009_DAY1_MINITWICE_4423	86	Pulse	99	5116790	14712	NA
S009_DAY1_MINITWICE_4423	86	Port Input	1	5116790	14712	NA
S009_DAY1_MINITWICE_4423	86	Response	52	5120373	18295	2
S009_DAY1_MINITWICE_4423	86	Picture	80_T_PWTRIAD_PW_futbol_red.png	5145278	43200	1	1900	2	43200	1800
S009_DAY1_MINITWICE_4423	87	Picture	rest	5147278	0	1	144099	3	0	144000
S009_DAY1_MINITWICE_4423	87	Pulse	99	5152791	5513	NA
S009_DAY1_MINITWICE_4423	87	Port Input	1	5152791	5513	NA
S009_DAY1_MINITWICE_4423	87	Pulse	99	5188792	41514	NA
S009_DAY1_MINITWICE_4423	87	Port Input	1	5188792	41514	NA
S009_DAY1_MINITWICE_4423	87	Pulse	99	5224793	77515	NA
S009_DAY1_MINITWICE_4423	87	Port Input	1	5224793	77515	NA
S009_DAY1_MINITWICE_4423	87	Pulse	99	5260794	113516	NA
S009_DAY1_MINITWICE_4423	87	Port Input	1	5260794	113516	NA
S009_DAY1_MINITWICE_4423	88	Picture	endrest	5291478	0	1	10099	3	0	10000
S009_DAY1_MINITWICE_4423	88	Pulse	99	5296795	5317	NA
S009_DAY1_MINITWICE_4423	88	Port Input	1	5296795	5317	NA
S009_DAY1_MINITWICE_4423	89	Picture	FF	5301777	0	2	43200	3	0	43200
S009_DAY1_MINITWICE_4423	89	Response	51	5313371	11594	1
S009_DAY1_MINITWICE_4423	89	Pulse	99	5332796	31019	NA
S009_DAY1_MINITWICE_4423	89	Port Input	1	5332796	31019	NA
S009_DAY1_MINITWICE_4423	89	Picture	83_T_FFTRIAD_FF_traje_red.png	5344977	43200	1	1900	2	43200	1800
S009_DAY1_MINITWICE_4423	90	Picture	FF	5347077	0	1	43200	2	0	43200
S009_DAY1_MINITWICE_4423	90	Response	52	5365373	18296	1
S009_DAY1_MINITWICE_4423	90	Pulse	99	5368797	21720	NA
S009_DAY1_MINITWICE_4423	90	Port Input	1	5368797	21720	NA
S009_DAY1_MINITWICE_4423	90	Picture	84_T_FFTRIAD_FF_murcielago_red.png	5390277	43200	1	1900	2	43200	1800
S009_DAY1_MINITWICE_4423	91	Picture	FF	5392377	0	1	43200	2	0	43200
S009_DAY1_MINITWICE_4423	91	Pulse	99	5404798	12421	NA
S009_DAY1_MINITWICE_4423	91	Port Input	1	5404798	12421	NA
S009_DAY1_MINITWICE_4423	91	Response	51	5410292	17915	1
S009_DAY1_MINITWICE_4423	91	Picture	85_T_FFTRIAD_FF_cortina_red.png	5435577	43200	1	1900	2	43200	1800
S009_DAY1_MINITWICE_4423	92	Picture	FF	5437677	0	1	43200	2	0	43200
S009_DAY1_MINITWICE_4423	92	Pulse	99	5440799	3122	NA
S009_DAY1_MINITWICE_4423	92	Port Input	1	5440799	3122	NA
S009_DAY1_MINITWICE_4423	92	Response	51	5449306	11629	1
S009_DAY1_MINITWICE_4423	92	Pulse	99	5476801	39124	NA
S009_DAY1_MINITWICE_4423	92	Port Input	1	5476801	39124	NA
S009_DAY1_MINITWICE_4423	92	Picture	86_T_FFTRIAD_FF_tenedor_red.png	5480877	43200	1	1900	2	43200	1800
S009_DAY1_MINITWICE_4423	93	Picture	RW	5482977	0	1	43200	2	0	43200
S009_DAY1_MINITWICE_4423	93	Response	52	5498755	15778	1
S009_DAY1_MINITWICE_4423	93	Pulse	99	5512802	29825	NA
S009_DAY1_MINITWICE_4423	93	Port Input	1	5512802	29825	NA
S009_DAY1_MINITWICE_4423	93	Picture	87_T_RWTRIAD_RW_cuento_red.png	5526177	43200	1	1899	3	43200	1800
S009_DAY1_MINITWICE_4423	94	Picture	RW	5528277	0	1	43199	2	0	43200
S009_DAY1_MINITWICE_4423	94	Response	51	5540082	11805	1
S009_DAY1_MINITWICE_4423	94	Pulse	99	5548803	20526	NA
S009_DAY1_MINITWICE_4423	94	Port Input	1	5548803	20526	NA
S009_DAY1_MINITWICE_4423	94	Picture	88_T_RWTRIAD_RW_bala_red.png	5571476	43199	1	1900	2	43200	1800
S009_DAY1_MINITWICE_4423	95	Picture	RW	5573576	0	1	43200	2	0	43200
S009_DAY1_MINITWICE_4423	95	Pulse	99	5584804	11228	NA
S009_DAY1_MINITWICE_4423	95	Port Input	1	5584804	11228	NA
S009_DAY1_MINITWICE_4423	95	Response	51	5590574	16998	1
S009_DAY1_MINITWICE_4423	95	Picture	89_T_RWTRIAD_RW_paracaidas_red.png	5616776	43200	1	1900	3	43200	1800
S009_DAY1_MINITWICE_4423	96	Picture	RW	5618876	0	2	43200	3	0	43200
S009_DAY1_MINITWICE_4423	96	Pulse	99	5620805	1929	NA
S009_DAY1_MINITWICE_4423	96	Port Input	1	5620805	1929	NA
S009_DAY1_MINITWICE_4423	96	Response	52	5633401	14525	1
S009_DAY1_MINITWICE_4423	96	Pulse	99	5656806	37930	NA
S009_DAY1_MINITWICE_4423	96	Port Input	1	5656806	37930	NA
S009_DAY1_MINITWICE_4423	96	Picture	90_T_RWTRIAD_RW_esquimal_red.png	5662076	43200	1	1900	2	43200	1800
S009_DAY1_MINITWICE_4423	97	Picture	rest	5664076	0	2	144099	3	0	144000
S009_DAY1_MINITWICE_4423	97	Pulse	99	5692807	28731	NA
S009_DAY1_MINITWICE_4423	97	Port Input	1	5692807	28731	NA
S009_DAY1_MINITWICE_4423	97	Pulse	99	5728808	64732	NA
S009_DAY1_MINITWICE_4423	97	Port Input	1	5728808	64732	NA
S009_DAY1_MINITWICE_4423	97	Pulse	99	5764809	100733	NA
S009_DAY1_MINITWICE_4423	97	Port Input	1	5764809	100733	NA
S009_DAY1_MINITWICE_4423	97	Pulse	99	5800810	136734	NA
S009_DAY1_MINITWICE_4423	97	Port Input	1	5800810	136734	NA
S009_DAY1_MINITWICE_4423	98	Picture	endrest	5808275	0	1	10100	2	0	10000
S009_DAY1_MINITWICE_4423	99	Picture	PW	5818575	0	1	43200	2	0	43200
S009_DAY1_MINITWICE_4423	99	Pulse	99	5836811	18236	NA
S009_DAY1_MINITWICE_4423	99	Port Input	1	5836811	18236	NA
S009_DAY1_MINITWICE_4423	99	Response	52	5848035	29460	1
S009_DAY1_MINITWICE_4423	99	Picture	93_T_PWTRIAD_PW_bala_red.png	5861775	43200	1	1900	2	43200	1800
S009_DAY1_MINITWICE_4423	100	Picture	PW	5863875	0	1	43200	2	0	43200
S009_DAY1_MINITWICE_4423	100	Pulse	99	5872812	8937	NA
S009_DAY1_MINITWICE_4423	100	Port Input	1	5872812	8937	NA
S009_DAY1_MINITWICE_4423	100	Response	51	5883335	19460	1
S009_DAY1_MINITWICE_4423	100	Picture	94_T_PWTRIAD_PW_pilas_red.png	5907075	43200	1	1900	2	43200	1800
S009_DAY1_MINITWICE_4423	100	Pulse	99	5908814	44939	NA
S009_DAY1_MINITWICE_4423	100	Port Input	1	5908814	44939	NA
S009_DAY1_MINITWICE_4423	101	Picture	PW	5909175	0	1	43200	2	0	43200
S009_DAY1_MINITWICE_4423	101	Response	52	5943298	34123	1
S009_DAY1_MINITWICE_4423	101	Pulse	99	5944815	35640	NA
S009_DAY1_MINITWICE_4423	101	Port Input	1	5944815	35640	NA
S009_DAY1_MINITWICE_4423	101	Picture	95_T_PWTRIAD_PW_almohada_red.png	5952375	43200	1	1900	2	43200	1800
S009_DAY1_MINITWICE_4423	102	Picture	PW	5954475	0	1	43200	2	0	43200
S009_DAY1_MINITWICE_4423	102	Pulse	99	5980816	26341	NA
S009_DAY1_MINITWICE_4423	102	Port Input	1	5980816	26341	NA
S009_DAY1_MINITWICE_4423	102	Response	51	5981092	26617	1
S009_DAY1_MINITWICE_4423	102	Picture	96_T_PWTRIAD_PW_sapo_red.png	5997675	43200	1	1900	2	43200	1800
S009_DAY1_MINITWICE_4423	103	Picture	RW	5999774	0	2	43200	3	0	43200
S009_DAY1_MINITWICE_4423	103	Pulse	99	6016817	17043	NA
S009_DAY1_MINITWICE_4423	103	Port Input	1	6016817	17043	NA
S009_DAY1_MINITWICE_4423	103	Response	51	6023696	23922	1
S009_DAY1_MINITWICE_4423	103	Picture	97_T_RWTRIAD_RW_zanahoria_red.png	6042974	43200	1	1900	2	43200	1800
S009_DAY1_MINITWICE_4423	104	Picture	RW	6045074	0	1	43200	2	0	43200
S009_DAY1_MINITWICE_4423	104	Pulse	99	6052818	7744	NA
S009_DAY1_MINITWICE_4423	104	Port Input	1	6052818	7744	NA
S009_DAY1_MINITWICE_4423	104	Response	51	6086663	41589	1
S009_DAY1_MINITWICE_4423	104	Picture	98_T_RWTRIAD_RW_lechuga_red.png	6088274	43200	1	1900	2	43200	1800
S009_DAY1_MINITWICE_4423	104	Pulse	99	6088819	43745	NA
S009_DAY1_MINITWICE_4423	104	Port Input	1	6088819	43745	NA
S009_DAY1_MINITWICE_4423	105	Picture	RW	6090374	0	1	43200	2	0	43200
S009_DAY1_MINITWICE_4423	105	Response	52	6114529	24155	1
S009_DAY1_MINITWICE_4423	105	Pulse	99	6124820	34446	NA
S009_DAY1_MINITWICE_4423	105	Port Input	1	6124820	34446	NA
S009_DAY1_MINITWICE_4423	105	Picture	99_T_RWTRIAD_RW_sobre_red.png	6133574	43200	1	1900	2	43200	1800
S009_DAY1_MINITWICE_4423	106	Picture	RW	6135674	0	1	43200	2	0	43200
S009_DAY1_MINITWICE_4423	106	Pulse	99	6160821	25147	NA
S009_DAY1_MINITWICE_4423	106	Port Input	1	6160821	25147	NA
S009_DAY1_MINITWICE_4423	106	Response	51	6169422	33748	1
S009_DAY1_MINITWICE_4423	106	Picture	100_T_RWTRIAD_RW_charco_red.png	6178874	43200	1	1900	2	43200	1800
S009_DAY1_MINITWICE_4423	107	Picture	rest	6180874	0	1	144099	2	0	144000
S009_DAY1_MINITWICE_4423	107	Pulse	99	6196822	15948	NA
S009_DAY1_MINITWICE_4423	107	Port Input	1	6196822	15948	NA
S009_DAY1_MINITWICE_4423	107	Pulse	99	6232823	51949	NA
S009_DAY1_MINITWICE_4423	107	Port Input	1	6232823	51949	NA
S009_DAY1_MINITWICE_4423	107	Pulse	99	6268824	87950	NA
S009_DAY1_MINITWICE_4423	107	Port Input	1	6268824	87950	NA
S009_DAY1_MINITWICE_4423	107	Pulse	99	6304826	123952	NA
S009_DAY1_MINITWICE_4423	107	Port Input	1	6304826	123952	NA
S009_DAY1_MINITWICE_4423	108	Picture	endrest	6325073	0	1	10100	2	0	10000
S009_DAY1_MINITWICE_4423	109	Picture	PW	6335373	0	1	43100	2	0	43200
S009_DAY1_MINITWICE_4423	109	Pulse	99	6340827	5454	NA
S009_DAY1_MINITWICE_4423	109	Port Input	1	6340827	5454	NA
S009_DAY1_MINITWICE_4423	109	Response	52	6368950	33577	1
S009_DAY1_MINITWICE_4423	109	Pulse	99	6376828	41455	NA
S009_DAY1_MINITWICE_4423	109	Port Input	1	6376828	41455	NA
S009_DAY1_MINITWICE_4423	109	Picture	103_T_PWTRIAD_PW_raton_red.png	6378473	43100	1	1900	2	43200	1800
S009_DAY1_MINITWICE_4423	110	Picture	PW	6380573	0	1	43200	2	0	43200
S009_DAY1_MINITWICE_4423	110	Pulse	99	6412829	32256	NA
S009_DAY1_MINITWICE_4423	110	Port Input	1	6412829	32256	NA
S009_DAY1_MINITWICE_4423	110	Response	52	6419646	39073	1
S009_DAY1_MINITWICE_4423	110	Picture	104_T_PWTRIAD_PW_pizarra_red.png	6423773	43200	1	1900	2	43200	1800
S009_DAY1_MINITWICE_4423	111	Picture	PW	6425873	0	1	43199	3	0	43200
S009_DAY1_MINITWICE_4423	111	Pulse	99	6448830	22957	NA
S009_DAY1_MINITWICE_4423	111	Port Input	1	6448830	22957	NA
S009_DAY1_MINITWICE_4423	111	Response	51	6452908	27035	1
S009_DAY1_MINITWICE_4423	111	Picture	105_T_PWTRIAD_PW_telefono_red.png	6469072	43199	2	1900	4	43200	1800
S009_DAY1_MINITWICE_4423	112	Picture	PW	6471172	0	2	43200	3	0	43200
S009_DAY1_MINITWICE_4423	112	Pulse	99	6484831	13659	NA
S009_DAY1_MINITWICE_4423	112	Port Input	1	6484831	13659	NA
S009_DAY1_MINITWICE_4423	112	Response	52	6508376	37204	1
S009_DAY1_MINITWICE_4423	112	Picture	106_T_PWTRIAD_PW_tijera_red.png	6514372	43200	1	1900	2	43200	1800
S009_DAY1_MINITWICE_4423	113	Picture	FF	6516472	0	1	43200	2	0	43200
S009_DAY1_MINITWICE_4423	113	Response	51	6517091	619	1
S009_DAY1_MINITWICE_4423	113	Pulse	99	6520832	4360	NA
S009_DAY1_MINITWICE_4423	113	Port Input	1	6520832	4360	NA
S009_DAY1_MINITWICE_4423	113	Response	51	6532659	16187	1
S009_DAY1_MINITWICE_4423	113	Pulse	99	6556833	40361	NA
S009_DAY1_MINITWICE_4423	113	Port Input	1	6556833	40361	NA
S009_DAY1_MINITWICE_4423	113	Picture	107_T_FFTRIAD_FF_lana_red.png	6559672	43200	1	1900	2	43200	1800
S009_DAY1_MINITWICE_4423	114	Picture	FF	6561772	0	1	43200	2	0	43200
S009_DAY1_MINITWICE_4423	114	Response	52	6572110	10338	1
S009_DAY1_MINITWICE_4423	114	Pulse	99	6592834	31062	NA
S009_DAY1_MINITWICE_4423	114	Port Input	1	6592834	31062	NA
S009_DAY1_MINITWICE_4423	114	Picture	108_T_FFTRIAD_FF_bala_red.png	6604972	43200	1	1900	2	43200	1800
S009_DAY1_MINITWICE_4423	115	Picture	FF	6607072	0	1	43200	2	0	43200
S009_DAY1_MINITWICE_4423	115	Response	51	6617091	10019	2
S009_DAY1_MINITWICE_4423	115	Pulse	99	6628835	21763	NA
S009_DAY1_MINITWICE_4423	115	Port Input	1	6628835	21763	NA
S009_DAY1_MINITWICE_4423	115	Picture	109_T_FFTRIAD_FF_sapo_red.png	6650272	43200	1	1900	2	43200	1800
S009_DAY1_MINITWICE_4423	116	Picture	FF	6652372	0	1	43200	2	0	43200
S009_DAY1_MINITWICE_4423	116	Pulse	99	6664836	12464	NA
S009_DAY1_MINITWICE_4423	116	Port Input	1	6664836	12464	NA
S009_DAY1_MINITWICE_4423	116	Response	52	6672186	19814	1
S009_DAY1_MINITWICE_4423	116	Picture	110_T_FFTRIAD_FF_pincel_red.png	6695572	43200	1	1900	2	43200	1800
S009_DAY1_MINITWICE_4423	117	Picture	rest	6697572	0	1	144099	2	0	144000
S009_DAY1_MINITWICE_4423	117	Pulse	99	6700837	3265	NA
S009_DAY1_MINITWICE_4423	117	Port Input	1	6700837	3265	NA
S009_DAY1_MINITWICE_4423	117	Pulse	99	6736838	39266	NA
S009_DAY1_MINITWICE_4423	117	Port Input	1	6736838	39266	NA
S009_DAY1_MINITWICE_4423	117	Pulse	99	6772840	75268	NA
S009_DAY1_MINITWICE_4423	117	Port Input	1	6772840	75268	NA
S009_DAY1_MINITWICE_4423	117	Pulse	99	6808841	111269	NA
S009_DAY1_MINITWICE_4423	117	Port Input	1	6808841	111269	NA
S009_DAY1_MINITWICE_4423	118	Picture	endrest	6841771	0	1	10100	2	0	10000
S009_DAY1_MINITWICE_4423	118	Pulse	99	6844842	3071	NA
S009_DAY1_MINITWICE_4423	118	Port Input	1	6844842	3071	NA
S009_DAY1_MINITWICE_4423	119	Picture	RW	6852071	0	1	43200	2	0	43200
S009_DAY1_MINITWICE_4423	119	Response	51	6876620	24549	2
S009_DAY1_MINITWICE_4423	119	Pulse	99	6880843	28772	NA
S009_DAY1_MINITWICE_4423	119	Port Input	1	6880843	28772	NA
S009_DAY1_MINITWICE_4423	119	Picture	113_T_RWTRIAD_RW_chupete_red.png	6895271	43200	1	1900	2	43200	1800
S009_DAY1_MINITWICE_4423	120	Picture	RW	6897371	0	1	43199	3	0	43200
S009_DAY1_MINITWICE_4423	120	Response	52	6915019	17648	2
S009_DAY1_MINITWICE_4423	120	Pulse	99	6916844	19473	NA
S009_DAY1_MINITWICE_4423	120	Port Input	1	6916844	19473	NA
S009_DAY1_MINITWICE_4423	120	Picture	114_T_RWTRIAD_RW_gafas_red.png	6940570	43199	2	1900	4	43200	1800
S009_DAY1_MINITWICE_4423	121	Picture	RW	6942670	0	2	43200	3	0	43200
S009_DAY1_MINITWICE_4423	121	Pulse	99	6952845	10175	NA
S009_DAY1_MINITWICE_4423	121	Port Input	1	6952845	10175	NA
S009_DAY1_MINITWICE_4423	121	Response	51	6964166	21496	1
S009_DAY1_MINITWICE_4423	121	Picture	115_T_RWTRIAD_RW_traje_red.png	6985870	43200	1	1900	2	43200	1800
S009_DAY1_MINITWICE_4423	122	Picture	RW	6987970	0	1	43200	2	0	43200
S009_DAY1_MINITWICE_4423	122	Pulse	99	6988846	876	NA
S009_DAY1_MINITWICE_4423	122	Port Input	1	6988846	876	NA
S009_DAY1_MINITWICE_4423	122	Response	52	7007733	19763	1
S009_DAY1_MINITWICE_4423	122	Pulse	99	7024847	36877	NA
S009_DAY1_MINITWICE_4423	122	Port Input	1	7024847	36877	NA
S009_DAY1_MINITWICE_4423	122	Picture	116_T_RWTRIAD_RW_oruga_red.png	7031170	43200	1	1900	2	43200	1800
S009_DAY1_MINITWICE_4423	123	Picture	PW	7033270	0	1	43200	2	0	43200
S009_DAY1_MINITWICE_4423	123	Response	51	7049507	16237	2
S009_DAY1_MINITWICE_4423	123	Pulse	99	7060848	27578	NA
S009_DAY1_MINITWICE_4423	123	Port Input	1	7060848	27578	NA
S009_DAY1_MINITWICE_4423	123	Picture	117_T_PWTRIAD_PW_arco_red.png	7076470	43200	1	1900	2	43200	1800
S009_DAY1_MINITWICE_4423	124	Picture	PW	7078570	0	1	43200	2	0	43200
S009_DAY1_MINITWICE_4423	124	Response	51	7095621	17051	1
S009_DAY1_MINITWICE_4423	124	Pulse	99	7096849	18279	NA
S009_DAY1_MINITWICE_4423	124	Port Input	1	7096849	18279	NA
S009_DAY1_MINITWICE_4423	124	Picture	118_T_PWTRIAD_PW_perro_red.png	7121770	43200	1	1900	2	43200	1800
S009_DAY1_MINITWICE_4423	125	Picture	PW	7123870	0	1	43199	3	0	43200
S009_DAY1_MINITWICE_4423	125	Pulse	99	7132850	8980	NA
S009_DAY1_MINITWICE_4423	125	Port Input	1	7132850	8980	NA
S009_DAY1_MINITWICE_4423	125	Response	51	7143309	19439	1
S009_DAY1_MINITWICE_4423	125	Picture	119_T_PWTRIAD_PW_oruga_red.png	7167069	43199	2	1900	4	43200	1800
S009_DAY1_MINITWICE_4423	125	Pulse	99	7168851	44981	NA
S009_DAY1_MINITWICE_4423	125	Port Input	1	7168851	44981	NA
S009_DAY1_MINITWICE_4423	126	Picture	PW	7169169	0	2	43200	3	0	43200
S009_DAY1_MINITWICE_4423	126	Response	52	7195091	25922	1
S009_DAY1_MINITWICE_4423	126	Pulse	99	7204853	35684	NA
S009_DAY1_MINITWICE_4423	126	Port Input	1	7204853	35684	NA
S009_DAY1_MINITWICE_4423	126	Picture	120_T_PWTRIAD_PW_grapadora_red.png	7212369	43200	1	1900	2	43200	1800
S009_DAY1_MINITWICE_4423	127	Picture	rest	7214369	0	1	144100	2	0	144000
S009_DAY1_MINITWICE_4423	127	Pulse	99	7240854	26485	NA
S009_DAY1_MINITWICE_4423	127	Port Input	1	7240854	26485	NA
S009_DAY1_MINITWICE_4423	127	Pulse	99	7276855	62486	NA
S009_DAY1_MINITWICE_4423	127	Port Input	1	7276855	62486	NA
S009_DAY1_MINITWICE_4423	127	Pulse	99	7312856	98487	NA
S009_DAY1_MINITWICE_4423	127	Port Input	1	7312856	98487	NA
S009_DAY1_MINITWICE_4423	127	Pulse	99	7348857	134488	NA
S009_DAY1_MINITWICE_4423	127	Port Input	1	7348857	134488	NA
S009_DAY1_MINITWICE_4423	128	Picture	endrest	7358569	0	1	10100	2	0	10000
S009_DAY1_MINITWICE_4423	129	Picture	FF	7368869	0	1	43199	3	0	43200
S009_DAY1_MINITWICE_4423	129	Response	51	7378497	9628	1
S009_DAY1_MINITWICE_4423	129	Pulse	99	7384858	15989	NA
S009_DAY1_MINITWICE_4423	129	Port Input	1	7384858	15989	NA
S009_DAY1_MINITWICE_4423	129	Picture	123_T_FFTRIAD_FF_dado_red.png	7412068	43199	2	1900	4	43200	1800
S009_DAY1_MINITWICE_4423	130	Picture	FF	7414168	0	1	43200	2	0	43200
S009_DAY1_MINITWICE_4423	130	Pulse	99	7420859	6691	NA
S009_DAY1_MINITWICE_4423	130	Port Input	1	7420859	6691	NA
S009_DAY1_MINITWICE_4423	130	Response	52	7428891	14723	1
S009_DAY1_MINITWICE_4423	130	Pulse	99	7456860	42692	NA
S009_DAY1_MINITWICE_4423	130	Port Input	1	7456860	42692	NA
S009_DAY1_MINITWICE_4423	130	Picture	124_T_FFTRIAD_FF_telefono_red.png	7457368	43200	1	1900	2	43200	1800
S009_DAY1_MINITWICE_4423	131	Picture	FF	7459468	0	1	43200	2	0	43200
S009_DAY1_MINITWICE_4423	131	Response	51	7473059	13591	1
S009_DAY1_MINITWICE_4423	131	Pulse	99	7492861	33393	NA
S009_DAY1_MINITWICE_4423	131	Port Input	1	7492861	33393	NA
S009_DAY1_MINITWICE_4423	131	Picture	125_T_FFTRIAD_FF_teclado_red.png	7502668	43200	1	1900	2	43200	1800
S009_DAY1_MINITWICE_4423	132	Picture	FF	7504768	0	1	43200	2	0	43200
S009_DAY1_MINITWICE_4423	132	Response	51	7516741	11973	1
S009_DAY1_MINITWICE_4423	132	Pulse	99	7528862	24094	NA
S009_DAY1_MINITWICE_4423	132	Port Input	1	7528862	24094	NA
S009_DAY1_MINITWICE_4423	132	Picture	126_T_FFTRIAD_FF_sombrilla_red.png	7547968	43200	1	1900	2	43200	1800
S009_DAY1_MINITWICE_4423	133	Picture	FF	7550068	0	1	43200	2	0	43200
S009_DAY1_MINITWICE_4423	133	Response	51	7563061	12993	1
S009_DAY1_MINITWICE_4423	133	Pulse	99	7564863	14795	NA
S009_DAY1_MINITWICE_4423	133	Port Input	1	7564863	14795	NA
S009_DAY1_MINITWICE_4423	133	Picture	127_T_FFTRIAD_FF_tijera_red.png	7593268	43200	1	1900	2	43200	1800
S009_DAY1_MINITWICE_4423	134	Picture	FF	7595368	0	1	43199	3	0	43200
S009_DAY1_MINITWICE_4423	134	Pulse	99	7600864	5496	NA
S009_DAY1_MINITWICE_4423	134	Port Input	1	7600864	5496	NA
S009_DAY1_MINITWICE_4423	134	Response	51	7610625	15257	1
S009_DAY1_MINITWICE_4423	134	Pulse	99	7636865	41497	NA
S009_DAY1_MINITWICE_4423	134	Port Input	1	7636865	41497	NA
S009_DAY1_MINITWICE_4423	134	Picture	128_T_FFTRIAD_FF_ancla_red.png	7638567	43199	2	1900	4	43200	1800
S009_DAY1_MINITWICE_4423	135	Picture	FF	7640667	0	2	43200	3	0	43200
S009_DAY1_MINITWICE_4423	135	Response	52	7657149	16482	1
S009_DAY1_MINITWICE_4423	135	Pulse	99	7672867	32200	NA
S009_DAY1_MINITWICE_4423	135	Port Input	1	7672867	32200	NA
S009_DAY1_MINITWICE_4423	135	Picture	129_T_FFTRIAD_FF_iglu_red.png	7683867	43200	1	1900	2	43200	1800
S009_DAY1_MINITWICE_4423	136	Picture	FF	7685967	0	1	43200	2	0	43200
S009_DAY1_MINITWICE_4423	136	Response	51	7697958	11991	1
S009_DAY1_MINITWICE_4423	136	Pulse	99	7708868	22901	NA
S009_DAY1_MINITWICE_4423	136	Port Input	1	7708868	22901	NA
S009_DAY1_MINITWICE_4423	136	Picture	130_T_FFTRIAD_FF_madera_red.png	7729167	43200	1	1900	2	43200	1800
S009_DAY1_MINITWICE_4423	137	Picture	rest	7731167	0	1	144099	3	0	144000
S009_DAY1_MINITWICE_4423	137	Pulse	99	7744869	13702	NA
S009_DAY1_MINITWICE_4423	137	Port Input	1	7744869	13702	NA
S009_DAY1_MINITWICE_4423	137	Pulse	99	7780870	49703	NA
S009_DAY1_MINITWICE_4423	137	Port Input	1	7780870	49703	NA
S009_DAY1_MINITWICE_4423	137	Pulse	99	7816871	85704	NA
S009_DAY1_MINITWICE_4423	137	Port Input	1	7816871	85704	NA
S009_DAY1_MINITWICE_4423	137	Pulse	99	7852872	121705	NA
S009_DAY1_MINITWICE_4423	137	Port Input	1	7852872	121705	NA
S009_DAY1_MINITWICE_4423	138	Picture	endrest	7875366	0	2	10100	3	0	10000
S009_DAY1_MINITWICE_4423	139	Picture	RW	7885666	0	1	43200	2	0	43200
S009_DAY1_MINITWICE_4423	139	Pulse	99	7888873	3207	NA
S009_DAY1_MINITWICE_4423	139	Port Input	1	7888873	3207	NA
S009_DAY1_MINITWICE_4423	139	Response	52	7917458	31792	1
S009_DAY1_MINITWICE_4423	139	Pulse	99	7924874	39208	NA
S009_DAY1_MINITWICE_4423	139	Port Input	1	7924874	39208	NA
S009_DAY1_MINITWICE_4423	139	Picture	133_T_RWTRIAD_RW_destornillador_red.png	7928866	43200	1	1900	2	43200	1800
S009_DAY1_MINITWICE_4423	140	Picture	RW	7930966	0	1	43200	2	0	43200
S009_DAY1_MINITWICE_4423	140	Response	52	7949568	18602	1
S009_DAY1_MINITWICE_4423	140	Pulse	99	7960875	29909	NA
S009_DAY1_MINITWICE_4423	140	Port Input	1	7960875	29909	NA
S009_DAY1_MINITWICE_4423	140	Picture	134_T_RWTRIAD_RW_dado_red.png	7974166	43200	1	1900	2	43200	1800
S009_DAY1_MINITWICE_4423	141	Picture	RW	7976266	0	1	43200	2	0	43200
S009_DAY1_MINITWICE_4423	141	Response	51	7995876	19610	1
S009_DAY1_MINITWICE_4423	141	Pulse	99	7996876	20610	NA
S009_DAY1_MINITWICE_4423	141	Port Input	1	7996876	20610	NA
S009_DAY1_MINITWICE_4423	141	Picture	135_T_RWTRIAD_RW_violin_red.png	8019466	43200	1	1900	2	43200	1800
S009_DAY1_MINITWICE_4423	142	Picture	RW	8021566	0	1	43200	2	0	43200
S009_DAY1_MINITWICE_4423	142	Pulse	99	8032877	11311	NA
S009_DAY1_MINITWICE_4423	142	Port Input	1	8032877	11311	NA
S009_DAY1_MINITWICE_4423	142	Response	51	8040915	19349	2
S009_DAY1_MINITWICE_4423	142	Picture	136_T_RWTRIAD_RW_madera_red.png	8064766	43200	1	1900	2	43200	1800
S009_DAY1_MINITWICE_4423	143	Picture	rest	8066766	0	1	144099	2	0	144000
S009_DAY1_MINITWICE_4423	143	Pulse	99	8068878	2112	NA
S009_DAY1_MINITWICE_4423	143	Port Input	1	8068878	2112	NA
S009_DAY1_MINITWICE_4423	143	Pulse	99	8104879	38113	NA
S009_DAY1_MINITWICE_4423	143	Port Input	1	8104879	38113	NA
S009_DAY1_MINITWICE_4423	144	Picture	endrest	8210965	0	1	10100	2	0	10000
S009_DAY1_MINITWICE_4423	145	Picture	endrest	8221165	0	1	10100	2	0	10000
S009_DAY1_MINITWICE_4423	146	Picture	endrest	8231365	0	1	10100	2	0	10000
S009_DAY1_MINITWICE_4423	147	Picture	endrest	8241565	0	1	10100	2	0	10000
