Scenario - vOT_Triads_fMRI_II
Logfile written - 07/14/2015 20:08:47

Subject	Trial	Event Type	Code	Time	TTime	Uncertainty	Duration	Uncertainty	ReqTime	ReqDur

S010_MINIONCE_4392	1	Pulse	99	248008	257930	NA
S010_MINIONCE_4392	1	Port Input	1	248008	257930	NA
S010_MINIONCE_4392	1	Pulse	99	284009	293931	NA
S010_MINIONCE_4392	1	Port Input	1	284009	293931	NA
S010_MINIONCE_4392	1	Pulse	99	320010	329932	NA
S010_MINIONCE_4392	1	Port Input	1	320010	329932	NA
S010_MINIONCE_4392	1	Pulse	99	356011	365933	NA
S010_MINIONCE_4392	1	Port Input	1	356011	365933	NA
S010_MINIONCE_4392	1	Pulse	99	392012	401934	NA
S010_MINIONCE_4392	1	Port Input	1	392012	401934	NA
S010_MINIONCE_4392	2	Picture	rest	392296	0	1	144099	2	0	144000
S010_MINIONCE_4392	2	Pulse	99	428013	35717	NA
S010_MINIONCE_4392	2	Port Input	1	428013	35717	NA
S010_MINIONCE_4392	2	Pulse	99	464014	71718	NA
S010_MINIONCE_4392	2	Port Input	1	464014	71718	NA
S010_MINIONCE_4392	2	Pulse	99	500015	107719	NA
S010_MINIONCE_4392	2	Port Input	1	500015	107719	NA
S010_MINIONCE_4392	2	Pulse	99	536016	143720	NA
S010_MINIONCE_4392	2	Port Input	1	536016	143720	NA
S010_MINIONCE_4392	3	Picture	endrest	536495	0	1	10100	2	0	10000
S010_MINIONCE_4392	4	Picture	FF	546995	0	1	43100	2	0	43200
S010_MINIONCE_4392	4	Response	51	558512	11517	1
S010_MINIONCE_4392	4	Pulse	99	572017	25022	NA
S010_MINIONCE_4392	4	Port Input	1	572017	25022	NA
S010_MINIONCE_4392	4	Picture	3_T_FFTRIAD_FF_grapadora_red.png	590095	43100	1	1900	2	43200	1800
S010_MINIONCE_4392	5	Picture	FF	592195	0	1	43199	3	0	43200
S010_MINIONCE_4392	5	Response	52	605120	12925	1
S010_MINIONCE_4392	5	Pulse	99	608018	15823	NA
S010_MINIONCE_4392	5	Port Input	1	608018	15823	NA
S010_MINIONCE_4392	5	Picture	4_T_FFTRIAD_FF_huevos_red.png	635394	43199	2	1900	4	43200	1800
S010_MINIONCE_4392	6	Picture	FF	637494	0	2	43200	3	0	43200
S010_MINIONCE_4392	6	Pulse	99	644019	6525	NA
S010_MINIONCE_4392	6	Port Input	1	644019	6525	NA
S010_MINIONCE_4392	6	Response	51	650157	12663	1
S010_MINIONCE_4392	6	Pulse	99	680020	42526	NA
S010_MINIONCE_4392	6	Port Input	1	680020	42526	NA
S010_MINIONCE_4392	6	Picture	5_T_FFTRIAD_FF_dado_red.png	680694	43200	1	1900	2	43200	1800
S010_MINIONCE_4392	7	Picture	FF	682794	0	1	43200	2	0	43200
S010_MINIONCE_4392	7	Response	51	694947	12153	1
S010_MINIONCE_4392	7	Pulse	99	716021	33227	NA
S010_MINIONCE_4392	7	Port Input	1	716021	33227	NA
S010_MINIONCE_4392	7	Picture	6_T_FFTRIAD_FF_leche_red.png	725994	43200	1	1900	2	43200	1800
S010_MINIONCE_4392	8	Picture	RW	728193	0	2	43200	4	0	43200
S010_MINIONCE_4392	8	Pulse	99	752021	23828	NA
S010_MINIONCE_4392	8	Port Input	1	752021	23828	NA
S010_MINIONCE_4392	8	Response	52	755681	27488	1
S010_MINIONCE_4392	8	Picture	7_T_RWTRIAD_RW_murcielago_red.png	771393	43200	2	1900	4	43200	1800
S010_MINIONCE_4392	9	Picture	RW	773693	0	2	43100	3	0	43200
S010_MINIONCE_4392	9	Pulse	99	788022	14329	NA
S010_MINIONCE_4392	9	Port Input	1	788022	14329	NA
S010_MINIONCE_4392	9	Response	51	798255	24562	1
S010_MINIONCE_4392	9	Picture	8_T_RWTRIAD_RW_policia_red.png	816793	43100	1	1900	2	43200	1800
S010_MINIONCE_4392	10	Picture	RW	818893	0	1	43200	2	0	43200
S010_MINIONCE_4392	10	Pulse	99	824023	5130	NA
S010_MINIONCE_4392	10	Port Input	1	824023	5130	NA
S010_MINIONCE_4392	10	Response	52	841854	22961	1
S010_MINIONCE_4392	10	Pulse	99	860024	41131	NA
S010_MINIONCE_4392	10	Port Input	1	860024	41131	NA
S010_MINIONCE_4392	10	Picture	9_T_RWTRIAD_RW_plato_red.png	862093	43200	1	1899	4	43200	1800
S010_MINIONCE_4392	11	Picture	RW	864193	0	1	43198	5	0	43200
S010_MINIONCE_4392	11	Response	52	882472	18279	1
S010_MINIONCE_4392	11	Pulse	99	896025	31832	NA
S010_MINIONCE_4392	11	Port Input	1	896025	31832	NA
S010_MINIONCE_4392	11	Picture	10_T_RWTRIAD_RW_queso_red.png	907391	43198	4	1901	5	43200	1800
S010_MINIONCE_4392	12	Picture	rest	909392	0	2	144099	3	0	144000
S010_MINIONCE_4392	12	Pulse	99	932026	22634	NA
S010_MINIONCE_4392	12	Port Input	1	932026	22634	NA
S010_MINIONCE_4392	12	Pulse	99	968027	58635	NA
S010_MINIONCE_4392	12	Port Input	1	968027	58635	NA
S010_MINIONCE_4392	12	Pulse	99	1004028	94636	NA
S010_MINIONCE_4392	12	Port Input	1	1004028	94636	NA
S010_MINIONCE_4392	12	Pulse	99	1040029	130637	NA
S010_MINIONCE_4392	12	Port Input	1	1040029	130637	NA
S010_MINIONCE_4392	13	Picture	endrest	1053591	0	1	10100	2	0	10000
S010_MINIONCE_4392	14	Picture	RW	1063991	0	1	43200	2	0	43200
S010_MINIONCE_4392	14	Pulse	99	1076030	12039	NA
S010_MINIONCE_4392	14	Port Input	1	1076030	12039	NA
S010_MINIONCE_4392	14	Response	51	1085310	21319	1
S010_MINIONCE_4392	14	Picture	13_T_RWTRIAD_RW_dedal_red.png	1107191	43200	1	1900	2	43200	1800
S010_MINIONCE_4392	15	Picture	RW	1109291	0	1	43200	2	0	43200
S010_MINIONCE_4392	15	Pulse	99	1112031	2740	NA
S010_MINIONCE_4392	15	Port Input	1	1112031	2740	NA
S010_MINIONCE_4392	15	Response	51	1137492	28201	2
S010_MINIONCE_4392	15	Pulse	99	1148032	38741	NA
S010_MINIONCE_4392	15	Port Input	1	1148032	38741	NA
S010_MINIONCE_4392	15	Picture	14_T_RWTRIAD_RW_piramide_red.png	1152491	43200	1	1900	2	43200	1800
S010_MINIONCE_4392	16	Picture	RW	1154591	0	1	43199	2	0	43200
S010_MINIONCE_4392	16	Response	51	1173622	19031	1
S010_MINIONCE_4392	16	Pulse	99	1184033	29442	NA
S010_MINIONCE_4392	16	Port Input	1	1184033	29442	NA
S010_MINIONCE_4392	16	Picture	15_T_RWTRIAD_RW_pizarra_red.png	1197790	43199	1	1900	2	43200	1800
S010_MINIONCE_4392	17	Picture	RW	1199990	0	1	43200	2	0	43200
S010_MINIONCE_4392	17	Response	51	1217612	17622	1
S010_MINIONCE_4392	17	Pulse	99	1220033	20043	NA
S010_MINIONCE_4392	17	Port Input	1	1220033	20043	NA
S010_MINIONCE_4392	17	Picture	16_T_RWTRIAD_RW_bala_red.png	1243190	43200	1	1900	2	43200	1800
S010_MINIONCE_4392	18	Picture	RW	1245290	0	1	43200	2	0	43200
S010_MINIONCE_4392	18	Pulse	99	1256034	10744	NA
S010_MINIONCE_4392	18	Port Input	1	1256034	10744	NA
S010_MINIONCE_4392	18	Response	52	1260658	15368	1
S010_MINIONCE_4392	18	Picture	17_T_RWTRIAD_RW_huevos_red.png	1288490	43200	1	1899	3	43200	1800
S010_MINIONCE_4392	19	Picture	RW	1290590	0	1	43199	2	0	43200
S010_MINIONCE_4392	19	Pulse	99	1292035	1445	NA
S010_MINIONCE_4392	19	Port Input	1	1292035	1445	NA
S010_MINIONCE_4392	19	Response	52	1307346	16756	1
S010_MINIONCE_4392	19	Pulse	99	1328036	37446	NA
S010_MINIONCE_4392	19	Port Input	1	1328036	37446	NA
S010_MINIONCE_4392	19	Picture	18_T_RWTRIAD_RW_esquimal_red.png	1333789	43199	1	1900	2	43200	1800
S010_MINIONCE_4392	20	Picture	RW	1335889	0	1	43200	2	0	43200
S010_MINIONCE_4392	20	Response	51	1354506	18617	2
S010_MINIONCE_4392	20	Pulse	99	1364037	28148	NA
S010_MINIONCE_4392	20	Port Input	1	1364037	28148	NA
S010_MINIONCE_4392	20	Picture	19_T_RWTRIAD_RW_paracaidas_red.png	1379089	43200	1	1900	2	43200	1800
S010_MINIONCE_4392	21	Picture	RW	1381389	0	1	43100	2	0	43200
S010_MINIONCE_4392	21	Response	52	1398371	16982	1
S010_MINIONCE_4392	21	Pulse	99	1400038	18649	NA
S010_MINIONCE_4392	21	Port Input	1	1400038	18649	NA
S010_MINIONCE_4392	21	Picture	20_T_RWTRIAD_RW_mono_red.png	1424489	43100	1	1900	2	43200	1800
S010_MINIONCE_4392	22	Picture	rest	1426488	0	2	144099	4	0	144000
S010_MINIONCE_4392	22	Pulse	99	1436039	9551	NA
S010_MINIONCE_4392	22	Port Input	1	1436039	9551	NA
S010_MINIONCE_4392	22	Pulse	99	1472040	45552	NA
S010_MINIONCE_4392	22	Port Input	1	1472040	45552	NA
S010_MINIONCE_4392	22	Pulse	99	1508041	81553	NA
S010_MINIONCE_4392	22	Port Input	1	1508041	81553	NA
S010_MINIONCE_4392	22	Pulse	99	1544042	117554	NA
S010_MINIONCE_4392	22	Port Input	1	1544042	117554	NA
S010_MINIONCE_4392	23	Picture	endrest	1570687	0	1	10100	2	0	10000
S010_MINIONCE_4392	23	Pulse	99	1580043	9356	NA
S010_MINIONCE_4392	23	Port Input	1	1580043	9356	NA
S010_MINIONCE_4392	24	Picture	PW	1581187	0	1	43100	2	0	43200
S010_MINIONCE_4392	24	Response	52	1606651	25464	1
S010_MINIONCE_4392	24	Pulse	99	1616044	34857	NA
S010_MINIONCE_4392	24	Port Input	1	1616044	34857	NA
S010_MINIONCE_4392	24	Picture	23_T_PWTRIAD_PW_silla_red.png	1624287	43100	1	1900	2	43200	1800
S010_MINIONCE_4392	25	Picture	PW	1626387	0	1	43200	2	0	43200
S010_MINIONCE_4392	25	Response	52	1651933	25546	1
S010_MINIONCE_4392	25	Pulse	99	1652045	25658	NA
S010_MINIONCE_4392	25	Port Input	1	1652045	25658	NA
S010_MINIONCE_4392	25	Picture	24_T_PWTRIAD_PW_violin_red.png	1669587	43200	1	1900	2	43200	1800
S010_MINIONCE_4392	26	Picture	PW	1671887	0	1	43099	2	0	43200
S010_MINIONCE_4392	26	Pulse	99	1688045	16158	NA
S010_MINIONCE_4392	26	Port Input	1	1688045	16158	NA
S010_MINIONCE_4392	26	Response	52	1695620	23733	1
S010_MINIONCE_4392	26	Picture	25_T_PWTRIAD_PW_lechuga_red.png	1714986	43099	1	1900	2	43200	1800
S010_MINIONCE_4392	27	Picture	PW	1717086	0	1	43200	2	0	43200
S010_MINIONCE_4392	27	Pulse	99	1724046	6960	NA
S010_MINIONCE_4392	27	Port Input	1	1724046	6960	NA
S010_MINIONCE_4392	27	Response	51	1740103	23017	1
S010_MINIONCE_4392	27	Pulse	99	1760047	42961	NA
S010_MINIONCE_4392	27	Port Input	1	1760047	42961	NA
S010_MINIONCE_4392	27	Picture	26_T_PWTRIAD_PW_piramide_red.png	1760286	43200	1	1900	2	43200	1800
S010_MINIONCE_4392	28	Picture	RW	1762386	0	1	43200	2	0	43200
S010_MINIONCE_4392	28	Response	52	1786541	24155	1
S010_MINIONCE_4392	28	Pulse	99	1796048	33662	NA
S010_MINIONCE_4392	28	Port Input	1	1796048	33662	NA
S010_MINIONCE_4392	28	Picture	27_T_RWTRIAD_RW_sapo_red.png	1805586	43200	1	1900	2	43200	1800
S010_MINIONCE_4392	29	Picture	RW	1807686	0	1	43199	2	0	43200
S010_MINIONCE_4392	29	Response	52	1831816	24130	1
S010_MINIONCE_4392	29	Pulse	99	1832049	24363	NA
S010_MINIONCE_4392	29	Port Input	1	1832049	24363	NA
S010_MINIONCE_4392	29	Picture	28_T_RWTRIAD_RW_molino_red.png	1850885	43199	1	1900	2	43200	1800
S010_MINIONCE_4392	30	Picture	RW	1852985	0	1	43200	2	0	43200
S010_MINIONCE_4392	30	Pulse	99	1868050	15065	NA
S010_MINIONCE_4392	30	Port Input	1	1868050	15065	NA
S010_MINIONCE_4392	30	Response	51	1889067	36082	1
S010_MINIONCE_4392	30	Picture	29_T_RWTRIAD_RW_banera_red.png	1896185	43200	1	1900	2	43200	1800
S010_MINIONCE_4392	31	Picture	RW	1898285	0	1	43200	2	0	43200
S010_MINIONCE_4392	31	Pulse	99	1904051	5766	NA
S010_MINIONCE_4392	31	Port Input	1	1904051	5766	NA
S010_MINIONCE_4392	31	Response	51	1924541	26256	1
S010_MINIONCE_4392	31	Pulse	99	1940052	41767	NA
S010_MINIONCE_4392	31	Port Input	1	1940052	41767	NA
S010_MINIONCE_4392	31	Picture	30_T_RWTRIAD_RW_ancla_red.png	1941485	43200	1	1900	2	43200	1800
S010_MINIONCE_4392	32	Picture	rest	1943485	0	1	144098	3	0	144000
S010_MINIONCE_4392	32	Pulse	99	1976053	32568	NA
S010_MINIONCE_4392	32	Port Input	1	1976053	32568	NA
S010_MINIONCE_4392	32	Pulse	99	2012054	68569	NA
S010_MINIONCE_4392	32	Port Input	1	2012054	68569	NA
S010_MINIONCE_4392	32	Pulse	99	2048055	104570	NA
S010_MINIONCE_4392	32	Port Input	1	2048055	104570	NA
S010_MINIONCE_4392	32	Pulse	99	2084056	140571	NA
S010_MINIONCE_4392	32	Port Input	1	2084056	140571	NA
S010_MINIONCE_4392	33	Picture	endrest	2087683	0	2	10100	4	0	10000
S010_MINIONCE_4392	34	Picture	PW	2098183	0	2	43100	3	0	43200
S010_MINIONCE_4392	34	Pulse	99	2120057	21874	NA
S010_MINIONCE_4392	34	Port Input	1	2120057	21874	NA
S010_MINIONCE_4392	34	Response	51	2123741	25558	1
S010_MINIONCE_4392	34	Picture	33_T_PWTRIAD_PW_esquimal_red.png	2141283	43100	1	1900	2	43200	1800
S010_MINIONCE_4392	35	Picture	PW	2143383	0	1	43200	2	0	43200
S010_MINIONCE_4392	35	Pulse	99	2156058	12675	NA
S010_MINIONCE_4392	35	Port Input	1	2156058	12675	NA
S010_MINIONCE_4392	35	Response	51	2171747	28364	1
S010_MINIONCE_4392	35	Picture	34_T_PWTRIAD_PW_llave_red.png	2186583	43200	1	1900	2	43200	1800
S010_MINIONCE_4392	36	Picture	PW	2188683	0	1	43199	3	0	43200
S010_MINIONCE_4392	36	Pulse	99	2192058	3375	NA
S010_MINIONCE_4392	36	Port Input	1	2192058	3375	NA
S010_MINIONCE_4392	36	Response	51	2220056	31373	1
S010_MINIONCE_4392	36	Pulse	99	2228059	39376	NA
S010_MINIONCE_4392	36	Port Input	1	2228059	39376	NA
S010_MINIONCE_4392	36	Picture	35_T_PWTRIAD_PW_manos_red.png	2231882	43199	2	1900	3	43200	1800
S010_MINIONCE_4392	37	Picture	PW	2234182	0	2	43100	3	0	43200
S010_MINIONCE_4392	37	Response	52	2260551	26369	1
S010_MINIONCE_4392	37	Pulse	99	2264060	29878	NA
S010_MINIONCE_4392	37	Port Input	1	2264060	29878	NA
S010_MINIONCE_4392	37	Picture	36_T_PWTRIAD_PW_cuento_red.png	2277282	43100	1	1900	2	43200	1800
S010_MINIONCE_4392	38	Picture	RW	2279382	0	1	43200	2	0	43200
S010_MINIONCE_4392	38	Response	51	2295545	16163	2
S010_MINIONCE_4392	38	Pulse	99	2300061	20679	NA
S010_MINIONCE_4392	38	Port Input	1	2300061	20679	NA
S010_MINIONCE_4392	38	Picture	37_T_RWTRIAD_RW_zanahoria_red.png	2322582	43200	1	1900	2	43200	1800
S010_MINIONCE_4392	39	Picture	RW	2324682	0	1	43199	2	0	43200
S010_MINIONCE_4392	39	Pulse	99	2336062	11380	NA
S010_MINIONCE_4392	39	Port Input	1	2336062	11380	NA
S010_MINIONCE_4392	39	Response	51	2342764	18082	1
S010_MINIONCE_4392	39	Picture	38_T_RWTRIAD_RW_lana_red.png	2367881	43199	1	1900	2	43200	1800
S010_MINIONCE_4392	40	Picture	RW	2369981	0	2	43200	3	0	43200
S010_MINIONCE_4392	40	Pulse	99	2372063	2082	NA
S010_MINIONCE_4392	40	Port Input	1	2372063	2082	NA
S010_MINIONCE_4392	40	Response	51	2388269	18288	1
S010_MINIONCE_4392	40	Pulse	99	2408064	38083	NA
S010_MINIONCE_4392	40	Port Input	1	2408064	38083	NA
S010_MINIONCE_4392	40	Picture	39_T_RWTRIAD_RW_television_red.png	2413181	43200	1	1900	2	43200	1800
S010_MINIONCE_4392	41	Picture	RW	2415281	0	1	43200	2	0	43200
S010_MINIONCE_4392	41	Response	52	2430571	15290	1
S010_MINIONCE_4392	41	Pulse	99	2444065	28784	NA
S010_MINIONCE_4392	41	Port Input	1	2444065	28784	NA
S010_MINIONCE_4392	41	Picture	40_T_RWTRIAD_RW_sombrilla_red.png	2458481	43200	1	1900	2	43200	1800
S010_MINIONCE_4392	42	Picture	rest	2460481	0	1	144099	2	0	144000
S010_MINIONCE_4392	42	Pulse	99	2480066	19585	NA
S010_MINIONCE_4392	42	Port Input	1	2480066	19585	NA
S010_MINIONCE_4392	42	Pulse	99	2516067	55586	NA
S010_MINIONCE_4392	42	Port Input	1	2516067	55586	NA
S010_MINIONCE_4392	42	Pulse	99	2552068	91587	NA
S010_MINIONCE_4392	42	Port Input	1	2552068	91587	NA
S010_MINIONCE_4392	42	Pulse	99	2588069	127588	NA
S010_MINIONCE_4392	42	Port Input	1	2588069	127588	NA
S010_MINIONCE_4392	43	Picture	endrest	2604680	0	1	10099	3	0	10000
S010_MINIONCE_4392	44	Picture	FF	2615180	0	1	43099	2	0	43200
S010_MINIONCE_4392	44	Pulse	99	2624070	8890	NA
S010_MINIONCE_4392	44	Port Input	1	2624070	8890	NA
S010_MINIONCE_4392	44	Response	52	2628980	13800	1
S010_MINIONCE_4392	44	Picture	43_T_FFTRIAD_FF_esquimal_red.png	2658279	43099	1	1900	2	43200	1800
S010_MINIONCE_4392	44	Pulse	99	2660070	44890	NA
S010_MINIONCE_4392	44	Port Input	1	2660070	44890	NA
S010_MINIONCE_4392	45	Picture	FF	2660379	0	1	43200	2	0	43200
S010_MINIONCE_4392	45	Response	51	2682756	22377	1
S010_MINIONCE_4392	45	Pulse	99	2696071	35692	NA
S010_MINIONCE_4392	45	Port Input	1	2696071	35692	NA
S010_MINIONCE_4392	45	Picture	44_T_FFTRIAD_FF_lenador_red.png	2703579	43200	1	1900	2	43200	1800
S010_MINIONCE_4392	46	Picture	FF	2705879	0	1	43100	2	0	43200
S010_MINIONCE_4392	46	Response	51	2722001	16122	1
S010_MINIONCE_4392	46	Pulse	99	2732072	26193	NA
S010_MINIONCE_4392	46	Port Input	1	2732072	26193	NA
S010_MINIONCE_4392	46	Picture	45_T_FFTRIAD_FF_bellota_red.png	2748979	43100	1	1899	3	43200	1800
S010_MINIONCE_4392	47	Picture	FF	2751078	0	2	43200	3	0	43200
S010_MINIONCE_4392	47	Pulse	99	2768073	16995	NA
S010_MINIONCE_4392	47	Port Input	1	2768073	16995	NA
S010_MINIONCE_4392	47	Response	52	2768503	17425	1
S010_MINIONCE_4392	47	Picture	46_T_FFTRIAD_FF_molino_red.png	2794278	43200	1	1900	2	43200	1800
S010_MINIONCE_4392	48	Picture	FF	2796378	0	1	43200	2	0	43200
S010_MINIONCE_4392	48	Pulse	99	2804074	7696	NA
S010_MINIONCE_4392	48	Port Input	1	2804074	7696	NA
S010_MINIONCE_4392	48	Response	52	2807746	11368	2
S010_MINIONCE_4392	48	Picture	47_T_FFTRIAD_FF_telarana_red.png	2839578	43200	1	1900	2	43200	1800
S010_MINIONCE_4392	48	Pulse	99	2840075	43697	NA
S010_MINIONCE_4392	48	Port Input	1	2840075	43697	NA
S010_MINIONCE_4392	49	Picture	FF	2841678	0	1	43199	3	0	43200
S010_MINIONCE_4392	49	Response	51	2850796	9118	1
S010_MINIONCE_4392	49	Pulse	99	2876076	34398	NA
S010_MINIONCE_4392	49	Port Input	1	2876076	34398	NA
S010_MINIONCE_4392	49	Picture	48_T_FFTRIAD_FF_sapo_red.png	2884877	43199	2	1900	4	43200	1800
S010_MINIONCE_4392	50	Picture	FF	2886977	0	2	43200	3	0	43200
S010_MINIONCE_4392	50	Response	52	2903324	16347	1
S010_MINIONCE_4392	50	Pulse	99	2912077	25100	NA
S010_MINIONCE_4392	50	Port Input	1	2912077	25100	NA
S010_MINIONCE_4392	50	Picture	49_T_FFTRIAD_FF_murcielago_red.png	2930177	43200	1	1900	2	43200	1800
S010_MINIONCE_4392	51	Picture	FF	2932477	0	1	43100	2	0	43200
S010_MINIONCE_4392	51	Response	52	2943579	11102	1
S010_MINIONCE_4392	51	Pulse	99	2948078	15601	NA
S010_MINIONCE_4392	51	Port Input	1	2948078	15601	NA
S010_MINIONCE_4392	51	Picture	50_T_FFTRIAD_FF_iglu_red.png	2975577	43100	1	1900	2	43200	1800
S010_MINIONCE_4392	52	Picture	rest	2977577	0	1	144099	2	0	144000
S010_MINIONCE_4392	52	Pulse	99	2984079	6502	NA
S010_MINIONCE_4392	52	Port Input	1	2984079	6502	NA
S010_MINIONCE_4392	52	Pulse	99	3020080	42503	NA
S010_MINIONCE_4392	52	Port Input	1	3020080	42503	NA
S010_MINIONCE_4392	52	Pulse	99	3056081	78504	NA
S010_MINIONCE_4392	52	Port Input	1	3056081	78504	NA
S010_MINIONCE_4392	52	Pulse	99	3092082	114505	NA
S010_MINIONCE_4392	52	Port Input	1	3092082	114505	NA
S010_MINIONCE_4392	53	Picture	endrest	3121776	0	1	10100	2	0	10000
S010_MINIONCE_4392	53	Pulse	99	3128083	6307	NA
S010_MINIONCE_4392	53	Port Input	1	3128083	6307	NA
S010_MINIONCE_4392	54	Picture	RW	3132076	0	1	43199	2	0	43200
S010_MINIONCE_4392	54	Response	52	3157936	25860	1
S010_MINIONCE_4392	54	Pulse	99	3164083	32007	NA
S010_MINIONCE_4392	54	Port Input	1	3164083	32007	NA
S010_MINIONCE_4392	54	Picture	53_T_RWTRIAD_RW_arbol_red.png	3175275	43199	1	1900	2	43200	1800
S010_MINIONCE_4392	55	Picture	RW	3177375	0	1	43200	2	0	43200
S010_MINIONCE_4392	55	Response	52	3192847	15472	1
S010_MINIONCE_4392	55	Pulse	99	3200084	22709	NA
S010_MINIONCE_4392	55	Port Input	1	3200084	22709	NA
S010_MINIONCE_4392	55	Picture	54_T_RWTRIAD_RW_gafas_red.png	3220575	43200	1	1900	2	43200	1800
S010_MINIONCE_4392	56	Picture	RW	3222675	0	1	43200	2	0	43200
S010_MINIONCE_4392	56	Pulse	99	3236085	13410	NA
S010_MINIONCE_4392	56	Port Input	1	3236085	13410	NA
S010_MINIONCE_4392	56	Response	52	3236625	13950	1
S010_MINIONCE_4392	56	Picture	55_T_RWTRIAD_RW_leche_red.png	3265875	43200	1	1900	2	43200	1800
S010_MINIONCE_4392	57	Picture	RW	3267975	0	1	43199	2	0	43200
S010_MINIONCE_4392	57	Pulse	99	3272086	4111	NA
S010_MINIONCE_4392	57	Port Input	1	3272086	4111	NA
S010_MINIONCE_4392	57	Response	52	3287745	19770	1
S010_MINIONCE_4392	57	Pulse	99	3308087	40112	NA
S010_MINIONCE_4392	57	Port Input	1	3308087	40112	NA
S010_MINIONCE_4392	57	Picture	56_T_RWTRIAD_RW_tijera_red.png	3311174	43199	1	1900	2	43200	1800
S010_MINIONCE_4392	58	Picture	FF	3313274	0	1	43200	2	0	43200
S010_MINIONCE_4392	58	Response	51	3331003	17729	1
S010_MINIONCE_4392	58	Pulse	99	3344088	30814	NA
S010_MINIONCE_4392	58	Port Input	1	3344088	30814	NA
S010_MINIONCE_4392	58	Picture	57_T_FFTRIAD_FF_martillo_red.png	3356474	43200	1	1900	2	43200	1800
S010_MINIONCE_4392	59	Picture	FF	3358574	0	1	43200	2	0	43200
S010_MINIONCE_4392	59	Response	52	3371552	12978	1
S010_MINIONCE_4392	59	Pulse	99	3380089	21515	NA
S010_MINIONCE_4392	59	Port Input	1	3380089	21515	NA
S010_MINIONCE_4392	59	Picture	58_T_FFTRIAD_FF_mono_red.png	3401774	43200	1	1899	3	43200	1800
S010_MINIONCE_4392	60	Picture	FF	3404074	0	1	43099	2	0	43200
S010_MINIONCE_4392	60	Pulse	99	3416090	12016	NA
S010_MINIONCE_4392	60	Port Input	1	3416090	12016	NA
S010_MINIONCE_4392	60	Response	51	3425563	21489	1
S010_MINIONCE_4392	60	Picture	59_T_FFTRIAD_FF_carruaje_red.png	3447173	43099	1	1900	2	43200	1800
S010_MINIONCE_4392	61	Picture	FF	3449273	0	1	43200	2	0	43200
S010_MINIONCE_4392	61	Pulse	99	3452091	2818	NA
S010_MINIONCE_4392	61	Port Input	1	3452091	2818	NA
S010_MINIONCE_4392	61	Response	52	3469593	20320	1
S010_MINIONCE_4392	61	Pulse	99	3488092	38819	NA
S010_MINIONCE_4392	61	Port Input	1	3488092	38819	NA
S010_MINIONCE_4392	61	Picture	60_T_FFTRIAD_FF_plato_red.png	3492473	43200	1	1900	2	43200	1800
S010_MINIONCE_4392	62	Picture	rest	3494473	0	1	144099	2	0	144000
S010_MINIONCE_4392	62	Pulse	99	3524093	29620	NA
S010_MINIONCE_4392	62	Port Input	1	3524093	29620	NA
S010_MINIONCE_4392	62	Pulse	99	3560094	65621	NA
S010_MINIONCE_4392	62	Port Input	1	3560094	65621	NA
S010_MINIONCE_4392	62	Pulse	99	3596095	101622	NA
S010_MINIONCE_4392	62	Port Input	1	3596095	101622	NA
S010_MINIONCE_4392	62	Pulse	99	3632095	137622	NA
S010_MINIONCE_4392	62	Port Input	1	3632095	137622	NA
S010_MINIONCE_4392	63	Picture	endrest	3638672	0	1	10100	2	0	10000
S010_MINIONCE_4392	64	Picture	FF	3648972	0	1	43199	2	0	43200
S010_MINIONCE_4392	64	Pulse	99	3668096	19124	NA
S010_MINIONCE_4392	64	Port Input	1	3668096	19124	NA
S010_MINIONCE_4392	64	Response	52	3668841	19869	41
S010_MINIONCE_4392	64	Picture	63_T_FFTRIAD_FF_destornillador_red.png	3692171	43199	1	1900	2	43200	1800
S010_MINIONCE_4392	65	Picture	FF	3694271	0	1	43200	2	0	43200
S010_MINIONCE_4392	65	Pulse	99	3704097	9826	NA
S010_MINIONCE_4392	65	Port Input	1	3704097	9826	NA
S010_MINIONCE_4392	65	Response	51	3719087	24816	1
S010_MINIONCE_4392	65	Picture	64_T_FFTRIAD_FF_madera_red.png	3737471	43200	1	1900	2	43200	1800
S010_MINIONCE_4392	66	Picture	FF	3739571	0	1	43199	3	0	43200
S010_MINIONCE_4392	66	Pulse	99	3740098	527	NA
S010_MINIONCE_4392	66	Port Input	1	3740098	527	NA
S010_MINIONCE_4392	66	Response	52	3767288	27717	1
S010_MINIONCE_4392	66	Pulse	99	3776099	36528	NA
S010_MINIONCE_4392	66	Port Input	1	3776099	36528	NA
S010_MINIONCE_4392	66	Picture	65_T_FFTRIAD_FF_monja_red.png	3782770	43199	2	1901	3	43200	1800
S010_MINIONCE_4392	67	Picture	FF	3784871	0	1	43199	2	0	43200
S010_MINIONCE_4392	67	Response	52	3800682	15811	1
S010_MINIONCE_4392	67	Pulse	99	3812100	27229	NA
S010_MINIONCE_4392	67	Port Input	1	3812100	27229	NA
S010_MINIONCE_4392	67	Picture	66_T_FFTRIAD_FF_silla_red.png	3828070	43199	1	1900	2	43200	1800
S010_MINIONCE_4392	68	Picture	RW	3830370	0	1	43100	2	0	43200
S010_MINIONCE_4392	68	Response	52	3847337	16967	1
S010_MINIONCE_4392	68	Pulse	99	3848101	17731	NA
S010_MINIONCE_4392	68	Port Input	1	3848101	17731	NA
S010_MINIONCE_4392	68	Picture	67_T_RWTRIAD_RW_raton_red.png	3873470	43100	1	1900	2	43200	1800
S010_MINIONCE_4392	69	Picture	RW	3875570	0	1	43200	2	0	43200
S010_MINIONCE_4392	69	Pulse	99	3884102	8532	NA
S010_MINIONCE_4392	69	Port Input	1	3884102	8532	NA
S010_MINIONCE_4392	69	Response	51	3891013	15443	2
S010_MINIONCE_4392	69	Picture	68_T_RWTRIAD_RW_telarana_red.png	3918770	43200	1	1900	2	43200	1800
S010_MINIONCE_4392	69	Pulse	99	3920103	44533	NA
S010_MINIONCE_4392	69	Port Input	1	3920103	44533	NA
S010_MINIONCE_4392	70	Picture	RW	3921070	0	1	43099	2	0	43200
S010_MINIONCE_4392	70	Response	51	3937638	16568	1
S010_MINIONCE_4392	70	Pulse	99	3956104	35034	NA
S010_MINIONCE_4392	70	Port Input	1	3956104	35034	NA
S010_MINIONCE_4392	70	Picture	69_T_RWTRIAD_RW_cerillas_red.png	3964169	43099	1	1900	2	43200	1800
S010_MINIONCE_4392	71	Picture	RW	3966269	0	1	43200	2	0	43200
S010_MINIONCE_4392	71	Response	52	3979433	13164	1
S010_MINIONCE_4392	71	Pulse	99	3992105	25836	NA
S010_MINIONCE_4392	71	Port Input	1	3992105	25836	NA
S010_MINIONCE_4392	71	Picture	70_T_RWTRIAD_RW_cinturon_red.png	4009469	43200	1	1900	2	43200	1800
S010_MINIONCE_4392	72	Picture	rest	4011469	0	1	144099	2	0	144000
S010_MINIONCE_4392	72	Pulse	99	4028106	16637	NA
S010_MINIONCE_4392	72	Port Input	1	4028106	16637	NA
S010_MINIONCE_4392	72	Pulse	99	4064107	52638	NA
S010_MINIONCE_4392	72	Port Input	1	4064107	52638	NA
S010_MINIONCE_4392	72	Pulse	99	4100107	88638	NA
S010_MINIONCE_4392	72	Port Input	1	4100107	88638	NA
S010_MINIONCE_4392	72	Pulse	99	4136108	124639	NA
S010_MINIONCE_4392	72	Port Input	1	4136108	124639	NA
S010_MINIONCE_4392	73	Picture	endrest	4155668	0	1	10100	2	0	10000
S010_MINIONCE_4392	74	Picture	PW	4165968	0	1	43199	2	0	43200
S010_MINIONCE_4392	74	Pulse	99	4172109	6141	NA
S010_MINIONCE_4392	74	Port Input	1	4172109	6141	NA
S010_MINIONCE_4392	74	Response	52	4192563	26595	1
S010_MINIONCE_4392	74	Pulse	99	4208110	42142	NA
S010_MINIONCE_4392	74	Port Input	1	4208110	42142	NA
S010_MINIONCE_4392	74	Picture	73_T_PWTRIAD_PW_television_red.png	4209167	43199	1	1900	3	43200	1800
S010_MINIONCE_4392	75	Picture	PW	4211267	0	2	43200	3	0	43200
S010_MINIONCE_4392	75	Response	51	4235630	24363	2
S010_MINIONCE_4392	75	Pulse	99	4244111	32844	NA
S010_MINIONCE_4392	75	Port Input	1	4244111	32844	NA
S010_MINIONCE_4392	75	Picture	74_T_PWTRIAD_PW_pluma_red.png	4254467	43200	1	1900	2	43200	1800
S010_MINIONCE_4392	76	Picture	PW	4256567	0	1	43200	2	0	43200
S010_MINIONCE_4392	76	Response	52	4279734	23167	1
S010_MINIONCE_4392	76	Pulse	99	4280112	23545	NA
S010_MINIONCE_4392	76	Port Input	1	4280112	23545	NA
S010_MINIONCE_4392	76	Picture	75_T_PWTRIAD_PW_agua_red.png	4299767	43200	1	1900	2	43200	1800
S010_MINIONCE_4392	77	Picture	PW	4301867	0	1	43199	2	0	43200
S010_MINIONCE_4392	77	Pulse	99	4316113	14246	NA
S010_MINIONCE_4392	77	Port Input	1	4316113	14246	NA
S010_MINIONCE_4392	77	Response	51	4327747	25880	1
S010_MINIONCE_4392	77	Picture	76_T_PWTRIAD_PW_anillo_red.png	4345066	43199	1	1900	2	43200	1800
S010_MINIONCE_4392	78	Picture	RW	4347166	0	1	43200	2	0	43200
S010_MINIONCE_4392	78	Pulse	99	4352114	4948	NA
S010_MINIONCE_4392	78	Port Input	1	4352114	4948	NA
S010_MINIONCE_4392	78	Response	51	4365940	18774	1
S010_MINIONCE_4392	78	Pulse	99	4388115	40949	NA
S010_MINIONCE_4392	78	Port Input	1	4388115	40949	NA
S010_MINIONCE_4392	78	Picture	77_T_RWTRIAD_RW_portatil_red.png	4390366	43200	1	1900	2	43200	1800
S010_MINIONCE_4392	79	Picture	RW	4392466	0	1	43185	42	0	43200
S010_MINIONCE_4392	79	Response	51	4410194	17728	1
S010_MINIONCE_4392	79	Pulse	99	4424116	31650	NA
S010_MINIONCE_4392	79	Port Input	1	4424116	31650	NA
S010_MINIONCE_4392	79	Picture	78_T_RWTRIAD_RW_carruaje_red.png	4435651	43185	41	1815	42	43200	1800
S010_MINIONCE_4392	80	Picture	RW	4437666	0	1	43199	2	0	43200
S010_MINIONCE_4392	80	Response	51	4454569	16903	1
S010_MINIONCE_4392	80	Pulse	99	4460117	22451	NA
S010_MINIONCE_4392	80	Port Input	1	4460117	22451	NA
S010_MINIONCE_4392	80	Picture	79_T_RWTRIAD_RW_tenedor_red.png	4480865	43199	1	1900	2	43200	1800
S010_MINIONCE_4392	81	Picture	RW	4482965	0	1	43200	2	0	43200
S010_MINIONCE_4392	81	Pulse	99	4496118	13153	NA
S010_MINIONCE_4392	81	Port Input	1	4496118	13153	NA
S010_MINIONCE_4392	81	Response	51	4502066	19101	1
S010_MINIONCE_4392	81	Picture	80_T_RWTRIAD_RW_ascensor_red.png	4526165	43200	1	1900	2	43200	1800
S010_MINIONCE_4392	82	Picture	rest	4528165	0	1	144099	2	0	144000
S010_MINIONCE_4392	82	Pulse	99	4532119	3954	NA
S010_MINIONCE_4392	82	Port Input	1	4532119	3954	NA
S010_MINIONCE_4392	82	Pulse	99	4568119	39954	NA
S010_MINIONCE_4392	82	Port Input	1	4568119	39954	NA
S010_MINIONCE_4392	82	Pulse	99	4604120	75955	NA
S010_MINIONCE_4392	82	Port Input	1	4604120	75955	NA
S010_MINIONCE_4392	82	Pulse	99	4640121	111956	NA
S010_MINIONCE_4392	82	Port Input	1	4640121	111956	NA
S010_MINIONCE_4392	83	Picture	endrest	4672364	0	1	10100	2	0	10000
S010_MINIONCE_4392	83	Pulse	99	4676122	3758	NA
S010_MINIONCE_4392	83	Port Input	1	4676122	3758	NA
S010_MINIONCE_4392	84	Picture	PW	4682864	0	1	43099	3	0	43200
S010_MINIONCE_4392	84	Response	52	4710481	27617	1
S010_MINIONCE_4392	84	Pulse	99	4712123	29259	NA
S010_MINIONCE_4392	84	Port Input	1	4712123	29259	NA
S010_MINIONCE_4392	84	Picture	83_T_PWTRIAD_PW_telarana_red.png	4725963	43099	2	1900	3	43200	1800
S010_MINIONCE_4392	85	Picture	PW	4728163	0	1	43100	2	0	43200
S010_MINIONCE_4392	85	Pulse	99	4748124	19961	NA
S010_MINIONCE_4392	85	Port Input	1	4748124	19961	NA
S010_MINIONCE_4392	85	Response	51	4749906	21743	1
S010_MINIONCE_4392	85	Picture	84_T_PWTRIAD_PW_plato_red.png	4771263	43100	1	1900	2	43200	1800
S010_MINIONCE_4392	86	Picture	PW	4773363	0	1	43200	2	0	43200
S010_MINIONCE_4392	86	Pulse	99	4784125	10762	NA
S010_MINIONCE_4392	86	Port Input	1	4784125	10762	NA
S010_MINIONCE_4392	86	Response	51	4800507	27144	1
S010_MINIONCE_4392	86	Picture	85_T_PWTRIAD_PW_telefono_red.png	4816563	43200	1	1900	2	43200	1800
S010_MINIONCE_4392	87	Picture	PW	4818663	0	1	43199	3	0	43200
S010_MINIONCE_4392	87	Pulse	99	4820126	1463	NA
S010_MINIONCE_4392	87	Port Input	1	4820126	1463	NA
S010_MINIONCE_4392	87	Response	52	4837663	19000	1
S010_MINIONCE_4392	87	Pulse	99	4856127	37464	NA
S010_MINIONCE_4392	87	Port Input	1	4856127	37464	NA
S010_MINIONCE_4392	87	Picture	86_T_PWTRIAD_PW_grifo_red.png	4861862	43199	2	1900	4	43200	1800
S010_MINIONCE_4392	88	Picture	PW	4863962	0	1	43200	2	0	43200
S010_MINIONCE_4392	88	Response	52	4886012	22050	1
S010_MINIONCE_4392	88	Pulse	99	4892128	28166	NA
S010_MINIONCE_4392	88	Port Input	1	4892128	28166	NA
S010_MINIONCE_4392	88	Picture	87_T_PWTRIAD_PW_policia_red.png	4907162	43200	1	1900	2	43200	1800
S010_MINIONCE_4392	89	Picture	PW	4909262	0	1	43200	2	0	43200
S010_MINIONCE_4392	89	Pulse	99	4928129	18867	NA
S010_MINIONCE_4392	89	Port Input	1	4928129	18867	NA
S010_MINIONCE_4392	89	Response	51	4932190	22928	1
S010_MINIONCE_4392	89	Picture	88_T_PWTRIAD_PW_traje_red.png	4952462	43200	1	1900	2	43200	1800
S010_MINIONCE_4392	90	Picture	PW	4954562	0	1	43199	2	0	43200
S010_MINIONCE_4392	90	Pulse	99	4964130	9568	NA
S010_MINIONCE_4392	90	Port Input	1	4964130	9568	NA
S010_MINIONCE_4392	90	Response	52	4981599	27037	1
S010_MINIONCE_4392	90	Picture	89_T_PWTRIAD_PW_cinturon_red.png	4997761	43199	1	1900	2	43200	1800
S010_MINIONCE_4392	91	Picture	PW	5000061	0	1	43100	2	0	43200
S010_MINIONCE_4392	91	Pulse	99	5000130	69	NA
S010_MINIONCE_4392	91	Port Input	1	5000130	69	NA
S010_MINIONCE_4392	91	Response	52	5020342	20281	1
S010_MINIONCE_4392	91	Pulse	99	5036131	36070	NA
S010_MINIONCE_4392	91	Port Input	1	5036131	36070	NA
S010_MINIONCE_4392	91	Picture	90_T_PWTRIAD_PW_queso_red.png	5043161	43100	1	1874	42	43200	1800
S010_MINIONCE_4392	92	Picture	rest	5045161	0	1	144099	2	0	144000
S010_MINIONCE_4392	92	Pulse	99	5072132	26971	NA
S010_MINIONCE_4392	92	Port Input	1	5072132	26971	NA
S010_MINIONCE_4392	92	Pulse	99	5108133	62972	NA
S010_MINIONCE_4392	92	Port Input	1	5108133	62972	NA
S010_MINIONCE_4392	92	Pulse	99	5144134	98973	NA
S010_MINIONCE_4392	92	Port Input	1	5144134	98973	NA
S010_MINIONCE_4392	92	Pulse	99	5180135	134974	NA
S010_MINIONCE_4392	92	Port Input	1	5180135	134974	NA
S010_MINIONCE_4392	93	Picture	endrest	5189360	0	1	10100	2	0	10000
S010_MINIONCE_4392	94	Picture	PW	5199660	0	1	43199	3	0	43200
S010_MINIONCE_4392	94	Pulse	99	5216136	16476	NA
S010_MINIONCE_4392	94	Port Input	1	5216136	16476	NA
S010_MINIONCE_4392	94	Response	52	5226878	27218	1
S010_MINIONCE_4392	94	Picture	93_T_PWTRIAD_PW_destornillador_red.png	5242859	43199	2	1900	4	43200	1800
S010_MINIONCE_4392	95	Picture	PW	5244959	0	2	43200	3	0	43200
S010_MINIONCE_4392	95	Pulse	99	5252137	7178	NA
S010_MINIONCE_4392	95	Port Input	1	5252137	7178	NA
S010_MINIONCE_4392	95	Response	51	5274769	29810	1
S010_MINIONCE_4392	95	Pulse	99	5288138	43179	NA
S010_MINIONCE_4392	95	Port Input	1	5288138	43179	NA
S010_MINIONCE_4392	95	Picture	94_T_PWTRIAD_PW_candado_red.png	5288159	43200	1	1900	2	43200	1800
S010_MINIONCE_4392	96	Picture	PW	5290259	0	1	43200	2	0	43200
S010_MINIONCE_4392	96	Response	52	5314867	24608	2
S010_MINIONCE_4392	96	Pulse	99	5324139	33880	NA
S010_MINIONCE_4392	96	Port Input	1	5324139	33880	NA
S010_MINIONCE_4392	96	Picture	95_T_PWTRIAD_PW_chupete_red.png	5333459	43200	1	1900	2	43200	1800
S010_MINIONCE_4392	97	Picture	PW	5335559	0	1	43199	3	0	43200
S010_MINIONCE_4392	97	Pulse	99	5360140	24581	NA
S010_MINIONCE_4392	97	Port Input	1	5360140	24581	NA
S010_MINIONCE_4392	97	Response	52	5363889	28330	1
S010_MINIONCE_4392	97	Picture	96_T_PWTRIAD_PW_tenedor_red.png	5378758	43199	2	1900	3	43200	1800
S010_MINIONCE_4392	98	Picture	FF	5380858	0	2	43200	3	0	43200
S010_MINIONCE_4392	98	Pulse	99	5396141	15283	NA
S010_MINIONCE_4392	98	Port Input	1	5396141	15283	NA
S010_MINIONCE_4392	98	Response	51	5404472	23614	1
S010_MINIONCE_4392	98	Picture	97_T_FFTRIAD_FF_pincel_red.png	5424058	43200	1	1900	2	43200	1800
S010_MINIONCE_4392	99	Picture	FF	5426258	0	1	43200	2	0	43200
S010_MINIONCE_4392	99	Pulse	99	5432142	5884	NA
S010_MINIONCE_4392	99	Port Input	1	5432142	5884	NA
S010_MINIONCE_4392	99	Response	52	5436917	10659	1
S010_MINIONCE_4392	99	Pulse	99	5468143	41885	NA
S010_MINIONCE_4392	99	Port Input	1	5468143	41885	NA
S010_MINIONCE_4392	99	Picture	98_T_FFTRIAD_FF_bebe_red.png	5469458	43200	1	1900	2	43200	1800
S010_MINIONCE_4392	100	Picture	FF	5471658	0	1	43199	2	0	43200
S010_MINIONCE_4392	100	Response	52	5493879	22221	1
S010_MINIONCE_4392	100	Pulse	99	5504143	32485	NA
S010_MINIONCE_4392	100	Port Input	1	5504143	32485	NA
S010_MINIONCE_4392	100	Picture	99_T_FFTRIAD_FF_sobre_red.png	5514857	43199	1	1900	2	43200	1800
S010_MINIONCE_4392	101	Picture	FF	5516957	0	1	43200	2	0	43200
S010_MINIONCE_4392	101	Response	51	5534267	17310	1
S010_MINIONCE_4392	101	Pulse	99	5540144	23187	NA
S010_MINIONCE_4392	101	Port Input	1	5540144	23187	NA
S010_MINIONCE_4392	101	Picture	100_T_FFTRIAD_FF_llave_red.png	5560157	43200	1	1900	2	43200	1800
S010_MINIONCE_4392	102	Picture	rest	5562157	0	1	144099	2	0	144000
S010_MINIONCE_4392	102	Pulse	99	5576145	13988	NA
S010_MINIONCE_4392	102	Port Input	1	5576145	13988	NA
S010_MINIONCE_4392	102	Pulse	99	5612146	49989	NA
S010_MINIONCE_4392	102	Port Input	1	5612146	49989	NA
S010_MINIONCE_4392	102	Pulse	99	5648147	85990	NA
S010_MINIONCE_4392	102	Port Input	1	5648147	85990	NA
S010_MINIONCE_4392	102	Pulse	99	5684148	121991	NA
S010_MINIONCE_4392	102	Port Input	1	5684148	121991	NA
S010_MINIONCE_4392	103	Picture	endrest	5706356	0	1	10100	2	0	10000
S010_MINIONCE_4392	104	Picture	FF	5716656	0	1	43199	3	0	43200
S010_MINIONCE_4392	104	Pulse	99	5720149	3493	NA
S010_MINIONCE_4392	104	Port Input	1	5720149	3493	NA
S010_MINIONCE_4392	104	Response	51	5731773	15117	1
S010_MINIONCE_4392	104	Pulse	99	5756150	39494	NA
S010_MINIONCE_4392	104	Port Input	1	5756150	39494	NA
S010_MINIONCE_4392	104	Picture	103_T_FFTRIAD_FF_tijera_red.png	5759855	43199	2	1900	4	43200	1800
S010_MINIONCE_4392	105	Picture	FF	5761955	0	2	43200	3	0	43200
S010_MINIONCE_4392	105	Response	51	5777658	15703	1
S010_MINIONCE_4392	105	Pulse	99	5792151	30196	NA
S010_MINIONCE_4392	105	Port Input	1	5792151	30196	NA
S010_MINIONCE_4392	105	Picture	104_T_FFTRIAD_FF_futbol_red.png	5805155	43200	1	1900	2	43200	1800
S010_MINIONCE_4392	106	Picture	FF	5807255	0	1	43200	2	0	43200
S010_MINIONCE_4392	106	Response	51	5817604	10349	1
S010_MINIONCE_4392	106	Pulse	99	5828152	20897	NA
S010_MINIONCE_4392	106	Port Input	1	5828152	20897	NA
S010_MINIONCE_4392	106	Picture	105_T_FFTRIAD_FF_lechuga_red.png	5850455	43200	1	1900	2	43200	1800
S010_MINIONCE_4392	107	Picture	FF	5852755	0	1	43099	3	0	43200
S010_MINIONCE_4392	107	Pulse	99	5864153	11398	NA
S010_MINIONCE_4392	107	Port Input	1	5864153	11398	NA
S010_MINIONCE_4392	107	Response	52	5866317	13562	1
S010_MINIONCE_4392	107	Picture	106_T_FFTRIAD_FF_ascensor_red.png	5895854	43099	2	1900	4	43200	1800
S010_MINIONCE_4392	108	Picture	PW	5897954	0	2	43200	3	0	43200
S010_MINIONCE_4392	108	Pulse	99	5900154	2200	NA
S010_MINIONCE_4392	108	Port Input	1	5900154	2200	NA
S010_MINIONCE_4392	108	Response	52	5911230	13276	1
S010_MINIONCE_4392	108	Pulse	99	5936154	38200	NA
S010_MINIONCE_4392	108	Port Input	1	5936154	38200	NA
S010_MINIONCE_4392	108	Picture	107_T_PWTRIAD_PW_bala_red.png	5941154	43200	1	1900	2	43200	1800
S010_MINIONCE_4392	109	Picture	PW	5943254	0	1	43200	2	0	43200
S010_MINIONCE_4392	109	Response	52	5968680	25426	1
S010_MINIONCE_4392	109	Pulse	99	5972155	28901	NA
S010_MINIONCE_4392	109	Port Input	1	5972155	28901	NA
S010_MINIONCE_4392	109	Picture	108_T_PWTRIAD_PW_oruga_red.png	5986454	43200	1	1900	2	43200	1800
S010_MINIONCE_4392	110	Picture	PW	5988554	0	1	43199	2	0	43200
S010_MINIONCE_4392	110	Pulse	99	6008156	19602	NA
S010_MINIONCE_4392	110	Port Input	1	6008156	19602	NA
S010_MINIONCE_4392	110	Response	51	6014048	25494	1
S010_MINIONCE_4392	110	Picture	109_T_PWTRIAD_PW_martillo_red.png	6031753	43199	1	1900	2	43200	1800
S010_MINIONCE_4392	111	Picture	PW	6033853	0	1	43200	2	0	43200
S010_MINIONCE_4392	111	Pulse	99	6044157	10304	NA
S010_MINIONCE_4392	111	Port Input	1	6044157	10304	NA
S010_MINIONCE_4392	111	Response	51	6055069	21216	5
S010_MINIONCE_4392	111	Picture	110_T_PWTRIAD_PW_cortina_red.png	6077053	43200	1	1900	2	43200	1800
S010_MINIONCE_4392	112	Picture	rest	6079053	0	1	144099	2	0	144000
S010_MINIONCE_4392	112	Pulse	99	6080158	1105	NA
S010_MINIONCE_4392	112	Port Input	1	6080158	1105	NA
S010_MINIONCE_4392	112	Pulse	99	6116159	37106	NA
S010_MINIONCE_4392	112	Port Input	1	6116159	37106	NA
S010_MINIONCE_4392	112	Pulse	99	6152160	73107	NA
S010_MINIONCE_4392	112	Port Input	1	6152160	73107	NA
S010_MINIONCE_4392	112	Pulse	99	6188161	109108	NA
S010_MINIONCE_4392	112	Port Input	1	6188161	109108	NA
S010_MINIONCE_4392	113	Picture	endrest	6223252	0	1	10100	2	0	10000
S010_MINIONCE_4392	113	Pulse	99	6224162	910	NA
S010_MINIONCE_4392	113	Port Input	1	6224162	910	NA
S010_MINIONCE_4392	114	Picture	FF	6233552	0	1	43199	3	0	43200
S010_MINIONCE_4392	114	Response	51	6246317	12765	1
S010_MINIONCE_4392	114	Pulse	99	6260163	26611	NA
S010_MINIONCE_4392	114	Port Input	1	6260163	26611	NA
S010_MINIONCE_4392	114	Picture	113_T_FFTRIAD_FF_piramide_red.png	6276751	43199	2	1900	4	43200	1800
S010_MINIONCE_4392	115	Picture	FF	6278851	0	2	43200	3	0	43200
S010_MINIONCE_4392	115	Response	51	6295940	17089	1
S010_MINIONCE_4392	115	Pulse	99	6296164	17313	NA
S010_MINIONCE_4392	115	Port Input	1	6296164	17313	NA
S010_MINIONCE_4392	115	Picture	114_T_FFTRIAD_FF_charco_red.png	6322051	43200	1	1900	2	43200	1800
S010_MINIONCE_4392	116	Picture	FF	6324351	0	1	43100	2	0	43200
S010_MINIONCE_4392	116	Pulse	99	6332165	7814	NA
S010_MINIONCE_4392	116	Port Input	1	6332165	7814	NA
S010_MINIONCE_4392	116	Response	52	6345116	20765	1
S010_MINIONCE_4392	116	Picture	115_T_FFTRIAD_FF_pluma_red.png	6367451	43100	1	1900	2	43200	1800
S010_MINIONCE_4392	116	Pulse	99	6368166	43815	NA
S010_MINIONCE_4392	116	Port Input	1	6368166	43815	NA
S010_MINIONCE_4392	117	Picture	FF	6369751	0	1	43099	3	0	43200
S010_MINIONCE_4392	117	Response	52	6382937	13186	1
S010_MINIONCE_4392	117	Pulse	99	6404166	34415	NA
S010_MINIONCE_4392	117	Port Input	1	6404166	34415	NA
S010_MINIONCE_4392	117	Picture	116_T_FFTRIAD_FF_anillo_red.png	6412850	43099	2	1900	3	43200	1800
S010_MINIONCE_4392	118	Picture	RW	6414950	0	1	43200	2	0	43200
S010_MINIONCE_4392	118	Response	51	6433523	18573	1
S010_MINIONCE_4392	118	Pulse	99	6440167	25217	NA
S010_MINIONCE_4392	118	Port Input	1	6440167	25217	NA
S010_MINIONCE_4392	118	Picture	117_T_RWTRIAD_RW_estetoscopio_red.png	6458150	43200	1	1900	2	43200	1800
S010_MINIONCE_4392	119	Picture	RW	6460250	0	1	43200	2	0	43200
S010_MINIONCE_4392	119	Response	52	6473757	13507	1
S010_MINIONCE_4392	119	Pulse	99	6476168	15918	NA
S010_MINIONCE_4392	119	Port Input	1	6476168	15918	NA
S010_MINIONCE_4392	119	Picture	118_T_RWTRIAD_RW_futbol_red.png	6503450	43200	1	1900	2	43200	1800
S010_MINIONCE_4392	120	Picture	RW	6505550	0	1	43199	3	0	43200
S010_MINIONCE_4392	120	Pulse	99	6512169	6619	NA
S010_MINIONCE_4392	120	Port Input	1	6512169	6619	NA
S010_MINIONCE_4392	120	Response	51	6522109	16559	1
S010_MINIONCE_4392	120	Pulse	99	6548170	42620	NA
S010_MINIONCE_4392	120	Port Input	1	6548170	42620	NA
S010_MINIONCE_4392	120	Picture	119_T_RWTRIAD_RW_pilas_red.png	6548749	43199	2	1900	3	43200	1800
S010_MINIONCE_4392	121	Picture	RW	6550849	0	1	43200	2	0	43200
S010_MINIONCE_4392	121	Response	52	6563516	12667	1
S010_MINIONCE_4392	121	Pulse	99	6584171	33322	NA
S010_MINIONCE_4392	121	Port Input	1	6584171	33322	NA
S010_MINIONCE_4392	121	Picture	120_T_RWTRIAD_RW_paraguas_red.png	6594049	43200	1	1900	2	43200	1800
S010_MINIONCE_4392	122	Picture	rest	6596049	0	1	144099	2	0	144000
S010_MINIONCE_4392	122	Pulse	99	6620172	24123	NA
S010_MINIONCE_4392	122	Port Input	1	6620172	24123	NA
S010_MINIONCE_4392	122	Pulse	99	6656173	60124	NA
S010_MINIONCE_4392	122	Port Input	1	6656173	60124	NA
S010_MINIONCE_4392	122	Pulse	99	6692174	96125	NA
S010_MINIONCE_4392	122	Port Input	1	6692174	96125	NA
S010_MINIONCE_4392	122	Pulse	99	6728175	132126	NA
S010_MINIONCE_4392	122	Port Input	1	6728175	132126	NA
S010_MINIONCE_4392	123	Picture	endrest	6740248	0	1	10100	2	0	10000
S010_MINIONCE_4392	124	Picture	PW	6750548	0	1	43199	3	0	43200
S010_MINIONCE_4392	124	Pulse	99	6764176	13628	NA
S010_MINIONCE_4392	124	Port Input	1	6764176	13628	NA
S010_MINIONCE_4392	124	Response	52	6778218	27670	1
S010_MINIONCE_4392	124	Picture	123_T_PWTRIAD_PW_estetoscopio_red.png	6793747	43199	2	1900	4	43200	1800
S010_MINIONCE_4392	125	Picture	PW	6795947	0	2	43100	3	0	43200
S010_MINIONCE_4392	125	Pulse	99	6800177	4230	NA
S010_MINIONCE_4392	125	Port Input	1	6800177	4230	NA
S010_MINIONCE_4392	125	Response	52	6820302	24355	1
S010_MINIONCE_4392	125	Pulse	99	6836178	40231	NA
S010_MINIONCE_4392	125	Port Input	1	6836178	40231	NA
S010_MINIONCE_4392	125	Picture	124_T_PWTRIAD_PW_ascensor_red.png	6839047	43100	1	1900	2	43200	1800
S010_MINIONCE_4392	126	Picture	PW	6841147	0	1	43200	2	0	43200
S010_MINIONCE_4392	126	Response	51	6858756	17609	1
S010_MINIONCE_4392	126	Pulse	99	6872178	31031	NA
S010_MINIONCE_4392	126	Port Input	1	6872178	31031	NA
S010_MINIONCE_4392	126	Picture	125_T_PWTRIAD_PW_sobre_red.png	6884347	43200	1	1900	2	43200	1800
S010_MINIONCE_4392	127	Picture	PW	6886447	0	1	43199	2	0	43200
S010_MINIONCE_4392	127	Pulse	99	6908179	21732	NA
S010_MINIONCE_4392	127	Port Input	1	6908179	21732	NA
S010_MINIONCE_4392	127	Response	51	6910407	23960	1
S010_MINIONCE_4392	127	Picture	126_T_PWTRIAD_PW_teclado_red.png	6929646	43199	1	1900	3	43200	1800
S010_MINIONCE_4392	128	Picture	FF	6931846	0	1	43200	2	0	43200
S010_MINIONCE_4392	128	Pulse	99	6944180	12334	NA
S010_MINIONCE_4392	128	Port Input	1	6944180	12334	NA
S010_MINIONCE_4392	128	Response	52	6946450	14604	1
S010_MINIONCE_4392	128	Picture	127_T_FFTRIAD_FF_manos_red.png	6975046	43200	1	1900	2	43200	1800
S010_MINIONCE_4392	129	Picture	FF	6977146	0	1	43200	2	0	43200
S010_MINIONCE_4392	129	Pulse	99	6980181	3035	NA
S010_MINIONCE_4392	129	Port Input	1	6980181	3035	NA
S010_MINIONCE_4392	129	Response	52	7000220	23074	1
S010_MINIONCE_4392	129	Pulse	99	7016182	39036	NA
S010_MINIONCE_4392	129	Port Input	1	7016182	39036	NA
S010_MINIONCE_4392	129	Picture	128_T_FFTRIAD_FF_paracaidas_red.png	7020346	43200	1	1900	2	43200	1800
S010_MINIONCE_4392	130	Picture	FF	7022446	0	1	43199	3	0	43200
S010_MINIONCE_4392	130	Response	51	7037192	14746	1
S010_MINIONCE_4392	130	Pulse	99	7052183	29737	NA
S010_MINIONCE_4392	130	Port Input	1	7052183	29737	NA
S010_MINIONCE_4392	130	Picture	129_T_FFTRIAD_FF_novia_red.png	7065645	43199	2	1900	3	43200	1800
S010_MINIONCE_4392	131	Picture	FF	7067745	0	1	43200	2	0	43200
S010_MINIONCE_4392	131	Response	51	7086821	19076	1
S010_MINIONCE_4392	131	Pulse	99	7088184	20439	NA
S010_MINIONCE_4392	131	Port Input	1	7088184	20439	NA
S010_MINIONCE_4392	131	Picture	130_T_FFTRIAD_FF_candado_red.png	7110945	43200	1	1900	2	43200	1800
S010_MINIONCE_4392	132	Picture	rest	7112945	0	1	144099	2	0	144000
S010_MINIONCE_4392	132	Pulse	99	7124185	11240	NA
S010_MINIONCE_4392	132	Port Input	1	7124185	11240	NA
S010_MINIONCE_4392	132	Pulse	99	7160186	47241	NA
S010_MINIONCE_4392	132	Port Input	1	7160186	47241	NA
S010_MINIONCE_4392	132	Pulse	99	7196187	83242	NA
S010_MINIONCE_4392	132	Port Input	1	7196187	83242	NA
S010_MINIONCE_4392	132	Pulse	99	7232188	119243	NA
S010_MINIONCE_4392	132	Port Input	1	7232188	119243	NA
S010_MINIONCE_4392	133	Picture	endrest	7257144	0	1	10100	2	0	10000
S010_MINIONCE_4392	134	Picture	PW	7267444	0	1	43199	3	0	43200
S010_MINIONCE_4392	134	Pulse	99	7268189	745	NA
S010_MINIONCE_4392	134	Port Input	1	7268189	745	NA
S010_MINIONCE_4392	134	Response	51	7289560	22116	1
S010_MINIONCE_4392	134	Pulse	99	7304189	36745	NA
S010_MINIONCE_4392	134	Port Input	1	7304189	36745	NA
S010_MINIONCE_4392	134	Picture	133_T_PWTRIAD_PW_perro_red.png	7310643	43199	2	1900	4	43200	1800
S010_MINIONCE_4392	135	Picture	PW	7312743	0	2	43200	3	0	43200
S010_MINIONCE_4392	135	Response	52	7337623	24880	1
S010_MINIONCE_4392	135	Pulse	99	7340190	27447	NA
S010_MINIONCE_4392	135	Port Input	1	7340190	27447	NA
S010_MINIONCE_4392	135	Picture	134_T_PWTRIAD_PW_cerillas_red.png	7355943	43200	1	1900	2	43200	1800
S010_MINIONCE_4392	136	Picture	PW	7358043	0	1	43200	2	0	43200
S010_MINIONCE_4392	136	Pulse	99	7376191	18148	NA
S010_MINIONCE_4392	136	Port Input	1	7376191	18148	NA
S010_MINIONCE_4392	136	Response	52	7378545	20502	1
S010_MINIONCE_4392	136	Picture	135_T_PWTRIAD_PW_futbol_red.png	7401243	43200	1	1900	2	43200	1800
S010_MINIONCE_4392	137	Picture	PW	7403343	0	1	43199	2	0	43200
S010_MINIONCE_4392	137	Pulse	99	7412192	8849	NA
S010_MINIONCE_4392	137	Port Input	1	7412192	8849	NA
S010_MINIONCE_4392	137	Response	51	7425665	22322	1
S010_MINIONCE_4392	137	Picture	136_T_PWTRIAD_PW_lenador_red.png	7446542	43199	1	1900	3	43200	1800
S010_MINIONCE_4392	137	Pulse	99	7448193	44850	NA
S010_MINIONCE_4392	137	Port Input	1	7448193	44850	NA
S010_MINIONCE_4392	138	Picture	rest	7448542	0	2	144099	3	0	144000
S010_MINIONCE_4392	138	Pulse	99	7484194	35652	NA
S010_MINIONCE_4392	138	Port Input	1	7484194	35652	NA
S010_MINIONCE_4392	139	Picture	endrest	7592741	0	1	10100	2	0	10000
S010_MINIONCE_4392	139	Pulse	99	7598207	5466	NA
S010_MINIONCE_4392	139	Port Input	1	7598207	5466	NA
S010_MINIONCE_4392	140	Picture	endrest	7602941	0	1	10100	2	0	10000
S010_MINIONCE_4392	140	Pulse	99	7605669	2728	NA
S010_MINIONCE_4392	140	Port Input	1	7605669	2728	NA
S010_MINIONCE_4392	141	Picture	endrest	7613141	0	1	16300	2	0	10000
S010_MINIONCE_4392	142	Picture	endrest	7629541	0	1	10100	2	0	10000
