Scenario - vOT_Triads_fMRI_I
Logfile written - 05/25/2015 13:11:12

Subject	Trial	Event Type	Code	Time	TTime	Uncertainty	Duration	Uncertainty	ReqTime	ReqDur

S010_DAY2_MINITWICE_3332	1	Response	98	9210	19110	1
S010_DAY2_MINITWICE_3332	2	Response	52	34010	24711	1
S010_DAY2_MINITWICE_3332	2	Response	98	67453	58154	1
S010_DAY2_MINITWICE_3332	3	Response	52	118092	50594	2
S010_DAY2_MINITWICE_3332	3	Response	98	141868	74370	1
S010_DAY2_MINITWICE_3332	4	Response	52	215863	73965	1
S010_DAY2_MINITWICE_3332	4	Response	98	271361	129463	2
S010_DAY2_MINITWICE_3332	6	Pulse	99	485262	213866	NA
S010_DAY2_MINITWICE_3332	6	Port Input	1	485262	213866	NA
S010_DAY2_MINITWICE_3332	6	Pulse	99	521263	249867	NA
S010_DAY2_MINITWICE_3332	6	Port Input	1	521263	249867	NA
S010_DAY2_MINITWICE_3332	6	Pulse	99	557264	285868	NA
S010_DAY2_MINITWICE_3332	6	Port Input	1	557264	285868	NA
S010_DAY2_MINITWICE_3332	6	Pulse	99	593265	321869	NA
S010_DAY2_MINITWICE_3332	6	Port Input	1	593265	321869	NA
S010_DAY2_MINITWICE_3332	6	Pulse	99	629266	357870	NA
S010_DAY2_MINITWICE_3332	6	Port Input	1	629266	357870	NA
S010_DAY2_MINITWICE_3332	7	Picture	rest	629492	0	1	144097	4	0	144000
S010_DAY2_MINITWICE_3332	7	Pulse	99	665267	35775	NA
S010_DAY2_MINITWICE_3332	7	Port Input	1	665267	35775	NA
S010_DAY2_MINITWICE_3332	7	Pulse	99	701267	71775	NA
S010_DAY2_MINITWICE_3332	7	Port Input	1	701267	71775	NA
S010_DAY2_MINITWICE_3332	7	Pulse	99	737268	107776	NA
S010_DAY2_MINITWICE_3332	7	Port Input	1	737268	107776	NA
S010_DAY2_MINITWICE_3332	7	Pulse	99	773269	143777	NA
S010_DAY2_MINITWICE_3332	7	Port Input	1	773269	143777	NA
S010_DAY2_MINITWICE_3332	8	Picture	endrest	773690	0	2	10099	5	0	10000
S010_DAY2_MINITWICE_3332	9	Picture	FF	784189	0	3	43101	4	0	43200
S010_DAY2_MINITWICE_3332	9	Response	52	799748	15559	1
S010_DAY2_MINITWICE_3332	9	Pulse	99	809270	25081	NA
S010_DAY2_MINITWICE_3332	9	Port Input	1	809270	25081	NA
S010_DAY2_MINITWICE_3332	9	Picture	3_T_FFTRIAD_FF_bebe_red.png	827290	43101	1	1900	2	43200	1800
S010_DAY2_MINITWICE_3332	10	Picture	FF	829488	0	3	43201	4	0	43200
S010_DAY2_MINITWICE_3332	10	Response	51	841768	12280	1
S010_DAY2_MINITWICE_3332	10	Pulse	99	845271	15783	NA
S010_DAY2_MINITWICE_3332	10	Port Input	1	845271	15783	NA
S010_DAY2_MINITWICE_3332	10	Picture	4_T_FFTRIAD_FF_policia_red.png	872689	43201	1	1900	2	43200	1800
S010_DAY2_MINITWICE_3332	11	Picture	FF	874989	0	1	43100	2	0	43200
S010_DAY2_MINITWICE_3332	11	Pulse	99	881272	6283	NA
S010_DAY2_MINITWICE_3332	11	Port Input	1	881272	6283	NA
S010_DAY2_MINITWICE_3332	11	Response	51	887435	12446	1
S010_DAY2_MINITWICE_3332	11	Pulse	99	917272	42283	NA
S010_DAY2_MINITWICE_3332	11	Port Input	1	917272	42283	NA
S010_DAY2_MINITWICE_3332	11	Picture	5_T_FFTRIAD_FF_ancla_red.png	918089	43100	1	1900	2	43200	1800
S010_DAY2_MINITWICE_3332	12	Picture	FF	920289	0	1	43199	2	0	43200
S010_DAY2_MINITWICE_3332	12	Response	51	932894	12605	1
S010_DAY2_MINITWICE_3332	12	Pulse	99	953273	32984	NA
S010_DAY2_MINITWICE_3332	12	Port Input	1	953273	32984	NA
S010_DAY2_MINITWICE_3332	12	Picture	6_T_FFTRIAD_FF_estetoscopio_red.png	963488	43199	1	1900	2	43200	1800
S010_DAY2_MINITWICE_3332	13	Picture	RW	965788	0	1	43100	2	0	43200
S010_DAY2_MINITWICE_3332	13	Pulse	99	989274	23486	NA
S010_DAY2_MINITWICE_3332	13	Port Input	1	989274	23486	NA
S010_DAY2_MINITWICE_3332	13	Response	52	995836	30048	2
S010_DAY2_MINITWICE_3332	13	Picture	7_T_RWTRIAD_RW_tijera_red.png	1008888	43100	1	1900	2	43200	1800
S010_DAY2_MINITWICE_3332	14	Picture	RW	1010988	0	1	43194	8	0	43200
S010_DAY2_MINITWICE_3332	14	Pulse	99	1025275	14287	NA
S010_DAY2_MINITWICE_3332	14	Port Input	1	1025275	14287	NA
S010_DAY2_MINITWICE_3332	14	Response	51	1025584	14596	1
S010_DAY2_MINITWICE_3332	14	Picture	8_T_RWTRIAD_RW_teclado_red.png	1054182	43194	7	1905	8	43200	1800
S010_DAY2_MINITWICE_3332	15	Picture	RW	1056487	0	1	43100	2	0	43200
S010_DAY2_MINITWICE_3332	15	Pulse	99	1061276	4789	NA
S010_DAY2_MINITWICE_3332	15	Port Input	1	1061276	4789	NA
S010_DAY2_MINITWICE_3332	15	Response	52	1075853	19366	1
S010_DAY2_MINITWICE_3332	15	Pulse	99	1097276	40789	NA
S010_DAY2_MINITWICE_3332	15	Port Input	1	1097276	40789	NA
S010_DAY2_MINITWICE_3332	15	Picture	9_T_RWTRIAD_RW_sapo_red.png	1099587	43100	1	1900	2	43200	1800
S010_DAY2_MINITWICE_3332	16	Picture	RW	1101887	0	1	43099	2	0	43200
S010_DAY2_MINITWICE_3332	16	Pulse	99	1133277	31390	NA
S010_DAY2_MINITWICE_3332	16	Port Input	1	1133277	31390	NA
S010_DAY2_MINITWICE_3332	16	Response	52	1136594	34707	1
S010_DAY2_MINITWICE_3332	16	Picture	10_T_RWTRIAD_RW_esquimal_red.png	1144986	43099	1	1900	2	43200	1800
S010_DAY2_MINITWICE_3332	17	Picture	rest	1146986	0	1	144099	2	0	144000
S010_DAY2_MINITWICE_3332	17	Pulse	99	1169278	22292	NA
S010_DAY2_MINITWICE_3332	17	Port Input	1	1169278	22292	NA
S010_DAY2_MINITWICE_3332	17	Pulse	99	1205279	58293	NA
S010_DAY2_MINITWICE_3332	17	Port Input	1	1205279	58293	NA
S010_DAY2_MINITWICE_3332	17	Pulse	99	1241280	94294	NA
S010_DAY2_MINITWICE_3332	17	Port Input	1	1241280	94294	NA
S010_DAY2_MINITWICE_3332	17	Pulse	99	1277281	130295	NA
S010_DAY2_MINITWICE_3332	17	Port Input	1	1277281	130295	NA
S010_DAY2_MINITWICE_3332	18	Picture	endrest	1291185	0	1	10100	2	0	10000
S010_DAY2_MINITWICE_3332	19	Picture	PW	1301685	0	1	43099	2	0	43200
S010_DAY2_MINITWICE_3332	19	Pulse	99	1313281	11596	NA
S010_DAY2_MINITWICE_3332	19	Port Input	1	1313281	11596	NA
S010_DAY2_MINITWICE_3332	19	Response	51	1322013	20328	1
S010_DAY2_MINITWICE_3332	19	Picture	13_T_PWTRIAD_PW_bala_red.png	1344784	43099	1	1900	2	43200	1800
S010_DAY2_MINITWICE_3332	20	Picture	PW	1347084	0	1	43100	2	0	43200
S010_DAY2_MINITWICE_3332	20	Pulse	99	1349282	2198	NA
S010_DAY2_MINITWICE_3332	20	Port Input	1	1349282	2198	NA
S010_DAY2_MINITWICE_3332	20	Pulse	99	1385283	38199	NA
S010_DAY2_MINITWICE_3332	20	Port Input	1	1385283	38199	NA
S010_DAY2_MINITWICE_3332	20	Response	52	1386160	39076	2
S010_DAY2_MINITWICE_3332	20	Picture	14_T_PWTRIAD_PW_molino_red.png	1390184	43100	1	1899	3	43200	1800
S010_DAY2_MINITWICE_3332	21	Picture	PW	1392484	0	1	43099	2	0	43200
S010_DAY2_MINITWICE_3332	21	Response	51	1408651	16167	1
S010_DAY2_MINITWICE_3332	21	Pulse	99	1421284	28800	NA
S010_DAY2_MINITWICE_3332	21	Port Input	1	1421284	28800	NA
S010_DAY2_MINITWICE_3332	21	Picture	15_T_PWTRIAD_PW_estetoscopio_red.png	1435583	43099	1	1900	2	43200	1800
S010_DAY2_MINITWICE_3332	22	Picture	PW	1437683	0	1	43200	2	0	43200
S010_DAY2_MINITWICE_3332	22	Pulse	99	1457285	19602	NA
S010_DAY2_MINITWICE_3332	22	Port Input	1	1457285	19602	NA
S010_DAY2_MINITWICE_3332	22	Response	52	1460923	23240	1
S010_DAY2_MINITWICE_3332	22	Picture	16_T_PWTRIAD_PW_piramide_red.png	1480883	43200	1	1899	3	43200	1800
S010_DAY2_MINITWICE_3332	23	Picture	PW	1483083	0	1	43199	2	0	43200
S010_DAY2_MINITWICE_3332	23	Pulse	99	1493286	10203	NA
S010_DAY2_MINITWICE_3332	23	Port Input	1	1493286	10203	NA
S010_DAY2_MINITWICE_3332	23	Response	52	1510807	27724	1
S010_DAY2_MINITWICE_3332	23	Picture	17_T_PWTRIAD_PW_llave_red.png	1526282	43199	1	1900	2	43200	1800
S010_DAY2_MINITWICE_3332	24	Picture	PW	1528382	0	1	43200	2	0	43200
S010_DAY2_MINITWICE_3332	24	Pulse	99	1529286	904	NA
S010_DAY2_MINITWICE_3332	24	Port Input	1	1529286	904	NA
S010_DAY2_MINITWICE_3332	24	Response	52	1555122	26740	1
S010_DAY2_MINITWICE_3332	24	Pulse	99	1565287	36905	NA
S010_DAY2_MINITWICE_3332	24	Port Input	1	1565287	36905	NA
S010_DAY2_MINITWICE_3332	24	Picture	18_T_PWTRIAD_PW_monja_red.png	1571582	43200	1	1900	2	43200	1800
S010_DAY2_MINITWICE_3332	25	Picture	PW	1573682	0	1	43199	2	0	43200
S010_DAY2_MINITWICE_3332	25	Response	51	1589325	15643	1
S010_DAY2_MINITWICE_3332	25	Pulse	99	1601288	27606	NA
S010_DAY2_MINITWICE_3332	25	Port Input	1	1601288	27606	NA
S010_DAY2_MINITWICE_3332	25	Picture	19_T_PWTRIAD_PW_pluma_red.png	1616881	43199	1	1900	2	43200	1800
S010_DAY2_MINITWICE_3332	26	Picture	PW	1619181	0	1	43099	3	0	43200
S010_DAY2_MINITWICE_3332	26	Pulse	99	1637289	18108	NA
S010_DAY2_MINITWICE_3332	26	Port Input	1	1637289	18108	NA
S010_DAY2_MINITWICE_3332	26	Response	52	1640926	21745	1
S010_DAY2_MINITWICE_3332	26	Picture	20_T_PWTRIAD_PW_cortina_red.png	1662280	43099	2	1900	4	43200	1800
S010_DAY2_MINITWICE_3332	27	Picture	rest	1664280	0	2	144099	3	0	144000
S010_DAY2_MINITWICE_3332	27	Pulse	99	1673290	9010	NA
S010_DAY2_MINITWICE_3332	27	Port Input	1	1673290	9010	NA
S010_DAY2_MINITWICE_3332	27	Pulse	99	1709291	45011	NA
S010_DAY2_MINITWICE_3332	27	Port Input	1	1709291	45011	NA
S010_DAY2_MINITWICE_3332	27	Pulse	99	1745291	81011	NA
S010_DAY2_MINITWICE_3332	27	Port Input	1	1745291	81011	NA
S010_DAY2_MINITWICE_3332	27	Pulse	99	1781292	117012	NA
S010_DAY2_MINITWICE_3332	27	Port Input	1	1781292	117012	NA
S010_DAY2_MINITWICE_3332	28	Picture	endrest	1808479	0	1	10100	2	0	10000
S010_DAY2_MINITWICE_3332	28	Pulse	99	1817293	8814	NA
S010_DAY2_MINITWICE_3332	28	Port Input	1	1817293	8814	NA
S010_DAY2_MINITWICE_3332	29	Picture	RW	1818979	0	1	43099	2	0	43200
S010_DAY2_MINITWICE_3332	29	Pulse	99	1853294	34315	NA
S010_DAY2_MINITWICE_3332	29	Port Input	1	1853294	34315	NA
S010_DAY2_MINITWICE_3332	29	Response	52	1856082	37103	1
S010_DAY2_MINITWICE_3332	29	Picture	23_T_RWTRIAD_RW_pluma_red.png	1862078	43099	1	1900	2	43200	1800
S010_DAY2_MINITWICE_3332	30	Picture	RW	1864178	0	1	43200	2	0	43200
S010_DAY2_MINITWICE_3332	30	Pulse	99	1889295	25117	NA
S010_DAY2_MINITWICE_3332	30	Port Input	1	1889295	25117	NA
S010_DAY2_MINITWICE_3332	30	Response	51	1898915	34737	2
S010_DAY2_MINITWICE_3332	30	Picture	24_T_RWTRIAD_RW_paracaidas_red.png	1907378	43200	1	1900	2	43200	1800
S010_DAY2_MINITWICE_3332	31	Picture	RW	1909478	0	1	43199	2	0	43200
S010_DAY2_MINITWICE_3332	31	Pulse	99	1925295	15817	NA
S010_DAY2_MINITWICE_3332	31	Port Input	1	1925295	15817	NA
S010_DAY2_MINITWICE_3332	31	Response	52	1940834	31356	1
S010_DAY2_MINITWICE_3332	31	Picture	25_T_RWTRIAD_RW_bebe_red.png	1952677	43199	1	1900	2	43200	1800
S010_DAY2_MINITWICE_3332	32	Picture	RW	1954777	0	1	43200	2	0	43200
S010_DAY2_MINITWICE_3332	32	Pulse	99	1961296	6519	NA
S010_DAY2_MINITWICE_3332	32	Port Input	1	1961296	6519	NA
S010_DAY2_MINITWICE_3332	32	Response	52	1995416	40639	1
S010_DAY2_MINITWICE_3332	32	Pulse	99	1997297	42520	NA
S010_DAY2_MINITWICE_3332	32	Port Input	1	1997297	42520	NA
S010_DAY2_MINITWICE_3332	32	Picture	26_T_RWTRIAD_RW_raton_red.png	1997977	43200	1	1900	2	43200	1800
S010_DAY2_MINITWICE_3332	33	Picture	PW	2000077	0	1	43199	2	0	43200
S010_DAY2_MINITWICE_3332	33	Pulse	99	2033298	33221	NA
S010_DAY2_MINITWICE_3332	33	Port Input	1	2033298	33221	NA
S010_DAY2_MINITWICE_3332	33	Response	52	2037639	37562	1
S010_DAY2_MINITWICE_3332	33	Picture	27_T_PWTRIAD_PW_ascensor_red.png	2043276	43199	1	1900	2	43200	1800
S010_DAY2_MINITWICE_3332	34	Picture	PW	2045376	0	1	43200	2	0	43200
S010_DAY2_MINITWICE_3332	34	Pulse	99	2069299	23923	NA
S010_DAY2_MINITWICE_3332	34	Port Input	1	2069299	23923	NA
S010_DAY2_MINITWICE_3332	34	Response	52	2070720	25344	2
S010_DAY2_MINITWICE_3332	34	Picture	28_T_PWTRIAD_PW_gafas_red.png	2088576	43200	1	1900	2	43200	1800
S010_DAY2_MINITWICE_3332	35	Picture	PW	2090676	0	1	43199	2	0	43200
S010_DAY2_MINITWICE_3332	35	Pulse	99	2105300	14624	NA
S010_DAY2_MINITWICE_3332	35	Port Input	1	2105300	14624	NA
S010_DAY2_MINITWICE_3332	35	Response	52	2119167	28491	1
S010_DAY2_MINITWICE_3332	35	Picture	29_T_PWTRIAD_PW_leche_red.png	2133875	43199	1	1900	2	43200	1800
S010_DAY2_MINITWICE_3332	36	Picture	PW	2136175	0	1	43100	2	0	43200
S010_DAY2_MINITWICE_3332	36	Pulse	99	2141300	5125	NA
S010_DAY2_MINITWICE_3332	36	Port Input	1	2141300	5125	NA
S010_DAY2_MINITWICE_3332	36	Response	51	2155787	19612	1
S010_DAY2_MINITWICE_3332	36	Pulse	99	2177301	41126	NA
S010_DAY2_MINITWICE_3332	36	Port Input	1	2177301	41126	NA
S010_DAY2_MINITWICE_3332	36	Picture	30_T_PWTRIAD_PW_agua_red.png	2179275	43100	1	1900	2	43200	1800
S010_DAY2_MINITWICE_3332	37	Picture	rest	2181275	0	1	144098	2	0	144000
S010_DAY2_MINITWICE_3332	37	Pulse	99	2213302	32027	NA
S010_DAY2_MINITWICE_3332	37	Port Input	1	2213302	32027	NA
S010_DAY2_MINITWICE_3332	37	Pulse	99	2249303	68028	NA
S010_DAY2_MINITWICE_3332	37	Port Input	1	2249303	68028	NA
S010_DAY2_MINITWICE_3332	37	Pulse	99	2285304	104029	NA
S010_DAY2_MINITWICE_3332	37	Port Input	1	2285304	104029	NA
S010_DAY2_MINITWICE_3332	37	Pulse	99	2321305	140030	NA
S010_DAY2_MINITWICE_3332	37	Port Input	1	2321305	140030	NA
S010_DAY2_MINITWICE_3332	38	Picture	endrest	2325473	0	1	10100	2	0	10000
S010_DAY2_MINITWICE_3332	39	Picture	RW	2335973	0	1	43099	3	0	43200
S010_DAY2_MINITWICE_3332	39	Pulse	99	2357305	21332	NA
S010_DAY2_MINITWICE_3332	39	Port Input	1	2357305	21332	NA
S010_DAY2_MINITWICE_3332	39	Response	51	2371693	35720	1
S010_DAY2_MINITWICE_3332	39	Picture	33_T_RWTRIAD_RW_pilas_red.png	2379072	43099	2	1900	4	43200	1800
S010_DAY2_MINITWICE_3332	40	Picture	RW	2381172	0	2	43200	3	0	43200
S010_DAY2_MINITWICE_3332	40	Pulse	99	2393306	12134	NA
S010_DAY2_MINITWICE_3332	40	Port Input	1	2393306	12134	NA
S010_DAY2_MINITWICE_3332	40	Picture	34_T_RWTRIAD_RW_bellota_red.png	2424372	43200	1	1900	2	43200	1800
S010_DAY2_MINITWICE_3332	41	Picture	RW	2426472	0	1	43199	3	0	43200
S010_DAY2_MINITWICE_3332	41	Response	52	2428193	1721	1
S010_DAY2_MINITWICE_3332	41	Pulse	99	2429307	2835	NA
S010_DAY2_MINITWICE_3332	41	Port Input	1	2429307	2835	NA
S010_DAY2_MINITWICE_3332	41	Pulse	99	2465308	38836	NA
S010_DAY2_MINITWICE_3332	41	Port Input	1	2465308	38836	NA
S010_DAY2_MINITWICE_3332	41	Picture	35_T_RWTRIAD_RW_charco_red.png	2469671	43199	2	1900	4	43200	1800
S010_DAY2_MINITWICE_3332	41	Response	51	2469987	43515	1
S010_DAY2_MINITWICE_3332	42	Picture	RW	2471771	0	2	43200	3	0	43200
S010_DAY2_MINITWICE_3332	42	Pulse	99	2501309	29538	NA
S010_DAY2_MINITWICE_3332	42	Port Input	1	2501309	29538	NA
S010_DAY2_MINITWICE_3332	42	Response	52	2501913	30142	1
S010_DAY2_MINITWICE_3332	42	Picture	36_T_RWTRIAD_RW_pincel_red.png	2514971	43200	1	1900	2	43200	1800
S010_DAY2_MINITWICE_3332	43	Picture	PW	2517071	0	1	43199	3	0	43200
S010_DAY2_MINITWICE_3332	43	Response	51	2533471	16400	1
S010_DAY2_MINITWICE_3332	43	Pulse	99	2537310	20239	NA
S010_DAY2_MINITWICE_3332	43	Port Input	1	2537310	20239	NA
S010_DAY2_MINITWICE_3332	43	Picture	37_T_PWTRIAD_PW_telefono_red.png	2560270	43199	2	1900	4	43200	1800
S010_DAY2_MINITWICE_3332	44	Picture	PW	2562370	0	2	43197	7	0	43200
S010_DAY2_MINITWICE_3332	44	Pulse	99	2573310	10940	NA
S010_DAY2_MINITWICE_3332	44	Port Input	1	2573310	10940	NA
S010_DAY2_MINITWICE_3332	44	Response	52	2580173	17803	1
S010_DAY2_MINITWICE_3332	44	Picture	38_T_PWTRIAD_PW_madera_red.png	2605567	43197	5	1903	6	43200	1800
S010_DAY2_MINITWICE_3332	45	Picture	PW	2607970	0	1	43099	3	0	43200
S010_DAY2_MINITWICE_3332	45	Pulse	99	2609311	1341	NA
S010_DAY2_MINITWICE_3332	45	Port Input	1	2609311	1341	NA
S010_DAY2_MINITWICE_3332	45	Response	52	2629391	21421	1
S010_DAY2_MINITWICE_3332	45	Pulse	99	2645312	37342	NA
S010_DAY2_MINITWICE_3332	45	Port Input	1	2645312	37342	NA
S010_DAY2_MINITWICE_3332	45	Picture	39_T_PWTRIAD_PW_arbol_red.png	2651069	43099	2	1900	4	43200	1800
S010_DAY2_MINITWICE_3332	46	Picture	PW	2653369	0	1	43100	2	0	43200
S010_DAY2_MINITWICE_3332	46	Response	51	2672334	18965	1
S010_DAY2_MINITWICE_3332	46	Pulse	99	2681313	27944	NA
S010_DAY2_MINITWICE_3332	46	Port Input	1	2681313	27944	NA
S010_DAY2_MINITWICE_3332	46	Picture	40_T_PWTRIAD_PW_anillo_red.png	2696469	43100	1	1900	2	43200	1800
S010_DAY2_MINITWICE_3332	47	Picture	rest	2698469	0	1	144098	2	0	144000
S010_DAY2_MINITWICE_3332	47	Pulse	99	2717314	18845	NA
S010_DAY2_MINITWICE_3332	47	Port Input	1	2717314	18845	NA
S010_DAY2_MINITWICE_3332	47	Pulse	99	2753314	54845	NA
S010_DAY2_MINITWICE_3332	47	Port Input	1	2753314	54845	NA
S010_DAY2_MINITWICE_3332	47	Pulse	99	2789315	90846	NA
S010_DAY2_MINITWICE_3332	47	Port Input	1	2789315	90846	NA
S010_DAY2_MINITWICE_3332	47	Pulse	99	2825316	126847	NA
S010_DAY2_MINITWICE_3332	47	Port Input	1	2825316	126847	NA
S010_DAY2_MINITWICE_3332	48	Picture	endrest	2842667	0	1	10100	2	0	10000
S010_DAY2_MINITWICE_3332	49	Picture	FF	2853167	0	1	43200	2	0	43200
S010_DAY2_MINITWICE_3332	49	Pulse	99	2861317	8150	NA
S010_DAY2_MINITWICE_3332	49	Port Input	1	2861317	8150	NA
S010_DAY2_MINITWICE_3332	49	Response	52	2875145	21978	1
S010_DAY2_MINITWICE_3332	49	Picture	43_T_FFTRIAD_FF_dedal_red.png	2896367	43200	1	1900	2	43200	1800
S010_DAY2_MINITWICE_3332	49	Pulse	99	2897318	44151	NA
S010_DAY2_MINITWICE_3332	49	Port Input	1	2897318	44151	NA
S010_DAY2_MINITWICE_3332	50	Picture	FF	2898567	0	1	43199	2	0	43200
S010_DAY2_MINITWICE_3332	50	Pulse	99	2933319	34752	NA
S010_DAY2_MINITWICE_3332	50	Port Input	1	2933319	34752	NA
S010_DAY2_MINITWICE_3332	50	Response	51	2939518	40951	1
S010_DAY2_MINITWICE_3332	50	Picture	44_T_FFTRIAD_FF_pluma_red.png	2941766	43199	1	1900	2	43200	1800
S010_DAY2_MINITWICE_3332	51	Picture	FF	2944066	0	1	43100	2	0	43200
S010_DAY2_MINITWICE_3332	51	Response	51	2954619	10553	1
S010_DAY2_MINITWICE_3332	51	Pulse	99	2969319	25253	NA
S010_DAY2_MINITWICE_3332	51	Port Input	1	2969319	25253	NA
S010_DAY2_MINITWICE_3332	51	Picture	45_T_FFTRIAD_FF_piramide_red.png	2987166	43100	1	1900	2	43200	1800
S010_DAY2_MINITWICE_3332	52	Picture	FF	2989466	0	1	43199	3	0	43200
S010_DAY2_MINITWICE_3332	52	Response	52	3003007	13541	1
S010_DAY2_MINITWICE_3332	52	Pulse	99	3005320	15854	NA
S010_DAY2_MINITWICE_3332	52	Port Input	1	3005320	15854	NA
S010_DAY2_MINITWICE_3332	52	Picture	46_T_FFTRIAD_FF_murcielago_red.png	3032665	43199	2	1900	4	43200	1800
S010_DAY2_MINITWICE_3332	53	Picture	PW	3034765	0	2	43200	3	0	43200
S010_DAY2_MINITWICE_3332	53	Pulse	99	3041321	6556	NA
S010_DAY2_MINITWICE_3332	53	Port Input	1	3041321	6556	NA
S010_DAY2_MINITWICE_3332	53	Response	52	3059037	24272	2
S010_DAY2_MINITWICE_3332	53	Pulse	99	3077322	42557	NA
S010_DAY2_MINITWICE_3332	53	Port Input	1	3077322	42557	NA
S010_DAY2_MINITWICE_3332	53	Picture	47_T_PWTRIAD_PW_tenedor_red.png	3077965	43200	1	1900	2	43200	1800
S010_DAY2_MINITWICE_3332	54	Picture	PW	3080164	0	2	43200	3	0	43200
S010_DAY2_MINITWICE_3332	54	Response	51	3099780	19616	1
S010_DAY2_MINITWICE_3332	54	Pulse	99	3113323	33159	NA
S010_DAY2_MINITWICE_3332	54	Port Input	1	3113323	33159	NA
S010_DAY2_MINITWICE_3332	54	Picture	48_T_PWTRIAD_PW_dado_red.png	3123364	43200	1	1900	2	43200	1800
S010_DAY2_MINITWICE_3332	55	Picture	PW	3125464	0	1	43200	2	0	43200
S010_DAY2_MINITWICE_3332	55	Pulse	99	3149324	23860	NA
S010_DAY2_MINITWICE_3332	55	Port Input	1	3149324	23860	NA
S010_DAY2_MINITWICE_3332	55	Response	51	3164983	39519	1
S010_DAY2_MINITWICE_3332	55	Picture	49_T_PWTRIAD_PW_queso_red.png	3168664	43200	1	1900	2	43200	1800
S010_DAY2_MINITWICE_3332	56	Picture	PW	3170864	0	1	43199	2	0	43200
S010_DAY2_MINITWICE_3332	56	Pulse	99	3185324	14460	NA
S010_DAY2_MINITWICE_3332	56	Port Input	1	3185324	14460	NA
S010_DAY2_MINITWICE_3332	56	Response	52	3201644	30780	1
S010_DAY2_MINITWICE_3332	56	Picture	50_T_PWTRIAD_PW_grapadora_red.png	3214063	43199	1	1900	2	43200	1800
S010_DAY2_MINITWICE_3332	57	Picture	rest	3216063	0	1	144098	3	0	144000
S010_DAY2_MINITWICE_3332	57	Pulse	99	3221325	5262	NA
S010_DAY2_MINITWICE_3332	57	Port Input	1	3221325	5262	NA
S010_DAY2_MINITWICE_3332	57	Pulse	99	3257326	41263	NA
S010_DAY2_MINITWICE_3332	57	Port Input	1	3257326	41263	NA
S010_DAY2_MINITWICE_3332	57	Pulse	99	3293327	77264	NA
S010_DAY2_MINITWICE_3332	57	Port Input	1	3293327	77264	NA
S010_DAY2_MINITWICE_3332	57	Pulse	99	3329328	113265	NA
S010_DAY2_MINITWICE_3332	57	Port Input	1	3329328	113265	NA
S010_DAY2_MINITWICE_3332	58	Picture	endrest	3360261	0	2	10100	3	0	10000
S010_DAY2_MINITWICE_3332	58	Pulse	99	3365328	5067	NA
S010_DAY2_MINITWICE_3332	58	Port Input	1	3365328	5067	NA
S010_DAY2_MINITWICE_3332	59	Picture	RW	3370761	0	1	43200	2	0	43200
S010_DAY2_MINITWICE_3332	59	Pulse	99	3401329	30568	NA
S010_DAY2_MINITWICE_3332	59	Port Input	1	3401329	30568	NA
S010_DAY2_MINITWICE_3332	59	Response	51	3408377	37616	1
S010_DAY2_MINITWICE_3332	59	Picture	53_T_RWTRIAD_RW_banera_red.png	3413961	43200	1	1900	2	43200	1800
S010_DAY2_MINITWICE_3332	60	Picture	RW	3416061	0	1	43199	2	0	43200
S010_DAY2_MINITWICE_3332	60	Pulse	99	3437330	21269	NA
S010_DAY2_MINITWICE_3332	60	Port Input	1	3437330	21269	NA
S010_DAY2_MINITWICE_3332	60	Response	52	3456268	40207	1
S010_DAY2_MINITWICE_3332	60	Picture	54_T_RWTRIAD_RW_molino_red.png	3459260	43199	1	1900	2	43200	1800
S010_DAY2_MINITWICE_3332	61	Picture	RW	3461359	0	2	43201	3	0	43200
S010_DAY2_MINITWICE_3332	61	Pulse	99	3473331	11972	NA
S010_DAY2_MINITWICE_3332	61	Port Input	1	3473331	11972	NA
S010_DAY2_MINITWICE_3332	61	Response	51	3479764	18405	2
S010_DAY2_MINITWICE_3332	61	Picture	55_T_RWTRIAD_RW_television_red.png	3504560	43201	1	1900	2	43200	1800
S010_DAY2_MINITWICE_3332	62	Picture	RW	3506660	0	1	43199	2	0	43200
S010_DAY2_MINITWICE_3332	62	Pulse	99	3509332	2672	NA
S010_DAY2_MINITWICE_3332	62	Port Input	1	3509332	2672	NA
S010_DAY2_MINITWICE_3332	62	Pulse	99	3545333	38673	NA
S010_DAY2_MINITWICE_3332	62	Port Input	1	3545333	38673	NA
S010_DAY2_MINITWICE_3332	62	Picture	56_T_RWTRIAD_RW_manos_red.png	3549859	43199	1	1900	2	43200	1800
S010_DAY2_MINITWICE_3332	62	Response	51	3550467	43807	1
S010_DAY2_MINITWICE_3332	63	Picture	FF	3552159	0	1	43100	2	0	43200
S010_DAY2_MINITWICE_3332	63	Response	52	3562259	10100	1
S010_DAY2_MINITWICE_3332	63	Pulse	99	3581333	29174	NA
S010_DAY2_MINITWICE_3332	63	Port Input	1	3581333	29174	NA
S010_DAY2_MINITWICE_3332	63	Picture	57_T_FFTRIAD_FF_madera_red.png	3595259	43100	1	1900	2	43200	1800
S010_DAY2_MINITWICE_3332	64	Picture	FF	3597559	0	1	43099	2	0	43200
S010_DAY2_MINITWICE_3332	64	Response	51	3610569	13010	1
S010_DAY2_MINITWICE_3332	64	Pulse	99	3617334	19775	NA
S010_DAY2_MINITWICE_3332	64	Port Input	1	3617334	19775	NA
S010_DAY2_MINITWICE_3332	64	Picture	58_T_FFTRIAD_FF_arbol_red.png	3640658	43099	1	1900	2	43200	1800
S010_DAY2_MINITWICE_3332	65	Picture	FF	3642858	0	1	43200	2	0	43200
S010_DAY2_MINITWICE_3332	65	Pulse	99	3653335	10477	NA
S010_DAY2_MINITWICE_3332	65	Port Input	1	3653335	10477	NA
S010_DAY2_MINITWICE_3332	65	Response	51	3655410	12552	1
S010_DAY2_MINITWICE_3332	65	Picture	59_T_FFTRIAD_FF_grapadora_red.png	3686058	43200	1	1900	2	43200	1800
S010_DAY2_MINITWICE_3332	66	Picture	FF	3688358	0	1	43099	2	0	43200
S010_DAY2_MINITWICE_3332	66	Pulse	99	3689336	978	NA
S010_DAY2_MINITWICE_3332	66	Port Input	1	3689336	978	NA
S010_DAY2_MINITWICE_3332	66	Response	52	3706580	18222	1
S010_DAY2_MINITWICE_3332	66	Pulse	99	3725337	36979	NA
S010_DAY2_MINITWICE_3332	66	Port Input	1	3725337	36979	NA
S010_DAY2_MINITWICE_3332	66	Picture	60_T_FFTRIAD_FF_cerillas_red.png	3731457	43099	1	1900	2	43200	1800
S010_DAY2_MINITWICE_3332	67	Picture	rest	3733457	0	1	144099	2	0	144000
S010_DAY2_MINITWICE_3332	67	Pulse	99	3761337	27880	NA
S010_DAY2_MINITWICE_3332	67	Port Input	1	3761337	27880	NA
S010_DAY2_MINITWICE_3332	67	Pulse	99	3797338	63881	NA
S010_DAY2_MINITWICE_3332	67	Port Input	1	3797338	63881	NA
S010_DAY2_MINITWICE_3332	67	Pulse	99	3833339	99882	NA
S010_DAY2_MINITWICE_3332	67	Port Input	1	3833339	99882	NA
S010_DAY2_MINITWICE_3332	67	Pulse	99	3869340	135883	NA
S010_DAY2_MINITWICE_3332	67	Port Input	1	3869340	135883	NA
S010_DAY2_MINITWICE_3332	68	Picture	endrest	3877654	0	4	10101	6	0	10000
S010_DAY2_MINITWICE_3332	69	Picture	FF	3888155	0	2	43200	3	0	43200
S010_DAY2_MINITWICE_3332	69	Pulse	99	3905341	17186	NA
S010_DAY2_MINITWICE_3332	69	Port Input	1	3905341	17186	NA
S010_DAY2_MINITWICE_3332	69	Response	51	3905555	17400	1
S010_DAY2_MINITWICE_3332	69	Picture	63_T_FFTRIAD_FF_arco_red.png	3931355	43200	1	1900	2	43200	1800
S010_DAY2_MINITWICE_3332	70	Picture	FF	3933455	0	1	43199	3	0	43200
S010_DAY2_MINITWICE_3332	70	Pulse	99	3941342	7887	NA
S010_DAY2_MINITWICE_3332	70	Port Input	1	3941342	7887	NA
S010_DAY2_MINITWICE_3332	70	Response	52	3955162	21707	1
S010_DAY2_MINITWICE_3332	70	Picture	64_T_FFTRIAD_FF_iglu_red.png	3976654	43199	2	1900	4	43200	1800
S010_DAY2_MINITWICE_3332	70	Pulse	99	3977342	43887	NA
S010_DAY2_MINITWICE_3332	70	Port Input	1	3977342	43887	NA
S010_DAY2_MINITWICE_3332	71	Picture	FF	3978954	0	2	43100	3	0	43200
S010_DAY2_MINITWICE_3332	71	Response	51	3991910	12956	1
S010_DAY2_MINITWICE_3332	71	Pulse	99	4013343	34389	NA
S010_DAY2_MINITWICE_3332	71	Port Input	1	4013343	34389	NA
S010_DAY2_MINITWICE_3332	71	Picture	65_T_FFTRIAD_FF_raton_red.png	4022054	43100	1	1900	2	43200	1800
S010_DAY2_MINITWICE_3332	72	Picture	FF	4024354	0	1	43199	3	0	43200
S010_DAY2_MINITWICE_3332	72	Response	52	4043683	19329	1
S010_DAY2_MINITWICE_3332	72	Pulse	99	4049344	24990	NA
S010_DAY2_MINITWICE_3332	72	Port Input	1	4049344	24990	NA
S010_DAY2_MINITWICE_3332	72	Picture	66_T_FFTRIAD_FF_paraguas_red.png	4067553	43199	2	1900	4	43200	1800
S010_DAY2_MINITWICE_3332	73	Picture	FF	4069653	0	2	43200	3	0	43200
S010_DAY2_MINITWICE_3332	73	Pulse	99	4085345	15692	NA
S010_DAY2_MINITWICE_3332	73	Port Input	1	4085345	15692	NA
S010_DAY2_MINITWICE_3332	73	Response	51	4088021	18368	1
S010_DAY2_MINITWICE_3332	73	Picture	67_T_FFTRIAD_FF_anillo_red.png	4112853	43200	1	1900	2	43200	1800
S010_DAY2_MINITWICE_3332	74	Picture	FF	4115053	0	1	43199	2	0	43200
S010_DAY2_MINITWICE_3332	74	Pulse	99	4121346	6293	NA
S010_DAY2_MINITWICE_3332	74	Port Input	1	4121346	6293	NA
S010_DAY2_MINITWICE_3332	74	Response	52	4133095	18042	1
S010_DAY2_MINITWICE_3332	74	Pulse	99	4157347	42294	NA
S010_DAY2_MINITWICE_3332	74	Port Input	1	4157347	42294	NA
S010_DAY2_MINITWICE_3332	74	Picture	68_T_FFTRIAD_FF_sobre_red.png	4158252	43199	1	1900	2	43200	1800
S010_DAY2_MINITWICE_3332	75	Picture	FF	4160352	0	2	43200	3	0	43200
S010_DAY2_MINITWICE_3332	75	Response	52	4182119	21767	1
S010_DAY2_MINITWICE_3332	75	Pulse	99	4193347	32995	NA
S010_DAY2_MINITWICE_3332	75	Port Input	1	4193347	32995	NA
S010_DAY2_MINITWICE_3332	75	Picture	69_T_FFTRIAD_FF_carruaje_red.png	4203552	43200	1	1900	2	43200	1800
S010_DAY2_MINITWICE_3332	76	Picture	FF	4205852	0	1	43099	3	0	43200
S010_DAY2_MINITWICE_3332	76	Response	51	4221113	15261	1
S010_DAY2_MINITWICE_3332	76	Pulse	99	4229348	23496	NA
S010_DAY2_MINITWICE_3332	76	Port Input	1	4229348	23496	NA
S010_DAY2_MINITWICE_3332	76	Picture	70_T_FFTRIAD_FF_granjero_red.png	4248951	43099	2	1900	4	43200	1800
S010_DAY2_MINITWICE_3332	77	Picture	rest	4250951	0	1	144099	2	0	144000
S010_DAY2_MINITWICE_3332	77	Pulse	99	4265349	14398	NA
S010_DAY2_MINITWICE_3332	77	Port Input	1	4265349	14398	NA
S010_DAY2_MINITWICE_3332	77	Pulse	99	4301350	50399	NA
S010_DAY2_MINITWICE_3332	77	Port Input	1	4301350	50399	NA
S010_DAY2_MINITWICE_3332	77	Pulse	99	4337351	86400	NA
S010_DAY2_MINITWICE_3332	77	Port Input	1	4337351	86400	NA
S010_DAY2_MINITWICE_3332	77	Pulse	99	4373352	122401	NA
S010_DAY2_MINITWICE_3332	77	Port Input	1	4373352	122401	NA
S010_DAY2_MINITWICE_3332	78	Picture	endrest	4395150	0	1	10100	2	0	10000
S010_DAY2_MINITWICE_3332	79	Picture	RW	4405650	0	1	43199	2	0	43200
S010_DAY2_MINITWICE_3332	79	Pulse	99	4409352	3702	NA
S010_DAY2_MINITWICE_3332	79	Port Input	1	4409352	3702	NA
S010_DAY2_MINITWICE_3332	79	Pulse	99	4445353	39703	NA
S010_DAY2_MINITWICE_3332	79	Port Input	1	4445353	39703	NA
S010_DAY2_MINITWICE_3332	79	Response	52	4448076	42426	1
S010_DAY2_MINITWICE_3332	79	Picture	73_T_RWTRIAD_RW_agua_red.png	4448849	43199	1	1900	2	43200	1800
S010_DAY2_MINITWICE_3332	80	Picture	RW	4450949	0	1	43200	2	0	43200
S010_DAY2_MINITWICE_3332	80	Pulse	99	4481354	30405	NA
S010_DAY2_MINITWICE_3332	80	Port Input	1	4481354	30405	NA
S010_DAY2_MINITWICE_3332	80	Response	51	4484520	33571	1
S010_DAY2_MINITWICE_3332	80	Picture	74_T_RWTRIAD_RW_dedal_red.png	4494149	43200	1	1900	2	43200	1800
S010_DAY2_MINITWICE_3332	81	Picture	RW	4496249	0	1	43199	2	0	43200
S010_DAY2_MINITWICE_3332	81	Response	51	4515643	19394	2
S010_DAY2_MINITWICE_3332	81	Pulse	99	4517355	21106	NA
S010_DAY2_MINITWICE_3332	81	Port Input	1	4517355	21106	NA
S010_DAY2_MINITWICE_3332	81	Picture	75_T_RWTRIAD_RW_telefono_red.png	4539448	43199	1	1900	2	43200	1800
S010_DAY2_MINITWICE_3332	82	Picture	RW	4541548	0	1	43200	2	0	43200
S010_DAY2_MINITWICE_3332	82	Pulse	99	4553356	11808	NA
S010_DAY2_MINITWICE_3332	82	Port Input	1	4553356	11808	NA
S010_DAY2_MINITWICE_3332	82	Response	52	4576120	34572	1
S010_DAY2_MINITWICE_3332	82	Picture	76_T_RWTRIAD_RW_llave_red.png	4584748	43200	1	1900	2	43200	1800
S010_DAY2_MINITWICE_3332	83	Picture	FF	4587048	0	1	43099	2	0	43200
S010_DAY2_MINITWICE_3332	83	Pulse	99	4589356	2308	NA
S010_DAY2_MINITWICE_3332	83	Port Input	1	4589356	2308	NA
S010_DAY2_MINITWICE_3332	83	Response	52	4602127	15079	1
S010_DAY2_MINITWICE_3332	83	Pulse	99	4625357	38309	NA
S010_DAY2_MINITWICE_3332	83	Port Input	1	4625357	38309	NA
S010_DAY2_MINITWICE_3332	83	Picture	77_T_FFTRIAD_FF_telarana_red.png	4630147	43099	1	1900	2	43200	1800
S010_DAY2_MINITWICE_3332	84	Picture	FF	4632247	0	1	43200	2	0	43200
S010_DAY2_MINITWICE_3332	84	Response	51	4642869	10622	1
S010_DAY2_MINITWICE_3332	84	Pulse	99	4661358	29111	NA
S010_DAY2_MINITWICE_3332	84	Port Input	1	4661358	29111	NA
S010_DAY2_MINITWICE_3332	84	Picture	78_T_FFTRIAD_FF_teclado_red.png	4675447	43200	1	1900	2	43200	1800
S010_DAY2_MINITWICE_3332	85	Picture	FF	4677747	0	1	43099	2	0	43200
S010_DAY2_MINITWICE_3332	85	Response	51	4689422	11675	1
S010_DAY2_MINITWICE_3332	85	Pulse	99	4697359	19612	NA
S010_DAY2_MINITWICE_3332	85	Port Input	1	4697359	19612	NA
S010_DAY2_MINITWICE_3332	85	Picture	79_T_FFTRIAD_FF_dado_red.png	4720846	43099	1	1900	2	43200	1800
S010_DAY2_MINITWICE_3332	86	Picture	FF	4723046	0	1	43200	2	0	43200
S010_DAY2_MINITWICE_3332	86	Pulse	99	4733360	10314	NA
S010_DAY2_MINITWICE_3332	86	Port Input	1	4733360	10314	NA
S010_DAY2_MINITWICE_3332	86	Response	51	4743268	20222	1
S010_DAY2_MINITWICE_3332	86	Picture	80_T_FFTRIAD_FF_manos_red.png	4766246	43200	1	1899	3	43200	1800
S010_DAY2_MINITWICE_3332	87	Picture	rest	4768246	0	1	144098	2	0	144000
S010_DAY2_MINITWICE_3332	87	Pulse	99	4769361	1115	NA
S010_DAY2_MINITWICE_3332	87	Port Input	1	4769361	1115	NA
S010_DAY2_MINITWICE_3332	87	Pulse	99	4805361	37115	NA
S010_DAY2_MINITWICE_3332	87	Port Input	1	4805361	37115	NA
S010_DAY2_MINITWICE_3332	87	Pulse	99	4841362	73116	NA
S010_DAY2_MINITWICE_3332	87	Port Input	1	4841362	73116	NA
S010_DAY2_MINITWICE_3332	87	Pulse	99	4877363	109117	NA
S010_DAY2_MINITWICE_3332	87	Port Input	1	4877363	109117	NA
S010_DAY2_MINITWICE_3332	88	Picture	endrest	4912444	0	1	10100	2	0	10000
S010_DAY2_MINITWICE_3332	88	Pulse	99	4913364	920	NA
S010_DAY2_MINITWICE_3332	88	Port Input	1	4913364	920	NA
S010_DAY2_MINITWICE_3332	89	Picture	RW	4922944	0	1	43099	2	0	43200
S010_DAY2_MINITWICE_3332	89	Response	51	4943770	20826	1
S010_DAY2_MINITWICE_3332	89	Pulse	99	4949365	26421	NA
S010_DAY2_MINITWICE_3332	89	Port Input	1	4949365	26421	NA
S010_DAY2_MINITWICE_3332	89	Picture	83_T_RWTRIAD_RW_bala_red.png	4966043	43099	1	1900	2	43200	1800
S010_DAY2_MINITWICE_3332	90	Picture	RW	4968143	0	1	43200	2	0	43200
S010_DAY2_MINITWICE_3332	90	Pulse	99	4985365	17222	NA
S010_DAY2_MINITWICE_3332	90	Port Input	1	4985365	17222	NA
S010_DAY2_MINITWICE_3332	90	Response	52	5003408	35265	1
S010_DAY2_MINITWICE_3332	90	Picture	84_T_RWTRIAD_RW_futbol_red.png	5011343	43200	1	1900	2	43200	1800
S010_DAY2_MINITWICE_3332	91	Picture	RW	5013443	0	1	43199	2	0	43200
S010_DAY2_MINITWICE_3332	91	Pulse	99	5021366	7923	NA
S010_DAY2_MINITWICE_3332	91	Port Input	1	5021366	7923	NA
S010_DAY2_MINITWICE_3332	91	Response	52	5045654	32211	1
S010_DAY2_MINITWICE_3332	91	Picture	85_T_RWTRIAD_RW_arbol_red.png	5056642	43199	1	1900	2	43200	1800
S010_DAY2_MINITWICE_3332	91	Pulse	99	5057367	43924	NA
S010_DAY2_MINITWICE_3332	91	Port Input	1	5057367	43924	NA
S010_DAY2_MINITWICE_3332	92	Picture	RW	5058742	0	1	43200	2	0	43200
S010_DAY2_MINITWICE_3332	92	Pulse	99	5093368	34626	NA
S010_DAY2_MINITWICE_3332	92	Port Input	1	5093368	34626	NA
S010_DAY2_MINITWICE_3332	92	Response	52	5094969	36227	2
S010_DAY2_MINITWICE_3332	92	Picture	86_T_RWTRIAD_RW_anillo_red.png	5101942	43200	1	1900	2	43200	1800
S010_DAY2_MINITWICE_3332	93	Picture	RW	5104242	0	1	43199	2	0	43200
S010_DAY2_MINITWICE_3332	93	Pulse	99	5129369	25127	NA
S010_DAY2_MINITWICE_3332	93	Port Input	1	5129369	25127	NA
S010_DAY2_MINITWICE_3332	93	Response	51	5136199	31957	1
S010_DAY2_MINITWICE_3332	93	Picture	87_T_RWTRIAD_RW_carruaje_red.png	5147441	43199	1	1900	2	43200	1800
S010_DAY2_MINITWICE_3332	94	Picture	RW	5149541	0	1	43200	2	0	43200
S010_DAY2_MINITWICE_3332	94	Pulse	99	5165370	15829	NA
S010_DAY2_MINITWICE_3332	94	Port Input	1	5165370	15829	NA
S010_DAY2_MINITWICE_3332	94	Picture	88_T_RWTRIAD_RW_ascensor_red.png	5192741	43200	1	1900	2	43200	1800
S010_DAY2_MINITWICE_3332	95	Picture	RW	5194841	0	1	43199	2	0	43200
S010_DAY2_MINITWICE_3332	95	Response	51	5196039	1198	1
S010_DAY2_MINITWICE_3332	95	Pulse	99	5201370	6529	NA
S010_DAY2_MINITWICE_3332	95	Port Input	1	5201370	6529	NA
S010_DAY2_MINITWICE_3332	95	Pulse	99	5237371	42530	NA
S010_DAY2_MINITWICE_3332	95	Port Input	1	5237371	42530	NA
S010_DAY2_MINITWICE_3332	95	Picture	89_T_RWTRIAD_RW_dado_red.png	5238040	43199	1	1900	2	43200	1800
S010_DAY2_MINITWICE_3332	96	Picture	RW	5240340	0	1	43200	2	0	43200
S010_DAY2_MINITWICE_3332	96	Response	52	5245545	5205	1
S010_DAY2_MINITWICE_3332	96	Response	51	5260174	19834	1
S010_DAY2_MINITWICE_3332	96	Pulse	99	5273372	33032	NA
S010_DAY2_MINITWICE_3332	96	Port Input	1	5273372	33032	NA
S010_DAY2_MINITWICE_3332	96	Picture	90_T_RWTRIAD_RW_botella_red.png	5283540	43200	1	1900	2	43200	1800
S010_DAY2_MINITWICE_3332	97	Picture	rest	5285540	0	1	144098	2	0	144000
S010_DAY2_MINITWICE_3332	97	Pulse	99	5309373	23833	NA
S010_DAY2_MINITWICE_3332	97	Port Input	1	5309373	23833	NA
S010_DAY2_MINITWICE_3332	97	Pulse	99	5345374	59834	NA
S010_DAY2_MINITWICE_3332	97	Port Input	1	5345374	59834	NA
S010_DAY2_MINITWICE_3332	97	Pulse	99	5381375	95835	NA
S010_DAY2_MINITWICE_3332	97	Port Input	1	5381375	95835	NA
S010_DAY2_MINITWICE_3332	97	Pulse	99	5417375	131835	NA
S010_DAY2_MINITWICE_3332	97	Port Input	1	5417375	131835	NA
S010_DAY2_MINITWICE_3332	98	Picture	endrest	5429738	0	1	10100	2	0	10000
S010_DAY2_MINITWICE_3332	99	Picture	RW	5440238	0	1	43099	2	0	43200
S010_DAY2_MINITWICE_3332	99	Pulse	99	5453376	13138	NA
S010_DAY2_MINITWICE_3332	99	Port Input	1	5453376	13138	NA
S010_DAY2_MINITWICE_3332	99	Response	52	5477411	37173	2
S010_DAY2_MINITWICE_3332	99	Picture	93_T_RWTRIAD_RW_paraguas_red.png	5483337	43099	1	1900	2	43200	1800
S010_DAY2_MINITWICE_3332	100	Picture	RW	5485437	0	1	43200	2	0	43200
S010_DAY2_MINITWICE_3332	100	Pulse	99	5489377	3940	NA
S010_DAY2_MINITWICE_3332	100	Port Input	1	5489377	3940	NA
S010_DAY2_MINITWICE_3332	100	Pulse	99	5525378	39941	NA
S010_DAY2_MINITWICE_3332	100	Port Input	1	5525378	39941	NA
S010_DAY2_MINITWICE_3332	100	Picture	94_T_RWTRIAD_RW_piramide_red.png	5528637	43200	1	1900	2	43200	1800
S010_DAY2_MINITWICE_3332	101	Picture	RW	5530937	0	1	43099	2	0	43200
S010_DAY2_MINITWICE_3332	101	Response	52	5555176	24239	1
S010_DAY2_MINITWICE_3332	101	Pulse	99	5561379	30442	NA
S010_DAY2_MINITWICE_3332	101	Port Input	1	5561379	30442	NA
S010_DAY2_MINITWICE_3332	101	Picture	95_T_RWTRIAD_RW_arco_red.png	5574036	43099	1	1900	2	43200	1800
S010_DAY2_MINITWICE_3332	102	Picture	RW	5576136	0	1	43200	2	0	43200
S010_DAY2_MINITWICE_3332	102	Pulse	99	5597379	21243	NA
S010_DAY2_MINITWICE_3332	102	Port Input	1	5597379	21243	NA
S010_DAY2_MINITWICE_3332	102	Response	52	5604874	28738	1
S010_DAY2_MINITWICE_3332	102	Picture	96_T_RWTRIAD_RW_destornillador_red.png	5619336	43200	1	1900	2	43200	1800
S010_DAY2_MINITWICE_3332	103	Picture	PW	5621636	0	1	43099	2	0	43200
S010_DAY2_MINITWICE_3332	103	Pulse	99	5633380	11744	NA
S010_DAY2_MINITWICE_3332	103	Port Input	1	5633380	11744	NA
S010_DAY2_MINITWICE_3332	103	Response	51	5657753	36117	1
S010_DAY2_MINITWICE_3332	103	Picture	97_T_PWTRIAD_PW_novia_red.png	5664735	43099	1	1900	2	43200	1800
S010_DAY2_MINITWICE_3332	104	Picture	PW	5666835	0	1	43200	2	0	43200
S010_DAY2_MINITWICE_3332	104	Pulse	99	5669381	2546	NA
S010_DAY2_MINITWICE_3332	104	Port Input	1	5669381	2546	NA
S010_DAY2_MINITWICE_3332	104	Response	52	5674081	7246	1
S010_DAY2_MINITWICE_3332	104	Pulse	99	5705382	38547	NA
S010_DAY2_MINITWICE_3332	104	Port Input	1	5705382	38547	NA
S010_DAY2_MINITWICE_3332	104	Picture	98_T_PWTRIAD_PW_pilas_red.png	5710035	43200	1	1899	3	43200	1800
S010_DAY2_MINITWICE_3332	105	Picture	PW	5712135	0	1	43199	2	0	43200
S010_DAY2_MINITWICE_3332	105	Response	51	5726126	13991	1
S010_DAY2_MINITWICE_3332	105	Pulse	99	5741383	29248	NA
S010_DAY2_MINITWICE_3332	105	Port Input	1	5741383	29248	NA
S010_DAY2_MINITWICE_3332	105	Picture	99_T_PWTRIAD_PW_zanahoria_red.png	5755334	43199	1	1900	2	43200	1800
S010_DAY2_MINITWICE_3332	106	Picture	PW	5757534	0	1	43200	2	0	43200
S010_DAY2_MINITWICE_3332	106	Response	52	5775359	17825	1
S010_DAY2_MINITWICE_3332	106	Pulse	99	5777384	19850	NA
S010_DAY2_MINITWICE_3332	106	Port Input	1	5777384	19850	NA
S010_DAY2_MINITWICE_3332	106	Picture	100_T_PWTRIAD_PW_lechuga_red.png	5800734	43200	1	1900	2	43200	1800
S010_DAY2_MINITWICE_3332	107	Picture	rest	5802734	0	1	144098	2	0	144000
S010_DAY2_MINITWICE_3332	107	Pulse	99	5813384	10650	NA
S010_DAY2_MINITWICE_3332	107	Port Input	1	5813384	10650	NA
S010_DAY2_MINITWICE_3332	107	Pulse	99	5849385	46651	NA
S010_DAY2_MINITWICE_3332	107	Port Input	1	5849385	46651	NA
S010_DAY2_MINITWICE_3332	107	Pulse	99	5885386	82652	NA
S010_DAY2_MINITWICE_3332	107	Port Input	1	5885386	82652	NA
S010_DAY2_MINITWICE_3332	107	Pulse	99	5921387	118653	NA
S010_DAY2_MINITWICE_3332	107	Port Input	1	5921387	118653	NA
S010_DAY2_MINITWICE_3332	108	Picture	endrest	5946932	0	1	10100	2	0	10000
S010_DAY2_MINITWICE_3332	108	Pulse	99	5957388	10456	NA
S010_DAY2_MINITWICE_3332	108	Port Input	1	5957388	10456	NA
S010_DAY2_MINITWICE_3332	109	Picture	FF	5957432	0	1	43099	3	0	43200
S010_DAY2_MINITWICE_3332	109	Response	51	5976310	18878	1
S010_DAY2_MINITWICE_3332	109	Pulse	99	5993388	35956	NA
S010_DAY2_MINITWICE_3332	109	Port Input	1	5993388	35956	NA
S010_DAY2_MINITWICE_3332	109	Picture	103_T_FFTRIAD_FF_chupete_red.png	6000531	43099	2	1900	4	43200	1800
S010_DAY2_MINITWICE_3332	110	Picture	FF	6002731	0	2	43200	3	0	43200
S010_DAY2_MINITWICE_3332	110	Pulse	99	6029389	26658	NA
S010_DAY2_MINITWICE_3332	110	Port Input	1	6029389	26658	NA
S010_DAY2_MINITWICE_3332	110	Response	51	6039093	36362	2
S010_DAY2_MINITWICE_3332	110	Picture	104_T_FFTRIAD_FF_plato_red.png	6045931	43200	1	1900	2	43200	1800
S010_DAY2_MINITWICE_3332	111	Picture	FF	6048331	0	1	43099	3	0	43200
S010_DAY2_MINITWICE_3332	111	Pulse	99	6065390	17059	NA
S010_DAY2_MINITWICE_3332	111	Port Input	1	6065390	17059	NA
S010_DAY2_MINITWICE_3332	111	Response	51	6067420	19089	1
S010_DAY2_MINITWICE_3332	111	Picture	105_T_FFTRIAD_FF_violin_red.png	6091430	43099	2	1900	4	43200	1800
S010_DAY2_MINITWICE_3332	112	Picture	FF	6093630	0	1	43200	2	0	43200
S010_DAY2_MINITWICE_3332	112	Pulse	99	6101391	7761	NA
S010_DAY2_MINITWICE_3332	112	Port Input	1	6101391	7761	NA
S010_DAY2_MINITWICE_3332	112	Response	51	6108017	14387	1
S010_DAY2_MINITWICE_3332	112	Picture	106_T_FFTRIAD_FF_lechuga_red.png	6136830	43200	1	1900	2	43200	1800
S010_DAY2_MINITWICE_3332	112	Pulse	99	6137392	43762	NA
S010_DAY2_MINITWICE_3332	112	Port Input	1	6137392	43762	NA
S010_DAY2_MINITWICE_3332	113	Picture	PW	6138930	0	1	43199	3	0	43200
S010_DAY2_MINITWICE_3332	113	Response	51	6163116	24186	1
S010_DAY2_MINITWICE_3332	113	Pulse	99	6173393	34463	NA
S010_DAY2_MINITWICE_3332	113	Port Input	1	6173393	34463	NA
S010_DAY2_MINITWICE_3332	113	Picture	107_T_PWTRIAD_PW_teclado_red.png	6182129	43199	2	1900	4	43200	1800
S010_DAY2_MINITWICE_3332	114	Picture	PW	6184429	0	1	43200	2	0	43200
S010_DAY2_MINITWICE_3332	114	Response	52	6205177	20748	1
S010_DAY2_MINITWICE_3332	114	Pulse	99	6209393	24964	NA
S010_DAY2_MINITWICE_3332	114	Port Input	1	6209393	24964	NA
S010_DAY2_MINITWICE_3332	114	Picture	108_T_PWTRIAD_PW_botella_red.png	6227629	43200	1	1900	2	43200	1800
S010_DAY2_MINITWICE_3332	115	Picture	PW	6229929	0	1	43099	2	0	43200
S010_DAY2_MINITWICE_3332	115	Pulse	99	6245394	15465	NA
S010_DAY2_MINITWICE_3332	115	Port Input	1	6245394	15465	NA
S010_DAY2_MINITWICE_3332	115	Response	51	6247406	17477	1
S010_DAY2_MINITWICE_3332	115	Picture	109_T_PWTRIAD_PW_sombrilla_red.png	6273028	43099	1	1900	2	43200	1800
S010_DAY2_MINITWICE_3332	116	Picture	PW	6275128	0	1	43200	2	0	43200
S010_DAY2_MINITWICE_3332	116	Pulse	99	6281395	6267	NA
S010_DAY2_MINITWICE_3332	116	Port Input	1	6281395	6267	NA
S010_DAY2_MINITWICE_3332	116	Response	51	6300882	25754	1
S010_DAY2_MINITWICE_3332	116	Pulse	99	6317396	42268	NA
S010_DAY2_MINITWICE_3332	116	Port Input	1	6317396	42268	NA
S010_DAY2_MINITWICE_3332	116	Picture	110_T_PWTRIAD_PW_tijera_red.png	6318328	43200	1	1900	2	43200	1800
S010_DAY2_MINITWICE_3332	117	Picture	rest	6320328	0	1	144098	3	0	144000
S010_DAY2_MINITWICE_3332	117	Pulse	99	6353397	33069	NA
S010_DAY2_MINITWICE_3332	117	Port Input	1	6353397	33069	NA
S010_DAY2_MINITWICE_3332	117	Pulse	99	6389397	69069	NA
S010_DAY2_MINITWICE_3332	117	Port Input	1	6389397	69069	NA
S010_DAY2_MINITWICE_3332	117	Pulse	99	6425398	105070	NA
S010_DAY2_MINITWICE_3332	117	Port Input	1	6425398	105070	NA
S010_DAY2_MINITWICE_3332	117	Pulse	99	6461399	141071	NA
S010_DAY2_MINITWICE_3332	117	Port Input	1	6461399	141071	NA
S010_DAY2_MINITWICE_3332	118	Picture	endrest	6464526	0	1	10100	2	0	10000
S010_DAY2_MINITWICE_3332	119	Picture	PW	6474826	0	1	43200	2	0	43200
S010_DAY2_MINITWICE_3332	119	Response	52	6490239	15413	1
S010_DAY2_MINITWICE_3332	119	Pulse	99	6497400	22574	NA
S010_DAY2_MINITWICE_3332	119	Port Input	1	6497400	22574	NA
S010_DAY2_MINITWICE_3332	119	Picture	113_T_PWTRIAD_PW_mono_red.png	6518026	43200	1	1900	2	43200	1800
S010_DAY2_MINITWICE_3332	120	Picture	PW	6520325	0	2	43100	3	0	43200
S010_DAY2_MINITWICE_3332	120	Pulse	99	6533401	13076	NA
S010_DAY2_MINITWICE_3332	120	Port Input	1	6533401	13076	NA
S010_DAY2_MINITWICE_3332	120	Response	52	6541634	21309	5
S010_DAY2_MINITWICE_3332	120	Picture	114_T_PWTRIAD_PW_cerillas_red.png	6563425	43100	1	1900	2	43200	1800
S010_DAY2_MINITWICE_3332	121	Picture	PW	6565525	0	1	43200	2	0	43200
S010_DAY2_MINITWICE_3332	121	Pulse	99	6569402	3877	NA
S010_DAY2_MINITWICE_3332	121	Port Input	1	6569402	3877	NA
S010_DAY2_MINITWICE_3332	121	Response	51	6583072	17547	2
S010_DAY2_MINITWICE_3332	121	Pulse	99	6605402	39877	NA
S010_DAY2_MINITWICE_3332	121	Port Input	1	6605402	39877	NA
S010_DAY2_MINITWICE_3332	121	Picture	115_T_PWTRIAD_PW_policia_red.png	6608725	43200	1	1899	3	43200	1800
S010_DAY2_MINITWICE_3332	122	Picture	PW	6610824	0	2	43200	3	0	43200
S010_DAY2_MINITWICE_3332	122	Response	52	6628597	17773	1
S010_DAY2_MINITWICE_3332	122	Pulse	99	6641403	30579	NA
S010_DAY2_MINITWICE_3332	122	Port Input	1	6641403	30579	NA
S010_DAY2_MINITWICE_3332	122	Picture	116_T_PWTRIAD_PW_charco_red.png	6654024	43200	1	1900	2	43200	1800
S010_DAY2_MINITWICE_3332	123	Picture	RW	6656124	0	1	43199	3	0	43200
S010_DAY2_MINITWICE_3332	123	Pulse	99	6677404	21280	NA
S010_DAY2_MINITWICE_3332	123	Port Input	1	6677404	21280	NA
S010_DAY2_MINITWICE_3332	123	Response	51	6680613	24489	1
S010_DAY2_MINITWICE_3332	123	Picture	117_T_RWTRIAD_RW_telarana_red.png	6699323	43199	2	1900	4	43200	1800
S010_DAY2_MINITWICE_3332	124	Picture	RW	6701423	0	2	43200	3	0	43200
S010_DAY2_MINITWICE_3332	124	Pulse	99	6713405	11982	NA
S010_DAY2_MINITWICE_3332	124	Port Input	1	6713405	11982	NA
S010_DAY2_MINITWICE_3332	124	Response	52	6719945	18522	2
S010_DAY2_MINITWICE_3332	124	Picture	118_T_RWTRIAD_RW_martillo_red.png	6744623	43200	1	1900	2	43200	1800
S010_DAY2_MINITWICE_3332	125	Picture	RW	6746923	0	1	43099	3	0	43200
S010_DAY2_MINITWICE_3332	125	Pulse	99	6749406	2483	NA
S010_DAY2_MINITWICE_3332	125	Port Input	1	6749406	2483	NA
S010_DAY2_MINITWICE_3332	125	Pulse	99	6785407	38484	NA
S010_DAY2_MINITWICE_3332	125	Port Input	1	6785407	38484	NA
S010_DAY2_MINITWICE_3332	125	Picture	119_T_RWTRIAD_RW_granjero_red.png	6790022	43099	2	1900	4	43200	1800
S010_DAY2_MINITWICE_3332	126	Picture	RW	6792322	0	2	43200	3	0	43200
S010_DAY2_MINITWICE_3332	126	Pulse	99	6821407	29085	NA
S010_DAY2_MINITWICE_3332	126	Port Input	1	6821407	29085	NA
S010_DAY2_MINITWICE_3332	126	Response	51	6828905	36583	1
S010_DAY2_MINITWICE_3332	126	Picture	120_T_RWTRIAD_RW_candado_red.png	6835522	43200	1	1900	2	43200	1800
S010_DAY2_MINITWICE_3332	127	Picture	rest	6837522	0	1	144098	2	0	144000
S010_DAY2_MINITWICE_3332	127	Pulse	99	6857408	19886	NA
S010_DAY2_MINITWICE_3332	127	Port Input	1	6857408	19886	NA
S010_DAY2_MINITWICE_3332	127	Pulse	99	6893409	55887	NA
S010_DAY2_MINITWICE_3332	127	Port Input	1	6893409	55887	NA
S010_DAY2_MINITWICE_3332	127	Pulse	99	6929410	91888	NA
S010_DAY2_MINITWICE_3332	127	Port Input	1	6929410	91888	NA
S010_DAY2_MINITWICE_3332	127	Pulse	99	6965411	127889	NA
S010_DAY2_MINITWICE_3332	127	Port Input	1	6965411	127889	NA
S010_DAY2_MINITWICE_3332	128	Picture	endrest	6981720	0	1	10100	2	0	10000
S010_DAY2_MINITWICE_3332	129	Picture	FF	6992220	0	1	43100	2	0	43200
S010_DAY2_MINITWICE_3332	129	Pulse	99	7001411	9191	NA
S010_DAY2_MINITWICE_3332	129	Port Input	1	7001411	9191	NA
S010_DAY2_MINITWICE_3332	129	Response	51	7005038	12818	2
S010_DAY2_MINITWICE_3332	129	Picture	123_T_FFTRIAD_FF_martillo_red.png	7035320	43100	1	1900	2	43200	1800
S010_DAY2_MINITWICE_3332	129	Pulse	99	7037412	45192	NA
S010_DAY2_MINITWICE_3332	129	Port Input	1	7037412	45192	NA
S010_DAY2_MINITWICE_3332	130	Picture	FF	7037520	0	1	43099	2	0	43200
S010_DAY2_MINITWICE_3332	130	Response	51	7049297	11777	1
S010_DAY2_MINITWICE_3332	130	Pulse	99	7073413	35893	NA
S010_DAY2_MINITWICE_3332	130	Port Input	1	7073413	35893	NA
S010_DAY2_MINITWICE_3332	130	Picture	124_T_FFTRIAD_FF_sapo_red.png	7080619	43099	1	1900	2	43200	1800
S010_DAY2_MINITWICE_3332	131	Picture	FF	7082819	0	1	43100	2	0	43200
S010_DAY2_MINITWICE_3332	131	Response	52	7108795	25976	1
S010_DAY2_MINITWICE_3332	131	Pulse	99	7109414	26595	NA
S010_DAY2_MINITWICE_3332	131	Port Input	1	7109414	26595	NA
S010_DAY2_MINITWICE_3332	131	Picture	125_T_FFTRIAD_FF_molino_red.png	7125919	43100	1	1900	2	43200	1800
S010_DAY2_MINITWICE_3332	132	Picture	FF	7128219	0	1	43199	2	0	43200
S010_DAY2_MINITWICE_3332	132	Response	51	7144003	15784	1
S010_DAY2_MINITWICE_3332	132	Pulse	99	7145415	17196	NA
S010_DAY2_MINITWICE_3332	132	Port Input	1	7145415	17196	NA
S010_DAY2_MINITWICE_3332	132	Picture	126_T_FFTRIAD_FF_huevos_red.png	7171418	43199	1	1900	2	43200	1800
S010_DAY2_MINITWICE_3332	133	Picture	FF	7173718	0	1	43200	2	0	43200
S010_DAY2_MINITWICE_3332	133	Pulse	99	7181416	7698	NA
S010_DAY2_MINITWICE_3332	133	Port Input	1	7181416	7698	NA
S010_DAY2_MINITWICE_3332	133	Response	51	7184467	10749	1
S010_DAY2_MINITWICE_3332	133	Picture	127_T_FFTRIAD_FF_cuento_red.png	7216918	43200	1	1900	2	43200	1800
S010_DAY2_MINITWICE_3332	133	Pulse	99	7217416	43698	NA
S010_DAY2_MINITWICE_3332	133	Port Input	1	7217416	43698	NA
S010_DAY2_MINITWICE_3332	134	Picture	FF	7219118	0	1	43199	2	0	43200
S010_DAY2_MINITWICE_3332	134	Response	51	7233428	14310	1
S010_DAY2_MINITWICE_3332	134	Pulse	99	7253417	34299	NA
S010_DAY2_MINITWICE_3332	134	Port Input	1	7253417	34299	NA
S010_DAY2_MINITWICE_3332	134	Picture	128_T_FFTRIAD_FF_traje_red.png	7262317	43199	1	1900	2	43200	1800
S010_DAY2_MINITWICE_3332	135	Picture	FF	7264417	0	1	43200	2	0	43200
S010_DAY2_MINITWICE_3332	135	Pulse	99	7289418	25001	NA
S010_DAY2_MINITWICE_3332	135	Port Input	1	7289418	25001	NA
S010_DAY2_MINITWICE_3332	135	Response	51	7289694	25277	1
S010_DAY2_MINITWICE_3332	135	Picture	129_T_FFTRIAD_FF_television_red.png	7307617	43200	1	1899	3	43200	1800
S010_DAY2_MINITWICE_3332	136	Picture	FF	7309917	0	1	43199	2	0	43200
S010_DAY2_MINITWICE_3332	136	Response	51	7321284	11367	1
S010_DAY2_MINITWICE_3332	136	Pulse	99	7325419	15502	NA
S010_DAY2_MINITWICE_3332	136	Port Input	1	7325419	15502	NA
S010_DAY2_MINITWICE_3332	136	Picture	130_T_FFTRIAD_FF_grifo_red.png	7353116	43199	1	1900	2	43200	1800
S010_DAY2_MINITWICE_3332	137	Picture	rest	7355116	0	1	144098	3	0	144000
S010_DAY2_MINITWICE_3332	137	Pulse	99	7361420	6304	NA
S010_DAY2_MINITWICE_3332	137	Port Input	1	7361420	6304	NA
S010_DAY2_MINITWICE_3332	137	Pulse	99	7397420	42304	NA
S010_DAY2_MINITWICE_3332	137	Port Input	1	7397420	42304	NA
S010_DAY2_MINITWICE_3332	137	Pulse	99	7433421	78305	NA
S010_DAY2_MINITWICE_3332	137	Port Input	1	7433421	78305	NA
S010_DAY2_MINITWICE_3332	137	Pulse	99	7469422	114306	NA
S010_DAY2_MINITWICE_3332	137	Port Input	1	7469422	114306	NA
S010_DAY2_MINITWICE_3332	138	Picture	endrest	7499314	0	1	10100	2	0	10000
S010_DAY2_MINITWICE_3332	138	Pulse	99	7505423	6109	NA
S010_DAY2_MINITWICE_3332	138	Port Input	1	7505423	6109	NA
S010_DAY2_MINITWICE_3332	139	Picture	PW	7509814	0	1	43100	2	0	43200
S010_DAY2_MINITWICE_3332	139	Response	52	7533609	23795	1
S010_DAY2_MINITWICE_3332	139	Pulse	99	7541424	31610	NA
S010_DAY2_MINITWICE_3332	139	Port Input	1	7541424	31610	NA
S010_DAY2_MINITWICE_3332	139	Picture	133_T_PWTRIAD_PW_lenador_red.png	7552914	43100	1	1900	2	43200	1800
S010_DAY2_MINITWICE_3332	140	Picture	PW	7555114	0	1	43199	2	0	43200
S010_DAY2_MINITWICE_3332	140	Response	52	7576275	21161	1
S010_DAY2_MINITWICE_3332	140	Pulse	99	7577425	22311	NA
S010_DAY2_MINITWICE_3332	140	Port Input	1	7577425	22311	NA
S010_DAY2_MINITWICE_3332	140	Picture	134_T_PWTRIAD_PW_esquimal_red.png	7598313	43199	1	1900	2	43200	1800
S010_DAY2_MINITWICE_3332	141	Picture	PW	7600613	0	1	43100	2	0	43200
S010_DAY2_MINITWICE_3332	141	Pulse	99	7613425	12812	NA
S010_DAY2_MINITWICE_3332	141	Port Input	1	7613425	12812	NA
S010_DAY2_MINITWICE_3332	141	Response	51	7618135	17522	1
S010_DAY2_MINITWICE_3332	141	Picture	135_T_PWTRIAD_PW_arco_red.png	7643713	43100	1	1900	2	43200	1800
S010_DAY2_MINITWICE_3332	142	Picture	PW	7646013	0	1	43099	2	0	43200
S010_DAY2_MINITWICE_3332	142	Pulse	99	7649426	3413	NA
S010_DAY2_MINITWICE_3332	142	Port Input	1	7649426	3413	NA
S010_DAY2_MINITWICE_3332	142	Response	52	7663007	16994	1
S010_DAY2_MINITWICE_3332	142	Pulse	99	7685427	39414	NA
S010_DAY2_MINITWICE_3332	142	Port Input	1	7685427	39414	NA
S010_DAY2_MINITWICE_3332	142	Picture	136_T_PWTRIAD_PW_sobre_red.png	7689112	43099	1	1900	2	43200	1800
S010_DAY2_MINITWICE_3332	143	Picture	rest	7691112	0	1	144099	2	0	144000
S010_DAY2_MINITWICE_3332	143	Pulse	99	7721428	30316	NA
S010_DAY2_MINITWICE_3332	143	Port Input	1	7721428	30316	NA
S010_DAY2_MINITWICE_3332	144	Picture	endrest	7835310	0	2	10100	4	0	10000
S010_DAY2_MINITWICE_3332	145	Picture	endrest	7845510	0	2	10100	3	0	10000
S010_DAY2_MINITWICE_3332	146	Picture	endrest	7855710	0	2	10100	3	0	10000
S010_DAY2_MINITWICE_3332	147	Picture	endrest	7865910	0	1	10100	2	0	10000
