Scenario - vOT_Triads_fMRI_II
Logfile written - 05/15/2015 13:13:05

Subject	Trial	Event Type	Code	Time	TTime	Uncertainty	Duration	Uncertainty	ReqTime	ReqDur

S010_DAY1_MINITWICE_3332	1	Pulse	99	715509	725247	NA
S010_DAY1_MINITWICE_3332	1	Port Input	1	715509	725247	NA
S010_DAY1_MINITWICE_3332	1	Pulse	99	751510	761248	NA
S010_DAY1_MINITWICE_3332	1	Port Input	1	751510	761248	NA
S010_DAY1_MINITWICE_3332	1	Pulse	99	787511	797249	NA
S010_DAY1_MINITWICE_3332	1	Port Input	1	787511	797249	NA
S010_DAY1_MINITWICE_3332	1	Pulse	99	823512	833250	NA
S010_DAY1_MINITWICE_3332	1	Port Input	1	823512	833250	NA
S010_DAY1_MINITWICE_3332	1	Pulse	99	859513	869251	NA
S010_DAY1_MINITWICE_3332	1	Port Input	1	859513	869251	NA
S010_DAY1_MINITWICE_3332	2	Picture	rest	859796	0	1	144099	2	0	144000
S010_DAY1_MINITWICE_3332	2	Pulse	99	895514	35718	NA
S010_DAY1_MINITWICE_3332	2	Port Input	1	895514	35718	NA
S010_DAY1_MINITWICE_3332	2	Pulse	99	931515	71719	NA
S010_DAY1_MINITWICE_3332	2	Port Input	1	931515	71719	NA
S010_DAY1_MINITWICE_3332	2	Pulse	99	967516	107720	NA
S010_DAY1_MINITWICE_3332	2	Port Input	1	967516	107720	NA
S010_DAY1_MINITWICE_3332	2	Pulse	99	1003517	143721	NA
S010_DAY1_MINITWICE_3332	2	Port Input	1	1003517	143721	NA
S010_DAY1_MINITWICE_3332	3	Picture	endrest	1003995	0	1	10100	2	0	10000
S010_DAY1_MINITWICE_3332	4	Picture	FF	1014295	0	1	43200	2	0	43200
S010_DAY1_MINITWICE_3332	4	Pulse	99	1039518	25223	NA
S010_DAY1_MINITWICE_3332	4	Port Input	1	1039518	25223	NA
S010_DAY1_MINITWICE_3332	4	Response	52	1046208	31913	1
S010_DAY1_MINITWICE_3332	4	Picture	3_T_FFTRIAD_FF_monja_red.png	1057495	43200	1	1900	2	43200	1800
S010_DAY1_MINITWICE_3332	5	Picture	FF	1059595	0	1	43200	2	0	43200
S010_DAY1_MINITWICE_3332	5	Response	51	1070164	10569	1
S010_DAY1_MINITWICE_3332	5	Pulse	99	1075520	15925	NA
S010_DAY1_MINITWICE_3332	5	Port Input	1	1075520	15925	NA
S010_DAY1_MINITWICE_3332	5	Picture	4_T_FFTRIAD_FF_candado_red.png	1102795	43200	1	1900	2	43200	1800
S010_DAY1_MINITWICE_3332	6	Picture	FF	1104895	0	1	43200	2	0	43200
S010_DAY1_MINITWICE_3332	6	Pulse	99	1111521	6626	NA
S010_DAY1_MINITWICE_3332	6	Port Input	1	1111521	6626	NA
S010_DAY1_MINITWICE_3332	6	Response	51	1129120	24225	1
S010_DAY1_MINITWICE_3332	6	Pulse	99	1147522	42627	NA
S010_DAY1_MINITWICE_3332	6	Port Input	1	1147522	42627	NA
S010_DAY1_MINITWICE_3332	6	Picture	5_T_FFTRIAD_FF_cortina_red.png	1148095	43200	1	1900	2	43200	1800
S010_DAY1_MINITWICE_3332	7	Picture	FF	1150195	0	1	43200	2	0	43200
S010_DAY1_MINITWICE_3332	7	Response	51	1161974	11779	1
S010_DAY1_MINITWICE_3332	7	Pulse	99	1183523	33328	NA
S010_DAY1_MINITWICE_3332	7	Port Input	1	1183523	33328	NA
S010_DAY1_MINITWICE_3332	7	Picture	6_T_FFTRIAD_FF_futbol_red.png	1193395	43200	1	1899	3	43200	1800
S010_DAY1_MINITWICE_3332	8	Picture	RW	1195495	0	1	43199	2	0	43200
S010_DAY1_MINITWICE_3332	8	Response	52	1212149	16654	1
S010_DAY1_MINITWICE_3332	8	Pulse	99	1219524	24029	NA
S010_DAY1_MINITWICE_3332	8	Port Input	1	1219524	24029	NA
S010_DAY1_MINITWICE_3332	8	Picture	7_T_RWTRIAD_RW_lechuga_red.png	1238694	43199	1	1900	2	43200	1800
S010_DAY1_MINITWICE_3332	9	Picture	RW	1240794	0	1	43200	2	0	43200
S010_DAY1_MINITWICE_3332	9	Pulse	99	1255525	14731	NA
S010_DAY1_MINITWICE_3332	9	Port Input	1	1255525	14731	NA
S010_DAY1_MINITWICE_3332	9	Response	52	1264127	23333	1
S010_DAY1_MINITWICE_3332	9	Picture	8_T_RWTRIAD_RW_lenador_red.png	1283994	43200	1	1900	2	43200	1800
S010_DAY1_MINITWICE_3332	10	Picture	RW	1286094	0	1	43200	2	0	43200
S010_DAY1_MINITWICE_3332	10	Pulse	99	1291526	5432	NA
S010_DAY1_MINITWICE_3332	10	Port Input	1	1291526	5432	NA
S010_DAY1_MINITWICE_3332	10	Response	52	1315090	28996	1
S010_DAY1_MINITWICE_3332	10	Pulse	99	1327527	41433	NA
S010_DAY1_MINITWICE_3332	10	Port Input	1	1327527	41433	NA
S010_DAY1_MINITWICE_3332	10	Picture	9_T_RWTRIAD_RW_sombrilla_red.png	1329294	43200	1	1900	2	43200	1800
S010_DAY1_MINITWICE_3332	11	Picture	RW	1331394	0	1	43200	2	0	43200
S010_DAY1_MINITWICE_3332	11	Pulse	99	1363528	32134	NA
S010_DAY1_MINITWICE_3332	11	Port Input	1	1363528	32134	NA
S010_DAY1_MINITWICE_3332	11	Response	51	1363571	32177	1
S010_DAY1_MINITWICE_3332	11	Picture	10_T_RWTRIAD_RW_lana_red.png	1374594	43200	1	1900	2	43200	1800
S010_DAY1_MINITWICE_3332	12	Picture	rest	1376594	0	1	144099	2	0	144000
S010_DAY1_MINITWICE_3332	12	Pulse	99	1399529	22935	NA
S010_DAY1_MINITWICE_3332	12	Port Input	1	1399529	22935	NA
S010_DAY1_MINITWICE_3332	12	Pulse	99	1435530	58936	NA
S010_DAY1_MINITWICE_3332	12	Port Input	1	1435530	58936	NA
S010_DAY1_MINITWICE_3332	12	Pulse	99	1471531	94937	NA
S010_DAY1_MINITWICE_3332	12	Port Input	1	1471531	94937	NA
S010_DAY1_MINITWICE_3332	12	Pulse	99	1507533	130939	NA
S010_DAY1_MINITWICE_3332	12	Port Input	1	1507533	130939	NA
S010_DAY1_MINITWICE_3332	13	Picture	endrest	1520793	0	1	10100	2	0	10000
S010_DAY1_MINITWICE_3332	14	Picture	FF	1531093	0	1	43200	2	0	43200
S010_DAY1_MINITWICE_3332	14	Pulse	99	1543534	12441	NA
S010_DAY1_MINITWICE_3332	14	Port Input	1	1543534	12441	NA
S010_DAY1_MINITWICE_3332	14	Response	52	1557223	26130	1
S010_DAY1_MINITWICE_3332	14	Picture	13_T_FFTRIAD_FF_pizarra_red.png	1574293	43200	1	1900	2	43200	1800
S010_DAY1_MINITWICE_3332	15	Picture	FF	1576493	0	1	43100	2	0	43200
S010_DAY1_MINITWICE_3332	15	Pulse	99	1579535	3042	NA
S010_DAY1_MINITWICE_3332	15	Port Input	1	1579535	3042	NA
S010_DAY1_MINITWICE_3332	15	Response	51	1601467	24974	1
S010_DAY1_MINITWICE_3332	15	Pulse	99	1615536	39043	NA
S010_DAY1_MINITWICE_3332	15	Port Input	1	1615536	39043	NA
S010_DAY1_MINITWICE_3332	15	Picture	14_T_FFTRIAD_FF_llave_red.png	1619593	43100	1	1900	2	43200	1800
S010_DAY1_MINITWICE_3332	16	Picture	FF	1621693	0	1	43200	2	0	43200
S010_DAY1_MINITWICE_3332	16	Response	52	1637179	15486	1
S010_DAY1_MINITWICE_3332	16	Pulse	99	1651537	29844	NA
S010_DAY1_MINITWICE_3332	16	Port Input	1	1651537	29844	NA
S010_DAY1_MINITWICE_3332	16	Picture	15_T_FFTRIAD_FF_bala_red.png	1664893	43200	1	1900	2	43200	1800
S010_DAY1_MINITWICE_3332	17	Picture	FF	1666993	0	1	43199	3	0	43200
S010_DAY1_MINITWICE_3332	17	Response	52	1683975	16982	1
S010_DAY1_MINITWICE_3332	17	Pulse	99	1687538	20545	NA
S010_DAY1_MINITWICE_3332	17	Port Input	1	1687538	20545	NA
S010_DAY1_MINITWICE_3332	17	Picture	16_T_FFTRIAD_FF_telefono_red.png	1710192	43199	2	1900	4	43200	1800
S010_DAY1_MINITWICE_3332	18	Picture	FF	1712292	0	2	43200	3	0	43200
S010_DAY1_MINITWICE_3332	18	Pulse	99	1723539	11247	NA
S010_DAY1_MINITWICE_3332	18	Port Input	1	1723539	11247	NA
S010_DAY1_MINITWICE_3332	18	Response	51	1745198	32906	1
S010_DAY1_MINITWICE_3332	18	Picture	17_T_FFTRIAD_FF_oruga_red.png	1755492	43200	1	1900	2	43200	1800
S010_DAY1_MINITWICE_3332	19	Picture	FF	1757592	0	1	43200	2	0	43200
S010_DAY1_MINITWICE_3332	19	Pulse	99	1759540	1948	NA
S010_DAY1_MINITWICE_3332	19	Port Input	1	1759540	1948	NA
S010_DAY1_MINITWICE_3332	19	Response	51	1778482	20890	1
S010_DAY1_MINITWICE_3332	19	Pulse	99	1795541	37949	NA
S010_DAY1_MINITWICE_3332	19	Port Input	1	1795541	37949	NA
S010_DAY1_MINITWICE_3332	19	Picture	18_T_FFTRIAD_FF_pincel_red.png	1800792	43200	1	1900	2	43200	1800
S010_DAY1_MINITWICE_3332	20	Picture	FF	1802892	0	1	43200	2	0	43200
S010_DAY1_MINITWICE_3332	20	Response	51	1819071	16179	1
S010_DAY1_MINITWICE_3332	20	Pulse	99	1831542	28650	NA
S010_DAY1_MINITWICE_3332	20	Port Input	1	1831542	28650	NA
S010_DAY1_MINITWICE_3332	20	Picture	19_T_FFTRIAD_FF_charco_red.png	1846092	43200	1	1900	2	43200	1800
S010_DAY1_MINITWICE_3332	21	Picture	FF	1848192	0	1	43200	2	0	43200
S010_DAY1_MINITWICE_3332	21	Pulse	99	1867543	19351	NA
S010_DAY1_MINITWICE_3332	21	Port Input	1	1867543	19351	NA
S010_DAY1_MINITWICE_3332	21	Response	52	1886175	37983	1
S010_DAY1_MINITWICE_3332	21	Picture	20_T_FFTRIAD_FF_destornillador_red.png	1891392	43200	1	1900	2	43200	1800
S010_DAY1_MINITWICE_3332	22	Picture	rest	1893392	0	1	144099	2	0	144000
S010_DAY1_MINITWICE_3332	22	Pulse	99	1903545	10153	NA
S010_DAY1_MINITWICE_3332	22	Port Input	1	1903545	10153	NA
S010_DAY1_MINITWICE_3332	22	Pulse	99	1939546	46154	NA
S010_DAY1_MINITWICE_3332	22	Port Input	1	1939546	46154	NA
S010_DAY1_MINITWICE_3332	22	Pulse	99	1975547	82155	NA
S010_DAY1_MINITWICE_3332	22	Port Input	1	1975547	82155	NA
S010_DAY1_MINITWICE_3332	22	Pulse	99	2011548	118156	NA
S010_DAY1_MINITWICE_3332	22	Port Input	1	2011548	118156	NA
S010_DAY1_MINITWICE_3332	23	Picture	endrest	2037591	0	1	10100	2	0	10000
S010_DAY1_MINITWICE_3332	23	Pulse	99	2047549	9958	NA
S010_DAY1_MINITWICE_3332	23	Port Input	1	2047549	9958	NA
S010_DAY1_MINITWICE_3332	24	Picture	RW	2047891	0	1	43200	2	0	43200
S010_DAY1_MINITWICE_3332	24	Response	51	2073470	25579	1
S010_DAY1_MINITWICE_3332	24	Pulse	99	2083550	35659	NA
S010_DAY1_MINITWICE_3332	24	Port Input	1	2083550	35659	NA
S010_DAY1_MINITWICE_3332	24	Picture	23_T_RWTRIAD_RW_iglu_red.png	2091091	43200	1	1900	2	43200	1800
S010_DAY1_MINITWICE_3332	25	Picture	RW	2093191	0	1	43200	2	0	43200
S010_DAY1_MINITWICE_3332	25	Response	52	2113178	19987	1
S010_DAY1_MINITWICE_3332	25	Pulse	99	2119551	26360	NA
S010_DAY1_MINITWICE_3332	25	Port Input	1	2119551	26360	NA
S010_DAY1_MINITWICE_3332	25	Picture	24_T_RWTRIAD_RW_queso_red.png	2136391	43200	1	1900	2	43200	1800
S010_DAY1_MINITWICE_3332	26	Picture	RW	2138490	0	2	43200	4	0	43200
S010_DAY1_MINITWICE_3332	26	Pulse	99	2155552	17062	NA
S010_DAY1_MINITWICE_3332	26	Port Input	1	2155552	17062	NA
S010_DAY1_MINITWICE_3332	26	Picture	25_T_RWTRIAD_RW_cerillas_red.png	2181690	43200	2	1900	4	43200	1800
S010_DAY1_MINITWICE_3332	26	Response	51	2183275	44785	2
S010_DAY1_MINITWICE_3332	27	Picture	RW	2183790	0	2	43200	3	0	43200
S010_DAY1_MINITWICE_3332	27	Pulse	99	2191553	7763	NA
S010_DAY1_MINITWICE_3332	27	Port Input	1	2191553	7763	NA
S010_DAY1_MINITWICE_3332	27	Response	52	2211281	27491	1
S010_DAY1_MINITWICE_3332	27	Picture	26_T_RWTRIAD_RW_oruga_red.png	2226990	43200	1	1900	3	43200	1800
S010_DAY1_MINITWICE_3332	27	Pulse	99	2227554	43764	NA
S010_DAY1_MINITWICE_3332	27	Port Input	1	2227554	43764	NA
S010_DAY1_MINITWICE_3332	28	Picture	PW	2229090	0	2	43200	3	0	43200
S010_DAY1_MINITWICE_3332	28	Pulse	99	2263556	34466	NA
S010_DAY1_MINITWICE_3332	28	Port Input	1	2263556	34466	NA
S010_DAY1_MINITWICE_3332	28	Response	51	2272247	43157	1
S010_DAY1_MINITWICE_3332	28	Picture	27_T_PWTRIAD_PW_martillo_red.png	2272290	43200	1	1900	2	43200	1800
S010_DAY1_MINITWICE_3332	29	Picture	PW	2274390	0	1	43200	2	0	43200
S010_DAY1_MINITWICE_3332	29	Response	52	2296779	22389	2
S010_DAY1_MINITWICE_3332	29	Pulse	99	2299556	25166	NA
S010_DAY1_MINITWICE_3332	29	Port Input	1	2299556	25166	NA
S010_DAY1_MINITWICE_3332	29	Picture	28_T_PWTRIAD_PW_pincel_red.png	2317590	43200	1	1900	2	43200	1800
S010_DAY1_MINITWICE_3332	30	Picture	PW	2319690	0	1	43200	2	0	43200
S010_DAY1_MINITWICE_3332	30	Pulse	99	2335558	15868	NA
S010_DAY1_MINITWICE_3332	30	Port Input	1	2335558	15868	NA
S010_DAY1_MINITWICE_3332	30	Response	51	2341937	22247	1
S010_DAY1_MINITWICE_3332	30	Picture	29_T_PWTRIAD_PW_candado_red.png	2362890	43200	1	1900	2	43200	1800
S010_DAY1_MINITWICE_3332	31	Picture	PW	2364990	0	1	43200	2	0	43200
S010_DAY1_MINITWICE_3332	31	Pulse	99	2371559	6569	NA
S010_DAY1_MINITWICE_3332	31	Port Input	1	2371559	6569	NA
S010_DAY1_MINITWICE_3332	31	Pulse	99	2407560	42570	NA
S010_DAY1_MINITWICE_3332	31	Port Input	1	2407560	42570	NA
S010_DAY1_MINITWICE_3332	31	Picture	30_T_PWTRIAD_PW_violin_red.png	2408190	43200	1	1900	2	43200	1800
S010_DAY1_MINITWICE_3332	31	Response	52	2410159	45169	3
S010_DAY1_MINITWICE_3332	32	Picture	rest	2410190	0	1	144099	2	0	144000
S010_DAY1_MINITWICE_3332	32	Pulse	99	2443561	33371	NA
S010_DAY1_MINITWICE_3332	32	Port Input	1	2443561	33371	NA
S010_DAY1_MINITWICE_3332	32	Pulse	99	2479562	69372	NA
S010_DAY1_MINITWICE_3332	32	Port Input	1	2479562	69372	NA
S010_DAY1_MINITWICE_3332	32	Pulse	99	2515563	105373	NA
S010_DAY1_MINITWICE_3332	32	Port Input	1	2515563	105373	NA
S010_DAY1_MINITWICE_3332	32	Pulse	99	2551564	141374	NA
S010_DAY1_MINITWICE_3332	32	Port Input	1	2551564	141374	NA
S010_DAY1_MINITWICE_3332	33	Picture	endrest	2554389	0	1	10100	2	0	10000
S010_DAY1_MINITWICE_3332	34	Picture	RW	2564689	0	1	43200	2	0	43200
S010_DAY1_MINITWICE_3332	34	Pulse	99	2587565	22876	NA
S010_DAY1_MINITWICE_3332	34	Port Input	1	2587565	22876	NA
S010_DAY1_MINITWICE_3332	34	Response	52	2603907	39218	1
S010_DAY1_MINITWICE_3332	34	Picture	33_T_RWTRIAD_RW_sobre_red.png	2607889	43200	1	1900	2	43200	1800
S010_DAY1_MINITWICE_3332	35	Picture	RW	2609989	0	1	43200	2	0	43200
S010_DAY1_MINITWICE_3332	35	Pulse	99	2623566	13577	NA
S010_DAY1_MINITWICE_3332	35	Port Input	1	2623566	13577	NA
S010_DAY1_MINITWICE_3332	35	Response	51	2630364	20375	1
S010_DAY1_MINITWICE_3332	35	Picture	34_T_RWTRIAD_RW_portatil_red.png	2653189	43200	1	1900	2	43200	1800
S010_DAY1_MINITWICE_3332	36	Picture	RW	2655289	0	1	43199	3	0	43200
S010_DAY1_MINITWICE_3332	36	Pulse	99	2659567	4278	NA
S010_DAY1_MINITWICE_3332	36	Port Input	1	2659567	4278	NA
S010_DAY1_MINITWICE_3332	36	Response	51	2688548	33259	1
S010_DAY1_MINITWICE_3332	36	Pulse	99	2695569	40280	NA
S010_DAY1_MINITWICE_3332	36	Port Input	1	2695569	40280	NA
S010_DAY1_MINITWICE_3332	36	Picture	35_T_RWTRIAD_RW_almohada_red.png	2698488	43199	2	1901	3	43200	1800
S010_DAY1_MINITWICE_3332	37	Picture	RW	2700588	0	2	43200	3	0	43200
S010_DAY1_MINITWICE_3332	37	Response	51	2718902	18314	1
S010_DAY1_MINITWICE_3332	37	Pulse	99	2731570	30982	NA
S010_DAY1_MINITWICE_3332	37	Port Input	1	2731570	30982	NA
S010_DAY1_MINITWICE_3332	37	Picture	36_T_RWTRIAD_RW_grifo_red.png	2743788	43200	1	1900	2	43200	1800
S010_DAY1_MINITWICE_3332	38	Picture	FF	2745888	0	1	43200	2	0	43200
S010_DAY1_MINITWICE_3332	38	Response	52	2764901	19013	1
S010_DAY1_MINITWICE_3332	38	Pulse	99	2767571	21683	NA
S010_DAY1_MINITWICE_3332	38	Port Input	1	2767571	21683	NA
S010_DAY1_MINITWICE_3332	38	Picture	37_T_FFTRIAD_FF_gafas_red.png	2789088	43200	1	1900	2	43200	1800
S010_DAY1_MINITWICE_3332	39	Picture	FF	2791188	0	1	43200	2	0	43200
S010_DAY1_MINITWICE_3332	39	Pulse	99	2803572	12384	NA
S010_DAY1_MINITWICE_3332	39	Port Input	1	2803572	12384	NA
S010_DAY1_MINITWICE_3332	39	Response	51	2808524	17336	1
S010_DAY1_MINITWICE_3332	39	Picture	38_T_FFTRIAD_FF_agua_red.png	2834388	43200	1	1900	2	43200	1800
S010_DAY1_MINITWICE_3332	40	Picture	FF	2836488	0	1	43200	2	0	43200
S010_DAY1_MINITWICE_3332	40	Pulse	99	2839573	3085	NA
S010_DAY1_MINITWICE_3332	40	Port Input	1	2839573	3085	NA
S010_DAY1_MINITWICE_3332	40	Response	52	2850638	14150	2
S010_DAY1_MINITWICE_3332	40	Pulse	99	2875574	39086	NA
S010_DAY1_MINITWICE_3332	40	Port Input	1	2875574	39086	NA
S010_DAY1_MINITWICE_3332	40	Picture	39_T_FFTRIAD_FF_queso_red.png	2879688	43200	1	1900	2	43200	1800
S010_DAY1_MINITWICE_3332	41	Picture	FF	2881788	0	1	43200	2	0	43200
S010_DAY1_MINITWICE_3332	41	Response	52	2899174	17386	1
S010_DAY1_MINITWICE_3332	41	Pulse	99	2911575	29787	NA
S010_DAY1_MINITWICE_3332	41	Port Input	1	2911575	29787	NA
S010_DAY1_MINITWICE_3332	41	Picture	40_T_FFTRIAD_FF_botella_red.png	2924988	43200	1	1900	2	43200	1800
S010_DAY1_MINITWICE_3332	42	Picture	rest	2926988	0	1	144099	2	0	144000
S010_DAY1_MINITWICE_3332	42	Pulse	99	2947576	20588	NA
S010_DAY1_MINITWICE_3332	42	Port Input	1	2947576	20588	NA
S010_DAY1_MINITWICE_3332	42	Pulse	99	2983577	56589	NA
S010_DAY1_MINITWICE_3332	42	Port Input	1	2983577	56589	NA
S010_DAY1_MINITWICE_3332	42	Pulse	99	3019578	92590	NA
S010_DAY1_MINITWICE_3332	42	Port Input	1	3019578	92590	NA
S010_DAY1_MINITWICE_3332	42	Pulse	99	3055579	128591	NA
S010_DAY1_MINITWICE_3332	42	Port Input	1	3055579	128591	NA
S010_DAY1_MINITWICE_3332	43	Picture	endrest	3071187	0	1	10100	2	0	10000
S010_DAY1_MINITWICE_3332	44	Picture	RW	3081487	0	1	43200	2	0	43200
S010_DAY1_MINITWICE_3332	44	Pulse	99	3091581	10094	NA
S010_DAY1_MINITWICE_3332	44	Port Input	1	3091581	10094	NA
S010_DAY1_MINITWICE_3332	44	Response	52	3115921	34434	1
S010_DAY1_MINITWICE_3332	44	Picture	43_T_RWTRIAD_RW_grapadora_red.png	3124687	43200	1	1900	2	43200	1800
S010_DAY1_MINITWICE_3332	45	Picture	RW	3126787	0	1	43200	2	0	43200
S010_DAY1_MINITWICE_3332	45	Pulse	99	3127582	795	NA
S010_DAY1_MINITWICE_3332	45	Port Input	1	3127582	795	NA
S010_DAY1_MINITWICE_3332	45	Response	51	3152632	25845	2
S010_DAY1_MINITWICE_3332	45	Response	52	3158087	31300	2
S010_DAY1_MINITWICE_3332	45	Pulse	99	3163583	36796	NA
S010_DAY1_MINITWICE_3332	45	Port Input	1	3163583	36796	NA
S010_DAY1_MINITWICE_3332	45	Picture	44_T_RWTRIAD_RW_cuento_red.png	3169987	43200	1	1900	2	43200	1800
S010_DAY1_MINITWICE_3332	46	Picture	RW	3172087	0	1	43199	3	0	43200
S010_DAY1_MINITWICE_3332	46	Response	52	3196315	24228	1
S010_DAY1_MINITWICE_3332	46	Pulse	99	3199584	27497	NA
S010_DAY1_MINITWICE_3332	46	Port Input	1	3199584	27497	NA
S010_DAY1_MINITWICE_3332	46	Picture	45_T_RWTRIAD_RW_plato_red.png	3215286	43199	2	1900	4	43200	1800
S010_DAY1_MINITWICE_3332	47	Picture	RW	3217386	0	2	43200	3	0	43200
S010_DAY1_MINITWICE_3332	47	Pulse	99	3235585	18199	NA
S010_DAY1_MINITWICE_3332	47	Port Input	1	3235585	18199	NA
S010_DAY1_MINITWICE_3332	47	Response	52	3245623	28237	1
S010_DAY1_MINITWICE_3332	47	Picture	46_T_RWTRIAD_RW_gafas_red.png	3260586	43200	1	1900	2	43200	1800
S010_DAY1_MINITWICE_3332	48	Picture	FF	3262686	0	1	43200	2	0	43200
S010_DAY1_MINITWICE_3332	48	Pulse	99	3271586	8900	NA
S010_DAY1_MINITWICE_3332	48	Port Input	1	3271586	8900	NA
S010_DAY1_MINITWICE_3332	48	Response	51	3277878	15192	1
S010_DAY1_MINITWICE_3332	48	Picture	47_T_FFTRIAD_FF_lana_red.png	3305886	43200	1	1900	2	43200	1800
S010_DAY1_MINITWICE_3332	48	Pulse	99	3307587	44901	NA
S010_DAY1_MINITWICE_3332	48	Port Input	1	3307587	44901	NA
S010_DAY1_MINITWICE_3332	49	Picture	FF	3307986	0	1	43200	2	0	43200
S010_DAY1_MINITWICE_3332	49	Response	51	3321629	13643	1
S010_DAY1_MINITWICE_3332	49	Pulse	99	3343588	35602	NA
S010_DAY1_MINITWICE_3332	49	Port Input	1	3343588	35602	NA
S010_DAY1_MINITWICE_3332	49	Picture	48_T_FFTRIAD_FF_silla_red.png	3351186	43200	1	1900	2	43200	1800
S010_DAY1_MINITWICE_3332	50	Picture	FF	3353286	0	1	43200	2	0	43200
S010_DAY1_MINITWICE_3332	50	Response	51	3369494	16208	1
S010_DAY1_MINITWICE_3332	50	Pulse	99	3379589	26303	NA
S010_DAY1_MINITWICE_3332	50	Port Input	1	3379589	26303	NA
S010_DAY1_MINITWICE_3332	50	Picture	49_T_FFTRIAD_FF_sombrilla_red.png	3396486	43200	1	1900	2	43200	1800
S010_DAY1_MINITWICE_3332	51	Picture	FF	3398586	0	1	43199	3	0	43200
S010_DAY1_MINITWICE_3332	51	Pulse	99	3415590	17004	NA
S010_DAY1_MINITWICE_3332	51	Port Input	1	3415590	17004	NA
S010_DAY1_MINITWICE_3332	51	Response	52	3437396	38810	1
S010_DAY1_MINITWICE_3332	51	Picture	50_T_FFTRIAD_FF_esquimal_red.png	3441785	43199	2	1900	4	43200	1800
S010_DAY1_MINITWICE_3332	52	Picture	rest	3443785	0	2	144100	3	0	144000
S010_DAY1_MINITWICE_3332	52	Pulse	99	3451591	7806	NA
S010_DAY1_MINITWICE_3332	52	Port Input	1	3451591	7806	NA
S010_DAY1_MINITWICE_3332	52	Pulse	99	3487593	43808	NA
S010_DAY1_MINITWICE_3332	52	Port Input	1	3487593	43808	NA
S010_DAY1_MINITWICE_3332	52	Pulse	99	3523594	79809	NA
S010_DAY1_MINITWICE_3332	52	Port Input	1	3523594	79809	NA
S010_DAY1_MINITWICE_3332	52	Pulse	99	3559595	115810	NA
S010_DAY1_MINITWICE_3332	52	Port Input	1	3559595	115810	NA
S010_DAY1_MINITWICE_3332	53	Picture	endrest	3587985	0	1	10100	2	0	10000
S010_DAY1_MINITWICE_3332	53	Pulse	99	3595596	7611	NA
S010_DAY1_MINITWICE_3332	53	Port Input	1	3595596	7611	NA
S010_DAY1_MINITWICE_3332	54	Picture	PW	3598285	0	1	43200	2	0	43200
S010_DAY1_MINITWICE_3332	54	Response	52	3614710	16425	1
S010_DAY1_MINITWICE_3332	54	Pulse	99	3631597	33312	NA
S010_DAY1_MINITWICE_3332	54	Port Input	1	3631597	33312	NA
S010_DAY1_MINITWICE_3332	54	Picture	53_T_PWTRIAD_PW_dedal_red.png	3641485	43200	1	1900	2	43200	1800
S010_DAY1_MINITWICE_3332	55	Picture	PW	3643584	0	2	43201	3	0	43200
S010_DAY1_MINITWICE_3332	55	Pulse	99	3667598	24014	NA
S010_DAY1_MINITWICE_3332	55	Port Input	1	3667598	24014	NA
S010_DAY1_MINITWICE_3332	55	Response	52	3676318	32734	2
S010_DAY1_MINITWICE_3332	55	Picture	54_T_PWTRIAD_PW_raton_red.png	3686785	43201	1	1899	3	43200	1800
S010_DAY1_MINITWICE_3332	56	Picture	PW	3688870	0	30	43214	31	0	43200
S010_DAY1_MINITWICE_3332	56	Response	52	3701435	12565	1
S010_DAY1_MINITWICE_3332	56	Pulse	99	3703599	14729	NA
S010_DAY1_MINITWICE_3332	56	Port Input	1	3703599	14729	NA
S010_DAY1_MINITWICE_3332	56	Picture	55_T_PWTRIAD_PW_lana_red.png	3732084	43214	1	1900	2	43200	1800
S010_DAY1_MINITWICE_3332	57	Picture	PW	3734184	0	1	43200	2	0	43200
S010_DAY1_MINITWICE_3332	57	Pulse	99	3739600	5416	NA
S010_DAY1_MINITWICE_3332	57	Port Input	1	3739600	5416	NA
S010_DAY1_MINITWICE_3332	57	Response	52	3758280	24096	1
S010_DAY1_MINITWICE_3332	57	Pulse	99	3775601	41417	NA
S010_DAY1_MINITWICE_3332	57	Port Input	1	3775601	41417	NA
S010_DAY1_MINITWICE_3332	57	Picture	56_T_PWTRIAD_PW_telarana_red.png	3777384	43200	1	1900	2	43200	1800
S010_DAY1_MINITWICE_3332	58	Picture	FF	3779484	0	1	43200	2	0	43200
S010_DAY1_MINITWICE_3332	58	Response	51	3793428	13944	1
S010_DAY1_MINITWICE_3332	58	Pulse	99	3811602	32118	NA
S010_DAY1_MINITWICE_3332	58	Port Input	1	3811602	32118	NA
S010_DAY1_MINITWICE_3332	58	Picture	57_T_FFTRIAD_FF_perro_red.png	3822684	43200	1	1900	2	43200	1800
S010_DAY1_MINITWICE_3332	59	Picture	FF	3824784	0	1	43200	2	0	43200
S010_DAY1_MINITWICE_3332	59	Response	51	3834653	9869	1
S010_DAY1_MINITWICE_3332	59	Pulse	99	3847603	22819	NA
S010_DAY1_MINITWICE_3332	59	Port Input	1	3847603	22819	NA
S010_DAY1_MINITWICE_3332	59	Picture	58_T_FFTRIAD_FF_tenedor_red.png	3867984	43200	1	1900	2	43200	1800
S010_DAY1_MINITWICE_3332	60	Picture	FF	3870084	0	1	43200	2	0	43200
S010_DAY1_MINITWICE_3332	60	Response	52	3883386	13302	1
S010_DAY1_MINITWICE_3332	60	Pulse	99	3883605	13521	NA
S010_DAY1_MINITWICE_3332	60	Port Input	1	3883605	13521	NA
S010_DAY1_MINITWICE_3332	60	Picture	59_T_FFTRIAD_FF_mono_red.png	3913284	43200	1	1900	2	43200	1800
S010_DAY1_MINITWICE_3332	61	Picture	FF	3915384	0	1	43199	3	0	43200
S010_DAY1_MINITWICE_3332	61	Pulse	99	3919606	4222	NA
S010_DAY1_MINITWICE_3332	61	Port Input	1	3919606	4222	NA
S010_DAY1_MINITWICE_3332	61	Response	51	3927447	12063	1
S010_DAY1_MINITWICE_3332	61	Pulse	99	3955607	40223	NA
S010_DAY1_MINITWICE_3332	61	Port Input	1	3955607	40223	NA
S010_DAY1_MINITWICE_3332	61	Picture	60_T_FFTRIAD_FF_lenador_red.png	3958583	43199	2	1900	4	43200	1800
S010_DAY1_MINITWICE_3332	62	Picture	rest	3960583	0	2	144100	3	0	144000
S010_DAY1_MINITWICE_3332	62	Pulse	99	3991608	31025	NA
S010_DAY1_MINITWICE_3332	62	Port Input	1	3991608	31025	NA
S010_DAY1_MINITWICE_3332	62	Pulse	99	4027609	67026	NA
S010_DAY1_MINITWICE_3332	62	Port Input	1	4027609	67026	NA
S010_DAY1_MINITWICE_3332	62	Pulse	99	4063610	103027	NA
S010_DAY1_MINITWICE_3332	62	Port Input	1	4063610	103027	NA
S010_DAY1_MINITWICE_3332	62	Pulse	99	4099611	139028	NA
S010_DAY1_MINITWICE_3332	62	Port Input	1	4099611	139028	NA
S010_DAY1_MINITWICE_3332	63	Picture	endrest	4104783	0	1	10100	2	0	10000
S010_DAY1_MINITWICE_3332	64	Picture	PW	4115083	0	1	43200	2	0	43200
S010_DAY1_MINITWICE_3332	64	Pulse	99	4135612	20529	NA
S010_DAY1_MINITWICE_3332	64	Port Input	1	4135612	20529	NA
S010_DAY1_MINITWICE_3332	64	Response	52	4141817	26734	1
S010_DAY1_MINITWICE_3332	64	Picture	63_T_PWTRIAD_PW_almohada_red.png	4158283	43200	1	1900	2	43200	1800
S010_DAY1_MINITWICE_3332	65	Picture	PW	4160383	0	1	43199	3	0	43200
S010_DAY1_MINITWICE_3332	65	Pulse	99	4171613	11230	NA
S010_DAY1_MINITWICE_3332	65	Port Input	1	4171613	11230	NA
S010_DAY1_MINITWICE_3332	65	Response	52	4197233	36850	1
S010_DAY1_MINITWICE_3332	65	Picture	64_T_PWTRIAD_PW_cinturon_red.png	4203582	43199	2	1900	4	43200	1800
S010_DAY1_MINITWICE_3332	66	Picture	PW	4205682	0	2	43200	3	0	43200
S010_DAY1_MINITWICE_3332	66	Pulse	99	4207614	1932	NA
S010_DAY1_MINITWICE_3332	66	Port Input	1	4207614	1932	NA
S010_DAY1_MINITWICE_3332	66	Response	51	4237418	31736	2
S010_DAY1_MINITWICE_3332	66	Pulse	99	4243615	37933	NA
S010_DAY1_MINITWICE_3332	66	Port Input	1	4243615	37933	NA
S010_DAY1_MINITWICE_3332	66	Picture	65_T_PWTRIAD_PW_ancla_red.png	4248882	43200	1	1900	2	43200	1800
S010_DAY1_MINITWICE_3332	67	Picture	PW	4250982	0	1	43200	2	0	43200
S010_DAY1_MINITWICE_3332	67	Pulse	99	4279617	28635	NA
S010_DAY1_MINITWICE_3332	67	Port Input	1	4279617	28635	NA
S010_DAY1_MINITWICE_3332	67	Response	52	4290855	39873	1
S010_DAY1_MINITWICE_3332	67	Picture	66_T_PWTRIAD_PW_perro_red.png	4294182	43200	1	1900	2	43200	1800
S010_DAY1_MINITWICE_3332	68	Picture	PW	4296282	0	1	43200	2	0	43200
S010_DAY1_MINITWICE_3332	68	Pulse	99	4315618	19336	NA
S010_DAY1_MINITWICE_3332	68	Port Input	1	4315618	19336	NA
S010_DAY1_MINITWICE_3332	68	Response	52	4323943	27661	1
S010_DAY1_MINITWICE_3332	68	Picture	67_T_PWTRIAD_PW_bellota_red.png	4339482	43200	1	1900	2	43200	1800
S010_DAY1_MINITWICE_3332	69	Picture	PW	4341582	0	1	43200	2	0	43200
S010_DAY1_MINITWICE_3332	69	Pulse	99	4351619	10037	NA
S010_DAY1_MINITWICE_3332	69	Port Input	1	4351619	10037	NA
S010_DAY1_MINITWICE_3332	69	Response	51	4354070	12488	1
S010_DAY1_MINITWICE_3332	69	Picture	68_T_PWTRIAD_PW_traje_red.png	4384782	43200	1	1900	2	43200	1800
S010_DAY1_MINITWICE_3332	70	Picture	PW	4386882	0	1	43200	2	0	43200
S010_DAY1_MINITWICE_3332	70	Pulse	99	4387620	738	NA
S010_DAY1_MINITWICE_3332	70	Port Input	1	4387620	738	NA
S010_DAY1_MINITWICE_3332	70	Response	51	4400999	14117	2
S010_DAY1_MINITWICE_3332	70	Pulse	99	4423621	36739	NA
S010_DAY1_MINITWICE_3332	70	Port Input	1	4423621	36739	NA
S010_DAY1_MINITWICE_3332	70	Picture	69_T_PWTRIAD_PW_silla_red.png	4430082	43200	1	1900	2	43200	1800
S010_DAY1_MINITWICE_3332	71	Picture	PW	4432182	0	1	43199	2	0	43200
S010_DAY1_MINITWICE_3332	71	Response	52	4447751	15569	1
S010_DAY1_MINITWICE_3332	71	Pulse	99	4459622	27440	NA
S010_DAY1_MINITWICE_3332	71	Port Input	1	4459622	27440	NA
S010_DAY1_MINITWICE_3332	71	Picture	70_T_PWTRIAD_PW_carruaje_red.png	4475381	43199	1	1900	2	43200	1800
S010_DAY1_MINITWICE_3332	72	Picture	rest	4477381	0	1	144100	2	0	144000
S010_DAY1_MINITWICE_3332	72	Pulse	99	4495623	18242	NA
S010_DAY1_MINITWICE_3332	72	Port Input	1	4495623	18242	NA
S010_DAY1_MINITWICE_3332	72	Pulse	99	4531624	54243	NA
S010_DAY1_MINITWICE_3332	72	Port Input	1	4531624	54243	NA
S010_DAY1_MINITWICE_3332	72	Pulse	99	4567625	90244	NA
S010_DAY1_MINITWICE_3332	72	Port Input	1	4567625	90244	NA
S010_DAY1_MINITWICE_3332	72	Pulse	99	4603626	126245	NA
S010_DAY1_MINITWICE_3332	72	Port Input	1	4603626	126245	NA
S010_DAY1_MINITWICE_3332	73	Picture	endrest	4621581	0	1	10100	2	0	10000
S010_DAY1_MINITWICE_3332	74	Picture	PW	4631881	0	1	43200	2	0	43200
S010_DAY1_MINITWICE_3332	74	Pulse	99	4639628	7747	NA
S010_DAY1_MINITWICE_3332	74	Port Input	1	4639628	7747	NA
S010_DAY1_MINITWICE_3332	74	Response	51	4650490	18609	1
S010_DAY1_MINITWICE_3332	74	Picture	73_T_PWTRIAD_PW_granjero_red.png	4675081	43200	1	1900	2	43200	1800
S010_DAY1_MINITWICE_3332	74	Pulse	99	4675629	43748	NA
S010_DAY1_MINITWICE_3332	74	Port Input	1	4675629	43748	NA
S010_DAY1_MINITWICE_3332	75	Picture	PW	4677181	0	1	43199	2	0	43200
S010_DAY1_MINITWICE_3332	75	Response	52	4694586	17405	1
S010_DAY1_MINITWICE_3332	75	Pulse	99	4711630	34449	NA
S010_DAY1_MINITWICE_3332	75	Port Input	1	4711630	34449	NA
S010_DAY1_MINITWICE_3332	75	Picture	74_T_PWTRIAD_PW_bebe_red.png	4720380	43199	1	1900	2	43200	1800
S010_DAY1_MINITWICE_3332	76	Picture	PW	4722480	0	1	43200	2	0	43200
S010_DAY1_MINITWICE_3332	76	Response	51	4745072	22592	1
S010_DAY1_MINITWICE_3332	76	Pulse	99	4747631	25151	NA
S010_DAY1_MINITWICE_3332	76	Port Input	1	4747631	25151	NA
S010_DAY1_MINITWICE_3332	76	Picture	75_T_PWTRIAD_PW_huevos_red.png	4765680	43200	1	1900	2	43200	1800
S010_DAY1_MINITWICE_3332	77	Picture	PW	4767780	0	1	43200	2	0	43200
S010_DAY1_MINITWICE_3332	77	Pulse	99	4783632	15852	NA
S010_DAY1_MINITWICE_3332	77	Port Input	1	4783632	15852	NA
S010_DAY1_MINITWICE_3332	77	Response	51	4804488	36708	1
S010_DAY1_MINITWICE_3332	77	Picture	76_T_PWTRIAD_PW_grifo_red.png	4810980	43200	1	1900	2	43200	1800
S010_DAY1_MINITWICE_3332	78	Picture	RW	4813080	0	1	43200	2	0	43200
S010_DAY1_MINITWICE_3332	78	Pulse	99	4819633	6553	NA
S010_DAY1_MINITWICE_3332	78	Port Input	1	4819633	6553	NA
S010_DAY1_MINITWICE_3332	78	Response	52	4839316	26236	1
S010_DAY1_MINITWICE_3332	78	Pulse	99	4855634	42554	NA
S010_DAY1_MINITWICE_3332	78	Port Input	1	4855634	42554	NA
S010_DAY1_MINITWICE_3332	78	Picture	77_T_RWTRIAD_RW_leche_red.png	4856280	43200	1	1900	2	43200	1800
S010_DAY1_MINITWICE_3332	79	Picture	RW	4858380	0	1	43200	2	0	43200
S010_DAY1_MINITWICE_3332	79	Response	52	4870399	12019	1
S010_DAY1_MINITWICE_3332	79	Pulse	99	4891635	33255	NA
S010_DAY1_MINITWICE_3332	79	Port Input	1	4891635	33255	NA
S010_DAY1_MINITWICE_3332	79	Picture	78_T_RWTRIAD_RW_silla_red.png	4901580	43200	1	1900	2	43200	1800
S010_DAY1_MINITWICE_3332	80	Picture	RW	4903680	0	1	43199	3	0	43200
S010_DAY1_MINITWICE_3332	80	Pulse	99	4927636	23956	NA
S010_DAY1_MINITWICE_3332	80	Port Input	1	4927636	23956	NA
S010_DAY1_MINITWICE_3332	80	Response	52	4929751	26071	1
S010_DAY1_MINITWICE_3332	80	Picture	79_T_RWTRIAD_RW_mono_red.png	4946879	43199	2	1900	4	43200	1800
S010_DAY1_MINITWICE_3332	81	Picture	RW	4948979	0	2	43200	3	0	43200
S010_DAY1_MINITWICE_3332	81	Pulse	99	4963637	14658	NA
S010_DAY1_MINITWICE_3332	81	Port Input	1	4963637	14658	NA
S010_DAY1_MINITWICE_3332	81	Response	51	4968126	19147	2
S010_DAY1_MINITWICE_3332	81	Picture	80_T_RWTRIAD_RW_chupete_red.png	4992179	43200	1	1900	2	43200	1800
S010_DAY1_MINITWICE_3332	82	Picture	rest	4994179	0	1	144100	2	0	144000
S010_DAY1_MINITWICE_3332	82	Pulse	99	4999638	5459	NA
S010_DAY1_MINITWICE_3332	82	Port Input	1	4999638	5459	NA
S010_DAY1_MINITWICE_3332	82	Pulse	99	5035639	41460	NA
S010_DAY1_MINITWICE_3332	82	Port Input	1	5035639	41460	NA
S010_DAY1_MINITWICE_3332	82	Pulse	99	5071641	77462	NA
S010_DAY1_MINITWICE_3332	82	Port Input	1	5071641	77462	NA
S010_DAY1_MINITWICE_3332	82	Pulse	99	5107642	113463	NA
S010_DAY1_MINITWICE_3332	82	Port Input	1	5107642	113463	NA
S010_DAY1_MINITWICE_3332	83	Picture	endrest	5138379	0	1	10100	2	0	10000
S010_DAY1_MINITWICE_3332	83	Pulse	99	5143643	5264	NA
S010_DAY1_MINITWICE_3332	83	Port Input	1	5143643	5264	NA
S010_DAY1_MINITWICE_3332	84	Picture	FF	5148679	0	1	43199	3	0	43200
S010_DAY1_MINITWICE_3332	84	Response	51	5172268	23589	1
S010_DAY1_MINITWICE_3332	84	Pulse	99	5179644	30965	NA
S010_DAY1_MINITWICE_3332	84	Port Input	1	5179644	30965	NA
S010_DAY1_MINITWICE_3332	84	Picture	83_T_FFTRIAD_FF_ascensor_red.png	5191878	43199	2	1900	4	43200	1800
S010_DAY1_MINITWICE_3332	85	Picture	FF	5193978	0	2	43200	3	0	43200
S010_DAY1_MINITWICE_3332	85	Pulse	99	5215645	21667	NA
S010_DAY1_MINITWICE_3332	85	Port Input	1	5215645	21667	NA
S010_DAY1_MINITWICE_3332	85	Response	52	5217254	23276	1
S010_DAY1_MINITWICE_3332	85	Picture	84_T_FFTRIAD_FF_banera_red.png	5237178	43200	1	1900	3	43200	1800
S010_DAY1_MINITWICE_3332	86	Picture	FF	5239278	0	2	43200	4	0	43200
S010_DAY1_MINITWICE_3332	86	Pulse	99	5251646	12368	NA
S010_DAY1_MINITWICE_3332	86	Port Input	1	5251646	12368	NA
S010_DAY1_MINITWICE_3332	86	Response	52	5252115	12837	1
S010_DAY1_MINITWICE_3332	86	Picture	85_T_FFTRIAD_FF_almohada_red.png	5282478	43200	2	1900	3	43200	1800
S010_DAY1_MINITWICE_3332	87	Picture	FF	5284578	0	1	43200	2	0	43200
S010_DAY1_MINITWICE_3332	87	Pulse	99	5287647	3069	NA
S010_DAY1_MINITWICE_3332	87	Port Input	1	5287647	3069	NA
S010_DAY1_MINITWICE_3332	87	Response	51	5296377	11799	1
S010_DAY1_MINITWICE_3332	87	Pulse	99	5323648	39070	NA
S010_DAY1_MINITWICE_3332	87	Port Input	1	5323648	39070	NA
S010_DAY1_MINITWICE_3332	87	Picture	86_T_FFTRIAD_FF_portatil_red.png	5327778	43200	1	1900	2	43200	1800
S010_DAY1_MINITWICE_3332	88	Picture	RW	5329878	0	1	43199	3	0	43200
S010_DAY1_MINITWICE_3332	88	Pulse	99	5359649	29771	NA
S010_DAY1_MINITWICE_3332	88	Port Input	1	5359649	29771	NA
S010_DAY1_MINITWICE_3332	88	Response	52	5360358	30480	1
S010_DAY1_MINITWICE_3332	88	Picture	87_T_RWTRIAD_RW_cinturon_red.png	5373077	43199	2	1900	4	43200	1800
S010_DAY1_MINITWICE_3332	89	Picture	RW	5375178	0	1	43200	2	0	43200
S010_DAY1_MINITWICE_3332	89	Pulse	99	5395650	20472	NA
S010_DAY1_MINITWICE_3332	89	Port Input	1	5395650	20472	NA
S010_DAY1_MINITWICE_3332	89	Response	51	5407914	32736	2
S010_DAY1_MINITWICE_3332	89	Picture	88_T_RWTRIAD_RW_zanahoria_red.png	5418378	43200	1	1900	2	43200	1800
S010_DAY1_MINITWICE_3332	90	Picture	RW	5420478	0	1	43199	2	0	43200
S010_DAY1_MINITWICE_3332	90	Pulse	99	5431651	11173	NA
S010_DAY1_MINITWICE_3332	90	Port Input	1	5431651	11173	NA
S010_DAY1_MINITWICE_3332	90	Response	52	5458101	37623	1
S010_DAY1_MINITWICE_3332	90	Picture	89_T_RWTRIAD_RW_murcielago_red.png	5463677	43199	1	1900	2	43200	1800
S010_DAY1_MINITWICE_3332	91	Picture	RW	5465777	0	1	43200	2	0	43200
S010_DAY1_MINITWICE_3332	91	Pulse	99	5467653	1876	NA
S010_DAY1_MINITWICE_3332	91	Port Input	1	5467653	1876	NA
S010_DAY1_MINITWICE_3332	91	Response	52	5484875	19098	1
S010_DAY1_MINITWICE_3332	91	Pulse	99	5503654	37877	NA
S010_DAY1_MINITWICE_3332	91	Port Input	1	5503654	37877	NA
S010_DAY1_MINITWICE_3332	91	Picture	90_T_RWTRIAD_RW_monja_red.png	5508977	43200	1	1900	2	43200	1800
S010_DAY1_MINITWICE_3332	92	Picture	rest	5510977	0	1	144100	2	0	144000
S010_DAY1_MINITWICE_3332	92	Pulse	99	5539655	28678	NA
S010_DAY1_MINITWICE_3332	92	Port Input	1	5539655	28678	NA
S010_DAY1_MINITWICE_3332	92	Pulse	99	5575656	64679	NA
S010_DAY1_MINITWICE_3332	92	Port Input	1	5575656	64679	NA
S010_DAY1_MINITWICE_3332	92	Pulse	99	5611657	100680	NA
S010_DAY1_MINITWICE_3332	92	Port Input	1	5611657	100680	NA
S010_DAY1_MINITWICE_3332	92	Pulse	99	5647658	136681	NA
S010_DAY1_MINITWICE_3332	92	Port Input	1	5647658	136681	NA
S010_DAY1_MINITWICE_3332	93	Picture	endrest	5655177	0	1	10100	2	0	10000
S010_DAY1_MINITWICE_3332	94	Picture	RW	5665471	0	41	43205	43	0	43200
S010_DAY1_MINITWICE_3332	94	Pulse	99	5683659	18188	NA
S010_DAY1_MINITWICE_3332	94	Port Input	1	5683659	18188	NA
S010_DAY1_MINITWICE_3332	94	Picture	93_T_RWTRIAD_RW_perro_red.png	5708676	43205	2	1900	3	43200	1800
S010_DAY1_MINITWICE_3332	95	Picture	RW	5710776	0	1	43200	2	0	43200
S010_DAY1_MINITWICE_3332	95	Pulse	99	5719660	8884	NA
S010_DAY1_MINITWICE_3332	95	Port Input	1	5719660	8884	NA
S010_DAY1_MINITWICE_3332	95	Response	51	5741178	30402	1
S010_DAY1_MINITWICE_3332	95	Picture	94_T_RWTRIAD_RW_policia_red.png	5753976	43200	1	1900	2	43200	1800
S010_DAY1_MINITWICE_3332	95	Pulse	99	5755661	44885	NA
S010_DAY1_MINITWICE_3332	95	Port Input	1	5755661	44885	NA
S010_DAY1_MINITWICE_3332	96	Picture	RW	5756076	0	1	43200	2	0	43200
S010_DAY1_MINITWICE_3332	96	Response	51	5778172	22096	1
S010_DAY1_MINITWICE_3332	96	Pulse	99	5791662	35586	NA
S010_DAY1_MINITWICE_3332	96	Port Input	1	5791662	35586	NA
S010_DAY1_MINITWICE_3332	96	Picture	95_T_RWTRIAD_RW_cortina_red.png	5799276	43200	1	1900	2	43200	1800
S010_DAY1_MINITWICE_3332	97	Picture	RW	5801376	0	1	43200	2	0	43200
S010_DAY1_MINITWICE_3332	97	Pulse	99	5827664	26288	NA
S010_DAY1_MINITWICE_3332	97	Port Input	1	5827664	26288	NA
S010_DAY1_MINITWICE_3332	97	Response	51	5836492	35116	1
S010_DAY1_MINITWICE_3332	97	Picture	96_T_RWTRIAD_RW_tenedor_red.png	5844576	43200	1	1900	2	43200	1800
S010_DAY1_MINITWICE_3332	98	Picture	RW	5846676	0	1	43200	2	0	43200
S010_DAY1_MINITWICE_3332	98	Response	51	5861193	14517	1
S010_DAY1_MINITWICE_3332	98	Pulse	99	5863665	16989	NA
S010_DAY1_MINITWICE_3332	98	Port Input	1	5863665	16989	NA
S010_DAY1_MINITWICE_3332	98	Picture	97_T_RWTRIAD_RW_violin_red.png	5889876	43200	1	1900	2	43200	1800
S010_DAY1_MINITWICE_3332	99	Picture	RW	5891976	0	1	43199	3	0	43200
S010_DAY1_MINITWICE_3332	99	Pulse	99	5899666	7690	NA
S010_DAY1_MINITWICE_3332	99	Port Input	1	5899666	7690	NA
S010_DAY1_MINITWICE_3332	99	Response	51	5932452	40476	1
S010_DAY1_MINITWICE_3332	99	Picture	98_T_RWTRIAD_RW_novia_red.png	5935175	43199	2	1900	4	43200	1800
S010_DAY1_MINITWICE_3332	99	Pulse	99	5935667	43691	NA
S010_DAY1_MINITWICE_3332	99	Port Input	1	5935667	43691	NA
S010_DAY1_MINITWICE_3332	100	Picture	RW	5937275	0	2	43200	3	0	43200
S010_DAY1_MINITWICE_3332	100	Pulse	99	5971668	34393	NA
S010_DAY1_MINITWICE_3332	100	Port Input	1	5971668	34393	NA
S010_DAY1_MINITWICE_3332	100	Response	51	5971972	34697	1
S010_DAY1_MINITWICE_3332	100	Picture	99_T_RWTRIAD_RW_madera_red.png	5980475	43200	1	1900	2	43200	1800
S010_DAY1_MINITWICE_3332	101	Picture	RW	5982575	0	1	43200	2	0	43200
S010_DAY1_MINITWICE_3332	101	Response	52	6001892	19317	1
S010_DAY1_MINITWICE_3332	101	Pulse	99	6007669	25094	NA
S010_DAY1_MINITWICE_3332	101	Port Input	1	6007669	25094	NA
S010_DAY1_MINITWICE_3332	101	Picture	100_T_RWTRIAD_RW_huevos_red.png	6025775	43200	1	1900	2	43200	1800
S010_DAY1_MINITWICE_3332	102	Picture	rest	6027775	0	1	144100	2	0	144000
S010_DAY1_MINITWICE_3332	102	Pulse	99	6043670	15895	NA
S010_DAY1_MINITWICE_3332	102	Port Input	1	6043670	15895	NA
S010_DAY1_MINITWICE_3332	102	Pulse	99	6079671	51896	NA
S010_DAY1_MINITWICE_3332	102	Port Input	1	6079671	51896	NA
S010_DAY1_MINITWICE_3332	102	Pulse	99	6115672	87897	NA
S010_DAY1_MINITWICE_3332	102	Port Input	1	6115672	87897	NA
S010_DAY1_MINITWICE_3332	102	Pulse	99	6151673	123898	NA
S010_DAY1_MINITWICE_3332	102	Port Input	1	6151673	123898	NA
S010_DAY1_MINITWICE_3332	103	Picture	endrest	6171975	0	1	10099	3	0	10000
S010_DAY1_MINITWICE_3332	104	Picture	PW	6182275	0	1	43199	2	0	43200
S010_DAY1_MINITWICE_3332	104	Pulse	99	6187674	5399	NA
S010_DAY1_MINITWICE_3332	104	Port Input	1	6187674	5399	NA
S010_DAY1_MINITWICE_3332	104	Response	51	6206108	23833	1
S010_DAY1_MINITWICE_3332	104	Pulse	99	6223675	41400	NA
S010_DAY1_MINITWICE_3332	104	Port Input	1	6223675	41400	NA
S010_DAY1_MINITWICE_3332	104	Picture	103_T_PWTRIAD_PW_paracaidas_red.png	6225474	43199	1	1900	2	43200	1800
S010_DAY1_MINITWICE_3332	105	Picture	PW	6227574	0	1	43200	2	0	43200
S010_DAY1_MINITWICE_3332	105	Response	52	6242552	14978	1
S010_DAY1_MINITWICE_3332	105	Pulse	99	6259677	32103	NA
S010_DAY1_MINITWICE_3332	105	Port Input	1	6259677	32103	NA
S010_DAY1_MINITWICE_3332	105	Picture	104_T_PWTRIAD_PW_paraguas_red.png	6270774	43200	1	1900	2	43200	1800
S010_DAY1_MINITWICE_3332	106	Picture	PW	6272874	0	1	43200	2	0	43200
S010_DAY1_MINITWICE_3332	106	Response	52	6289038	16164	1
S010_DAY1_MINITWICE_3332	106	Pulse	99	6295678	22804	NA
S010_DAY1_MINITWICE_3332	106	Port Input	1	6295678	22804	NA
S010_DAY1_MINITWICE_3332	106	Picture	105_T_PWTRIAD_PW_iglu_red.png	6316074	43200	1	1900	2	43200	1800
S010_DAY1_MINITWICE_3332	107	Picture	PW	6318174	0	1	43200	2	0	43200
S010_DAY1_MINITWICE_3332	107	Response	51	6331497	13323	1
S010_DAY1_MINITWICE_3332	107	Pulse	99	6331679	13505	NA
S010_DAY1_MINITWICE_3332	107	Port Input	1	6331679	13505	NA
S010_DAY1_MINITWICE_3332	107	Picture	106_T_PWTRIAD_PW_portatil_red.png	6361374	43200	1	1900	2	43200	1800
S010_DAY1_MINITWICE_3332	108	Picture	FF	6363474	0	1	43200	2	0	43200
S010_DAY1_MINITWICE_3332	108	Pulse	99	6367680	4206	NA
S010_DAY1_MINITWICE_3332	108	Port Input	1	6367680	4206	NA
S010_DAY1_MINITWICE_3332	108	Response	51	6378028	14554	1
S010_DAY1_MINITWICE_3332	108	Pulse	99	6403681	40207	NA
S010_DAY1_MINITWICE_3332	108	Port Input	1	6403681	40207	NA
S010_DAY1_MINITWICE_3332	108	Picture	107_T_FFTRIAD_FF_leche_red.png	6406674	43200	1	1900	2	43200	1800
S010_DAY1_MINITWICE_3332	109	Picture	FF	6408774	0	1	43199	3	0	43200
S010_DAY1_MINITWICE_3332	109	Response	51	6419482	10708	1
S010_DAY1_MINITWICE_3332	109	Pulse	99	6439682	30908	NA
S010_DAY1_MINITWICE_3332	109	Port Input	1	6439682	30908	NA
S010_DAY1_MINITWICE_3332	109	Picture	108_T_FFTRIAD_FF_novia_red.png	6451973	43199	2	1900	3	43200	1800
S010_DAY1_MINITWICE_3332	110	Picture	FF	6454073	0	1	43200	2	0	43200
S010_DAY1_MINITWICE_3332	110	Response	51	6464585	10512	1
S010_DAY1_MINITWICE_3332	110	Pulse	99	6475683	21610	NA
S010_DAY1_MINITWICE_3332	110	Port Input	1	6475683	21610	NA
S010_DAY1_MINITWICE_3332	110	Picture	109_T_FFTRIAD_FF_zanahoria_red.png	6497273	43200	1	1900	2	43200	1800
S010_DAY1_MINITWICE_3332	111	Picture	FF	6499373	0	1	43200	2	0	43200
S010_DAY1_MINITWICE_3332	111	Pulse	99	6511684	12311	NA
S010_DAY1_MINITWICE_3332	111	Port Input	1	6511684	12311	NA
S010_DAY1_MINITWICE_3332	111	Response	51	6518075	18702	1
S010_DAY1_MINITWICE_3332	111	Picture	110_T_FFTRIAD_FF_bellota_red.png	6542573	43200	1	1900	2	43200	1800
S010_DAY1_MINITWICE_3332	112	Picture	rest	6544573	0	1	144099	3	0	144000
S010_DAY1_MINITWICE_3332	112	Pulse	99	6547685	3112	NA
S010_DAY1_MINITWICE_3332	112	Port Input	1	6547685	3112	NA
S010_DAY1_MINITWICE_3332	112	Pulse	99	6583686	39113	NA
S010_DAY1_MINITWICE_3332	112	Port Input	1	6583686	39113	NA
S010_DAY1_MINITWICE_3332	112	Pulse	99	6619688	75115	NA
S010_DAY1_MINITWICE_3332	112	Port Input	1	6619688	75115	NA
S010_DAY1_MINITWICE_3332	112	Pulse	99	6655689	111116	NA
S010_DAY1_MINITWICE_3332	112	Port Input	1	6655689	111116	NA
S010_DAY1_MINITWICE_3332	113	Picture	endrest	6688772	0	2	10100	4	0	10000
S010_DAY1_MINITWICE_3332	113	Pulse	99	6691690	2918	NA
S010_DAY1_MINITWICE_3332	113	Port Input	1	6691690	2918	NA
S010_DAY1_MINITWICE_3332	114	Picture	PW	6699072	0	1	43200	2	0	43200
S010_DAY1_MINITWICE_3332	114	Response	51	6725025	25953	1
S010_DAY1_MINITWICE_3332	114	Pulse	99	6727691	28619	NA
S010_DAY1_MINITWICE_3332	114	Port Input	1	6727691	28619	NA
S010_DAY1_MINITWICE_3332	114	Picture	113_T_PWTRIAD_PW_cuento_red.png	6742272	43200	1	1900	2	43200	1800
S010_DAY1_MINITWICE_3332	115	Picture	PW	6744372	0	1	43200	2	0	43200
S010_DAY1_MINITWICE_3332	115	Response	51	6757553	13181	2
S010_DAY1_MINITWICE_3332	115	Pulse	99	6763692	19320	NA
S010_DAY1_MINITWICE_3332	115	Port Input	1	6763692	19320	NA
S010_DAY1_MINITWICE_3332	115	Picture	114_T_PWTRIAD_PW_chupete_red.png	6787572	43200	1	1900	2	43200	1800
S010_DAY1_MINITWICE_3332	116	Picture	PW	6789672	0	1	43200	2	0	43200
S010_DAY1_MINITWICE_3332	116	Pulse	99	6799693	10021	NA
S010_DAY1_MINITWICE_3332	116	Port Input	1	6799693	10021	NA
S010_DAY1_MINITWICE_3332	116	Response	51	6806944	17272	1
S010_DAY1_MINITWICE_3332	116	Picture	115_T_PWTRIAD_PW_manos_red.png	6832872	43200	1	1900	2	43200	1800
S010_DAY1_MINITWICE_3332	117	Picture	PW	6834972	0	1	43200	2	0	43200
S010_DAY1_MINITWICE_3332	117	Pulse	99	6835694	722	NA
S010_DAY1_MINITWICE_3332	117	Port Input	1	6835694	722	NA
S010_DAY1_MINITWICE_3332	117	Response	51	6852524	17552	1
S010_DAY1_MINITWICE_3332	117	Pulse	99	6871695	36723	NA
S010_DAY1_MINITWICE_3332	117	Port Input	1	6871695	36723	NA
S010_DAY1_MINITWICE_3332	117	Picture	116_T_PWTRIAD_PW_oruga_red.png	6878172	43200	1	1900	2	43200	1800
S010_DAY1_MINITWICE_3332	118	Picture	PW	6880272	0	1	43199	3	0	43200
S010_DAY1_MINITWICE_3332	118	Response	52	6901658	21386	1
S010_DAY1_MINITWICE_3332	118	Pulse	99	6907696	27424	NA
S010_DAY1_MINITWICE_3332	118	Port Input	1	6907696	27424	NA
S010_DAY1_MINITWICE_3332	118	Picture	117_T_PWTRIAD_PW_futbol_red.png	6923471	43199	2	1900	4	43200	1800
S010_DAY1_MINITWICE_3332	119	Picture	PW	6925571	0	2	43200	3	0	43200
S010_DAY1_MINITWICE_3332	119	Pulse	99	6943697	18126	NA
S010_DAY1_MINITWICE_3332	119	Port Input	1	6943697	18126	NA
S010_DAY1_MINITWICE_3332	119	Response	52	6945100	19529	2
S010_DAY1_MINITWICE_3332	119	Picture	118_T_PWTRIAD_PW_banera_red.png	6968771	43200	1	1900	2	43200	1800
S010_DAY1_MINITWICE_3332	120	Picture	PW	6970871	0	1	43200	2	0	43200
S010_DAY1_MINITWICE_3332	120	Pulse	99	6979698	8827	NA
S010_DAY1_MINITWICE_3332	120	Port Input	1	6979698	8827	NA
S010_DAY1_MINITWICE_3332	120	Response	52	7004770	33899	1
S010_DAY1_MINITWICE_3332	120	Picture	119_T_PWTRIAD_PW_sapo_red.png	7014071	43200	1	1900	2	43200	1800
S010_DAY1_MINITWICE_3332	120	Pulse	99	7015700	44829	NA
S010_DAY1_MINITWICE_3332	120	Port Input	1	7015700	44829	NA
S010_DAY1_MINITWICE_3332	121	Picture	PW	7016171	0	1	43200	2	0	43200
S010_DAY1_MINITWICE_3332	121	Response	51	7045146	28975	1
S010_DAY1_MINITWICE_3332	121	Pulse	99	7051701	35530	NA
S010_DAY1_MINITWICE_3332	121	Port Input	1	7051701	35530	NA
S010_DAY1_MINITWICE_3332	121	Picture	120_T_PWTRIAD_PW_pizarra_red.png	7059371	43200	1	1900	2	43200	1800
S010_DAY1_MINITWICE_3332	122	Picture	rest	7061371	0	1	144099	2	0	144000
S010_DAY1_MINITWICE_3332	122	Pulse	99	7087702	26331	NA
S010_DAY1_MINITWICE_3332	122	Port Input	1	7087702	26331	NA
S010_DAY1_MINITWICE_3332	122	Pulse	99	7123703	62332	NA
S010_DAY1_MINITWICE_3332	122	Port Input	1	7123703	62332	NA
S010_DAY1_MINITWICE_3332	122	Pulse	99	7159704	98333	NA
S010_DAY1_MINITWICE_3332	122	Port Input	1	7159704	98333	NA
S010_DAY1_MINITWICE_3332	122	Pulse	99	7195705	134334	NA
S010_DAY1_MINITWICE_3332	122	Port Input	1	7195705	134334	NA
S010_DAY1_MINITWICE_3332	123	Picture	endrest	7205570	0	1	10100	2	0	10000
S010_DAY1_MINITWICE_3332	124	Picture	RW	7215870	0	1	43200	2	0	43200
S010_DAY1_MINITWICE_3332	124	Pulse	99	7231706	15836	NA
S010_DAY1_MINITWICE_3332	124	Port Input	1	7231706	15836	NA
S010_DAY1_MINITWICE_3332	124	Response	52	7237955	22085	2
S010_DAY1_MINITWICE_3332	124	Response	51	7250965	35095	1
S010_DAY1_MINITWICE_3332	124	Picture	123_T_RWTRIAD_RW_pizarra_red.png	7259070	43200	1	1900	2	43200	1800
S010_DAY1_MINITWICE_3332	125	Picture	RW	7261170	0	1	43200	2	0	43200
S010_DAY1_MINITWICE_3332	125	Pulse	99	7267707	6537	NA
S010_DAY1_MINITWICE_3332	125	Port Input	1	7267707	6537	NA
S010_DAY1_MINITWICE_3332	125	Pulse	99	7303708	42538	NA
S010_DAY1_MINITWICE_3332	125	Port Input	1	7303708	42538	NA
S010_DAY1_MINITWICE_3332	125	Picture	124_T_RWTRIAD_RW_estetoscopio_red.png	7304370	43200	1	1900	2	43200	1800
S010_DAY1_MINITWICE_3332	126	Picture	RW	7306470	0	1	43200	2	0	43200
S010_DAY1_MINITWICE_3332	126	Response	51	7326093	19623	1
S010_DAY1_MINITWICE_3332	126	Pulse	99	7339709	33239	NA
S010_DAY1_MINITWICE_3332	126	Port Input	1	7339709	33239	NA
S010_DAY1_MINITWICE_3332	126	Picture	125_T_RWTRIAD_RW_traje_red.png	7349670	43200	1	1900	2	43200	1800
S010_DAY1_MINITWICE_3332	127	Picture	RW	7351770	0	1	43200	2	0	43200
S010_DAY1_MINITWICE_3332	127	Response	51	7367024	15254	1
S010_DAY1_MINITWICE_3332	127	Pulse	99	7375710	23940	NA
S010_DAY1_MINITWICE_3332	127	Port Input	1	7375710	23940	NA
S010_DAY1_MINITWICE_3332	127	Picture	126_T_RWTRIAD_RW_ancla_red.png	7394970	43200	1	1900	2	43200	1800
S010_DAY1_MINITWICE_3332	128	Picture	PW	7397070	0	1	43199	3	0	43200
S010_DAY1_MINITWICE_3332	128	Pulse	99	7411711	14641	NA
S010_DAY1_MINITWICE_3332	128	Port Input	1	7411711	14641	NA
S010_DAY1_MINITWICE_3332	128	Response	52	7432565	35495	1
S010_DAY1_MINITWICE_3332	128	Picture	127_T_PWTRIAD_PW_plato_red.png	7440269	43199	2	1900	4	43200	1800
S010_DAY1_MINITWICE_3332	129	Picture	PW	7442369	0	2	43200	3	0	43200
S010_DAY1_MINITWICE_3332	129	Pulse	99	7447713	5344	NA
S010_DAY1_MINITWICE_3332	129	Port Input	1	7447713	5344	NA
S010_DAY1_MINITWICE_3332	129	Response	52	7475391	33022	1
S010_DAY1_MINITWICE_3332	129	Pulse	99	7483714	41345	NA
S010_DAY1_MINITWICE_3332	129	Port Input	1	7483714	41345	NA
S010_DAY1_MINITWICE_3332	129	Picture	128_T_PWTRIAD_PW_television_red.png	7485569	43200	1	1900	2	43200	1800
S010_DAY1_MINITWICE_3332	130	Picture	PW	7487669	0	1	43200	2	0	43200
S010_DAY1_MINITWICE_3332	130	Response	52	7511055	23386	1
S010_DAY1_MINITWICE_3332	130	Pulse	99	7519715	32046	NA
S010_DAY1_MINITWICE_3332	130	Port Input	1	7519715	32046	NA
S010_DAY1_MINITWICE_3332	130	Picture	129_T_PWTRIAD_PW_destornillador_red.png	7530869	43200	1	1900	2	43200	1800
S010_DAY1_MINITWICE_3332	131	Picture	PW	7532969	0	1	43200	2	0	43200
S010_DAY1_MINITWICE_3332	131	Pulse	99	7555716	22747	NA
S010_DAY1_MINITWICE_3332	131	Port Input	1	7555716	22747	NA
S010_DAY1_MINITWICE_3332	131	Response	52	7575927	42958	1
S010_DAY1_MINITWICE_3332	131	Picture	130_T_PWTRIAD_PW_murcielago_red.png	7576169	43200	1	1900	2	43200	1800
S010_DAY1_MINITWICE_3332	132	Picture	rest	7578169	0	1	144099	2	0	144000
S010_DAY1_MINITWICE_3332	132	Pulse	99	7591717	13548	NA
S010_DAY1_MINITWICE_3332	132	Port Input	1	7591717	13548	NA
S010_DAY1_MINITWICE_3332	132	Pulse	99	7627718	49549	NA
S010_DAY1_MINITWICE_3332	132	Port Input	1	7627718	49549	NA
S010_DAY1_MINITWICE_3332	132	Pulse	99	7663719	85550	NA
S010_DAY1_MINITWICE_3332	132	Port Input	1	7663719	85550	NA
S010_DAY1_MINITWICE_3332	132	Pulse	99	7699720	121551	NA
S010_DAY1_MINITWICE_3332	132	Port Input	1	7699720	121551	NA
S010_DAY1_MINITWICE_3332	133	Picture	endrest	7722368	0	1	10100	2	0	10000
S010_DAY1_MINITWICE_3332	134	Picture	FF	7732668	0	1	43200	2	0	43200
S010_DAY1_MINITWICE_3332	134	Pulse	99	7735721	3053	NA
S010_DAY1_MINITWICE_3332	134	Port Input	1	7735721	3053	NA
S010_DAY1_MINITWICE_3332	134	Response	52	7743984	11316	1
S010_DAY1_MINITWICE_3332	134	Pulse	99	7771722	39054	NA
S010_DAY1_MINITWICE_3332	134	Port Input	1	7771722	39054	NA
S010_DAY1_MINITWICE_3332	134	Picture	133_T_FFTRIAD_FF_pilas_red.png	7775868	43200	1	1900	2	43200	1800
S010_DAY1_MINITWICE_3332	135	Picture	FF	7777968	0	1	43200	2	0	43200
S010_DAY1_MINITWICE_3332	135	Response	52	7787299	9331	1
S010_DAY1_MINITWICE_3332	135	Pulse	99	7807723	29755	NA
S010_DAY1_MINITWICE_3332	135	Port Input	1	7807723	29755	NA
S010_DAY1_MINITWICE_3332	135	Picture	134_T_FFTRIAD_FF_cinturon_red.png	7821168	43200	1	1900	2	43200	1800
S010_DAY1_MINITWICE_3332	136	Picture	FF	7823268	0	1	43200	2	0	43200
S010_DAY1_MINITWICE_3332	136	Pulse	99	7843725	20457	NA
S010_DAY1_MINITWICE_3332	136	Port Input	1	7843725	20457	NA
S010_DAY1_MINITWICE_3332	136	Response	51	7847615	24347	1
S010_DAY1_MINITWICE_3332	136	Picture	135_T_FFTRIAD_FF_paracaidas_red.png	7866468	43200	1	1900	2	43200	1800
S010_DAY1_MINITWICE_3332	137	Picture	FF	7868568	0	1	43199	3	0	43200
S010_DAY1_MINITWICE_3332	137	Pulse	99	7879726	11158	NA
S010_DAY1_MINITWICE_3332	137	Port Input	1	7879726	11158	NA
S010_DAY1_MINITWICE_3332	137	Response	51	7881931	13363	5
S010_DAY1_MINITWICE_3332	137	Picture	136_T_FFTRIAD_FF_tijera_red.png	7911767	43199	2	1901	3	43200	1800
S010_DAY1_MINITWICE_3332	138	Picture	rest	7913768	0	1	144099	2	0	144000
S010_DAY1_MINITWICE_3332	138	Pulse	99	7915727	1959	NA
S010_DAY1_MINITWICE_3332	138	Port Input	1	7915727	1959	NA
S010_DAY1_MINITWICE_3332	138	Pulse	99	7951728	37960	NA
S010_DAY1_MINITWICE_3332	138	Port Input	1	7951728	37960	NA
S010_DAY1_MINITWICE_3332	139	Picture	endrest	8057967	0	1	10100	2	0	10000
S010_DAY1_MINITWICE_3332	140	Picture	endrest	8068167	0	1	10100	2	0	10000
S010_DAY1_MINITWICE_3332	141	Picture	endrest	8078367	0	1	10100	2	0	10000
S010_DAY1_MINITWICE_3332	142	Picture	endrest	8088567	0	1	10100	2	0	10000
