Scenario - vOT_Triads_fMRI_I
Logfile written - 05/15/2015 12:59:06

Subject	Trial	Event Type	Code	Time	TTime	Uncertainty	Duration	Uncertainty	ReqTime	ReqDur

S010_DAY1_MINITWICE_3332	1	Response	98	330351	340251	2
S010_DAY1_MINITWICE_3332	2	Response	52	614528	284130	1
S010_DAY1_MINITWICE_3332	2	Response	98	620670	290272	1
S010_DAY1_MINITWICE_3332	3	Response	51	731488	110691	1
S010_DAY1_MINITWICE_3332	3	Response	98	737469	116672	1
S010_DAY1_MINITWICE_3332	4	Response	52	840756	103160	1
S010_DAY1_MINITWICE_3332	4	Response	98	862275	124679	1
S010_DAY1_MINITWICE_3332	6	Pulse	99	1060846	198450	NA
S010_DAY1_MINITWICE_3332	6	Port Input	1	1060846	198450	NA
S010_DAY1_MINITWICE_3332	6	Pulse	99	1096847	234451	NA
S010_DAY1_MINITWICE_3332	6	Port Input	1	1096847	234451	NA
S010_DAY1_MINITWICE_3332	6	Pulse	99	1132848	270452	NA
S010_DAY1_MINITWICE_3332	6	Port Input	1	1132848	270452	NA
S010_DAY1_MINITWICE_3332	6	Pulse	99	1168849	306453	NA
S010_DAY1_MINITWICE_3332	6	Port Input	1	1168849	306453	NA
S010_DAY1_MINITWICE_3332	6	Pulse	99	1204850	342454	NA
S010_DAY1_MINITWICE_3332	6	Port Input	1	1204850	342454	NA
S010_DAY1_MINITWICE_3332	7	Picture	rest	1205094	0	1	144100	2	0	144000
S010_DAY1_MINITWICE_3332	7	Pulse	99	1240851	35757	NA
S010_DAY1_MINITWICE_3332	7	Port Input	1	1240851	35757	NA
S010_DAY1_MINITWICE_3332	7	Pulse	99	1276852	71758	NA
S010_DAY1_MINITWICE_3332	7	Port Input	1	1276852	71758	NA
S010_DAY1_MINITWICE_3332	7	Pulse	99	1312853	107759	NA
S010_DAY1_MINITWICE_3332	7	Port Input	1	1312853	107759	NA
S010_DAY1_MINITWICE_3332	7	Pulse	99	1348854	143760	NA
S010_DAY1_MINITWICE_3332	7	Port Input	1	1348854	143760	NA
S010_DAY1_MINITWICE_3332	8	Picture	endrest	1349294	0	1	10100	2	0	10000
S010_DAY1_MINITWICE_3332	9	Picture	FF	1359594	0	1	43200	2	0	43200
S010_DAY1_MINITWICE_3332	9	Response	52	1379417	19823	1
S010_DAY1_MINITWICE_3332	9	Pulse	99	1384855	25261	NA
S010_DAY1_MINITWICE_3332	9	Port Input	1	1384855	25261	NA
S010_DAY1_MINITWICE_3332	9	Picture	3_T_FFTRIAD_FF_bebe_red.png	1402794	43200	1	1900	2	43200	1800
S010_DAY1_MINITWICE_3332	10	Picture	FF	1404894	0	1	43199	3	0	43200
S010_DAY1_MINITWICE_3332	10	Pulse	99	1420856	15962	NA
S010_DAY1_MINITWICE_3332	10	Port Input	1	1420856	15962	NA
S010_DAY1_MINITWICE_3332	10	Response	51	1428010	23116	1
S010_DAY1_MINITWICE_3332	10	Picture	4_T_FFTRIAD_FF_policia_red.png	1448093	43199	2	1900	4	43200	1800
S010_DAY1_MINITWICE_3332	11	Picture	FF	1450193	0	2	43200	4	0	43200
S010_DAY1_MINITWICE_3332	11	Pulse	99	1456857	6664	NA
S010_DAY1_MINITWICE_3332	11	Port Input	1	1456857	6664	NA
S010_DAY1_MINITWICE_3332	11	Response	51	1464363	14170	1
S010_DAY1_MINITWICE_3332	11	Pulse	99	1492859	42666	NA
S010_DAY1_MINITWICE_3332	11	Port Input	1	1492859	42666	NA
S010_DAY1_MINITWICE_3332	11	Picture	5_T_FFTRIAD_FF_ancla_red.png	1493393	43200	2	1900	3	43200	1800
S010_DAY1_MINITWICE_3332	12	Picture	FF	1495493	0	1	43200	3	0	43200
S010_DAY1_MINITWICE_3332	12	Response	51	1510771	15278	2
S010_DAY1_MINITWICE_3332	12	Pulse	99	1528860	33367	NA
S010_DAY1_MINITWICE_3332	12	Port Input	1	1528860	33367	NA
S010_DAY1_MINITWICE_3332	12	Picture	6_T_FFTRIAD_FF_estetoscopio_red.png	1538693	43200	2	1900	4	43200	1800
S010_DAY1_MINITWICE_3332	13	Picture	RW	1540793	0	1	43200	2	0	43200
S010_DAY1_MINITWICE_3332	13	Response	52	1564276	23483	1
S010_DAY1_MINITWICE_3332	13	Pulse	99	1564861	24068	NA
S010_DAY1_MINITWICE_3332	13	Port Input	1	1564861	24068	NA
S010_DAY1_MINITWICE_3332	13	Picture	7_T_RWTRIAD_RW_tijera_red.png	1583993	43200	1	1900	2	43200	1800
S010_DAY1_MINITWICE_3332	14	Picture	RW	1586092	0	2	43200	4	0	43200
S010_DAY1_MINITWICE_3332	14	Response	51	1598526	12434	1
S010_DAY1_MINITWICE_3332	14	Pulse	99	1600862	14770	NA
S010_DAY1_MINITWICE_3332	14	Port Input	1	1600862	14770	NA
S010_DAY1_MINITWICE_3332	14	Picture	8_T_RWTRIAD_RW_teclado_red.png	1629292	43200	2	1900	4	43200	1800
S010_DAY1_MINITWICE_3332	15	Picture	RW	1631393	0	1	43199	3	0	43200
S010_DAY1_MINITWICE_3332	15	Pulse	99	1636863	5470	NA
S010_DAY1_MINITWICE_3332	15	Port Input	1	1636863	5470	NA
S010_DAY1_MINITWICE_3332	15	Response	52	1654730	23337	1
S010_DAY1_MINITWICE_3332	15	Pulse	99	1672864	41471	NA
S010_DAY1_MINITWICE_3332	15	Port Input	1	1672864	41471	NA
S010_DAY1_MINITWICE_3332	15	Picture	9_T_RWTRIAD_RW_sapo_red.png	1674592	43199	2	1900	4	43200	1800
S010_DAY1_MINITWICE_3332	16	Picture	RW	1676692	0	2	43199	5	0	43200
S010_DAY1_MINITWICE_3332	16	Response	52	1696299	19607	2
S010_DAY1_MINITWICE_3332	16	Pulse	99	1708865	32173	NA
S010_DAY1_MINITWICE_3332	16	Port Input	1	1708865	32173	NA
S010_DAY1_MINITWICE_3332	16	Picture	10_T_RWTRIAD_RW_esquimal_red.png	1719891	43199	3	1901	4	43200	1800
S010_DAY1_MINITWICE_3332	17	Picture	rest	1721892	0	1	144100	2	0	144000
S010_DAY1_MINITWICE_3332	17	Pulse	99	1744866	22974	NA
S010_DAY1_MINITWICE_3332	17	Port Input	1	1744866	22974	NA
S010_DAY1_MINITWICE_3332	17	Pulse	99	1780867	58975	NA
S010_DAY1_MINITWICE_3332	17	Port Input	1	1780867	58975	NA
S010_DAY1_MINITWICE_3332	17	Pulse	99	1816868	94976	NA
S010_DAY1_MINITWICE_3332	17	Port Input	1	1816868	94976	NA
S010_DAY1_MINITWICE_3332	17	Pulse	99	1852869	130977	NA
S010_DAY1_MINITWICE_3332	17	Port Input	1	1852869	130977	NA
S010_DAY1_MINITWICE_3332	18	Picture	endrest	1866092	0	1	10100	2	0	10000
S010_DAY1_MINITWICE_3332	19	Picture	PW	1876392	0	1	43199	3	0	43200
S010_DAY1_MINITWICE_3332	19	Pulse	99	1888871	12479	NA
S010_DAY1_MINITWICE_3332	19	Port Input	1	1888871	12479	NA
S010_DAY1_MINITWICE_3332	19	Response	52	1913162	36770	1
S010_DAY1_MINITWICE_3332	19	Picture	13_T_PWTRIAD_PW_bala_red.png	1919591	43199	2	1900	4	43200	1800
S010_DAY1_MINITWICE_3332	20	Picture	PW	1921691	0	2	43200	3	0	43200
S010_DAY1_MINITWICE_3332	20	Pulse	99	1924872	3181	NA
S010_DAY1_MINITWICE_3332	20	Port Input	1	1924872	3181	NA
S010_DAY1_MINITWICE_3332	20	Response	51	1942057	20366	1
S010_DAY1_MINITWICE_3332	20	Pulse	99	1960873	39182	NA
S010_DAY1_MINITWICE_3332	20	Port Input	1	1960873	39182	NA
S010_DAY1_MINITWICE_3332	20	Picture	14_T_PWTRIAD_PW_molino_red.png	1964891	43200	1	1900	2	43200	1800
S010_DAY1_MINITWICE_3332	21	Picture	PW	1966991	0	1	43200	2	0	43200
S010_DAY1_MINITWICE_3332	21	Pulse	99	1996874	29883	NA
S010_DAY1_MINITWICE_3332	21	Port Input	1	1996874	29883	NA
S010_DAY1_MINITWICE_3332	21	Response	52	2003436	36445	2
S010_DAY1_MINITWICE_3332	21	Picture	15_T_PWTRIAD_PW_estetoscopio_red.png	2010191	43200	1	1900	2	43200	1800
S010_DAY1_MINITWICE_3332	22	Picture	PW	2012291	0	1	43200	2	0	43200
S010_DAY1_MINITWICE_3332	22	Pulse	99	2032875	20584	NA
S010_DAY1_MINITWICE_3332	22	Port Input	1	2032875	20584	NA
S010_DAY1_MINITWICE_3332	22	Response	52	2038418	26127	1
S010_DAY1_MINITWICE_3332	22	Picture	16_T_PWTRIAD_PW_piramide_red.png	2055491	43200	1	1900	2	43200	1800
S010_DAY1_MINITWICE_3332	23	Picture	PW	2057591	0	1	43200	2	0	43200
S010_DAY1_MINITWICE_3332	23	Pulse	99	2068876	11285	NA
S010_DAY1_MINITWICE_3332	23	Port Input	1	2068876	11285	NA
S010_DAY1_MINITWICE_3332	23	Response	51	2091555	33964	1
S010_DAY1_MINITWICE_3332	23	Picture	17_T_PWTRIAD_PW_llave_red.png	2100791	43200	1	1900	2	43200	1800
S010_DAY1_MINITWICE_3332	24	Picture	PW	2102891	0	1	43200	2	0	43200
S010_DAY1_MINITWICE_3332	24	Pulse	99	2104877	1986	NA
S010_DAY1_MINITWICE_3332	24	Port Input	1	2104877	1986	NA
S010_DAY1_MINITWICE_3332	24	Response	52	2136865	33974	1
S010_DAY1_MINITWICE_3332	24	Pulse	99	2140878	37987	NA
S010_DAY1_MINITWICE_3332	24	Port Input	1	2140878	37987	NA
S010_DAY1_MINITWICE_3332	24	Picture	18_T_PWTRIAD_PW_monja_red.png	2146091	43200	1	1900	2	43200	1800
S010_DAY1_MINITWICE_3332	25	Picture	PW	2148191	0	1	43199	2	0	43200
S010_DAY1_MINITWICE_3332	25	Response	52	2163465	15274	2
S010_DAY1_MINITWICE_3332	25	Pulse	99	2176879	28688	NA
S010_DAY1_MINITWICE_3332	25	Port Input	1	2176879	28688	NA
S010_DAY1_MINITWICE_3332	25	Picture	19_T_PWTRIAD_PW_pluma_red.png	2191390	43199	1	1900	3	43200	1800
S010_DAY1_MINITWICE_3332	26	Picture	PW	2193490	0	1	43200	2	0	43200
S010_DAY1_MINITWICE_3332	26	Pulse	99	2212880	19390	NA
S010_DAY1_MINITWICE_3332	26	Port Input	1	2212880	19390	NA
S010_DAY1_MINITWICE_3332	26	Response	51	2221094	27604	1
S010_DAY1_MINITWICE_3332	26	Picture	20_T_PWTRIAD_PW_cortina_red.png	2236690	43200	1	1900	2	43200	1800
S010_DAY1_MINITWICE_3332	27	Picture	rest	2238690	0	1	144100	2	0	144000
S010_DAY1_MINITWICE_3332	27	Pulse	99	2248881	10191	NA
S010_DAY1_MINITWICE_3332	27	Port Input	1	2248881	10191	NA
S010_DAY1_MINITWICE_3332	27	Pulse	99	2284883	46193	NA
S010_DAY1_MINITWICE_3332	27	Port Input	1	2284883	46193	NA
S010_DAY1_MINITWICE_3332	27	Pulse	99	2320884	82194	NA
S010_DAY1_MINITWICE_3332	27	Port Input	1	2320884	82194	NA
S010_DAY1_MINITWICE_3332	27	Pulse	99	2356885	118195	NA
S010_DAY1_MINITWICE_3332	27	Port Input	1	2356885	118195	NA
S010_DAY1_MINITWICE_3332	28	Picture	endrest	2382890	0	1	10100	2	0	10000
S010_DAY1_MINITWICE_3332	28	Pulse	99	2392886	9996	NA
S010_DAY1_MINITWICE_3332	28	Port Input	1	2392886	9996	NA
S010_DAY1_MINITWICE_3332	29	Picture	RW	2393190	0	1	43199	3	0	43200
S010_DAY1_MINITWICE_3332	29	Pulse	99	2428887	35697	NA
S010_DAY1_MINITWICE_3332	29	Port Input	1	2428887	35697	NA
S010_DAY1_MINITWICE_3332	29	Picture	23_T_RWTRIAD_RW_pluma_red.png	2436389	43199	2	1900	3	43200	1800
S010_DAY1_MINITWICE_3332	30	Picture	RW	2438489	0	1	43200	2	0	43200
S010_DAY1_MINITWICE_3332	30	Response	51	2458337	19848	1
S010_DAY1_MINITWICE_3332	30	Pulse	99	2464888	26399	NA
S010_DAY1_MINITWICE_3332	30	Port Input	1	2464888	26399	NA
S010_DAY1_MINITWICE_3332	30	Picture	24_T_RWTRIAD_RW_paracaidas_red.png	2481689	43200	1	1900	2	43200	1800
S010_DAY1_MINITWICE_3332	31	Picture	RW	2483789	0	1	43200	2	0	43200
S010_DAY1_MINITWICE_3332	31	Pulse	99	2500889	17100	NA
S010_DAY1_MINITWICE_3332	31	Port Input	1	2500889	17100	NA
S010_DAY1_MINITWICE_3332	31	Response	52	2501539	17750	2
S010_DAY1_MINITWICE_3332	31	Picture	25_T_RWTRIAD_RW_bebe_red.png	2526989	43200	1	1900	2	43200	1800
S010_DAY1_MINITWICE_3332	32	Picture	RW	2529089	0	1	43178	43	0	43200
S010_DAY1_MINITWICE_3332	32	Pulse	99	2536890	7801	NA
S010_DAY1_MINITWICE_3332	32	Port Input	1	2536890	7801	NA
S010_DAY1_MINITWICE_3332	32	Response	52	2550994	21905	1
S010_DAY1_MINITWICE_3332	32	Picture	26_T_RWTRIAD_RW_raton_red.png	2572267	43178	42	1822	43	43200	1800
S010_DAY1_MINITWICE_3332	32	Pulse	99	2572891	43802	NA
S010_DAY1_MINITWICE_3332	32	Port Input	1	2572891	43802	NA
S010_DAY1_MINITWICE_3332	33	Picture	PW	2574289	0	1	43200	2	0	43200
S010_DAY1_MINITWICE_3332	33	Response	52	2596981	22692	1
S010_DAY1_MINITWICE_3332	33	Pulse	99	2608892	34603	NA
S010_DAY1_MINITWICE_3332	33	Port Input	1	2608892	34603	NA
S010_DAY1_MINITWICE_3332	33	Picture	27_T_PWTRIAD_PW_ascensor_red.png	2617489	43200	1	1900	2	43200	1800
S010_DAY1_MINITWICE_3332	34	Picture	PW	2619589	0	1	43199	3	0	43200
S010_DAY1_MINITWICE_3332	34	Response	51	2636867	17278	1
S010_DAY1_MINITWICE_3332	34	Pulse	99	2644893	25304	NA
S010_DAY1_MINITWICE_3332	34	Port Input	1	2644893	25304	NA
S010_DAY1_MINITWICE_3332	34	Picture	28_T_PWTRIAD_PW_gafas_red.png	2662788	43199	2	1900	4	43200	1800
S010_DAY1_MINITWICE_3332	35	Picture	PW	2664888	0	2	43200	3	0	43200
S010_DAY1_MINITWICE_3332	35	Pulse	99	2680895	16007	NA
S010_DAY1_MINITWICE_3332	35	Port Input	1	2680895	16007	NA
S010_DAY1_MINITWICE_3332	35	Response	52	2685115	20227	1
S010_DAY1_MINITWICE_3332	35	Picture	29_T_PWTRIAD_PW_leche_red.png	2708088	43200	1	1900	2	43200	1800
S010_DAY1_MINITWICE_3332	36	Picture	PW	2710188	0	1	43200	2	0	43200
S010_DAY1_MINITWICE_3332	36	Pulse	99	2716896	6708	NA
S010_DAY1_MINITWICE_3332	36	Port Input	1	2716896	6708	NA
S010_DAY1_MINITWICE_3332	36	Response	52	2730770	20582	1
S010_DAY1_MINITWICE_3332	36	Pulse	99	2752897	42709	NA
S010_DAY1_MINITWICE_3332	36	Port Input	1	2752897	42709	NA
S010_DAY1_MINITWICE_3332	36	Picture	30_T_PWTRIAD_PW_agua_red.png	2753388	43200	1	1900	2	43200	1800
S010_DAY1_MINITWICE_3332	37	Picture	rest	2755388	0	1	144099	3	0	144000
S010_DAY1_MINITWICE_3332	37	Pulse	99	2788898	33510	NA
S010_DAY1_MINITWICE_3332	37	Port Input	1	2788898	33510	NA
S010_DAY1_MINITWICE_3332	37	Pulse	99	2824899	69511	NA
S010_DAY1_MINITWICE_3332	37	Port Input	1	2824899	69511	NA
S010_DAY1_MINITWICE_3332	37	Pulse	99	2860900	105512	NA
S010_DAY1_MINITWICE_3332	37	Port Input	1	2860900	105512	NA
S010_DAY1_MINITWICE_3332	37	Pulse	99	2896901	141513	NA
S010_DAY1_MINITWICE_3332	37	Port Input	1	2896901	141513	NA
S010_DAY1_MINITWICE_3332	38	Picture	endrest	2899587	0	2	10100	4	0	10000
S010_DAY1_MINITWICE_3332	39	Picture	RW	2909887	0	2	43200	3	0	43200
S010_DAY1_MINITWICE_3332	39	Pulse	99	2932902	23015	NA
S010_DAY1_MINITWICE_3332	39	Port Input	1	2932902	23015	NA
S010_DAY1_MINITWICE_3332	39	Response	51	2937309	27422	1
S010_DAY1_MINITWICE_3332	39	Picture	33_T_RWTRIAD_RW_pilas_red.png	2953087	43200	1	1900	2	43200	1800
S010_DAY1_MINITWICE_3332	40	Picture	RW	2955187	0	1	43200	2	0	43200
S010_DAY1_MINITWICE_3332	40	Pulse	99	2968903	13716	NA
S010_DAY1_MINITWICE_3332	40	Port Input	1	2968903	13716	NA
S010_DAY1_MINITWICE_3332	40	Response	52	2990743	35556	1
S010_DAY1_MINITWICE_3332	40	Picture	34_T_RWTRIAD_RW_bellota_red.png	2998387	43200	1	1900	2	43200	1800
S010_DAY1_MINITWICE_3332	41	Picture	RW	3000487	0	1	43200	2	0	43200
S010_DAY1_MINITWICE_3332	41	Pulse	99	3004904	4417	NA
S010_DAY1_MINITWICE_3332	41	Port Input	1	3004904	4417	NA
S010_DAY1_MINITWICE_3332	41	Response	51	3037363	36876	1
S010_DAY1_MINITWICE_3332	41	Pulse	99	3040905	40418	NA
S010_DAY1_MINITWICE_3332	41	Port Input	1	3040905	40418	NA
S010_DAY1_MINITWICE_3332	41	Picture	35_T_RWTRIAD_RW_charco_red.png	3043687	43200	1	1900	2	43200	1800
S010_DAY1_MINITWICE_3332	42	Picture	RW	3045787	0	1	43200	2	0	43200
S010_DAY1_MINITWICE_3332	42	Pulse	99	3076907	31120	NA
S010_DAY1_MINITWICE_3332	42	Port Input	1	3076907	31120	NA
S010_DAY1_MINITWICE_3332	42	Response	52	3077834	32047	1
S010_DAY1_MINITWICE_3332	42	Picture	36_T_RWTRIAD_RW_pincel_red.png	3088987	43200	1	1900	2	43200	1800
S010_DAY1_MINITWICE_3332	43	Picture	PW	3091087	0	1	43200	2	0	43200
S010_DAY1_MINITWICE_3332	43	Response	52	3106271	15184	1
S010_DAY1_MINITWICE_3332	43	Pulse	99	3112908	21821	NA
S010_DAY1_MINITWICE_3332	43	Port Input	1	3112908	21821	NA
S010_DAY1_MINITWICE_3332	43	Picture	37_T_PWTRIAD_PW_telefono_red.png	3134287	43200	1	1900	2	43200	1800
S010_DAY1_MINITWICE_3332	44	Picture	PW	3136386	0	2	43200	3	0	43200
S010_DAY1_MINITWICE_3332	44	Pulse	99	3148909	12523	NA
S010_DAY1_MINITWICE_3332	44	Port Input	1	3148909	12523	NA
S010_DAY1_MINITWICE_3332	44	Response	51	3150604	14218	1
S010_DAY1_MINITWICE_3332	44	Picture	38_T_PWTRIAD_PW_madera_red.png	3179586	43200	1	1900	2	43200	1800
S010_DAY1_MINITWICE_3332	45	Picture	PW	3181686	0	1	43200	2	0	43200
S010_DAY1_MINITWICE_3332	45	Pulse	99	3184910	3224	NA
S010_DAY1_MINITWICE_3332	45	Port Input	1	3184910	3224	NA
S010_DAY1_MINITWICE_3332	45	Response	52	3195796	14110	1
S010_DAY1_MINITWICE_3332	45	Pulse	99	3220911	39225	NA
S010_DAY1_MINITWICE_3332	45	Port Input	1	3220911	39225	NA
S010_DAY1_MINITWICE_3332	45	Picture	39_T_PWTRIAD_PW_arbol_red.png	3224886	43200	1	1900	2	43200	1800
S010_DAY1_MINITWICE_3332	46	Picture	PW	3226986	0	1	43200	2	0	43200
S010_DAY1_MINITWICE_3332	46	Response	52	3246944	19958	1
S010_DAY1_MINITWICE_3332	46	Pulse	99	3256912	29926	NA
S010_DAY1_MINITWICE_3332	46	Port Input	1	3256912	29926	NA
S010_DAY1_MINITWICE_3332	46	Picture	40_T_PWTRIAD_PW_anillo_red.png	3270186	43200	1	1900	2	43200	1800
S010_DAY1_MINITWICE_3332	47	Picture	rest	3272186	0	1	144099	3	0	144000
S010_DAY1_MINITWICE_3332	47	Pulse	99	3292913	20727	NA
S010_DAY1_MINITWICE_3332	47	Port Input	1	3292913	20727	NA
S010_DAY1_MINITWICE_3332	47	Pulse	99	3328914	56728	NA
S010_DAY1_MINITWICE_3332	47	Port Input	1	3328914	56728	NA
S010_DAY1_MINITWICE_3332	47	Pulse	99	3364915	92729	NA
S010_DAY1_MINITWICE_3332	47	Port Input	1	3364915	92729	NA
S010_DAY1_MINITWICE_3332	47	Pulse	99	3400916	128730	NA
S010_DAY1_MINITWICE_3332	47	Port Input	1	3400916	128730	NA
S010_DAY1_MINITWICE_3332	48	Picture	endrest	3416385	0	1	10100	2	0	10000
S010_DAY1_MINITWICE_3332	49	Picture	FF	3426685	0	1	43200	2	0	43200
S010_DAY1_MINITWICE_3332	49	Pulse	99	3436917	10232	NA
S010_DAY1_MINITWICE_3332	49	Port Input	1	3436917	10232	NA
S010_DAY1_MINITWICE_3332	49	Response	52	3451041	24356	1
S010_DAY1_MINITWICE_3332	49	Picture	43_T_FFTRIAD_FF_dedal_red.png	3469885	43200	1	1900	2	43200	1800
S010_DAY1_MINITWICE_3332	50	Picture	FF	3471985	0	1	43200	2	0	43200
S010_DAY1_MINITWICE_3332	50	Pulse	99	3472918	933	NA
S010_DAY1_MINITWICE_3332	50	Port Input	1	3472918	933	NA
S010_DAY1_MINITWICE_3332	50	Response	51	3495953	23968	1
S010_DAY1_MINITWICE_3332	50	Pulse	99	3508920	36935	NA
S010_DAY1_MINITWICE_3332	50	Port Input	1	3508920	36935	NA
S010_DAY1_MINITWICE_3332	50	Picture	44_T_FFTRIAD_FF_pluma_red.png	3515185	43200	1	1900	2	43200	1800
S010_DAY1_MINITWICE_3332	51	Picture	FF	3517285	0	1	43200	2	0	43200
S010_DAY1_MINITWICE_3332	51	Response	51	3531502	14217	1
S010_DAY1_MINITWICE_3332	51	Pulse	99	3544921	27636	NA
S010_DAY1_MINITWICE_3332	51	Port Input	1	3544921	27636	NA
S010_DAY1_MINITWICE_3332	51	Picture	45_T_FFTRIAD_FF_piramide_red.png	3560485	43200	1	1900	2	43200	1800
S010_DAY1_MINITWICE_3332	52	Picture	FF	3562585	0	1	43200	2	0	43200
S010_DAY1_MINITWICE_3332	52	Response	52	3579615	17030	1
S010_DAY1_MINITWICE_3332	52	Pulse	99	3580922	18337	NA
S010_DAY1_MINITWICE_3332	52	Port Input	1	3580922	18337	NA
S010_DAY1_MINITWICE_3332	52	Picture	46_T_FFTRIAD_FF_murcielago_red.png	3605785	43200	1	1900	2	43200	1800
S010_DAY1_MINITWICE_3332	53	Picture	PW	3607884	0	2	43200	4	0	43200
S010_DAY1_MINITWICE_3332	53	Pulse	99	3616923	9039	NA
S010_DAY1_MINITWICE_3332	53	Port Input	1	3616923	9039	NA
S010_DAY1_MINITWICE_3332	53	Response	51	3650102	42218	2
S010_DAY1_MINITWICE_3332	53	Picture	47_T_PWTRIAD_PW_tenedor_red.png	3651084	43200	2	1900	4	43200	1800
S010_DAY1_MINITWICE_3332	53	Pulse	99	3652924	45040	NA
S010_DAY1_MINITWICE_3332	53	Port Input	1	3652924	45040	NA
S010_DAY1_MINITWICE_3332	54	Picture	PW	3653184	0	2	43200	3	0	43200
S010_DAY1_MINITWICE_3332	54	Pulse	99	3688925	35741	NA
S010_DAY1_MINITWICE_3332	54	Port Input	1	3688925	35741	NA
S010_DAY1_MINITWICE_3332	54	Response	51	3689509	36325	1
S010_DAY1_MINITWICE_3332	54	Picture	48_T_PWTRIAD_PW_dado_red.png	3696384	43200	1	1900	2	43200	1800
S010_DAY1_MINITWICE_3332	55	Picture	PW	3698484	0	1	43200	2	0	43200
S010_DAY1_MINITWICE_3332	55	Pulse	99	3724926	26442	NA
S010_DAY1_MINITWICE_3332	55	Port Input	1	3724926	26442	NA
S010_DAY1_MINITWICE_3332	55	Response	52	3738706	40222	1
S010_DAY1_MINITWICE_3332	55	Picture	49_T_PWTRIAD_PW_queso_red.png	3741684	43200	1	1900	2	43200	1800
S010_DAY1_MINITWICE_3332	56	Picture	PW	3743784	0	1	43200	2	0	43200
S010_DAY1_MINITWICE_3332	56	Pulse	99	3760927	17143	NA
S010_DAY1_MINITWICE_3332	56	Port Input	1	3760927	17143	NA
S010_DAY1_MINITWICE_3332	56	Response	51	3774159	30375	1
S010_DAY1_MINITWICE_3332	56	Picture	50_T_PWTRIAD_PW_grapadora_red.png	3786984	43200	1	1900	2	43200	1800
S010_DAY1_MINITWICE_3332	57	Picture	rest	3788984	0	1	144099	2	0	144000
S010_DAY1_MINITWICE_3332	57	Pulse	99	3796928	7944	NA
S010_DAY1_MINITWICE_3332	57	Port Input	1	3796928	7944	NA
S010_DAY1_MINITWICE_3332	57	Pulse	99	3832929	43945	NA
S010_DAY1_MINITWICE_3332	57	Port Input	1	3832929	43945	NA
S010_DAY1_MINITWICE_3332	57	Pulse	99	3868930	79946	NA
S010_DAY1_MINITWICE_3332	57	Port Input	1	3868930	79946	NA
S010_DAY1_MINITWICE_3332	57	Pulse	99	3904932	115948	NA
S010_DAY1_MINITWICE_3332	57	Port Input	1	3904932	115948	NA
S010_DAY1_MINITWICE_3332	58	Picture	endrest	3933183	0	1	10100	2	0	10000
S010_DAY1_MINITWICE_3332	58	Pulse	99	3940933	7750	NA
S010_DAY1_MINITWICE_3332	58	Port Input	1	3940933	7750	NA
S010_DAY1_MINITWICE_3332	59	Picture	RW	3943583	0	1	43100	2	0	43200
S010_DAY1_MINITWICE_3332	59	Response	51	3975541	31958	1
S010_DAY1_MINITWICE_3332	59	Pulse	99	3976934	33351	NA
S010_DAY1_MINITWICE_3332	59	Port Input	1	3976934	33351	NA
S010_DAY1_MINITWICE_3332	59	Picture	53_T_RWTRIAD_RW_banera_red.png	3986683	43100	1	1900	2	43200	1800
S010_DAY1_MINITWICE_3332	60	Picture	RW	3988783	0	1	43200	2	0	43200
S010_DAY1_MINITWICE_3332	60	Pulse	99	4012935	24152	NA
S010_DAY1_MINITWICE_3332	60	Port Input	1	4012935	24152	NA
S010_DAY1_MINITWICE_3332	60	Picture	54_T_RWTRIAD_RW_molino_red.png	4031983	43200	1	1900	2	43200	1800
S010_DAY1_MINITWICE_3332	60	Response	51	4032784	44001	1
S010_DAY1_MINITWICE_3332	61	Picture	RW	4034083	0	1	43200	2	0	43200
S010_DAY1_MINITWICE_3332	61	Pulse	99	4048936	14853	NA
S010_DAY1_MINITWICE_3332	61	Port Input	1	4048936	14853	NA
S010_DAY1_MINITWICE_3332	61	Response	51	4053150	19067	1
S010_DAY1_MINITWICE_3332	61	Picture	55_T_RWTRIAD_RW_television_red.png	4077283	43200	1	1900	2	43200	1800
S010_DAY1_MINITWICE_3332	62	Picture	RW	4079383	0	1	43200	2	0	43200
S010_DAY1_MINITWICE_3332	62	Pulse	99	4084937	5554	NA
S010_DAY1_MINITWICE_3332	62	Port Input	1	4084937	5554	NA
S010_DAY1_MINITWICE_3332	62	Response	51	4108359	28976	1
S010_DAY1_MINITWICE_3332	62	Pulse	99	4120938	41555	NA
S010_DAY1_MINITWICE_3332	62	Port Input	1	4120938	41555	NA
S010_DAY1_MINITWICE_3332	62	Picture	56_T_RWTRIAD_RW_manos_red.png	4122583	43200	1	1899	3	43200	1800
S010_DAY1_MINITWICE_3332	63	Picture	FF	4124682	0	2	43200	3	0	43200
S010_DAY1_MINITWICE_3332	63	Response	52	4136429	11747	1
S010_DAY1_MINITWICE_3332	63	Pulse	99	4156939	32257	NA
S010_DAY1_MINITWICE_3332	63	Port Input	1	4156939	32257	NA
S010_DAY1_MINITWICE_3332	63	Picture	57_T_FFTRIAD_FF_madera_red.png	4167882	43200	1	1900	2	43200	1800
S010_DAY1_MINITWICE_3332	64	Picture	FF	4169982	0	1	43200	2	0	43200
S010_DAY1_MINITWICE_3332	64	Pulse	99	4192940	22958	NA
S010_DAY1_MINITWICE_3332	64	Port Input	1	4192940	22958	NA
S010_DAY1_MINITWICE_3332	64	Response	51	4204229	34247	1
S010_DAY1_MINITWICE_3332	64	Picture	58_T_FFTRIAD_FF_arbol_red.png	4213182	43200	1	1900	2	43200	1800
S010_DAY1_MINITWICE_3332	65	Picture	FF	4215282	0	1	43200	2	0	43200
S010_DAY1_MINITWICE_3332	65	Pulse	99	4228941	13659	NA
S010_DAY1_MINITWICE_3332	65	Port Input	1	4228941	13659	NA
S010_DAY1_MINITWICE_3332	65	Response	51	4229416	14134	1
S010_DAY1_MINITWICE_3332	65	Picture	59_T_FFTRIAD_FF_grapadora_red.png	4258482	43200	1	1900	2	43200	1800
S010_DAY1_MINITWICE_3332	66	Picture	FF	4260582	0	1	43200	2	0	43200
S010_DAY1_MINITWICE_3332	66	Pulse	99	4264942	4360	NA
S010_DAY1_MINITWICE_3332	66	Port Input	1	4264942	4360	NA
S010_DAY1_MINITWICE_3332	66	Response	52	4272645	12063	1
S010_DAY1_MINITWICE_3332	66	Pulse	99	4300944	40362	NA
S010_DAY1_MINITWICE_3332	66	Port Input	1	4300944	40362	NA
S010_DAY1_MINITWICE_3332	66	Picture	60_T_FFTRIAD_FF_cerillas_red.png	4303782	43200	1	1900	2	43200	1800
S010_DAY1_MINITWICE_3332	67	Picture	rest	4305782	0	1	144099	2	0	144000
S010_DAY1_MINITWICE_3332	67	Pulse	99	4336945	31163	NA
S010_DAY1_MINITWICE_3332	67	Port Input	1	4336945	31163	NA
S010_DAY1_MINITWICE_3332	67	Pulse	99	4372946	67164	NA
S010_DAY1_MINITWICE_3332	67	Port Input	1	4372946	67164	NA
S010_DAY1_MINITWICE_3332	67	Pulse	99	4408947	103165	NA
S010_DAY1_MINITWICE_3332	67	Port Input	1	4408947	103165	NA
S010_DAY1_MINITWICE_3332	67	Pulse	99	4444948	139166	NA
S010_DAY1_MINITWICE_3332	67	Port Input	1	4444948	139166	NA
S010_DAY1_MINITWICE_3332	68	Picture	endrest	4449981	0	2	10100	3	0	10000
S010_DAY1_MINITWICE_3332	69	Picture	FF	4460281	0	2	43200	3	0	43200
S010_DAY1_MINITWICE_3332	69	Pulse	99	4480949	20668	NA
S010_DAY1_MINITWICE_3332	69	Port Input	1	4480949	20668	NA
S010_DAY1_MINITWICE_3332	69	Response	51	4484514	24233	1
S010_DAY1_MINITWICE_3332	69	Picture	63_T_FFTRIAD_FF_arco_red.png	4503481	43200	1	1900	2	43200	1800
S010_DAY1_MINITWICE_3332	70	Picture	FF	4505581	0	1	43200	2	0	43200
S010_DAY1_MINITWICE_3332	70	Pulse	99	4516950	11369	NA
S010_DAY1_MINITWICE_3332	70	Port Input	1	4516950	11369	NA
S010_DAY1_MINITWICE_3332	70	Response	52	4524854	19273	1
S010_DAY1_MINITWICE_3332	70	Picture	64_T_FFTRIAD_FF_iglu_red.png	4548781	43200	1	1900	2	43200	1800
S010_DAY1_MINITWICE_3332	71	Picture	FF	4550880	0	2	43201	3	0	43200
S010_DAY1_MINITWICE_3332	71	Pulse	99	4552951	2071	NA
S010_DAY1_MINITWICE_3332	71	Port Input	1	4552951	2071	NA
S010_DAY1_MINITWICE_3332	71	Response	52	4576411	25531	1
S010_DAY1_MINITWICE_3332	71	Pulse	99	4588952	38072	NA
S010_DAY1_MINITWICE_3332	71	Port Input	1	4588952	38072	NA
S010_DAY1_MINITWICE_3332	71	Picture	65_T_FFTRIAD_FF_raton_red.png	4594081	43201	1	1899	3	43200	1800
S010_DAY1_MINITWICE_3332	72	Picture	FF	4596180	0	2	43200	4	0	43200
S010_DAY1_MINITWICE_3332	72	Response	52	4614052	17872	1
S010_DAY1_MINITWICE_3332	72	Pulse	99	4624953	28773	NA
S010_DAY1_MINITWICE_3332	72	Port Input	1	4624953	28773	NA
S010_DAY1_MINITWICE_3332	72	Picture	66_T_FFTRIAD_FF_paraguas_red.png	4639380	43200	2	1900	4	43200	1800
S010_DAY1_MINITWICE_3332	73	Picture	FF	4641480	0	1	43200	2	0	43200
S010_DAY1_MINITWICE_3332	73	Pulse	99	4660954	19474	NA
S010_DAY1_MINITWICE_3332	73	Port Input	1	4660954	19474	NA
S010_DAY1_MINITWICE_3332	73	Response	52	4668056	26576	2
S010_DAY1_MINITWICE_3332	73	Picture	67_T_FFTRIAD_FF_anillo_red.png	4684680	43200	1	1900	2	43200	1800
S010_DAY1_MINITWICE_3332	74	Picture	FF	4686780	0	1	43200	2	0	43200
S010_DAY1_MINITWICE_3332	74	Pulse	99	4696956	10176	NA
S010_DAY1_MINITWICE_3332	74	Port Input	1	4696956	10176	NA
S010_DAY1_MINITWICE_3332	74	Response	52	4706740	19960	1
S010_DAY1_MINITWICE_3332	74	Picture	68_T_FFTRIAD_FF_sobre_red.png	4729980	43200	1	1900	2	43200	1800
S010_DAY1_MINITWICE_3332	75	Picture	FF	4732080	0	1	43200	2	0	43200
S010_DAY1_MINITWICE_3332	75	Pulse	99	4732957	877	NA
S010_DAY1_MINITWICE_3332	75	Port Input	1	4732957	877	NA
S010_DAY1_MINITWICE_3332	75	Response	52	4744361	12281	1
S010_DAY1_MINITWICE_3332	75	Pulse	99	4768958	36878	NA
S010_DAY1_MINITWICE_3332	75	Port Input	1	4768958	36878	NA
S010_DAY1_MINITWICE_3332	75	Picture	69_T_FFTRIAD_FF_carruaje_red.png	4775280	43200	1	1900	2	43200	1800
S010_DAY1_MINITWICE_3332	76	Picture	FF	4777380	0	1	43199	3	0	43200
S010_DAY1_MINITWICE_3332	76	Pulse	99	4804959	27579	NA
S010_DAY1_MINITWICE_3332	76	Port Input	1	4804959	27579	NA
S010_DAY1_MINITWICE_3332	76	Response	51	4818711	41331	1
S010_DAY1_MINITWICE_3332	76	Picture	70_T_FFTRIAD_FF_granjero_red.png	4820579	43199	2	1901	3	43200	1800
S010_DAY1_MINITWICE_3332	76	Response	52	4822247	44867	1
S010_DAY1_MINITWICE_3332	77	Picture	rest	4822580	0	1	144099	2	0	144000
S010_DAY1_MINITWICE_3332	77	Pulse	99	4840960	18380	NA
S010_DAY1_MINITWICE_3332	77	Port Input	1	4840960	18380	NA
S010_DAY1_MINITWICE_3332	77	Pulse	99	4876961	54381	NA
S010_DAY1_MINITWICE_3332	77	Port Input	1	4876961	54381	NA
S010_DAY1_MINITWICE_3332	77	Pulse	99	4912962	90382	NA
S010_DAY1_MINITWICE_3332	77	Port Input	1	4912962	90382	NA
S010_DAY1_MINITWICE_3332	77	Pulse	99	4948963	126383	NA
S010_DAY1_MINITWICE_3332	77	Port Input	1	4948963	126383	NA
S010_DAY1_MINITWICE_3332	78	Picture	endrest	4966779	0	1	10100	2	0	10000
S010_DAY1_MINITWICE_3332	79	Picture	RW	4977079	0	1	43200	2	0	43200
S010_DAY1_MINITWICE_3332	79	Pulse	99	4984964	7885	NA
S010_DAY1_MINITWICE_3332	79	Port Input	1	4984964	7885	NA
S010_DAY1_MINITWICE_3332	79	Response	52	5005240	28161	1
S010_DAY1_MINITWICE_3332	79	Picture	73_T_RWTRIAD_RW_agua_red.png	5020279	43200	1	1900	2	43200	1800
S010_DAY1_MINITWICE_3332	79	Pulse	99	5020965	43886	NA
S010_DAY1_MINITWICE_3332	79	Port Input	1	5020965	43886	NA
S010_DAY1_MINITWICE_3332	80	Picture	RW	5022379	0	1	43200	2	0	43200
S010_DAY1_MINITWICE_3332	80	Response	51	5038666	16287	1
S010_DAY1_MINITWICE_3332	80	Pulse	99	5056966	34587	NA
S010_DAY1_MINITWICE_3332	80	Port Input	1	5056966	34587	NA
S010_DAY1_MINITWICE_3332	80	Picture	74_T_RWTRIAD_RW_dedal_red.png	5065579	43200	1	1900	2	43200	1800
S010_DAY1_MINITWICE_3332	81	Picture	RW	5067679	0	1	43200	2	0	43200
S010_DAY1_MINITWICE_3332	81	Pulse	99	5092968	25289	NA
S010_DAY1_MINITWICE_3332	81	Port Input	1	5092968	25289	NA
S010_DAY1_MINITWICE_3332	81	Response	51	5095889	28210	1
S010_DAY1_MINITWICE_3332	81	Picture	75_T_RWTRIAD_RW_telefono_red.png	5110879	43200	1	1900	2	43200	1800
S010_DAY1_MINITWICE_3332	82	Picture	RW	5112978	0	2	43200	3	0	43200
S010_DAY1_MINITWICE_3332	82	Pulse	99	5128969	15991	NA
S010_DAY1_MINITWICE_3332	82	Port Input	1	5128969	15991	NA
S010_DAY1_MINITWICE_3332	82	Picture	76_T_RWTRIAD_RW_llave_red.png	5156178	43200	1	1900	2	43200	1800
S010_DAY1_MINITWICE_3332	82	Response	52	5156478	43500	1
S010_DAY1_MINITWICE_3332	83	Picture	FF	5158278	0	1	43200	2	0	43200
S010_DAY1_MINITWICE_3332	83	Pulse	99	5164970	6692	NA
S010_DAY1_MINITWICE_3332	83	Port Input	1	5164970	6692	NA
S010_DAY1_MINITWICE_3332	83	Response	52	5168633	10355	1
S010_DAY1_MINITWICE_3332	83	Pulse	99	5200971	42693	NA
S010_DAY1_MINITWICE_3332	83	Port Input	1	5200971	42693	NA
S010_DAY1_MINITWICE_3332	83	Picture	77_T_FFTRIAD_FF_telarana_red.png	5201478	43200	1	1900	2	43200	1800
S010_DAY1_MINITWICE_3332	84	Picture	FF	5203566	0	30	43212	31	0	43200
S010_DAY1_MINITWICE_3332	84	Response	51	5214313	10747	1
S010_DAY1_MINITWICE_3332	84	Pulse	99	5236972	33406	NA
S010_DAY1_MINITWICE_3332	84	Port Input	1	5236972	33406	NA
S010_DAY1_MINITWICE_3332	84	Picture	78_T_FFTRIAD_FF_teclado_red.png	5246778	43212	1	1900	2	43200	1800
S010_DAY1_MINITWICE_3332	85	Picture	FF	5248878	0	1	43200	2	0	43200
S010_DAY1_MINITWICE_3332	85	Response	51	5271645	22767	1
S010_DAY1_MINITWICE_3332	85	Pulse	99	5272973	24095	NA
S010_DAY1_MINITWICE_3332	85	Port Input	1	5272973	24095	NA
S010_DAY1_MINITWICE_3332	85	Picture	79_T_FFTRIAD_FF_dado_red.png	5292078	43200	1	1900	2	43200	1800
S010_DAY1_MINITWICE_3332	86	Picture	FF	5294178	0	1	43200	2	0	43200
S010_DAY1_MINITWICE_3332	86	Pulse	99	5308974	14796	NA
S010_DAY1_MINITWICE_3332	86	Port Input	1	5308974	14796	NA
S010_DAY1_MINITWICE_3332	86	Response	52	5327184	33006	1
S010_DAY1_MINITWICE_3332	86	Picture	80_T_FFTRIAD_FF_manos_red.png	5337378	43200	1	1900	2	43200	1800
S010_DAY1_MINITWICE_3332	87	Picture	rest	5339378	0	1	144099	2	0	144000
S010_DAY1_MINITWICE_3332	87	Pulse	99	5344975	5597	NA
S010_DAY1_MINITWICE_3332	87	Port Input	1	5344975	5597	NA
S010_DAY1_MINITWICE_3332	87	Pulse	99	5380976	41598	NA
S010_DAY1_MINITWICE_3332	87	Port Input	1	5380976	41598	NA
S010_DAY1_MINITWICE_3332	87	Pulse	99	5416977	77599	NA
S010_DAY1_MINITWICE_3332	87	Port Input	1	5416977	77599	NA
S010_DAY1_MINITWICE_3332	87	Pulse	99	5452978	113600	NA
S010_DAY1_MINITWICE_3332	87	Port Input	1	5452978	113600	NA
S010_DAY1_MINITWICE_3332	88	Picture	endrest	5483577	0	1	10100	2	0	10000
S010_DAY1_MINITWICE_3332	88	Pulse	99	5488980	5403	NA
S010_DAY1_MINITWICE_3332	88	Port Input	1	5488980	5403	NA
S010_DAY1_MINITWICE_3332	89	Picture	RW	5493877	0	1	43200	2	0	43200
S010_DAY1_MINITWICE_3332	89	Pulse	99	5524981	31104	NA
S010_DAY1_MINITWICE_3332	89	Port Input	1	5524981	31104	NA
S010_DAY1_MINITWICE_3332	89	Response	51	5527310	33433	1
S010_DAY1_MINITWICE_3332	89	Picture	83_T_RWTRIAD_RW_bala_red.png	5537077	43200	1	1900	2	43200	1800
S010_DAY1_MINITWICE_3332	90	Picture	RW	5539177	0	1	43200	2	0	43200
S010_DAY1_MINITWICE_3332	90	Response	52	5559718	20541	1
S010_DAY1_MINITWICE_3332	90	Pulse	99	5560982	21805	NA
S010_DAY1_MINITWICE_3332	90	Port Input	1	5560982	21805	NA
S010_DAY1_MINITWICE_3332	90	Picture	84_T_RWTRIAD_RW_futbol_red.png	5582377	43200	1	1900	2	43200	1800
S010_DAY1_MINITWICE_3332	91	Picture	RW	5584477	0	1	43199	3	0	43200
S010_DAY1_MINITWICE_3332	91	Pulse	99	5596983	12506	NA
S010_DAY1_MINITWICE_3332	91	Port Input	1	5596983	12506	NA
S010_DAY1_MINITWICE_3332	91	Response	52	5612437	27960	1
S010_DAY1_MINITWICE_3332	91	Picture	85_T_RWTRIAD_RW_arbol_red.png	5627676	43199	2	1900	4	43200	1800
S010_DAY1_MINITWICE_3332	92	Picture	RW	5629776	0	2	43200	3	0	43200
S010_DAY1_MINITWICE_3332	92	Pulse	99	5632984	3208	NA
S010_DAY1_MINITWICE_3332	92	Port Input	1	5632984	3208	NA
S010_DAY1_MINITWICE_3332	92	Response	52	5654250	24474	1
S010_DAY1_MINITWICE_3332	92	Pulse	99	5668985	39209	NA
S010_DAY1_MINITWICE_3332	92	Port Input	1	5668985	39209	NA
S010_DAY1_MINITWICE_3332	92	Picture	86_T_RWTRIAD_RW_anillo_red.png	5672976	43200	1	1900	2	43200	1800
S010_DAY1_MINITWICE_3332	93	Picture	RW	5675076	0	1	43200	2	0	43200
S010_DAY1_MINITWICE_3332	93	Response	51	5704986	29910	2
S010_DAY1_MINITWICE_3332	93	Pulse	99	5704986	29910	NA
S010_DAY1_MINITWICE_3332	93	Port Input	1	5704986	29910	NA
S010_DAY1_MINITWICE_3332	93	Picture	87_T_RWTRIAD_RW_carruaje_red.png	5718276	43200	1	1900	2	43200	1800
S010_DAY1_MINITWICE_3332	94	Picture	RW	5720376	0	1	43200	2	0	43200
S010_DAY1_MINITWICE_3332	94	Pulse	99	5740987	20611	NA
S010_DAY1_MINITWICE_3332	94	Port Input	1	5740987	20611	NA
S010_DAY1_MINITWICE_3332	94	Picture	88_T_RWTRIAD_RW_ascensor_red.png	5763576	43200	1	1900	2	43200	1800
S010_DAY1_MINITWICE_3332	94	Response	51	5764550	44174	1
S010_DAY1_MINITWICE_3332	95	Picture	RW	5765676	0	1	43200	2	0	43200
S010_DAY1_MINITWICE_3332	95	Pulse	99	5776988	11312	NA
S010_DAY1_MINITWICE_3332	95	Port Input	1	5776988	11312	NA
S010_DAY1_MINITWICE_3332	95	Response	52	5805206	39530	2
S010_DAY1_MINITWICE_3332	95	Picture	89_T_RWTRIAD_RW_dado_red.png	5808876	43200	1	1900	2	43200	1800
S010_DAY1_MINITWICE_3332	96	Picture	RW	5810976	0	1	43199	3	0	43200
S010_DAY1_MINITWICE_3332	96	Pulse	99	5812989	2013	NA
S010_DAY1_MINITWICE_3332	96	Port Input	1	5812989	2013	NA
S010_DAY1_MINITWICE_3332	96	Response	51	5837536	26560	1
S010_DAY1_MINITWICE_3332	96	Pulse	99	5848990	38014	NA
S010_DAY1_MINITWICE_3332	96	Port Input	1	5848990	38014	NA
S010_DAY1_MINITWICE_3332	96	Picture	90_T_RWTRIAD_RW_botella_red.png	5854175	43199	2	1900	4	43200	1800
S010_DAY1_MINITWICE_3332	97	Picture	rest	5856175	0	2	144100	3	0	144000
S010_DAY1_MINITWICE_3332	97	Pulse	99	5884992	28817	NA
S010_DAY1_MINITWICE_3332	97	Port Input	1	5884992	28817	NA
S010_DAY1_MINITWICE_3332	97	Pulse	99	5920993	64818	NA
S010_DAY1_MINITWICE_3332	97	Port Input	1	5920993	64818	NA
S010_DAY1_MINITWICE_3332	97	Pulse	99	5956994	100819	NA
S010_DAY1_MINITWICE_3332	97	Port Input	1	5956994	100819	NA
S010_DAY1_MINITWICE_3332	97	Pulse	99	5992995	136820	NA
S010_DAY1_MINITWICE_3332	97	Port Input	1	5992995	136820	NA
S010_DAY1_MINITWICE_3332	98	Picture	endrest	6000375	0	1	10100	2	0	10000
S010_DAY1_MINITWICE_3332	99	Picture	RW	6010675	0	1	43200	2	0	43200
S010_DAY1_MINITWICE_3332	99	Pulse	99	6028996	18321	NA
S010_DAY1_MINITWICE_3332	99	Port Input	1	6028996	18321	NA
S010_DAY1_MINITWICE_3332	99	Response	52	6040765	30090	1
S010_DAY1_MINITWICE_3332	99	Picture	93_T_RWTRIAD_RW_paraguas_red.png	6053875	43200	1	1900	2	43200	1800
S010_DAY1_MINITWICE_3332	100	Picture	RW	6056075	0	1	43099	3	0	43200
S010_DAY1_MINITWICE_3332	100	Pulse	99	6064997	8922	NA
S010_DAY1_MINITWICE_3332	100	Port Input	1	6064997	8922	NA
S010_DAY1_MINITWICE_3332	100	Response	51	6087354	31279	1
S010_DAY1_MINITWICE_3332	100	Picture	94_T_RWTRIAD_RW_piramide_red.png	6099174	43099	2	1900	4	43200	1800
S010_DAY1_MINITWICE_3332	100	Pulse	99	6100998	44923	NA
S010_DAY1_MINITWICE_3332	100	Port Input	1	6100998	44923	NA
S010_DAY1_MINITWICE_3332	101	Picture	RW	6101274	0	2	43200	3	0	43200
S010_DAY1_MINITWICE_3332	101	Response	52	6130568	29294	1
S010_DAY1_MINITWICE_3332	101	Pulse	99	6136999	35725	NA
S010_DAY1_MINITWICE_3332	101	Port Input	1	6136999	35725	NA
S010_DAY1_MINITWICE_3332	101	Picture	95_T_RWTRIAD_RW_arco_red.png	6144474	43200	1	1900	2	43200	1800
S010_DAY1_MINITWICE_3332	102	Picture	RW	6146574	0	1	43200	2	0	43200
S010_DAY1_MINITWICE_3332	102	Response	52	6166631	20057	1
S010_DAY1_MINITWICE_3332	102	Pulse	99	6173000	26426	NA
S010_DAY1_MINITWICE_3332	102	Port Input	1	6173000	26426	NA
S010_DAY1_MINITWICE_3332	102	Picture	96_T_RWTRIAD_RW_destornillador_red.png	6189774	43200	1	1898	5	43200	1800
S010_DAY1_MINITWICE_3332	103	Picture	PW	6191874	0	1	43200	2	0	43200
S010_DAY1_MINITWICE_3332	103	Pulse	99	6209001	17127	NA
S010_DAY1_MINITWICE_3332	103	Port Input	1	6209001	17127	NA
S010_DAY1_MINITWICE_3332	103	Response	51	6222028	30154	1
S010_DAY1_MINITWICE_3332	103	Picture	97_T_PWTRIAD_PW_novia_red.png	6235074	43200	1	1900	2	43200	1800
S010_DAY1_MINITWICE_3332	104	Picture	PW	6237174	0	1	43200	2	0	43200
S010_DAY1_MINITWICE_3332	104	Pulse	99	6245003	7829	NA
S010_DAY1_MINITWICE_3332	104	Port Input	1	6245003	7829	NA
S010_DAY1_MINITWICE_3332	104	Picture	98_T_PWTRIAD_PW_pilas_red.png	6280374	43200	1	1900	2	43200	1800
S010_DAY1_MINITWICE_3332	104	Pulse	99	6281004	43830	NA
S010_DAY1_MINITWICE_3332	104	Port Input	1	6281004	43830	NA
S010_DAY1_MINITWICE_3332	104	Response	52	6281466	44292	1
S010_DAY1_MINITWICE_3332	105	Picture	PW	6282474	0	1	43200	2	0	43200
S010_DAY1_MINITWICE_3332	105	Response	52	6306927	24453	1
S010_DAY1_MINITWICE_3332	105	Pulse	99	6317005	34531	NA
S010_DAY1_MINITWICE_3332	105	Port Input	1	6317005	34531	NA
S010_DAY1_MINITWICE_3332	105	Picture	99_T_PWTRIAD_PW_zanahoria_red.png	6325674	43200	1	1900	2	43200	1800
S010_DAY1_MINITWICE_3332	106	Picture	PW	6327774	0	1	43199	2	0	43200
S010_DAY1_MINITWICE_3332	106	Pulse	99	6353006	25232	NA
S010_DAY1_MINITWICE_3332	106	Port Input	1	6353006	25232	NA
S010_DAY1_MINITWICE_3332	106	Response	52	6354270	26496	1
S010_DAY1_MINITWICE_3332	106	Picture	100_T_PWTRIAD_PW_lechuga_red.png	6370973	43199	1	1900	3	43200	1800
S010_DAY1_MINITWICE_3332	107	Picture	rest	6372973	0	1	144100	2	0	144000
S010_DAY1_MINITWICE_3332	107	Pulse	99	6389007	16034	NA
S010_DAY1_MINITWICE_3332	107	Port Input	1	6389007	16034	NA
S010_DAY1_MINITWICE_3332	107	Pulse	99	6425008	52035	NA
S010_DAY1_MINITWICE_3332	107	Port Input	1	6425008	52035	NA
S010_DAY1_MINITWICE_3332	107	Pulse	99	6461009	88036	NA
S010_DAY1_MINITWICE_3332	107	Port Input	1	6461009	88036	NA
S010_DAY1_MINITWICE_3332	107	Pulse	99	6497010	124037	NA
S010_DAY1_MINITWICE_3332	107	Port Input	1	6497010	124037	NA
S010_DAY1_MINITWICE_3332	108	Picture	endrest	6517173	0	1	10100	2	0	10000
S010_DAY1_MINITWICE_3332	109	Picture	FF	6527473	0	1	43200	2	0	43200
S010_DAY1_MINITWICE_3332	109	Pulse	99	6533011	5538	NA
S010_DAY1_MINITWICE_3332	109	Port Input	1	6533011	5538	NA
S010_DAY1_MINITWICE_3332	109	Response	52	6548299	20826	1
S010_DAY1_MINITWICE_3332	109	Pulse	99	6569012	41539	NA
S010_DAY1_MINITWICE_3332	109	Port Input	1	6569012	41539	NA
S010_DAY1_MINITWICE_3332	109	Picture	103_T_FFTRIAD_FF_chupete_red.png	6570673	43200	1	1900	2	43200	1800
S010_DAY1_MINITWICE_3332	110	Picture	FF	6572773	0	1	43199	3	0	43200
S010_DAY1_MINITWICE_3332	110	Response	52	6601365	28592	1
S010_DAY1_MINITWICE_3332	110	Pulse	99	6605013	32240	NA
S010_DAY1_MINITWICE_3332	110	Port Input	1	6605013	32240	NA
S010_DAY1_MINITWICE_3332	110	Picture	104_T_FFTRIAD_FF_plato_red.png	6615972	43199	2	1900	4	43200	1800
S010_DAY1_MINITWICE_3332	111	Picture	FF	6618072	0	1	43200	2	0	43200
S010_DAY1_MINITWICE_3332	111	Pulse	99	6641014	22942	NA
S010_DAY1_MINITWICE_3332	111	Port Input	1	6641014	22942	NA
S010_DAY1_MINITWICE_3332	111	Picture	105_T_FFTRIAD_FF_violin_red.png	6661272	43200	1	1900	2	43200	1800
S010_DAY1_MINITWICE_3332	111	Response	52	6662283	44211	1
S010_DAY1_MINITWICE_3332	112	Picture	FF	6663372	0	1	43200	2	0	43200
S010_DAY1_MINITWICE_3332	112	Pulse	99	6677015	13643	NA
S010_DAY1_MINITWICE_3332	112	Port Input	1	6677015	13643	NA
S010_DAY1_MINITWICE_3332	112	Response	51	6684683	21311	1
S010_DAY1_MINITWICE_3332	112	Picture	106_T_FFTRIAD_FF_lechuga_red.png	6706572	43200	1	1900	2	43200	1800
S010_DAY1_MINITWICE_3332	113	Picture	PW	6708672	0	1	43200	2	0	43200
S010_DAY1_MINITWICE_3332	113	Pulse	99	6713017	4345	NA
S010_DAY1_MINITWICE_3332	113	Port Input	1	6713017	4345	NA
S010_DAY1_MINITWICE_3332	113	Response	51	6744247	35575	1
S010_DAY1_MINITWICE_3332	113	Pulse	99	6749018	40346	NA
S010_DAY1_MINITWICE_3332	113	Port Input	1	6749018	40346	NA
S010_DAY1_MINITWICE_3332	113	Picture	107_T_PWTRIAD_PW_teclado_red.png	6751872	43200	1	1900	2	43200	1800
S010_DAY1_MINITWICE_3332	114	Picture	PW	6753972	0	1	43200	2	0	43200
S010_DAY1_MINITWICE_3332	114	Response	52	6784584	30612	1
S010_DAY1_MINITWICE_3332	114	Pulse	99	6785019	31047	NA
S010_DAY1_MINITWICE_3332	114	Port Input	1	6785019	31047	NA
S010_DAY1_MINITWICE_3332	114	Picture	108_T_PWTRIAD_PW_botella_red.png	6797172	43200	1	1900	2	43200	1800
S010_DAY1_MINITWICE_3332	115	Picture	PW	6799272	0	1	43199	3	0	43200
S010_DAY1_MINITWICE_3332	115	Pulse	99	6821020	21748	NA
S010_DAY1_MINITWICE_3332	115	Port Input	1	6821020	21748	NA
S010_DAY1_MINITWICE_3332	115	Picture	109_T_PWTRIAD_PW_sombrilla_red.png	6842471	43199	2	1900	4	43200	1800
S010_DAY1_MINITWICE_3332	116	Picture	PW	6844572	0	1	43199	2	0	43200
S010_DAY1_MINITWICE_3332	116	Response	52	6844637	65	1
S010_DAY1_MINITWICE_3332	116	Pulse	99	6857021	12449	NA
S010_DAY1_MINITWICE_3332	116	Port Input	1	6857021	12449	NA
S010_DAY1_MINITWICE_3332	116	Picture	110_T_PWTRIAD_PW_tijera_red.png	6887771	43199	1	1900	2	43200	1800
S010_DAY1_MINITWICE_3332	116	Response	52	6888004	43432	3
S010_DAY1_MINITWICE_3332	117	Picture	rest	6889771	0	1	144100	2	0	144000
S010_DAY1_MINITWICE_3332	117	Pulse	99	6893022	3251	NA
S010_DAY1_MINITWICE_3332	117	Port Input	1	6893022	3251	NA
S010_DAY1_MINITWICE_3332	117	Pulse	99	6929023	39252	NA
S010_DAY1_MINITWICE_3332	117	Port Input	1	6929023	39252	NA
S010_DAY1_MINITWICE_3332	117	Pulse	99	6965024	75253	NA
S010_DAY1_MINITWICE_3332	117	Port Input	1	6965024	75253	NA
S010_DAY1_MINITWICE_3332	117	Pulse	99	7001025	111254	NA
S010_DAY1_MINITWICE_3332	117	Port Input	1	7001025	111254	NA
S010_DAY1_MINITWICE_3332	118	Picture	endrest	7033971	0	1	10100	2	0	10000
S010_DAY1_MINITWICE_3332	118	Pulse	99	7037026	3055	NA
S010_DAY1_MINITWICE_3332	118	Port Input	1	7037026	3055	NA
S010_DAY1_MINITWICE_3332	119	Picture	PW	7044271	0	1	43199	3	0	43200
S010_DAY1_MINITWICE_3332	119	Pulse	99	7073028	28757	NA
S010_DAY1_MINITWICE_3332	119	Port Input	1	7073028	28757	NA
S010_DAY1_MINITWICE_3332	119	Response	52	7078939	34668	1
S010_DAY1_MINITWICE_3332	119	Picture	113_T_PWTRIAD_PW_mono_red.png	7087470	43199	2	1900	4	43200	1800
S010_DAY1_MINITWICE_3332	120	Picture	PW	7089570	0	2	43200	3	0	43200
S010_DAY1_MINITWICE_3332	120	Pulse	99	7109029	19459	NA
S010_DAY1_MINITWICE_3332	120	Port Input	1	7109029	19459	NA
S010_DAY1_MINITWICE_3332	120	Response	52	7117849	28279	1
S010_DAY1_MINITWICE_3332	120	Picture	114_T_PWTRIAD_PW_cerillas_red.png	7132770	43200	1	1900	2	43200	1800
S010_DAY1_MINITWICE_3332	121	Picture	PW	7134870	0	1	43200	2	0	43200
S010_DAY1_MINITWICE_3332	121	Pulse	99	7145030	10160	NA
S010_DAY1_MINITWICE_3332	121	Port Input	1	7145030	10160	NA
S010_DAY1_MINITWICE_3332	121	Response	52	7177945	43075	1
S010_DAY1_MINITWICE_3332	121	Picture	115_T_PWTRIAD_PW_policia_red.png	7178070	43200	1	1900	2	43200	1800
S010_DAY1_MINITWICE_3332	122	Picture	PW	7180170	0	1	43200	2	0	43200
S010_DAY1_MINITWICE_3332	122	Pulse	99	7181031	861	NA
S010_DAY1_MINITWICE_3332	122	Port Input	1	7181031	861	NA
S010_DAY1_MINITWICE_3332	122	Response	52	7197375	17205	1
S010_DAY1_MINITWICE_3332	122	Pulse	99	7217032	36862	NA
S010_DAY1_MINITWICE_3332	122	Port Input	1	7217032	36862	NA
S010_DAY1_MINITWICE_3332	122	Picture	116_T_PWTRIAD_PW_charco_red.png	7223370	43200	1	1900	2	43200	1800
S010_DAY1_MINITWICE_3332	123	Picture	RW	7225470	0	1	43200	2	0	43200
S010_DAY1_MINITWICE_3332	123	Response	51	7240433	14963	1
S010_DAY1_MINITWICE_3332	123	Pulse	99	7253033	27563	NA
S010_DAY1_MINITWICE_3332	123	Port Input	1	7253033	27563	NA
S010_DAY1_MINITWICE_3332	123	Picture	117_T_RWTRIAD_RW_telarana_red.png	7268670	43200	1	1900	2	43200	1800
S010_DAY1_MINITWICE_3332	124	Picture	RW	7270770	0	1	43200	2	0	43200
S010_DAY1_MINITWICE_3332	124	Pulse	99	7289034	18264	NA
S010_DAY1_MINITWICE_3332	124	Port Input	1	7289034	18264	NA
S010_DAY1_MINITWICE_3332	124	Response	52	7290898	20128	1
S010_DAY1_MINITWICE_3332	124	Picture	118_T_RWTRIAD_RW_martillo_red.png	7313970	43200	1	1900	2	43200	1800
S010_DAY1_MINITWICE_3332	125	Picture	RW	7316070	0	1	43199	3	0	43200
S010_DAY1_MINITWICE_3332	125	Pulse	99	7325035	8965	NA
S010_DAY1_MINITWICE_3332	125	Port Input	1	7325035	8965	NA
S010_DAY1_MINITWICE_3332	125	Response	51	7338283	22213	1
S010_DAY1_MINITWICE_3332	125	Picture	119_T_RWTRIAD_RW_granjero_red.png	7359269	43199	2	1900	3	43200	1800
S010_DAY1_MINITWICE_3332	125	Pulse	99	7361036	44966	NA
S010_DAY1_MINITWICE_3332	125	Port Input	1	7361036	44966	NA
S010_DAY1_MINITWICE_3332	126	Picture	RW	7361369	0	1	43200	2	0	43200
S010_DAY1_MINITWICE_3332	126	Pulse	99	7397037	35668	NA
S010_DAY1_MINITWICE_3332	126	Port Input	1	7397037	35668	NA
S010_DAY1_MINITWICE_3332	126	Response	51	7401079	39710	1
S010_DAY1_MINITWICE_3332	126	Picture	120_T_RWTRIAD_RW_candado_red.png	7404569	43200	1	1900	2	43200	1800
S010_DAY1_MINITWICE_3332	127	Picture	rest	7406569	0	1	144100	2	0	144000
S010_DAY1_MINITWICE_3332	127	Pulse	99	7433038	26469	NA
S010_DAY1_MINITWICE_3332	127	Port Input	1	7433038	26469	NA
S010_DAY1_MINITWICE_3332	127	Pulse	99	7469039	62470	NA
S010_DAY1_MINITWICE_3332	127	Port Input	1	7469039	62470	NA
S010_DAY1_MINITWICE_3332	127	Pulse	99	7505041	98472	NA
S010_DAY1_MINITWICE_3332	127	Port Input	1	7505041	98472	NA
S010_DAY1_MINITWICE_3332	127	Pulse	99	7541042	134473	NA
S010_DAY1_MINITWICE_3332	127	Port Input	1	7541042	134473	NA
S010_DAY1_MINITWICE_3332	128	Picture	endrest	7550769	0	1	10100	2	0	10000
S010_DAY1_MINITWICE_3332	129	Picture	FF	7561069	0	1	43199	3	0	43200
S010_DAY1_MINITWICE_3332	129	Response	51	7572149	11080	1
S010_DAY1_MINITWICE_3332	129	Pulse	99	7577043	15974	NA
S010_DAY1_MINITWICE_3332	129	Port Input	1	7577043	15974	NA
S010_DAY1_MINITWICE_3332	129	Picture	123_T_FFTRIAD_FF_martillo_red.png	7604268	43199	2	1900	4	43200	1800
S010_DAY1_MINITWICE_3332	130	Picture	FF	7606368	0	2	43200	4	0	43200
S010_DAY1_MINITWICE_3332	130	Pulse	99	7613044	6676	NA
S010_DAY1_MINITWICE_3332	130	Port Input	1	7613044	6676	NA
S010_DAY1_MINITWICE_3332	130	Response	51	7619355	12987	1
S010_DAY1_MINITWICE_3332	130	Pulse	99	7649045	42677	NA
S010_DAY1_MINITWICE_3332	130	Port Input	1	7649045	42677	NA
S010_DAY1_MINITWICE_3332	130	Picture	124_T_FFTRIAD_FF_sapo_red.png	7649568	43200	2	1900	3	43200	1800
S010_DAY1_MINITWICE_3332	131	Picture	FF	7651668	0	1	43200	2	0	43200
S010_DAY1_MINITWICE_3332	131	Pulse	99	7685046	33378	NA
S010_DAY1_MINITWICE_3332	131	Port Input	1	7685046	33378	NA
S010_DAY1_MINITWICE_3332	131	Response	52	7694738	43070	1
S010_DAY1_MINITWICE_3332	131	Picture	125_T_FFTRIAD_FF_molino_red.png	7694868	43200	1	1900	2	43200	1800
S010_DAY1_MINITWICE_3332	132	Picture	FF	7696968	0	1	43200	2	0	43200
S010_DAY1_MINITWICE_3332	132	Pulse	99	7721047	24079	NA
S010_DAY1_MINITWICE_3332	132	Port Input	1	7721047	24079	NA
S010_DAY1_MINITWICE_3332	132	Response	52	7729856	32888	1
S010_DAY1_MINITWICE_3332	132	Picture	126_T_FFTRIAD_FF_huevos_red.png	7740168	43200	1	1900	2	43200	1800
S010_DAY1_MINITWICE_3332	133	Picture	FF	7742268	0	1	43200	2	0	43200
S010_DAY1_MINITWICE_3332	133	Response	51	7756792	14524	1
S010_DAY1_MINITWICE_3332	133	Pulse	99	7757048	14780	NA
S010_DAY1_MINITWICE_3332	133	Port Input	1	7757048	14780	NA
S010_DAY1_MINITWICE_3332	133	Picture	127_T_FFTRIAD_FF_cuento_red.png	7785468	43200	1	1900	2	43200	1800
S010_DAY1_MINITWICE_3332	134	Picture	FF	7787568	0	1	43199	3	0	43200
S010_DAY1_MINITWICE_3332	134	Pulse	99	7793049	5481	NA
S010_DAY1_MINITWICE_3332	134	Port Input	1	7793049	5481	NA
S010_DAY1_MINITWICE_3332	134	Response	51	7800780	13212	1
S010_DAY1_MINITWICE_3332	134	Pulse	99	7829050	41482	NA
S010_DAY1_MINITWICE_3332	134	Port Input	1	7829050	41482	NA
S010_DAY1_MINITWICE_3332	134	Picture	128_T_FFTRIAD_FF_traje_red.png	7830767	43199	2	1900	4	43200	1800
S010_DAY1_MINITWICE_3332	135	Picture	FF	7832867	0	2	43200	3	0	43200
S010_DAY1_MINITWICE_3332	135	Pulse	99	7865051	32184	NA
S010_DAY1_MINITWICE_3332	135	Port Input	1	7865051	32184	NA
S010_DAY1_MINITWICE_3332	135	Response	51	7874156	41289	1
S010_DAY1_MINITWICE_3332	135	Picture	129_T_FFTRIAD_FF_television_red.png	7876067	43200	1	1900	2	43200	1800
S010_DAY1_MINITWICE_3332	136	Picture	FF	7878167	0	1	43200	2	0	43200
S010_DAY1_MINITWICE_3332	136	Pulse	99	7901053	22886	NA
S010_DAY1_MINITWICE_3332	136	Port Input	1	7901053	22886	NA
S010_DAY1_MINITWICE_3332	136	Response	52	7916987	38820	1
S010_DAY1_MINITWICE_3332	136	Picture	130_T_FFTRIAD_FF_grifo_red.png	7921367	43200	1	1900	2	43200	1800
S010_DAY1_MINITWICE_3332	137	Picture	rest	7923367	0	1	144100	2	0	144000
S010_DAY1_MINITWICE_3332	137	Pulse	99	7937054	13687	NA
S010_DAY1_MINITWICE_3332	137	Port Input	1	7937054	13687	NA
S010_DAY1_MINITWICE_3332	137	Pulse	99	7973055	49688	NA
S010_DAY1_MINITWICE_3332	137	Port Input	1	7973055	49688	NA
S010_DAY1_MINITWICE_3332	137	Pulse	99	8009056	85689	NA
S010_DAY1_MINITWICE_3332	137	Port Input	1	8009056	85689	NA
S010_DAY1_MINITWICE_3332	137	Pulse	99	8045057	121690	NA
S010_DAY1_MINITWICE_3332	137	Port Input	1	8045057	121690	NA
S010_DAY1_MINITWICE_3332	138	Picture	endrest	8067567	0	1	10099	3	0	10000
S010_DAY1_MINITWICE_3332	139	Picture	PW	8077867	0	1	43199	2	0	43200
S010_DAY1_MINITWICE_3332	139	Pulse	99	8081058	3191	NA
S010_DAY1_MINITWICE_3332	139	Port Input	1	8081058	3191	NA
S010_DAY1_MINITWICE_3332	139	Response	52	8098031	20164	1
S010_DAY1_MINITWICE_3332	139	Pulse	99	8117059	39192	NA
S010_DAY1_MINITWICE_3332	139	Port Input	1	8117059	39192	NA
S010_DAY1_MINITWICE_3332	139	Picture	133_T_PWTRIAD_PW_lenador_red.png	8121066	43199	1	1900	2	43200	1800
S010_DAY1_MINITWICE_3332	140	Picture	PW	8123166	0	1	43200	2	0	43200
S010_DAY1_MINITWICE_3332	140	Response	51	8143472	20306	2
S010_DAY1_MINITWICE_3332	140	Pulse	99	8153060	29894	NA
S010_DAY1_MINITWICE_3332	140	Port Input	1	8153060	29894	NA
S010_DAY1_MINITWICE_3332	140	Picture	134_T_PWTRIAD_PW_esquimal_red.png	8166366	43200	1	1900	2	43200	1800
S010_DAY1_MINITWICE_3332	141	Picture	PW	8168466	0	1	43200	2	0	43200
S010_DAY1_MINITWICE_3332	141	Pulse	99	8189061	20595	NA
S010_DAY1_MINITWICE_3332	141	Port Input	1	8189061	20595	NA
S010_DAY1_MINITWICE_3332	141	Response	51	8194059	25593	1
S010_DAY1_MINITWICE_3332	141	Picture	135_T_PWTRIAD_PW_arco_red.png	8211666	43200	1	1900	2	43200	1800
S010_DAY1_MINITWICE_3332	142	Picture	PW	8213766	0	1	43200	2	0	43200
S010_DAY1_MINITWICE_3332	142	Pulse	99	8225062	11296	NA
S010_DAY1_MINITWICE_3332	142	Port Input	1	8225062	11296	NA
S010_DAY1_MINITWICE_3332	142	Response	52	8235904	22138	1
S010_DAY1_MINITWICE_3332	142	Picture	136_T_PWTRIAD_PW_sobre_red.png	8256966	43200	1	1900	2	43200	1800
S010_DAY1_MINITWICE_3332	143	Picture	rest	8258966	0	1	144099	2	0	144000
S010_DAY1_MINITWICE_3332	143	Pulse	99	8261063	2097	NA
S010_DAY1_MINITWICE_3332	143	Port Input	1	8261063	2097	NA
S010_DAY1_MINITWICE_3332	143	Pulse	99	8297065	38099	NA
S010_DAY1_MINITWICE_3332	143	Port Input	1	8297065	38099	NA
S010_DAY1_MINITWICE_3332	144	Picture	endrest	8403165	0	1	10100	2	0	10000
S010_DAY1_MINITWICE_3332	145	Picture	endrest	8413365	0	1	10100	2	0	10000
S010_DAY1_MINITWICE_3332	146	Picture	endrest	8423565	0	1	10100	2	0	10000
S010_DAY1_MINITWICE_3332	147	Picture	endrest	8433765	0	1	10100	2	0	10000
