Scenario - vOT_Triads_fMRI_II
Logfile written - 07/22/2015 15:48:56

Subject	Trial	Event Type	Code	Time	TTime	Uncertainty	Duration	Uncertainty	ReqTime	ReqDur

S011_MINIONCE_5147	1	Pulse	99	292436	302233	NA
S011_MINIONCE_5147	1	Port Input	1	292436	302233	NA
S011_MINIONCE_5147	1	Pulse	99	328436	338233	NA
S011_MINIONCE_5147	1	Port Input	1	328436	338233	NA
S011_MINIONCE_5147	1	Pulse	99	364438	374235	NA
S011_MINIONCE_5147	1	Port Input	1	364438	374235	NA
S011_MINIONCE_5147	1	Pulse	99	400438	410235	NA
S011_MINIONCE_5147	1	Port Input	1	400438	410235	NA
S011_MINIONCE_5147	1	Pulse	99	436439	446236	NA
S011_MINIONCE_5147	1	Port Input	1	436439	446236	NA
S011_MINIONCE_5147	2	Picture	rest	436696	0	1	144099	2	0	144000
S011_MINIONCE_5147	2	Pulse	99	472440	35744	NA
S011_MINIONCE_5147	2	Port Input	1	472440	35744	NA
S011_MINIONCE_5147	2	Pulse	99	508441	71745	NA
S011_MINIONCE_5147	2	Port Input	1	508441	71745	NA
S011_MINIONCE_5147	2	Pulse	99	544442	107746	NA
S011_MINIONCE_5147	2	Port Input	1	544442	107746	NA
S011_MINIONCE_5147	2	Pulse	99	580443	143747	NA
S011_MINIONCE_5147	2	Port Input	1	580443	143747	NA
S011_MINIONCE_5147	3	Picture	endrest	580895	0	1	10100	2	0	10000
S011_MINIONCE_5147	4	Picture	PW	591195	0	1	43199	3	0	43200
S011_MINIONCE_5147	4	Pulse	99	616444	25249	NA
S011_MINIONCE_5147	4	Port Input	1	616444	25249	NA
S011_MINIONCE_5147	4	Response	51	620542	29347	1
S011_MINIONCE_5147	4	Picture	3_T_PWTRIAD_PW_chupete_red.png	634394	43199	2	1900	4	43200	1800
S011_MINIONCE_5147	5	Picture	PW	636494	0	1	43200	2	0	43200
S011_MINIONCE_5147	5	Pulse	99	652445	15951	NA
S011_MINIONCE_5147	5	Port Input	1	652445	15951	NA
S011_MINIONCE_5147	5	Response	52	665153	28659	1
S011_MINIONCE_5147	5	Picture	4_T_PWTRIAD_PW_futbol_red.png	679694	43200	1	1900	2	43200	1800
S011_MINIONCE_5147	6	Picture	PW	681994	0	1	43100	2	0	43200
S011_MINIONCE_5147	6	Pulse	99	688446	6452	NA
S011_MINIONCE_5147	6	Port Input	1	688446	6452	NA
S011_MINIONCE_5147	6	Response	52	707306	25312	1
S011_MINIONCE_5147	6	Pulse	99	724447	42453	NA
S011_MINIONCE_5147	6	Port Input	1	724447	42453	NA
S011_MINIONCE_5147	6	Picture	5_T_PWTRIAD_PW_bebe_red.png	725094	43100	1	1900	2	43200	1800
S011_MINIONCE_5147	7	Picture	PW	727194	0	1	43199	3	0	43200
S011_MINIONCE_5147	7	Response	52	747455	20261	1
S011_MINIONCE_5147	7	Pulse	99	760448	33254	NA
S011_MINIONCE_5147	7	Port Input	1	760448	33254	NA
S011_MINIONCE_5147	7	Picture	6_T_PWTRIAD_PW_pizarra_red.png	770393	43199	2	1900	3	43200	1800
S011_MINIONCE_5147	8	Picture	PW	772493	0	1	43200	2	0	43200
S011_MINIONCE_5147	8	Pulse	99	796449	23956	NA
S011_MINIONCE_5147	8	Port Input	1	796449	23956	NA
S011_MINIONCE_5147	8	Response	51	803660	31167	1
S011_MINIONCE_5147	8	Picture	7_T_PWTRIAD_PW_teclado_red.png	815693	43200	1	1900	2	43200	1800
S011_MINIONCE_5147	9	Picture	PW	817893	0	1	43200	2	0	43200
S011_MINIONCE_5147	9	Pulse	99	832449	14556	NA
S011_MINIONCE_5147	9	Port Input	1	832449	14556	NA
S011_MINIONCE_5147	9	Response	52	835707	17814	1
S011_MINIONCE_5147	9	Picture	8_T_PWTRIAD_PW_almohada_red.png	861093	43200	1	1900	2	43200	1800
S011_MINIONCE_5147	10	Picture	PW	863193	0	1	43199	2	0	43200
S011_MINIONCE_5147	10	Pulse	99	868450	5257	NA
S011_MINIONCE_5147	10	Port Input	1	868450	5257	NA
S011_MINIONCE_5147	10	Response	51	897289	34096	1
S011_MINIONCE_5147	10	Pulse	99	904451	41258	NA
S011_MINIONCE_5147	10	Port Input	1	904451	41258	NA
S011_MINIONCE_5147	10	Picture	9_T_PWTRIAD_PW_paracaidas_red.png	906392	43199	1	1900	2	43200	1800
S011_MINIONCE_5147	11	Picture	PW	908492	0	1	43200	2	0	43200
S011_MINIONCE_5147	11	Response	51	936136	27644	1
S011_MINIONCE_5147	11	Pulse	99	940452	31960	NA
S011_MINIONCE_5147	11	Port Input	1	940452	31960	NA
S011_MINIONCE_5147	11	Picture	10_T_PWTRIAD_PW_lenador_red.png	951692	43200	1	1900	2	43200	1800
S011_MINIONCE_5147	12	Picture	rest	953692	0	1	144099	2	0	144000
S011_MINIONCE_5147	12	Pulse	99	976453	22761	NA
S011_MINIONCE_5147	12	Port Input	1	976453	22761	NA
S011_MINIONCE_5147	12	Pulse	99	1012454	58762	NA
S011_MINIONCE_5147	12	Port Input	1	1012454	58762	NA
S011_MINIONCE_5147	12	Pulse	99	1048455	94763	NA
S011_MINIONCE_5147	12	Port Input	1	1048455	94763	NA
S011_MINIONCE_5147	12	Pulse	99	1084456	130764	NA
S011_MINIONCE_5147	12	Port Input	1	1084456	130764	NA
S011_MINIONCE_5147	13	Picture	endrest	1097891	0	1	10100	2	0	10000
S011_MINIONCE_5147	14	Picture	RW	1108191	0	1	43199	3	0	43200
S011_MINIONCE_5147	14	Pulse	99	1120457	12266	NA
S011_MINIONCE_5147	14	Port Input	1	1120457	12266	NA
S011_MINIONCE_5147	14	Response	52	1132536	24345	1
S011_MINIONCE_5147	14	Picture	13_T_RWTRIAD_RW_martillo_red.png	1151390	43199	2	1901	3	43200	1800
S011_MINIONCE_5147	15	Picture	RW	1153490	0	2	43200	3	0	43200
S011_MINIONCE_5147	15	Pulse	99	1156458	2968	NA
S011_MINIONCE_5147	15	Port Input	1	1156458	2968	NA
S011_MINIONCE_5147	15	Response	52	1171713	18223	1
S011_MINIONCE_5147	15	Pulse	99	1192459	38969	NA
S011_MINIONCE_5147	15	Port Input	1	1192459	38969	NA
S011_MINIONCE_5147	15	Picture	14_T_RWTRIAD_RW_agua_red.png	1196690	43200	1	1900	2	43200	1800
S011_MINIONCE_5147	16	Picture	RW	1198790	0	1	43200	2	0	43200
S011_MINIONCE_5147	16	Response	51	1217920	19130	1
S011_MINIONCE_5147	16	Pulse	99	1228460	29670	NA
S011_MINIONCE_5147	16	Port Input	1	1228460	29670	NA
S011_MINIONCE_5147	16	Picture	15_T_RWTRIAD_RW_charco_red.png	1241990	43200	1	1900	2	43200	1800
S011_MINIONCE_5147	17	Picture	RW	1244290	0	1	43099	3	0	43200
S011_MINIONCE_5147	17	Response	52	1258846	14556	1
S011_MINIONCE_5147	17	Pulse	99	1264461	20171	NA
S011_MINIONCE_5147	17	Port Input	1	1264461	20171	NA
S011_MINIONCE_5147	17	Picture	16_T_RWTRIAD_RW_sobre_red.png	1287389	43099	2	1900	4	43200	1800
S011_MINIONCE_5147	18	Picture	RW	1289489	0	2	43200	3	0	43200
S011_MINIONCE_5147	18	Pulse	99	1300462	10973	NA
S011_MINIONCE_5147	18	Port Input	1	1300462	10973	NA
S011_MINIONCE_5147	18	Response	52	1311713	22224	2
S011_MINIONCE_5147	18	Picture	17_T_RWTRIAD_RW_esquimal_red.png	1332689	43200	1	1900	2	43200	1800
S011_MINIONCE_5147	19	Picture	RW	1334789	0	1	43200	2	0	43200
S011_MINIONCE_5147	19	Pulse	99	1336462	1673	NA
S011_MINIONCE_5147	19	Port Input	1	1336462	1673	NA
S011_MINIONCE_5147	19	Response	51	1358969	24180	1
S011_MINIONCE_5147	19	Pulse	99	1372463	37674	NA
S011_MINIONCE_5147	19	Port Input	1	1372463	37674	NA
S011_MINIONCE_5147	19	Picture	18_T_RWTRIAD_RW_lana_red.png	1377989	43200	1	1900	2	43200	1800
S011_MINIONCE_5147	20	Picture	RW	1380089	0	1	43199	3	0	43200
S011_MINIONCE_5147	20	Response	52	1400302	20213	2
S011_MINIONCE_5147	20	Pulse	99	1408464	28375	NA
S011_MINIONCE_5147	20	Port Input	1	1408464	28375	NA
S011_MINIONCE_5147	20	Picture	19_T_RWTRIAD_RW_raton_red.png	1423288	43199	2	1900	4	43200	1800
S011_MINIONCE_5147	21	Picture	RW	1425388	0	2	43200	3	0	43200
S011_MINIONCE_5147	21	Pulse	99	1444465	19077	NA
S011_MINIONCE_5147	21	Port Input	1	1444465	19077	NA
S011_MINIONCE_5147	21	Response	52	1446036	20648	1
S011_MINIONCE_5147	21	Picture	20_T_RWTRIAD_RW_mono_red.png	1468588	43200	1	1900	2	43200	1800
S011_MINIONCE_5147	22	Picture	rest	1470588	0	1	144099	2	0	144000
S011_MINIONCE_5147	22	Pulse	99	1480466	9878	NA
S011_MINIONCE_5147	22	Port Input	1	1480466	9878	NA
S011_MINIONCE_5147	22	Pulse	99	1516467	45879	NA
S011_MINIONCE_5147	22	Port Input	1	1516467	45879	NA
S011_MINIONCE_5147	22	Pulse	99	1552468	81880	NA
S011_MINIONCE_5147	22	Port Input	1	1552468	81880	NA
S011_MINIONCE_5147	22	Pulse	99	1588469	117881	NA
S011_MINIONCE_5147	22	Port Input	1	1588469	117881	NA
S011_MINIONCE_5147	23	Picture	endrest	1614787	0	1	10100	2	0	10000
S011_MINIONCE_5147	23	Pulse	99	1624470	9683	NA
S011_MINIONCE_5147	23	Port Input	1	1624470	9683	NA
S011_MINIONCE_5147	24	Picture	RW	1625287	0	1	43100	2	0	43200
S011_MINIONCE_5147	24	Response	52	1645838	20551	1
S011_MINIONCE_5147	24	Pulse	99	1660471	35184	NA
S011_MINIONCE_5147	24	Port Input	1	1660471	35184	NA
S011_MINIONCE_5147	24	Picture	23_T_RWTRIAD_RW_destornillador_red.png	1668387	43100	1	1900	2	43200	1800
S011_MINIONCE_5147	25	Picture	RW	1670487	0	1	43199	2	0	43200
S011_MINIONCE_5147	25	Response	51	1690333	19846	1
S011_MINIONCE_5147	25	Pulse	99	1696472	25985	NA
S011_MINIONCE_5147	25	Port Input	1	1696472	25985	NA
S011_MINIONCE_5147	25	Picture	24_T_RWTRIAD_RW_portatil_red.png	1713686	43199	1	1900	2	43200	1800
S011_MINIONCE_5147	26	Picture	RW	1715786	0	1	43200	2	0	43200
S011_MINIONCE_5147	26	Pulse	99	1732473	16687	NA
S011_MINIONCE_5147	26	Port Input	1	1732473	16687	NA
S011_MINIONCE_5147	26	Response	52	1740707	24921	1
S011_MINIONCE_5147	26	Picture	25_T_RWTRIAD_RW_dado_red.png	1758986	43200	1	1900	2	43200	1800
S011_MINIONCE_5147	27	Picture	RW	1761086	0	1	43200	2	0	43200
S011_MINIONCE_5147	27	Pulse	99	1768474	7388	NA
S011_MINIONCE_5147	27	Port Input	1	1768474	7388	NA
S011_MINIONCE_5147	27	Response	52	1788679	27593	1
S011_MINIONCE_5147	27	Picture	26_T_RWTRIAD_RW_llave_red.png	1804286	43200	1	1900	2	43200	1800
S011_MINIONCE_5147	27	Pulse	99	1804475	43389	NA
S011_MINIONCE_5147	27	Port Input	1	1804475	43389	NA
S011_MINIONCE_5147	28	Picture	PW	1806386	0	1	43199	2	0	43200
S011_MINIONCE_5147	28	Response	51	1837296	30910	1
S011_MINIONCE_5147	28	Pulse	99	1840476	34090	NA
S011_MINIONCE_5147	28	Port Input	1	1840476	34090	NA
S011_MINIONCE_5147	28	Picture	27_T_PWTRIAD_PW_novia_red.png	1849585	43199	1	1900	2	43200	1800
S011_MINIONCE_5147	29	Picture	PW	1851785	0	1	43200	2	0	43200
S011_MINIONCE_5147	29	Response	51	1872232	20447	2
S011_MINIONCE_5147	29	Pulse	99	1876476	24691	NA
S011_MINIONCE_5147	29	Port Input	1	1876476	24691	NA
S011_MINIONCE_5147	29	Picture	28_T_PWTRIAD_PW_agua_red.png	1894985	43200	1	1900	2	43200	1800
S011_MINIONCE_5147	30	Picture	PW	1897085	0	1	43200	2	0	43200
S011_MINIONCE_5147	30	Pulse	99	1912477	15392	NA
S011_MINIONCE_5147	30	Port Input	1	1912477	15392	NA
S011_MINIONCE_5147	30	Response	52	1925591	28506	1
S011_MINIONCE_5147	30	Picture	29_T_PWTRIAD_PW_lana_red.png	1940285	43200	1	1900	2	43200	1800
S011_MINIONCE_5147	31	Picture	PW	1942385	0	1	43199	2	0	43200
S011_MINIONCE_5147	31	Pulse	99	1948478	6093	NA
S011_MINIONCE_5147	31	Port Input	1	1948478	6093	NA
S011_MINIONCE_5147	31	Pulse	99	1984479	42094	NA
S011_MINIONCE_5147	31	Port Input	1	1984479	42094	NA
S011_MINIONCE_5147	31	Picture	30_T_PWTRIAD_PW_portatil_red.png	1985584	43199	1	1900	2	43200	1800
S011_MINIONCE_5147	32	Picture	rest	1987584	0	1	144099	2	0	144000
S011_MINIONCE_5147	32	Response	52	1997455	9871	1
S011_MINIONCE_5147	32	Pulse	99	2020480	32896	NA
S011_MINIONCE_5147	32	Port Input	1	2020480	32896	NA
S011_MINIONCE_5147	32	Pulse	99	2056481	68897	NA
S011_MINIONCE_5147	32	Port Input	1	2056481	68897	NA
S011_MINIONCE_5147	32	Pulse	99	2092482	104898	NA
S011_MINIONCE_5147	32	Port Input	1	2092482	104898	NA
S011_MINIONCE_5147	32	Pulse	99	2128483	140899	NA
S011_MINIONCE_5147	32	Port Input	1	2128483	140899	NA
S011_MINIONCE_5147	33	Picture	endrest	2131783	0	1	10100	2	0	10000
S011_MINIONCE_5147	34	Picture	PW	2142083	0	1	43200	2	0	43200
S011_MINIONCE_5147	34	Pulse	99	2164484	22401	NA
S011_MINIONCE_5147	34	Port Input	1	2164484	22401	NA
S011_MINIONCE_5147	34	Response	52	2166243	24160	1
S011_MINIONCE_5147	34	Picture	33_T_PWTRIAD_PW_banera_red.png	2185283	43200	1	1900	2	43200	1800
S011_MINIONCE_5147	35	Picture	PW	2187383	0	1	43199	3	0	43200
S011_MINIONCE_5147	35	Pulse	99	2200485	13102	NA
S011_MINIONCE_5147	35	Port Input	1	2200485	13102	NA
S011_MINIONCE_5147	35	Response	52	2209937	22554	1
S011_MINIONCE_5147	35	Picture	34_T_PWTRIAD_PW_bala_red.png	2230582	43199	2	1900	3	43200	1800
S011_MINIONCE_5147	36	Picture	PW	2232682	0	2	43200	3	0	43200
S011_MINIONCE_5147	36	Pulse	99	2236486	3804	NA
S011_MINIONCE_5147	36	Port Input	1	2236486	3804	NA
S011_MINIONCE_5147	36	Response	51	2253127	20445	1
S011_MINIONCE_5147	36	Pulse	99	2272487	39805	NA
S011_MINIONCE_5147	36	Port Input	1	2272487	39805	NA
S011_MINIONCE_5147	36	Picture	35_T_PWTRIAD_PW_manos_red.png	2275882	43200	1	1900	2	43200	1800
S011_MINIONCE_5147	37	Picture	PW	2277982	0	1	43200	2	0	43200
S011_MINIONCE_5147	37	Response	52	2298716	20734	1
S011_MINIONCE_5147	37	Pulse	99	2308488	30506	NA
S011_MINIONCE_5147	37	Port Input	1	2308488	30506	NA
S011_MINIONCE_5147	37	Picture	36_T_PWTRIAD_PW_policia_red.png	2321182	43200	1	1900	2	43200	1800
S011_MINIONCE_5147	38	Picture	FF	2323382	0	1	43199	3	0	43200
S011_MINIONCE_5147	38	Response	51	2339777	16395	1
S011_MINIONCE_5147	38	Pulse	99	2344489	21107	NA
S011_MINIONCE_5147	38	Port Input	1	2344489	21107	NA
S011_MINIONCE_5147	38	Picture	37_T_FFTRIAD_FF_television_red.png	2366581	43199	2	1900	3	43200	1800
S011_MINIONCE_5147	39	Picture	FF	2368681	0	2	43200	3	0	43200
S011_MINIONCE_5147	39	Pulse	99	2380489	11808	NA
S011_MINIONCE_5147	39	Port Input	1	2380489	11808	NA
S011_MINIONCE_5147	39	Response	51	2394823	26142	1
S011_MINIONCE_5147	39	Picture	38_T_FFTRIAD_FF_tenedor_red.png	2411881	43200	1	1900	2	43200	1800
S011_MINIONCE_5147	40	Picture	FF	2413981	0	1	43200	2	0	43200
S011_MINIONCE_5147	40	Pulse	99	2416491	2510	NA
S011_MINIONCE_5147	40	Port Input	1	2416491	2510	NA
S011_MINIONCE_5147	40	Response	52	2431562	17581	1
S011_MINIONCE_5147	40	Pulse	99	2452491	38510	NA
S011_MINIONCE_5147	40	Port Input	1	2452491	38510	NA
S011_MINIONCE_5147	40	Picture	39_T_FFTRIAD_FF_gafas_red.png	2457181	43200	1	1900	2	43200	1800
S011_MINIONCE_5147	41	Picture	FF	2459281	0	1	43199	2	0	43200
S011_MINIONCE_5147	41	Response	52	2474594	15313	1
S011_MINIONCE_5147	41	Pulse	99	2488492	29211	NA
S011_MINIONCE_5147	41	Port Input	1	2488492	29211	NA
S011_MINIONCE_5147	41	Picture	40_T_FFTRIAD_FF_sobre_red.png	2502480	43199	1	1900	2	43200	1800
S011_MINIONCE_5147	42	Picture	rest	2504480	0	1	144099	2	0	144000
S011_MINIONCE_5147	42	Pulse	99	2524493	20013	NA
S011_MINIONCE_5147	42	Port Input	1	2524493	20013	NA
S011_MINIONCE_5147	42	Pulse	99	2560494	56014	NA
S011_MINIONCE_5147	42	Port Input	1	2560494	56014	NA
S011_MINIONCE_5147	42	Pulse	99	2596495	92015	NA
S011_MINIONCE_5147	42	Port Input	1	2596495	92015	NA
S011_MINIONCE_5147	42	Pulse	99	2632496	128016	NA
S011_MINIONCE_5147	42	Port Input	1	2632496	128016	NA
S011_MINIONCE_5147	43	Picture	endrest	2648679	0	1	10100	2	0	10000
S011_MINIONCE_5147	44	Picture	PW	2658979	0	1	43199	3	0	43200
S011_MINIONCE_5147	44	Pulse	99	2668497	9518	NA
S011_MINIONCE_5147	44	Port Input	1	2668497	9518	NA
S011_MINIONCE_5147	44	Response	51	2684508	25529	1
S011_MINIONCE_5147	44	Picture	43_T_PWTRIAD_PW_pluma_red.png	2702178	43199	2	1901	3	43200	1800
S011_MINIONCE_5147	45	Picture	PW	2704279	0	1	43200	2	0	43200
S011_MINIONCE_5147	45	Pulse	99	2704498	219	NA
S011_MINIONCE_5147	45	Port Input	1	2704498	219	NA
S011_MINIONCE_5147	45	Response	52	2726422	22143	1
S011_MINIONCE_5147	45	Pulse	99	2740499	36220	NA
S011_MINIONCE_5147	45	Port Input	1	2740499	36220	NA
S011_MINIONCE_5147	45	Picture	44_T_PWTRIAD_PW_grifo_red.png	2747479	43200	1	1899	3	43200	1800
S011_MINIONCE_5147	46	Picture	PW	2749578	0	2	43200	3	0	43200
S011_MINIONCE_5147	46	Response	51	2767878	18300	1
S011_MINIONCE_5147	46	Pulse	99	2776500	26922	NA
S011_MINIONCE_5147	46	Port Input	1	2776500	26922	NA
S011_MINIONCE_5147	46	Picture	45_T_PWTRIAD_PW_esquimal_red.png	2792778	43200	1	1900	2	43200	1800
S011_MINIONCE_5147	47	Picture	PW	2794878	0	1	43200	2	0	43200
S011_MINIONCE_5147	47	Pulse	99	2812501	17623	NA
S011_MINIONCE_5147	47	Port Input	1	2812501	17623	NA
S011_MINIONCE_5147	47	Response	51	2835432	40554	1
S011_MINIONCE_5147	47	Picture	46_T_PWTRIAD_PW_bellota_red.png	2838078	43200	1	1900	2	43200	1800
S011_MINIONCE_5147	48	Picture	PW	2840378	0	1	43100	2	0	43200
S011_MINIONCE_5147	48	Pulse	99	2848502	8124	NA
S011_MINIONCE_5147	48	Port Input	1	2848502	8124	NA
S011_MINIONCE_5147	48	Response	51	2864026	23648	1
S011_MINIONCE_5147	48	Picture	47_T_PWTRIAD_PW_anillo_red.png	2883478	43100	1	1899	3	43200	1800
S011_MINIONCE_5147	48	Pulse	99	2884503	44125	NA
S011_MINIONCE_5147	48	Port Input	1	2884503	44125	NA
S011_MINIONCE_5147	49	Picture	PW	2885577	0	2	43200	3	0	43200
S011_MINIONCE_5147	49	Response	52	2903717	18140	1
S011_MINIONCE_5147	49	Pulse	99	2920503	34926	NA
S011_MINIONCE_5147	49	Port Input	1	2920503	34926	NA
S011_MINIONCE_5147	49	Picture	48_T_PWTRIAD_PW_arco_red.png	2928777	43200	1	1900	2	43200	1800
S011_MINIONCE_5147	50	Picture	PW	2930877	0	1	43200	2	0	43200
S011_MINIONCE_5147	50	Response	52	2946268	15391	1
S011_MINIONCE_5147	50	Pulse	99	2956504	25627	NA
S011_MINIONCE_5147	50	Port Input	1	2956504	25627	NA
S011_MINIONCE_5147	50	Picture	49_T_PWTRIAD_PW_telarana_red.png	2974077	43200	1	1900	2	43200	1800
S011_MINIONCE_5147	51	Picture	PW	2976177	0	1	43199	3	0	43200
S011_MINIONCE_5147	51	Response	52	2991047	14870	1
S011_MINIONCE_5147	51	Pulse	99	2992506	16329	NA
S011_MINIONCE_5147	51	Port Input	1	2992506	16329	NA
S011_MINIONCE_5147	51	Picture	50_T_PWTRIAD_PW_lechuga_red.png	3019376	43199	2	1900	4	43200	1800
S011_MINIONCE_5147	52	Picture	rest	3021376	0	2	144099	4	0	144000
S011_MINIONCE_5147	52	Pulse	99	3028506	7130	NA
S011_MINIONCE_5147	52	Port Input	1	3028506	7130	NA
S011_MINIONCE_5147	52	Pulse	99	3064507	43131	NA
S011_MINIONCE_5147	52	Port Input	1	3064507	43131	NA
S011_MINIONCE_5147	52	Pulse	99	3100508	79132	NA
S011_MINIONCE_5147	52	Port Input	1	3100508	79132	NA
S011_MINIONCE_5147	52	Pulse	99	3136509	115133	NA
S011_MINIONCE_5147	52	Port Input	1	3136509	115133	NA
S011_MINIONCE_5147	53	Picture	endrest	3165575	0	1	10100	2	0	10000
S011_MINIONCE_5147	53	Pulse	99	3172510	6935	NA
S011_MINIONCE_5147	53	Port Input	1	3172510	6935	NA
S011_MINIONCE_5147	54	Picture	FF	3175975	0	1	43200	2	0	43200
S011_MINIONCE_5147	54	Response	51	3188019	12044	1
S011_MINIONCE_5147	54	Pulse	99	3208511	32536	NA
S011_MINIONCE_5147	54	Port Input	1	3208511	32536	NA
S011_MINIONCE_5147	54	Picture	53_T_FFTRIAD_FF_teclado_red.png	3219175	43200	1	1900	2	43200	1800
S011_MINIONCE_5147	55	Picture	FF	3221275	0	1	43200	2	0	43200
S011_MINIONCE_5147	55	Response	51	3238304	17029	1
S011_MINIONCE_5147	55	Pulse	99	3244512	23237	NA
S011_MINIONCE_5147	55	Port Input	1	3244512	23237	NA
S011_MINIONCE_5147	55	Picture	54_T_FFTRIAD_FF_llave_red.png	3264475	43200	1	1900	2	43200	1800
S011_MINIONCE_5147	56	Picture	FF	3266575	0	1	43199	2	0	43200
S011_MINIONCE_5147	56	Pulse	99	3280513	13938	NA
S011_MINIONCE_5147	56	Port Input	1	3280513	13938	NA
S011_MINIONCE_5147	56	Response	51	3289719	23144	2
S011_MINIONCE_5147	56	Picture	55_T_FFTRIAD_FF_zanahoria_red.png	3309774	43199	1	1900	2	43200	1800
S011_MINIONCE_5147	57	Picture	FF	3312074	0	1	43200	2	0	43200
S011_MINIONCE_5147	57	Pulse	99	3316514	4440	NA
S011_MINIONCE_5147	57	Port Input	1	3316514	4440	NA
S011_MINIONCE_5147	57	Response	51	3325868	13794	1
S011_MINIONCE_5147	57	Pulse	99	3352515	40441	NA
S011_MINIONCE_5147	57	Port Input	1	3352515	40441	NA
S011_MINIONCE_5147	57	Picture	56_T_FFTRIAD_FF_ancla_red.png	3355274	43200	1	1900	2	43200	1800
S011_MINIONCE_5147	58	Picture	RW	3357374	0	1	43200	2	0	43200
S011_MINIONCE_5147	58	Response	51	3382055	24681	1
S011_MINIONCE_5147	58	Pulse	99	3388516	31142	NA
S011_MINIONCE_5147	58	Port Input	1	3388516	31142	NA
S011_MINIONCE_5147	58	Picture	57_T_RWTRIAD_RW_almohada_red.png	3400574	43200	1	1900	2	43200	1800
S011_MINIONCE_5147	59	Picture	RW	3402674	0	1	43199	2	0	43200
S011_MINIONCE_5147	59	Response	52	3418055	15381	1
S011_MINIONCE_5147	59	Pulse	99	3424517	21843	NA
S011_MINIONCE_5147	59	Port Input	1	3424517	21843	NA
S011_MINIONCE_5147	59	Picture	58_T_RWTRIAD_RW_futbol_red.png	3445873	43199	1	1900	2	43200	1800
S011_MINIONCE_5147	60	Picture	RW	3447973	0	1	43200	2	0	43200
S011_MINIONCE_5147	60	Pulse	99	3460517	12544	NA
S011_MINIONCE_5147	60	Port Input	1	3460517	12544	NA
S011_MINIONCE_5147	60	Response	51	3465487	17514	1
S011_MINIONCE_5147	60	Picture	59_T_RWTRIAD_RW_dedal_red.png	3491173	43200	1	1900	2	43200	1800
S011_MINIONCE_5147	61	Picture	RW	3493273	0	1	43200	2	0	43200
S011_MINIONCE_5147	61	Pulse	99	3496518	3245	NA
S011_MINIONCE_5147	61	Port Input	1	3496518	3245	NA
S011_MINIONCE_5147	61	Response	52	3510320	17047	1
S011_MINIONCE_5147	61	Pulse	99	3532519	39246	NA
S011_MINIONCE_5147	61	Port Input	1	3532519	39246	NA
S011_MINIONCE_5147	61	Picture	60_T_RWTRIAD_RW_huevos_red.png	3536473	43200	1	1900	2	43200	1800
S011_MINIONCE_5147	62	Picture	rest	3538473	0	1	144098	3	0	144000
S011_MINIONCE_5147	62	Pulse	99	3568520	30047	NA
S011_MINIONCE_5147	62	Port Input	1	3568520	30047	NA
S011_MINIONCE_5147	62	Pulse	99	3604521	66048	NA
S011_MINIONCE_5147	62	Port Input	1	3604521	66048	NA
S011_MINIONCE_5147	62	Pulse	99	3640522	102049	NA
S011_MINIONCE_5147	62	Port Input	1	3640522	102049	NA
S011_MINIONCE_5147	62	Pulse	99	3676523	138050	NA
S011_MINIONCE_5147	62	Port Input	1	3676523	138050	NA
S011_MINIONCE_5147	63	Picture	endrest	3682672	0	1	10099	3	0	10000
S011_MINIONCE_5147	64	Picture	FF	3692971	0	1	43200	2	0	43200
S011_MINIONCE_5147	64	Response	51	3710240	17269	1
S011_MINIONCE_5147	64	Pulse	99	3712524	19553	NA
S011_MINIONCE_5147	64	Port Input	1	3712524	19553	NA
S011_MINIONCE_5147	64	Picture	63_T_FFTRIAD_FF_novia_red.png	3736171	43200	1	1900	2	43200	1800
S011_MINIONCE_5147	65	Picture	FF	3738271	0	1	43200	2	0	43200
S011_MINIONCE_5147	65	Pulse	99	3748525	10254	NA
S011_MINIONCE_5147	65	Port Input	1	3748525	10254	NA
S011_MINIONCE_5147	65	Response	51	3758439	20168	2
S011_MINIONCE_5147	65	Picture	64_T_FFTRIAD_FF_ascensor_red.png	3781471	43200	1	1900	2	43200	1800
S011_MINIONCE_5147	66	Picture	FF	3783771	0	1	43099	2	0	43200
S011_MINIONCE_5147	66	Pulse	99	3784526	755	NA
S011_MINIONCE_5147	66	Port Input	1	3784526	755	NA
S011_MINIONCE_5147	66	Response	52	3799781	16010	1
S011_MINIONCE_5147	66	Pulse	99	3820527	36756	NA
S011_MINIONCE_5147	66	Port Input	1	3820527	36756	NA
S011_MINIONCE_5147	66	Picture	65_T_FFTRIAD_FF_queso_red.png	3826870	43099	1	1900	3	43200	1800
S011_MINIONCE_5147	67	Picture	FF	3828970	0	2	43200	3	0	43200
S011_MINIONCE_5147	67	Response	51	3852168	23198	1
S011_MINIONCE_5147	67	Pulse	99	3856528	27558	NA
S011_MINIONCE_5147	67	Port Input	1	3856528	27558	NA
S011_MINIONCE_5147	67	Picture	66_T_FFTRIAD_FF_carruaje_red.png	3872170	43200	1	1900	2	43200	1800
S011_MINIONCE_5147	68	Picture	RW	3874470	0	1	43100	2	0	43200
S011_MINIONCE_5147	68	Response	51	3890325	15855	1
S011_MINIONCE_5147	68	Pulse	99	3892529	18059	NA
S011_MINIONCE_5147	68	Port Input	1	3892529	18059	NA
S011_MINIONCE_5147	68	Picture	67_T_RWTRIAD_RW_telarana_red.png	3917570	43100	1	1900	2	43200	1800
S011_MINIONCE_5147	69	Picture	RW	3919670	0	1	43199	2	0	43200
S011_MINIONCE_5147	69	Pulse	99	3928530	8860	NA
S011_MINIONCE_5147	69	Port Input	1	3928530	8860	NA
S011_MINIONCE_5147	69	Response	51	3936088	16418	1
S011_MINIONCE_5147	69	Picture	68_T_RWTRIAD_RW_zanahoria_red.png	3962869	43199	1	1900	3	43200	1800
S011_MINIONCE_5147	69	Pulse	99	3964531	44861	NA
S011_MINIONCE_5147	69	Port Input	1	3964531	44861	NA
S011_MINIONCE_5147	70	Picture	RW	3964969	0	1	43200	2	0	43200
S011_MINIONCE_5147	70	Response	52	3983987	19018	1
S011_MINIONCE_5147	70	Pulse	99	4000531	35562	NA
S011_MINIONCE_5147	70	Port Input	1	4000531	35562	NA
S011_MINIONCE_5147	70	Picture	69_T_RWTRIAD_RW_lenador_red.png	4008169	43200	1	1900	2	43200	1800
S011_MINIONCE_5147	71	Picture	RW	4010469	0	1	43100	2	0	43200
S011_MINIONCE_5147	71	Response	52	4026951	16482	1
S011_MINIONCE_5147	71	Pulse	99	4036532	26063	NA
S011_MINIONCE_5147	71	Port Input	1	4036532	26063	NA
S011_MINIONCE_5147	71	Picture	70_T_RWTRIAD_RW_arco_red.png	4053569	43100	1	1900	2	43200	1800
S011_MINIONCE_5147	72	Picture	rest	4055569	0	1	144099	2	0	144000
S011_MINIONCE_5147	72	Pulse	99	4072533	16964	NA
S011_MINIONCE_5147	72	Port Input	1	4072533	16964	NA
S011_MINIONCE_5147	72	Pulse	99	4108534	52965	NA
S011_MINIONCE_5147	72	Port Input	1	4108534	52965	NA
S011_MINIONCE_5147	72	Pulse	99	4144535	88966	NA
S011_MINIONCE_5147	72	Port Input	1	4144535	88966	NA
S011_MINIONCE_5147	72	Pulse	99	4180536	124967	NA
S011_MINIONCE_5147	72	Port Input	1	4180536	124967	NA
S011_MINIONCE_5147	73	Picture	endrest	4199768	0	1	10100	2	0	10000
S011_MINIONCE_5147	74	Picture	PW	4210068	0	1	43199	2	0	43200
S011_MINIONCE_5147	74	Pulse	99	4216537	6469	NA
S011_MINIONCE_5147	74	Port Input	1	4216537	6469	NA
S011_MINIONCE_5147	74	Response	52	4230852	20784	1
S011_MINIONCE_5147	74	Pulse	99	4252538	42470	NA
S011_MINIONCE_5147	74	Port Input	1	4252538	42470	NA
S011_MINIONCE_5147	74	Picture	73_T_PWTRIAD_PW_iglu_red.png	4253267	43199	1	1900	2	43200	1800
S011_MINIONCE_5147	75	Picture	PW	4255367	0	1	43200	2	0	43200
S011_MINIONCE_5147	75	Response	51	4284547	29180	1
S011_MINIONCE_5147	75	Pulse	99	4288539	33172	NA
S011_MINIONCE_5147	75	Port Input	1	4288539	33172	NA
S011_MINIONCE_5147	75	Picture	74_T_PWTRIAD_PW_oruga_red.png	4298567	43200	1	1900	2	43200	1800
S011_MINIONCE_5147	76	Picture	PW	4300667	0	1	43200	2	0	43200
S011_MINIONCE_5147	76	Pulse	99	4324540	23873	NA
S011_MINIONCE_5147	76	Port Input	1	4324540	23873	NA
S011_MINIONCE_5147	76	Response	51	4327826	27159	1
S011_MINIONCE_5147	76	Picture	75_T_PWTRIAD_PW_sapo_red.png	4343867	43200	1	1899	3	43200	1800
S011_MINIONCE_5147	77	Picture	PW	4345967	0	1	43199	2	0	43200
S011_MINIONCE_5147	77	Pulse	99	4360541	14574	NA
S011_MINIONCE_5147	77	Port Input	1	4360541	14574	NA
S011_MINIONCE_5147	77	Response	52	4372511	26544	1
S011_MINIONCE_5147	77	Picture	76_T_PWTRIAD_PW_perro_red.png	4389166	43199	1	1900	2	43200	1800
S011_MINIONCE_5147	78	Picture	RW	4391266	0	1	43200	2	0	43200
S011_MINIONCE_5147	78	Pulse	99	4396542	5276	NA
S011_MINIONCE_5147	78	Port Input	1	4396542	5276	NA
S011_MINIONCE_5147	78	Response	51	4405981	14715	1
S011_MINIONCE_5147	78	Pulse	99	4432543	41277	NA
S011_MINIONCE_5147	78	Port Input	1	4432543	41277	NA
S011_MINIONCE_5147	78	Picture	77_T_RWTRIAD_RW_ancla_red.png	4434466	43200	1	1900	2	43200	1800
S011_MINIONCE_5147	79	Picture	RW	4436566	0	1	43200	2	0	43200
S011_MINIONCE_5147	79	Response	52	4451771	15205	1
S011_MINIONCE_5147	79	Pulse	99	4468544	31978	NA
S011_MINIONCE_5147	79	Port Input	1	4468544	31978	NA
S011_MINIONCE_5147	79	Picture	78_T_RWTRIAD_RW_monja_red.png	4479766	43200	1	1899	3	43200	1800
S011_MINIONCE_5147	80	Picture	RW	4481865	0	2	43200	3	0	43200
S011_MINIONCE_5147	80	Response	52	4503165	21300	1
S011_MINIONCE_5147	80	Pulse	99	4504545	22680	NA
S011_MINIONCE_5147	80	Port Input	1	4504545	22680	NA
S011_MINIONCE_5147	80	Picture	79_T_RWTRIAD_RW_grapadora_red.png	4525065	43200	1	1900	2	43200	1800
S011_MINIONCE_5147	81	Picture	RW	4527165	0	1	43200	2	0	43200
S011_MINIONCE_5147	81	Pulse	99	4540545	13380	NA
S011_MINIONCE_5147	81	Port Input	1	4540545	13380	NA
S011_MINIONCE_5147	81	Response	51	4545141	17976	1
S011_MINIONCE_5147	81	Picture	80_T_RWTRIAD_RW_violin_red.png	4570365	43200	1	1900	2	43200	1800
S011_MINIONCE_5147	82	Picture	rest	4572365	0	1	144099	2	0	144000
S011_MINIONCE_5147	82	Pulse	99	4576546	4181	NA
S011_MINIONCE_5147	82	Port Input	1	4576546	4181	NA
S011_MINIONCE_5147	82	Pulse	99	4612547	40182	NA
S011_MINIONCE_5147	82	Port Input	1	4612547	40182	NA
S011_MINIONCE_5147	82	Pulse	99	4648548	76183	NA
S011_MINIONCE_5147	82	Port Input	1	4648548	76183	NA
S011_MINIONCE_5147	82	Pulse	99	4684549	112184	NA
S011_MINIONCE_5147	82	Port Input	1	4684549	112184	NA
S011_MINIONCE_5147	83	Picture	endrest	4716564	0	1	10100	2	0	10000
S011_MINIONCE_5147	83	Pulse	99	4720550	3986	NA
S011_MINIONCE_5147	83	Port Input	1	4720550	3986	NA
S011_MINIONCE_5147	84	Picture	PW	4726864	0	1	43199	2	0	43200
S011_MINIONCE_5147	84	Response	51	4744014	17150	2
S011_MINIONCE_5147	84	Pulse	99	4756551	29687	NA
S011_MINIONCE_5147	84	Port Input	1	4756551	29687	NA
S011_MINIONCE_5147	84	Picture	83_T_PWTRIAD_PW_sombrilla_red.png	4770063	43199	1	1900	2	43200	1800
S011_MINIONCE_5147	85	Picture	PW	4772363	0	1	43100	2	0	43200
S011_MINIONCE_5147	85	Pulse	99	4792552	20189	NA
S011_MINIONCE_5147	85	Port Input	1	4792552	20189	NA
S011_MINIONCE_5147	85	Response	52	4793866	21503	1
S011_MINIONCE_5147	85	Picture	84_T_PWTRIAD_PW_monja_red.png	4815463	43100	1	1900	2	43200	1800
S011_MINIONCE_5147	86	Picture	PW	4817563	0	1	43200	2	0	43200
S011_MINIONCE_5147	86	Pulse	99	4828553	10990	NA
S011_MINIONCE_5147	86	Port Input	1	4828553	10990	NA
S011_MINIONCE_5147	86	Response	51	4833017	15454	1
S011_MINIONCE_5147	86	Picture	85_T_PWTRIAD_PW_zanahoria_red.png	4860763	43200	1	1900	2	43200	1800
S011_MINIONCE_5147	87	Picture	PW	4863063	0	1	43099	2	0	43200
S011_MINIONCE_5147	87	Pulse	99	4864554	1491	NA
S011_MINIONCE_5147	87	Port Input	1	4864554	1491	NA
S011_MINIONCE_5147	87	Response	52	4884892	21829	1
S011_MINIONCE_5147	87	Pulse	99	4900555	37492	NA
S011_MINIONCE_5147	87	Port Input	1	4900555	37492	NA
S011_MINIONCE_5147	87	Picture	86_T_PWTRIAD_PW_botella_red.png	4906162	43099	1	1900	2	43200	1800
S011_MINIONCE_5147	88	Picture	FF	4908462	0	1	43100	2	0	43200
S011_MINIONCE_5147	88	Response	52	4922446	13984	1
S011_MINIONCE_5147	88	Pulse	99	4936556	28094	NA
S011_MINIONCE_5147	88	Port Input	1	4936556	28094	NA
S011_MINIONCE_5147	88	Picture	87_T_FFTRIAD_FF_bebe_red.png	4951562	43100	1	1900	2	43200	1800
S011_MINIONCE_5147	89	Picture	FF	4953662	0	1	43200	2	0	43200
S011_MINIONCE_5147	89	Response	51	4968914	15252	1
S011_MINIONCE_5147	89	Pulse	99	4972557	18895	NA
S011_MINIONCE_5147	89	Port Input	1	4972557	18895	NA
S011_MINIONCE_5147	89	Picture	88_T_FFTRIAD_FF_bellota_red.png	4996862	43200	1	1900	2	43200	1800
S011_MINIONCE_5147	90	Picture	FF	4998962	0	1	43199	2	0	43200
S011_MINIONCE_5147	90	Pulse	99	5008558	9596	NA
S011_MINIONCE_5147	90	Port Input	1	5008558	9596	NA
S011_MINIONCE_5147	90	Response	51	5013531	14569	1
S011_MINIONCE_5147	90	Picture	89_T_FFTRIAD_FF_piramide_red.png	5042161	43199	1	1900	2	43200	1800
S011_MINIONCE_5147	91	Picture	FF	5044261	0	1	43200	2	0	43200
S011_MINIONCE_5147	91	Pulse	99	5044559	298	NA
S011_MINIONCE_5147	91	Port Input	1	5044559	298	NA
S011_MINIONCE_5147	91	Response	52	5058404	14143	1
S011_MINIONCE_5147	91	Pulse	99	5080560	36299	NA
S011_MINIONCE_5147	91	Port Input	1	5080560	36299	NA
S011_MINIONCE_5147	91	Picture	90_T_FFTRIAD_FF_chupete_red.png	5087461	43200	1	1900	2	43200	1800
S011_MINIONCE_5147	92	Picture	rest	5089461	0	1	144099	2	0	144000
S011_MINIONCE_5147	92	Pulse	99	5116560	27099	NA
S011_MINIONCE_5147	92	Port Input	1	5116560	27099	NA
S011_MINIONCE_5147	92	Pulse	99	5152561	63100	NA
S011_MINIONCE_5147	92	Port Input	1	5152561	63100	NA
S011_MINIONCE_5147	92	Pulse	99	5188562	99101	NA
S011_MINIONCE_5147	92	Port Input	1	5188562	99101	NA
S011_MINIONCE_5147	92	Pulse	99	5224563	135102	NA
S011_MINIONCE_5147	92	Port Input	1	5224563	135102	NA
S011_MINIONCE_5147	93	Picture	endrest	5233660	0	1	10100	2	0	10000
S011_MINIONCE_5147	94	Picture	RW	5243960	0	1	43199	3	0	43200
S011_MINIONCE_5147	94	Pulse	99	5260564	16604	NA
S011_MINIONCE_5147	94	Port Input	1	5260564	16604	NA
S011_MINIONCE_5147	94	Response	52	5262705	18745	1
S011_MINIONCE_5147	94	Picture	93_T_RWTRIAD_RW_cinturon_red.png	5287159	43199	2	1900	4	43200	1800
S011_MINIONCE_5147	95	Picture	RW	5289259	0	2	43200	3	0	43200
S011_MINIONCE_5147	95	Pulse	99	5296565	7306	NA
S011_MINIONCE_5147	95	Port Input	1	5296565	7306	NA
S011_MINIONCE_5147	95	Response	52	5312107	22848	2
S011_MINIONCE_5147	95	Picture	94_T_RWTRIAD_RW_cuento_red.png	5332459	43200	1	1900	2	43200	1800
S011_MINIONCE_5147	95	Pulse	99	5332566	43307	NA
S011_MINIONCE_5147	95	Port Input	1	5332566	43307	NA
S011_MINIONCE_5147	96	Picture	RW	5334559	0	1	43200	2	0	43200
S011_MINIONCE_5147	96	Response	52	5352436	17877	1
S011_MINIONCE_5147	96	Pulse	99	5368567	34008	NA
S011_MINIONCE_5147	96	Port Input	1	5368567	34008	NA
S011_MINIONCE_5147	96	Picture	95_T_RWTRIAD_RW_tijera_red.png	5377759	43200	1	1900	2	43200	1800
S011_MINIONCE_5147	97	Picture	RW	5379859	0	1	43199	3	0	43200
S011_MINIONCE_5147	97	Pulse	99	5404568	24709	NA
S011_MINIONCE_5147	97	Port Input	1	5404568	24709	NA
S011_MINIONCE_5147	97	Response	51	5407041	27182	1
S011_MINIONCE_5147	97	Picture	96_T_RWTRIAD_RW_pilas_red.png	5423058	43199	2	1900	4	43200	1800
S011_MINIONCE_5147	98	Picture	RW	5425158	0	2	43200	3	0	43200
S011_MINIONCE_5147	98	Pulse	99	5440569	15411	NA
S011_MINIONCE_5147	98	Port Input	1	5440569	15411	NA
S011_MINIONCE_5147	98	Response	51	5446251	21093	1
S011_MINIONCE_5147	98	Picture	97_T_RWTRIAD_RW_ascensor_red.png	5468358	43200	1	1900	2	43200	1800
S011_MINIONCE_5147	99	Picture	RW	5470458	0	1	43200	2	0	43200
S011_MINIONCE_5147	99	Pulse	99	5476570	6112	NA
S011_MINIONCE_5147	99	Port Input	1	5476570	6112	NA
S011_MINIONCE_5147	99	Response	51	5498145	27687	2
S011_MINIONCE_5147	99	Pulse	99	5512571	42113	NA
S011_MINIONCE_5147	99	Port Input	1	5512571	42113	NA
S011_MINIONCE_5147	99	Picture	98_T_RWTRIAD_RW_piramide_red.png	5513658	43200	1	1900	2	43200	1800
S011_MINIONCE_5147	100	Picture	RW	5515858	0	1	43199	2	0	43200
S011_MINIONCE_5147	100	Response	52	5538557	22699	1
S011_MINIONCE_5147	100	Pulse	99	5548572	32714	NA
S011_MINIONCE_5147	100	Port Input	1	5548572	32714	NA
S011_MINIONCE_5147	100	Picture	99_T_RWTRIAD_RW_gafas_red.png	5559057	43199	1	1900	3	43200	1800
S011_MINIONCE_5147	101	Picture	RW	5561157	0	2	43200	4	0	43200
S011_MINIONCE_5147	101	Response	51	5582615	21458	2
S011_MINIONCE_5147	101	Pulse	99	5584573	23416	NA
S011_MINIONCE_5147	101	Port Input	1	5584573	23416	NA
S011_MINIONCE_5147	101	Picture	100_T_RWTRIAD_RW_iglu_red.png	5604357	43200	2	1900	3	43200	1800
S011_MINIONCE_5147	102	Picture	rest	5606357	0	1	144099	2	0	144000
S011_MINIONCE_5147	102	Pulse	99	5620574	14217	NA
S011_MINIONCE_5147	102	Port Input	1	5620574	14217	NA
S011_MINIONCE_5147	102	Pulse	99	5656574	50217	NA
S011_MINIONCE_5147	102	Port Input	1	5656574	50217	NA
S011_MINIONCE_5147	102	Pulse	99	5692575	86218	NA
S011_MINIONCE_5147	102	Port Input	1	5692575	86218	NA
S011_MINIONCE_5147	102	Pulse	99	5728576	122219	NA
S011_MINIONCE_5147	102	Port Input	1	5728576	122219	NA
S011_MINIONCE_5147	103	Picture	endrest	5750556	0	1	10100	2	0	10000
S011_MINIONCE_5147	104	Picture	FF	5760856	0	1	43200	2	0	43200
S011_MINIONCE_5147	104	Pulse	99	5764577	3721	NA
S011_MINIONCE_5147	104	Port Input	1	5764577	3721	NA
S011_MINIONCE_5147	104	Response	52	5780458	19602	1
S011_MINIONCE_5147	104	Pulse	99	5800578	39722	NA
S011_MINIONCE_5147	104	Port Input	1	5800578	39722	NA
S011_MINIONCE_5147	104	Picture	103_T_FFTRIAD_FF_plato_red.png	5804056	43200	1	1900	2	43200	1800
S011_MINIONCE_5147	105	Picture	FF	5806356	0	1	43099	2	0	43200
S011_MINIONCE_5147	105	Response	52	5822585	16229	1
S011_MINIONCE_5147	105	Pulse	99	5836579	30223	NA
S011_MINIONCE_5147	105	Port Input	1	5836579	30223	NA
S011_MINIONCE_5147	105	Picture	104_T_FFTRIAD_FF_banera_red.png	5849455	43099	1	1900	2	43200	1800
S011_MINIONCE_5147	106	Picture	FF	5851755	0	1	43200	2	0	43200
S011_MINIONCE_5147	106	Response	51	5860930	9175	1
S011_MINIONCE_5147	106	Pulse	99	5872580	20825	NA
S011_MINIONCE_5147	106	Port Input	1	5872580	20825	NA
S011_MINIONCE_5147	106	Picture	105_T_FFTRIAD_FF_agua_red.png	5894955	43200	1	1900	2	43200	1800
S011_MINIONCE_5147	107	Picture	FF	5897055	0	1	43200	2	0	43200
S011_MINIONCE_5147	107	Pulse	99	5908581	11526	NA
S011_MINIONCE_5147	107	Port Input	1	5908581	11526	NA
S011_MINIONCE_5147	107	Response	51	5915304	18249	1
S011_MINIONCE_5147	107	Picture	106_T_FFTRIAD_FF_pluma_red.png	5940255	43200	1	1900	2	43200	1800
S011_MINIONCE_5147	108	Picture	FF	5942355	0	1	43199	2	0	43200
S011_MINIONCE_5147	108	Pulse	99	5944582	2227	NA
S011_MINIONCE_5147	108	Port Input	1	5944582	2227	NA
S011_MINIONCE_5147	108	Response	51	5960530	18175	1
S011_MINIONCE_5147	108	Pulse	99	5980583	38228	NA
S011_MINIONCE_5147	108	Port Input	1	5980583	38228	NA
S011_MINIONCE_5147	108	Picture	107_T_FFTRIAD_FF_cortina_red.png	5985554	43199	1	1900	2	43200	1800
S011_MINIONCE_5147	109	Picture	FF	5987654	0	1	43200	2	0	43200
S011_MINIONCE_5147	109	Response	51	6002380	14726	1
S011_MINIONCE_5147	109	Pulse	99	6016584	28930	NA
S011_MINIONCE_5147	109	Port Input	1	6016584	28930	NA
S011_MINIONCE_5147	109	Picture	108_T_FFTRIAD_FF_grapadora_red.png	6030854	43200	1	1900	2	43200	1800
S011_MINIONCE_5147	110	Picture	FF	6032954	0	1	43200	2	0	43200
S011_MINIONCE_5147	110	Response	52	6051063	18109	1
S011_MINIONCE_5147	110	Pulse	99	6052585	19631	NA
S011_MINIONCE_5147	110	Port Input	1	6052585	19631	NA
S011_MINIONCE_5147	110	Picture	109_T_FFTRIAD_FF_telefono_red.png	6076154	43200	1	1900	2	43200	1800
S011_MINIONCE_5147	111	Picture	FF	6078253	0	2	43200	3	0	43200
S011_MINIONCE_5147	111	Pulse	99	6088586	10333	NA
S011_MINIONCE_5147	111	Port Input	1	6088586	10333	NA
S011_MINIONCE_5147	111	Response	51	6094272	16019	1
S011_MINIONCE_5147	111	Picture	110_T_FFTRIAD_FF_cuento_red.png	6121453	43200	1	1900	2	43200	1800
S011_MINIONCE_5147	112	Picture	rest	6123453	0	1	144099	2	0	144000
S011_MINIONCE_5147	112	Pulse	99	6124587	1134	NA
S011_MINIONCE_5147	112	Port Input	1	6124587	1134	NA
S011_MINIONCE_5147	112	Pulse	99	6160588	37135	NA
S011_MINIONCE_5147	112	Port Input	1	6160588	37135	NA
S011_MINIONCE_5147	112	Pulse	99	6196589	73136	NA
S011_MINIONCE_5147	112	Port Input	1	6196589	73136	NA
S011_MINIONCE_5147	112	Pulse	99	6232589	109136	NA
S011_MINIONCE_5147	112	Port Input	1	6232589	109136	NA
S011_MINIONCE_5147	113	Picture	endrest	6267652	0	1	10100	2	0	10000
S011_MINIONCE_5147	113	Pulse	99	6268590	938	NA
S011_MINIONCE_5147	113	Port Input	1	6268590	938	NA
S011_MINIONCE_5147	114	Picture	PW	6277952	0	1	43200	2	0	43200
S011_MINIONCE_5147	114	Response	51	6294880	16928	1
S011_MINIONCE_5147	114	Pulse	99	6304591	26639	NA
S011_MINIONCE_5147	114	Port Input	1	6304591	26639	NA
S011_MINIONCE_5147	114	Picture	113_T_PWTRIAD_PW_dedal_red.png	6321152	43200	1	1900	2	43200	1800
S011_MINIONCE_5147	115	Picture	PW	6323252	0	1	43199	2	0	43200
S011_MINIONCE_5147	115	Response	52	6339239	15987	1
S011_MINIONCE_5147	115	Pulse	99	6340592	17340	NA
S011_MINIONCE_5147	115	Port Input	1	6340592	17340	NA
S011_MINIONCE_5147	115	Picture	114_T_PWTRIAD_PW_cerillas_red.png	6366451	43199	1	1900	2	43200	1800
S011_MINIONCE_5147	116	Picture	PW	6368551	0	1	43200	2	0	43200
S011_MINIONCE_5147	116	Pulse	99	6376593	8042	NA
S011_MINIONCE_5147	116	Port Input	1	6376593	8042	NA
S011_MINIONCE_5147	116	Response	52	6383791	15240	2
S011_MINIONCE_5147	116	Picture	115_T_PWTRIAD_PW_leche_red.png	6411751	43200	1	1900	2	43200	1800
S011_MINIONCE_5147	116	Pulse	99	6412594	44043	NA
S011_MINIONCE_5147	116	Port Input	1	6412594	44043	NA
S011_MINIONCE_5147	117	Picture	PW	6413851	0	1	43200	2	0	43200
S011_MINIONCE_5147	117	Pulse	99	6448595	34744	NA
S011_MINIONCE_5147	117	Port Input	1	6448595	34744	NA
S011_MINIONCE_5147	117	Picture	116_T_PWTRIAD_PW_murcielago_red.png	6457051	43200	1	1900	2	43200	1800
S011_MINIONCE_5147	117	Response	52	6457352	43501	1
S011_MINIONCE_5147	118	Picture	FF	6459151	0	1	43199	2	0	43200
S011_MINIONCE_5147	118	Response	51	6473194	14043	1
S011_MINIONCE_5147	118	Pulse	99	6484596	25445	NA
S011_MINIONCE_5147	118	Port Input	1	6484596	25445	NA
S011_MINIONCE_5147	118	Picture	117_T_FFTRIAD_FF_candado_red.png	6502350	43199	1	1900	2	43200	1800
S011_MINIONCE_5147	119	Picture	FF	6504450	0	1	43200	2	0	43200
S011_MINIONCE_5147	119	Response	52	6515624	11174	1
S011_MINIONCE_5147	119	Pulse	99	6520597	16147	NA
S011_MINIONCE_5147	119	Port Input	1	6520597	16147	NA
S011_MINIONCE_5147	119	Picture	118_T_FFTRIAD_FF_bala_red.png	6547650	43200	1	1900	2	43200	1800
S011_MINIONCE_5147	120	Picture	FF	6549750	0	1	43200	2	0	43200
S011_MINIONCE_5147	120	Pulse	99	6556598	6848	NA
S011_MINIONCE_5147	120	Port Input	1	6556598	6848	NA
S011_MINIONCE_5147	120	Response	51	6565509	15759	1
S011_MINIONCE_5147	120	Pulse	99	6592599	42849	NA
S011_MINIONCE_5147	120	Port Input	1	6592599	42849	NA
S011_MINIONCE_5147	120	Picture	119_T_FFTRIAD_FF_perro_red.png	6592950	43200	1	1900	2	43200	1800
S011_MINIONCE_5147	121	Picture	FF	6595050	0	1	43199	2	0	43200
S011_MINIONCE_5147	121	Response	52	6605843	10793	1
S011_MINIONCE_5147	121	Pulse	99	6628600	33550	NA
S011_MINIONCE_5147	121	Port Input	1	6628600	33550	NA
S011_MINIONCE_5147	121	Picture	120_T_FFTRIAD_FF_telarana_red.png	6638249	43199	1	1900	2	43200	1800
S011_MINIONCE_5147	122	Picture	rest	6640249	0	1	144099	2	0	144000
S011_MINIONCE_5147	122	Pulse	99	6664601	24352	NA
S011_MINIONCE_5147	122	Port Input	1	6664601	24352	NA
S011_MINIONCE_5147	122	Pulse	99	6700602	60353	NA
S011_MINIONCE_5147	122	Port Input	1	6700602	60353	NA
S011_MINIONCE_5147	122	Pulse	99	6736603	96354	NA
S011_MINIONCE_5147	122	Port Input	1	6736603	96354	NA
S011_MINIONCE_5147	122	Pulse	99	6772603	132354	NA
S011_MINIONCE_5147	122	Port Input	1	6772603	132354	NA
S011_MINIONCE_5147	123	Picture	endrest	6784448	0	1	10100	2	0	10000
S011_MINIONCE_5147	124	Picture	FF	6794748	0	1	43200	2	0	43200
S011_MINIONCE_5147	124	Pulse	99	6808604	13856	NA
S011_MINIONCE_5147	124	Port Input	1	6808604	13856	NA
S011_MINIONCE_5147	124	Response	51	6815292	20544	2
S011_MINIONCE_5147	124	Picture	123_T_FFTRIAD_FF_silla_red.png	6837948	43200	1	1900	2	43200	1800
S011_MINIONCE_5147	125	Picture	FF	6840248	0	1	43100	2	0	43200
S011_MINIONCE_5147	125	Pulse	99	6844605	4357	NA
S011_MINIONCE_5147	125	Port Input	1	6844605	4357	NA
S011_MINIONCE_5147	125	Response	52	6849934	9686	1
S011_MINIONCE_5147	125	Pulse	99	6880606	40358	NA
S011_MINIONCE_5147	125	Port Input	1	6880606	40358	NA
S011_MINIONCE_5147	125	Picture	124_T_FFTRIAD_FF_botella_red.png	6883348	43100	1	1899	3	43200	1800
S011_MINIONCE_5147	126	Picture	FF	6885447	0	2	43200	3	0	43200
S011_MINIONCE_5147	126	Response	52	6907907	22460	1
S011_MINIONCE_5147	126	Pulse	99	6916607	31160	NA
S011_MINIONCE_5147	126	Port Input	1	6916607	31160	NA
S011_MINIONCE_5147	126	Picture	125_T_FFTRIAD_FF_lenador_red.png	6928647	43200	1	1900	2	43200	1800
S011_MINIONCE_5147	127	Picture	FF	6930747	0	1	43200	2	0	43200
S011_MINIONCE_5147	127	Response	51	6943173	12426	1
S011_MINIONCE_5147	127	Pulse	99	6952608	21861	NA
S011_MINIONCE_5147	127	Port Input	1	6952608	21861	NA
S011_MINIONCE_5147	127	Picture	126_T_FFTRIAD_FF_arbol_red.png	6973947	43200	1	1900	2	43200	1800
S011_MINIONCE_5147	128	Picture	RW	6976047	0	1	43199	3	0	43200
S011_MINIONCE_5147	128	Pulse	99	6988609	12562	NA
S011_MINIONCE_5147	128	Port Input	1	6988609	12562	NA
S011_MINIONCE_5147	128	Response	51	7001769	25722	1
S011_MINIONCE_5147	128	Picture	127_T_RWTRIAD_RW_traje_red.png	7019246	43199	2	1900	4	43200	1800
S011_MINIONCE_5147	129	Picture	RW	7021346	0	2	43200	3	0	43200
S011_MINIONCE_5147	129	Pulse	99	7024610	3264	NA
S011_MINIONCE_5147	129	Port Input	1	7024610	3264	NA
S011_MINIONCE_5147	129	Response	51	7044160	22814	1
S011_MINIONCE_5147	129	Pulse	99	7060611	39265	NA
S011_MINIONCE_5147	129	Port Input	1	7060611	39265	NA
S011_MINIONCE_5147	129	Picture	128_T_RWTRIAD_RW_granjero_red.png	7064546	43200	1	1900	2	43200	1800
S011_MINIONCE_5147	130	Picture	RW	7066646	0	1	43200	2	0	43200
S011_MINIONCE_5147	130	Response	51	7089188	22542	1
S011_MINIONCE_5147	130	Pulse	99	7096612	29966	NA
S011_MINIONCE_5147	130	Port Input	1	7096612	29966	NA
S011_MINIONCE_5147	130	Picture	129_T_RWTRIAD_RW_oruga_red.png	7109846	43200	1	1900	2	43200	1800
S011_MINIONCE_5147	131	Picture	RW	7112046	0	1	43199	3	0	43200
S011_MINIONCE_5147	131	Pulse	99	7132613	20567	NA
S011_MINIONCE_5147	131	Port Input	1	7132613	20567	NA
S011_MINIONCE_5147	131	Picture	130_T_RWTRIAD_RW_estetoscopio_red.png	7155245	43199	2	1900	4	43200	1800
S011_MINIONCE_5147	132	Picture	rest	7157245	0	1	144099	2	0	144000
S011_MINIONCE_5147	132	Response	51	7159310	2065	2
S011_MINIONCE_5147	132	Pulse	99	7168614	11369	NA
S011_MINIONCE_5147	132	Port Input	1	7168614	11369	NA
S011_MINIONCE_5147	132	Pulse	99	7204615	47370	NA
S011_MINIONCE_5147	132	Port Input	1	7204615	47370	NA
S011_MINIONCE_5147	132	Pulse	99	7240616	83371	NA
S011_MINIONCE_5147	132	Port Input	1	7240616	83371	NA
S011_MINIONCE_5147	132	Pulse	99	7276617	119372	NA
S011_MINIONCE_5147	132	Port Input	1	7276617	119372	NA
S011_MINIONCE_5147	133	Picture	endrest	7301444	0	1	10100	2	0	10000
S011_MINIONCE_5147	134	Picture	FF	7311744	0	1	43200	2	0	43200
S011_MINIONCE_5147	134	Pulse	99	7312618	874	NA
S011_MINIONCE_5147	134	Port Input	1	7312618	874	NA
S011_MINIONCE_5147	134	Response	52	7324538	12794	1
S011_MINIONCE_5147	134	Pulse	99	7348618	36874	NA
S011_MINIONCE_5147	134	Port Input	1	7348618	36874	NA
S011_MINIONCE_5147	134	Picture	133_T_FFTRIAD_FF_destornillador_red.png	7354944	43200	1	1900	2	43200	1800
S011_MINIONCE_5147	135	Picture	FF	7357044	0	1	43200	2	0	43200
S011_MINIONCE_5147	135	Response	51	7366634	9590	1
S011_MINIONCE_5147	135	Pulse	99	7384619	27575	NA
S011_MINIONCE_5147	135	Port Input	1	7384619	27575	NA
S011_MINIONCE_5147	135	Picture	134_T_FFTRIAD_FF_sapo_red.png	7400244	43200	1	1900	2	43200	1800
S011_MINIONCE_5147	136	Picture	FF	7402344	0	1	43199	2	0	43200
S011_MINIONCE_5147	136	Response	52	7413651	11307	1
S011_MINIONCE_5147	136	Pulse	99	7420620	18276	NA
S011_MINIONCE_5147	136	Port Input	1	7420620	18276	NA
S011_MINIONCE_5147	136	Picture	135_T_FFTRIAD_FF_lana_red.png	7445543	43199	1	1900	2	43200	1800
S011_MINIONCE_5147	137	Picture	FF	7447843	0	1	43100	2	0	43200
S011_MINIONCE_5147	137	Pulse	99	7456621	8778	NA
S011_MINIONCE_5147	137	Port Input	1	7456621	8778	NA
S011_MINIONCE_5147	137	Response	52	7468559	20716	1
S011_MINIONCE_5147	137	Picture	136_T_FFTRIAD_FF_huevos_red.png	7490943	43100	1	1900	2	43200	1800
S011_MINIONCE_5147	137	Pulse	99	7492622	44779	NA
S011_MINIONCE_5147	137	Port Input	1	7492622	44779	NA
S011_MINIONCE_5147	138	Picture	rest	7492943	0	1	144099	2	0	144000
S011_MINIONCE_5147	138	Pulse	99	7528623	35680	NA
S011_MINIONCE_5147	138	Port Input	1	7528623	35680	NA
S011_MINIONCE_5147	139	Picture	endrest	7637142	0	1	10100	2	0	10000
S011_MINIONCE_5147	140	Picture	endrest	7647342	0	1	10100	2	0	10000
S011_MINIONCE_5147	141	Picture	endrest	7657542	0	1	10100	2	0	10000
S011_MINIONCE_5147	142	Picture	endrest	7667742	0	1	10100	2	0	10000
