Scenario - vOT_Triads_fMRI_I
Logfile written - 07/22/2015 15:35:17

Subject	Trial	Event Type	Code	Time	TTime	Uncertainty	Duration	Uncertainty	ReqTime	ReqDur

S011_MINIONCE_5147	1	Response	98	179637	189337	1
S011_MINIONCE_5147	2	Response	52	209650	29952	1
S011_MINIONCE_5147	2	Response	98	239482	59784	1
S011_MINIONCE_5147	3	Response	52	317422	77925	1
S011_MINIONCE_5147	3	Response	98	331514	92017	1
S011_MINIONCE_5147	4	Response	52	375621	44024	1
S011_MINIONCE_5147	4	Response	98	490580	158983	1
S011_MINIONCE_5147	6	Pulse	99	702412	211716	NA
S011_MINIONCE_5147	6	Port Input	1	702412	211716	NA
S011_MINIONCE_5147	6	Pulse	99	738413	247717	NA
S011_MINIONCE_5147	6	Port Input	1	738413	247717	NA
S011_MINIONCE_5147	6	Pulse	99	774414	283718	NA
S011_MINIONCE_5147	6	Port Input	1	774414	283718	NA
S011_MINIONCE_5147	6	Pulse	99	810415	319719	NA
S011_MINIONCE_5147	6	Port Input	1	810415	319719	NA
S011_MINIONCE_5147	6	Pulse	99	846416	355720	NA
S011_MINIONCE_5147	6	Port Input	1	846416	355720	NA
S011_MINIONCE_5147	7	Picture	rest	846693	0	1	144099	2	0	144000
S011_MINIONCE_5147	7	Pulse	99	882417	35724	NA
S011_MINIONCE_5147	7	Port Input	1	882417	35724	NA
S011_MINIONCE_5147	7	Pulse	99	918418	71725	NA
S011_MINIONCE_5147	7	Port Input	1	918418	71725	NA
S011_MINIONCE_5147	7	Pulse	99	954419	107726	NA
S011_MINIONCE_5147	7	Port Input	1	954419	107726	NA
S011_MINIONCE_5147	7	Pulse	99	990420	143727	NA
S011_MINIONCE_5147	7	Port Input	1	990420	143727	NA
S011_MINIONCE_5147	8	Picture	endrest	990892	0	1	10100	2	0	10000
S011_MINIONCE_5147	9	Picture	FF	1001392	0	1	43099	2	0	43200
S011_MINIONCE_5147	9	Response	52	1022146	20754	1
S011_MINIONCE_5147	9	Pulse	99	1026421	25029	NA
S011_MINIONCE_5147	9	Port Input	1	1026421	25029	NA
S011_MINIONCE_5147	9	Picture	3_T_FFTRIAD_FF_granjero_red.png	1044491	43099	1	1900	2	43200	1800
S011_MINIONCE_5147	10	Picture	FF	1046591	0	1	43200	2	0	43200
S011_MINIONCE_5147	10	Pulse	99	1062422	15831	NA
S011_MINIONCE_5147	10	Port Input	1	1062422	15831	NA
S011_MINIONCE_5147	10	Response	51	1062452	15861	1
S011_MINIONCE_5147	10	Picture	4_T_FFTRIAD_FF_dado_red.png	1089791	43200	1	1900	2	43200	1800
S011_MINIONCE_5147	11	Picture	FF	1092091	0	1	43200	2	0	43200
S011_MINIONCE_5147	11	Pulse	99	1098422	6331	NA
S011_MINIONCE_5147	11	Port Input	1	1098422	6331	NA
S011_MINIONCE_5147	11	Response	51	1108705	16614	1
S011_MINIONCE_5147	11	Pulse	99	1134423	42332	NA
S011_MINIONCE_5147	11	Port Input	1	1134423	42332	NA
S011_MINIONCE_5147	11	Picture	5_T_FFTRIAD_FF_traje_red.png	1135291	43200	1	1900	2	43200	1800
S011_MINIONCE_5147	12	Picture	FF	1137391	0	1	43199	2	0	43200
S011_MINIONCE_5147	12	Response	51	1156588	19197	1
S011_MINIONCE_5147	12	Pulse	99	1170424	33033	NA
S011_MINIONCE_5147	12	Port Input	1	1170424	33033	NA
S011_MINIONCE_5147	12	Picture	6_T_FFTRIAD_FF_estetoscopio_red.png	1180590	43199	1	1900	2	43200	1800
S011_MINIONCE_5147	13	Picture	FF	1182690	0	1	43200	2	0	43200
S011_MINIONCE_5147	13	Response	51	1197681	14991	2
S011_MINIONCE_5147	13	Pulse	99	1206425	23735	NA
S011_MINIONCE_5147	13	Port Input	1	1206425	23735	NA
S011_MINIONCE_5147	13	Picture	7_T_FFTRIAD_FF_martillo_red.png	1225890	43200	1	1900	2	43200	1800
S011_MINIONCE_5147	14	Picture	FF	1227990	0	1	43200	2	0	43200
S011_MINIONCE_5147	14	Pulse	99	1242426	14436	NA
S011_MINIONCE_5147	14	Port Input	1	1242426	14436	NA
S011_MINIONCE_5147	14	Response	51	1242429	14439	1
S011_MINIONCE_5147	14	Picture	8_T_FFTRIAD_FF_sombrilla_red.png	1271190	43200	1	1900	2	43200	1800
S011_MINIONCE_5147	15	Picture	FF	1273390	0	1	43199	2	0	43200
S011_MINIONCE_5147	15	Pulse	99	1278427	5037	NA
S011_MINIONCE_5147	15	Port Input	1	1278427	5037	NA
S011_MINIONCE_5147	15	Response	52	1292343	18953	1
S011_MINIONCE_5147	15	Pulse	99	1314428	41038	NA
S011_MINIONCE_5147	15	Port Input	1	1314428	41038	NA
S011_MINIONCE_5147	15	Picture	9_T_FFTRIAD_FF_esquimal_red.png	1316589	43199	1	1900	2	43200	1800
S011_MINIONCE_5147	16	Picture	FF	1318689	0	1	43200	2	0	43200
S011_MINIONCE_5147	16	Response	51	1333467	14778	1
S011_MINIONCE_5147	16	Pulse	99	1350429	31740	NA
S011_MINIONCE_5147	16	Port Input	1	1350429	31740	NA
S011_MINIONCE_5147	16	Picture	10_T_FFTRIAD_FF_violin_red.png	1361889	43200	1	1900	2	43200	1800
S011_MINIONCE_5147	17	Picture	rest	1363889	0	1	144099	2	0	144000
S011_MINIONCE_5147	17	Pulse	99	1386430	22541	NA
S011_MINIONCE_5147	17	Port Input	1	1386430	22541	NA
S011_MINIONCE_5147	17	Pulse	99	1422431	58542	NA
S011_MINIONCE_5147	17	Port Input	1	1422431	58542	NA
S011_MINIONCE_5147	17	Pulse	99	1458432	94543	NA
S011_MINIONCE_5147	17	Port Input	1	1458432	94543	NA
S011_MINIONCE_5147	17	Pulse	99	1494433	130544	NA
S011_MINIONCE_5147	17	Port Input	1	1494433	130544	NA
S011_MINIONCE_5147	18	Picture	endrest	1508088	0	1	10100	2	0	10000
S011_MINIONCE_5147	19	Picture	RW	1518588	0	1	43099	3	0	43200
S011_MINIONCE_5147	19	Pulse	99	1530434	11846	NA
S011_MINIONCE_5147	19	Port Input	1	1530434	11846	NA
S011_MINIONCE_5147	19	Response	51	1542782	24194	1
S011_MINIONCE_5147	19	Picture	13_T_RWTRIAD_RW_manos_red.png	1561687	43099	2	1900	4	43200	1800
S011_MINIONCE_5147	20	Picture	RW	1563787	0	2	43200	3	0	43200
S011_MINIONCE_5147	20	Pulse	99	1566435	2648	NA
S011_MINIONCE_5147	20	Port Input	1	1566435	2648	NA
S011_MINIONCE_5147	20	Response	52	1583695	19908	1
S011_MINIONCE_5147	20	Pulse	99	1602436	38649	NA
S011_MINIONCE_5147	20	Port Input	1	1602436	38649	NA
S011_MINIONCE_5147	20	Picture	14_T_RWTRIAD_RW_pincel_red.png	1606987	43200	1	1900	2	43200	1800
S011_MINIONCE_5147	21	Picture	RW	1609287	0	1	43200	2	0	43200
S011_MINIONCE_5147	21	Response	52	1629074	19787	1
S011_MINIONCE_5147	21	Pulse	99	1638437	29150	NA
S011_MINIONCE_5147	21	Port Input	1	1638437	29150	NA
S011_MINIONCE_5147	21	Picture	15_T_RWTRIAD_RW_queso_red.png	1652487	43200	1	1900	2	43200	1800
S011_MINIONCE_5147	22	Picture	RW	1654587	0	1	43199	3	0	43200
S011_MINIONCE_5147	22	Pulse	99	1674438	19851	NA
S011_MINIONCE_5147	22	Port Input	1	1674438	19851	NA
S011_MINIONCE_5147	22	Response	51	1677411	22824	1
S011_MINIONCE_5147	22	Picture	16_T_RWTRIAD_RW_perro_red.png	1697786	43199	2	1900	3	43200	1800
S011_MINIONCE_5147	23	Picture	RW	1700086	0	2	43100	3	0	43200
S011_MINIONCE_5147	23	Pulse	99	1710438	10352	NA
S011_MINIONCE_5147	23	Port Input	1	1710438	10352	NA
S011_MINIONCE_5147	23	Response	51	1723887	23801	1
S011_MINIONCE_5147	23	Picture	17_T_RWTRIAD_RW_bala_red.png	1743186	43100	1	1900	2	43200	1800
S011_MINIONCE_5147	24	Picture	RW	1745286	0	1	43200	2	0	43200
S011_MINIONCE_5147	24	Pulse	99	1746439	1153	NA
S011_MINIONCE_5147	24	Port Input	1	1746439	1153	NA
S011_MINIONCE_5147	24	Response	52	1766643	21357	1
S011_MINIONCE_5147	24	Pulse	99	1782440	37154	NA
S011_MINIONCE_5147	24	Port Input	1	1782440	37154	NA
S011_MINIONCE_5147	24	Picture	18_T_RWTRIAD_RW_plato_red.png	1788486	43200	1	1900	2	43200	1800
S011_MINIONCE_5147	25	Picture	RW	1790586	0	1	43199	2	0	43200
S011_MINIONCE_5147	25	Pulse	99	1818441	27855	NA
S011_MINIONCE_5147	25	Port Input	1	1818441	27855	NA
S011_MINIONCE_5147	25	Response	51	1822574	31988	2
S011_MINIONCE_5147	25	Picture	19_T_RWTRIAD_RW_candado_red.png	1833785	43199	1	1900	3	43200	1800
S011_MINIONCE_5147	26	Picture	RW	1835885	0	1	43200	2	0	43200
S011_MINIONCE_5147	26	Pulse	99	1854442	18557	NA
S011_MINIONCE_5147	26	Port Input	1	1854442	18557	NA
S011_MINIONCE_5147	26	Response	52	1857166	21281	1
S011_MINIONCE_5147	26	Picture	20_T_RWTRIAD_RW_bebe_red.png	1879085	43200	1	1900	2	43200	1800
S011_MINIONCE_5147	27	Picture	rest	1881085	0	1	144099	2	0	144000
S011_MINIONCE_5147	27	Pulse	99	1890443	9358	NA
S011_MINIONCE_5147	27	Port Input	1	1890443	9358	NA
S011_MINIONCE_5147	27	Pulse	99	1926444	45359	NA
S011_MINIONCE_5147	27	Port Input	1	1926444	45359	NA
S011_MINIONCE_5147	27	Pulse	99	1962445	81360	NA
S011_MINIONCE_5147	27	Port Input	1	1962445	81360	NA
S011_MINIONCE_5147	27	Pulse	99	1998446	117361	NA
S011_MINIONCE_5147	27	Port Input	1	1998446	117361	NA
S011_MINIONCE_5147	28	Picture	endrest	2025284	0	1	10100	2	0	10000
S011_MINIONCE_5147	28	Pulse	99	2034447	9163	NA
S011_MINIONCE_5147	28	Port Input	1	2034447	9163	NA
S011_MINIONCE_5147	29	Picture	RW	2035584	0	1	43200	2	0	43200
S011_MINIONCE_5147	29	Response	51	2062260	26676	1
S011_MINIONCE_5147	29	Pulse	99	2070448	34864	NA
S011_MINIONCE_5147	29	Port Input	1	2070448	34864	NA
S011_MINIONCE_5147	29	Picture	23_T_RWTRIAD_RW_telefono_red.png	2078784	43200	1	1900	2	43200	1800
S011_MINIONCE_5147	30	Picture	RW	2080984	0	1	43199	2	0	43200
S011_MINIONCE_5147	30	Response	51	2100925	19941	1
S011_MINIONCE_5147	30	Pulse	99	2106449	25465	NA
S011_MINIONCE_5147	30	Port Input	1	2106449	25465	NA
S011_MINIONCE_5147	30	Picture	24_T_RWTRIAD_RW_botella_red.png	2124183	43199	1	1900	2	43200	1800
S011_MINIONCE_5147	31	Picture	RW	2126283	0	1	43200	2	0	43200
S011_MINIONCE_5147	31	Pulse	99	2142450	16167	NA
S011_MINIONCE_5147	31	Port Input	1	2142450	16167	NA
S011_MINIONCE_5147	31	Response	51	2147515	21232	2
S011_MINIONCE_5147	31	Picture	25_T_RWTRIAD_RW_madera_red.png	2169483	43200	1	1900	2	43200	1800
S011_MINIONCE_5147	32	Picture	RW	2171583	0	1	43199	3	0	43200
S011_MINIONCE_5147	32	Pulse	99	2178451	6868	NA
S011_MINIONCE_5147	32	Port Input	1	2178451	6868	NA
S011_MINIONCE_5147	32	Response	52	2189704	18121	1
S011_MINIONCE_5147	32	Pulse	99	2214452	42869	NA
S011_MINIONCE_5147	32	Port Input	1	2214452	42869	NA
S011_MINIONCE_5147	32	Picture	26_T_RWTRIAD_RW_chupete_red.png	2214782	43199	2	1901	3	43200	1800
S011_MINIONCE_5147	33	Picture	FF	2216882	0	2	43200	3	0	43200
S011_MINIONCE_5147	33	Response	52	2234823	17941	1
S011_MINIONCE_5147	33	Pulse	99	2250453	33571	NA
S011_MINIONCE_5147	33	Port Input	1	2250453	33571	NA
S011_MINIONCE_5147	33	Picture	27_T_FFTRIAD_FF_molino_red.png	2260082	43200	1	1900	2	43200	1800
S011_MINIONCE_5147	34	Picture	FF	2262382	0	1	43100	2	0	43200
S011_MINIONCE_5147	34	Response	52	2282810	20428	1
S011_MINIONCE_5147	34	Pulse	99	2286453	24071	NA
S011_MINIONCE_5147	34	Port Input	1	2286453	24071	NA
S011_MINIONCE_5147	34	Picture	28_T_FFTRIAD_FF_futbol_red.png	2305482	43100	1	1900	2	43200	1800
S011_MINIONCE_5147	35	Picture	FF	2307582	0	1	43199	3	0	43200
S011_MINIONCE_5147	35	Pulse	99	2322454	14872	NA
S011_MINIONCE_5147	35	Port Input	1	2322454	14872	NA
S011_MINIONCE_5147	35	Response	52	2328791	21209	1
S011_MINIONCE_5147	35	Picture	29_T_FFTRIAD_FF_pizarra_red.png	2350781	43199	2	1900	4	43200	1800
S011_MINIONCE_5147	36	Picture	FF	2352881	0	2	43200	3	0	43200
S011_MINIONCE_5147	36	Pulse	99	2358455	5574	NA
S011_MINIONCE_5147	36	Port Input	1	2358455	5574	NA
S011_MINIONCE_5147	36	Response	52	2371245	18364	1
S011_MINIONCE_5147	36	Pulse	99	2394456	41575	NA
S011_MINIONCE_5147	36	Port Input	1	2394456	41575	NA
S011_MINIONCE_5147	36	Picture	30_T_FFTRIAD_FF_iglu_red.png	2396081	43200	1	1900	2	43200	1800
S011_MINIONCE_5147	37	Picture	rest	2398081	0	1	144099	2	0	144000
S011_MINIONCE_5147	37	Pulse	99	2430457	32376	NA
S011_MINIONCE_5147	37	Port Input	1	2430457	32376	NA
S011_MINIONCE_5147	37	Pulse	99	2466458	68377	NA
S011_MINIONCE_5147	37	Port Input	1	2466458	68377	NA
S011_MINIONCE_5147	37	Pulse	99	2502459	104378	NA
S011_MINIONCE_5147	37	Port Input	1	2502459	104378	NA
S011_MINIONCE_5147	37	Pulse	99	2538460	140379	NA
S011_MINIONCE_5147	37	Port Input	1	2538460	140379	NA
S011_MINIONCE_5147	38	Picture	endrest	2542280	0	1	10100	2	0	10000
S011_MINIONCE_5147	39	Picture	FF	2552680	0	1	43200	2	0	43200
S011_MINIONCE_5147	39	Pulse	99	2574461	21781	NA
S011_MINIONCE_5147	39	Port Input	1	2574461	21781	NA
S011_MINIONCE_5147	39	Response	52	2575097	22417	1
S011_MINIONCE_5147	39	Picture	33_T_FFTRIAD_FF_anillo_red.png	2595880	43200	1	1900	2	43200	1800
S011_MINIONCE_5147	40	Picture	FF	2597980	0	1	43199	2	0	43200
S011_MINIONCE_5147	40	Pulse	99	2610462	12482	NA
S011_MINIONCE_5147	40	Port Input	1	2610462	12482	NA
S011_MINIONCE_5147	40	Response	51	2615862	17882	2
S011_MINIONCE_5147	40	Picture	34_T_FFTRIAD_FF_leche_red.png	2641179	43199	1	1900	2	43200	1800
S011_MINIONCE_5147	41	Picture	FF	2643279	0	1	43200	2	0	43200
S011_MINIONCE_5147	41	Pulse	99	2646463	3184	NA
S011_MINIONCE_5147	41	Port Input	1	2646463	3184	NA
S011_MINIONCE_5147	41	Response	51	2658679	15400	1
S011_MINIONCE_5147	41	Pulse	99	2682464	39185	NA
S011_MINIONCE_5147	41	Port Input	1	2682464	39185	NA
S011_MINIONCE_5147	41	Picture	35_T_FFTRIAD_FF_lechuga_red.png	2686479	43200	1	1900	2	43200	1800
S011_MINIONCE_5147	42	Picture	FF	2688579	0	1	43200	2	0	43200
S011_MINIONCE_5147	42	Response	51	2712980	24401	1
S011_MINIONCE_5147	42	Pulse	99	2718465	29886	NA
S011_MINIONCE_5147	42	Port Input	1	2718465	29886	NA
S011_MINIONCE_5147	42	Picture	36_T_FFTRIAD_FF_oruga_red.png	2731779	43200	1	1900	2	43200	1800
S011_MINIONCE_5147	43	Picture	FF	2733879	0	1	43199	2	0	43200
S011_MINIONCE_5147	43	Pulse	99	2754466	20587	NA
S011_MINIONCE_5147	43	Port Input	1	2754466	20587	NA
S011_MINIONCE_5147	43	Response	52	2754812	20933	1
S011_MINIONCE_5147	43	Picture	37_T_FFTRIAD_FF_raton_red.png	2777078	43199	1	1900	2	43200	1800
S011_MINIONCE_5147	44	Picture	FF	2779378	0	1	43100	2	0	43200
S011_MINIONCE_5147	44	Pulse	99	2790467	11089	NA
S011_MINIONCE_5147	44	Port Input	1	2790467	11089	NA
S011_MINIONCE_5147	44	Response	52	2806140	26762	1
S011_MINIONCE_5147	44	Picture	38_T_FFTRIAD_FF_dedal_red.png	2822478	43100	1	1900	2	43200	1800
S011_MINIONCE_5147	45	Picture	FF	2824778	0	1	43100	2	0	43200
S011_MINIONCE_5147	45	Pulse	99	2826467	1689	NA
S011_MINIONCE_5147	45	Port Input	1	2826467	1689	NA
S011_MINIONCE_5147	45	Response	52	2848205	23427	1
S011_MINIONCE_5147	45	Pulse	99	2862468	37690	NA
S011_MINIONCE_5147	45	Port Input	1	2862468	37690	NA
S011_MINIONCE_5147	45	Picture	39_T_FFTRIAD_FF_almohada_red.png	2867878	43100	1	1900	2	43200	1800
S011_MINIONCE_5147	46	Picture	FF	2869978	0	1	43199	2	0	43200
S011_MINIONCE_5147	46	Response	52	2885652	15674	1
S011_MINIONCE_5147	46	Pulse	99	2898470	28492	NA
S011_MINIONCE_5147	46	Port Input	1	2898470	28492	NA
S011_MINIONCE_5147	46	Picture	40_T_FFTRIAD_FF_mono_red.png	2913177	43199	1	1900	2	43200	1800
S011_MINIONCE_5147	47	Picture	rest	2915177	0	1	144099	2	0	144000
S011_MINIONCE_5147	47	Pulse	99	2934470	19293	NA
S011_MINIONCE_5147	47	Port Input	1	2934470	19293	NA
S011_MINIONCE_5147	47	Pulse	99	2970471	55294	NA
S011_MINIONCE_5147	47	Port Input	1	2970471	55294	NA
S011_MINIONCE_5147	47	Pulse	99	3006472	91295	NA
S011_MINIONCE_5147	47	Port Input	1	3006472	91295	NA
S011_MINIONCE_5147	47	Pulse	99	3042473	127296	NA
S011_MINIONCE_5147	47	Port Input	1	3042473	127296	NA
S011_MINIONCE_5147	48	Picture	endrest	3059376	0	1	10100	2	0	10000
S011_MINIONCE_5147	49	Picture	RW	3069676	0	1	43200	2	0	43200
S011_MINIONCE_5147	49	Pulse	99	3078474	8798	NA
S011_MINIONCE_5147	49	Port Input	1	3078474	8798	NA
S011_MINIONCE_5147	49	Response	51	3100395	30719	1
S011_MINIONCE_5147	49	Picture	43_T_RWTRIAD_RW_tenedor_red.png	3112876	43200	1	1900	2	43200	1800
S011_MINIONCE_5147	49	Pulse	99	3114475	44799	NA
S011_MINIONCE_5147	49	Port Input	1	3114475	44799	NA
S011_MINIONCE_5147	50	Picture	RW	3114976	0	1	43199	2	0	43200
S011_MINIONCE_5147	50	Pulse	99	3150476	35500	NA
S011_MINIONCE_5147	50	Port Input	1	3150476	35500	NA
S011_MINIONCE_5147	50	Picture	44_T_RWTRIAD_RW_banera_red.png	3158175	43199	1	1900	2	43200	1800
S011_MINIONCE_5147	51	Picture	RW	3160275	0	1	43200	2	0	43200
S011_MINIONCE_5147	51	Response	51	3162562	2287	1
S011_MINIONCE_5147	51	Pulse	99	3186477	26202	NA
S011_MINIONCE_5147	51	Port Input	1	3186477	26202	NA
S011_MINIONCE_5147	51	Response	52	3197878	37603	1
S011_MINIONCE_5147	51	Picture	45_T_RWTRIAD_RW_bellota_red.png	3203475	43200	1	1900	2	43200	1800
S011_MINIONCE_5147	52	Picture	RW	3205575	0	1	43200	2	0	43200
S011_MINIONCE_5147	52	Pulse	99	3222478	16903	NA
S011_MINIONCE_5147	52	Port Input	1	3222478	16903	NA
S011_MINIONCE_5147	52	Response	52	3230024	24449	1
S011_MINIONCE_5147	52	Picture	46_T_RWTRIAD_RW_lechuga_red.png	3248775	43200	1	1900	2	43200	1800
S011_MINIONCE_5147	53	Picture	PW	3251075	0	1	43099	2	0	43200
S011_MINIONCE_5147	53	Pulse	99	3258479	7404	NA
S011_MINIONCE_5147	53	Port Input	1	3258479	7404	NA
S011_MINIONCE_5147	53	Picture	47_T_PWTRIAD_PW_tenedor_red.png	3294174	43099	1	1900	2	43200	1800
S011_MINIONCE_5147	53	Pulse	99	3294480	43405	NA
S011_MINIONCE_5147	53	Port Input	1	3294480	43405	NA
S011_MINIONCE_5147	54	Picture	PW	3296274	0	1	43200	2	0	43200
S011_MINIONCE_5147	54	Response	52	3298675	2401	1
S011_MINIONCE_5147	54	Pulse	99	3330481	34207	NA
S011_MINIONCE_5147	54	Port Input	1	3330481	34207	NA
S011_MINIONCE_5147	54	Response	52	3335445	39171	1
S011_MINIONCE_5147	54	Picture	48_T_PWTRIAD_PW_ascensor_red.png	3339474	43200	1	1900	2	43200	1800
S011_MINIONCE_5147	55	Picture	PW	3341574	0	1	43200	2	0	43200
S011_MINIONCE_5147	55	Pulse	99	3366481	24907	NA
S011_MINIONCE_5147	55	Port Input	1	3366481	24907	NA
S011_MINIONCE_5147	55	Response	51	3371422	29848	2
S011_MINIONCE_5147	55	Picture	49_T_PWTRIAD_PW_estetoscopio_red.png	3384774	43200	1	1900	2	43200	1800
S011_MINIONCE_5147	56	Picture	PW	3386874	0	1	43199	2	0	43200
S011_MINIONCE_5147	56	Pulse	99	3402482	15608	NA
S011_MINIONCE_5147	56	Port Input	1	3402482	15608	NA
S011_MINIONCE_5147	56	Response	51	3414411	27537	1
S011_MINIONCE_5147	56	Picture	50_T_PWTRIAD_PW_piramide_red.png	3430073	43199	1	1900	2	43200	1800
S011_MINIONCE_5147	57	Picture	rest	3432073	0	1	144099	2	0	144000
S011_MINIONCE_5147	57	Pulse	99	3438483	6410	NA
S011_MINIONCE_5147	57	Port Input	1	3438483	6410	NA
S011_MINIONCE_5147	57	Pulse	99	3474484	42411	NA
S011_MINIONCE_5147	57	Port Input	1	3474484	42411	NA
S011_MINIONCE_5147	57	Pulse	99	3510485	78412	NA
S011_MINIONCE_5147	57	Port Input	1	3510485	78412	NA
S011_MINIONCE_5147	57	Pulse	99	3546486	114413	NA
S011_MINIONCE_5147	57	Port Input	1	3546486	114413	NA
S011_MINIONCE_5147	58	Picture	endrest	3576272	0	1	10100	2	0	10000
S011_MINIONCE_5147	58	Pulse	99	3582487	6215	NA
S011_MINIONCE_5147	58	Port Input	1	3582487	6215	NA
S011_MINIONCE_5147	59	Picture	RW	3586572	0	1	43200	2	0	43200
S011_MINIONCE_5147	59	Response	52	3607724	21152	1
S011_MINIONCE_5147	59	Pulse	99	3618488	31916	NA
S011_MINIONCE_5147	59	Port Input	1	3618488	31916	NA
S011_MINIONCE_5147	59	Picture	53_T_RWTRIAD_RW_anillo_red.png	3629772	43200	1	1900	2	43200	1800
S011_MINIONCE_5147	60	Picture	RW	3631872	0	1	43199	2	0	43200
S011_MINIONCE_5147	60	Response	52	3650009	18137	1
S011_MINIONCE_5147	60	Pulse	99	3654489	22617	NA
S011_MINIONCE_5147	60	Port Input	1	3654489	22617	NA
S011_MINIONCE_5147	60	Picture	54_T_RWTRIAD_RW_paraguas_red.png	3675071	43199	1	1900	2	43200	1800
S011_MINIONCE_5147	61	Picture	RW	3677171	0	1	43200	2	0	43200
S011_MINIONCE_5147	61	Pulse	99	3690490	13319	NA
S011_MINIONCE_5147	61	Port Input	1	3690490	13319	NA
S011_MINIONCE_5147	61	Response	51	3695591	18420	1
S011_MINIONCE_5147	61	Picture	55_T_RWTRIAD_RW_cortina_red.png	3720371	43200	1	1900	2	43200	1800
S011_MINIONCE_5147	62	Picture	RW	3722471	0	1	43200	2	0	43200
S011_MINIONCE_5147	62	Pulse	99	3726491	4020	NA
S011_MINIONCE_5147	62	Port Input	1	3726491	4020	NA
S011_MINIONCE_5147	62	Response	51	3745010	22539	1
S011_MINIONCE_5147	62	Pulse	99	3762492	40021	NA
S011_MINIONCE_5147	62	Port Input	1	3762492	40021	NA
S011_MINIONCE_5147	62	Picture	56_T_RWTRIAD_RW_novia_red.png	3765671	43200	1	1900	2	43200	1800
S011_MINIONCE_5147	63	Picture	RW	3767771	0	1	43199	2	0	43200
S011_MINIONCE_5147	63	Response	51	3788340	20569	1
S011_MINIONCE_5147	63	Pulse	99	3798493	30722	NA
S011_MINIONCE_5147	63	Port Input	1	3798493	30722	NA
S011_MINIONCE_5147	63	Picture	57_T_RWTRIAD_RW_grifo_red.png	3810970	43199	1	1900	2	43200	1800
S011_MINIONCE_5147	64	Picture	RW	3813070	0	1	43200	2	0	43200
S011_MINIONCE_5147	64	Pulse	99	3834494	21424	NA
S011_MINIONCE_5147	64	Port Input	1	3834494	21424	NA
S011_MINIONCE_5147	64	Response	52	3838727	25657	1
S011_MINIONCE_5147	64	Picture	58_T_RWTRIAD_RW_molino_red.png	3856270	43200	1	1900	2	43200	1800
S011_MINIONCE_5147	65	Picture	RW	3858370	0	1	43200	2	0	43200
S011_MINIONCE_5147	65	Pulse	99	3870495	12125	NA
S011_MINIONCE_5147	65	Port Input	1	3870495	12125	NA
S011_MINIONCE_5147	65	Response	51	3882900	24530	1
S011_MINIONCE_5147	65	Picture	59_T_RWTRIAD_RW_policia_red.png	3901570	43200	1	1900	2	43200	1800
S011_MINIONCE_5147	66	Picture	RW	3903870	0	1	43099	2	0	43200
S011_MINIONCE_5147	66	Pulse	99	3906496	2626	NA
S011_MINIONCE_5147	66	Port Input	1	3906496	2626	NA
S011_MINIONCE_5147	66	Response	51	3925711	21841	1
S011_MINIONCE_5147	66	Pulse	99	3942496	38626	NA
S011_MINIONCE_5147	66	Port Input	1	3942496	38626	NA
S011_MINIONCE_5147	66	Picture	60_T_RWTRIAD_RW_carruaje_red.png	3946969	43099	1	1900	2	43200	1800
S011_MINIONCE_5147	67	Picture	rest	3948969	0	1	144099	2	0	144000
S011_MINIONCE_5147	67	Pulse	99	3978497	29528	NA
S011_MINIONCE_5147	67	Port Input	1	3978497	29528	NA
S011_MINIONCE_5147	67	Pulse	99	4014498	65529	NA
S011_MINIONCE_5147	67	Port Input	1	4014498	65529	NA
S011_MINIONCE_5147	67	Pulse	99	4050499	101530	NA
S011_MINIONCE_5147	67	Port Input	1	4050499	101530	NA
S011_MINIONCE_5147	67	Pulse	99	4086500	137531	NA
S011_MINIONCE_5147	67	Port Input	1	4086500	137531	NA
S011_MINIONCE_5147	68	Picture	endrest	4093168	0	1	10100	2	0	10000
S011_MINIONCE_5147	69	Picture	PW	4103568	0	1	43200	2	0	43200
S011_MINIONCE_5147	69	Pulse	99	4122501	18933	NA
S011_MINIONCE_5147	69	Port Input	1	4122501	18933	NA
S011_MINIONCE_5147	69	Response	52	4134078	30510	1
S011_MINIONCE_5147	69	Picture	63_T_PWTRIAD_PW_silla_red.png	4146768	43200	1	1900	2	43200	1800
S011_MINIONCE_5147	70	Picture	PW	4148868	0	1	43199	2	0	43200
S011_MINIONCE_5147	70	Pulse	99	4158502	9634	NA
S011_MINIONCE_5147	70	Port Input	1	4158502	9634	NA
S011_MINIONCE_5147	70	Response	52	4176200	27332	1
S011_MINIONCE_5147	70	Picture	64_T_PWTRIAD_PW_charco_red.png	4192067	43199	1	1900	2	43200	1800
S011_MINIONCE_5147	71	Picture	PW	4194367	0	1	43100	2	0	43200
S011_MINIONCE_5147	71	Pulse	99	4194503	136	NA
S011_MINIONCE_5147	71	Port Input	1	4194503	136	NA
S011_MINIONCE_5147	71	Response	51	4213920	19553	1
S011_MINIONCE_5147	71	Pulse	99	4230504	36137	NA
S011_MINIONCE_5147	71	Port Input	1	4230504	36137	NA
S011_MINIONCE_5147	71	Picture	65_T_PWTRIAD_PW_candado_red.png	4237467	43100	1	1900	2	43200	1800
S011_MINIONCE_5147	72	Picture	PW	4239567	0	1	43200	2	0	43200
S011_MINIONCE_5147	72	Response	51	4261651	22084	2
S011_MINIONCE_5147	72	Pulse	99	4266505	26938	NA
S011_MINIONCE_5147	72	Port Input	1	4266505	26938	NA
S011_MINIONCE_5147	72	Picture	66_T_PWTRIAD_PW_plato_red.png	4282767	43200	1	1900	2	43200	1800
S011_MINIONCE_5147	73	Picture	PW	4284867	0	1	43199	2	0	43200
S011_MINIONCE_5147	73	Pulse	99	4302506	17639	NA
S011_MINIONCE_5147	73	Port Input	1	4302506	17639	NA
S011_MINIONCE_5147	73	Response	51	4305777	20910	2
S011_MINIONCE_5147	73	Picture	67_T_PWTRIAD_PW_huevos_red.png	4328066	43199	1	1900	2	43200	1800
S011_MINIONCE_5147	74	Picture	PW	4330166	0	1	43200	2	0	43200
S011_MINIONCE_5147	74	Pulse	99	4338507	8341	NA
S011_MINIONCE_5147	74	Port Input	1	4338507	8341	NA
S011_MINIONCE_5147	74	Response	51	4355872	25706	1
S011_MINIONCE_5147	74	Picture	68_T_PWTRIAD_PW_telefono_red.png	4373366	43200	1	1900	2	43200	1800
S011_MINIONCE_5147	74	Pulse	99	4374508	44342	NA
S011_MINIONCE_5147	74	Port Input	1	4374508	44342	NA
S011_MINIONCE_5147	75	Picture	PW	4375466	0	1	43200	2	0	43200
S011_MINIONCE_5147	75	Response	52	4404336	28870	2
S011_MINIONCE_5147	75	Pulse	99	4410509	35043	NA
S011_MINIONCE_5147	75	Port Input	1	4410509	35043	NA
S011_MINIONCE_5147	75	Picture	69_T_PWTRIAD_PW_violin_red.png	4418666	43200	1	1900	2	43200	1800
S011_MINIONCE_5147	76	Picture	PW	4420966	0	1	43199	2	0	43200
S011_MINIONCE_5147	76	Response	51	4438754	17788	1
S011_MINIONCE_5147	76	Pulse	99	4446510	25544	NA
S011_MINIONCE_5147	76	Port Input	1	4446510	25544	NA
S011_MINIONCE_5147	76	Picture	70_T_PWTRIAD_PW_cortina_red.png	4464165	43199	1	1900	2	43200	1800
S011_MINIONCE_5147	77	Picture	rest	4466165	0	1	144099	3	0	144000
S011_MINIONCE_5147	77	Pulse	99	4482510	16345	NA
S011_MINIONCE_5147	77	Port Input	1	4482510	16345	NA
S011_MINIONCE_5147	77	Pulse	99	4518511	52346	NA
S011_MINIONCE_5147	77	Port Input	1	4518511	52346	NA
S011_MINIONCE_5147	77	Pulse	99	4554512	88347	NA
S011_MINIONCE_5147	77	Port Input	1	4554512	88347	NA
S011_MINIONCE_5147	77	Pulse	99	4590513	124348	NA
S011_MINIONCE_5147	77	Port Input	1	4590513	124348	NA
S011_MINIONCE_5147	78	Picture	endrest	4610364	0	1	10100	2	0	10000
S011_MINIONCE_5147	79	Picture	RW	4620664	0	1	43199	3	0	43200
S011_MINIONCE_5147	79	Pulse	99	4626514	5850	NA
S011_MINIONCE_5147	79	Port Input	1	4626514	5850	NA
S011_MINIONCE_5147	79	Response	52	4636155	15491	1
S011_MINIONCE_5147	79	Pulse	99	4662515	41851	NA
S011_MINIONCE_5147	79	Port Input	1	4662515	41851	NA
S011_MINIONCE_5147	79	Picture	73_T_RWTRIAD_RW_leche_red.png	4663863	43199	2	1900	4	43200	1800
S011_MINIONCE_5147	80	Picture	RW	4665963	0	2	43200	4	0	43200
S011_MINIONCE_5147	80	Response	52	4680753	14790	1
S011_MINIONCE_5147	80	Pulse	99	4698516	32553	NA
S011_MINIONCE_5147	80	Port Input	1	4698516	32553	NA
S011_MINIONCE_5147	80	Picture	74_T_RWTRIAD_RW_silla_red.png	4709163	43200	2	1900	4	43200	1800
S011_MINIONCE_5147	81	Picture	RW	4711263	0	2	43200	3	0	43200
S011_MINIONCE_5147	81	Response	51	4726927	15664	2
S011_MINIONCE_5147	81	Pulse	99	4734517	23254	NA
S011_MINIONCE_5147	81	Port Input	1	4734517	23254	NA
S011_MINIONCE_5147	81	Picture	75_T_RWTRIAD_RW_pizarra_red.png	4754463	43200	1	1900	2	43200	1800
S011_MINIONCE_5147	82	Picture	RW	4756763	0	1	43100	2	0	43200
S011_MINIONCE_5147	82	Pulse	99	4770518	13755	NA
S011_MINIONCE_5147	82	Port Input	1	4770518	13755	NA
S011_MINIONCE_5147	82	Response	52	4775414	18651	1
S011_MINIONCE_5147	82	Picture	76_T_RWTRIAD_RW_sombrilla_red.png	4799863	43100	1	1900	2	43200	1800
S011_MINIONCE_5147	83	Picture	RW	4802163	0	1	43099	2	0	43200
S011_MINIONCE_5147	83	Pulse	99	4806519	4356	NA
S011_MINIONCE_5147	83	Port Input	1	4806519	4356	NA
S011_MINIONCE_5147	83	Response	51	4823449	21286	1
S011_MINIONCE_5147	83	Pulse	99	4842520	40357	NA
S011_MINIONCE_5147	83	Port Input	1	4842520	40357	NA
S011_MINIONCE_5147	83	Picture	77_T_RWTRIAD_RW_cerillas_red.png	4845262	43099	1	1900	2	43200	1800
S011_MINIONCE_5147	84	Picture	RW	4847362	0	1	43200	2	0	43200
S011_MINIONCE_5147	84	Response	52	4877040	29678	1
S011_MINIONCE_5147	84	Pulse	99	4878521	31159	NA
S011_MINIONCE_5147	84	Port Input	1	4878521	31159	NA
S011_MINIONCE_5147	84	Picture	78_T_RWTRIAD_RW_murcielago_red.png	4890562	43200	1	1900	2	43200	1800
S011_MINIONCE_5147	85	Picture	RW	4892662	0	1	43200	2	0	43200
S011_MINIONCE_5147	85	Pulse	99	4914522	21860	NA
S011_MINIONCE_5147	85	Port Input	1	4914522	21860	NA
S011_MINIONCE_5147	85	Response	52	4928205	35543	1
S011_MINIONCE_5147	85	Picture	79_T_RWTRIAD_RW_pluma_red.png	4935862	43200	1	1899	3	43200	1800
S011_MINIONCE_5147	86	Picture	RW	4938162	0	1	43099	2	0	43200
S011_MINIONCE_5147	86	Pulse	99	4950523	12361	NA
S011_MINIONCE_5147	86	Port Input	1	4950523	12361	NA
S011_MINIONCE_5147	86	Response	51	4958624	20462	1
S011_MINIONCE_5147	86	Picture	80_T_RWTRIAD_RW_paracaidas_red.png	4981261	43099	1	1900	2	43200	1800
S011_MINIONCE_5147	87	Picture	rest	4983261	0	1	144099	2	0	144000
S011_MINIONCE_5147	87	Pulse	99	4986524	3263	NA
S011_MINIONCE_5147	87	Port Input	1	4986524	3263	NA
S011_MINIONCE_5147	87	Pulse	99	5022524	39263	NA
S011_MINIONCE_5147	87	Port Input	1	5022524	39263	NA
S011_MINIONCE_5147	87	Pulse	99	5058525	75264	NA
S011_MINIONCE_5147	87	Port Input	1	5058525	75264	NA
S011_MINIONCE_5147	87	Pulse	99	5094526	111265	NA
S011_MINIONCE_5147	87	Port Input	1	5094526	111265	NA
S011_MINIONCE_5147	88	Picture	endrest	5127460	0	1	10100	2	0	10000
S011_MINIONCE_5147	88	Pulse	99	5130527	3067	NA
S011_MINIONCE_5147	88	Port Input	1	5130527	3067	NA
S011_MINIONCE_5147	89	Picture	FF	5137960	0	1	43100	2	0	43200
S011_MINIONCE_5147	89	Response	51	5157775	19815	2
S011_MINIONCE_5147	89	Pulse	99	5166528	28568	NA
S011_MINIONCE_5147	89	Port Input	1	5166528	28568	NA
S011_MINIONCE_5147	89	Picture	83_T_FFTRIAD_FF_paracaidas_red.png	5181060	43100	1	1900	2	43200	1800
S011_MINIONCE_5147	90	Picture	FF	5183160	0	1	43199	2	0	43200
S011_MINIONCE_5147	90	Pulse	99	5202529	19369	NA
S011_MINIONCE_5147	90	Port Input	1	5202529	19369	NA
S011_MINIONCE_5147	90	Response	51	5203545	20385	1
S011_MINIONCE_5147	90	Picture	84_T_FFTRIAD_FF_tijera_red.png	5226359	43199	1	1900	2	43200	1800
S011_MINIONCE_5147	91	Picture	FF	5228459	0	1	43200	2	0	43200
S011_MINIONCE_5147	91	Pulse	99	5238530	10071	NA
S011_MINIONCE_5147	91	Port Input	1	5238530	10071	NA
S011_MINIONCE_5147	91	Response	52	5247899	19440	1
S011_MINIONCE_5147	91	Picture	85_T_FFTRIAD_FF_monja_red.png	5271659	43200	1	1900	2	43200	1800
S011_MINIONCE_5147	92	Picture	FF	5273959	0	1	43100	2	0	43200
S011_MINIONCE_5147	92	Pulse	99	5274531	572	NA
S011_MINIONCE_5147	92	Port Input	1	5274531	572	NA
S011_MINIONCE_5147	92	Response	51	5285988	12029	1
S011_MINIONCE_5147	92	Pulse	99	5310532	36573	NA
S011_MINIONCE_5147	92	Port Input	1	5310532	36573	NA
S011_MINIONCE_5147	92	Picture	86_T_FFTRIAD_FF_charco_red.png	5317059	43100	1	1900	2	43200	1800
S011_MINIONCE_5147	93	Picture	PW	5319159	0	1	43199	2	0	43200
S011_MINIONCE_5147	93	Pulse	99	5346533	27374	NA
S011_MINIONCE_5147	93	Port Input	1	5346533	27374	NA
S011_MINIONCE_5147	93	Response	52	5350548	31389	1
S011_MINIONCE_5147	93	Picture	87_T_PWTRIAD_PW_pilas_red.png	5362358	43199	1	1900	2	43200	1800
S011_MINIONCE_5147	94	Picture	PW	5364458	0	1	43200	2	0	43200
S011_MINIONCE_5147	94	Pulse	99	5382534	18076	NA
S011_MINIONCE_5147	94	Port Input	1	5382534	18076	NA
S011_MINIONCE_5147	94	Response	51	5390976	26518	1
S011_MINIONCE_5147	94	Picture	88_T_PWTRIAD_PW_cuento_red.png	5407658	43200	1	1900	2	43200	1800
S011_MINIONCE_5147	95	Picture	PW	5409758	0	1	43200	2	0	43200
S011_MINIONCE_5147	95	Pulse	99	5418535	8777	NA
S011_MINIONCE_5147	95	Port Input	1	5418535	8777	NA
S011_MINIONCE_5147	95	Response	52	5433940	24182	1
S011_MINIONCE_5147	95	Picture	89_T_PWTRIAD_PW_gafas_red.png	5452958	43200	1	1900	2	43200	1800
S011_MINIONCE_5147	95	Pulse	99	5454536	44778	NA
S011_MINIONCE_5147	95	Port Input	1	5454536	44778	NA
S011_MINIONCE_5147	96	Picture	PW	5455058	0	1	43199	2	0	43200
S011_MINIONCE_5147	96	Response	52	5479940	24882	1
S011_MINIONCE_5147	96	Pulse	99	5490537	35479	NA
S011_MINIONCE_5147	96	Port Input	1	5490537	35479	NA
S011_MINIONCE_5147	96	Picture	90_T_PWTRIAD_PW_grapadora_red.png	5498257	43199	1	1900	2	43200	1800
S011_MINIONCE_5147	97	Picture	rest	5500257	0	1	144099	2	0	144000
S011_MINIONCE_5147	97	Pulse	99	5526538	26281	NA
S011_MINIONCE_5147	97	Port Input	1	5526538	26281	NA
S011_MINIONCE_5147	97	Pulse	99	5562538	62281	NA
S011_MINIONCE_5147	97	Port Input	1	5562538	62281	NA
S011_MINIONCE_5147	97	Pulse	99	5598539	98282	NA
S011_MINIONCE_5147	97	Port Input	1	5598539	98282	NA
S011_MINIONCE_5147	97	Pulse	99	5634540	134283	NA
S011_MINIONCE_5147	97	Port Input	1	5634540	134283	NA
S011_MINIONCE_5147	98	Picture	endrest	5644456	0	1	10100	2	0	10000
S011_MINIONCE_5147	99	Picture	FF	5654756	0	1	43200	2	0	43200
S011_MINIONCE_5147	99	Pulse	99	5670541	15785	NA
S011_MINIONCE_5147	99	Port Input	1	5670541	15785	NA
S011_MINIONCE_5147	99	Response	51	5674325	19569	1
S011_MINIONCE_5147	99	Picture	93_T_FFTRIAD_FF_pincel_red.png	5697956	43200	1	1900	2	43200	1800
S011_MINIONCE_5147	100	Picture	FF	5700056	0	1	43199	2	0	43200
S011_MINIONCE_5147	100	Pulse	99	5706542	6486	NA
S011_MINIONCE_5147	100	Port Input	1	5706542	6486	NA
S011_MINIONCE_5147	100	Response	52	5716699	16643	2
S011_MINIONCE_5147	100	Pulse	99	5742543	42487	NA
S011_MINIONCE_5147	100	Port Input	1	5742543	42487	NA
S011_MINIONCE_5147	100	Picture	94_T_FFTRIAD_FF_cerillas_red.png	5743255	43199	1	1900	2	43200	1800
S011_MINIONCE_5147	101	Picture	FF	5745355	0	1	43200	2	0	43200
S011_MINIONCE_5147	101	Response	52	5767941	22586	1
S011_MINIONCE_5147	101	Pulse	99	5778544	33189	NA
S011_MINIONCE_5147	101	Port Input	1	5778544	33189	NA
S011_MINIONCE_5147	101	Picture	95_T_FFTRIAD_FF_cinturon_red.png	5788555	43200	1	1900	2	43200	1800
S011_MINIONCE_5147	102	Picture	FF	5790655	0	1	43200	2	0	43200
S011_MINIONCE_5147	102	Response	52	5810666	20011	1
S011_MINIONCE_5147	102	Pulse	99	5814545	23890	NA
S011_MINIONCE_5147	102	Port Input	1	5814545	23890	NA
S011_MINIONCE_5147	102	Picture	96_T_FFTRIAD_FF_grifo_red.png	5833855	43200	1	1900	2	43200	1800
S011_MINIONCE_5147	103	Picture	FF	5835955	0	1	43199	2	0	43200
S011_MINIONCE_5147	103	Pulse	99	5850546	14591	NA
S011_MINIONCE_5147	103	Port Input	1	5850546	14591	NA
S011_MINIONCE_5147	103	Response	52	5874550	38595	1
S011_MINIONCE_5147	103	Picture	97_T_FFTRIAD_FF_paraguas_red.png	5879154	43199	1	1900	2	43200	1800
S011_MINIONCE_5147	104	Picture	FF	5881254	0	1	43200	2	0	43200
S011_MINIONCE_5147	104	Pulse	99	5886547	5293	NA
S011_MINIONCE_5147	104	Port Input	1	5886547	5293	NA
S011_MINIONCE_5147	104	Response	52	5895109	13855	1
S011_MINIONCE_5147	104	Pulse	99	5922548	41294	NA
S011_MINIONCE_5147	104	Port Input	1	5922548	41294	NA
S011_MINIONCE_5147	104	Picture	98_T_FFTRIAD_FF_pilas_red.png	5924454	43200	1	1900	2	43200	1800
S011_MINIONCE_5147	105	Picture	FF	5926554	0	1	43199	3	0	43200
S011_MINIONCE_5147	105	Response	51	5955278	28724	1
S011_MINIONCE_5147	105	Pulse	99	5958549	31995	NA
S011_MINIONCE_5147	105	Port Input	1	5958549	31995	NA
S011_MINIONCE_5147	105	Picture	99_T_FFTRIAD_FF_arco_red.png	5969753	43199	2	1900	4	43200	1800
S011_MINIONCE_5147	106	Picture	FF	5971853	0	2	43200	3	0	43200
S011_MINIONCE_5147	106	Response	52	5994052	22199	1
S011_MINIONCE_5147	106	Pulse	99	5994550	22697	NA
S011_MINIONCE_5147	106	Port Input	1	5994550	22697	NA
S011_MINIONCE_5147	106	Picture	100_T_FFTRIAD_FF_manos_red.png	6015053	43200	1	1900	2	43200	1800
S011_MINIONCE_5147	107	Picture	rest	6017053	0	1	144099	2	0	144000
S011_MINIONCE_5147	107	Pulse	99	6030551	13498	NA
S011_MINIONCE_5147	107	Port Input	1	6030551	13498	NA
S011_MINIONCE_5147	107	Pulse	99	6066551	49498	NA
S011_MINIONCE_5147	107	Port Input	1	6066551	49498	NA
S011_MINIONCE_5147	107	Pulse	99	6102552	85499	NA
S011_MINIONCE_5147	107	Port Input	1	6102552	85499	NA
S011_MINIONCE_5147	107	Pulse	99	6138553	121500	NA
S011_MINIONCE_5147	107	Port Input	1	6138553	121500	NA
S011_MINIONCE_5147	108	Picture	endrest	6161252	0	1	10100	2	0	10000
S011_MINIONCE_5147	109	Picture	PW	6171552	0	1	43200	2	0	43200
S011_MINIONCE_5147	109	Pulse	99	6174554	3002	NA
S011_MINIONCE_5147	109	Port Input	1	6174554	3002	NA
S011_MINIONCE_5147	109	Response	51	6201210	29658	1
S011_MINIONCE_5147	109	Pulse	99	6210555	39003	NA
S011_MINIONCE_5147	109	Port Input	1	6210555	39003	NA
S011_MINIONCE_5147	109	Picture	103_T_PWTRIAD_PW_molino_red.png	6214752	43200	1	1900	2	43200	1800
S011_MINIONCE_5147	110	Picture	PW	6216852	0	1	43199	2	0	43200
S011_MINIONCE_5147	110	Response	52	6243218	26366	1
S011_MINIONCE_5147	110	Pulse	99	6246556	29704	NA
S011_MINIONCE_5147	110	Port Input	1	6246556	29704	NA
S011_MINIONCE_5147	110	Picture	104_T_PWTRIAD_PW_martillo_red.png	6260051	43199	1	1900	2	43200	1800
S011_MINIONCE_5147	111	Picture	PW	6262151	0	1	43200	2	0	43200
S011_MINIONCE_5147	111	Pulse	99	6282557	20406	NA
S011_MINIONCE_5147	111	Port Input	1	6282557	20406	NA
S011_MINIONCE_5147	111	Response	51	6292823	30672	1
S011_MINIONCE_5147	111	Picture	105_T_PWTRIAD_PW_tijera_red.png	6305351	43200	1	1900	2	43200	1800
S011_MINIONCE_5147	112	Picture	PW	6307451	0	1	43200	2	0	43200
S011_MINIONCE_5147	112	Pulse	99	6318558	11107	NA
S011_MINIONCE_5147	112	Port Input	1	6318558	11107	NA
S011_MINIONCE_5147	112	Response	51	6344131	36680	1
S011_MINIONCE_5147	112	Picture	106_T_PWTRIAD_PW_cinturon_red.png	6350651	43200	1	1899	3	43200	1800
S011_MINIONCE_5147	113	Picture	PW	6352751	0	1	43199	2	0	43200
S011_MINIONCE_5147	113	Pulse	99	6354559	1808	NA
S011_MINIONCE_5147	113	Port Input	1	6354559	1808	NA
S011_MINIONCE_5147	113	Response	51	6389549	36798	1
S011_MINIONCE_5147	113	Pulse	99	6390560	37809	NA
S011_MINIONCE_5147	113	Port Input	1	6390560	37809	NA
S011_MINIONCE_5147	113	Picture	107_T_PWTRIAD_PW_traje_red.png	6395950	43199	1	1900	2	43200	1800
S011_MINIONCE_5147	114	Picture	PW	6398050	0	1	43200	2	0	43200
S011_MINIONCE_5147	114	Response	52	6421622	23572	1
S011_MINIONCE_5147	114	Pulse	99	6426561	28511	NA
S011_MINIONCE_5147	114	Port Input	1	6426561	28511	NA
S011_MINIONCE_5147	114	Picture	108_T_PWTRIAD_PW_sobre_red.png	6441250	43200	1	1900	2	43200	1800
S011_MINIONCE_5147	115	Picture	PW	6443350	0	1	43199	3	0	43200
S011_MINIONCE_5147	115	Pulse	99	6462562	19212	NA
S011_MINIONCE_5147	115	Port Input	1	6462562	19212	NA
S011_MINIONCE_5147	115	Response	51	6483532	40182	1
S011_MINIONCE_5147	115	Picture	109_T_PWTRIAD_PW_television_red.png	6486549	43199	2	1900	4	43200	1800
S011_MINIONCE_5147	116	Picture	PW	6488649	0	2	43200	3	0	43200
S011_MINIONCE_5147	116	Pulse	99	6498563	9914	NA
S011_MINIONCE_5147	116	Port Input	1	6498563	9914	NA
S011_MINIONCE_5147	116	Response	52	6524971	36322	2
S011_MINIONCE_5147	116	Picture	110_T_PWTRIAD_PW_paraguas_red.png	6531849	43200	1	1900	2	43200	1800
S011_MINIONCE_5147	117	Picture	rest	6533849	0	1	144099	2	0	144000
S011_MINIONCE_5147	117	Pulse	99	6534563	714	NA
S011_MINIONCE_5147	117	Port Input	1	6534563	714	NA
S011_MINIONCE_5147	117	Pulse	99	6570564	36715	NA
S011_MINIONCE_5147	117	Port Input	1	6570564	36715	NA
S011_MINIONCE_5147	117	Pulse	99	6606565	72716	NA
S011_MINIONCE_5147	117	Port Input	1	6606565	72716	NA
S011_MINIONCE_5147	117	Pulse	99	6642566	108717	NA
S011_MINIONCE_5147	117	Port Input	1	6642566	108717	NA
S011_MINIONCE_5147	118	Picture	endrest	6678048	0	1	10100	2	0	10000
S011_MINIONCE_5147	118	Pulse	99	6678567	519	NA
S011_MINIONCE_5147	118	Port Input	1	6678567	519	NA
S011_MINIONCE_5147	119	Picture	PW	6688348	0	1	43200	2	0	43200
S011_MINIONCE_5147	119	Pulse	99	6714568	26220	NA
S011_MINIONCE_5147	119	Port Input	1	6714568	26220	NA
S011_MINIONCE_5147	119	Response	52	6722150	33802	2
S011_MINIONCE_5147	119	Picture	113_T_PWTRIAD_PW_raton_red.png	6731548	43200	1	1899	3	43200	1800
S011_MINIONCE_5147	120	Picture	PW	6733648	0	1	43199	2	0	43200
S011_MINIONCE_5147	120	Pulse	99	6750569	16921	NA
S011_MINIONCE_5147	120	Port Input	1	6750569	16921	NA
S011_MINIONCE_5147	120	Response	51	6771398	37750	1
S011_MINIONCE_5147	120	Picture	114_T_PWTRIAD_PW_destornillador_red.png	6776847	43199	1	1900	2	43200	1800
S011_MINIONCE_5147	121	Picture	PW	6778947	0	1	43200	2	0	43200
S011_MINIONCE_5147	121	Pulse	99	6786570	7623	NA
S011_MINIONCE_5147	121	Port Input	1	6786570	7623	NA
S011_MINIONCE_5147	121	Response	52	6808984	30037	1
S011_MINIONCE_5147	121	Picture	115_T_PWTRIAD_PW_llave_red.png	6822147	43200	1	1900	2	43200	1800
S011_MINIONCE_5147	121	Pulse	99	6822571	43624	NA
S011_MINIONCE_5147	121	Port Input	1	6822571	43624	NA
S011_MINIONCE_5147	122	Picture	PW	6824247	0	1	43199	3	0	43200
S011_MINIONCE_5147	122	Response	51	6855402	31155	1
S011_MINIONCE_5147	122	Pulse	99	6858572	34325	NA
S011_MINIONCE_5147	122	Port Input	1	6858572	34325	NA
S011_MINIONCE_5147	122	Picture	116_T_PWTRIAD_PW_granjero_red.png	6867446	43199	2	1901	3	43200	1800
S011_MINIONCE_5147	123	Picture	PW	6869746	0	2	43100	3	0	43200
S011_MINIONCE_5147	123	Pulse	99	6894573	24827	NA
S011_MINIONCE_5147	123	Port Input	1	6894573	24827	NA
S011_MINIONCE_5147	123	Response	51	6906565	36819	1
S011_MINIONCE_5147	123	Picture	117_T_PWTRIAD_PW_carruaje_red.png	6912846	43100	1	1900	2	43200	1800
S011_MINIONCE_5147	124	Picture	PW	6914946	0	1	43200	2	0	43200
S011_MINIONCE_5147	124	Pulse	99	6930574	15628	NA
S011_MINIONCE_5147	124	Port Input	1	6930574	15628	NA
S011_MINIONCE_5147	124	Response	51	6946097	31151	1
S011_MINIONCE_5147	124	Picture	118_T_PWTRIAD_PW_pincel_red.png	6958146	43200	1	1900	2	43200	1800
S011_MINIONCE_5147	125	Picture	PW	6960246	0	1	43199	3	0	43200
S011_MINIONCE_5147	125	Pulse	99	6966575	6329	NA
S011_MINIONCE_5147	125	Port Input	1	6966575	6329	NA
S011_MINIONCE_5147	125	Response	51	6979100	18854	1
S011_MINIONCE_5147	125	Pulse	99	7002576	42330	NA
S011_MINIONCE_5147	125	Port Input	1	7002576	42330	NA
S011_MINIONCE_5147	125	Picture	119_T_PWTRIAD_PW_ancla_red.png	7003445	43199	2	1900	4	43200	1800
S011_MINIONCE_5147	126	Picture	PW	7005545	0	2	43200	3	0	43200
S011_MINIONCE_5147	126	Response	52	7020388	14843	1
S011_MINIONCE_5147	126	Pulse	99	7038576	33031	NA
S011_MINIONCE_5147	126	Port Input	1	7038576	33031	NA
S011_MINIONCE_5147	126	Picture	120_T_PWTRIAD_PW_mono_red.png	7048745	43200	1	1900	2	43200	1800
S011_MINIONCE_5147	127	Picture	rest	7050745	0	1	144099	2	0	144000
S011_MINIONCE_5147	127	Pulse	99	7074577	23832	NA
S011_MINIONCE_5147	127	Port Input	1	7074577	23832	NA
S011_MINIONCE_5147	127	Pulse	99	7110578	59833	NA
S011_MINIONCE_5147	127	Port Input	1	7110578	59833	NA
S011_MINIONCE_5147	127	Pulse	99	7146579	95834	NA
S011_MINIONCE_5147	127	Port Input	1	7146579	95834	NA
S011_MINIONCE_5147	127	Pulse	99	7182580	131835	NA
S011_MINIONCE_5147	127	Port Input	1	7182580	131835	NA
S011_MINIONCE_5147	128	Picture	endrest	7194944	0	1	10100	2	0	10000
S011_MINIONCE_5147	129	Picture	PW	7205444	0	1	43100	2	0	43200
S011_MINIONCE_5147	129	Pulse	99	7218581	13137	NA
S011_MINIONCE_5147	129	Port Input	1	7218581	13137	NA
S011_MINIONCE_5147	129	Response	51	7236855	31411	1
S011_MINIONCE_5147	129	Picture	123_T_PWTRIAD_PW_dado_red.png	7248544	43100	1	1900	2	43200	1800
S011_MINIONCE_5147	130	Picture	PW	7250644	0	1	43199	2	0	43200
S011_MINIONCE_5147	130	Pulse	99	7254582	3938	NA
S011_MINIONCE_5147	130	Port Input	1	7254582	3938	NA
S011_MINIONCE_5147	130	Response	51	7268242	17598	2
S011_MINIONCE_5147	130	Pulse	99	7290583	39939	NA
S011_MINIONCE_5147	130	Port Input	1	7290583	39939	NA
S011_MINIONCE_5147	130	Picture	124_T_PWTRIAD_PW_arbol_red.png	7293843	43199	1	1900	2	43200	1800
S011_MINIONCE_5147	131	Picture	PW	7295943	0	1	43200	2	0	43200
S011_MINIONCE_5147	131	Response	52	7324534	28591	2
S011_MINIONCE_5147	131	Pulse	99	7326584	30641	NA
S011_MINIONCE_5147	131	Port Input	1	7326584	30641	NA
S011_MINIONCE_5147	131	Picture	125_T_PWTRIAD_PW_queso_red.png	7339143	43200	1	1900	2	43200	1800
S011_MINIONCE_5147	132	Picture	PW	7341243	0	1	43199	3	0	43200
S011_MINIONCE_5147	132	Pulse	99	7362585	21342	NA
S011_MINIONCE_5147	132	Port Input	1	7362585	21342	NA
S011_MINIONCE_5147	132	Response	51	7369104	27861	1
S011_MINIONCE_5147	132	Picture	126_T_PWTRIAD_PW_madera_red.png	7384442	43199	2	1900	4	43200	1800
S011_MINIONCE_5147	133	Picture	FF	7386642	0	2	43200	3	0	43200
S011_MINIONCE_5147	133	Pulse	99	7398586	11944	NA
S011_MINIONCE_5147	133	Port Input	1	7398586	11944	NA
S011_MINIONCE_5147	133	Response	52	7409791	23149	2
S011_MINIONCE_5147	133	Picture	127_T_FFTRIAD_FF_portatil_red.png	7429842	43200	1	1900	2	43200	1800
S011_MINIONCE_5147	134	Picture	FF	7431942	0	1	43200	2	0	43200
S011_MINIONCE_5147	134	Pulse	99	7434587	2645	NA
S011_MINIONCE_5147	134	Port Input	1	7434587	2645	NA
S011_MINIONCE_5147	134	Response	51	7448282	16340	1
S011_MINIONCE_5147	134	Pulse	99	7470588	38646	NA
S011_MINIONCE_5147	134	Port Input	1	7470588	38646	NA
S011_MINIONCE_5147	134	Picture	128_T_FFTRIAD_FF_madera_red.png	7475142	43200	1	1900	2	43200	1800
S011_MINIONCE_5147	135	Picture	FF	7477442	0	1	43099	3	0	43200
S011_MINIONCE_5147	135	Response	51	7497650	20208	1
S011_MINIONCE_5147	135	Pulse	99	7506589	29147	NA
S011_MINIONCE_5147	135	Port Input	1	7506589	29147	NA
S011_MINIONCE_5147	135	Picture	129_T_FFTRIAD_FF_policia_red.png	7520541	43099	2	1900	4	43200	1800
S011_MINIONCE_5147	136	Picture	FF	7522641	0	2	43200	3	0	43200
S011_MINIONCE_5147	136	Response	52	7538294	15653	2
S011_MINIONCE_5147	136	Pulse	99	7542590	19949	NA
S011_MINIONCE_5147	136	Port Input	1	7542590	19949	NA
S011_MINIONCE_5147	136	Picture	130_T_FFTRIAD_FF_murcielago_red.png	7565841	43200	1	1900	2	43200	1800
S011_MINIONCE_5147	137	Picture	rest	7567841	0	1	144099	2	0	144000
S011_MINIONCE_5147	137	Pulse	99	7578591	10750	NA
S011_MINIONCE_5147	137	Port Input	1	7578591	10750	NA
S011_MINIONCE_5147	137	Pulse	99	7614591	46750	NA
S011_MINIONCE_5147	137	Port Input	1	7614591	46750	NA
S011_MINIONCE_5147	137	Pulse	99	7650592	82751	NA
S011_MINIONCE_5147	137	Port Input	1	7650592	82751	NA
S011_MINIONCE_5147	137	Pulse	99	7686593	118752	NA
S011_MINIONCE_5147	137	Port Input	1	7686593	118752	NA
S011_MINIONCE_5147	138	Picture	endrest	7712040	0	1	10100	2	0	10000
S011_MINIONCE_5147	139	Picture	RW	7722340	0	1	43200	2	0	43200
S011_MINIONCE_5147	139	Pulse	99	7722594	254	NA
S011_MINIONCE_5147	139	Port Input	1	7722594	254	NA
S011_MINIONCE_5147	139	Response	52	7737465	15125	1
S011_MINIONCE_5147	139	Pulse	99	7758595	36255	NA
S011_MINIONCE_5147	139	Port Input	1	7758595	36255	NA
S011_MINIONCE_5147	139	Picture	133_T_RWTRIAD_RW_arbol_red.png	7765540	43200	1	1899	3	43200	1800
S011_MINIONCE_5147	140	Picture	RW	7767640	0	1	43199	2	0	43200
S011_MINIONCE_5147	140	Response	52	7791251	23611	1
S011_MINIONCE_5147	140	Pulse	99	7794596	26956	NA
S011_MINIONCE_5147	140	Port Input	1	7794596	26956	NA
S011_MINIONCE_5147	140	Picture	134_T_RWTRIAD_RW_sapo_red.png	7810839	43199	1	1900	2	43200	1800
S011_MINIONCE_5147	141	Picture	RW	7812939	0	1	43200	2	0	43200
S011_MINIONCE_5147	141	Pulse	99	7830597	17658	NA
S011_MINIONCE_5147	141	Port Input	1	7830597	17658	NA
S011_MINIONCE_5147	141	Response	51	7842644	29705	1
S011_MINIONCE_5147	141	Picture	135_T_RWTRIAD_RW_teclado_red.png	7856139	43200	1	1900	2	43200	1800
S011_MINIONCE_5147	142	Picture	RW	7858239	0	1	43199	3	0	43200
S011_MINIONCE_5147	142	Pulse	99	7866598	8359	NA
S011_MINIONCE_5147	142	Port Input	1	7866598	8359	NA
S011_MINIONCE_5147	142	Response	51	7877255	19016	1
S011_MINIONCE_5147	142	Picture	136_T_RWTRIAD_RW_television_red.png	7901438	43199	2	1900	4	43200	1800
S011_MINIONCE_5147	142	Pulse	99	7902599	44360	NA
S011_MINIONCE_5147	142	Port Input	1	7902599	44360	NA
S011_MINIONCE_5147	143	Picture	rest	7903438	0	2	144099	4	0	144000
S011_MINIONCE_5147	143	Pulse	99	7938600	35162	NA
S011_MINIONCE_5147	143	Port Input	1	7938600	35162	NA
S011_MINIONCE_5147	144	Picture	endrest	8047637	0	1	10100	2	0	10000
S011_MINIONCE_5147	145	Picture	endrest	8057837	0	2	10100	3	0	10000
S011_MINIONCE_5147	146	Picture	endrest	8068037	0	1	10100	2	0	10000
S011_MINIONCE_5147	147	Picture	endrest	8078237	0	1	10100	2	0	10000
