Scenario - vOT_Triads_fMRI_I
Logfile written - 07/24/2015 10:57:07

Subject	Trial	Event Type	Code	Time	TTime	Uncertainty	Duration	Uncertainty	ReqTime	ReqDur

S012_MINIONCE_3940	1	Response	98	2929151	2938851	1
S012_MINIONCE_3940	2	Response	52	2952788	23500	1
S012_MINIONCE_3940	2	Response	98	2993683	64395	1
S012_MINIONCE_3940	3	Response	51	3048077	54290	1
S012_MINIONCE_3940	3	Response	98	3080247	86460	2
S012_MINIONCE_3940	4	Response	51	3142216	61829	1
S012_MINIONCE_3940	4	Response	98	3681665	601278	1
S012_MINIONCE_3940	6	Pulse	99	3912382	230597	NA
S012_MINIONCE_3940	6	Port Input	1	3912382	230597	NA
S012_MINIONCE_3940	6	Pulse	99	3948383	266598	NA
S012_MINIONCE_3940	6	Port Input	1	3948383	266598	NA
S012_MINIONCE_3940	6	Pulse	99	3984384	302599	NA
S012_MINIONCE_3940	6	Port Input	1	3984384	302599	NA
S012_MINIONCE_3940	6	Pulse	99	4020385	338600	NA
S012_MINIONCE_3940	6	Port Input	1	4020385	338600	NA
S012_MINIONCE_3940	6	Pulse	99	4056386	374601	NA
S012_MINIONCE_3940	6	Port Input	1	4056386	374601	NA
S012_MINIONCE_3940	7	Picture	rest	4056683	0	1	144099	2	0	144000
S012_MINIONCE_3940	7	Pulse	99	4092388	35705	NA
S012_MINIONCE_3940	7	Port Input	1	4092388	35705	NA
S012_MINIONCE_3940	7	Pulse	99	4128389	71706	NA
S012_MINIONCE_3940	7	Port Input	1	4128389	71706	NA
S012_MINIONCE_3940	7	Pulse	99	4164390	107707	NA
S012_MINIONCE_3940	7	Port Input	1	4164390	107707	NA
S012_MINIONCE_3940	7	Pulse	99	4200391	143708	NA
S012_MINIONCE_3940	7	Port Input	1	4200391	143708	NA
S012_MINIONCE_3940	8	Picture	endrest	4200882	0	1	10100	2	0	10000
S012_MINIONCE_3940	9	Picture	FF	4211482	0	1	43100	2	0	43200
S012_MINIONCE_3940	9	Response	51	4228614	17132	1
S012_MINIONCE_3940	9	Pulse	99	4236392	24910	NA
S012_MINIONCE_3940	9	Port Input	1	4236392	24910	NA
S012_MINIONCE_3940	9	Picture	3_T_FFTRIAD_FF_cuento_red.png	4254582	43100	1	1900	2	43200	1800
S012_MINIONCE_3940	10	Picture	FF	4256682	0	1	43200	2	0	43200
S012_MINIONCE_3940	10	Pulse	99	4272393	15711	NA
S012_MINIONCE_3940	10	Port Input	1	4272393	15711	NA
S012_MINIONCE_3940	10	Response	52	4277793	21111	1
S012_MINIONCE_3940	10	Picture	4_T_FFTRIAD_FF_raton_red.png	4299882	43200	1	1900	2	43200	1800
S012_MINIONCE_3940	11	Picture	FF	4302282	0	1	43200	2	0	43200
S012_MINIONCE_3940	11	Pulse	99	4308394	6112	NA
S012_MINIONCE_3940	11	Port Input	1	4308394	6112	NA
S012_MINIONCE_3940	11	Response	51	4319815	17533	1
S012_MINIONCE_3940	11	Pulse	99	4344395	42113	NA
S012_MINIONCE_3940	11	Port Input	1	4344395	42113	NA
S012_MINIONCE_3940	11	Picture	5_T_FFTRIAD_FF_ancla_red.png	4345482	43200	1	1900	2	43200	1800
S012_MINIONCE_3940	12	Picture	FF	4347682	0	1	43200	2	0	43200
S012_MINIONCE_3940	12	Response	52	4369147	21465	1
S012_MINIONCE_3940	12	Pulse	99	4380396	32714	NA
S012_MINIONCE_3940	12	Port Input	1	4380396	32714	NA
S012_MINIONCE_3940	12	Picture	6_T_FFTRIAD_FF_policia_red.png	4390882	43200	1	1900	2	43200	1800
S012_MINIONCE_3940	13	Picture	FF	4393082	0	1	43199	2	0	43200
S012_MINIONCE_3940	13	Pulse	99	4416397	23315	NA
S012_MINIONCE_3940	13	Port Input	1	4416397	23315	NA
S012_MINIONCE_3940	13	Response	51	4422028	28946	1
S012_MINIONCE_3940	13	Picture	7_T_FFTRIAD_FF_piramide_red.png	4436281	43199	1	1900	2	43200	1800
S012_MINIONCE_3940	14	Picture	FF	4438581	0	1	43100	2	0	43200
S012_MINIONCE_3940	14	Pulse	99	4452398	13817	NA
S012_MINIONCE_3940	14	Port Input	1	4452398	13817	NA
S012_MINIONCE_3940	14	Response	51	4457495	18914	2
S012_MINIONCE_3940	14	Picture	8_T_FFTRIAD_FF_novia_red.png	4481681	43100	1	1900	2	43200	1800
S012_MINIONCE_3940	15	Picture	FF	4483781	0	1	43200	2	0	43200
S012_MINIONCE_3940	15	Pulse	99	4488399	4618	NA
S012_MINIONCE_3940	15	Port Input	1	4488399	4618	NA
S012_MINIONCE_3940	15	Response	51	4502787	19006	1
S012_MINIONCE_3940	15	Pulse	99	4524400	40619	NA
S012_MINIONCE_3940	15	Port Input	1	4524400	40619	NA
S012_MINIONCE_3940	15	Picture	9_T_FFTRIAD_FF_zanahoria_red.png	4526981	43200	1	1900	2	43200	1800
S012_MINIONCE_3940	16	Picture	FF	4529081	0	1	43200	2	0	43200
S012_MINIONCE_3940	16	Response	51	4553523	24442	1
S012_MINIONCE_3940	16	Pulse	99	4560401	31320	NA
S012_MINIONCE_3940	16	Port Input	1	4560401	31320	NA
S012_MINIONCE_3940	16	Picture	10_T_FFTRIAD_FF_lenador_red.png	4572281	43200	1	1900	2	43200	1800
S012_MINIONCE_3940	17	Picture	rest	4574281	0	1	144099	2	0	144000
S012_MINIONCE_3940	17	Pulse	99	4596402	22121	NA
S012_MINIONCE_3940	17	Port Input	1	4596402	22121	NA
S012_MINIONCE_3940	17	Pulse	99	4632403	58122	NA
S012_MINIONCE_3940	17	Port Input	1	4632403	58122	NA
S012_MINIONCE_3940	17	Pulse	99	4668405	94124	NA
S012_MINIONCE_3940	17	Port Input	1	4668405	94124	NA
S012_MINIONCE_3940	17	Pulse	99	4704406	130125	NA
S012_MINIONCE_3940	17	Port Input	1	4704406	130125	NA
S012_MINIONCE_3940	18	Picture	endrest	4718480	0	1	10100	2	0	10000
S012_MINIONCE_3940	19	Picture	FF	4728980	0	1	43200	2	0	43200
S012_MINIONCE_3940	19	Pulse	99	4740407	11427	NA
S012_MINIONCE_3940	19	Port Input	1	4740407	11427	NA
S012_MINIONCE_3940	19	Response	51	4762988	34008	1
S012_MINIONCE_3940	19	Picture	13_T_FFTRIAD_FF_arbol_red.png	4772180	43200	1	1900	2	43200	1800
S012_MINIONCE_3940	20	Picture	FF	4774280	0	1	43200	2	0	43200
S012_MINIONCE_3940	20	Pulse	99	4776408	2128	NA
S012_MINIONCE_3940	20	Port Input	1	4776408	2128	NA
S012_MINIONCE_3940	20	Pulse	99	4812409	38129	NA
S012_MINIONCE_3940	20	Port Input	1	4812409	38129	NA
S012_MINIONCE_3940	20	Response	51	4813098	38818	1
S012_MINIONCE_3940	20	Picture	14_T_FFTRIAD_FF_granjero_red.png	4817480	43200	1	1900	2	43200	1800
S012_MINIONCE_3940	21	Picture	FF	4819580	0	1	43200	2	0	43200
S012_MINIONCE_3940	21	Response	52	4836120	16540	1
S012_MINIONCE_3940	21	Pulse	99	4848410	28830	NA
S012_MINIONCE_3940	21	Port Input	1	4848410	28830	NA
S012_MINIONCE_3940	21	Picture	15_T_FFTRIAD_FF_telarana_red.png	4862780	43200	1	1900	2	43200	1800
S012_MINIONCE_3940	22	Picture	FF	4864880	0	1	43199	2	0	43200
S012_MINIONCE_3940	22	Pulse	99	4884411	19531	NA
S012_MINIONCE_3940	22	Port Input	1	4884411	19531	NA
S012_MINIONCE_3940	22	Response	52	4890760	25880	1
S012_MINIONCE_3940	22	Picture	16_T_FFTRIAD_FF_plato_red.png	4908079	43199	1	1900	2	43200	1800
S012_MINIONCE_3940	23	Picture	RW	4910279	0	1	43100	2	0	43200
S012_MINIONCE_3940	23	Pulse	99	4920412	10133	NA
S012_MINIONCE_3940	23	Port Input	1	4920412	10133	NA
S012_MINIONCE_3940	23	Response	52	4933903	23624	1
S012_MINIONCE_3940	23	Picture	17_T_RWTRIAD_RW_destornillador_red.png	4953379	43100	1	1900	2	43200	1800
S012_MINIONCE_3940	24	Picture	RW	4955479	0	1	43200	2	0	43200
S012_MINIONCE_3940	24	Pulse	99	4956413	934	NA
S012_MINIONCE_3940	24	Port Input	1	4956413	934	NA
S012_MINIONCE_3940	24	Response	52	4979402	23923	1
S012_MINIONCE_3940	24	Pulse	99	4992414	36935	NA
S012_MINIONCE_3940	24	Port Input	1	4992414	36935	NA
S012_MINIONCE_3940	24	Picture	18_T_RWTRIAD_RW_tijera_red.png	4998679	43200	1	1900	2	43200	1800
S012_MINIONCE_3940	25	Picture	RW	5000879	0	1	43200	2	0	43200
S012_MINIONCE_3940	25	Pulse	99	5028415	27536	NA
S012_MINIONCE_3940	25	Port Input	1	5028415	27536	NA
S012_MINIONCE_3940	25	Response	51	5036496	35617	1
S012_MINIONCE_3940	25	Picture	19_T_RWTRIAD_RW_botella_red.png	5044079	43200	1	1900	2	43200	1800
S012_MINIONCE_3940	26	Picture	RW	5046179	0	1	43200	2	0	43200
S012_MINIONCE_3940	26	Pulse	99	5064416	18237	NA
S012_MINIONCE_3940	26	Port Input	1	5064416	18237	NA
S012_MINIONCE_3940	26	Response	52	5065327	19148	1
S012_MINIONCE_3940	26	Picture	20_T_RWTRIAD_RW_cinturon_red.png	5089379	43200	1	1900	2	43200	1800
S012_MINIONCE_3940	27	Picture	rest	5091378	0	2	144100	3	0	144000
S012_MINIONCE_3940	27	Pulse	99	5100417	9039	NA
S012_MINIONCE_3940	27	Port Input	1	5100417	9039	NA
S012_MINIONCE_3940	27	Pulse	99	5136418	45040	NA
S012_MINIONCE_3940	27	Port Input	1	5136418	45040	NA
S012_MINIONCE_3940	27	Pulse	99	5172419	81041	NA
S012_MINIONCE_3940	27	Port Input	1	5172419	81041	NA
S012_MINIONCE_3940	27	Pulse	99	5208420	117042	NA
S012_MINIONCE_3940	27	Port Input	1	5208420	117042	NA
S012_MINIONCE_3940	28	Picture	endrest	5235578	0	1	10100	2	0	10000
S012_MINIONCE_3940	28	Pulse	99	5244422	8844	NA
S012_MINIONCE_3940	28	Port Input	1	5244422	8844	NA
S012_MINIONCE_3940	29	Picture	RW	5245878	0	1	43200	2	0	43200
S012_MINIONCE_3940	29	Response	52	5270775	24897	1
S012_MINIONCE_3940	29	Pulse	99	5280422	34544	NA
S012_MINIONCE_3940	29	Port Input	1	5280422	34544	NA
S012_MINIONCE_3940	29	Picture	23_T_RWTRIAD_RW_silla_red.png	5289078	43200	1	1900	2	43200	1800
S012_MINIONCE_3940	30	Picture	RW	5291378	0	1	43200	2	0	43200
S012_MINIONCE_3940	30	Response	51	5313858	22480	1
S012_MINIONCE_3940	30	Pulse	99	5316424	25046	NA
S012_MINIONCE_3940	30	Port Input	1	5316424	25046	NA
S012_MINIONCE_3940	30	Picture	24_T_RWTRIAD_RW_ascensor_red.png	5334578	43200	1	1900	2	43200	1800
S012_MINIONCE_3940	31	Picture	RW	5336678	0	1	43199	2	0	43200
S012_MINIONCE_3940	31	Response	51	5349879	13201	1
S012_MINIONCE_3940	31	Pulse	99	5352425	15747	NA
S012_MINIONCE_3940	31	Port Input	1	5352425	15747	NA
S012_MINIONCE_3940	31	Picture	25_T_RWTRIAD_RW_iglu_red.png	5379877	43199	1	1900	2	43200	1800
S012_MINIONCE_3940	32	Picture	RW	5382077	0	1	43200	2	0	43200
S012_MINIONCE_3940	32	Pulse	99	5388426	6349	NA
S012_MINIONCE_3940	32	Port Input	1	5388426	6349	NA
S012_MINIONCE_3940	32	Response	52	5397354	15277	1
S012_MINIONCE_3940	32	Pulse	99	5424427	42350	NA
S012_MINIONCE_3940	32	Port Input	1	5424427	42350	NA
S012_MINIONCE_3940	32	Picture	26_T_RWTRIAD_RW_martillo_red.png	5425277	43200	1	1900	2	43200	1800
S012_MINIONCE_3940	33	Picture	FF	5427577	0	1	43200	2	0	43200
S012_MINIONCE_3940	33	Response	51	5452753	25176	1
S012_MINIONCE_3940	33	Pulse	99	5460428	32851	NA
S012_MINIONCE_3940	33	Port Input	1	5460428	32851	NA
S012_MINIONCE_3940	33	Picture	27_T_FFTRIAD_FF_lana_red.png	5470777	43200	1	1900	2	43200	1800
S012_MINIONCE_3940	34	Picture	FF	5473177	0	1	43200	2	0	43200
S012_MINIONCE_3940	34	Response	51	5488517	15340	1
S012_MINIONCE_3940	34	Pulse	99	5496429	23252	NA
S012_MINIONCE_3940	34	Port Input	1	5496429	23252	NA
S012_MINIONCE_3940	34	Picture	28_T_FFTRIAD_FF_agua_red.png	5516377	43200	1	1900	2	43200	1800
S012_MINIONCE_3940	35	Picture	FF	5518477	0	1	43200	2	0	43200
S012_MINIONCE_3940	35	Pulse	99	5532430	13953	NA
S012_MINIONCE_3940	35	Port Input	1	5532430	13953	NA
S012_MINIONCE_3940	35	Response	51	5537462	18985	1
S012_MINIONCE_3940	35	Picture	29_T_FFTRIAD_FF_television_red.png	5561677	43200	1	1900	2	43200	1800
S012_MINIONCE_3940	36	Picture	FF	5563777	0	1	43199	3	0	43200
S012_MINIONCE_3940	36	Pulse	99	5568431	4654	NA
S012_MINIONCE_3940	36	Port Input	1	5568431	4654	NA
S012_MINIONCE_3940	36	Response	52	5579348	15571	1
S012_MINIONCE_3940	36	Pulse	99	5604432	40655	NA
S012_MINIONCE_3940	36	Port Input	1	5604432	40655	NA
S012_MINIONCE_3940	36	Picture	30_T_FFTRIAD_FF_paraguas_red.png	5606976	43199	2	1900	4	43200	1800
S012_MINIONCE_3940	37	Picture	rest	5608976	0	1	144100	2	0	144000
S012_MINIONCE_3940	37	Pulse	99	5640433	31457	NA
S012_MINIONCE_3940	37	Port Input	1	5640433	31457	NA
S012_MINIONCE_3940	37	Pulse	99	5676434	67458	NA
S012_MINIONCE_3940	37	Port Input	1	5676434	67458	NA
S012_MINIONCE_3940	37	Pulse	99	5712435	103459	NA
S012_MINIONCE_3940	37	Port Input	1	5712435	103459	NA
S012_MINIONCE_3940	37	Pulse	99	5748436	139460	NA
S012_MINIONCE_3940	37	Port Input	1	5748436	139460	NA
S012_MINIONCE_3940	38	Picture	endrest	5753176	0	1	10100	2	0	10000
S012_MINIONCE_3940	39	Picture	FF	5763676	0	1	43100	2	0	43200
S012_MINIONCE_3940	39	Response	52	5784378	20702	1
S012_MINIONCE_3940	39	Pulse	99	5784437	20761	NA
S012_MINIONCE_3940	39	Port Input	1	5784437	20761	NA
S012_MINIONCE_3940	39	Picture	33_T_FFTRIAD_FF_manos_red.png	5806776	43100	1	1900	2	43200	1800
S012_MINIONCE_3940	40	Picture	FF	5809076	0	1	43099	2	0	43200
S012_MINIONCE_3940	40	Pulse	99	5820438	11362	NA
S012_MINIONCE_3940	40	Port Input	1	5820438	11362	NA
S012_MINIONCE_3940	40	Response	52	5834178	25102	2
S012_MINIONCE_3940	40	Picture	34_T_FFTRIAD_FF_cinturon_red.png	5852175	43099	1	1900	2	43200	1800
S012_MINIONCE_3940	41	Picture	FF	5854275	0	1	43200	2	0	43200
S012_MINIONCE_3940	41	Pulse	99	5856440	2165	NA
S012_MINIONCE_3940	41	Port Input	1	5856440	2165	NA
S012_MINIONCE_3940	41	Response	52	5880682	26407	1
S012_MINIONCE_3940	41	Pulse	99	5892441	38166	NA
S012_MINIONCE_3940	41	Port Input	1	5892441	38166	NA
S012_MINIONCE_3940	41	Picture	35_T_FFTRIAD_FF_huevos_red.png	5897475	43200	1	1900	3	43200	1800
S012_MINIONCE_3940	42	Picture	FF	5899575	0	2	43200	3	0	43200
S012_MINIONCE_3940	42	Response	51	5915960	16385	2
S012_MINIONCE_3940	42	Pulse	99	5928442	28867	NA
S012_MINIONCE_3940	42	Port Input	1	5928442	28867	NA
S012_MINIONCE_3940	42	Picture	36_T_FFTRIAD_FF_teclado_red.png	5942775	43200	1	1900	2	43200	1800
S012_MINIONCE_3940	43	Picture	FF	5944875	0	1	43200	2	0	43200
S012_MINIONCE_3940	43	Response	51	5964328	19453	1
S012_MINIONCE_3940	43	Pulse	99	5964443	19568	NA
S012_MINIONCE_3940	43	Port Input	1	5964443	19568	NA
S012_MINIONCE_3940	43	Picture	37_T_FFTRIAD_FF_llave_red.png	5988075	43200	1	1899	3	43200	1800
S012_MINIONCE_3940	44	Picture	FF	5990174	0	2	43201	3	0	43200
S012_MINIONCE_3940	44	Pulse	99	6000444	10270	NA
S012_MINIONCE_3940	44	Port Input	1	6000444	10270	NA
S012_MINIONCE_3940	44	Response	51	6013890	23716	1
S012_MINIONCE_3940	44	Picture	38_T_FFTRIAD_FF_tenedor_red.png	6033375	43201	1	1899	3	43200	1800
S012_MINIONCE_3940	45	Picture	FF	6035475	0	1	43199	3	0	43200
S012_MINIONCE_3940	45	Pulse	99	6036445	970	NA
S012_MINIONCE_3940	45	Port Input	1	6036445	970	NA
S012_MINIONCE_3940	45	Response	52	6051068	15593	1
S012_MINIONCE_3940	45	Pulse	99	6072446	36971	NA
S012_MINIONCE_3940	45	Port Input	1	6072446	36971	NA
S012_MINIONCE_3940	45	Picture	39_T_FFTRIAD_FF_molino_red.png	6078674	43199	2	1900	4	43200	1800
S012_MINIONCE_3940	46	Picture	FF	6081074	0	1	43200	2	0	43200
S012_MINIONCE_3940	46	Pulse	99	6108447	27373	NA
S012_MINIONCE_3940	46	Port Input	1	6108447	27373	NA
S012_MINIONCE_3940	46	Response	51	6116858	35784	1
S012_MINIONCE_3940	46	Picture	40_T_FFTRIAD_FF_estetoscopio_red.png	6124274	43200	1	1900	2	43200	1800
S012_MINIONCE_3940	47	Picture	rest	6126274	0	1	144100	2	0	144000
S012_MINIONCE_3940	47	Pulse	99	6144448	18174	NA
S012_MINIONCE_3940	47	Port Input	1	6144448	18174	NA
S012_MINIONCE_3940	47	Pulse	99	6180449	54175	NA
S012_MINIONCE_3940	47	Port Input	1	6180449	54175	NA
S012_MINIONCE_3940	47	Pulse	99	6216450	90176	NA
S012_MINIONCE_3940	47	Port Input	1	6216450	90176	NA
S012_MINIONCE_3940	47	Pulse	99	6252451	126177	NA
S012_MINIONCE_3940	47	Port Input	1	6252451	126177	NA
S012_MINIONCE_3940	48	Picture	endrest	6270474	0	1	10100	2	0	10000
S012_MINIONCE_3940	49	Picture	RW	6280773	0	2	43200	3	0	43200
S012_MINIONCE_3940	49	Pulse	99	6288452	7679	NA
S012_MINIONCE_3940	49	Port Input	1	6288452	7679	NA
S012_MINIONCE_3940	49	Response	52	6298724	17951	1
S012_MINIONCE_3940	49	Picture	43_T_RWTRIAD_RW_monja_red.png	6323973	43200	1	1900	2	43200	1800
S012_MINIONCE_3940	49	Pulse	99	6324453	43680	NA
S012_MINIONCE_3940	49	Port Input	1	6324453	43680	NA
S012_MINIONCE_3940	50	Picture	RW	6326073	0	1	43200	2	0	43200
S012_MINIONCE_3940	50	Response	52	6345749	19676	1
S012_MINIONCE_3940	50	Pulse	99	6360454	34381	NA
S012_MINIONCE_3940	50	Port Input	1	6360454	34381	NA
S012_MINIONCE_3940	50	Picture	44_T_RWTRIAD_RW_sobre_red.png	6369273	43200	1	1900	2	43200	1800
S012_MINIONCE_3940	51	Picture	RW	6371373	0	1	43200	2	0	43200
S012_MINIONCE_3940	51	Pulse	99	6396455	25082	NA
S012_MINIONCE_3940	51	Port Input	1	6396455	25082	NA
S012_MINIONCE_3940	51	Response	52	6400154	28781	1
S012_MINIONCE_3940	51	Picture	45_T_RWTRIAD_RW_pluma_red.png	6414573	43200	1	1900	2	43200	1800
S012_MINIONCE_3940	52	Picture	RW	6416873	0	1	43100	2	0	43200
S012_MINIONCE_3940	52	Response	51	6430442	13569	1
S012_MINIONCE_3940	52	Pulse	99	6432456	15583	NA
S012_MINIONCE_3940	52	Port Input	1	6432456	15583	NA
S012_MINIONCE_3940	52	Picture	46_T_RWTRIAD_RW_ancla_red.png	6459973	43100	1	1900	2	43200	1800
S012_MINIONCE_3940	53	Picture	FF	6462073	0	1	43200	2	0	43200
S012_MINIONCE_3940	53	Pulse	99	6468458	6385	NA
S012_MINIONCE_3940	53	Port Input	1	6468458	6385	NA
S012_MINIONCE_3940	53	Response	52	6477634	15561	1
S012_MINIONCE_3940	53	Pulse	99	6504459	42386	NA
S012_MINIONCE_3940	53	Port Input	1	6504459	42386	NA
S012_MINIONCE_3940	53	Picture	47_T_FFTRIAD_FF_mono_red.png	6505273	43200	1	1900	2	43200	1800
S012_MINIONCE_3940	54	Picture	FF	6507573	0	1	43099	3	0	43200
S012_MINIONCE_3940	54	Response	51	6527929	20356	2
S012_MINIONCE_3940	54	Pulse	99	6540460	32887	NA
S012_MINIONCE_3940	54	Port Input	1	6540460	32887	NA
S012_MINIONCE_3940	54	Picture	48_T_FFTRIAD_FF_grifo_red.png	6550672	43099	2	1900	3	43200	1800
S012_MINIONCE_3940	55	Picture	FF	6552772	0	2	43200	3	0	43200
S012_MINIONCE_3940	55	Response	51	6568900	16128	2
S012_MINIONCE_3940	55	Pulse	99	6576461	23689	NA
S012_MINIONCE_3940	55	Port Input	1	6576461	23689	NA
S012_MINIONCE_3940	55	Picture	49_T_FFTRIAD_FF_leche_red.png	6595972	43200	1	1900	2	43200	1800
S012_MINIONCE_3940	56	Picture	FF	6598072	0	1	43200	2	0	43200
S012_MINIONCE_3940	56	Pulse	99	6612462	14390	NA
S012_MINIONCE_3940	56	Port Input	1	6612462	14390	NA
S012_MINIONCE_3940	56	Response	52	6625296	27224	1
S012_MINIONCE_3940	56	Picture	50_T_FFTRIAD_FF_anillo_red.png	6641272	43200	1	1900	2	43200	1800
S012_MINIONCE_3940	57	Picture	rest	6643272	0	1	144099	2	0	144000
S012_MINIONCE_3940	57	Pulse	99	6648463	5191	NA
S012_MINIONCE_3940	57	Port Input	1	6648463	5191	NA
S012_MINIONCE_3940	57	Pulse	99	6684464	41192	NA
S012_MINIONCE_3940	57	Port Input	1	6684464	41192	NA
S012_MINIONCE_3940	57	Pulse	99	6720465	77193	NA
S012_MINIONCE_3940	57	Port Input	1	6720465	77193	NA
S012_MINIONCE_3940	57	Pulse	99	6756466	113194	NA
S012_MINIONCE_3940	57	Port Input	1	6756466	113194	NA
S012_MINIONCE_3940	58	Picture	endrest	6787471	0	2	10100	3	0	10000
S012_MINIONCE_3940	58	Pulse	99	6792467	4996	NA
S012_MINIONCE_3940	58	Port Input	1	6792467	4996	NA
S012_MINIONCE_3940	59	Picture	RW	6797771	0	1	43200	2	0	43200
S012_MINIONCE_3940	59	Response	51	6812141	14370	1
S012_MINIONCE_3940	59	Pulse	99	6828468	30697	NA
S012_MINIONCE_3940	59	Port Input	1	6828468	30697	NA
S012_MINIONCE_3940	59	Picture	53_T_RWTRIAD_RW_television_red.png	6840971	43200	1	1900	2	43200	1800
S012_MINIONCE_3940	60	Picture	RW	6843171	0	1	43200	2	0	43200
S012_MINIONCE_3940	60	Response	51	6859759	16588	1
S012_MINIONCE_3940	60	Pulse	99	6864469	21298	NA
S012_MINIONCE_3940	60	Port Input	1	6864469	21298	NA
S012_MINIONCE_3940	60	Picture	54_T_RWTRIAD_RW_perro_red.png	6886371	43200	1	1900	2	43200	1800
S012_MINIONCE_3940	61	Picture	RW	6888771	0	1	43200	2	0	43200
S012_MINIONCE_3940	61	Pulse	99	6900470	11699	NA
S012_MINIONCE_3940	61	Port Input	1	6900470	11699	NA
S012_MINIONCE_3940	61	Response	52	6911017	22246	1
S012_MINIONCE_3940	61	Picture	55_T_RWTRIAD_RW_grapadora_red.png	6931971	43200	1	1900	2	43200	1800
S012_MINIONCE_3940	62	Picture	RW	6934271	0	1	43100	2	0	43200
S012_MINIONCE_3940	62	Pulse	99	6936471	2200	NA
S012_MINIONCE_3940	62	Port Input	1	6936471	2200	NA
S012_MINIONCE_3940	62	Response	52	6949498	15227	1
S012_MINIONCE_3940	62	Pulse	99	6972472	38201	NA
S012_MINIONCE_3940	62	Port Input	1	6972472	38201	NA
S012_MINIONCE_3940	62	Picture	56_T_RWTRIAD_RW_raton_red.png	6977371	43100	1	1900	2	43200	1800
S012_MINIONCE_3940	63	Picture	RW	6979471	0	1	43199	2	0	43200
S012_MINIONCE_3940	63	Response	51	6993768	14297	1
S012_MINIONCE_3940	63	Pulse	99	7008473	29002	NA
S012_MINIONCE_3940	63	Port Input	1	7008473	29002	NA
S012_MINIONCE_3940	63	Picture	57_T_RWTRIAD_RW_molino_red.png	7022670	43199	1	1900	3	43200	1800
S012_MINIONCE_3940	64	Picture	RW	7024770	0	1	43200	2	0	43200
S012_MINIONCE_3940	64	Response	52	7043011	18241	1
S012_MINIONCE_3940	64	Pulse	99	7044474	19704	NA
S012_MINIONCE_3940	64	Port Input	1	7044474	19704	NA
S012_MINIONCE_3940	64	Picture	58_T_RWTRIAD_RW_agua_red.png	7067970	43200	1	1900	2	43200	1800
S012_MINIONCE_3940	65	Picture	RW	7070070	0	1	43200	2	0	43200
S012_MINIONCE_3940	65	Pulse	99	7080475	10405	NA
S012_MINIONCE_3940	65	Port Input	1	7080475	10405	NA
S012_MINIONCE_3940	65	Response	52	7086715	16645	1
S012_MINIONCE_3940	65	Picture	59_T_RWTRIAD_RW_bellota_red.png	7113270	43200	1	1900	2	43200	1800
S012_MINIONCE_3940	66	Picture	RW	7115370	0	1	43200	2	0	43200
S012_MINIONCE_3940	66	Pulse	99	7116476	1106	NA
S012_MINIONCE_3940	66	Port Input	1	7116476	1106	NA
S012_MINIONCE_3940	66	Response	51	7129977	14607	1
S012_MINIONCE_3940	66	Pulse	99	7152478	37108	NA
S012_MINIONCE_3940	66	Port Input	1	7152478	37108	NA
S012_MINIONCE_3940	66	Picture	60_T_RWTRIAD_RW_violin_red.png	7158570	43200	1	1900	2	43200	1800
S012_MINIONCE_3940	67	Picture	rest	7160570	0	1	144099	2	0	144000
S012_MINIONCE_3940	67	Pulse	99	7188479	27909	NA
S012_MINIONCE_3940	67	Port Input	1	7188479	27909	NA
S012_MINIONCE_3940	67	Pulse	99	7224480	63910	NA
S012_MINIONCE_3940	67	Port Input	1	7224480	63910	NA
S012_MINIONCE_3940	67	Pulse	99	7260481	99911	NA
S012_MINIONCE_3940	67	Port Input	1	7260481	99911	NA
S012_MINIONCE_3940	67	Pulse	99	7296482	135912	NA
S012_MINIONCE_3940	67	Port Input	1	7296482	135912	NA
S012_MINIONCE_3940	68	Picture	endrest	7304769	0	1	10100	2	0	10000
S012_MINIONCE_3940	69	Picture	RW	7315069	0	1	43200	2	0	43200
S012_MINIONCE_3940	69	Pulse	99	7332483	17414	NA
S012_MINIONCE_3940	69	Port Input	1	7332483	17414	NA
S012_MINIONCE_3940	69	Response	51	7342630	27561	1
S012_MINIONCE_3940	69	Picture	63_T_RWTRIAD_RW_granjero_red.png	7358269	43200	1	1900	2	43200	1800
S012_MINIONCE_3940	70	Picture	RW	7360569	0	1	43100	2	0	43200
S012_MINIONCE_3940	70	Pulse	99	7368484	7915	NA
S012_MINIONCE_3940	70	Port Input	1	7368484	7915	NA
S012_MINIONCE_3940	70	Response	51	7380922	20353	1
S012_MINIONCE_3940	70	Picture	64_T_RWTRIAD_RW_carruaje_red.png	7403669	43100	1	1900	2	43200	1800
S012_MINIONCE_3940	70	Pulse	99	7404485	43916	NA
S012_MINIONCE_3940	70	Port Input	1	7404485	43916	NA
S012_MINIONCE_3940	71	Picture	RW	7405969	0	1	43200	2	0	43200
S012_MINIONCE_3940	71	Response	51	7421811	15842	1
S012_MINIONCE_3940	71	Pulse	99	7440486	34517	NA
S012_MINIONCE_3940	71	Port Input	1	7440486	34517	NA
S012_MINIONCE_3940	71	Picture	65_T_RWTRIAD_RW_almohada_red.png	7449169	43200	1	1900	2	43200	1800
S012_MINIONCE_3940	72	Picture	RW	7451269	0	1	43199	3	0	43200
S012_MINIONCE_3940	72	Response	51	7473442	22173	1
S012_MINIONCE_3940	72	Pulse	99	7476487	25218	NA
S012_MINIONCE_3940	72	Port Input	1	7476487	25218	NA
S012_MINIONCE_3940	72	Picture	66_T_RWTRIAD_RW_charco_red.png	7494468	43199	2	1900	3	43200	1800
S012_MINIONCE_3940	73	Picture	PW	7496868	0	2	43200	3	0	43200
S012_MINIONCE_3940	73	Pulse	99	7512488	15620	NA
S012_MINIONCE_3940	73	Port Input	1	7512488	15620	NA
S012_MINIONCE_3940	73	Response	51	7534242	37374	1
S012_MINIONCE_3940	73	Picture	67_T_PWTRIAD_PW_portatil_red.png	7540068	43200	1	1900	2	43200	1800
S012_MINIONCE_3940	74	Picture	PW	7542468	0	1	43100	2	0	43200
S012_MINIONCE_3940	74	Pulse	99	7548489	6021	NA
S012_MINIONCE_3940	74	Port Input	1	7548489	6021	NA
S012_MINIONCE_3940	74	Response	51	7574734	32266	1
S012_MINIONCE_3940	74	Pulse	99	7584490	42022	NA
S012_MINIONCE_3940	74	Port Input	1	7584490	42022	NA
S012_MINIONCE_3940	74	Picture	68_T_PWTRIAD_PW_perro_red.png	7585568	43100	1	1900	2	43200	1800
S012_MINIONCE_3940	75	Picture	PW	7587668	0	1	43200	2	0	43200
S012_MINIONCE_3940	75	Pulse	99	7620491	32823	NA
S012_MINIONCE_3940	75	Port Input	1	7620491	32823	NA
S012_MINIONCE_3940	75	Response	51	7625615	37947	1
S012_MINIONCE_3940	75	Picture	69_T_PWTRIAD_PW_tenedor_red.png	7630868	43200	1	1900	2	43200	1800
S012_MINIONCE_3940	76	Picture	PW	7633168	0	1	43100	2	0	43200
S012_MINIONCE_3940	76	Pulse	99	7656492	23324	NA
S012_MINIONCE_3940	76	Port Input	1	7656492	23324	NA
S012_MINIONCE_3940	76	Response	51	7671148	37980	1
S012_MINIONCE_3940	76	Picture	70_T_PWTRIAD_PW_piramide_red.png	7676268	43100	1	1900	2	43200	1800
S012_MINIONCE_3940	77	Picture	rest	7678268	0	1	144099	2	0	144000
S012_MINIONCE_3940	77	Pulse	99	7692493	14225	NA
S012_MINIONCE_3940	77	Port Input	1	7692493	14225	NA
S012_MINIONCE_3940	77	Pulse	99	7728494	50226	NA
S012_MINIONCE_3940	77	Port Input	1	7728494	50226	NA
S012_MINIONCE_3940	77	Pulse	99	7764496	86228	NA
S012_MINIONCE_3940	77	Port Input	1	7764496	86228	NA
S012_MINIONCE_3940	77	Pulse	99	7800497	122229	NA
S012_MINIONCE_3940	77	Port Input	1	7800497	122229	NA
S012_MINIONCE_3940	78	Picture	endrest	7822467	0	1	10100	2	0	10000
S012_MINIONCE_3940	79	Picture	PW	7832967	0	1	43100	2	0	43200
S012_MINIONCE_3940	79	Pulse	99	7836498	3531	NA
S012_MINIONCE_3940	79	Port Input	1	7836498	3531	NA
S012_MINIONCE_3940	79	Response	52	7871798	38831	1
S012_MINIONCE_3940	79	Pulse	99	7872499	39532	NA
S012_MINIONCE_3940	79	Port Input	1	7872499	39532	NA
S012_MINIONCE_3940	79	Picture	73_T_PWTRIAD_PW_almohada_red.png	7876067	43100	1	1900	2	43200	1800
S012_MINIONCE_3940	80	Picture	PW	7878367	0	1	43100	2	0	43200
S012_MINIONCE_3940	80	Pulse	99	7908500	30133	NA
S012_MINIONCE_3940	80	Port Input	1	7908500	30133	NA
S012_MINIONCE_3940	80	Response	52	7909858	31491	1
S012_MINIONCE_3940	80	Picture	74_T_PWTRIAD_PW_huevos_red.png	7921467	43100	1	1900	2	43200	1800
S012_MINIONCE_3940	81	Picture	PW	7923767	0	1	43099	3	0	43200
S012_MINIONCE_3940	81	Pulse	99	7944501	20734	NA
S012_MINIONCE_3940	81	Port Input	1	7944501	20734	NA
S012_MINIONCE_3940	81	Response	51	7949065	25298	1
S012_MINIONCE_3940	81	Picture	75_T_PWTRIAD_PW_telarana_red.png	7966866	43099	2	1900	3	43200	1800
S012_MINIONCE_3940	82	Picture	PW	7968966	0	2	43200	3	0	43200
S012_MINIONCE_3940	82	Pulse	99	7980502	11536	NA
S012_MINIONCE_3940	82	Port Input	1	7980502	11536	NA
S012_MINIONCE_3940	82	Response	52	8007256	38290	1
S012_MINIONCE_3940	82	Picture	76_T_PWTRIAD_PW_sapo_red.png	8012166	43200	1	1900	2	43200	1800
S012_MINIONCE_3940	83	Picture	PW	8014266	0	1	43200	2	0	43200
S012_MINIONCE_3940	83	Pulse	99	8016503	2237	NA
S012_MINIONCE_3940	83	Port Input	1	8016503	2237	NA
S012_MINIONCE_3940	83	Response	51	8042620	28354	1
S012_MINIONCE_3940	83	Pulse	99	8052504	38238	NA
S012_MINIONCE_3940	83	Port Input	1	8052504	38238	NA
S012_MINIONCE_3940	83	Picture	77_T_PWTRIAD_PW_anillo_red.png	8057466	43200	1	1900	2	43200	1800
S012_MINIONCE_3940	84	Picture	PW	8059566	0	1	43200	2	0	43200
S012_MINIONCE_3940	84	Pulse	99	8088505	28939	NA
S012_MINIONCE_3940	84	Port Input	1	8088505	28939	NA
S012_MINIONCE_3940	84	Response	51	8090507	30941	1
S012_MINIONCE_3940	84	Picture	78_T_PWTRIAD_PW_pincel_red.png	8102766	43200	1	1900	2	43200	1800
S012_MINIONCE_3940	85	Picture	PW	8105166	0	1	43200	2	0	43200
S012_MINIONCE_3940	85	Pulse	99	8124506	19340	NA
S012_MINIONCE_3940	85	Port Input	1	8124506	19340	NA
S012_MINIONCE_3940	85	Response	52	8143307	38141	1
S012_MINIONCE_3940	85	Picture	79_T_PWTRIAD_PW_bebe_red.png	8148366	43200	1	1900	2	43200	1800
S012_MINIONCE_3940	86	Picture	PW	8150466	0	1	43199	3	0	43200
S012_MINIONCE_3940	86	Pulse	99	8160507	10041	NA
S012_MINIONCE_3940	86	Port Input	1	8160507	10041	NA
S012_MINIONCE_3940	86	Response	51	8176104	25638	2
S012_MINIONCE_3940	86	Picture	80_T_PWTRIAD_PW_sombrilla_red.png	8193665	43199	2	1900	4	43200	1800
S012_MINIONCE_3940	87	Picture	rest	8195665	0	2	144100	3	0	144000
S012_MINIONCE_3940	87	Pulse	99	8196508	843	NA
S012_MINIONCE_3940	87	Port Input	1	8196508	843	NA
S012_MINIONCE_3940	87	Pulse	99	8232509	36844	NA
S012_MINIONCE_3940	87	Port Input	1	8232509	36844	NA
S012_MINIONCE_3940	87	Pulse	99	8268510	72845	NA
S012_MINIONCE_3940	87	Port Input	1	8268510	72845	NA
S012_MINIONCE_3940	87	Pulse	99	8304511	108846	NA
S012_MINIONCE_3940	87	Port Input	1	8304511	108846	NA
S012_MINIONCE_3940	88	Picture	endrest	8339865	0	1	10100	2	0	10000
S012_MINIONCE_3940	88	Pulse	99	8340512	647	NA
S012_MINIONCE_3940	88	Port Input	1	8340512	647	NA
S012_MINIONCE_3940	89	Picture	FF	8350265	0	1	43200	2	0	43200
S012_MINIONCE_3940	89	Response	52	8376474	26209	2
S012_MINIONCE_3940	89	Pulse	99	8376513	26248	NA
S012_MINIONCE_3940	89	Port Input	1	8376513	26248	NA
S012_MINIONCE_3940	89	Picture	83_T_FFTRIAD_FF_banera_red.png	8393465	43200	1	1900	2	43200	1800
S012_MINIONCE_3940	90	Picture	FF	8395865	0	1	43099	2	0	43200
S012_MINIONCE_3940	90	Response	52	8408557	12692	1
S012_MINIONCE_3940	90	Pulse	99	8412515	16650	NA
S012_MINIONCE_3940	90	Port Input	1	8412515	16650	NA
S012_MINIONCE_3940	90	Picture	84_T_FFTRIAD_FF_bebe_red.png	8438964	43099	1	1900	3	43200	1800
S012_MINIONCE_3940	91	Picture	FF	8441064	0	1	43200	2	0	43200
S012_MINIONCE_3940	91	Pulse	99	8448516	7452	NA
S012_MINIONCE_3940	91	Port Input	1	8448516	7452	NA
S012_MINIONCE_3940	91	Response	51	8462106	21042	1
S012_MINIONCE_3940	91	Picture	85_T_FFTRIAD_FF_candado_red.png	8484264	43200	1	1900	2	43200	1800
S012_MINIONCE_3940	91	Pulse	99	8484517	43453	NA
S012_MINIONCE_3940	91	Port Input	1	8484517	43453	NA
S012_MINIONCE_3940	92	Picture	FF	8486564	0	1	43100	2	0	43200
S012_MINIONCE_3940	92	Response	51	8505977	19413	1
S012_MINIONCE_3940	92	Pulse	99	8520518	33954	NA
S012_MINIONCE_3940	92	Port Input	1	8520518	33954	NA
S012_MINIONCE_3940	92	Picture	86_T_FFTRIAD_FF_sapo_red.png	8529664	43100	1	1900	2	43200	1800
S012_MINIONCE_3940	93	Picture	FF	8531964	0	1	43100	2	0	43200
S012_MINIONCE_3940	93	Response	52	8540809	8845	1
S012_MINIONCE_3940	93	Pulse	99	8556519	24555	NA
S012_MINIONCE_3940	93	Port Input	1	8556519	24555	NA
S012_MINIONCE_3940	93	Picture	87_T_FFTRIAD_FF_bala_red.png	8575064	43100	1	1900	2	43200	1800
S012_MINIONCE_3940	94	Picture	FF	8577164	0	1	43200	2	0	43200
S012_MINIONCE_3940	94	Response	52	8590447	13283	1
S012_MINIONCE_3940	94	Pulse	99	8592520	15356	NA
S012_MINIONCE_3940	94	Port Input	1	8592520	15356	NA
S012_MINIONCE_3940	94	Picture	88_T_FFTRIAD_FF_sobre_red.png	8620364	43200	1	1900	2	43200	1800
S012_MINIONCE_3940	95	Picture	FF	8622464	0	1	43199	3	0	43200
S012_MINIONCE_3940	95	Pulse	99	8628521	6057	NA
S012_MINIONCE_3940	95	Port Input	1	8628521	6057	NA
S012_MINIONCE_3940	95	Response	51	8648417	25953	1
S012_MINIONCE_3940	95	Pulse	99	8664522	42058	NA
S012_MINIONCE_3940	95	Port Input	1	8664522	42058	NA
S012_MINIONCE_3940	95	Picture	89_T_FFTRIAD_FF_oruga_red.png	8665663	43199	2	1900	4	43200	1800
S012_MINIONCE_3940	96	Picture	FF	8667963	0	2	43100	3	0	43200
S012_MINIONCE_3940	96	Response	52	8683488	15525	1
S012_MINIONCE_3940	96	Pulse	99	8700523	32560	NA
S012_MINIONCE_3940	96	Port Input	1	8700523	32560	NA
S012_MINIONCE_3940	96	Picture	90_T_FFTRIAD_FF_destornillador_red.png	8711063	43100	1	1900	2	43200	1800
S012_MINIONCE_3940	97	Picture	rest	8713063	0	1	144100	2	0	144000
S012_MINIONCE_3940	97	Pulse	99	8736524	23461	NA
S012_MINIONCE_3940	97	Port Input	1	8736524	23461	NA
S012_MINIONCE_3940	97	Pulse	99	8772525	59462	NA
S012_MINIONCE_3940	97	Port Input	1	8772525	59462	NA
S012_MINIONCE_3940	97	Pulse	99	8808526	95463	NA
S012_MINIONCE_3940	97	Port Input	1	8808526	95463	NA
S012_MINIONCE_3940	97	Pulse	99	8844527	131464	NA
S012_MINIONCE_3940	97	Port Input	1	8844527	131464	NA
S012_MINIONCE_3940	98	Picture	endrest	8857263	0	1	10100	2	0	10000
S012_MINIONCE_3940	99	Picture	PW	8867563	0	1	43199	3	0	43200
S012_MINIONCE_3940	99	Pulse	99	8880528	12965	NA
S012_MINIONCE_3940	99	Port Input	1	8880528	12965	NA
S012_MINIONCE_3940	99	Response	52	8893525	25962	1
S012_MINIONCE_3940	99	Picture	93_T_PWTRIAD_PW_ancla_red.png	8910762	43199	2	1900	3	43200	1800
S012_MINIONCE_3940	100	Picture	PW	8912862	0	1	43200	2	0	43200
S012_MINIONCE_3940	100	Pulse	99	8916529	3667	NA
S012_MINIONCE_3940	100	Port Input	1	8916529	3667	NA
S012_MINIONCE_3940	100	Response	51	8933900	21038	2
S012_MINIONCE_3940	100	Pulse	99	8952530	39668	NA
S012_MINIONCE_3940	100	Port Input	1	8952530	39668	NA
S012_MINIONCE_3940	100	Picture	94_T_PWTRIAD_PW_charco_red.png	8956062	43200	1	1900	2	43200	1800
S012_MINIONCE_3940	101	Picture	PW	8958162	0	1	43200	2	0	43200
S012_MINIONCE_3940	101	Response	51	8980519	22357	1
S012_MINIONCE_3940	101	Pulse	99	8988531	30369	NA
S012_MINIONCE_3940	101	Port Input	1	8988531	30369	NA
S012_MINIONCE_3940	101	Picture	95_T_PWTRIAD_PW_gafas_red.png	9001362	43200	1	1900	2	43200	1800
S012_MINIONCE_3940	102	Picture	PW	9003462	0	1	43200	2	0	43200
S012_MINIONCE_3940	102	Response	51	9018422	14960	1
S012_MINIONCE_3940	102	Pulse	99	9024532	21070	NA
S012_MINIONCE_3940	102	Port Input	1	9024532	21070	NA
S012_MINIONCE_3940	102	Picture	96_T_PWTRIAD_PW_traje_red.png	9046662	43200	1	1900	2	43200	1800
S012_MINIONCE_3940	103	Picture	RW	9048762	0	1	43200	2	0	43200
S012_MINIONCE_3940	103	Pulse	99	9060533	11771	NA
S012_MINIONCE_3940	103	Port Input	1	9060533	11771	NA
S012_MINIONCE_3940	103	Response	52	9068770	20008	1
S012_MINIONCE_3940	103	Picture	97_T_RWTRIAD_RW_dado_red.png	9091962	43200	1	1900	2	43200	1800
S012_MINIONCE_3940	104	Picture	RW	9094062	0	1	43199	3	0	43200
S012_MINIONCE_3940	104	Pulse	99	9096535	2473	NA
S012_MINIONCE_3940	104	Port Input	1	9096535	2473	NA
S012_MINIONCE_3940	104	Response	51	9111865	17803	2
S012_MINIONCE_3940	104	Pulse	99	9132536	38474	NA
S012_MINIONCE_3940	104	Port Input	1	9132536	38474	NA
S012_MINIONCE_3940	104	Picture	98_T_RWTRIAD_RW_traje_red.png	9137261	43199	2	1900	4	43200	1800
S012_MINIONCE_3940	105	Picture	RW	9139361	0	2	43200	3	0	43200
S012_MINIONCE_3940	105	Response	52	9151459	12098	1
S012_MINIONCE_3940	105	Pulse	99	9168537	29176	NA
S012_MINIONCE_3940	105	Port Input	1	9168537	29176	NA
S012_MINIONCE_3940	105	Picture	99_T_RWTRIAD_RW_leche_red.png	9182561	43200	1	1900	2	43200	1800
S012_MINIONCE_3940	106	Picture	RW	9184661	0	1	43200	2	0	43200
S012_MINIONCE_3940	106	Pulse	99	9204538	19877	NA
S012_MINIONCE_3940	106	Port Input	1	9204538	19877	NA
S012_MINIONCE_3940	106	Response	51	9210838	26177	1
S012_MINIONCE_3940	106	Picture	100_T_RWTRIAD_RW_lana_red.png	9227861	43200	1	1900	2	43200	1800
S012_MINIONCE_3940	107	Picture	rest	9229861	0	1	144099	3	0	144000
S012_MINIONCE_3940	107	Pulse	99	9240539	10678	NA
S012_MINIONCE_3940	107	Port Input	1	9240539	10678	NA
S012_MINIONCE_3940	107	Pulse	99	9276540	46679	NA
S012_MINIONCE_3940	107	Port Input	1	9276540	46679	NA
S012_MINIONCE_3940	107	Pulse	99	9312541	82680	NA
S012_MINIONCE_3940	107	Port Input	1	9312541	82680	NA
S012_MINIONCE_3940	107	Pulse	99	9348542	118681	NA
S012_MINIONCE_3940	107	Port Input	1	9348542	118681	NA
S012_MINIONCE_3940	108	Picture	endrest	9374060	0	2	10100	4	0	10000
S012_MINIONCE_3940	108	Pulse	99	9384543	10483	NA
S012_MINIONCE_3940	108	Port Input	1	9384543	10483	NA
S012_MINIONCE_3940	109	Picture	PW	9384560	0	2	43100	3	0	43200
S012_MINIONCE_3940	109	Response	51	9406305	21745	2
S012_MINIONCE_3940	109	Pulse	99	9420544	35984	NA
S012_MINIONCE_3940	109	Port Input	1	9420544	35984	NA
S012_MINIONCE_3940	109	Picture	103_T_PWTRIAD_PW_cortina_red.png	9427660	43100	1	1900	2	43200	1800
S012_MINIONCE_3940	110	Picture	PW	9429760	0	1	43199	3	0	43200
S012_MINIONCE_3940	110	Pulse	99	9456545	26785	NA
S012_MINIONCE_3940	110	Port Input	1	9456545	26785	NA
S012_MINIONCE_3940	110	Response	51	9457945	28185	1
S012_MINIONCE_3940	110	Picture	104_T_PWTRIAD_PW_botella_red.png	9472959	43199	2	1901	3	43200	1800
S012_MINIONCE_3940	111	Picture	PW	9475060	0	1	43200	2	0	43200
S012_MINIONCE_3940	111	Pulse	99	9492546	17486	NA
S012_MINIONCE_3940	111	Port Input	1	9492546	17486	NA
S012_MINIONCE_3940	111	Response	52	9497285	22225	1
S012_MINIONCE_3940	111	Picture	105_T_PWTRIAD_PW_candado_red.png	9518260	43200	1	1900	2	43200	1800
S012_MINIONCE_3940	112	Picture	PW	9520360	0	1	43200	2	0	43200
S012_MINIONCE_3940	112	Pulse	99	9528547	8187	NA
S012_MINIONCE_3940	112	Port Input	1	9528547	8187	NA
S012_MINIONCE_3940	112	Response	51	9544318	23958	1
S012_MINIONCE_3940	112	Picture	106_T_PWTRIAD_PW_plato_red.png	9563560	43200	1	1900	2	43200	1800
S012_MINIONCE_3940	112	Pulse	99	9564548	44188	NA
S012_MINIONCE_3940	112	Port Input	1	9564548	44188	NA
S012_MINIONCE_3940	113	Picture	RW	9565660	0	1	43199	3	0	43200
S012_MINIONCE_3940	113	Response	51	9586481	20821	1
S012_MINIONCE_3940	113	Pulse	99	9600549	34889	NA
S012_MINIONCE_3940	113	Port Input	1	9600549	34889	NA
S012_MINIONCE_3940	113	Picture	107_T_RWTRIAD_RW_candado_red.png	9608859	43199	2	1900	4	43200	1800
S012_MINIONCE_3940	114	Picture	RW	9610959	0	2	43200	3	0	43200
S012_MINIONCE_3940	114	Response	52	9634535	23576	1
S012_MINIONCE_3940	114	Pulse	99	9636550	25591	NA
S012_MINIONCE_3940	114	Port Input	1	9636550	25591	NA
S012_MINIONCE_3940	114	Picture	108_T_RWTRIAD_RW_murcielago_red.png	9654159	43200	1	1900	2	43200	1800
S012_MINIONCE_3940	115	Picture	RW	9656459	0	1	43200	2	0	43200
S012_MINIONCE_3940	115	Pulse	99	9672551	16092	NA
S012_MINIONCE_3940	115	Port Input	1	9672551	16092	NA
S012_MINIONCE_3940	115	Response	52	9680052	23593	1
S012_MINIONCE_3940	115	Picture	109_T_RWTRIAD_RW_banera_red.png	9699659	43200	1	1900	2	43200	1800
S012_MINIONCE_3940	116	Picture	RW	9701759	0	1	43200	2	0	43200
S012_MINIONCE_3940	116	Pulse	99	9708552	6793	NA
S012_MINIONCE_3940	116	Port Input	1	9708552	6793	NA
S012_MINIONCE_3940	116	Response	52	9716597	14838	1
S012_MINIONCE_3940	116	Pulse	99	9744554	42795	NA
S012_MINIONCE_3940	116	Port Input	1	9744554	42795	NA
S012_MINIONCE_3940	116	Picture	110_T_RWTRIAD_RW_arbol_red.png	9744959	43200	1	1900	2	43200	1800
S012_MINIONCE_3940	117	Picture	rest	9746959	0	1	144099	2	0	144000
S012_MINIONCE_3940	117	Pulse	99	9780555	33596	NA
S012_MINIONCE_3940	117	Port Input	1	9780555	33596	NA
S012_MINIONCE_3940	117	Pulse	99	9816556	69597	NA
S012_MINIONCE_3940	117	Port Input	1	9816556	69597	NA
S012_MINIONCE_3940	117	Pulse	99	9852557	105598	NA
S012_MINIONCE_3940	117	Port Input	1	9852557	105598	NA
S012_MINIONCE_3940	117	Pulse	99	9888558	141599	NA
S012_MINIONCE_3940	117	Port Input	1	9888558	141599	NA
S012_MINIONCE_3940	118	Picture	endrest	9891158	0	1	10100	2	0	10000
S012_MINIONCE_3940	119	Picture	PW	9901558	0	1	43200	2	0	43200
S012_MINIONCE_3940	119	Response	51	9922319	20761	1
S012_MINIONCE_3940	119	Pulse	99	9924559	23001	NA
S012_MINIONCE_3940	119	Port Input	1	9924559	23001	NA
S012_MINIONCE_3940	119	Picture	113_T_PWTRIAD_PW_pilas_red.png	9944758	43200	1	1900	2	43200	1800
S012_MINIONCE_3940	120	Picture	PW	9946858	0	1	43200	2	0	43200
S012_MINIONCE_3940	120	Pulse	99	9960560	13702	NA
S012_MINIONCE_3940	120	Port Input	1	9960560	13702	NA
S012_MINIONCE_3940	120	Response	51	9965511	18653	1
S012_MINIONCE_3940	120	Picture	114_T_PWTRIAD_PW_television_red.png	9990058	43200	1	1900	2	43200	1800
S012_MINIONCE_3940	121	Picture	PW	9992158	0	1	43200	2	0	43200
S012_MINIONCE_3940	121	Pulse	99	9996561	4403	NA
S012_MINIONCE_3940	121	Port Input	1	9996561	4403	NA
S012_MINIONCE_3940	121	Response	51	10010943	18785	1
S012_MINIONCE_3940	121	Pulse	99	10032562	40404	NA
S012_MINIONCE_3940	121	Port Input	1	10032562	40404	NA
S012_MINIONCE_3940	121	Picture	115_T_PWTRIAD_PW_chupete_red.png	10035358	43200	1	1900	2	43200	1800
S012_MINIONCE_3940	122	Picture	PW	10037458	0	1	43199	3	0	43200
S012_MINIONCE_3940	122	Response	51	10062074	24616	1
S012_MINIONCE_3940	122	Pulse	99	10068563	31105	NA
S012_MINIONCE_3940	122	Port Input	1	10068563	31105	NA
S012_MINIONCE_3940	122	Picture	116_T_PWTRIAD_PW_cerillas_red.png	10080657	43199	2	1900	4	43200	1800
S012_MINIONCE_3940	123	Picture	PW	10082757	0	2	43200	3	0	43200
S012_MINIONCE_3940	123	Pulse	99	10104564	21807	NA
S012_MINIONCE_3940	123	Port Input	1	10104564	21807	NA
S012_MINIONCE_3940	123	Response	52	10112271	29514	1
S012_MINIONCE_3940	123	Picture	117_T_PWTRIAD_PW_cinturon_red.png	10125957	43200	1	1900	4	43200	1800
S012_MINIONCE_3940	124	Picture	PW	10128257	0	3	43100	5	0	43200
S012_MINIONCE_3940	124	Pulse	99	10140565	12308	NA
S012_MINIONCE_3940	124	Port Input	1	10140565	12308	NA
S012_MINIONCE_3940	124	Response	52	10158550	30293	1
S012_MINIONCE_3940	124	Picture	118_T_PWTRIAD_PW_molino_red.png	10171357	43100	2	1900	4	43200	1800
S012_MINIONCE_3940	125	Picture	PW	10173457	0	2	43200	4	0	43200
S012_MINIONCE_3940	125	Pulse	99	10176566	3109	NA
S012_MINIONCE_3940	125	Port Input	1	10176566	3109	NA
S012_MINIONCE_3940	125	Response	51	10194974	21517	1
S012_MINIONCE_3940	125	Pulse	99	10212567	39110	NA
S012_MINIONCE_3940	125	Port Input	1	10212567	39110	NA
S012_MINIONCE_3940	125	Picture	119_T_PWTRIAD_PW_esquimal_red.png	10216657	43200	2	1900	4	43200	1800
S012_MINIONCE_3940	126	Picture	PW	10218757	0	2	43199	5	0	43200
S012_MINIONCE_3940	126	Response	51	10235987	17230	1
S012_MINIONCE_3940	126	Pulse	99	10248568	29811	NA
S012_MINIONCE_3940	126	Port Input	1	10248568	29811	NA
S012_MINIONCE_3940	126	Picture	120_T_PWTRIAD_PW_lenador_red.png	10261956	43199	3	1900	6	43200	1800
S012_MINIONCE_3940	127	Picture	rest	10263956	0	3	144099	6	0	144000
S012_MINIONCE_3940	127	Pulse	99	10284569	20613	NA
S012_MINIONCE_3940	127	Port Input	1	10284569	20613	NA
S012_MINIONCE_3940	127	Pulse	99	10320570	56614	NA
S012_MINIONCE_3940	127	Port Input	1	10320570	56614	NA
S012_MINIONCE_3940	127	Pulse	99	10356571	92615	NA
S012_MINIONCE_3940	127	Port Input	1	10356571	92615	NA
S012_MINIONCE_3940	127	Pulse	99	10392572	128616	NA
S012_MINIONCE_3940	127	Port Input	1	10392572	128616	NA
S012_MINIONCE_3940	128	Picture	endrest	10408156	0	1	10100	2	0	10000
S012_MINIONCE_3940	129	Picture	PW	10418656	0	1	43100	2	0	43200
S012_MINIONCE_3940	129	Pulse	99	10428574	9918	NA
S012_MINIONCE_3940	129	Port Input	1	10428574	9918	NA
S012_MINIONCE_3940	129	Response	52	10437686	19030	1
S012_MINIONCE_3940	129	Picture	123_T_PWTRIAD_PW_martillo_red.png	10461756	43100	1	1900	2	43200	1800
S012_MINIONCE_3940	130	Picture	PW	10463856	0	1	43199	3	0	43200
S012_MINIONCE_3940	130	Pulse	99	10464575	719	NA
S012_MINIONCE_3940	130	Port Input	1	10464575	719	NA
S012_MINIONCE_3940	130	Response	52	10486402	22546	2
S012_MINIONCE_3940	130	Pulse	99	10500576	36720	NA
S012_MINIONCE_3940	130	Port Input	1	10500576	36720	NA
S012_MINIONCE_3940	130	Picture	124_T_PWTRIAD_PW_paraguas_red.png	10507055	43199	2	1901	3	43200	1800
S012_MINIONCE_3940	131	Picture	PW	10509156	0	1	43199	3	0	43200
S012_MINIONCE_3940	131	Response	51	10530145	20989	1
S012_MINIONCE_3940	131	Pulse	99	10536577	27421	NA
S012_MINIONCE_3940	131	Port Input	1	10536577	27421	NA
S012_MINIONCE_3940	131	Picture	125_T_PWTRIAD_PW_teclado_red.png	10552355	43199	2	1900	4	43200	1800
S012_MINIONCE_3940	132	Picture	PW	10554754	0	3	43201	4	0	43200
S012_MINIONCE_3940	132	Response	52	10572329	17575	1
S012_MINIONCE_3940	132	Pulse	99	10572578	17824	NA
S012_MINIONCE_3940	132	Port Input	1	10572578	17824	NA
S012_MINIONCE_3940	132	Picture	126_T_PWTRIAD_PW_ascensor_red.png	10597955	43201	1	1900	2	43200	1800
S012_MINIONCE_3940	133	Picture	PW	10600055	0	1	43200	2	0	43200
S012_MINIONCE_3940	133	Pulse	99	10608579	8524	NA
S012_MINIONCE_3940	133	Port Input	1	10608579	8524	NA
S012_MINIONCE_3940	133	Response	52	10622261	22206	1
S012_MINIONCE_3940	133	Picture	127_T_PWTRIAD_PW_zanahoria_red.png	10643255	43200	1	1900	2	43200	1800
S012_MINIONCE_3940	133	Pulse	99	10644580	44525	NA
S012_MINIONCE_3940	133	Port Input	1	10644580	44525	NA
S012_MINIONCE_3940	134	Picture	PW	10645355	0	1	43200	2	0	43200
S012_MINIONCE_3940	134	Response	51	10662191	16836	1
S012_MINIONCE_3940	134	Pulse	99	10680581	35226	NA
S012_MINIONCE_3940	134	Port Input	1	10680581	35226	NA
S012_MINIONCE_3940	134	Picture	128_T_PWTRIAD_PW_silla_red.png	10688555	43200	1	1900	2	43200	1800
S012_MINIONCE_3940	135	Picture	PW	10690655	0	1	43200	2	0	43200
S012_MINIONCE_3940	135	Response	51	10705809	15154	1
S012_MINIONCE_3940	135	Pulse	99	10716582	25927	NA
S012_MINIONCE_3940	135	Port Input	1	10716582	25927	NA
S012_MINIONCE_3940	135	Picture	129_T_PWTRIAD_PW_madera_red.png	10733855	43200	1	1900	2	43200	1800
S012_MINIONCE_3940	136	Picture	PW	10735955	0	1	43200	2	0	43200
S012_MINIONCE_3940	136	Response	51	10750843	14888	1
S012_MINIONCE_3940	136	Pulse	99	10752583	16628	NA
S012_MINIONCE_3940	136	Port Input	1	10752583	16628	NA
S012_MINIONCE_3940	136	Picture	130_T_PWTRIAD_PW_novia_red.png	10779155	43200	1	1899	3	43200	1800
S012_MINIONCE_3940	137	Picture	rest	10781154	0	2	144100	3	0	144000
S012_MINIONCE_3940	137	Pulse	99	10788584	7430	NA
S012_MINIONCE_3940	137	Port Input	1	10788584	7430	NA
S012_MINIONCE_3940	137	Pulse	99	10824585	43431	NA
S012_MINIONCE_3940	137	Port Input	1	10824585	43431	NA
S012_MINIONCE_3940	137	Pulse	99	10860586	79432	NA
S012_MINIONCE_3940	137	Port Input	1	10860586	79432	NA
S012_MINIONCE_3940	137	Pulse	99	10896587	115433	NA
S012_MINIONCE_3940	137	Port Input	1	10896587	115433	NA
S012_MINIONCE_3940	138	Picture	endrest	10925354	0	1	10100	2	0	10000
S012_MINIONCE_3940	138	Pulse	99	10932588	7234	NA
S012_MINIONCE_3940	138	Port Input	1	10932588	7234	NA
S012_MINIONCE_3940	139	Picture	RW	10935854	0	1	43200	2	0	43200
S012_MINIONCE_3940	139	Response	51	10951009	15155	1
S012_MINIONCE_3940	139	Pulse	99	10968589	32735	NA
S012_MINIONCE_3940	139	Port Input	1	10968589	32735	NA
S012_MINIONCE_3940	139	Picture	133_T_RWTRIAD_RW_policia_red.png	10979054	43200	1	1900	2	43200	1800
S012_MINIONCE_3940	140	Picture	RW	10981154	0	1	43199	3	0	43200
S012_MINIONCE_3940	140	Response	52	10994628	13474	1
S012_MINIONCE_3940	140	Pulse	99	11004590	23436	NA
S012_MINIONCE_3940	140	Port Input	1	11004590	23436	NA
S012_MINIONCE_3940	140	Picture	134_T_RWTRIAD_RW_plato_red.png	11024353	43199	2	1900	4	43200	1800
S012_MINIONCE_3940	141	Picture	RW	11026453	0	2	43200	3	0	43200
S012_MINIONCE_3940	141	Response	51	11038985	12532	1
S012_MINIONCE_3940	141	Pulse	99	11040591	14138	NA
S012_MINIONCE_3940	141	Port Input	1	11040591	14138	NA
S012_MINIONCE_3940	141	Picture	135_T_RWTRIAD_RW_zanahoria_red.png	11069653	43200	1	1900	2	43200	1800
S012_MINIONCE_3940	142	Picture	RW	11071753	0	1	43200	2	0	43200
S012_MINIONCE_3940	142	Pulse	99	11076593	4840	NA
S012_MINIONCE_3940	142	Port Input	1	11076593	4840	NA
S012_MINIONCE_3940	142	Response	51	11089887	18134	1
S012_MINIONCE_3940	142	Pulse	99	11112594	40841	NA
S012_MINIONCE_3940	142	Port Input	1	11112594	40841	NA
S012_MINIONCE_3940	142	Picture	136_T_RWTRIAD_RW_pizarra_red.png	11114953	43200	1	1900	2	43200	1800
S012_MINIONCE_3940	143	Picture	rest	11116953	0	1	144099	3	0	144000
S012_MINIONCE_3940	143	Pulse	99	11148595	31642	NA
S012_MINIONCE_3940	143	Port Input	1	11148595	31642	NA
S012_MINIONCE_3940	144	Picture	endrest	11261152	0	2	10100	3	0	10000
S012_MINIONCE_3940	145	Picture	endrest	11271352	0	2	10100	3	0	10000
S012_MINIONCE_3940	146	Picture	endrest	11281552	0	1	10100	2	0	10000
S012_MINIONCE_3940	147	Picture	endrest	11291752	0	1	10100	2	0	10000
