Scenario - vOT_Triads_fMRI_I
Logfile written - 09/18/2015 13:36:36

Subject	Trial	Event Type	Code	Time	TTime	Uncertainty	Duration	Uncertainty	ReqTime	ReqDur

S013_DAY1_MINITWICE_4682	1	Response	98	1430065	1439966	1
S013_DAY1_MINITWICE_4682	2	Response	52	1462017	31829	1
S013_DAY1_MINITWICE_4682	2	Response	98	1473074	42886	1
S013_DAY1_MINITWICE_4682	3	Response	51	1508501	35313	1
S013_DAY1_MINITWICE_4682	3	Response	98	1512605	39417	1
S013_DAY1_MINITWICE_4682	4	Response	52	1543454	30766	1
S013_DAY1_MINITWICE_4682	4	Response	98	1557410	44722	2
S013_DAY1_MINITWICE_4682	6	Pulse	99	1780659	223071	NA
S013_DAY1_MINITWICE_4682	6	Port Input	1	1780659	223071	NA
S013_DAY1_MINITWICE_4682	6	Pulse	99	1816660	259072	NA
S013_DAY1_MINITWICE_4682	6	Port Input	1	1816660	259072	NA
S013_DAY1_MINITWICE_4682	6	Pulse	99	1852661	295073	NA
S013_DAY1_MINITWICE_4682	6	Port Input	1	1852661	295073	NA
S013_DAY1_MINITWICE_4682	6	Pulse	99	1888662	331074	NA
S013_DAY1_MINITWICE_4682	6	Port Input	1	1888662	331074	NA
S013_DAY1_MINITWICE_4682	6	Pulse	99	1924663	367075	NA
S013_DAY1_MINITWICE_4682	6	Port Input	1	1924663	367075	NA
S013_DAY1_MINITWICE_4682	7	Picture	rest	1924885	0	1	144099	2	0	144000
S013_DAY1_MINITWICE_4682	7	Pulse	99	1960664	35779	NA
S013_DAY1_MINITWICE_4682	7	Port Input	1	1960664	35779	NA
S013_DAY1_MINITWICE_4682	7	Pulse	99	1996665	71780	NA
S013_DAY1_MINITWICE_4682	7	Port Input	1	1996665	71780	NA
S013_DAY1_MINITWICE_4682	7	Pulse	99	2032666	107781	NA
S013_DAY1_MINITWICE_4682	7	Port Input	1	2032666	107781	NA
S013_DAY1_MINITWICE_4682	7	Pulse	99	2068667	143782	NA
S013_DAY1_MINITWICE_4682	7	Port Input	1	2068667	143782	NA
S013_DAY1_MINITWICE_4682	8	Picture	endrest	2069084	0	1	10100	2	0	10000
S013_DAY1_MINITWICE_4682	9	Picture	PW	2079384	0	1	43199	3	0	43200
S013_DAY1_MINITWICE_4682	9	Pulse	99	2104668	25284	NA
S013_DAY1_MINITWICE_4682	9	Port Input	1	2104668	25284	NA
S013_DAY1_MINITWICE_4682	9	Response	52	2105775	26391	1
S013_DAY1_MINITWICE_4682	9	Picture	3_T_PWTRIAD_PW_sobre_red.png	2122583	43199	2	1900	4	43200	1800
S013_DAY1_MINITWICE_4682	10	Picture	PW	2124683	0	2	43200	3	0	43200
S013_DAY1_MINITWICE_4682	10	Pulse	99	2140668	15985	NA
S013_DAY1_MINITWICE_4682	10	Port Input	1	2140668	15985	NA
S013_DAY1_MINITWICE_4682	10	Response	51	2149917	25234	1
S013_DAY1_MINITWICE_4682	10	Picture	4_T_PWTRIAD_PW_tijera_red.png	2167883	43200	1	1900	2	43200	1800
S013_DAY1_MINITWICE_4682	11	Picture	PW	2170183	0	1	43100	2	0	43200
S013_DAY1_MINITWICE_4682	11	Pulse	99	2176669	6486	NA
S013_DAY1_MINITWICE_4682	11	Port Input	1	2176669	6486	NA
S013_DAY1_MINITWICE_4682	11	Response	52	2196212	26029	1
S013_DAY1_MINITWICE_4682	11	Pulse	99	2212670	42487	NA
S013_DAY1_MINITWICE_4682	11	Port Input	1	2212670	42487	NA
S013_DAY1_MINITWICE_4682	11	Picture	5_T_PWTRIAD_PW_cerillas_red.png	2213283	43100	1	1900	2	43200	1800
S013_DAY1_MINITWICE_4682	12	Picture	PW	2215583	0	1	43099	3	0	43200
S013_DAY1_MINITWICE_4682	12	Response	51	2244138	28555	1
S013_DAY1_MINITWICE_4682	12	Pulse	99	2248671	33088	NA
S013_DAY1_MINITWICE_4682	12	Port Input	1	2248671	33088	NA
S013_DAY1_MINITWICE_4682	12	Picture	6_T_PWTRIAD_PW_arbol_red.png	2258682	43099	2	1900	4	43200	1800
S013_DAY1_MINITWICE_4682	13	Picture	FF	2260882	0	2	43200	3	0	43200
S013_DAY1_MINITWICE_4682	13	Response	52	2276269	15387	1
S013_DAY1_MINITWICE_4682	13	Pulse	99	2284672	23790	NA
S013_DAY1_MINITWICE_4682	13	Port Input	1	2284672	23790	NA
S013_DAY1_MINITWICE_4682	13	Picture	7_T_FFTRIAD_FF_pizarra_red.png	2304082	43200	1	1900	2	43200	1800
S013_DAY1_MINITWICE_4682	14	Picture	FF	2306382	0	1	43100	2	0	43200
S013_DAY1_MINITWICE_4682	14	Response	52	2315658	9276	1
S013_DAY1_MINITWICE_4682	14	Pulse	99	2320673	14291	NA
S013_DAY1_MINITWICE_4682	14	Port Input	1	2320673	14291	NA
S013_DAY1_MINITWICE_4682	14	Picture	8_T_FFTRIAD_FF_cinturon_red.png	2349482	43100	1	1900	2	43200	1800
S013_DAY1_MINITWICE_4682	15	Picture	FF	2351782	0	1	43099	3	0	43200
S013_DAY1_MINITWICE_4682	15	Pulse	99	2356674	4892	NA
S013_DAY1_MINITWICE_4682	15	Port Input	1	2356674	4892	NA
S013_DAY1_MINITWICE_4682	15	Response	52	2370514	18732	1
S013_DAY1_MINITWICE_4682	15	Pulse	99	2392675	40893	NA
S013_DAY1_MINITWICE_4682	15	Port Input	1	2392675	40893	NA
S013_DAY1_MINITWICE_4682	15	Picture	9_T_FFTRIAD_FF_banera_red.png	2394881	43099	2	1900	4	43200	1800
S013_DAY1_MINITWICE_4682	16	Picture	FF	2397281	0	2	43100	3	0	43200
S013_DAY1_MINITWICE_4682	16	Response	52	2416791	19510	1
S013_DAY1_MINITWICE_4682	16	Pulse	99	2428676	31395	NA
S013_DAY1_MINITWICE_4682	16	Port Input	1	2428676	31395	NA
S013_DAY1_MINITWICE_4682	16	Picture	10_T_FFTRIAD_FF_monja_red.png	2440381	43100	1	1900	2	43200	1800
S013_DAY1_MINITWICE_4682	17	Picture	rest	2442381	0	1	144099	2	0	144000
S013_DAY1_MINITWICE_4682	17	Pulse	99	2464677	22296	NA
S013_DAY1_MINITWICE_4682	17	Port Input	1	2464677	22296	NA
S013_DAY1_MINITWICE_4682	17	Pulse	99	2500678	58297	NA
S013_DAY1_MINITWICE_4682	17	Port Input	1	2500678	58297	NA
S013_DAY1_MINITWICE_4682	17	Pulse	99	2536679	94298	NA
S013_DAY1_MINITWICE_4682	17	Port Input	1	2536679	94298	NA
S013_DAY1_MINITWICE_4682	17	Pulse	99	2572680	130299	NA
S013_DAY1_MINITWICE_4682	17	Port Input	1	2572680	130299	NA
S013_DAY1_MINITWICE_4682	18	Picture	endrest	2586580	0	1	10100	2	0	10000
S013_DAY1_MINITWICE_4682	19	Picture	PW	2597080	0	1	43100	2	0	43200
S013_DAY1_MINITWICE_4682	19	Pulse	99	2608681	11601	NA
S013_DAY1_MINITWICE_4682	19	Port Input	1	2608681	11601	NA
S013_DAY1_MINITWICE_4682	19	Response	52	2622573	25493	1
S013_DAY1_MINITWICE_4682	19	Picture	13_T_PWTRIAD_PW_madera_red.png	2640180	43100	1	1900	2	43200	1800
S013_DAY1_MINITWICE_4682	20	Picture	PW	2642480	0	1	43199	2	0	43200
S013_DAY1_MINITWICE_4682	20	Pulse	99	2644681	2201	NA
S013_DAY1_MINITWICE_4682	20	Port Input	1	2644681	2201	NA
S013_DAY1_MINITWICE_4682	20	Response	51	2676017	33537	1
S013_DAY1_MINITWICE_4682	20	Pulse	99	2680682	38202	NA
S013_DAY1_MINITWICE_4682	20	Port Input	1	2680682	38202	NA
S013_DAY1_MINITWICE_4682	20	Picture	14_T_PWTRIAD_PW_bebe_red.png	2685679	43199	1	1900	2	43200	1800
S013_DAY1_MINITWICE_4682	21	Picture	PW	2687979	0	1	43100	2	0	43200
S013_DAY1_MINITWICE_4682	21	Response	52	2712890	24911	1
S013_DAY1_MINITWICE_4682	21	Pulse	99	2716683	28704	NA
S013_DAY1_MINITWICE_4682	21	Port Input	1	2716683	28704	NA
S013_DAY1_MINITWICE_4682	21	Picture	15_T_PWTRIAD_PW_pizarra_red.png	2731079	43100	1	1900	2	43200	1800
S013_DAY1_MINITWICE_4682	22	Picture	PW	2733179	0	1	43200	2	0	43200
S013_DAY1_MINITWICE_4682	22	Pulse	99	2752684	19505	NA
S013_DAY1_MINITWICE_4682	22	Port Input	1	2752684	19505	NA
S013_DAY1_MINITWICE_4682	22	Response	52	2759042	25863	1
S013_DAY1_MINITWICE_4682	22	Picture	16_T_PWTRIAD_PW_paraguas_red.png	2776379	43200	1	1900	2	43200	1800
S013_DAY1_MINITWICE_4682	23	Picture	FF	2778679	0	1	43099	2	0	43200
S013_DAY1_MINITWICE_4682	23	Pulse	99	2788685	10006	NA
S013_DAY1_MINITWICE_4682	23	Port Input	1	2788685	10006	NA
S013_DAY1_MINITWICE_4682	23	Response	51	2794584	15905	2
S013_DAY1_MINITWICE_4682	23	Picture	17_T_FFTRIAD_FF_oruga_red.png	2821778	43099	1	1900	2	43200	1800
S013_DAY1_MINITWICE_4682	24	Picture	FF	2824078	0	1	43100	2	0	43200
S013_DAY1_MINITWICE_4682	24	Pulse	99	2824686	608	NA
S013_DAY1_MINITWICE_4682	24	Port Input	1	2824686	608	NA
S013_DAY1_MINITWICE_4682	24	Response	51	2834902	10824	1
S013_DAY1_MINITWICE_4682	24	Pulse	99	2860687	36609	NA
S013_DAY1_MINITWICE_4682	24	Port Input	1	2860687	36609	NA
S013_DAY1_MINITWICE_4682	24	Picture	18_T_FFTRIAD_FF_arbol_red.png	2867178	43100	1	1900	2	43200	1800
S013_DAY1_MINITWICE_4682	25	Picture	FF	2869378	0	1	43200	2	0	43200
S013_DAY1_MINITWICE_4682	25	Response	51	2878842	9464	1
S013_DAY1_MINITWICE_4682	25	Pulse	99	2896688	27310	NA
S013_DAY1_MINITWICE_4682	25	Port Input	1	2896688	27310	NA
S013_DAY1_MINITWICE_4682	25	Picture	19_T_FFTRIAD_FF_agua_red.png	2912578	43200	1	1900	2	43200	1800
S013_DAY1_MINITWICE_4682	26	Picture	FF	2914678	0	1	43199	2	0	43200
S013_DAY1_MINITWICE_4682	26	Response	51	2928304	13626	1
S013_DAY1_MINITWICE_4682	26	Pulse	99	2932689	18011	NA
S013_DAY1_MINITWICE_4682	26	Port Input	1	2932689	18011	NA
S013_DAY1_MINITWICE_4682	26	Picture	20_T_FFTRIAD_FF_botella_red.png	2957877	43199	1	1900	2	43200	1800
S013_DAY1_MINITWICE_4682	27	Picture	rest	2959877	0	1	144099	2	0	144000
S013_DAY1_MINITWICE_4682	27	Pulse	99	2968690	8813	NA
S013_DAY1_MINITWICE_4682	27	Port Input	1	2968690	8813	NA
S013_DAY1_MINITWICE_4682	27	Pulse	99	3004691	44814	NA
S013_DAY1_MINITWICE_4682	27	Port Input	1	3004691	44814	NA
S013_DAY1_MINITWICE_4682	27	Pulse	99	3040692	80815	NA
S013_DAY1_MINITWICE_4682	27	Port Input	1	3040692	80815	NA
S013_DAY1_MINITWICE_4682	27	Pulse	99	3076693	116816	NA
S013_DAY1_MINITWICE_4682	27	Port Input	1	3076693	116816	NA
S013_DAY1_MINITWICE_4682	28	Picture	endrest	3104076	0	1	10100	2	0	10000
S013_DAY1_MINITWICE_4682	28	Pulse	99	3112694	8618	NA
S013_DAY1_MINITWICE_4682	28	Port Input	1	3112694	8618	NA
S013_DAY1_MINITWICE_4682	29	Picture	RW	3114376	0	1	43200	2	0	43200
S013_DAY1_MINITWICE_4682	29	Response	52	3130360	15984	1
S013_DAY1_MINITWICE_4682	29	Pulse	99	3148695	34319	NA
S013_DAY1_MINITWICE_4682	29	Port Input	1	3148695	34319	NA
S013_DAY1_MINITWICE_4682	29	Picture	23_T_RWTRIAD_RW_leche_red.png	3157576	43200	1	1900	2	43200	1800
S013_DAY1_MINITWICE_4682	30	Picture	RW	3159676	0	1	43199	3	0	43200
S013_DAY1_MINITWICE_4682	30	Pulse	99	3184695	25019	NA
S013_DAY1_MINITWICE_4682	30	Port Input	1	3184695	25019	NA
S013_DAY1_MINITWICE_4682	30	Response	51	3186867	27191	1
S013_DAY1_MINITWICE_4682	30	Picture	24_T_RWTRIAD_RW_cerillas_red.png	3202875	43199	2	1900	4	43200	1800
S013_DAY1_MINITWICE_4682	31	Picture	RW	3205175	0	2	43100	3	0	43200
S013_DAY1_MINITWICE_4682	31	Pulse	99	3220696	15521	NA
S013_DAY1_MINITWICE_4682	31	Port Input	1	3220696	15521	NA
S013_DAY1_MINITWICE_4682	31	Response	52	3220723	15548	1
S013_DAY1_MINITWICE_4682	31	Picture	25_T_RWTRIAD_RW_bebe_red.png	3248275	43100	1	1900	2	43200	1800
S013_DAY1_MINITWICE_4682	32	Picture	RW	3250375	0	1	43200	2	0	43200
S013_DAY1_MINITWICE_4682	32	Pulse	99	3256697	6322	NA
S013_DAY1_MINITWICE_4682	32	Port Input	1	3256697	6322	NA
S013_DAY1_MINITWICE_4682	32	Response	52	3266867	16492	1
S013_DAY1_MINITWICE_4682	32	Pulse	99	3292698	42323	NA
S013_DAY1_MINITWICE_4682	32	Port Input	1	3292698	42323	NA
S013_DAY1_MINITWICE_4682	32	Picture	26_T_RWTRIAD_RW_plato_red.png	3293575	43200	1	1900	2	43200	1800
S013_DAY1_MINITWICE_4682	33	Picture	PW	3295675	0	1	43169	42	0	43200
S013_DAY1_MINITWICE_4682	33	Response	52	3323505	27830	1
S013_DAY1_MINITWICE_4682	33	Pulse	99	3328699	33024	NA
S013_DAY1_MINITWICE_4682	33	Port Input	1	3328699	33024	NA
S013_DAY1_MINITWICE_4682	33	Picture	27_T_PWTRIAD_PW_martillo_red.png	3338844	43169	41	1830	43	43200	1800
S013_DAY1_MINITWICE_4682	34	Picture	PW	3340874	0	2	43200	3	0	43200
S013_DAY1_MINITWICE_4682	34	Pulse	99	3364700	23826	NA
S013_DAY1_MINITWICE_4682	34	Port Input	1	3364700	23826	NA
S013_DAY1_MINITWICE_4682	34	Response	52	3366605	25731	1
S013_DAY1_MINITWICE_4682	34	Picture	28_T_PWTRIAD_PW_pilas_red.png	3384074	43200	1	1900	2	43200	1800
S013_DAY1_MINITWICE_4682	35	Picture	PW	3386174	0	1	43200	2	0	43200
S013_DAY1_MINITWICE_4682	35	Pulse	99	3400701	14527	NA
S013_DAY1_MINITWICE_4682	35	Port Input	1	3400701	14527	NA
S013_DAY1_MINITWICE_4682	35	Response	52	3421442	35268	1
S013_DAY1_MINITWICE_4682	35	Picture	29_T_PWTRIAD_PW_iglu_red.png	3429374	43200	1	1900	2	43200	1800
S013_DAY1_MINITWICE_4682	36	Picture	PW	3431674	0	1	43099	3	0	43200
S013_DAY1_MINITWICE_4682	36	Pulse	99	3436702	5028	NA
S013_DAY1_MINITWICE_4682	36	Port Input	1	3436702	5028	NA
S013_DAY1_MINITWICE_4682	36	Response	51	3452880	21206	1
S013_DAY1_MINITWICE_4682	36	Pulse	99	3472703	41029	NA
S013_DAY1_MINITWICE_4682	36	Port Input	1	3472703	41029	NA
S013_DAY1_MINITWICE_4682	36	Picture	30_T_PWTRIAD_PW_cortina_red.png	3474773	43099	2	1900	4	43200	1800
S013_DAY1_MINITWICE_4682	37	Picture	rest	3476773	0	2	144099	3	0	144000
S013_DAY1_MINITWICE_4682	37	Pulse	99	3508704	31931	NA
S013_DAY1_MINITWICE_4682	37	Port Input	1	3508704	31931	NA
S013_DAY1_MINITWICE_4682	37	Pulse	99	3544705	67932	NA
S013_DAY1_MINITWICE_4682	37	Port Input	1	3544705	67932	NA
S013_DAY1_MINITWICE_4682	37	Pulse	99	3580706	103933	NA
S013_DAY1_MINITWICE_4682	37	Port Input	1	3580706	103933	NA
S013_DAY1_MINITWICE_4682	37	Pulse	99	3616707	139934	NA
S013_DAY1_MINITWICE_4682	37	Port Input	1	3616707	139934	NA
S013_DAY1_MINITWICE_4682	38	Picture	endrest	3620972	0	2	10100	3	0	10000
S013_DAY1_MINITWICE_4682	39	Picture	FF	3631372	0	1	43200	2	0	43200
S013_DAY1_MINITWICE_4682	39	Response	51	3643976	12604	1
S013_DAY1_MINITWICE_4682	39	Pulse	99	3652708	21336	NA
S013_DAY1_MINITWICE_4682	39	Port Input	1	3652708	21336	NA
S013_DAY1_MINITWICE_4682	39	Picture	33_T_FFTRIAD_FF_zanahoria_red.png	3674572	43200	1	1900	2	43200	1800
S013_DAY1_MINITWICE_4682	40	Picture	FF	3676872	0	1	43200	2	0	43200
S013_DAY1_MINITWICE_4682	40	Pulse	99	3688709	11837	NA
S013_DAY1_MINITWICE_4682	40	Port Input	1	3688709	11837	NA
S013_DAY1_MINITWICE_4682	40	Response	52	3694425	17553	1
S013_DAY1_MINITWICE_4682	40	Picture	34_T_FFTRIAD_FF_manos_red.png	3720072	43200	1	1900	2	43200	1800
S013_DAY1_MINITWICE_4682	41	Picture	FF	3722372	0	1	43099	2	0	43200
S013_DAY1_MINITWICE_4682	41	Pulse	99	3724709	2337	NA
S013_DAY1_MINITWICE_4682	41	Port Input	1	3724709	2337	NA
S013_DAY1_MINITWICE_4682	41	Response	52	3738339	15967	2
S013_DAY1_MINITWICE_4682	41	Pulse	99	3760710	38338	NA
S013_DAY1_MINITWICE_4682	41	Port Input	1	3760710	38338	NA
S013_DAY1_MINITWICE_4682	41	Picture	35_T_FFTRIAD_FF_sobre_red.png	3765471	43099	1	1900	2	43200	1800
S013_DAY1_MINITWICE_4682	42	Picture	FF	3767571	0	1	43200	2	0	43200
S013_DAY1_MINITWICE_4682	42	Response	52	3792306	24735	1
S013_DAY1_MINITWICE_4682	42	Pulse	99	3796711	29140	NA
S013_DAY1_MINITWICE_4682	42	Port Input	1	3796711	29140	NA
S013_DAY1_MINITWICE_4682	42	Picture	36_T_FFTRIAD_FF_grifo_red.png	3810771	43200	1	1900	2	43200	1800
S013_DAY1_MINITWICE_4682	43	Picture	RW	3812871	0	1	43200	2	0	43200
S013_DAY1_MINITWICE_4682	43	Pulse	99	3832712	19841	NA
S013_DAY1_MINITWICE_4682	43	Port Input	1	3832712	19841	NA
S013_DAY1_MINITWICE_4682	43	Response	52	3835584	22713	1
S013_DAY1_MINITWICE_4682	43	Picture	37_T_RWTRIAD_RW_cinturon_red.png	3856071	43200	1	1900	2	43200	1800
S013_DAY1_MINITWICE_4682	44	Picture	RW	3858171	0	1	43199	2	0	43200
S013_DAY1_MINITWICE_4682	44	Pulse	99	3868713	10542	NA
S013_DAY1_MINITWICE_4682	44	Port Input	1	3868713	10542	NA
S013_DAY1_MINITWICE_4682	44	Response	51	3875608	17437	2
S013_DAY1_MINITWICE_4682	44	Picture	38_T_RWTRIAD_RW_iglu_red.png	3901370	43199	1	1900	2	43200	1800
S013_DAY1_MINITWICE_4682	45	Picture	RW	3903470	0	1	43200	2	0	43200
S013_DAY1_MINITWICE_4682	45	Pulse	99	3904714	1244	NA
S013_DAY1_MINITWICE_4682	45	Port Input	1	3904714	1244	NA
S013_DAY1_MINITWICE_4682	45	Response	51	3920617	17147	1
S013_DAY1_MINITWICE_4682	45	Pulse	99	3940715	37245	NA
S013_DAY1_MINITWICE_4682	45	Port Input	1	3940715	37245	NA
S013_DAY1_MINITWICE_4682	45	Picture	39_T_RWTRIAD_RW_teclado_red.png	3946670	43200	1	1900	2	43200	1800
S013_DAY1_MINITWICE_4682	46	Picture	RW	3948970	0	1	43200	2	0	43200
S013_DAY1_MINITWICE_4682	46	Response	51	3962886	13916	1
S013_DAY1_MINITWICE_4682	46	Pulse	99	3976716	27746	NA
S013_DAY1_MINITWICE_4682	46	Port Input	1	3976716	27746	NA
S013_DAY1_MINITWICE_4682	46	Picture	40_T_RWTRIAD_RW_grifo_red.png	3992170	43200	1	1900	2	43200	1800
S013_DAY1_MINITWICE_4682	47	Picture	rest	3994170	0	1	144098	3	0	144000
S013_DAY1_MINITWICE_4682	47	Pulse	99	4012717	18547	NA
S013_DAY1_MINITWICE_4682	47	Port Input	1	4012717	18547	NA
S013_DAY1_MINITWICE_4682	47	Pulse	99	4048718	54548	NA
S013_DAY1_MINITWICE_4682	47	Port Input	1	4048718	54548	NA
S013_DAY1_MINITWICE_4682	47	Pulse	99	4084719	90549	NA
S013_DAY1_MINITWICE_4682	47	Port Input	1	4084719	90549	NA
S013_DAY1_MINITWICE_4682	47	Pulse	99	4120720	126550	NA
S013_DAY1_MINITWICE_4682	47	Port Input	1	4120720	126550	NA
S013_DAY1_MINITWICE_4682	48	Picture	endrest	4138368	0	2	10100	4	0	10000
S013_DAY1_MINITWICE_4682	49	Picture	FF	4148968	0	2	43200	3	0	43200
S013_DAY1_MINITWICE_4682	49	Pulse	99	4156721	7753	NA
S013_DAY1_MINITWICE_4682	49	Port Input	1	4156721	7753	NA
S013_DAY1_MINITWICE_4682	49	Response	52	4169089	20121	1
S013_DAY1_MINITWICE_4682	49	Picture	43_T_FFTRIAD_FF_pluma_red.png	4192168	43200	1	1900	2	43200	1800
S013_DAY1_MINITWICE_4682	49	Pulse	99	4192721	43753	NA
S013_DAY1_MINITWICE_4682	49	Port Input	1	4192721	43753	NA
S013_DAY1_MINITWICE_4682	50	Picture	FF	4194368	0	1	43200	2	0	43200
S013_DAY1_MINITWICE_4682	50	Response	51	4212895	18527	1
S013_DAY1_MINITWICE_4682	50	Pulse	99	4228722	34354	NA
S013_DAY1_MINITWICE_4682	50	Port Input	1	4228722	34354	NA
S013_DAY1_MINITWICE_4682	50	Picture	44_T_FFTRIAD_FF_silla_red.png	4237568	43200	1	1900	2	43200	1800
S013_DAY1_MINITWICE_4682	51	Picture	FF	4239968	0	1	43099	3	0	43200
S013_DAY1_MINITWICE_4682	51	Response	52	4251386	11418	1
S013_DAY1_MINITWICE_4682	51	Pulse	99	4264723	24755	NA
S013_DAY1_MINITWICE_4682	51	Port Input	1	4264723	24755	NA
S013_DAY1_MINITWICE_4682	51	Picture	45_T_FFTRIAD_FF_molino_red.png	4283067	43099	2	1900	4	43200	1800
S013_DAY1_MINITWICE_4682	52	Picture	FF	4285167	0	1	43200	2	0	43200
S013_DAY1_MINITWICE_4682	52	Response	51	4299702	14535	2
S013_DAY1_MINITWICE_4682	52	Pulse	99	4300724	15557	NA
S013_DAY1_MINITWICE_4682	52	Port Input	1	4300724	15557	NA
S013_DAY1_MINITWICE_4682	52	Picture	46_T_FFTRIAD_FF_madera_red.png	4328367	43200	1	1900	2	43200	1800
S013_DAY1_MINITWICE_4682	53	Picture	FF	4330567	0	1	43100	2	0	43200
S013_DAY1_MINITWICE_4682	53	Pulse	99	4336725	6158	NA
S013_DAY1_MINITWICE_4682	53	Port Input	1	4336725	6158	NA
S013_DAY1_MINITWICE_4682	53	Response	52	4343284	12717	1
S013_DAY1_MINITWICE_4682	53	Pulse	99	4372726	42159	NA
S013_DAY1_MINITWICE_4682	53	Port Input	1	4372726	42159	NA
S013_DAY1_MINITWICE_4682	53	Picture	47_T_FFTRIAD_FF_raton_red.png	4373667	43100	1	1900	2	43200	1800
S013_DAY1_MINITWICE_4682	54	Picture	FF	4375867	0	1	43199	2	0	43200
S013_DAY1_MINITWICE_4682	54	Response	51	4386371	10504	1
S013_DAY1_MINITWICE_4682	54	Pulse	99	4408727	32860	NA
S013_DAY1_MINITWICE_4682	54	Port Input	1	4408727	32860	NA
S013_DAY1_MINITWICE_4682	54	Picture	48_T_FFTRIAD_FF_leche_red.png	4419066	43199	1	1900	3	43200	1800
S013_DAY1_MINITWICE_4682	55	Picture	FF	4421166	0	1	43200	2	0	43200
S013_DAY1_MINITWICE_4682	55	Response	51	4431617	10451	1
S013_DAY1_MINITWICE_4682	55	Pulse	99	4444728	23562	NA
S013_DAY1_MINITWICE_4682	55	Port Input	1	4444728	23562	NA
S013_DAY1_MINITWICE_4682	55	Picture	49_T_FFTRIAD_FF_martillo_red.png	4464366	43200	1	1900	2	43200	1800
S013_DAY1_MINITWICE_4682	56	Picture	FF	4466466	0	1	43200	2	0	43200
S013_DAY1_MINITWICE_4682	56	Pulse	99	4480729	14263	NA
S013_DAY1_MINITWICE_4682	56	Port Input	1	4480729	14263	NA
S013_DAY1_MINITWICE_4682	56	Response	52	4486519	20053	41
S013_DAY1_MINITWICE_4682	56	Picture	50_T_FFTRIAD_FF_granjero_red.png	4509666	43200	1	1900	2	43200	1800
S013_DAY1_MINITWICE_4682	57	Picture	rest	4511666	0	1	144099	2	0	144000
S013_DAY1_MINITWICE_4682	57	Pulse	99	4516730	5064	NA
S013_DAY1_MINITWICE_4682	57	Port Input	1	4516730	5064	NA
S013_DAY1_MINITWICE_4682	57	Pulse	99	4552731	41065	NA
S013_DAY1_MINITWICE_4682	57	Port Input	1	4552731	41065	NA
S013_DAY1_MINITWICE_4682	57	Pulse	99	4588732	77066	NA
S013_DAY1_MINITWICE_4682	57	Port Input	1	4588732	77066	NA
S013_DAY1_MINITWICE_4682	57	Pulse	99	4624733	113067	NA
S013_DAY1_MINITWICE_4682	57	Port Input	1	4624733	113067	NA
S013_DAY1_MINITWICE_4682	58	Picture	endrest	4655865	0	1	10099	3	0	10000
S013_DAY1_MINITWICE_4682	58	Pulse	99	4660734	4869	NA
S013_DAY1_MINITWICE_4682	58	Port Input	1	4660734	4869	NA
S013_DAY1_MINITWICE_4682	59	Picture	FF	4666165	0	1	43199	2	0	43200
S013_DAY1_MINITWICE_4682	59	Response	52	4681943	15778	1
S013_DAY1_MINITWICE_4682	59	Pulse	99	4696734	30569	NA
S013_DAY1_MINITWICE_4682	59	Port Input	1	4696734	30569	NA
S013_DAY1_MINITWICE_4682	59	Picture	53_T_FFTRIAD_FF_huevos_red.png	4709364	43199	1	1900	2	43200	1800
S013_DAY1_MINITWICE_4682	60	Picture	FF	4711664	0	1	43100	2	0	43200
S013_DAY1_MINITWICE_4682	60	Pulse	99	4732735	21071	NA
S013_DAY1_MINITWICE_4682	60	Port Input	1	4732735	21071	NA
S013_DAY1_MINITWICE_4682	60	Response	51	4734629	22965	1
S013_DAY1_MINITWICE_4682	60	Picture	54_T_FFTRIAD_FF_paracaidas_red.png	4754764	43100	1	1900	2	43200	1800
S013_DAY1_MINITWICE_4682	61	Picture	FF	4756864	0	1	43200	2	0	43200
S013_DAY1_MINITWICE_4682	61	Pulse	99	4768736	11872	NA
S013_DAY1_MINITWICE_4682	61	Port Input	1	4768736	11872	NA
S013_DAY1_MINITWICE_4682	61	Response	51	4773869	17005	2
S013_DAY1_MINITWICE_4682	61	Picture	55_T_FFTRIAD_FF_policia_red.png	4800064	43200	1	1890	43	43200	1800
S013_DAY1_MINITWICE_4682	62	Picture	FF	4802263	0	2	43100	3	0	43200
S013_DAY1_MINITWICE_4682	62	Pulse	99	4804737	2474	NA
S013_DAY1_MINITWICE_4682	62	Port Input	1	4804737	2474	NA
S013_DAY1_MINITWICE_4682	62	Response	51	4821405	19142	1
S013_DAY1_MINITWICE_4682	62	Pulse	99	4840738	38475	NA
S013_DAY1_MINITWICE_4682	62	Port Input	1	4840738	38475	NA
S013_DAY1_MINITWICE_4682	62	Picture	56_T_FFTRIAD_FF_novia_red.png	4845363	43100	1	1900	2	43200	1800
S013_DAY1_MINITWICE_4682	63	Picture	RW	4847563	0	1	43200	2	0	43200
S013_DAY1_MINITWICE_4682	63	Response	52	4861099	13536	2
S013_DAY1_MINITWICE_4682	63	Pulse	99	4876739	29176	NA
S013_DAY1_MINITWICE_4682	63	Port Input	1	4876739	29176	NA
S013_DAY1_MINITWICE_4682	63	Picture	57_T_RWTRIAD_RW_esquimal_red.png	4890763	43200	1	1900	2	43200	1800
S013_DAY1_MINITWICE_4682	64	Picture	RW	4892863	0	1	43199	3	0	43200
S013_DAY1_MINITWICE_4682	64	Pulse	99	4912740	19877	NA
S013_DAY1_MINITWICE_4682	64	Port Input	1	4912740	19877	NA
S013_DAY1_MINITWICE_4682	64	Response	51	4918255	25392	1
S013_DAY1_MINITWICE_4682	64	Picture	58_T_RWTRIAD_RW_pilas_red.png	4936062	43199	2	1900	4	43200	1800
S013_DAY1_MINITWICE_4682	65	Picture	RW	4938162	0	2	43200	3	0	43200
S013_DAY1_MINITWICE_4682	65	Pulse	99	4948741	10579	NA
S013_DAY1_MINITWICE_4682	65	Port Input	1	4948741	10579	NA
S013_DAY1_MINITWICE_4682	65	Response	51	4952464	14302	1
S013_DAY1_MINITWICE_4682	65	Picture	59_T_RWTRIAD_RW_novia_red.png	4981362	43200	1	1900	2	43200	1800
S013_DAY1_MINITWICE_4682	66	Picture	RW	4983462	0	1	43200	2	0	43200
S013_DAY1_MINITWICE_4682	66	Pulse	99	4984742	1280	NA
S013_DAY1_MINITWICE_4682	66	Port Input	1	4984742	1280	NA
S013_DAY1_MINITWICE_4682	66	Response	52	5000053	16591	1
S013_DAY1_MINITWICE_4682	66	Pulse	99	5020743	37281	NA
S013_DAY1_MINITWICE_4682	66	Port Input	1	5020743	37281	NA
S013_DAY1_MINITWICE_4682	66	Picture	60_T_RWTRIAD_RW_martillo_red.png	5026662	43200	1	1900	2	43200	1800
S013_DAY1_MINITWICE_4682	67	Picture	rest	5028662	0	1	144099	2	0	144000
S013_DAY1_MINITWICE_4682	67	Pulse	99	5056744	28082	NA
S013_DAY1_MINITWICE_4682	67	Port Input	1	5056744	28082	NA
S013_DAY1_MINITWICE_4682	67	Pulse	99	5092745	64083	NA
S013_DAY1_MINITWICE_4682	67	Port Input	1	5092745	64083	NA
S013_DAY1_MINITWICE_4682	67	Pulse	99	5128746	100084	NA
S013_DAY1_MINITWICE_4682	67	Port Input	1	5128746	100084	NA
S013_DAY1_MINITWICE_4682	67	Pulse	99	5164747	136085	NA
S013_DAY1_MINITWICE_4682	67	Port Input	1	5164747	136085	NA
S013_DAY1_MINITWICE_4682	68	Picture	endrest	5172861	0	2	10100	3	0	10000
S013_DAY1_MINITWICE_4682	69	Picture	PW	5183361	0	1	43099	2	0	43200
S013_DAY1_MINITWICE_4682	69	Pulse	99	5200747	17386	NA
S013_DAY1_MINITWICE_4682	69	Port Input	1	5200747	17386	NA
S013_DAY1_MINITWICE_4682	69	Response	52	5213152	29791	2
S013_DAY1_MINITWICE_4682	69	Picture	63_T_PWTRIAD_PW_portatil_red.png	5226460	43099	1	1900	2	43200	1800
S013_DAY1_MINITWICE_4682	70	Picture	PW	5228560	0	1	43200	2	0	43200
S013_DAY1_MINITWICE_4682	70	Pulse	99	5236748	8188	NA
S013_DAY1_MINITWICE_4682	70	Port Input	1	5236748	8188	NA
S013_DAY1_MINITWICE_4682	70	Response	51	5256970	28410	1
S013_DAY1_MINITWICE_4682	70	Picture	64_T_PWTRIAD_PW_traje_red.png	5271760	43200	1	1881	42	43200	1800
S013_DAY1_MINITWICE_4682	70	Pulse	99	5272749	44189	NA
S013_DAY1_MINITWICE_4682	70	Port Input	1	5272749	44189	NA
S013_DAY1_MINITWICE_4682	71	Picture	PW	5273860	0	1	43200	2	0	43200
S013_DAY1_MINITWICE_4682	71	Response	51	5292637	18777	1
S013_DAY1_MINITWICE_4682	71	Pulse	99	5308750	34890	NA
S013_DAY1_MINITWICE_4682	71	Port Input	1	5308750	34890	NA
S013_DAY1_MINITWICE_4682	71	Picture	65_T_PWTRIAD_PW_piramide_red.png	5317060	43200	1	1900	2	43200	1800
S013_DAY1_MINITWICE_4682	72	Picture	PW	5319360	0	1	43099	2	0	43200
S013_DAY1_MINITWICE_4682	72	Response	51	5341926	22566	1
S013_DAY1_MINITWICE_4682	72	Pulse	99	5344751	25391	NA
S013_DAY1_MINITWICE_4682	72	Port Input	1	5344751	25391	NA
S013_DAY1_MINITWICE_4682	72	Picture	66_T_PWTRIAD_PW_esquimal_red.png	5362459	43099	1	1900	2	43200	1800
S013_DAY1_MINITWICE_4682	73	Picture	PW	5364659	0	1	43200	2	0	43200
S013_DAY1_MINITWICE_4682	73	Pulse	99	5380752	16093	NA
S013_DAY1_MINITWICE_4682	73	Port Input	1	5380752	16093	NA
S013_DAY1_MINITWICE_4682	73	Response	51	5388471	23812	1
S013_DAY1_MINITWICE_4682	73	Picture	67_T_PWTRIAD_PW_llave_red.png	5407859	43200	1	1900	2	43200	1800
S013_DAY1_MINITWICE_4682	74	Picture	PW	5410159	0	1	43100	2	0	43200
S013_DAY1_MINITWICE_4682	74	Pulse	99	5416753	6594	NA
S013_DAY1_MINITWICE_4682	74	Port Input	1	5416753	6594	NA
S013_DAY1_MINITWICE_4682	74	Response	51	5431784	21625	1
S013_DAY1_MINITWICE_4682	74	Pulse	99	5452754	42595	NA
S013_DAY1_MINITWICE_4682	74	Port Input	1	5452754	42595	NA
S013_DAY1_MINITWICE_4682	74	Picture	68_T_PWTRIAD_PW_bala_red.png	5453259	43100	1	1900	2	43200	1800
S013_DAY1_MINITWICE_4682	75	Picture	PW	5455359	0	1	43199	2	0	43200
S013_DAY1_MINITWICE_4682	75	Response	52	5484378	29019	1
S013_DAY1_MINITWICE_4682	75	Pulse	99	5488755	33396	NA
S013_DAY1_MINITWICE_4682	75	Port Input	1	5488755	33396	NA
S013_DAY1_MINITWICE_4682	75	Picture	69_T_PWTRIAD_PW_raton_red.png	5498558	43199	1	1900	2	43200	1800
S013_DAY1_MINITWICE_4682	76	Picture	PW	5500858	0	1	43100	2	0	43200
S013_DAY1_MINITWICE_4682	76	Pulse	99	5524756	23898	NA
S013_DAY1_MINITWICE_4682	76	Port Input	1	5524756	23898	NA
S013_DAY1_MINITWICE_4682	76	Response	52	5530782	29924	2
S013_DAY1_MINITWICE_4682	76	Picture	70_T_PWTRIAD_PW_huevos_red.png	5543958	43100	1	1900	2	43200	1800
S013_DAY1_MINITWICE_4682	77	Picture	rest	5545958	0	1	144096	42	0	144000
S013_DAY1_MINITWICE_4682	77	Pulse	99	5560757	14799	NA
S013_DAY1_MINITWICE_4682	77	Port Input	1	5560757	14799	NA
S013_DAY1_MINITWICE_4682	77	Pulse	99	5596758	50800	NA
S013_DAY1_MINITWICE_4682	77	Port Input	1	5596758	50800	NA
S013_DAY1_MINITWICE_4682	77	Pulse	99	5632759	86801	NA
S013_DAY1_MINITWICE_4682	77	Port Input	1	5632759	86801	NA
S013_DAY1_MINITWICE_4682	77	Pulse	99	5668760	122802	NA
S013_DAY1_MINITWICE_4682	77	Port Input	1	5668760	122802	NA
S013_DAY1_MINITWICE_4682	78	Picture	endrest	5690157	0	1	10100	2	0	10000
S013_DAY1_MINITWICE_4682	79	Picture	PW	5700557	0	1	43199	3	0	43200
S013_DAY1_MINITWICE_4682	79	Pulse	99	5704760	4203	NA
S013_DAY1_MINITWICE_4682	79	Port Input	1	5704760	4203	NA
S013_DAY1_MINITWICE_4682	79	Response	51	5726316	25759	1
S013_DAY1_MINITWICE_4682	79	Pulse	99	5740761	40204	NA
S013_DAY1_MINITWICE_4682	79	Port Input	1	5740761	40204	NA
S013_DAY1_MINITWICE_4682	79	Picture	73_T_PWTRIAD_PW_pluma_red.png	5743756	43199	2	1885	44	43200	1800
S013_DAY1_MINITWICE_4682	80	Picture	PW	5745856	0	2	43200	4	0	43200
S013_DAY1_MINITWICE_4682	80	Pulse	99	5776762	30906	NA
S013_DAY1_MINITWICE_4682	80	Port Input	1	5776762	30906	NA
S013_DAY1_MINITWICE_4682	80	Response	52	5779948	34092	1
S013_DAY1_MINITWICE_4682	80	Picture	74_T_PWTRIAD_PW_bellota_red.png	5789056	43200	2	1900	3	43200	1800
S013_DAY1_MINITWICE_4682	81	Picture	PW	5791156	0	1	43200	2	0	43200
S013_DAY1_MINITWICE_4682	81	Pulse	99	5812763	21607	NA
S013_DAY1_MINITWICE_4682	81	Port Input	1	5812763	21607	NA
S013_DAY1_MINITWICE_4682	81	Response	52	5816082	24926	1
S013_DAY1_MINITWICE_4682	81	Picture	75_T_PWTRIAD_PW_cuento_red.png	5834356	43200	1	1900	2	43200	1800
S013_DAY1_MINITWICE_4682	82	Picture	PW	5836456	0	1	43199	3	0	43200
S013_DAY1_MINITWICE_4682	82	Pulse	99	5848764	12308	NA
S013_DAY1_MINITWICE_4682	82	Port Input	1	5848764	12308	NA
S013_DAY1_MINITWICE_4682	82	Response	51	5860761	24305	1
S013_DAY1_MINITWICE_4682	82	Picture	76_T_PWTRIAD_PW_telefono_red.png	5879655	43199	2	1900	4	43200	1800
S013_DAY1_MINITWICE_4682	83	Picture	FF	5881855	0	1	43200	2	0	43200
S013_DAY1_MINITWICE_4682	83	Pulse	99	5884765	2910	NA
S013_DAY1_MINITWICE_4682	83	Port Input	1	5884765	2910	NA
S013_DAY1_MINITWICE_4682	83	Response	51	5894781	12926	1
S013_DAY1_MINITWICE_4682	83	Pulse	99	5920766	38911	NA
S013_DAY1_MINITWICE_4682	83	Port Input	1	5920766	38911	NA
S013_DAY1_MINITWICE_4682	83	Picture	77_T_FFTRIAD_FF_arco_red.png	5925055	43200	1	1900	2	43200	1800
S013_DAY1_MINITWICE_4682	84	Picture	FF	5927355	0	1	43100	2	0	43200
S013_DAY1_MINITWICE_4682	84	Response	52	5943423	16068	1
S013_DAY1_MINITWICE_4682	84	Pulse	99	5956767	29412	NA
S013_DAY1_MINITWICE_4682	84	Port Input	1	5956767	29412	NA
S013_DAY1_MINITWICE_4682	84	Picture	78_T_FFTRIAD_FF_queso_red.png	5970455	43100	1	1900	2	43200	1800
S013_DAY1_MINITWICE_4682	85	Picture	FF	5972755	0	1	43099	2	0	43200
S013_DAY1_MINITWICE_4682	85	Response	52	5985198	12443	1
S013_DAY1_MINITWICE_4682	85	Pulse	99	5992768	20013	NA
S013_DAY1_MINITWICE_4682	85	Port Input	1	5992768	20013	NA
S013_DAY1_MINITWICE_4682	85	Picture	79_T_FFTRIAD_FF_pilas_red.png	6015854	43099	1	1900	2	43200	1800
S013_DAY1_MINITWICE_4682	86	Picture	FF	6017954	0	1	43200	2	0	43200
S013_DAY1_MINITWICE_4682	86	Pulse	99	6028769	10815	NA
S013_DAY1_MINITWICE_4682	86	Port Input	1	6028769	10815	NA
S013_DAY1_MINITWICE_4682	86	Response	51	6030991	13037	2
S013_DAY1_MINITWICE_4682	86	Picture	80_T_FFTRIAD_FF_piramide_red.png	6061154	43200	1	1900	2	43200	1800
S013_DAY1_MINITWICE_4682	87	Picture	rest	6063154	0	1	144099	3	0	144000
S013_DAY1_MINITWICE_4682	87	Pulse	99	6064770	1616	NA
S013_DAY1_MINITWICE_4682	87	Port Input	1	6064770	1616	NA
S013_DAY1_MINITWICE_4682	87	Pulse	99	6100771	37617	NA
S013_DAY1_MINITWICE_4682	87	Port Input	1	6100771	37617	NA
S013_DAY1_MINITWICE_4682	87	Pulse	99	6136772	73618	NA
S013_DAY1_MINITWICE_4682	87	Port Input	1	6136772	73618	NA
S013_DAY1_MINITWICE_4682	87	Pulse	99	6172773	109619	NA
S013_DAY1_MINITWICE_4682	87	Port Input	1	6172773	109619	NA
S013_DAY1_MINITWICE_4682	88	Picture	endrest	6207353	0	1	10100	2	0	10000
S013_DAY1_MINITWICE_4682	88	Pulse	99	6208773	1420	NA
S013_DAY1_MINITWICE_4682	88	Port Input	1	6208773	1420	NA
S013_DAY1_MINITWICE_4682	89	Picture	PW	6217853	0	1	43100	2	0	43200
S013_DAY1_MINITWICE_4682	89	Pulse	99	6244774	26921	NA
S013_DAY1_MINITWICE_4682	89	Port Input	1	6244774	26921	NA
S013_DAY1_MINITWICE_4682	89	Response	52	6248250	30397	1
S013_DAY1_MINITWICE_4682	89	Picture	83_T_PWTRIAD_PW_cinturon_red.png	6260953	43100	1	1899	3	43200	1800
S013_DAY1_MINITWICE_4682	90	Picture	PW	6263153	0	1	43099	2	0	43200
S013_DAY1_MINITWICE_4682	90	Pulse	99	6280775	17622	NA
S013_DAY1_MINITWICE_4682	90	Port Input	1	6280775	17622	NA
S013_DAY1_MINITWICE_4682	90	Response	51	6294630	31477	1
S013_DAY1_MINITWICE_4682	90	Picture	84_T_PWTRIAD_PW_murcielago_red.png	6306252	43099	1	1900	2	43200	1800
S013_DAY1_MINITWICE_4682	91	Picture	PW	6308352	0	1	43200	2	0	43200
S013_DAY1_MINITWICE_4682	91	Pulse	99	6316776	8424	NA
S013_DAY1_MINITWICE_4682	91	Port Input	1	6316776	8424	NA
S013_DAY1_MINITWICE_4682	91	Response	52	6347237	38885	1
S013_DAY1_MINITWICE_4682	91	Picture	85_T_PWTRIAD_PW_estetoscopio_red.png	6351552	43200	1	1900	2	43200	1800
S013_DAY1_MINITWICE_4682	91	Pulse	99	6352777	44425	NA
S013_DAY1_MINITWICE_4682	91	Port Input	1	6352777	44425	NA
S013_DAY1_MINITWICE_4682	92	Picture	PW	6353652	0	1	43199	3	0	43200
S013_DAY1_MINITWICE_4682	92	Response	51	6382702	29050	1
S013_DAY1_MINITWICE_4682	92	Pulse	99	6388778	35126	NA
S013_DAY1_MINITWICE_4682	92	Port Input	1	6388778	35126	NA
S013_DAY1_MINITWICE_4682	92	Picture	86_T_PWTRIAD_PW_sapo_red.png	6396851	43199	2	1900	4	43200	1800
S013_DAY1_MINITWICE_4682	93	Picture	PW	6398951	0	2	43200	3	0	43200
S013_DAY1_MINITWICE_4682	93	Pulse	99	6424779	25828	NA
S013_DAY1_MINITWICE_4682	93	Port Input	1	6424779	25828	NA
S013_DAY1_MINITWICE_4682	93	Picture	87_T_PWTRIAD_PW_pincel_red.png	6442151	43200	1	1900	2	43200	1800
S013_DAY1_MINITWICE_4682	94	Picture	PW	6444451	0	1	43200	2	0	43200
S013_DAY1_MINITWICE_4682	94	Response	51	6446943	2492	1
S013_DAY1_MINITWICE_4682	94	Pulse	99	6460780	16329	NA
S013_DAY1_MINITWICE_4682	94	Port Input	1	6460780	16329	NA
S013_DAY1_MINITWICE_4682	94	Response	52	6462083	17632	1
S013_DAY1_MINITWICE_4682	94	Picture	88_T_PWTRIAD_PW_lechuga_red.png	6487651	43200	1	1900	2	43200	1800
S013_DAY1_MINITWICE_4682	95	Picture	PW	6489751	0	1	43199	3	0	43200
S013_DAY1_MINITWICE_4682	95	Pulse	99	6496781	7030	NA
S013_DAY1_MINITWICE_4682	95	Port Input	1	6496781	7030	NA
S013_DAY1_MINITWICE_4682	95	Response	51	6518454	28703	1
S013_DAY1_MINITWICE_4682	95	Pulse	99	6532782	43031	NA
S013_DAY1_MINITWICE_4682	95	Port Input	1	6532782	43031	NA
S013_DAY1_MINITWICE_4682	95	Picture	89_T_PWTRIAD_PW_zanahoria_red.png	6532950	43199	2	1900	4	43200	1800
S013_DAY1_MINITWICE_4682	96	Picture	PW	6535150	0	2	43200	3	0	43200
S013_DAY1_MINITWICE_4682	96	Response	52	6561349	26199	1
S013_DAY1_MINITWICE_4682	96	Pulse	99	6568783	33633	NA
S013_DAY1_MINITWICE_4682	96	Port Input	1	6568783	33633	NA
S013_DAY1_MINITWICE_4682	96	Picture	90_T_PWTRIAD_PW_paracaidas_red.png	6578350	43200	1	1900	2	43200	1800
S013_DAY1_MINITWICE_4682	97	Picture	rest	6580350	0	1	144096	5	0	144000
S013_DAY1_MINITWICE_4682	97	Pulse	99	6604784	24434	NA
S013_DAY1_MINITWICE_4682	97	Port Input	1	6604784	24434	NA
S013_DAY1_MINITWICE_4682	97	Pulse	99	6640785	60435	NA
S013_DAY1_MINITWICE_4682	97	Port Input	1	6640785	60435	NA
S013_DAY1_MINITWICE_4682	97	Pulse	99	6676786	96436	NA
S013_DAY1_MINITWICE_4682	97	Port Input	1	6676786	96436	NA
S013_DAY1_MINITWICE_4682	97	Pulse	99	6712786	132436	NA
S013_DAY1_MINITWICE_4682	97	Port Input	1	6712786	132436	NA
S013_DAY1_MINITWICE_4682	98	Picture	endrest	6724549	0	1	10100	2	0	10000
S013_DAY1_MINITWICE_4682	99	Picture	FF	6734949	0	1	43200	2	0	43200
S013_DAY1_MINITWICE_4682	99	Response	51	6748128	13179	1
S013_DAY1_MINITWICE_4682	99	Pulse	99	6748787	13838	NA
S013_DAY1_MINITWICE_4682	99	Port Input	1	6748787	13838	NA
S013_DAY1_MINITWICE_4682	99	Picture	93_T_FFTRIAD_FF_ancla_red.png	6778149	43200	1	1900	2	43200	1800
S013_DAY1_MINITWICE_4682	100	Picture	FF	6780449	0	1	43099	2	0	43200
S013_DAY1_MINITWICE_4682	100	Pulse	99	6784788	4339	NA
S013_DAY1_MINITWICE_4682	100	Port Input	1	6784788	4339	NA
S013_DAY1_MINITWICE_4682	100	Response	52	6794887	14438	1
S013_DAY1_MINITWICE_4682	100	Pulse	99	6820789	40340	NA
S013_DAY1_MINITWICE_4682	100	Port Input	1	6820789	40340	NA
S013_DAY1_MINITWICE_4682	100	Picture	94_T_FFTRIAD_FF_chupete_red.png	6823548	43099	1	1900	2	43200	1800
S013_DAY1_MINITWICE_4682	101	Picture	FF	6825848	0	1	43200	2	0	43200
S013_DAY1_MINITWICE_4682	101	Response	51	6834557	8709	1
S013_DAY1_MINITWICE_4682	101	Pulse	99	6856790	30942	NA
S013_DAY1_MINITWICE_4682	101	Port Input	1	6856790	30942	NA
S013_DAY1_MINITWICE_4682	101	Picture	95_T_FFTRIAD_FF_teclado_red.png	6869048	43200	1	1900	2	43200	1800
S013_DAY1_MINITWICE_4682	102	Picture	FF	6871448	0	1	43100	2	0	43200
S013_DAY1_MINITWICE_4682	102	Response	51	6883613	12165	1
S013_DAY1_MINITWICE_4682	102	Pulse	99	6892791	21343	NA
S013_DAY1_MINITWICE_4682	102	Port Input	1	6892791	21343	NA
S013_DAY1_MINITWICE_4682	102	Picture	96_T_FFTRIAD_FF_tijera_red.png	6914548	43100	1	1894	45	43200	1800
S013_DAY1_MINITWICE_4682	103	Picture	FF	6916748	0	1	43199	2	0	43200
S013_DAY1_MINITWICE_4682	103	Pulse	99	6928792	12044	NA
S013_DAY1_MINITWICE_4682	103	Port Input	1	6928792	12044	NA
S013_DAY1_MINITWICE_4682	103	Response	52	6930132	13384	1
S013_DAY1_MINITWICE_4682	103	Picture	97_T_FFTRIAD_FF_plato_red.png	6959947	43199	1	1900	2	43200	1800
S013_DAY1_MINITWICE_4682	104	Picture	FF	6962247	0	1	43200	2	0	43200
S013_DAY1_MINITWICE_4682	104	Pulse	99	6964793	2546	NA
S013_DAY1_MINITWICE_4682	104	Port Input	1	6964793	2546	NA
S013_DAY1_MINITWICE_4682	104	Response	51	6976263	14016	1
S013_DAY1_MINITWICE_4682	104	Pulse	99	7000794	38547	NA
S013_DAY1_MINITWICE_4682	104	Port Input	1	7000794	38547	NA
S013_DAY1_MINITWICE_4682	104	Picture	98_T_FFTRIAD_FF_lechuga_red.png	7005447	43200	1	1900	2	43200	1800
S013_DAY1_MINITWICE_4682	105	Picture	FF	7007747	0	1	43100	2	0	43200
S013_DAY1_MINITWICE_4682	105	Response	52	7029741	21994	1
S013_DAY1_MINITWICE_4682	105	Pulse	99	7036795	29048	NA
S013_DAY1_MINITWICE_4682	105	Port Input	1	7036795	29048	NA
S013_DAY1_MINITWICE_4682	105	Picture	99_T_FFTRIAD_FF_carruaje_red.png	7050847	43100	1	1900	2	43200	1800
S013_DAY1_MINITWICE_4682	106	Picture	FF	7052947	0	1	43199	2	0	43200
S013_DAY1_MINITWICE_4682	106	Response	52	7068379	15432	1
S013_DAY1_MINITWICE_4682	106	Pulse	99	7072796	19849	NA
S013_DAY1_MINITWICE_4682	106	Port Input	1	7072796	19849	NA
S013_DAY1_MINITWICE_4682	106	Picture	100_T_FFTRIAD_FF_cerillas_red.png	7096146	43199	1	1900	2	43200	1800
S013_DAY1_MINITWICE_4682	107	Picture	rest	7098146	0	1	144099	2	0	144000
S013_DAY1_MINITWICE_4682	107	Pulse	99	7108797	10651	NA
S013_DAY1_MINITWICE_4682	107	Port Input	1	7108797	10651	NA
S013_DAY1_MINITWICE_4682	107	Pulse	99	7144798	46652	NA
S013_DAY1_MINITWICE_4682	107	Port Input	1	7144798	46652	NA
S013_DAY1_MINITWICE_4682	107	Pulse	99	7180799	82653	NA
S013_DAY1_MINITWICE_4682	107	Port Input	1	7180799	82653	NA
S013_DAY1_MINITWICE_4682	107	Pulse	99	7216800	118654	NA
S013_DAY1_MINITWICE_4682	107	Port Input	1	7216800	118654	NA
S013_DAY1_MINITWICE_4682	108	Picture	endrest	7242345	0	1	10100	2	0	10000
S013_DAY1_MINITWICE_4682	109	Picture	RW	7252645	0	1	43200	2	0	43200
S013_DAY1_MINITWICE_4682	109	Pulse	99	7252800	155	NA
S013_DAY1_MINITWICE_4682	109	Port Input	1	7252800	155	NA
S013_DAY1_MINITWICE_4682	109	Response	52	7273303	20658	1
S013_DAY1_MINITWICE_4682	109	Pulse	99	7288801	36156	NA
S013_DAY1_MINITWICE_4682	109	Port Input	1	7288801	36156	NA
S013_DAY1_MINITWICE_4682	109	Picture	103_T_RWTRIAD_RW_cuento_red.png	7295845	43200	1	1900	2	43200	1800
S013_DAY1_MINITWICE_4682	110	Picture	RW	7297945	0	1	43199	2	0	43200
S013_DAY1_MINITWICE_4682	110	Response	52	7313638	15693	1
S013_DAY1_MINITWICE_4682	110	Pulse	99	7324802	26857	NA
S013_DAY1_MINITWICE_4682	110	Port Input	1	7324802	26857	NA
S013_DAY1_MINITWICE_4682	110	Picture	104_T_RWTRIAD_RW_lechuga_red.png	7341144	43199	1	1900	2	43200	1800
S013_DAY1_MINITWICE_4682	111	Picture	RW	7343244	0	1	43200	2	0	43200
S013_DAY1_MINITWICE_4682	111	Response	52	7357703	14459	1
S013_DAY1_MINITWICE_4682	111	Pulse	99	7360803	17559	NA
S013_DAY1_MINITWICE_4682	111	Port Input	1	7360803	17559	NA
S013_DAY1_MINITWICE_4682	111	Picture	105_T_RWTRIAD_RW_paraguas_red.png	7386444	43200	1	1900	2	43200	1800
S013_DAY1_MINITWICE_4682	112	Picture	RW	7388744	0	1	43100	2	0	43200
S013_DAY1_MINITWICE_4682	112	Pulse	99	7396804	8060	NA
S013_DAY1_MINITWICE_4682	112	Port Input	1	7396804	8060	NA
S013_DAY1_MINITWICE_4682	112	Response	51	7401597	12853	1
S013_DAY1_MINITWICE_4682	112	Picture	106_T_RWTRIAD_RW_manos_red.png	7431844	43100	1	1900	2	43200	1800
S013_DAY1_MINITWICE_4682	112	Pulse	99	7432805	44061	NA
S013_DAY1_MINITWICE_4682	112	Port Input	1	7432805	44061	NA
S013_DAY1_MINITWICE_4682	113	Picture	RW	7433944	0	1	43199	2	0	43200
S013_DAY1_MINITWICE_4682	113	Response	52	7459793	25849	1
S013_DAY1_MINITWICE_4682	113	Pulse	99	7468806	34862	NA
S013_DAY1_MINITWICE_4682	113	Port Input	1	7468806	34862	NA
S013_DAY1_MINITWICE_4682	113	Picture	107_T_RWTRIAD_RW_raton_red.png	7477143	43199	1	1900	2	43200	1800
S013_DAY1_MINITWICE_4682	114	Picture	RW	7479243	0	1	43200	2	0	43200
S013_DAY1_MINITWICE_4682	114	Pulse	99	7504807	25564	NA
S013_DAY1_MINITWICE_4682	114	Port Input	1	7504807	25564	NA
S013_DAY1_MINITWICE_4682	114	Response	51	7507241	27998	1
S013_DAY1_MINITWICE_4682	114	Picture	108_T_RWTRIAD_RW_traje_red.png	7522443	43200	1	1900	2	43200	1800
S013_DAY1_MINITWICE_4682	115	Picture	RW	7524643	0	1	43200	2	0	43200
S013_DAY1_MINITWICE_4682	115	Response	51	7540123	15480	1
S013_DAY1_MINITWICE_4682	115	Pulse	99	7540808	16165	NA
S013_DAY1_MINITWICE_4682	115	Port Input	1	7540808	16165	NA
S013_DAY1_MINITWICE_4682	115	Picture	109_T_RWTRIAD_RW_portatil_red.png	7567843	43200	1	1900	2	43200	1800
S013_DAY1_MINITWICE_4682	116	Picture	RW	7570143	0	1	43099	2	0	43200
S013_DAY1_MINITWICE_4682	116	Pulse	99	7576809	6666	NA
S013_DAY1_MINITWICE_4682	116	Port Input	1	7576809	6666	NA
S013_DAY1_MINITWICE_4682	116	Response	51	7597281	27138	1
S013_DAY1_MINITWICE_4682	116	Pulse	99	7612810	42667	NA
S013_DAY1_MINITWICE_4682	116	Port Input	1	7612810	42667	NA
S013_DAY1_MINITWICE_4682	116	Picture	110_T_RWTRIAD_RW_piramide_red.png	7613242	43099	1	1900	2	43200	1800
S013_DAY1_MINITWICE_4682	117	Picture	rest	7615242	0	1	144099	2	0	144000
S013_DAY1_MINITWICE_4682	117	Pulse	99	7648811	33569	NA
S013_DAY1_MINITWICE_4682	117	Port Input	1	7648811	33569	NA
S013_DAY1_MINITWICE_4682	117	Pulse	99	7684811	69569	NA
S013_DAY1_MINITWICE_4682	117	Port Input	1	7684811	69569	NA
S013_DAY1_MINITWICE_4682	117	Pulse	99	7720812	105570	NA
S013_DAY1_MINITWICE_4682	117	Port Input	1	7720812	105570	NA
S013_DAY1_MINITWICE_4682	117	Pulse	99	7756813	141571	NA
S013_DAY1_MINITWICE_4682	117	Port Input	1	7756813	141571	NA
S013_DAY1_MINITWICE_4682	118	Picture	endrest	7759441	0	1	10100	2	0	10000
S013_DAY1_MINITWICE_4682	119	Picture	RW	7769841	0	1	43100	2	0	43200
S013_DAY1_MINITWICE_4682	119	Response	52	7789861	20020	1
S013_DAY1_MINITWICE_4682	119	Pulse	99	7792814	22973	NA
S013_DAY1_MINITWICE_4682	119	Port Input	1	7792814	22973	NA
S013_DAY1_MINITWICE_4682	119	Picture	113_T_RWTRIAD_RW_agua_red.png	7812941	43100	1	1900	2	43200	1800
S013_DAY1_MINITWICE_4682	120	Picture	RW	7815041	0	1	43199	3	0	43200
S013_DAY1_MINITWICE_4682	120	Pulse	99	7828815	13774	NA
S013_DAY1_MINITWICE_4682	120	Port Input	1	7828815	13774	NA
S013_DAY1_MINITWICE_4682	120	Response	51	7831331	16290	1
S013_DAY1_MINITWICE_4682	120	Picture	114_T_RWTRIAD_RW_madera_red.png	7858240	43199	2	1900	4	43200	1800
S013_DAY1_MINITWICE_4682	121	Picture	RW	7860340	0	2	43200	3	0	43200
S013_DAY1_MINITWICE_4682	121	Pulse	99	7864816	4476	NA
S013_DAY1_MINITWICE_4682	121	Port Input	1	7864816	4476	NA
S013_DAY1_MINITWICE_4682	121	Response	51	7875791	15451	1
S013_DAY1_MINITWICE_4682	121	Pulse	99	7900817	40477	NA
S013_DAY1_MINITWICE_4682	121	Port Input	1	7900817	40477	NA
S013_DAY1_MINITWICE_4682	121	Picture	115_T_RWTRIAD_RW_ascensor_red.png	7903540	43200	1	1900	2	43200	1800
S013_DAY1_MINITWICE_4682	122	Picture	RW	7905640	0	1	43200	2	0	43200
S013_DAY1_MINITWICE_4682	122	Response	51	7921388	15748	2
S013_DAY1_MINITWICE_4682	122	Pulse	99	7936818	31178	NA
S013_DAY1_MINITWICE_4682	122	Port Input	1	7936818	31178	NA
S013_DAY1_MINITWICE_4682	122	Picture	116_T_RWTRIAD_RW_dedal_red.png	7948840	43200	1	1900	2	43200	1800
S013_DAY1_MINITWICE_4682	123	Picture	PW	7951040	0	1	43199	3	0	43200
S013_DAY1_MINITWICE_4682	123	Pulse	99	7972819	21779	NA
S013_DAY1_MINITWICE_4682	123	Port Input	1	7972819	21779	NA
S013_DAY1_MINITWICE_4682	123	Response	51	7982576	31536	1
S013_DAY1_MINITWICE_4682	123	Picture	117_T_PWTRIAD_PW_sombrilla_red.png	7994239	43199	2	1900	3	43200	1800
S013_DAY1_MINITWICE_4682	124	Picture	PW	7996539	0	2	43100	3	0	43200
S013_DAY1_MINITWICE_4682	124	Pulse	99	8008820	12281	NA
S013_DAY1_MINITWICE_4682	124	Port Input	1	8008820	12281	NA
S013_DAY1_MINITWICE_4682	124	Response	51	8023180	26641	1
S013_DAY1_MINITWICE_4682	124	Picture	118_T_PWTRIAD_PW_candado_red.png	8039639	43100	1	1900	2	43200	1800
S013_DAY1_MINITWICE_4682	125	Picture	PW	8041939	0	1	43100	2	0	43200
S013_DAY1_MINITWICE_4682	125	Pulse	99	8044821	2882	NA
S013_DAY1_MINITWICE_4682	125	Port Input	1	8044821	2882	NA
S013_DAY1_MINITWICE_4682	125	Response	51	8072897	30958	1
S013_DAY1_MINITWICE_4682	125	Pulse	99	8080822	38883	NA
S013_DAY1_MINITWICE_4682	125	Port Input	1	8080822	38883	NA
S013_DAY1_MINITWICE_4682	125	Picture	119_T_PWTRIAD_PW_grapadora_red.png	8085039	43100	1	1900	2	43200	1800
S013_DAY1_MINITWICE_4682	126	Picture	PW	8087139	0	1	43199	2	0	43200
S013_DAY1_MINITWICE_4682	126	Pulse	99	8116823	29684	NA
S013_DAY1_MINITWICE_4682	126	Port Input	1	8116823	29684	NA
S013_DAY1_MINITWICE_4682	126	Response	52	8122025	34886	2
S013_DAY1_MINITWICE_4682	126	Picture	120_T_PWTRIAD_PW_carruaje_red.png	8130338	43199	1	1900	2	43200	1800
S013_DAY1_MINITWICE_4682	127	Picture	rest	8132338	0	1	144099	2	0	144000
S013_DAY1_MINITWICE_4682	127	Pulse	99	8152824	20486	NA
S013_DAY1_MINITWICE_4682	127	Port Input	1	8152824	20486	NA
S013_DAY1_MINITWICE_4682	127	Pulse	99	8188824	56486	NA
S013_DAY1_MINITWICE_4682	127	Port Input	1	8188824	56486	NA
S013_DAY1_MINITWICE_4682	127	Pulse	99	8224825	92487	NA
S013_DAY1_MINITWICE_4682	127	Port Input	1	8224825	92487	NA
S013_DAY1_MINITWICE_4682	127	Pulse	99	8260826	128488	NA
S013_DAY1_MINITWICE_4682	127	Port Input	1	8260826	128488	NA
S013_DAY1_MINITWICE_4682	128	Picture	endrest	8276537	0	1	10100	2	0	10000
S013_DAY1_MINITWICE_4682	129	Picture	RW	8286837	0	1	43200	2	0	43200
S013_DAY1_MINITWICE_4682	129	Pulse	99	8296827	9990	NA
S013_DAY1_MINITWICE_4682	129	Port Input	1	8296827	9990	NA
S013_DAY1_MINITWICE_4682	129	Response	51	8307028	20191	1
S013_DAY1_MINITWICE_4682	129	Picture	123_T_RWTRIAD_RW_cortina_red.png	8330037	43200	1	1900	2	43200	1800
S013_DAY1_MINITWICE_4682	130	Picture	RW	8332137	0	1	43199	3	0	43200
S013_DAY1_MINITWICE_4682	130	Pulse	99	8332828	691	NA
S013_DAY1_MINITWICE_4682	130	Port Input	1	8332828	691	NA
S013_DAY1_MINITWICE_4682	130	Response	51	8357036	24899	1
S013_DAY1_MINITWICE_4682	130	Pulse	99	8368829	36692	NA
S013_DAY1_MINITWICE_4682	130	Port Input	1	8368829	36692	NA
S013_DAY1_MINITWICE_4682	130	Picture	124_T_RWTRIAD_RW_perro_red.png	8375336	43199	2	1900	4	43200	1800
S013_DAY1_MINITWICE_4682	131	Picture	RW	8377437	0	1	43199	2	0	43200
S013_DAY1_MINITWICE_4682	131	Response	52	8388668	11231	1
S013_DAY1_MINITWICE_4682	131	Pulse	99	8404830	27393	NA
S013_DAY1_MINITWICE_4682	131	Port Input	1	8404830	27393	NA
S013_DAY1_MINITWICE_4682	131	Picture	125_T_RWTRIAD_RW_gafas_red.png	8420636	43199	1	1900	2	43200	1800
S013_DAY1_MINITWICE_4682	132	Picture	RW	8422936	0	1	43100	2	0	43200
S013_DAY1_MINITWICE_4682	132	Pulse	99	8440831	17895	NA
S013_DAY1_MINITWICE_4682	132	Port Input	1	8440831	17895	NA
S013_DAY1_MINITWICE_4682	132	Response	51	8452159	29223	1
S013_DAY1_MINITWICE_4682	132	Picture	126_T_RWTRIAD_RW_banera_red.png	8466036	43100	1	1900	2	43200	1800
S013_DAY1_MINITWICE_4682	133	Picture	RW	8468136	0	1	43200	2	0	43200
S013_DAY1_MINITWICE_4682	133	Pulse	99	8476832	8696	NA
S013_DAY1_MINITWICE_4682	133	Port Input	1	8476832	8696	NA
S013_DAY1_MINITWICE_4682	133	Response	51	8493587	25451	1
S013_DAY1_MINITWICE_4682	133	Picture	127_T_RWTRIAD_RW_pizarra_red.png	8511336	43200	1	1899	3	43200	1800
S013_DAY1_MINITWICE_4682	133	Pulse	99	8512833	44697	NA
S013_DAY1_MINITWICE_4682	133	Port Input	1	8512833	44697	NA
S013_DAY1_MINITWICE_4682	134	Picture	RW	8513436	0	1	43189	43	0	43200
S013_DAY1_MINITWICE_4682	134	Pulse	99	8548834	35398	NA
S013_DAY1_MINITWICE_4682	134	Port Input	1	8548834	35398	NA
S013_DAY1_MINITWICE_4682	134	Response	51	8550216	36780	1
S013_DAY1_MINITWICE_4682	134	Picture	128_T_RWTRIAD_RW_estetoscopio_red.png	8556625	43189	42	1810	43	43200	1800
S013_DAY1_MINITWICE_4682	135	Picture	RW	8558635	0	1	43200	2	0	43200
S013_DAY1_MINITWICE_4682	135	Response	51	8574017	15382	1
S013_DAY1_MINITWICE_4682	135	Pulse	99	8584835	26200	NA
S013_DAY1_MINITWICE_4682	135	Port Input	1	8584835	26200	NA
S013_DAY1_MINITWICE_4682	135	Picture	129_T_RWTRIAD_RW_granjero_red.png	8601835	43200	1	1900	2	43200	1800
S013_DAY1_MINITWICE_4682	136	Picture	RW	8603935	0	1	43199	3	0	43200
S013_DAY1_MINITWICE_4682	136	Response	52	8617866	13931	1
S013_DAY1_MINITWICE_4682	136	Pulse	99	8620836	16901	NA
S013_DAY1_MINITWICE_4682	136	Port Input	1	8620836	16901	NA
S013_DAY1_MINITWICE_4682	136	Picture	130_T_RWTRIAD_RW_sapo_red.png	8647134	43199	2	1900	4	43200	1800
S013_DAY1_MINITWICE_4682	137	Picture	rest	8649134	0	2	144098	5	0	144000
S013_DAY1_MINITWICE_4682	137	Pulse	99	8656836	7702	NA
S013_DAY1_MINITWICE_4682	137	Port Input	1	8656836	7702	NA
S013_DAY1_MINITWICE_4682	137	Pulse	99	8692837	43703	NA
S013_DAY1_MINITWICE_4682	137	Port Input	1	8692837	43703	NA
S013_DAY1_MINITWICE_4682	137	Pulse	99	8728838	79704	NA
S013_DAY1_MINITWICE_4682	137	Port Input	1	8728838	79704	NA
S013_DAY1_MINITWICE_4682	137	Pulse	99	8764839	115705	NA
S013_DAY1_MINITWICE_4682	137	Port Input	1	8764839	115705	NA
S013_DAY1_MINITWICE_4682	138	Picture	endrest	8793333	0	1	10100	2	0	10000
S013_DAY1_MINITWICE_4682	138	Pulse	99	8800840	7507	NA
S013_DAY1_MINITWICE_4682	138	Port Input	1	8800840	7507	NA
S013_DAY1_MINITWICE_4682	139	Picture	RW	8803633	0	1	43200	2	0	43200
S013_DAY1_MINITWICE_4682	139	Response	52	8821059	17426	1
S013_DAY1_MINITWICE_4682	139	Pulse	99	8836841	33208	NA
S013_DAY1_MINITWICE_4682	139	Port Input	1	8836841	33208	NA
S013_DAY1_MINITWICE_4682	139	Picture	133_T_RWTRIAD_RW_monja_red.png	8846833	43200	1	1900	2	43200	1800
S013_DAY1_MINITWICE_4682	140	Picture	RW	8849133	0	1	43100	2	0	43200
S013_DAY1_MINITWICE_4682	140	Response	52	8863132	13999	1
S013_DAY1_MINITWICE_4682	140	Pulse	99	8872842	23709	NA
S013_DAY1_MINITWICE_4682	140	Port Input	1	8872842	23709	NA
S013_DAY1_MINITWICE_4682	140	Picture	134_T_RWTRIAD_RW_futbol_red.png	8892233	43100	1	1900	2	43200	1800
S013_DAY1_MINITWICE_4682	141	Picture	RW	8894333	0	1	43199	2	0	43200
S013_DAY1_MINITWICE_4682	141	Pulse	99	8908843	14510	NA
S013_DAY1_MINITWICE_4682	141	Port Input	1	8908843	14510	NA
S013_DAY1_MINITWICE_4682	141	Response	51	8909526	15193	1
S013_DAY1_MINITWICE_4682	141	Picture	135_T_RWTRIAD_RW_policia_red.png	8937532	43199	1	1900	3	43200	1800
S013_DAY1_MINITWICE_4682	142	Picture	RW	8939832	0	2	43100	3	0	43200
S013_DAY1_MINITWICE_4682	142	Pulse	99	8944844	5012	NA
S013_DAY1_MINITWICE_4682	142	Port Input	1	8944844	5012	NA
S013_DAY1_MINITWICE_4682	142	Response	52	8956398	16566	1
S013_DAY1_MINITWICE_4682	142	Pulse	99	8980845	41013	NA
S013_DAY1_MINITWICE_4682	142	Port Input	1	8980845	41013	NA
S013_DAY1_MINITWICE_4682	142	Picture	136_T_RWTRIAD_RW_arbol_red.png	8982932	43100	1	1900	2	43200	1800
S013_DAY1_MINITWICE_4682	143	Picture	rest	8984932	0	1	144099	2	0	144000
S013_DAY1_MINITWICE_4682	143	Pulse	99	9016846	31914	NA
S013_DAY1_MINITWICE_4682	143	Port Input	1	9016846	31914	NA
S013_DAY1_MINITWICE_4682	144	Picture	endrest	9129131	0	1	10100	2	0	10000
S013_DAY1_MINITWICE_4682	145	Picture	endrest	9139331	0	1	10100	2	0	10000
S013_DAY1_MINITWICE_4682	146	Picture	endrest	9149531	0	1	10100	2	0	10000
S013_DAY1_MINITWICE_4682	147	Picture	endrest	9159731	0	1	10100	2	0	10000
