Scenario - vOT_Triads_fMRI_I
Logfile written - 09/28/2015 12:55:36

Subject	Trial	Event Type	Code	Time	TTime	Uncertainty	Duration	Uncertainty	ReqTime	ReqDur

S013_DAY2_MINITWICE_4682	1	Response	50	276995	286795	1
S013_DAY2_MINITWICE_4682	1	Response	51	289861	299661	1
S013_DAY2_MINITWICE_4682	1	Response	98	1049562	1059362	1
S013_DAY2_MINITWICE_4682	2	Response	52	1067939	18247	2
S013_DAY2_MINITWICE_4682	2	Response	98	1074094	24402	1
S013_DAY2_MINITWICE_4682	3	Response	52	1093251	19060	2
S013_DAY2_MINITWICE_4682	3	Response	98	1097844	23653	1
S013_DAY2_MINITWICE_4682	4	Response	52	1114274	16283	1
S013_DAY2_MINITWICE_4682	4	Response	98	1123782	25791	1
S013_DAY2_MINITWICE_4682	6	Pulse	99	1337059	213168	NA
S013_DAY2_MINITWICE_4682	6	Port Input	1	1337059	213168	NA
S013_DAY2_MINITWICE_4682	6	Pulse	99	1373060	249169	NA
S013_DAY2_MINITWICE_4682	6	Port Input	1	1373060	249169	NA
S013_DAY2_MINITWICE_4682	6	Pulse	99	1409061	285170	NA
S013_DAY2_MINITWICE_4682	6	Port Input	1	1409061	285170	NA
S013_DAY2_MINITWICE_4682	6	Pulse	99	1445062	321171	NA
S013_DAY2_MINITWICE_4682	6	Port Input	1	1445062	321171	NA
S013_DAY2_MINITWICE_4682	6	Pulse	99	1481063	357172	NA
S013_DAY2_MINITWICE_4682	6	Port Input	1	1481063	357172	NA
S013_DAY2_MINITWICE_4682	7	Picture	rest	1481288	0	2	144099	4	0	144000
S013_DAY2_MINITWICE_4682	7	Pulse	99	1517064	35776	NA
S013_DAY2_MINITWICE_4682	7	Port Input	1	1517064	35776	NA
S013_DAY2_MINITWICE_4682	7	Pulse	99	1553065	71777	NA
S013_DAY2_MINITWICE_4682	7	Port Input	1	1553065	71777	NA
S013_DAY2_MINITWICE_4682	7	Pulse	99	1589066	107778	NA
S013_DAY2_MINITWICE_4682	7	Port Input	1	1589066	107778	NA
S013_DAY2_MINITWICE_4682	7	Pulse	99	1625067	143779	NA
S013_DAY2_MINITWICE_4682	7	Port Input	1	1625067	143779	NA
S013_DAY2_MINITWICE_4682	8	Picture	endrest	1625487	0	1	10100	2	0	10000
S013_DAY2_MINITWICE_4682	9	Picture	PW	1635787	0	1	43200	2	0	43200
S013_DAY2_MINITWICE_4682	9	Response	51	1657095	21308	2
S013_DAY2_MINITWICE_4682	9	Pulse	99	1661068	25281	NA
S013_DAY2_MINITWICE_4682	9	Port Input	1	1661068	25281	NA
S013_DAY2_MINITWICE_4682	9	Picture	3_T_PWTRIAD_PW_sobre_red.png	1678987	43200	1	1900	2	43200	1800
S013_DAY2_MINITWICE_4682	10	Picture	PW	1681087	0	1	43200	2	0	43200
S013_DAY2_MINITWICE_4682	10	Pulse	99	1697069	15982	NA
S013_DAY2_MINITWICE_4682	10	Port Input	1	1697069	15982	NA
S013_DAY2_MINITWICE_4682	10	Response	52	1702149	21062	1
S013_DAY2_MINITWICE_4682	10	Picture	4_T_PWTRIAD_PW_tijera_red.png	1724287	43200	1	1900	2	43200	1800
S013_DAY2_MINITWICE_4682	11	Picture	PW	1726487	0	1	43199	2	0	43200
S013_DAY2_MINITWICE_4682	11	Pulse	99	1733070	6583	NA
S013_DAY2_MINITWICE_4682	11	Port Input	1	1733070	6583	NA
S013_DAY2_MINITWICE_4682	11	Response	52	1745423	18936	1
S013_DAY2_MINITWICE_4682	11	Pulse	99	1769071	42584	NA
S013_DAY2_MINITWICE_4682	11	Port Input	1	1769071	42584	NA
S013_DAY2_MINITWICE_4682	11	Picture	5_T_PWTRIAD_PW_cerillas_red.png	1769686	43199	1	1900	2	43200	1800
S013_DAY2_MINITWICE_4682	12	Picture	PW	1771986	0	1	43100	2	0	43200
S013_DAY2_MINITWICE_4682	12	Response	51	1791039	19053	1
S013_DAY2_MINITWICE_4682	12	Pulse	99	1805072	33086	NA
S013_DAY2_MINITWICE_4682	12	Port Input	1	1805072	33086	NA
S013_DAY2_MINITWICE_4682	12	Picture	6_T_PWTRIAD_PW_arbol_red.png	1815086	43100	1	1900	2	43200	1800
S013_DAY2_MINITWICE_4682	13	Picture	FF	1817286	0	1	43200	2	0	43200
S013_DAY2_MINITWICE_4682	13	Response	52	1835502	18216	1
S013_DAY2_MINITWICE_4682	13	Pulse	99	1841073	23787	NA
S013_DAY2_MINITWICE_4682	13	Port Input	1	1841073	23787	NA
S013_DAY2_MINITWICE_4682	13	Picture	7_T_FFTRIAD_FF_pizarra_red.png	1860486	43200	1	1900	2	43200	1800
S013_DAY2_MINITWICE_4682	14	Picture	FF	1862686	0	1	43199	2	0	43200
S013_DAY2_MINITWICE_4682	14	Response	52	1872503	9817	1
S013_DAY2_MINITWICE_4682	14	Pulse	99	1877074	14388	NA
S013_DAY2_MINITWICE_4682	14	Port Input	1	1877074	14388	NA
S013_DAY2_MINITWICE_4682	14	Picture	8_T_FFTRIAD_FF_cinturon_red.png	1905885	43199	1	1900	2	43200	1800
S013_DAY2_MINITWICE_4682	15	Picture	FF	1908085	0	1	43200	2	0	43200
S013_DAY2_MINITWICE_4682	15	Pulse	99	1913075	4990	NA
S013_DAY2_MINITWICE_4682	15	Port Input	1	1913075	4990	NA
S013_DAY2_MINITWICE_4682	15	Response	52	1924253	16168	1
S013_DAY2_MINITWICE_4682	15	Pulse	99	1949076	40991	NA
S013_DAY2_MINITWICE_4682	15	Port Input	1	1949076	40991	NA
S013_DAY2_MINITWICE_4682	15	Picture	9_T_FFTRIAD_FF_banera_red.png	1951285	43200	1	1900	2	43200	1800
S013_DAY2_MINITWICE_4682	16	Picture	FF	1953585	0	1	43200	2	0	43200
S013_DAY2_MINITWICE_4682	16	Response	51	1974489	20904	1
S013_DAY2_MINITWICE_4682	16	Pulse	99	1985076	31491	NA
S013_DAY2_MINITWICE_4682	16	Port Input	1	1985076	31491	NA
S013_DAY2_MINITWICE_4682	16	Picture	10_T_FFTRIAD_FF_monja_red.png	1996785	43200	1	1900	2	43200	1800
S013_DAY2_MINITWICE_4682	17	Picture	rest	1998785	0	1	144099	2	0	144000
S013_DAY2_MINITWICE_4682	17	Pulse	99	2021077	22292	NA
S013_DAY2_MINITWICE_4682	17	Port Input	1	2021077	22292	NA
S013_DAY2_MINITWICE_4682	17	Pulse	99	2057078	58293	NA
S013_DAY2_MINITWICE_4682	17	Port Input	1	2057078	58293	NA
S013_DAY2_MINITWICE_4682	17	Pulse	99	2093079	94294	NA
S013_DAY2_MINITWICE_4682	17	Port Input	1	2093079	94294	NA
S013_DAY2_MINITWICE_4682	17	Pulse	99	2129080	130295	NA
S013_DAY2_MINITWICE_4682	17	Port Input	1	2129080	130295	NA
S013_DAY2_MINITWICE_4682	18	Picture	endrest	2142984	0	1	10100	2	0	10000
S013_DAY2_MINITWICE_4682	19	Picture	PW	2153383	0	2	43200	3	0	43200
S013_DAY2_MINITWICE_4682	19	Pulse	99	2165081	11698	NA
S013_DAY2_MINITWICE_4682	19	Port Input	1	2165081	11698	NA
S013_DAY2_MINITWICE_4682	19	Response	51	2173637	20254	1
S013_DAY2_MINITWICE_4682	19	Picture	13_T_PWTRIAD_PW_madera_red.png	2196583	43200	1	1900	2	43200	1800
S013_DAY2_MINITWICE_4682	20	Picture	PW	2198883	0	1	43100	2	0	43200
S013_DAY2_MINITWICE_4682	20	Pulse	99	2201082	2199	NA
S013_DAY2_MINITWICE_4682	20	Port Input	1	2201082	2199	NA
S013_DAY2_MINITWICE_4682	20	Response	51	2215298	16415	1
S013_DAY2_MINITWICE_4682	20	Pulse	99	2237083	38200	NA
S013_DAY2_MINITWICE_4682	20	Port Input	1	2237083	38200	NA
S013_DAY2_MINITWICE_4682	20	Picture	14_T_PWTRIAD_PW_bebe_red.png	2241983	43100	1	1900	2	43200	1800
S013_DAY2_MINITWICE_4682	21	Picture	PW	2244283	0	1	43100	2	0	43200
S013_DAY2_MINITWICE_4682	21	Response	52	2262409	18126	1
S013_DAY2_MINITWICE_4682	21	Pulse	99	2273084	28801	NA
S013_DAY2_MINITWICE_4682	21	Port Input	1	2273084	28801	NA
S013_DAY2_MINITWICE_4682	21	Picture	15_T_PWTRIAD_PW_pizarra_red.png	2287383	43100	1	1899	3	43200	1800
S013_DAY2_MINITWICE_4682	22	Picture	PW	2289482	0	2	43200	3	0	43200
S013_DAY2_MINITWICE_4682	22	Pulse	99	2309085	19603	NA
S013_DAY2_MINITWICE_4682	22	Port Input	1	2309085	19603	NA
S013_DAY2_MINITWICE_4682	22	Response	51	2311332	21850	1
S013_DAY2_MINITWICE_4682	22	Picture	16_T_PWTRIAD_PW_paraguas_red.png	2332682	43200	1	1900	2	43200	1800
S013_DAY2_MINITWICE_4682	23	Picture	FF	2334982	0	1	43100	2	0	43200
S013_DAY2_MINITWICE_4682	23	Pulse	99	2345086	10104	NA
S013_DAY2_MINITWICE_4682	23	Port Input	1	2345086	10104	NA
S013_DAY2_MINITWICE_4682	23	Response	52	2350900	15918	1
S013_DAY2_MINITWICE_4682	23	Picture	17_T_FFTRIAD_FF_oruga_red.png	2378082	43100	1	1900	2	43200	1800
S013_DAY2_MINITWICE_4682	24	Picture	FF	2380282	0	1	43200	2	0	43200
S013_DAY2_MINITWICE_4682	24	Pulse	99	2381087	805	NA
S013_DAY2_MINITWICE_4682	24	Port Input	1	2381087	805	NA
S013_DAY2_MINITWICE_4682	24	Response	51	2395073	14791	1
S013_DAY2_MINITWICE_4682	24	Pulse	99	2417088	36806	NA
S013_DAY2_MINITWICE_4682	24	Port Input	1	2417088	36806	NA
S013_DAY2_MINITWICE_4682	24	Picture	18_T_FFTRIAD_FF_arbol_red.png	2423482	43200	1	1899	3	43200	1800
S013_DAY2_MINITWICE_4682	25	Picture	FF	2425781	0	2	43100	3	0	43200
S013_DAY2_MINITWICE_4682	25	Response	51	2437873	12092	1
S013_DAY2_MINITWICE_4682	25	Pulse	99	2453089	27308	NA
S013_DAY2_MINITWICE_4682	25	Port Input	1	2453089	27308	NA
S013_DAY2_MINITWICE_4682	25	Picture	19_T_FFTRIAD_FF_agua_red.png	2468881	43100	1	1900	2	43200	1800
S013_DAY2_MINITWICE_4682	26	Picture	FF	2471081	0	1	43200	2	0	43200
S013_DAY2_MINITWICE_4682	26	Response	52	2482335	11254	1
S013_DAY2_MINITWICE_4682	26	Pulse	99	2489090	18009	NA
S013_DAY2_MINITWICE_4682	26	Port Input	1	2489090	18009	NA
S013_DAY2_MINITWICE_4682	26	Picture	20_T_FFTRIAD_FF_botella_red.png	2514281	43200	1	1900	2	43200	1800
S013_DAY2_MINITWICE_4682	27	Picture	rest	2516281	0	1	144099	2	0	144000
S013_DAY2_MINITWICE_4682	27	Pulse	99	2525091	8810	NA
S013_DAY2_MINITWICE_4682	27	Port Input	1	2525091	8810	NA
S013_DAY2_MINITWICE_4682	27	Pulse	99	2561091	44810	NA
S013_DAY2_MINITWICE_4682	27	Port Input	1	2561091	44810	NA
S013_DAY2_MINITWICE_4682	27	Pulse	99	2597092	80811	NA
S013_DAY2_MINITWICE_4682	27	Port Input	1	2597092	80811	NA
S013_DAY2_MINITWICE_4682	27	Pulse	99	2633093	116812	NA
S013_DAY2_MINITWICE_4682	27	Port Input	1	2633093	116812	NA
S013_DAY2_MINITWICE_4682	28	Picture	endrest	2660480	0	1	10100	2	0	10000
S013_DAY2_MINITWICE_4682	28	Pulse	99	2669094	8614	NA
S013_DAY2_MINITWICE_4682	28	Port Input	1	2669094	8614	NA
S013_DAY2_MINITWICE_4682	29	Picture	RW	2670780	0	1	43199	2	0	43200
S013_DAY2_MINITWICE_4682	29	Response	52	2682977	12197	1
S013_DAY2_MINITWICE_4682	29	Pulse	99	2705095	34315	NA
S013_DAY2_MINITWICE_4682	29	Port Input	1	2705095	34315	NA
S013_DAY2_MINITWICE_4682	29	Picture	23_T_RWTRIAD_RW_leche_red.png	2713979	43199	1	1900	2	43200	1800
S013_DAY2_MINITWICE_4682	30	Picture	RW	2716179	0	1	43100	2	0	43200
S013_DAY2_MINITWICE_4682	30	Response	51	2734863	18684	1
S013_DAY2_MINITWICE_4682	30	Pulse	99	2741096	24917	NA
S013_DAY2_MINITWICE_4682	30	Port Input	1	2741096	24917	NA
S013_DAY2_MINITWICE_4682	30	Picture	24_T_RWTRIAD_RW_cerillas_red.png	2759279	43100	1	1900	2	43200	1800
S013_DAY2_MINITWICE_4682	31	Picture	RW	2761379	0	1	43200	2	0	43200
S013_DAY2_MINITWICE_4682	31	Response	52	2774341	12962	2
S013_DAY2_MINITWICE_4682	31	Pulse	99	2777097	15718	NA
S013_DAY2_MINITWICE_4682	31	Port Input	1	2777097	15718	NA
S013_DAY2_MINITWICE_4682	31	Picture	25_T_RWTRIAD_RW_bebe_red.png	2804579	43200	1	1900	2	43200	1800
S013_DAY2_MINITWICE_4682	32	Picture	RW	2806779	0	1	43199	2	0	43200
S013_DAY2_MINITWICE_4682	32	Pulse	99	2813098	6319	NA
S013_DAY2_MINITWICE_4682	32	Port Input	1	2813098	6319	NA
S013_DAY2_MINITWICE_4682	32	Response	52	2823691	16912	1
S013_DAY2_MINITWICE_4682	32	Pulse	99	2849099	42320	NA
S013_DAY2_MINITWICE_4682	32	Port Input	1	2849099	42320	NA
S013_DAY2_MINITWICE_4682	32	Picture	26_T_RWTRIAD_RW_plato_red.png	2849978	43199	1	1900	2	43200	1800
S013_DAY2_MINITWICE_4682	33	Picture	PW	2852078	0	1	43200	2	0	43200
S013_DAY2_MINITWICE_4682	33	Response	51	2872030	19952	1
S013_DAY2_MINITWICE_4682	33	Pulse	99	2885100	33022	NA
S013_DAY2_MINITWICE_4682	33	Port Input	1	2885100	33022	NA
S013_DAY2_MINITWICE_4682	33	Picture	27_T_PWTRIAD_PW_martillo_red.png	2895278	43200	1	1900	2	43200	1800
S013_DAY2_MINITWICE_4682	34	Picture	PW	2897478	0	1	43200	2	0	43200
S013_DAY2_MINITWICE_4682	34	Pulse	99	2921101	23623	NA
S013_DAY2_MINITWICE_4682	34	Port Input	1	2921101	23623	NA
S013_DAY2_MINITWICE_4682	34	Response	51	2922482	25004	2
S013_DAY2_MINITWICE_4682	34	Picture	28_T_PWTRIAD_PW_pilas_red.png	2940678	43200	1	1900	2	43200	1800
S013_DAY2_MINITWICE_4682	35	Picture	PW	2942778	0	1	43199	3	0	43200
S013_DAY2_MINITWICE_4682	35	Pulse	99	2957102	14324	NA
S013_DAY2_MINITWICE_4682	35	Port Input	1	2957102	14324	NA
S013_DAY2_MINITWICE_4682	35	Response	52	2962239	19461	1
S013_DAY2_MINITWICE_4682	35	Picture	29_T_PWTRIAD_PW_iglu_red.png	2985977	43199	2	1900	3	43200	1800
S013_DAY2_MINITWICE_4682	36	Picture	PW	2988177	0	1	43200	2	0	43200
S013_DAY2_MINITWICE_4682	36	Pulse	99	2993103	4926	NA
S013_DAY2_MINITWICE_4682	36	Port Input	1	2993103	4926	NA
S013_DAY2_MINITWICE_4682	36	Response	51	3015363	27186	1
S013_DAY2_MINITWICE_4682	36	Pulse	99	3029104	40927	NA
S013_DAY2_MINITWICE_4682	36	Port Input	1	3029104	40927	NA
S013_DAY2_MINITWICE_4682	36	Picture	30_T_PWTRIAD_PW_cortina_red.png	3031377	43200	1	1900	2	43200	1800
S013_DAY2_MINITWICE_4682	37	Picture	rest	3033377	0	1	144099	2	0	144000
S013_DAY2_MINITWICE_4682	37	Pulse	99	3065105	31728	NA
S013_DAY2_MINITWICE_4682	37	Port Input	1	3065105	31728	NA
S013_DAY2_MINITWICE_4682	37	Pulse	99	3101106	67729	NA
S013_DAY2_MINITWICE_4682	37	Port Input	1	3101106	67729	NA
S013_DAY2_MINITWICE_4682	37	Pulse	99	3137107	103730	NA
S013_DAY2_MINITWICE_4682	37	Port Input	1	3137107	103730	NA
S013_DAY2_MINITWICE_4682	37	Pulse	99	3173107	139730	NA
S013_DAY2_MINITWICE_4682	37	Port Input	1	3173107	139730	NA
S013_DAY2_MINITWICE_4682	38	Picture	endrest	3177576	0	1	10100	2	0	10000
S013_DAY2_MINITWICE_4682	39	Picture	FF	3188076	0	1	43200	2	0	43200
S013_DAY2_MINITWICE_4682	39	Response	51	3200473	12397	1
S013_DAY2_MINITWICE_4682	39	Pulse	99	3209108	21032	NA
S013_DAY2_MINITWICE_4682	39	Port Input	1	3209108	21032	NA
S013_DAY2_MINITWICE_4682	39	Picture	33_T_FFTRIAD_FF_zanahoria_red.png	3231276	43200	1	1900	2	43200	1800
S013_DAY2_MINITWICE_4682	40	Picture	FF	3233475	0	2	43200	3	0	43200
S013_DAY2_MINITWICE_4682	40	Pulse	99	3245109	11634	NA
S013_DAY2_MINITWICE_4682	40	Port Input	1	3245109	11634	NA
S013_DAY2_MINITWICE_4682	40	Response	52	3248618	15143	1
S013_DAY2_MINITWICE_4682	40	Picture	34_T_FFTRIAD_FF_manos_red.png	3276675	43200	1	1900	2	43200	1800
S013_DAY2_MINITWICE_4682	41	Picture	FF	3278875	0	1	43100	2	0	43200
S013_DAY2_MINITWICE_4682	41	Pulse	99	3281110	2235	NA
S013_DAY2_MINITWICE_4682	41	Port Input	1	3281110	2235	NA
S013_DAY2_MINITWICE_4682	41	Response	52	3297005	18130	2
S013_DAY2_MINITWICE_4682	41	Pulse	99	3317111	38236	NA
S013_DAY2_MINITWICE_4682	41	Port Input	1	3317111	38236	NA
S013_DAY2_MINITWICE_4682	41	Picture	35_T_FFTRIAD_FF_sobre_red.png	3321975	43100	1	1900	2	43200	1800
S013_DAY2_MINITWICE_4682	42	Picture	FF	3324275	0	1	43099	3	0	43200
S013_DAY2_MINITWICE_4682	42	Response	52	3339839	15564	1
S013_DAY2_MINITWICE_4682	42	Pulse	99	3353112	28837	NA
S013_DAY2_MINITWICE_4682	42	Port Input	1	3353112	28837	NA
S013_DAY2_MINITWICE_4682	42	Picture	36_T_FFTRIAD_FF_grifo_red.png	3367374	43099	2	1901	3	43200	1800
S013_DAY2_MINITWICE_4682	43	Picture	RW	3369475	0	1	43199	2	0	43200
S013_DAY2_MINITWICE_4682	43	Response	52	3388324	18849	1
S013_DAY2_MINITWICE_4682	43	Pulse	99	3389113	19638	NA
S013_DAY2_MINITWICE_4682	43	Port Input	1	3389113	19638	NA
S013_DAY2_MINITWICE_4682	43	Picture	37_T_RWTRIAD_RW_cinturon_red.png	3412674	43199	1	1900	2	43200	1800
S013_DAY2_MINITWICE_4682	44	Picture	RW	3414774	0	1	43200	2	0	43200
S013_DAY2_MINITWICE_4682	44	Pulse	99	3425114	10340	NA
S013_DAY2_MINITWICE_4682	44	Port Input	1	3425114	10340	NA
S013_DAY2_MINITWICE_4682	44	Response	51	3429318	14544	2
S013_DAY2_MINITWICE_4682	44	Picture	38_T_RWTRIAD_RW_iglu_red.png	3457974	43200	1	1900	2	43200	1800
S013_DAY2_MINITWICE_4682	45	Picture	RW	3460074	0	1	43200	2	0	43200
S013_DAY2_MINITWICE_4682	45	Pulse	99	3461115	1041	NA
S013_DAY2_MINITWICE_4682	45	Port Input	1	3461115	1041	NA
S013_DAY2_MINITWICE_4682	45	Response	51	3474133	14059	1
S013_DAY2_MINITWICE_4682	45	Pulse	99	3497116	37042	NA
S013_DAY2_MINITWICE_4682	45	Port Input	1	3497116	37042	NA
S013_DAY2_MINITWICE_4682	45	Picture	39_T_RWTRIAD_RW_teclado_red.png	3503274	43200	1	1900	2	43200	1800
S013_DAY2_MINITWICE_4682	46	Picture	RW	3505374	0	1	43199	2	0	43200
S013_DAY2_MINITWICE_4682	46	Response	51	3515769	10395	1
S013_DAY2_MINITWICE_4682	46	Pulse	99	3533117	27743	NA
S013_DAY2_MINITWICE_4682	46	Port Input	1	3533117	27743	NA
S013_DAY2_MINITWICE_4682	46	Picture	40_T_RWTRIAD_RW_grifo_red.png	3548573	43199	1	1900	2	43200	1800
S013_DAY2_MINITWICE_4682	47	Picture	rest	3550573	0	1	144099	2	0	144000
S013_DAY2_MINITWICE_4682	47	Pulse	99	3569118	18545	NA
S013_DAY2_MINITWICE_4682	47	Port Input	1	3569118	18545	NA
S013_DAY2_MINITWICE_4682	47	Pulse	99	3605119	54546	NA
S013_DAY2_MINITWICE_4682	47	Port Input	1	3605119	54546	NA
S013_DAY2_MINITWICE_4682	47	Pulse	99	3641120	90547	NA
S013_DAY2_MINITWICE_4682	47	Port Input	1	3641120	90547	NA
S013_DAY2_MINITWICE_4682	47	Pulse	99	3677121	126548	NA
S013_DAY2_MINITWICE_4682	47	Port Input	1	3677121	126548	NA
S013_DAY2_MINITWICE_4682	48	Picture	endrest	3694772	0	1	10100	2	0	10000
S013_DAY2_MINITWICE_4682	49	Picture	FF	3705172	0	1	43200	2	0	43200
S013_DAY2_MINITWICE_4682	49	Pulse	99	3713122	7950	NA
S013_DAY2_MINITWICE_4682	49	Port Input	1	3713122	7950	NA
S013_DAY2_MINITWICE_4682	49	Response	51	3720627	15455	1
S013_DAY2_MINITWICE_4682	49	Picture	43_T_FFTRIAD_FF_pluma_red.png	3748372	43200	1	1900	2	43200	1800
S013_DAY2_MINITWICE_4682	49	Pulse	99	3749123	43951	NA
S013_DAY2_MINITWICE_4682	49	Port Input	1	3749123	43951	NA
S013_DAY2_MINITWICE_4682	50	Picture	FF	3750572	0	1	43199	2	0	43200
S013_DAY2_MINITWICE_4682	50	Response	52	3765931	15359	1
S013_DAY2_MINITWICE_4682	50	Pulse	99	3785123	34551	NA
S013_DAY2_MINITWICE_4682	50	Port Input	1	3785123	34551	NA
S013_DAY2_MINITWICE_4682	50	Picture	44_T_FFTRIAD_FF_silla_red.png	3793771	43199	1	1900	3	43200	1800
S013_DAY2_MINITWICE_4682	51	Picture	FF	3795871	0	1	43200	2	0	43200
S013_DAY2_MINITWICE_4682	51	Response	52	3807124	11253	2
S013_DAY2_MINITWICE_4682	51	Pulse	99	3821124	25253	NA
S013_DAY2_MINITWICE_4682	51	Port Input	1	3821124	25253	NA
S013_DAY2_MINITWICE_4682	51	Picture	45_T_FFTRIAD_FF_molino_red.png	3839071	43200	1	1900	2	43200	1800
S013_DAY2_MINITWICE_4682	52	Picture	FF	3841371	0	1	43100	2	0	43200
S013_DAY2_MINITWICE_4682	52	Pulse	99	3857125	15754	NA
S013_DAY2_MINITWICE_4682	52	Port Input	1	3857125	15754	NA
S013_DAY2_MINITWICE_4682	52	Response	52	3858523	17152	1
S013_DAY2_MINITWICE_4682	52	Picture	46_T_FFTRIAD_FF_madera_red.png	3884471	43100	1	1900	2	43200	1800
S013_DAY2_MINITWICE_4682	53	Picture	FF	3886671	0	2	43199	4	0	43200
S013_DAY2_MINITWICE_4682	53	Pulse	99	3893126	6455	NA
S013_DAY2_MINITWICE_4682	53	Port Input	1	3893126	6455	NA
S013_DAY2_MINITWICE_4682	53	Response	52	3899330	12659	1
S013_DAY2_MINITWICE_4682	53	Pulse	99	3929127	42456	NA
S013_DAY2_MINITWICE_4682	53	Port Input	1	3929127	42456	NA
S013_DAY2_MINITWICE_4682	53	Picture	47_T_FFTRIAD_FF_raton_red.png	3929870	43199	2	1900	3	43200	1800
S013_DAY2_MINITWICE_4682	54	Picture	FF	3932070	0	3	43200	5	0	43200
S013_DAY2_MINITWICE_4682	54	Response	51	3942776	10706	2
S013_DAY2_MINITWICE_4682	54	Pulse	99	3965128	33058	NA
S013_DAY2_MINITWICE_4682	54	Port Input	1	3965128	33058	NA
S013_DAY2_MINITWICE_4682	54	Picture	48_T_FFTRIAD_FF_leche_red.png	3975270	43200	2	1900	3	43200	1800
S013_DAY2_MINITWICE_4682	55	Picture	FF	3977370	0	1	43200	2	0	43200
S013_DAY2_MINITWICE_4682	55	Response	51	3986630	9260	1
S013_DAY2_MINITWICE_4682	55	Pulse	99	4001129	23759	NA
S013_DAY2_MINITWICE_4682	55	Port Input	1	4001129	23759	NA
S013_DAY2_MINITWICE_4682	55	Picture	49_T_FFTRIAD_FF_martillo_red.png	4020570	43200	1	1900	2	43200	1800
S013_DAY2_MINITWICE_4682	56	Picture	FF	4022770	0	1	43099	3	0	43200
S013_DAY2_MINITWICE_4682	56	Response	52	4031501	8731	1
S013_DAY2_MINITWICE_4682	56	Pulse	99	4037130	14360	NA
S013_DAY2_MINITWICE_4682	56	Port Input	1	4037130	14360	NA
S013_DAY2_MINITWICE_4682	56	Picture	50_T_FFTRIAD_FF_granjero_red.png	4065869	43099	2	1900	3	43200	1800
S013_DAY2_MINITWICE_4682	57	Picture	rest	4067869	0	1	144099	2	0	144000
S013_DAY2_MINITWICE_4682	57	Pulse	99	4073131	5262	NA
S013_DAY2_MINITWICE_4682	57	Port Input	1	4073131	5262	NA
S013_DAY2_MINITWICE_4682	57	Pulse	99	4109132	41263	NA
S013_DAY2_MINITWICE_4682	57	Port Input	1	4109132	41263	NA
S013_DAY2_MINITWICE_4682	57	Pulse	99	4145133	77264	NA
S013_DAY2_MINITWICE_4682	57	Port Input	1	4145133	77264	NA
S013_DAY2_MINITWICE_4682	57	Pulse	99	4181134	113265	NA
S013_DAY2_MINITWICE_4682	57	Port Input	1	4181134	113265	NA
S013_DAY2_MINITWICE_4682	58	Picture	endrest	4212067	0	3	10101	4	0	10000
S013_DAY2_MINITWICE_4682	58	Pulse	99	4217135	5068	NA
S013_DAY2_MINITWICE_4682	58	Port Input	1	4217135	5068	NA
S013_DAY2_MINITWICE_4682	59	Picture	FF	4222367	0	3	43200	5	0	43200
S013_DAY2_MINITWICE_4682	59	Response	52	4234336	11969	2
S013_DAY2_MINITWICE_4682	59	Pulse	99	4253136	30769	NA
S013_DAY2_MINITWICE_4682	59	Port Input	1	4253136	30769	NA
S013_DAY2_MINITWICE_4682	59	Picture	53_T_FFTRIAD_FF_huevos_red.png	4265567	43200	2	1901	3	43200	1800
S013_DAY2_MINITWICE_4682	60	Picture	FF	4267768	0	1	43199	3	0	43200
S013_DAY2_MINITWICE_4682	60	Response	51	4285218	17450	1
S013_DAY2_MINITWICE_4682	60	Pulse	99	4289137	21369	NA
S013_DAY2_MINITWICE_4682	60	Port Input	1	4289137	21369	NA
S013_DAY2_MINITWICE_4682	60	Picture	54_T_FFTRIAD_FF_paracaidas_red.png	4310967	43199	2	1900	4	43200	1800
S013_DAY2_MINITWICE_4682	61	Picture	FF	4313067	0	2	43200	3	0	43200
S013_DAY2_MINITWICE_4682	61	Pulse	99	4325138	12071	NA
S013_DAY2_MINITWICE_4682	61	Port Input	1	4325138	12071	NA
S013_DAY2_MINITWICE_4682	61	Response	51	4332814	19747	1
S013_DAY2_MINITWICE_4682	61	Picture	55_T_FFTRIAD_FF_policia_red.png	4356267	43200	1	1900	2	43200	1800
S013_DAY2_MINITWICE_4682	62	Picture	FF	4358567	0	1	43100	2	0	43200
S013_DAY2_MINITWICE_4682	62	Pulse	99	4361138	2571	NA
S013_DAY2_MINITWICE_4682	62	Port Input	1	4361138	2571	NA
S013_DAY2_MINITWICE_4682	62	Response	51	4374840	16273	1
S013_DAY2_MINITWICE_4682	62	Pulse	99	4397139	38572	NA
S013_DAY2_MINITWICE_4682	62	Port Input	1	4397139	38572	NA
S013_DAY2_MINITWICE_4682	62	Picture	56_T_FFTRIAD_FF_novia_red.png	4401667	43100	1	1900	2	43200	1800
S013_DAY2_MINITWICE_4682	63	Picture	RW	4403967	0	1	43099	3	0	43200
S013_DAY2_MINITWICE_4682	63	Response	52	4423742	19775	1
S013_DAY2_MINITWICE_4682	63	Pulse	99	4433140	29173	NA
S013_DAY2_MINITWICE_4682	63	Port Input	1	4433140	29173	NA
S013_DAY2_MINITWICE_4682	63	Picture	57_T_RWTRIAD_RW_esquimal_red.png	4447066	43099	2	1901	3	43200	1800
S013_DAY2_MINITWICE_4682	64	Picture	RW	4449166	0	2	43200	3	0	43200
S013_DAY2_MINITWICE_4682	64	Pulse	99	4469141	19975	NA
S013_DAY2_MINITWICE_4682	64	Port Input	1	4469141	19975	NA
S013_DAY2_MINITWICE_4682	64	Response	51	4471265	22099	1
S013_DAY2_MINITWICE_4682	64	Picture	58_T_RWTRIAD_RW_pilas_red.png	4492366	43200	1	1900	2	43200	1800
S013_DAY2_MINITWICE_4682	65	Picture	RW	4494466	0	1	43200	2	0	43200
S013_DAY2_MINITWICE_4682	65	Pulse	99	4505142	10676	NA
S013_DAY2_MINITWICE_4682	65	Port Input	1	4505142	10676	NA
S013_DAY2_MINITWICE_4682	65	Response	51	4509101	14635	1
S013_DAY2_MINITWICE_4682	65	Picture	59_T_RWTRIAD_RW_novia_red.png	4537666	43200	1	1900	2	43200	1800
S013_DAY2_MINITWICE_4682	66	Picture	RW	4539966	0	1	43099	3	0	43200
S013_DAY2_MINITWICE_4682	66	Pulse	99	4541143	1177	NA
S013_DAY2_MINITWICE_4682	66	Port Input	1	4541143	1177	NA
S013_DAY2_MINITWICE_4682	66	Response	51	4575889	35923	1
S013_DAY2_MINITWICE_4682	66	Pulse	99	4577144	37178	NA
S013_DAY2_MINITWICE_4682	66	Port Input	1	4577144	37178	NA
S013_DAY2_MINITWICE_4682	66	Picture	60_T_RWTRIAD_RW_martillo_red.png	4583065	43099	2	1900	4	43200	1800
S013_DAY2_MINITWICE_4682	67	Picture	rest	4585065	0	2	144099	4	0	144000
S013_DAY2_MINITWICE_4682	67	Pulse	99	4613145	28080	NA
S013_DAY2_MINITWICE_4682	67	Port Input	1	4613145	28080	NA
S013_DAY2_MINITWICE_4682	67	Pulse	99	4649146	64081	NA
S013_DAY2_MINITWICE_4682	67	Port Input	1	4649146	64081	NA
S013_DAY2_MINITWICE_4682	67	Pulse	99	4685147	100082	NA
S013_DAY2_MINITWICE_4682	67	Port Input	1	4685147	100082	NA
S013_DAY2_MINITWICE_4682	67	Pulse	99	4721148	136083	NA
S013_DAY2_MINITWICE_4682	67	Port Input	1	4721148	136083	NA
S013_DAY2_MINITWICE_4682	68	Picture	endrest	4729264	0	2	10100	3	0	10000
S013_DAY2_MINITWICE_4682	69	Picture	PW	4739564	0	1	43200	2	0	43200
S013_DAY2_MINITWICE_4682	69	Pulse	99	4757149	17585	NA
S013_DAY2_MINITWICE_4682	69	Port Input	1	4757149	17585	NA
S013_DAY2_MINITWICE_4682	69	Response	52	4766422	26858	1
S013_DAY2_MINITWICE_4682	69	Picture	63_T_PWTRIAD_PW_portatil_red.png	4782764	43200	1	1900	2	43200	1800
S013_DAY2_MINITWICE_4682	70	Picture	PW	4784864	0	1	43200	2	0	43200
S013_DAY2_MINITWICE_4682	70	Pulse	99	4793150	8286	NA
S013_DAY2_MINITWICE_4682	70	Port Input	1	4793150	8286	NA
S013_DAY2_MINITWICE_4682	70	Response	52	4807207	22343	1
S013_DAY2_MINITWICE_4682	70	Picture	64_T_PWTRIAD_PW_traje_red.png	4828064	43200	1	1900	2	43200	1800
S013_DAY2_MINITWICE_4682	70	Pulse	99	4829151	44287	NA
S013_DAY2_MINITWICE_4682	70	Port Input	1	4829151	44287	NA
S013_DAY2_MINITWICE_4682	71	Picture	PW	4830264	0	1	43199	2	0	43200
S013_DAY2_MINITWICE_4682	71	Response	51	4852374	22110	1
S013_DAY2_MINITWICE_4682	71	Pulse	99	4865152	34888	NA
S013_DAY2_MINITWICE_4682	71	Port Input	1	4865152	34888	NA
S013_DAY2_MINITWICE_4682	71	Picture	65_T_PWTRIAD_PW_piramide_red.png	4873463	43199	1	1900	2	43200	1800
S013_DAY2_MINITWICE_4682	72	Picture	PW	4875663	0	1	43200	2	0	43200
S013_DAY2_MINITWICE_4682	72	Response	52	4896969	21306	1
S013_DAY2_MINITWICE_4682	72	Pulse	99	4901153	25490	NA
S013_DAY2_MINITWICE_4682	72	Port Input	1	4901153	25490	NA
S013_DAY2_MINITWICE_4682	72	Picture	66_T_PWTRIAD_PW_esquimal_red.png	4918863	43200	1	1900	2	43200	1800
S013_DAY2_MINITWICE_4682	73	Picture	PW	4921163	0	1	43100	2	0	43200
S013_DAY2_MINITWICE_4682	73	Pulse	99	4937154	15991	NA
S013_DAY2_MINITWICE_4682	73	Port Input	1	4937154	15991	NA
S013_DAY2_MINITWICE_4682	73	Response	51	4938386	17223	1
S013_DAY2_MINITWICE_4682	73	Picture	67_T_PWTRIAD_PW_llave_red.png	4964263	43100	1	1900	2	43200	1800
S013_DAY2_MINITWICE_4682	74	Picture	PW	4966563	0	1	43199	2	0	43200
S013_DAY2_MINITWICE_4682	74	Pulse	99	4973154	6591	NA
S013_DAY2_MINITWICE_4682	74	Port Input	1	4973154	6591	NA
S013_DAY2_MINITWICE_4682	74	Response	52	4987454	20891	2
S013_DAY2_MINITWICE_4682	74	Pulse	99	5009155	42592	NA
S013_DAY2_MINITWICE_4682	74	Port Input	1	5009155	42592	NA
S013_DAY2_MINITWICE_4682	74	Picture	68_T_PWTRIAD_PW_bala_red.png	5009762	43199	1	1900	2	43200	1800
S013_DAY2_MINITWICE_4682	75	Picture	PW	5011862	0	1	43200	2	0	43200
S013_DAY2_MINITWICE_4682	75	Response	52	5033592	21730	1
S013_DAY2_MINITWICE_4682	75	Pulse	99	5045156	33294	NA
S013_DAY2_MINITWICE_4682	75	Port Input	1	5045156	33294	NA
S013_DAY2_MINITWICE_4682	75	Picture	69_T_PWTRIAD_PW_raton_red.png	5055062	43200	1	1900	2	43200	1800
S013_DAY2_MINITWICE_4682	76	Picture	PW	5057262	0	1	43200	2	0	43200
S013_DAY2_MINITWICE_4682	76	Pulse	99	5081157	23895	NA
S013_DAY2_MINITWICE_4682	76	Port Input	1	5081157	23895	NA
S013_DAY2_MINITWICE_4682	76	Response	52	5092505	35243	1
S013_DAY2_MINITWICE_4682	76	Picture	70_T_PWTRIAD_PW_huevos_red.png	5100462	43200	1	1900	2	43200	1800
S013_DAY2_MINITWICE_4682	77	Picture	rest	5102462	0	1	144099	2	0	144000
S013_DAY2_MINITWICE_4682	77	Pulse	99	5117158	14696	NA
S013_DAY2_MINITWICE_4682	77	Port Input	1	5117158	14696	NA
S013_DAY2_MINITWICE_4682	77	Pulse	99	5153159	50697	NA
S013_DAY2_MINITWICE_4682	77	Port Input	1	5153159	50697	NA
S013_DAY2_MINITWICE_4682	77	Pulse	99	5189160	86698	NA
S013_DAY2_MINITWICE_4682	77	Port Input	1	5189160	86698	NA
S013_DAY2_MINITWICE_4682	77	Pulse	99	5225161	122699	NA
S013_DAY2_MINITWICE_4682	77	Port Input	1	5225161	122699	NA
S013_DAY2_MINITWICE_4682	78	Picture	endrest	5246660	0	2	10100	4	0	10000
S013_DAY2_MINITWICE_4682	79	Picture	PW	5256960	0	2	43200	3	0	43200
S013_DAY2_MINITWICE_4682	79	Pulse	99	5261162	4202	NA
S013_DAY2_MINITWICE_4682	79	Port Input	1	5261162	4202	NA
S013_DAY2_MINITWICE_4682	79	Response	52	5275983	19023	1
S013_DAY2_MINITWICE_4682	79	Pulse	99	5297163	40203	NA
S013_DAY2_MINITWICE_4682	79	Port Input	1	5297163	40203	NA
S013_DAY2_MINITWICE_4682	79	Picture	73_T_PWTRIAD_PW_pluma_red.png	5300160	43200	1	1900	2	43200	1800
S013_DAY2_MINITWICE_4682	80	Picture	PW	5302260	0	1	43200	2	0	43200
S013_DAY2_MINITWICE_4682	80	Response	51	5323970	21710	1
S013_DAY2_MINITWICE_4682	80	Pulse	99	5333164	30904	NA
S013_DAY2_MINITWICE_4682	80	Port Input	1	5333164	30904	NA
S013_DAY2_MINITWICE_4682	80	Picture	74_T_PWTRIAD_PW_bellota_red.png	5345460	43200	1	1900	2	43200	1800
S013_DAY2_MINITWICE_4682	81	Picture	PW	5347560	0	1	43199	3	0	43200
S013_DAY2_MINITWICE_4682	81	Pulse	99	5369165	21605	NA
S013_DAY2_MINITWICE_4682	81	Port Input	1	5369165	21605	NA
S013_DAY2_MINITWICE_4682	81	Response	52	5370254	22694	1
S013_DAY2_MINITWICE_4682	81	Picture	75_T_PWTRIAD_PW_cuento_red.png	5390759	43199	2	1900	4	43200	1800
S013_DAY2_MINITWICE_4682	82	Picture	PW	5392959	0	1	43200	2	0	43200
S013_DAY2_MINITWICE_4682	82	Pulse	99	5405166	12207	NA
S013_DAY2_MINITWICE_4682	82	Port Input	1	5405166	12207	NA
S013_DAY2_MINITWICE_4682	82	Response	51	5419512	26553	1
S013_DAY2_MINITWICE_4682	82	Picture	76_T_PWTRIAD_PW_telefono_red.png	5436159	43200	1	1900	2	43200	1800
S013_DAY2_MINITWICE_4682	83	Picture	FF	5438459	0	1	43100	2	0	43200
S013_DAY2_MINITWICE_4682	83	Pulse	99	5441167	2708	NA
S013_DAY2_MINITWICE_4682	83	Port Input	1	5441167	2708	NA
S013_DAY2_MINITWICE_4682	83	Response	51	5450464	12005	1
S013_DAY2_MINITWICE_4682	83	Pulse	99	5477168	38709	NA
S013_DAY2_MINITWICE_4682	83	Port Input	1	5477168	38709	NA
S013_DAY2_MINITWICE_4682	83	Picture	77_T_FFTRIAD_FF_arco_red.png	5481559	43100	1	1900	2	43200	1800
S013_DAY2_MINITWICE_4682	84	Picture	FF	5483759	0	1	43199	3	0	43200
S013_DAY2_MINITWICE_4682	84	Response	52	5498260	14501	1
S013_DAY2_MINITWICE_4682	84	Pulse	99	5513168	29409	NA
S013_DAY2_MINITWICE_4682	84	Port Input	1	5513168	29409	NA
S013_DAY2_MINITWICE_4682	84	Picture	78_T_FFTRIAD_FF_queso_red.png	5526958	43199	2	1900	3	43200	1800
S013_DAY2_MINITWICE_4682	85	Picture	FF	5529258	0	1	43100	2	0	43200
S013_DAY2_MINITWICE_4682	85	Response	52	5539943	10685	1
S013_DAY2_MINITWICE_4682	85	Pulse	99	5549169	19911	NA
S013_DAY2_MINITWICE_4682	85	Port Input	1	5549169	19911	NA
S013_DAY2_MINITWICE_4682	85	Picture	79_T_FFTRIAD_FF_pilas_red.png	5572358	43100	1	1900	2	43200	1800
S013_DAY2_MINITWICE_4682	86	Picture	FF	5574658	0	1	43100	2	0	43200
S013_DAY2_MINITWICE_4682	86	Pulse	99	5585170	10512	NA
S013_DAY2_MINITWICE_4682	86	Port Input	1	5585170	10512	NA
S013_DAY2_MINITWICE_4682	86	Response	51	5604330	29672	1
S013_DAY2_MINITWICE_4682	86	Picture	80_T_FFTRIAD_FF_piramide_red.png	5617758	43100	1	1900	2	43200	1800
S013_DAY2_MINITWICE_4682	87	Picture	rest	5619758	0	1	144099	2	0	144000
S013_DAY2_MINITWICE_4682	87	Pulse	99	5621171	1413	NA
S013_DAY2_MINITWICE_4682	87	Port Input	1	5621171	1413	NA
S013_DAY2_MINITWICE_4682	87	Pulse	99	5657172	37414	NA
S013_DAY2_MINITWICE_4682	87	Port Input	1	5657172	37414	NA
S013_DAY2_MINITWICE_4682	87	Pulse	99	5693173	73415	NA
S013_DAY2_MINITWICE_4682	87	Port Input	1	5693173	73415	NA
S013_DAY2_MINITWICE_4682	87	Pulse	99	5729174	109416	NA
S013_DAY2_MINITWICE_4682	87	Port Input	1	5729174	109416	NA
S013_DAY2_MINITWICE_4682	88	Picture	endrest	5763957	0	1	10100	2	0	10000
S013_DAY2_MINITWICE_4682	88	Pulse	99	5765175	1218	NA
S013_DAY2_MINITWICE_4682	88	Port Input	1	5765175	1218	NA
S013_DAY2_MINITWICE_4682	89	Picture	PW	5774357	0	1	43199	2	0	43200
S013_DAY2_MINITWICE_4682	89	Pulse	99	5801176	26819	NA
S013_DAY2_MINITWICE_4682	89	Port Input	1	5801176	26819	NA
S013_DAY2_MINITWICE_4682	89	Response	52	5803228	28871	2
S013_DAY2_MINITWICE_4682	89	Picture	83_T_PWTRIAD_PW_cinturon_red.png	5817556	43199	1	1900	2	43200	1800
S013_DAY2_MINITWICE_4682	90	Picture	PW	5819656	0	1	43200	2	0	43200
S013_DAY2_MINITWICE_4682	90	Pulse	99	5837177	17521	NA
S013_DAY2_MINITWICE_4682	90	Port Input	1	5837177	17521	NA
S013_DAY2_MINITWICE_4682	90	Response	51	5841823	22167	2
S013_DAY2_MINITWICE_4682	90	Picture	84_T_PWTRIAD_PW_murcielago_red.png	5862856	43200	1	1900	2	43200	1800
S013_DAY2_MINITWICE_4682	91	Picture	PW	5865056	0	1	43200	2	0	43200
S013_DAY2_MINITWICE_4682	91	Pulse	99	5873178	8122	NA
S013_DAY2_MINITWICE_4682	91	Port Input	1	5873178	8122	NA
S013_DAY2_MINITWICE_4682	91	Response	51	5890069	25013	2
S013_DAY2_MINITWICE_4682	91	Picture	85_T_PWTRIAD_PW_estetoscopio_red.png	5908256	43200	1	1900	2	43200	1800
S013_DAY2_MINITWICE_4682	91	Pulse	99	5909179	44123	NA
S013_DAY2_MINITWICE_4682	91	Port Input	1	5909179	44123	NA
S013_DAY2_MINITWICE_4682	92	Picture	PW	5910455	0	2	43200	3	0	43200
S013_DAY2_MINITWICE_4682	92	Response	51	5935266	24811	1
S013_DAY2_MINITWICE_4682	92	Pulse	99	5945180	34725	NA
S013_DAY2_MINITWICE_4682	92	Port Input	1	5945180	34725	NA
S013_DAY2_MINITWICE_4682	92	Picture	86_T_PWTRIAD_PW_sapo_red.png	5953655	43200	1	1900	2	43200	1800
S013_DAY2_MINITWICE_4682	93	Picture	PW	5955755	0	1	43200	2	0	43200
S013_DAY2_MINITWICE_4682	93	Pulse	99	5981181	25426	NA
S013_DAY2_MINITWICE_4682	93	Port Input	1	5981181	25426	NA
S013_DAY2_MINITWICE_4682	93	Response	52	5986227	30472	1
S013_DAY2_MINITWICE_4682	93	Picture	87_T_PWTRIAD_PW_pincel_red.png	5998955	43200	1	1900	2	43200	1800
S013_DAY2_MINITWICE_4682	94	Picture	PW	6001155	0	1	43199	3	0	43200
S013_DAY2_MINITWICE_4682	94	Pulse	99	6017182	16027	NA
S013_DAY2_MINITWICE_4682	94	Port Input	1	6017182	16027	NA
S013_DAY2_MINITWICE_4682	94	Response	51	6017961	16806	1
S013_DAY2_MINITWICE_4682	94	Picture	88_T_PWTRIAD_PW_lechuga_red.png	6044354	43199	2	1900	4	43200	1800
S013_DAY2_MINITWICE_4682	95	Picture	PW	6046454	0	2	43200	3	0	43200
S013_DAY2_MINITWICE_4682	95	Pulse	99	6053183	6729	NA
S013_DAY2_MINITWICE_4682	95	Port Input	1	6053183	6729	NA
S013_DAY2_MINITWICE_4682	95	Response	52	6066063	19609	2
S013_DAY2_MINITWICE_4682	95	Pulse	99	6089183	42729	NA
S013_DAY2_MINITWICE_4682	95	Port Input	1	6089183	42729	NA
S013_DAY2_MINITWICE_4682	95	Picture	89_T_PWTRIAD_PW_zanahoria_red.png	6089654	43200	1	1900	2	43200	1800
S013_DAY2_MINITWICE_4682	96	Picture	PW	6091854	0	1	43200	2	0	43200
S013_DAY2_MINITWICE_4682	96	Response	51	6118749	26895	1
S013_DAY2_MINITWICE_4682	96	Pulse	99	6125184	33330	NA
S013_DAY2_MINITWICE_4682	96	Port Input	1	6125184	33330	NA
S013_DAY2_MINITWICE_4682	96	Picture	90_T_PWTRIAD_PW_paracaidas_red.png	6135054	43200	1	1900	2	43200	1800
S013_DAY2_MINITWICE_4682	97	Picture	rest	6137054	0	1	144099	2	0	144000
S013_DAY2_MINITWICE_4682	97	Pulse	99	6161185	24131	NA
S013_DAY2_MINITWICE_4682	97	Port Input	1	6161185	24131	NA
S013_DAY2_MINITWICE_4682	97	Pulse	99	6197186	60132	NA
S013_DAY2_MINITWICE_4682	97	Port Input	1	6197186	60132	NA
S013_DAY2_MINITWICE_4682	97	Pulse	99	6233187	96133	NA
S013_DAY2_MINITWICE_4682	97	Port Input	1	6233187	96133	NA
S013_DAY2_MINITWICE_4682	97	Pulse	99	6269188	132134	NA
S013_DAY2_MINITWICE_4682	97	Port Input	1	6269188	132134	NA
S013_DAY2_MINITWICE_4682	98	Picture	endrest	6281253	0	1	10100	2	0	10000
S013_DAY2_MINITWICE_4682	99	Picture	FF	6291753	0	1	43099	2	0	43200
S013_DAY2_MINITWICE_4682	99	Response	51	6305046	13293	2
S013_DAY2_MINITWICE_4682	99	Pulse	99	6305189	13436	NA
S013_DAY2_MINITWICE_4682	99	Port Input	1	6305189	13436	NA
S013_DAY2_MINITWICE_4682	99	Picture	93_T_FFTRIAD_FF_ancla_red.png	6334852	43099	1	1900	2	43200	1800
S013_DAY2_MINITWICE_4682	100	Picture	FF	6337052	0	1	43200	2	0	43200
S013_DAY2_MINITWICE_4682	100	Pulse	99	6341190	4138	NA
S013_DAY2_MINITWICE_4682	100	Port Input	1	6341190	4138	NA
S013_DAY2_MINITWICE_4682	100	Response	52	6360660	23608	1
S013_DAY2_MINITWICE_4682	100	Pulse	99	6377191	40139	NA
S013_DAY2_MINITWICE_4682	100	Port Input	1	6377191	40139	NA
S013_DAY2_MINITWICE_4682	100	Picture	94_T_FFTRIAD_FF_chupete_red.png	6380252	43200	1	1900	2	43200	1800
S013_DAY2_MINITWICE_4682	101	Picture	FF	6382452	0	1	43200	2	0	43200
S013_DAY2_MINITWICE_4682	101	Response	51	6404313	21861	1
S013_DAY2_MINITWICE_4682	101	Pulse	99	6413192	30740	NA
S013_DAY2_MINITWICE_4682	101	Port Input	1	6413192	30740	NA
S013_DAY2_MINITWICE_4682	101	Picture	95_T_FFTRIAD_FF_teclado_red.png	6425652	43200	1	1900	2	43200	1800
S013_DAY2_MINITWICE_4682	102	Picture	FF	6427952	0	1	43099	2	0	43200
S013_DAY2_MINITWICE_4682	102	Response	51	6445811	17859	1
S013_DAY2_MINITWICE_4682	102	Pulse	99	6449193	21241	NA
S013_DAY2_MINITWICE_4682	102	Port Input	1	6449193	21241	NA
S013_DAY2_MINITWICE_4682	102	Picture	96_T_FFTRIAD_FF_tijera_red.png	6471051	43099	1	1900	2	43200	1800
S013_DAY2_MINITWICE_4682	103	Picture	FF	6473351	0	2	43100	3	0	43200
S013_DAY2_MINITWICE_4682	103	Pulse	99	6485194	11843	NA
S013_DAY2_MINITWICE_4682	103	Port Input	1	6485194	11843	NA
S013_DAY2_MINITWICE_4682	103	Response	51	6494639	21288	1
S013_DAY2_MINITWICE_4682	103	Picture	97_T_FFTRIAD_FF_plato_red.png	6516451	43100	1	1900	2	43200	1800
S013_DAY2_MINITWICE_4682	104	Picture	FF	6518651	0	1	43200	2	0	43200
S013_DAY2_MINITWICE_4682	104	Pulse	99	6521195	2544	NA
S013_DAY2_MINITWICE_4682	104	Port Input	1	6521195	2544	NA
S013_DAY2_MINITWICE_4682	104	Response	51	6534298	15647	1
S013_DAY2_MINITWICE_4682	104	Pulse	99	6557196	38545	NA
S013_DAY2_MINITWICE_4682	104	Port Input	1	6557196	38545	NA
S013_DAY2_MINITWICE_4682	104	Picture	98_T_FFTRIAD_FF_lechuga_red.png	6561851	43200	1	1899	3	43200	1800
S013_DAY2_MINITWICE_4682	105	Picture	FF	6564050	0	2	43200	3	0	43200
S013_DAY2_MINITWICE_4682	105	Pulse	99	6593197	29147	NA
S013_DAY2_MINITWICE_4682	105	Port Input	1	6593197	29147	NA
S013_DAY2_MINITWICE_4682	105	Response	52	6595273	31223	1
S013_DAY2_MINITWICE_4682	105	Picture	99_T_FFTRIAD_FF_carruaje_red.png	6607250	43200	1	1900	2	43200	1800
S013_DAY2_MINITWICE_4682	106	Picture	FF	6609450	0	1	43200	2	0	43200
S013_DAY2_MINITWICE_4682	106	Response	52	6624111	14661	1
S013_DAY2_MINITWICE_4682	106	Pulse	99	6629198	19748	NA
S013_DAY2_MINITWICE_4682	106	Port Input	1	6629198	19748	NA
S013_DAY2_MINITWICE_4682	106	Picture	100_T_FFTRIAD_FF_cerillas_red.png	6652650	43200	1	1900	2	43200	1800
S013_DAY2_MINITWICE_4682	107	Picture	rest	6654650	0	1	144099	2	0	144000
S013_DAY2_MINITWICE_4682	107	Pulse	99	6665198	10548	NA
S013_DAY2_MINITWICE_4682	107	Port Input	1	6665198	10548	NA
S013_DAY2_MINITWICE_4682	107	Pulse	99	6701199	46549	NA
S013_DAY2_MINITWICE_4682	107	Port Input	1	6701199	46549	NA
S013_DAY2_MINITWICE_4682	107	Pulse	99	6737200	82550	NA
S013_DAY2_MINITWICE_4682	107	Port Input	1	6737200	82550	NA
S013_DAY2_MINITWICE_4682	107	Pulse	99	6773201	118551	NA
S013_DAY2_MINITWICE_4682	107	Port Input	1	6773201	118551	NA
S013_DAY2_MINITWICE_4682	108	Picture	endrest	6798849	0	1	10100	2	0	10000
S013_DAY2_MINITWICE_4682	109	Picture	RW	6809149	0	1	43199	3	0	43200
S013_DAY2_MINITWICE_4682	109	Pulse	99	6809202	53	NA
S013_DAY2_MINITWICE_4682	109	Port Input	1	6809202	53	NA
S013_DAY2_MINITWICE_4682	109	Response	51	6830766	21617	1
S013_DAY2_MINITWICE_4682	109	Pulse	99	6845203	36054	NA
S013_DAY2_MINITWICE_4682	109	Port Input	1	6845203	36054	NA
S013_DAY2_MINITWICE_4682	109	Picture	103_T_RWTRIAD_RW_cuento_red.png	6852348	43199	2	1900	3	43200	1800
S013_DAY2_MINITWICE_4682	110	Picture	RW	6854548	0	2	43200	3	0	43200
S013_DAY2_MINITWICE_4682	110	Pulse	99	6881204	26656	NA
S013_DAY2_MINITWICE_4682	110	Port Input	1	6881204	26656	NA
S013_DAY2_MINITWICE_4682	110	Response	52	6888661	34113	1
S013_DAY2_MINITWICE_4682	110	Picture	104_T_RWTRIAD_RW_lechuga_red.png	6897748	43200	1	1900	2	43200	1800
S013_DAY2_MINITWICE_4682	111	Picture	RW	6899848	0	1	43200	2	0	43200
S013_DAY2_MINITWICE_4682	111	Pulse	99	6917205	17357	NA
S013_DAY2_MINITWICE_4682	111	Port Input	1	6917205	17357	NA
S013_DAY2_MINITWICE_4682	111	Response	52	6922450	22602	1
S013_DAY2_MINITWICE_4682	111	Picture	105_T_RWTRIAD_RW_paraguas_red.png	6943048	43200	1	1900	2	43200	1800
S013_DAY2_MINITWICE_4682	112	Picture	RW	6945348	0	1	43099	3	0	43200
S013_DAY2_MINITWICE_4682	112	Pulse	99	6953206	7858	NA
S013_DAY2_MINITWICE_4682	112	Port Input	1	6953206	7858	NA
S013_DAY2_MINITWICE_4682	112	Response	51	6966344	20996	1
S013_DAY2_MINITWICE_4682	112	Picture	106_T_RWTRIAD_RW_manos_red.png	6988447	43099	2	1900	3	43200	1800
S013_DAY2_MINITWICE_4682	112	Pulse	99	6989207	43859	NA
S013_DAY2_MINITWICE_4682	112	Port Input	1	6989207	43859	NA
S013_DAY2_MINITWICE_4682	113	Picture	RW	6990547	0	1	43200	2	0	43200
S013_DAY2_MINITWICE_4682	113	Response	52	7012638	22091	1
S013_DAY2_MINITWICE_4682	113	Pulse	99	7025208	34661	NA
S013_DAY2_MINITWICE_4682	113	Port Input	1	7025208	34661	NA
S013_DAY2_MINITWICE_4682	113	Picture	107_T_RWTRIAD_RW_raton_red.png	7033747	43200	1	1900	2	43200	1800
S013_DAY2_MINITWICE_4682	114	Picture	RW	7035847	0	1	43200	2	0	43200
S013_DAY2_MINITWICE_4682	114	Response	51	7059493	23646	1
S013_DAY2_MINITWICE_4682	114	Pulse	99	7061209	25362	NA
S013_DAY2_MINITWICE_4682	114	Port Input	1	7061209	25362	NA
S013_DAY2_MINITWICE_4682	114	Picture	108_T_RWTRIAD_RW_traje_red.png	7079047	43200	1	1900	2	43200	1800
S013_DAY2_MINITWICE_4682	115	Picture	RW	7081247	0	1	43199	2	0	43200
S013_DAY2_MINITWICE_4682	115	Pulse	99	7097210	15963	NA
S013_DAY2_MINITWICE_4682	115	Port Input	1	7097210	15963	NA
S013_DAY2_MINITWICE_4682	115	Response	51	7104734	23487	1
S013_DAY2_MINITWICE_4682	115	Picture	109_T_RWTRIAD_RW_portatil_red.png	7124446	43199	1	1900	2	43200	1800
S013_DAY2_MINITWICE_4682	116	Picture	RW	7126646	0	1	43200	2	0	43200
S013_DAY2_MINITWICE_4682	116	Pulse	99	7133211	6565	NA
S013_DAY2_MINITWICE_4682	116	Port Input	1	7133211	6565	NA
S013_DAY2_MINITWICE_4682	116	Response	51	7141462	14816	1
S013_DAY2_MINITWICE_4682	116	Pulse	99	7169212	42566	NA
S013_DAY2_MINITWICE_4682	116	Port Input	1	7169212	42566	NA
S013_DAY2_MINITWICE_4682	116	Picture	110_T_RWTRIAD_RW_piramide_red.png	7169846	43200	1	1900	2	43200	1800
S013_DAY2_MINITWICE_4682	117	Picture	rest	7171846	0	1	144099	2	0	144000
S013_DAY2_MINITWICE_4682	117	Pulse	99	7205213	33367	NA
S013_DAY2_MINITWICE_4682	117	Port Input	1	7205213	33367	NA
S013_DAY2_MINITWICE_4682	117	Pulse	99	7241213	69367	NA
S013_DAY2_MINITWICE_4682	117	Port Input	1	7241213	69367	NA
S013_DAY2_MINITWICE_4682	117	Pulse	99	7277214	105368	NA
S013_DAY2_MINITWICE_4682	117	Port Input	1	7277214	105368	NA
S013_DAY2_MINITWICE_4682	117	Pulse	99	7313215	141369	NA
S013_DAY2_MINITWICE_4682	117	Port Input	1	7313215	141369	NA
S013_DAY2_MINITWICE_4682	118	Picture	endrest	7316045	0	1	10100	2	0	10000
S013_DAY2_MINITWICE_4682	119	Picture	RW	7326445	0	1	43200	2	0	43200
S013_DAY2_MINITWICE_4682	119	Pulse	99	7349216	22771	NA
S013_DAY2_MINITWICE_4682	119	Port Input	1	7349216	22771	NA
S013_DAY2_MINITWICE_4682	119	Response	52	7351707	25262	2
S013_DAY2_MINITWICE_4682	119	Picture	113_T_RWTRIAD_RW_agua_red.png	7369645	43200	1	1899	3	43200	1800
S013_DAY2_MINITWICE_4682	120	Picture	RW	7371744	0	2	43200	3	0	43200
S013_DAY2_MINITWICE_4682	120	Pulse	99	7385217	13473	NA
S013_DAY2_MINITWICE_4682	120	Port Input	1	7385217	13473	NA
S013_DAY2_MINITWICE_4682	120	Response	51	7394011	22267	2
S013_DAY2_MINITWICE_4682	120	Picture	114_T_RWTRIAD_RW_madera_red.png	7414944	43200	1	1900	2	43200	1800
S013_DAY2_MINITWICE_4682	121	Picture	RW	7417044	0	1	43200	2	0	43200
S013_DAY2_MINITWICE_4682	121	Pulse	99	7421218	4174	NA
S013_DAY2_MINITWICE_4682	121	Port Input	1	7421218	4174	NA
S013_DAY2_MINITWICE_4682	121	Response	51	7440407	23363	1
S013_DAY2_MINITWICE_4682	121	Pulse	99	7457219	40175	NA
S013_DAY2_MINITWICE_4682	121	Port Input	1	7457219	40175	NA
S013_DAY2_MINITWICE_4682	121	Picture	115_T_RWTRIAD_RW_ascensor_red.png	7460244	43200	1	1900	2	43200	1800
S013_DAY2_MINITWICE_4682	122	Picture	RW	7462444	0	1	43199	3	0	43200
S013_DAY2_MINITWICE_4682	122	Response	51	7478040	15596	1
S013_DAY2_MINITWICE_4682	122	Pulse	99	7493220	30776	NA
S013_DAY2_MINITWICE_4682	122	Port Input	1	7493220	30776	NA
S013_DAY2_MINITWICE_4682	122	Picture	116_T_RWTRIAD_RW_dedal_red.png	7505643	43199	2	1900	4	43200	1800
S013_DAY2_MINITWICE_4682	123	Picture	PW	7507843	0	2	43200	3	0	43200
S013_DAY2_MINITWICE_4682	123	Pulse	99	7529221	21378	NA
S013_DAY2_MINITWICE_4682	123	Port Input	1	7529221	21378	NA
S013_DAY2_MINITWICE_4682	123	Response	52	7530526	22683	1
S013_DAY2_MINITWICE_4682	123	Picture	117_T_PWTRIAD_PW_sombrilla_red.png	7551043	43200	1	1900	2	43200	1800
S013_DAY2_MINITWICE_4682	124	Picture	PW	7553243	0	1	43200	2	0	43200
S013_DAY2_MINITWICE_4682	124	Pulse	99	7565222	11979	NA
S013_DAY2_MINITWICE_4682	124	Port Input	1	7565222	11979	NA
S013_DAY2_MINITWICE_4682	124	Response	51	7573778	20535	1
S013_DAY2_MINITWICE_4682	124	Picture	118_T_PWTRIAD_PW_candado_red.png	7596443	43200	1	1900	2	43200	1800
S013_DAY2_MINITWICE_4682	125	Picture	PW	7598643	0	1	43099	3	0	43200
S013_DAY2_MINITWICE_4682	125	Pulse	99	7601223	2580	NA
S013_DAY2_MINITWICE_4682	125	Port Input	1	7601223	2580	NA
S013_DAY2_MINITWICE_4682	125	Response	52	7614954	16311	1
S013_DAY2_MINITWICE_4682	125	Pulse	99	7637224	38581	NA
S013_DAY2_MINITWICE_4682	125	Port Input	1	7637224	38581	NA
S013_DAY2_MINITWICE_4682	125	Picture	119_T_PWTRIAD_PW_grapadora_red.png	7641742	43099	2	1900	4	43200	1800
S013_DAY2_MINITWICE_4682	126	Picture	PW	7644042	0	2	43100	3	0	43200
S013_DAY2_MINITWICE_4682	126	Response	51	7671220	27178	1
S013_DAY2_MINITWICE_4682	126	Pulse	99	7673225	29183	NA
S013_DAY2_MINITWICE_4682	126	Port Input	1	7673225	29183	NA
S013_DAY2_MINITWICE_4682	126	Picture	120_T_PWTRIAD_PW_carruaje_red.png	7687142	43100	1	1900	2	43200	1800
S013_DAY2_MINITWICE_4682	127	Picture	rest	7689142	0	1	144099	2	0	144000
S013_DAY2_MINITWICE_4682	127	Pulse	99	7709226	20084	NA
S013_DAY2_MINITWICE_4682	127	Port Input	1	7709226	20084	NA
S013_DAY2_MINITWICE_4682	127	Pulse	99	7745227	56085	NA
S013_DAY2_MINITWICE_4682	127	Port Input	1	7745227	56085	NA
S013_DAY2_MINITWICE_4682	127	Pulse	99	7781227	92085	NA
S013_DAY2_MINITWICE_4682	127	Port Input	1	7781227	92085	NA
S013_DAY2_MINITWICE_4682	127	Pulse	99	7817228	128086	NA
S013_DAY2_MINITWICE_4682	127	Port Input	1	7817228	128086	NA
S013_DAY2_MINITWICE_4682	128	Picture	endrest	7833341	0	1	10100	2	0	10000
S013_DAY2_MINITWICE_4682	129	Picture	RW	7843641	0	1	43200	2	0	43200
S013_DAY2_MINITWICE_4682	129	Pulse	99	7853229	9588	NA
S013_DAY2_MINITWICE_4682	129	Port Input	1	7853229	9588	NA
S013_DAY2_MINITWICE_4682	129	Response	51	7861003	17362	1
S013_DAY2_MINITWICE_4682	129	Picture	123_T_RWTRIAD_RW_cortina_red.png	7886841	43200	1	1900	2	43200	1800
S013_DAY2_MINITWICE_4682	130	Picture	RW	7888941	0	1	43199	2	0	43200
S013_DAY2_MINITWICE_4682	130	Pulse	99	7889230	289	NA
S013_DAY2_MINITWICE_4682	130	Port Input	1	7889230	289	NA
S013_DAY2_MINITWICE_4682	130	Response	51	7917619	28678	1
S013_DAY2_MINITWICE_4682	130	Pulse	99	7925231	36290	NA
S013_DAY2_MINITWICE_4682	130	Port Input	1	7925231	36290	NA
S013_DAY2_MINITWICE_4682	130	Picture	124_T_RWTRIAD_RW_perro_red.png	7932140	43199	1	1900	2	43200	1800
S013_DAY2_MINITWICE_4682	131	Picture	RW	7934240	0	1	43200	2	0	43200
S013_DAY2_MINITWICE_4682	131	Response	52	7950233	15993	1
S013_DAY2_MINITWICE_4682	131	Pulse	99	7961232	26992	NA
S013_DAY2_MINITWICE_4682	131	Port Input	1	7961232	26992	NA
S013_DAY2_MINITWICE_4682	131	Picture	125_T_RWTRIAD_RW_gafas_red.png	7977440	43200	1	1900	2	43200	1800
S013_DAY2_MINITWICE_4682	132	Picture	RW	7979640	0	1	43200	2	0	43200
S013_DAY2_MINITWICE_4682	132	Pulse	99	7997233	17593	NA
S013_DAY2_MINITWICE_4682	132	Port Input	1	7997233	17593	NA
S013_DAY2_MINITWICE_4682	132	Response	51	8002557	22917	1
S013_DAY2_MINITWICE_4682	132	Picture	126_T_RWTRIAD_RW_banera_red.png	8022840	43200	1	1900	2	43200	1800
S013_DAY2_MINITWICE_4682	133	Picture	RW	8024940	0	1	43199	2	0	43200
S013_DAY2_MINITWICE_4682	133	Pulse	99	8033234	8294	NA
S013_DAY2_MINITWICE_4682	133	Port Input	1	8033234	8294	NA
S013_DAY2_MINITWICE_4682	133	Response	51	8045856	20916	1
S013_DAY2_MINITWICE_4682	133	Picture	127_T_RWTRIAD_RW_pizarra_red.png	8068139	43199	1	1900	2	43200	1800
S013_DAY2_MINITWICE_4682	133	Pulse	99	8069235	44295	NA
S013_DAY2_MINITWICE_4682	133	Port Input	1	8069235	44295	NA
S013_DAY2_MINITWICE_4682	134	Picture	RW	8070239	0	1	43200	2	0	43200
S013_DAY2_MINITWICE_4682	134	Response	51	8097443	27204	1
S013_DAY2_MINITWICE_4682	134	Pulse	99	8105236	34997	NA
S013_DAY2_MINITWICE_4682	134	Port Input	1	8105236	34997	NA
S013_DAY2_MINITWICE_4682	134	Picture	128_T_RWTRIAD_RW_estetoscopio_red.png	8113439	43200	1	1900	2	43200	1800
S013_DAY2_MINITWICE_4682	135	Picture	RW	8115539	0	1	43200	2	0	43200
S013_DAY2_MINITWICE_4682	135	Response	51	8134445	18906	2
S013_DAY2_MINITWICE_4682	135	Pulse	99	8141237	25698	NA
S013_DAY2_MINITWICE_4682	135	Port Input	1	8141237	25698	NA
S013_DAY2_MINITWICE_4682	135	Picture	129_T_RWTRIAD_RW_granjero_red.png	8158739	43200	1	1899	3	43200	1800
S013_DAY2_MINITWICE_4682	136	Picture	RW	8160839	0	1	43199	2	0	43200
S013_DAY2_MINITWICE_4682	136	Pulse	99	8177238	16399	NA
S013_DAY2_MINITWICE_4682	136	Port Input	1	8177238	16399	NA
S013_DAY2_MINITWICE_4682	136	Response	52	8182053	21214	1
S013_DAY2_MINITWICE_4682	136	Picture	130_T_RWTRIAD_RW_sapo_red.png	8204038	43199	1	1900	2	43200	1800
S013_DAY2_MINITWICE_4682	137	Picture	rest	8206038	0	1	144099	2	0	144000
S013_DAY2_MINITWICE_4682	137	Pulse	99	8213239	7201	NA
S013_DAY2_MINITWICE_4682	137	Port Input	1	8213239	7201	NA
S013_DAY2_MINITWICE_4682	137	Pulse	99	8249240	43202	NA
S013_DAY2_MINITWICE_4682	137	Port Input	1	8249240	43202	NA
S013_DAY2_MINITWICE_4682	137	Pulse	99	8285241	79203	NA
S013_DAY2_MINITWICE_4682	137	Port Input	1	8285241	79203	NA
S013_DAY2_MINITWICE_4682	137	Pulse	99	8321242	115204	NA
S013_DAY2_MINITWICE_4682	137	Port Input	1	8321242	115204	NA
S013_DAY2_MINITWICE_4682	138	Picture	endrest	8350237	0	1	10100	2	0	10000
S013_DAY2_MINITWICE_4682	138	Pulse	99	8357242	7005	NA
S013_DAY2_MINITWICE_4682	138	Port Input	1	8357242	7005	NA
S013_DAY2_MINITWICE_4682	139	Picture	RW	8360537	0	1	43200	2	0	43200
S013_DAY2_MINITWICE_4682	139	Response	52	8379438	18901	1
S013_DAY2_MINITWICE_4682	139	Pulse	99	8393243	32706	NA
S013_DAY2_MINITWICE_4682	139	Port Input	1	8393243	32706	NA
S013_DAY2_MINITWICE_4682	139	Picture	133_T_RWTRIAD_RW_monja_red.png	8403737	43200	1	1900	2	43200	1800
S013_DAY2_MINITWICE_4682	140	Picture	RW	8405937	0	1	43199	2	0	43200
S013_DAY2_MINITWICE_4682	140	Response	52	8420995	15058	2
S013_DAY2_MINITWICE_4682	140	Pulse	99	8429244	23307	NA
S013_DAY2_MINITWICE_4682	140	Port Input	1	8429244	23307	NA
S013_DAY2_MINITWICE_4682	140	Picture	134_T_RWTRIAD_RW_futbol_red.png	8449136	43199	1	1900	2	43200	1800
S013_DAY2_MINITWICE_4682	141	Picture	RW	8451236	0	1	43200	2	0	43200
S013_DAY2_MINITWICE_4682	141	Pulse	99	8465245	14009	NA
S013_DAY2_MINITWICE_4682	141	Port Input	1	8465245	14009	NA
S013_DAY2_MINITWICE_4682	141	Response	51	8469119	17883	1
S013_DAY2_MINITWICE_4682	141	Picture	135_T_RWTRIAD_RW_policia_red.png	8494436	43200	1	1900	2	43200	1800
S013_DAY2_MINITWICE_4682	142	Picture	RW	8496636	0	1	43200	2	0	43200
S013_DAY2_MINITWICE_4682	142	Pulse	99	8501246	4610	NA
S013_DAY2_MINITWICE_4682	142	Port Input	1	8501246	4610	NA
S013_DAY2_MINITWICE_4682	142	Response	52	8512865	16229	1
S013_DAY2_MINITWICE_4682	142	Pulse	99	8537247	40611	NA
S013_DAY2_MINITWICE_4682	142	Port Input	1	8537247	40611	NA
S013_DAY2_MINITWICE_4682	142	Picture	136_T_RWTRIAD_RW_arbol_red.png	8539836	43200	1	1900	2	43200	1800
S013_DAY2_MINITWICE_4682	143	Picture	rest	8541836	0	1	144099	2	0	144000
S013_DAY2_MINITWICE_4682	143	Pulse	99	8573248	31412	NA
S013_DAY2_MINITWICE_4682	143	Port Input	1	8573248	31412	NA
S013_DAY2_MINITWICE_4682	144	Picture	endrest	8686035	0	1	10100	2	0	10000
S013_DAY2_MINITWICE_4682	145	Picture	endrest	8696234	0	2	10100	4	0	10000
S013_DAY2_MINITWICE_4682	146	Picture	endrest	8706434	0	2	10100	3	0	10000
S013_DAY2_MINITWICE_4682	147	Picture	endrest	8716634	0	1	10100	2	0	10000
