Scenario - vOT_Triads_fMRI_I
Logfile written - 06/01/2015 15:24:38

Subject	Trial	Event Type	Code	Time	TTime	Uncertainty	Duration	Uncertainty	ReqTime	ReqDur

S014_DAY1_MINITWICE_3750	1	Response	98	187699	197599	3
S014_DAY1_MINITWICE_3750	2	Response	52	408244	220446	2
S014_DAY1_MINITWICE_3750	2	Response	98	416337	228539	1
S014_DAY1_MINITWICE_3750	3	Response	51	592998	176502	2
S014_DAY1_MINITWICE_3750	3	Response	98	599699	183203	1
S014_DAY1_MINITWICE_3750	4	Response	52	706180	106385	2
S014_DAY1_MINITWICE_3750	4	Response	98	723294	123499	40
S014_DAY1_MINITWICE_3750	6	Pulse	99	962992	239498	NA
S014_DAY1_MINITWICE_3750	6	Port Input	1	962992	239498	NA
S014_DAY1_MINITWICE_3750	6	Pulse	99	998992	275498	NA
S014_DAY1_MINITWICE_3750	6	Port Input	1	998992	275498	NA
S014_DAY1_MINITWICE_3750	6	Pulse	99	1034993	311499	NA
S014_DAY1_MINITWICE_3750	6	Port Input	1	1034993	311499	NA
S014_DAY1_MINITWICE_3750	6	Pulse	99	1070995	347501	NA
S014_DAY1_MINITWICE_3750	6	Port Input	1	1070995	347501	NA
S014_DAY1_MINITWICE_3750	6	Pulse	99	1106995	383501	NA
S014_DAY1_MINITWICE_3750	6	Port Input	1	1106995	383501	NA
S014_DAY1_MINITWICE_3750	7	Picture	rest	1107291	0	1	144099	2	0	144000
S014_DAY1_MINITWICE_3750	7	Pulse	99	1142996	35705	NA
S014_DAY1_MINITWICE_3750	7	Port Input	1	1142996	35705	NA
S014_DAY1_MINITWICE_3750	7	Pulse	99	1178997	71706	NA
S014_DAY1_MINITWICE_3750	7	Port Input	1	1178997	71706	NA
S014_DAY1_MINITWICE_3750	7	Pulse	99	1214998	107707	NA
S014_DAY1_MINITWICE_3750	7	Port Input	1	1214998	107707	NA
S014_DAY1_MINITWICE_3750	7	Pulse	99	1250999	143708	NA
S014_DAY1_MINITWICE_3750	7	Port Input	1	1250999	143708	NA
S014_DAY1_MINITWICE_3750	8	Picture	endrest	1251490	0	1	10100	2	0	10000
S014_DAY1_MINITWICE_3750	9	Picture	RW	1261790	0	1	43199	2	0	43200
S014_DAY1_MINITWICE_3750	9	Response	51	1283247	21457	2
S014_DAY1_MINITWICE_3750	9	Pulse	99	1287000	25210	NA
S014_DAY1_MINITWICE_3750	9	Port Input	1	1287000	25210	NA
S014_DAY1_MINITWICE_3750	9	Picture	3_T_RWTRIAD_RW_telefono_red.png	1304989	43199	1	1900	2	43200	1800
S014_DAY1_MINITWICE_3750	10	Picture	RW	1307089	0	1	43200	2	0	43200
S014_DAY1_MINITWICE_3750	10	Pulse	99	1323001	15912	NA
S014_DAY1_MINITWICE_3750	10	Port Input	1	1323001	15912	NA
S014_DAY1_MINITWICE_3750	10	Response	52	1326171	19082	1
S014_DAY1_MINITWICE_3750	10	Picture	4_T_RWTRIAD_RW_plato_red.png	1350289	43200	1	1900	2	43200	1800
S014_DAY1_MINITWICE_3750	11	Picture	RW	1352389	0	1	43200	2	0	43200
S014_DAY1_MINITWICE_3750	11	Pulse	99	1359002	6613	NA
S014_DAY1_MINITWICE_3750	11	Port Input	1	1359002	6613	NA
S014_DAY1_MINITWICE_3750	11	Response	51	1366709	14320	2
S014_DAY1_MINITWICE_3750	11	Pulse	99	1395003	42614	NA
S014_DAY1_MINITWICE_3750	11	Port Input	1	1395003	42614	NA
S014_DAY1_MINITWICE_3750	11	Picture	5_T_RWTRIAD_RW_ancla_red.png	1395589	43200	1	1900	2	43200	1800
S014_DAY1_MINITWICE_3750	12	Picture	RW	1397688	0	2	43200	3	0	43200
S014_DAY1_MINITWICE_3750	12	Response	52	1413537	15849	1
S014_DAY1_MINITWICE_3750	12	Pulse	99	1431004	33316	NA
S014_DAY1_MINITWICE_3750	12	Port Input	1	1431004	33316	NA
S014_DAY1_MINITWICE_3750	12	Picture	6_T_RWTRIAD_RW_bellota_red.png	1440888	43200	1	1900	3	43200	1800
S014_DAY1_MINITWICE_3750	13	Picture	RW	1442988	0	1	43200	2	0	43200
S014_DAY1_MINITWICE_3750	13	Response	51	1458475	15487	1
S014_DAY1_MINITWICE_3750	13	Pulse	99	1467005	24017	NA
S014_DAY1_MINITWICE_3750	13	Port Input	1	1467005	24017	NA
S014_DAY1_MINITWICE_3750	13	Picture	7_T_RWTRIAD_RW_teclado_red.png	1486188	43200	1	1900	2	43200	1800
S014_DAY1_MINITWICE_3750	14	Picture	RW	1488288	0	1	43199	3	0	43200
S014_DAY1_MINITWICE_3750	14	Pulse	99	1503006	14718	NA
S014_DAY1_MINITWICE_3750	14	Port Input	1	1503006	14718	NA
S014_DAY1_MINITWICE_3750	14	Response	52	1510301	22013	1
S014_DAY1_MINITWICE_3750	14	Picture	8_T_RWTRIAD_RW_pincel_red.png	1531487	43199	2	1901	3	43200	1800
S014_DAY1_MINITWICE_3750	15	Picture	RW	1533587	0	2	43200	3	0	43200
S014_DAY1_MINITWICE_3750	15	Pulse	99	1539007	5420	NA
S014_DAY1_MINITWICE_3750	15	Port Input	1	1539007	5420	NA
S014_DAY1_MINITWICE_3750	15	Response	52	1558288	24701	1
S014_DAY1_MINITWICE_3750	15	Pulse	99	1575007	41420	NA
S014_DAY1_MINITWICE_3750	15	Port Input	1	1575007	41420	NA
S014_DAY1_MINITWICE_3750	15	Picture	9_T_RWTRIAD_RW_cuento_red.png	1576787	43200	1	1900	2	43200	1800
S014_DAY1_MINITWICE_3750	16	Picture	RW	1578887	0	1	43200	2	0	43200
S014_DAY1_MINITWICE_3750	16	Response	52	1596724	17837	1
S014_DAY1_MINITWICE_3750	16	Pulse	99	1611008	32121	NA
S014_DAY1_MINITWICE_3750	16	Port Input	1	1611008	32121	NA
S014_DAY1_MINITWICE_3750	16	Picture	10_T_RWTRIAD_RW_lenador_red.png	1622087	43200	1	1900	2	43200	1800
S014_DAY1_MINITWICE_3750	17	Picture	rest	1624087	0	1	144099	2	0	144000
S014_DAY1_MINITWICE_3750	17	Pulse	99	1647010	22923	NA
S014_DAY1_MINITWICE_3750	17	Port Input	1	1647010	22923	NA
S014_DAY1_MINITWICE_3750	17	Pulse	99	1683010	58923	NA
S014_DAY1_MINITWICE_3750	17	Port Input	1	1683010	58923	NA
S014_DAY1_MINITWICE_3750	17	Pulse	99	1719011	94924	NA
S014_DAY1_MINITWICE_3750	17	Port Input	1	1719011	94924	NA
S014_DAY1_MINITWICE_3750	17	Pulse	99	1755012	130925	NA
S014_DAY1_MINITWICE_3750	17	Port Input	1	1755012	130925	NA
S014_DAY1_MINITWICE_3750	18	Picture	endrest	1768286	0	1	10100	2	0	10000
S014_DAY1_MINITWICE_3750	19	Picture	RW	1778586	0	1	43199	2	0	43200
S014_DAY1_MINITWICE_3750	19	Pulse	99	1791013	12427	NA
S014_DAY1_MINITWICE_3750	19	Port Input	1	1791013	12427	NA
S014_DAY1_MINITWICE_3750	19	Response	51	1799976	21390	1
S014_DAY1_MINITWICE_3750	19	Picture	13_T_RWTRIAD_RW_paracaidas_red.png	1821785	43199	1	1900	2	43200	1800
S014_DAY1_MINITWICE_3750	20	Picture	RW	1823885	0	1	43200	2	0	43200
S014_DAY1_MINITWICE_3750	20	Pulse	99	1827014	3129	NA
S014_DAY1_MINITWICE_3750	20	Port Input	1	1827014	3129	NA
S014_DAY1_MINITWICE_3750	20	Response	51	1838866	14981	2
S014_DAY1_MINITWICE_3750	20	Pulse	99	1863015	39130	NA
S014_DAY1_MINITWICE_3750	20	Port Input	1	1863015	39130	NA
S014_DAY1_MINITWICE_3750	20	Picture	14_T_RWTRIAD_RW_carruaje_red.png	1867085	43200	1	1900	2	43200	1800
S014_DAY1_MINITWICE_3750	21	Picture	RW	1869185	0	1	43200	2	0	43200
S014_DAY1_MINITWICE_3750	21	Response	52	1886735	17550	1
S014_DAY1_MINITWICE_3750	21	Pulse	99	1899016	29831	NA
S014_DAY1_MINITWICE_3750	21	Port Input	1	1899016	29831	NA
S014_DAY1_MINITWICE_3750	21	Picture	15_T_RWTRIAD_RW_arco_red.png	1912385	43200	1	1900	2	43200	1800
S014_DAY1_MINITWICE_3750	22	Picture	RW	1914485	0	1	43199	2	0	43200
S014_DAY1_MINITWICE_3750	22	Response	51	1928086	13601	1
S014_DAY1_MINITWICE_3750	22	Pulse	99	1935017	20532	NA
S014_DAY1_MINITWICE_3750	22	Port Input	1	1935017	20532	NA
S014_DAY1_MINITWICE_3750	22	Picture	16_T_RWTRIAD_RW_botella_red.png	1957684	43199	1	1900	2	43200	1800
S014_DAY1_MINITWICE_3750	23	Picture	FF	1959784	0	1	43200	2	0	43200
S014_DAY1_MINITWICE_3750	23	Pulse	99	1971018	11234	NA
S014_DAY1_MINITWICE_3750	23	Port Input	1	1971018	11234	NA
S014_DAY1_MINITWICE_3750	23	Response	51	1972751	12967	1
S014_DAY1_MINITWICE_3750	23	Picture	17_T_FFTRIAD_FF_candado_red.png	2002984	43200	1	1900	2	43200	1800
S014_DAY1_MINITWICE_3750	24	Picture	FF	2005084	0	1	43200	2	0	43200
S014_DAY1_MINITWICE_3750	24	Pulse	99	2007019	1935	NA
S014_DAY1_MINITWICE_3750	24	Port Input	1	2007019	1935	NA
S014_DAY1_MINITWICE_3750	24	Response	52	2014969	9885	1
S014_DAY1_MINITWICE_3750	24	Pulse	99	2043020	37936	NA
S014_DAY1_MINITWICE_3750	24	Port Input	1	2043020	37936	NA
S014_DAY1_MINITWICE_3750	24	Picture	18_T_FFTRIAD_FF_bala_red.png	2048284	43200	1	1900	2	43200	1800
S014_DAY1_MINITWICE_3750	25	Picture	FF	2050384	0	1	43199	2	0	43200
S014_DAY1_MINITWICE_3750	25	Response	51	2076345	25961	1
S014_DAY1_MINITWICE_3750	25	Pulse	99	2079021	28637	NA
S014_DAY1_MINITWICE_3750	25	Port Input	1	2079021	28637	NA
S014_DAY1_MINITWICE_3750	25	Picture	19_T_FFTRIAD_FF_plato_red.png	2093583	43199	1	1900	2	43200	1800
S014_DAY1_MINITWICE_3750	26	Picture	FF	2095683	0	1	43200	2	0	43200
S014_DAY1_MINITWICE_3750	26	Pulse	99	2115022	19339	NA
S014_DAY1_MINITWICE_3750	26	Port Input	1	2115022	19339	NA
S014_DAY1_MINITWICE_3750	26	Response	51	2116990	21307	1
S014_DAY1_MINITWICE_3750	26	Picture	20_T_FFTRIAD_FF_monja_red.png	2138883	43200	1	1900	2	43200	1800
S014_DAY1_MINITWICE_3750	27	Picture	rest	2140883	0	1	144099	2	0	144000
S014_DAY1_MINITWICE_3750	27	Pulse	99	2151023	10140	NA
S014_DAY1_MINITWICE_3750	27	Port Input	1	2151023	10140	NA
S014_DAY1_MINITWICE_3750	27	Pulse	99	2187023	46140	NA
S014_DAY1_MINITWICE_3750	27	Port Input	1	2187023	46140	NA
S014_DAY1_MINITWICE_3750	27	Pulse	99	2223025	82142	NA
S014_DAY1_MINITWICE_3750	27	Port Input	1	2223025	82142	NA
S014_DAY1_MINITWICE_3750	27	Pulse	99	2259025	118142	NA
S014_DAY1_MINITWICE_3750	27	Port Input	1	2259025	118142	NA
S014_DAY1_MINITWICE_3750	28	Picture	endrest	2285082	0	1	10100	2	0	10000
S014_DAY1_MINITWICE_3750	28	Pulse	99	2295026	9944	NA
S014_DAY1_MINITWICE_3750	28	Port Input	1	2295026	9944	NA
S014_DAY1_MINITWICE_3750	29	Picture	PW	2295382	0	1	43199	2	0	43200
S014_DAY1_MINITWICE_3750	29	Pulse	99	2331027	35645	NA
S014_DAY1_MINITWICE_3750	29	Port Input	1	2331027	35645	NA
S014_DAY1_MINITWICE_3750	29	Response	52	2337577	42195	1
S014_DAY1_MINITWICE_3750	29	Picture	23_T_PWTRIAD_PW_paracaidas_red.png	2338581	43199	1	1900	2	43200	1800
S014_DAY1_MINITWICE_3750	30	Picture	PW	2340681	0	1	43200	2	0	43200
S014_DAY1_MINITWICE_3750	30	Pulse	99	2367028	26347	NA
S014_DAY1_MINITWICE_3750	30	Port Input	1	2367028	26347	NA
S014_DAY1_MINITWICE_3750	30	Response	52	2379573	38892	1
S014_DAY1_MINITWICE_3750	30	Picture	24_T_PWTRIAD_PW_policia_red.png	2383881	43200	1	1900	2	43200	1800
S014_DAY1_MINITWICE_3750	31	Picture	PW	2385981	0	1	43200	2	0	43200
S014_DAY1_MINITWICE_3750	31	Pulse	99	2403029	17048	NA
S014_DAY1_MINITWICE_3750	31	Port Input	1	2403029	17048	NA
S014_DAY1_MINITWICE_3750	31	Response	52	2415686	29705	1
S014_DAY1_MINITWICE_3750	31	Picture	25_T_PWTRIAD_PW_raton_red.png	2429181	43200	1	1900	2	43200	1800
S014_DAY1_MINITWICE_3750	32	Picture	PW	2431281	0	1	43199	2	0	43200
S014_DAY1_MINITWICE_3750	32	Pulse	99	2439030	7749	NA
S014_DAY1_MINITWICE_3750	32	Port Input	1	2439030	7749	NA
S014_DAY1_MINITWICE_3750	32	Response	52	2456065	24784	1
S014_DAY1_MINITWICE_3750	32	Picture	26_T_PWTRIAD_PW_esquimal_red.png	2474480	43199	1	1900	2	43200	1800
S014_DAY1_MINITWICE_3750	32	Pulse	99	2475031	43750	NA
S014_DAY1_MINITWICE_3750	32	Port Input	1	2475031	43750	NA
S014_DAY1_MINITWICE_3750	33	Picture	FF	2476580	0	1	43200	2	0	43200
S014_DAY1_MINITWICE_3750	33	Response	51	2491612	15032	2
S014_DAY1_MINITWICE_3750	33	Pulse	99	2511032	34452	NA
S014_DAY1_MINITWICE_3750	33	Port Input	1	2511032	34452	NA
S014_DAY1_MINITWICE_3750	33	Picture	27_T_FFTRIAD_FF_perro_red.png	2519780	43200	1	1900	2	43200	1800
S014_DAY1_MINITWICE_3750	34	Picture	FF	2521880	0	1	43200	2	0	43200
S014_DAY1_MINITWICE_3750	34	Response	51	2532621	10741	1
S014_DAY1_MINITWICE_3750	34	Pulse	99	2547033	25153	NA
S014_DAY1_MINITWICE_3750	34	Port Input	1	2547033	25153	NA
S014_DAY1_MINITWICE_3750	34	Picture	28_T_FFTRIAD_FF_sapo_red.png	2565080	43200	1	1900	2	43200	1800
S014_DAY1_MINITWICE_3750	35	Picture	FF	2567180	0	1	43199	2	0	43200
S014_DAY1_MINITWICE_3750	35	Response	52	2577037	9857	1
S014_DAY1_MINITWICE_3750	35	Pulse	99	2583034	15854	NA
S014_DAY1_MINITWICE_3750	35	Port Input	1	2583034	15854	NA
S014_DAY1_MINITWICE_3750	35	Picture	29_T_FFTRIAD_FF_telarana_red.png	2610379	43199	1	1900	2	43200	1800
S014_DAY1_MINITWICE_3750	36	Picture	FF	2612479	0	1	43200	2	0	43200
S014_DAY1_MINITWICE_3750	36	Pulse	99	2619035	6556	NA
S014_DAY1_MINITWICE_3750	36	Port Input	1	2619035	6556	NA
S014_DAY1_MINITWICE_3750	36	Response	52	2621044	8565	1
S014_DAY1_MINITWICE_3750	36	Pulse	99	2655036	42557	NA
S014_DAY1_MINITWICE_3750	36	Port Input	1	2655036	42557	NA
S014_DAY1_MINITWICE_3750	36	Picture	30_T_FFTRIAD_FF_bebe_red.png	2655679	43200	1	1900	2	43200	1800
S014_DAY1_MINITWICE_3750	37	Picture	rest	2657679	0	1	144099	2	0	144000
S014_DAY1_MINITWICE_3750	37	Pulse	99	2691037	33358	NA
S014_DAY1_MINITWICE_3750	37	Port Input	1	2691037	33358	NA
S014_DAY1_MINITWICE_3750	37	Pulse	99	2727038	69359	NA
S014_DAY1_MINITWICE_3750	37	Port Input	1	2727038	69359	NA
S014_DAY1_MINITWICE_3750	37	Pulse	99	2763039	105360	NA
S014_DAY1_MINITWICE_3750	37	Port Input	1	2763039	105360	NA
S014_DAY1_MINITWICE_3750	37	Pulse	99	2799039	141360	NA
S014_DAY1_MINITWICE_3750	37	Port Input	1	2799039	141360	NA
S014_DAY1_MINITWICE_3750	38	Picture	endrest	2801878	0	1	10100	2	0	10000
S014_DAY1_MINITWICE_3750	39	Picture	RW	2812178	0	1	43199	2	0	43200
S014_DAY1_MINITWICE_3750	39	Pulse	99	2835040	22862	NA
S014_DAY1_MINITWICE_3750	39	Port Input	1	2835040	22862	NA
S014_DAY1_MINITWICE_3750	39	Response	52	2837461	25283	1
S014_DAY1_MINITWICE_3750	39	Picture	33_T_RWTRIAD_RW_grapadora_red.png	2855377	43199	1	1900	2	43200	1800
S014_DAY1_MINITWICE_3750	40	Picture	RW	2857477	0	1	43200	2	0	43200
S014_DAY1_MINITWICE_3750	40	Pulse	99	2871041	13564	NA
S014_DAY1_MINITWICE_3750	40	Port Input	1	2871041	13564	NA
S014_DAY1_MINITWICE_3750	40	Response	52	2874846	17369	1
S014_DAY1_MINITWICE_3750	40	Picture	34_T_RWTRIAD_RW_arbol_red.png	2900677	43200	1	1900	2	43200	1800
S014_DAY1_MINITWICE_3750	41	Picture	RW	2902777	0	1	43200	2	0	43200
S014_DAY1_MINITWICE_3750	41	Pulse	99	2907042	4265	NA
S014_DAY1_MINITWICE_3750	41	Port Input	1	2907042	4265	NA
S014_DAY1_MINITWICE_3750	41	Response	51	2915894	13117	1
S014_DAY1_MINITWICE_3750	41	Pulse	99	2943043	40266	NA
S014_DAY1_MINITWICE_3750	41	Port Input	1	2943043	40266	NA
S014_DAY1_MINITWICE_3750	41	Picture	35_T_RWTRIAD_RW_manos_red.png	2945977	43200	1	1900	2	43200	1800
S014_DAY1_MINITWICE_3750	42	Picture	RW	2948077	0	1	43199	2	0	43200
S014_DAY1_MINITWICE_3750	42	Response	51	2969090	21013	1
S014_DAY1_MINITWICE_3750	42	Pulse	99	2979044	30967	NA
S014_DAY1_MINITWICE_3750	42	Port Input	1	2979044	30967	NA
S014_DAY1_MINITWICE_3750	42	Picture	36_T_RWTRIAD_RW_granjero_red.png	2991276	43199	1	1900	2	43200	1800
S014_DAY1_MINITWICE_3750	43	Picture	RW	2993376	0	1	43200	2	0	43200
S014_DAY1_MINITWICE_3750	43	Response	52	3006456	13080	1
S014_DAY1_MINITWICE_3750	43	Pulse	99	3015045	21669	NA
S014_DAY1_MINITWICE_3750	43	Port Input	1	3015045	21669	NA
S014_DAY1_MINITWICE_3750	43	Picture	37_T_RWTRIAD_RW_futbol_red.png	3036576	43200	1	1900	2	43200	1800
S014_DAY1_MINITWICE_3750	44	Picture	RW	3038676	0	1	43200	2	0	43200
S014_DAY1_MINITWICE_3750	44	Pulse	99	3051046	12370	NA
S014_DAY1_MINITWICE_3750	44	Port Input	1	3051046	12370	NA
S014_DAY1_MINITWICE_3750	44	Response	51	3051086	12410	1
S014_DAY1_MINITWICE_3750	44	Picture	38_T_RWTRIAD_RW_almohada_red.png	3081876	43200	1	1900	2	43200	1800
S014_DAY1_MINITWICE_3750	45	Picture	RW	3083976	0	1	43199	2	0	43200
S014_DAY1_MINITWICE_3750	45	Pulse	99	3087047	3071	NA
S014_DAY1_MINITWICE_3750	45	Port Input	1	3087047	3071	NA
S014_DAY1_MINITWICE_3750	45	Response	51	3095324	11348	1
S014_DAY1_MINITWICE_3750	45	Pulse	99	3123048	39072	NA
S014_DAY1_MINITWICE_3750	45	Port Input	1	3123048	39072	NA
S014_DAY1_MINITWICE_3750	45	Picture	39_T_RWTRIAD_RW_chupete_red.png	3127175	43199	1	1900	2	43200	1800
S014_DAY1_MINITWICE_3750	46	Picture	RW	3129275	0	1	43200	2	0	43200
S014_DAY1_MINITWICE_3750	46	Response	52	3140342	11067	1
S014_DAY1_MINITWICE_3750	46	Pulse	99	3159049	29774	NA
S014_DAY1_MINITWICE_3750	46	Port Input	1	3159049	29774	NA
S014_DAY1_MINITWICE_3750	46	Picture	40_T_RWTRIAD_RW_queso_red.png	3172475	43200	1	1900	2	43200	1800
S014_DAY1_MINITWICE_3750	47	Picture	rest	3174475	0	1	144099	2	0	144000
S014_DAY1_MINITWICE_3750	47	Pulse	99	3195050	20575	NA
S014_DAY1_MINITWICE_3750	47	Port Input	1	3195050	20575	NA
S014_DAY1_MINITWICE_3750	47	Pulse	99	3231051	56576	NA
S014_DAY1_MINITWICE_3750	47	Port Input	1	3231051	56576	NA
S014_DAY1_MINITWICE_3750	47	Pulse	99	3267052	92577	NA
S014_DAY1_MINITWICE_3750	47	Port Input	1	3267052	92577	NA
S014_DAY1_MINITWICE_3750	47	Pulse	99	3303053	128578	NA
S014_DAY1_MINITWICE_3750	47	Port Input	1	3303053	128578	NA
S014_DAY1_MINITWICE_3750	48	Picture	endrest	3318674	0	1	10100	2	0	10000
S014_DAY1_MINITWICE_3750	49	Picture	PW	3328974	0	1	43199	2	0	43200
S014_DAY1_MINITWICE_3750	49	Pulse	99	3339054	10080	NA
S014_DAY1_MINITWICE_3750	49	Port Input	1	3339054	10080	NA
S014_DAY1_MINITWICE_3750	49	Response	51	3354513	25539	1
S014_DAY1_MINITWICE_3750	49	Picture	43_T_PWTRIAD_PW_iglu_red.png	3372173	43199	1	1900	2	43200	1800
S014_DAY1_MINITWICE_3750	50	Picture	PW	3374273	0	1	43200	2	0	43200
S014_DAY1_MINITWICE_3750	50	Pulse	99	3375054	781	NA
S014_DAY1_MINITWICE_3750	50	Port Input	1	3375054	781	NA
S014_DAY1_MINITWICE_3750	50	Response	51	3399020	24747	2
S014_DAY1_MINITWICE_3750	50	Pulse	99	3411055	36782	NA
S014_DAY1_MINITWICE_3750	50	Port Input	1	3411055	36782	NA
S014_DAY1_MINITWICE_3750	50	Picture	44_T_PWTRIAD_PW_sombrilla_red.png	3417473	43200	1	1900	2	43200	1800
S014_DAY1_MINITWICE_3750	51	Picture	PW	3419573	0	1	43200	2	0	43200
S014_DAY1_MINITWICE_3750	51	Response	52	3444468	24895	1
S014_DAY1_MINITWICE_3750	51	Pulse	99	3447056	27483	NA
S014_DAY1_MINITWICE_3750	51	Port Input	1	3447056	27483	NA
S014_DAY1_MINITWICE_3750	51	Picture	45_T_PWTRIAD_PW_estetoscopio_red.png	3462773	43200	1	1900	2	43200	1800
S014_DAY1_MINITWICE_3750	52	Picture	PW	3464873	0	1	43199	2	0	43200
S014_DAY1_MINITWICE_3750	52	Pulse	99	3483057	18184	NA
S014_DAY1_MINITWICE_3750	52	Port Input	1	3483057	18184	NA
S014_DAY1_MINITWICE_3750	52	Response	51	3487902	23029	1
S014_DAY1_MINITWICE_3750	52	Picture	46_T_PWTRIAD_PW_pilas_red.png	3508072	43199	1	1900	2	43200	1800
S014_DAY1_MINITWICE_3750	53	Picture	RW	3510172	0	1	43200	2	0	43200
S014_DAY1_MINITWICE_3750	53	Pulse	99	3519058	8886	NA
S014_DAY1_MINITWICE_3750	53	Port Input	1	3519058	8886	NA
S014_DAY1_MINITWICE_3750	53	Response	52	3539676	29504	2
S014_DAY1_MINITWICE_3750	53	Picture	47_T_RWTRIAD_RW_pluma_red.png	3553372	43200	1	1900	2	43200	1800
S014_DAY1_MINITWICE_3750	53	Pulse	99	3555059	44887	NA
S014_DAY1_MINITWICE_3750	53	Port Input	1	3555059	44887	NA
S014_DAY1_MINITWICE_3750	54	Picture	RW	3555472	0	1	43200	2	0	43200
S014_DAY1_MINITWICE_3750	54	Response	52	3580780	25308	1
S014_DAY1_MINITWICE_3750	54	Pulse	99	3591060	35588	NA
S014_DAY1_MINITWICE_3750	54	Port Input	1	3591060	35588	NA
S014_DAY1_MINITWICE_3750	54	Picture	48_T_RWTRIAD_RW_oruga_red.png	3598672	43200	1	1900	2	43200	1800
S014_DAY1_MINITWICE_3750	55	Picture	RW	3600772	0	1	43199	2	0	43200
S014_DAY1_MINITWICE_3750	55	Response	52	3617303	16531	1
S014_DAY1_MINITWICE_3750	55	Pulse	99	3627061	26289	NA
S014_DAY1_MINITWICE_3750	55	Port Input	1	3627061	26289	NA
S014_DAY1_MINITWICE_3750	55	Picture	49_T_RWTRIAD_RW_agua_red.png	3643971	43199	1	1900	2	43200	1800
S014_DAY1_MINITWICE_3750	56	Picture	RW	3646071	0	1	43200	2	0	43200
S014_DAY1_MINITWICE_3750	56	Response	52	3659184	13113	2
S014_DAY1_MINITWICE_3750	56	Pulse	99	3663062	16991	NA
S014_DAY1_MINITWICE_3750	56	Port Input	1	3663062	16991	NA
S014_DAY1_MINITWICE_3750	56	Picture	50_T_RWTRIAD_RW_huevos_red.png	3689271	43200	1	1900	2	43200	1800
S014_DAY1_MINITWICE_3750	57	Picture	rest	3691271	0	1	144099	2	0	144000
S014_DAY1_MINITWICE_3750	57	Pulse	99	3699063	7792	NA
S014_DAY1_MINITWICE_3750	57	Port Input	1	3699063	7792	NA
S014_DAY1_MINITWICE_3750	57	Pulse	99	3735064	43793	NA
S014_DAY1_MINITWICE_3750	57	Port Input	1	3735064	43793	NA
S014_DAY1_MINITWICE_3750	57	Pulse	99	3771065	79794	NA
S014_DAY1_MINITWICE_3750	57	Port Input	1	3771065	79794	NA
S014_DAY1_MINITWICE_3750	57	Pulse	99	3807066	115795	NA
S014_DAY1_MINITWICE_3750	57	Port Input	1	3807066	115795	NA
S014_DAY1_MINITWICE_3750	58	Picture	endrest	3835470	0	1	10100	2	0	10000
S014_DAY1_MINITWICE_3750	58	Pulse	99	3843067	7597	NA
S014_DAY1_MINITWICE_3750	58	Port Input	1	3843067	7597	NA
S014_DAY1_MINITWICE_3750	59	Picture	PW	3845770	0	1	43199	2	0	43200
S014_DAY1_MINITWICE_3750	59	Response	51	3862713	16943	1
S014_DAY1_MINITWICE_3750	59	Pulse	99	3879068	33298	NA
S014_DAY1_MINITWICE_3750	59	Port Input	1	3879068	33298	NA
S014_DAY1_MINITWICE_3750	59	Picture	53_T_PWTRIAD_PW_anillo_red.png	3888969	43199	1	1900	2	43200	1800
S014_DAY1_MINITWICE_3750	60	Picture	PW	3891069	0	1	43200	2	0	43200
S014_DAY1_MINITWICE_3750	60	Response	51	3910008	18939	2
S014_DAY1_MINITWICE_3750	60	Pulse	99	3915069	24000	NA
S014_DAY1_MINITWICE_3750	60	Port Input	1	3915069	24000	NA
S014_DAY1_MINITWICE_3750	60	Picture	54_T_PWTRIAD_PW_molino_red.png	3934269	43200	1	1900	2	43200	1800
S014_DAY1_MINITWICE_3750	61	Picture	PW	3936369	0	1	43200	2	0	43200
S014_DAY1_MINITWICE_3750	61	Pulse	99	3951069	14700	NA
S014_DAY1_MINITWICE_3750	61	Port Input	1	3951069	14700	NA
S014_DAY1_MINITWICE_3750	61	Response	52	3952805	16436	1
S014_DAY1_MINITWICE_3750	61	Picture	55_T_PWTRIAD_PW_sobre_red.png	3979569	43200	1	1900	2	43200	1800
S014_DAY1_MINITWICE_3750	62	Picture	PW	3981669	0	1	43199	2	0	43200
S014_DAY1_MINITWICE_3750	62	Pulse	99	3987070	5401	NA
S014_DAY1_MINITWICE_3750	62	Port Input	1	3987070	5401	NA
S014_DAY1_MINITWICE_3750	62	Response	51	4002634	20965	1
S014_DAY1_MINITWICE_3750	62	Pulse	99	4023071	41402	NA
S014_DAY1_MINITWICE_3750	62	Port Input	1	4023071	41402	NA
S014_DAY1_MINITWICE_3750	62	Picture	56_T_PWTRIAD_PW_ascensor_red.png	4024868	43199	1	1900	2	43200	1800
S014_DAY1_MINITWICE_3750	63	Picture	FF	4026968	0	1	43200	2	0	43200
S014_DAY1_MINITWICE_3750	63	Response	51	4038230	11262	2
S014_DAY1_MINITWICE_3750	63	Pulse	99	4059072	32104	NA
S014_DAY1_MINITWICE_3750	63	Port Input	1	4059072	32104	NA
S014_DAY1_MINITWICE_3750	63	Picture	57_T_FFTRIAD_FF_grifo_red.png	4070168	43200	1	1900	2	43200	1800
S014_DAY1_MINITWICE_3750	64	Picture	FF	4072268	0	1	43199	3	0	43200
S014_DAY1_MINITWICE_3750	64	Response	51	4087273	15005	1
S014_DAY1_MINITWICE_3750	64	Pulse	99	4095073	22805	NA
S014_DAY1_MINITWICE_3750	64	Port Input	1	4095073	22805	NA
S014_DAY1_MINITWICE_3750	64	Picture	58_T_FFTRIAD_FF_leche_red.png	4115467	43199	2	1901	3	43200	1800
S014_DAY1_MINITWICE_3750	65	Picture	FF	4117567	0	2	43200	3	0	43200
S014_DAY1_MINITWICE_3750	65	Pulse	99	4131074	13507	NA
S014_DAY1_MINITWICE_3750	65	Port Input	1	4131074	13507	NA
S014_DAY1_MINITWICE_3750	65	Response	52	4138664	21097	1
S014_DAY1_MINITWICE_3750	65	Picture	59_T_FFTRIAD_FF_dedal_red.png	4160767	43200	1	1900	2	43200	1800
S014_DAY1_MINITWICE_3750	66	Picture	FF	4162867	0	1	43200	2	0	43200
S014_DAY1_MINITWICE_3750	66	Pulse	99	4167075	4208	NA
S014_DAY1_MINITWICE_3750	66	Port Input	1	4167075	4208	NA
S014_DAY1_MINITWICE_3750	66	Response	51	4184460	21593	1
S014_DAY1_MINITWICE_3750	66	Pulse	99	4203076	40209	NA
S014_DAY1_MINITWICE_3750	66	Port Input	1	4203076	40209	NA
S014_DAY1_MINITWICE_3750	66	Picture	60_T_FFTRIAD_FF_cortina_red.png	4206067	43200	1	1900	2	43200	1800
S014_DAY1_MINITWICE_3750	67	Picture	rest	4208067	0	1	144099	2	0	144000
S014_DAY1_MINITWICE_3750	67	Pulse	99	4239077	31010	NA
S014_DAY1_MINITWICE_3750	67	Port Input	1	4239077	31010	NA
S014_DAY1_MINITWICE_3750	67	Pulse	99	4275078	67011	NA
S014_DAY1_MINITWICE_3750	67	Port Input	1	4275078	67011	NA
S014_DAY1_MINITWICE_3750	67	Pulse	99	4311079	103012	NA
S014_DAY1_MINITWICE_3750	67	Port Input	1	4311079	103012	NA
S014_DAY1_MINITWICE_3750	67	Pulse	99	4347080	139013	NA
S014_DAY1_MINITWICE_3750	67	Port Input	1	4347080	139013	NA
S014_DAY1_MINITWICE_3750	68	Picture	endrest	4352266	0	1	10100	2	0	10000
S014_DAY1_MINITWICE_3750	69	Picture	PW	4362566	0	1	43199	2	0	43200
S014_DAY1_MINITWICE_3750	69	Response	51	4381845	19279	1
S014_DAY1_MINITWICE_3750	69	Pulse	99	4383081	20515	NA
S014_DAY1_MINITWICE_3750	69	Port Input	1	4383081	20515	NA
S014_DAY1_MINITWICE_3750	69	Picture	63_T_PWTRIAD_PW_agua_red.png	4405765	43199	1	1900	2	43200	1800
S014_DAY1_MINITWICE_3750	70	Picture	PW	4407865	0	1	43200	2	0	43200
S014_DAY1_MINITWICE_3750	70	Pulse	99	4419082	11217	NA
S014_DAY1_MINITWICE_3750	70	Port Input	1	4419082	11217	NA
S014_DAY1_MINITWICE_3750	70	Response	52	4431382	23517	1
S014_DAY1_MINITWICE_3750	70	Picture	64_T_PWTRIAD_PW_dado_red.png	4451065	43200	1	1900	2	43200	1800
S014_DAY1_MINITWICE_3750	71	Picture	PW	4453165	0	1	43200	2	0	43200
S014_DAY1_MINITWICE_3750	71	Pulse	99	4455083	1918	NA
S014_DAY1_MINITWICE_3750	71	Port Input	1	4455083	1918	NA
S014_DAY1_MINITWICE_3750	71	Response	52	4473798	20633	1
S014_DAY1_MINITWICE_3750	71	Pulse	99	4491084	37919	NA
S014_DAY1_MINITWICE_3750	71	Port Input	1	4491084	37919	NA
S014_DAY1_MINITWICE_3750	71	Picture	65_T_PWTRIAD_PW_traje_red.png	4496365	43200	1	1900	2	43200	1800
S014_DAY1_MINITWICE_3750	72	Picture	PW	4498464	0	2	43200	3	0	43200
S014_DAY1_MINITWICE_3750	72	Response	51	4520740	22276	1
S014_DAY1_MINITWICE_3750	72	Pulse	99	4527084	28620	NA
S014_DAY1_MINITWICE_3750	72	Port Input	1	4527084	28620	NA
S014_DAY1_MINITWICE_3750	72	Picture	66_T_PWTRIAD_PW_bebe_red.png	4541664	43200	1	1900	2	43200	1800
S014_DAY1_MINITWICE_3750	73	Picture	RW	4543764	0	1	43200	2	0	43200
S014_DAY1_MINITWICE_3750	73	Response	51	4559489	15725	1
S014_DAY1_MINITWICE_3750	73	Pulse	99	4563085	19321	NA
S014_DAY1_MINITWICE_3750	73	Port Input	1	4563085	19321	NA
S014_DAY1_MINITWICE_3750	73	Picture	67_T_RWTRIAD_RW_policia_red.png	4586964	43200	1	1900	2	43200	1800
S014_DAY1_MINITWICE_3750	74	Picture	RW	4589064	0	1	43199	3	0	43200
S014_DAY1_MINITWICE_3750	74	Pulse	99	4599086	10022	NA
S014_DAY1_MINITWICE_3750	74	Port Input	1	4599086	10022	NA
S014_DAY1_MINITWICE_3750	74	Response	51	4602352	13288	1
S014_DAY1_MINITWICE_3750	74	Picture	68_T_RWTRIAD_RW_lana_red.png	4632263	43199	2	1900	4	43200	1800
S014_DAY1_MINITWICE_3750	75	Picture	RW	4634363	0	2	43200	3	0	43200
S014_DAY1_MINITWICE_3750	75	Pulse	99	4635087	724	NA
S014_DAY1_MINITWICE_3750	75	Port Input	1	4635087	724	NA
S014_DAY1_MINITWICE_3750	75	Response	51	4648515	14152	1
S014_DAY1_MINITWICE_3750	75	Pulse	99	4671088	36725	NA
S014_DAY1_MINITWICE_3750	75	Port Input	1	4671088	36725	NA
S014_DAY1_MINITWICE_3750	75	Picture	69_T_RWTRIAD_RW_cerillas_red.png	4677563	43200	1	1900	2	43200	1800
S014_DAY1_MINITWICE_3750	76	Picture	RW	4679663	0	1	43200	2	0	43200
S014_DAY1_MINITWICE_3750	76	Response	51	4692765	13102	1
S014_DAY1_MINITWICE_3750	76	Pulse	99	4707089	27426	NA
S014_DAY1_MINITWICE_3750	76	Port Input	1	4707089	27426	NA
S014_DAY1_MINITWICE_3750	76	Picture	70_T_RWTRIAD_RW_charco_red.png	4722863	43200	1	1900	2	43200	1800
S014_DAY1_MINITWICE_3750	77	Picture	rest	4724863	0	1	144099	2	0	144000
S014_DAY1_MINITWICE_3750	77	Pulse	99	4743090	18227	NA
S014_DAY1_MINITWICE_3750	77	Port Input	1	4743090	18227	NA
S014_DAY1_MINITWICE_3750	77	Pulse	99	4779091	54228	NA
S014_DAY1_MINITWICE_3750	77	Port Input	1	4779091	54228	NA
S014_DAY1_MINITWICE_3750	77	Pulse	99	4815092	90229	NA
S014_DAY1_MINITWICE_3750	77	Port Input	1	4815092	90229	NA
S014_DAY1_MINITWICE_3750	77	Pulse	99	4851093	126230	NA
S014_DAY1_MINITWICE_3750	77	Port Input	1	4851093	126230	NA
S014_DAY1_MINITWICE_3750	78	Picture	endrest	4869061	0	2	10100	4	0	10000
S014_DAY1_MINITWICE_3750	79	Picture	PW	4879362	0	1	43199	2	0	43200
S014_DAY1_MINITWICE_3750	79	Pulse	99	4887094	7732	NA
S014_DAY1_MINITWICE_3750	79	Port Input	1	4887094	7732	NA
S014_DAY1_MINITWICE_3750	79	Response	51	4901749	22387	1
S014_DAY1_MINITWICE_3750	79	Picture	73_T_PWTRIAD_PW_madera_red.png	4922561	43199	1	1900	2	43200	1800
S014_DAY1_MINITWICE_3750	79	Pulse	99	4923095	43733	NA
S014_DAY1_MINITWICE_3750	79	Port Input	1	4923095	43733	NA
S014_DAY1_MINITWICE_3750	80	Picture	PW	4924661	0	1	43199	3	0	43200
S014_DAY1_MINITWICE_3750	80	Response	52	4945275	20614	1
S014_DAY1_MINITWICE_3750	80	Pulse	99	4959096	34435	NA
S014_DAY1_MINITWICE_3750	80	Port Input	1	4959096	34435	NA
S014_DAY1_MINITWICE_3750	80	Picture	74_T_PWTRIAD_PW_banera_red.png	4967860	43199	2	1900	4	43200	1800
S014_DAY1_MINITWICE_3750	81	Picture	PW	4969961	0	1	43199	3	0	43200
S014_DAY1_MINITWICE_3750	81	Response	52	4991970	22009	1
S014_DAY1_MINITWICE_3750	81	Pulse	99	4995097	25136	NA
S014_DAY1_MINITWICE_3750	81	Port Input	1	4995097	25136	NA
S014_DAY1_MINITWICE_3750	81	Picture	75_T_PWTRIAD_PW_lenador_red.png	5013160	43199	2	1901	3	43200	1800
S014_DAY1_MINITWICE_3750	82	Picture	PW	5015260	0	2	43200	3	0	43200
S014_DAY1_MINITWICE_3750	82	Pulse	99	5031098	15838	NA
S014_DAY1_MINITWICE_3750	82	Port Input	1	5031098	15838	NA
S014_DAY1_MINITWICE_3750	82	Response	52	5035290	20030	1
S014_DAY1_MINITWICE_3750	82	Picture	76_T_PWTRIAD_PW_arco_red.png	5058460	43200	1	1900	2	43200	1800
S014_DAY1_MINITWICE_3750	83	Picture	FF	5060560	0	1	43200	2	0	43200
S014_DAY1_MINITWICE_3750	83	Pulse	99	5067099	6539	NA
S014_DAY1_MINITWICE_3750	83	Port Input	1	5067099	6539	NA
S014_DAY1_MINITWICE_3750	83	Response	51	5073375	12815	1
S014_DAY1_MINITWICE_3750	83	Pulse	99	5103099	42539	NA
S014_DAY1_MINITWICE_3750	83	Port Input	1	5103099	42539	NA
S014_DAY1_MINITWICE_3750	83	Picture	77_T_FFTRIAD_FF_ancla_red.png	5103760	43200	1	1900	2	43200	1800
S014_DAY1_MINITWICE_3750	84	Picture	FF	5105860	0	1	43199	3	0	43200
S014_DAY1_MINITWICE_3750	84	Response	51	5118136	12276	1
S014_DAY1_MINITWICE_3750	84	Pulse	99	5139100	33240	NA
S014_DAY1_MINITWICE_3750	84	Port Input	1	5139100	33240	NA
S014_DAY1_MINITWICE_3750	84	Picture	78_T_FFTRIAD_FF_zanahoria_red.png	5149059	43199	2	1900	4	43200	1800
S014_DAY1_MINITWICE_3750	85	Picture	FF	5151159	0	2	43200	3	0	43200
S014_DAY1_MINITWICE_3750	85	Response	51	5165958	14799	1
S014_DAY1_MINITWICE_3750	85	Pulse	99	5175101	23942	NA
S014_DAY1_MINITWICE_3750	85	Port Input	1	5175101	23942	NA
S014_DAY1_MINITWICE_3750	85	Picture	79_T_FFTRIAD_FF_charco_red.png	5194359	43200	1	1900	2	43200	1800
S014_DAY1_MINITWICE_3750	86	Picture	FF	5196459	0	1	43200	2	0	43200
S014_DAY1_MINITWICE_3750	86	Pulse	99	5211102	14643	NA
S014_DAY1_MINITWICE_3750	86	Port Input	1	5211102	14643	NA
S014_DAY1_MINITWICE_3750	86	Response	51	5211676	15217	1
S014_DAY1_MINITWICE_3750	86	Picture	80_T_FFTRIAD_FF_carruaje_red.png	5239659	43200	1	1900	2	43200	1800
S014_DAY1_MINITWICE_3750	87	Picture	rest	5241659	0	1	144099	2	0	144000
S014_DAY1_MINITWICE_3750	87	Pulse	99	5247103	5444	NA
S014_DAY1_MINITWICE_3750	87	Port Input	1	5247103	5444	NA
S014_DAY1_MINITWICE_3750	87	Pulse	99	5283104	41445	NA
S014_DAY1_MINITWICE_3750	87	Port Input	1	5283104	41445	NA
S014_DAY1_MINITWICE_3750	87	Pulse	99	5319105	77446	NA
S014_DAY1_MINITWICE_3750	87	Port Input	1	5319105	77446	NA
S014_DAY1_MINITWICE_3750	87	Pulse	99	5355106	113447	NA
S014_DAY1_MINITWICE_3750	87	Port Input	1	5355106	113447	NA
S014_DAY1_MINITWICE_3750	88	Picture	endrest	5385858	0	1	10099	3	0	10000
S014_DAY1_MINITWICE_3750	88	Pulse	99	5391107	5249	NA
S014_DAY1_MINITWICE_3750	88	Port Input	1	5391107	5249	NA
S014_DAY1_MINITWICE_3750	89	Picture	RW	5396157	0	2	43200	3	0	43200
S014_DAY1_MINITWICE_3750	89	Response	51	5414650	18493	2
S014_DAY1_MINITWICE_3750	89	Pulse	99	5427108	30951	NA
S014_DAY1_MINITWICE_3750	89	Port Input	1	5427108	30951	NA
S014_DAY1_MINITWICE_3750	89	Picture	83_T_RWTRIAD_RW_candado_red.png	5439357	43200	1	1900	2	43200	1800
S014_DAY1_MINITWICE_3750	90	Picture	RW	5441457	0	1	43200	2	0	43200
S014_DAY1_MINITWICE_3750	90	Response	52	5456731	15274	1
S014_DAY1_MINITWICE_3750	90	Pulse	99	5463109	21652	NA
S014_DAY1_MINITWICE_3750	90	Port Input	1	5463109	21652	NA
S014_DAY1_MINITWICE_3750	90	Picture	84_T_RWTRIAD_RW_cinturon_red.png	5484657	43200	1	1900	2	43200	1800
S014_DAY1_MINITWICE_3750	91	Picture	RW	5486757	0	1	43199	3	0	43200
S014_DAY1_MINITWICE_3750	91	Pulse	99	5499110	12353	NA
S014_DAY1_MINITWICE_3750	91	Port Input	1	5499110	12353	NA
S014_DAY1_MINITWICE_3750	91	Response	52	5503430	16673	1
S014_DAY1_MINITWICE_3750	91	Picture	85_T_RWTRIAD_RW_sapo_red.png	5529956	43199	2	1900	4	43200	1800
S014_DAY1_MINITWICE_3750	92	Picture	RW	5532056	0	2	43200	3	0	43200
S014_DAY1_MINITWICE_3750	92	Pulse	99	5535111	3055	NA
S014_DAY1_MINITWICE_3750	92	Port Input	1	5535111	3055	NA
S014_DAY1_MINITWICE_3750	92	Response	52	5544251	12195	1
S014_DAY1_MINITWICE_3750	92	Pulse	99	5571112	39056	NA
S014_DAY1_MINITWICE_3750	92	Port Input	1	5571112	39056	NA
S014_DAY1_MINITWICE_3750	92	Picture	86_T_RWTRIAD_RW_dado_red.png	5575256	43200	1	1900	2	43200	1800
S014_DAY1_MINITWICE_3750	93	Picture	FF	5577356	0	1	43200	2	0	43200
S014_DAY1_MINITWICE_3750	93	Response	51	5589708	12352	1
S014_DAY1_MINITWICE_3750	93	Pulse	99	5607113	29757	NA
S014_DAY1_MINITWICE_3750	93	Port Input	1	5607113	29757	NA
S014_DAY1_MINITWICE_3750	93	Picture	87_T_FFTRIAD_FF_sombrilla_red.png	5620556	43200	1	1900	2	43200	1800
S014_DAY1_MINITWICE_3750	94	Picture	FF	5622656	0	1	43199	3	0	43200
S014_DAY1_MINITWICE_3750	94	Response	52	5634741	12085	1
S014_DAY1_MINITWICE_3750	94	Pulse	99	5643113	20457	NA
S014_DAY1_MINITWICE_3750	94	Port Input	1	5643113	20457	NA
S014_DAY1_MINITWICE_3750	94	Picture	88_T_FFTRIAD_FF_mono_red.png	5665855	43199	2	1900	3	43200	1800
S014_DAY1_MINITWICE_3750	95	Picture	FF	5667955	0	1	43200	2	0	43200
S014_DAY1_MINITWICE_3750	95	Pulse	99	5679114	11159	NA
S014_DAY1_MINITWICE_3750	95	Port Input	1	5679114	11159	NA
S014_DAY1_MINITWICE_3750	95	Response	52	5680616	12661	2
S014_DAY1_MINITWICE_3750	95	Picture	89_T_FFTRIAD_FF_murcielago_red.png	5711155	43200	1	1900	2	43200	1800
S014_DAY1_MINITWICE_3750	96	Picture	FF	5713255	0	1	43200	2	0	43200
S014_DAY1_MINITWICE_3750	96	Pulse	99	5715116	1861	NA
S014_DAY1_MINITWICE_3750	96	Port Input	1	5715116	1861	NA
S014_DAY1_MINITWICE_3750	96	Response	51	5724107	10852	1
S014_DAY1_MINITWICE_3750	96	Pulse	99	5751116	37861	NA
S014_DAY1_MINITWICE_3750	96	Port Input	1	5751116	37861	NA
S014_DAY1_MINITWICE_3750	96	Picture	90_T_FFTRIAD_FF_portatil_red.png	5756455	43200	1	1900	2	43200	1800
S014_DAY1_MINITWICE_3750	97	Picture	rest	5758455	0	1	144098	3	0	144000
S014_DAY1_MINITWICE_3750	97	Pulse	99	5787117	28662	NA
S014_DAY1_MINITWICE_3750	97	Port Input	1	5787117	28662	NA
S014_DAY1_MINITWICE_3750	97	Pulse	99	5823118	64663	NA
S014_DAY1_MINITWICE_3750	97	Port Input	1	5823118	64663	NA
S014_DAY1_MINITWICE_3750	97	Pulse	99	5859119	100664	NA
S014_DAY1_MINITWICE_3750	97	Port Input	1	5859119	100664	NA
S014_DAY1_MINITWICE_3750	97	Pulse	99	5895120	136665	NA
S014_DAY1_MINITWICE_3750	97	Port Input	1	5895120	136665	NA
S014_DAY1_MINITWICE_3750	98	Picture	endrest	5902653	0	2	10100	4	0	10000
S014_DAY1_MINITWICE_3750	99	Picture	FF	5912953	0	2	43200	3	0	43200
S014_DAY1_MINITWICE_3750	99	Response	52	5926307	13354	2
S014_DAY1_MINITWICE_3750	99	Pulse	99	5931121	18168	NA
S014_DAY1_MINITWICE_3750	99	Port Input	1	5931121	18168	NA
S014_DAY1_MINITWICE_3750	99	Picture	93_T_FFTRIAD_FF_destornillador_red.png	5956153	43200	1	1900	2	43200	1800
S014_DAY1_MINITWICE_3750	100	Picture	FF	5958253	0	1	43200	2	0	43200
S014_DAY1_MINITWICE_3750	100	Pulse	99	5967122	8869	NA
S014_DAY1_MINITWICE_3750	100	Port Input	1	5967122	8869	NA
S014_DAY1_MINITWICE_3750	100	Response	51	5970735	12482	1
S014_DAY1_MINITWICE_3750	100	Picture	94_T_FFTRIAD_FF_huevos_red.png	6001453	43200	1	1900	2	43200	1800
S014_DAY1_MINITWICE_3750	100	Pulse	99	6003123	44870	NA
S014_DAY1_MINITWICE_3750	100	Port Input	1	6003123	44870	NA
S014_DAY1_MINITWICE_3750	101	Picture	FF	6003553	0	1	43199	2	0	43200
S014_DAY1_MINITWICE_3750	101	Response	51	6013698	10145	1
S014_DAY1_MINITWICE_3750	101	Pulse	99	6039124	35571	NA
S014_DAY1_MINITWICE_3750	101	Port Input	1	6039124	35571	NA
S014_DAY1_MINITWICE_3750	101	Picture	95_T_FFTRIAD_FF_dado_red.png	6046752	43199	1	1900	2	43200	1800
S014_DAY1_MINITWICE_3750	102	Picture	FF	6048852	0	1	43200	2	0	43200
S014_DAY1_MINITWICE_3750	102	Response	51	6063490	14638	1
S014_DAY1_MINITWICE_3750	102	Pulse	99	6075125	26273	NA
S014_DAY1_MINITWICE_3750	102	Port Input	1	6075125	26273	NA
S014_DAY1_MINITWICE_3750	102	Picture	96_T_FFTRIAD_FF_tijera_red.png	6092052	43200	1	1900	2	43200	1800
S014_DAY1_MINITWICE_3750	103	Picture	FF	6094152	0	1	43200	2	0	43200
S014_DAY1_MINITWICE_3750	103	Response	51	6105124	10972	1
S014_DAY1_MINITWICE_3750	103	Pulse	99	6111126	16974	NA
S014_DAY1_MINITWICE_3750	103	Port Input	1	6111126	16974	NA
S014_DAY1_MINITWICE_3750	103	Picture	97_T_FFTRIAD_FF_llave_red.png	6137352	43200	1	1900	2	43200	1800
S014_DAY1_MINITWICE_3750	104	Picture	FF	6139452	0	1	43199	2	0	43200
S014_DAY1_MINITWICE_3750	104	Pulse	99	6147127	7675	NA
S014_DAY1_MINITWICE_3750	104	Port Input	1	6147127	7675	NA
S014_DAY1_MINITWICE_3750	104	Response	52	6149648	10196	1
S014_DAY1_MINITWICE_3750	104	Picture	98_T_FFTRIAD_FF_raton_red.png	6182651	43199	1	1900	2	43200	1800
S014_DAY1_MINITWICE_3750	104	Pulse	99	6183128	43676	NA
S014_DAY1_MINITWICE_3750	104	Port Input	1	6183128	43676	NA
S014_DAY1_MINITWICE_3750	105	Picture	FF	6184751	0	1	43200	2	0	43200
S014_DAY1_MINITWICE_3750	105	Response	51	6194543	9792	1
S014_DAY1_MINITWICE_3750	105	Pulse	99	6219128	34377	NA
S014_DAY1_MINITWICE_3750	105	Port Input	1	6219128	34377	NA
S014_DAY1_MINITWICE_3750	105	Picture	99_T_FFTRIAD_FF_pincel_red.png	6227951	43200	1	1900	2	43200	1800
S014_DAY1_MINITWICE_3750	106	Picture	FF	6230051	0	1	43200	2	0	43200
S014_DAY1_MINITWICE_3750	106	Response	51	6240034	9983	1
S014_DAY1_MINITWICE_3750	106	Pulse	99	6255129	25078	NA
S014_DAY1_MINITWICE_3750	106	Port Input	1	6255129	25078	NA
S014_DAY1_MINITWICE_3750	106	Picture	100_T_FFTRIAD_FF_agua_red.png	6273251	43200	1	1900	2	43200	1800
S014_DAY1_MINITWICE_3750	107	Picture	rest	6275251	0	1	144098	3	0	144000
S014_DAY1_MINITWICE_3750	107	Pulse	99	6291131	15880	NA
S014_DAY1_MINITWICE_3750	107	Port Input	1	6291131	15880	NA
S014_DAY1_MINITWICE_3750	107	Pulse	99	6327131	51880	NA
S014_DAY1_MINITWICE_3750	107	Port Input	1	6327131	51880	NA
S014_DAY1_MINITWICE_3750	107	Pulse	99	6363132	87881	NA
S014_DAY1_MINITWICE_3750	107	Port Input	1	6363132	87881	NA
S014_DAY1_MINITWICE_3750	107	Pulse	99	6399133	123882	NA
S014_DAY1_MINITWICE_3750	107	Port Input	1	6399133	123882	NA
S014_DAY1_MINITWICE_3750	108	Picture	endrest	6419449	0	2	10100	3	0	10000
S014_DAY1_MINITWICE_3750	109	Picture	PW	6429749	0	1	43200	2	0	43200
S014_DAY1_MINITWICE_3750	109	Pulse	99	6435134	5385	NA
S014_DAY1_MINITWICE_3750	109	Port Input	1	6435134	5385	NA
S014_DAY1_MINITWICE_3750	109	Response	51	6451512	21763	1
S014_DAY1_MINITWICE_3750	109	Pulse	99	6471135	41386	NA
S014_DAY1_MINITWICE_3750	109	Port Input	1	6471135	41386	NA
S014_DAY1_MINITWICE_3750	109	Picture	103_T_PWTRIAD_PW_carruaje_red.png	6472949	43200	1	1900	2	43200	1800
S014_DAY1_MINITWICE_3750	110	Picture	PW	6475049	0	1	43200	2	0	43200
S014_DAY1_MINITWICE_3750	110	Response	52	6494575	19526	1
S014_DAY1_MINITWICE_3750	110	Pulse	99	6507136	32087	NA
S014_DAY1_MINITWICE_3750	110	Port Input	1	6507136	32087	NA
S014_DAY1_MINITWICE_3750	110	Picture	104_T_PWTRIAD_PW_zanahoria_red.png	6518249	43200	1	1900	2	43200	1800
S014_DAY1_MINITWICE_3750	111	Picture	PW	6520349	0	1	43199	2	0	43200
S014_DAY1_MINITWICE_3750	111	Response	51	6539902	19553	2
S014_DAY1_MINITWICE_3750	111	Pulse	99	6543137	22788	NA
S014_DAY1_MINITWICE_3750	111	Port Input	1	6543137	22788	NA
S014_DAY1_MINITWICE_3750	111	Picture	105_T_PWTRIAD_PW_perro_red.png	6563548	43199	1	1900	2	43200	1800
S014_DAY1_MINITWICE_3750	112	Picture	PW	6565648	0	1	43200	2	0	43200
S014_DAY1_MINITWICE_3750	112	Pulse	99	6579138	13490	NA
S014_DAY1_MINITWICE_3750	112	Port Input	1	6579138	13490	NA
S014_DAY1_MINITWICE_3750	112	Response	51	6586206	20558	1
S014_DAY1_MINITWICE_3750	112	Picture	106_T_PWTRIAD_PW_chupete_red.png	6608848	43200	1	1900	2	43200	1800
S014_DAY1_MINITWICE_3750	113	Picture	FF	6610948	0	1	43200	2	0	43200
S014_DAY1_MINITWICE_3750	113	Pulse	99	6615139	4191	NA
S014_DAY1_MINITWICE_3750	113	Port Input	1	6615139	4191	NA
S014_DAY1_MINITWICE_3750	113	Response	51	6629709	18761	1
S014_DAY1_MINITWICE_3750	113	Pulse	99	6651140	40192	NA
S014_DAY1_MINITWICE_3750	113	Port Input	1	6651140	40192	NA
S014_DAY1_MINITWICE_3750	113	Picture	107_T_FFTRIAD_FF_arco_red.png	6654148	43200	1	1900	2	43200	1800
S014_DAY1_MINITWICE_3750	114	Picture	FF	6656248	0	1	43199	2	0	43200
S014_DAY1_MINITWICE_3750	114	Response	51	6667487	11239	1
S014_DAY1_MINITWICE_3750	114	Pulse	99	6687141	30893	NA
S014_DAY1_MINITWICE_3750	114	Port Input	1	6687141	30893	NA
S014_DAY1_MINITWICE_3750	114	Picture	108_T_FFTRIAD_FF_cuento_red.png	6699447	43199	1	1900	2	43200	1800
S014_DAY1_MINITWICE_3750	115	Picture	FF	6701547	0	1	43200	2	0	43200
S014_DAY1_MINITWICE_3750	115	Response	52	6710230	8683	1
S014_DAY1_MINITWICE_3750	115	Pulse	99	6723142	21595	NA
S014_DAY1_MINITWICE_3750	115	Port Input	1	6723142	21595	NA
S014_DAY1_MINITWICE_3750	115	Picture	109_T_FFTRIAD_FF_cerillas_red.png	6744747	43200	1	1900	2	43200	1800
S014_DAY1_MINITWICE_3750	116	Picture	FF	6746847	0	1	43199	3	0	43200
S014_DAY1_MINITWICE_3750	116	Response	52	6757663	10816	1
S014_DAY1_MINITWICE_3750	116	Pulse	99	6759143	12296	NA
S014_DAY1_MINITWICE_3750	116	Port Input	1	6759143	12296	NA
S014_DAY1_MINITWICE_3750	116	Picture	110_T_FFTRIAD_FF_futbol_red.png	6790046	43199	2	1900	4	43200	1800
S014_DAY1_MINITWICE_3750	117	Picture	rest	6792046	0	2	144099	4	0	144000
S014_DAY1_MINITWICE_3750	117	Pulse	99	6795143	3097	NA
S014_DAY1_MINITWICE_3750	117	Port Input	1	6795143	3097	NA
S014_DAY1_MINITWICE_3750	117	Pulse	99	6831144	39098	NA
S014_DAY1_MINITWICE_3750	117	Port Input	1	6831144	39098	NA
S014_DAY1_MINITWICE_3750	117	Pulse	99	6867145	75099	NA
S014_DAY1_MINITWICE_3750	117	Port Input	1	6867145	75099	NA
S014_DAY1_MINITWICE_3750	117	Pulse	99	6903146	111100	NA
S014_DAY1_MINITWICE_3750	117	Port Input	1	6903146	111100	NA
S014_DAY1_MINITWICE_3750	118	Picture	endrest	6936244	0	4	10101	5	0	10000
S014_DAY1_MINITWICE_3750	118	Pulse	99	6939147	2903	NA
S014_DAY1_MINITWICE_3750	118	Port Input	1	6939147	2903	NA
S014_DAY1_MINITWICE_3750	119	Picture	PW	6946545	0	1	43200	2	0	43200
S014_DAY1_MINITWICE_3750	119	Response	51	6967141	20596	1
S014_DAY1_MINITWICE_3750	119	Pulse	99	6975148	28603	NA
S014_DAY1_MINITWICE_3750	119	Port Input	1	6975148	28603	NA
S014_DAY1_MINITWICE_3750	119	Picture	113_T_PWTRIAD_PW_tijera_red.png	6989745	43200	1	1900	2	43200	1800
S014_DAY1_MINITWICE_3750	120	Picture	PW	6991845	0	1	43200	2	0	43200
S014_DAY1_MINITWICE_3750	120	Pulse	99	7011149	19304	NA
S014_DAY1_MINITWICE_3750	120	Port Input	1	7011149	19304	NA
S014_DAY1_MINITWICE_3750	120	Response	51	7012782	20937	1
S014_DAY1_MINITWICE_3750	120	Picture	114_T_PWTRIAD_PW_silla_red.png	7035045	43200	1	1900	2	43200	1800
S014_DAY1_MINITWICE_3750	121	Picture	PW	7037144	0	2	43200	3	0	43200
S014_DAY1_MINITWICE_3750	121	Pulse	99	7047150	10006	NA
S014_DAY1_MINITWICE_3750	121	Port Input	1	7047150	10006	NA
S014_DAY1_MINITWICE_3750	121	Response	52	7056866	19722	1
S014_DAY1_MINITWICE_3750	121	Picture	115_T_PWTRIAD_PW_mono_red.png	7080344	43200	1	1900	2	43200	1800
S014_DAY1_MINITWICE_3750	122	Picture	PW	7082444	0	1	43200	2	0	43200
S014_DAY1_MINITWICE_3750	122	Pulse	99	7083151	707	NA
S014_DAY1_MINITWICE_3750	122	Port Input	1	7083151	707	NA
S014_DAY1_MINITWICE_3750	122	Response	51	7099741	17297	1
S014_DAY1_MINITWICE_3750	122	Pulse	99	7119152	36708	NA
S014_DAY1_MINITWICE_3750	122	Port Input	1	7119152	36708	NA
S014_DAY1_MINITWICE_3750	122	Picture	116_T_PWTRIAD_PW_queso_red.png	7125644	43200	1	1900	2	43200	1800
S014_DAY1_MINITWICE_3750	123	Picture	FF	7127744	0	1	43200	2	0	43200
S014_DAY1_MINITWICE_3750	123	Response	52	7141116	13372	1
S014_DAY1_MINITWICE_3750	123	Pulse	99	7155153	27409	NA
S014_DAY1_MINITWICE_3750	123	Port Input	1	7155153	27409	NA
S014_DAY1_MINITWICE_3750	123	Picture	117_T_FFTRIAD_FF_silla_red.png	7170944	43200	1	1899	3	43200	1800
S014_DAY1_MINITWICE_3750	124	Picture	FF	7173044	0	1	43199	2	0	43200
S014_DAY1_MINITWICE_3750	124	Response	52	7185391	12347	1
S014_DAY1_MINITWICE_3750	124	Pulse	99	7191154	18110	NA
S014_DAY1_MINITWICE_3750	124	Port Input	1	7191154	18110	NA
S014_DAY1_MINITWICE_3750	124	Picture	118_T_FFTRIAD_FF_iglu_red.png	7216243	43199	1	1900	2	43200	1800
S014_DAY1_MINITWICE_3750	125	Picture	FF	7218343	0	1	43200	2	0	43200
S014_DAY1_MINITWICE_3750	125	Pulse	99	7227155	8812	NA
S014_DAY1_MINITWICE_3750	125	Port Input	1	7227155	8812	NA
S014_DAY1_MINITWICE_3750	125	Response	51	7231722	13379	1
S014_DAY1_MINITWICE_3750	125	Picture	119_T_FFTRIAD_FF_piramide_red.png	7261543	43200	1	1900	2	43200	1800
S014_DAY1_MINITWICE_3750	125	Pulse	99	7263156	44813	NA
S014_DAY1_MINITWICE_3750	125	Port Input	1	7263156	44813	NA
S014_DAY1_MINITWICE_3750	126	Picture	FF	7263643	0	1	43199	3	0	43200
S014_DAY1_MINITWICE_3750	126	Response	52	7273966	10323	2
S014_DAY1_MINITWICE_3750	126	Pulse	99	7299157	35514	NA
S014_DAY1_MINITWICE_3750	126	Port Input	1	7299157	35514	NA
S014_DAY1_MINITWICE_3750	126	Picture	120_T_FFTRIAD_FF_paraguas_red.png	7306842	43199	2	1900	4	43200	1800
S014_DAY1_MINITWICE_3750	127	Picture	rest	7308842	0	2	144099	3	0	144000
S014_DAY1_MINITWICE_3750	127	Pulse	99	7335158	26316	NA
S014_DAY1_MINITWICE_3750	127	Port Input	1	7335158	26316	NA
S014_DAY1_MINITWICE_3750	127	Pulse	99	7371158	62316	NA
S014_DAY1_MINITWICE_3750	127	Port Input	1	7371158	62316	NA
S014_DAY1_MINITWICE_3750	127	Pulse	99	7407159	98317	NA
S014_DAY1_MINITWICE_3750	127	Port Input	1	7407159	98317	NA
S014_DAY1_MINITWICE_3750	127	Pulse	99	7443160	134318	NA
S014_DAY1_MINITWICE_3750	127	Port Input	1	7443160	134318	NA
S014_DAY1_MINITWICE_3750	128	Picture	endrest	7453041	0	1	10100	2	0	10000
S014_DAY1_MINITWICE_3750	129	Picture	PW	7463341	0	1	43200	2	0	43200
S014_DAY1_MINITWICE_3750	129	Pulse	99	7479161	15820	NA
S014_DAY1_MINITWICE_3750	129	Port Input	1	7479161	15820	NA
S014_DAY1_MINITWICE_3750	129	Response	51	7482146	18805	1
S014_DAY1_MINITWICE_3750	129	Picture	123_T_PWTRIAD_PW_ancla_red.png	7506541	43200	1	1900	2	43200	1800
S014_DAY1_MINITWICE_3750	130	Picture	PW	7508641	0	1	43199	3	0	43200
S014_DAY1_MINITWICE_3750	130	Pulse	99	7515162	6521	NA
S014_DAY1_MINITWICE_3750	130	Port Input	1	7515162	6521	NA
S014_DAY1_MINITWICE_3750	130	Response	51	7529833	21192	1
S014_DAY1_MINITWICE_3750	130	Pulse	99	7551163	42522	NA
S014_DAY1_MINITWICE_3750	130	Port Input	1	7551163	42522	NA
S014_DAY1_MINITWICE_3750	130	Picture	124_T_PWTRIAD_PW_murcielago_red.png	7551840	43199	2	1901	3	43200	1800
S014_DAY1_MINITWICE_3750	131	Picture	PW	7553940	0	2	43200	3	0	43200
S014_DAY1_MINITWICE_3750	131	Response	52	7570464	16524	1
S014_DAY1_MINITWICE_3750	131	Pulse	99	7587164	33224	NA
S014_DAY1_MINITWICE_3750	131	Port Input	1	7587164	33224	NA
S014_DAY1_MINITWICE_3750	131	Picture	125_T_PWTRIAD_PW_piramide_red.png	7597140	43200	1	1900	2	43200	1800
S014_DAY1_MINITWICE_3750	132	Picture	PW	7599240	0	1	43200	2	0	43200
S014_DAY1_MINITWICE_3750	132	Response	52	7618706	19466	1
S014_DAY1_MINITWICE_3750	132	Pulse	99	7623165	23925	NA
S014_DAY1_MINITWICE_3750	132	Port Input	1	7623165	23925	NA
S014_DAY1_MINITWICE_3750	132	Picture	126_T_PWTRIAD_PW_grapadora_red.png	7642440	43200	1	1900	2	43200	1800
S014_DAY1_MINITWICE_3750	133	Picture	RW	7644540	0	1	43199	3	0	43200
S014_DAY1_MINITWICE_3750	133	Response	51	7657251	12711	1
S014_DAY1_MINITWICE_3750	133	Pulse	99	7659166	14626	NA
S014_DAY1_MINITWICE_3750	133	Port Input	1	7659166	14626	NA
S014_DAY1_MINITWICE_3750	133	Picture	127_T_RWTRIAD_RW_madera_red.png	7687739	43199	2	1900	4	43200	1800
S014_DAY1_MINITWICE_3750	134	Picture	RW	7689839	0	2	43200	3	0	43200
S014_DAY1_MINITWICE_3750	134	Pulse	99	7695167	5328	NA
S014_DAY1_MINITWICE_3750	134	Port Input	1	7695167	5328	NA
S014_DAY1_MINITWICE_3750	134	Response	51	7701207	11368	1
S014_DAY1_MINITWICE_3750	134	Pulse	99	7731168	41329	NA
S014_DAY1_MINITWICE_3750	134	Port Input	1	7731168	41329	NA
S014_DAY1_MINITWICE_3750	134	Picture	128_T_RWTRIAD_RW_pizarra_red.png	7733039	43200	1	1900	2	43200	1800
S014_DAY1_MINITWICE_3750	135	Picture	RW	7735139	0	1	43200	2	0	43200
S014_DAY1_MINITWICE_3750	135	Response	52	7747412	12273	1
S014_DAY1_MINITWICE_3750	135	Pulse	99	7767169	32030	NA
S014_DAY1_MINITWICE_3750	135	Port Input	1	7767169	32030	NA
S014_DAY1_MINITWICE_3750	135	Picture	129_T_RWTRIAD_RW_martillo_red.png	7778339	43200	1	1900	2	43200	1800
S014_DAY1_MINITWICE_3750	136	Picture	RW	7780439	0	1	43199	2	0	43200
S014_DAY1_MINITWICE_3750	136	Response	52	7796332	15893	1
S014_DAY1_MINITWICE_3750	136	Pulse	99	7803170	22731	NA
S014_DAY1_MINITWICE_3750	136	Port Input	1	7803170	22731	NA
S014_DAY1_MINITWICE_3750	136	Picture	130_T_RWTRIAD_RW_tijera_red.png	7823638	43199	1	1900	2	43200	1800
S014_DAY1_MINITWICE_3750	137	Picture	rest	7825638	0	1	144099	2	0	144000
S014_DAY1_MINITWICE_3750	137	Pulse	99	7839171	13533	NA
S014_DAY1_MINITWICE_3750	137	Port Input	1	7839171	13533	NA
S014_DAY1_MINITWICE_3750	137	Pulse	99	7875171	49533	NA
S014_DAY1_MINITWICE_3750	137	Port Input	1	7875171	49533	NA
S014_DAY1_MINITWICE_3750	137	Pulse	99	7911172	85534	NA
S014_DAY1_MINITWICE_3750	137	Port Input	1	7911172	85534	NA
S014_DAY1_MINITWICE_3750	137	Pulse	99	7947173	121535	NA
S014_DAY1_MINITWICE_3750	137	Port Input	1	7947173	121535	NA
S014_DAY1_MINITWICE_3750	138	Picture	endrest	7969837	0	1	10100	2	0	10000
S014_DAY1_MINITWICE_3750	139	Picture	PW	7980137	0	1	43200	2	0	43200
S014_DAY1_MINITWICE_3750	139	Pulse	99	7983174	3037	NA
S014_DAY1_MINITWICE_3750	139	Port Input	1	7983174	3037	NA
S014_DAY1_MINITWICE_3750	139	Response	52	7997323	17186	1
S014_DAY1_MINITWICE_3750	139	Pulse	99	8019175	39038	NA
S014_DAY1_MINITWICE_3750	139	Port Input	1	8019175	39038	NA
S014_DAY1_MINITWICE_3750	139	Picture	133_T_PWTRIAD_PW_manos_red.png	8023337	43200	1	1900	2	43200	1800
S014_DAY1_MINITWICE_3750	140	Picture	PW	8025437	0	1	43199	3	0	43200
S014_DAY1_MINITWICE_3750	140	Response	51	8041641	16204	1
S014_DAY1_MINITWICE_3750	140	Pulse	99	8055176	29739	NA
S014_DAY1_MINITWICE_3750	140	Port Input	1	8055176	29739	NA
S014_DAY1_MINITWICE_3750	140	Picture	134_T_PWTRIAD_PW_bellota_red.png	8068636	43199	2	1900	4	43200	1800
S014_DAY1_MINITWICE_3750	141	Picture	PW	8070736	0	2	43200	3	0	43200
S014_DAY1_MINITWICE_3750	141	Response	52	8088427	17691	1
S014_DAY1_MINITWICE_3750	141	Pulse	99	8091177	20441	NA
S014_DAY1_MINITWICE_3750	141	Port Input	1	8091177	20441	NA
S014_DAY1_MINITWICE_3750	141	Picture	135_T_PWTRIAD_PW_teclado_red.png	8113936	43200	1	1900	2	43200	1800
S014_DAY1_MINITWICE_3750	142	Picture	PW	8116036	0	1	43200	2	0	43200
S014_DAY1_MINITWICE_3750	142	Pulse	99	8127178	11142	NA
S014_DAY1_MINITWICE_3750	142	Port Input	1	8127178	11142	NA
S014_DAY1_MINITWICE_3750	142	Response	51	8130307	14271	1
S014_DAY1_MINITWICE_3750	142	Picture	136_T_PWTRIAD_PW_monja_red.png	8159236	43200	1	1900	2	43200	1800
S014_DAY1_MINITWICE_3750	143	Picture	rest	8161236	0	1	144099	2	0	144000
S014_DAY1_MINITWICE_3750	143	Pulse	99	8163179	1943	NA
S014_DAY1_MINITWICE_3750	143	Port Input	1	8163179	1943	NA
S014_DAY1_MINITWICE_3750	143	Pulse	99	8199180	37944	NA
S014_DAY1_MINITWICE_3750	143	Port Input	1	8199180	37944	NA
S014_DAY1_MINITWICE_3750	144	Picture	endrest	8305435	0	1	10099	3	0	10000
S014_DAY1_MINITWICE_3750	145	Picture	endrest	8315634	0	2	10100	4	0	10000
S014_DAY1_MINITWICE_3750	146	Picture	endrest	8325834	0	2	10100	4	0	10000
S014_DAY1_MINITWICE_3750	147	Picture	endrest	8336034	0	2	10100	3	0	10000
