Scenario - vOT_Triads_fMRI_II
Logfile written - 06/01/2015 15:39:59

Subject	Trial	Event Type	Code	Time	TTime	Uncertainty	Duration	Uncertainty	ReqTime	ReqDur

S014_DAY1_MINITWICE_3750	1	Pulse	99	169439	179211	NA
S014_DAY1_MINITWICE_3750	1	Port Input	1	169439	179211	NA
S014_DAY1_MINITWICE_3750	1	Pulse	99	205439	215211	NA
S014_DAY1_MINITWICE_3750	1	Port Input	1	205439	215211	NA
S014_DAY1_MINITWICE_3750	1	Pulse	99	241440	251212	NA
S014_DAY1_MINITWICE_3750	1	Port Input	1	241440	251212	NA
S014_DAY1_MINITWICE_3750	1	Pulse	99	277441	287213	NA
S014_DAY1_MINITWICE_3750	1	Port Input	1	277441	287213	NA
S014_DAY1_MINITWICE_3750	1	Pulse	99	313442	323214	NA
S014_DAY1_MINITWICE_3750	1	Port Input	1	313442	323214	NA
S014_DAY1_MINITWICE_3750	2	Picture	rest	313697	0	1	144099	2	0	144000
S014_DAY1_MINITWICE_3750	2	Pulse	99	349443	35746	NA
S014_DAY1_MINITWICE_3750	2	Port Input	1	349443	35746	NA
S014_DAY1_MINITWICE_3750	2	Pulse	99	385444	71747	NA
S014_DAY1_MINITWICE_3750	2	Port Input	1	385444	71747	NA
S014_DAY1_MINITWICE_3750	2	Pulse	99	421445	107748	NA
S014_DAY1_MINITWICE_3750	2	Port Input	1	421445	107748	NA
S014_DAY1_MINITWICE_3750	2	Pulse	99	457446	143749	NA
S014_DAY1_MINITWICE_3750	2	Port Input	1	457446	143749	NA
S014_DAY1_MINITWICE_3750	3	Picture	endrest	457896	0	1	10100	2	0	10000
S014_DAY1_MINITWICE_3750	4	Picture	FF	468196	0	1	43199	2	0	43200
S014_DAY1_MINITWICE_3750	4	Response	52	479494	11298	1
S014_DAY1_MINITWICE_3750	4	Pulse	99	493447	25251	NA
S014_DAY1_MINITWICE_3750	4	Port Input	1	493447	25251	NA
S014_DAY1_MINITWICE_3750	4	Picture	3_T_FFTRIAD_FF_botella_red.png	511395	43199	1	1900	2	43200	1800
S014_DAY1_MINITWICE_3750	5	Picture	FF	513495	0	1	43200	2	0	43200
S014_DAY1_MINITWICE_3750	5	Response	52	523951	10456	1
S014_DAY1_MINITWICE_3750	5	Pulse	99	529448	15953	NA
S014_DAY1_MINITWICE_3750	5	Port Input	1	529448	15953	NA
S014_DAY1_MINITWICE_3750	5	Picture	4_T_FFTRIAD_FF_pilas_red.png	556695	43200	1	1900	2	43200	1800
S014_DAY1_MINITWICE_3750	6	Picture	FF	558795	0	1	43200	2	0	43200
S014_DAY1_MINITWICE_3750	6	Pulse	99	565449	6654	NA
S014_DAY1_MINITWICE_3750	6	Port Input	1	565449	6654	NA
S014_DAY1_MINITWICE_3750	6	Response	52	569172	10377	1
S014_DAY1_MINITWICE_3750	6	Pulse	99	601450	42655	NA
S014_DAY1_MINITWICE_3750	6	Port Input	1	601450	42655	NA
S014_DAY1_MINITWICE_3750	6	Picture	5_T_FFTRIAD_FF_anillo_red.png	601995	43200	1	1900	2	43200	1800
S014_DAY1_MINITWICE_3750	7	Picture	FF	604095	0	1	43199	3	0	43200
S014_DAY1_MINITWICE_3750	7	Response	51	615159	11064	1
S014_DAY1_MINITWICE_3750	7	Pulse	99	637451	33356	NA
S014_DAY1_MINITWICE_3750	7	Port Input	1	637451	33356	NA
S014_DAY1_MINITWICE_3750	7	Picture	6_T_FFTRIAD_FF_arbol_red.png	647294	43199	2	1900	3	43200	1800
S014_DAY1_MINITWICE_3750	8	Picture	PW	649394	0	1	43200	2	0	43200
S014_DAY1_MINITWICE_3750	8	Response	52	664735	15341	1
S014_DAY1_MINITWICE_3750	8	Pulse	99	673452	24058	NA
S014_DAY1_MINITWICE_3750	8	Port Input	1	673452	24058	NA
S014_DAY1_MINITWICE_3750	8	Picture	7_T_PWTRIAD_PW_bala_red.png	692594	43200	1	1900	2	43200	1800
S014_DAY1_MINITWICE_3750	9	Picture	PW	694694	0	1	43200	2	0	43200
S014_DAY1_MINITWICE_3750	9	Response	52	709095	14401	1
S014_DAY1_MINITWICE_3750	9	Pulse	99	709453	14759	NA
S014_DAY1_MINITWICE_3750	9	Port Input	1	709453	14759	NA
S014_DAY1_MINITWICE_3750	9	Picture	8_T_PWTRIAD_PW_cortina_red.png	737894	43200	1	1900	2	43200	1800
S014_DAY1_MINITWICE_3750	10	Picture	PW	739994	0	1	43199	2	0	43200
S014_DAY1_MINITWICE_3750	10	Pulse	99	745453	5459	NA
S014_DAY1_MINITWICE_3750	10	Port Input	1	745453	5459	NA
S014_DAY1_MINITWICE_3750	10	Response	51	757628	17634	2
S014_DAY1_MINITWICE_3750	10	Pulse	99	781454	41460	NA
S014_DAY1_MINITWICE_3750	10	Port Input	1	781454	41460	NA
S014_DAY1_MINITWICE_3750	10	Picture	9_T_PWTRIAD_PW_grifo_red.png	783193	43199	1	1900	2	43200	1800
S014_DAY1_MINITWICE_3750	11	Picture	PW	785293	0	1	43200	2	0	43200
S014_DAY1_MINITWICE_3750	11	Response	52	804432	19139	1
S014_DAY1_MINITWICE_3750	11	Pulse	99	817455	32162	NA
S014_DAY1_MINITWICE_3750	11	Port Input	1	817455	32162	NA
S014_DAY1_MINITWICE_3750	11	Picture	10_T_PWTRIAD_PW_gafas_red.png	828493	43200	1	1900	2	43200	1800
S014_DAY1_MINITWICE_3750	12	Picture	rest	830493	0	1	144099	2	0	144000
S014_DAY1_MINITWICE_3750	12	Pulse	99	853456	22963	NA
S014_DAY1_MINITWICE_3750	12	Port Input	1	853456	22963	NA
S014_DAY1_MINITWICE_3750	12	Pulse	99	889457	58964	NA
S014_DAY1_MINITWICE_3750	12	Port Input	1	889457	58964	NA
S014_DAY1_MINITWICE_3750	12	Pulse	99	925458	94965	NA
S014_DAY1_MINITWICE_3750	12	Port Input	1	925458	94965	NA
S014_DAY1_MINITWICE_3750	12	Pulse	99	961459	130966	NA
S014_DAY1_MINITWICE_3750	12	Port Input	1	961459	130966	NA
S014_DAY1_MINITWICE_3750	13	Picture	endrest	974692	0	1	10100	2	0	10000
S014_DAY1_MINITWICE_3750	14	Picture	FF	984992	0	1	43199	2	0	43200
S014_DAY1_MINITWICE_3750	14	Response	51	996673	11681	1
S014_DAY1_MINITWICE_3750	14	Pulse	99	997460	12468	NA
S014_DAY1_MINITWICE_3750	14	Port Input	1	997460	12468	NA
S014_DAY1_MINITWICE_3750	14	Picture	13_T_FFTRIAD_FF_oruga_red.png	1028191	43199	1	1900	2	43200	1800
S014_DAY1_MINITWICE_3750	15	Picture	FF	1030291	0	1	43200	2	0	43200
S014_DAY1_MINITWICE_3750	15	Pulse	99	1033461	3170	NA
S014_DAY1_MINITWICE_3750	15	Port Input	1	1033461	3170	NA
S014_DAY1_MINITWICE_3750	15	Response	51	1041159	10868	1
S014_DAY1_MINITWICE_3750	15	Pulse	99	1069462	39171	NA
S014_DAY1_MINITWICE_3750	15	Port Input	1	1069462	39171	NA
S014_DAY1_MINITWICE_3750	15	Picture	14_T_FFTRIAD_FF_teclado_red.png	1073491	43200	1	1900	2	43200	1800
S014_DAY1_MINITWICE_3750	16	Picture	FF	1075591	0	1	43200	2	0	43200
S014_DAY1_MINITWICE_3750	16	Response	52	1085812	10221	1
S014_DAY1_MINITWICE_3750	16	Pulse	99	1105463	29872	NA
S014_DAY1_MINITWICE_3750	16	Port Input	1	1105463	29872	NA
S014_DAY1_MINITWICE_3750	16	Picture	15_T_FFTRIAD_FF_cinturon_red.png	1118791	43200	1	1900	2	43200	1800
S014_DAY1_MINITWICE_3750	17	Picture	FF	1120891	0	1	43199	2	0	43200
S014_DAY1_MINITWICE_3750	17	Response	52	1134310	13419	1
S014_DAY1_MINITWICE_3750	17	Pulse	99	1141464	20573	NA
S014_DAY1_MINITWICE_3750	17	Port Input	1	1141464	20573	NA
S014_DAY1_MINITWICE_3750	17	Picture	16_T_FFTRIAD_FF_sobre_red.png	1164090	43199	1	1900	2	43200	1800
S014_DAY1_MINITWICE_3750	18	Picture	PW	1166190	0	1	43200	2	0	43200
S014_DAY1_MINITWICE_3750	18	Pulse	99	1177465	11275	NA
S014_DAY1_MINITWICE_3750	18	Port Input	1	1177465	11275	NA
S014_DAY1_MINITWICE_3750	18	Response	51	1182447	16257	1
S014_DAY1_MINITWICE_3750	18	Picture	17_T_PWTRIAD_PW_charco_red.png	1209390	43200	1	1900	2	43200	1800
S014_DAY1_MINITWICE_3750	19	Picture	PW	1211490	0	1	43200	2	0	43200
S014_DAY1_MINITWICE_3750	19	Pulse	99	1213466	1976	NA
S014_DAY1_MINITWICE_3750	19	Port Input	1	1213466	1976	NA
S014_DAY1_MINITWICE_3750	19	Response	51	1227892	16402	1
S014_DAY1_MINITWICE_3750	19	Pulse	99	1249467	37977	NA
S014_DAY1_MINITWICE_3750	19	Port Input	1	1249467	37977	NA
S014_DAY1_MINITWICE_3750	19	Picture	18_T_PWTRIAD_PW_pluma_red.png	1254690	43200	1	1900	2	43200	1800
S014_DAY1_MINITWICE_3750	20	Picture	PW	1256790	0	1	43199	2	0	43200
S014_DAY1_MINITWICE_3750	20	Response	51	1273865	17075	1
S014_DAY1_MINITWICE_3750	20	Pulse	99	1285467	28677	NA
S014_DAY1_MINITWICE_3750	20	Port Input	1	1285467	28677	NA
S014_DAY1_MINITWICE_3750	20	Picture	19_T_PWTRIAD_PW_telefono_red.png	1299989	43199	1	1900	2	43200	1800
S014_DAY1_MINITWICE_3750	21	Picture	PW	1302089	0	1	43200	2	0	43200
S014_DAY1_MINITWICE_3750	21	Response	52	1318415	16326	1
S014_DAY1_MINITWICE_3750	21	Pulse	99	1321468	19379	NA
S014_DAY1_MINITWICE_3750	21	Port Input	1	1321468	19379	NA
S014_DAY1_MINITWICE_3750	21	Picture	20_T_PWTRIAD_PW_dedal_red.png	1345289	43200	1	1900	2	43200	1800
S014_DAY1_MINITWICE_3750	22	Picture	rest	1347289	0	1	144099	2	0	144000
S014_DAY1_MINITWICE_3750	22	Pulse	99	1357469	10180	NA
S014_DAY1_MINITWICE_3750	22	Port Input	1	1357469	10180	NA
S014_DAY1_MINITWICE_3750	22	Pulse	99	1393470	46181	NA
S014_DAY1_MINITWICE_3750	22	Port Input	1	1393470	46181	NA
S014_DAY1_MINITWICE_3750	22	Pulse	99	1429471	82182	NA
S014_DAY1_MINITWICE_3750	22	Port Input	1	1429471	82182	NA
S014_DAY1_MINITWICE_3750	22	Pulse	99	1465472	118183	NA
S014_DAY1_MINITWICE_3750	22	Port Input	1	1465472	118183	NA
S014_DAY1_MINITWICE_3750	23	Picture	endrest	1491488	0	1	10100	2	0	10000
S014_DAY1_MINITWICE_3750	23	Pulse	99	1501473	9985	NA
S014_DAY1_MINITWICE_3750	23	Port Input	1	1501473	9985	NA
S014_DAY1_MINITWICE_3750	24	Picture	FF	1501788	0	1	43199	3	0	43200
S014_DAY1_MINITWICE_3750	24	Response	52	1516021	14233	1
S014_DAY1_MINITWICE_3750	24	Pulse	99	1537474	35686	NA
S014_DAY1_MINITWICE_3750	24	Port Input	1	1537474	35686	NA
S014_DAY1_MINITWICE_3750	24	Picture	23_T_FFTRIAD_FF_esquimal_red.png	1544987	43199	2	1900	3	43200	1800
S014_DAY1_MINITWICE_3750	25	Picture	FF	1547087	0	1	43200	3	0	43200
S014_DAY1_MINITWICE_3750	25	Response	51	1559402	12315	2
S014_DAY1_MINITWICE_3750	25	Pulse	99	1573475	26388	NA
S014_DAY1_MINITWICE_3750	25	Port Input	1	1573475	26388	NA
S014_DAY1_MINITWICE_3750	25	Picture	24_T_FFTRIAD_FF_bellota_red.png	1590287	43200	2	1900	3	43200	1800
S014_DAY1_MINITWICE_3750	26	Picture	FF	1592387	0	1	43200	2	0	43200
S014_DAY1_MINITWICE_3750	26	Response	51	1602929	10542	1
S014_DAY1_MINITWICE_3750	26	Pulse	99	1609476	17089	NA
S014_DAY1_MINITWICE_3750	26	Port Input	1	1609476	17089	NA
S014_DAY1_MINITWICE_3750	26	Picture	25_T_FFTRIAD_FF_grapadora_red.png	1635587	43200	1	1900	2	43200	1800
S014_DAY1_MINITWICE_3750	27	Picture	FF	1637687	0	1	43199	3	0	43200
S014_DAY1_MINITWICE_3750	27	Pulse	99	1645477	7790	NA
S014_DAY1_MINITWICE_3750	27	Port Input	1	1645477	7790	NA
S014_DAY1_MINITWICE_3750	27	Response	51	1646629	8942	1
S014_DAY1_MINITWICE_3750	27	Picture	26_T_FFTRIAD_FF_lana_red.png	1680886	43199	2	1900	3	43200	1800
S014_DAY1_MINITWICE_3750	27	Pulse	99	1681478	43791	NA
S014_DAY1_MINITWICE_3750	27	Port Input	1	1681478	43791	NA
S014_DAY1_MINITWICE_3750	28	Picture	PW	1682986	0	2	43200	3	0	43200
S014_DAY1_MINITWICE_3750	28	Response	52	1701261	18275	1
S014_DAY1_MINITWICE_3750	28	Pulse	99	1717479	34493	NA
S014_DAY1_MINITWICE_3750	28	Port Input	1	1717479	34493	NA
S014_DAY1_MINITWICE_3750	28	Picture	27_T_PWTRIAD_PW_violin_red.png	1726186	43200	1	1900	2	43200	1800
S014_DAY1_MINITWICE_3750	29	Picture	PW	1728285	0	2	43200	4	0	43200
S014_DAY1_MINITWICE_3750	29	Response	51	1746901	18616	1
S014_DAY1_MINITWICE_3750	29	Pulse	99	1753480	25195	NA
S014_DAY1_MINITWICE_3750	29	Port Input	1	1753480	25195	NA
S014_DAY1_MINITWICE_3750	29	Picture	28_T_PWTRIAD_PW_leche_red.png	1771485	43200	2	1900	4	43200	1800
S014_DAY1_MINITWICE_3750	30	Picture	PW	1773585	0	2	43200	3	0	43200
S014_DAY1_MINITWICE_3750	30	Pulse	99	1789481	15896	NA
S014_DAY1_MINITWICE_3750	30	Port Input	1	1789481	15896	NA
S014_DAY1_MINITWICE_3750	30	Response	52	1791109	17524	1
S014_DAY1_MINITWICE_3750	30	Picture	29_T_PWTRIAD_PW_television_red.png	1816785	43200	1	1900	2	43200	1800
S014_DAY1_MINITWICE_3750	31	Picture	PW	1818885	0	1	43200	2	0	43200
S014_DAY1_MINITWICE_3750	31	Pulse	99	1825481	6596	NA
S014_DAY1_MINITWICE_3750	31	Port Input	1	1825481	6596	NA
S014_DAY1_MINITWICE_3750	31	Response	51	1835934	17049	1
S014_DAY1_MINITWICE_3750	31	Pulse	99	1861482	42597	NA
S014_DAY1_MINITWICE_3750	31	Port Input	1	1861482	42597	NA
S014_DAY1_MINITWICE_3750	31	Picture	30_T_PWTRIAD_PW_novia_red.png	1862085	43200	1	1900	2	43200	1800
S014_DAY1_MINITWICE_3750	32	Picture	rest	1864085	0	1	144099	2	0	144000
S014_DAY1_MINITWICE_3750	32	Pulse	99	1897483	33398	NA
S014_DAY1_MINITWICE_3750	32	Port Input	1	1897483	33398	NA
S014_DAY1_MINITWICE_3750	32	Pulse	99	1933484	69399	NA
S014_DAY1_MINITWICE_3750	32	Port Input	1	1933484	69399	NA
S014_DAY1_MINITWICE_3750	32	Pulse	99	1969485	105400	NA
S014_DAY1_MINITWICE_3750	32	Port Input	1	1969485	105400	NA
S014_DAY1_MINITWICE_3750	32	Pulse	99	2005486	141401	NA
S014_DAY1_MINITWICE_3750	32	Port Input	1	2005486	141401	NA
S014_DAY1_MINITWICE_3750	33	Picture	endrest	2008284	0	1	10100	2	0	10000
S014_DAY1_MINITWICE_3750	34	Picture	RW	2018584	0	1	43199	3	0	43200
S014_DAY1_MINITWICE_3750	34	Response	52	2034689	16105	1
S014_DAY1_MINITWICE_3750	34	Pulse	99	2041487	22903	NA
S014_DAY1_MINITWICE_3750	34	Port Input	1	2041487	22903	NA
S014_DAY1_MINITWICE_3750	34	Picture	33_T_RWTRIAD_RW_esquimal_red.png	2061783	43199	2	1900	4	43200	1800
S014_DAY1_MINITWICE_3750	35	Picture	RW	2063883	0	2	43200	3	0	43200
S014_DAY1_MINITWICE_3750	35	Pulse	99	2077488	13605	NA
S014_DAY1_MINITWICE_3750	35	Port Input	1	2077488	13605	NA
S014_DAY1_MINITWICE_3750	35	Response	51	2084652	20769	2
S014_DAY1_MINITWICE_3750	35	Response	52	2102782	38899	2
S014_DAY1_MINITWICE_3750	35	Picture	34_T_RWTRIAD_RW_llave_red.png	2107083	43200	1	1900	2	43200	1800
S014_DAY1_MINITWICE_3750	36	Picture	RW	2109183	0	1	43200	2	0	43200
S014_DAY1_MINITWICE_3750	36	Pulse	99	2113489	4306	NA
S014_DAY1_MINITWICE_3750	36	Port Input	1	2113489	4306	NA
S014_DAY1_MINITWICE_3750	36	Response	52	2127871	18688	1
S014_DAY1_MINITWICE_3750	36	Pulse	99	2149490	40307	NA
S014_DAY1_MINITWICE_3750	36	Port Input	1	2149490	40307	NA
S014_DAY1_MINITWICE_3750	36	Picture	35_T_RWTRIAD_RW_gafas_red.png	2152383	43200	1	1900	2	43200	1800
S014_DAY1_MINITWICE_3750	37	Picture	RW	2154483	0	1	43199	3	0	43200
S014_DAY1_MINITWICE_3750	37	Response	51	2168081	13598	2
S014_DAY1_MINITWICE_3750	37	Pulse	99	2185491	31008	NA
S014_DAY1_MINITWICE_3750	37	Port Input	1	2185491	31008	NA
S014_DAY1_MINITWICE_3750	37	Picture	36_T_RWTRIAD_RW_grifo_red.png	2197682	43199	2	1900	4	43200	1800
S014_DAY1_MINITWICE_3750	38	Picture	FF	2199782	0	2	43200	3	0	43200
S014_DAY1_MINITWICE_3750	38	Response	51	2210339	10557	1
S014_DAY1_MINITWICE_3750	38	Pulse	99	2221492	21710	NA
S014_DAY1_MINITWICE_3750	38	Port Input	1	2221492	21710	NA
S014_DAY1_MINITWICE_3750	38	Picture	37_T_FFTRIAD_FF_martillo_red.png	2242982	43200	1	1900	2	43200	1800
S014_DAY1_MINITWICE_3750	39	Picture	FF	2245082	0	1	43200	2	0	43200
S014_DAY1_MINITWICE_3750	39	Pulse	99	2257493	12411	NA
S014_DAY1_MINITWICE_3750	39	Port Input	1	2257493	12411	NA
S014_DAY1_MINITWICE_3750	39	Response	51	2257601	12519	1
S014_DAY1_MINITWICE_3750	39	Picture	38_T_FFTRIAD_FF_granjero_red.png	2288282	43200	1	1900	2	43200	1800
S014_DAY1_MINITWICE_3750	40	Picture	FF	2290382	0	1	43199	2	0	43200
S014_DAY1_MINITWICE_3750	40	Pulse	99	2293494	3112	NA
S014_DAY1_MINITWICE_3750	40	Port Input	1	2293494	3112	NA
S014_DAY1_MINITWICE_3750	40	Response	52	2302304	11922	1
S014_DAY1_MINITWICE_3750	40	Pulse	99	2329495	39113	NA
S014_DAY1_MINITWICE_3750	40	Port Input	1	2329495	39113	NA
S014_DAY1_MINITWICE_3750	40	Picture	39_T_FFTRIAD_FF_policia_red.png	2333581	43199	1	1900	2	43200	1800
S014_DAY1_MINITWICE_3750	41	Picture	FF	2335681	0	1	43200	2	0	43200
S014_DAY1_MINITWICE_3750	41	Response	52	2345509	9828	1
S014_DAY1_MINITWICE_3750	41	Pulse	99	2365495	29814	NA
S014_DAY1_MINITWICE_3750	41	Port Input	1	2365495	29814	NA
S014_DAY1_MINITWICE_3750	41	Picture	40_T_FFTRIAD_FF_almohada_red.png	2378881	43200	1	1900	2	43200	1800
S014_DAY1_MINITWICE_3750	42	Picture	rest	2380881	0	1	144099	2	0	144000
S014_DAY1_MINITWICE_3750	42	Pulse	99	2401496	20615	NA
S014_DAY1_MINITWICE_3750	42	Port Input	1	2401496	20615	NA
S014_DAY1_MINITWICE_3750	42	Pulse	99	2437497	56616	NA
S014_DAY1_MINITWICE_3750	42	Port Input	1	2437497	56616	NA
S014_DAY1_MINITWICE_3750	42	Pulse	99	2473498	92617	NA
S014_DAY1_MINITWICE_3750	42	Port Input	1	2473498	92617	NA
S014_DAY1_MINITWICE_3750	42	Pulse	99	2509499	128618	NA
S014_DAY1_MINITWICE_3750	42	Port Input	1	2509499	128618	NA
S014_DAY1_MINITWICE_3750	43	Picture	endrest	2525080	0	1	10100	2	0	10000
S014_DAY1_MINITWICE_3750	44	Picture	RW	2535380	0	1	43199	3	0	43200
S014_DAY1_MINITWICE_3750	44	Pulse	99	2545500	10120	NA
S014_DAY1_MINITWICE_3750	44	Port Input	1	2545500	10120	NA
S014_DAY1_MINITWICE_3750	44	Response	52	2574049	38669	1
S014_DAY1_MINITWICE_3750	44	Picture	43_T_RWTRIAD_RW_estetoscopio_red.png	2578579	43199	2	1900	4	43200	1800
S014_DAY1_MINITWICE_3750	45	Picture	RW	2580679	0	2	43200	3	0	43200
S014_DAY1_MINITWICE_3750	45	Pulse	99	2581501	822	NA
S014_DAY1_MINITWICE_3750	45	Port Input	1	2581501	822	NA
S014_DAY1_MINITWICE_3750	45	Response	52	2599520	18841	1
S014_DAY1_MINITWICE_3750	45	Pulse	99	2617502	36823	NA
S014_DAY1_MINITWICE_3750	45	Port Input	1	2617502	36823	NA
S014_DAY1_MINITWICE_3750	45	Picture	44_T_RWTRIAD_RW_monja_red.png	2623879	43200	1	1900	2	43200	1800
S014_DAY1_MINITWICE_3750	46	Picture	RW	2625979	0	1	43200	2	0	43200
S014_DAY1_MINITWICE_3750	46	Response	51	2653152	27173	1
S014_DAY1_MINITWICE_3750	46	Pulse	99	2653503	27524	NA
S014_DAY1_MINITWICE_3750	46	Port Input	1	2653503	27524	NA
S014_DAY1_MINITWICE_3750	46	Picture	45_T_RWTRIAD_RW_molino_red.png	2669179	43200	1	1900	2	43200	1800
S014_DAY1_MINITWICE_3750	47	Picture	RW	2671279	0	1	43199	3	0	43200
S014_DAY1_MINITWICE_3750	47	Response	52	2688665	17386	1
S014_DAY1_MINITWICE_3750	47	Pulse	99	2689504	18225	NA
S014_DAY1_MINITWICE_3750	47	Port Input	1	2689504	18225	NA
S014_DAY1_MINITWICE_3750	47	Picture	46_T_RWTRIAD_RW_sombrilla_red.png	2714478	43199	2	1900	4	43200	1800
S014_DAY1_MINITWICE_3750	48	Picture	FF	2716578	0	2	43200	3	0	43200
S014_DAY1_MINITWICE_3750	48	Pulse	99	2725505	8927	NA
S014_DAY1_MINITWICE_3750	48	Port Input	1	2725505	8927	NA
S014_DAY1_MINITWICE_3750	48	Response	51	2728284	11706	1
S014_DAY1_MINITWICE_3750	48	Picture	47_T_FFTRIAD_FF_queso_red.png	2759778	43200	1	1900	2	43200	1800
S014_DAY1_MINITWICE_3750	48	Pulse	99	2761506	44928	NA
S014_DAY1_MINITWICE_3750	48	Port Input	1	2761506	44928	NA
S014_DAY1_MINITWICE_3750	49	Picture	FF	2761878	0	1	43200	2	0	43200
S014_DAY1_MINITWICE_3750	49	Response	52	2779526	17648	1
S014_DAY1_MINITWICE_3750	49	Pulse	99	2797507	35629	NA
S014_DAY1_MINITWICE_3750	49	Port Input	1	2797507	35629	NA
S014_DAY1_MINITWICE_3750	49	Picture	48_T_FFTRIAD_FF_paracaidas_red.png	2805078	43200	1	1900	2	43200	1800
S014_DAY1_MINITWICE_3750	50	Picture	FF	2807178	0	1	43199	2	0	43200
S014_DAY1_MINITWICE_3750	50	Response	52	2820612	13434	1
S014_DAY1_MINITWICE_3750	50	Pulse	99	2833508	26330	NA
S014_DAY1_MINITWICE_3750	50	Port Input	1	2833508	26330	NA
S014_DAY1_MINITWICE_3750	50	Picture	49_T_FFTRIAD_FF_ascensor_red.png	2850377	43199	1	1900	2	43200	1800
S014_DAY1_MINITWICE_3750	51	Picture	FF	2852477	0	2	43200	3	0	43200
S014_DAY1_MINITWICE_3750	51	Response	52	2865544	13067	1
S014_DAY1_MINITWICE_3750	51	Pulse	99	2869509	17032	NA
S014_DAY1_MINITWICE_3750	51	Port Input	1	2869509	17032	NA
S014_DAY1_MINITWICE_3750	51	Picture	50_T_FFTRIAD_FF_lechuga_red.png	2895677	43200	1	1900	2	43200	1800
S014_DAY1_MINITWICE_3750	52	Picture	rest	2897677	0	1	144099	2	0	144000
S014_DAY1_MINITWICE_3750	52	Pulse	99	2905510	7833	NA
S014_DAY1_MINITWICE_3750	52	Port Input	1	2905510	7833	NA
S014_DAY1_MINITWICE_3750	52	Pulse	99	2941510	43833	NA
S014_DAY1_MINITWICE_3750	52	Port Input	1	2941510	43833	NA
S014_DAY1_MINITWICE_3750	52	Pulse	99	2977511	79834	NA
S014_DAY1_MINITWICE_3750	52	Port Input	1	2977511	79834	NA
S014_DAY1_MINITWICE_3750	52	Pulse	99	3013512	115835	NA
S014_DAY1_MINITWICE_3750	52	Port Input	1	3013512	115835	NA
S014_DAY1_MINITWICE_3750	53	Picture	endrest	3041876	0	1	10100	2	0	10000
S014_DAY1_MINITWICE_3750	53	Pulse	99	3049513	7637	NA
S014_DAY1_MINITWICE_3750	53	Port Input	1	3049513	7637	NA
S014_DAY1_MINITWICE_3750	54	Picture	PW	3052176	0	1	43199	3	0	43200
S014_DAY1_MINITWICE_3750	54	Response	51	3070725	18549	1
S014_DAY1_MINITWICE_3750	54	Pulse	99	3085514	33338	NA
S014_DAY1_MINITWICE_3750	54	Port Input	1	3085514	33338	NA
S014_DAY1_MINITWICE_3750	54	Picture	53_T_PWTRIAD_PW_futbol_red.png	3095375	43199	2	1901	3	43200	1800
S014_DAY1_MINITWICE_3750	55	Picture	PW	3097476	0	1	43199	2	0	43200
S014_DAY1_MINITWICE_3750	55	Response	51	3116095	18619	2
S014_DAY1_MINITWICE_3750	55	Pulse	99	3121515	24039	NA
S014_DAY1_MINITWICE_3750	55	Port Input	1	3121515	24039	NA
S014_DAY1_MINITWICE_3750	55	Picture	54_T_PWTRIAD_PW_cinturon_red.png	3140675	43199	1	1900	2	43200	1800
S014_DAY1_MINITWICE_3750	56	Picture	PW	3142775	0	1	43200	2	0	43200
S014_DAY1_MINITWICE_3750	56	Response	51	3156551	13776	1
S014_DAY1_MINITWICE_3750	56	Pulse	99	3157516	14741	NA
S014_DAY1_MINITWICE_3750	56	Port Input	1	3157516	14741	NA
S014_DAY1_MINITWICE_3750	56	Picture	55_T_PWTRIAD_PW_arbol_red.png	3185975	43200	1	1900	2	43200	1800
S014_DAY1_MINITWICE_3750	57	Picture	PW	3188075	0	1	43199	3	0	43200
S014_DAY1_MINITWICE_3750	57	Pulse	99	3193517	5442	NA
S014_DAY1_MINITWICE_3750	57	Port Input	1	3193517	5442	NA
S014_DAY1_MINITWICE_3750	57	Response	51	3209187	21112	1
S014_DAY1_MINITWICE_3750	57	Pulse	99	3229518	41443	NA
S014_DAY1_MINITWICE_3750	57	Port Input	1	3229518	41443	NA
S014_DAY1_MINITWICE_3750	57	Picture	56_T_PWTRIAD_PW_destornillador_red.png	3231274	43199	2	1900	4	43200	1800
S014_DAY1_MINITWICE_3750	58	Picture	RW	3233374	0	2	43200	3	0	43200
S014_DAY1_MINITWICE_3750	58	Response	52	3246881	13507	1
S014_DAY1_MINITWICE_3750	58	Pulse	99	3265519	32145	NA
S014_DAY1_MINITWICE_3750	58	Port Input	1	3265519	32145	NA
S014_DAY1_MINITWICE_3750	58	Picture	57_T_RWTRIAD_RW_leche_red.png	3276574	43200	1	1900	2	43200	1800
S014_DAY1_MINITWICE_3750	59	Picture	RW	3278674	0	1	43200	2	0	43200
S014_DAY1_MINITWICE_3750	59	Response	51	3296538	17864	1
S014_DAY1_MINITWICE_3750	59	Pulse	99	3301520	22846	NA
S014_DAY1_MINITWICE_3750	59	Port Input	1	3301520	22846	NA
S014_DAY1_MINITWICE_3750	59	Picture	58_T_RWTRIAD_RW_banera_red.png	3321874	43200	1	1900	2	43200	1800
S014_DAY1_MINITWICE_3750	60	Picture	RW	3323974	0	1	43199	3	0	43200
S014_DAY1_MINITWICE_3750	60	Response	51	3337052	13078	1
S014_DAY1_MINITWICE_3750	60	Pulse	99	3337521	13547	NA
S014_DAY1_MINITWICE_3750	60	Port Input	1	3337521	13547	NA
S014_DAY1_MINITWICE_3750	60	Picture	59_T_RWTRIAD_RW_cortina_red.png	3367173	43199	2	1900	4	43200	1800
S014_DAY1_MINITWICE_3750	61	Picture	RW	3369273	0	2	43200	3	0	43200
S014_DAY1_MINITWICE_3750	61	Pulse	99	3373522	4249	NA
S014_DAY1_MINITWICE_3750	61	Port Input	1	3373522	4249	NA
S014_DAY1_MINITWICE_3750	61	Response	52	3385946	16673	1
S014_DAY1_MINITWICE_3750	61	Pulse	99	3409523	40250	NA
S014_DAY1_MINITWICE_3750	61	Port Input	1	3409523	40250	NA
S014_DAY1_MINITWICE_3750	61	Picture	60_T_RWTRIAD_RW_murcielago_red.png	3412473	43200	1	1900	2	43200	1800
S014_DAY1_MINITWICE_3750	62	Picture	rest	3414473	0	1	144099	2	0	144000
S014_DAY1_MINITWICE_3750	62	Pulse	99	3445524	31051	NA
S014_DAY1_MINITWICE_3750	62	Port Input	1	3445524	31051	NA
S014_DAY1_MINITWICE_3750	62	Pulse	99	3481524	67051	NA
S014_DAY1_MINITWICE_3750	62	Port Input	1	3481524	67051	NA
S014_DAY1_MINITWICE_3750	62	Pulse	99	3517525	103052	NA
S014_DAY1_MINITWICE_3750	62	Port Input	1	3517525	103052	NA
S014_DAY1_MINITWICE_3750	62	Pulse	99	3553526	139053	NA
S014_DAY1_MINITWICE_3750	62	Port Input	1	3553526	139053	NA
S014_DAY1_MINITWICE_3750	63	Picture	endrest	3558672	0	1	10100	2	0	10000
S014_DAY1_MINITWICE_3750	64	Picture	PW	3568972	0	1	43200	2	0	43200
S014_DAY1_MINITWICE_3750	64	Response	52	3587998	19026	1
S014_DAY1_MINITWICE_3750	64	Pulse	99	3589527	20555	NA
S014_DAY1_MINITWICE_3750	64	Port Input	1	3589527	20555	NA
S014_DAY1_MINITWICE_3750	64	Picture	63_T_PWTRIAD_PW_botella_red.png	3612172	43200	1	1900	2	43200	1800
S014_DAY1_MINITWICE_3750	65	Picture	PW	3614272	0	1	43199	2	0	43200
S014_DAY1_MINITWICE_3750	65	Pulse	99	3625528	11256	NA
S014_DAY1_MINITWICE_3750	65	Port Input	1	3625528	11256	NA
S014_DAY1_MINITWICE_3750	65	Response	52	3634198	19926	1
S014_DAY1_MINITWICE_3750	65	Picture	64_T_PWTRIAD_PW_paraguas_red.png	3657471	43199	1	1900	2	43200	1800
S014_DAY1_MINITWICE_3750	66	Picture	PW	3659571	0	1	43200	2	0	43200
S014_DAY1_MINITWICE_3750	66	Pulse	99	3661529	1958	NA
S014_DAY1_MINITWICE_3750	66	Port Input	1	3661529	1958	NA
S014_DAY1_MINITWICE_3750	66	Response	51	3678150	18579	1
S014_DAY1_MINITWICE_3750	66	Pulse	99	3697530	37959	NA
S014_DAY1_MINITWICE_3750	66	Port Input	1	3697530	37959	NA
S014_DAY1_MINITWICE_3750	66	Picture	65_T_PWTRIAD_PW_pincel_red.png	3702771	43200	1	1900	2	43200	1800
S014_DAY1_MINITWICE_3750	67	Picture	PW	3704871	0	1	43200	2	0	43200
S014_DAY1_MINITWICE_3750	67	Response	51	3728346	23475	1
S014_DAY1_MINITWICE_3750	67	Pulse	99	3733531	28660	NA
S014_DAY1_MINITWICE_3750	67	Port Input	1	3733531	28660	NA
S014_DAY1_MINITWICE_3750	67	Picture	66_T_PWTRIAD_PW_lechuga_red.png	3748071	43200	1	1900	2	43200	1800
S014_DAY1_MINITWICE_3750	68	Picture	FF	3750171	0	1	43199	2	0	43200
S014_DAY1_MINITWICE_3750	68	Response	51	3764009	13838	1
S014_DAY1_MINITWICE_3750	68	Pulse	99	3769532	19361	NA
S014_DAY1_MINITWICE_3750	68	Port Input	1	3769532	19361	NA
S014_DAY1_MINITWICE_3750	68	Picture	67_T_FFTRIAD_FF_pluma_red.png	3793370	43199	1	1900	2	43200	1800
S014_DAY1_MINITWICE_3750	69	Picture	FF	3795470	0	1	43200	2	0	43200
S014_DAY1_MINITWICE_3750	69	Pulse	99	3805533	10063	NA
S014_DAY1_MINITWICE_3750	69	Port Input	1	3805533	10063	NA
S014_DAY1_MINITWICE_3750	69	Response	52	3809708	14238	1
S014_DAY1_MINITWICE_3750	69	Picture	68_T_FFTRIAD_FF_manos_red.png	3838670	43200	1	1900	2	43200	1800
S014_DAY1_MINITWICE_3750	70	Picture	FF	3840770	0	1	43199	3	0	43200
S014_DAY1_MINITWICE_3750	70	Pulse	99	3841534	764	NA
S014_DAY1_MINITWICE_3750	70	Port Input	1	3841534	764	NA
S014_DAY1_MINITWICE_3750	70	Response	52	3854187	13417	1
S014_DAY1_MINITWICE_3750	70	Pulse	99	3877535	36765	NA
S014_DAY1_MINITWICE_3750	70	Port Input	1	3877535	36765	NA
S014_DAY1_MINITWICE_3750	70	Picture	69_T_FFTRIAD_FF_pizarra_red.png	3883969	43199	2	1900	4	43200	1800
S014_DAY1_MINITWICE_3750	71	Picture	FF	3886069	0	2	43200	3	0	43200
S014_DAY1_MINITWICE_3750	71	Response	51	3896906	10837	1
S014_DAY1_MINITWICE_3750	71	Pulse	99	3913536	27467	NA
S014_DAY1_MINITWICE_3750	71	Port Input	1	3913536	27467	NA
S014_DAY1_MINITWICE_3750	71	Picture	70_T_FFTRIAD_FF_television_red.png	3929269	43200	1	1900	2	43200	1800
S014_DAY1_MINITWICE_3750	72	Picture	rest	3931269	0	1	144099	2	0	144000
S014_DAY1_MINITWICE_3750	72	Pulse	99	3949537	18268	NA
S014_DAY1_MINITWICE_3750	72	Port Input	1	3949537	18268	NA
S014_DAY1_MINITWICE_3750	72	Pulse	99	3985538	54269	NA
S014_DAY1_MINITWICE_3750	72	Port Input	1	3985538	54269	NA
S014_DAY1_MINITWICE_3750	72	Pulse	99	4021539	90270	NA
S014_DAY1_MINITWICE_3750	72	Port Input	1	4021539	90270	NA
S014_DAY1_MINITWICE_3750	72	Pulse	99	4057539	126270	NA
S014_DAY1_MINITWICE_3750	72	Port Input	1	4057539	126270	NA
S014_DAY1_MINITWICE_3750	73	Picture	endrest	4075468	0	1	10100	2	0	10000
S014_DAY1_MINITWICE_3750	74	Picture	PW	4085768	0	1	43200	2	0	43200
S014_DAY1_MINITWICE_3750	74	Pulse	99	4093540	7772	NA
S014_DAY1_MINITWICE_3750	74	Port Input	1	4093540	7772	NA
S014_DAY1_MINITWICE_3750	74	Response	52	4100301	14533	1
S014_DAY1_MINITWICE_3750	74	Picture	73_T_PWTRIAD_PW_telarana_red.png	4128968	43200	1	1900	2	43200	1800
S014_DAY1_MINITWICE_3750	74	Pulse	99	4129541	43773	NA
S014_DAY1_MINITWICE_3750	74	Port Input	1	4129541	43773	NA
S014_DAY1_MINITWICE_3750	75	Picture	PW	4131068	0	1	43199	2	0	43200
S014_DAY1_MINITWICE_3750	75	Response	52	4148606	17538	1
S014_DAY1_MINITWICE_3750	75	Pulse	99	4165542	34474	NA
S014_DAY1_MINITWICE_3750	75	Port Input	1	4165542	34474	NA
S014_DAY1_MINITWICE_3750	75	Picture	74_T_PWTRIAD_PW_cuento_red.png	4174267	43199	1	1900	2	43200	1800
S014_DAY1_MINITWICE_3750	76	Picture	PW	4176367	0	1	43200	2	0	43200
S014_DAY1_MINITWICE_3750	76	Response	52	4197317	20950	1
S014_DAY1_MINITWICE_3750	76	Pulse	99	4201543	25176	NA
S014_DAY1_MINITWICE_3750	76	Port Input	1	4201543	25176	NA
S014_DAY1_MINITWICE_3750	76	Picture	75_T_PWTRIAD_PW_pizarra_red.png	4219567	43200	1	1900	2	43200	1800
S014_DAY1_MINITWICE_3750	77	Picture	PW	4221667	0	1	43200	2	0	43200
S014_DAY1_MINITWICE_3750	77	Pulse	99	4237544	15877	NA
S014_DAY1_MINITWICE_3750	77	Port Input	1	4237544	15877	NA
S014_DAY1_MINITWICE_3750	77	Response	51	4241134	19467	1
S014_DAY1_MINITWICE_3750	77	Picture	76_T_PWTRIAD_PW_llave_red.png	4264867	43200	1	1900	2	43200	1800
S014_DAY1_MINITWICE_3750	78	Picture	RW	4266967	0	1	43199	2	0	43200
S014_DAY1_MINITWICE_3750	78	Pulse	99	4273545	6578	NA
S014_DAY1_MINITWICE_3750	78	Port Input	1	4273545	6578	NA
S014_DAY1_MINITWICE_3750	78	Response	52	4283542	16575	1
S014_DAY1_MINITWICE_3750	78	Pulse	99	4309546	42579	NA
S014_DAY1_MINITWICE_3750	78	Port Input	1	4309546	42579	NA
S014_DAY1_MINITWICE_3750	78	Picture	77_T_RWTRIAD_RW_mono_red.png	4310166	43199	1	1900	2	43200	1800
S014_DAY1_MINITWICE_3750	79	Picture	RW	4312266	0	1	43200	2	0	43200
S014_DAY1_MINITWICE_3750	79	Response	52	4328881	16615	1
S014_DAY1_MINITWICE_3750	79	Pulse	99	4345547	33281	NA
S014_DAY1_MINITWICE_3750	79	Port Input	1	4345547	33281	NA
S014_DAY1_MINITWICE_3750	79	Picture	78_T_RWTRIAD_RW_sobre_red.png	4355466	43200	1	1900	2	43200	1800
S014_DAY1_MINITWICE_3750	80	Picture	RW	4357566	0	1	43199	3	0	43200
S014_DAY1_MINITWICE_3750	80	Response	51	4378006	20440	1
S014_DAY1_MINITWICE_3750	80	Pulse	99	4381548	23982	NA
S014_DAY1_MINITWICE_3750	80	Port Input	1	4381548	23982	NA
S014_DAY1_MINITWICE_3750	80	Picture	79_T_RWTRIAD_RW_piramide_red.png	4400765	43199	2	1900	4	43200	1800
S014_DAY1_MINITWICE_3750	81	Picture	RW	4402866	0	1	43199	2	0	43200
S014_DAY1_MINITWICE_3750	81	Pulse	99	4417549	14683	NA
S014_DAY1_MINITWICE_3750	81	Port Input	1	4417549	14683	NA
S014_DAY1_MINITWICE_3750	81	Response	52	4430417	27551	1
S014_DAY1_MINITWICE_3750	81	Picture	80_T_RWTRIAD_RW_lechuga_red.png	4446065	43199	1	1900	2	43200	1800
S014_DAY1_MINITWICE_3750	82	Picture	rest	4448065	0	1	144099	2	0	144000
S014_DAY1_MINITWICE_3750	82	Pulse	99	4453550	5485	NA
S014_DAY1_MINITWICE_3750	82	Port Input	1	4453550	5485	NA
S014_DAY1_MINITWICE_3750	82	Pulse	99	4489551	41486	NA
S014_DAY1_MINITWICE_3750	82	Port Input	1	4489551	41486	NA
S014_DAY1_MINITWICE_3750	82	Pulse	99	4525552	77487	NA
S014_DAY1_MINITWICE_3750	82	Port Input	1	4525552	77487	NA
S014_DAY1_MINITWICE_3750	82	Pulse	99	4561552	113487	NA
S014_DAY1_MINITWICE_3750	82	Port Input	1	4561552	113487	NA
S014_DAY1_MINITWICE_3750	83	Picture	endrest	4592264	0	1	10100	2	0	10000
S014_DAY1_MINITWICE_3750	83	Pulse	99	4597553	5289	NA
S014_DAY1_MINITWICE_3750	83	Port Input	1	4597553	5289	NA
S014_DAY1_MINITWICE_3750	84	Picture	FF	4602564	0	1	43200	2	0	43200
S014_DAY1_MINITWICE_3750	84	Response	51	4616440	13876	1
S014_DAY1_MINITWICE_3750	84	Pulse	99	4633554	30990	NA
S014_DAY1_MINITWICE_3750	84	Port Input	1	4633554	30990	NA
S014_DAY1_MINITWICE_3750	84	Picture	83_T_FFTRIAD_FF_novia_red.png	4645764	43200	1	1900	2	43200	1800
S014_DAY1_MINITWICE_3750	85	Picture	FF	4647864	0	1	43199	2	0	43200
S014_DAY1_MINITWICE_3750	85	Response	52	4659102	11238	1
S014_DAY1_MINITWICE_3750	85	Pulse	99	4669555	21691	NA
S014_DAY1_MINITWICE_3750	85	Port Input	1	4669555	21691	NA
S014_DAY1_MINITWICE_3750	85	Picture	84_T_FFTRIAD_FF_gafas_red.png	4691063	43199	1	1900	2	43200	1800
S014_DAY1_MINITWICE_3750	86	Picture	FF	4693163	0	1	43200	2	0	43200
S014_DAY1_MINITWICE_3750	86	Response	51	4702992	9829	1
S014_DAY1_MINITWICE_3750	86	Pulse	99	4705556	12393	NA
S014_DAY1_MINITWICE_3750	86	Port Input	1	4705556	12393	NA
S014_DAY1_MINITWICE_3750	86	Picture	85_T_FFTRIAD_FF_violin_red.png	4736363	43200	1	1900	2	43200	1800
S014_DAY1_MINITWICE_3750	87	Picture	FF	4738463	0	1	43200	2	0	43200
S014_DAY1_MINITWICE_3750	87	Pulse	99	4741557	3094	NA
S014_DAY1_MINITWICE_3750	87	Port Input	1	4741557	3094	NA
S014_DAY1_MINITWICE_3750	87	Response	51	4748219	9756	1
S014_DAY1_MINITWICE_3750	87	Pulse	99	4777558	39095	NA
S014_DAY1_MINITWICE_3750	87	Port Input	1	4777558	39095	NA
S014_DAY1_MINITWICE_3750	87	Picture	86_T_FFTRIAD_FF_estetoscopio_red.png	4781663	43200	1	1900	2	43200	1800
S014_DAY1_MINITWICE_3750	88	Picture	PW	4783763	0	1	43199	2	0	43200
S014_DAY1_MINITWICE_3750	88	Response	51	4799060	15297	1
S014_DAY1_MINITWICE_3750	88	Pulse	99	4813559	29796	NA
S014_DAY1_MINITWICE_3750	88	Port Input	1	4813559	29796	NA
S014_DAY1_MINITWICE_3750	88	Picture	87_T_PWTRIAD_PW_tenedor_red.png	4826962	43199	1	1900	3	43200	1800
S014_DAY1_MINITWICE_3750	89	Picture	PW	4829062	0	1	43200	2	0	43200
S014_DAY1_MINITWICE_3750	89	Response	52	4848462	19400	1
S014_DAY1_MINITWICE_3750	89	Pulse	99	4849560	20498	NA
S014_DAY1_MINITWICE_3750	89	Port Input	1	4849560	20498	NA
S014_DAY1_MINITWICE_3750	89	Picture	88_T_PWTRIAD_PW_candado_red.png	4872262	43200	1	1900	2	43200	1800
S014_DAY1_MINITWICE_3750	90	Picture	PW	4874362	0	1	43199	3	0	43200
S014_DAY1_MINITWICE_3750	90	Pulse	99	4885561	11199	NA
S014_DAY1_MINITWICE_3750	90	Port Input	1	4885561	11199	NA
S014_DAY1_MINITWICE_3750	90	Response	51	4899081	24719	1
S014_DAY1_MINITWICE_3750	90	Picture	89_T_PWTRIAD_PW_plato_red.png	4917561	43199	2	1900	4	43200	1800
S014_DAY1_MINITWICE_3750	91	Picture	PW	4919662	0	1	43199	3	0	43200
S014_DAY1_MINITWICE_3750	91	Pulse	99	4921562	1900	NA
S014_DAY1_MINITWICE_3750	91	Port Input	1	4921562	1900	NA
S014_DAY1_MINITWICE_3750	91	Response	51	4939430	19768	1
S014_DAY1_MINITWICE_3750	91	Pulse	99	4957563	37901	NA
S014_DAY1_MINITWICE_3750	91	Port Input	1	4957563	37901	NA
S014_DAY1_MINITWICE_3750	91	Picture	90_T_PWTRIAD_PW_lana_red.png	4962861	43199	2	1900	3	43200	1800
S014_DAY1_MINITWICE_3750	92	Picture	rest	4964861	0	2	144099	3	0	144000
S014_DAY1_MINITWICE_3750	92	Pulse	99	4993564	28703	NA
S014_DAY1_MINITWICE_3750	92	Port Input	1	4993564	28703	NA
S014_DAY1_MINITWICE_3750	92	Pulse	99	5029565	64704	NA
S014_DAY1_MINITWICE_3750	92	Port Input	1	5029565	64704	NA
S014_DAY1_MINITWICE_3750	92	Pulse	99	5065566	100705	NA
S014_DAY1_MINITWICE_3750	92	Port Input	1	5065566	100705	NA
S014_DAY1_MINITWICE_3750	92	Pulse	99	5101566	136705	NA
S014_DAY1_MINITWICE_3750	92	Port Input	1	5101566	136705	NA
S014_DAY1_MINITWICE_3750	93	Picture	endrest	5109060	0	1	10100	2	0	10000
S014_DAY1_MINITWICE_3750	94	Picture	RW	5119360	0	1	43200	2	0	43200
S014_DAY1_MINITWICE_3750	94	Response	52	5132890	13530	2
S014_DAY1_MINITWICE_3750	94	Pulse	99	5137567	18207	NA
S014_DAY1_MINITWICE_3750	94	Port Input	1	5137567	18207	NA
S014_DAY1_MINITWICE_3750	94	Picture	93_T_RWTRIAD_RW_raton_red.png	5162560	43200	1	1900	2	43200	1800
S014_DAY1_MINITWICE_3750	95	Picture	RW	5164660	0	1	43199	2	0	43200
S014_DAY1_MINITWICE_3750	95	Pulse	99	5173568	8908	NA
S014_DAY1_MINITWICE_3750	95	Port Input	1	5173568	8908	NA
S014_DAY1_MINITWICE_3750	95	Response	51	5178919	14259	1
S014_DAY1_MINITWICE_3750	95	Picture	94_T_RWTRIAD_RW_dedal_red.png	5207859	43199	1	1900	2	43200	1800
S014_DAY1_MINITWICE_3750	95	Pulse	99	5209569	44909	NA
S014_DAY1_MINITWICE_3750	95	Port Input	1	5209569	44909	NA
S014_DAY1_MINITWICE_3750	96	Picture	RW	5209959	0	1	43200	2	0	43200
S014_DAY1_MINITWICE_3750	96	Response	51	5227933	17974	1
S014_DAY1_MINITWICE_3750	96	Pulse	99	5245570	35611	NA
S014_DAY1_MINITWICE_3750	96	Port Input	1	5245570	35611	NA
S014_DAY1_MINITWICE_3750	96	Picture	95_T_RWTRIAD_RW_perro_red.png	5253159	43200	1	1900	2	43200	1800
S014_DAY1_MINITWICE_3750	97	Picture	RW	5255259	0	1	43200	2	0	43200
S014_DAY1_MINITWICE_3750	97	Response	52	5269603	14344	1
S014_DAY1_MINITWICE_3750	97	Pulse	99	5281571	26312	NA
S014_DAY1_MINITWICE_3750	97	Port Input	1	5281571	26312	NA
S014_DAY1_MINITWICE_3750	97	Picture	96_T_RWTRIAD_RW_paraguas_red.png	5298459	43200	1	1900	2	43200	1800
S014_DAY1_MINITWICE_3750	98	Picture	FF	5300559	0	1	43199	2	0	43200
S014_DAY1_MINITWICE_3750	98	Response	52	5311125	10566	1
S014_DAY1_MINITWICE_3750	98	Pulse	99	5317572	17013	NA
S014_DAY1_MINITWICE_3750	98	Port Input	1	5317572	17013	NA
S014_DAY1_MINITWICE_3750	98	Picture	97_T_FFTRIAD_FF_chupete_red.png	5343758	43199	1	1900	2	43200	1800
S014_DAY1_MINITWICE_3750	99	Picture	FF	5345858	0	1	43200	2	0	43200
S014_DAY1_MINITWICE_3750	99	Pulse	99	5353573	7715	NA
S014_DAY1_MINITWICE_3750	99	Port Input	1	5353573	7715	NA
S014_DAY1_MINITWICE_3750	99	Response	52	5357297	11439	1
S014_DAY1_MINITWICE_3750	99	Picture	98_T_FFTRIAD_FF_molino_red.png	5389058	43200	1	1900	2	43200	1800
S014_DAY1_MINITWICE_3750	99	Pulse	99	5389574	43716	NA
S014_DAY1_MINITWICE_3750	99	Port Input	1	5389574	43716	NA
S014_DAY1_MINITWICE_3750	100	Picture	FF	5391158	0	1	43200	2	0	43200
S014_DAY1_MINITWICE_3750	100	Response	51	5400147	8989	1
S014_DAY1_MINITWICE_3750	100	Pulse	99	5425575	34417	NA
S014_DAY1_MINITWICE_3750	100	Port Input	1	5425575	34417	NA
S014_DAY1_MINITWICE_3750	100	Picture	99_T_FFTRIAD_FF_madera_red.png	5434358	43200	1	1900	2	43200	1800
S014_DAY1_MINITWICE_3750	101	Picture	FF	5436458	0	1	43199	2	0	43200
S014_DAY1_MINITWICE_3750	101	Response	52	5448264	11806	1
S014_DAY1_MINITWICE_3750	101	Pulse	99	5461576	25118	NA
S014_DAY1_MINITWICE_3750	101	Port Input	1	5461576	25118	NA
S014_DAY1_MINITWICE_3750	101	Picture	100_T_FFTRIAD_FF_banera_red.png	5479657	43199	1	1900	2	43200	1800
S014_DAY1_MINITWICE_3750	102	Picture	rest	5481657	0	1	144099	2	0	144000
S014_DAY1_MINITWICE_3750	102	Pulse	99	5497577	15920	NA
S014_DAY1_MINITWICE_3750	102	Port Input	1	5497577	15920	NA
S014_DAY1_MINITWICE_3750	102	Pulse	99	5533578	51921	NA
S014_DAY1_MINITWICE_3750	102	Port Input	1	5533578	51921	NA
S014_DAY1_MINITWICE_3750	102	Pulse	99	5569579	87922	NA
S014_DAY1_MINITWICE_3750	102	Port Input	1	5569579	87922	NA
S014_DAY1_MINITWICE_3750	102	Pulse	99	5605580	123923	NA
S014_DAY1_MINITWICE_3750	102	Port Input	1	5605580	123923	NA
S014_DAY1_MINITWICE_3750	103	Picture	endrest	5625856	0	1	10100	2	0	10000
S014_DAY1_MINITWICE_3750	104	Picture	FF	5636156	0	1	43200	2	0	43200
S014_DAY1_MINITWICE_3750	104	Pulse	99	5641580	5424	NA
S014_DAY1_MINITWICE_3750	104	Port Input	1	5641580	5424	NA
S014_DAY1_MINITWICE_3750	104	Response	51	5652120	15964	1
S014_DAY1_MINITWICE_3750	104	Pulse	99	5677581	41425	NA
S014_DAY1_MINITWICE_3750	104	Port Input	1	5677581	41425	NA
S014_DAY1_MINITWICE_3750	104	Picture	103_T_FFTRIAD_FF_tenedor_red.png	5679356	43200	1	1900	2	43200	1800
S014_DAY1_MINITWICE_3750	105	Picture	FF	5681456	0	1	43199	2	0	43200
S014_DAY1_MINITWICE_3750	105	Response	51	5690852	9396	2
S014_DAY1_MINITWICE_3750	105	Pulse	99	5713582	32126	NA
S014_DAY1_MINITWICE_3750	105	Port Input	1	5713582	32126	NA
S014_DAY1_MINITWICE_3750	105	Picture	104_T_FFTRIAD_FF_traje_red.png	5724655	43199	1	1900	2	43200	1800
S014_DAY1_MINITWICE_3750	106	Picture	FF	5726755	0	1	43200	2	0	43200
S014_DAY1_MINITWICE_3750	106	Response	52	5741225	14470	1
S014_DAY1_MINITWICE_3750	106	Pulse	99	5749583	22828	NA
S014_DAY1_MINITWICE_3750	106	Port Input	1	5749583	22828	NA
S014_DAY1_MINITWICE_3750	106	Picture	105_T_FFTRIAD_FF_lenador_red.png	5769955	43200	1	1900	2	43200	1800
S014_DAY1_MINITWICE_3750	107	Picture	FF	5772055	0	1	43200	2	0	43200
S014_DAY1_MINITWICE_3750	107	Response	52	5781934	9879	1
S014_DAY1_MINITWICE_3750	107	Pulse	99	5785584	13529	NA
S014_DAY1_MINITWICE_3750	107	Port Input	1	5785584	13529	NA
S014_DAY1_MINITWICE_3750	107	Picture	106_T_FFTRIAD_FF_telefono_red.png	5815255	43200	1	1900	2	43200	1800
S014_DAY1_MINITWICE_3750	108	Picture	RW	5817355	0	1	43199	2	0	43200
S014_DAY1_MINITWICE_3750	108	Pulse	99	5821585	4230	NA
S014_DAY1_MINITWICE_3750	108	Port Input	1	5821585	4230	NA
S014_DAY1_MINITWICE_3750	108	Response	51	5844292	26937	1
S014_DAY1_MINITWICE_3750	108	Pulse	99	5857586	40231	NA
S014_DAY1_MINITWICE_3750	108	Port Input	1	5857586	40231	NA
S014_DAY1_MINITWICE_3750	108	Picture	107_T_RWTRIAD_RW_zanahoria_red.png	5860554	43199	1	1900	2	43200	1800
S014_DAY1_MINITWICE_3750	109	Picture	RW	5862654	0	1	43200	2	0	43200
S014_DAY1_MINITWICE_3750	109	Response	51	5875709	13055	1
S014_DAY1_MINITWICE_3750	109	Pulse	99	5893587	30933	NA
S014_DAY1_MINITWICE_3750	109	Port Input	1	5893587	30933	NA
S014_DAY1_MINITWICE_3750	109	Picture	108_T_RWTRIAD_RW_iglu_red.png	5905854	43200	1	1900	2	43200	1800
S014_DAY1_MINITWICE_3750	110	Picture	RW	5907954	0	1	43200	2	0	43200
S014_DAY1_MINITWICE_3750	110	Response	52	5924347	16393	1
S014_DAY1_MINITWICE_3750	110	Pulse	99	5929588	21634	NA
S014_DAY1_MINITWICE_3750	110	Port Input	1	5929588	21634	NA
S014_DAY1_MINITWICE_3750	110	Picture	109_T_RWTRIAD_RW_bebe_red.png	5951154	43200	1	1900	2	43200	1800
S014_DAY1_MINITWICE_3750	111	Picture	RW	5953254	0	1	43199	2	0	43200
S014_DAY1_MINITWICE_3750	111	Pulse	99	5965589	12335	NA
S014_DAY1_MINITWICE_3750	111	Port Input	1	5965589	12335	NA
S014_DAY1_MINITWICE_3750	111	Response	51	5966029	12775	2
S014_DAY1_MINITWICE_3750	111	Picture	110_T_RWTRIAD_RW_traje_red.png	5996453	43199	1	1900	2	43200	1800
S014_DAY1_MINITWICE_3750	112	Picture	rest	5998453	0	1	144099	2	0	144000
S014_DAY1_MINITWICE_3750	112	Pulse	99	6001590	3137	NA
S014_DAY1_MINITWICE_3750	112	Port Input	1	6001590	3137	NA
S014_DAY1_MINITWICE_3750	112	Pulse	99	6037591	39138	NA
S014_DAY1_MINITWICE_3750	112	Port Input	1	6037591	39138	NA
S014_DAY1_MINITWICE_3750	112	Pulse	99	6073592	75139	NA
S014_DAY1_MINITWICE_3750	112	Port Input	1	6073592	75139	NA
S014_DAY1_MINITWICE_3750	112	Pulse	99	6109593	111140	NA
S014_DAY1_MINITWICE_3750	112	Port Input	1	6109593	111140	NA
S014_DAY1_MINITWICE_3750	113	Picture	endrest	6142652	0	1	10100	2	0	10000
S014_DAY1_MINITWICE_3750	113	Pulse	99	6145594	2942	NA
S014_DAY1_MINITWICE_3750	113	Port Input	1	6145594	2942	NA
S014_DAY1_MINITWICE_3750	114	Picture	PW	6152952	0	1	43200	2	0	43200
S014_DAY1_MINITWICE_3750	114	Response	51	6173052	20100	1
S014_DAY1_MINITWICE_3750	114	Pulse	99	6181594	28642	NA
S014_DAY1_MINITWICE_3750	114	Port Input	1	6181594	28642	NA
S014_DAY1_MINITWICE_3750	114	Picture	113_T_PWTRIAD_PW_sapo_red.png	6196152	43200	1	1900	2	43200	1800
S014_DAY1_MINITWICE_3750	115	Picture	PW	6198252	0	1	43199	2	0	43200
S014_DAY1_MINITWICE_3750	115	Pulse	99	6217595	19343	NA
S014_DAY1_MINITWICE_3750	115	Port Input	1	6217595	19343	NA
S014_DAY1_MINITWICE_3750	115	Response	51	6222433	24181	1
S014_DAY1_MINITWICE_3750	115	Picture	114_T_PWTRIAD_PW_portatil_red.png	6241451	43199	1	1900	3	43200	1800
S014_DAY1_MINITWICE_3750	116	Picture	PW	6243551	0	1	43200	2	0	43200
S014_DAY1_MINITWICE_3750	116	Pulse	99	6253596	10045	NA
S014_DAY1_MINITWICE_3750	116	Port Input	1	6253596	10045	NA
S014_DAY1_MINITWICE_3750	116	Response	52	6267559	24008	2
S014_DAY1_MINITWICE_3750	116	Picture	115_T_PWTRIAD_PW_oruga_red.png	6286751	43200	1	1900	2	43200	1800
S014_DAY1_MINITWICE_3750	117	Picture	PW	6288851	0	1	43200	2	0	43200
S014_DAY1_MINITWICE_3750	117	Pulse	99	6289597	746	NA
S014_DAY1_MINITWICE_3750	117	Port Input	1	6289597	746	NA
S014_DAY1_MINITWICE_3750	117	Response	51	6310013	21162	1
S014_DAY1_MINITWICE_3750	117	Pulse	99	6325598	36747	NA
S014_DAY1_MINITWICE_3750	117	Port Input	1	6325598	36747	NA
S014_DAY1_MINITWICE_3750	117	Picture	116_T_PWTRIAD_PW_huevos_red.png	6332051	43200	1	1900	2	43200	1800
S014_DAY1_MINITWICE_3750	118	Picture	RW	6334151	0	1	43199	2	0	43200
S014_DAY1_MINITWICE_3750	118	Response	51	6347301	13150	1
S014_DAY1_MINITWICE_3750	118	Pulse	99	6361599	27448	NA
S014_DAY1_MINITWICE_3750	118	Port Input	1	6361599	27448	NA
S014_DAY1_MINITWICE_3750	118	Picture	117_T_RWTRIAD_RW_violin_red.png	6377350	43199	1	1900	2	43200	1800
S014_DAY1_MINITWICE_3750	119	Picture	RW	6379450	0	1	43200	2	0	43200
S014_DAY1_MINITWICE_3750	119	Response	52	6394272	14822	1
S014_DAY1_MINITWICE_3750	119	Pulse	99	6397600	18150	NA
S014_DAY1_MINITWICE_3750	119	Port Input	1	6397600	18150	NA
S014_DAY1_MINITWICE_3750	119	Picture	118_T_RWTRIAD_RW_anillo_red.png	6422650	43200	1	1900	2	43200	1800
S014_DAY1_MINITWICE_3750	120	Picture	RW	6424750	0	1	43200	2	0	43200
S014_DAY1_MINITWICE_3750	120	Pulse	99	6433601	8851	NA
S014_DAY1_MINITWICE_3750	120	Port Input	1	6433601	8851	NA
S014_DAY1_MINITWICE_3750	120	Response	52	6439948	15198	1
S014_DAY1_MINITWICE_3750	120	Response	51	6446171	21421	1
S014_DAY1_MINITWICE_3750	120	Picture	119_T_RWTRIAD_RW_ascensor_red.png	6467950	43200	1	1900	2	43200	1800
S014_DAY1_MINITWICE_3750	120	Pulse	99	6469602	44852	NA
S014_DAY1_MINITWICE_3750	120	Port Input	1	6469602	44852	NA
S014_DAY1_MINITWICE_3750	121	Picture	RW	6470050	0	1	43199	2	0	43200
S014_DAY1_MINITWICE_3750	121	Response	51	6488658	18608	2
S014_DAY1_MINITWICE_3750	121	Pulse	99	6505603	35553	NA
S014_DAY1_MINITWICE_3750	121	Port Input	1	6505603	35553	NA
S014_DAY1_MINITWICE_3750	121	Picture	120_T_RWTRIAD_RW_telarana_red.png	6513249	43199	1	1900	2	43200	1800
S014_DAY1_MINITWICE_3750	122	Picture	rest	6515249	0	1	144099	2	0	144000
S014_DAY1_MINITWICE_3750	122	Pulse	99	6541604	26355	NA
S014_DAY1_MINITWICE_3750	122	Port Input	1	6541604	26355	NA
S014_DAY1_MINITWICE_3750	122	Pulse	99	6577605	62356	NA
S014_DAY1_MINITWICE_3750	122	Port Input	1	6577605	62356	NA
S014_DAY1_MINITWICE_3750	122	Pulse	99	6613606	98357	NA
S014_DAY1_MINITWICE_3750	122	Port Input	1	6613606	98357	NA
S014_DAY1_MINITWICE_3750	122	Pulse	99	6649607	134358	NA
S014_DAY1_MINITWICE_3750	122	Port Input	1	6649607	134358	NA
S014_DAY1_MINITWICE_3750	123	Picture	endrest	6659448	0	1	10100	2	0	10000
S014_DAY1_MINITWICE_3750	124	Picture	RW	6669748	0	1	43200	2	0	43200
S014_DAY1_MINITWICE_3750	124	Response	51	6684618	14870	1
S014_DAY1_MINITWICE_3750	124	Pulse	99	6685608	15860	NA
S014_DAY1_MINITWICE_3750	124	Port Input	1	6685608	15860	NA
S014_DAY1_MINITWICE_3750	124	Picture	123_T_RWTRIAD_RW_portatil_red.png	6712948	43200	1	1900	2	43200	1800
S014_DAY1_MINITWICE_3750	125	Picture	RW	6715048	0	1	43199	2	0	43200
S014_DAY1_MINITWICE_3750	125	Pulse	99	6721609	6561	NA
S014_DAY1_MINITWICE_3750	125	Port Input	1	6721609	6561	NA
S014_DAY1_MINITWICE_3750	125	Response	52	6730706	15658	1
S014_DAY1_MINITWICE_3750	125	Pulse	99	6757609	42561	NA
S014_DAY1_MINITWICE_3750	125	Port Input	1	6757609	42561	NA
S014_DAY1_MINITWICE_3750	125	Picture	124_T_RWTRIAD_RW_silla_red.png	6758247	43199	1	1900	3	43200	1800
S014_DAY1_MINITWICE_3750	126	Picture	RW	6760347	0	1	43200	2	0	43200
S014_DAY1_MINITWICE_3750	126	Response	51	6771916	11569	1
S014_DAY1_MINITWICE_3750	126	Pulse	99	6793610	33263	NA
S014_DAY1_MINITWICE_3750	126	Port Input	1	6793610	33263	NA
S014_DAY1_MINITWICE_3750	126	Picture	125_T_RWTRIAD_RW_bala_red.png	6803547	43200	1	1900	2	43200	1800
S014_DAY1_MINITWICE_3750	127	Picture	RW	6805647	0	1	43200	2	0	43200
S014_DAY1_MINITWICE_3750	127	Response	51	6820939	15292	1
S014_DAY1_MINITWICE_3750	127	Pulse	99	6829611	23964	NA
S014_DAY1_MINITWICE_3750	127	Port Input	1	6829611	23964	NA
S014_DAY1_MINITWICE_3750	127	Picture	126_T_RWTRIAD_RW_novia_red.png	6848847	43200	1	1900	2	43200	1800
S014_DAY1_MINITWICE_3750	128	Picture	PW	6850947	0	1	43199	2	0	43200
S014_DAY1_MINITWICE_3750	128	Pulse	99	6865612	14665	NA
S014_DAY1_MINITWICE_3750	128	Port Input	1	6865612	14665	NA
S014_DAY1_MINITWICE_3750	128	Response	51	6873264	22317	1
S014_DAY1_MINITWICE_3750	128	Picture	127_T_PWTRIAD_PW_martillo_red.png	6894146	43199	1	1900	2	43200	1800
S014_DAY1_MINITWICE_3750	129	Picture	PW	6896246	0	1	43200	2	0	43200
S014_DAY1_MINITWICE_3750	129	Pulse	99	6901613	5367	NA
S014_DAY1_MINITWICE_3750	129	Port Input	1	6901613	5367	NA
S014_DAY1_MINITWICE_3750	129	Response	51	6916124	19878	1
S014_DAY1_MINITWICE_3750	129	Pulse	99	6937614	41368	NA
S014_DAY1_MINITWICE_3750	129	Port Input	1	6937614	41368	NA
S014_DAY1_MINITWICE_3750	129	Picture	128_T_PWTRIAD_PW_cerillas_red.png	6939446	43200	1	1900	2	43200	1800
S014_DAY1_MINITWICE_3750	130	Picture	PW	6941546	0	1	43200	2	0	43200
S014_DAY1_MINITWICE_3750	130	Response	51	6962278	20732	1
S014_DAY1_MINITWICE_3750	130	Pulse	99	6973615	32069	NA
S014_DAY1_MINITWICE_3750	130	Port Input	1	6973615	32069	NA
S014_DAY1_MINITWICE_3750	130	Picture	129_T_PWTRIAD_PW_almohada_red.png	6984746	43200	1	1900	2	43200	1800
S014_DAY1_MINITWICE_3750	131	Picture	PW	6986846	0	1	43199	2	0	43200
S014_DAY1_MINITWICE_3750	131	Response	51	7007653	20807	1
S014_DAY1_MINITWICE_3750	131	Pulse	99	7009616	22770	NA
S014_DAY1_MINITWICE_3750	131	Port Input	1	7009616	22770	NA
S014_DAY1_MINITWICE_3750	131	Picture	130_T_PWTRIAD_PW_granjero_red.png	7030045	43199	1	1900	2	43200	1800
S014_DAY1_MINITWICE_3750	132	Picture	rest	7032045	0	1	144099	2	0	144000
S014_DAY1_MINITWICE_3750	132	Pulse	99	7045617	13572	NA
S014_DAY1_MINITWICE_3750	132	Port Input	1	7045617	13572	NA
S014_DAY1_MINITWICE_3750	132	Pulse	99	7081618	49573	NA
S014_DAY1_MINITWICE_3750	132	Port Input	1	7081618	49573	NA
S014_DAY1_MINITWICE_3750	132	Pulse	99	7117619	85574	NA
S014_DAY1_MINITWICE_3750	132	Port Input	1	7117619	85574	NA
S014_DAY1_MINITWICE_3750	132	Pulse	99	7153620	121575	NA
S014_DAY1_MINITWICE_3750	132	Port Input	1	7153620	121575	NA
S014_DAY1_MINITWICE_3750	133	Picture	endrest	7176244	0	1	10100	2	0	10000
S014_DAY1_MINITWICE_3750	134	Picture	RW	7186544	0	1	43200	2	0	43200
S014_DAY1_MINITWICE_3750	134	Pulse	99	7189621	3077	NA
S014_DAY1_MINITWICE_3750	134	Port Input	1	7189621	3077	NA
S014_DAY1_MINITWICE_3750	134	Response	51	7199690	13146	2
S014_DAY1_MINITWICE_3750	134	Pulse	99	7225622	39078	NA
S014_DAY1_MINITWICE_3750	134	Port Input	1	7225622	39078	NA
S014_DAY1_MINITWICE_3750	134	Picture	133_T_RWTRIAD_RW_tenedor_red.png	7229744	43200	1	1900	2	43200	1800
S014_DAY1_MINITWICE_3750	135	Picture	RW	7231844	0	1	43199	3	0	43200
S014_DAY1_MINITWICE_3750	135	Response	51	7243693	11849	1
S014_DAY1_MINITWICE_3750	135	Pulse	99	7261623	29779	NA
S014_DAY1_MINITWICE_3750	135	Port Input	1	7261623	29779	NA
S014_DAY1_MINITWICE_3750	135	Picture	134_T_RWTRIAD_RW_television_red.png	7275043	43199	2	1900	4	43200	1800
S014_DAY1_MINITWICE_3750	136	Picture	RW	7277143	0	2	43200	3	0	43200
S014_DAY1_MINITWICE_3750	136	Response	52	7293739	16596	1
S014_DAY1_MINITWICE_3750	136	Pulse	99	7297623	20480	NA
S014_DAY1_MINITWICE_3750	136	Port Input	1	7297623	20480	NA
S014_DAY1_MINITWICE_3750	136	Picture	135_T_RWTRIAD_RW_destornillador_red.png	7320343	43200	1	1900	2	43200	1800
S014_DAY1_MINITWICE_3750	137	Picture	RW	7322443	0	1	43200	2	0	43200
S014_DAY1_MINITWICE_3750	137	Pulse	99	7333624	11181	NA
S014_DAY1_MINITWICE_3750	137	Port Input	1	7333624	11181	NA
S014_DAY1_MINITWICE_3750	137	Response	51	7335852	13409	1
S014_DAY1_MINITWICE_3750	137	Picture	136_T_RWTRIAD_RW_pilas_red.png	7365643	43200	1	1900	2	43200	1800
S014_DAY1_MINITWICE_3750	138	Picture	rest	7367643	0	1	144099	2	0	144000
S014_DAY1_MINITWICE_3750	138	Pulse	99	7369625	1982	NA
S014_DAY1_MINITWICE_3750	138	Port Input	1	7369625	1982	NA
S014_DAY1_MINITWICE_3750	138	Pulse	99	7405626	37983	NA
S014_DAY1_MINITWICE_3750	138	Port Input	1	7405626	37983	NA
S014_DAY1_MINITWICE_3750	139	Picture	endrest	7511842	0	1	10099	3	0	10000
S014_DAY1_MINITWICE_3750	140	Picture	endrest	7522042	0	1	10099	3	0	10000
S014_DAY1_MINITWICE_3750	141	Picture	endrest	7532241	0	2	10100	3	0	10000
S014_DAY1_MINITWICE_3750	142	Picture	endrest	7542441	0	2	10100	3	0	10000
