Scenario - vOT_Triads_fMRI_II
Logfile written - 08/06/2015 12:09:35

Subject	Trial	Event Type	Code	Time	TTime	Uncertainty	Duration	Uncertainty	ReqTime	ReqDur

S014_MINIONCE_775	1	Pulse	99	416634	426555	NA
S014_MINIONCE_775	1	Port Input	1	416634	426555	NA
S014_MINIONCE_775	1	Pulse	99	452635	462556	NA
S014_MINIONCE_775	1	Port Input	1	452635	462556	NA
S014_MINIONCE_775	1	Pulse	99	488636	498557	NA
S014_MINIONCE_775	1	Port Input	1	488636	498557	NA
S014_MINIONCE_775	1	Pulse	99	524637	534558	NA
S014_MINIONCE_775	1	Port Input	1	524637	534558	NA
S014_MINIONCE_775	1	Pulse	99	560638	570559	NA
S014_MINIONCE_775	1	Port Input	1	560638	570559	NA
S014_MINIONCE_775	2	Picture	rest	560897	0	1	144099	3	0	144000
S014_MINIONCE_775	2	Pulse	99	596639	35742	NA
S014_MINIONCE_775	2	Port Input	1	596639	35742	NA
S014_MINIONCE_775	2	Pulse	99	632640	71743	NA
S014_MINIONCE_775	2	Port Input	1	632640	71743	NA
S014_MINIONCE_775	2	Pulse	99	668641	107744	NA
S014_MINIONCE_775	2	Port Input	1	668641	107744	NA
S014_MINIONCE_775	2	Pulse	99	704643	143746	NA
S014_MINIONCE_775	2	Port Input	1	704643	143746	NA
S014_MINIONCE_775	3	Picture	endrest	705096	0	2	10100	4	0	10000
S014_MINIONCE_775	4	Picture	FF	715596	0	2	43100	3	0	43200
S014_MINIONCE_775	4	Response	51	735110	19514	1
S014_MINIONCE_775	4	Pulse	99	740644	25048	NA
S014_MINIONCE_775	4	Port Input	1	740644	25048	NA
S014_MINIONCE_775	4	Picture	3_T_FFTRIAD_FF_monja_red.png	758696	43100	1	1900	2	43200	1800
S014_MINIONCE_775	5	Picture	FF	760896	0	1	43100	2	0	43200
S014_MINIONCE_775	5	Pulse	99	776645	15749	NA
S014_MINIONCE_775	5	Port Input	1	776645	15749	NA
S014_MINIONCE_775	5	Picture	4_T_FFTRIAD_FF_candado_red.png	803996	43100	1	1900	2	43200	1800
S014_MINIONCE_775	5	Response	51	805584	44688	1
S014_MINIONCE_775	6	Picture	FF	806096	0	1	43200	2	0	43200
S014_MINIONCE_775	6	Pulse	99	812646	6550	NA
S014_MINIONCE_775	6	Port Input	1	812646	6550	NA
S014_MINIONCE_775	6	Response	52	830001	23905	1
S014_MINIONCE_775	6	Pulse	99	848647	42551	NA
S014_MINIONCE_775	6	Port Input	1	848647	42551	NA
S014_MINIONCE_775	6	Picture	5_T_FFTRIAD_FF_cortina_red.png	849296	43200	1	1900	2	43200	1800
S014_MINIONCE_775	7	Picture	FF	851396	0	1	43200	2	0	43200
S014_MINIONCE_775	7	Pulse	99	884648	33252	NA
S014_MINIONCE_775	7	Port Input	1	884648	33252	NA
S014_MINIONCE_775	7	Response	52	887405	36009	1
S014_MINIONCE_775	7	Picture	6_T_FFTRIAD_FF_futbol_red.png	894596	43200	1	1899	3	43200	1800
S014_MINIONCE_775	8	Picture	RW	896796	0	1	43099	3	0	43200
S014_MINIONCE_775	8	Response	52	918096	21300	1
S014_MINIONCE_775	8	Pulse	99	920649	23853	NA
S014_MINIONCE_775	8	Port Input	1	920649	23853	NA
S014_MINIONCE_775	8	Picture	7_T_RWTRIAD_RW_lechuga_red.png	939895	43099	2	1900	4	43200	1800
S014_MINIONCE_775	9	Picture	RW	941995	0	2	43200	3	0	43200
S014_MINIONCE_775	9	Pulse	99	956650	14655	NA
S014_MINIONCE_775	9	Port Input	1	956650	14655	NA
S014_MINIONCE_775	9	Response	52	968139	26144	2
S014_MINIONCE_775	9	Picture	8_T_RWTRIAD_RW_lenador_red.png	985195	43200	1	1900	2	43200	1800
S014_MINIONCE_775	10	Picture	RW	987495	0	2	43100	3	0	43200
S014_MINIONCE_775	10	Pulse	99	992651	5156	NA
S014_MINIONCE_775	10	Port Input	1	992651	5156	NA
S014_MINIONCE_775	10	Response	52	1020676	33181	1
S014_MINIONCE_775	10	Pulse	99	1028652	41157	NA
S014_MINIONCE_775	10	Port Input	1	1028652	41157	NA
S014_MINIONCE_775	10	Picture	9_T_RWTRIAD_RW_sombrilla_red.png	1030595	43100	1	1900	2	43200	1800
S014_MINIONCE_775	11	Picture	RW	1032695	0	1	43200	2	0	43200
S014_MINIONCE_775	11	Pulse	99	1064653	31958	NA
S014_MINIONCE_775	11	Port Input	1	1064653	31958	NA
S014_MINIONCE_775	11	Response	51	1073360	40665	1
S014_MINIONCE_775	11	Picture	10_T_RWTRIAD_RW_lana_red.png	1075895	43200	1	1900	2	43200	1800
S014_MINIONCE_775	12	Picture	rest	1077895	0	1	144099	3	0	144000
S014_MINIONCE_775	12	Pulse	99	1100654	22759	NA
S014_MINIONCE_775	12	Port Input	1	1100654	22759	NA
S014_MINIONCE_775	12	Pulse	99	1136655	58760	NA
S014_MINIONCE_775	12	Port Input	1	1136655	58760	NA
S014_MINIONCE_775	12	Pulse	99	1172656	94761	NA
S014_MINIONCE_775	12	Port Input	1	1172656	94761	NA
S014_MINIONCE_775	12	Pulse	99	1208657	130762	NA
S014_MINIONCE_775	12	Port Input	1	1208657	130762	NA
S014_MINIONCE_775	13	Picture	endrest	1222094	0	2	10100	4	0	10000
S014_MINIONCE_775	14	Picture	FF	1232394	0	1	43200	2	0	43200
S014_MINIONCE_775	14	Pulse	99	1244658	12264	NA
S014_MINIONCE_775	14	Port Input	1	1244658	12264	NA
S014_MINIONCE_775	14	Response	52	1262837	30443	1
S014_MINIONCE_775	14	Picture	13_T_FFTRIAD_FF_pizarra_red.png	1275594	43200	1	1900	2	43200	1800
S014_MINIONCE_775	15	Picture	FF	1277694	0	1	43200	2	0	43200
S014_MINIONCE_775	15	Pulse	99	1280659	2965	NA
S014_MINIONCE_775	15	Port Input	1	1280659	2965	NA
S014_MINIONCE_775	15	Pulse	99	1316660	38966	NA
S014_MINIONCE_775	15	Port Input	1	1316660	38966	NA
S014_MINIONCE_775	15	Picture	14_T_FFTRIAD_FF_llave_red.png	1320894	43200	1	1900	2	43200	1800
S014_MINIONCE_775	16	Picture	FF	1323194	0	1	43200	2	0	43200
S014_MINIONCE_775	16	Pulse	99	1352661	29467	NA
S014_MINIONCE_775	16	Port Input	1	1352661	29467	NA
S014_MINIONCE_775	16	Picture	15_T_FFTRIAD_FF_bala_red.png	1366394	43200	1	1900	2	43200	1800
S014_MINIONCE_775	17	Picture	FF	1368494	0	1	43200	2	0	43200
S014_MINIONCE_775	17	Pulse	99	1388662	20168	NA
S014_MINIONCE_775	17	Port Input	1	1388662	20168	NA
S014_MINIONCE_775	17	Picture	16_T_FFTRIAD_FF_telefono_red.png	1411694	43200	1	1900	2	43200	1800
S014_MINIONCE_775	18	Picture	FF	1413794	0	1	43199	3	0	43200
S014_MINIONCE_775	18	Response	51	1417891	4097	2
S014_MINIONCE_775	18	Pulse	99	1424663	10869	NA
S014_MINIONCE_775	18	Port Input	1	1424663	10869	NA
S014_MINIONCE_775	18	Response	51	1427111	13317	1
S014_MINIONCE_775	18	Picture	17_T_FFTRIAD_FF_oruga_red.png	1456993	43199	2	1901	3	43200	1800
S014_MINIONCE_775	19	Picture	FF	1459094	0	1	43199	2	0	43200
S014_MINIONCE_775	19	Pulse	99	1460665	1571	NA
S014_MINIONCE_775	19	Port Input	1	1460665	1571	NA
S014_MINIONCE_775	19	Response	51	1482691	23597	1
S014_MINIONCE_775	19	Pulse	99	1496666	37572	NA
S014_MINIONCE_775	19	Port Input	1	1496666	37572	NA
S014_MINIONCE_775	19	Picture	18_T_FFTRIAD_FF_pincel_red.png	1502293	43199	1	1900	2	43200	1800
S014_MINIONCE_775	20	Picture	FF	1504393	0	1	43200	2	0	43200
S014_MINIONCE_775	20	Pulse	99	1532667	28274	NA
S014_MINIONCE_775	20	Port Input	1	1532667	28274	NA
S014_MINIONCE_775	20	Response	52	1536417	32024	1
S014_MINIONCE_775	20	Picture	19_T_FFTRIAD_FF_charco_red.png	1547593	43200	1	1900	2	43200	1800
S014_MINIONCE_775	21	Picture	FF	1549693	0	1	43200	2	0	43200
S014_MINIONCE_775	21	Pulse	99	1568668	18975	NA
S014_MINIONCE_775	21	Port Input	1	1568668	18975	NA
S014_MINIONCE_775	21	Picture	20_T_FFTRIAD_FF_destornillador_red.png	1592893	43200	1	1900	2	43200	1800
S014_MINIONCE_775	22	Picture	rest	1594893	0	1	144099	3	0	144000
S014_MINIONCE_775	22	Pulse	99	1604669	9776	NA
S014_MINIONCE_775	22	Port Input	1	1604669	9776	NA
S014_MINIONCE_775	22	Pulse	99	1640670	45777	NA
S014_MINIONCE_775	22	Port Input	1	1640670	45777	NA
S014_MINIONCE_775	22	Pulse	99	1676671	81778	NA
S014_MINIONCE_775	22	Port Input	1	1676671	81778	NA
S014_MINIONCE_775	22	Pulse	99	1712672	117779	NA
S014_MINIONCE_775	22	Port Input	1	1712672	117779	NA
S014_MINIONCE_775	23	Picture	endrest	1739092	0	2	10100	3	0	10000
S014_MINIONCE_775	23	Pulse	99	1748673	9581	NA
S014_MINIONCE_775	23	Port Input	1	1748673	9581	NA
S014_MINIONCE_775	24	Picture	RW	1749492	0	2	43200	3	0	43200
S014_MINIONCE_775	24	Response	51	1769850	20358	1
S014_MINIONCE_775	24	Pulse	99	1784674	35182	NA
S014_MINIONCE_775	24	Port Input	1	1784674	35182	NA
S014_MINIONCE_775	24	Picture	23_T_RWTRIAD_RW_iglu_red.png	1792692	43200	1	1900	2	43200	1800
S014_MINIONCE_775	25	Picture	RW	1794792	0	1	43200	2	0	43200
S014_MINIONCE_775	25	Response	51	1810057	15265	2
S014_MINIONCE_775	25	Pulse	99	1820675	25883	NA
S014_MINIONCE_775	25	Port Input	1	1820675	25883	NA
S014_MINIONCE_775	25	Picture	24_T_RWTRIAD_RW_queso_red.png	1837992	43200	1	1900	2	43200	1800
S014_MINIONCE_775	26	Picture	RW	1840292	0	1	43100	2	0	43200
S014_MINIONCE_775	26	Pulse	99	1856676	16384	NA
S014_MINIONCE_775	26	Port Input	1	1856676	16384	NA
S014_MINIONCE_775	26	Picture	25_T_RWTRIAD_RW_cerillas_red.png	1883392	43100	1	1900	2	43200	1800
S014_MINIONCE_775	27	Picture	RW	1885492	0	1	43200	2	0	43200
S014_MINIONCE_775	27	Pulse	99	1892677	7185	NA
S014_MINIONCE_775	27	Port Input	1	1892677	7185	NA
S014_MINIONCE_775	27	Response	52	1905750	20258	1
S014_MINIONCE_775	27	Pulse	99	1928678	43186	NA
S014_MINIONCE_775	27	Port Input	1	1928678	43186	NA
S014_MINIONCE_775	27	Picture	26_T_RWTRIAD_RW_oruga_red.png	1928692	43200	1	1900	2	43200	1800
S014_MINIONCE_775	28	Picture	PW	1930892	0	1	43200	2	0	43200
S014_MINIONCE_775	28	Response	51	1958788	27896	1
S014_MINIONCE_775	28	Pulse	99	1964679	33787	NA
S014_MINIONCE_775	28	Port Input	1	1964679	33787	NA
S014_MINIONCE_775	28	Picture	27_T_PWTRIAD_PW_martillo_red.png	1974092	43200	1	1899	3	43200	1800
S014_MINIONCE_775	29	Picture	PW	1976192	0	1	43199	2	0	43200
S014_MINIONCE_775	29	Pulse	99	2000680	24488	NA
S014_MINIONCE_775	29	Port Input	1	2000680	24488	NA
S014_MINIONCE_775	29	Picture	28_T_PWTRIAD_PW_pincel_red.png	2019391	43199	1	1900	2	43200	1800
S014_MINIONCE_775	30	Picture	PW	2021491	0	1	43200	2	0	43200
S014_MINIONCE_775	30	Pulse	99	2036681	15190	NA
S014_MINIONCE_775	30	Port Input	1	2036681	15190	NA
S014_MINIONCE_775	30	Picture	29_T_PWTRIAD_PW_candado_red.png	2064691	43200	1	1900	2	43200	1800
S014_MINIONCE_775	31	Picture	PW	2066791	0	1	43200	2	0	43200
S014_MINIONCE_775	31	Pulse	99	2072682	5891	NA
S014_MINIONCE_775	31	Port Input	1	2072682	5891	NA
S014_MINIONCE_775	31	Pulse	99	2108683	41892	NA
S014_MINIONCE_775	31	Port Input	1	2108683	41892	NA
S014_MINIONCE_775	31	Picture	30_T_PWTRIAD_PW_violin_red.png	2109991	43200	1	1900	2	43200	1800
S014_MINIONCE_775	32	Picture	rest	2111991	0	1	144099	3	0	144000
S014_MINIONCE_775	32	Pulse	99	2144684	32693	NA
S014_MINIONCE_775	32	Port Input	1	2144684	32693	NA
S014_MINIONCE_775	32	Pulse	99	2180685	68694	NA
S014_MINIONCE_775	32	Port Input	1	2180685	68694	NA
S014_MINIONCE_775	32	Pulse	99	2216686	104695	NA
S014_MINIONCE_775	32	Port Input	1	2216686	104695	NA
S014_MINIONCE_775	32	Pulse	99	2252688	140697	NA
S014_MINIONCE_775	32	Port Input	1	2252688	140697	NA
S014_MINIONCE_775	33	Picture	endrest	2256190	0	2	10100	3	0	10000
S014_MINIONCE_775	34	Picture	RW	2266490	0	2	43200	3	0	43200
S014_MINIONCE_775	34	Pulse	99	2288689	22199	NA
S014_MINIONCE_775	34	Port Input	1	2288689	22199	NA
S014_MINIONCE_775	34	Picture	33_T_RWTRIAD_RW_sobre_red.png	2309690	43200	1	1900	2	43200	1800
S014_MINIONCE_775	35	Picture	RW	2311790	0	1	43200	2	0	43200
S014_MINIONCE_775	35	Pulse	99	2324690	12900	NA
S014_MINIONCE_775	35	Port Input	1	2324690	12900	NA
S014_MINIONCE_775	35	Picture	34_T_RWTRIAD_RW_portatil_red.png	2354990	43200	1	1900	2	43200	1800
S014_MINIONCE_775	36	Picture	RW	2357090	0	1	43200	2	0	43200
S014_MINIONCE_775	36	Pulse	99	2360691	3601	NA
S014_MINIONCE_775	36	Port Input	1	2360691	3601	NA
S014_MINIONCE_775	36	Pulse	99	2396692	39602	NA
S014_MINIONCE_775	36	Port Input	1	2396692	39602	NA
S014_MINIONCE_775	36	Picture	35_T_RWTRIAD_RW_almohada_red.png	2400290	43200	1	1900	2	43200	1800
S014_MINIONCE_775	37	Picture	RW	2402390	0	1	43200	2	0	43200
S014_MINIONCE_775	37	Pulse	99	2432693	30303	NA
S014_MINIONCE_775	37	Port Input	1	2432693	30303	NA
S014_MINIONCE_775	37	Picture	36_T_RWTRIAD_RW_grifo_red.png	2445590	43200	1	1900	2	43200	1800
S014_MINIONCE_775	38	Picture	FF	2447690	0	1	43199	3	0	43200
S014_MINIONCE_775	38	Pulse	99	2468694	21004	NA
S014_MINIONCE_775	38	Port Input	1	2468694	21004	NA
S014_MINIONCE_775	38	Picture	37_T_FFTRIAD_FF_gafas_red.png	2490889	43199	2	1900	4	43200	1800
S014_MINIONCE_775	39	Picture	FF	2493189	0	2	43100	3	0	43200
S014_MINIONCE_775	39	Pulse	99	2504695	11506	NA
S014_MINIONCE_775	39	Port Input	1	2504695	11506	NA
S014_MINIONCE_775	39	Picture	38_T_FFTRIAD_FF_agua_red.png	2536289	43100	1	1900	2	43200	1800
S014_MINIONCE_775	40	Picture	FF	2538389	0	1	43200	2	0	43200
S014_MINIONCE_775	40	Pulse	99	2540696	2307	NA
S014_MINIONCE_775	40	Port Input	1	2540696	2307	NA
S014_MINIONCE_775	40	Pulse	99	2576697	38308	NA
S014_MINIONCE_775	40	Port Input	1	2576697	38308	NA
S014_MINIONCE_775	40	Picture	39_T_FFTRIAD_FF_queso_red.png	2581589	43200	1	1900	2	43200	1800
S014_MINIONCE_775	41	Picture	FF	2583789	0	1	43200	2	0	43200
S014_MINIONCE_775	41	Pulse	99	2612698	28909	NA
S014_MINIONCE_775	41	Port Input	1	2612698	28909	NA
S014_MINIONCE_775	41	Picture	40_T_FFTRIAD_FF_botella_red.png	2626989	43200	1	1900	2	43200	1800
S014_MINIONCE_775	42	Picture	rest	2628989	0	1	144099	3	0	144000
S014_MINIONCE_775	42	Pulse	99	2648699	19710	NA
S014_MINIONCE_775	42	Port Input	1	2648699	19710	NA
S014_MINIONCE_775	42	Pulse	99	2684700	55711	NA
S014_MINIONCE_775	42	Port Input	1	2684700	55711	NA
S014_MINIONCE_775	42	Pulse	99	2720701	91712	NA
S014_MINIONCE_775	42	Port Input	1	2720701	91712	NA
S014_MINIONCE_775	42	Pulse	99	2756702	127713	NA
S014_MINIONCE_775	42	Port Input	1	2756702	127713	NA
S014_MINIONCE_775	43	Picture	endrest	2773188	0	1	10100	2	0	10000
S014_MINIONCE_775	44	Picture	RW	2783488	0	1	43200	2	0	43200
S014_MINIONCE_775	44	Pulse	99	2792703	9215	NA
S014_MINIONCE_775	44	Port Input	1	2792703	9215	NA
S014_MINIONCE_775	44	Response	52	2825919	42431	2
S014_MINIONCE_775	44	Picture	43_T_RWTRIAD_RW_grapadora_red.png	2826688	43200	1	1900	2	43200	1800
S014_MINIONCE_775	44	Pulse	99	2828704	45216	NA
S014_MINIONCE_775	44	Port Input	1	2828704	45216	NA
S014_MINIONCE_775	45	Picture	RW	2828888	0	1	43100	2	0	43200
S014_MINIONCE_775	45	Response	52	2851229	22341	1
S014_MINIONCE_775	45	Pulse	99	2864705	35817	NA
S014_MINIONCE_775	45	Port Input	1	2864705	35817	NA
S014_MINIONCE_775	45	Picture	44_T_RWTRIAD_RW_cuento_red.png	2871988	43100	1	1900	2	43200	1800
S014_MINIONCE_775	46	Picture	RW	2874088	0	1	43200	2	0	43200
S014_MINIONCE_775	46	Pulse	99	2900706	26618	NA
S014_MINIONCE_775	46	Port Input	1	2900706	26618	NA
S014_MINIONCE_775	46	Response	52	2912530	38442	1
S014_MINIONCE_775	46	Picture	45_T_RWTRIAD_RW_plato_red.png	2917288	43200	1	1900	2	43200	1800
S014_MINIONCE_775	47	Picture	RW	2919388	0	1	43200	2	0	43200
S014_MINIONCE_775	47	Pulse	99	2936707	17319	NA
S014_MINIONCE_775	47	Port Input	1	2936707	17319	NA
S014_MINIONCE_775	47	Response	52	2942965	23577	1
S014_MINIONCE_775	47	Picture	46_T_RWTRIAD_RW_gafas_red.png	2962588	43200	1	1900	2	43200	1800
S014_MINIONCE_775	48	Picture	FF	2964688	0	1	43199	3	0	43200
S014_MINIONCE_775	48	Pulse	99	2972708	8020	NA
S014_MINIONCE_775	48	Port Input	1	2972708	8020	NA
S014_MINIONCE_775	48	Picture	47_T_FFTRIAD_FF_lana_red.png	3007887	43199	2	1900	4	43200	1800
S014_MINIONCE_775	48	Pulse	99	3008710	44022	NA
S014_MINIONCE_775	48	Port Input	1	3008710	44022	NA
S014_MINIONCE_775	49	Picture	FF	3009987	0	2	43200	3	0	43200
S014_MINIONCE_775	49	Response	51	3043890	33903	1
S014_MINIONCE_775	49	Pulse	99	3044711	34724	NA
S014_MINIONCE_775	49	Port Input	1	3044711	34724	NA
S014_MINIONCE_775	49	Picture	48_T_FFTRIAD_FF_silla_red.png	3053187	43200	1	1900	2	43200	1800
S014_MINIONCE_775	50	Picture	FF	3055487	0	1	43100	2	0	43200
S014_MINIONCE_775	50	Response	51	3077980	22493	1
S014_MINIONCE_775	50	Pulse	99	3080712	25225	NA
S014_MINIONCE_775	50	Port Input	1	3080712	25225	NA
S014_MINIONCE_775	50	Picture	49_T_FFTRIAD_FF_sombrilla_red.png	3098587	43100	1	1900	2	43200	1800
S014_MINIONCE_775	51	Picture	FF	3100687	0	1	43200	2	0	43200
S014_MINIONCE_775	51	Pulse	99	3116713	16026	NA
S014_MINIONCE_775	51	Port Input	1	3116713	16026	NA
S014_MINIONCE_775	51	Response	52	3133760	33073	1
S014_MINIONCE_775	51	Picture	50_T_FFTRIAD_FF_esquimal_red.png	3143887	43200	1	1900	2	43200	1800
S014_MINIONCE_775	52	Picture	rest	3145887	0	1	144099	2	0	144000
S014_MINIONCE_775	52	Pulse	99	3152714	6827	NA
S014_MINIONCE_775	52	Port Input	1	3152714	6827	NA
S014_MINIONCE_775	52	Pulse	99	3188715	42828	NA
S014_MINIONCE_775	52	Port Input	1	3188715	42828	NA
S014_MINIONCE_775	52	Pulse	99	3224716	78829	NA
S014_MINIONCE_775	52	Port Input	1	3224716	78829	NA
S014_MINIONCE_775	52	Pulse	99	3260717	114830	NA
S014_MINIONCE_775	52	Port Input	1	3260717	114830	NA
S014_MINIONCE_775	53	Picture	endrest	3290086	0	1	10100	2	0	10000
S014_MINIONCE_775	53	Pulse	99	3296718	6632	NA
S014_MINIONCE_775	53	Port Input	1	3296718	6632	NA
S014_MINIONCE_775	54	Picture	PW	3300386	0	1	43200	2	0	43200
S014_MINIONCE_775	54	Response	51	3322698	22312	1
S014_MINIONCE_775	54	Pulse	99	3332719	32333	NA
S014_MINIONCE_775	54	Port Input	1	3332719	32333	NA
S014_MINIONCE_775	54	Picture	53_T_PWTRIAD_PW_dedal_red.png	3343586	43200	1	1900	2	43200	1800
S014_MINIONCE_775	55	Picture	PW	3345686	0	1	43200	2	0	43200
S014_MINIONCE_775	55	Pulse	99	3368720	23034	NA
S014_MINIONCE_775	55	Port Input	1	3368720	23034	NA
S014_MINIONCE_775	55	Picture	54_T_PWTRIAD_PW_raton_red.png	3388886	43200	1	1900	2	43200	1800
S014_MINIONCE_775	56	Picture	PW	3390986	0	1	43200	2	0	43200
S014_MINIONCE_775	56	Pulse	99	3404721	13735	NA
S014_MINIONCE_775	56	Port Input	1	3404721	13735	NA
S014_MINIONCE_775	56	Response	51	3416125	25139	1
S014_MINIONCE_775	56	Picture	55_T_PWTRIAD_PW_lana_red.png	3434186	43200	1	1900	2	43200	1800
S014_MINIONCE_775	57	Picture	PW	3436286	0	1	43200	2	0	43200
S014_MINIONCE_775	57	Pulse	99	3440722	4436	NA
S014_MINIONCE_775	57	Port Input	1	3440722	4436	NA
S014_MINIONCE_775	57	Response	51	3451120	14834	1
S014_MINIONCE_775	57	Pulse	99	3476723	40437	NA
S014_MINIONCE_775	57	Port Input	1	3476723	40437	NA
S014_MINIONCE_775	57	Picture	56_T_PWTRIAD_PW_telarana_red.png	3479486	43200	1	1900	2	43200	1800
S014_MINIONCE_775	58	Picture	FF	3481586	0	1	43199	2	0	43200
S014_MINIONCE_775	58	Response	51	3501363	19777	1
S014_MINIONCE_775	58	Pulse	99	3512724	31138	NA
S014_MINIONCE_775	58	Port Input	1	3512724	31138	NA
S014_MINIONCE_775	58	Picture	57_T_FFTRIAD_FF_perro_red.png	3524785	43199	1	1900	3	43200	1800
S014_MINIONCE_775	59	Picture	FF	3526885	0	2	43200	3	0	43200
S014_MINIONCE_775	59	Pulse	99	3548725	21840	NA
S014_MINIONCE_775	59	Port Input	1	3548725	21840	NA
S014_MINIONCE_775	59	Picture	58_T_FFTRIAD_FF_tenedor_red.png	3570085	43200	1	1900	2	43200	1800
S014_MINIONCE_775	60	Picture	FF	3572385	0	1	43100	2	0	43200
S014_MINIONCE_775	60	Pulse	99	3584726	12341	NA
S014_MINIONCE_775	60	Port Input	1	3584726	12341	NA
S014_MINIONCE_775	60	Response	51	3593606	21221	1
S014_MINIONCE_775	60	Picture	59_T_FFTRIAD_FF_mono_red.png	3615485	43100	1	1900	2	43200	1800
S014_MINIONCE_775	61	Picture	FF	3617585	0	1	43200	2	0	43200
S014_MINIONCE_775	61	Pulse	99	3620727	3142	NA
S014_MINIONCE_775	61	Port Input	1	3620727	3142	NA
S014_MINIONCE_775	61	Response	51	3630014	12429	1
S014_MINIONCE_775	61	Pulse	99	3656728	39143	NA
S014_MINIONCE_775	61	Port Input	1	3656728	39143	NA
S014_MINIONCE_775	61	Picture	60_T_FFTRIAD_FF_lenador_red.png	3660785	43200	1	1900	2	43200	1800
S014_MINIONCE_775	62	Picture	rest	3662785	0	1	144099	2	0	144000
S014_MINIONCE_775	62	Pulse	99	3692729	29944	NA
S014_MINIONCE_775	62	Port Input	1	3692729	29944	NA
S014_MINIONCE_775	62	Pulse	99	3728730	65945	NA
S014_MINIONCE_775	62	Port Input	1	3728730	65945	NA
S014_MINIONCE_775	62	Pulse	99	3764731	101946	NA
S014_MINIONCE_775	62	Port Input	1	3764731	101946	NA
S014_MINIONCE_775	62	Pulse	99	3800732	137947	NA
S014_MINIONCE_775	62	Port Input	1	3800732	137947	NA
S014_MINIONCE_775	63	Picture	endrest	3806984	0	1	10100	2	0	10000
S014_MINIONCE_775	64	Picture	PW	3817284	0	1	43200	2	0	43200
S014_MINIONCE_775	64	Pulse	99	3836734	19450	NA
S014_MINIONCE_775	64	Port Input	1	3836734	19450	NA
S014_MINIONCE_775	64	Picture	63_T_PWTRIAD_PW_almohada_red.png	3860484	43200	1	1900	2	43200	1800
S014_MINIONCE_775	65	Picture	PW	3862584	0	1	43200	2	0	43200
S014_MINIONCE_775	65	Pulse	99	3872735	10151	NA
S014_MINIONCE_775	65	Port Input	1	3872735	10151	NA
S014_MINIONCE_775	65	Picture	64_T_PWTRIAD_PW_cinturon_red.png	3905784	43200	1	1900	2	43200	1800
S014_MINIONCE_775	66	Picture	PW	3907984	0	1	43200	2	0	43200
S014_MINIONCE_775	66	Pulse	99	3908736	752	NA
S014_MINIONCE_775	66	Port Input	1	3908736	752	NA
S014_MINIONCE_775	66	Pulse	99	3944737	36753	NA
S014_MINIONCE_775	66	Port Input	1	3944737	36753	NA
S014_MINIONCE_775	66	Picture	65_T_PWTRIAD_PW_ancla_red.png	3951184	43200	1	1900	2	43200	1800
S014_MINIONCE_775	67	Picture	PW	3953284	0	1	43199	3	0	43200
S014_MINIONCE_775	67	Pulse	99	3980738	27454	NA
S014_MINIONCE_775	67	Port Input	1	3980738	27454	NA
S014_MINIONCE_775	67	Picture	66_T_PWTRIAD_PW_perro_red.png	3996483	43199	2	1900	4	43200	1800
S014_MINIONCE_775	68	Picture	PW	3998583	0	2	43200	3	0	43200
S014_MINIONCE_775	68	Pulse	99	4016739	18156	NA
S014_MINIONCE_775	68	Port Input	1	4016739	18156	NA
S014_MINIONCE_775	68	Picture	67_T_PWTRIAD_PW_bellota_red.png	4041783	43200	1	1900	2	43200	1800
S014_MINIONCE_775	69	Picture	PW	4043883	0	1	43200	2	0	43200
S014_MINIONCE_775	69	Pulse	99	4052740	8857	NA
S014_MINIONCE_775	69	Port Input	1	4052740	8857	NA
S014_MINIONCE_775	69	Picture	68_T_PWTRIAD_PW_traje_red.png	4087083	43200	1	1900	2	43200	1800
S014_MINIONCE_775	69	Pulse	99	4088741	44858	NA
S014_MINIONCE_775	69	Port Input	1	4088741	44858	NA
S014_MINIONCE_775	70	Picture	PW	4089183	0	1	43200	2	0	43200
S014_MINIONCE_775	70	Pulse	99	4124742	35559	NA
S014_MINIONCE_775	70	Port Input	1	4124742	35559	NA
S014_MINIONCE_775	70	Picture	69_T_PWTRIAD_PW_silla_red.png	4132383	43200	1	1900	2	43200	1800
S014_MINIONCE_775	71	Picture	PW	4134483	0	1	43200	2	0	43200
S014_MINIONCE_775	71	Pulse	99	4160743	26260	NA
S014_MINIONCE_775	71	Port Input	1	4160743	26260	NA
S014_MINIONCE_775	71	Picture	70_T_PWTRIAD_PW_carruaje_red.png	4177683	43200	1	1900	2	43200	1800
S014_MINIONCE_775	72	Picture	rest	4179683	0	1	144099	2	0	144000
S014_MINIONCE_775	72	Pulse	99	4196744	17061	NA
S014_MINIONCE_775	72	Port Input	1	4196744	17061	NA
S014_MINIONCE_775	72	Pulse	99	4232745	53062	NA
S014_MINIONCE_775	72	Port Input	1	4232745	53062	NA
S014_MINIONCE_775	72	Pulse	99	4268746	89063	NA
S014_MINIONCE_775	72	Port Input	1	4268746	89063	NA
S014_MINIONCE_775	72	Pulse	99	4304747	125064	NA
S014_MINIONCE_775	72	Port Input	1	4304747	125064	NA
S014_MINIONCE_775	73	Picture	endrest	4323882	0	1	10100	2	0	10000
S014_MINIONCE_775	74	Picture	PW	4334182	0	1	43200	2	0	43200
S014_MINIONCE_775	74	Pulse	99	4340748	6566	NA
S014_MINIONCE_775	74	Port Input	1	4340748	6566	NA
S014_MINIONCE_775	74	Pulse	99	4376749	42567	NA
S014_MINIONCE_775	74	Port Input	1	4376749	42567	NA
S014_MINIONCE_775	74	Picture	73_T_PWTRIAD_PW_granjero_red.png	4377382	43200	1	1900	2	43200	1800
S014_MINIONCE_775	75	Picture	PW	4379582	0	1	43100	2	0	43200
S014_MINIONCE_775	75	Pulse	99	4412750	33168	NA
S014_MINIONCE_775	75	Port Input	1	4412750	33168	NA
S014_MINIONCE_775	75	Picture	74_T_PWTRIAD_PW_bebe_red.png	4422682	43100	1	1900	2	43200	1800
S014_MINIONCE_775	76	Picture	PW	4424782	0	1	43200	2	0	43200
S014_MINIONCE_775	76	Pulse	99	4448751	23969	NA
S014_MINIONCE_775	76	Port Input	1	4448751	23969	NA
S014_MINIONCE_775	76	Picture	75_T_PWTRIAD_PW_huevos_red.png	4467982	43200	1	1900	2	43200	1800
S014_MINIONCE_775	77	Picture	PW	4470082	0	1	43199	3	0	43200
S014_MINIONCE_775	77	Pulse	99	4484752	14670	NA
S014_MINIONCE_775	77	Port Input	1	4484752	14670	NA
S014_MINIONCE_775	77	Picture	76_T_PWTRIAD_PW_grifo_red.png	4513281	43199	2	1900	3	43200	1800
S014_MINIONCE_775	78	Picture	RW	4515381	0	1	43200	2	0	43200
S014_MINIONCE_775	78	Pulse	99	4520753	5372	NA
S014_MINIONCE_775	78	Port Input	1	4520753	5372	NA
S014_MINIONCE_775	78	Pulse	99	4556754	41373	NA
S014_MINIONCE_775	78	Port Input	1	4556754	41373	NA
S014_MINIONCE_775	78	Picture	77_T_RWTRIAD_RW_leche_red.png	4558581	43200	1	1900	2	43200	1800
S014_MINIONCE_775	79	Picture	RW	4560681	0	1	43200	2	0	43200
S014_MINIONCE_775	79	Pulse	99	4592755	32074	NA
S014_MINIONCE_775	79	Port Input	1	4592755	32074	NA
S014_MINIONCE_775	79	Picture	78_T_RWTRIAD_RW_silla_red.png	4603881	43200	1	1900	2	43200	1800
S014_MINIONCE_775	80	Picture	RW	4605981	0	1	43200	2	0	43200
S014_MINIONCE_775	80	Pulse	99	4628757	22776	NA
S014_MINIONCE_775	80	Port Input	1	4628757	22776	NA
S014_MINIONCE_775	80	Picture	79_T_RWTRIAD_RW_mono_red.png	4649181	43200	1	1900	2	43200	1800
S014_MINIONCE_775	81	Picture	RW	4651381	0	1	43200	2	0	43200
S014_MINIONCE_775	81	Pulse	99	4664758	13377	NA
S014_MINIONCE_775	81	Port Input	1	4664758	13377	NA
S014_MINIONCE_775	81	Picture	80_T_RWTRIAD_RW_chupete_red.png	4694581	43200	1	1900	2	43200	1800
S014_MINIONCE_775	82	Picture	rest	4696581	0	1	144099	2	0	144000
S014_MINIONCE_775	82	Pulse	99	4700759	4178	NA
S014_MINIONCE_775	82	Port Input	1	4700759	4178	NA
S014_MINIONCE_775	82	Pulse	99	4736760	40179	NA
S014_MINIONCE_775	82	Port Input	1	4736760	40179	NA
S014_MINIONCE_775	82	Pulse	99	4772761	76180	NA
S014_MINIONCE_775	82	Port Input	1	4772761	76180	NA
S014_MINIONCE_775	82	Pulse	99	4808762	112181	NA
S014_MINIONCE_775	82	Port Input	1	4808762	112181	NA
S014_MINIONCE_775	83	Picture	endrest	4840780	0	1	10100	2	0	10000
S014_MINIONCE_775	83	Pulse	99	4844763	3983	NA
S014_MINIONCE_775	83	Port Input	1	4844763	3983	NA
S014_MINIONCE_775	84	Picture	FF	4851280	0	1	43100	2	0	43200
S014_MINIONCE_775	84	Pulse	99	4880764	29484	NA
S014_MINIONCE_775	84	Port Input	1	4880764	29484	NA
S014_MINIONCE_775	84	Picture	83_T_FFTRIAD_FF_ascensor_red.png	4894380	43100	1	1900	2	43200	1800
S014_MINIONCE_775	85	Picture	FF	4896480	0	1	43200	2	0	43200
S014_MINIONCE_775	85	Pulse	99	4916765	20285	NA
S014_MINIONCE_775	85	Port Input	1	4916765	20285	NA
S014_MINIONCE_775	85	Picture	84_T_FFTRIAD_FF_banera_red.png	4939680	43200	1	1900	2	43200	1800
S014_MINIONCE_775	86	Picture	FF	4941780	0	1	43200	2	0	43200
S014_MINIONCE_775	86	Pulse	99	4952766	10986	NA
S014_MINIONCE_775	86	Port Input	1	4952766	10986	NA
S014_MINIONCE_775	86	Picture	85_T_FFTRIAD_FF_almohada_red.png	4984980	43200	1	1899	3	43200	1800
S014_MINIONCE_775	87	Picture	FF	4987079	0	2	43200	3	0	43200
S014_MINIONCE_775	87	Pulse	99	4988767	1688	NA
S014_MINIONCE_775	87	Port Input	1	4988767	1688	NA
S014_MINIONCE_775	87	Response	51	5000684	13605	1
S014_MINIONCE_775	87	Response	51	5007171	20092	1
S014_MINIONCE_775	87	Pulse	99	5024768	37689	NA
S014_MINIONCE_775	87	Port Input	1	5024768	37689	NA
S014_MINIONCE_775	87	Picture	86_T_FFTRIAD_FF_portatil_red.png	5030279	43200	1	1900	2	43200	1800
S014_MINIONCE_775	88	Picture	RW	5032379	0	1	43200	2	0	43200
S014_MINIONCE_775	88	Response	52	5049472	17093	1
S014_MINIONCE_775	88	Pulse	99	5060769	28390	NA
S014_MINIONCE_775	88	Port Input	1	5060769	28390	NA
S014_MINIONCE_775	88	Picture	87_T_RWTRIAD_RW_cinturon_red.png	5075579	43200	1	1900	2	43200	1800
S014_MINIONCE_775	89	Picture	RW	5077679	0	1	43200	2	0	43200
S014_MINIONCE_775	89	Response	51	5096198	18519	1
S014_MINIONCE_775	89	Pulse	99	5096770	19091	NA
S014_MINIONCE_775	89	Port Input	1	5096770	19091	NA
S014_MINIONCE_775	89	Picture	88_T_RWTRIAD_RW_zanahoria_red.png	5120879	43200	1	1900	2	43200	1800
S014_MINIONCE_775	90	Picture	RW	5122979	0	1	43200	2	0	43200
S014_MINIONCE_775	90	Pulse	99	5132771	9792	NA
S014_MINIONCE_775	90	Port Input	1	5132771	9792	NA
S014_MINIONCE_775	90	Response	52	5164114	41135	1
S014_MINIONCE_775	90	Picture	89_T_RWTRIAD_RW_murcielago_red.png	5166179	43200	1	1900	2	43200	1800
S014_MINIONCE_775	91	Picture	RW	5168279	0	1	43200	2	0	43200
S014_MINIONCE_775	91	Pulse	99	5168772	493	NA
S014_MINIONCE_775	91	Port Input	1	5168772	493	NA
S014_MINIONCE_775	91	Response	52	5184808	16529	2
S014_MINIONCE_775	91	Pulse	99	5204773	36494	NA
S014_MINIONCE_775	91	Port Input	1	5204773	36494	NA
S014_MINIONCE_775	91	Picture	90_T_RWTRIAD_RW_monja_red.png	5211479	43200	1	1900	2	43200	1800
S014_MINIONCE_775	92	Picture	rest	5213479	0	1	144099	2	0	144000
S014_MINIONCE_775	92	Pulse	99	5240774	27295	NA
S014_MINIONCE_775	92	Port Input	1	5240774	27295	NA
S014_MINIONCE_775	92	Pulse	99	5276775	63296	NA
S014_MINIONCE_775	92	Port Input	1	5276775	63296	NA
S014_MINIONCE_775	92	Pulse	99	5312776	99297	NA
S014_MINIONCE_775	92	Port Input	1	5312776	99297	NA
S014_MINIONCE_775	92	Pulse	99	5348777	135298	NA
S014_MINIONCE_775	92	Port Input	1	5348777	135298	NA
S014_MINIONCE_775	93	Picture	endrest	5357678	0	1	10100	2	0	10000
S014_MINIONCE_775	94	Picture	RW	5367978	0	1	43200	2	0	43200
S014_MINIONCE_775	94	Pulse	99	5384778	16800	NA
S014_MINIONCE_775	94	Port Input	1	5384778	16800	NA
S014_MINIONCE_775	94	Picture	93_T_RWTRIAD_RW_perro_red.png	5411178	43200	1	1900	2	43200	1800
S014_MINIONCE_775	95	Picture	RW	5413378	0	1	43200	2	0	43200
S014_MINIONCE_775	95	Response	52	5418446	5068	1
S014_MINIONCE_775	95	Pulse	99	5420779	7401	NA
S014_MINIONCE_775	95	Port Input	1	5420779	7401	NA
S014_MINIONCE_775	95	Response	51	5429458	16080	1
S014_MINIONCE_775	95	Picture	94_T_RWTRIAD_RW_policia_red.png	5456578	43200	1	1900	2	43200	1800
S014_MINIONCE_775	95	Pulse	99	5456780	43402	NA
S014_MINIONCE_775	95	Port Input	1	5456780	43402	NA
S014_MINIONCE_775	96	Picture	RW	5458878	0	1	43099	3	0	43200
S014_MINIONCE_775	96	Response	52	5481334	22456	1
S014_MINIONCE_775	96	Pulse	99	5492782	33904	NA
S014_MINIONCE_775	96	Port Input	1	5492782	33904	NA
S014_MINIONCE_775	96	Picture	95_T_RWTRIAD_RW_cortina_red.png	5501977	43099	2	1900	3	43200	1800
S014_MINIONCE_775	97	Picture	RW	5504077	0	1	43200	2	0	43200
S014_MINIONCE_775	97	Response	51	5521195	17118	1
S014_MINIONCE_775	97	Pulse	99	5528783	24706	NA
S014_MINIONCE_775	97	Port Input	1	5528783	24706	NA
S014_MINIONCE_775	97	Picture	96_T_RWTRIAD_RW_tenedor_red.png	5547277	43200	1	1900	2	43200	1800
S014_MINIONCE_775	98	Picture	RW	5549377	0	1	43200	2	0	43200
S014_MINIONCE_775	98	Pulse	99	5564784	15407	NA
S014_MINIONCE_775	98	Port Input	1	5564784	15407	NA
S014_MINIONCE_775	98	Response	51	5567299	17922	1
S014_MINIONCE_775	98	Picture	97_T_RWTRIAD_RW_violin_red.png	5592577	43200	1	1900	2	43200	1800
S014_MINIONCE_775	99	Picture	RW	5594677	0	1	43200	2	0	43200
S014_MINIONCE_775	99	Pulse	99	5600785	6108	NA
S014_MINIONCE_775	99	Port Input	1	5600785	6108	NA
S014_MINIONCE_775	99	Pulse	99	5636786	42109	NA
S014_MINIONCE_775	99	Port Input	1	5636786	42109	NA
S014_MINIONCE_775	99	Picture	98_T_RWTRIAD_RW_novia_red.png	5637877	43200	1	1900	2	43200	1800
S014_MINIONCE_775	100	Picture	RW	5639977	0	1	43200	2	0	43200
S014_MINIONCE_775	100	Pulse	99	5672787	32810	NA
S014_MINIONCE_775	100	Port Input	1	5672787	32810	NA
S014_MINIONCE_775	100	Picture	99_T_RWTRIAD_RW_madera_red.png	5683177	43200	1	1900	2	43200	1800
S014_MINIONCE_775	101	Picture	RW	5685277	0	1	43199	3	0	43200
S014_MINIONCE_775	101	Pulse	99	5708788	23511	NA
S014_MINIONCE_775	101	Port Input	1	5708788	23511	NA
S014_MINIONCE_775	101	Picture	100_T_RWTRIAD_RW_huevos_red.png	5728476	43199	2	1900	4	43200	1800
S014_MINIONCE_775	102	Picture	rest	5730476	0	2	144100	3	0	144000
S014_MINIONCE_775	102	Pulse	99	5744789	14313	NA
S014_MINIONCE_775	102	Port Input	1	5744789	14313	NA
S014_MINIONCE_775	102	Pulse	99	5780790	50314	NA
S014_MINIONCE_775	102	Port Input	1	5780790	50314	NA
S014_MINIONCE_775	102	Pulse	99	5816791	86315	NA
S014_MINIONCE_775	102	Port Input	1	5816791	86315	NA
S014_MINIONCE_775	102	Pulse	99	5852792	122316	NA
S014_MINIONCE_775	102	Port Input	1	5852792	122316	NA
S014_MINIONCE_775	103	Picture	endrest	5874676	0	1	10100	2	0	10000
S014_MINIONCE_775	104	Picture	PW	5884976	0	1	43200	2	0	43200
S014_MINIONCE_775	104	Pulse	99	5888793	3817	NA
S014_MINIONCE_775	104	Port Input	1	5888793	3817	NA
S014_MINIONCE_775	104	Pulse	99	5924794	39818	NA
S014_MINIONCE_775	104	Port Input	1	5924794	39818	NA
S014_MINIONCE_775	104	Picture	103_T_PWTRIAD_PW_paracaidas_red.png	5928176	43200	1	1900	2	43200	1800
S014_MINIONCE_775	105	Picture	PW	5930276	0	1	43199	3	0	43200
S014_MINIONCE_775	105	Pulse	99	5960795	30519	NA
S014_MINIONCE_775	105	Port Input	1	5960795	30519	NA
S014_MINIONCE_775	105	Picture	104_T_PWTRIAD_PW_paraguas_red.png	5973475	43199	2	1900	4	43200	1800
S014_MINIONCE_775	106	Picture	PW	5975675	0	2	43200	3	0	43200
S014_MINIONCE_775	106	Pulse	99	5996796	21121	NA
S014_MINIONCE_775	106	Port Input	1	5996796	21121	NA
S014_MINIONCE_775	106	Picture	105_T_PWTRIAD_PW_iglu_red.png	6018875	43200	1	1900	2	43200	1800
S014_MINIONCE_775	107	Picture	PW	6020975	0	1	43200	2	0	43200
S014_MINIONCE_775	107	Pulse	99	6032797	11822	NA
S014_MINIONCE_775	107	Port Input	1	6032797	11822	NA
S014_MINIONCE_775	107	Picture	106_T_PWTRIAD_PW_portatil_red.png	6064175	43200	1	1900	2	43200	1800
S014_MINIONCE_775	108	Picture	FF	6066275	0	1	43200	2	0	43200
S014_MINIONCE_775	108	Pulse	99	6068798	2523	NA
S014_MINIONCE_775	108	Port Input	1	6068798	2523	NA
S014_MINIONCE_775	108	Pulse	99	6104799	38524	NA
S014_MINIONCE_775	108	Port Input	1	6104799	38524	NA
S014_MINIONCE_775	108	Picture	107_T_FFTRIAD_FF_leche_red.png	6109475	43200	1	1900	2	43200	1800
S014_MINIONCE_775	109	Picture	FF	6111575	0	1	43200	2	0	43200
S014_MINIONCE_775	109	Pulse	99	6140800	29225	NA
S014_MINIONCE_775	109	Port Input	1	6140800	29225	NA
S014_MINIONCE_775	109	Picture	108_T_FFTRIAD_FF_novia_red.png	6154775	43200	1	1900	2	43200	1800
S014_MINIONCE_775	110	Picture	FF	6156875	0	1	43200	2	0	43200
S014_MINIONCE_775	110	Pulse	99	6176801	19926	NA
S014_MINIONCE_775	110	Port Input	1	6176801	19926	NA
S014_MINIONCE_775	110	Picture	109_T_FFTRIAD_FF_zanahoria_red.png	6200075	43200	1	1899	3	43200	1800
S014_MINIONCE_775	111	Picture	FF	6202375	0	1	43099	3	0	43200
S014_MINIONCE_775	111	Pulse	99	6212802	10427	NA
S014_MINIONCE_775	111	Port Input	1	6212802	10427	NA
S014_MINIONCE_775	111	Picture	110_T_FFTRIAD_FF_bellota_red.png	6245474	43099	2	1900	3	43200	1800
S014_MINIONCE_775	112	Picture	rest	6247474	0	1	144100	2	0	144000
S014_MINIONCE_775	112	Pulse	99	6248803	1329	NA
S014_MINIONCE_775	112	Port Input	1	6248803	1329	NA
S014_MINIONCE_775	112	Pulse	99	6284804	37330	NA
S014_MINIONCE_775	112	Port Input	1	6284804	37330	NA
S014_MINIONCE_775	112	Pulse	99	6320805	73331	NA
S014_MINIONCE_775	112	Port Input	1	6320805	73331	NA
S014_MINIONCE_775	112	Pulse	99	6356807	109333	NA
S014_MINIONCE_775	112	Port Input	1	6356807	109333	NA
S014_MINIONCE_775	113	Picture	endrest	6391674	0	1	10100	2	0	10000
S014_MINIONCE_775	113	Pulse	99	6392808	1134	NA
S014_MINIONCE_775	113	Port Input	1	6392808	1134	NA
S014_MINIONCE_775	114	Picture	PW	6401974	0	1	43200	2	0	43200
S014_MINIONCE_775	114	Pulse	99	6428809	26835	NA
S014_MINIONCE_775	114	Port Input	1	6428809	26835	NA
S014_MINIONCE_775	114	Response	52	6428873	26899	1
S014_MINIONCE_775	114	Picture	113_T_PWTRIAD_PW_cuento_red.png	6445174	43200	1	1899	3	43200	1800
S014_MINIONCE_775	115	Picture	PW	6447274	0	1	43199	2	0	43200
S014_MINIONCE_775	115	Pulse	99	6464810	17536	NA
S014_MINIONCE_775	115	Port Input	1	6464810	17536	NA
S014_MINIONCE_775	115	Picture	114_T_PWTRIAD_PW_chupete_red.png	6490473	43199	1	1900	2	43200	1800
S014_MINIONCE_775	116	Picture	PW	6492573	0	1	43200	2	0	43200
S014_MINIONCE_775	116	Pulse	99	6500811	8238	NA
S014_MINIONCE_775	116	Port Input	1	6500811	8238	NA
S014_MINIONCE_775	116	Picture	115_T_PWTRIAD_PW_manos_red.png	6535773	43200	1	1900	2	43200	1800
S014_MINIONCE_775	116	Pulse	99	6536812	44239	NA
S014_MINIONCE_775	116	Port Input	1	6536812	44239	NA
S014_MINIONCE_775	117	Picture	PW	6537873	0	1	43200	2	0	43200
S014_MINIONCE_775	117	Pulse	99	6572813	34940	NA
S014_MINIONCE_775	117	Port Input	1	6572813	34940	NA
S014_MINIONCE_775	117	Picture	116_T_PWTRIAD_PW_oruga_red.png	6581073	43200	1	1900	2	43200	1800
S014_MINIONCE_775	118	Picture	PW	6583373	0	1	43100	2	0	43200
S014_MINIONCE_775	118	Pulse	99	6608814	25441	NA
S014_MINIONCE_775	118	Port Input	1	6608814	25441	NA
S014_MINIONCE_775	118	Picture	117_T_PWTRIAD_PW_futbol_red.png	6626473	43100	1	1900	2	43200	1800
S014_MINIONCE_775	119	Picture	PW	6628573	0	1	43200	2	0	43200
S014_MINIONCE_775	119	Pulse	99	6644815	16242	NA
S014_MINIONCE_775	119	Port Input	1	6644815	16242	NA
S014_MINIONCE_775	119	Picture	118_T_PWTRIAD_PW_banera_red.png	6671773	43200	1	1900	2	43200	1800
S014_MINIONCE_775	120	Picture	PW	6673873	0	1	43199	3	0	43200
S014_MINIONCE_775	120	Pulse	99	6680816	6943	NA
S014_MINIONCE_775	120	Port Input	1	6680816	6943	NA
S014_MINIONCE_775	120	Pulse	99	6716817	42944	NA
S014_MINIONCE_775	120	Port Input	1	6716817	42944	NA
S014_MINIONCE_775	120	Picture	119_T_PWTRIAD_PW_sapo_red.png	6717072	43199	2	1900	4	43200	1800
S014_MINIONCE_775	121	Picture	PW	6719372	0	2	43100	3	0	43200
S014_MINIONCE_775	121	Pulse	99	6752818	33446	NA
S014_MINIONCE_775	121	Port Input	1	6752818	33446	NA
S014_MINIONCE_775	121	Picture	120_T_PWTRIAD_PW_pizarra_red.png	6762472	43100	1	1900	2	43200	1800
S014_MINIONCE_775	122	Picture	rest	6764472	0	1	144100	2	0	144000
S014_MINIONCE_775	122	Pulse	99	6788819	24347	NA
S014_MINIONCE_775	122	Port Input	1	6788819	24347	NA
S014_MINIONCE_775	122	Pulse	99	6824820	60348	NA
S014_MINIONCE_775	122	Port Input	1	6824820	60348	NA
S014_MINIONCE_775	122	Pulse	99	6860821	96349	NA
S014_MINIONCE_775	122	Port Input	1	6860821	96349	NA
S014_MINIONCE_775	122	Pulse	99	6896822	132350	NA
S014_MINIONCE_775	122	Port Input	1	6896822	132350	NA
S014_MINIONCE_775	123	Picture	endrest	6908672	0	1	10100	2	0	10000
S014_MINIONCE_775	124	Picture	RW	6918972	0	1	43199	3	0	43200
S014_MINIONCE_775	124	Pulse	99	6932823	13851	NA
S014_MINIONCE_775	124	Port Input	1	6932823	13851	NA
S014_MINIONCE_775	124	Picture	123_T_RWTRIAD_RW_pizarra_red.png	6962171	43199	2	1900	4	43200	1800
S014_MINIONCE_775	125	Picture	RW	6964271	0	1	43200	2	0	43200
S014_MINIONCE_775	125	Pulse	99	6968824	4553	NA
S014_MINIONCE_775	125	Port Input	1	6968824	4553	NA
S014_MINIONCE_775	125	Pulse	99	7004825	40554	NA
S014_MINIONCE_775	125	Port Input	1	7004825	40554	NA
S014_MINIONCE_775	125	Picture	124_T_RWTRIAD_RW_estetoscopio_red.png	7007471	43200	1	1900	2	43200	1800
S014_MINIONCE_775	126	Picture	RW	7009571	0	1	43200	2	0	43200
S014_MINIONCE_775	126	Pulse	99	7040826	31255	NA
S014_MINIONCE_775	126	Port Input	1	7040826	31255	NA
S014_MINIONCE_775	126	Picture	125_T_RWTRIAD_RW_traje_red.png	7052771	43200	1	1900	2	43200	1800
S014_MINIONCE_775	127	Picture	RW	7054871	0	1	43200	2	0	43200
S014_MINIONCE_775	127	Pulse	99	7076827	21956	NA
S014_MINIONCE_775	127	Port Input	1	7076827	21956	NA
S014_MINIONCE_775	127	Response	51	7078963	24092	1
S014_MINIONCE_775	127	Picture	126_T_RWTRIAD_RW_ancla_red.png	7098071	43200	1	1900	2	43200	1800
S014_MINIONCE_775	128	Picture	PW	7100171	0	1	43200	2	0	43200
S014_MINIONCE_775	128	Pulse	99	7112828	12657	NA
S014_MINIONCE_775	128	Port Input	1	7112828	12657	NA
S014_MINIONCE_775	128	Response	51	7120741	20570	2
S014_MINIONCE_775	128	Picture	127_T_PWTRIAD_PW_plato_red.png	7143371	43200	1	1900	2	43200	1800
S014_MINIONCE_775	129	Picture	PW	7145471	0	1	43199	3	0	43200
S014_MINIONCE_775	129	Pulse	99	7148829	3358	NA
S014_MINIONCE_775	129	Port Input	1	7148829	3358	NA
S014_MINIONCE_775	129	Pulse	99	7184830	39359	NA
S014_MINIONCE_775	129	Port Input	1	7184830	39359	NA
S014_MINIONCE_775	129	Picture	128_T_PWTRIAD_PW_television_red.png	7188670	43199	2	1900	4	43200	1800
S014_MINIONCE_775	130	Picture	PW	7190970	0	2	43100	3	0	43200
S014_MINIONCE_775	130	Pulse	99	7220832	29862	NA
S014_MINIONCE_775	130	Port Input	1	7220832	29862	NA
S014_MINIONCE_775	130	Picture	129_T_PWTRIAD_PW_destornillador_red.png	7234070	43100	1	1900	3	43200	1800
S014_MINIONCE_775	131	Picture	PW	7236170	0	1	43200	2	0	43200
S014_MINIONCE_775	131	Pulse	99	7256833	20663	NA
S014_MINIONCE_775	131	Port Input	1	7256833	20663	NA
S014_MINIONCE_775	131	Picture	130_T_PWTRIAD_PW_murcielago_red.png	7279370	43200	1	1900	2	43200	1800
S014_MINIONCE_775	132	Picture	rest	7281370	0	1	144099	3	0	144000
S014_MINIONCE_775	132	Pulse	99	7292834	11464	NA
S014_MINIONCE_775	132	Port Input	1	7292834	11464	NA
S014_MINIONCE_775	132	Pulse	99	7328835	47465	NA
S014_MINIONCE_775	132	Port Input	1	7328835	47465	NA
S014_MINIONCE_775	132	Pulse	99	7364836	83466	NA
S014_MINIONCE_775	132	Port Input	1	7364836	83466	NA
S014_MINIONCE_775	132	Pulse	99	7400837	119467	NA
S014_MINIONCE_775	132	Port Input	1	7400837	119467	NA
S014_MINIONCE_775	133	Picture	endrest	7425569	0	2	10100	4	0	10000
S014_MINIONCE_775	134	Picture	FF	7436069	0	2	43200	3	0	43200
S014_MINIONCE_775	134	Pulse	99	7436838	769	NA
S014_MINIONCE_775	134	Port Input	1	7436838	769	NA
S014_MINIONCE_775	134	Pulse	99	7472839	36770	NA
S014_MINIONCE_775	134	Port Input	1	7472839	36770	NA
S014_MINIONCE_775	134	Picture	133_T_FFTRIAD_FF_pilas_red.png	7479269	43200	1	1900	2	43200	1800
S014_MINIONCE_775	135	Picture	FF	7481369	0	1	43200	2	0	43200
S014_MINIONCE_775	135	Pulse	99	7508840	27471	NA
S014_MINIONCE_775	135	Port Input	1	7508840	27471	NA
S014_MINIONCE_775	135	Picture	134_T_FFTRIAD_FF_cinturon_red.png	7524569	43200	1	1900	2	43200	1800
S014_MINIONCE_775	136	Picture	FF	7526666	0	6	43203	7	0	43200
S014_MINIONCE_775	136	Pulse	99	7544841	18175	NA
S014_MINIONCE_775	136	Port Input	1	7544841	18175	NA
S014_MINIONCE_775	136	Picture	135_T_FFTRIAD_FF_paracaidas_red.png	7569869	43203	1	1900	2	43200	1800
S014_MINIONCE_775	137	Picture	FF	7571969	0	1	43200	2	0	43200
S014_MINIONCE_775	137	Response	51	7577442	5473	1
S014_MINIONCE_775	137	Pulse	99	7580842	8873	NA
S014_MINIONCE_775	137	Port Input	1	7580842	8873	NA
S014_MINIONCE_775	137	Response	51	7588137	16168	1
S014_MINIONCE_775	137	Picture	136_T_FFTRIAD_FF_tijera_red.png	7615169	43200	1	1900	2	43200	1800
S014_MINIONCE_775	137	Pulse	99	7616843	44874	NA
S014_MINIONCE_775	137	Port Input	1	7616843	44874	NA
S014_MINIONCE_775	138	Picture	rest	7617169	0	1	144099	2	0	144000
S014_MINIONCE_775	138	Response	51	7621207	4038	1
S014_MINIONCE_775	138	Pulse	99	7652844	35675	NA
S014_MINIONCE_775	138	Port Input	1	7652844	35675	NA
S014_MINIONCE_775	138	Response	52	7691930	74761	1
S014_MINIONCE_775	139	Picture	endrest	7761368	0	1	10100	2	0	10000
S014_MINIONCE_775	140	Picture	endrest	7771568	0	1	10100	2	0	10000
S014_MINIONCE_775	141	Picture	endrest	7781768	0	1	10100	2	0	10000
S014_MINIONCE_775	142	Picture	endrest	7791968	0	1	10100	2	0	10000
