Scenario - vOT_Triads_fMRI_I
Logfile written - 10/07/2015 15:21:12

Subject	Trial	Event Type	Code	Time	TTime	Uncertainty	Duration	Uncertainty	ReqTime	ReqDur

S015_DAY2_MINITWICE_3681	1	Response	98	8525	18325	1
S015_DAY2_MINITWICE_3681	2	Response	52	34983	26384	1
S015_DAY2_MINITWICE_3681	2	Response	98	52861	44262	2
S015_DAY2_MINITWICE_3681	3	Response	51	76828	23929	1
S015_DAY2_MINITWICE_3681	3	Response	98	82041	29142	2
S015_DAY2_MINITWICE_3681	4	Response	52	100329	18231	3
S015_DAY2_MINITWICE_3681	4	Response	98	114386	32288	1
S015_DAY2_MINITWICE_3681	6	Pulse	99	385767	271369	NA
S015_DAY2_MINITWICE_3681	6	Port Input	1	385767	271369	NA
S015_DAY2_MINITWICE_3681	6	Pulse	99	421768	307370	NA
S015_DAY2_MINITWICE_3681	6	Port Input	1	421768	307370	NA
S015_DAY2_MINITWICE_3681	6	Pulse	99	457768	343370	NA
S015_DAY2_MINITWICE_3681	6	Port Input	1	457768	343370	NA
S015_DAY2_MINITWICE_3681	6	Pulse	99	493769	379371	NA
S015_DAY2_MINITWICE_3681	6	Port Input	1	493769	379371	NA
S015_DAY2_MINITWICE_3681	6	Pulse	99	529770	415372	NA
S015_DAY2_MINITWICE_3681	6	Port Input	1	529770	415372	NA
S015_DAY2_MINITWICE_3681	7	Picture	rest	529993	0	2	144099	3	0	144000
S015_DAY2_MINITWICE_3681	7	Pulse	99	565771	35778	NA
S015_DAY2_MINITWICE_3681	7	Port Input	1	565771	35778	NA
S015_DAY2_MINITWICE_3681	7	Pulse	99	601772	71779	NA
S015_DAY2_MINITWICE_3681	7	Port Input	1	601772	71779	NA
S015_DAY2_MINITWICE_3681	7	Pulse	99	637773	107780	NA
S015_DAY2_MINITWICE_3681	7	Port Input	1	637773	107780	NA
S015_DAY2_MINITWICE_3681	7	Pulse	99	673773	143780	NA
S015_DAY2_MINITWICE_3681	7	Port Input	1	673773	143780	NA
S015_DAY2_MINITWICE_3681	8	Picture	endrest	674192	0	1	10100	2	0	10000
S015_DAY2_MINITWICE_3681	9	Picture	FF	684692	0	1	43199	2	0	43200
S015_DAY2_MINITWICE_3681	9	Response	51	695566	10874	2
S015_DAY2_MINITWICE_3681	9	Pulse	99	709774	25082	NA
S015_DAY2_MINITWICE_3681	9	Port Input	1	709774	25082	NA
S015_DAY2_MINITWICE_3681	9	Picture	3_T_FFTRIAD_FF_tenedor_red.png	727891	43199	1	1900	2	43200	1800
S015_DAY2_MINITWICE_3681	10	Picture	FF	730191	0	1	43200	2	0	43200
S015_DAY2_MINITWICE_3681	10	Pulse	99	745775	15584	NA
S015_DAY2_MINITWICE_3681	10	Port Input	1	745775	15584	NA
S015_DAY2_MINITWICE_3681	10	Response	52	747353	17162	1
S015_DAY2_MINITWICE_3681	10	Picture	4_T_FFTRIAD_FF_cortina_red.png	773391	43200	1	1900	2	43200	1800
S015_DAY2_MINITWICE_3681	11	Picture	FF	775591	0	1	43199	2	0	43200
S015_DAY2_MINITWICE_3681	11	Pulse	99	781776	6185	NA
S015_DAY2_MINITWICE_3681	11	Port Input	1	781776	6185	NA
S015_DAY2_MINITWICE_3681	11	Response	51	787447	11856	1
S015_DAY2_MINITWICE_3681	11	Pulse	99	817777	42186	NA
S015_DAY2_MINITWICE_3681	11	Port Input	1	817777	42186	NA
S015_DAY2_MINITWICE_3681	11	Picture	5_T_FFTRIAD_FF_piramide_red.png	818790	43199	1	1900	2	43200	1800
S015_DAY2_MINITWICE_3681	12	Picture	FF	820890	0	1	43200	2	0	43200
S015_DAY2_MINITWICE_3681	12	Response	51	830843	9953	1
S015_DAY2_MINITWICE_3681	12	Pulse	99	853777	32887	NA
S015_DAY2_MINITWICE_3681	12	Port Input	1	853777	32887	NA
S015_DAY2_MINITWICE_3681	12	Picture	6_T_FFTRIAD_FF_cuento_red.png	864090	43200	1	1900	2	43200	1800
S015_DAY2_MINITWICE_3681	13	Picture	PW	866290	0	1	43199	2	0	43200
S015_DAY2_MINITWICE_3681	13	Pulse	99	889778	23488	NA
S015_DAY2_MINITWICE_3681	13	Port Input	1	889778	23488	NA
S015_DAY2_MINITWICE_3681	13	Response	52	892644	26354	1
S015_DAY2_MINITWICE_3681	13	Picture	7_T_PWTRIAD_PW_policia_red.png	909489	43199	1	1900	2	43200	1800
S015_DAY2_MINITWICE_3681	14	Picture	PW	911689	0	1	43200	2	0	43200
S015_DAY2_MINITWICE_3681	14	Pulse	99	925779	14090	NA
S015_DAY2_MINITWICE_3681	14	Port Input	1	925779	14090	NA
S015_DAY2_MINITWICE_3681	14	Response	52	932851	21162	1
S015_DAY2_MINITWICE_3681	14	Picture	8_T_PWTRIAD_PW_arbol_red.png	954889	43200	1	1900	2	43200	1800
S015_DAY2_MINITWICE_3681	15	Picture	PW	957089	0	1	43099	2	0	43200
S015_DAY2_MINITWICE_3681	15	Pulse	99	961780	4691	NA
S015_DAY2_MINITWICE_3681	15	Port Input	1	961780	4691	NA
S015_DAY2_MINITWICE_3681	15	Response	52	973778	16689	1
S015_DAY2_MINITWICE_3681	15	Pulse	99	997781	40692	NA
S015_DAY2_MINITWICE_3681	15	Port Input	1	997781	40692	NA
S015_DAY2_MINITWICE_3681	15	Picture	9_T_PWTRIAD_PW_bellota_red.png	1000188	43099	1	1900	2	43200	1800
S015_DAY2_MINITWICE_3681	16	Picture	PW	1002488	0	1	43100	2	0	43200
S015_DAY2_MINITWICE_3681	16	Response	51	1021101	18613	1
S015_DAY2_MINITWICE_3681	16	Pulse	99	1033781	31293	NA
S015_DAY2_MINITWICE_3681	16	Port Input	1	1033781	31293	NA
S015_DAY2_MINITWICE_3681	16	Picture	10_T_PWTRIAD_PW_cuento_red.png	1045588	43100	1	1900	2	43200	1800
S015_DAY2_MINITWICE_3681	17	Picture	rest	1047588	0	1	144098	2	0	144000
S015_DAY2_MINITWICE_3681	17	Pulse	99	1069782	22194	NA
S015_DAY2_MINITWICE_3681	17	Port Input	1	1069782	22194	NA
S015_DAY2_MINITWICE_3681	17	Pulse	99	1105783	58195	NA
S015_DAY2_MINITWICE_3681	17	Port Input	1	1105783	58195	NA
S015_DAY2_MINITWICE_3681	17	Pulse	99	1141784	94196	NA
S015_DAY2_MINITWICE_3681	17	Port Input	1	1141784	94196	NA
S015_DAY2_MINITWICE_3681	17	Pulse	99	1177785	130197	NA
S015_DAY2_MINITWICE_3681	17	Port Input	1	1177785	130197	NA
S015_DAY2_MINITWICE_3681	18	Picture	endrest	1191786	0	1	10100	2	0	10000
S015_DAY2_MINITWICE_3681	19	Picture	RW	1202086	0	1	43200	2	0	43200
S015_DAY2_MINITWICE_3681	19	Response	51	1213660	11574	1
S015_DAY2_MINITWICE_3681	19	Pulse	99	1213785	11699	NA
S015_DAY2_MINITWICE_3681	19	Port Input	1	1213785	11699	NA
S015_DAY2_MINITWICE_3681	19	Picture	13_T_RWTRIAD_RW_charco_red.png	1245286	43200	1	1900	2	43200	1800
S015_DAY2_MINITWICE_3681	20	Picture	RW	1247386	0	1	43199	2	0	43200
S015_DAY2_MINITWICE_3681	20	Pulse	99	1249786	2400	NA
S015_DAY2_MINITWICE_3681	20	Port Input	1	1249786	2400	NA
S015_DAY2_MINITWICE_3681	20	Response	52	1260972	13586	1
S015_DAY2_MINITWICE_3681	20	Pulse	99	1285787	38401	NA
S015_DAY2_MINITWICE_3681	20	Port Input	1	1285787	38401	NA
S015_DAY2_MINITWICE_3681	20	Picture	14_T_RWTRIAD_RW_lenador_red.png	1290585	43199	1	1900	2	43200	1800
S015_DAY2_MINITWICE_3681	21	Picture	RW	1292785	0	1	43100	2	0	43200
S015_DAY2_MINITWICE_3681	21	Response	51	1306552	13767	2
S015_DAY2_MINITWICE_3681	21	Pulse	99	1321788	29003	NA
S015_DAY2_MINITWICE_3681	21	Port Input	1	1321788	29003	NA
S015_DAY2_MINITWICE_3681	21	Picture	15_T_RWTRIAD_RW_novia_red.png	1335885	43100	1	1900	2	43200	1800
S015_DAY2_MINITWICE_3681	22	Picture	RW	1337985	0	1	43199	2	0	43200
S015_DAY2_MINITWICE_3681	22	Response	51	1351464	13479	1
S015_DAY2_MINITWICE_3681	22	Pulse	99	1357789	19804	NA
S015_DAY2_MINITWICE_3681	22	Port Input	1	1357789	19804	NA
S015_DAY2_MINITWICE_3681	22	Picture	16_T_RWTRIAD_RW_violin_red.png	1381184	43199	1	1900	2	43200	1800
S015_DAY2_MINITWICE_3681	23	Picture	RW	1383484	0	1	43100	2	0	43200
S015_DAY2_MINITWICE_3681	23	Pulse	99	1393789	10305	NA
S015_DAY2_MINITWICE_3681	23	Port Input	1	1393789	10305	NA
S015_DAY2_MINITWICE_3681	23	Response	51	1401538	18054	1
S015_DAY2_MINITWICE_3681	23	Picture	17_T_RWTRIAD_RW_tenedor_red.png	1426584	43100	1	1900	2	43200	1800
S015_DAY2_MINITWICE_3681	24	Picture	RW	1428684	0	1	43199	2	0	43200
S015_DAY2_MINITWICE_3681	24	Pulse	99	1429790	1106	NA
S015_DAY2_MINITWICE_3681	24	Port Input	1	1429790	1106	NA
S015_DAY2_MINITWICE_3681	24	Response	51	1442737	14053	1
S015_DAY2_MINITWICE_3681	24	Pulse	99	1465791	37107	NA
S015_DAY2_MINITWICE_3681	24	Port Input	1	1465791	37107	NA
S015_DAY2_MINITWICE_3681	24	Picture	18_T_RWTRIAD_RW_zanahoria_red.png	1471883	43199	1	1900	2	43200	1800
S015_DAY2_MINITWICE_3681	25	Picture	RW	1474183	0	1	43100	2	0	43200
S015_DAY2_MINITWICE_3681	25	Response	51	1487821	13638	1
S015_DAY2_MINITWICE_3681	25	Pulse	99	1501792	27609	NA
S015_DAY2_MINITWICE_3681	25	Port Input	1	1501792	27609	NA
S015_DAY2_MINITWICE_3681	25	Picture	19_T_RWTRIAD_RW_dedal_red.png	1517283	43100	1	1900	2	43200	1800
S015_DAY2_MINITWICE_3681	26	Picture	RW	1519583	0	1	43099	2	0	43200
S015_DAY2_MINITWICE_3681	26	Response	52	1531057	11474	1
S015_DAY2_MINITWICE_3681	26	Pulse	99	1537793	18210	NA
S015_DAY2_MINITWICE_3681	26	Port Input	1	1537793	18210	NA
S015_DAY2_MINITWICE_3681	26	Picture	20_T_RWTRIAD_RW_bebe_red.png	1562682	43099	1	1900	2	43200	1800
S015_DAY2_MINITWICE_3681	27	Picture	rest	1564682	0	1	144099	2	0	144000
S015_DAY2_MINITWICE_3681	27	Pulse	99	1573794	9112	NA
S015_DAY2_MINITWICE_3681	27	Port Input	1	1573794	9112	NA
S015_DAY2_MINITWICE_3681	27	Pulse	99	1609794	45112	NA
S015_DAY2_MINITWICE_3681	27	Port Input	1	1609794	45112	NA
S015_DAY2_MINITWICE_3681	27	Pulse	99	1645795	81113	NA
S015_DAY2_MINITWICE_3681	27	Port Input	1	1645795	81113	NA
S015_DAY2_MINITWICE_3681	27	Pulse	99	1681796	117114	NA
S015_DAY2_MINITWICE_3681	27	Port Input	1	1681796	117114	NA
S015_DAY2_MINITWICE_3681	28	Picture	endrest	1708881	0	1	10100	2	0	10000
S015_DAY2_MINITWICE_3681	28	Pulse	99	1717797	8916	NA
S015_DAY2_MINITWICE_3681	28	Port Input	1	1717797	8916	NA
S015_DAY2_MINITWICE_3681	29	Picture	RW	1719181	0	1	43199	2	0	43200
S015_DAY2_MINITWICE_3681	29	Response	51	1732265	13084	1
S015_DAY2_MINITWICE_3681	29	Pulse	99	1753798	34617	NA
S015_DAY2_MINITWICE_3681	29	Port Input	1	1753798	34617	NA
S015_DAY2_MINITWICE_3681	29	Picture	23_T_RWTRIAD_RW_ascensor_red.png	1762380	43199	1	1900	2	43200	1800
S015_DAY2_MINITWICE_3681	30	Picture	RW	1764480	0	1	43200	2	0	43200
S015_DAY2_MINITWICE_3681	30	Response	51	1782374	17894	1
S015_DAY2_MINITWICE_3681	30	Pulse	99	1789798	25318	NA
S015_DAY2_MINITWICE_3681	30	Port Input	1	1789798	25318	NA
S015_DAY2_MINITWICE_3681	30	Picture	24_T_RWTRIAD_RW_pilas_red.png	1807680	43200	1	1900	2	43200	1800
S015_DAY2_MINITWICE_3681	31	Picture	RW	1809780	0	1	43199	2	0	43200
S015_DAY2_MINITWICE_3681	31	Response	51	1825676	15896	1
S015_DAY2_MINITWICE_3681	31	Pulse	99	1825799	16019	NA
S015_DAY2_MINITWICE_3681	31	Port Input	1	1825799	16019	NA
S015_DAY2_MINITWICE_3681	31	Picture	25_T_RWTRIAD_RW_madera_red.png	1852979	43199	1	1900	2	43200	1800
S015_DAY2_MINITWICE_3681	32	Picture	RW	1855279	0	1	43100	2	0	43200
S015_DAY2_MINITWICE_3681	32	Pulse	99	1861800	6521	NA
S015_DAY2_MINITWICE_3681	32	Port Input	1	1861800	6521	NA
S015_DAY2_MINITWICE_3681	32	Response	52	1866571	11292	1
S015_DAY2_MINITWICE_3681	32	Pulse	99	1897801	42522	NA
S015_DAY2_MINITWICE_3681	32	Port Input	1	1897801	42522	NA
S015_DAY2_MINITWICE_3681	32	Picture	26_T_RWTRIAD_RW_esquimal_red.png	1898379	43100	1	1900	2	43200	1800
S015_DAY2_MINITWICE_3681	33	Picture	FF	1900679	0	1	43099	2	0	43200
S015_DAY2_MINITWICE_3681	33	Response	51	1913182	12503	1
S015_DAY2_MINITWICE_3681	33	Pulse	99	1933802	33123	NA
S015_DAY2_MINITWICE_3681	33	Port Input	1	1933802	33123	NA
S015_DAY2_MINITWICE_3681	33	Picture	27_T_FFTRIAD_FF_bellota_red.png	1943778	43099	1	1900	2	43200	1800
S015_DAY2_MINITWICE_3681	34	Picture	FF	1946078	0	1	43100	2	0	43200
S015_DAY2_MINITWICE_3681	34	Response	51	1957068	10990	1
S015_DAY2_MINITWICE_3681	34	Pulse	99	1969802	23724	NA
S015_DAY2_MINITWICE_3681	34	Port Input	1	1969802	23724	NA
S015_DAY2_MINITWICE_3681	34	Picture	28_T_FFTRIAD_FF_sapo_red.png	1989178	43100	1	1900	2	43200	1800
S015_DAY2_MINITWICE_3681	35	Picture	FF	1991378	0	1	43199	2	0	43200
S015_DAY2_MINITWICE_3681	35	Response	51	2002462	11084	1
S015_DAY2_MINITWICE_3681	35	Pulse	99	2005803	14425	NA
S015_DAY2_MINITWICE_3681	35	Port Input	1	2005803	14425	NA
S015_DAY2_MINITWICE_3681	35	Picture	29_T_FFTRIAD_FF_charco_red.png	2034577	43199	1	1900	2	43200	1800
S015_DAY2_MINITWICE_3681	36	Picture	FF	2036877	0	1	43100	2	0	43200
S015_DAY2_MINITWICE_3681	36	Pulse	99	2041804	4927	NA
S015_DAY2_MINITWICE_3681	36	Port Input	1	2041804	4927	NA
S015_DAY2_MINITWICE_3681	36	Response	51	2047135	10258	1
S015_DAY2_MINITWICE_3681	36	Pulse	99	2077805	40928	NA
S015_DAY2_MINITWICE_3681	36	Port Input	1	2077805	40928	NA
S015_DAY2_MINITWICE_3681	36	Picture	30_T_FFTRIAD_FF_grapadora_red.png	2079977	43100	1	1900	2	43200	1800
S015_DAY2_MINITWICE_3681	37	Picture	rest	2081977	0	1	144098	2	0	144000
S015_DAY2_MINITWICE_3681	37	Pulse	99	2113806	31829	NA
S015_DAY2_MINITWICE_3681	37	Port Input	1	2113806	31829	NA
S015_DAY2_MINITWICE_3681	37	Pulse	99	2149806	67829	NA
S015_DAY2_MINITWICE_3681	37	Port Input	1	2149806	67829	NA
S015_DAY2_MINITWICE_3681	37	Pulse	99	2185807	103830	NA
S015_DAY2_MINITWICE_3681	37	Port Input	1	2185807	103830	NA
S015_DAY2_MINITWICE_3681	37	Pulse	99	2221808	139831	NA
S015_DAY2_MINITWICE_3681	37	Port Input	1	2221808	139831	NA
S015_DAY2_MINITWICE_3681	38	Picture	endrest	2226175	0	1	10100	2	0	10000
S015_DAY2_MINITWICE_3681	39	Picture	PW	2236675	0	1	43100	2	0	43200
S015_DAY2_MINITWICE_3681	39	Response	52	2255274	18599	1
S015_DAY2_MINITWICE_3681	39	Pulse	99	2257809	21134	NA
S015_DAY2_MINITWICE_3681	39	Port Input	1	2257809	21134	NA
S015_DAY2_MINITWICE_3681	39	Picture	33_T_PWTRIAD_PW_telarana_red.png	2279775	43100	1	1899	3	43200	1800
S015_DAY2_MINITWICE_3681	40	Picture	PW	2282074	0	2	43100	3	0	43200
S015_DAY2_MINITWICE_3681	40	Pulse	99	2293810	11736	NA
S015_DAY2_MINITWICE_3681	40	Port Input	1	2293810	11736	NA
S015_DAY2_MINITWICE_3681	40	Response	51	2303048	20974	2
S015_DAY2_MINITWICE_3681	40	Picture	34_T_PWTRIAD_PW_lenador_red.png	2325174	43100	1	1900	2	43200	1800
S015_DAY2_MINITWICE_3681	41	Picture	PW	2327474	0	1	43199	3	0	43200
S015_DAY2_MINITWICE_3681	41	Pulse	99	2329810	2336	NA
S015_DAY2_MINITWICE_3681	41	Port Input	1	2329810	2336	NA
S015_DAY2_MINITWICE_3681	41	Response	51	2347359	19885	1
S015_DAY2_MINITWICE_3681	41	Pulse	99	2365811	38337	NA
S015_DAY2_MINITWICE_3681	41	Port Input	1	2365811	38337	NA
S015_DAY2_MINITWICE_3681	41	Picture	35_T_PWTRIAD_PW_ancla_red.png	2370673	43199	2	1900	4	43200	1800
S015_DAY2_MINITWICE_3681	42	Picture	PW	2372773	0	2	43200	3	0	43200
S015_DAY2_MINITWICE_3681	42	Response	51	2387263	14490	1
S015_DAY2_MINITWICE_3681	42	Pulse	99	2401812	29039	NA
S015_DAY2_MINITWICE_3681	42	Port Input	1	2401812	29039	NA
S015_DAY2_MINITWICE_3681	42	Picture	36_T_PWTRIAD_PW_madera_red.png	2415973	43200	1	1900	2	43200	1800
S015_DAY2_MINITWICE_3681	43	Picture	RW	2418073	0	1	43200	2	0	43200
S015_DAY2_MINITWICE_3681	43	Response	51	2434974	16901	1
S015_DAY2_MINITWICE_3681	43	Pulse	99	2437813	19740	NA
S015_DAY2_MINITWICE_3681	43	Port Input	1	2437813	19740	NA
S015_DAY2_MINITWICE_3681	43	Picture	37_T_RWTRIAD_RW_iglu_red.png	2461273	43200	1	1899	3	43200	1800
S015_DAY2_MINITWICE_3681	44	Picture	RW	2463373	0	1	43199	2	0	43200
S015_DAY2_MINITWICE_3681	44	Pulse	99	2473814	10441	NA
S015_DAY2_MINITWICE_3681	44	Port Input	1	2473814	10441	NA
S015_DAY2_MINITWICE_3681	44	Response	51	2478529	15156	1
S015_DAY2_MINITWICE_3681	44	Picture	38_T_RWTRIAD_RW_piramide_red.png	2506572	43199	1	1900	2	43200	1800
S015_DAY2_MINITWICE_3681	45	Picture	RW	2508672	0	1	43200	2	0	43200
S015_DAY2_MINITWICE_3681	45	Pulse	99	2509815	1143	NA
S015_DAY2_MINITWICE_3681	45	Port Input	1	2509815	1143	NA
S015_DAY2_MINITWICE_3681	45	Response	52	2520631	11959	1
S015_DAY2_MINITWICE_3681	45	Pulse	99	2545815	37143	NA
S015_DAY2_MINITWICE_3681	45	Port Input	1	2545815	37143	NA
S015_DAY2_MINITWICE_3681	45	Picture	39_T_RWTRIAD_RW_anillo_red.png	2551872	43200	1	1900	2	43200	1800
S015_DAY2_MINITWICE_3681	46	Picture	RW	2553972	0	1	43199	2	0	43200
S015_DAY2_MINITWICE_3681	46	Response	52	2569163	15191	1
S015_DAY2_MINITWICE_3681	46	Pulse	99	2581816	27844	NA
S015_DAY2_MINITWICE_3681	46	Port Input	1	2581816	27844	NA
S015_DAY2_MINITWICE_3681	46	Picture	40_T_RWTRIAD_RW_pluma_red.png	2597171	43199	1	1900	2	43200	1800
S015_DAY2_MINITWICE_3681	47	Picture	rest	2599171	0	1	144098	3	0	144000
S015_DAY2_MINITWICE_3681	47	Pulse	99	2617817	18646	NA
S015_DAY2_MINITWICE_3681	47	Port Input	1	2617817	18646	NA
S015_DAY2_MINITWICE_3681	47	Pulse	99	2653818	54647	NA
S015_DAY2_MINITWICE_3681	47	Port Input	1	2653818	54647	NA
S015_DAY2_MINITWICE_3681	47	Pulse	99	2689819	90648	NA
S015_DAY2_MINITWICE_3681	47	Port Input	1	2689819	90648	NA
S015_DAY2_MINITWICE_3681	47	Pulse	99	2725819	126648	NA
S015_DAY2_MINITWICE_3681	47	Port Input	1	2725819	126648	NA
S015_DAY2_MINITWICE_3681	48	Picture	endrest	2743370	0	1	10099	2	0	10000
S015_DAY2_MINITWICE_3681	49	Picture	FF	2753769	0	1	43200	2	0	43200
S015_DAY2_MINITWICE_3681	49	Pulse	99	2761820	8051	NA
S015_DAY2_MINITWICE_3681	49	Port Input	1	2761820	8051	NA
S015_DAY2_MINITWICE_3681	49	Response	51	2762887	9118	1
S015_DAY2_MINITWICE_3681	49	Picture	43_T_FFTRIAD_FF_ascensor_red.png	2796969	43200	1	1900	2	43200	1800
S015_DAY2_MINITWICE_3681	49	Pulse	99	2797821	44052	NA
S015_DAY2_MINITWICE_3681	49	Port Input	1	2797821	44052	NA
S015_DAY2_MINITWICE_3681	50	Picture	FF	2799169	0	1	43199	3	0	43200
S015_DAY2_MINITWICE_3681	50	Response	51	2812568	13399	1
S015_DAY2_MINITWICE_3681	50	Pulse	99	2833822	34653	NA
S015_DAY2_MINITWICE_3681	50	Port Input	1	2833822	34653	NA
S015_DAY2_MINITWICE_3681	50	Picture	44_T_FFTRIAD_FF_leche_red.png	2842368	43199	2	1900	4	43200	1800
S015_DAY2_MINITWICE_3681	51	Picture	FF	2844668	0	2	43200	3	0	43200
S015_DAY2_MINITWICE_3681	51	Response	52	2859909	15241	1
S015_DAY2_MINITWICE_3681	51	Pulse	99	2869823	25155	NA
S015_DAY2_MINITWICE_3681	51	Port Input	1	2869823	25155	NA
S015_DAY2_MINITWICE_3681	51	Picture	45_T_FFTRIAD_FF_teclado_red.png	2887868	43200	1	1900	2	43200	1800
S015_DAY2_MINITWICE_3681	52	Picture	FF	2890068	0	1	43199	3	0	43200
S015_DAY2_MINITWICE_3681	52	Response	52	2904494	14426	1
S015_DAY2_MINITWICE_3681	52	Pulse	99	2905823	15755	NA
S015_DAY2_MINITWICE_3681	52	Port Input	1	2905823	15755	NA
S015_DAY2_MINITWICE_3681	52	Picture	46_T_FFTRIAD_FF_dedal_red.png	2933267	43199	2	1900	3	43200	1800
S015_DAY2_MINITWICE_3681	53	Picture	RW	2935367	0	2	43200	3	0	43200
S015_DAY2_MINITWICE_3681	53	Pulse	99	2941824	6457	NA
S015_DAY2_MINITWICE_3681	53	Port Input	1	2941824	6457	NA
S015_DAY2_MINITWICE_3681	53	Response	51	2946234	10867	1
S015_DAY2_MINITWICE_3681	53	Pulse	99	2977825	42458	NA
S015_DAY2_MINITWICE_3681	53	Port Input	1	2977825	42458	NA
S015_DAY2_MINITWICE_3681	53	Picture	47_T_RWTRIAD_RW_grifo_red.png	2978567	43200	1	1900	2	43200	1800
S015_DAY2_MINITWICE_3681	54	Picture	RW	2980667	0	1	43199	3	0	43200
S015_DAY2_MINITWICE_3681	54	Response	51	2997459	16792	1
S015_DAY2_MINITWICE_3681	54	Pulse	99	3013826	33159	NA
S015_DAY2_MINITWICE_3681	54	Port Input	1	3013826	33159	NA
S015_DAY2_MINITWICE_3681	54	Picture	48_T_RWTRIAD_RW_television_red.png	3023866	43199	2	1900	4	43200	1800
S015_DAY2_MINITWICE_3681	55	Picture	RW	3025966	0	2	43200	3	0	43200
S015_DAY2_MINITWICE_3681	55	Response	52	3045367	19401	1
S015_DAY2_MINITWICE_3681	55	Pulse	99	3049827	23861	NA
S015_DAY2_MINITWICE_3681	55	Port Input	1	3049827	23861	NA
S015_DAY2_MINITWICE_3681	55	Picture	49_T_RWTRIAD_RW_molino_red.png	3069166	43200	1	1900	2	43200	1800
S015_DAY2_MINITWICE_3681	56	Picture	RW	3071266	0	1	43199	3	0	43200
S015_DAY2_MINITWICE_3681	56	Pulse	99	3085827	14561	NA
S015_DAY2_MINITWICE_3681	56	Port Input	1	3085827	14561	NA
S015_DAY2_MINITWICE_3681	56	Response	52	3090653	19387	1
S015_DAY2_MINITWICE_3681	56	Picture	50_T_RWTRIAD_RW_lechuga_red.png	3114465	43199	2	1900	4	43200	1800
S015_DAY2_MINITWICE_3681	57	Picture	rest	3116465	0	2	144099	3	0	144000
S015_DAY2_MINITWICE_3681	57	Pulse	99	3121828	5363	NA
S015_DAY2_MINITWICE_3681	57	Port Input	1	3121828	5363	NA
S015_DAY2_MINITWICE_3681	57	Pulse	99	3157829	41364	NA
S015_DAY2_MINITWICE_3681	57	Port Input	1	3157829	41364	NA
S015_DAY2_MINITWICE_3681	57	Pulse	99	3193830	77365	NA
S015_DAY2_MINITWICE_3681	57	Port Input	1	3193830	77365	NA
S015_DAY2_MINITWICE_3681	57	Pulse	99	3229831	113366	NA
S015_DAY2_MINITWICE_3681	57	Port Input	1	3229831	113366	NA
S015_DAY2_MINITWICE_3681	58	Picture	endrest	3260664	0	1	10100	2	0	10000
S015_DAY2_MINITWICE_3681	58	Pulse	99	3265831	5167	NA
S015_DAY2_MINITWICE_3681	58	Port Input	1	3265831	5167	NA
S015_DAY2_MINITWICE_3681	59	Picture	RW	3271164	0	1	43099	2	0	43200
S015_DAY2_MINITWICE_3681	59	Response	52	3282806	11642	1
S015_DAY2_MINITWICE_3681	59	Pulse	99	3301832	30668	NA
S015_DAY2_MINITWICE_3681	59	Port Input	1	3301832	30668	NA
S015_DAY2_MINITWICE_3681	59	Picture	53_T_RWTRIAD_RW_arco_red.png	3314263	43099	1	1900	2	43200	1800
S015_DAY2_MINITWICE_3681	60	Picture	RW	3316363	0	1	43200	2	0	43200
S015_DAY2_MINITWICE_3681	60	Response	51	3327740	11377	1
S015_DAY2_MINITWICE_3681	60	Pulse	99	3337833	21470	NA
S015_DAY2_MINITWICE_3681	60	Port Input	1	3337833	21470	NA
S015_DAY2_MINITWICE_3681	60	Picture	54_T_RWTRIAD_RW_bala_red.png	3359563	43200	1	1900	2	43200	1800
S015_DAY2_MINITWICE_3681	61	Picture	RW	3361663	0	1	43199	2	0	43200
S015_DAY2_MINITWICE_3681	61	Pulse	99	3373834	12171	NA
S015_DAY2_MINITWICE_3681	61	Port Input	1	3373834	12171	NA
S015_DAY2_MINITWICE_3681	61	Response	51	3375011	13348	2
S015_DAY2_MINITWICE_3681	61	Picture	55_T_RWTRIAD_RW_paracaidas_red.png	3404862	43199	1	1900	2	43200	1800
S015_DAY2_MINITWICE_3681	62	Picture	RW	3407062	0	1	43100	2	0	43200
S015_DAY2_MINITWICE_3681	62	Pulse	99	3409835	2773	NA
S015_DAY2_MINITWICE_3681	62	Port Input	1	3409835	2773	NA
S015_DAY2_MINITWICE_3681	62	Response	51	3426373	19311	1
S015_DAY2_MINITWICE_3681	62	Pulse	99	3445835	38773	NA
S015_DAY2_MINITWICE_3681	62	Port Input	1	3445835	38773	NA
S015_DAY2_MINITWICE_3681	62	Picture	56_T_RWTRIAD_RW_banera_red.png	3450162	43100	1	1900	2	43200	1800
S015_DAY2_MINITWICE_3681	63	Picture	PW	3452362	0	1	43199	2	0	43200
S015_DAY2_MINITWICE_3681	63	Response	51	3476065	23703	1
S015_DAY2_MINITWICE_3681	63	Pulse	99	3481836	29474	NA
S015_DAY2_MINITWICE_3681	63	Port Input	1	3481836	29474	NA
S015_DAY2_MINITWICE_3681	63	Picture	57_T_PWTRIAD_PW_dado_red.png	3495561	43199	1	1900	3	43200	1800
S015_DAY2_MINITWICE_3681	64	Picture	PW	3497861	0	2	43100	3	0	43200
S015_DAY2_MINITWICE_3681	64	Pulse	99	3517837	19976	NA
S015_DAY2_MINITWICE_3681	64	Port Input	1	3517837	19976	NA
S015_DAY2_MINITWICE_3681	64	Response	52	3518363	20502	1
S015_DAY2_MINITWICE_3681	64	Picture	58_T_PWTRIAD_PW_ascensor_red.png	3540961	43100	1	1900	2	43200	1800
S015_DAY2_MINITWICE_3681	65	Picture	PW	3543161	0	1	43199	3	0	43200
S015_DAY2_MINITWICE_3681	65	Pulse	99	3553838	10677	NA
S015_DAY2_MINITWICE_3681	65	Port Input	1	3553838	10677	NA
S015_DAY2_MINITWICE_3681	65	Response	51	3561236	18075	2
S015_DAY2_MINITWICE_3681	65	Picture	59_T_PWTRIAD_PW_portatil_red.png	3586360	43199	2	1900	3	43200	1800
S015_DAY2_MINITWICE_3681	66	Picture	PW	3588460	0	1	43200	2	0	43200
S015_DAY2_MINITWICE_3681	66	Pulse	99	3589839	1379	NA
S015_DAY2_MINITWICE_3681	66	Port Input	1	3589839	1379	NA
S015_DAY2_MINITWICE_3681	66	Response	51	3601313	12853	1
S015_DAY2_MINITWICE_3681	66	Pulse	99	3625839	37379	NA
S015_DAY2_MINITWICE_3681	66	Port Input	1	3625839	37379	NA
S015_DAY2_MINITWICE_3681	66	Picture	60_T_PWTRIAD_PW_sombrilla_red.png	3631660	43200	1	1900	2	43200	1800
S015_DAY2_MINITWICE_3681	67	Picture	rest	3633660	0	1	144098	2	0	144000
S015_DAY2_MINITWICE_3681	67	Pulse	99	3661840	28180	NA
S015_DAY2_MINITWICE_3681	67	Port Input	1	3661840	28180	NA
S015_DAY2_MINITWICE_3681	67	Pulse	99	3697841	64181	NA
S015_DAY2_MINITWICE_3681	67	Port Input	1	3697841	64181	NA
S015_DAY2_MINITWICE_3681	67	Pulse	99	3733842	100182	NA
S015_DAY2_MINITWICE_3681	67	Port Input	1	3733842	100182	NA
S015_DAY2_MINITWICE_3681	67	Pulse	99	3769843	136183	NA
S015_DAY2_MINITWICE_3681	67	Port Input	1	3769843	136183	NA
S015_DAY2_MINITWICE_3681	68	Picture	endrest	3777858	0	1	10100	2	0	10000
S015_DAY2_MINITWICE_3681	69	Picture	PW	3788358	0	1	43100	2	0	43200
S015_DAY2_MINITWICE_3681	69	Response	51	3804255	15897	1
S015_DAY2_MINITWICE_3681	69	Pulse	99	3805843	17485	NA
S015_DAY2_MINITWICE_3681	69	Port Input	1	3805843	17485	NA
S015_DAY2_MINITWICE_3681	69	Picture	63_T_PWTRIAD_PW_gafas_red.png	3831458	43100	1	1900	2	43200	1800
S015_DAY2_MINITWICE_3681	70	Picture	PW	3833558	0	1	43199	2	0	43200
S015_DAY2_MINITWICE_3681	70	Pulse	99	3841844	8286	NA
S015_DAY2_MINITWICE_3681	70	Port Input	1	3841844	8286	NA
S015_DAY2_MINITWICE_3681	70	Response	51	3849196	15638	2
S015_DAY2_MINITWICE_3681	70	Picture	64_T_PWTRIAD_PW_piramide_red.png	3876757	43199	1	1892	41	43200	1800
S015_DAY2_MINITWICE_3681	70	Pulse	99	3877845	44287	NA
S015_DAY2_MINITWICE_3681	70	Port Input	1	3877845	44287	NA
S015_DAY2_MINITWICE_3681	71	Picture	PW	3879057	0	1	43100	2	0	43200
S015_DAY2_MINITWICE_3681	71	Response	52	3895832	16775	1
S015_DAY2_MINITWICE_3681	71	Pulse	99	3913846	34789	NA
S015_DAY2_MINITWICE_3681	71	Port Input	1	3913846	34789	NA
S015_DAY2_MINITWICE_3681	71	Picture	65_T_PWTRIAD_PW_pilas_red.png	3922157	43100	1	1900	2	43200	1800
S015_DAY2_MINITWICE_3681	72	Picture	PW	3924257	0	1	43199	2	0	43200
S015_DAY2_MINITWICE_3681	72	Response	51	3937988	13731	2
S015_DAY2_MINITWICE_3681	72	Pulse	99	3949847	25590	NA
S015_DAY2_MINITWICE_3681	72	Port Input	1	3949847	25590	NA
S015_DAY2_MINITWICE_3681	72	Picture	66_T_PWTRIAD_PW_violin_red.png	3967456	43199	1	1900	2	43200	1800
S015_DAY2_MINITWICE_3681	73	Picture	PW	3969656	0	1	43200	2	0	43200
S015_DAY2_MINITWICE_3681	73	Response	52	3984479	14823	1
S015_DAY2_MINITWICE_3681	73	Pulse	99	3985848	16192	NA
S015_DAY2_MINITWICE_3681	73	Port Input	1	3985848	16192	NA
S015_DAY2_MINITWICE_3681	73	Picture	67_T_PWTRIAD_PW_murcielago_red.png	4012856	43200	1	1900	2	43200	1800
S015_DAY2_MINITWICE_3681	74	Picture	PW	4014956	0	1	43199	2	0	43200
S015_DAY2_MINITWICE_3681	74	Pulse	99	4021848	6892	NA
S015_DAY2_MINITWICE_3681	74	Port Input	1	4021848	6892	NA
S015_DAY2_MINITWICE_3681	74	Response	51	4028955	13999	1
S015_DAY2_MINITWICE_3681	74	Pulse	99	4057849	42893	NA
S015_DAY2_MINITWICE_3681	74	Port Input	1	4057849	42893	NA
S015_DAY2_MINITWICE_3681	74	Picture	68_T_PWTRIAD_PW_monja_red.png	4058155	43199	1	1900	2	43200	1800
S015_DAY2_MINITWICE_3681	75	Picture	PW	4060255	0	1	43200	2	0	43200
S015_DAY2_MINITWICE_3681	75	Response	51	4071462	11207	1
S015_DAY2_MINITWICE_3681	75	Pulse	99	4093850	33595	NA
S015_DAY2_MINITWICE_3681	75	Port Input	1	4093850	33595	NA
S015_DAY2_MINITWICE_3681	75	Picture	69_T_PWTRIAD_PW_sapo_red.png	4103455	43200	1	1900	2	43200	1800
S015_DAY2_MINITWICE_3681	76	Picture	PW	4105755	0	1	43099	2	0	43200
S015_DAY2_MINITWICE_3681	76	Response	52	4122325	16570	1
S015_DAY2_MINITWICE_3681	76	Pulse	99	4129851	24096	NA
S015_DAY2_MINITWICE_3681	76	Port Input	1	4129851	24096	NA
S015_DAY2_MINITWICE_3681	76	Picture	70_T_PWTRIAD_PW_lechuga_red.png	4148854	43099	1	1900	2	43200	1800
S015_DAY2_MINITWICE_3681	77	Picture	rest	4150854	0	1	144099	2	0	144000
S015_DAY2_MINITWICE_3681	77	Pulse	99	4165852	14998	NA
S015_DAY2_MINITWICE_3681	77	Port Input	1	4165852	14998	NA
S015_DAY2_MINITWICE_3681	77	Pulse	99	4201852	50998	NA
S015_DAY2_MINITWICE_3681	77	Port Input	1	4201852	50998	NA
S015_DAY2_MINITWICE_3681	77	Pulse	99	4237853	86999	NA
S015_DAY2_MINITWICE_3681	77	Port Input	1	4237853	86999	NA
S015_DAY2_MINITWICE_3681	77	Pulse	99	4273854	123000	NA
S015_DAY2_MINITWICE_3681	77	Port Input	1	4273854	123000	NA
S015_DAY2_MINITWICE_3681	78	Picture	endrest	4295053	0	1	10099	3	0	10000
S015_DAY2_MINITWICE_3681	79	Picture	RW	4305352	0	1	43200	2	0	43200
S015_DAY2_MINITWICE_3681	79	Pulse	99	4309855	4503	NA
S015_DAY2_MINITWICE_3681	79	Port Input	1	4309855	4503	NA
S015_DAY2_MINITWICE_3681	79	Response	52	4317400	12048	1
S015_DAY2_MINITWICE_3681	79	Pulse	99	4345856	40504	NA
S015_DAY2_MINITWICE_3681	79	Port Input	1	4345856	40504	NA
S015_DAY2_MINITWICE_3681	79	Picture	73_T_RWTRIAD_RW_arbol_red.png	4348552	43200	1	1900	2	43200	1800
S015_DAY2_MINITWICE_3681	80	Picture	RW	4350752	0	1	43099	3	0	43200
S015_DAY2_MINITWICE_3681	80	Response	52	4361477	10725	1
S015_DAY2_MINITWICE_3681	80	Pulse	99	4381856	31104	NA
S015_DAY2_MINITWICE_3681	80	Port Input	1	4381856	31104	NA
S015_DAY2_MINITWICE_3681	80	Picture	74_T_RWTRIAD_RW_futbol_red.png	4393851	43099	2	1900	3	43200	1800
S015_DAY2_MINITWICE_3681	81	Picture	RW	4395951	0	2	43200	3	0	43200
S015_DAY2_MINITWICE_3681	81	Response	52	4412553	16602	1
S015_DAY2_MINITWICE_3681	81	Pulse	99	4417857	21906	NA
S015_DAY2_MINITWICE_3681	81	Port Input	1	4417857	21906	NA
S015_DAY2_MINITWICE_3681	81	Picture	75_T_RWTRIAD_RW_raton_red.png	4439151	43200	1	1900	2	43200	1800
S015_DAY2_MINITWICE_3681	82	Picture	RW	4441251	0	1	43199	3	0	43200
S015_DAY2_MINITWICE_3681	82	Response	52	4452483	11232	1
S015_DAY2_MINITWICE_3681	82	Pulse	99	4453858	12607	NA
S015_DAY2_MINITWICE_3681	82	Port Input	1	4453858	12607	NA
S015_DAY2_MINITWICE_3681	82	Picture	76_T_RWTRIAD_RW_monja_red.png	4484450	43199	2	1900	4	43200	1800
S015_DAY2_MINITWICE_3681	83	Picture	FF	4486750	0	2	43100	3	0	43200
S015_DAY2_MINITWICE_3681	83	Pulse	99	4489859	3109	NA
S015_DAY2_MINITWICE_3681	83	Port Input	1	4489859	3109	NA
S015_DAY2_MINITWICE_3681	83	Response	52	4495905	9155	1
S015_DAY2_MINITWICE_3681	83	Pulse	99	4525860	39110	NA
S015_DAY2_MINITWICE_3681	83	Port Input	1	4525860	39110	NA
S015_DAY2_MINITWICE_3681	83	Picture	77_T_FFTRIAD_FF_murcielago_red.png	4529850	43100	1	1900	2	43200	1800
S015_DAY2_MINITWICE_3681	84	Picture	FF	4531950	0	1	43199	3	0	43200
S015_DAY2_MINITWICE_3681	84	Response	52	4540999	9049	1
S015_DAY2_MINITWICE_3681	84	Pulse	99	4561860	29910	NA
S015_DAY2_MINITWICE_3681	84	Port Input	1	4561860	29910	NA
S015_DAY2_MINITWICE_3681	84	Picture	78_T_FFTRIAD_FF_telefono_red.png	4575149	43199	2	1900	4	43200	1800
S015_DAY2_MINITWICE_3681	85	Picture	FF	4577549	0	2	43100	3	0	43200
S015_DAY2_MINITWICE_3681	85	Response	52	4586861	9312	1
S015_DAY2_MINITWICE_3681	85	Pulse	99	4597861	20312	NA
S015_DAY2_MINITWICE_3681	85	Port Input	1	4597861	20312	NA
S015_DAY2_MINITWICE_3681	85	Picture	79_T_FFTRIAD_FF_silla_red.png	4620649	43100	1	1900	2	43200	1800
S015_DAY2_MINITWICE_3681	86	Picture	FF	4622949	0	1	43199	3	0	43200
S015_DAY2_MINITWICE_3681	86	Pulse	99	4633862	10913	NA
S015_DAY2_MINITWICE_3681	86	Port Input	1	4633862	10913	NA
S015_DAY2_MINITWICE_3681	86	Response	52	4634072	11123	1
S015_DAY2_MINITWICE_3681	86	Picture	80_T_FFTRIAD_FF_pizarra_red.png	4666148	43199	2	1900	4	43200	1800
S015_DAY2_MINITWICE_3681	87	Picture	rest	4668148	0	2	144099	3	0	144000
S015_DAY2_MINITWICE_3681	87	Pulse	99	4669863	1715	NA
S015_DAY2_MINITWICE_3681	87	Port Input	1	4669863	1715	NA
S015_DAY2_MINITWICE_3681	87	Pulse	99	4705864	37716	NA
S015_DAY2_MINITWICE_3681	87	Port Input	1	4705864	37716	NA
S015_DAY2_MINITWICE_3681	87	Pulse	99	4741864	73716	NA
S015_DAY2_MINITWICE_3681	87	Port Input	1	4741864	73716	NA
S015_DAY2_MINITWICE_3681	87	Pulse	99	4777865	109717	NA
S015_DAY2_MINITWICE_3681	87	Port Input	1	4777865	109717	NA
S015_DAY2_MINITWICE_3681	88	Picture	endrest	4812347	0	1	10100	2	0	10000
S015_DAY2_MINITWICE_3681	88	Pulse	99	4813866	1519	NA
S015_DAY2_MINITWICE_3681	88	Port Input	1	4813866	1519	NA
S015_DAY2_MINITWICE_3681	89	Picture	RW	4822847	0	1	43099	2	0	43200
S015_DAY2_MINITWICE_3681	89	Response	51	4837485	14638	1
S015_DAY2_MINITWICE_3681	89	Pulse	99	4849867	27020	NA
S015_DAY2_MINITWICE_3681	89	Port Input	1	4849867	27020	NA
S015_DAY2_MINITWICE_3681	89	Picture	83_T_RWTRIAD_RW_ancla_red.png	4865946	43099	1	1900	2	43200	1800
S015_DAY2_MINITWICE_3681	90	Picture	RW	4868046	0	1	43200	2	0	43200
S015_DAY2_MINITWICE_3681	90	Response	51	4882596	14550	1
S015_DAY2_MINITWICE_3681	90	Pulse	99	4885868	17822	NA
S015_DAY2_MINITWICE_3681	90	Port Input	1	4885868	17822	NA
S015_DAY2_MINITWICE_3681	90	Picture	84_T_RWTRIAD_RW_botella_red.png	4911246	43200	1	1900	2	43200	1800
S015_DAY2_MINITWICE_3681	91	Picture	RW	4913346	0	1	43199	2	0	43200
S015_DAY2_MINITWICE_3681	91	Pulse	99	4921868	8522	NA
S015_DAY2_MINITWICE_3681	91	Port Input	1	4921868	8522	NA
S015_DAY2_MINITWICE_3681	91	Response	51	4929947	16601	1
S015_DAY2_MINITWICE_3681	91	Picture	85_T_RWTRIAD_RW_cerillas_red.png	4956545	43199	1	1900	2	43200	1800
S015_DAY2_MINITWICE_3681	91	Pulse	99	4957869	44523	NA
S015_DAY2_MINITWICE_3681	91	Port Input	1	4957869	44523	NA
S015_DAY2_MINITWICE_3681	92	Picture	RW	4958645	0	1	43200	2	0	43200
S015_DAY2_MINITWICE_3681	92	Response	51	4974108	15463	1
S015_DAY2_MINITWICE_3681	92	Pulse	99	4993870	35225	NA
S015_DAY2_MINITWICE_3681	92	Port Input	1	4993870	35225	NA
S015_DAY2_MINITWICE_3681	92	Picture	86_T_RWTRIAD_RW_granjero_red.png	5001845	43200	1	1900	2	43200	1800
S015_DAY2_MINITWICE_3681	93	Picture	PW	5004145	0	1	43099	2	0	43200
S015_DAY2_MINITWICE_3681	93	Response	52	5023698	19553	1
S015_DAY2_MINITWICE_3681	93	Pulse	99	5029871	25726	NA
S015_DAY2_MINITWICE_3681	93	Port Input	1	5029871	25726	NA
S015_DAY2_MINITWICE_3681	93	Picture	87_T_PWTRIAD_PW_pluma_red.png	5047244	43099	1	1900	2	43200	1800
S015_DAY2_MINITWICE_3681	94	Picture	PW	5049344	0	1	43200	2	0	43200
S015_DAY2_MINITWICE_3681	94	Pulse	99	5065872	16528	NA
S015_DAY2_MINITWICE_3681	94	Port Input	1	5065872	16528	NA
S015_DAY2_MINITWICE_3681	94	Response	51	5066818	17474	2
S015_DAY2_MINITWICE_3681	94	Picture	88_T_PWTRIAD_PW_granjero_red.png	5092544	43200	1	1900	2	43200	1800
S015_DAY2_MINITWICE_3681	95	Picture	PW	5094644	0	1	43199	2	0	43200
S015_DAY2_MINITWICE_3681	95	Pulse	99	5101872	7228	NA
S015_DAY2_MINITWICE_3681	95	Port Input	1	5101872	7228	NA
S015_DAY2_MINITWICE_3681	95	Response	52	5109431	14787	1
S015_DAY2_MINITWICE_3681	95	Picture	89_T_PWTRIAD_PW_paracaidas_red.png	5137843	43199	1	1900	2	43200	1800
S015_DAY2_MINITWICE_3681	95	Pulse	99	5137873	43229	NA
S015_DAY2_MINITWICE_3681	95	Port Input	1	5137873	43229	NA
S015_DAY2_MINITWICE_3681	96	Picture	PW	5139943	0	1	43200	2	0	43200
S015_DAY2_MINITWICE_3681	96	Response	52	5157538	17595	2
S015_DAY2_MINITWICE_3681	96	Pulse	99	5173874	33931	NA
S015_DAY2_MINITWICE_3681	96	Port Input	1	5173874	33931	NA
S015_DAY2_MINITWICE_3681	96	Picture	90_T_PWTRIAD_PW_martillo_red.png	5183143	43200	1	1900	2	43200	1800
S015_DAY2_MINITWICE_3681	97	Picture	rest	5185143	0	1	144098	2	0	144000
S015_DAY2_MINITWICE_3681	97	Pulse	99	5209875	24732	NA
S015_DAY2_MINITWICE_3681	97	Port Input	1	5209875	24732	NA
S015_DAY2_MINITWICE_3681	97	Pulse	99	5245876	60733	NA
S015_DAY2_MINITWICE_3681	97	Port Input	1	5245876	60733	NA
S015_DAY2_MINITWICE_3681	97	Pulse	99	5281876	96733	NA
S015_DAY2_MINITWICE_3681	97	Port Input	1	5281876	96733	NA
S015_DAY2_MINITWICE_3681	97	Pulse	99	5317877	132734	NA
S015_DAY2_MINITWICE_3681	97	Port Input	1	5317877	132734	NA
S015_DAY2_MINITWICE_3681	98	Picture	endrest	5329341	0	1	10100	2	0	10000
S015_DAY2_MINITWICE_3681	99	Picture	FF	5339841	0	1	43200	2	0	43200
S015_DAY2_MINITWICE_3681	99	Response	51	5352675	12834	1
S015_DAY2_MINITWICE_3681	99	Pulse	99	5353878	14037	NA
S015_DAY2_MINITWICE_3681	99	Port Input	1	5353878	14037	NA
S015_DAY2_MINITWICE_3681	99	Picture	93_T_FFTRIAD_FF_dado_red.png	5383041	43200	1	1899	3	43200	1800
S015_DAY2_MINITWICE_3681	100	Picture	FF	5385240	0	2	43100	3	0	43200
S015_DAY2_MINITWICE_3681	100	Pulse	99	5389879	4639	NA
S015_DAY2_MINITWICE_3681	100	Port Input	1	5389879	4639	NA
S015_DAY2_MINITWICE_3681	100	Response	51	5394317	9077	1
S015_DAY2_MINITWICE_3681	100	Pulse	99	5425880	40640	NA
S015_DAY2_MINITWICE_3681	100	Port Input	1	5425880	40640	NA
S015_DAY2_MINITWICE_3681	100	Picture	94_T_FFTRIAD_FF_estetoscopio_red.png	5428340	43100	1	1900	2	43200	1800
S015_DAY2_MINITWICE_3681	101	Picture	FF	5430640	0	1	43199	3	0	43200
S015_DAY2_MINITWICE_3681	101	Response	52	5439885	9245	1
S015_DAY2_MINITWICE_3681	101	Pulse	99	5461880	31240	NA
S015_DAY2_MINITWICE_3681	101	Port Input	1	5461880	31240	NA
S015_DAY2_MINITWICE_3681	101	Picture	95_T_FFTRIAD_FF_raton_red.png	5473839	43199	2	1900	4	43200	1800
S015_DAY2_MINITWICE_3681	102	Picture	FF	5476140	0	1	43099	2	0	43200
S015_DAY2_MINITWICE_3681	102	Response	52	5484478	8338	1
S015_DAY2_MINITWICE_3681	102	Pulse	99	5497881	21741	NA
S015_DAY2_MINITWICE_3681	102	Port Input	1	5497881	21741	NA
S015_DAY2_MINITWICE_3681	102	Picture	96_T_FFTRIAD_FF_pilas_red.png	5519239	43099	1	1900	2	43200	1800
S015_DAY2_MINITWICE_3681	103	Picture	FF	5521539	0	1	43200	2	0	43200
S015_DAY2_MINITWICE_3681	103	Response	51	5532217	10678	1
S015_DAY2_MINITWICE_3681	103	Pulse	99	5533882	12343	NA
S015_DAY2_MINITWICE_3681	103	Port Input	1	5533882	12343	NA
S015_DAY2_MINITWICE_3681	103	Picture	97_T_FFTRIAD_FF_tijera_red.png	5564739	43200	1	1899	3	43200	1800
S015_DAY2_MINITWICE_3681	104	Picture	FF	5567039	0	1	43099	2	0	43200
S015_DAY2_MINITWICE_3681	104	Pulse	99	5569883	2844	NA
S015_DAY2_MINITWICE_3681	104	Port Input	1	5569883	2844	NA
S015_DAY2_MINITWICE_3681	104	Response	52	5577637	10598	1
S015_DAY2_MINITWICE_3681	104	Pulse	99	5605884	38845	NA
S015_DAY2_MINITWICE_3681	104	Port Input	1	5605884	38845	NA
S015_DAY2_MINITWICE_3681	104	Picture	98_T_FFTRIAD_FF_madera_red.png	5610138	43099	1	1900	2	43200	1800
S015_DAY2_MINITWICE_3681	105	Picture	FF	5612438	0	1	43200	2	0	43200
S015_DAY2_MINITWICE_3681	105	Response	52	5620686	8248	1
S015_DAY2_MINITWICE_3681	105	Pulse	99	5641884	29446	NA
S015_DAY2_MINITWICE_3681	105	Port Input	1	5641884	29446	NA
S015_DAY2_MINITWICE_3681	105	Picture	99_T_FFTRIAD_FF_monja_red.png	5655638	43200	1	1900	2	43200	1800
S015_DAY2_MINITWICE_3681	106	Picture	FF	5657838	0	1	43199	2	0	43200
S015_DAY2_MINITWICE_3681	106	Response	51	5666967	9129	1
S015_DAY2_MINITWICE_3681	106	Pulse	99	5677885	20047	NA
S015_DAY2_MINITWICE_3681	106	Port Input	1	5677885	20047	NA
S015_DAY2_MINITWICE_3681	106	Picture	100_T_FFTRIAD_FF_oruga_red.png	5701037	43199	1	1900	2	43200	1800
S015_DAY2_MINITWICE_3681	107	Picture	rest	5703037	0	1	144098	3	0	144000
S015_DAY2_MINITWICE_3681	107	Pulse	99	5713886	10849	NA
S015_DAY2_MINITWICE_3681	107	Port Input	1	5713886	10849	NA
S015_DAY2_MINITWICE_3681	107	Pulse	99	5749887	46850	NA
S015_DAY2_MINITWICE_3681	107	Port Input	1	5749887	46850	NA
S015_DAY2_MINITWICE_3681	107	Pulse	99	5785888	82851	NA
S015_DAY2_MINITWICE_3681	107	Port Input	1	5785888	82851	NA
S015_DAY2_MINITWICE_3681	107	Pulse	99	5821888	118851	NA
S015_DAY2_MINITWICE_3681	107	Port Input	1	5821888	118851	NA
S015_DAY2_MINITWICE_3681	108	Picture	endrest	5847235	0	2	10100	3	0	10000
S015_DAY2_MINITWICE_3681	109	Picture	FF	5857535	0	1	43200	2	0	43200
S015_DAY2_MINITWICE_3681	109	Pulse	99	5857889	354	NA
S015_DAY2_MINITWICE_3681	109	Port Input	1	5857889	354	NA
S015_DAY2_MINITWICE_3681	109	Response	51	5868140	10605	1
S015_DAY2_MINITWICE_3681	109	Pulse	99	5893890	36355	NA
S015_DAY2_MINITWICE_3681	109	Port Input	1	5893890	36355	NA
S015_DAY2_MINITWICE_3681	109	Picture	103_T_FFTRIAD_FF_paracaidas_red.png	5900735	43200	1	1900	2	43200	1800
S015_DAY2_MINITWICE_3681	110	Picture	FF	5903035	0	1	43099	2	0	43200
S015_DAY2_MINITWICE_3681	110	Response	51	5911926	8891	1
S015_DAY2_MINITWICE_3681	110	Pulse	99	5929891	26856	NA
S015_DAY2_MINITWICE_3681	110	Port Input	1	5929891	26856	NA
S015_DAY2_MINITWICE_3681	110	Picture	104_T_FFTRIAD_FF_agua_red.png	5946134	43099	1	1876	42	43200	1800
S015_DAY2_MINITWICE_3681	111	Picture	FF	5948234	0	1	43200	2	0	43200
S015_DAY2_MINITWICE_3681	111	Response	52	5957528	9294	1
S015_DAY2_MINITWICE_3681	111	Pulse	99	5965892	17658	NA
S015_DAY2_MINITWICE_3681	111	Port Input	1	5965892	17658	NA
S015_DAY2_MINITWICE_3681	111	Picture	105_T_FFTRIAD_FF_paraguas_red.png	5991434	43200	1	1900	2	43200	1800
S015_DAY2_MINITWICE_3681	112	Picture	FF	5993534	0	1	43199	2	0	43200
S015_DAY2_MINITWICE_3681	112	Pulse	99	6001892	8358	NA
S015_DAY2_MINITWICE_3681	112	Port Input	1	6001892	8358	NA
S015_DAY2_MINITWICE_3681	112	Response	51	6002651	9117	1
S015_DAY2_MINITWICE_3681	112	Picture	106_T_FFTRIAD_FF_pluma_red.png	6036733	43199	1	1900	2	43200	1800
S015_DAY2_MINITWICE_3681	112	Pulse	99	6037893	44359	NA
S015_DAY2_MINITWICE_3681	112	Port Input	1	6037893	44359	NA
S015_DAY2_MINITWICE_3681	113	Picture	PW	6039033	0	1	43100	2	0	43200
S015_DAY2_MINITWICE_3681	113	Response	51	6058291	19258	1
S015_DAY2_MINITWICE_3681	113	Pulse	99	6073894	34861	NA
S015_DAY2_MINITWICE_3681	113	Port Input	1	6073894	34861	NA
S015_DAY2_MINITWICE_3681	113	Picture	107_T_PWTRIAD_PW_television_red.png	6082133	43100	1	1900	2	43200	1800
S015_DAY2_MINITWICE_3681	114	Picture	PW	6084433	0	1	43099	2	0	43200
S015_DAY2_MINITWICE_3681	114	Response	52	6103610	19177	2
S015_DAY2_MINITWICE_3681	114	Pulse	99	6109895	25462	NA
S015_DAY2_MINITWICE_3681	114	Port Input	1	6109895	25462	NA
S015_DAY2_MINITWICE_3681	114	Picture	108_T_PWTRIAD_PW_estetoscopio_red.png	6127532	43099	1	1900	2	43200	1800
S015_DAY2_MINITWICE_3681	115	Picture	PW	6129732	0	1	43200	2	0	43200
S015_DAY2_MINITWICE_3681	115	Pulse	99	6145896	16164	NA
S015_DAY2_MINITWICE_3681	115	Port Input	1	6145896	16164	NA
S015_DAY2_MINITWICE_3681	115	Response	51	6147253	17521	1
S015_DAY2_MINITWICE_3681	115	Picture	109_T_PWTRIAD_PW_almohada_red.png	6172932	43200	1	1900	2	43200	1800
S015_DAY2_MINITWICE_3681	116	Picture	PW	6175232	0	1	43099	2	0	43200
S015_DAY2_MINITWICE_3681	116	Pulse	99	6181896	6664	NA
S015_DAY2_MINITWICE_3681	116	Port Input	1	6181896	6664	NA
S015_DAY2_MINITWICE_3681	116	Response	52	6192529	17297	1
S015_DAY2_MINITWICE_3681	116	Pulse	99	6217897	42665	NA
S015_DAY2_MINITWICE_3681	116	Port Input	1	6217897	42665	NA
S015_DAY2_MINITWICE_3681	116	Picture	110_T_PWTRIAD_PW_candado_red.png	6218331	43099	1	1900	2	43200	1800
S015_DAY2_MINITWICE_3681	117	Picture	rest	6220331	0	1	144099	2	0	144000
S015_DAY2_MINITWICE_3681	117	Pulse	99	6253898	33567	NA
S015_DAY2_MINITWICE_3681	117	Port Input	1	6253898	33567	NA
S015_DAY2_MINITWICE_3681	117	Pulse	99	6289899	69568	NA
S015_DAY2_MINITWICE_3681	117	Port Input	1	6289899	69568	NA
S015_DAY2_MINITWICE_3681	117	Pulse	99	6325900	105569	NA
S015_DAY2_MINITWICE_3681	117	Port Input	1	6325900	105569	NA
S015_DAY2_MINITWICE_3681	117	Pulse	99	6361900	141569	NA
S015_DAY2_MINITWICE_3681	117	Port Input	1	6361900	141569	NA
S015_DAY2_MINITWICE_3681	118	Picture	endrest	6364530	0	1	10100	2	0	10000
S015_DAY2_MINITWICE_3681	119	Picture	PW	6374830	0	1	43199	2	0	43200
S015_DAY2_MINITWICE_3681	119	Response	51	6389766	14936	2
S015_DAY2_MINITWICE_3681	119	Pulse	99	6397901	23071	NA
S015_DAY2_MINITWICE_3681	119	Port Input	1	6397901	23071	NA
S015_DAY2_MINITWICE_3681	119	Picture	113_T_PWTRIAD_PW_raton_red.png	6418029	43199	1	1900	2	43200	1800
S015_DAY2_MINITWICE_3681	120	Picture	PW	6420129	0	1	43200	2	0	43200
S015_DAY2_MINITWICE_3681	120	Pulse	99	6433902	13773	NA
S015_DAY2_MINITWICE_3681	120	Port Input	1	6433902	13773	NA
S015_DAY2_MINITWICE_3681	120	Response	51	6442352	22223	2
S015_DAY2_MINITWICE_3681	120	Picture	114_T_PWTRIAD_PW_pizarra_red.png	6463329	43200	1	1900	2	43200	1800
S015_DAY2_MINITWICE_3681	121	Picture	PW	6465629	0	1	43099	2	0	43200
S015_DAY2_MINITWICE_3681	121	Pulse	99	6469903	4274	NA
S015_DAY2_MINITWICE_3681	121	Port Input	1	6469903	4274	NA
S015_DAY2_MINITWICE_3681	121	Response	52	6480065	14436	1
S015_DAY2_MINITWICE_3681	121	Pulse	99	6505904	40275	NA
S015_DAY2_MINITWICE_3681	121	Port Input	1	6505904	40275	NA
S015_DAY2_MINITWICE_3681	121	Picture	115_T_PWTRIAD_PW_futbol_red.png	6508728	43099	1	1900	2	43200	1800
S015_DAY2_MINITWICE_3681	122	Picture	PW	6510828	0	1	43199	3	0	43200
S015_DAY2_MINITWICE_3681	122	Response	51	6525805	14977	1
S015_DAY2_MINITWICE_3681	122	Pulse	99	6541904	31076	NA
S015_DAY2_MINITWICE_3681	122	Port Input	1	6541904	31076	NA
S015_DAY2_MINITWICE_3681	122	Picture	116_T_PWTRIAD_PW_chupete_red.png	6554027	43199	2	1900	4	43200	1800
S015_DAY2_MINITWICE_3681	123	Picture	FF	6556227	0	2	43200	3	0	43200
S015_DAY2_MINITWICE_3681	123	Response	51	6568320	12093	1
S015_DAY2_MINITWICE_3681	123	Pulse	99	6577905	21678	NA
S015_DAY2_MINITWICE_3681	123	Port Input	1	6577905	21678	NA
S015_DAY2_MINITWICE_3681	123	Picture	117_T_FFTRIAD_FF_lenador_red.png	6599427	43200	1	1900	2	43200	1800
S015_DAY2_MINITWICE_3681	124	Picture	FF	6601627	0	1	43200	2	0	43200
S015_DAY2_MINITWICE_3681	124	Response	51	6613140	11513	1
S015_DAY2_MINITWICE_3681	124	Pulse	99	6613906	12279	NA
S015_DAY2_MINITWICE_3681	124	Port Input	1	6613906	12279	NA
S015_DAY2_MINITWICE_3681	124	Picture	118_T_FFTRIAD_FF_novia_red.png	6644827	43200	1	1900	2	43200	1800
S015_DAY2_MINITWICE_3681	125	Picture	FF	6646927	0	1	43199	2	0	43200
S015_DAY2_MINITWICE_3681	125	Pulse	99	6649907	2980	NA
S015_DAY2_MINITWICE_3681	125	Port Input	1	6649907	2980	NA
S015_DAY2_MINITWICE_3681	125	Response	52	6659221	12294	2
S015_DAY2_MINITWICE_3681	125	Pulse	99	6685908	38981	NA
S015_DAY2_MINITWICE_3681	125	Port Input	1	6685908	38981	NA
S015_DAY2_MINITWICE_3681	125	Picture	119_T_FFTRIAD_FF_molino_red.png	6690126	43199	1	1900	2	43200	1800
S015_DAY2_MINITWICE_3681	126	Picture	FF	6692426	0	1	43100	2	0	43200
S015_DAY2_MINITWICE_3681	126	Response	51	6702461	10035	1
S015_DAY2_MINITWICE_3681	126	Pulse	99	6721908	29482	NA
S015_DAY2_MINITWICE_3681	126	Port Input	1	6721908	29482	NA
S015_DAY2_MINITWICE_3681	126	Picture	120_T_FFTRIAD_FF_arco_red.png	6735526	43100	1	1900	2	43200	1800
S015_DAY2_MINITWICE_3681	127	Picture	rest	6737526	0	1	144098	2	0	144000
S015_DAY2_MINITWICE_3681	127	Pulse	99	6757909	20383	NA
S015_DAY2_MINITWICE_3681	127	Port Input	1	6757909	20383	NA
S015_DAY2_MINITWICE_3681	127	Pulse	99	6793910	56384	NA
S015_DAY2_MINITWICE_3681	127	Port Input	1	6793910	56384	NA
S015_DAY2_MINITWICE_3681	127	Pulse	99	6829911	92385	NA
S015_DAY2_MINITWICE_3681	127	Port Input	1	6829911	92385	NA
S015_DAY2_MINITWICE_3681	127	Pulse	99	6865912	128386	NA
S015_DAY2_MINITWICE_3681	127	Port Input	1	6865912	128386	NA
S015_DAY2_MINITWICE_3681	128	Picture	endrest	6881724	0	1	10100	2	0	10000
S015_DAY2_MINITWICE_3681	129	Picture	PW	6892224	0	1	43099	3	0	43200
S015_DAY2_MINITWICE_3681	129	Pulse	99	6901912	9688	NA
S015_DAY2_MINITWICE_3681	129	Port Input	1	6901912	9688	NA
S015_DAY2_MINITWICE_3681	129	Response	51	6911943	19719	2
S015_DAY2_MINITWICE_3681	129	Picture	123_T_PWTRIAD_PW_molino_red.png	6935323	43099	2	1900	4	43200	1800
S015_DAY2_MINITWICE_3681	130	Picture	PW	6937423	0	2	43200	3	0	43200
S015_DAY2_MINITWICE_3681	130	Pulse	99	6937913	490	NA
S015_DAY2_MINITWICE_3681	130	Port Input	1	6937913	490	NA
S015_DAY2_MINITWICE_3681	130	Response	52	6956997	19574	1
S015_DAY2_MINITWICE_3681	130	Pulse	99	6973914	36491	NA
S015_DAY2_MINITWICE_3681	130	Port Input	1	6973914	36491	NA
S015_DAY2_MINITWICE_3681	130	Picture	124_T_PWTRIAD_PW_carruaje_red.png	6980623	43200	1	1900	2	43200	1800
S015_DAY2_MINITWICE_3681	131	Picture	PW	6982723	0	1	43199	3	0	43200
S015_DAY2_MINITWICE_3681	131	Response	51	6996979	14256	1
S015_DAY2_MINITWICE_3681	131	Pulse	99	7009915	27192	NA
S015_DAY2_MINITWICE_3681	131	Port Input	1	7009915	27192	NA
S015_DAY2_MINITWICE_3681	131	Picture	125_T_PWTRIAD_PW_telefono_red.png	7025922	43199	2	1900	4	43200	1800
S015_DAY2_MINITWICE_3681	132	Picture	PW	7028222	0	2	43100	3	0	43200
S015_DAY2_MINITWICE_3681	132	Pulse	99	7045916	17694	NA
S015_DAY2_MINITWICE_3681	132	Port Input	1	7045916	17694	NA
S015_DAY2_MINITWICE_3681	132	Response	51	7047979	19757	2
S015_DAY2_MINITWICE_3681	132	Picture	126_T_PWTRIAD_PW_iglu_red.png	7071322	43100	1	1900	2	43200	1800
S015_DAY2_MINITWICE_3681	133	Picture	FF	7073522	0	1	43099	3	0	43200
S015_DAY2_MINITWICE_3681	133	Pulse	99	7081916	8394	NA
S015_DAY2_MINITWICE_3681	133	Port Input	1	7081916	8394	NA
S015_DAY2_MINITWICE_3681	133	Response	52	7087829	14307	5
S015_DAY2_MINITWICE_3681	133	Picture	127_T_FFTRIAD_FF_policia_red.png	7116621	43099	2	1900	4	43200	1800
S015_DAY2_MINITWICE_3681	133	Pulse	99	7117917	44395	NA
S015_DAY2_MINITWICE_3681	133	Port Input	1	7117917	44395	NA
S015_DAY2_MINITWICE_3681	134	Picture	FF	7118721	0	2	43200	3	0	43200
S015_DAY2_MINITWICE_3681	134	Response	52	7127945	9224	1
S015_DAY2_MINITWICE_3681	134	Pulse	99	7153918	35197	NA
S015_DAY2_MINITWICE_3681	134	Port Input	1	7153918	35197	NA
S015_DAY2_MINITWICE_3681	134	Picture	128_T_FFTRIAD_FF_bala_red.png	7161921	43200	1	1900	2	43200	1800
S015_DAY2_MINITWICE_3681	135	Picture	FF	7164221	0	1	43180	41	0	43200
S015_DAY2_MINITWICE_3681	135	Response	51	7174217	9996	2
S015_DAY2_MINITWICE_3681	135	Pulse	99	7189919	25698	NA
S015_DAY2_MINITWICE_3681	135	Port Input	1	7189919	25698	NA
S015_DAY2_MINITWICE_3681	135	Picture	129_T_FFTRIAD_FF_candado_red.png	7207401	43180	40	1819	42	43200	1800
S015_DAY2_MINITWICE_3681	136	Picture	FF	7209720	0	1	43100	2	0	43200
S015_DAY2_MINITWICE_3681	136	Response	52	7223567	13847	2
S015_DAY2_MINITWICE_3681	136	Pulse	99	7225920	16200	NA
S015_DAY2_MINITWICE_3681	136	Port Input	1	7225920	16200	NA
S015_DAY2_MINITWICE_3681	136	Picture	130_T_FFTRIAD_FF_manos_red.png	7252820	43100	1	1900	2	43200	1800
S015_DAY2_MINITWICE_3681	137	Picture	rest	7254820	0	1	144098	2	0	144000
S015_DAY2_MINITWICE_3681	137	Pulse	99	7261920	7100	NA
S015_DAY2_MINITWICE_3681	137	Port Input	1	7261920	7100	NA
S015_DAY2_MINITWICE_3681	137	Pulse	99	7297921	43101	NA
S015_DAY2_MINITWICE_3681	137	Port Input	1	7297921	43101	NA
S015_DAY2_MINITWICE_3681	137	Pulse	99	7333922	79102	NA
S015_DAY2_MINITWICE_3681	137	Port Input	1	7333922	79102	NA
S015_DAY2_MINITWICE_3681	137	Pulse	99	7369923	115103	NA
S015_DAY2_MINITWICE_3681	137	Port Input	1	7369923	115103	NA
S015_DAY2_MINITWICE_3681	138	Picture	endrest	7399018	0	1	10100	2	0	10000
S015_DAY2_MINITWICE_3681	138	Pulse	99	7405924	6906	NA
S015_DAY2_MINITWICE_3681	138	Port Input	1	7405924	6906	NA
S015_DAY2_MINITWICE_3681	139	Picture	RW	7409418	0	1	43200	2	0	43200
S015_DAY2_MINITWICE_3681	139	Response	51	7429107	19689	1
S015_DAY2_MINITWICE_3681	139	Pulse	99	7441925	32507	NA
S015_DAY2_MINITWICE_3681	139	Port Input	1	7441925	32507	NA
S015_DAY2_MINITWICE_3681	139	Picture	133_T_RWTRIAD_RW_teclado_red.png	7452618	43200	1	1900	2	43200	1800
S015_DAY2_MINITWICE_3681	140	Picture	RW	7454718	0	1	43199	2	0	43200
S015_DAY2_MINITWICE_3681	140	Response	52	7468484	13766	1
S015_DAY2_MINITWICE_3681	140	Pulse	99	7477925	23207	NA
S015_DAY2_MINITWICE_3681	140	Port Input	1	7477925	23207	NA
S015_DAY2_MINITWICE_3681	140	Picture	134_T_RWTRIAD_RW_agua_red.png	7497917	43199	1	1900	2	43200	1800
S015_DAY2_MINITWICE_3681	141	Picture	RW	7500017	0	1	43200	2	0	43200
S015_DAY2_MINITWICE_3681	141	Pulse	99	7513926	13909	NA
S015_DAY2_MINITWICE_3681	141	Port Input	1	7513926	13909	NA
S015_DAY2_MINITWICE_3681	141	Response	51	7521855	21838	1
S015_DAY2_MINITWICE_3681	141	Picture	135_T_RWTRIAD_RW_traje_red.png	7543217	43200	1	1900	2	43200	1800
S015_DAY2_MINITWICE_3681	142	Picture	RW	7545317	0	1	43199	2	0	43200
S015_DAY2_MINITWICE_3681	142	Pulse	99	7549927	4610	NA
S015_DAY2_MINITWICE_3681	142	Port Input	1	7549927	4610	NA
S015_DAY2_MINITWICE_3681	142	Response	52	7560161	14844	1
S015_DAY2_MINITWICE_3681	142	Pulse	99	7585928	40611	NA
S015_DAY2_MINITWICE_3681	142	Port Input	1	7585928	40611	NA
S015_DAY2_MINITWICE_3681	142	Picture	136_T_RWTRIAD_RW_sombrilla_red.png	7588516	43199	1	1900	2	43200	1800
S015_DAY2_MINITWICE_3681	143	Picture	rest	7590516	0	1	144099	2	0	144000
S015_DAY2_MINITWICE_3681	143	Pulse	99	7621929	31413	NA
S015_DAY2_MINITWICE_3681	143	Port Input	1	7621929	31413	NA
S015_DAY2_MINITWICE_3681	144	Picture	endrest	7734715	0	1	10099	3	0	10000
S015_DAY2_MINITWICE_3681	145	Picture	endrest	7744914	0	2	10100	3	0	10000
S015_DAY2_MINITWICE_3681	146	Picture	endrest	7755114	0	1	10100	2	0	10000
S015_DAY2_MINITWICE_3681	147	Picture	endrest	7765314	0	1	10100	2	0	10000
