Scenario - vOT_Triads_fMRI_I
Logfile written - 08/31/2015 13:06:23

Subject	Trial	Event Type	Code	Time	TTime	Uncertainty	Duration	Uncertainty	ReqTime	ReqDur

S015_MINIONCE_1897	1	Response	98	256395	266295	1
S015_MINIONCE_1897	2	Response	52	394156	137659	1
S015_MINIONCE_1897	2	Response	98	402141	145644	1
S015_MINIONCE_1897	3	Response	51	511543	109247	1
S015_MINIONCE_1897	3	Response	98	520969	118673	2
S015_MINIONCE_1897	4	Response	52	615907	94812	1
S015_MINIONCE_1897	4	Response	98	625854	104759	1
S015_MINIONCE_1897	6	Pulse	99	868399	242404	NA
S015_MINIONCE_1897	6	Port Input	1	868399	242404	NA
S015_MINIONCE_1897	6	Pulse	99	904400	278405	NA
S015_MINIONCE_1897	6	Port Input	1	904400	278405	NA
S015_MINIONCE_1897	6	Pulse	99	940401	314406	NA
S015_MINIONCE_1897	6	Port Input	1	940401	314406	NA
S015_MINIONCE_1897	6	Pulse	99	976402	350407	NA
S015_MINIONCE_1897	6	Port Input	1	976402	350407	NA
S015_MINIONCE_1897	6	Pulse	99	1012403	386408	NA
S015_MINIONCE_1897	6	Port Input	1	1012403	386408	NA
S015_MINIONCE_1897	7	Picture	rest	1012692	0	1	144099	2	0	144000
S015_MINIONCE_1897	7	Pulse	99	1048404	35712	NA
S015_MINIONCE_1897	7	Port Input	1	1048404	35712	NA
S015_MINIONCE_1897	7	Pulse	99	1084405	71713	NA
S015_MINIONCE_1897	7	Port Input	1	1084405	71713	NA
S015_MINIONCE_1897	7	Pulse	99	1120406	107714	NA
S015_MINIONCE_1897	7	Port Input	1	1120406	107714	NA
S015_MINIONCE_1897	7	Pulse	99	1156407	143715	NA
S015_MINIONCE_1897	7	Port Input	1	1156407	143715	NA
S015_MINIONCE_1897	8	Picture	endrest	1156891	0	1	10100	2	0	10000
S015_MINIONCE_1897	9	Picture	PW	1167191	0	1	43199	2	0	43200
S015_MINIONCE_1897	9	Pulse	99	1192407	25216	NA
S015_MINIONCE_1897	9	Port Input	1	1192407	25216	NA
S015_MINIONCE_1897	9	Picture	3_T_PWTRIAD_PW_tijera_red.png	1210390	43199	1	1900	2	43200	1800
S015_MINIONCE_1897	10	Picture	PW	1212490	0	1	43200	2	0	43200
S015_MINIONCE_1897	10	Pulse	99	1228409	15919	NA
S015_MINIONCE_1897	10	Port Input	1	1228409	15919	NA
S015_MINIONCE_1897	10	Response	51	1235100	22610	2
S015_MINIONCE_1897	10	Picture	4_T_PWTRIAD_PW_dedal_red.png	1255690	43200	1	1900	2	43200	1800
S015_MINIONCE_1897	11	Picture	PW	1257890	0	1	43200	2	0	43200
S015_MINIONCE_1897	11	Pulse	99	1264409	6519	NA
S015_MINIONCE_1897	11	Port Input	1	1264409	6519	NA
S015_MINIONCE_1897	11	Pulse	99	1300410	42520	NA
S015_MINIONCE_1897	11	Port Input	1	1300410	42520	NA
S015_MINIONCE_1897	11	Response	51	1300639	42749	1
S015_MINIONCE_1897	11	Picture	5_T_PWTRIAD_PW_carruaje_red.png	1301090	43200	1	1900	2	43200	1800
S015_MINIONCE_1897	12	Picture	PW	1303190	0	1	43199	2	0	43200
S015_MINIONCE_1897	12	Pulse	99	1336411	33221	NA
S015_MINIONCE_1897	12	Port Input	1	1336411	33221	NA
S015_MINIONCE_1897	12	Picture	6_T_PWTRIAD_PW_grapadora_red.png	1346389	43199	1	1900	2	43200	1800
S015_MINIONCE_1897	13	Picture	FF	1348689	0	1	43100	2	0	43200
S015_MINIONCE_1897	13	Response	52	1360752	12063	1
S015_MINIONCE_1897	13	Pulse	99	1372412	23723	NA
S015_MINIONCE_1897	13	Port Input	1	1372412	23723	NA
S015_MINIONCE_1897	13	Picture	7_T_FFTRIAD_FF_cerillas_red.png	1391789	43100	1	1900	2	43200	1800
S015_MINIONCE_1897	14	Picture	FF	1393889	0	1	43200	2	0	43200
S015_MINIONCE_1897	14	Pulse	99	1408413	14524	NA
S015_MINIONCE_1897	14	Port Input	1	1408413	14524	NA
S015_MINIONCE_1897	14	Response	51	1415657	21768	1
S015_MINIONCE_1897	14	Picture	8_T_FFTRIAD_FF_tenedor_red.png	1437089	43200	1	1900	2	43200	1800
S015_MINIONCE_1897	15	Picture	FF	1439188	0	2	43200	3	0	43200
S015_MINIONCE_1897	15	Pulse	99	1444414	5226	NA
S015_MINIONCE_1897	15	Port Input	1	1444414	5226	NA
S015_MINIONCE_1897	15	Response	52	1476737	37549	2
S015_MINIONCE_1897	15	Pulse	99	1480415	41227	NA
S015_MINIONCE_1897	15	Port Input	1	1480415	41227	NA
S015_MINIONCE_1897	15	Picture	9_T_FFTRIAD_FF_perro_red.png	1482388	43200	1	1900	2	43200	1800
S015_MINIONCE_1897	16	Picture	FF	1484688	0	1	43100	2	0	43200
S015_MINIONCE_1897	16	Response	51	1512833	28145	1
S015_MINIONCE_1897	16	Pulse	99	1516416	31728	NA
S015_MINIONCE_1897	16	Port Input	1	1516416	31728	NA
S015_MINIONCE_1897	16	Picture	10_T_FFTRIAD_FF_violin_red.png	1527788	43100	1	1900	2	43200	1800
S015_MINIONCE_1897	17	Picture	rest	1529788	0	1	144099	2	0	144000
S015_MINIONCE_1897	17	Pulse	99	1552417	22629	NA
S015_MINIONCE_1897	17	Port Input	1	1552417	22629	NA
S015_MINIONCE_1897	17	Pulse	99	1588418	58630	NA
S015_MINIONCE_1897	17	Port Input	1	1588418	58630	NA
S015_MINIONCE_1897	17	Pulse	99	1624419	94631	NA
S015_MINIONCE_1897	17	Port Input	1	1624419	94631	NA
S015_MINIONCE_1897	17	Pulse	99	1660420	130632	NA
S015_MINIONCE_1897	17	Port Input	1	1660420	130632	NA
S015_MINIONCE_1897	18	Picture	endrest	1673987	0	1	10100	2	0	10000
S015_MINIONCE_1897	19	Picture	FF	1684287	0	1	43200	2	0	43200
S015_MINIONCE_1897	19	Pulse	99	1696421	12134	NA
S015_MINIONCE_1897	19	Port Input	1	1696421	12134	NA
S015_MINIONCE_1897	19	Response	51	1698946	14659	1
S015_MINIONCE_1897	19	Picture	13_T_FFTRIAD_FF_dedal_red.png	1727487	43200	1	1899	3	43200	1800
S015_MINIONCE_1897	20	Picture	FF	1729586	0	2	43200	3	0	43200
S015_MINIONCE_1897	20	Pulse	99	1732422	2836	NA
S015_MINIONCE_1897	20	Port Input	1	1732422	2836	NA
S015_MINIONCE_1897	20	Response	51	1747855	18269	1
S015_MINIONCE_1897	20	Pulse	99	1768423	38837	NA
S015_MINIONCE_1897	20	Port Input	1	1768423	38837	NA
S015_MINIONCE_1897	20	Picture	14_T_FFTRIAD_FF_granjero_red.png	1772786	43200	1	1900	2	43200	1800
S015_MINIONCE_1897	21	Picture	FF	1775086	0	1	43100	2	0	43200
S015_MINIONCE_1897	21	Response	52	1794188	19102	1
S015_MINIONCE_1897	21	Pulse	99	1804423	29337	NA
S015_MINIONCE_1897	21	Port Input	1	1804423	29337	NA
S015_MINIONCE_1897	21	Picture	15_T_FFTRIAD_FF_oruga_red.png	1818186	43100	1	1900	2	43200	1800
S015_MINIONCE_1897	22	Picture	FF	1820386	0	1	43100	2	0	43200
S015_MINIONCE_1897	22	Response	52	1833825	13439	1
S015_MINIONCE_1897	22	Pulse	99	1840424	20038	NA
S015_MINIONCE_1897	22	Port Input	1	1840424	20038	NA
S015_MINIONCE_1897	22	Picture	16_T_FFTRIAD_FF_gafas_red.png	1863486	43100	1	1899	3	43200	1800
S015_MINIONCE_1897	23	Picture	PW	1865585	0	2	43200	3	0	43200
S015_MINIONCE_1897	23	Pulse	99	1876425	10840	NA
S015_MINIONCE_1897	23	Port Input	1	1876425	10840	NA
S015_MINIONCE_1897	23	Response	52	1892136	26551	1
S015_MINIONCE_1897	23	Picture	17_T_PWTRIAD_PW_banera_red.png	1908785	43200	1	1900	2	43200	1800
S015_MINIONCE_1897	24	Picture	PW	1910885	0	1	43200	2	0	43200
S015_MINIONCE_1897	24	Pulse	99	1912426	1541	NA
S015_MINIONCE_1897	24	Port Input	1	1912426	1541	NA
S015_MINIONCE_1897	24	Pulse	99	1948427	37542	NA
S015_MINIONCE_1897	24	Port Input	1	1948427	37542	NA
S015_MINIONCE_1897	24	Response	52	1951672	40787	1
S015_MINIONCE_1897	24	Picture	18_T_PWTRIAD_PW_charco_red.png	1954085	43200	1	1900	2	43200	1800
S015_MINIONCE_1897	25	Picture	PW	1956185	0	1	43200	2	0	43200
S015_MINIONCE_1897	25	Pulse	99	1984428	28243	NA
S015_MINIONCE_1897	25	Port Input	1	1984428	28243	NA
S015_MINIONCE_1897	25	Response	51	1998765	42580	1
S015_MINIONCE_1897	25	Picture	19_T_PWTRIAD_PW_pizarra_red.png	1999385	43200	1	1900	2	43200	1800
S015_MINIONCE_1897	26	Picture	PW	2001685	0	1	43099	2	0	43200
S015_MINIONCE_1897	26	Pulse	99	2020429	18744	NA
S015_MINIONCE_1897	26	Port Input	1	2020429	18744	NA
S015_MINIONCE_1897	26	Picture	20_T_PWTRIAD_PW_murcielago_red.png	2044784	43099	1	1900	2	43200	1800
S015_MINIONCE_1897	27	Picture	rest	2046784	0	1	144099	2	0	144000
S015_MINIONCE_1897	27	Response	52	2054807	8023	1
S015_MINIONCE_1897	27	Pulse	99	2056430	9646	NA
S015_MINIONCE_1897	27	Port Input	1	2056430	9646	NA
S015_MINIONCE_1897	27	Pulse	99	2092431	45647	NA
S015_MINIONCE_1897	27	Port Input	1	2092431	45647	NA
S015_MINIONCE_1897	27	Pulse	99	2128432	81648	NA
S015_MINIONCE_1897	27	Port Input	1	2128432	81648	NA
S015_MINIONCE_1897	27	Pulse	99	2164433	117649	NA
S015_MINIONCE_1897	27	Port Input	1	2164433	117649	NA
S015_MINIONCE_1897	28	Picture	endrest	2190983	0	1	10100	2	0	10000
S015_MINIONCE_1897	28	Pulse	99	2200434	9451	NA
S015_MINIONCE_1897	28	Port Input	1	2200434	9451	NA
S015_MINIONCE_1897	29	Picture	RW	2201283	0	1	43200	2	0	43200
S015_MINIONCE_1897	29	Response	51	2224200	22917	1
S015_MINIONCE_1897	29	Pulse	99	2236435	35152	NA
S015_MINIONCE_1897	29	Port Input	1	2236435	35152	NA
S015_MINIONCE_1897	29	Picture	23_T_RWTRIAD_RW_madera_red.png	2244483	43200	1	1900	2	43200	1800
S015_MINIONCE_1897	30	Picture	RW	2246583	0	1	43199	2	0	43200
S015_MINIONCE_1897	30	Response	51	2260579	13996	1
S015_MINIONCE_1897	30	Pulse	99	2272436	25853	NA
S015_MINIONCE_1897	30	Port Input	1	2272436	25853	NA
S015_MINIONCE_1897	30	Picture	24_T_RWTRIAD_RW_grifo_red.png	2289782	43199	1	1900	3	43200	1800
S015_MINIONCE_1897	31	Picture	RW	2292082	0	1	43100	2	0	43200
S015_MINIONCE_1897	31	Pulse	99	2308437	16355	NA
S015_MINIONCE_1897	31	Port Input	1	2308437	16355	NA
S015_MINIONCE_1897	31	Response	52	2308960	16878	1
S015_MINIONCE_1897	31	Picture	25_T_RWTRIAD_RW_sobre_red.png	2335182	43100	1	1900	2	43200	1800
S015_MINIONCE_1897	32	Picture	RW	2337282	0	1	43200	2	0	43200
S015_MINIONCE_1897	32	Pulse	99	2344438	7156	NA
S015_MINIONCE_1897	32	Port Input	1	2344438	7156	NA
S015_MINIONCE_1897	32	Response	51	2359148	21866	2
S015_MINIONCE_1897	32	Pulse	99	2380438	43156	NA
S015_MINIONCE_1897	32	Port Input	1	2380438	43156	NA
S015_MINIONCE_1897	32	Picture	26_T_RWTRIAD_RW_charco_red.png	2380482	43200	1	1900	2	43200	1800
S015_MINIONCE_1897	33	Picture	RW	2382682	0	1	43199	3	0	43200
S015_MINIONCE_1897	33	Response	52	2406668	23986	1
S015_MINIONCE_1897	33	Pulse	99	2416439	33757	NA
S015_MINIONCE_1897	33	Port Input	1	2416439	33757	NA
S015_MINIONCE_1897	33	Picture	27_T_RWTRIAD_RW_llave_red.png	2425881	43199	2	1900	3	43200	1800
S015_MINIONCE_1897	34	Picture	RW	2427981	0	1	43200	2	0	43200
S015_MINIONCE_1897	34	Pulse	99	2452440	24459	NA
S015_MINIONCE_1897	34	Port Input	1	2452440	24459	NA
S015_MINIONCE_1897	34	Response	51	2453621	25640	1
S015_MINIONCE_1897	34	Picture	28_T_RWTRIAD_RW_granjero_red.png	2471181	43200	1	1900	2	43200	1800
S015_MINIONCE_1897	35	Picture	RW	2473281	0	1	43200	2	0	43200
S015_MINIONCE_1897	35	Pulse	99	2488441	15160	NA
S015_MINIONCE_1897	35	Port Input	1	2488441	15160	NA
S015_MINIONCE_1897	35	Response	51	2494183	20902	1
S015_MINIONCE_1897	35	Picture	29_T_RWTRIAD_RW_cortina_red.png	2516481	43200	1	1900	2	43200	1800
S015_MINIONCE_1897	36	Picture	RW	2518781	0	1	43099	3	0	43200
S015_MINIONCE_1897	36	Pulse	99	2524442	5661	NA
S015_MINIONCE_1897	36	Port Input	1	2524442	5661	NA
S015_MINIONCE_1897	36	Response	52	2538730	19949	1
S015_MINIONCE_1897	36	Pulse	99	2560443	41662	NA
S015_MINIONCE_1897	36	Port Input	1	2560443	41662	NA
S015_MINIONCE_1897	36	Picture	30_T_RWTRIAD_RW_martillo_red.png	2561880	43099	2	1900	4	43200	1800
S015_MINIONCE_1897	37	Picture	rest	2563880	0	2	144099	3	0	144000
S015_MINIONCE_1897	37	Pulse	99	2596444	32564	NA
S015_MINIONCE_1897	37	Port Input	1	2596444	32564	NA
S015_MINIONCE_1897	37	Pulse	99	2632445	68565	NA
S015_MINIONCE_1897	37	Port Input	1	2632445	68565	NA
S015_MINIONCE_1897	37	Pulse	99	2668446	104566	NA
S015_MINIONCE_1897	37	Port Input	1	2668446	104566	NA
S015_MINIONCE_1897	37	Pulse	99	2704447	140567	NA
S015_MINIONCE_1897	37	Port Input	1	2704447	140567	NA
S015_MINIONCE_1897	38	Picture	endrest	2708079	0	1	10100	2	0	10000
S015_MINIONCE_1897	39	Picture	FF	2718379	0	1	43200	2	0	43200
S015_MINIONCE_1897	39	Response	51	2733834	15455	2
S015_MINIONCE_1897	39	Pulse	99	2740448	22069	NA
S015_MINIONCE_1897	39	Port Input	1	2740448	22069	NA
S015_MINIONCE_1897	39	Picture	33_T_FFTRIAD_FF_queso_red.png	2761579	43200	1	1900	2	43200	1800
S015_MINIONCE_1897	40	Picture	FF	2763679	0	1	43200	2	0	43200
S015_MINIONCE_1897	40	Response	51	2776304	12625	1
S015_MINIONCE_1897	40	Pulse	99	2776449	12770	NA
S015_MINIONCE_1897	40	Port Input	1	2776449	12770	NA
S015_MINIONCE_1897	40	Picture	34_T_FFTRIAD_FF_estetoscopio_red.png	2806879	43200	1	1900	2	43200	1800
S015_MINIONCE_1897	41	Picture	FF	2809179	0	1	43099	2	0	43200
S015_MINIONCE_1897	41	Pulse	99	2812450	3271	NA
S015_MINIONCE_1897	41	Port Input	1	2812450	3271	NA
S015_MINIONCE_1897	41	Response	52	2833753	24574	1
S015_MINIONCE_1897	41	Pulse	99	2848451	39272	NA
S015_MINIONCE_1897	41	Port Input	1	2848451	39272	NA
S015_MINIONCE_1897	41	Picture	35_T_FFTRIAD_FF_banera_red.png	2852278	43099	1	1900	2	43200	1800
S015_MINIONCE_1897	42	Picture	FF	2854378	0	1	43200	2	0	43200
S015_MINIONCE_1897	42	Response	51	2871952	17574	1
S015_MINIONCE_1897	42	Pulse	99	2884451	30073	NA
S015_MINIONCE_1897	42	Port Input	1	2884451	30073	NA
S015_MINIONCE_1897	42	Picture	36_T_FFTRIAD_FF_portatil_red.png	2897578	43200	1	1900	2	43200	1800
S015_MINIONCE_1897	43	Picture	PW	2899778	0	1	43200	2	0	43200
S015_MINIONCE_1897	43	Pulse	99	2920453	20675	NA
S015_MINIONCE_1897	43	Port Input	1	2920453	20675	NA
S015_MINIONCE_1897	43	Response	51	2925480	25702	1
S015_MINIONCE_1897	43	Picture	37_T_PWTRIAD_PW_sapo_red.png	2942978	43200	1	1900	2	43200	1800
S015_MINIONCE_1897	44	Picture	PW	2945178	0	1	43199	2	0	43200
S015_MINIONCE_1897	44	Pulse	99	2956453	11275	NA
S015_MINIONCE_1897	44	Port Input	1	2956453	11275	NA
S015_MINIONCE_1897	44	Response	52	2973371	28193	1
S015_MINIONCE_1897	44	Picture	38_T_PWTRIAD_PW_madera_red.png	2988377	43199	1	1900	2	43200	1800
S015_MINIONCE_1897	45	Picture	PW	2990477	0	1	43200	2	0	43200
S015_MINIONCE_1897	45	Pulse	99	2992454	1977	NA
S015_MINIONCE_1897	45	Port Input	1	2992454	1977	NA
S015_MINIONCE_1897	45	Response	52	3025033	34556	2
S015_MINIONCE_1897	45	Pulse	99	3028455	37978	NA
S015_MINIONCE_1897	45	Port Input	1	3028455	37978	NA
S015_MINIONCE_1897	45	Picture	39_T_PWTRIAD_PW_dado_red.png	3033677	43200	1	1900	2	43200	1800
S015_MINIONCE_1897	46	Picture	PW	3035977	0	1	43100	2	0	43200
S015_MINIONCE_1897	46	Pulse	99	3064456	28479	NA
S015_MINIONCE_1897	46	Port Input	1	3064456	28479	NA
S015_MINIONCE_1897	46	Response	51	3069996	34019	1
S015_MINIONCE_1897	46	Picture	40_T_PWTRIAD_PW_molino_red.png	3079077	43100	1	1900	2	43200	1800
S015_MINIONCE_1897	47	Picture	rest	3081077	0	1	144098	3	0	144000
S015_MINIONCE_1897	47	Pulse	99	3100457	19380	NA
S015_MINIONCE_1897	47	Port Input	1	3100457	19380	NA
S015_MINIONCE_1897	47	Pulse	99	3136458	55381	NA
S015_MINIONCE_1897	47	Port Input	1	3136458	55381	NA
S015_MINIONCE_1897	47	Pulse	99	3172459	91382	NA
S015_MINIONCE_1897	47	Port Input	1	3172459	91382	NA
S015_MINIONCE_1897	47	Pulse	99	3208460	127383	NA
S015_MINIONCE_1897	47	Port Input	1	3208460	127383	NA
S015_MINIONCE_1897	48	Picture	endrest	3225276	0	1	10099	3	0	10000
S015_MINIONCE_1897	49	Picture	FF	3235575	0	2	43200	3	0	43200
S015_MINIONCE_1897	49	Pulse	99	3244461	8886	NA
S015_MINIONCE_1897	49	Port Input	1	3244461	8886	NA
S015_MINIONCE_1897	49	Response	52	3259686	24111	1
S015_MINIONCE_1897	49	Picture	43_T_FFTRIAD_FF_botella_red.png	3278775	43200	1	1900	2	43200	1800
S015_MINIONCE_1897	49	Pulse	99	3280462	44887	NA
S015_MINIONCE_1897	49	Port Input	1	3280462	44887	NA
S015_MINIONCE_1897	50	Picture	FF	3281075	0	1	43100	2	0	43200
S015_MINIONCE_1897	50	Response	52	3301850	20775	1
S015_MINIONCE_1897	50	Pulse	99	3316463	35388	NA
S015_MINIONCE_1897	50	Port Input	1	3316463	35388	NA
S015_MINIONCE_1897	50	Picture	44_T_FFTRIAD_FF_raton_red.png	3324175	43100	1	1899	3	43200	1800
S015_MINIONCE_1897	51	Picture	FF	3326374	0	2	43200	4	0	43200
S015_MINIONCE_1897	51	Response	52	3340812	14438	1
S015_MINIONCE_1897	51	Pulse	99	3352464	26090	NA
S015_MINIONCE_1897	51	Port Input	1	3352464	26090	NA
S015_MINIONCE_1897	51	Picture	45_T_FFTRIAD_FF_policia_red.png	3369574	43200	2	1900	4	43200	1800
S015_MINIONCE_1897	52	Picture	FF	3371674	0	2	43200	3	0	43200
S015_MINIONCE_1897	52	Response	52	3388019	16345	1
S015_MINIONCE_1897	52	Pulse	99	3388465	16791	NA
S015_MINIONCE_1897	52	Port Input	1	3388465	16791	NA
S015_MINIONCE_1897	52	Picture	46_T_FFTRIAD_FF_chupete_red.png	3414874	43200	1	1900	2	43200	1800
S015_MINIONCE_1897	53	Picture	RW	3417074	0	1	43200	2	0	43200
S015_MINIONCE_1897	53	Pulse	99	3424466	7392	NA
S015_MINIONCE_1897	53	Port Input	1	3424466	7392	NA
S015_MINIONCE_1897	53	Response	51	3436646	19572	2
S015_MINIONCE_1897	53	Picture	47_T_RWTRIAD_RW_chupete_red.png	3460274	43200	1	1900	2	43200	1800
S015_MINIONCE_1897	53	Pulse	99	3460466	43392	NA
S015_MINIONCE_1897	53	Port Input	1	3460466	43392	NA
S015_MINIONCE_1897	54	Picture	RW	3462374	0	1	43199	3	0	43200
S015_MINIONCE_1897	54	Response	51	3477084	14710	1
S015_MINIONCE_1897	54	Pulse	99	3496468	34094	NA
S015_MINIONCE_1897	54	Port Input	1	3496468	34094	NA
S015_MINIONCE_1897	54	Picture	48_T_RWTRIAD_RW_teclado_red.png	3505573	43199	2	1900	4	43200	1800
S015_MINIONCE_1897	55	Picture	RW	3507673	0	2	43200	3	0	43200
S015_MINIONCE_1897	55	Response	52	3525168	17495	1
S015_MINIONCE_1897	55	Pulse	99	3532468	24795	NA
S015_MINIONCE_1897	55	Port Input	1	3532468	24795	NA
S015_MINIONCE_1897	55	Picture	49_T_RWTRIAD_RW_monja_red.png	3550873	43200	1	1900	2	43200	1800
S015_MINIONCE_1897	56	Picture	RW	3553173	0	1	43100	2	0	43200
S015_MINIONCE_1897	56	Pulse	99	3568469	15296	NA
S015_MINIONCE_1897	56	Port Input	1	3568469	15296	NA
S015_MINIONCE_1897	56	Response	52	3578987	25814	1
S015_MINIONCE_1897	56	Picture	50_T_RWTRIAD_RW_lechuga_red.png	3596273	43100	1	1900	2	43200	1800
S015_MINIONCE_1897	57	Picture	rest	3598273	0	1	144099	2	0	144000
S015_MINIONCE_1897	57	Pulse	99	3604470	6197	NA
S015_MINIONCE_1897	57	Port Input	1	3604470	6197	NA
S015_MINIONCE_1897	57	Pulse	99	3640471	42198	NA
S015_MINIONCE_1897	57	Port Input	1	3640471	42198	NA
S015_MINIONCE_1897	57	Pulse	99	3676472	78199	NA
S015_MINIONCE_1897	57	Port Input	1	3676472	78199	NA
S015_MINIONCE_1897	57	Pulse	99	3712473	114200	NA
S015_MINIONCE_1897	57	Port Input	1	3712473	114200	NA
S015_MINIONCE_1897	58	Picture	endrest	3742472	0	1	10100	2	0	10000
S015_MINIONCE_1897	58	Pulse	99	3748474	6002	NA
S015_MINIONCE_1897	58	Port Input	1	3748474	6002	NA
S015_MINIONCE_1897	59	Picture	PW	3752772	0	1	43199	2	0	43200
S015_MINIONCE_1897	59	Response	51	3782038	29266	1
S015_MINIONCE_1897	59	Pulse	99	3784475	31703	NA
S015_MINIONCE_1897	59	Port Input	1	3784475	31703	NA
S015_MINIONCE_1897	59	Picture	53_T_PWTRIAD_PW_novia_red.png	3795971	43199	1	1900	2	43200	1800
S015_MINIONCE_1897	60	Picture	PW	3798071	0	1	43200	2	0	43200
S015_MINIONCE_1897	60	Pulse	99	3820476	22405	NA
S015_MINIONCE_1897	60	Port Input	1	3820476	22405	NA
S015_MINIONCE_1897	60	Response	52	3823718	25647	1
S015_MINIONCE_1897	60	Picture	54_T_PWTRIAD_PW_botella_red.png	3841271	43200	1	1900	2	43200	1800
S015_MINIONCE_1897	61	Picture	PW	3843371	0	1	43200	2	0	43200
S015_MINIONCE_1897	61	Pulse	99	3856477	13106	NA
S015_MINIONCE_1897	61	Port Input	1	3856477	13106	NA
S015_MINIONCE_1897	61	Response	51	3881597	38226	2
S015_MINIONCE_1897	61	Picture	55_T_PWTRIAD_PW_ancla_red.png	3886571	43200	1	1900	2	43200	1800
S015_MINIONCE_1897	62	Picture	PW	3888771	0	1	43199	2	0	43200
S015_MINIONCE_1897	62	Pulse	99	3892478	3707	NA
S015_MINIONCE_1897	62	Port Input	1	3892478	3707	NA
S015_MINIONCE_1897	62	Response	52	3914636	25865	2
S015_MINIONCE_1897	62	Pulse	99	3928479	39708	NA
S015_MINIONCE_1897	62	Port Input	1	3928479	39708	NA
S015_MINIONCE_1897	62	Picture	56_T_PWTRIAD_PW_mono_red.png	3931970	43199	1	1900	2	43200	1800
S015_MINIONCE_1897	63	Picture	RW	3934070	0	1	43200	2	0	43200
S015_MINIONCE_1897	63	Response	52	3948843	14773	1
S015_MINIONCE_1897	63	Pulse	99	3964480	30410	NA
S015_MINIONCE_1897	63	Port Input	1	3964480	30410	NA
S015_MINIONCE_1897	63	Picture	57_T_RWTRIAD_RW_arco_red.png	3977270	43200	1	1900	2	43200	1800
S015_MINIONCE_1897	64	Picture	RW	3979370	0	1	43200	2	0	43200
S015_MINIONCE_1897	64	Pulse	99	4000481	21111	NA
S015_MINIONCE_1897	64	Port Input	1	4000481	21111	NA
S015_MINIONCE_1897	64	Response	52	4002751	23381	1
S015_MINIONCE_1897	64	Picture	58_T_RWTRIAD_RW_cuento_red.png	4022570	43200	1	1900	2	43200	1800
S015_MINIONCE_1897	65	Picture	RW	4024664	0	24	43205	25	0	43200
S015_MINIONCE_1897	65	Pulse	99	4036482	11818	NA
S015_MINIONCE_1897	65	Port Input	1	4036482	11818	NA
S015_MINIONCE_1897	65	Response	52	4047311	22647	1
S015_MINIONCE_1897	65	Picture	59_T_RWTRIAD_RW_anillo_red.png	4067869	43205	1	1900	2	43200	1800
S015_MINIONCE_1897	66	Picture	RW	4070069	0	1	43200	2	0	43200
S015_MINIONCE_1897	66	Pulse	99	4072482	2413	NA
S015_MINIONCE_1897	66	Port Input	1	4072482	2413	NA
S015_MINIONCE_1897	66	Response	51	4087602	17533	1
S015_MINIONCE_1897	66	Pulse	99	4108483	38414	NA
S015_MINIONCE_1897	66	Port Input	1	4108483	38414	NA
S015_MINIONCE_1897	66	Picture	60_T_RWTRIAD_RW_violin_red.png	4113269	43200	1	1900	2	43200	1800
S015_MINIONCE_1897	67	Picture	rest	4115269	0	1	144099	2	0	144000
S015_MINIONCE_1897	67	Pulse	99	4144484	29215	NA
S015_MINIONCE_1897	67	Port Input	1	4144484	29215	NA
S015_MINIONCE_1897	67	Pulse	99	4180485	65216	NA
S015_MINIONCE_1897	67	Port Input	1	4180485	65216	NA
S015_MINIONCE_1897	67	Pulse	99	4216486	101217	NA
S015_MINIONCE_1897	67	Port Input	1	4216486	101217	NA
S015_MINIONCE_1897	67	Pulse	99	4252487	137218	NA
S015_MINIONCE_1897	67	Port Input	1	4252487	137218	NA
S015_MINIONCE_1897	68	Picture	endrest	4259468	0	1	10100	2	0	10000
S015_MINIONCE_1897	69	Picture	FF	4269768	0	1	43200	2	0	43200
S015_MINIONCE_1897	69	Pulse	99	4288488	18720	NA
S015_MINIONCE_1897	69	Port Input	1	4288488	18720	NA
S015_MINIONCE_1897	69	Response	52	4304582	34814	1
S015_MINIONCE_1897	69	Picture	63_T_FFTRIAD_FF_teclado_red.png	4312968	43200	1	1899	3	43200	1800
S015_MINIONCE_1897	70	Picture	FF	4315167	0	2	43200	5	0	43200
S015_MINIONCE_1897	70	Pulse	99	4324489	9322	NA
S015_MINIONCE_1897	70	Port Input	1	4324489	9322	NA
S015_MINIONCE_1897	70	Response	52	4326107	10940	1
S015_MINIONCE_1897	70	Picture	64_T_FFTRIAD_FF_pilas_red.png	4358367	43200	3	1900	4	43200	1800
S015_MINIONCE_1897	70	Pulse	99	4360490	45323	NA
S015_MINIONCE_1897	70	Port Input	1	4360490	45323	NA
S015_MINIONCE_1897	71	Picture	FF	4360667	0	1	43100	3	0	43200
S015_MINIONCE_1897	71	Response	51	4383760	23093	1
S015_MINIONCE_1897	71	Pulse	99	4396491	35824	NA
S015_MINIONCE_1897	71	Port Input	1	4396491	35824	NA
S015_MINIONCE_1897	71	Picture	65_T_FFTRIAD_FF_arbol_red.png	4403767	43100	2	1900	4	43200	1800
S015_MINIONCE_1897	72	Picture	FF	4405867	0	2	43200	3	0	43200
S015_MINIONCE_1897	72	Response	52	4429268	23401	1
S015_MINIONCE_1897	72	Pulse	99	4432492	26625	NA
S015_MINIONCE_1897	72	Port Input	1	4432492	26625	NA
S015_MINIONCE_1897	72	Picture	66_T_FFTRIAD_FF_paraguas_red.png	4449067	43200	1	1900	2	43200	1800
S015_MINIONCE_1897	73	Picture	PW	4451166	0	3	43200	4	0	43200
S015_MINIONCE_1897	73	Pulse	99	4468493	17327	NA
S015_MINIONCE_1897	73	Port Input	1	4468493	17327	NA
S015_MINIONCE_1897	73	Picture	67_T_PWTRIAD_PW_paracaidas_red.png	4494366	43200	1	1900	2	43200	1800
S015_MINIONCE_1897	73	Response	51	4496442	45276	1
S015_MINIONCE_1897	74	Picture	PW	4496466	0	2	43199	5	0	43200
S015_MINIONCE_1897	74	Pulse	99	4504494	8028	NA
S015_MINIONCE_1897	74	Port Input	1	4504494	8028	NA
S015_MINIONCE_1897	74	Response	51	4516298	19832	1
S015_MINIONCE_1897	74	Picture	68_T_PWTRIAD_PW_monja_red.png	4539665	43199	3	1901	4	43200	1800
S015_MINIONCE_1897	74	Pulse	99	4540495	44029	NA
S015_MINIONCE_1897	74	Port Input	1	4540495	44029	NA
S015_MINIONCE_1897	75	Picture	PW	4541766	0	1	43200	2	0	43200
S015_MINIONCE_1897	75	Response	51	4573190	31424	1
S015_MINIONCE_1897	75	Pulse	99	4576496	34730	NA
S015_MINIONCE_1897	75	Port Input	1	4576496	34730	NA
S015_MINIONCE_1897	75	Picture	69_T_PWTRIAD_PW_portatil_red.png	4584966	43200	1	1899	3	43200	1800
S015_MINIONCE_1897	76	Picture	PW	4587165	0	2	43199	5	0	43200
S015_MINIONCE_1897	76	Response	51	4612052	24887	1
S015_MINIONCE_1897	76	Pulse	99	4612497	25332	NA
S015_MINIONCE_1897	76	Port Input	1	4612497	25332	NA
S015_MINIONCE_1897	76	Picture	70_T_PWTRIAD_PW_iglu_red.png	4630364	43199	3	1900	6	43200	1800
S015_MINIONCE_1897	77	Picture	rest	4632364	0	3	144100	4	0	144000
S015_MINIONCE_1897	77	Pulse	99	4648497	16133	NA
S015_MINIONCE_1897	77	Port Input	1	4648497	16133	NA
S015_MINIONCE_1897	77	Pulse	99	4684498	52134	NA
S015_MINIONCE_1897	77	Port Input	1	4684498	52134	NA
S015_MINIONCE_1897	77	Pulse	99	4720499	88135	NA
S015_MINIONCE_1897	77	Port Input	1	4720499	88135	NA
S015_MINIONCE_1897	77	Pulse	99	4756500	124136	NA
S015_MINIONCE_1897	77	Port Input	1	4756500	124136	NA
S015_MINIONCE_1897	78	Picture	endrest	4776564	0	1	10100	2	0	10000
S015_MINIONCE_1897	79	Picture	PW	4786863	0	2	43201	3	0	43200
S015_MINIONCE_1897	79	Pulse	99	4792501	5638	NA
S015_MINIONCE_1897	79	Port Input	1	4792501	5638	NA
S015_MINIONCE_1897	79	Response	52	4817159	30296	1
S015_MINIONCE_1897	79	Pulse	99	4828502	41639	NA
S015_MINIONCE_1897	79	Port Input	1	4828502	41639	NA
S015_MINIONCE_1897	79	Picture	73_T_PWTRIAD_PW_pilas_red.png	4830064	43201	1	1900	2	43200	1800
S015_MINIONCE_1897	80	Picture	PW	4832164	0	1	43199	2	0	43200
S015_MINIONCE_1897	80	Pulse	99	4864503	32339	NA
S015_MINIONCE_1897	80	Port Input	1	4864503	32339	NA
S015_MINIONCE_1897	80	Response	52	4871970	39806	1
S015_MINIONCE_1897	80	Picture	74_T_PWTRIAD_PW_bellota_red.png	4875363	43199	1	1900	3	43200	1800
S015_MINIONCE_1897	81	Picture	PW	4877663	0	2	43100	3	0	43200
S015_MINIONCE_1897	81	Pulse	99	4900504	22841	NA
S015_MINIONCE_1897	81	Port Input	1	4900504	22841	NA
S015_MINIONCE_1897	81	Response	52	4905492	27829	1
S015_MINIONCE_1897	81	Picture	75_T_PWTRIAD_PW_lana_red.png	4920763	43100	1	1900	2	43200	1800
S015_MINIONCE_1897	82	Picture	PW	4922863	0	1	43200	2	0	43200
S015_MINIONCE_1897	82	Pulse	99	4936505	13642	NA
S015_MINIONCE_1897	82	Port Input	1	4936505	13642	NA
S015_MINIONCE_1897	82	Response	52	4965202	42339	1
S015_MINIONCE_1897	82	Picture	76_T_PWTRIAD_PW_gafas_red.png	4966063	43200	1	1900	2	43200	1800
S015_MINIONCE_1897	83	Picture	PW	4968163	0	1	43199	3	0	43200
S015_MINIONCE_1897	83	Pulse	99	4972506	4343	NA
S015_MINIONCE_1897	83	Port Input	1	4972506	4343	NA
S015_MINIONCE_1897	83	Pulse	99	5008507	40344	NA
S015_MINIONCE_1897	83	Port Input	1	5008507	40344	NA
S015_MINIONCE_1897	83	Picture	77_T_PWTRIAD_PW_huevos_red.png	5011362	43199	2	1900	4	43200	1800
S015_MINIONCE_1897	84	Picture	PW	5013562	0	2	43200	3	0	43200
S015_MINIONCE_1897	84	Response	51	5040694	27132	1
S015_MINIONCE_1897	84	Pulse	99	5044508	30946	NA
S015_MINIONCE_1897	84	Port Input	1	5044508	30946	NA
S015_MINIONCE_1897	84	Picture	78_T_PWTRIAD_PW_granjero_red.png	5056762	43200	1	1900	2	43200	1800
S015_MINIONCE_1897	85	Picture	PW	5058862	0	1	43200	2	0	43200
S015_MINIONCE_1897	85	Pulse	99	5080509	21647	NA
S015_MINIONCE_1897	85	Port Input	1	5080509	21647	NA
S015_MINIONCE_1897	85	Response	52	5087782	28920	1
S015_MINIONCE_1897	85	Picture	79_T_PWTRIAD_PW_zanahoria_red.png	5102062	43200	1	1900	2	43200	1800
S015_MINIONCE_1897	86	Picture	PW	5104262	0	1	43199	3	0	43200
S015_MINIONCE_1897	86	Pulse	99	5116510	12248	NA
S015_MINIONCE_1897	86	Port Input	1	5116510	12248	NA
S015_MINIONCE_1897	86	Response	51	5131763	27501	1
S015_MINIONCE_1897	86	Picture	80_T_PWTRIAD_PW_paraguas_red.png	5147461	43199	2	1900	3	43200	1800
S015_MINIONCE_1897	87	Picture	rest	5149461	0	1	144099	2	0	144000
S015_MINIONCE_1897	87	Pulse	99	5152511	3050	NA
S015_MINIONCE_1897	87	Port Input	1	5152511	3050	NA
S015_MINIONCE_1897	87	Pulse	99	5188512	39051	NA
S015_MINIONCE_1897	87	Port Input	1	5188512	39051	NA
S015_MINIONCE_1897	87	Pulse	99	5224512	75051	NA
S015_MINIONCE_1897	87	Port Input	1	5224512	75051	NA
S015_MINIONCE_1897	87	Pulse	99	5260513	111052	NA
S015_MINIONCE_1897	87	Port Input	1	5260513	111052	NA
S015_MINIONCE_1897	88	Picture	endrest	5293660	0	1	10100	2	0	10000
S015_MINIONCE_1897	88	Pulse	99	5296514	2854	NA
S015_MINIONCE_1897	88	Port Input	1	5296514	2854	NA
S015_MINIONCE_1897	89	Picture	RW	5303960	0	1	43200	2	0	43200
S015_MINIONCE_1897	89	Response	51	5325077	21117	1
S015_MINIONCE_1897	89	Pulse	99	5332515	28555	NA
S015_MINIONCE_1897	89	Port Input	1	5332515	28555	NA
S015_MINIONCE_1897	89	Picture	83_T_RWTRIAD_RW_candado_red.png	5347160	43200	1	1900	2	43200	1800
S015_MINIONCE_1897	90	Picture	RW	5349260	0	1	43200	2	0	43200
S015_MINIONCE_1897	90	Pulse	99	5368516	19256	NA
S015_MINIONCE_1897	90	Port Input	1	5368516	19256	NA
S015_MINIONCE_1897	90	Response	51	5375691	26431	1
S015_MINIONCE_1897	90	Picture	84_T_RWTRIAD_RW_perro_red.png	5392460	43200	1	1900	2	43200	1800
S015_MINIONCE_1897	91	Picture	RW	5394660	0	1	43199	2	0	43200
S015_MINIONCE_1897	91	Pulse	99	5404517	9857	NA
S015_MINIONCE_1897	91	Port Input	1	5404517	9857	NA
S015_MINIONCE_1897	91	Response	52	5415919	21259	1
S015_MINIONCE_1897	91	Picture	85_T_RWTRIAD_RW_pincel_red.png	5437859	43199	1	1900	2	43200	1800
S015_MINIONCE_1897	92	Picture	RW	5439959	0	1	43200	2	0	43200
S015_MINIONCE_1897	92	Pulse	99	5440518	559	NA
S015_MINIONCE_1897	92	Port Input	1	5440518	559	NA
S015_MINIONCE_1897	92	Response	51	5456649	16690	1
S015_MINIONCE_1897	92	Pulse	99	5476519	36560	NA
S015_MINIONCE_1897	92	Port Input	1	5476519	36560	NA
S015_MINIONCE_1897	92	Picture	86_T_RWTRIAD_RW_telefono_red.png	5483159	43200	1	1900	2	43200	1800
S015_MINIONCE_1897	93	Picture	RW	5485259	0	1	43200	2	0	43200
S015_MINIONCE_1897	93	Response	52	5507147	21888	1
S015_MINIONCE_1897	93	Pulse	99	5512520	27261	NA
S015_MINIONCE_1897	93	Port Input	1	5512520	27261	NA
S015_MINIONCE_1897	93	Picture	87_T_RWTRIAD_RW_grapadora_red.png	5528459	43200	1	1900	2	43200	1800
S015_MINIONCE_1897	94	Picture	RW	5530559	0	1	43199	2	0	43200
S015_MINIONCE_1897	94	Pulse	99	5548521	17962	NA
S015_MINIONCE_1897	94	Port Input	1	5548521	17962	NA
S015_MINIONCE_1897	94	Response	52	5550797	20238	1
S015_MINIONCE_1897	94	Picture	88_T_RWTRIAD_RW_silla_red.png	5573758	43199	1	1900	2	43200	1800
S015_MINIONCE_1897	95	Picture	RW	5576058	0	1	43100	2	0	43200
S015_MINIONCE_1897	95	Pulse	99	5584522	8464	NA
S015_MINIONCE_1897	95	Port Input	1	5584522	8464	NA
S015_MINIONCE_1897	95	Response	52	5592793	16735	1
S015_MINIONCE_1897	95	Picture	89_T_RWTRIAD_RW_agua_red.png	5619158	43100	1	1900	2	43200	1800
S015_MINIONCE_1897	95	Pulse	99	5620523	44465	NA
S015_MINIONCE_1897	95	Port Input	1	5620523	44465	NA
S015_MINIONCE_1897	96	Picture	RW	5621458	0	1	43100	2	0	43200
S015_MINIONCE_1897	96	Response	52	5640067	18609	1
S015_MINIONCE_1897	96	Pulse	99	5656524	35066	NA
S015_MINIONCE_1897	96	Port Input	1	5656524	35066	NA
S015_MINIONCE_1897	96	Picture	90_T_RWTRIAD_RW_bellota_red.png	5664558	43100	1	1900	2	43200	1800
S015_MINIONCE_1897	97	Picture	rest	5666558	0	1	144098	3	0	144000
S015_MINIONCE_1897	97	Pulse	99	5692525	25967	NA
S015_MINIONCE_1897	97	Port Input	1	5692525	25967	NA
S015_MINIONCE_1897	97	Pulse	99	5728526	61968	NA
S015_MINIONCE_1897	97	Port Input	1	5728526	61968	NA
S015_MINIONCE_1897	97	Pulse	99	5764527	97969	NA
S015_MINIONCE_1897	97	Port Input	1	5764527	97969	NA
S015_MINIONCE_1897	97	Pulse	99	5800527	133969	NA
S015_MINIONCE_1897	97	Port Input	1	5800527	133969	NA
S015_MINIONCE_1897	98	Picture	endrest	5810757	0	1	10099	3	0	10000
S015_MINIONCE_1897	99	Picture	PW	5821156	0	2	43200	3	0	43200
S015_MINIONCE_1897	99	Pulse	99	5836528	15372	NA
S015_MINIONCE_1897	99	Port Input	1	5836528	15372	NA
S015_MINIONCE_1897	99	Response	51	5849021	27865	1
S015_MINIONCE_1897	99	Picture	93_T_PWTRIAD_PW_pincel_red.png	5864356	43200	1	1900	2	43200	1800
S015_MINIONCE_1897	100	Picture	PW	5866556	0	1	43100	2	0	43200
S015_MINIONCE_1897	100	Pulse	99	5872529	5973	NA
S015_MINIONCE_1897	100	Port Input	1	5872529	5973	NA
S015_MINIONCE_1897	100	Response	51	5883913	17357	1
S015_MINIONCE_1897	100	Pulse	99	5908530	41974	NA
S015_MINIONCE_1897	100	Port Input	1	5908530	41974	NA
S015_MINIONCE_1897	100	Picture	94_T_PWTRIAD_PW_arco_red.png	5909656	43100	1	1900	2	43200	1800
S015_MINIONCE_1897	101	Picture	PW	5911856	0	1	43199	3	0	43200
S015_MINIONCE_1897	101	Response	52	5931942	20086	1
S015_MINIONCE_1897	101	Pulse	99	5944531	32675	NA
S015_MINIONCE_1897	101	Port Input	1	5944531	32675	NA
S015_MINIONCE_1897	101	Picture	95_T_PWTRIAD_PW_leche_red.png	5955055	43199	2	1900	4	43200	1800
S015_MINIONCE_1897	102	Picture	PW	5957355	0	2	43100	3	0	43200
S015_MINIONCE_1897	102	Pulse	99	5980532	23177	NA
S015_MINIONCE_1897	102	Port Input	1	5980532	23177	NA
S015_MINIONCE_1897	102	Response	51	5980712	23357	1
S015_MINIONCE_1897	102	Picture	96_T_PWTRIAD_PW_arbol_red.png	6000455	43100	1	1900	2	43200	1800
S015_MINIONCE_1897	103	Picture	RW	6002755	0	1	43100	2	0	43200
S015_MINIONCE_1897	103	Pulse	99	6016533	13778	NA
S015_MINIONCE_1897	103	Port Input	1	6016533	13778	NA
S015_MINIONCE_1897	103	Response	51	6021285	18530	1
S015_MINIONCE_1897	103	Picture	97_T_RWTRIAD_RW_iglu_red.png	6045855	43100	1	1900	2	43200	1800
S015_MINIONCE_1897	104	Picture	RW	6047955	0	1	43199	3	0	43200
S015_MINIONCE_1897	104	Pulse	99	6052534	4579	NA
S015_MINIONCE_1897	104	Port Input	1	6052534	4579	NA
S015_MINIONCE_1897	104	Response	52	6067369	19414	2
S015_MINIONCE_1897	104	Pulse	99	6088535	40580	NA
S015_MINIONCE_1897	104	Port Input	1	6088535	40580	NA
S015_MINIONCE_1897	104	Picture	98_T_RWTRIAD_RW_lenador_red.png	6091154	43199	2	1900	4	43200	1800
S015_MINIONCE_1897	105	Picture	RW	6093254	0	2	43200	3	0	43200
S015_MINIONCE_1897	105	Response	51	6109640	16386	1
S015_MINIONCE_1897	105	Pulse	99	6124536	31282	NA
S015_MINIONCE_1897	105	Port Input	1	6124536	31282	NA
S015_MINIONCE_1897	105	Picture	99_T_RWTRIAD_RW_manos_red.png	6136454	43200	1	1900	3	43200	1800
S015_MINIONCE_1897	106	Picture	RW	6138654	0	1	43200	2	0	43200
S015_MINIONCE_1897	106	Response	52	6156241	17587	1
S015_MINIONCE_1897	106	Pulse	99	6160537	21883	NA
S015_MINIONCE_1897	106	Port Input	1	6160537	21883	NA
S015_MINIONCE_1897	106	Picture	100_T_RWTRIAD_RW_dado_red.png	6181854	43200	1	1900	2	43200	1800
S015_MINIONCE_1897	107	Picture	rest	6183854	0	1	144099	2	0	144000
S015_MINIONCE_1897	107	Pulse	99	6196538	12684	NA
S015_MINIONCE_1897	107	Port Input	1	6196538	12684	NA
S015_MINIONCE_1897	107	Pulse	99	6232539	48685	NA
S015_MINIONCE_1897	107	Port Input	1	6232539	48685	NA
S015_MINIONCE_1897	107	Pulse	99	6268540	84686	NA
S015_MINIONCE_1897	107	Port Input	1	6268540	84686	NA
S015_MINIONCE_1897	107	Pulse	99	6304540	120686	NA
S015_MINIONCE_1897	107	Port Input	1	6304540	120686	NA
S015_MINIONCE_1897	108	Picture	endrest	6328053	0	1	10100	2	0	10000
S015_MINIONCE_1897	109	Picture	RW	6338353	0	1	43199	2	0	43200
S015_MINIONCE_1897	109	Pulse	99	6340541	2188	NA
S015_MINIONCE_1897	109	Port Input	1	6340541	2188	NA
S015_MINIONCE_1897	109	Response	52	6355462	17109	1
S015_MINIONCE_1897	109	Pulse	99	6376542	38189	NA
S015_MINIONCE_1897	109	Port Input	1	6376542	38189	NA
S015_MINIONCE_1897	109	Picture	103_T_RWTRIAD_RW_destornillador_red.png	6381552	43199	1	1900	2	43200	1800
S015_MINIONCE_1897	110	Picture	RW	6383652	0	1	43200	2	0	43200
S015_MINIONCE_1897	110	Response	52	6411728	28076	1
S015_MINIONCE_1897	110	Pulse	99	6412543	28891	NA
S015_MINIONCE_1897	110	Port Input	1	6412543	28891	NA
S015_MINIONCE_1897	110	Picture	104_T_RWTRIAD_RW_pluma_red.png	6426852	43200	1	1900	2	43200	1800
S015_MINIONCE_1897	111	Picture	RW	6429152	0	1	43100	2	0	43200
S015_MINIONCE_1897	111	Pulse	99	6448544	19392	NA
S015_MINIONCE_1897	111	Port Input	1	6448544	19392	NA
S015_MINIONCE_1897	111	Response	52	6454583	25431	1
S015_MINIONCE_1897	111	Picture	105_T_RWTRIAD_RW_oruga_red.png	6472252	43100	1	1900	2	43200	1800
S015_MINIONCE_1897	112	Picture	RW	6474352	0	1	43199	2	0	43200
S015_MINIONCE_1897	112	Pulse	99	6484545	10193	NA
S015_MINIONCE_1897	112	Port Input	1	6484545	10193	NA
S015_MINIONCE_1897	112	Response	51	6492978	18626	1
S015_MINIONCE_1897	112	Picture	106_T_RWTRIAD_RW_botella_red.png	6517551	43199	1	1900	2	43200	1800
S015_MINIONCE_1897	113	Picture	FF	6519751	0	1	43200	2	0	43200
S015_MINIONCE_1897	113	Pulse	99	6520546	795	NA
S015_MINIONCE_1897	113	Port Input	1	6520546	795	NA
S015_MINIONCE_1897	113	Response	51	6536471	16720	1
S015_MINIONCE_1897	113	Pulse	99	6556547	36796	NA
S015_MINIONCE_1897	113	Port Input	1	6556547	36796	NA
S015_MINIONCE_1897	113	Picture	107_T_FFTRIAD_FF_sombrilla_red.png	6562951	43200	1	1900	2	43200	1800
S015_MINIONCE_1897	114	Picture	FF	6565051	0	3	43200	4	0	43200
S015_MINIONCE_1897	114	Response	52	6581987	16936	1
S015_MINIONCE_1897	114	Pulse	99	6592548	27497	NA
S015_MINIONCE_1897	114	Port Input	1	6592548	27497	NA
S015_MINIONCE_1897	114	Picture	108_T_FFTRIAD_FF_pizarra_red.png	6608251	43200	1	1900	2	43200	1800
S015_MINIONCE_1897	115	Picture	FF	6610351	0	1	43199	2	0	43200
S015_MINIONCE_1897	115	Pulse	99	6628549	18198	NA
S015_MINIONCE_1897	115	Port Input	1	6628549	18198	NA
S015_MINIONCE_1897	115	Response	51	6630020	19669	1
S015_MINIONCE_1897	115	Picture	109_T_FFTRIAD_FF_lana_red.png	6653550	43199	1	1900	2	43200	1800
S015_MINIONCE_1897	116	Picture	FF	6655850	0	1	43100	2	0	43200
S015_MINIONCE_1897	116	Pulse	99	6664550	8700	NA
S015_MINIONCE_1897	116	Port Input	1	6664550	8700	NA
S015_MINIONCE_1897	116	Response	51	6668768	12918	1
S015_MINIONCE_1897	116	Picture	110_T_FFTRIAD_FF_agua_red.png	6698950	43100	1	1900	2	43200	1800
S015_MINIONCE_1897	116	Pulse	99	6700551	44701	NA
S015_MINIONCE_1897	116	Port Input	1	6700551	44701	NA
S015_MINIONCE_1897	117	Picture	rest	6700950	0	1	144099	2	0	144000
S015_MINIONCE_1897	117	Pulse	99	6736552	35602	NA
S015_MINIONCE_1897	117	Port Input	1	6736552	35602	NA
S015_MINIONCE_1897	117	Pulse	99	6772553	71603	NA
S015_MINIONCE_1897	117	Port Input	1	6772553	71603	NA
S015_MINIONCE_1897	117	Pulse	99	6808554	107604	NA
S015_MINIONCE_1897	117	Port Input	1	6808554	107604	NA
S015_MINIONCE_1897	117	Pulse	99	6844555	143605	NA
S015_MINIONCE_1897	117	Port Input	1	6844555	143605	NA
S015_MINIONCE_1897	118	Picture	endrest	6845149	0	1	10100	2	0	10000
S015_MINIONCE_1897	119	Picture	RW	6855449	0	1	43199	3	0	43200
S015_MINIONCE_1897	119	Response	51	6871606	16157	1
S015_MINIONCE_1897	119	Pulse	99	6880555	25106	NA
S015_MINIONCE_1897	119	Port Input	1	6880555	25106	NA
S015_MINIONCE_1897	119	Picture	113_T_RWTRIAD_RW_novia_red.png	6898648	43199	2	1900	4	43200	1800
S015_MINIONCE_1897	120	Picture	RW	6900748	0	2	43200	3	0	43200
S015_MINIONCE_1897	120	Pulse	99	6916556	15808	NA
S015_MINIONCE_1897	120	Port Input	1	6916556	15808	NA
S015_MINIONCE_1897	120	Response	51	6919947	19199	1
S015_MINIONCE_1897	120	Picture	114_T_RWTRIAD_RW_almohada_red.png	6943948	43200	1	1900	2	43200	1800
S015_MINIONCE_1897	121	Picture	RW	6946248	0	1	43100	2	0	43200
S015_MINIONCE_1897	121	Pulse	99	6952557	6309	NA
S015_MINIONCE_1897	121	Port Input	1	6952557	6309	NA
S015_MINIONCE_1897	121	Response	52	6972216	25968	2
S015_MINIONCE_1897	121	Pulse	99	6988558	42310	NA
S015_MINIONCE_1897	121	Port Input	1	6988558	42310	NA
S015_MINIONCE_1897	121	Picture	115_T_RWTRIAD_RW_bebe_red.png	6989348	43100	1	1900	2	43200	1800
S015_MINIONCE_1897	122	Picture	RW	6991448	0	1	43199	3	0	43200
S015_MINIONCE_1897	122	Response	51	7005876	14428	1
S015_MINIONCE_1897	122	Pulse	99	7024559	33111	NA
S015_MINIONCE_1897	122	Port Input	1	7024559	33111	NA
S015_MINIONCE_1897	122	Picture	116_T_RWTRIAD_RW_traje_red.png	7034647	43199	2	1900	4	43200	1800
S015_MINIONCE_1897	123	Picture	FF	7036947	0	2	43100	3	0	43200
S015_MINIONCE_1897	123	Response	51	7053790	16843	1
S015_MINIONCE_1897	123	Pulse	99	7060560	23613	NA
S015_MINIONCE_1897	123	Port Input	1	7060560	23613	NA
S015_MINIONCE_1897	123	Picture	117_T_FFTRIAD_FF_cuento_red.png	7080047	43100	1	1900	2	43200	1800
S015_MINIONCE_1897	124	Picture	FF	7082147	0	1	43200	2	0	43200
S015_MINIONCE_1897	124	Pulse	99	7096561	14414	NA
S015_MINIONCE_1897	124	Port Input	1	7096561	14414	NA
S015_MINIONCE_1897	124	Response	52	7098428	16281	1
S015_MINIONCE_1897	124	Picture	118_T_FFTRIAD_FF_telefono_red.png	7125347	43200	1	1900	2	43200	1800
S015_MINIONCE_1897	125	Picture	FF	7127547	0	1	43199	3	0	43200
S015_MINIONCE_1897	125	Pulse	99	7132562	5015	NA
S015_MINIONCE_1897	125	Port Input	1	7132562	5015	NA
S015_MINIONCE_1897	125	Response	52	7139515	11968	1
S015_MINIONCE_1897	125	Pulse	99	7168563	41016	NA
S015_MINIONCE_1897	125	Port Input	1	7168563	41016	NA
S015_MINIONCE_1897	125	Picture	119_T_FFTRIAD_FF_bala_red.png	7170746	43199	2	1900	4	43200	1800
S015_MINIONCE_1897	126	Picture	FF	7172946	0	2	43200	3	0	43200
S015_MINIONCE_1897	126	Response	52	7194637	21691	2
S015_MINIONCE_1897	126	Pulse	99	7204564	31618	NA
S015_MINIONCE_1897	126	Port Input	1	7204564	31618	NA
S015_MINIONCE_1897	126	Picture	120_T_FFTRIAD_FF_cinturon_red.png	7216146	43200	1	1900	2	43200	1800
S015_MINIONCE_1897	127	Picture	rest	7218146	0	1	144099	2	0	144000
S015_MINIONCE_1897	127	Pulse	99	7240565	22419	NA
S015_MINIONCE_1897	127	Port Input	1	7240565	22419	NA
S015_MINIONCE_1897	127	Pulse	99	7276566	58420	NA
S015_MINIONCE_1897	127	Port Input	1	7276566	58420	NA
S015_MINIONCE_1897	127	Pulse	99	7312567	94421	NA
S015_MINIONCE_1897	127	Port Input	1	7312567	94421	NA
S015_MINIONCE_1897	127	Pulse	99	7348568	130422	NA
S015_MINIONCE_1897	127	Port Input	1	7348568	130422	NA
S015_MINIONCE_1897	128	Picture	endrest	7362345	0	1	10100	2	0	10000
S015_MINIONCE_1897	129	Picture	PW	7372645	0	1	43200	2	0	43200
S015_MINIONCE_1897	129	Pulse	99	7384569	11924	NA
S015_MINIONCE_1897	129	Port Input	1	7384569	11924	NA
S015_MINIONCE_1897	129	Response	51	7397832	25187	1
S015_MINIONCE_1897	129	Picture	123_T_PWTRIAD_PW_sombrilla_red.png	7415845	43200	1	1900	2	43200	1800
S015_MINIONCE_1897	130	Picture	PW	7417945	0	1	43199	2	0	43200
S015_MINIONCE_1897	130	Pulse	99	7420570	2625	NA
S015_MINIONCE_1897	130	Port Input	1	7420570	2625	NA
S015_MINIONCE_1897	130	Response	52	7439944	21999	1
S015_MINIONCE_1897	130	Pulse	99	7456571	38626	NA
S015_MINIONCE_1897	130	Port Input	1	7456571	38626	NA
S015_MINIONCE_1897	130	Picture	124_T_PWTRIAD_PW_bebe_red.png	7461144	43199	1	1900	2	43200	1800
S015_MINIONCE_1897	131	Picture	PW	7463444	0	1	43100	2	0	43200
S015_MINIONCE_1897	131	Response	51	7485914	22470	1
S015_MINIONCE_1897	131	Pulse	99	7492571	29127	NA
S015_MINIONCE_1897	131	Port Input	1	7492571	29127	NA
S015_MINIONCE_1897	131	Picture	125_T_PWTRIAD_PW_raton_red.png	7506544	43100	1	1900	2	43200	1800
S015_MINIONCE_1897	132	Picture	PW	7508644	0	1	43200	2	0	43200
S015_MINIONCE_1897	132	Pulse	99	7528572	19928	NA
S015_MINIONCE_1897	132	Port Input	1	7528572	19928	NA
S015_MINIONCE_1897	132	Response	51	7540089	31445	2
S015_MINIONCE_1897	132	Picture	126_T_PWTRIAD_PW_almohada_red.png	7551844	43200	1	1900	2	43200	1800
S015_MINIONCE_1897	133	Picture	FF	7553944	0	1	43199	2	0	43200
S015_MINIONCE_1897	133	Pulse	99	7564573	10629	NA
S015_MINIONCE_1897	133	Port Input	1	7564573	10629	NA
S015_MINIONCE_1897	133	Response	52	7566139	12195	1
S015_MINIONCE_1897	133	Picture	127_T_FFTRIAD_FF_almohada_red.png	7597143	43199	1	1900	2	43200	1800
S015_MINIONCE_1897	134	Picture	FF	7599243	0	1	43200	2	0	43200
S015_MINIONCE_1897	134	Pulse	99	7600574	1331	NA
S015_MINIONCE_1897	134	Port Input	1	7600574	1331	NA
S015_MINIONCE_1897	134	Response	52	7614894	15651	1
S015_MINIONCE_1897	134	Pulse	99	7636575	37332	NA
S015_MINIONCE_1897	134	Port Input	1	7636575	37332	NA
S015_MINIONCE_1897	134	Picture	128_T_FFTRIAD_FF_grifo_red.png	7642443	43200	1	1900	2	43200	1800
S015_MINIONCE_1897	135	Picture	FF	7644737	0	9	43106	10	0	43200
S015_MINIONCE_1897	135	Response	51	7668460	23723	1
S015_MINIONCE_1897	135	Pulse	99	7672576	27839	NA
S015_MINIONCE_1897	135	Port Input	1	7672576	27839	NA
S015_MINIONCE_1897	135	Picture	129_T_FFTRIAD_FF_television_red.png	7687843	43106	1	1900	2	43200	1800
S015_MINIONCE_1897	136	Picture	FF	7690143	0	1	43099	2	0	43200
S015_MINIONCE_1897	136	Response	51	7704122	13979	1
S015_MINIONCE_1897	136	Pulse	99	7708577	18434	NA
S015_MINIONCE_1897	136	Port Input	1	7708577	18434	NA
S015_MINIONCE_1897	136	Picture	130_T_FFTRIAD_FF_ancla_red.png	7733242	43099	1	1900	2	43200	1800
S015_MINIONCE_1897	137	Picture	rest	7735242	0	1	144099	2	0	144000
S015_MINIONCE_1897	137	Pulse	99	7744578	9336	NA
S015_MINIONCE_1897	137	Port Input	1	7744578	9336	NA
S015_MINIONCE_1897	137	Pulse	99	7780579	45337	NA
S015_MINIONCE_1897	137	Port Input	1	7780579	45337	NA
S015_MINIONCE_1897	137	Pulse	99	7816580	81338	NA
S015_MINIONCE_1897	137	Port Input	1	7816580	81338	NA
S015_MINIONCE_1897	137	Pulse	99	7852581	117339	NA
S015_MINIONCE_1897	137	Port Input	1	7852581	117339	NA
S015_MINIONCE_1897	138	Picture	endrest	7879441	0	1	10100	2	0	10000
S015_MINIONCE_1897	138	Pulse	99	7888582	9141	NA
S015_MINIONCE_1897	138	Port Input	1	7888582	9141	NA
S015_MINIONCE_1897	139	Picture	FF	7889741	0	1	43200	2	0	43200
S015_MINIONCE_1897	139	Response	51	7906079	16338	1
S015_MINIONCE_1897	139	Pulse	99	7924583	34842	NA
S015_MINIONCE_1897	139	Port Input	1	7924583	34842	NA
S015_MINIONCE_1897	139	Picture	133_T_FFTRIAD_FF_arco_red.png	7932941	43200	1	1900	2	43200	1800
S015_MINIONCE_1897	140	Picture	FF	7935041	0	1	43199	2	0	43200
S015_MINIONCE_1897	140	Pulse	99	7960584	25543	NA
S015_MINIONCE_1897	140	Port Input	1	7960584	25543	NA
S015_MINIONCE_1897	140	Picture	134_T_FFTRIAD_FF_cortina_red.png	7978240	43199	1	1900	2	43200	1800
S015_MINIONCE_1897	141	Picture	FF	7980440	0	1	43200	2	0	43200
S015_MINIONCE_1897	141	Pulse	99	7996584	16144	NA
S015_MINIONCE_1897	141	Port Input	1	7996584	16144	NA
S015_MINIONCE_1897	141	Response	51	7997004	16564	1
S015_MINIONCE_1897	141	Picture	135_T_FFTRIAD_FF_zanahoria_red.png	8023640	43200	1	1900	2	43200	1800
S015_MINIONCE_1897	142	Picture	FF	8025740	0	1	43200	2	0	43200
S015_MINIONCE_1897	142	Pulse	99	8032585	6845	NA
S015_MINIONCE_1897	142	Port Input	1	8032585	6845	NA
S015_MINIONCE_1897	142	Response	51	8039756	14016	1
S015_MINIONCE_1897	142	Pulse	99	8068586	42846	NA
S015_MINIONCE_1897	142	Port Input	1	8068586	42846	NA
S015_MINIONCE_1897	142	Picture	136_T_FFTRIAD_FF_traje_red.png	8068940	43200	1	1900	2	43200	1800
S015_MINIONCE_1897	143	Picture	rest	8070940	0	1	144099	2	0	144000
S015_MINIONCE_1897	143	Pulse	99	8104587	33647	NA
S015_MINIONCE_1897	143	Port Input	1	8104587	33647	NA
S015_MINIONCE_1897	144	Picture	endrest	8215139	0	1	10100	2	0	10000
S015_MINIONCE_1897	145	Picture	endrest	8225339	0	1	10099	3	0	10000
S015_MINIONCE_1897	146	Picture	endrest	8235538	0	2	10100	4	0	10000
S015_MINIONCE_1897	147	Picture	endrest	8245738	0	1	10100	2	0	10000
