Scenario - vOT_Triads_fMRI_II
Logfile written - 07/21/2015 10:41:11

Subject	Trial	Event Type	Code	Time	TTime	Uncertainty	Duration	Uncertainty	ReqTime	ReqDur

S012_DAY1_MINITWICE_3595	1	Pulse	99	330311	340231	NA
S012_DAY1_MINITWICE_3595	1	Port Input	1	330311	340231	NA
S012_DAY1_MINITWICE_3595	1	Pulse	99	366312	376232	NA
S012_DAY1_MINITWICE_3595	1	Port Input	1	366312	376232	NA
S012_DAY1_MINITWICE_3595	1	Pulse	99	402313	412233	NA
S012_DAY1_MINITWICE_3595	1	Port Input	1	402313	412233	NA
S012_DAY1_MINITWICE_3595	1	Pulse	99	438314	448234	NA
S012_DAY1_MINITWICE_3595	1	Port Input	1	438314	448234	NA
S012_DAY1_MINITWICE_3595	1	Pulse	99	474315	484235	NA
S012_DAY1_MINITWICE_3595	1	Port Input	1	474315	484235	NA
S012_DAY1_MINITWICE_3595	2	Picture	rest	474596	0	1	144099	2	0	144000
S012_DAY1_MINITWICE_3595	2	Pulse	99	510316	35720	NA
S012_DAY1_MINITWICE_3595	2	Port Input	1	510316	35720	NA
S012_DAY1_MINITWICE_3595	2	Pulse	99	546316	71720	NA
S012_DAY1_MINITWICE_3595	2	Port Input	1	546316	71720	NA
S012_DAY1_MINITWICE_3595	2	Pulse	99	582317	107721	NA
S012_DAY1_MINITWICE_3595	2	Port Input	1	582317	107721	NA
S012_DAY1_MINITWICE_3595	2	Pulse	99	618318	143722	NA
S012_DAY1_MINITWICE_3595	2	Port Input	1	618318	143722	NA
S012_DAY1_MINITWICE_3595	3	Picture	endrest	618794	0	2	10100	4	0	10000
S012_DAY1_MINITWICE_3595	4	Picture	FF	629294	0	2	43100	3	0	43200
S012_DAY1_MINITWICE_3595	4	Response	51	641973	12679	1
S012_DAY1_MINITWICE_3595	4	Pulse	99	654319	25025	NA
S012_DAY1_MINITWICE_3595	4	Port Input	1	654319	25025	NA
S012_DAY1_MINITWICE_3595	4	Picture	3_T_FFTRIAD_FF_grapadora_red.png	672394	43100	1	1900	2	43200	1800
S012_DAY1_MINITWICE_3595	5	Picture	FF	674494	0	1	43200	2	0	43200
S012_DAY1_MINITWICE_3595	5	Response	52	689159	14665	1
S012_DAY1_MINITWICE_3595	5	Pulse	99	690320	15826	NA
S012_DAY1_MINITWICE_3595	5	Port Input	1	690320	15826	NA
S012_DAY1_MINITWICE_3595	5	Picture	4_T_FFTRIAD_FF_huevos_red.png	717694	43200	1	1900	2	43200	1800
S012_DAY1_MINITWICE_3595	6	Picture	FF	719894	0	1	43199	3	0	43200
S012_DAY1_MINITWICE_3595	6	Pulse	99	726321	6427	NA
S012_DAY1_MINITWICE_3595	6	Port Input	1	726321	6427	NA
S012_DAY1_MINITWICE_3595	6	Response	51	730009	10115	1
S012_DAY1_MINITWICE_3595	6	Pulse	99	762322	42428	NA
S012_DAY1_MINITWICE_3595	6	Port Input	1	762322	42428	NA
S012_DAY1_MINITWICE_3595	6	Picture	5_T_FFTRIAD_FF_dado_red.png	763093	43199	2	1900	3	43200	1800
S012_DAY1_MINITWICE_3595	7	Picture	FF	765393	0	1	43200	2	0	43200
S012_DAY1_MINITWICE_3595	7	Response	51	775446	10053	1
S012_DAY1_MINITWICE_3595	7	Pulse	99	798323	32930	NA
S012_DAY1_MINITWICE_3595	7	Port Input	1	798323	32930	NA
S012_DAY1_MINITWICE_3595	7	Picture	6_T_FFTRIAD_FF_leche_red.png	808593	43200	1	1900	2	43200	1800
S012_DAY1_MINITWICE_3595	8	Picture	RW	810893	0	1	43100	2	0	43200
S012_DAY1_MINITWICE_3595	8	Response	51	823999	13106	1
S012_DAY1_MINITWICE_3595	8	Pulse	99	834324	23431	NA
S012_DAY1_MINITWICE_3595	8	Port Input	1	834324	23431	NA
S012_DAY1_MINITWICE_3595	8	Picture	7_T_RWTRIAD_RW_murcielago_red.png	853993	43100	1	1900	2	43200	1800
S012_DAY1_MINITWICE_3595	9	Picture	RW	856093	0	1	43199	3	0	43200
S012_DAY1_MINITWICE_3595	9	Response	51	868669	12576	1
S012_DAY1_MINITWICE_3595	9	Pulse	99	870325	14232	NA
S012_DAY1_MINITWICE_3595	9	Port Input	1	870325	14232	NA
S012_DAY1_MINITWICE_3595	9	Picture	8_T_RWTRIAD_RW_policia_red.png	899292	43199	2	1900	3	43200	1800
S012_DAY1_MINITWICE_3595	10	Picture	RW	901392	0	1	43200	2	0	43200
S012_DAY1_MINITWICE_3595	10	Pulse	99	906326	4934	NA
S012_DAY1_MINITWICE_3595	10	Port Input	1	906326	4934	NA
S012_DAY1_MINITWICE_3595	10	Response	52	922976	21584	1
S012_DAY1_MINITWICE_3595	10	Pulse	99	942327	40935	NA
S012_DAY1_MINITWICE_3595	10	Port Input	1	942327	40935	NA
S012_DAY1_MINITWICE_3595	10	Picture	9_T_RWTRIAD_RW_plato_red.png	944592	43200	1	1900	2	43200	1800
S012_DAY1_MINITWICE_3595	11	Picture	RW	946692	0	1	43200	2	0	43200
S012_DAY1_MINITWICE_3595	11	Response	52	959388	12696	1
S012_DAY1_MINITWICE_3595	11	Pulse	99	978328	31636	NA
S012_DAY1_MINITWICE_3595	11	Port Input	1	978328	31636	NA
S012_DAY1_MINITWICE_3595	11	Picture	10_T_RWTRIAD_RW_queso_red.png	989892	43200	1	1900	2	43200	1800
S012_DAY1_MINITWICE_3595	12	Picture	rest	991892	0	1	144099	2	0	144000
S012_DAY1_MINITWICE_3595	12	Pulse	99	1014329	22437	NA
S012_DAY1_MINITWICE_3595	12	Port Input	1	1014329	22437	NA
S012_DAY1_MINITWICE_3595	12	Pulse	99	1050329	58437	NA
S012_DAY1_MINITWICE_3595	12	Port Input	1	1050329	58437	NA
S012_DAY1_MINITWICE_3595	12	Pulse	99	1086330	94438	NA
S012_DAY1_MINITWICE_3595	12	Port Input	1	1086330	94438	NA
S012_DAY1_MINITWICE_3595	12	Pulse	99	1122331	130439	NA
S012_DAY1_MINITWICE_3595	12	Port Input	1	1122331	130439	NA
S012_DAY1_MINITWICE_3595	13	Picture	endrest	1136091	0	1	10100	2	0	10000
S012_DAY1_MINITWICE_3595	14	Picture	RW	1146591	0	1	43199	2	0	43200
S012_DAY1_MINITWICE_3595	14	Pulse	99	1158332	11741	NA
S012_DAY1_MINITWICE_3595	14	Port Input	1	1158332	11741	NA
S012_DAY1_MINITWICE_3595	14	Response	51	1165449	18858	1
S012_DAY1_MINITWICE_3595	14	Picture	13_T_RWTRIAD_RW_dedal_red.png	1189790	43199	1	1900	2	43200	1800
S012_DAY1_MINITWICE_3595	15	Picture	RW	1191890	0	1	43200	2	0	43200
S012_DAY1_MINITWICE_3595	15	Pulse	99	1194333	2443	NA
S012_DAY1_MINITWICE_3595	15	Port Input	1	1194333	2443	NA
S012_DAY1_MINITWICE_3595	15	Response	52	1218864	26974	2
S012_DAY1_MINITWICE_3595	15	Pulse	99	1230334	38444	NA
S012_DAY1_MINITWICE_3595	15	Port Input	1	1230334	38444	NA
S012_DAY1_MINITWICE_3595	15	Picture	14_T_RWTRIAD_RW_piramide_red.png	1235090	43200	1	1900	2	43200	1800
S012_DAY1_MINITWICE_3595	16	Picture	RW	1237190	0	1	43199	3	0	43200
S012_DAY1_MINITWICE_3595	16	Response	51	1252142	14952	1
S012_DAY1_MINITWICE_3595	16	Pulse	99	1266335	29145	NA
S012_DAY1_MINITWICE_3595	16	Port Input	1	1266335	29145	NA
S012_DAY1_MINITWICE_3595	16	Picture	15_T_RWTRIAD_RW_pizarra_red.png	1280389	43199	2	1901	3	43200	1800
S012_DAY1_MINITWICE_3595	17	Picture	RW	1282690	0	1	43099	2	0	43200
S012_DAY1_MINITWICE_3595	17	Response	51	1294708	12018	1
S012_DAY1_MINITWICE_3595	17	Pulse	99	1302336	19646	NA
S012_DAY1_MINITWICE_3595	17	Port Input	1	1302336	19646	NA
S012_DAY1_MINITWICE_3595	17	Picture	16_T_RWTRIAD_RW_bala_red.png	1325789	43099	1	1900	2	43200	1800
S012_DAY1_MINITWICE_3595	18	Picture	RW	1327889	0	1	43200	2	0	43200
S012_DAY1_MINITWICE_3595	18	Pulse	99	1338337	10448	NA
S012_DAY1_MINITWICE_3595	18	Port Input	1	1338337	10448	NA
S012_DAY1_MINITWICE_3595	18	Response	52	1340535	12646	1
S012_DAY1_MINITWICE_3595	18	Picture	17_T_RWTRIAD_RW_huevos_red.png	1371089	43200	1	1900	2	43200	1800
S012_DAY1_MINITWICE_3595	19	Picture	RW	1373189	0	1	43200	2	0	43200
S012_DAY1_MINITWICE_3595	19	Pulse	99	1374338	1149	NA
S012_DAY1_MINITWICE_3595	19	Port Input	1	1374338	1149	NA
S012_DAY1_MINITWICE_3595	19	Response	52	1385990	12801	1
S012_DAY1_MINITWICE_3595	19	Pulse	99	1410339	37150	NA
S012_DAY1_MINITWICE_3595	19	Port Input	1	1410339	37150	NA
S012_DAY1_MINITWICE_3595	19	Picture	18_T_RWTRIAD_RW_esquimal_red.png	1416389	43200	1	1899	3	43200	1800
S012_DAY1_MINITWICE_3595	20	Picture	RW	1418488	0	2	43200	3	0	43200
S012_DAY1_MINITWICE_3595	20	Response	51	1436630	18142	1
S012_DAY1_MINITWICE_3595	20	Pulse	99	1446340	27852	NA
S012_DAY1_MINITWICE_3595	20	Port Input	1	1446340	27852	NA
S012_DAY1_MINITWICE_3595	20	Picture	19_T_RWTRIAD_RW_paracaidas_red.png	1461688	43200	1	1900	2	43200	1800
S012_DAY1_MINITWICE_3595	21	Picture	RW	1463988	0	1	43100	2	0	43200
S012_DAY1_MINITWICE_3595	21	Pulse	99	1482341	18353	NA
S012_DAY1_MINITWICE_3595	21	Port Input	1	1482341	18353	NA
S012_DAY1_MINITWICE_3595	21	Response	52	1483372	19384	1
S012_DAY1_MINITWICE_3595	21	Picture	20_T_RWTRIAD_RW_mono_red.png	1507088	43100	1	1900	2	43200	1800
S012_DAY1_MINITWICE_3595	22	Picture	rest	1509088	0	1	144099	2	0	144000
S012_DAY1_MINITWICE_3595	22	Pulse	99	1518342	9254	NA
S012_DAY1_MINITWICE_3595	22	Port Input	1	1518342	9254	NA
S012_DAY1_MINITWICE_3595	22	Pulse	99	1554343	45255	NA
S012_DAY1_MINITWICE_3595	22	Port Input	1	1554343	45255	NA
S012_DAY1_MINITWICE_3595	22	Pulse	99	1590343	81255	NA
S012_DAY1_MINITWICE_3595	22	Port Input	1	1590343	81255	NA
S012_DAY1_MINITWICE_3595	22	Pulse	99	1626344	117256	NA
S012_DAY1_MINITWICE_3595	22	Port Input	1	1626344	117256	NA
S012_DAY1_MINITWICE_3595	23	Picture	endrest	1653287	0	1	10100	2	0	10000
S012_DAY1_MINITWICE_3595	23	Pulse	99	1662345	9058	NA
S012_DAY1_MINITWICE_3595	23	Port Input	1	1662345	9058	NA
S012_DAY1_MINITWICE_3595	24	Picture	PW	1663787	0	1	43099	2	0	43200
S012_DAY1_MINITWICE_3595	24	Response	52	1688226	24439	1
S012_DAY1_MINITWICE_3595	24	Pulse	99	1698346	34559	NA
S012_DAY1_MINITWICE_3595	24	Port Input	1	1698346	34559	NA
S012_DAY1_MINITWICE_3595	24	Picture	23_T_PWTRIAD_PW_silla_red.png	1706886	43099	1	1900	2	43200	1800
S012_DAY1_MINITWICE_3595	25	Picture	PW	1709086	0	1	43100	2	0	43200
S012_DAY1_MINITWICE_3595	25	Response	51	1726685	17599	1
S012_DAY1_MINITWICE_3595	25	Pulse	99	1734347	25261	NA
S012_DAY1_MINITWICE_3595	25	Port Input	1	1734347	25261	NA
S012_DAY1_MINITWICE_3595	25	Picture	24_T_PWTRIAD_PW_violin_red.png	1752186	43100	1	1900	2	43200	1800
S012_DAY1_MINITWICE_3595	26	Picture	PW	1754486	0	1	43200	2	0	43200
S012_DAY1_MINITWICE_3595	26	Pulse	99	1770348	15862	NA
S012_DAY1_MINITWICE_3595	26	Port Input	1	1770348	15862	NA
S012_DAY1_MINITWICE_3595	26	Response	51	1778079	23593	1
S012_DAY1_MINITWICE_3595	26	Picture	25_T_PWTRIAD_PW_lechuga_red.png	1797686	43200	1	1900	2	43200	1800
S012_DAY1_MINITWICE_3595	27	Picture	PW	1799786	0	1	43199	2	0	43200
S012_DAY1_MINITWICE_3595	27	Pulse	99	1806349	6563	NA
S012_DAY1_MINITWICE_3595	27	Port Input	1	1806349	6563	NA
S012_DAY1_MINITWICE_3595	27	Response	52	1825522	25736	1
S012_DAY1_MINITWICE_3595	27	Pulse	99	1842350	42564	NA
S012_DAY1_MINITWICE_3595	27	Port Input	1	1842350	42564	NA
S012_DAY1_MINITWICE_3595	27	Picture	26_T_PWTRIAD_PW_piramide_red.png	1842985	43199	1	1900	2	43200	1800
S012_DAY1_MINITWICE_3595	28	Picture	RW	1845085	0	1	43200	2	0	43200
S012_DAY1_MINITWICE_3595	28	Response	52	1864255	19170	1
S012_DAY1_MINITWICE_3595	28	Pulse	99	1878351	33266	NA
S012_DAY1_MINITWICE_3595	28	Port Input	1	1878351	33266	NA
S012_DAY1_MINITWICE_3595	28	Picture	27_T_RWTRIAD_RW_sapo_red.png	1888285	43200	1	1900	2	43200	1800
S012_DAY1_MINITWICE_3595	29	Picture	RW	1890385	0	1	43200	2	0	43200
S012_DAY1_MINITWICE_3595	29	Pulse	99	1914352	23967	NA
S012_DAY1_MINITWICE_3595	29	Port Input	1	1914352	23967	NA
S012_DAY1_MINITWICE_3595	29	Response	52	1919139	28754	1
S012_DAY1_MINITWICE_3595	29	Picture	28_T_RWTRIAD_RW_molino_red.png	1933585	43200	1	1900	2	43200	1800
S012_DAY1_MINITWICE_3595	30	Picture	RW	1935685	0	1	43199	2	0	43200
S012_DAY1_MINITWICE_3595	30	Pulse	99	1950353	14668	NA
S012_DAY1_MINITWICE_3595	30	Port Input	1	1950353	14668	NA
S012_DAY1_MINITWICE_3595	30	Response	52	1961103	25418	1
S012_DAY1_MINITWICE_3595	30	Picture	29_T_RWTRIAD_RW_banera_red.png	1978884	43199	1	1900	2	43200	1800
S012_DAY1_MINITWICE_3595	31	Picture	RW	1981184	0	1	43100	2	0	43200
S012_DAY1_MINITWICE_3595	31	Pulse	99	1986354	5170	NA
S012_DAY1_MINITWICE_3595	31	Port Input	1	1986354	5170	NA
S012_DAY1_MINITWICE_3595	31	Response	51	2000077	18893	1
S012_DAY1_MINITWICE_3595	31	Pulse	99	2022355	41171	NA
S012_DAY1_MINITWICE_3595	31	Port Input	1	2022355	41171	NA
S012_DAY1_MINITWICE_3595	31	Picture	30_T_RWTRIAD_RW_ancla_red.png	2024284	43100	1	1900	2	43200	1800
S012_DAY1_MINITWICE_3595	32	Picture	rest	2026284	0	1	144099	2	0	144000
S012_DAY1_MINITWICE_3595	32	Pulse	99	2058356	32072	NA
S012_DAY1_MINITWICE_3595	32	Port Input	1	2058356	32072	NA
S012_DAY1_MINITWICE_3595	32	Pulse	99	2094356	68072	NA
S012_DAY1_MINITWICE_3595	32	Port Input	1	2094356	68072	NA
S012_DAY1_MINITWICE_3595	32	Pulse	99	2130357	104073	NA
S012_DAY1_MINITWICE_3595	32	Port Input	1	2130357	104073	NA
S012_DAY1_MINITWICE_3595	32	Pulse	99	2166358	140074	NA
S012_DAY1_MINITWICE_3595	32	Port Input	1	2166358	140074	NA
S012_DAY1_MINITWICE_3595	33	Picture	endrest	2170482	0	2	10100	4	0	10000
S012_DAY1_MINITWICE_3595	34	Picture	PW	2180982	0	2	43100	3	0	43200
S012_DAY1_MINITWICE_3595	34	Response	51	2199826	18844	1
S012_DAY1_MINITWICE_3595	34	Pulse	99	2202359	21377	NA
S012_DAY1_MINITWICE_3595	34	Port Input	1	2202359	21377	NA
S012_DAY1_MINITWICE_3595	34	Picture	33_T_PWTRIAD_PW_esquimal_red.png	2224082	43100	1	1900	2	43200	1800
S012_DAY1_MINITWICE_3595	35	Picture	PW	2226182	0	1	43200	2	0	43200
S012_DAY1_MINITWICE_3595	35	Pulse	99	2238360	12178	NA
S012_DAY1_MINITWICE_3595	35	Port Input	1	2238360	12178	NA
S012_DAY1_MINITWICE_3595	35	Response	52	2251342	25160	2
S012_DAY1_MINITWICE_3595	35	Picture	34_T_PWTRIAD_PW_llave_red.png	2269382	43200	1	1900	2	43200	1800
S012_DAY1_MINITWICE_3595	36	Picture	PW	2271482	0	1	43200	2	0	43200
S012_DAY1_MINITWICE_3595	36	Pulse	99	2274361	2879	NA
S012_DAY1_MINITWICE_3595	36	Port Input	1	2274361	2879	NA
S012_DAY1_MINITWICE_3595	36	Response	51	2291989	20507	1
S012_DAY1_MINITWICE_3595	36	Pulse	99	2310362	38880	NA
S012_DAY1_MINITWICE_3595	36	Port Input	1	2310362	38880	NA
S012_DAY1_MINITWICE_3595	36	Picture	35_T_PWTRIAD_PW_manos_red.png	2314682	43200	1	1900	2	43200	1800
S012_DAY1_MINITWICE_3595	37	Picture	PW	2316782	0	1	43199	2	0	43200
S012_DAY1_MINITWICE_3595	37	Response	52	2335311	18529	2
S012_DAY1_MINITWICE_3595	37	Pulse	99	2346363	29581	NA
S012_DAY1_MINITWICE_3595	37	Port Input	1	2346363	29581	NA
S012_DAY1_MINITWICE_3595	37	Picture	36_T_PWTRIAD_PW_cuento_red.png	2359981	43199	1	1900	2	43200	1800
S012_DAY1_MINITWICE_3595	38	Picture	RW	2362081	0	1	43200	2	0	43200
S012_DAY1_MINITWICE_3595	38	Response	51	2378898	16817	1
S012_DAY1_MINITWICE_3595	38	Pulse	99	2382364	20283	NA
S012_DAY1_MINITWICE_3595	38	Port Input	1	2382364	20283	NA
S012_DAY1_MINITWICE_3595	38	Picture	37_T_RWTRIAD_RW_zanahoria_red.png	2405281	43200	1	1900	2	43200	1800
S012_DAY1_MINITWICE_3595	39	Picture	RW	2407381	0	1	43200	2	0	43200
S012_DAY1_MINITWICE_3595	39	Pulse	99	2418365	10984	NA
S012_DAY1_MINITWICE_3595	39	Port Input	1	2418365	10984	NA
S012_DAY1_MINITWICE_3595	39	Response	51	2422162	14781	1
S012_DAY1_MINITWICE_3595	39	Picture	38_T_RWTRIAD_RW_lana_red.png	2450581	43200	1	1900	2	43200	1800
S012_DAY1_MINITWICE_3595	40	Picture	RW	2452681	0	1	43199	2	0	43200
S012_DAY1_MINITWICE_3595	40	Pulse	99	2454366	1685	NA
S012_DAY1_MINITWICE_3595	40	Port Input	1	2454366	1685	NA
S012_DAY1_MINITWICE_3595	40	Response	51	2472132	19451	1
S012_DAY1_MINITWICE_3595	40	Pulse	99	2490367	37686	NA
S012_DAY1_MINITWICE_3595	40	Port Input	1	2490367	37686	NA
S012_DAY1_MINITWICE_3595	40	Picture	39_T_RWTRIAD_RW_television_red.png	2495880	43199	1	1900	2	43200	1800
S012_DAY1_MINITWICE_3595	41	Picture	RW	2497980	0	1	43200	2	0	43200
S012_DAY1_MINITWICE_3595	41	Response	52	2522049	24069	1
S012_DAY1_MINITWICE_3595	41	Pulse	99	2526368	28388	NA
S012_DAY1_MINITWICE_3595	41	Port Input	1	2526368	28388	NA
S012_DAY1_MINITWICE_3595	41	Picture	40_T_RWTRIAD_RW_sombrilla_red.png	2541180	43200	1	1900	2	43200	1800
S012_DAY1_MINITWICE_3595	42	Picture	rest	2543180	0	1	144099	2	0	144000
S012_DAY1_MINITWICE_3595	42	Pulse	99	2562369	19189	NA
S012_DAY1_MINITWICE_3595	42	Port Input	1	2562369	19189	NA
S012_DAY1_MINITWICE_3595	42	Pulse	99	2598370	55190	NA
S012_DAY1_MINITWICE_3595	42	Port Input	1	2598370	55190	NA
S012_DAY1_MINITWICE_3595	42	Pulse	99	2634370	91190	NA
S012_DAY1_MINITWICE_3595	42	Port Input	1	2634370	91190	NA
S012_DAY1_MINITWICE_3595	42	Pulse	99	2670371	127191	NA
S012_DAY1_MINITWICE_3595	42	Port Input	1	2670371	127191	NA
S012_DAY1_MINITWICE_3595	43	Picture	endrest	2687379	0	1	10100	2	0	10000
S012_DAY1_MINITWICE_3595	44	Picture	FF	2697879	0	1	43099	3	0	43200
S012_DAY1_MINITWICE_3595	44	Pulse	99	2706372	8493	NA
S012_DAY1_MINITWICE_3595	44	Port Input	1	2706372	8493	NA
S012_DAY1_MINITWICE_3595	44	Response	52	2710227	12348	2
S012_DAY1_MINITWICE_3595	44	Picture	43_T_FFTRIAD_FF_esquimal_red.png	2740978	43099	2	1900	4	43200	1800
S012_DAY1_MINITWICE_3595	44	Pulse	99	2742373	44494	NA
S012_DAY1_MINITWICE_3595	44	Port Input	1	2742373	44494	NA
S012_DAY1_MINITWICE_3595	45	Picture	FF	2743178	0	2	43200	3	0	43200
S012_DAY1_MINITWICE_3595	45	Response	51	2770934	27756	1
S012_DAY1_MINITWICE_3595	45	Pulse	99	2778374	35196	NA
S012_DAY1_MINITWICE_3595	45	Port Input	1	2778374	35196	NA
S012_DAY1_MINITWICE_3595	45	Picture	44_T_FFTRIAD_FF_lenador_red.png	2786378	43200	1	1900	2	43200	1800
S012_DAY1_MINITWICE_3595	46	Picture	FF	2788678	0	1	43100	2	0	43200
S012_DAY1_MINITWICE_3595	46	Response	51	2804222	15544	1
S012_DAY1_MINITWICE_3595	46	Pulse	99	2814375	25697	NA
S012_DAY1_MINITWICE_3595	46	Port Input	1	2814375	25697	NA
S012_DAY1_MINITWICE_3595	46	Picture	45_T_FFTRIAD_FF_bellota_red.png	2831778	43100	1	1900	2	43200	1800
S012_DAY1_MINITWICE_3595	47	Picture	FF	2834078	0	1	43199	3	0	43200
S012_DAY1_MINITWICE_3595	47	Response	52	2847972	13894	1
S012_DAY1_MINITWICE_3595	47	Pulse	99	2850376	16298	NA
S012_DAY1_MINITWICE_3595	47	Port Input	1	2850376	16298	NA
S012_DAY1_MINITWICE_3595	47	Picture	46_T_FFTRIAD_FF_molino_red.png	2877277	43199	2	1900	4	43200	1800
S012_DAY1_MINITWICE_3595	48	Picture	FF	2879477	0	2	43200	3	0	43200
S012_DAY1_MINITWICE_3595	48	Pulse	99	2886377	6900	NA
S012_DAY1_MINITWICE_3595	48	Port Input	1	2886377	6900	NA
S012_DAY1_MINITWICE_3595	48	Response	52	2890352	10875	1
S012_DAY1_MINITWICE_3595	48	Pulse	99	2922378	42901	NA
S012_DAY1_MINITWICE_3595	48	Port Input	1	2922378	42901	NA
S012_DAY1_MINITWICE_3595	48	Picture	47_T_FFTRIAD_FF_telarana_red.png	2922677	43200	1	1900	2	43200	1800
S012_DAY1_MINITWICE_3595	49	Picture	FF	2924977	0	1	43200	2	0	43200
S012_DAY1_MINITWICE_3595	49	Response	51	2939945	14968	1
S012_DAY1_MINITWICE_3595	49	Pulse	99	2958379	33402	NA
S012_DAY1_MINITWICE_3595	49	Port Input	1	2958379	33402	NA
S012_DAY1_MINITWICE_3595	49	Picture	48_T_FFTRIAD_FF_sapo_red.png	2968177	43200	1	1900	2	43200	1800
S012_DAY1_MINITWICE_3595	50	Picture	FF	2970477	0	1	43099	2	0	43200
S012_DAY1_MINITWICE_3595	50	Response	52	2988530	18053	1
S012_DAY1_MINITWICE_3595	50	Pulse	99	2994380	23903	NA
S012_DAY1_MINITWICE_3595	50	Port Input	1	2994380	23903	NA
S012_DAY1_MINITWICE_3595	50	Picture	49_T_FFTRIAD_FF_murcielago_red.png	3013576	43099	1	1900	2	43200	1800
S012_DAY1_MINITWICE_3595	51	Picture	FF	3015876	0	1	43200	2	0	43200
S012_DAY1_MINITWICE_3595	51	Response	52	3027537	11661	1
S012_DAY1_MINITWICE_3595	51	Pulse	99	3030381	14505	NA
S012_DAY1_MINITWICE_3595	51	Port Input	1	3030381	14505	NA
S012_DAY1_MINITWICE_3595	51	Picture	50_T_FFTRIAD_FF_iglu_red.png	3059076	43200	1	1900	2	43200	1800
S012_DAY1_MINITWICE_3595	52	Picture	rest	3061076	0	1	144099	2	0	144000
S012_DAY1_MINITWICE_3595	52	Pulse	99	3066382	5306	NA
S012_DAY1_MINITWICE_3595	52	Port Input	1	3066382	5306	NA
S012_DAY1_MINITWICE_3595	52	Pulse	99	3102382	41306	NA
S012_DAY1_MINITWICE_3595	52	Port Input	1	3102382	41306	NA
S012_DAY1_MINITWICE_3595	52	Pulse	99	3138383	77307	NA
S012_DAY1_MINITWICE_3595	52	Port Input	1	3138383	77307	NA
S012_DAY1_MINITWICE_3595	52	Pulse	99	3174384	113308	NA
S012_DAY1_MINITWICE_3595	52	Port Input	1	3174384	113308	NA
S012_DAY1_MINITWICE_3595	53	Picture	endrest	3205275	0	1	10100	2	0	10000
S012_DAY1_MINITWICE_3595	53	Pulse	99	3210385	5110	NA
S012_DAY1_MINITWICE_3595	53	Port Input	1	3210385	5110	NA
S012_DAY1_MINITWICE_3595	54	Picture	RW	3215775	0	1	43199	3	0	43200
S012_DAY1_MINITWICE_3595	54	Response	52	3232115	16340	1
S012_DAY1_MINITWICE_3595	54	Pulse	99	3246386	30611	NA
S012_DAY1_MINITWICE_3595	54	Port Input	1	3246386	30611	NA
S012_DAY1_MINITWICE_3595	54	Picture	53_T_RWTRIAD_RW_arbol_red.png	3258974	43199	2	1900	4	43200	1800
S012_DAY1_MINITWICE_3595	55	Picture	RW	3261074	0	2	43200	3	0	43200
S012_DAY1_MINITWICE_3595	55	Response	52	3274115	13041	1
S012_DAY1_MINITWICE_3595	55	Pulse	99	3282387	21313	NA
S012_DAY1_MINITWICE_3595	55	Port Input	1	3282387	21313	NA
S012_DAY1_MINITWICE_3595	55	Picture	54_T_RWTRIAD_RW_gafas_red.png	3304274	43200	1	1900	2	43200	1800
S012_DAY1_MINITWICE_3595	56	Picture	RW	3306374	0	1	43200	2	0	43200
S012_DAY1_MINITWICE_3595	56	Pulse	99	3318388	12014	NA
S012_DAY1_MINITWICE_3595	56	Port Input	1	3318388	12014	NA
S012_DAY1_MINITWICE_3595	56	Response	52	3321828	15454	2
S012_DAY1_MINITWICE_3595	56	Picture	55_T_RWTRIAD_RW_leche_red.png	3349574	43200	1	1900	2	43200	1800
S012_DAY1_MINITWICE_3595	57	Picture	RW	3351674	0	1	43199	3	0	43200
S012_DAY1_MINITWICE_3595	57	Pulse	99	3354389	2715	NA
S012_DAY1_MINITWICE_3595	57	Port Input	1	3354389	2715	NA
S012_DAY1_MINITWICE_3595	57	Response	51	3369957	18283	1
S012_DAY1_MINITWICE_3595	57	Pulse	99	3390390	38716	NA
S012_DAY1_MINITWICE_3595	57	Port Input	1	3390390	38716	NA
S012_DAY1_MINITWICE_3595	57	Picture	56_T_RWTRIAD_RW_tijera_red.png	3394873	43199	2	1900	4	43200	1800
S012_DAY1_MINITWICE_3595	58	Picture	FF	3397073	0	2	43100	3	0	43200
S012_DAY1_MINITWICE_3595	58	Response	51	3408290	11217	1
S012_DAY1_MINITWICE_3595	58	Pulse	99	3426391	29318	NA
S012_DAY1_MINITWICE_3595	58	Port Input	1	3426391	29318	NA
S012_DAY1_MINITWICE_3595	58	Picture	57_T_FFTRIAD_FF_martillo_red.png	3440173	43100	1	1900	2	43200	1800
S012_DAY1_MINITWICE_3595	59	Picture	FF	3442273	0	1	43200	2	0	43200
S012_DAY1_MINITWICE_3595	59	Response	52	3452725	10452	2
S012_DAY1_MINITWICE_3595	59	Pulse	99	3462392	20119	NA
S012_DAY1_MINITWICE_3595	59	Port Input	1	3462392	20119	NA
S012_DAY1_MINITWICE_3595	59	Picture	58_T_FFTRIAD_FF_mono_red.png	3485473	43200	1	1900	2	43200	1800
S012_DAY1_MINITWICE_3595	60	Picture	FF	3487773	0	1	43099	3	0	43200
S012_DAY1_MINITWICE_3595	60	Pulse	99	3498393	10620	NA
S012_DAY1_MINITWICE_3595	60	Port Input	1	3498393	10620	NA
S012_DAY1_MINITWICE_3595	60	Response	51	3501203	13430	1
S012_DAY1_MINITWICE_3595	60	Picture	59_T_FFTRIAD_FF_carruaje_red.png	3530872	43099	2	1900	4	43200	1800
S012_DAY1_MINITWICE_3595	61	Picture	FF	3533172	0	1	43100	2	0	43200
S012_DAY1_MINITWICE_3595	61	Pulse	99	3534394	1222	NA
S012_DAY1_MINITWICE_3595	61	Port Input	1	3534394	1222	NA
S012_DAY1_MINITWICE_3595	61	Response	52	3541397	8225	1
S012_DAY1_MINITWICE_3595	61	Pulse	99	3570395	37223	NA
S012_DAY1_MINITWICE_3595	61	Port Input	1	3570395	37223	NA
S012_DAY1_MINITWICE_3595	61	Picture	60_T_FFTRIAD_FF_plato_red.png	3576272	43100	1	1900	2	43200	1800
S012_DAY1_MINITWICE_3595	62	Picture	rest	3578272	0	1	144099	2	0	144000
S012_DAY1_MINITWICE_3595	62	Pulse	99	3606396	28124	NA
S012_DAY1_MINITWICE_3595	62	Port Input	1	3606396	28124	NA
S012_DAY1_MINITWICE_3595	62	Pulse	99	3642396	64124	NA
S012_DAY1_MINITWICE_3595	62	Port Input	1	3642396	64124	NA
S012_DAY1_MINITWICE_3595	62	Pulse	99	3678397	100125	NA
S012_DAY1_MINITWICE_3595	62	Port Input	1	3678397	100125	NA
S012_DAY1_MINITWICE_3595	62	Pulse	99	3714398	136126	NA
S012_DAY1_MINITWICE_3595	62	Port Input	1	3714398	136126	NA
S012_DAY1_MINITWICE_3595	63	Picture	endrest	3722471	0	1	10100	2	0	10000
S012_DAY1_MINITWICE_3595	64	Picture	FF	3732871	0	1	43200	2	0	43200
S012_DAY1_MINITWICE_3595	64	Response	52	3748427	15556	1
S012_DAY1_MINITWICE_3595	64	Pulse	99	3750399	17528	NA
S012_DAY1_MINITWICE_3595	64	Port Input	1	3750399	17528	NA
S012_DAY1_MINITWICE_3595	64	Picture	63_T_FFTRIAD_FF_destornillador_red.png	3776071	43200	1	1900	2	43200	1800
S012_DAY1_MINITWICE_3595	65	Picture	FF	3778371	0	1	43099	2	0	43200
S012_DAY1_MINITWICE_3595	65	Pulse	99	3786400	8029	NA
S012_DAY1_MINITWICE_3595	65	Port Input	1	3786400	8029	NA
S012_DAY1_MINITWICE_3595	65	Picture	64_T_FFTRIAD_FF_madera_red.png	3821470	43099	1	1900	2	43200	1800
S012_DAY1_MINITWICE_3595	65	Pulse	99	3822401	44030	NA
S012_DAY1_MINITWICE_3595	65	Port Input	1	3822401	44030	NA
S012_DAY1_MINITWICE_3595	66	Picture	FF	3823570	0	1	43200	2	0	43200
S012_DAY1_MINITWICE_3595	66	Response	52	3835660	12090	1
S012_DAY1_MINITWICE_3595	66	Pulse	99	3858402	34832	NA
S012_DAY1_MINITWICE_3595	66	Port Input	1	3858402	34832	NA
S012_DAY1_MINITWICE_3595	66	Picture	65_T_FFTRIAD_FF_monja_red.png	3866770	43200	1	1900	2	43200	1800
S012_DAY1_MINITWICE_3595	67	Picture	FF	3869070	0	1	43200	2	0	43200
S012_DAY1_MINITWICE_3595	67	Response	52	3881631	12561	1
S012_DAY1_MINITWICE_3595	67	Pulse	99	3894403	25333	NA
S012_DAY1_MINITWICE_3595	67	Port Input	1	3894403	25333	NA
S012_DAY1_MINITWICE_3595	67	Picture	66_T_FFTRIAD_FF_silla_red.png	3912270	43200	1	1899	3	43200	1800
S012_DAY1_MINITWICE_3595	68	Picture	RW	3914370	0	1	43199	2	0	43200
S012_DAY1_MINITWICE_3595	68	Pulse	99	3930404	16034	NA
S012_DAY1_MINITWICE_3595	68	Port Input	1	3930404	16034	NA
S012_DAY1_MINITWICE_3595	68	Response	52	3938092	23722	1
S012_DAY1_MINITWICE_3595	68	Picture	67_T_RWTRIAD_RW_raton_red.png	3957569	43199	1	1900	2	43200	1800
S012_DAY1_MINITWICE_3595	69	Picture	RW	3959669	0	1	43200	2	0	43200
S012_DAY1_MINITWICE_3595	69	Pulse	99	3966405	6736	NA
S012_DAY1_MINITWICE_3595	69	Port Input	1	3966405	6736	NA
S012_DAY1_MINITWICE_3595	69	Response	51	3974733	15064	1
S012_DAY1_MINITWICE_3595	69	Pulse	99	4002406	42737	NA
S012_DAY1_MINITWICE_3595	69	Port Input	1	4002406	42737	NA
S012_DAY1_MINITWICE_3595	69	Picture	68_T_RWTRIAD_RW_telarana_red.png	4002869	43200	1	1900	2	43200	1800
S012_DAY1_MINITWICE_3595	70	Picture	RW	4005169	0	1	43200	2	0	43200
S012_DAY1_MINITWICE_3595	70	Response	51	4028932	23763	2
S012_DAY1_MINITWICE_3595	70	Pulse	99	4038407	33238	NA
S012_DAY1_MINITWICE_3595	70	Port Input	1	4038407	33238	NA
S012_DAY1_MINITWICE_3595	70	Picture	69_T_RWTRIAD_RW_cerillas_red.png	4048369	43200	1	1900	2	43200	1800
S012_DAY1_MINITWICE_3595	71	Picture	RW	4050468	0	2	43200	3	0	43200
S012_DAY1_MINITWICE_3595	71	Response	52	4065916	15448	2
S012_DAY1_MINITWICE_3595	71	Pulse	99	4074408	23940	NA
S012_DAY1_MINITWICE_3595	71	Port Input	1	4074408	23940	NA
S012_DAY1_MINITWICE_3595	71	Picture	70_T_RWTRIAD_RW_cinturon_red.png	4093668	43200	1	1900	2	43200	1800
S012_DAY1_MINITWICE_3595	72	Picture	rest	4095668	0	1	144099	2	0	144000
S012_DAY1_MINITWICE_3595	72	Pulse	99	4110409	14741	NA
S012_DAY1_MINITWICE_3595	72	Port Input	1	4110409	14741	NA
S012_DAY1_MINITWICE_3595	72	Pulse	99	4146409	50741	NA
S012_DAY1_MINITWICE_3595	72	Port Input	1	4146409	50741	NA
S012_DAY1_MINITWICE_3595	72	Pulse	99	4182410	86742	NA
S012_DAY1_MINITWICE_3595	72	Port Input	1	4182410	86742	NA
S012_DAY1_MINITWICE_3595	72	Pulse	99	4218411	122743	NA
S012_DAY1_MINITWICE_3595	72	Port Input	1	4218411	122743	NA
S012_DAY1_MINITWICE_3595	73	Picture	endrest	4239867	0	1	10100	2	0	10000
S012_DAY1_MINITWICE_3595	74	Picture	PW	4250367	0	1	43100	2	0	43200
S012_DAY1_MINITWICE_3595	74	Pulse	99	4254412	4045	NA
S012_DAY1_MINITWICE_3595	74	Port Input	1	4254412	4045	NA
S012_DAY1_MINITWICE_3595	74	Response	52	4276115	25748	1
S012_DAY1_MINITWICE_3595	74	Pulse	99	4290413	40046	NA
S012_DAY1_MINITWICE_3595	74	Port Input	1	4290413	40046	NA
S012_DAY1_MINITWICE_3595	74	Picture	73_T_PWTRIAD_PW_television_red.png	4293467	43100	1	1900	2	43200	1800
S012_DAY1_MINITWICE_3595	75	Picture	PW	4295567	0	1	43199	2	0	43200
S012_DAY1_MINITWICE_3595	75	Response	51	4314216	18649	1
S012_DAY1_MINITWICE_3595	75	Pulse	99	4326414	30847	NA
S012_DAY1_MINITWICE_3595	75	Port Input	1	4326414	30847	NA
S012_DAY1_MINITWICE_3595	75	Picture	74_T_PWTRIAD_PW_pluma_red.png	4338766	43199	1	1900	2	43200	1800
S012_DAY1_MINITWICE_3595	76	Picture	PW	4340966	0	1	43200	2	0	43200
S012_DAY1_MINITWICE_3595	76	Response	52	4359257	18291	1
S012_DAY1_MINITWICE_3595	76	Pulse	99	4362415	21449	NA
S012_DAY1_MINITWICE_3595	76	Port Input	1	4362415	21449	NA
S012_DAY1_MINITWICE_3595	76	Picture	75_T_PWTRIAD_PW_agua_red.png	4384166	43200	1	1900	2	43200	1800
S012_DAY1_MINITWICE_3595	77	Picture	PW	4386266	0	1	43200	2	0	43200
S012_DAY1_MINITWICE_3595	77	Pulse	99	4398416	12150	NA
S012_DAY1_MINITWICE_3595	77	Port Input	1	4398416	12150	NA
S012_DAY1_MINITWICE_3595	77	Response	51	4410073	23807	1
S012_DAY1_MINITWICE_3595	77	Picture	76_T_PWTRIAD_PW_anillo_red.png	4429466	43200	1	1900	2	43200	1800
S012_DAY1_MINITWICE_3595	78	Picture	RW	4431566	0	1	43199	2	0	43200
S012_DAY1_MINITWICE_3595	78	Pulse	99	4434417	2851	NA
S012_DAY1_MINITWICE_3595	78	Port Input	1	4434417	2851	NA
S012_DAY1_MINITWICE_3595	78	Response	51	4455117	23551	1
S012_DAY1_MINITWICE_3595	78	Pulse	99	4470418	38852	NA
S012_DAY1_MINITWICE_3595	78	Port Input	1	4470418	38852	NA
S012_DAY1_MINITWICE_3595	78	Picture	77_T_RWTRIAD_RW_portatil_red.png	4474765	43199	1	1900	2	43200	1800
S012_DAY1_MINITWICE_3595	79	Picture	RW	4476865	0	1	43200	2	0	43200
S012_DAY1_MINITWICE_3595	79	Response	51	4501939	25074	1
S012_DAY1_MINITWICE_3595	79	Pulse	99	4506419	29554	NA
S012_DAY1_MINITWICE_3595	79	Port Input	1	4506419	29554	NA
S012_DAY1_MINITWICE_3595	79	Picture	78_T_RWTRIAD_RW_carruaje_red.png	4520065	43200	1	1900	2	43200	1800
S012_DAY1_MINITWICE_3595	80	Picture	RW	4522165	0	1	43200	2	0	43200
S012_DAY1_MINITWICE_3595	80	Pulse	99	4542420	20255	NA
S012_DAY1_MINITWICE_3595	80	Port Input	1	4542420	20255	NA
S012_DAY1_MINITWICE_3595	80	Response	51	4549586	27421	1
S012_DAY1_MINITWICE_3595	80	Picture	79_T_RWTRIAD_RW_tenedor_red.png	4565365	43200	1	1900	2	43200	1800
S012_DAY1_MINITWICE_3595	81	Picture	RW	4567465	0	1	43199	2	0	43200
S012_DAY1_MINITWICE_3595	81	Pulse	99	4578421	10956	NA
S012_DAY1_MINITWICE_3595	81	Port Input	1	4578421	10956	NA
S012_DAY1_MINITWICE_3595	81	Response	51	4602802	35337	1
S012_DAY1_MINITWICE_3595	81	Picture	80_T_RWTRIAD_RW_ascensor_red.png	4610664	43199	1	1900	2	43200	1800
S012_DAY1_MINITWICE_3595	82	Picture	rest	4612664	0	1	144099	2	0	144000
S012_DAY1_MINITWICE_3595	82	Pulse	99	4614422	1758	NA
S012_DAY1_MINITWICE_3595	82	Port Input	1	4614422	1758	NA
S012_DAY1_MINITWICE_3595	82	Pulse	99	4650423	37759	NA
S012_DAY1_MINITWICE_3595	82	Port Input	1	4650423	37759	NA
S012_DAY1_MINITWICE_3595	82	Pulse	99	4686423	73759	NA
S012_DAY1_MINITWICE_3595	82	Port Input	1	4686423	73759	NA
S012_DAY1_MINITWICE_3595	82	Pulse	99	4722424	109760	NA
S012_DAY1_MINITWICE_3595	82	Port Input	1	4722424	109760	NA
S012_DAY1_MINITWICE_3595	83	Picture	endrest	4756863	0	1	10100	2	0	10000
S012_DAY1_MINITWICE_3595	83	Pulse	99	4758425	1562	NA
S012_DAY1_MINITWICE_3595	83	Port Input	1	4758425	1562	NA
S012_DAY1_MINITWICE_3595	84	Picture	PW	4767363	0	1	43100	2	0	43200
S012_DAY1_MINITWICE_3595	84	Pulse	99	4794426	27063	NA
S012_DAY1_MINITWICE_3595	84	Port Input	1	4794426	27063	NA
S012_DAY1_MINITWICE_3595	84	Picture	83_T_PWTRIAD_PW_telarana_red.png	4810463	43100	1	1900	2	43200	1800
S012_DAY1_MINITWICE_3595	85	Picture	PW	4812563	0	1	43199	2	0	43200
S012_DAY1_MINITWICE_3595	85	Response	51	4819760	7197	1
S012_DAY1_MINITWICE_3595	85	Pulse	99	4830427	17864	NA
S012_DAY1_MINITWICE_3595	85	Port Input	1	4830427	17864	NA
S012_DAY1_MINITWICE_3595	85	Picture	84_T_PWTRIAD_PW_plato_red.png	4855762	43199	1	1900	2	43200	1800
S012_DAY1_MINITWICE_3595	85	Response	51	4857793	45230	3
S012_DAY1_MINITWICE_3595	86	Picture	PW	4857862	0	1	43200	2	0	43200
S012_DAY1_MINITWICE_3595	86	Pulse	99	4866428	8566	NA
S012_DAY1_MINITWICE_3595	86	Port Input	1	4866428	8566	NA
S012_DAY1_MINITWICE_3595	86	Response	52	4893305	35443	1
S012_DAY1_MINITWICE_3595	86	Picture	85_T_PWTRIAD_PW_telefono_red.png	4901062	43200	1	1900	2	43200	1800
S012_DAY1_MINITWICE_3595	86	Pulse	99	4902429	44567	NA
S012_DAY1_MINITWICE_3595	86	Port Input	1	4902429	44567	NA
S012_DAY1_MINITWICE_3595	87	Picture	PW	4903362	0	1	43100	2	0	43200
S012_DAY1_MINITWICE_3595	87	Response	51	4920518	17156	1
S012_DAY1_MINITWICE_3595	87	Pulse	99	4938430	35068	NA
S012_DAY1_MINITWICE_3595	87	Port Input	1	4938430	35068	NA
S012_DAY1_MINITWICE_3595	87	Picture	86_T_PWTRIAD_PW_grifo_red.png	4946462	43100	1	1900	2	43200	1800
S012_DAY1_MINITWICE_3595	88	Picture	PW	4948562	0	1	43199	2	0	43200
S012_DAY1_MINITWICE_3595	88	Response	52	4967077	18515	1
S012_DAY1_MINITWICE_3595	88	Pulse	99	4974431	25869	NA
S012_DAY1_MINITWICE_3595	88	Port Input	1	4974431	25869	NA
S012_DAY1_MINITWICE_3595	88	Picture	87_T_PWTRIAD_PW_policia_red.png	4991761	43199	1	1900	2	43200	1800
S012_DAY1_MINITWICE_3595	89	Picture	PW	4993861	0	1	43200	2	0	43200
S012_DAY1_MINITWICE_3595	89	Pulse	99	5010432	16571	NA
S012_DAY1_MINITWICE_3595	89	Port Input	1	5010432	16571	NA
S012_DAY1_MINITWICE_3595	89	Response	51	5014642	20781	1
S012_DAY1_MINITWICE_3595	89	Picture	88_T_PWTRIAD_PW_traje_red.png	5037061	43200	1	1900	2	43200	1800
S012_DAY1_MINITWICE_3595	90	Picture	PW	5039361	0	1	43200	2	0	43200
S012_DAY1_MINITWICE_3595	90	Pulse	99	5046433	7072	NA
S012_DAY1_MINITWICE_3595	90	Port Input	1	5046433	7072	NA
S012_DAY1_MINITWICE_3595	90	Response	52	5062623	23262	1
S012_DAY1_MINITWICE_3595	90	Pulse	99	5082434	43073	NA
S012_DAY1_MINITWICE_3595	90	Port Input	1	5082434	43073	NA
S012_DAY1_MINITWICE_3595	90	Picture	89_T_PWTRIAD_PW_cinturon_red.png	5082561	43200	1	1900	2	43200	1800
S012_DAY1_MINITWICE_3595	91	Picture	PW	5084661	0	1	43199	2	0	43200
S012_DAY1_MINITWICE_3595	91	Response	51	5104629	19968	1
S012_DAY1_MINITWICE_3595	91	Pulse	99	5118435	33774	NA
S012_DAY1_MINITWICE_3595	91	Port Input	1	5118435	33774	NA
S012_DAY1_MINITWICE_3595	91	Picture	90_T_PWTRIAD_PW_queso_red.png	5127860	43199	1	1900	2	43200	1800
S012_DAY1_MINITWICE_3595	92	Picture	rest	5129860	0	1	144099	3	0	144000
S012_DAY1_MINITWICE_3595	92	Pulse	99	5154435	24575	NA
S012_DAY1_MINITWICE_3595	92	Port Input	1	5154435	24575	NA
S012_DAY1_MINITWICE_3595	92	Pulse	99	5190436	60576	NA
S012_DAY1_MINITWICE_3595	92	Port Input	1	5190436	60576	NA
S012_DAY1_MINITWICE_3595	92	Pulse	99	5226437	96577	NA
S012_DAY1_MINITWICE_3595	92	Port Input	1	5226437	96577	NA
S012_DAY1_MINITWICE_3595	92	Pulse	99	5262438	132578	NA
S012_DAY1_MINITWICE_3595	92	Port Input	1	5262438	132578	NA
S012_DAY1_MINITWICE_3595	93	Picture	endrest	5274059	0	1	10100	2	0	10000
S012_DAY1_MINITWICE_3595	94	Picture	PW	5284559	0	2	43200	3	0	43200
S012_DAY1_MINITWICE_3595	94	Pulse	99	5298439	13880	NA
S012_DAY1_MINITWICE_3595	94	Port Input	1	5298439	13880	NA
S012_DAY1_MINITWICE_3595	94	Response	51	5306741	22182	1
S012_DAY1_MINITWICE_3595	94	Picture	93_T_PWTRIAD_PW_destornillador_red.png	5327759	43200	1	1900	2	43200	1800
S012_DAY1_MINITWICE_3595	95	Picture	PW	5329859	0	1	43199	3	0	43200
S012_DAY1_MINITWICE_3595	95	Pulse	99	5334440	4581	NA
S012_DAY1_MINITWICE_3595	95	Port Input	1	5334440	4581	NA
S012_DAY1_MINITWICE_3595	95	Response	51	5350964	21105	1
S012_DAY1_MINITWICE_3595	95	Pulse	99	5370441	40582	NA
S012_DAY1_MINITWICE_3595	95	Port Input	1	5370441	40582	NA
S012_DAY1_MINITWICE_3595	95	Picture	94_T_PWTRIAD_PW_candado_red.png	5373058	43199	2	1900	4	43200	1800
S012_DAY1_MINITWICE_3595	96	Picture	PW	5375158	0	1	43200	2	0	43200
S012_DAY1_MINITWICE_3595	96	Response	52	5394882	19724	2
S012_DAY1_MINITWICE_3595	96	Pulse	99	5406442	31284	NA
S012_DAY1_MINITWICE_3595	96	Port Input	1	5406442	31284	NA
S012_DAY1_MINITWICE_3595	96	Picture	95_T_PWTRIAD_PW_chupete_red.png	5418358	43200	1	1900	2	43200	1800
S012_DAY1_MINITWICE_3595	97	Picture	PW	5420458	0	1	43200	2	0	43200
S012_DAY1_MINITWICE_3595	97	Pulse	99	5442443	21985	NA
S012_DAY1_MINITWICE_3595	97	Port Input	1	5442443	21985	NA
S012_DAY1_MINITWICE_3595	97	Response	51	5447672	27214	1
S012_DAY1_MINITWICE_3595	97	Picture	96_T_PWTRIAD_PW_tenedor_red.png	5463658	43200	1	1900	2	43200	1800
S012_DAY1_MINITWICE_3595	98	Picture	FF	5465958	0	1	43099	3	0	43200
S012_DAY1_MINITWICE_3595	98	Response	51	5477264	11306	2
S012_DAY1_MINITWICE_3595	98	Pulse	99	5478444	12486	NA
S012_DAY1_MINITWICE_3595	98	Port Input	1	5478444	12486	NA
S012_DAY1_MINITWICE_3595	98	Picture	97_T_FFTRIAD_FF_pincel_red.png	5509057	43099	2	1900	3	43200	1800
S012_DAY1_MINITWICE_3595	99	Picture	FF	5511257	0	1	43200	2	0	43200
S012_DAY1_MINITWICE_3595	99	Pulse	99	5514445	3188	NA
S012_DAY1_MINITWICE_3595	99	Port Input	1	5514445	3188	NA
S012_DAY1_MINITWICE_3595	99	Response	52	5521114	9857	1
S012_DAY1_MINITWICE_3595	99	Pulse	99	5550446	39189	NA
S012_DAY1_MINITWICE_3595	99	Port Input	1	5550446	39189	NA
S012_DAY1_MINITWICE_3595	99	Picture	98_T_FFTRIAD_FF_bebe_red.png	5554457	43200	1	1900	2	43200	1800
S012_DAY1_MINITWICE_3595	100	Picture	FF	5556557	0	1	43200	2	0	43200
S012_DAY1_MINITWICE_3595	100	Response	52	5577374	20817	1
S012_DAY1_MINITWICE_3595	100	Pulse	99	5586447	29890	NA
S012_DAY1_MINITWICE_3595	100	Port Input	1	5586447	29890	NA
S012_DAY1_MINITWICE_3595	100	Picture	99_T_FFTRIAD_FF_sobre_red.png	5599757	43200	1	1900	2	43200	1800
S012_DAY1_MINITWICE_3595	101	Picture	FF	5602057	0	1	43199	2	0	43200
S012_DAY1_MINITWICE_3595	101	Response	51	5613341	11284	1
S012_DAY1_MINITWICE_3595	101	Pulse	99	5622448	20391	NA
S012_DAY1_MINITWICE_3595	101	Port Input	1	5622448	20391	NA
S012_DAY1_MINITWICE_3595	101	Picture	100_T_FFTRIAD_FF_llave_red.png	5645256	43199	1	1900	2	43200	1800
S012_DAY1_MINITWICE_3595	102	Picture	rest	5647256	0	1	144099	2	0	144000
S012_DAY1_MINITWICE_3595	102	Pulse	99	5658449	11193	NA
S012_DAY1_MINITWICE_3595	102	Port Input	1	5658449	11193	NA
S012_DAY1_MINITWICE_3595	102	Pulse	99	5694450	47194	NA
S012_DAY1_MINITWICE_3595	102	Port Input	1	5694450	47194	NA
S012_DAY1_MINITWICE_3595	102	Pulse	99	5730450	83194	NA
S012_DAY1_MINITWICE_3595	102	Port Input	1	5730450	83194	NA
S012_DAY1_MINITWICE_3595	102	Pulse	99	5766451	119195	NA
S012_DAY1_MINITWICE_3595	102	Port Input	1	5766451	119195	NA
S012_DAY1_MINITWICE_3595	103	Picture	endrest	5791455	0	1	10100	2	0	10000
S012_DAY1_MINITWICE_3595	104	Picture	FF	5801955	0	1	43200	2	0	43200
S012_DAY1_MINITWICE_3595	104	Pulse	99	5802452	497	NA
S012_DAY1_MINITWICE_3595	104	Port Input	1	5802452	497	NA
S012_DAY1_MINITWICE_3595	104	Response	51	5820353	18398	2
S012_DAY1_MINITWICE_3595	104	Pulse	99	5838453	36498	NA
S012_DAY1_MINITWICE_3595	104	Port Input	1	5838453	36498	NA
S012_DAY1_MINITWICE_3595	104	Picture	103_T_FFTRIAD_FF_tijera_red.png	5845155	43200	1	1900	2	43200	1800
S012_DAY1_MINITWICE_3595	105	Picture	FF	5847455	0	1	43100	2	0	43200
S012_DAY1_MINITWICE_3595	105	Pulse	99	5874454	26999	NA
S012_DAY1_MINITWICE_3595	105	Port Input	1	5874454	26999	NA
S012_DAY1_MINITWICE_3595	105	Picture	104_T_FFTRIAD_FF_futbol_red.png	5890555	43100	1	1899	3	43200	1800
S012_DAY1_MINITWICE_3595	106	Picture	FF	5892654	0	2	43200	3	0	43200
S012_DAY1_MINITWICE_3595	106	Response	51	5906045	13391	1
S012_DAY1_MINITWICE_3595	106	Pulse	99	5910455	17801	NA
S012_DAY1_MINITWICE_3595	106	Port Input	1	5910455	17801	NA
S012_DAY1_MINITWICE_3595	106	Picture	105_T_FFTRIAD_FF_lechuga_red.png	5935854	43200	1	1900	2	43200	1800
S012_DAY1_MINITWICE_3595	107	Picture	FF	5937954	0	1	43200	2	0	43200
S012_DAY1_MINITWICE_3595	107	Pulse	99	5946456	8502	NA
S012_DAY1_MINITWICE_3595	107	Port Input	1	5946456	8502	NA
S012_DAY1_MINITWICE_3595	107	Response	52	5950387	12433	1
S012_DAY1_MINITWICE_3595	107	Picture	106_T_FFTRIAD_FF_ascensor_red.png	5981154	43200	1	1900	2	43200	1800
S012_DAY1_MINITWICE_3595	107	Pulse	99	5982457	44503	NA
S012_DAY1_MINITWICE_3595	107	Port Input	1	5982457	44503	NA
S012_DAY1_MINITWICE_3595	108	Picture	PW	5983454	0	1	43099	3	0	43200
S012_DAY1_MINITWICE_3595	108	Response	51	6010022	26568	2
S012_DAY1_MINITWICE_3595	108	Pulse	99	6018458	35004	NA
S012_DAY1_MINITWICE_3595	108	Port Input	1	6018458	35004	NA
S012_DAY1_MINITWICE_3595	108	Picture	107_T_PWTRIAD_PW_bala_red.png	6026553	43099	2	1900	4	43200	1800
S012_DAY1_MINITWICE_3595	109	Picture	PW	6028853	0	2	43100	3	0	43200
S012_DAY1_MINITWICE_3595	109	Response	52	6048864	20011	1
S012_DAY1_MINITWICE_3595	109	Pulse	99	6054459	25606	NA
S012_DAY1_MINITWICE_3595	109	Port Input	1	6054459	25606	NA
S012_DAY1_MINITWICE_3595	109	Picture	108_T_PWTRIAD_PW_oruga_red.png	6071953	43100	1	1900	2	43200	1800
S012_DAY1_MINITWICE_3595	110	Picture	PW	6074253	0	1	43200	2	0	43200
S012_DAY1_MINITWICE_3595	110	Pulse	99	6090460	16207	NA
S012_DAY1_MINITWICE_3595	110	Port Input	1	6090460	16207	NA
S012_DAY1_MINITWICE_3595	110	Response	51	6097940	23687	1
S012_DAY1_MINITWICE_3595	110	Picture	109_T_PWTRIAD_PW_martillo_red.png	6117453	43200	1	1900	2	43200	1800
S012_DAY1_MINITWICE_3595	111	Picture	PW	6119753	0	1	43199	3	0	43200
S012_DAY1_MINITWICE_3595	111	Pulse	99	6126461	6708	NA
S012_DAY1_MINITWICE_3595	111	Port Input	1	6126461	6708	NA
S012_DAY1_MINITWICE_3595	111	Response	51	6154355	34602	2
S012_DAY1_MINITWICE_3595	111	Pulse	99	6162462	42709	NA
S012_DAY1_MINITWICE_3595	111	Port Input	1	6162462	42709	NA
S012_DAY1_MINITWICE_3595	111	Picture	110_T_PWTRIAD_PW_cortina_red.png	6162952	43199	2	1900	4	43200	1800
S012_DAY1_MINITWICE_3595	112	Picture	rest	6164952	0	2	144099	3	0	144000
S012_DAY1_MINITWICE_3595	112	Pulse	99	6198463	33511	NA
S012_DAY1_MINITWICE_3595	112	Port Input	1	6198463	33511	NA
S012_DAY1_MINITWICE_3595	112	Pulse	99	6234463	69511	NA
S012_DAY1_MINITWICE_3595	112	Port Input	1	6234463	69511	NA
S012_DAY1_MINITWICE_3595	112	Pulse	99	6270464	105512	NA
S012_DAY1_MINITWICE_3595	112	Port Input	1	6270464	105512	NA
S012_DAY1_MINITWICE_3595	112	Pulse	99	6306465	141513	NA
S012_DAY1_MINITWICE_3595	112	Port Input	1	6306465	141513	NA
S012_DAY1_MINITWICE_3595	113	Picture	endrest	6309151	0	1	10100	2	0	10000
S012_DAY1_MINITWICE_3595	114	Picture	FF	6319551	0	1	43200	2	0	43200
S012_DAY1_MINITWICE_3595	114	Response	51	6334344	14793	1
S012_DAY1_MINITWICE_3595	114	Pulse	99	6342466	22915	NA
S012_DAY1_MINITWICE_3595	114	Port Input	1	6342466	22915	NA
S012_DAY1_MINITWICE_3595	114	Picture	113_T_FFTRIAD_FF_piramide_red.png	6362751	43200	1	1900	2	43200	1800
S012_DAY1_MINITWICE_3595	115	Picture	FF	6365051	0	1	43100	2	0	43200
S012_DAY1_MINITWICE_3595	115	Response	51	6377705	12654	1
S012_DAY1_MINITWICE_3595	115	Pulse	99	6378467	13416	NA
S012_DAY1_MINITWICE_3595	115	Port Input	1	6378467	13416	NA
S012_DAY1_MINITWICE_3595	115	Picture	114_T_FFTRIAD_FF_charco_red.png	6408151	43100	1	1900	2	43200	1800
S012_DAY1_MINITWICE_3595	116	Picture	FF	6410551	0	1	43099	2	0	43200
S012_DAY1_MINITWICE_3595	116	Pulse	99	6414468	3917	NA
S012_DAY1_MINITWICE_3595	116	Port Input	1	6414468	3917	NA
S012_DAY1_MINITWICE_3595	116	Response	51	6423068	12517	1
S012_DAY1_MINITWICE_3595	116	Pulse	99	6450469	39918	NA
S012_DAY1_MINITWICE_3595	116	Port Input	1	6450469	39918	NA
S012_DAY1_MINITWICE_3595	116	Picture	115_T_FFTRIAD_FF_pluma_red.png	6453650	43099	1	1900	2	43200	1800
S012_DAY1_MINITWICE_3595	117	Picture	FF	6455850	0	1	43200	2	0	43200
S012_DAY1_MINITWICE_3595	117	Response	52	6473316	17466	2
S012_DAY1_MINITWICE_3595	117	Pulse	99	6486470	30620	NA
S012_DAY1_MINITWICE_3595	117	Port Input	1	6486470	30620	NA
S012_DAY1_MINITWICE_3595	117	Picture	116_T_FFTRIAD_FF_anillo_red.png	6499050	43200	1	1900	2	43200	1800
S012_DAY1_MINITWICE_3595	118	Picture	RW	6501150	0	1	43200	2	0	43200
S012_DAY1_MINITWICE_3595	118	Pulse	99	6522471	21321	NA
S012_DAY1_MINITWICE_3595	118	Port Input	1	6522471	21321	NA
S012_DAY1_MINITWICE_3595	118	Response	51	6539591	38441	1
S012_DAY1_MINITWICE_3595	118	Picture	117_T_RWTRIAD_RW_estetoscopio_red.png	6544350	43200	1	1900	2	43200	1800
S012_DAY1_MINITWICE_3595	119	Picture	RW	6546450	0	1	43199	2	0	43200
S012_DAY1_MINITWICE_3595	119	Pulse	99	6558472	12022	NA
S012_DAY1_MINITWICE_3595	119	Port Input	1	6558472	12022	NA
S012_DAY1_MINITWICE_3595	119	Response	52	6565298	18848	1
S012_DAY1_MINITWICE_3595	119	Picture	118_T_RWTRIAD_RW_futbol_red.png	6589649	43199	1	1900	2	43200	1800
S012_DAY1_MINITWICE_3595	120	Picture	RW	6591749	0	1	43200	2	0	43200
S012_DAY1_MINITWICE_3595	120	Pulse	99	6594473	2724	NA
S012_DAY1_MINITWICE_3595	120	Port Input	1	6594473	2724	NA
S012_DAY1_MINITWICE_3595	120	Response	51	6603427	11678	1
S012_DAY1_MINITWICE_3595	120	Pulse	99	6630474	38725	NA
S012_DAY1_MINITWICE_3595	120	Port Input	1	6630474	38725	NA
S012_DAY1_MINITWICE_3595	120	Picture	119_T_RWTRIAD_RW_pilas_red.png	6634949	43200	1	1900	2	43200	1800
S012_DAY1_MINITWICE_3595	121	Picture	RW	6637249	0	1	43200	2	0	43200
S012_DAY1_MINITWICE_3595	121	Response	52	6652982	15733	2
S012_DAY1_MINITWICE_3595	121	Pulse	99	6666475	29226	NA
S012_DAY1_MINITWICE_3595	121	Port Input	1	6666475	29226	NA
S012_DAY1_MINITWICE_3595	121	Picture	120_T_RWTRIAD_RW_paraguas_red.png	6680449	43200	1	1900	2	43200	1800
S012_DAY1_MINITWICE_3595	122	Picture	rest	6682449	0	1	144098	2	0	144000
S012_DAY1_MINITWICE_3595	122	Pulse	99	6702476	20027	NA
S012_DAY1_MINITWICE_3595	122	Port Input	1	6702476	20027	NA
S012_DAY1_MINITWICE_3595	122	Pulse	99	6738476	56027	NA
S012_DAY1_MINITWICE_3595	122	Port Input	1	6738476	56027	NA
S012_DAY1_MINITWICE_3595	122	Pulse	99	6774477	92028	NA
S012_DAY1_MINITWICE_3595	122	Port Input	1	6774477	92028	NA
S012_DAY1_MINITWICE_3595	122	Pulse	99	6810478	128029	NA
S012_DAY1_MINITWICE_3595	122	Port Input	1	6810478	128029	NA
S012_DAY1_MINITWICE_3595	123	Picture	endrest	6826647	0	2	10100	3	0	10000
S012_DAY1_MINITWICE_3595	124	Picture	PW	6837147	0	1	43200	2	0	43200
S012_DAY1_MINITWICE_3595	124	Pulse	99	6846479	9332	NA
S012_DAY1_MINITWICE_3595	124	Port Input	1	6846479	9332	NA
S012_DAY1_MINITWICE_3595	124	Response	51	6866900	29753	1
S012_DAY1_MINITWICE_3595	124	Picture	123_T_PWTRIAD_PW_estetoscopio_red.png	6880347	43200	1	1900	2	43200	1800
S012_DAY1_MINITWICE_3595	124	Pulse	99	6882480	45333	NA
S012_DAY1_MINITWICE_3595	124	Port Input	1	6882480	45333	NA
S012_DAY1_MINITWICE_3595	125	Picture	PW	6882647	0	1	43200	2	0	43200
S012_DAY1_MINITWICE_3595	125	Response	52	6908175	25528	2
S012_DAY1_MINITWICE_3595	125	Pulse	99	6918481	35834	NA
S012_DAY1_MINITWICE_3595	125	Port Input	1	6918481	35834	NA
S012_DAY1_MINITWICE_3595	125	Picture	124_T_PWTRIAD_PW_ascensor_red.png	6925847	43200	1	1900	2	43200	1800
S012_DAY1_MINITWICE_3595	126	Picture	PW	6928147	0	1	43099	2	0	43200
S012_DAY1_MINITWICE_3595	126	Pulse	99	6954482	26335	NA
S012_DAY1_MINITWICE_3595	126	Port Input	1	6954482	26335	NA
S012_DAY1_MINITWICE_3595	126	Response	51	6955955	27808	1
S012_DAY1_MINITWICE_3595	126	Picture	125_T_PWTRIAD_PW_sobre_red.png	6971246	43099	1	1900	2	43200	1800
S012_DAY1_MINITWICE_3595	127	Picture	PW	6973346	0	1	43200	2	0	43200
S012_DAY1_MINITWICE_3595	127	Pulse	99	6990483	17137	NA
S012_DAY1_MINITWICE_3595	127	Port Input	1	6990483	17137	NA
S012_DAY1_MINITWICE_3595	127	Picture	126_T_PWTRIAD_PW_teclado_red.png	7016546	43200	1	1900	2	43200	1800
S012_DAY1_MINITWICE_3595	128	Picture	FF	7018746	0	1	43200	2	0	43200
S012_DAY1_MINITWICE_3595	128	Pulse	99	7026484	7738	NA
S012_DAY1_MINITWICE_3595	128	Port Input	1	7026484	7738	NA
S012_DAY1_MINITWICE_3595	128	Response	51	7031090	12344	1
S012_DAY1_MINITWICE_3595	128	Picture	127_T_FFTRIAD_FF_manos_red.png	7061946	43200	1	1900	2	43200	1800
S012_DAY1_MINITWICE_3595	128	Pulse	99	7062485	43739	NA
S012_DAY1_MINITWICE_3595	128	Port Input	1	7062485	43739	NA
S012_DAY1_MINITWICE_3595	129	Picture	FF	7064246	0	1	43099	2	0	43200
S012_DAY1_MINITWICE_3595	129	Pulse	99	7098486	34240	NA
S012_DAY1_MINITWICE_3595	129	Port Input	1	7098486	34240	NA
S012_DAY1_MINITWICE_3595	129	Picture	128_T_FFTRIAD_FF_paracaidas_red.png	7107345	43099	1	1900	2	43200	1800
S012_DAY1_MINITWICE_3595	130	Picture	FF	7109445	0	1	43200	2	0	43200
S012_DAY1_MINITWICE_3595	130	Response	51	7123307	13862	1
S012_DAY1_MINITWICE_3595	130	Pulse	99	7134487	25042	NA
S012_DAY1_MINITWICE_3595	130	Port Input	1	7134487	25042	NA
S012_DAY1_MINITWICE_3595	130	Picture	129_T_FFTRIAD_FF_novia_red.png	7152645	43200	1	1900	2	43200	1800
S012_DAY1_MINITWICE_3595	131	Picture	FF	7154845	0	1	43200	2	0	43200
S012_DAY1_MINITWICE_3595	131	Pulse	99	7170488	15643	NA
S012_DAY1_MINITWICE_3595	131	Port Input	1	7170488	15643	NA
S012_DAY1_MINITWICE_3595	131	Response	51	7172485	17640	1
S012_DAY1_MINITWICE_3595	131	Picture	130_T_FFTRIAD_FF_candado_red.png	7198045	43200	1	1900	2	43200	1800
S012_DAY1_MINITWICE_3595	132	Picture	rest	7200045	0	1	144098	3	0	144000
S012_DAY1_MINITWICE_3595	132	Pulse	99	7206489	6444	NA
S012_DAY1_MINITWICE_3595	132	Port Input	1	7206489	6444	NA
S012_DAY1_MINITWICE_3595	132	Pulse	99	7242490	42445	NA
S012_DAY1_MINITWICE_3595	132	Port Input	1	7242490	42445	NA
S012_DAY1_MINITWICE_3595	132	Pulse	99	7278490	78445	NA
S012_DAY1_MINITWICE_3595	132	Port Input	1	7278490	78445	NA
S012_DAY1_MINITWICE_3595	132	Pulse	99	7314491	114446	NA
S012_DAY1_MINITWICE_3595	132	Port Input	1	7314491	114446	NA
S012_DAY1_MINITWICE_3595	133	Picture	endrest	7344244	0	1	10099	3	0	10000
S012_DAY1_MINITWICE_3595	133	Pulse	99	7350492	6248	NA
S012_DAY1_MINITWICE_3595	133	Port Input	1	7350492	6248	NA
S012_DAY1_MINITWICE_3595	134	Picture	PW	7354543	0	1	43200	2	0	43200
S012_DAY1_MINITWICE_3595	134	Response	52	7379311	24768	1
S012_DAY1_MINITWICE_3595	134	Pulse	99	7386493	31950	NA
S012_DAY1_MINITWICE_3595	134	Port Input	1	7386493	31950	NA
S012_DAY1_MINITWICE_3595	134	Picture	133_T_PWTRIAD_PW_perro_red.png	7397743	43200	1	1900	2	43200	1800
S012_DAY1_MINITWICE_3595	135	Picture	PW	7400043	0	1	43200	2	0	43200
S012_DAY1_MINITWICE_3595	135	Pulse	99	7422494	22451	NA
S012_DAY1_MINITWICE_3595	135	Port Input	1	7422494	22451	NA
S012_DAY1_MINITWICE_3595	135	Response	51	7427152	27109	1
S012_DAY1_MINITWICE_3595	135	Picture	134_T_PWTRIAD_PW_cerillas_red.png	7443243	43200	1	1900	2	43200	1800
S012_DAY1_MINITWICE_3595	136	Picture	PW	7445543	0	1	43199	3	0	43200
S012_DAY1_MINITWICE_3595	136	Pulse	99	7458495	12952	NA
S012_DAY1_MINITWICE_3595	136	Port Input	1	7458495	12952	NA
S012_DAY1_MINITWICE_3595	136	Response	51	7464881	19338	2
S012_DAY1_MINITWICE_3595	136	Picture	135_T_PWTRIAD_PW_futbol_red.png	7488742	43199	2	1900	4	43200	1800
S012_DAY1_MINITWICE_3595	137	Picture	PW	7491042	0	1	43200	2	0	43200
S012_DAY1_MINITWICE_3595	137	Pulse	99	7494496	3454	NA
S012_DAY1_MINITWICE_3595	137	Port Input	1	7494496	3454	NA
S012_DAY1_MINITWICE_3595	137	Response	51	7522469	31427	1
S012_DAY1_MINITWICE_3595	137	Pulse	99	7530497	39455	NA
S012_DAY1_MINITWICE_3595	137	Port Input	1	7530497	39455	NA
S012_DAY1_MINITWICE_3595	137	Picture	136_T_PWTRIAD_PW_lenador_red.png	7534242	43200	1	1900	2	43200	1800
S012_DAY1_MINITWICE_3595	138	Picture	rest	7536242	0	1	144099	2	0	144000
S012_DAY1_MINITWICE_3595	138	Pulse	99	7566498	30256	NA
S012_DAY1_MINITWICE_3595	138	Port Input	1	7566498	30256	NA
S012_DAY1_MINITWICE_3595	139	Picture	endrest	7680441	0	1	10100	2	0	10000
S012_DAY1_MINITWICE_3595	140	Picture	endrest	7690641	0	1	10100	2	0	10000
S012_DAY1_MINITWICE_3595	141	Picture	endrest	7700841	0	1	10100	2	0	10000
S012_DAY1_MINITWICE_3595	142	Picture	endrest	7711041	0	1	10100	2	0	10000
