Scenario - vOT_Triads_fMRI_II
Logfile written - 03/07/2016 14:06:01

Subject	Trial	Event Type	Code	Time	TTime	Uncertainty	Duration	Uncertainty	ReqTime	ReqDur

S017_MINITWICE_3514	1	Pulse	99	277737	287654	NA
S017_MINITWICE_3514	1	Port Input	1	277737	287654	NA
S017_MINITWICE_3514	1	Pulse	99	313738	323655	NA
S017_MINITWICE_3514	1	Port Input	1	313738	323655	NA
S017_MINITWICE_3514	1	Pulse	99	349739	359656	NA
S017_MINITWICE_3514	1	Port Input	1	349739	359656	NA
S017_MINITWICE_3514	1	Pulse	99	385740	395657	NA
S017_MINITWICE_3514	1	Port Input	1	385740	395657	NA
S017_MINITWICE_3514	1	Pulse	99	421741	431658	NA
S017_MINITWICE_3514	1	Port Input	1	421741	431658	NA
S017_MINITWICE_3514	2	Picture	rest	421998	0	1	144100	2	0	144000
S017_MINITWICE_3514	2	Pulse	99	457743	35745	NA
S017_MINITWICE_3514	2	Port Input	1	457743	35745	NA
S017_MINITWICE_3514	2	Pulse	99	493744	71746	NA
S017_MINITWICE_3514	2	Port Input	1	493744	71746	NA
S017_MINITWICE_3514	2	Pulse	99	529745	107747	NA
S017_MINITWICE_3514	2	Port Input	1	529745	107747	NA
S017_MINITWICE_3514	2	Pulse	99	565746	143748	NA
S017_MINITWICE_3514	2	Port Input	1	565746	143748	NA
S017_MINITWICE_3514	3	Picture	endrest	566197	0	2	10100	4	0	10000
S017_MINITWICE_3514	4	Picture	FF	576598	0	1	43100	2	0	43200
S017_MINITWICE_3514	4	Response	52	596935	20337	1
S017_MINITWICE_3514	4	Pulse	99	601747	25149	NA
S017_MINITWICE_3514	4	Port Input	1	601747	25149	NA
S017_MINITWICE_3514	4	Picture	3_T_FFTRIAD_FF_botella_red.png	619698	43100	1	1900	2	43200	1800
S017_MINITWICE_3514	5	Picture	FF	621998	0	1	43099	3	0	43200
S017_MINITWICE_3514	5	Response	52	636315	14317	1
S017_MINITWICE_3514	5	Pulse	99	637748	15750	NA
S017_MINITWICE_3514	5	Port Input	1	637748	15750	NA
S017_MINITWICE_3514	5	Picture	4_T_FFTRIAD_FF_pilas_red.png	665097	43099	2	1900	3	43200	1800
S017_MINITWICE_3514	6	Picture	FF	667297	0	2	43200	3	0	43200
S017_MINITWICE_3514	6	Pulse	99	673749	6452	NA
S017_MINITWICE_3514	6	Port Input	1	673749	6452	NA
S017_MINITWICE_3514	6	Response	52	681033	13736	1
S017_MINITWICE_3514	6	Pulse	99	709750	42453	NA
S017_MINITWICE_3514	6	Port Input	1	709750	42453	NA
S017_MINITWICE_3514	6	Picture	5_T_FFTRIAD_FF_anillo_red.png	710497	43200	1	1900	2	43200	1800
S017_MINITWICE_3514	7	Picture	FF	712797	0	1	43100	2	0	43200
S017_MINITWICE_3514	7	Response	51	733067	20270	1
S017_MINITWICE_3514	7	Pulse	99	745751	32954	NA
S017_MINITWICE_3514	7	Port Input	1	745751	32954	NA
S017_MINITWICE_3514	7	Picture	6_T_FFTRIAD_FF_arbol_red.png	755897	43100	1	1900	2	43200	1800
S017_MINITWICE_3514	8	Picture	PW	758097	0	1	43200	2	0	43200
S017_MINITWICE_3514	8	Pulse	99	781753	23656	NA
S017_MINITWICE_3514	8	Port Input	1	781753	23656	NA
S017_MINITWICE_3514	8	Response	51	784520	26423	1
S017_MINITWICE_3514	8	Picture	7_T_PWTRIAD_PW_bala_red.png	801297	43200	1	1900	2	43200	1800
S017_MINITWICE_3514	9	Picture	PW	803497	0	1	43200	2	0	43200
S017_MINITWICE_3514	9	Pulse	99	817754	14257	NA
S017_MINITWICE_3514	9	Port Input	1	817754	14257	NA
S017_MINITWICE_3514	9	Response	51	823837	20340	1
S017_MINITWICE_3514	9	Picture	8_T_PWTRIAD_PW_cortina_red.png	846697	43200	1	1900	2	43200	1800
S017_MINITWICE_3514	10	Picture	PW	848997	0	1	43100	2	0	43200
S017_MINITWICE_3514	10	Pulse	99	853755	4758	NA
S017_MINITWICE_3514	10	Port Input	1	853755	4758	NA
S017_MINITWICE_3514	10	Response	51	877032	28035	1
S017_MINITWICE_3514	10	Pulse	99	889756	40759	NA
S017_MINITWICE_3514	10	Port Input	1	889756	40759	NA
S017_MINITWICE_3514	10	Picture	9_T_PWTRIAD_PW_grifo_red.png	892097	43100	1	1900	2	43200	1800
S017_MINITWICE_3514	11	Picture	PW	894397	0	1	43100	2	0	43200
S017_MINITWICE_3514	11	Response	52	919289	24892	1
S017_MINITWICE_3514	11	Pulse	99	925757	31360	NA
S017_MINITWICE_3514	11	Port Input	1	925757	31360	NA
S017_MINITWICE_3514	11	Picture	10_T_PWTRIAD_PW_gafas_red.png	937497	43100	1	1900	2	43200	1800
S017_MINITWICE_3514	12	Picture	rest	939497	0	1	144099	2	0	144000
S017_MINITWICE_3514	12	Pulse	99	961758	22261	NA
S017_MINITWICE_3514	12	Port Input	1	961758	22261	NA
S017_MINITWICE_3514	12	Pulse	99	997759	58262	NA
S017_MINITWICE_3514	12	Port Input	1	997759	58262	NA
S017_MINITWICE_3514	12	Pulse	99	1033760	94263	NA
S017_MINITWICE_3514	12	Port Input	1	1033760	94263	NA
S017_MINITWICE_3514	12	Pulse	99	1069761	130264	NA
S017_MINITWICE_3514	12	Port Input	1	1069761	130264	NA
S017_MINITWICE_3514	13	Picture	endrest	1083696	0	1	10100	2	0	10000
S017_MINITWICE_3514	14	Picture	FF	1094196	0	1	43100	2	0	43200
S017_MINITWICE_3514	14	Pulse	99	1105763	11567	NA
S017_MINITWICE_3514	14	Port Input	1	1105763	11567	NA
S017_MINITWICE_3514	14	Response	51	1117454	23258	1
S017_MINITWICE_3514	14	Picture	13_T_FFTRIAD_FF_oruga_red.png	1137296	43100	1	1900	2	43200	1800
S017_MINITWICE_3514	15	Picture	FF	1139496	0	1	43100	2	0	43200
S017_MINITWICE_3514	15	Pulse	99	1141764	2268	NA
S017_MINITWICE_3514	15	Port Input	1	1141764	2268	NA
S017_MINITWICE_3514	15	Response	51	1163182	23686	1
S017_MINITWICE_3514	15	Pulse	99	1177765	38269	NA
S017_MINITWICE_3514	15	Port Input	1	1177765	38269	NA
S017_MINITWICE_3514	15	Picture	14_T_FFTRIAD_FF_teclado_red.png	1182596	43100	1	1900	2	43200	1800
S017_MINITWICE_3514	16	Picture	FF	1184796	0	1	43200	2	0	43200
S017_MINITWICE_3514	16	Response	52	1205354	20558	1
S017_MINITWICE_3514	16	Pulse	99	1213766	28970	NA
S017_MINITWICE_3514	16	Port Input	1	1213766	28970	NA
S017_MINITWICE_3514	16	Picture	15_T_FFTRIAD_FF_cinturon_red.png	1227996	43200	1	1900	2	43200	1800
S017_MINITWICE_3514	17	Picture	FF	1230196	0	1	43200	2	0	43200
S017_MINITWICE_3514	17	Response	52	1243349	13153	1
S017_MINITWICE_3514	17	Pulse	99	1249767	19571	NA
S017_MINITWICE_3514	17	Port Input	1	1249767	19571	NA
S017_MINITWICE_3514	17	Picture	16_T_FFTRIAD_FF_sobre_red.png	1273396	43200	1	1900	2	43200	1800
S017_MINITWICE_3514	18	Picture	PW	1275696	0	1	43099	3	0	43200
S017_MINITWICE_3514	18	Pulse	99	1285768	10072	NA
S017_MINITWICE_3514	18	Port Input	1	1285768	10072	NA
S017_MINITWICE_3514	18	Response	51	1292705	17009	1
S017_MINITWICE_3514	18	Picture	17_T_PWTRIAD_PW_charco_red.png	1318795	43099	2	1901	3	43200	1800
S017_MINITWICE_3514	19	Picture	PW	1320996	0	1	43199	3	0	43200
S017_MINITWICE_3514	19	Pulse	99	1321769	773	NA
S017_MINITWICE_3514	19	Port Input	1	1321769	773	NA
S017_MINITWICE_3514	19	Response	51	1343449	22453	1
S017_MINITWICE_3514	19	Pulse	99	1357770	36774	NA
S017_MINITWICE_3514	19	Port Input	1	1357770	36774	NA
S017_MINITWICE_3514	19	Picture	18_T_PWTRIAD_PW_pluma_red.png	1364195	43199	2	1900	3	43200	1800
S017_MINITWICE_3514	20	Picture	PW	1366395	0	1	43200	2	0	43200
S017_MINITWICE_3514	20	Response	51	1389801	23406	1
S017_MINITWICE_3514	20	Pulse	99	1393771	27376	NA
S017_MINITWICE_3514	20	Port Input	1	1393771	27376	NA
S017_MINITWICE_3514	20	Picture	19_T_PWTRIAD_PW_telefono_red.png	1409595	43200	1	1900	2	43200	1800
S017_MINITWICE_3514	21	Picture	PW	1411695	0	1	43200	2	0	43200
S017_MINITWICE_3514	21	Pulse	99	1429773	18078	NA
S017_MINITWICE_3514	21	Port Input	1	1429773	18078	NA
S017_MINITWICE_3514	21	Response	51	1437270	25575	1
S017_MINITWICE_3514	21	Picture	20_T_PWTRIAD_PW_dedal_red.png	1454895	43200	1	1900	2	43200	1800
S017_MINITWICE_3514	22	Picture	rest	1456895	0	1	144100	2	0	144000
S017_MINITWICE_3514	22	Pulse	99	1465774	8879	NA
S017_MINITWICE_3514	22	Port Input	1	1465774	8879	NA
S017_MINITWICE_3514	22	Pulse	99	1501775	44880	NA
S017_MINITWICE_3514	22	Port Input	1	1501775	44880	NA
S017_MINITWICE_3514	22	Pulse	99	1537776	80881	NA
S017_MINITWICE_3514	22	Port Input	1	1537776	80881	NA
S017_MINITWICE_3514	22	Pulse	99	1573777	116882	NA
S017_MINITWICE_3514	22	Port Input	1	1573777	116882	NA
S017_MINITWICE_3514	23	Picture	endrest	1601095	0	1	10100	2	0	10000
S017_MINITWICE_3514	23	Pulse	99	1609778	8683	NA
S017_MINITWICE_3514	23	Port Input	1	1609778	8683	NA
S017_MINITWICE_3514	24	Picture	FF	1611495	0	1	43100	2	0	43200
S017_MINITWICE_3514	24	Response	52	1628627	17132	2
S017_MINITWICE_3514	24	Pulse	99	1645779	34284	NA
S017_MINITWICE_3514	24	Port Input	1	1645779	34284	NA
S017_MINITWICE_3514	24	Picture	23_T_FFTRIAD_FF_esquimal_red.png	1654595	43100	1	1900	2	43200	1800
S017_MINITWICE_3514	25	Picture	FF	1656795	0	1	43199	3	0	43200
S017_MINITWICE_3514	25	Response	52	1677246	20451	1
S017_MINITWICE_3514	25	Pulse	99	1681780	24985	NA
S017_MINITWICE_3514	25	Port Input	1	1681780	24985	NA
S017_MINITWICE_3514	25	Picture	24_T_FFTRIAD_FF_bellota_red.png	1699994	43199	2	1900	4	43200	1800
S017_MINITWICE_3514	26	Picture	FF	1702194	0	2	43100	3	0	43200
S017_MINITWICE_3514	26	Response	51	1714617	12423	1
S017_MINITWICE_3514	26	Pulse	99	1717781	15587	NA
S017_MINITWICE_3514	26	Port Input	1	1717781	15587	NA
S017_MINITWICE_3514	26	Picture	25_T_FFTRIAD_FF_grapadora_red.png	1745294	43100	1	1900	2	43200	1800
S017_MINITWICE_3514	27	Picture	FF	1747494	0	1	43200	2	0	43200
S017_MINITWICE_3514	27	Pulse	99	1753783	6289	NA
S017_MINITWICE_3514	27	Port Input	1	1753783	6289	NA
S017_MINITWICE_3514	27	Response	52	1766009	18515	1
S017_MINITWICE_3514	27	Pulse	99	1789784	42290	NA
S017_MINITWICE_3514	27	Port Input	1	1789784	42290	NA
S017_MINITWICE_3514	27	Picture	26_T_FFTRIAD_FF_lana_red.png	1790694	43200	1	1900	2	43200	1800
S017_MINITWICE_3514	28	Picture	PW	1792994	0	1	43100	2	0	43200
S017_MINITWICE_3514	28	Response	52	1823373	30379	1
S017_MINITWICE_3514	28	Pulse	99	1825785	32791	NA
S017_MINITWICE_3514	28	Port Input	1	1825785	32791	NA
S017_MINITWICE_3514	28	Picture	27_T_PWTRIAD_PW_violin_red.png	1836094	43100	1	1900	2	43200	1800
S017_MINITWICE_3514	29	Picture	PW	1838294	0	1	43100	2	0	43200
S017_MINITWICE_3514	29	Response	52	1853434	15140	1
S017_MINITWICE_3514	29	Pulse	99	1861786	23492	NA
S017_MINITWICE_3514	29	Port Input	1	1861786	23492	NA
S017_MINITWICE_3514	29	Picture	28_T_PWTRIAD_PW_leche_red.png	1881394	43100	1	1900	2	43200	1800
S017_MINITWICE_3514	30	Picture	PW	1883594	0	1	43200	2	0	43200
S017_MINITWICE_3514	30	Pulse	99	1897787	14193	NA
S017_MINITWICE_3514	30	Port Input	1	1897787	14193	NA
S017_MINITWICE_3514	30	Response	52	1916317	32723	1
S017_MINITWICE_3514	30	Picture	29_T_PWTRIAD_PW_television_red.png	1926794	43200	1	1900	2	43200	1800
S017_MINITWICE_3514	31	Picture	PW	1929094	0	1	43100	2	0	43200
S017_MINITWICE_3514	31	Pulse	99	1933788	4694	NA
S017_MINITWICE_3514	31	Port Input	1	1933788	4694	NA
S017_MINITWICE_3514	31	Response	51	1950031	20937	1
S017_MINITWICE_3514	31	Pulse	99	1969789	40695	NA
S017_MINITWICE_3514	31	Port Input	1	1969789	40695	NA
S017_MINITWICE_3514	31	Picture	30_T_PWTRIAD_PW_novia_red.png	1972194	43100	1	1900	2	43200	1800
S017_MINITWICE_3514	32	Picture	rest	1974194	0	1	144099	2	0	144000
S017_MINITWICE_3514	32	Pulse	99	2005790	31596	NA
S017_MINITWICE_3514	32	Port Input	1	2005790	31596	NA
S017_MINITWICE_3514	32	Pulse	99	2041792	67598	NA
S017_MINITWICE_3514	32	Port Input	1	2041792	67598	NA
S017_MINITWICE_3514	32	Pulse	99	2077793	103599	NA
S017_MINITWICE_3514	32	Port Input	1	2077793	103599	NA
S017_MINITWICE_3514	32	Pulse	99	2113794	139600	NA
S017_MINITWICE_3514	32	Port Input	1	2113794	139600	NA
S017_MINITWICE_3514	33	Picture	endrest	2118393	0	1	10100	2	0	10000
S017_MINITWICE_3514	34	Picture	RW	2128893	0	1	43100	2	0	43200
S017_MINITWICE_3514	34	Pulse	99	2149795	20902	NA
S017_MINITWICE_3514	34	Port Input	1	2149795	20902	NA
S017_MINITWICE_3514	34	Response	52	2150634	21741	1
S017_MINITWICE_3514	34	Picture	33_T_RWTRIAD_RW_esquimal_red.png	2171993	43100	1	1900	2	43200	1800
S017_MINITWICE_3514	35	Picture	RW	2174293	0	1	43100	2	0	43200
S017_MINITWICE_3514	35	Pulse	99	2185796	11503	NA
S017_MINITWICE_3514	35	Port Input	1	2185796	11503	NA
S017_MINITWICE_3514	35	Response	52	2192736	18443	2
S017_MINITWICE_3514	35	Picture	34_T_RWTRIAD_RW_llave_red.png	2217393	43100	1	1900	2	43200	1800
S017_MINITWICE_3514	36	Picture	RW	2219693	0	1	43100	2	0	43200
S017_MINITWICE_3514	36	Pulse	99	2221797	2104	NA
S017_MINITWICE_3514	36	Port Input	1	2221797	2104	NA
S017_MINITWICE_3514	36	Response	52	2234913	15220	1
S017_MINITWICE_3514	36	Pulse	99	2257798	38105	NA
S017_MINITWICE_3514	36	Port Input	1	2257798	38105	NA
S017_MINITWICE_3514	36	Picture	35_T_RWTRIAD_RW_gafas_red.png	2262793	43100	1	1900	2	43200	1800
S017_MINITWICE_3514	37	Picture	RW	2264893	0	1	43200	2	0	43200
S017_MINITWICE_3514	37	Response	51	2278185	13292	1
S017_MINITWICE_3514	37	Pulse	99	2293799	28906	NA
S017_MINITWICE_3514	37	Port Input	1	2293799	28906	NA
S017_MINITWICE_3514	37	Picture	36_T_RWTRIAD_RW_grifo_red.png	2308093	43200	1	1900	2	43200	1800
S017_MINITWICE_3514	38	Picture	FF	2310293	0	1	43100	2	0	43200
S017_MINITWICE_3514	38	Pulse	99	2329800	19507	NA
S017_MINITWICE_3514	38	Port Input	1	2329800	19507	NA
S017_MINITWICE_3514	38	Response	52	2332562	22269	2
S017_MINITWICE_3514	38	Picture	37_T_FFTRIAD_FF_martillo_red.png	2353393	43100	1	1900	2	43200	1800
S017_MINITWICE_3514	39	Picture	FF	2355693	0	1	43099	2	0	43200
S017_MINITWICE_3514	39	Pulse	99	2365802	10109	NA
S017_MINITWICE_3514	39	Port Input	1	2365802	10109	NA
S017_MINITWICE_3514	39	Response	51	2370383	14690	1
S017_MINITWICE_3514	39	Picture	38_T_FFTRIAD_FF_granjero_red.png	2398792	43099	1	1900	3	43200	1800
S017_MINITWICE_3514	40	Picture	FF	2401092	0	2	43100	3	0	43200
S017_MINITWICE_3514	40	Pulse	99	2401803	711	NA
S017_MINITWICE_3514	40	Port Input	1	2401803	711	NA
S017_MINITWICE_3514	40	Response	52	2412150	11058	1
S017_MINITWICE_3514	40	Pulse	99	2437804	36712	NA
S017_MINITWICE_3514	40	Port Input	1	2437804	36712	NA
S017_MINITWICE_3514	40	Picture	39_T_FFTRIAD_FF_policia_red.png	2444192	43100	1	1900	2	43200	1800
S017_MINITWICE_3514	41	Picture	FF	2446392	0	1	43100	2	0	43200
S017_MINITWICE_3514	41	Response	52	2467235	20843	1
S017_MINITWICE_3514	41	Pulse	99	2473805	27413	NA
S017_MINITWICE_3514	41	Port Input	1	2473805	27413	NA
S017_MINITWICE_3514	41	Picture	40_T_FFTRIAD_FF_almohada_red.png	2489492	43100	1	1900	2	43200	1800
S017_MINITWICE_3514	42	Picture	rest	2491492	0	1	144100	2	0	144000
S017_MINITWICE_3514	42	Pulse	99	2509806	18314	NA
S017_MINITWICE_3514	42	Port Input	1	2509806	18314	NA
S017_MINITWICE_3514	42	Pulse	99	2545807	54315	NA
S017_MINITWICE_3514	42	Port Input	1	2545807	54315	NA
S017_MINITWICE_3514	42	Pulse	99	2581808	90316	NA
S017_MINITWICE_3514	42	Port Input	1	2581808	90316	NA
S017_MINITWICE_3514	42	Pulse	99	2617809	126317	NA
S017_MINITWICE_3514	42	Port Input	1	2617809	126317	NA
S017_MINITWICE_3514	43	Picture	endrest	2635692	0	1	10100	2	0	10000
S017_MINITWICE_3514	44	Picture	RW	2646092	0	1	43200	2	0	43200
S017_MINITWICE_3514	44	Pulse	99	2653810	7718	NA
S017_MINITWICE_3514	44	Port Input	1	2653810	7718	NA
S017_MINITWICE_3514	44	Response	52	2679753	33661	1
S017_MINITWICE_3514	44	Picture	43_T_RWTRIAD_RW_estetoscopio_red.png	2689292	43200	1	1900	2	43200	1800
S017_MINITWICE_3514	44	Pulse	99	2689812	43720	NA
S017_MINITWICE_3514	44	Port Input	1	2689812	43720	NA
S017_MINITWICE_3514	45	Picture	RW	2691492	0	1	43199	3	0	43200
S017_MINITWICE_3514	45	Response	52	2705135	13643	1
S017_MINITWICE_3514	45	Pulse	99	2725813	34321	NA
S017_MINITWICE_3514	45	Port Input	1	2725813	34321	NA
S017_MINITWICE_3514	45	Picture	44_T_RWTRIAD_RW_monja_red.png	2734691	43199	2	1900	4	43200	1800
S017_MINITWICE_3514	46	Picture	RW	2736891	0	2	43200	3	0	43200
S017_MINITWICE_3514	46	Pulse	99	2761814	24923	NA
S017_MINITWICE_3514	46	Port Input	1	2761814	24923	NA
S017_MINITWICE_3514	46	Response	52	2763241	26350	1
S017_MINITWICE_3514	46	Picture	45_T_RWTRIAD_RW_molino_red.png	2780091	43200	1	1900	3	43200	1800
S017_MINITWICE_3514	47	Picture	RW	2782291	0	1	43200	2	0	43200
S017_MINITWICE_3514	47	Response	52	2796238	13947	1
S017_MINITWICE_3514	47	Pulse	99	2797815	15524	NA
S017_MINITWICE_3514	47	Port Input	1	2797815	15524	NA
S017_MINITWICE_3514	47	Picture	46_T_RWTRIAD_RW_sombrilla_red.png	2825491	43200	1	1900	3	43200	1800
S017_MINITWICE_3514	48	Picture	FF	2827791	0	1	43100	2	0	43200
S017_MINITWICE_3514	48	Pulse	99	2833816	6025	NA
S017_MINITWICE_3514	48	Port Input	1	2833816	6025	NA
S017_MINITWICE_3514	48	Response	52	2839918	12127	1
S017_MINITWICE_3514	48	Pulse	99	2869817	42026	NA
S017_MINITWICE_3514	48	Port Input	1	2869817	42026	NA
S017_MINITWICE_3514	48	Picture	47_T_FFTRIAD_FF_queso_red.png	2870891	43100	1	1900	2	43200	1800
S017_MINITWICE_3514	49	Picture	FF	2873091	0	1	43199	3	0	43200
S017_MINITWICE_3514	49	Response	52	2892643	19552	1
S017_MINITWICE_3514	49	Pulse	99	2905818	32727	NA
S017_MINITWICE_3514	49	Port Input	1	2905818	32727	NA
S017_MINITWICE_3514	49	Picture	48_T_FFTRIAD_FF_paracaidas_red.png	2916290	43199	2	1901	3	43200	1800
S017_MINITWICE_3514	50	Picture	FF	2918591	0	1	43100	2	0	43200
S017_MINITWICE_3514	50	Response	52	2935916	17325	2
S017_MINITWICE_3514	50	Pulse	99	2941819	23228	NA
S017_MINITWICE_3514	50	Port Input	1	2941819	23228	NA
S017_MINITWICE_3514	50	Picture	49_T_FFTRIAD_FF_ascensor_red.png	2961691	43100	1	1900	2	43200	1800
S017_MINITWICE_3514	51	Picture	FF	2963991	0	1	43100	2	0	43200
S017_MINITWICE_3514	51	Pulse	99	2977820	13829	NA
S017_MINITWICE_3514	51	Port Input	1	2977820	13829	NA
S017_MINITWICE_3514	51	Response	52	2989100	25109	1
S017_MINITWICE_3514	51	Picture	50_T_FFTRIAD_FF_lechuga_red.png	3007091	43100	1	1900	2	43200	1800
S017_MINITWICE_3514	52	Picture	rest	3009091	0	1	144099	2	0	144000
S017_MINITWICE_3514	52	Pulse	99	3013822	4731	NA
S017_MINITWICE_3514	52	Port Input	1	3013822	4731	NA
S017_MINITWICE_3514	52	Pulse	99	3049823	40732	NA
S017_MINITWICE_3514	52	Port Input	1	3049823	40732	NA
S017_MINITWICE_3514	52	Pulse	99	3085824	76733	NA
S017_MINITWICE_3514	52	Port Input	1	3085824	76733	NA
S017_MINITWICE_3514	52	Pulse	99	3121825	112734	NA
S017_MINITWICE_3514	52	Port Input	1	3121825	112734	NA
S017_MINITWICE_3514	53	Picture	endrest	3153290	0	1	10100	2	0	10000
S017_MINITWICE_3514	53	Pulse	99	3157826	4536	NA
S017_MINITWICE_3514	53	Port Input	1	3157826	4536	NA
S017_MINITWICE_3514	54	Picture	PW	3163790	0	1	43100	2	0	43200
S017_MINITWICE_3514	54	Pulse	99	3193827	30037	NA
S017_MINITWICE_3514	54	Port Input	1	3193827	30037	NA
S017_MINITWICE_3514	54	Response	52	3194875	31085	1
S017_MINITWICE_3514	54	Picture	53_T_PWTRIAD_PW_futbol_red.png	3206890	43100	1	1900	2	43200	1800
S017_MINITWICE_3514	55	Picture	PW	3209090	0	1	43200	2	0	43200
S017_MINITWICE_3514	55	Pulse	99	3229828	20738	NA
S017_MINITWICE_3514	55	Port Input	1	3229828	20738	NA
S017_MINITWICE_3514	55	Response	52	3243726	34636	1
S017_MINITWICE_3514	55	Picture	54_T_PWTRIAD_PW_cinturon_red.png	3252290	43200	1	1900	2	43200	1800
S017_MINITWICE_3514	56	Picture	PW	3254590	0	1	43100	2	0	43200
S017_MINITWICE_3514	56	Pulse	99	3265829	11239	NA
S017_MINITWICE_3514	56	Port Input	1	3265829	11239	NA
S017_MINITWICE_3514	56	Response	51	3284469	29879	1
S017_MINITWICE_3514	56	Picture	55_T_PWTRIAD_PW_arbol_red.png	3297690	43100	1	1900	2	43200	1800
S017_MINITWICE_3514	57	Picture	PW	3299990	0	1	43100	2	0	43200
S017_MINITWICE_3514	57	Pulse	99	3301830	1840	NA
S017_MINITWICE_3514	57	Port Input	1	3301830	1840	NA
S017_MINITWICE_3514	57	Response	51	3336534	36544	1
S017_MINITWICE_3514	57	Pulse	99	3337832	37842	NA
S017_MINITWICE_3514	57	Port Input	1	3337832	37842	NA
S017_MINITWICE_3514	57	Picture	56_T_PWTRIAD_PW_destornillador_red.png	3343090	43100	1	1900	2	43200	1800
S017_MINITWICE_3514	58	Picture	RW	3345390	0	1	43100	2	0	43200
S017_MINITWICE_3514	58	Response	52	3365922	20532	1
S017_MINITWICE_3514	58	Pulse	99	3373833	28443	NA
S017_MINITWICE_3514	58	Port Input	1	3373833	28443	NA
S017_MINITWICE_3514	58	Picture	57_T_RWTRIAD_RW_leche_red.png	3388490	43100	1	1900	2	43200	1800
S017_MINITWICE_3514	59	Picture	RW	3390790	0	1	43099	2	0	43200
S017_MINITWICE_3514	59	Response	51	3408396	17606	1
S017_MINITWICE_3514	59	Pulse	99	3409834	19044	NA
S017_MINITWICE_3514	59	Port Input	1	3409834	19044	NA
S017_MINITWICE_3514	59	Picture	58_T_RWTRIAD_RW_banera_red.png	3433889	43099	1	1900	3	43200	1800
S017_MINITWICE_3514	60	Picture	RW	3436089	0	2	43200	3	0	43200
S017_MINITWICE_3514	60	Pulse	99	3445835	9746	NA
S017_MINITWICE_3514	60	Port Input	1	3445835	9746	NA
S017_MINITWICE_3514	60	Response	52	3451928	15839	1
S017_MINITWICE_3514	60	Picture	59_T_RWTRIAD_RW_cortina_red.png	3479289	43200	1	1900	2	43200	1800
S017_MINITWICE_3514	61	Picture	RW	3481589	0	1	43100	2	0	43200
S017_MINITWICE_3514	61	Pulse	99	3481836	247	NA
S017_MINITWICE_3514	61	Port Input	1	3481836	247	NA
S017_MINITWICE_3514	61	Pulse	99	3517837	36248	NA
S017_MINITWICE_3514	61	Port Input	1	3517837	36248	NA
S017_MINITWICE_3514	61	Response	52	3521336	39747	1
S017_MINITWICE_3514	61	Picture	60_T_RWTRIAD_RW_murcielago_red.png	3524689	43100	1	1900	2	43200	1800
S017_MINITWICE_3514	62	Picture	rest	3526689	0	1	144100	2	0	144000
S017_MINITWICE_3514	62	Pulse	99	3553838	27149	NA
S017_MINITWICE_3514	62	Port Input	1	3553838	27149	NA
S017_MINITWICE_3514	62	Pulse	99	3589839	63150	NA
S017_MINITWICE_3514	62	Port Input	1	3589839	63150	NA
S017_MINITWICE_3514	62	Pulse	99	3625841	99152	NA
S017_MINITWICE_3514	62	Port Input	1	3625841	99152	NA
S017_MINITWICE_3514	62	Pulse	99	3661842	135153	NA
S017_MINITWICE_3514	62	Port Input	1	3661842	135153	NA
S017_MINITWICE_3514	63	Picture	endrest	3670889	0	1	10100	2	0	10000
S017_MINITWICE_3514	64	Picture	PW	3681389	0	1	43100	2	0	43200
S017_MINITWICE_3514	64	Pulse	99	3697843	16454	NA
S017_MINITWICE_3514	64	Port Input	1	3697843	16454	NA
S017_MINITWICE_3514	64	Response	52	3710598	29209	1
S017_MINITWICE_3514	64	Picture	63_T_PWTRIAD_PW_botella_red.png	3724489	43100	1	1900	2	43200	1800
S017_MINITWICE_3514	65	Picture	PW	3726789	0	1	43099	3	0	43200
S017_MINITWICE_3514	65	Pulse	99	3733844	7055	NA
S017_MINITWICE_3514	65	Port Input	1	3733844	7055	NA
S017_MINITWICE_3514	65	Response	52	3756479	29690	1
S017_MINITWICE_3514	65	Pulse	99	3769845	43056	NA
S017_MINITWICE_3514	65	Port Input	1	3769845	43056	NA
S017_MINITWICE_3514	65	Picture	64_T_PWTRIAD_PW_paraguas_red.png	3769888	43099	2	1900	4	43200	1800
S017_MINITWICE_3514	66	Picture	PW	3772088	0	2	43200	3	0	43200
S017_MINITWICE_3514	66	Response	52	3799252	27164	1
S017_MINITWICE_3514	66	Pulse	99	3805846	33758	NA
S017_MINITWICE_3514	66	Port Input	1	3805846	33758	NA
S017_MINITWICE_3514	66	Picture	65_T_PWTRIAD_PW_pincel_red.png	3815288	43200	1	1900	2	43200	1800
S017_MINITWICE_3514	67	Picture	PW	3817588	0	1	43100	2	0	43200
S017_MINITWICE_3514	67	Pulse	99	3841847	24259	NA
S017_MINITWICE_3514	67	Port Input	1	3841847	24259	NA
S017_MINITWICE_3514	67	Response	52	3842958	25370	1
S017_MINITWICE_3514	67	Picture	66_T_PWTRIAD_PW_lechuga_red.png	3860688	43100	1	1900	2	43200	1800
S017_MINITWICE_3514	68	Picture	FF	3862888	0	1	43200	2	0	43200
S017_MINITWICE_3514	68	Pulse	99	3877848	14960	NA
S017_MINITWICE_3514	68	Port Input	1	3877848	14960	NA
S017_MINITWICE_3514	68	Response	52	3887878	24990	2
S017_MINITWICE_3514	68	Picture	67_T_FFTRIAD_FF_pluma_red.png	3906088	43200	1	1900	2	43200	1800
S017_MINITWICE_3514	69	Picture	FF	3908388	0	1	43100	2	0	43200
S017_MINITWICE_3514	69	Pulse	99	3913849	5461	NA
S017_MINITWICE_3514	69	Port Input	1	3913849	5461	NA
S017_MINITWICE_3514	69	Response	52	3923683	15295	1
S017_MINITWICE_3514	69	Pulse	99	3949851	41463	NA
S017_MINITWICE_3514	69	Port Input	1	3949851	41463	NA
S017_MINITWICE_3514	69	Picture	68_T_FFTRIAD_FF_manos_red.png	3951488	43100	1	1900	2	43200	1800
S017_MINITWICE_3514	70	Picture	FF	3953788	0	1	43200	2	0	43200
S017_MINITWICE_3514	70	Response	52	3968348	14560	1
S017_MINITWICE_3514	70	Pulse	99	3985852	32064	NA
S017_MINITWICE_3514	70	Port Input	1	3985852	32064	NA
S017_MINITWICE_3514	70	Picture	69_T_FFTRIAD_FF_pizarra_red.png	3996988	43200	1	1900	2	43200	1800
S017_MINITWICE_3514	71	Picture	FF	3999288	0	1	43100	2	0	43200
S017_MINITWICE_3514	71	Response	51	4019509	20221	1
S017_MINITWICE_3514	71	Pulse	99	4021853	22565	NA
S017_MINITWICE_3514	71	Port Input	1	4021853	22565	NA
S017_MINITWICE_3514	71	Picture	70_T_FFTRIAD_FF_television_red.png	4042388	43100	1	1900	2	43200	1800
S017_MINITWICE_3514	72	Picture	rest	4044388	0	1	144099	2	0	144000
S017_MINITWICE_3514	72	Pulse	99	4057854	13466	NA
S017_MINITWICE_3514	72	Port Input	1	4057854	13466	NA
S017_MINITWICE_3514	72	Pulse	99	4093855	49467	NA
S017_MINITWICE_3514	72	Port Input	1	4093855	49467	NA
S017_MINITWICE_3514	72	Pulse	99	4129856	85468	NA
S017_MINITWICE_3514	72	Port Input	1	4129856	85468	NA
S017_MINITWICE_3514	72	Pulse	99	4165857	121469	NA
S017_MINITWICE_3514	72	Port Input	1	4165857	121469	NA
S017_MINITWICE_3514	73	Picture	endrest	4188587	0	1	10100	2	0	10000
S017_MINITWICE_3514	74	Picture	PW	4198987	0	1	43200	2	0	43200
S017_MINITWICE_3514	74	Pulse	99	4201858	2871	NA
S017_MINITWICE_3514	74	Port Input	1	4201858	2871	NA
S017_MINITWICE_3514	74	Response	51	4230356	31369	1
S017_MINITWICE_3514	74	Pulse	99	4237859	38872	NA
S017_MINITWICE_3514	74	Port Input	1	4237859	38872	NA
S017_MINITWICE_3514	74	Picture	73_T_PWTRIAD_PW_telarana_red.png	4242187	43200	1	1900	2	43200	1800
S017_MINITWICE_3514	75	Picture	PW	4244387	0	1	43200	2	0	43200
S017_MINITWICE_3514	75	Pulse	99	4273861	29474	NA
S017_MINITWICE_3514	75	Port Input	1	4273861	29474	NA
S017_MINITWICE_3514	75	Response	51	4275889	31502	1
S017_MINITWICE_3514	75	Picture	74_T_PWTRIAD_PW_cuento_red.png	4287587	43200	1	1900	2	43200	1800
S017_MINITWICE_3514	76	Picture	PW	4289887	0	1	43100	2	0	43200
S017_MINITWICE_3514	76	Pulse	99	4309862	19975	NA
S017_MINITWICE_3514	76	Port Input	1	4309862	19975	NA
S017_MINITWICE_3514	76	Response	51	4315446	25559	2
S017_MINITWICE_3514	76	Picture	75_T_PWTRIAD_PW_pizarra_red.png	4332987	43100	1	1900	2	43200	1800
S017_MINITWICE_3514	77	Picture	PW	4335287	0	1	43100	2	0	43200
S017_MINITWICE_3514	77	Pulse	99	4345863	10576	NA
S017_MINITWICE_3514	77	Port Input	1	4345863	10576	NA
S017_MINITWICE_3514	77	Response	51	4367035	31748	1
S017_MINITWICE_3514	77	Picture	76_T_PWTRIAD_PW_llave_red.png	4378387	43100	1	1900	2	43200	1800
S017_MINITWICE_3514	78	Picture	RW	4380587	0	1	43100	2	0	43200
S017_MINITWICE_3514	78	Pulse	99	4381864	1277	NA
S017_MINITWICE_3514	78	Port Input	1	4381864	1277	NA
S017_MINITWICE_3514	78	Response	52	4397602	17015	1
S017_MINITWICE_3514	78	Pulse	99	4417865	37278	NA
S017_MINITWICE_3514	78	Port Input	1	4417865	37278	NA
S017_MINITWICE_3514	78	Picture	77_T_RWTRIAD_RW_mono_red.png	4423687	43100	1	1899	3	43200	1800
S017_MINITWICE_3514	79	Picture	RW	4425986	0	2	43100	3	0	43200
S017_MINITWICE_3514	79	Response	52	4442759	16773	1
S017_MINITWICE_3514	79	Pulse	99	4453866	27880	NA
S017_MINITWICE_3514	79	Port Input	1	4453866	27880	NA
S017_MINITWICE_3514	79	Picture	78_T_RWTRIAD_RW_sobre_red.png	4469086	43100	1	1900	2	43200	1800
S017_MINITWICE_3514	80	Picture	RW	4471386	0	1	43100	2	0	43200
S017_MINITWICE_3514	80	Pulse	99	4489867	18481	NA
S017_MINITWICE_3514	80	Port Input	1	4489867	18481	NA
S017_MINITWICE_3514	80	Response	51	4503530	32144	1
S017_MINITWICE_3514	80	Picture	79_T_RWTRIAD_RW_piramide_red.png	4514486	43100	1	1900	2	43200	1800
S017_MINITWICE_3514	81	Picture	RW	4516786	0	1	43100	2	0	43200
S017_MINITWICE_3514	81	Pulse	99	4525868	9082	NA
S017_MINITWICE_3514	81	Port Input	1	4525868	9082	NA
S017_MINITWICE_3514	81	Response	52	4539229	22443	1
S017_MINITWICE_3514	81	Picture	80_T_RWTRIAD_RW_lechuga_red.png	4559886	43100	1	1900	2	43200	1800
S017_MINITWICE_3514	81	Pulse	99	4561869	45083	NA
S017_MINITWICE_3514	81	Port Input	1	4561869	45083	NA
S017_MINITWICE_3514	82	Picture	rest	4561886	0	1	144100	2	0	144000
S017_MINITWICE_3514	82	Pulse	99	4597871	35985	NA
S017_MINITWICE_3514	82	Port Input	1	4597871	35985	NA
S017_MINITWICE_3514	82	Pulse	99	4633872	71986	NA
S017_MINITWICE_3514	82	Port Input	1	4633872	71986	NA
S017_MINITWICE_3514	82	Pulse	99	4669873	107987	NA
S017_MINITWICE_3514	82	Port Input	1	4669873	107987	NA
S017_MINITWICE_3514	82	Pulse	99	4705874	143988	NA
S017_MINITWICE_3514	82	Port Input	1	4705874	143988	NA
S017_MINITWICE_3514	83	Picture	endrest	4706086	0	1	10100	2	0	10000
S017_MINITWICE_3514	84	Picture	FF	4716486	0	1	43199	3	0	43200
S017_MINITWICE_3514	84	Response	51	4731309	14823	1
S017_MINITWICE_3514	84	Pulse	99	4741875	25389	NA
S017_MINITWICE_3514	84	Port Input	1	4741875	25389	NA
S017_MINITWICE_3514	84	Picture	83_T_FFTRIAD_FF_novia_red.png	4759685	43199	2	1900	4	43200	1800
S017_MINITWICE_3514	85	Picture	FF	4761886	0	1	43199	3	0	43200
S017_MINITWICE_3514	85	Response	52	4773052	11166	1
S017_MINITWICE_3514	85	Pulse	99	4777876	15990	NA
S017_MINITWICE_3514	85	Port Input	1	4777876	15990	NA
S017_MINITWICE_3514	85	Picture	84_T_FFTRIAD_FF_gafas_red.png	4805085	43199	2	1900	4	43200	1800
S017_MINITWICE_3514	86	Picture	FF	4807285	0	1	43200	2	0	43200
S017_MINITWICE_3514	86	Pulse	99	4813877	6592	NA
S017_MINITWICE_3514	86	Port Input	1	4813877	6592	NA
S017_MINITWICE_3514	86	Response	51	4819367	12082	1
S017_MINITWICE_3514	86	Pulse	99	4849878	42593	NA
S017_MINITWICE_3514	86	Port Input	1	4849878	42593	NA
S017_MINITWICE_3514	86	Picture	85_T_FFTRIAD_FF_violin_red.png	4850485	43200	1	1900	2	43200	1800
S017_MINITWICE_3514	87	Picture	FF	4852785	0	1	43100	2	0	43200
S017_MINITWICE_3514	87	Response	51	4864835	12050	1
S017_MINITWICE_3514	87	Pulse	99	4885879	33094	NA
S017_MINITWICE_3514	87	Port Input	1	4885879	33094	NA
S017_MINITWICE_3514	87	Picture	86_T_FFTRIAD_FF_estetoscopio_red.png	4895885	43100	1	1900	2	43200	1800
S017_MINITWICE_3514	88	Picture	PW	4898085	0	1	43200	2	0	43200
S017_MINITWICE_3514	88	Response	51	4920238	22153	5
S017_MINITWICE_3514	88	Pulse	99	4921881	23796	NA
S017_MINITWICE_3514	88	Port Input	1	4921881	23796	NA
S017_MINITWICE_3514	88	Picture	87_T_PWTRIAD_PW_tenedor_red.png	4941285	43200	1	1900	2	43200	1800
S017_MINITWICE_3514	89	Picture	PW	4943585	0	1	43100	2	0	43200
S017_MINITWICE_3514	89	Pulse	99	4957882	14297	NA
S017_MINITWICE_3514	89	Port Input	1	4957882	14297	NA
S017_MINITWICE_3514	89	Response	52	4966618	23033	1
S017_MINITWICE_3514	89	Picture	88_T_PWTRIAD_PW_candado_red.png	4986685	43100	1	1900	2	43200	1800
S017_MINITWICE_3514	90	Picture	PW	4988885	0	1	43200	2	0	43200
S017_MINITWICE_3514	90	Pulse	99	4993883	4998	NA
S017_MINITWICE_3514	90	Port Input	1	4993883	4998	NA
S017_MINITWICE_3514	90	Response	51	5007976	19091	1
S017_MINITWICE_3514	90	Pulse	99	5029884	40999	NA
S017_MINITWICE_3514	90	Port Input	1	5029884	40999	NA
S017_MINITWICE_3514	90	Picture	89_T_PWTRIAD_PW_plato_red.png	5032085	43200	1	1900	2	43200	1800
S017_MINITWICE_3514	91	Picture	PW	5034285	0	2	43200	3	0	43200
S017_MINITWICE_3514	91	Response	52	5054398	20113	1
S017_MINITWICE_3514	91	Pulse	99	5065885	31600	NA
S017_MINITWICE_3514	91	Port Input	1	5065885	31600	NA
S017_MINITWICE_3514	91	Picture	90_T_PWTRIAD_PW_lana_red.png	5077485	43200	1	1900	2	43200	1800
S017_MINITWICE_3514	92	Picture	rest	5079485	0	1	144098	4	0	144000
S017_MINITWICE_3514	92	Pulse	99	5101886	22401	NA
S017_MINITWICE_3514	92	Port Input	1	5101886	22401	NA
S017_MINITWICE_3514	92	Pulse	99	5137887	58402	NA
S017_MINITWICE_3514	92	Port Input	1	5137887	58402	NA
S017_MINITWICE_3514	92	Pulse	99	5173888	94403	NA
S017_MINITWICE_3514	92	Port Input	1	5173888	94403	NA
S017_MINITWICE_3514	92	Pulse	99	5209890	130405	NA
S017_MINITWICE_3514	92	Port Input	1	5209890	130405	NA
S017_MINITWICE_3514	93	Picture	endrest	5223684	0	1	10100	3	0	10000
S017_MINITWICE_3514	94	Picture	RW	5234083	0	3	43100	5	0	43200
S017_MINITWICE_3514	94	Pulse	99	5245891	11808	NA
S017_MINITWICE_3514	94	Port Input	1	5245891	11808	NA
S017_MINITWICE_3514	94	Response	52	5251361	17278	1
S017_MINITWICE_3514	94	Picture	93_T_RWTRIAD_RW_raton_red.png	5277183	43100	2	1900	4	43200	1800
S017_MINITWICE_3514	95	Picture	RW	5279383	0	2	43200	4	0	43200
S017_MINITWICE_3514	95	Pulse	99	5281892	2509	NA
S017_MINITWICE_3514	95	Port Input	1	5281892	2509	NA
S017_MINITWICE_3514	95	Response	51	5294940	15557	1
S017_MINITWICE_3514	95	Pulse	99	5317893	38510	NA
S017_MINITWICE_3514	95	Port Input	1	5317893	38510	NA
S017_MINITWICE_3514	95	Picture	94_T_RWTRIAD_RW_dedal_red.png	5322583	43200	2	1901	3	43200	1800
S017_MINITWICE_3514	96	Picture	RW	5324884	0	1	43100	2	0	43200
S017_MINITWICE_3514	96	Pulse	99	5353894	29010	NA
S017_MINITWICE_3514	96	Port Input	1	5353894	29010	NA
S017_MINITWICE_3514	96	Response	51	5357852	32968	1
S017_MINITWICE_3514	96	Picture	95_T_RWTRIAD_RW_perro_red.png	5367984	43100	1	1900	2	43200	1800
S017_MINITWICE_3514	97	Picture	RW	5370284	0	1	43100	2	0	43200
S017_MINITWICE_3514	97	Response	52	5385451	15167	1
S017_MINITWICE_3514	97	Pulse	99	5389895	19611	NA
S017_MINITWICE_3514	97	Port Input	1	5389895	19611	NA
S017_MINITWICE_3514	97	Picture	96_T_RWTRIAD_RW_paraguas_red.png	5413384	43100	1	1900	2	43200	1800
S017_MINITWICE_3514	98	Picture	FF	5415684	0	1	43099	3	0	43200
S017_MINITWICE_3514	98	Pulse	99	5425896	10212	NA
S017_MINITWICE_3514	98	Port Input	1	5425896	10212	NA
S017_MINITWICE_3514	98	Response	52	5434524	18840	1
S017_MINITWICE_3514	98	Picture	97_T_FFTRIAD_FF_chupete_red.png	5458783	43099	2	1900	4	43200	1800
S017_MINITWICE_3514	99	Picture	FF	5461082	0	3	43101	4	0	43200
S017_MINITWICE_3514	99	Pulse	99	5461897	815	NA
S017_MINITWICE_3514	99	Port Input	1	5461897	815	NA
S017_MINITWICE_3514	99	Response	52	5473440	12358	1
S017_MINITWICE_3514	99	Pulse	99	5497898	36816	NA
S017_MINITWICE_3514	99	Port Input	1	5497898	36816	NA
S017_MINITWICE_3514	99	Picture	98_T_FFTRIAD_FF_molino_red.png	5504183	43101	1	1900	2	43200	1800
S017_MINITWICE_3514	100	Picture	FF	5506483	0	1	43100	2	0	43200
S017_MINITWICE_3514	100	Response	51	5518586	12103	1
S017_MINITWICE_3514	100	Pulse	99	5533899	27416	NA
S017_MINITWICE_3514	100	Port Input	1	5533899	27416	NA
S017_MINITWICE_3514	100	Picture	99_T_FFTRIAD_FF_madera_red.png	5549583	43100	1	1900	2	43200	1800
S017_MINITWICE_3514	101	Picture	FF	5551783	0	1	43200	2	0	43200
S017_MINITWICE_3514	101	Pulse	99	5569901	18118	NA
S017_MINITWICE_3514	101	Port Input	1	5569901	18118	NA
S017_MINITWICE_3514	101	Response	52	5577197	25414	1
S017_MINITWICE_3514	101	Picture	100_T_FFTRIAD_FF_banera_red.png	5594983	43200	1	1900	2	43200	1800
S017_MINITWICE_3514	102	Picture	rest	5596983	0	1	144100	2	0	144000
S017_MINITWICE_3514	102	Pulse	99	5605902	8919	NA
S017_MINITWICE_3514	102	Port Input	1	5605902	8919	NA
S017_MINITWICE_3514	102	Pulse	99	5641903	44920	NA
S017_MINITWICE_3514	102	Port Input	1	5641903	44920	NA
S017_MINITWICE_3514	102	Pulse	99	5677904	80921	NA
S017_MINITWICE_3514	102	Port Input	1	5677904	80921	NA
S017_MINITWICE_3514	102	Pulse	99	5713905	116922	NA
S017_MINITWICE_3514	102	Port Input	1	5713905	116922	NA
S017_MINITWICE_3514	103	Picture	endrest	5741183	0	1	10100	2	0	10000
S017_MINITWICE_3514	103	Pulse	99	5749906	8723	NA
S017_MINITWICE_3514	103	Port Input	1	5749906	8723	NA
S017_MINITWICE_3514	104	Picture	FF	5751683	0	1	43099	3	0	43200
S017_MINITWICE_3514	104	Response	51	5769790	18107	2
S017_MINITWICE_3514	104	Pulse	99	5785907	34224	NA
S017_MINITWICE_3514	104	Port Input	1	5785907	34224	NA
S017_MINITWICE_3514	104	Picture	103_T_FFTRIAD_FF_tenedor_red.png	5794782	43099	2	1900	4	43200	1800
S017_MINITWICE_3514	105	Picture	FF	5797082	0	2	43100	3	0	43200
S017_MINITWICE_3514	105	Response	51	5809976	12894	1
S017_MINITWICE_3514	105	Pulse	99	5821908	24826	NA
S017_MINITWICE_3514	105	Port Input	1	5821908	24826	NA
S017_MINITWICE_3514	105	Picture	104_T_FFTRIAD_FF_traje_red.png	5840182	43100	1	1900	2	43200	1800
S017_MINITWICE_3514	106	Picture	FF	5842382	0	1	43200	2	0	43200
S017_MINITWICE_3514	106	Response	52	5856298	13916	1
S017_MINITWICE_3514	106	Pulse	99	5857909	15527	NA
S017_MINITWICE_3514	106	Port Input	1	5857909	15527	NA
S017_MINITWICE_3514	106	Picture	105_T_FFTRIAD_FF_lenador_red.png	5885582	43200	1	1900	2	43200	1800
S017_MINITWICE_3514	107	Picture	FF	5887682	0	1	43200	2	0	43200
S017_MINITWICE_3514	107	Pulse	99	5893911	6229	NA
S017_MINITWICE_3514	107	Port Input	1	5893911	6229	NA
S017_MINITWICE_3514	107	Response	52	5902936	15254	1
S017_MINITWICE_3514	107	Pulse	99	5929912	42230	NA
S017_MINITWICE_3514	107	Port Input	1	5929912	42230	NA
S017_MINITWICE_3514	107	Picture	106_T_FFTRIAD_FF_telefono_red.png	5930882	43200	1	1900	2	43200	1800
S017_MINITWICE_3514	108	Picture	RW	5933082	0	1	43200	2	0	43200
S017_MINITWICE_3514	108	Response	51	5952877	19795	1
S017_MINITWICE_3514	108	Pulse	99	5965913	32831	NA
S017_MINITWICE_3514	108	Port Input	1	5965913	32831	NA
S017_MINITWICE_3514	108	Picture	107_T_RWTRIAD_RW_zanahoria_red.png	5976282	43200	1	1900	2	43200	1800
S017_MINITWICE_3514	109	Picture	RW	5978582	0	1	43100	2	0	43200
S017_MINITWICE_3514	109	Response	51	5995017	16435	1
S017_MINITWICE_3514	109	Pulse	99	6001914	23332	NA
S017_MINITWICE_3514	109	Port Input	1	6001914	23332	NA
S017_MINITWICE_3514	109	Picture	108_T_RWTRIAD_RW_iglu_red.png	6021682	43100	1	1900	2	43200	1800
S017_MINITWICE_3514	110	Picture	RW	6023982	0	1	43100	2	0	43200
S017_MINITWICE_3514	110	Pulse	99	6037915	13933	NA
S017_MINITWICE_3514	110	Port Input	1	6037915	13933	NA
S017_MINITWICE_3514	110	Response	52	6039977	15995	1
S017_MINITWICE_3514	110	Picture	109_T_RWTRIAD_RW_bebe_red.png	6067082	43100	1	1900	2	43200	1800
S017_MINITWICE_3514	111	Picture	RW	6069282	0	1	43200	2	0	43200
S017_MINITWICE_3514	111	Pulse	99	6073916	4634	NA
S017_MINITWICE_3514	111	Port Input	1	6073916	4634	NA
S017_MINITWICE_3514	111	Response	51	6088473	19191	1
S017_MINITWICE_3514	111	Pulse	99	6109917	40635	NA
S017_MINITWICE_3514	111	Port Input	1	6109917	40635	NA
S017_MINITWICE_3514	111	Picture	110_T_RWTRIAD_RW_traje_red.png	6112482	43200	1	1900	2	43200	1800
S017_MINITWICE_3514	112	Picture	rest	6114481	0	2	144100	3	0	144000
S017_MINITWICE_3514	113	Picture	endrest	6258681	0	1	10100	2	0	10000
S017_MINITWICE_3514	114	Picture	PW	6269181	0	1	43100	2	0	43200
S017_MINITWICE_3514	114	Response	52	6294206	25025	2
S017_MINITWICE_3514	114	Picture	113_T_PWTRIAD_PW_sapo_red.png	6312281	43100	1	1900	2	43200	1800
S017_MINITWICE_3514	115	Picture	PW	6314481	0	1	43100	2	0	43200
S017_MINITWICE_3514	115	Response	51	6335095	20614	2
S017_MINITWICE_3514	115	Picture	114_T_PWTRIAD_PW_portatil_red.png	6357581	43100	1	1900	2	43200	1800
S017_MINITWICE_3514	116	Picture	PW	6359881	0	1	43100	2	0	43200
S017_MINITWICE_3514	116	Response	51	6387857	27976	2
S017_MINITWICE_3514	116	Picture	115_T_PWTRIAD_PW_oruga_red.png	6402981	43100	1	1900	2	43200	1800
S017_MINITWICE_3514	117	Picture	PW	6405281	0	1	43100	2	0	43200
S017_MINITWICE_3514	117	Response	52	6428659	23378	1
S017_MINITWICE_3514	117	Picture	116_T_PWTRIAD_PW_huevos_red.png	6448381	43100	1	1900	2	43200	1800
S017_MINITWICE_3514	118	Picture	RW	6450580	0	2	43200	4	0	43200
S017_MINITWICE_3514	118	Response	51	6468175	17595	2
S017_MINITWICE_3514	118	Picture	117_T_RWTRIAD_RW_violin_red.png	6493780	43200	2	1900	3	43200	1800
S017_MINITWICE_3514	119	Picture	RW	6495980	0	1	43200	2	0	43200
S017_MINITWICE_3514	119	Response	52	6513170	17190	7
S017_MINITWICE_3514	119	Picture	118_T_RWTRIAD_RW_anillo_red.png	6539180	43200	1	1900	2	43200	1800
S017_MINITWICE_3514	120	Picture	RW	6541380	0	1	43200	2	0	43200
S017_MINITWICE_3514	120	Response	51	6566268	24888	1
S017_MINITWICE_3514	120	Picture	119_T_RWTRIAD_RW_ascensor_red.png	6584580	43200	1	1900	2	43200	1800
S017_MINITWICE_3514	121	Picture	RW	6586880	0	1	43100	2	0	43200
S017_MINITWICE_3514	121	Response	51	6601209	14329	1
S017_MINITWICE_3514	121	Picture	120_T_RWTRIAD_RW_telarana_red.png	6629980	43100	1	1900	2	43200	1800
S017_MINITWICE_3514	122	Picture	rest	6631980	0	1	144100	2	0	144000
S017_MINITWICE_3514	123	Picture	endrest	6776180	0	1	10100	2	0	10000
S017_MINITWICE_3514	124	Picture	RW	6786680	0	1	43099	2	0	43200
S017_MINITWICE_3514	124	Response	51	6809208	22528	1
S017_MINITWICE_3514	124	Picture	123_T_RWTRIAD_RW_portatil_red.png	6829779	43099	1	1900	3	43200	1800
S017_MINITWICE_3514	125	Picture	RW	6832079	0	1	43100	2	0	43200
S017_MINITWICE_3514	125	Response	52	6847666	15587	1
S017_MINITWICE_3514	125	Picture	124_T_RWTRIAD_RW_silla_red.png	6875179	43100	1	1900	2	43200	1800
S017_MINITWICE_3514	126	Picture	RW	6877479	0	1	43100	2	0	43200
S017_MINITWICE_3514	126	Response	51	6895268	17789	1
S017_MINITWICE_3514	126	Picture	125_T_RWTRIAD_RW_bala_red.png	6920579	43100	1	1900	2	43200	1800
S017_MINITWICE_3514	127	Picture	RW	6922879	0	1	43100	2	0	43200
S017_MINITWICE_3514	127	Response	51	6937712	14833	1
S017_MINITWICE_3514	127	Picture	126_T_RWTRIAD_RW_novia_red.png	6965979	43100	1	1900	2	43200	1800
S017_MINITWICE_3514	128	Picture	PW	6968279	0	1	43100	2	0	43200
S017_MINITWICE_3514	128	Response	51	6994606	26327	2
S017_MINITWICE_3514	128	Picture	127_T_PWTRIAD_PW_martillo_red.png	7011379	43100	1	1900	2	43200	1800
S017_MINITWICE_3514	129	Picture	PW	7013679	0	1	43100	2	0	43200
S017_MINITWICE_3514	129	Response	51	7036652	22973	1
S017_MINITWICE_3514	129	Picture	128_T_PWTRIAD_PW_cerillas_red.png	7056779	43100	1	1900	2	43200	1800
S017_MINITWICE_3514	130	Picture	PW	7058979	0	1	43200	2	0	43200
S017_MINITWICE_3514	130	Response	51	7083649	24670	1
S017_MINITWICE_3514	130	Picture	129_T_PWTRIAD_PW_almohada_red.png	7102179	43200	1	1900	2	43200	1800
S017_MINITWICE_3514	131	Picture	PW	7104379	0	1	43199	3	0	43200
S017_MINITWICE_3514	131	Response	52	7133288	28909	1
S017_MINITWICE_3514	131	Picture	130_T_PWTRIAD_PW_granjero_red.png	7147578	43199	2	1900	4	43200	1800
S017_MINITWICE_3514	132	Picture	rest	7149578	0	2	144100	3	0	144000
S017_MINITWICE_3514	133	Picture	endrest	7293778	0	1	10100	2	0	10000
S017_MINITWICE_3514	134	Picture	RW	7304278	0	1	43100	2	0	43200
S017_MINITWICE_3514	134	Response	51	7322440	18162	1
S017_MINITWICE_3514	134	Picture	133_T_RWTRIAD_RW_tenedor_red.png	7347378	43100	1	1900	2	43200	1800
S017_MINITWICE_3514	135	Picture	RW	7349578	0	1	43200	2	0	43200
S017_MINITWICE_3514	135	Response	51	7364609	15031	1
S017_MINITWICE_3514	135	Picture	134_T_RWTRIAD_RW_television_red.png	7392778	43200	1	1900	2	43200	1800
S017_MINITWICE_3514	136	Picture	RW	7395078	0	1	43100	2	0	43200
S017_MINITWICE_3514	136	Response	52	7412387	17309	1
S017_MINITWICE_3514	136	Picture	135_T_RWTRIAD_RW_destornillador_red.png	7438178	43100	1	1900	2	43200	1800
S017_MINITWICE_3514	137	Picture	RW	7440478	0	1	43099	3	0	43200
S017_MINITWICE_3514	137	Response	51	7456802	16324	1
S017_MINITWICE_3514	137	Picture	136_T_RWTRIAD_RW_pilas_red.png	7483577	43099	2	1900	4	43200	1800
S017_MINITWICE_3514	138	Picture	rest	7485577	0	2	144100	3	0	144000
S017_MINITWICE_3514	139	Picture	endrest	7629777	0	1	10100	2	0	10000
S017_MINITWICE_3514	140	Picture	endrest	7639977	0	1	10099	3	0	10000
S017_MINITWICE_3514	141	Picture	endrest	7650177	0	1	10100	2	0	10000
S017_MINITWICE_3514	142	Picture	endrest	7660377	0	1	10100	2	0	10000
