Scenario - vOT_Triads_fMRI_II
Logfile written - 07/16/2015 10:40:27

Subject	Trial	Event Type	Code	Time	TTime	Uncertainty	Duration	Uncertainty	ReqTime	ReqDur

S018_DAY2_MINITWICE_4649	1	Pulse	99	281787	291574	NA
S018_DAY2_MINITWICE_4649	1	Port Input	1	281787	291574	NA
S018_DAY2_MINITWICE_4649	1	Pulse	99	317788	327575	NA
S018_DAY2_MINITWICE_4649	1	Port Input	1	317788	327575	NA
S018_DAY2_MINITWICE_4649	1	Pulse	99	353789	363576	NA
S018_DAY2_MINITWICE_4649	1	Port Input	1	353789	363576	NA
S018_DAY2_MINITWICE_4649	1	Pulse	99	389790	399577	NA
S018_DAY2_MINITWICE_4649	1	Port Input	1	389790	399577	NA
S018_DAY2_MINITWICE_4649	1	Pulse	99	425791	435578	NA
S018_DAY2_MINITWICE_4649	1	Port Input	1	425791	435578	NA
S018_DAY2_MINITWICE_4649	2	Picture	rest	425996	0	1	144099	2	0	144000
S018_DAY2_MINITWICE_4649	2	Pulse	99	461792	35796	NA
S018_DAY2_MINITWICE_4649	2	Port Input	1	461792	35796	NA
S018_DAY2_MINITWICE_4649	2	Pulse	99	497793	71797	NA
S018_DAY2_MINITWICE_4649	2	Port Input	1	497793	71797	NA
S018_DAY2_MINITWICE_4649	2	Pulse	99	533794	107798	NA
S018_DAY2_MINITWICE_4649	2	Port Input	1	533794	107798	NA
S018_DAY2_MINITWICE_4649	2	Pulse	99	569795	143799	NA
S018_DAY2_MINITWICE_4649	2	Port Input	1	569795	143799	NA
S018_DAY2_MINITWICE_4649	3	Picture	endrest	570195	0	1	10100	2	0	10000
S018_DAY2_MINITWICE_4649	4	Picture	PW	580695	0	1	43100	2	0	43200
S018_DAY2_MINITWICE_4649	4	Response	52	596440	15745	1
S018_DAY2_MINITWICE_4649	4	Pulse	99	605796	25101	NA
S018_DAY2_MINITWICE_4649	4	Port Input	1	605796	25101	NA
S018_DAY2_MINITWICE_4649	4	Picture	3_T_PWTRIAD_PW_chupete_red.png	623795	43100	1	1900	2	43200	1800
S018_DAY2_MINITWICE_4649	5	Picture	PW	625995	0	1	43099	2	0	43200
S018_DAY2_MINITWICE_4649	5	Pulse	99	641797	15802	NA
S018_DAY2_MINITWICE_4649	5	Port Input	1	641797	15802	NA
S018_DAY2_MINITWICE_4649	5	Response	51	648972	22977	1
S018_DAY2_MINITWICE_4649	5	Picture	4_T_PWTRIAD_PW_futbol_red.png	669094	43099	1	1900	2	43200	1800
S018_DAY2_MINITWICE_4649	6	Picture	PW	671294	0	1	43200	2	0	43200
S018_DAY2_MINITWICE_4649	6	Pulse	99	677798	6504	NA
S018_DAY2_MINITWICE_4649	6	Port Input	1	677798	6504	NA
S018_DAY2_MINITWICE_4649	6	Response	52	686323	15029	1
S018_DAY2_MINITWICE_4649	6	Pulse	99	713799	42505	NA
S018_DAY2_MINITWICE_4649	6	Port Input	1	713799	42505	NA
S018_DAY2_MINITWICE_4649	6	Picture	5_T_PWTRIAD_PW_bebe_red.png	714494	43200	1	1900	2	43200	1800
S018_DAY2_MINITWICE_4649	7	Picture	PW	716594	0	1	43200	2	0	43200
S018_DAY2_MINITWICE_4649	7	Response	52	747384	30790	1
S018_DAY2_MINITWICE_4649	7	Pulse	99	749799	33205	NA
S018_DAY2_MINITWICE_4649	7	Port Input	1	749799	33205	NA
S018_DAY2_MINITWICE_4649	7	Picture	6_T_PWTRIAD_PW_pizarra_red.png	759794	43200	1	1900	2	43200	1800
S018_DAY2_MINITWICE_4649	8	Picture	PW	761894	0	1	43199	2	0	43200
S018_DAY2_MINITWICE_4649	8	Pulse	99	785800	23906	NA
S018_DAY2_MINITWICE_4649	8	Port Input	1	785800	23906	NA
S018_DAY2_MINITWICE_4649	8	Response	51	788989	27095	1
S018_DAY2_MINITWICE_4649	8	Picture	7_T_PWTRIAD_PW_teclado_red.png	805093	43199	1	1900	2	43200	1800
S018_DAY2_MINITWICE_4649	9	Picture	PW	807393	0	1	43100	2	0	43200
S018_DAY2_MINITWICE_4649	9	Pulse	99	821801	14408	NA
S018_DAY2_MINITWICE_4649	9	Port Input	1	821801	14408	NA
S018_DAY2_MINITWICE_4649	9	Response	52	834056	26663	1
S018_DAY2_MINITWICE_4649	9	Picture	8_T_PWTRIAD_PW_almohada_red.png	850493	43100	1	1900	2	43200	1800
S018_DAY2_MINITWICE_4649	10	Picture	PW	852793	0	1	43100	2	0	43200
S018_DAY2_MINITWICE_4649	10	Pulse	99	857802	5009	NA
S018_DAY2_MINITWICE_4649	10	Port Input	1	857802	5009	NA
S018_DAY2_MINITWICE_4649	10	Response	51	891393	38600	1
S018_DAY2_MINITWICE_4649	10	Pulse	99	893803	41010	NA
S018_DAY2_MINITWICE_4649	10	Port Input	1	893803	41010	NA
S018_DAY2_MINITWICE_4649	10	Picture	9_T_PWTRIAD_PW_paracaidas_red.png	895893	43100	1	1900	2	43200	1800
S018_DAY2_MINITWICE_4649	11	Picture	PW	898193	0	1	43099	2	0	43200
S018_DAY2_MINITWICE_4649	11	Response	51	925779	27586	2
S018_DAY2_MINITWICE_4649	11	Pulse	99	929804	31611	NA
S018_DAY2_MINITWICE_4649	11	Port Input	1	929804	31611	NA
S018_DAY2_MINITWICE_4649	11	Picture	10_T_PWTRIAD_PW_lenador_red.png	941292	43099	1	1900	2	43200	1800
S018_DAY2_MINITWICE_4649	12	Picture	rest	943292	0	1	144099	2	0	144000
S018_DAY2_MINITWICE_4649	12	Pulse	99	965805	22513	NA
S018_DAY2_MINITWICE_4649	12	Port Input	1	965805	22513	NA
S018_DAY2_MINITWICE_4649	12	Pulse	99	1001806	58514	NA
S018_DAY2_MINITWICE_4649	12	Port Input	1	1001806	58514	NA
S018_DAY2_MINITWICE_4649	12	Pulse	99	1037807	94515	NA
S018_DAY2_MINITWICE_4649	12	Port Input	1	1037807	94515	NA
S018_DAY2_MINITWICE_4649	12	Pulse	99	1073808	130516	NA
S018_DAY2_MINITWICE_4649	12	Port Input	1	1073808	130516	NA
S018_DAY2_MINITWICE_4649	13	Picture	endrest	1087491	0	1	10100	2	0	10000
S018_DAY2_MINITWICE_4649	14	Picture	RW	1097791	0	1	43200	2	0	43200
S018_DAY2_MINITWICE_4649	14	Pulse	99	1109809	12018	NA
S018_DAY2_MINITWICE_4649	14	Port Input	1	1109809	12018	NA
S018_DAY2_MINITWICE_4649	14	Response	52	1121515	23724	1
S018_DAY2_MINITWICE_4649	14	Picture	13_T_RWTRIAD_RW_martillo_red.png	1140991	43200	1	1900	2	43200	1800
S018_DAY2_MINITWICE_4649	15	Picture	RW	1143091	0	1	43199	3	0	43200
S018_DAY2_MINITWICE_4649	15	Pulse	99	1145810	2719	NA
S018_DAY2_MINITWICE_4649	15	Port Input	1	1145810	2719	NA
S018_DAY2_MINITWICE_4649	15	Response	52	1157611	14520	1
S018_DAY2_MINITWICE_4649	15	Pulse	99	1181811	38720	NA
S018_DAY2_MINITWICE_4649	15	Port Input	1	1181811	38720	NA
S018_DAY2_MINITWICE_4649	15	Picture	14_T_RWTRIAD_RW_agua_red.png	1186290	43199	2	1900	4	43200	1800
S018_DAY2_MINITWICE_4649	16	Picture	RW	1188390	0	2	43200	3	0	43200
S018_DAY2_MINITWICE_4649	16	Response	51	1200022	11632	1
S018_DAY2_MINITWICE_4649	16	Pulse	99	1217812	29422	NA
S018_DAY2_MINITWICE_4649	16	Port Input	1	1217812	29422	NA
S018_DAY2_MINITWICE_4649	16	Picture	15_T_RWTRIAD_RW_charco_red.png	1231590	43200	1	1900	2	43200	1800
S018_DAY2_MINITWICE_4649	17	Picture	RW	1233690	0	1	43200	2	0	43200
S018_DAY2_MINITWICE_4649	17	Response	52	1248480	14790	1
S018_DAY2_MINITWICE_4649	17	Pulse	99	1253813	20123	NA
S018_DAY2_MINITWICE_4649	17	Port Input	1	1253813	20123	NA
S018_DAY2_MINITWICE_4649	17	Picture	16_T_RWTRIAD_RW_sobre_red.png	1276890	43200	1	1900	2	43200	1800
S018_DAY2_MINITWICE_4649	18	Picture	RW	1278990	0	1	43199	3	0	43200
S018_DAY2_MINITWICE_4649	18	Pulse	99	1289814	10824	NA
S018_DAY2_MINITWICE_4649	18	Port Input	1	1289814	10824	NA
S018_DAY2_MINITWICE_4649	18	Response	52	1297928	18938	1
S018_DAY2_MINITWICE_4649	18	Picture	17_T_RWTRIAD_RW_esquimal_red.png	1322189	43199	2	1900	4	43200	1800
S018_DAY2_MINITWICE_4649	19	Picture	RW	1324289	0	2	43200	3	0	43200
S018_DAY2_MINITWICE_4649	19	Pulse	99	1325815	1526	NA
S018_DAY2_MINITWICE_4649	19	Port Input	1	1325815	1526	NA
S018_DAY2_MINITWICE_4649	19	Response	51	1334787	10498	1
S018_DAY2_MINITWICE_4649	19	Pulse	99	1361815	37526	NA
S018_DAY2_MINITWICE_4649	19	Port Input	1	1361815	37526	NA
S018_DAY2_MINITWICE_4649	19	Picture	18_T_RWTRIAD_RW_lana_red.png	1367489	43200	1	1900	2	43200	1800
S018_DAY2_MINITWICE_4649	20	Picture	RW	1369589	0	1	43200	2	0	43200
S018_DAY2_MINITWICE_4649	20	Response	52	1380804	11215	1
S018_DAY2_MINITWICE_4649	20	Pulse	99	1397816	28227	NA
S018_DAY2_MINITWICE_4649	20	Port Input	1	1397816	28227	NA
S018_DAY2_MINITWICE_4649	20	Picture	19_T_RWTRIAD_RW_raton_red.png	1412789	43200	1	1900	2	43200	1800
S018_DAY2_MINITWICE_4649	21	Picture	RW	1414889	0	1	43199	3	0	43200
S018_DAY2_MINITWICE_4649	21	Response	52	1425947	11058	1
S018_DAY2_MINITWICE_4649	21	Pulse	99	1433817	18928	NA
S018_DAY2_MINITWICE_4649	21	Port Input	1	1433817	18928	NA
S018_DAY2_MINITWICE_4649	21	Picture	20_T_RWTRIAD_RW_mono_red.png	1458088	43199	2	1900	4	43200	1800
S018_DAY2_MINITWICE_4649	22	Picture	rest	1460088	0	2	144099	4	0	144000
S018_DAY2_MINITWICE_4649	22	Pulse	99	1469818	9730	NA
S018_DAY2_MINITWICE_4649	22	Port Input	1	1469818	9730	NA
S018_DAY2_MINITWICE_4649	22	Pulse	99	1505819	45731	NA
S018_DAY2_MINITWICE_4649	22	Port Input	1	1505819	45731	NA
S018_DAY2_MINITWICE_4649	22	Pulse	99	1541820	81732	NA
S018_DAY2_MINITWICE_4649	22	Port Input	1	1541820	81732	NA
S018_DAY2_MINITWICE_4649	22	Pulse	99	1577821	117733	NA
S018_DAY2_MINITWICE_4649	22	Port Input	1	1577821	117733	NA
S018_DAY2_MINITWICE_4649	23	Picture	endrest	1604287	0	1	10100	2	0	10000
S018_DAY2_MINITWICE_4649	23	Pulse	99	1613822	9535	NA
S018_DAY2_MINITWICE_4649	23	Port Input	1	1613822	9535	NA
S018_DAY2_MINITWICE_4649	24	Picture	RW	1614587	0	1	43200	2	0	43200
S018_DAY2_MINITWICE_4649	24	Response	52	1628076	13489	1
S018_DAY2_MINITWICE_4649	24	Pulse	99	1649823	35236	NA
S018_DAY2_MINITWICE_4649	24	Port Input	1	1649823	35236	NA
S018_DAY2_MINITWICE_4649	24	Picture	23_T_RWTRIAD_RW_destornillador_red.png	1657787	43200	1	1900	2	43200	1800
S018_DAY2_MINITWICE_4649	25	Picture	RW	1659884	0	14	43203	15	0	43200
S018_DAY2_MINITWICE_4649	25	Response	51	1680185	20301	1
S018_DAY2_MINITWICE_4649	25	Pulse	99	1685824	25940	NA
S018_DAY2_MINITWICE_4649	25	Port Input	1	1685824	25940	NA
S018_DAY2_MINITWICE_4649	25	Picture	24_T_RWTRIAD_RW_portatil_red.png	1703087	43203	1	1900	2	43200	1800
S018_DAY2_MINITWICE_4649	26	Picture	RW	1705187	0	1	43199	2	0	43200
S018_DAY2_MINITWICE_4649	26	Pulse	99	1721825	16638	NA
S018_DAY2_MINITWICE_4649	26	Port Input	1	1721825	16638	NA
S018_DAY2_MINITWICE_4649	26	Response	52	1724286	19099	2
S018_DAY2_MINITWICE_4649	26	Picture	25_T_RWTRIAD_RW_dado_red.png	1748386	43199	1	1900	2	43200	1800
S018_DAY2_MINITWICE_4649	27	Picture	RW	1750686	0	1	43100	2	0	43200
S018_DAY2_MINITWICE_4649	27	Pulse	99	1757826	7140	NA
S018_DAY2_MINITWICE_4649	27	Port Input	1	1757826	7140	NA
S018_DAY2_MINITWICE_4649	27	Response	52	1761435	10749	1
S018_DAY2_MINITWICE_4649	27	Picture	26_T_RWTRIAD_RW_llave_red.png	1793786	43100	1	1900	2	43200	1800
S018_DAY2_MINITWICE_4649	27	Pulse	99	1793827	43141	NA
S018_DAY2_MINITWICE_4649	27	Port Input	1	1793827	43141	NA
S018_DAY2_MINITWICE_4649	28	Picture	PW	1795986	0	1	43200	2	0	43200
S018_DAY2_MINITWICE_4649	28	Response	51	1810630	14644	1
S018_DAY2_MINITWICE_4649	28	Pulse	99	1829828	33842	NA
S018_DAY2_MINITWICE_4649	28	Port Input	1	1829828	33842	NA
S018_DAY2_MINITWICE_4649	28	Picture	27_T_PWTRIAD_PW_novia_red.png	1839186	43200	1	1900	2	43200	1800
S018_DAY2_MINITWICE_4649	29	Picture	PW	1841486	0	1	43099	2	0	43200
S018_DAY2_MINITWICE_4649	29	Pulse	99	1865829	24343	NA
S018_DAY2_MINITWICE_4649	29	Port Input	1	1865829	24343	NA
S018_DAY2_MINITWICE_4649	29	Response	51	1866236	24750	1
S018_DAY2_MINITWICE_4649	29	Picture	28_T_PWTRIAD_PW_agua_red.png	1884585	43099	1	1900	2	43200	1800
S018_DAY2_MINITWICE_4649	30	Picture	PW	1886685	0	1	43200	2	0	43200
S018_DAY2_MINITWICE_4649	30	Pulse	99	1901830	15145	NA
S018_DAY2_MINITWICE_4649	30	Port Input	1	1901830	15145	NA
S018_DAY2_MINITWICE_4649	30	Response	52	1909697	23012	1
S018_DAY2_MINITWICE_4649	30	Picture	29_T_PWTRIAD_PW_lana_red.png	1929885	43200	1	1900	2	43200	1800
S018_DAY2_MINITWICE_4649	31	Picture	PW	1931985	0	1	43200	2	0	43200
S018_DAY2_MINITWICE_4649	31	Pulse	99	1937831	5846	NA
S018_DAY2_MINITWICE_4649	31	Port Input	1	1937831	5846	NA
S018_DAY2_MINITWICE_4649	31	Response	52	1958412	26427	1
S018_DAY2_MINITWICE_4649	31	Pulse	99	1973832	41847	NA
S018_DAY2_MINITWICE_4649	31	Port Input	1	1973832	41847	NA
S018_DAY2_MINITWICE_4649	31	Picture	30_T_PWTRIAD_PW_portatil_red.png	1975185	43200	1	1900	2	43200	1800
S018_DAY2_MINITWICE_4649	32	Picture	rest	1977185	0	1	144099	2	0	144000
S018_DAY2_MINITWICE_4649	32	Pulse	99	2009832	32647	NA
S018_DAY2_MINITWICE_4649	32	Port Input	1	2009832	32647	NA
S018_DAY2_MINITWICE_4649	32	Pulse	99	2045833	68648	NA
S018_DAY2_MINITWICE_4649	32	Port Input	1	2045833	68648	NA
S018_DAY2_MINITWICE_4649	32	Pulse	99	2081834	104649	NA
S018_DAY2_MINITWICE_4649	32	Port Input	1	2081834	104649	NA
S018_DAY2_MINITWICE_4649	32	Pulse	99	2117835	140650	NA
S018_DAY2_MINITWICE_4649	32	Port Input	1	2117835	140650	NA
S018_DAY2_MINITWICE_4649	33	Picture	endrest	2121384	0	1	10099	3	0	10000
S018_DAY2_MINITWICE_4649	34	Picture	PW	2131683	0	2	43200	3	0	43200
S018_DAY2_MINITWICE_4649	34	Pulse	99	2153836	22153	NA
S018_DAY2_MINITWICE_4649	34	Port Input	1	2153836	22153	NA
S018_DAY2_MINITWICE_4649	34	Response	51	2158300	26617	2
S018_DAY2_MINITWICE_4649	34	Picture	33_T_PWTRIAD_PW_banera_red.png	2174883	43200	1	1900	2	43200	1800
S018_DAY2_MINITWICE_4649	35	Picture	PW	2176983	0	1	43200	2	0	43200
S018_DAY2_MINITWICE_4649	35	Pulse	99	2189837	12854	NA
S018_DAY2_MINITWICE_4649	35	Port Input	1	2189837	12854	NA
S018_DAY2_MINITWICE_4649	35	Response	51	2203331	26348	1
S018_DAY2_MINITWICE_4649	35	Picture	34_T_PWTRIAD_PW_bala_red.png	2220183	43200	1	1900	2	43200	1800
S018_DAY2_MINITWICE_4649	36	Picture	PW	2222283	0	1	43199	3	0	43200
S018_DAY2_MINITWICE_4649	36	Pulse	99	2225838	3555	NA
S018_DAY2_MINITWICE_4649	36	Port Input	1	2225838	3555	NA
S018_DAY2_MINITWICE_4649	36	Response	51	2255027	32744	1
S018_DAY2_MINITWICE_4649	36	Pulse	99	2261839	39556	NA
S018_DAY2_MINITWICE_4649	36	Port Input	1	2261839	39556	NA
S018_DAY2_MINITWICE_4649	36	Picture	35_T_PWTRIAD_PW_manos_red.png	2265482	43199	2	1900	4	43200	1800
S018_DAY2_MINITWICE_4649	37	Picture	PW	2267582	0	2	43200	3	0	43200
S018_DAY2_MINITWICE_4649	37	Response	52	2291687	24105	1
S018_DAY2_MINITWICE_4649	37	Pulse	99	2297840	30258	NA
S018_DAY2_MINITWICE_4649	37	Port Input	1	2297840	30258	NA
S018_DAY2_MINITWICE_4649	37	Picture	36_T_PWTRIAD_PW_policia_red.png	2310782	43200	1	1900	2	43200	1800
S018_DAY2_MINITWICE_4649	38	Picture	FF	2313082	0	1	43100	2	0	43200
S018_DAY2_MINITWICE_4649	38	Response	51	2333475	20393	1
S018_DAY2_MINITWICE_4649	38	Pulse	99	2333841	20759	NA
S018_DAY2_MINITWICE_4649	38	Port Input	1	2333841	20759	NA
S018_DAY2_MINITWICE_4649	38	Picture	37_T_FFTRIAD_FF_television_red.png	2356182	43100	1	1899	3	43200	1800
S018_DAY2_MINITWICE_4649	39	Picture	FF	2358282	0	1	43199	3	0	43200
S018_DAY2_MINITWICE_4649	39	Pulse	99	2369842	11560	NA
S018_DAY2_MINITWICE_4649	39	Port Input	1	2369842	11560	NA
S018_DAY2_MINITWICE_4649	39	Response	52	2383987	25705	1
S018_DAY2_MINITWICE_4649	39	Picture	38_T_FFTRIAD_FF_tenedor_red.png	2401481	43199	2	1900	4	43200	1800
S018_DAY2_MINITWICE_4649	40	Picture	FF	2403781	0	2	43200	3	0	43200
S018_DAY2_MINITWICE_4649	40	Pulse	99	2405843	2062	NA
S018_DAY2_MINITWICE_4649	40	Port Input	1	2405843	2062	NA
S018_DAY2_MINITWICE_4649	40	Response	52	2426694	22913	2
S018_DAY2_MINITWICE_4649	40	Pulse	99	2441844	38063	NA
S018_DAY2_MINITWICE_4649	40	Port Input	1	2441844	38063	NA
S018_DAY2_MINITWICE_4649	40	Picture	39_T_FFTRIAD_FF_gafas_red.png	2446981	43200	1	1900	2	43200	1800
S018_DAY2_MINITWICE_4649	41	Picture	FF	2449281	0	1	43200	2	0	43200
S018_DAY2_MINITWICE_4649	41	Response	52	2477761	28480	1
S018_DAY2_MINITWICE_4649	41	Pulse	99	2477845	28564	NA
S018_DAY2_MINITWICE_4649	41	Port Input	1	2477845	28564	NA
S018_DAY2_MINITWICE_4649	41	Picture	40_T_FFTRIAD_FF_sobre_red.png	2492481	43200	1	1900	2	43200	1800
S018_DAY2_MINITWICE_4649	42	Picture	rest	2494481	0	1	144099	2	0	144000
S018_DAY2_MINITWICE_4649	42	Pulse	99	2513846	19365	NA
S018_DAY2_MINITWICE_4649	42	Port Input	1	2513846	19365	NA
S018_DAY2_MINITWICE_4649	42	Pulse	99	2549847	55366	NA
S018_DAY2_MINITWICE_4649	42	Port Input	1	2549847	55366	NA
S018_DAY2_MINITWICE_4649	42	Pulse	99	2585848	91367	NA
S018_DAY2_MINITWICE_4649	42	Port Input	1	2585848	91367	NA
S018_DAY2_MINITWICE_4649	42	Pulse	99	2621848	127367	NA
S018_DAY2_MINITWICE_4649	42	Port Input	1	2621848	127367	NA
S018_DAY2_MINITWICE_4649	43	Picture	endrest	2638680	0	1	10100	2	0	10000
S018_DAY2_MINITWICE_4649	44	Picture	PW	2648980	0	1	43199	2	0	43200
S018_DAY2_MINITWICE_4649	44	Pulse	99	2657849	8869	NA
S018_DAY2_MINITWICE_4649	44	Port Input	1	2657849	8869	NA
S018_DAY2_MINITWICE_4649	44	Response	51	2673562	24582	2
S018_DAY2_MINITWICE_4649	44	Picture	43_T_PWTRIAD_PW_pluma_red.png	2692179	43199	1	1900	2	43200	1800
S018_DAY2_MINITWICE_4649	44	Pulse	99	2693850	44870	NA
S018_DAY2_MINITWICE_4649	44	Port Input	1	2693850	44870	NA
S018_DAY2_MINITWICE_4649	45	Picture	PW	2694379	0	1	43200	2	0	43200
S018_DAY2_MINITWICE_4649	45	Response	51	2722183	27804	1
S018_DAY2_MINITWICE_4649	45	Pulse	99	2729851	35472	NA
S018_DAY2_MINITWICE_4649	45	Port Input	1	2729851	35472	NA
S018_DAY2_MINITWICE_4649	45	Picture	44_T_PWTRIAD_PW_grifo_red.png	2737579	43200	1	1900	2	43200	1800
S018_DAY2_MINITWICE_4649	46	Picture	PW	2739779	0	1	43200	2	0	43200
S018_DAY2_MINITWICE_4649	46	Response	52	2761292	21513	1
S018_DAY2_MINITWICE_4649	46	Pulse	99	2765852	26073	NA
S018_DAY2_MINITWICE_4649	46	Port Input	1	2765852	26073	NA
S018_DAY2_MINITWICE_4649	46	Picture	45_T_PWTRIAD_PW_esquimal_red.png	2782979	43200	1	1900	2	43200	1800
S018_DAY2_MINITWICE_4649	47	Picture	PW	2785079	0	1	43199	2	0	43200
S018_DAY2_MINITWICE_4649	47	Pulse	99	2801853	16774	NA
S018_DAY2_MINITWICE_4649	47	Port Input	1	2801853	16774	NA
S018_DAY2_MINITWICE_4649	47	Response	52	2814858	29779	1
S018_DAY2_MINITWICE_4649	47	Picture	46_T_PWTRIAD_PW_bellota_red.png	2828278	43199	1	1900	2	43200	1800
S018_DAY2_MINITWICE_4649	48	Picture	PW	2830378	0	1	43200	2	0	43200
S018_DAY2_MINITWICE_4649	48	Pulse	99	2837854	7476	NA
S018_DAY2_MINITWICE_4649	48	Port Input	1	2837854	7476	NA
S018_DAY2_MINITWICE_4649	48	Response	51	2851200	20822	2
S018_DAY2_MINITWICE_4649	48	Picture	47_T_PWTRIAD_PW_anillo_red.png	2873578	43200	1	1900	2	43200	1800
S018_DAY2_MINITWICE_4649	48	Pulse	99	2873855	43477	NA
S018_DAY2_MINITWICE_4649	48	Port Input	1	2873855	43477	NA
S018_DAY2_MINITWICE_4649	49	Picture	PW	2875878	0	1	43100	2	0	43200
S018_DAY2_MINITWICE_4649	49	Response	51	2900760	24882	1
S018_DAY2_MINITWICE_4649	49	Pulse	99	2909856	33978	NA
S018_DAY2_MINITWICE_4649	49	Port Input	1	2909856	33978	NA
S018_DAY2_MINITWICE_4649	49	Picture	48_T_PWTRIAD_PW_arco_red.png	2918978	43100	1	1900	2	43200	1800
S018_DAY2_MINITWICE_4649	50	Picture	PW	2921078	0	1	43199	2	0	43200
S018_DAY2_MINITWICE_4649	50	Pulse	99	2945857	24779	NA
S018_DAY2_MINITWICE_4649	50	Port Input	1	2945857	24779	NA
S018_DAY2_MINITWICE_4649	50	Response	52	2951329	30251	2
S018_DAY2_MINITWICE_4649	50	Picture	49_T_PWTRIAD_PW_telarana_red.png	2964277	43199	1	1900	2	43200	1800
S018_DAY2_MINITWICE_4649	51	Picture	PW	2966577	0	1	43100	2	0	43200
S018_DAY2_MINITWICE_4649	51	Pulse	99	2981858	15281	NA
S018_DAY2_MINITWICE_4649	51	Port Input	1	2981858	15281	NA
S018_DAY2_MINITWICE_4649	51	Response	52	2985922	19345	1
S018_DAY2_MINITWICE_4649	51	Picture	50_T_PWTRIAD_PW_lechuga_red.png	3009677	43100	1	1900	2	43200	1800
S018_DAY2_MINITWICE_4649	52	Picture	rest	3011677	0	1	144099	2	0	144000
S018_DAY2_MINITWICE_4649	52	Pulse	99	3017859	6182	NA
S018_DAY2_MINITWICE_4649	52	Port Input	1	3017859	6182	NA
S018_DAY2_MINITWICE_4649	52	Pulse	99	3053860	42183	NA
S018_DAY2_MINITWICE_4649	52	Port Input	1	3053860	42183	NA
S018_DAY2_MINITWICE_4649	52	Pulse	99	3089861	78184	NA
S018_DAY2_MINITWICE_4649	52	Port Input	1	3089861	78184	NA
S018_DAY2_MINITWICE_4649	52	Pulse	99	3125862	114185	NA
S018_DAY2_MINITWICE_4649	52	Port Input	1	3125862	114185	NA
S018_DAY2_MINITWICE_4649	53	Picture	endrest	3155876	0	1	10100	2	0	10000
S018_DAY2_MINITWICE_4649	53	Pulse	99	3161863	5987	NA
S018_DAY2_MINITWICE_4649	53	Port Input	1	3161863	5987	NA
S018_DAY2_MINITWICE_4649	54	Picture	FF	3166376	0	1	43199	3	0	43200
S018_DAY2_MINITWICE_4649	54	Response	51	3185095	18719	1
S018_DAY2_MINITWICE_4649	54	Pulse	99	3197864	31488	NA
S018_DAY2_MINITWICE_4649	54	Port Input	1	3197864	31488	NA
S018_DAY2_MINITWICE_4649	54	Picture	53_T_FFTRIAD_FF_teclado_red.png	3209575	43199	2	1901	3	43200	1800
S018_DAY2_MINITWICE_4649	55	Picture	FF	3211775	0	2	43100	3	0	43200
S018_DAY2_MINITWICE_4649	55	Response	51	3227728	15953	1
S018_DAY2_MINITWICE_4649	55	Pulse	99	3233865	22090	NA
S018_DAY2_MINITWICE_4649	55	Port Input	1	3233865	22090	NA
S018_DAY2_MINITWICE_4649	55	Picture	54_T_FFTRIAD_FF_llave_red.png	3254875	43100	1	1900	2	43200	1800
S018_DAY2_MINITWICE_4649	56	Picture	FF	3256975	0	1	43200	2	0	43200
S018_DAY2_MINITWICE_4649	56	Pulse	99	3269866	12891	NA
S018_DAY2_MINITWICE_4649	56	Port Input	1	3269866	12891	NA
S018_DAY2_MINITWICE_4649	56	Response	51	3279209	22234	1
S018_DAY2_MINITWICE_4649	56	Picture	55_T_FFTRIAD_FF_zanahoria_red.png	3300175	43200	1	1900	2	43200	1800
S018_DAY2_MINITWICE_4649	57	Picture	FF	3302475	0	1	43099	3	0	43200
S018_DAY2_MINITWICE_4649	57	Pulse	99	3305866	3391	NA
S018_DAY2_MINITWICE_4649	57	Port Input	1	3305866	3391	NA
S018_DAY2_MINITWICE_4649	57	Response	51	3334968	32493	1
S018_DAY2_MINITWICE_4649	57	Pulse	99	3341867	39392	NA
S018_DAY2_MINITWICE_4649	57	Port Input	1	3341867	39392	NA
S018_DAY2_MINITWICE_4649	57	Picture	56_T_FFTRIAD_FF_ancla_red.png	3345574	43099	2	1900	4	43200	1800
S018_DAY2_MINITWICE_4649	58	Picture	RW	3347674	0	2	43200	3	0	43200
S018_DAY2_MINITWICE_4649	58	Response	51	3362369	14695	1
S018_DAY2_MINITWICE_4649	58	Pulse	99	3377868	30194	NA
S018_DAY2_MINITWICE_4649	58	Port Input	1	3377868	30194	NA
S018_DAY2_MINITWICE_4649	58	Picture	57_T_RWTRIAD_RW_almohada_red.png	3390874	43200	1	1900	2	43200	1800
S018_DAY2_MINITWICE_4649	59	Picture	RW	3392974	0	1	43200	2	0	43200
S018_DAY2_MINITWICE_4649	59	Response	52	3402555	9581	1
S018_DAY2_MINITWICE_4649	59	Pulse	99	3413869	20895	NA
S018_DAY2_MINITWICE_4649	59	Port Input	1	3413869	20895	NA
S018_DAY2_MINITWICE_4649	59	Picture	58_T_RWTRIAD_RW_futbol_red.png	3436174	43200	1	1900	2	43200	1800
S018_DAY2_MINITWICE_4649	60	Picture	RW	3438273	0	2	43200	4	0	43200
S018_DAY2_MINITWICE_4649	60	Pulse	99	3449870	11597	NA
S018_DAY2_MINITWICE_4649	60	Port Input	1	3449870	11597	NA
S018_DAY2_MINITWICE_4649	60	Response	52	3464656	26383	1
S018_DAY2_MINITWICE_4649	60	Response	51	3478149	39876	1
S018_DAY2_MINITWICE_4649	60	Picture	59_T_RWTRIAD_RW_dedal_red.png	3481473	43200	2	1900	4	43200	1800
S018_DAY2_MINITWICE_4649	61	Picture	RW	3483573	0	2	43200	3	0	43200
S018_DAY2_MINITWICE_4649	61	Pulse	99	3485871	2298	NA
S018_DAY2_MINITWICE_4649	61	Port Input	1	3485871	2298	NA
S018_DAY2_MINITWICE_4649	61	Response	52	3495320	11747	1
S018_DAY2_MINITWICE_4649	61	Pulse	99	3521872	38299	NA
S018_DAY2_MINITWICE_4649	61	Port Input	1	3521872	38299	NA
S018_DAY2_MINITWICE_4649	61	Picture	60_T_RWTRIAD_RW_huevos_red.png	3526773	43200	1	1900	2	43200	1800
S018_DAY2_MINITWICE_4649	62	Picture	rest	3528773	0	1	144099	2	0	144000
S018_DAY2_MINITWICE_4649	62	Pulse	99	3557873	29100	NA
S018_DAY2_MINITWICE_4649	62	Port Input	1	3557873	29100	NA
S018_DAY2_MINITWICE_4649	62	Pulse	99	3593874	65101	NA
S018_DAY2_MINITWICE_4649	62	Port Input	1	3593874	65101	NA
S018_DAY2_MINITWICE_4649	62	Pulse	99	3629875	101102	NA
S018_DAY2_MINITWICE_4649	62	Port Input	1	3629875	101102	NA
S018_DAY2_MINITWICE_4649	62	Pulse	99	3665876	137103	NA
S018_DAY2_MINITWICE_4649	62	Port Input	1	3665876	137103	NA
S018_DAY2_MINITWICE_4649	63	Picture	endrest	3672972	0	1	10100	2	0	10000
S018_DAY2_MINITWICE_4649	64	Picture	FF	3683372	0	1	43200	2	0	43200
S018_DAY2_MINITWICE_4649	64	Response	51	3698279	14907	2
S018_DAY2_MINITWICE_4649	64	Pulse	99	3701877	18505	NA
S018_DAY2_MINITWICE_4649	64	Port Input	1	3701877	18505	NA
S018_DAY2_MINITWICE_4649	64	Picture	63_T_FFTRIAD_FF_novia_red.png	3726572	43200	1	1900	2	43200	1800
S018_DAY2_MINITWICE_4649	65	Picture	FF	3728972	0	1	43099	2	0	43200
S018_DAY2_MINITWICE_4649	65	Pulse	99	3737878	8906	NA
S018_DAY2_MINITWICE_4649	65	Port Input	1	3737878	8906	NA
S018_DAY2_MINITWICE_4649	65	Response	52	3740706	11734	1
S018_DAY2_MINITWICE_4649	65	Picture	64_T_FFTRIAD_FF_ascensor_red.png	3772071	43099	1	1900	2	43200	1800
S018_DAY2_MINITWICE_4649	65	Pulse	99	3773879	44907	NA
S018_DAY2_MINITWICE_4649	65	Port Input	1	3773879	44907	NA
S018_DAY2_MINITWICE_4649	66	Picture	FF	3774371	0	1	43200	2	0	43200
S018_DAY2_MINITWICE_4649	66	Response	52	3791109	16738	1
S018_DAY2_MINITWICE_4649	66	Pulse	99	3809880	35509	NA
S018_DAY2_MINITWICE_4649	66	Port Input	1	3809880	35509	NA
S018_DAY2_MINITWICE_4649	66	Picture	65_T_FFTRIAD_FF_queso_red.png	3817571	43200	1	1900	2	43200	1800
S018_DAY2_MINITWICE_4649	67	Picture	FF	3819771	0	1	43200	2	0	43200
S018_DAY2_MINITWICE_4649	67	Response	51	3832210	12439	1
S018_DAY2_MINITWICE_4649	67	Pulse	99	3845881	26110	NA
S018_DAY2_MINITWICE_4649	67	Port Input	1	3845881	26110	NA
S018_DAY2_MINITWICE_4649	67	Picture	66_T_FFTRIAD_FF_carruaje_red.png	3862971	43200	1	1900	2	43200	1800
S018_DAY2_MINITWICE_4649	68	Picture	RW	3865271	0	1	43099	2	0	43200
S018_DAY2_MINITWICE_4649	68	Response	51	3879426	14155	1
S018_DAY2_MINITWICE_4649	68	Pulse	99	3881882	16611	NA
S018_DAY2_MINITWICE_4649	68	Port Input	1	3881882	16611	NA
S018_DAY2_MINITWICE_4649	68	Picture	67_T_RWTRIAD_RW_telarana_red.png	3908370	43099	1	1900	2	43200	1800
S018_DAY2_MINITWICE_4649	69	Picture	RW	3910470	0	1	43200	2	0	43200
S018_DAY2_MINITWICE_4649	69	Pulse	99	3917883	7413	NA
S018_DAY2_MINITWICE_4649	69	Port Input	1	3917883	7413	NA
S018_DAY2_MINITWICE_4649	69	Response	51	3921948	11478	2
S018_DAY2_MINITWICE_4649	69	Picture	68_T_RWTRIAD_RW_zanahoria_red.png	3953670	43200	1	1900	2	43200	1800
S018_DAY2_MINITWICE_4649	69	Pulse	99	3953883	43413	NA
S018_DAY2_MINITWICE_4649	69	Port Input	1	3953883	43413	NA
S018_DAY2_MINITWICE_4649	70	Picture	RW	3955770	0	1	43200	2	0	43200
S018_DAY2_MINITWICE_4649	70	Response	52	3969754	13984	1
S018_DAY2_MINITWICE_4649	70	Pulse	99	3989884	34114	NA
S018_DAY2_MINITWICE_4649	70	Port Input	1	3989884	34114	NA
S018_DAY2_MINITWICE_4649	70	Picture	69_T_RWTRIAD_RW_lenador_red.png	3998970	43200	1	1900	2	43200	1800
S018_DAY2_MINITWICE_4649	71	Picture	RW	4001070	0	1	43199	2	0	43200
S018_DAY2_MINITWICE_4649	71	Response	52	4013420	12350	1
S018_DAY2_MINITWICE_4649	71	Pulse	99	4025885	24815	NA
S018_DAY2_MINITWICE_4649	71	Port Input	1	4025885	24815	NA
S018_DAY2_MINITWICE_4649	71	Picture	70_T_RWTRIAD_RW_arco_red.png	4044269	43199	1	1900	2	43200	1800
S018_DAY2_MINITWICE_4649	72	Picture	rest	4046269	0	1	144099	2	0	144000
S018_DAY2_MINITWICE_4649	72	Pulse	99	4061886	15617	NA
S018_DAY2_MINITWICE_4649	72	Port Input	1	4061886	15617	NA
S018_DAY2_MINITWICE_4649	72	Pulse	99	4097887	51618	NA
S018_DAY2_MINITWICE_4649	72	Port Input	1	4097887	51618	NA
S018_DAY2_MINITWICE_4649	72	Pulse	99	4133888	87619	NA
S018_DAY2_MINITWICE_4649	72	Port Input	1	4133888	87619	NA
S018_DAY2_MINITWICE_4649	72	Pulse	99	4169889	123620	NA
S018_DAY2_MINITWICE_4649	72	Port Input	1	4169889	123620	NA
S018_DAY2_MINITWICE_4649	73	Picture	endrest	4190468	0	1	10100	2	0	10000
S018_DAY2_MINITWICE_4649	74	Picture	PW	4200968	0	1	43100	2	0	43200
S018_DAY2_MINITWICE_4649	74	Pulse	99	4205890	4922	NA
S018_DAY2_MINITWICE_4649	74	Port Input	1	4205890	4922	NA
S018_DAY2_MINITWICE_4649	74	Response	51	4219053	18085	1
S018_DAY2_MINITWICE_4649	74	Pulse	99	4241891	40923	NA
S018_DAY2_MINITWICE_4649	74	Port Input	1	4241891	40923	NA
S018_DAY2_MINITWICE_4649	74	Picture	73_T_PWTRIAD_PW_iglu_red.png	4244068	43100	1	1900	2	43200	1800
S018_DAY2_MINITWICE_4649	75	Picture	PW	4246268	0	1	43199	3	0	43200
S018_DAY2_MINITWICE_4649	75	Response	52	4268349	22081	1
S018_DAY2_MINITWICE_4649	75	Pulse	99	4277892	31624	NA
S018_DAY2_MINITWICE_4649	75	Port Input	1	4277892	31624	NA
S018_DAY2_MINITWICE_4649	75	Picture	74_T_PWTRIAD_PW_oruga_red.png	4289467	43199	2	1900	4	43200	1800
S018_DAY2_MINITWICE_4649	76	Picture	PW	4291567	0	2	43200	3	0	43200
S018_DAY2_MINITWICE_4649	76	Response	51	4308413	16846	1
S018_DAY2_MINITWICE_4649	76	Pulse	99	4313893	22326	NA
S018_DAY2_MINITWICE_4649	76	Port Input	1	4313893	22326	NA
S018_DAY2_MINITWICE_4649	76	Picture	75_T_PWTRIAD_PW_sapo_red.png	4334767	43200	1	1900	2	43200	1800
S018_DAY2_MINITWICE_4649	77	Picture	PW	4336867	0	1	43200	2	0	43200
S018_DAY2_MINITWICE_4649	77	Pulse	99	4349894	13027	NA
S018_DAY2_MINITWICE_4649	77	Port Input	1	4349894	13027	NA
S018_DAY2_MINITWICE_4649	77	Response	51	4362352	25485	1
S018_DAY2_MINITWICE_4649	77	Picture	76_T_PWTRIAD_PW_perro_red.png	4380067	43200	1	1900	2	43200	1800
S018_DAY2_MINITWICE_4649	78	Picture	RW	4382167	0	1	43199	3	0	43200
S018_DAY2_MINITWICE_4649	78	Pulse	99	4385895	3728	NA
S018_DAY2_MINITWICE_4649	78	Port Input	1	4385895	3728	NA
S018_DAY2_MINITWICE_4649	78	Response	51	4398129	15962	1
S018_DAY2_MINITWICE_4649	78	Pulse	99	4421896	39729	NA
S018_DAY2_MINITWICE_4649	78	Port Input	1	4421896	39729	NA
S018_DAY2_MINITWICE_4649	78	Picture	77_T_RWTRIAD_RW_ancla_red.png	4425366	43199	2	1900	4	43200	1800
S018_DAY2_MINITWICE_4649	79	Picture	RW	4427466	0	2	43200	3	0	43200
S018_DAY2_MINITWICE_4649	79	Response	52	4438748	11282	1
S018_DAY2_MINITWICE_4649	79	Pulse	99	4457897	30431	NA
S018_DAY2_MINITWICE_4649	79	Port Input	1	4457897	30431	NA
S018_DAY2_MINITWICE_4649	79	Picture	78_T_RWTRIAD_RW_monja_red.png	4470666	43200	1	1900	2	43200	1800
S018_DAY2_MINITWICE_4649	80	Picture	RW	4472766	0	1	43200	2	0	43200
S018_DAY2_MINITWICE_4649	80	Response	52	4486504	13738	1
S018_DAY2_MINITWICE_4649	80	Pulse	99	4493898	21132	NA
S018_DAY2_MINITWICE_4649	80	Port Input	1	4493898	21132	NA
S018_DAY2_MINITWICE_4649	80	Picture	79_T_RWTRIAD_RW_grapadora_red.png	4515966	43200	1	1900	2	43200	1800
S018_DAY2_MINITWICE_4649	81	Picture	RW	4518066	0	1	43199	3	0	43200
S018_DAY2_MINITWICE_4649	81	Pulse	99	4529899	11833	NA
S018_DAY2_MINITWICE_4649	81	Port Input	1	4529899	11833	NA
S018_DAY2_MINITWICE_4649	81	Response	51	4530326	12260	1
S018_DAY2_MINITWICE_4649	81	Picture	80_T_RWTRIAD_RW_violin_red.png	4561265	43199	2	1900	4	43200	1800
S018_DAY2_MINITWICE_4649	82	Picture	rest	4563265	0	2	144099	3	0	144000
S018_DAY2_MINITWICE_4649	82	Pulse	99	4565900	2635	NA
S018_DAY2_MINITWICE_4649	82	Port Input	1	4565900	2635	NA
S018_DAY2_MINITWICE_4649	82	Pulse	99	4601900	38635	NA
S018_DAY2_MINITWICE_4649	82	Port Input	1	4601900	38635	NA
S018_DAY2_MINITWICE_4649	82	Pulse	99	4637901	74636	NA
S018_DAY2_MINITWICE_4649	82	Port Input	1	4637901	74636	NA
S018_DAY2_MINITWICE_4649	82	Pulse	99	4673902	110637	NA
S018_DAY2_MINITWICE_4649	82	Port Input	1	4673902	110637	NA
S018_DAY2_MINITWICE_4649	83	Picture	endrest	4707464	0	1	10100	2	0	10000
S018_DAY2_MINITWICE_4649	83	Pulse	99	4709903	2439	NA
S018_DAY2_MINITWICE_4649	83	Port Input	1	4709903	2439	NA
S018_DAY2_MINITWICE_4649	84	Picture	PW	4717964	0	1	43100	2	0	43200
S018_DAY2_MINITWICE_4649	84	Pulse	99	4745904	27940	NA
S018_DAY2_MINITWICE_4649	84	Port Input	1	4745904	27940	NA
S018_DAY2_MINITWICE_4649	84	Response	52	4746492	28528	1
S018_DAY2_MINITWICE_4649	84	Picture	83_T_PWTRIAD_PW_sombrilla_red.png	4761064	43100	1	1900	2	43200	1800
S018_DAY2_MINITWICE_4649	85	Picture	PW	4763164	0	1	43200	2	0	43200
S018_DAY2_MINITWICE_4649	85	Response	51	4778729	15565	1
S018_DAY2_MINITWICE_4649	85	Pulse	99	4781905	18741	NA
S018_DAY2_MINITWICE_4649	85	Port Input	1	4781905	18741	NA
S018_DAY2_MINITWICE_4649	85	Picture	84_T_PWTRIAD_PW_monja_red.png	4806364	43200	1	1900	2	43200	1800
S018_DAY2_MINITWICE_4649	86	Picture	PW	4808464	0	1	43199	2	0	43200
S018_DAY2_MINITWICE_4649	86	Pulse	99	4817906	9442	NA
S018_DAY2_MINITWICE_4649	86	Port Input	1	4817906	9442	NA
S018_DAY2_MINITWICE_4649	86	Picture	85_T_PWTRIAD_PW_zanahoria_red.png	4851663	43199	1	1900	2	43200	1800
S018_DAY2_MINITWICE_4649	87	Picture	PW	4853863	0	1	43200	2	0	43200
S018_DAY2_MINITWICE_4649	87	Pulse	99	4853907	44	NA
S018_DAY2_MINITWICE_4649	87	Port Input	1	4853907	44	NA
S018_DAY2_MINITWICE_4649	87	Response	51	4874214	20351	2
S018_DAY2_MINITWICE_4649	87	Pulse	99	4889908	36045	NA
S018_DAY2_MINITWICE_4649	87	Port Input	1	4889908	36045	NA
S018_DAY2_MINITWICE_4649	87	Picture	86_T_PWTRIAD_PW_botella_red.png	4897063	43200	1	1900	2	43200	1800
S018_DAY2_MINITWICE_4649	88	Picture	FF	4899163	0	1	43200	2	0	43200
S018_DAY2_MINITWICE_4649	88	Response	52	4908252	9089	1
S018_DAY2_MINITWICE_4649	88	Pulse	99	4925909	26746	NA
S018_DAY2_MINITWICE_4649	88	Port Input	1	4925909	26746	NA
S018_DAY2_MINITWICE_4649	88	Picture	87_T_FFTRIAD_FF_bebe_red.png	4942363	43200	1	1900	2	43200	1800
S018_DAY2_MINITWICE_4649	89	Picture	FF	4944663	0	1	43099	2	0	43200
S018_DAY2_MINITWICE_4649	89	Response	51	4956595	11932	1
S018_DAY2_MINITWICE_4649	89	Pulse	99	4961910	17247	NA
S018_DAY2_MINITWICE_4649	89	Port Input	1	4961910	17247	NA
S018_DAY2_MINITWICE_4649	89	Picture	88_T_FFTRIAD_FF_bellota_red.png	4987762	43099	1	1900	2	43200	1800
S018_DAY2_MINITWICE_4649	90	Picture	FF	4990062	0	1	43100	2	0	43200
S018_DAY2_MINITWICE_4649	90	Pulse	99	4997911	7849	NA
S018_DAY2_MINITWICE_4649	90	Port Input	1	4997911	7849	NA
S018_DAY2_MINITWICE_4649	90	Response	51	5003149	13087	1
S018_DAY2_MINITWICE_4649	90	Picture	89_T_FFTRIAD_FF_piramide_red.png	5033162	43100	1	1900	2	43200	1800
S018_DAY2_MINITWICE_4649	90	Pulse	99	5033912	43850	NA
S018_DAY2_MINITWICE_4649	90	Port Input	1	5033912	43850	NA
S018_DAY2_MINITWICE_4649	91	Picture	FF	5035362	0	1	43200	2	0	43200
S018_DAY2_MINITWICE_4649	91	Response	52	5048513	13151	1
S018_DAY2_MINITWICE_4649	91	Pulse	99	5069913	34551	NA
S018_DAY2_MINITWICE_4649	91	Port Input	1	5069913	34551	NA
S018_DAY2_MINITWICE_4649	91	Picture	90_T_FFTRIAD_FF_chupete_red.png	5078562	43200	1	1900	2	43200	1800
S018_DAY2_MINITWICE_4649	92	Picture	rest	5080562	0	1	144098	3	0	144000
S018_DAY2_MINITWICE_4649	92	Pulse	99	5105914	25352	NA
S018_DAY2_MINITWICE_4649	92	Port Input	1	5105914	25352	NA
S018_DAY2_MINITWICE_4649	92	Pulse	99	5141915	61353	NA
S018_DAY2_MINITWICE_4649	92	Port Input	1	5141915	61353	NA
S018_DAY2_MINITWICE_4649	92	Pulse	99	5177916	97354	NA
S018_DAY2_MINITWICE_4649	92	Port Input	1	5177916	97354	NA
S018_DAY2_MINITWICE_4649	92	Pulse	99	5213917	133355	NA
S018_DAY2_MINITWICE_4649	92	Port Input	1	5213917	133355	NA
S018_DAY2_MINITWICE_4649	93	Picture	endrest	5224760	0	2	10100	3	0	10000
S018_DAY2_MINITWICE_4649	94	Picture	RW	5235060	0	2	43200	6	0	43200
S018_DAY2_MINITWICE_4649	94	Pulse	99	5249917	14857	NA
S018_DAY2_MINITWICE_4649	94	Port Input	1	5249917	14857	NA
S018_DAY2_MINITWICE_4649	94	Response	52	5253251	18191	2
S018_DAY2_MINITWICE_4649	94	Picture	93_T_RWTRIAD_RW_cinturon_red.png	5278260	43200	4	1900	5	43200	1800
S018_DAY2_MINITWICE_4649	95	Picture	RW	5280360	0	2	43200	3	0	43200
S018_DAY2_MINITWICE_4649	95	Pulse	99	5285918	5558	NA
S018_DAY2_MINITWICE_4649	95	Port Input	1	5285918	5558	NA
S018_DAY2_MINITWICE_4649	95	Response	52	5298864	18504	1
S018_DAY2_MINITWICE_4649	95	Pulse	99	5321919	41559	NA
S018_DAY2_MINITWICE_4649	95	Port Input	1	5321919	41559	NA
S018_DAY2_MINITWICE_4649	95	Picture	94_T_RWTRIAD_RW_cuento_red.png	5323560	43200	1	1900	2	43200	1800
S018_DAY2_MINITWICE_4649	96	Picture	RW	5325660	0	1	43199	3	0	43200
S018_DAY2_MINITWICE_4649	96	Response	52	5335427	9767	1
S018_DAY2_MINITWICE_4649	96	Pulse	99	5357920	32260	NA
S018_DAY2_MINITWICE_4649	96	Port Input	1	5357920	32260	NA
S018_DAY2_MINITWICE_4649	96	Picture	95_T_RWTRIAD_RW_tijera_red.png	5368859	43199	2	1900	4	43200	1800
S018_DAY2_MINITWICE_4649	97	Picture	RW	5370959	0	2	43200	3	0	43200
S018_DAY2_MINITWICE_4649	97	Response	52	5382132	11173	1
S018_DAY2_MINITWICE_4649	97	Response	51	5392056	21097	1
S018_DAY2_MINITWICE_4649	97	Pulse	99	5393921	22962	NA
S018_DAY2_MINITWICE_4649	97	Port Input	1	5393921	22962	NA
S018_DAY2_MINITWICE_4649	97	Response	51	5395693	24734	1
S018_DAY2_MINITWICE_4649	97	Picture	96_T_RWTRIAD_RW_pilas_red.png	5414159	43200	1	1900	2	43200	1800
S018_DAY2_MINITWICE_4649	98	Picture	RW	5416459	0	1	43100	2	0	43200
S018_DAY2_MINITWICE_4649	98	Pulse	99	5429922	13463	NA
S018_DAY2_MINITWICE_4649	98	Port Input	1	5429922	13463	NA
S018_DAY2_MINITWICE_4649	98	Response	51	5432534	16075	1
S018_DAY2_MINITWICE_4649	98	Picture	97_T_RWTRIAD_RW_ascensor_red.png	5459559	43100	1	1900	2	43200	1800
S018_DAY2_MINITWICE_4649	99	Picture	RW	5461659	0	1	43199	3	0	43200
S018_DAY2_MINITWICE_4649	99	Pulse	99	5465923	4264	NA
S018_DAY2_MINITWICE_4649	99	Port Input	1	5465923	4264	NA
S018_DAY2_MINITWICE_4649	99	Response	51	5476040	14381	1
S018_DAY2_MINITWICE_4649	99	Pulse	99	5501924	40265	NA
S018_DAY2_MINITWICE_4649	99	Port Input	1	5501924	40265	NA
S018_DAY2_MINITWICE_4649	99	Picture	98_T_RWTRIAD_RW_piramide_red.png	5504858	43199	2	1900	3	43200	1800
S018_DAY2_MINITWICE_4649	100	Picture	RW	5506958	0	2	43200	3	0	43200
S018_DAY2_MINITWICE_4649	100	Response	52	5516979	10021	1
S018_DAY2_MINITWICE_4649	100	Pulse	99	5537925	30967	NA
S018_DAY2_MINITWICE_4649	100	Port Input	1	5537925	30967	NA
S018_DAY2_MINITWICE_4649	100	Picture	99_T_RWTRIAD_RW_gafas_red.png	5550158	43200	1	1900	2	43200	1800
S018_DAY2_MINITWICE_4649	101	Picture	RW	5552258	0	1	43200	2	0	43200
S018_DAY2_MINITWICE_4649	101	Response	51	5563694	11436	1
S018_DAY2_MINITWICE_4649	101	Pulse	99	5573926	21668	NA
S018_DAY2_MINITWICE_4649	101	Port Input	1	5573926	21668	NA
S018_DAY2_MINITWICE_4649	101	Picture	100_T_RWTRIAD_RW_iglu_red.png	5595458	43200	1	1900	2	43200	1800
S018_DAY2_MINITWICE_4649	102	Picture	rest	5597458	0	1	144099	2	0	144000
S018_DAY2_MINITWICE_4649	102	Pulse	99	5609927	12469	NA
S018_DAY2_MINITWICE_4649	102	Port Input	1	5609927	12469	NA
S018_DAY2_MINITWICE_4649	102	Pulse	99	5645928	48470	NA
S018_DAY2_MINITWICE_4649	102	Port Input	1	5645928	48470	NA
S018_DAY2_MINITWICE_4649	102	Pulse	99	5681929	84471	NA
S018_DAY2_MINITWICE_4649	102	Port Input	1	5681929	84471	NA
S018_DAY2_MINITWICE_4649	102	Pulse	99	5717930	120472	NA
S018_DAY2_MINITWICE_4649	102	Port Input	1	5717930	120472	NA
S018_DAY2_MINITWICE_4649	103	Picture	endrest	5741657	0	1	10099	3	0	10000
S018_DAY2_MINITWICE_4649	104	Picture	FF	5752157	0	1	43099	2	0	43200
S018_DAY2_MINITWICE_4649	104	Pulse	99	5753931	1774	NA
S018_DAY2_MINITWICE_4649	104	Port Input	1	5753931	1774	NA
S018_DAY2_MINITWICE_4649	104	Response	52	5767747	15590	1
S018_DAY2_MINITWICE_4649	104	Pulse	99	5789932	37775	NA
S018_DAY2_MINITWICE_4649	104	Port Input	1	5789932	37775	NA
S018_DAY2_MINITWICE_4649	104	Picture	103_T_FFTRIAD_FF_plato_red.png	5795256	43099	1	1900	2	43200	1800
S018_DAY2_MINITWICE_4649	105	Picture	FF	5797356	0	1	43200	2	0	43200
S018_DAY2_MINITWICE_4649	105	Response	51	5815640	18284	1
S018_DAY2_MINITWICE_4649	105	Pulse	99	5825933	28577	NA
S018_DAY2_MINITWICE_4649	105	Port Input	1	5825933	28577	NA
S018_DAY2_MINITWICE_4649	105	Picture	104_T_FFTRIAD_FF_banera_red.png	5840556	43200	1	1900	2	43200	1800
S018_DAY2_MINITWICE_4649	106	Picture	FF	5842756	0	1	43200	2	0	43200
S018_DAY2_MINITWICE_4649	106	Response	51	5854835	12079	1
S018_DAY2_MINITWICE_4649	106	Pulse	99	5861934	19178	NA
S018_DAY2_MINITWICE_4649	106	Port Input	1	5861934	19178	NA
S018_DAY2_MINITWICE_4649	106	Picture	105_T_FFTRIAD_FF_agua_red.png	5885956	43200	1	1900	2	43200	1800
S018_DAY2_MINITWICE_4649	107	Picture	FF	5888256	0	1	43199	2	0	43200
S018_DAY2_MINITWICE_4649	107	Pulse	99	5897934	9678	NA
S018_DAY2_MINITWICE_4649	107	Port Input	1	5897934	9678	NA
S018_DAY2_MINITWICE_4649	107	Response	52	5910645	22389	1
S018_DAY2_MINITWICE_4649	107	Picture	106_T_FFTRIAD_FF_pluma_red.png	5931455	43199	1	1900	2	43200	1800
S018_DAY2_MINITWICE_4649	108	Picture	FF	5933755	0	1	43100	2	0	43200
S018_DAY2_MINITWICE_4649	108	Pulse	99	5933935	180	NA
S018_DAY2_MINITWICE_4649	108	Port Input	1	5933935	180	NA
S018_DAY2_MINITWICE_4649	108	Response	52	5947015	13260	1
S018_DAY2_MINITWICE_4649	108	Pulse	99	5969936	36181	NA
S018_DAY2_MINITWICE_4649	108	Port Input	1	5969936	36181	NA
S018_DAY2_MINITWICE_4649	108	Picture	107_T_FFTRIAD_FF_cortina_red.png	5976855	43100	1	1900	2	43200	1800
S018_DAY2_MINITWICE_4649	109	Picture	FF	5979155	0	1	43100	2	0	43200
S018_DAY2_MINITWICE_4649	109	Response	51	5990587	11432	1
S018_DAY2_MINITWICE_4649	109	Pulse	99	6005937	26782	NA
S018_DAY2_MINITWICE_4649	109	Port Input	1	6005937	26782	NA
S018_DAY2_MINITWICE_4649	109	Picture	108_T_FFTRIAD_FF_grapadora_red.png	6022255	43100	1	1899	3	43200	1800
S018_DAY2_MINITWICE_4649	110	Picture	FF	6024354	0	2	43200	3	0	43200
S018_DAY2_MINITWICE_4649	110	Response	52	6038962	14608	1
S018_DAY2_MINITWICE_4649	110	Pulse	99	6041938	17584	NA
S018_DAY2_MINITWICE_4649	110	Port Input	1	6041938	17584	NA
S018_DAY2_MINITWICE_4649	110	Picture	109_T_FFTRIAD_FF_telefono_red.png	6067554	43200	1	1900	2	43200	1800
S018_DAY2_MINITWICE_4649	111	Picture	FF	6069654	0	1	43200	2	0	43200
S018_DAY2_MINITWICE_4649	111	Pulse	99	6077939	8285	NA
S018_DAY2_MINITWICE_4649	111	Port Input	1	6077939	8285	NA
S018_DAY2_MINITWICE_4649	111	Response	51	6082099	12445	1
S018_DAY2_MINITWICE_4649	111	Picture	110_T_FFTRIAD_FF_cuento_red.png	6112854	43200	1	1900	2	43200	1800
S018_DAY2_MINITWICE_4649	111	Pulse	99	6113940	44286	NA
S018_DAY2_MINITWICE_4649	111	Port Input	1	6113940	44286	NA
S018_DAY2_MINITWICE_4649	112	Picture	rest	6114854	0	1	144099	2	0	144000
S018_DAY2_MINITWICE_4649	112	Pulse	99	6149941	35087	NA
S018_DAY2_MINITWICE_4649	112	Port Input	1	6149941	35087	NA
S018_DAY2_MINITWICE_4649	112	Pulse	99	6185942	71088	NA
S018_DAY2_MINITWICE_4649	112	Port Input	1	6185942	71088	NA
S018_DAY2_MINITWICE_4649	112	Pulse	99	6221943	107089	NA
S018_DAY2_MINITWICE_4649	112	Port Input	1	6221943	107089	NA
S018_DAY2_MINITWICE_4649	112	Pulse	99	6257944	143090	NA
S018_DAY2_MINITWICE_4649	112	Port Input	1	6257944	143090	NA
S018_DAY2_MINITWICE_4649	113	Picture	endrest	6259053	0	1	10100	2	0	10000
S018_DAY2_MINITWICE_4649	114	Picture	PW	6269353	0	1	43199	2	0	43200
S018_DAY2_MINITWICE_4649	114	Response	52	6283638	14285	1
S018_DAY2_MINITWICE_4649	114	Pulse	99	6293945	24592	NA
S018_DAY2_MINITWICE_4649	114	Port Input	1	6293945	24592	NA
S018_DAY2_MINITWICE_4649	114	Picture	113_T_PWTRIAD_PW_dedal_red.png	6312552	43199	1	1900	2	43200	1800
S018_DAY2_MINITWICE_4649	115	Picture	PW	6314852	0	1	43200	2	0	43200
S018_DAY2_MINITWICE_4649	115	Pulse	99	6329946	15094	NA
S018_DAY2_MINITWICE_4649	115	Port Input	1	6329946	15094	NA
S018_DAY2_MINITWICE_4649	115	Response	51	6337212	22360	1
S018_DAY2_MINITWICE_4649	115	Picture	114_T_PWTRIAD_PW_cerillas_red.png	6358052	43200	1	1900	2	43200	1800
S018_DAY2_MINITWICE_4649	116	Picture	PW	6360352	0	1	43100	2	0	43200
S018_DAY2_MINITWICE_4649	116	Pulse	99	6365947	5595	NA
S018_DAY2_MINITWICE_4649	116	Port Input	1	6365947	5595	NA
S018_DAY2_MINITWICE_4649	116	Response	51	6384379	24027	1
S018_DAY2_MINITWICE_4649	116	Pulse	99	6401948	41596	NA
S018_DAY2_MINITWICE_4649	116	Port Input	1	6401948	41596	NA
S018_DAY2_MINITWICE_4649	116	Picture	115_T_PWTRIAD_PW_leche_red.png	6403452	43100	1	1900	2	43200	1800
S018_DAY2_MINITWICE_4649	117	Picture	PW	6405752	0	1	43199	2	0	43200
S018_DAY2_MINITWICE_4649	117	Response	52	6427087	21335	1
S018_DAY2_MINITWICE_4649	117	Pulse	99	6437949	32197	NA
S018_DAY2_MINITWICE_4649	117	Port Input	1	6437949	32197	NA
S018_DAY2_MINITWICE_4649	117	Picture	116_T_PWTRIAD_PW_murcielago_red.png	6448951	43199	1	1900	2	43200	1800
S018_DAY2_MINITWICE_4649	118	Picture	FF	6451251	0	1	43100	2	0	43200
S018_DAY2_MINITWICE_4649	118	Response	52	6471565	20314	1
S018_DAY2_MINITWICE_4649	118	Pulse	99	6473950	22699	NA
S018_DAY2_MINITWICE_4649	118	Port Input	1	6473950	22699	NA
S018_DAY2_MINITWICE_4649	118	Picture	117_T_FFTRIAD_FF_candado_red.png	6494351	43100	1	1900	2	43200	1800
S018_DAY2_MINITWICE_4649	119	Picture	FF	6496551	0	1	43200	2	0	43200
S018_DAY2_MINITWICE_4649	119	Pulse	99	6509951	13400	NA
S018_DAY2_MINITWICE_4649	119	Port Input	1	6509951	13400	NA
S018_DAY2_MINITWICE_4649	119	Response	52	6511784	15233	1
S018_DAY2_MINITWICE_4649	119	Picture	118_T_FFTRIAD_FF_bala_red.png	6539751	43200	1	1900	2	43200	1800
S018_DAY2_MINITWICE_4649	120	Picture	FF	6541851	0	1	43199	2	0	43200
S018_DAY2_MINITWICE_4649	120	Pulse	99	6545952	4101	NA
S018_DAY2_MINITWICE_4649	120	Port Input	1	6545952	4101	NA
S018_DAY2_MINITWICE_4649	120	Response	51	6559458	17607	1
S018_DAY2_MINITWICE_4649	120	Pulse	99	6581952	40101	NA
S018_DAY2_MINITWICE_4649	120	Port Input	1	6581952	40101	NA
S018_DAY2_MINITWICE_4649	120	Picture	119_T_FFTRIAD_FF_perro_red.png	6585050	43199	1	1900	2	43200	1800
S018_DAY2_MINITWICE_4649	121	Picture	FF	6587350	0	1	43200	2	0	43200
S018_DAY2_MINITWICE_4649	121	Response	52	6605119	17769	1
S018_DAY2_MINITWICE_4649	121	Pulse	99	6617953	30603	NA
S018_DAY2_MINITWICE_4649	121	Port Input	1	6617953	30603	NA
S018_DAY2_MINITWICE_4649	121	Picture	120_T_FFTRIAD_FF_telarana_red.png	6630550	43200	1	1900	2	43200	1800
S018_DAY2_MINITWICE_4649	122	Picture	rest	6632550	0	1	144099	2	0	144000
S018_DAY2_MINITWICE_4649	122	Pulse	99	6653954	21404	NA
S018_DAY2_MINITWICE_4649	122	Port Input	1	6653954	21404	NA
S018_DAY2_MINITWICE_4649	122	Pulse	99	6689955	57405	NA
S018_DAY2_MINITWICE_4649	122	Port Input	1	6689955	57405	NA
S018_DAY2_MINITWICE_4649	122	Pulse	99	6725956	93406	NA
S018_DAY2_MINITWICE_4649	122	Port Input	1	6725956	93406	NA
S018_DAY2_MINITWICE_4649	122	Pulse	99	6761957	129407	NA
S018_DAY2_MINITWICE_4649	122	Port Input	1	6761957	129407	NA
S018_DAY2_MINITWICE_4649	123	Picture	endrest	6776749	0	1	10100	2	0	10000
S018_DAY2_MINITWICE_4649	124	Picture	FF	6787249	0	1	43099	3	0	43200
S018_DAY2_MINITWICE_4649	124	Pulse	99	6797958	10709	NA
S018_DAY2_MINITWICE_4649	124	Port Input	1	6797958	10709	NA
S018_DAY2_MINITWICE_4649	124	Response	52	6804384	17135	1
S018_DAY2_MINITWICE_4649	124	Picture	123_T_FFTRIAD_FF_silla_red.png	6830348	43099	2	1900	4	43200	1800
S018_DAY2_MINITWICE_4649	125	Picture	FF	6832648	0	2	43100	3	0	43200
S018_DAY2_MINITWICE_4649	125	Pulse	99	6833959	1311	NA
S018_DAY2_MINITWICE_4649	125	Port Input	1	6833959	1311	NA
S018_DAY2_MINITWICE_4649	125	Response	52	6842750	10102	1
S018_DAY2_MINITWICE_4649	125	Pulse	99	6869960	37312	NA
S018_DAY2_MINITWICE_4649	125	Port Input	1	6869960	37312	NA
S018_DAY2_MINITWICE_4649	125	Picture	124_T_FFTRIAD_FF_botella_red.png	6875748	43100	1	1900	2	43200	1800
S018_DAY2_MINITWICE_4649	126	Picture	FF	6878048	0	1	43200	2	0	43200
S018_DAY2_MINITWICE_4649	126	Response	52	6892783	14735	1
S018_DAY2_MINITWICE_4649	126	Pulse	99	6905961	27913	NA
S018_DAY2_MINITWICE_4649	126	Port Input	1	6905961	27913	NA
S018_DAY2_MINITWICE_4649	126	Picture	125_T_FFTRIAD_FF_lenador_red.png	6921248	43200	1	1900	2	43200	1800
S018_DAY2_MINITWICE_4649	127	Picture	FF	6923448	0	1	43199	3	0	43200
S018_DAY2_MINITWICE_4649	127	Response	51	6936848	13400	1
S018_DAY2_MINITWICE_4649	127	Pulse	99	6941962	18514	NA
S018_DAY2_MINITWICE_4649	127	Port Input	1	6941962	18514	NA
S018_DAY2_MINITWICE_4649	127	Picture	126_T_FFTRIAD_FF_arbol_red.png	6966647	43199	2	1900	3	43200	1800
S018_DAY2_MINITWICE_4649	128	Picture	RW	6968847	0	1	43200	2	0	43200
S018_DAY2_MINITWICE_4649	128	Pulse	99	6977963	9116	NA
S018_DAY2_MINITWICE_4649	128	Port Input	1	6977963	9116	NA
S018_DAY2_MINITWICE_4649	128	Response	51	6983964	15117	1
S018_DAY2_MINITWICE_4649	128	Picture	127_T_RWTRIAD_RW_traje_red.png	7012047	43200	1	1900	2	43200	1800
S018_DAY2_MINITWICE_4649	128	Pulse	99	7013964	45117	NA
S018_DAY2_MINITWICE_4649	128	Port Input	1	7013964	45117	NA
S018_DAY2_MINITWICE_4649	129	Picture	RW	7014347	0	1	43100	2	0	43200
S018_DAY2_MINITWICE_4649	129	Response	51	7029278	14931	1
S018_DAY2_MINITWICE_4649	129	Pulse	99	7049965	35618	NA
S018_DAY2_MINITWICE_4649	129	Port Input	1	7049965	35618	NA
S018_DAY2_MINITWICE_4649	129	Picture	128_T_RWTRIAD_RW_granjero_red.png	7057447	43100	1	1900	2	43200	1800
S018_DAY2_MINITWICE_4649	130	Picture	RW	7059547	0	1	43199	2	0	43200
S018_DAY2_MINITWICE_4649	130	Response	52	7074785	15238	1
S018_DAY2_MINITWICE_4649	130	Pulse	99	7085966	26419	NA
S018_DAY2_MINITWICE_4649	130	Port Input	1	7085966	26419	NA
S018_DAY2_MINITWICE_4649	130	Picture	129_T_RWTRIAD_RW_oruga_red.png	7102746	43199	1	1900	2	43200	1800
S018_DAY2_MINITWICE_4649	131	Picture	RW	7104846	0	2	43200	3	0	43200
S018_DAY2_MINITWICE_4649	131	Response	51	7121633	16787	1
S018_DAY2_MINITWICE_4649	131	Pulse	99	7121967	17121	NA
S018_DAY2_MINITWICE_4649	131	Port Input	1	7121967	17121	NA
S018_DAY2_MINITWICE_4649	131	Picture	130_T_RWTRIAD_RW_estetoscopio_red.png	7148046	43200	1	1900	2	43200	1800
S018_DAY2_MINITWICE_4649	132	Picture	rest	7150046	0	1	144099	2	0	144000
S018_DAY2_MINITWICE_4649	132	Pulse	99	7157968	7922	NA
S018_DAY2_MINITWICE_4649	132	Port Input	1	7157968	7922	NA
S018_DAY2_MINITWICE_4649	132	Pulse	99	7193969	43923	NA
S018_DAY2_MINITWICE_4649	132	Port Input	1	7193969	43923	NA
S018_DAY2_MINITWICE_4649	132	Pulse	99	7229969	79923	NA
S018_DAY2_MINITWICE_4649	132	Port Input	1	7229969	79923	NA
S018_DAY2_MINITWICE_4649	132	Pulse	99	7265970	115924	NA
S018_DAY2_MINITWICE_4649	132	Port Input	1	7265970	115924	NA
S018_DAY2_MINITWICE_4649	133	Picture	endrest	7294245	0	1	10100	2	0	10000
S018_DAY2_MINITWICE_4649	133	Pulse	99	7301971	7726	NA
S018_DAY2_MINITWICE_4649	133	Port Input	1	7301971	7726	NA
S018_DAY2_MINITWICE_4649	134	Picture	FF	7304745	0	1	43100	2	0	43200
S018_DAY2_MINITWICE_4649	134	Response	52	7319146	14401	1
S018_DAY2_MINITWICE_4649	134	Pulse	99	7337972	33227	NA
S018_DAY2_MINITWICE_4649	134	Port Input	1	7337972	33227	NA
S018_DAY2_MINITWICE_4649	134	Picture	133_T_FFTRIAD_FF_destornillador_red.png	7347845	43100	1	1899	3	43200	1800
S018_DAY2_MINITWICE_4649	135	Picture	FF	7350044	0	2	43200	3	0	43200
S018_DAY2_MINITWICE_4649	135	Response	51	7361089	11045	1
S018_DAY2_MINITWICE_4649	135	Pulse	99	7373973	23929	NA
S018_DAY2_MINITWICE_4649	135	Port Input	1	7373973	23929	NA
S018_DAY2_MINITWICE_4649	135	Picture	134_T_FFTRIAD_FF_sapo_red.png	7393244	43200	1	1900	2	43200	1800
S018_DAY2_MINITWICE_4649	136	Picture	FF	7395444	0	1	43200	2	0	43200
S018_DAY2_MINITWICE_4649	136	Response	52	7406811	11367	1
S018_DAY2_MINITWICE_4649	136	Pulse	99	7409974	14530	NA
S018_DAY2_MINITWICE_4649	136	Port Input	1	7409974	14530	NA
S018_DAY2_MINITWICE_4649	136	Picture	135_T_FFTRIAD_FF_lana_red.png	7438644	43200	1	1900	2	43200	1800
S018_DAY2_MINITWICE_4649	137	Picture	FF	7440944	0	1	43199	3	0	43200
S018_DAY2_MINITWICE_4649	137	Pulse	99	7445975	5031	NA
S018_DAY2_MINITWICE_4649	137	Port Input	1	7445975	5031	NA
S018_DAY2_MINITWICE_4649	137	Response	52	7460583	19639	1
S018_DAY2_MINITWICE_4649	137	Pulse	99	7481976	41032	NA
S018_DAY2_MINITWICE_4649	137	Port Input	1	7481976	41032	NA
S018_DAY2_MINITWICE_4649	137	Picture	136_T_FFTRIAD_FF_huevos_red.png	7484143	43199	2	1900	4	43200	1800
S018_DAY2_MINITWICE_4649	138	Picture	rest	7486143	0	2	144099	4	0	144000
S018_DAY2_MINITWICE_4649	138	Pulse	99	7517977	31834	NA
S018_DAY2_MINITWICE_4649	138	Port Input	1	7517977	31834	NA
S018_DAY2_MINITWICE_4649	139	Picture	endrest	7630342	0	1	10100	2	0	10000
S018_DAY2_MINITWICE_4649	140	Picture	endrest	7640542	0	1	10100	2	0	10000
S018_DAY2_MINITWICE_4649	141	Picture	endrest	7650742	0	1	10100	2	0	10000
S018_DAY2_MINITWICE_4649	142	Picture	endrest	7660942	0	1	10100	2	0	10000
