Scenario - vOT_Triads_fMRI_I
Logfile written - 07/16/2015 10:26:07

Subject	Trial	Event Type	Code	Time	TTime	Uncertainty	Duration	Uncertainty	ReqTime	ReqDur

S018_DAY2_MINITWICE_4649	1	Response	98	125120	134920	2
S018_DAY2_MINITWICE_4649	2	Response	52	145200	20002	1
S018_DAY2_MINITWICE_4649	2	Response	98	153012	27814	1
S018_DAY2_MINITWICE_4649	3	Response	52	175782	22684	1
S018_DAY2_MINITWICE_4649	3	Response	98	187504	34406	2
S018_DAY2_MINITWICE_4649	4	Response	52	205474	17876	1
S018_DAY2_MINITWICE_4649	4	Response	98	211176	23578	1
S018_DAY2_MINITWICE_4649	6	Pulse	99	552464	341166	NA
S018_DAY2_MINITWICE_4649	6	Port Input	1	552464	341166	NA
S018_DAY2_MINITWICE_4649	6	Pulse	99	588465	377167	NA
S018_DAY2_MINITWICE_4649	6	Port Input	1	588465	377167	NA
S018_DAY2_MINITWICE_4649	6	Pulse	99	624466	413168	NA
S018_DAY2_MINITWICE_4649	6	Port Input	1	624466	413168	NA
S018_DAY2_MINITWICE_4649	6	Pulse	99	660467	449169	NA
S018_DAY2_MINITWICE_4649	6	Port Input	1	660467	449169	NA
S018_DAY2_MINITWICE_4649	6	Pulse	99	696468	485170	NA
S018_DAY2_MINITWICE_4649	6	Port Input	1	696468	485170	NA
S018_DAY2_MINITWICE_4649	7	Picture	rest	696694	0	1	144099	2	0	144000
S018_DAY2_MINITWICE_4649	7	Pulse	99	732469	35775	NA
S018_DAY2_MINITWICE_4649	7	Port Input	1	732469	35775	NA
S018_DAY2_MINITWICE_4649	7	Pulse	99	768470	71776	NA
S018_DAY2_MINITWICE_4649	7	Port Input	1	768470	71776	NA
S018_DAY2_MINITWICE_4649	7	Pulse	99	804471	107777	NA
S018_DAY2_MINITWICE_4649	7	Port Input	1	804471	107777	NA
S018_DAY2_MINITWICE_4649	7	Pulse	99	840472	143778	NA
S018_DAY2_MINITWICE_4649	7	Port Input	1	840472	143778	NA
S018_DAY2_MINITWICE_4649	8	Picture	endrest	840893	0	1	10100	2	0	10000
S018_DAY2_MINITWICE_4649	9	Picture	FF	851393	0	1	43100	2	0	43200
S018_DAY2_MINITWICE_4649	9	Response	51	866407	15014	2
S018_DAY2_MINITWICE_4649	9	Pulse	99	876473	25080	NA
S018_DAY2_MINITWICE_4649	9	Port Input	1	876473	25080	NA
S018_DAY2_MINITWICE_4649	9	Picture	3_T_FFTRIAD_FF_granjero_red.png	894493	43100	1	1900	2	43200	1800
S018_DAY2_MINITWICE_4649	10	Picture	FF	896693	0	1	43199	2	0	43200
S018_DAY2_MINITWICE_4649	10	Response	51	910206	13513	2
S018_DAY2_MINITWICE_4649	10	Pulse	99	912473	15780	NA
S018_DAY2_MINITWICE_4649	10	Port Input	1	912473	15780	NA
S018_DAY2_MINITWICE_4649	10	Picture	4_T_FFTRIAD_FF_dado_red.png	939892	43199	1	1900	2	43200	1800
S018_DAY2_MINITWICE_4649	11	Picture	FF	942192	0	1	43200	2	0	43200
S018_DAY2_MINITWICE_4649	11	Pulse	99	948474	6282	NA
S018_DAY2_MINITWICE_4649	11	Port Input	1	948474	6282	NA
S018_DAY2_MINITWICE_4649	11	Response	51	955769	13577	1
S018_DAY2_MINITWICE_4649	11	Pulse	99	984475	42283	NA
S018_DAY2_MINITWICE_4649	11	Port Input	1	984475	42283	NA
S018_DAY2_MINITWICE_4649	11	Picture	5_T_FFTRIAD_FF_traje_red.png	985392	43200	1	1900	2	43200	1800
S018_DAY2_MINITWICE_4649	12	Picture	FF	987692	0	1	43100	2	0	43200
S018_DAY2_MINITWICE_4649	12	Response	51	1011194	23502	1
S018_DAY2_MINITWICE_4649	12	Pulse	99	1020476	32784	NA
S018_DAY2_MINITWICE_4649	12	Port Input	1	1020476	32784	NA
S018_DAY2_MINITWICE_4649	12	Picture	6_T_FFTRIAD_FF_estetoscopio_red.png	1030792	43100	1	1900	2	43200	1800
S018_DAY2_MINITWICE_4649	13	Picture	FF	1032992	0	1	43199	2	0	43200
S018_DAY2_MINITWICE_4649	13	Response	51	1054915	21923	1
S018_DAY2_MINITWICE_4649	13	Pulse	99	1056477	23485	NA
S018_DAY2_MINITWICE_4649	13	Port Input	1	1056477	23485	NA
S018_DAY2_MINITWICE_4649	13	Picture	7_T_FFTRIAD_FF_martillo_red.png	1076191	43199	1	1900	2	43200	1800
S018_DAY2_MINITWICE_4649	14	Picture	FF	1078291	0	1	43200	2	0	43200
S018_DAY2_MINITWICE_4649	14	Pulse	99	1092478	14187	NA
S018_DAY2_MINITWICE_4649	14	Port Input	1	1092478	14187	NA
S018_DAY2_MINITWICE_4649	14	Response	51	1095732	17441	1
S018_DAY2_MINITWICE_4649	14	Picture	8_T_FFTRIAD_FF_sombrilla_red.png	1121491	43200	1	1900	2	43200	1800
S018_DAY2_MINITWICE_4649	15	Picture	FF	1123591	0	1	43200	2	0	43200
S018_DAY2_MINITWICE_4649	15	Pulse	99	1128479	4888	NA
S018_DAY2_MINITWICE_4649	15	Port Input	1	1128479	4888	NA
S018_DAY2_MINITWICE_4649	15	Response	52	1138304	14713	2
S018_DAY2_MINITWICE_4649	15	Pulse	99	1164480	40889	NA
S018_DAY2_MINITWICE_4649	15	Port Input	1	1164480	40889	NA
S018_DAY2_MINITWICE_4649	15	Picture	9_T_FFTRIAD_FF_esquimal_red.png	1166791	43200	1	1900	2	43200	1800
S018_DAY2_MINITWICE_4649	16	Picture	FF	1169091	0	1	43099	2	0	43200
S018_DAY2_MINITWICE_4649	16	Response	51	1191036	21945	1
S018_DAY2_MINITWICE_4649	16	Pulse	99	1200481	31390	NA
S018_DAY2_MINITWICE_4649	16	Port Input	1	1200481	31390	NA
S018_DAY2_MINITWICE_4649	16	Picture	10_T_FFTRIAD_FF_violin_red.png	1212190	43099	1	1900	2	43200	1800
S018_DAY2_MINITWICE_4649	17	Picture	rest	1214190	0	1	144099	2	0	144000
S018_DAY2_MINITWICE_4649	17	Pulse	99	1236482	22292	NA
S018_DAY2_MINITWICE_4649	17	Port Input	1	1236482	22292	NA
S018_DAY2_MINITWICE_4649	17	Pulse	99	1272483	58293	NA
S018_DAY2_MINITWICE_4649	17	Port Input	1	1272483	58293	NA
S018_DAY2_MINITWICE_4649	17	Pulse	99	1308484	94294	NA
S018_DAY2_MINITWICE_4649	17	Port Input	1	1308484	94294	NA
S018_DAY2_MINITWICE_4649	17	Pulse	99	1344485	130295	NA
S018_DAY2_MINITWICE_4649	17	Port Input	1	1344485	130295	NA
S018_DAY2_MINITWICE_4649	18	Picture	endrest	1358389	0	1	10100	2	0	10000
S018_DAY2_MINITWICE_4649	19	Picture	RW	1368689	0	1	43200	2	0	43200
S018_DAY2_MINITWICE_4649	19	Pulse	99	1380486	11797	NA
S018_DAY2_MINITWICE_4649	19	Port Input	1	1380486	11797	NA
S018_DAY2_MINITWICE_4649	19	Response	51	1382906	14217	2
S018_DAY2_MINITWICE_4649	19	Picture	13_T_RWTRIAD_RW_manos_red.png	1411889	43200	1	1900	2	43200	1800
S018_DAY2_MINITWICE_4649	20	Picture	RW	1413989	0	1	43199	3	0	43200
S018_DAY2_MINITWICE_4649	20	Pulse	99	1416487	2498	NA
S018_DAY2_MINITWICE_4649	20	Port Input	1	1416487	2498	NA
S018_DAY2_MINITWICE_4649	20	Response	52	1425893	11904	1
S018_DAY2_MINITWICE_4649	20	Pulse	99	1452488	38499	NA
S018_DAY2_MINITWICE_4649	20	Port Input	1	1452488	38499	NA
S018_DAY2_MINITWICE_4649	20	Picture	14_T_RWTRIAD_RW_pincel_red.png	1457188	43199	2	1900	3	43200	1800
S018_DAY2_MINITWICE_4649	21	Picture	RW	1459288	0	2	43200	3	0	43200
S018_DAY2_MINITWICE_4649	21	Response	52	1471103	11815	1
S018_DAY2_MINITWICE_4649	21	Pulse	99	1488489	29201	NA
S018_DAY2_MINITWICE_4649	21	Port Input	1	1488489	29201	NA
S018_DAY2_MINITWICE_4649	21	Picture	15_T_RWTRIAD_RW_queso_red.png	1502488	43200	1	1900	2	43200	1800
S018_DAY2_MINITWICE_4649	22	Picture	RW	1504688	0	1	43200	2	0	43200
S018_DAY2_MINITWICE_4649	22	Response	51	1521258	16570	1
S018_DAY2_MINITWICE_4649	22	Pulse	99	1524489	19801	NA
S018_DAY2_MINITWICE_4649	22	Port Input	1	1524489	19801	NA
S018_DAY2_MINITWICE_4649	22	Picture	16_T_RWTRIAD_RW_perro_red.png	1547888	43200	1	1900	2	43200	1800
S018_DAY2_MINITWICE_4649	23	Picture	RW	1550088	0	1	43199	2	0	43200
S018_DAY2_MINITWICE_4649	23	Pulse	99	1560490	10402	NA
S018_DAY2_MINITWICE_4649	23	Port Input	1	1560490	10402	NA
S018_DAY2_MINITWICE_4649	23	Response	51	1563281	13193	1
S018_DAY2_MINITWICE_4649	23	Picture	17_T_RWTRIAD_RW_bala_red.png	1593287	43199	1	1900	2	43200	1800
S018_DAY2_MINITWICE_4649	24	Picture	RW	1595387	0	1	43200	2	0	43200
S018_DAY2_MINITWICE_4649	24	Pulse	99	1596491	1104	NA
S018_DAY2_MINITWICE_4649	24	Port Input	1	1596491	1104	NA
S018_DAY2_MINITWICE_4649	24	Response	52	1611246	15859	1
S018_DAY2_MINITWICE_4649	24	Pulse	99	1632493	37106	NA
S018_DAY2_MINITWICE_4649	24	Port Input	1	1632493	37106	NA
S018_DAY2_MINITWICE_4649	24	Picture	18_T_RWTRIAD_RW_plato_red.png	1638587	43200	1	1900	2	43200	1800
S018_DAY2_MINITWICE_4649	25	Picture	RW	1640687	0	1	43200	2	0	43200
S018_DAY2_MINITWICE_4649	25	Response	51	1660624	19937	1
S018_DAY2_MINITWICE_4649	25	Pulse	99	1668493	27806	NA
S018_DAY2_MINITWICE_4649	25	Port Input	1	1668493	27806	NA
S018_DAY2_MINITWICE_4649	25	Picture	19_T_RWTRIAD_RW_candado_red.png	1683887	43200	1	1900	2	43200	1800
S018_DAY2_MINITWICE_4649	26	Picture	RW	1685987	0	1	43199	3	0	43200
S018_DAY2_MINITWICE_4649	26	Response	52	1696906	10919	1
S018_DAY2_MINITWICE_4649	26	Pulse	99	1704494	18507	NA
S018_DAY2_MINITWICE_4649	26	Port Input	1	1704494	18507	NA
S018_DAY2_MINITWICE_4649	26	Picture	20_T_RWTRIAD_RW_bebe_red.png	1729186	43199	2	1900	4	43200	1800
S018_DAY2_MINITWICE_4649	27	Picture	rest	1731186	0	1	144099	2	0	144000
S018_DAY2_MINITWICE_4649	27	Pulse	99	1740495	9309	NA
S018_DAY2_MINITWICE_4649	27	Port Input	1	1740495	9309	NA
S018_DAY2_MINITWICE_4649	27	Pulse	99	1776496	45310	NA
S018_DAY2_MINITWICE_4649	27	Port Input	1	1776496	45310	NA
S018_DAY2_MINITWICE_4649	27	Pulse	99	1812497	81311	NA
S018_DAY2_MINITWICE_4649	27	Port Input	1	1812497	81311	NA
S018_DAY2_MINITWICE_4649	27	Pulse	99	1848498	117312	NA
S018_DAY2_MINITWICE_4649	27	Port Input	1	1848498	117312	NA
S018_DAY2_MINITWICE_4649	28	Picture	endrest	1875385	0	1	10100	2	0	10000
S018_DAY2_MINITWICE_4649	28	Pulse	99	1884499	9114	NA
S018_DAY2_MINITWICE_4649	28	Port Input	1	1884499	9114	NA
S018_DAY2_MINITWICE_4649	29	Picture	RW	1885685	0	1	43200	2	0	43200
S018_DAY2_MINITWICE_4649	29	Response	51	1899124	13439	1
S018_DAY2_MINITWICE_4649	29	Pulse	99	1920500	34815	NA
S018_DAY2_MINITWICE_4649	29	Port Input	1	1920500	34815	NA
S018_DAY2_MINITWICE_4649	29	Picture	23_T_RWTRIAD_RW_telefono_red.png	1928885	43200	1	1900	2	43200	1800
S018_DAY2_MINITWICE_4649	30	Picture	RW	1931085	0	1	43099	3	0	43200
S018_DAY2_MINITWICE_4649	30	Response	51	1944276	13191	1
S018_DAY2_MINITWICE_4649	30	Pulse	99	1956501	25416	NA
S018_DAY2_MINITWICE_4649	30	Port Input	1	1956501	25416	NA
S018_DAY2_MINITWICE_4649	30	Picture	24_T_RWTRIAD_RW_botella_red.png	1974184	43099	2	1900	4	43200	1800
S018_DAY2_MINITWICE_4649	31	Picture	RW	1976284	0	2	43200	4	0	43200
S018_DAY2_MINITWICE_4649	31	Response	51	1990334	14050	1
S018_DAY2_MINITWICE_4649	31	Pulse	99	1992502	16218	NA
S018_DAY2_MINITWICE_4649	31	Port Input	1	1992502	16218	NA
S018_DAY2_MINITWICE_4649	31	Picture	25_T_RWTRIAD_RW_madera_red.png	2019484	43200	2	1900	4	43200	1800
S018_DAY2_MINITWICE_4649	32	Picture	RW	2021584	0	2	43200	3	0	43200
S018_DAY2_MINITWICE_4649	32	Pulse	99	2028503	6919	NA
S018_DAY2_MINITWICE_4649	32	Port Input	1	2028503	6919	NA
S018_DAY2_MINITWICE_4649	32	Response	51	2033381	11797	1
S018_DAY2_MINITWICE_4649	32	Pulse	99	2064504	42920	NA
S018_DAY2_MINITWICE_4649	32	Port Input	1	2064504	42920	NA
S018_DAY2_MINITWICE_4649	32	Picture	26_T_RWTRIAD_RW_chupete_red.png	2064784	43200	1	1899	3	43200	1800
S018_DAY2_MINITWICE_4649	33	Picture	FF	2067084	0	1	43099	3	0	43200
S018_DAY2_MINITWICE_4649	33	Response	52	2079687	12603	1
S018_DAY2_MINITWICE_4649	33	Pulse	99	2100504	33420	NA
S018_DAY2_MINITWICE_4649	33	Port Input	1	2100504	33420	NA
S018_DAY2_MINITWICE_4649	33	Picture	27_T_FFTRIAD_FF_molino_red.png	2110183	43099	2	1901	3	43200	1800
S018_DAY2_MINITWICE_4649	34	Picture	FF	2112483	0	2	43100	3	0	43200
S018_DAY2_MINITWICE_4649	34	Pulse	99	2136505	24022	NA
S018_DAY2_MINITWICE_4649	34	Port Input	1	2136505	24022	NA
S018_DAY2_MINITWICE_4649	34	Response	51	2140520	28037	1
S018_DAY2_MINITWICE_4649	34	Picture	28_T_FFTRIAD_FF_futbol_red.png	2155583	43100	1	1900	2	43200	1800
S018_DAY2_MINITWICE_4649	35	Picture	FF	2157683	0	1	43200	2	0	43200
S018_DAY2_MINITWICE_4649	35	Pulse	99	2172506	14823	NA
S018_DAY2_MINITWICE_4649	35	Port Input	1	2172506	14823	NA
S018_DAY2_MINITWICE_4649	35	Response	52	2174371	16688	1
S018_DAY2_MINITWICE_4649	35	Picture	29_T_FFTRIAD_FF_pizarra_red.png	2200883	43200	1	1900	2	43200	1800
S018_DAY2_MINITWICE_4649	36	Picture	FF	2202983	0	1	43199	3	0	43200
S018_DAY2_MINITWICE_4649	36	Pulse	99	2208507	5524	NA
S018_DAY2_MINITWICE_4649	36	Port Input	1	2208507	5524	NA
S018_DAY2_MINITWICE_4649	36	Response	52	2217328	14345	1
S018_DAY2_MINITWICE_4649	36	Pulse	99	2244508	41525	NA
S018_DAY2_MINITWICE_4649	36	Port Input	1	2244508	41525	NA
S018_DAY2_MINITWICE_4649	36	Picture	30_T_FFTRIAD_FF_iglu_red.png	2246182	43199	2	1900	4	43200	1800
S018_DAY2_MINITWICE_4649	37	Picture	rest	2248182	0	2	144099	4	0	144000
S018_DAY2_MINITWICE_4649	37	Pulse	99	2280509	32327	NA
S018_DAY2_MINITWICE_4649	37	Port Input	1	2280509	32327	NA
S018_DAY2_MINITWICE_4649	37	Pulse	99	2316510	68328	NA
S018_DAY2_MINITWICE_4649	37	Port Input	1	2316510	68328	NA
S018_DAY2_MINITWICE_4649	37	Pulse	99	2352511	104329	NA
S018_DAY2_MINITWICE_4649	37	Port Input	1	2352511	104329	NA
S018_DAY2_MINITWICE_4649	37	Pulse	99	2388512	140330	NA
S018_DAY2_MINITWICE_4649	37	Port Input	1	2388512	140330	NA
S018_DAY2_MINITWICE_4649	38	Picture	endrest	2392381	0	2	10100	3	0	10000
S018_DAY2_MINITWICE_4649	39	Picture	FF	2402781	0	1	43200	2	0	43200
S018_DAY2_MINITWICE_4649	39	Response	52	2422601	19820	1
S018_DAY2_MINITWICE_4649	39	Pulse	99	2424513	21732	NA
S018_DAY2_MINITWICE_4649	39	Port Input	1	2424513	21732	NA
S018_DAY2_MINITWICE_4649	39	Picture	33_T_FFTRIAD_FF_anillo_red.png	2445981	43200	1	1900	2	43200	1800
S018_DAY2_MINITWICE_4649	40	Picture	FF	2448081	0	1	43200	2	0	43200
S018_DAY2_MINITWICE_4649	40	Pulse	99	2460514	12433	NA
S018_DAY2_MINITWICE_4649	40	Port Input	1	2460514	12433	NA
S018_DAY2_MINITWICE_4649	40	Response	51	2461853	13772	1
S018_DAY2_MINITWICE_4649	40	Picture	34_T_FFTRIAD_FF_leche_red.png	2491281	43200	1	1900	2	43200	1800
S018_DAY2_MINITWICE_4649	41	Picture	FF	2493581	0	1	43099	2	0	43200
S018_DAY2_MINITWICE_4649	41	Pulse	99	2496515	2934	NA
S018_DAY2_MINITWICE_4649	41	Port Input	1	2496515	2934	NA
S018_DAY2_MINITWICE_4649	41	Response	52	2510940	17359	1
S018_DAY2_MINITWICE_4649	41	Pulse	99	2532516	38935	NA
S018_DAY2_MINITWICE_4649	41	Port Input	1	2532516	38935	NA
S018_DAY2_MINITWICE_4649	41	Picture	35_T_FFTRIAD_FF_lechuga_red.png	2536680	43099	1	1900	2	43200	1800
S018_DAY2_MINITWICE_4649	42	Picture	FF	2538880	0	1	43200	2	0	43200
S018_DAY2_MINITWICE_4649	42	Response	51	2555477	16597	2
S018_DAY2_MINITWICE_4649	42	Pulse	99	2568517	29637	NA
S018_DAY2_MINITWICE_4649	42	Port Input	1	2568517	29637	NA
S018_DAY2_MINITWICE_4649	42	Picture	36_T_FFTRIAD_FF_oruga_red.png	2582080	43200	1	1900	2	43200	1800
S018_DAY2_MINITWICE_4649	43	Picture	FF	2584380	0	1	43100	2	0	43200
S018_DAY2_MINITWICE_4649	43	Response	52	2598876	14496	1
S018_DAY2_MINITWICE_4649	43	Pulse	99	2604518	20138	NA
S018_DAY2_MINITWICE_4649	43	Port Input	1	2604518	20138	NA
S018_DAY2_MINITWICE_4649	43	Picture	37_T_FFTRIAD_FF_raton_red.png	2627480	43100	1	1900	2	43200	1800
S018_DAY2_MINITWICE_4649	44	Picture	FF	2629780	0	1	43099	2	0	43200
S018_DAY2_MINITWICE_4649	44	Pulse	99	2640519	10739	NA
S018_DAY2_MINITWICE_4649	44	Port Input	1	2640519	10739	NA
S018_DAY2_MINITWICE_4649	44	Response	51	2648227	18447	2
S018_DAY2_MINITWICE_4649	44	Picture	38_T_FFTRIAD_FF_dedal_red.png	2672879	43099	1	1900	2	43200	1800
S018_DAY2_MINITWICE_4649	45	Picture	FF	2674979	0	1	43200	2	0	43200
S018_DAY2_MINITWICE_4649	45	Pulse	99	2676520	1541	NA
S018_DAY2_MINITWICE_4649	45	Port Input	1	2676520	1541	NA
S018_DAY2_MINITWICE_4649	45	Response	52	2688946	13967	1
S018_DAY2_MINITWICE_4649	45	Pulse	99	2712520	37541	NA
S018_DAY2_MINITWICE_4649	45	Port Input	1	2712520	37541	NA
S018_DAY2_MINITWICE_4649	45	Picture	39_T_FFTRIAD_FF_almohada_red.png	2718179	43200	1	1900	2	43200	1800
S018_DAY2_MINITWICE_4649	46	Picture	FF	2720279	0	1	43200	2	0	43200
S018_DAY2_MINITWICE_4649	46	Response	52	2738546	18267	1
S018_DAY2_MINITWICE_4649	46	Pulse	99	2748521	28242	NA
S018_DAY2_MINITWICE_4649	46	Port Input	1	2748521	28242	NA
S018_DAY2_MINITWICE_4649	46	Picture	40_T_FFTRIAD_FF_mono_red.png	2763479	43200	1	1900	2	43200	1800
S018_DAY2_MINITWICE_4649	47	Picture	rest	2765479	0	1	144098	3	0	144000
S018_DAY2_MINITWICE_4649	47	Pulse	99	2784522	19043	NA
S018_DAY2_MINITWICE_4649	47	Port Input	1	2784522	19043	NA
S018_DAY2_MINITWICE_4649	47	Pulse	99	2820523	55044	NA
S018_DAY2_MINITWICE_4649	47	Port Input	1	2820523	55044	NA
S018_DAY2_MINITWICE_4649	47	Pulse	99	2856524	91045	NA
S018_DAY2_MINITWICE_4649	47	Port Input	1	2856524	91045	NA
S018_DAY2_MINITWICE_4649	47	Pulse	99	2892525	127046	NA
S018_DAY2_MINITWICE_4649	47	Port Input	1	2892525	127046	NA
S018_DAY2_MINITWICE_4649	48	Picture	endrest	2909678	0	1	10099	3	0	10000
S018_DAY2_MINITWICE_4649	49	Picture	RW	2919977	0	2	43200	3	0	43200
S018_DAY2_MINITWICE_4649	49	Pulse	99	2928526	8549	NA
S018_DAY2_MINITWICE_4649	49	Port Input	1	2928526	8549	NA
S018_DAY2_MINITWICE_4649	49	Response	51	2933589	13612	2
S018_DAY2_MINITWICE_4649	49	Picture	43_T_RWTRIAD_RW_tenedor_red.png	2963177	43200	1	1900	2	43200	1800
S018_DAY2_MINITWICE_4649	49	Pulse	99	2964527	44550	NA
S018_DAY2_MINITWICE_4649	49	Port Input	1	2964527	44550	NA
S018_DAY2_MINITWICE_4649	50	Picture	RW	2965277	0	1	43200	2	0	43200
S018_DAY2_MINITWICE_4649	50	Response	52	2978704	13427	1
S018_DAY2_MINITWICE_4649	50	Pulse	99	3000528	35251	NA
S018_DAY2_MINITWICE_4649	50	Port Input	1	3000528	35251	NA
S018_DAY2_MINITWICE_4649	50	Picture	44_T_RWTRIAD_RW_banera_red.png	3008477	43200	1	1900	2	43200	1800
S018_DAY2_MINITWICE_4649	51	Picture	RW	3010577	0	1	43199	3	0	43200
S018_DAY2_MINITWICE_4649	51	Response	52	3025121	14544	1
S018_DAY2_MINITWICE_4649	51	Pulse	99	3036529	25952	NA
S018_DAY2_MINITWICE_4649	51	Port Input	1	3036529	25952	NA
S018_DAY2_MINITWICE_4649	51	Picture	45_T_RWTRIAD_RW_bellota_red.png	3053776	43199	2	1900	4	43200	1800
S018_DAY2_MINITWICE_4649	52	Picture	RW	3055876	0	2	43200	3	0	43200
S018_DAY2_MINITWICE_4649	52	Response	52	3068956	13080	2
S018_DAY2_MINITWICE_4649	52	Pulse	99	3072530	16654	NA
S018_DAY2_MINITWICE_4649	52	Port Input	1	3072530	16654	NA
S018_DAY2_MINITWICE_4649	52	Picture	46_T_RWTRIAD_RW_lechuga_red.png	3099076	43200	1	1900	2	43200	1800
S018_DAY2_MINITWICE_4649	53	Picture	PW	3101376	0	1	43100	2	0	43200
S018_DAY2_MINITWICE_4649	53	Pulse	99	3108531	7155	NA
S018_DAY2_MINITWICE_4649	53	Port Input	1	3108531	7155	NA
S018_DAY2_MINITWICE_4649	53	Response	51	3117910	16534	1
S018_DAY2_MINITWICE_4649	53	Picture	47_T_PWTRIAD_PW_tenedor_red.png	3144476	43100	1	1900	2	43200	1800
S018_DAY2_MINITWICE_4649	53	Pulse	99	3144532	43156	NA
S018_DAY2_MINITWICE_4649	53	Port Input	1	3144532	43156	NA
S018_DAY2_MINITWICE_4649	54	Picture	PW	3146676	0	1	43099	3	0	43200
S018_DAY2_MINITWICE_4649	54	Response	52	3170058	23382	1
S018_DAY2_MINITWICE_4649	54	Pulse	99	3180533	33857	NA
S018_DAY2_MINITWICE_4649	54	Port Input	1	3180533	33857	NA
S018_DAY2_MINITWICE_4649	54	Picture	48_T_PWTRIAD_PW_ascensor_red.png	3189775	43099	2	1900	4	43200	1800
S018_DAY2_MINITWICE_4649	55	Picture	PW	3192075	0	1	43200	2	0	43200
S018_DAY2_MINITWICE_4649	55	Pulse	99	3216534	24459	NA
S018_DAY2_MINITWICE_4649	55	Port Input	1	3216534	24459	NA
S018_DAY2_MINITWICE_4649	55	Response	51	3226033	33958	1
S018_DAY2_MINITWICE_4649	55	Picture	49_T_PWTRIAD_PW_estetoscopio_red.png	3235275	43200	1	1900	2	43200	1800
S018_DAY2_MINITWICE_4649	56	Picture	PW	3237375	0	1	43200	2	0	43200
S018_DAY2_MINITWICE_4649	56	Pulse	99	3252535	15160	NA
S018_DAY2_MINITWICE_4649	56	Port Input	1	3252535	15160	NA
S018_DAY2_MINITWICE_4649	56	Response	51	3263269	25894	1
S018_DAY2_MINITWICE_4649	56	Picture	50_T_PWTRIAD_PW_piramide_red.png	3280575	43200	1	1900	2	43200	1800
S018_DAY2_MINITWICE_4649	57	Picture	rest	3282575	0	1	144099	2	0	144000
S018_DAY2_MINITWICE_4649	57	Pulse	99	3288536	5961	NA
S018_DAY2_MINITWICE_4649	57	Port Input	1	3288536	5961	NA
S018_DAY2_MINITWICE_4649	57	Pulse	99	3324536	41961	NA
S018_DAY2_MINITWICE_4649	57	Port Input	1	3324536	41961	NA
S018_DAY2_MINITWICE_4649	57	Pulse	99	3360537	77962	NA
S018_DAY2_MINITWICE_4649	57	Port Input	1	3360537	77962	NA
S018_DAY2_MINITWICE_4649	57	Pulse	99	3396538	113963	NA
S018_DAY2_MINITWICE_4649	57	Port Input	1	3396538	113963	NA
S018_DAY2_MINITWICE_4649	58	Picture	endrest	3426774	0	1	10100	2	0	10000
S018_DAY2_MINITWICE_4649	58	Pulse	99	3432539	5765	NA
S018_DAY2_MINITWICE_4649	58	Port Input	1	3432539	5765	NA
S018_DAY2_MINITWICE_4649	59	Picture	RW	3437074	0	1	43199	2	0	43200
S018_DAY2_MINITWICE_4649	59	Response	52	3447694	10620	1
S018_DAY2_MINITWICE_4649	59	Pulse	99	3468540	31466	NA
S018_DAY2_MINITWICE_4649	59	Port Input	1	3468540	31466	NA
S018_DAY2_MINITWICE_4649	59	Picture	53_T_RWTRIAD_RW_anillo_red.png	3480273	43199	1	1900	2	43200	1800
S018_DAY2_MINITWICE_4649	60	Picture	RW	3482373	0	1	43200	2	0	43200
S018_DAY2_MINITWICE_4649	60	Response	52	3492366	9993	1
S018_DAY2_MINITWICE_4649	60	Pulse	99	3504541	22168	NA
S018_DAY2_MINITWICE_4649	60	Port Input	1	3504541	22168	NA
S018_DAY2_MINITWICE_4649	60	Picture	54_T_RWTRIAD_RW_paraguas_red.png	3525573	43200	1	1900	2	43200	1800
S018_DAY2_MINITWICE_4649	61	Picture	RW	3527873	0	1	43100	2	0	43200
S018_DAY2_MINITWICE_4649	61	Pulse	99	3540542	12669	NA
S018_DAY2_MINITWICE_4649	61	Port Input	1	3540542	12669	NA
S018_DAY2_MINITWICE_4649	61	Response	51	3541438	13565	1
S018_DAY2_MINITWICE_4649	61	Picture	55_T_RWTRIAD_RW_cortina_red.png	3570973	43100	1	1900	2	43200	1800
S018_DAY2_MINITWICE_4649	62	Picture	RW	3573073	0	1	43199	2	0	43200
S018_DAY2_MINITWICE_4649	62	Pulse	99	3576543	3470	NA
S018_DAY2_MINITWICE_4649	62	Port Input	1	3576543	3470	NA
S018_DAY2_MINITWICE_4649	62	Response	51	3583945	10872	1
S018_DAY2_MINITWICE_4649	62	Pulse	99	3612544	39471	NA
S018_DAY2_MINITWICE_4649	62	Port Input	1	3612544	39471	NA
S018_DAY2_MINITWICE_4649	62	Picture	56_T_RWTRIAD_RW_novia_red.png	3616272	43199	1	1900	2	43200	1800
S018_DAY2_MINITWICE_4649	63	Picture	RW	3618372	0	1	43200	2	0	43200
S018_DAY2_MINITWICE_4649	63	Response	51	3628922	10550	1
S018_DAY2_MINITWICE_4649	63	Pulse	99	3648545	30173	NA
S018_DAY2_MINITWICE_4649	63	Port Input	1	3648545	30173	NA
S018_DAY2_MINITWICE_4649	63	Picture	57_T_RWTRIAD_RW_grifo_red.png	3661572	43200	1	1900	2	43200	1800
S018_DAY2_MINITWICE_4649	64	Picture	RW	3663672	0	1	43200	2	0	43200
S018_DAY2_MINITWICE_4649	64	Response	52	3679830	16158	1
S018_DAY2_MINITWICE_4649	64	Pulse	99	3684546	20874	NA
S018_DAY2_MINITWICE_4649	64	Port Input	1	3684546	20874	NA
S018_DAY2_MINITWICE_4649	64	Picture	58_T_RWTRIAD_RW_molino_red.png	3706872	43200	1	1900	2	43200	1800
S018_DAY2_MINITWICE_4649	65	Picture	RW	3708972	0	1	43199	2	0	43200
S018_DAY2_MINITWICE_4649	65	Pulse	99	3720547	11575	NA
S018_DAY2_MINITWICE_4649	65	Port Input	1	3720547	11575	NA
S018_DAY2_MINITWICE_4649	65	Response	51	3721340	12368	1
S018_DAY2_MINITWICE_4649	65	Picture	59_T_RWTRIAD_RW_policia_red.png	3752171	43199	1	1900	2	43200	1800
S018_DAY2_MINITWICE_4649	66	Picture	RW	3754471	0	1	43100	2	0	43200
S018_DAY2_MINITWICE_4649	66	Pulse	99	3756548	2077	NA
S018_DAY2_MINITWICE_4649	66	Port Input	1	3756548	2077	NA
S018_DAY2_MINITWICE_4649	66	Response	52	3770262	15791	1
S018_DAY2_MINITWICE_4649	66	Response	51	3777776	23305	1
S018_DAY2_MINITWICE_4649	66	Pulse	99	3792549	38078	NA
S018_DAY2_MINITWICE_4649	66	Port Input	1	3792549	38078	NA
S018_DAY2_MINITWICE_4649	66	Picture	60_T_RWTRIAD_RW_carruaje_red.png	3797571	43100	1	1900	2	43200	1800
S018_DAY2_MINITWICE_4649	67	Picture	rest	3799571	0	1	144099	2	0	144000
S018_DAY2_MINITWICE_4649	67	Pulse	99	3828550	28979	NA
S018_DAY2_MINITWICE_4649	67	Port Input	1	3828550	28979	NA
S018_DAY2_MINITWICE_4649	67	Pulse	99	3864551	64980	NA
S018_DAY2_MINITWICE_4649	67	Port Input	1	3864551	64980	NA
S018_DAY2_MINITWICE_4649	67	Pulse	99	3900552	100981	NA
S018_DAY2_MINITWICE_4649	67	Port Input	1	3900552	100981	NA
S018_DAY2_MINITWICE_4649	67	Pulse	99	3936552	136981	NA
S018_DAY2_MINITWICE_4649	67	Port Input	1	3936552	136981	NA
S018_DAY2_MINITWICE_4649	68	Picture	endrest	3943770	0	1	10100	2	0	10000
S018_DAY2_MINITWICE_4649	69	Picture	PW	3954270	0	1	43096	6	0	43200
S018_DAY2_MINITWICE_4649	69	Response	52	3969943	15673	1
S018_DAY2_MINITWICE_4649	69	Pulse	99	3972553	18283	NA
S018_DAY2_MINITWICE_4649	69	Port Input	1	3972553	18283	NA
S018_DAY2_MINITWICE_4649	69	Picture	63_T_PWTRIAD_PW_silla_red.png	3997366	43096	5	1903	6	43200	1800
S018_DAY2_MINITWICE_4649	70	Picture	PW	3999469	0	2	43200	3	0	43200
S018_DAY2_MINITWICE_4649	70	Pulse	99	4008554	9085	NA
S018_DAY2_MINITWICE_4649	70	Port Input	1	4008554	9085	NA
S018_DAY2_MINITWICE_4649	70	Response	51	4021714	22245	1
S018_DAY2_MINITWICE_4649	70	Picture	64_T_PWTRIAD_PW_charco_red.png	4042669	43200	1	1900	2	43200	1800
S018_DAY2_MINITWICE_4649	70	Pulse	99	4044555	45086	NA
S018_DAY2_MINITWICE_4649	70	Port Input	1	4044555	45086	NA
S018_DAY2_MINITWICE_4649	71	Picture	PW	4044769	0	1	43200	2	0	43200
S018_DAY2_MINITWICE_4649	71	Response	52	4067073	22304	1
S018_DAY2_MINITWICE_4649	71	Pulse	99	4080556	35787	NA
S018_DAY2_MINITWICE_4649	71	Port Input	1	4080556	35787	NA
S018_DAY2_MINITWICE_4649	71	Picture	65_T_PWTRIAD_PW_candado_red.png	4087969	43200	1	1900	2	43200	1800
S018_DAY2_MINITWICE_4649	72	Picture	PW	4090069	0	1	43199	2	0	43200
S018_DAY2_MINITWICE_4649	72	Pulse	99	4116557	26488	NA
S018_DAY2_MINITWICE_4649	72	Port Input	1	4116557	26488	NA
S018_DAY2_MINITWICE_4649	72	Response	51	4118828	28759	1
S018_DAY2_MINITWICE_4649	72	Picture	66_T_PWTRIAD_PW_plato_red.png	4133268	43199	1	1900	2	43200	1800
S018_DAY2_MINITWICE_4649	73	Picture	PW	4135368	0	1	43200	2	0	43200
S018_DAY2_MINITWICE_4649	73	Pulse	99	4152558	17190	NA
S018_DAY2_MINITWICE_4649	73	Port Input	1	4152558	17190	NA
S018_DAY2_MINITWICE_4649	73	Response	51	4162612	27244	1
S018_DAY2_MINITWICE_4649	73	Picture	67_T_PWTRIAD_PW_huevos_red.png	4178568	43200	1	1900	2	43200	1800
S018_DAY2_MINITWICE_4649	74	Picture	PW	4180668	0	1	43200	2	0	43200
S018_DAY2_MINITWICE_4649	74	Pulse	99	4188559	7891	NA
S018_DAY2_MINITWICE_4649	74	Port Input	1	4188559	7891	NA
S018_DAY2_MINITWICE_4649	74	Response	52	4209226	28558	1
S018_DAY2_MINITWICE_4649	74	Picture	68_T_PWTRIAD_PW_telefono_red.png	4223868	43200	1	1900	2	43200	1800
S018_DAY2_MINITWICE_4649	74	Pulse	99	4224560	43892	NA
S018_DAY2_MINITWICE_4649	74	Port Input	1	4224560	43892	NA
S018_DAY2_MINITWICE_4649	75	Picture	PW	4225968	0	1	43199	2	0	43200
S018_DAY2_MINITWICE_4649	75	Response	52	4258990	33022	2
S018_DAY2_MINITWICE_4649	75	Pulse	99	4260561	34593	NA
S018_DAY2_MINITWICE_4649	75	Port Input	1	4260561	34593	NA
S018_DAY2_MINITWICE_4649	75	Picture	69_T_PWTRIAD_PW_violin_red.png	4269167	43199	1	1900	2	43200	1800
S018_DAY2_MINITWICE_4649	76	Picture	PW	4271467	0	1	43100	2	0	43200
S018_DAY2_MINITWICE_4649	76	Response	51	4295094	23627	1
S018_DAY2_MINITWICE_4649	76	Pulse	99	4296562	25095	NA
S018_DAY2_MINITWICE_4649	76	Port Input	1	4296562	25095	NA
S018_DAY2_MINITWICE_4649	76	Picture	70_T_PWTRIAD_PW_cortina_red.png	4314567	43100	1	1900	2	43200	1800
S018_DAY2_MINITWICE_4649	77	Picture	rest	4316567	0	1	144099	2	0	144000
S018_DAY2_MINITWICE_4649	77	Pulse	99	4332563	15996	NA
S018_DAY2_MINITWICE_4649	77	Port Input	1	4332563	15996	NA
S018_DAY2_MINITWICE_4649	77	Pulse	99	4368564	51997	NA
S018_DAY2_MINITWICE_4649	77	Port Input	1	4368564	51997	NA
S018_DAY2_MINITWICE_4649	77	Pulse	99	4404565	87998	NA
S018_DAY2_MINITWICE_4649	77	Port Input	1	4404565	87998	NA
S018_DAY2_MINITWICE_4649	77	Pulse	99	4440566	123999	NA
S018_DAY2_MINITWICE_4649	77	Port Input	1	4440566	123999	NA
S018_DAY2_MINITWICE_4649	78	Picture	endrest	4460766	0	1	10100	2	0	10000
S018_DAY2_MINITWICE_4649	79	Picture	RW	4471066	0	1	43199	3	0	43200
S018_DAY2_MINITWICE_4649	79	Pulse	99	4476567	5501	NA
S018_DAY2_MINITWICE_4649	79	Port Input	1	4476567	5501	NA
S018_DAY2_MINITWICE_4649	79	Response	52	4487499	16433	1
S018_DAY2_MINITWICE_4649	79	Pulse	99	4512568	41502	NA
S018_DAY2_MINITWICE_4649	79	Port Input	1	4512568	41502	NA
S018_DAY2_MINITWICE_4649	79	Picture	73_T_RWTRIAD_RW_leche_red.png	4514265	43199	2	1901	3	43200	1800
S018_DAY2_MINITWICE_4649	80	Picture	RW	4516366	0	1	43199	2	0	43200
S018_DAY2_MINITWICE_4649	80	Response	52	4531530	15164	1
S018_DAY2_MINITWICE_4649	80	Pulse	99	4548569	32203	NA
S018_DAY2_MINITWICE_4649	80	Port Input	1	4548569	32203	NA
S018_DAY2_MINITWICE_4649	80	Picture	74_T_RWTRIAD_RW_silla_red.png	4559565	43199	1	1900	2	43200	1800
S018_DAY2_MINITWICE_4649	81	Picture	RW	4561665	0	1	43200	2	0	43200
S018_DAY2_MINITWICE_4649	81	Response	51	4577833	16168	1
S018_DAY2_MINITWICE_4649	81	Pulse	99	4584569	22904	NA
S018_DAY2_MINITWICE_4649	81	Port Input	1	4584569	22904	NA
S018_DAY2_MINITWICE_4649	81	Picture	75_T_RWTRIAD_RW_pizarra_red.png	4604865	43200	1	1900	2	43200	1800
S018_DAY2_MINITWICE_4649	82	Picture	RW	4606965	0	1	43199	3	0	43200
S018_DAY2_MINITWICE_4649	82	Pulse	99	4620570	13605	NA
S018_DAY2_MINITWICE_4649	82	Port Input	1	4620570	13605	NA
S018_DAY2_MINITWICE_4649	82	Response	52	4622160	15195	1
S018_DAY2_MINITWICE_4649	82	Picture	76_T_RWTRIAD_RW_sombrilla_red.png	4650164	43199	2	1900	4	43200	1800
S018_DAY2_MINITWICE_4649	83	Picture	RW	4652464	0	2	43100	3	0	43200
S018_DAY2_MINITWICE_4649	83	Pulse	99	4656571	4107	NA
S018_DAY2_MINITWICE_4649	83	Port Input	1	4656571	4107	NA
S018_DAY2_MINITWICE_4649	83	Response	51	4667685	15221	1
S018_DAY2_MINITWICE_4649	83	Pulse	99	4692572	40108	NA
S018_DAY2_MINITWICE_4649	83	Port Input	1	4692572	40108	NA
S018_DAY2_MINITWICE_4649	83	Picture	77_T_RWTRIAD_RW_cerillas_red.png	4695564	43100	1	1900	2	43200	1800
S018_DAY2_MINITWICE_4649	84	Picture	RW	4697664	0	1	43200	2	0	43200
S018_DAY2_MINITWICE_4649	84	Response	52	4718659	20995	1
S018_DAY2_MINITWICE_4649	84	Pulse	99	4728573	30909	NA
S018_DAY2_MINITWICE_4649	84	Port Input	1	4728573	30909	NA
S018_DAY2_MINITWICE_4649	84	Picture	78_T_RWTRIAD_RW_murcielago_red.png	4740864	43200	1	1900	2	43200	1800
S018_DAY2_MINITWICE_4649	85	Picture	RW	4742964	0	1	43199	3	0	43200
S018_DAY2_MINITWICE_4649	85	Response	52	4757122	14158	1
S018_DAY2_MINITWICE_4649	85	Pulse	99	4764574	21610	NA
S018_DAY2_MINITWICE_4649	85	Port Input	1	4764574	21610	NA
S018_DAY2_MINITWICE_4649	85	Picture	79_T_RWTRIAD_RW_pluma_red.png	4786163	43199	2	1900	4	43200	1800
S018_DAY2_MINITWICE_4649	86	Picture	RW	4788463	0	2	43100	3	0	43200
S018_DAY2_MINITWICE_4649	86	Pulse	99	4800575	12112	NA
S018_DAY2_MINITWICE_4649	86	Port Input	1	4800575	12112	NA
S018_DAY2_MINITWICE_4649	86	Response	51	4800794	12331	2
S018_DAY2_MINITWICE_4649	86	Picture	80_T_RWTRIAD_RW_paracaidas_red.png	4831563	43100	1	1900	2	43200	1800
S018_DAY2_MINITWICE_4649	87	Picture	rest	4833563	0	1	144099	2	0	144000
S018_DAY2_MINITWICE_4649	87	Pulse	99	4836576	3013	NA
S018_DAY2_MINITWICE_4649	87	Port Input	1	4836576	3013	NA
S018_DAY2_MINITWICE_4649	87	Pulse	99	4872577	39014	NA
S018_DAY2_MINITWICE_4649	87	Port Input	1	4872577	39014	NA
S018_DAY2_MINITWICE_4649	87	Pulse	99	4908578	75015	NA
S018_DAY2_MINITWICE_4649	87	Port Input	1	4908578	75015	NA
S018_DAY2_MINITWICE_4649	87	Pulse	99	4944579	111016	NA
S018_DAY2_MINITWICE_4649	87	Port Input	1	4944579	111016	NA
S018_DAY2_MINITWICE_4649	88	Picture	endrest	4977762	0	1	10100	2	0	10000
S018_DAY2_MINITWICE_4649	88	Pulse	99	4980580	2818	NA
S018_DAY2_MINITWICE_4649	88	Port Input	1	4980580	2818	NA
S018_DAY2_MINITWICE_4649	89	Picture	FF	4988162	0	1	43200	2	0	43200
S018_DAY2_MINITWICE_4649	89	Response	52	5003560	15398	1
S018_DAY2_MINITWICE_4649	89	Pulse	99	5016581	28419	NA
S018_DAY2_MINITWICE_4649	89	Port Input	1	5016581	28419	NA
S018_DAY2_MINITWICE_4649	89	Picture	83_T_FFTRIAD_FF_paracaidas_red.png	5031362	43200	1	1900	2	43200	1800
S018_DAY2_MINITWICE_4649	90	Picture	FF	5033662	0	1	43199	2	0	43200
S018_DAY2_MINITWICE_4649	90	Pulse	99	5052582	18920	NA
S018_DAY2_MINITWICE_4649	90	Port Input	1	5052582	18920	NA
S018_DAY2_MINITWICE_4649	90	Response	51	5055300	21638	1
S018_DAY2_MINITWICE_4649	90	Picture	84_T_FFTRIAD_FF_tijera_red.png	5076861	43199	1	1900	3	43200	1800
S018_DAY2_MINITWICE_4649	91	Picture	FF	5078961	0	1	43200	2	0	43200
S018_DAY2_MINITWICE_4649	91	Pulse	99	5088583	9622	NA
S018_DAY2_MINITWICE_4649	91	Port Input	1	5088583	9622	NA
S018_DAY2_MINITWICE_4649	91	Response	52	5095523	16562	2
S018_DAY2_MINITWICE_4649	91	Picture	85_T_FFTRIAD_FF_monja_red.png	5122161	43200	1	1900	2	43200	1800
S018_DAY2_MINITWICE_4649	92	Picture	FF	5124461	0	1	43100	2	0	43200
S018_DAY2_MINITWICE_4649	92	Pulse	99	5124584	123	NA
S018_DAY2_MINITWICE_4649	92	Port Input	1	5124584	123	NA
S018_DAY2_MINITWICE_4649	92	Response	51	5134843	10382	1
S018_DAY2_MINITWICE_4649	92	Pulse	99	5160584	36123	NA
S018_DAY2_MINITWICE_4649	92	Port Input	1	5160584	36123	NA
S018_DAY2_MINITWICE_4649	92	Picture	86_T_FFTRIAD_FF_charco_red.png	5167561	43100	1	1899	3	43200	1800
S018_DAY2_MINITWICE_4649	93	Picture	PW	5169761	0	1	43199	2	0	43200
S018_DAY2_MINITWICE_4649	93	Response	51	5188726	18965	1
S018_DAY2_MINITWICE_4649	93	Pulse	99	5196585	26824	NA
S018_DAY2_MINITWICE_4649	93	Port Input	1	5196585	26824	NA
S018_DAY2_MINITWICE_4649	93	Picture	87_T_PWTRIAD_PW_pilas_red.png	5212960	43199	1	1900	2	43200	1800
S018_DAY2_MINITWICE_4649	94	Picture	PW	5215060	0	1	43200	2	0	43200
S018_DAY2_MINITWICE_4649	94	Response	52	5229455	14395	1
S018_DAY2_MINITWICE_4649	94	Pulse	99	5232586	17526	NA
S018_DAY2_MINITWICE_4649	94	Port Input	1	5232586	17526	NA
S018_DAY2_MINITWICE_4649	94	Picture	88_T_PWTRIAD_PW_cuento_red.png	5258260	43200	1	1900	2	43200	1800
S018_DAY2_MINITWICE_4649	95	Picture	PW	5260360	0	1	43200	2	0	43200
S018_DAY2_MINITWICE_4649	95	Pulse	99	5268587	8227	NA
S018_DAY2_MINITWICE_4649	95	Port Input	1	5268587	8227	NA
S018_DAY2_MINITWICE_4649	95	Response	52	5279034	18674	1
S018_DAY2_MINITWICE_4649	95	Picture	89_T_PWTRIAD_PW_gafas_red.png	5303560	43200	1	1900	2	43200	1800
S018_DAY2_MINITWICE_4649	95	Pulse	99	5304588	44228	NA
S018_DAY2_MINITWICE_4649	95	Port Input	1	5304588	44228	NA
S018_DAY2_MINITWICE_4649	96	Picture	PW	5305660	0	1	43199	2	0	43200
S018_DAY2_MINITWICE_4649	96	Response	51	5324728	19068	2
S018_DAY2_MINITWICE_4649	96	Pulse	99	5340589	34929	NA
S018_DAY2_MINITWICE_4649	96	Port Input	1	5340589	34929	NA
S018_DAY2_MINITWICE_4649	96	Picture	90_T_PWTRIAD_PW_grapadora_red.png	5348859	43199	1	1900	2	43200	1800
S018_DAY2_MINITWICE_4649	97	Picture	rest	5350859	0	1	144099	2	0	144000
S018_DAY2_MINITWICE_4649	97	Pulse	99	5376590	25731	NA
S018_DAY2_MINITWICE_4649	97	Port Input	1	5376590	25731	NA
S018_DAY2_MINITWICE_4649	97	Pulse	99	5412591	61732	NA
S018_DAY2_MINITWICE_4649	97	Port Input	1	5412591	61732	NA
S018_DAY2_MINITWICE_4649	97	Pulse	99	5448592	97733	NA
S018_DAY2_MINITWICE_4649	97	Port Input	1	5448592	97733	NA
S018_DAY2_MINITWICE_4649	97	Pulse	99	5484593	133734	NA
S018_DAY2_MINITWICE_4649	97	Port Input	1	5484593	133734	NA
S018_DAY2_MINITWICE_4649	98	Picture	endrest	5495058	0	1	10100	2	0	10000
S018_DAY2_MINITWICE_4649	99	Picture	FF	5505458	0	1	43200	2	0	43200
S018_DAY2_MINITWICE_4649	99	Pulse	99	5520594	15136	NA
S018_DAY2_MINITWICE_4649	99	Port Input	1	5520594	15136	NA
S018_DAY2_MINITWICE_4649	99	Response	52	5523193	17735	1
S018_DAY2_MINITWICE_4649	99	Picture	93_T_FFTRIAD_FF_pincel_red.png	5548658	43200	1	1900	2	43200	1800
S018_DAY2_MINITWICE_4649	100	Picture	FF	5550958	0	1	43099	3	0	43200
S018_DAY2_MINITWICE_4649	100	Pulse	99	5556595	5637	NA
S018_DAY2_MINITWICE_4649	100	Port Input	1	5556595	5637	NA
S018_DAY2_MINITWICE_4649	100	Response	52	5563013	12055	1
S018_DAY2_MINITWICE_4649	100	Pulse	99	5592596	41638	NA
S018_DAY2_MINITWICE_4649	100	Port Input	1	5592596	41638	NA
S018_DAY2_MINITWICE_4649	100	Picture	94_T_FFTRIAD_FF_cerillas_red.png	5594057	43099	2	1900	3	43200	1800
S018_DAY2_MINITWICE_4649	101	Picture	FF	5596157	0	1	43200	2	0	43200
S018_DAY2_MINITWICE_4649	101	Response	52	5609556	13399	1
S018_DAY2_MINITWICE_4649	101	Pulse	99	5628597	32440	NA
S018_DAY2_MINITWICE_4649	101	Port Input	1	5628597	32440	NA
S018_DAY2_MINITWICE_4649	101	Picture	95_T_FFTRIAD_FF_cinturon_red.png	5639357	43200	1	1900	2	43200	1800
S018_DAY2_MINITWICE_4649	102	Picture	FF	5641657	0	1	43100	2	0	43200
S018_DAY2_MINITWICE_4649	102	Response	52	5659336	17679	1
S018_DAY2_MINITWICE_4649	102	Pulse	99	5664598	22941	NA
S018_DAY2_MINITWICE_4649	102	Port Input	1	5664598	22941	NA
S018_DAY2_MINITWICE_4649	102	Picture	96_T_FFTRIAD_FF_grifo_red.png	5684757	43100	1	1900	2	43200	1800
S018_DAY2_MINITWICE_4649	103	Picture	FF	5686857	0	1	43199	3	0	43200
S018_DAY2_MINITWICE_4649	103	Pulse	99	5700599	13742	NA
S018_DAY2_MINITWICE_4649	103	Port Input	1	5700599	13742	NA
S018_DAY2_MINITWICE_4649	103	Response	52	5709179	22322	1
S018_DAY2_MINITWICE_4649	103	Picture	97_T_FFTRIAD_FF_paraguas_red.png	5730056	43199	2	1900	3	43200	1800
S018_DAY2_MINITWICE_4649	104	Picture	FF	5732156	0	2	43200	3	0	43200
S018_DAY2_MINITWICE_4649	104	Pulse	99	5736600	4444	NA
S018_DAY2_MINITWICE_4649	104	Port Input	1	5736600	4444	NA
S018_DAY2_MINITWICE_4649	104	Response	52	5752513	20357	1
S018_DAY2_MINITWICE_4649	104	Pulse	99	5772600	40444	NA
S018_DAY2_MINITWICE_4649	104	Port Input	1	5772600	40444	NA
S018_DAY2_MINITWICE_4649	104	Picture	98_T_FFTRIAD_FF_pilas_red.png	5775356	43200	1	1900	2	43200	1800
S018_DAY2_MINITWICE_4649	105	Picture	FF	5777556	0	1	43200	2	0	43200
S018_DAY2_MINITWICE_4649	105	Response	51	5792941	15385	1
S018_DAY2_MINITWICE_4649	105	Pulse	99	5808601	31045	NA
S018_DAY2_MINITWICE_4649	105	Port Input	1	5808601	31045	NA
S018_DAY2_MINITWICE_4649	105	Picture	99_T_FFTRIAD_FF_arco_red.png	5820756	43200	1	1900	2	43200	1800
S018_DAY2_MINITWICE_4649	106	Picture	FF	5823056	0	1	43099	2	0	43200
S018_DAY2_MINITWICE_4649	106	Response	52	5836848	13792	1
S018_DAY2_MINITWICE_4649	106	Pulse	99	5844602	21546	NA
S018_DAY2_MINITWICE_4649	106	Port Input	1	5844602	21546	NA
S018_DAY2_MINITWICE_4649	106	Picture	100_T_FFTRIAD_FF_manos_red.png	5866155	43099	1	1900	2	43200	1800
S018_DAY2_MINITWICE_4649	107	Picture	rest	5868155	0	2	144099	3	0	144000
S018_DAY2_MINITWICE_4649	107	Pulse	99	5880603	12448	NA
S018_DAY2_MINITWICE_4649	107	Port Input	1	5880603	12448	NA
S018_DAY2_MINITWICE_4649	107	Pulse	99	5916604	48449	NA
S018_DAY2_MINITWICE_4649	107	Port Input	1	5916604	48449	NA
S018_DAY2_MINITWICE_4649	107	Pulse	99	5952605	84450	NA
S018_DAY2_MINITWICE_4649	107	Port Input	1	5952605	84450	NA
S018_DAY2_MINITWICE_4649	107	Pulse	99	5988606	120451	NA
S018_DAY2_MINITWICE_4649	107	Port Input	1	5988606	120451	NA
S018_DAY2_MINITWICE_4649	108	Picture	endrest	6012354	0	1	10100	2	0	10000
S018_DAY2_MINITWICE_4649	109	Picture	PW	6022854	0	1	43100	2	0	43200
S018_DAY2_MINITWICE_4649	109	Pulse	99	6024607	1753	NA
S018_DAY2_MINITWICE_4649	109	Port Input	1	6024607	1753	NA
S018_DAY2_MINITWICE_4649	109	Response	51	6050712	27858	1
S018_DAY2_MINITWICE_4649	109	Pulse	99	6060608	37754	NA
S018_DAY2_MINITWICE_4649	109	Port Input	1	6060608	37754	NA
S018_DAY2_MINITWICE_4649	109	Picture	103_T_PWTRIAD_PW_molino_red.png	6065954	43100	1	1900	2	43200	1800
S018_DAY2_MINITWICE_4649	110	Picture	PW	6068154	0	1	43200	2	0	43200
S018_DAY2_MINITWICE_4649	110	Response	52	6092932	24778	1
S018_DAY2_MINITWICE_4649	110	Pulse	99	6096609	28455	NA
S018_DAY2_MINITWICE_4649	110	Port Input	1	6096609	28455	NA
S018_DAY2_MINITWICE_4649	110	Picture	104_T_PWTRIAD_PW_martillo_red.png	6111354	43200	1	1900	2	43200	1800
S018_DAY2_MINITWICE_4649	111	Picture	PW	6113453	0	2	43200	3	0	43200
S018_DAY2_MINITWICE_4649	111	Pulse	99	6132610	19157	NA
S018_DAY2_MINITWICE_4649	111	Port Input	1	6132610	19157	NA
S018_DAY2_MINITWICE_4649	111	Response	51	6133678	20225	1
S018_DAY2_MINITWICE_4649	111	Picture	105_T_PWTRIAD_PW_tijera_red.png	6156653	43200	1	1900	2	43200	1800
S018_DAY2_MINITWICE_4649	112	Picture	PW	6158853	0	1	43200	2	0	43200
S018_DAY2_MINITWICE_4649	112	Pulse	99	6168611	9758	NA
S018_DAY2_MINITWICE_4649	112	Port Input	1	6168611	9758	NA
S018_DAY2_MINITWICE_4649	112	Response	51	6179337	20484	1
S018_DAY2_MINITWICE_4649	112	Picture	106_T_PWTRIAD_PW_cinturon_red.png	6202053	43200	1	1900	2	43200	1800
S018_DAY2_MINITWICE_4649	113	Picture	PW	6204153	0	1	43200	2	0	43200
S018_DAY2_MINITWICE_4649	113	Pulse	99	6204612	459	NA
S018_DAY2_MINITWICE_4649	113	Port Input	1	6204612	459	NA
S018_DAY2_MINITWICE_4649	113	Response	52	6233423	29270	1
S018_DAY2_MINITWICE_4649	113	Pulse	99	6240613	36460	NA
S018_DAY2_MINITWICE_4649	113	Port Input	1	6240613	36460	NA
S018_DAY2_MINITWICE_4649	113	Picture	107_T_PWTRIAD_PW_traje_red.png	6247353	43200	1	1900	2	43200	1800
S018_DAY2_MINITWICE_4649	114	Picture	PW	6249652	0	2	43100	3	0	43200
S018_DAY2_MINITWICE_4649	114	Pulse	99	6276614	26962	NA
S018_DAY2_MINITWICE_4649	114	Port Input	1	6276614	26962	NA
S018_DAY2_MINITWICE_4649	114	Response	51	6276931	27279	1
S018_DAY2_MINITWICE_4649	114	Picture	108_T_PWTRIAD_PW_sobre_red.png	6292752	43100	1	1900	2	43200	1800
S018_DAY2_MINITWICE_4649	115	Picture	PW	6294852	0	1	43200	2	0	43200
S018_DAY2_MINITWICE_4649	115	Pulse	99	6312615	17763	NA
S018_DAY2_MINITWICE_4649	115	Port Input	1	6312615	17763	NA
S018_DAY2_MINITWICE_4649	115	Response	52	6320359	25507	1
S018_DAY2_MINITWICE_4649	115	Picture	109_T_PWTRIAD_PW_television_red.png	6338052	43200	1	1900	2	43200	1800
S018_DAY2_MINITWICE_4649	116	Picture	PW	6340252	0	1	43200	2	0	43200
S018_DAY2_MINITWICE_4649	116	Pulse	99	6348615	8363	NA
S018_DAY2_MINITWICE_4649	116	Port Input	1	6348615	8363	NA
S018_DAY2_MINITWICE_4649	116	Response	51	6365023	24771	1
S018_DAY2_MINITWICE_4649	116	Picture	110_T_PWTRIAD_PW_paraguas_red.png	6383452	43200	1	1899	3	43200	1800
S018_DAY2_MINITWICE_4649	116	Pulse	99	6384616	44364	NA
S018_DAY2_MINITWICE_4649	116	Port Input	1	6384616	44364	NA
S018_DAY2_MINITWICE_4649	117	Picture	rest	6385451	0	2	144099	4	0	144000
S018_DAY2_MINITWICE_4649	117	Pulse	99	6420617	35166	NA
S018_DAY2_MINITWICE_4649	117	Port Input	1	6420617	35166	NA
S018_DAY2_MINITWICE_4649	117	Pulse	99	6456618	71167	NA
S018_DAY2_MINITWICE_4649	117	Port Input	1	6456618	71167	NA
S018_DAY2_MINITWICE_4649	117	Pulse	99	6492619	107168	NA
S018_DAY2_MINITWICE_4649	117	Port Input	1	6492619	107168	NA
S018_DAY2_MINITWICE_4649	117	Pulse	99	6528620	143169	NA
S018_DAY2_MINITWICE_4649	117	Port Input	1	6528620	143169	NA
S018_DAY2_MINITWICE_4649	118	Picture	endrest	6529650	0	1	10100	2	0	10000
S018_DAY2_MINITWICE_4649	119	Picture	PW	6539950	0	1	43200	2	0	43200
S018_DAY2_MINITWICE_4649	119	Response	51	6559926	19976	1
S018_DAY2_MINITWICE_4649	119	Pulse	99	6564621	24671	NA
S018_DAY2_MINITWICE_4649	119	Port Input	1	6564621	24671	NA
S018_DAY2_MINITWICE_4649	119	Picture	113_T_PWTRIAD_PW_raton_red.png	6583150	43200	1	1900	2	43200	1800
S018_DAY2_MINITWICE_4649	120	Picture	PW	6585450	0	1	43100	2	0	43200
S018_DAY2_MINITWICE_4649	120	Pulse	99	6600622	15172	NA
S018_DAY2_MINITWICE_4649	120	Port Input	1	6600622	15172	NA
S018_DAY2_MINITWICE_4649	120	Response	51	6617651	32201	2
S018_DAY2_MINITWICE_4649	120	Picture	114_T_PWTRIAD_PW_destornillador_red.png	6628550	43100	1	1900	2	43200	1800
S018_DAY2_MINITWICE_4649	121	Picture	PW	6630850	0	1	43199	2	0	43200
S018_DAY2_MINITWICE_4649	121	Pulse	99	6636623	5773	NA
S018_DAY2_MINITWICE_4649	121	Port Input	1	6636623	5773	NA
S018_DAY2_MINITWICE_4649	121	Response	52	6661227	30377	1
S018_DAY2_MINITWICE_4649	121	Pulse	99	6672624	41774	NA
S018_DAY2_MINITWICE_4649	121	Port Input	1	6672624	41774	NA
S018_DAY2_MINITWICE_4649	121	Picture	115_T_PWTRIAD_PW_llave_red.png	6674049	43199	1	1900	2	43200	1800
S018_DAY2_MINITWICE_4649	122	Picture	PW	6676349	0	1	43200	2	0	43200
S018_DAY2_MINITWICE_4649	122	Response	52	6701476	25127	1
S018_DAY2_MINITWICE_4649	122	Pulse	99	6708625	32276	NA
S018_DAY2_MINITWICE_4649	122	Port Input	1	6708625	32276	NA
S018_DAY2_MINITWICE_4649	122	Picture	116_T_PWTRIAD_PW_granjero_red.png	6719549	43200	1	1900	2	43200	1800
S018_DAY2_MINITWICE_4649	123	Picture	PW	6721749	0	1	43200	2	0	43200
S018_DAY2_MINITWICE_4649	123	Pulse	99	6744626	22877	NA
S018_DAY2_MINITWICE_4649	123	Port Input	1	6744626	22877	NA
S018_DAY2_MINITWICE_4649	123	Response	52	6749227	27478	1
S018_DAY2_MINITWICE_4649	123	Picture	117_T_PWTRIAD_PW_carruaje_red.png	6764949	43200	1	1900	2	43200	1800
S018_DAY2_MINITWICE_4649	124	Picture	PW	6767049	0	1	43199	2	0	43200
S018_DAY2_MINITWICE_4649	124	Pulse	99	6780627	13578	NA
S018_DAY2_MINITWICE_4649	124	Port Input	1	6780627	13578	NA
S018_DAY2_MINITWICE_4649	124	Response	51	6786256	19207	1
S018_DAY2_MINITWICE_4649	124	Picture	118_T_PWTRIAD_PW_pincel_red.png	6810248	43199	1	1900	2	43200	1800
S018_DAY2_MINITWICE_4649	125	Picture	PW	6812548	0	1	43100	2	0	43200
S018_DAY2_MINITWICE_4649	125	Pulse	99	6816628	4080	NA
S018_DAY2_MINITWICE_4649	125	Port Input	1	6816628	4080	NA
S018_DAY2_MINITWICE_4649	125	Response	52	6833815	21267	1
S018_DAY2_MINITWICE_4649	125	Pulse	99	6852629	40081	NA
S018_DAY2_MINITWICE_4649	125	Port Input	1	6852629	40081	NA
S018_DAY2_MINITWICE_4649	125	Picture	119_T_PWTRIAD_PW_ancla_red.png	6855648	43100	1	1900	2	43200	1800
S018_DAY2_MINITWICE_4649	126	Picture	PW	6857948	0	1	43100	2	0	43200
S018_DAY2_MINITWICE_4649	126	Response	51	6874414	16466	1
S018_DAY2_MINITWICE_4649	126	Pulse	99	6888630	30682	NA
S018_DAY2_MINITWICE_4649	126	Port Input	1	6888630	30682	NA
S018_DAY2_MINITWICE_4649	126	Picture	120_T_PWTRIAD_PW_mono_red.png	6901048	43100	1	1900	2	43200	1800
S018_DAY2_MINITWICE_4649	127	Picture	rest	6903048	0	1	144099	2	0	144000
S018_DAY2_MINITWICE_4649	127	Pulse	99	6924631	21583	NA
S018_DAY2_MINITWICE_4649	127	Port Input	1	6924631	21583	NA
S018_DAY2_MINITWICE_4649	127	Pulse	99	6960632	57584	NA
S018_DAY2_MINITWICE_4649	127	Port Input	1	6960632	57584	NA
S018_DAY2_MINITWICE_4649	127	Pulse	99	6996632	93584	NA
S018_DAY2_MINITWICE_4649	127	Port Input	1	6996632	93584	NA
S018_DAY2_MINITWICE_4649	127	Pulse	99	7032633	129585	NA
S018_DAY2_MINITWICE_4649	127	Port Input	1	7032633	129585	NA
S018_DAY2_MINITWICE_4649	128	Picture	endrest	7047247	0	1	10100	2	0	10000
S018_DAY2_MINITWICE_4649	129	Picture	PW	7057546	0	2	43200	3	0	43200
S018_DAY2_MINITWICE_4649	129	Pulse	99	7068634	11088	NA
S018_DAY2_MINITWICE_4649	129	Port Input	1	7068634	11088	NA
S018_DAY2_MINITWICE_4649	129	Response	52	7085374	27828	1
S018_DAY2_MINITWICE_4649	129	Picture	123_T_PWTRIAD_PW_dado_red.png	7100746	43200	1	1900	2	43200	1800
S018_DAY2_MINITWICE_4649	130	Picture	PW	7102946	0	1	43200	2	0	43200
S018_DAY2_MINITWICE_4649	130	Pulse	99	7104635	1689	NA
S018_DAY2_MINITWICE_4649	130	Port Input	1	7104635	1689	NA
S018_DAY2_MINITWICE_4649	130	Response	51	7130999	28053	1
S018_DAY2_MINITWICE_4649	130	Pulse	99	7140636	37690	NA
S018_DAY2_MINITWICE_4649	130	Port Input	1	7140636	37690	NA
S018_DAY2_MINITWICE_4649	130	Picture	124_T_PWTRIAD_PW_arbol_red.png	7146146	43200	1	1900	2	43200	1800
S018_DAY2_MINITWICE_4649	131	Picture	PW	7148246	0	1	43199	3	0	43200
S018_DAY2_MINITWICE_4649	131	Response	52	7173020	24774	1
S018_DAY2_MINITWICE_4649	131	Pulse	99	7176637	28391	NA
S018_DAY2_MINITWICE_4649	131	Port Input	1	7176637	28391	NA
S018_DAY2_MINITWICE_4649	131	Picture	125_T_PWTRIAD_PW_queso_red.png	7191445	43199	2	1900	4	43200	1800
S018_DAY2_MINITWICE_4649	132	Picture	PW	7193545	0	2	43200	3	0	43200
S018_DAY2_MINITWICE_4649	132	Pulse	99	7212638	19093	NA
S018_DAY2_MINITWICE_4649	132	Port Input	1	7212638	19093	NA
S018_DAY2_MINITWICE_4649	132	Response	52	7219200	25655	1
S018_DAY2_MINITWICE_4649	132	Picture	126_T_PWTRIAD_PW_madera_red.png	7236745	43200	1	1900	2	43200	1800
S018_DAY2_MINITWICE_4649	133	Picture	FF	7238945	0	1	43200	2	0	43200
S018_DAY2_MINITWICE_4649	133	Pulse	99	7248639	9694	NA
S018_DAY2_MINITWICE_4649	133	Port Input	1	7248639	9694	NA
S018_DAY2_MINITWICE_4649	133	Response	51	7254912	15967	1
S018_DAY2_MINITWICE_4649	133	Picture	127_T_FFTRIAD_FF_portatil_red.png	7282145	43200	1	1900	2	43200	1800
S018_DAY2_MINITWICE_4649	134	Picture	FF	7284445	0	1	43099	3	0	43200
S018_DAY2_MINITWICE_4649	134	Pulse	99	7284640	195	NA
S018_DAY2_MINITWICE_4649	134	Port Input	1	7284640	195	NA
S018_DAY2_MINITWICE_4649	134	Response	51	7301024	16579	1
S018_DAY2_MINITWICE_4649	134	Pulse	99	7320641	36196	NA
S018_DAY2_MINITWICE_4649	134	Port Input	1	7320641	36196	NA
S018_DAY2_MINITWICE_4649	134	Picture	128_T_FFTRIAD_FF_madera_red.png	7327544	43099	2	1900	4	43200	1800
S018_DAY2_MINITWICE_4649	135	Picture	FF	7329644	0	2	43200	3	0	43200
S018_DAY2_MINITWICE_4649	135	Pulse	99	7356642	26998	NA
S018_DAY2_MINITWICE_4649	135	Port Input	1	7356642	26998	NA
S018_DAY2_MINITWICE_4649	135	Response	51	7357932	28288	1
S018_DAY2_MINITWICE_4649	135	Picture	129_T_FFTRIAD_FF_policia_red.png	7372844	43200	1	1900	2	43200	1800
S018_DAY2_MINITWICE_4649	136	Picture	FF	7375044	0	1	43200	2	0	43200
S018_DAY2_MINITWICE_4649	136	Pulse	99	7392643	17599	NA
S018_DAY2_MINITWICE_4649	136	Port Input	1	7392643	17599	NA
S018_DAY2_MINITWICE_4649	136	Response	52	7394288	19244	1
S018_DAY2_MINITWICE_4649	136	Picture	130_T_FFTRIAD_FF_murcielago_red.png	7418244	43200	1	1900	2	43200	1800
S018_DAY2_MINITWICE_4649	137	Picture	rest	7420244	0	1	144099	2	0	144000
S018_DAY2_MINITWICE_4649	137	Pulse	99	7428644	8400	NA
S018_DAY2_MINITWICE_4649	137	Port Input	1	7428644	8400	NA
S018_DAY2_MINITWICE_4649	137	Pulse	99	7464645	44401	NA
S018_DAY2_MINITWICE_4649	137	Port Input	1	7464645	44401	NA
S018_DAY2_MINITWICE_4649	137	Pulse	99	7500646	80402	NA
S018_DAY2_MINITWICE_4649	137	Port Input	1	7500646	80402	NA
S018_DAY2_MINITWICE_4649	137	Pulse	99	7536647	116403	NA
S018_DAY2_MINITWICE_4649	137	Port Input	1	7536647	116403	NA
S018_DAY2_MINITWICE_4649	138	Picture	endrest	7564443	0	1	10100	2	0	10000
S018_DAY2_MINITWICE_4649	138	Pulse	99	7572647	8204	NA
S018_DAY2_MINITWICE_4649	138	Port Input	1	7572647	8204	NA
S018_DAY2_MINITWICE_4649	139	Picture	RW	7574743	0	1	43199	2	0	43200
S018_DAY2_MINITWICE_4649	139	Response	52	7588278	13535	2
S018_DAY2_MINITWICE_4649	139	Pulse	99	7608648	33905	NA
S018_DAY2_MINITWICE_4649	139	Port Input	1	7608648	33905	NA
S018_DAY2_MINITWICE_4649	139	Picture	133_T_RWTRIAD_RW_arbol_red.png	7617942	43199	1	1900	2	43200	1800
S018_DAY2_MINITWICE_4649	140	Picture	RW	7620142	0	1	43200	2	0	43200
S018_DAY2_MINITWICE_4649	140	Response	52	7631916	11774	1
S018_DAY2_MINITWICE_4649	140	Pulse	99	7644649	24507	NA
S018_DAY2_MINITWICE_4649	140	Port Input	1	7644649	24507	NA
S018_DAY2_MINITWICE_4649	140	Picture	134_T_RWTRIAD_RW_sapo_red.png	7663342	43200	1	1900	2	43200	1800
S018_DAY2_MINITWICE_4649	141	Picture	RW	7665442	0	1	43200	2	0	43200
S018_DAY2_MINITWICE_4649	141	Pulse	99	7680650	15208	NA
S018_DAY2_MINITWICE_4649	141	Port Input	1	7680650	15208	NA
S018_DAY2_MINITWICE_4649	141	Response	51	7682382	16940	1
S018_DAY2_MINITWICE_4649	141	Picture	135_T_RWTRIAD_RW_teclado_red.png	7708642	43200	1	1900	2	43200	1800
S018_DAY2_MINITWICE_4649	142	Picture	RW	7710742	0	1	43199	2	0	43200
S018_DAY2_MINITWICE_4649	142	Pulse	99	7716651	5909	NA
S018_DAY2_MINITWICE_4649	142	Port Input	1	7716651	5909	NA
S018_DAY2_MINITWICE_4649	142	Response	51	7731311	20569	1
S018_DAY2_MINITWICE_4649	142	Pulse	99	7752652	41910	NA
S018_DAY2_MINITWICE_4649	142	Port Input	1	7752652	41910	NA
S018_DAY2_MINITWICE_4649	142	Picture	136_T_RWTRIAD_RW_television_red.png	7753941	43199	1	1900	2	43200	1800
S018_DAY2_MINITWICE_4649	143	Picture	rest	7755941	0	1	144099	2	0	144000
S018_DAY2_MINITWICE_4649	143	Pulse	99	7788653	32712	NA
S018_DAY2_MINITWICE_4649	143	Port Input	1	7788653	32712	NA
S018_DAY2_MINITWICE_4649	144	Picture	endrest	7900140	0	1	10100	2	0	10000
S018_DAY2_MINITWICE_4649	145	Picture	endrest	7910340	0	1	10100	2	0	10000
S018_DAY2_MINITWICE_4649	146	Picture	endrest	7920540	0	1	10100	2	0	10000
S018_DAY2_MINITWICE_4649	147	Picture	endrest	7930740	0	1	10100	2	0	10000
