Scenario - vOT_Triads_fMRI_II
Logfile written - 10/05/2015 11:00:16

Subject	Trial	Event Type	Code	Time	TTime	Uncertainty	Duration	Uncertainty	ReqTime	ReqDur

S018_MINIONCE_4059	1	Pulse	99	514359	524279	NA
S018_MINIONCE_4059	1	Port Input	1	514359	524279	NA
S018_MINIONCE_4059	1	Pulse	99	550360	560280	NA
S018_MINIONCE_4059	1	Port Input	1	550360	560280	NA
S018_MINIONCE_4059	1	Pulse	99	586361	596281	NA
S018_MINIONCE_4059	1	Port Input	1	586361	596281	NA
S018_MINIONCE_4059	1	Pulse	99	622363	632283	NA
S018_MINIONCE_4059	1	Port Input	1	622363	632283	NA
S018_MINIONCE_4059	1	Pulse	99	658364	668284	NA
S018_MINIONCE_4059	1	Port Input	1	658364	668284	NA
S018_MINIONCE_4059	2	Picture	rest	658597	0	1	144099	2	0	144000
S018_MINIONCE_4059	2	Pulse	99	694365	35768	NA
S018_MINIONCE_4059	2	Port Input	1	694365	35768	NA
S018_MINIONCE_4059	2	Pulse	99	730366	71769	NA
S018_MINIONCE_4059	2	Port Input	1	730366	71769	NA
S018_MINIONCE_4059	2	Pulse	99	766367	107770	NA
S018_MINIONCE_4059	2	Port Input	1	766367	107770	NA
S018_MINIONCE_4059	2	Pulse	99	802368	143771	NA
S018_MINIONCE_4059	2	Port Input	1	802368	143771	NA
S018_MINIONCE_4059	3	Picture	endrest	802796	0	1	10100	2	0	10000
S018_MINIONCE_4059	4	Picture	FF	813296	0	1	43100	2	0	43200
S018_MINIONCE_4059	4	Response	52	829177	15881	1
S018_MINIONCE_4059	4	Pulse	99	838369	25073	NA
S018_MINIONCE_4059	4	Port Input	1	838369	25073	NA
S018_MINIONCE_4059	4	Picture	3_T_FFTRIAD_FF_botella_red.png	856396	43100	1	1900	2	43200	1800
S018_MINIONCE_4059	5	Picture	FF	858596	0	1	43100	2	0	43200
S018_MINIONCE_4059	5	Response	52	869131	10535	1
S018_MINIONCE_4059	5	Pulse	99	874370	15774	NA
S018_MINIONCE_4059	5	Port Input	1	874370	15774	NA
S018_MINIONCE_4059	5	Picture	4_T_FFTRIAD_FF_pilas_red.png	901696	43100	1	1900	2	43200	1800
S018_MINIONCE_4059	6	Picture	FF	903896	0	1	43200	2	0	43200
S018_MINIONCE_4059	6	Pulse	99	910371	6475	NA
S018_MINIONCE_4059	6	Port Input	1	910371	6475	NA
S018_MINIONCE_4059	6	Response	52	914947	11051	1
S018_MINIONCE_4059	6	Pulse	99	946372	42476	NA
S018_MINIONCE_4059	6	Port Input	1	946372	42476	NA
S018_MINIONCE_4059	6	Picture	5_T_FFTRIAD_FF_anillo_red.png	947096	43200	1	1900	2	43200	1800
S018_MINIONCE_4059	7	Picture	FF	949196	0	1	43200	2	0	43200
S018_MINIONCE_4059	7	Response	51	964227	15031	3
S018_MINIONCE_4059	7	Pulse	99	982373	33177	NA
S018_MINIONCE_4059	7	Port Input	1	982373	33177	NA
S018_MINIONCE_4059	7	Picture	6_T_FFTRIAD_FF_arbol_red.png	992396	43200	1	1900	2	43200	1800
S018_MINIONCE_4059	8	Picture	PW	994496	0	1	43200	2	0	43200
S018_MINIONCE_4059	8	Response	52	1015152	20656	1
S018_MINIONCE_4059	8	Pulse	99	1018374	23878	NA
S018_MINIONCE_4059	8	Port Input	1	1018374	23878	NA
S018_MINIONCE_4059	8	Picture	7_T_PWTRIAD_PW_bala_red.png	1037696	43200	1	1900	2	43200	1800
S018_MINIONCE_4059	9	Picture	PW	1039795	0	2	43200	3	0	43200
S018_MINIONCE_4059	9	Pulse	99	1054375	14580	NA
S018_MINIONCE_4059	9	Port Input	1	1054375	14580	NA
S018_MINIONCE_4059	9	Response	51	1065164	25369	1
S018_MINIONCE_4059	9	Picture	8_T_PWTRIAD_PW_cortina_red.png	1082995	43200	1	1900	2	43200	1800
S018_MINIONCE_4059	10	Picture	PW	1085295	0	2	43100	3	0	43200
S018_MINIONCE_4059	10	Pulse	99	1090376	5081	NA
S018_MINIONCE_4059	10	Port Input	1	1090376	5081	NA
S018_MINIONCE_4059	10	Response	52	1108387	23092	1
S018_MINIONCE_4059	10	Pulse	99	1126377	41082	NA
S018_MINIONCE_4059	10	Port Input	1	1126377	41082	NA
S018_MINIONCE_4059	10	Picture	9_T_PWTRIAD_PW_grifo_red.png	1128395	43100	1	1900	2	43200	1800
S018_MINIONCE_4059	11	Picture	PW	1130495	0	1	43200	2	0	43200
S018_MINIONCE_4059	11	Response	51	1148712	18217	1
S018_MINIONCE_4059	11	Pulse	99	1162379	31884	NA
S018_MINIONCE_4059	11	Port Input	1	1162379	31884	NA
S018_MINIONCE_4059	11	Picture	10_T_PWTRIAD_PW_gafas_red.png	1173695	43200	1	1900	2	43200	1800
S018_MINIONCE_4059	12	Picture	rest	1175695	0	1	144100	2	0	144000
S018_MINIONCE_4059	12	Pulse	99	1198380	22685	NA
S018_MINIONCE_4059	12	Port Input	1	1198380	22685	NA
S018_MINIONCE_4059	12	Pulse	99	1234381	58686	NA
S018_MINIONCE_4059	12	Port Input	1	1234381	58686	NA
S018_MINIONCE_4059	12	Pulse	99	1270382	94687	NA
S018_MINIONCE_4059	12	Port Input	1	1270382	94687	NA
S018_MINIONCE_4059	12	Pulse	99	1306383	130688	NA
S018_MINIONCE_4059	12	Port Input	1	1306383	130688	NA
S018_MINIONCE_4059	13	Picture	endrest	1319894	0	2	10100	4	0	10000
S018_MINIONCE_4059	14	Picture	FF	1330395	0	1	43099	2	0	43200
S018_MINIONCE_4059	14	Pulse	99	1342384	11989	NA
S018_MINIONCE_4059	14	Port Input	1	1342384	11989	NA
S018_MINIONCE_4059	14	Response	51	1347417	17022	1
S018_MINIONCE_4059	14	Picture	13_T_FFTRIAD_FF_oruga_red.png	1373494	43099	1	1900	2	43200	1800
S018_MINIONCE_4059	15	Picture	FF	1375594	0	1	43200	2	0	43200
S018_MINIONCE_4059	15	Pulse	99	1378385	2791	NA
S018_MINIONCE_4059	15	Port Input	1	1378385	2791	NA
S018_MINIONCE_4059	15	Response	51	1389260	13666	1
S018_MINIONCE_4059	15	Pulse	99	1414386	38792	NA
S018_MINIONCE_4059	15	Port Input	1	1414386	38792	NA
S018_MINIONCE_4059	15	Picture	14_T_FFTRIAD_FF_teclado_red.png	1418794	43200	1	1900	2	43200	1800
S018_MINIONCE_4059	16	Picture	FF	1420894	0	1	43200	2	0	43200
S018_MINIONCE_4059	16	Response	52	1431780	10886	1
S018_MINIONCE_4059	16	Pulse	99	1450387	29493	NA
S018_MINIONCE_4059	16	Port Input	1	1450387	29493	NA
S018_MINIONCE_4059	16	Picture	15_T_FFTRIAD_FF_cinturon_red.png	1464094	43200	1	1900	2	43200	1800
S018_MINIONCE_4059	17	Picture	FF	1466194	0	1	43200	2	0	43200
S018_MINIONCE_4059	17	Response	52	1481374	15180	1
S018_MINIONCE_4059	17	Pulse	99	1486388	20194	NA
S018_MINIONCE_4059	17	Port Input	1	1486388	20194	NA
S018_MINIONCE_4059	17	Picture	16_T_FFTRIAD_FF_sobre_red.png	1509394	43200	1	1900	2	43200	1800
S018_MINIONCE_4059	18	Picture	PW	1511494	0	1	43200	2	0	43200
S018_MINIONCE_4059	18	Pulse	99	1522389	10895	NA
S018_MINIONCE_4059	18	Port Input	1	1522389	10895	NA
S018_MINIONCE_4059	18	Response	51	1533158	21664	1
S018_MINIONCE_4059	18	Picture	17_T_PWTRIAD_PW_charco_red.png	1554694	43200	1	1900	2	43200	1800
S018_MINIONCE_4059	19	Picture	PW	1556794	0	1	43199	3	0	43200
S018_MINIONCE_4059	19	Pulse	99	1558390	1596	NA
S018_MINIONCE_4059	19	Port Input	1	1558390	1596	NA
S018_MINIONCE_4059	19	Pulse	99	1594391	37597	NA
S018_MINIONCE_4059	19	Port Input	1	1594391	37597	NA
S018_MINIONCE_4059	19	Picture	18_T_PWTRIAD_PW_pluma_red.png	1599993	43199	2	1900	4	43200	1800
S018_MINIONCE_4059	19	Response	51	1600109	43315	1
S018_MINIONCE_4059	20	Picture	PW	1602093	0	2	43200	4	0	43200
S018_MINIONCE_4059	20	Response	51	1624888	22795	1
S018_MINIONCE_4059	20	Pulse	99	1630392	28299	NA
S018_MINIONCE_4059	20	Port Input	1	1630392	28299	NA
S018_MINIONCE_4059	20	Picture	19_T_PWTRIAD_PW_telefono_red.png	1645293	43200	2	1900	3	43200	1800
S018_MINIONCE_4059	21	Picture	PW	1647393	0	2	43200	3	0	43200
S018_MINIONCE_4059	21	Pulse	99	1666393	19000	NA
S018_MINIONCE_4059	21	Port Input	1	1666393	19000	NA
S018_MINIONCE_4059	21	Response	52	1669172	21779	1
S018_MINIONCE_4059	21	Picture	20_T_PWTRIAD_PW_dedal_red.png	1690593	43200	1	1900	2	43200	1800
S018_MINIONCE_4059	22	Picture	rest	1692593	0	1	144064	42	0	144000
S018_MINIONCE_4059	22	Pulse	99	1702395	9802	NA
S018_MINIONCE_4059	22	Port Input	1	1702395	9802	NA
S018_MINIONCE_4059	22	Pulse	99	1738396	45803	NA
S018_MINIONCE_4059	22	Port Input	1	1738396	45803	NA
S018_MINIONCE_4059	22	Pulse	99	1774397	81804	NA
S018_MINIONCE_4059	22	Port Input	1	1774397	81804	NA
S018_MINIONCE_4059	22	Pulse	99	1810398	117805	NA
S018_MINIONCE_4059	22	Port Input	1	1810398	117805	NA
S018_MINIONCE_4059	23	Picture	endrest	1836793	0	1	10100	2	0	10000
S018_MINIONCE_4059	23	Pulse	99	1846399	9606	NA
S018_MINIONCE_4059	23	Port Input	1	1846399	9606	NA
S018_MINIONCE_4059	24	Picture	FF	1847093	0	1	43200	2	0	43200
S018_MINIONCE_4059	24	Response	52	1865057	17964	2
S018_MINIONCE_4059	24	Pulse	99	1882400	35307	NA
S018_MINIONCE_4059	24	Port Input	1	1882400	35307	NA
S018_MINIONCE_4059	24	Picture	23_T_FFTRIAD_FF_esquimal_red.png	1890293	43200	1	1900	2	43200	1800
S018_MINIONCE_4059	25	Picture	FF	1892393	0	1	43199	3	0	43200
S018_MINIONCE_4059	25	Response	51	1913060	20667	1
S018_MINIONCE_4059	25	Pulse	99	1918401	26008	NA
S018_MINIONCE_4059	25	Port Input	1	1918401	26008	NA
S018_MINIONCE_4059	25	Picture	24_T_FFTRIAD_FF_bellota_red.png	1935592	43199	2	1900	3	43200	1800
S018_MINIONCE_4059	26	Picture	FF	1937692	0	2	43200	3	0	43200
S018_MINIONCE_4059	26	Response	51	1948117	10425	1
S018_MINIONCE_4059	26	Pulse	99	1954402	16710	NA
S018_MINIONCE_4059	26	Port Input	1	1954402	16710	NA
S018_MINIONCE_4059	26	Picture	25_T_FFTRIAD_FF_grapadora_red.png	1980892	43200	1	1900	2	43200	1800
S018_MINIONCE_4059	27	Picture	FF	1982992	0	1	43200	2	0	43200
S018_MINIONCE_4059	27	Pulse	99	1990403	7411	NA
S018_MINIONCE_4059	27	Port Input	1	1990403	7411	NA
S018_MINIONCE_4059	27	Response	52	1998372	15380	1
S018_MINIONCE_4059	27	Picture	26_T_FFTRIAD_FF_lana_red.png	2026192	43200	1	1900	2	43200	1800
S018_MINIONCE_4059	27	Pulse	99	2026404	43412	NA
S018_MINIONCE_4059	27	Port Input	1	2026404	43412	NA
S018_MINIONCE_4059	28	Picture	PW	2028292	0	1	43200	2	0	43200
S018_MINIONCE_4059	28	Response	51	2053668	25376	1
S018_MINIONCE_4059	28	Pulse	99	2062405	34113	NA
S018_MINIONCE_4059	28	Port Input	1	2062405	34113	NA
S018_MINIONCE_4059	28	Picture	27_T_PWTRIAD_PW_violin_red.png	2071492	43200	1	1900	2	43200	1800
S018_MINIONCE_4059	29	Picture	PW	2073592	0	1	43200	2	0	43200
S018_MINIONCE_4059	29	Pulse	99	2098406	24814	NA
S018_MINIONCE_4059	29	Port Input	1	2098406	24814	NA
S018_MINIONCE_4059	29	Response	52	2104528	30936	1
S018_MINIONCE_4059	29	Picture	28_T_PWTRIAD_PW_leche_red.png	2116792	43200	1	1900	2	43200	1800
S018_MINIONCE_4059	30	Picture	PW	2118892	0	1	43200	2	0	43200
S018_MINIONCE_4059	30	Pulse	99	2134407	15515	NA
S018_MINIONCE_4059	30	Port Input	1	2134407	15515	NA
S018_MINIONCE_4059	30	Response	52	2143582	24690	2
S018_MINIONCE_4059	30	Picture	29_T_PWTRIAD_PW_television_red.png	2162092	43200	1	1900	2	43200	1800
S018_MINIONCE_4059	31	Picture	PW	2164192	0	1	43175	43	0	43200
S018_MINIONCE_4059	31	Pulse	99	2170409	6217	NA
S018_MINIONCE_4059	31	Port Input	1	2170409	6217	NA
S018_MINIONCE_4059	31	Response	52	2189521	25329	1
S018_MINIONCE_4059	31	Pulse	99	2206410	42218	NA
S018_MINIONCE_4059	31	Port Input	1	2206410	42218	NA
S018_MINIONCE_4059	31	Picture	30_T_PWTRIAD_PW_novia_red.png	2207367	43175	42	1824	43	43200	1800
S018_MINIONCE_4059	32	Picture	rest	2209291	0	2	144100	3	0	144000
S018_MINIONCE_4059	32	Pulse	99	2242411	33120	NA
S018_MINIONCE_4059	32	Port Input	1	2242411	33120	NA
S018_MINIONCE_4059	32	Pulse	99	2278412	69121	NA
S018_MINIONCE_4059	32	Port Input	1	2278412	69121	NA
S018_MINIONCE_4059	32	Pulse	99	2314413	105122	NA
S018_MINIONCE_4059	32	Port Input	1	2314413	105122	NA
S018_MINIONCE_4059	32	Pulse	99	2350414	141123	NA
S018_MINIONCE_4059	32	Port Input	1	2350414	141123	NA
S018_MINIONCE_4059	33	Picture	endrest	2353491	0	1	10100	2	0	10000
S018_MINIONCE_4059	34	Picture	RW	2363791	0	1	43200	2	0	43200
S018_MINIONCE_4059	34	Response	52	2383799	20008	1
S018_MINIONCE_4059	34	Pulse	99	2386415	22624	NA
S018_MINIONCE_4059	34	Port Input	1	2386415	22624	NA
S018_MINIONCE_4059	34	Picture	33_T_RWTRIAD_RW_esquimal_red.png	2406991	43200	1	1900	2	43200	1800
S018_MINIONCE_4059	35	Picture	RW	2409091	0	1	43200	2	0	43200
S018_MINIONCE_4059	35	Pulse	99	2422416	13325	NA
S018_MINIONCE_4059	35	Port Input	1	2422416	13325	NA
S018_MINIONCE_4059	35	Response	52	2431592	22501	1
S018_MINIONCE_4059	35	Picture	34_T_RWTRIAD_RW_llave_red.png	2452291	43200	1	1900	2	43200	1800
S018_MINIONCE_4059	36	Picture	RW	2454591	0	1	43099	2	0	43200
S018_MINIONCE_4059	36	Pulse	99	2458417	3826	NA
S018_MINIONCE_4059	36	Port Input	1	2458417	3826	NA
S018_MINIONCE_4059	36	Response	52	2470435	15844	5
S018_MINIONCE_4059	36	Pulse	99	2494418	39827	NA
S018_MINIONCE_4059	36	Port Input	1	2494418	39827	NA
S018_MINIONCE_4059	36	Picture	35_T_RWTRIAD_RW_gafas_red.png	2497690	43099	1	1900	2	43200	1800
S018_MINIONCE_4059	37	Picture	RW	2499790	0	1	43200	2	0	43200
S018_MINIONCE_4059	37	Response	51	2511573	11783	1
S018_MINIONCE_4059	37	Pulse	99	2530419	30629	NA
S018_MINIONCE_4059	37	Port Input	1	2530419	30629	NA
S018_MINIONCE_4059	37	Picture	36_T_RWTRIAD_RW_grifo_red.png	2542990	43200	1	1900	2	43200	1800
S018_MINIONCE_4059	38	Picture	FF	2545090	0	1	43200	2	0	43200
S018_MINIONCE_4059	38	Response	51	2554844	9754	1
S018_MINIONCE_4059	38	Pulse	99	2566420	21330	NA
S018_MINIONCE_4059	38	Port Input	1	2566420	21330	NA
S018_MINIONCE_4059	38	Picture	37_T_FFTRIAD_FF_martillo_red.png	2588290	43200	1	1900	2	43200	1800
S018_MINIONCE_4059	39	Picture	FF	2590390	0	1	43200	2	0	43200
S018_MINIONCE_4059	39	Pulse	99	2602421	12031	NA
S018_MINIONCE_4059	39	Port Input	1	2602421	12031	NA
S018_MINIONCE_4059	39	Response	51	2613292	22902	1
S018_MINIONCE_4059	39	Picture	38_T_FFTRIAD_FF_granjero_red.png	2633590	43200	1	1900	2	43200	1800
S018_MINIONCE_4059	40	Picture	FF	2635690	0	1	43200	2	0	43200
S018_MINIONCE_4059	40	Pulse	99	2638422	2732	NA
S018_MINIONCE_4059	40	Port Input	1	2638422	2732	NA
S018_MINIONCE_4059	40	Response	51	2654633	18943	1
S018_MINIONCE_4059	40	Pulse	99	2674424	38734	NA
S018_MINIONCE_4059	40	Port Input	1	2674424	38734	NA
S018_MINIONCE_4059	40	Picture	39_T_FFTRIAD_FF_policia_red.png	2678890	43200	1	1900	2	43200	1800
S018_MINIONCE_4059	41	Picture	FF	2680990	0	1	43200	2	0	43200
S018_MINIONCE_4059	41	Response	52	2692246	11256	1
S018_MINIONCE_4059	41	Pulse	99	2710425	29435	NA
S018_MINIONCE_4059	41	Port Input	1	2710425	29435	NA
S018_MINIONCE_4059	41	Picture	40_T_FFTRIAD_FF_almohada_red.png	2724190	43200	1	1900	2	43200	1800
S018_MINIONCE_4059	42	Picture	rest	2726190	0	1	144099	2	0	144000
S018_MINIONCE_4059	42	Pulse	99	2746426	20236	NA
S018_MINIONCE_4059	42	Port Input	1	2746426	20236	NA
S018_MINIONCE_4059	42	Pulse	99	2782427	56237	NA
S018_MINIONCE_4059	42	Port Input	1	2782427	56237	NA
S018_MINIONCE_4059	42	Pulse	99	2818428	92238	NA
S018_MINIONCE_4059	42	Port Input	1	2818428	92238	NA
S018_MINIONCE_4059	42	Pulse	99	2854429	128239	NA
S018_MINIONCE_4059	42	Port Input	1	2854429	128239	NA
S018_MINIONCE_4059	43	Picture	endrest	2870389	0	1	10100	2	0	10000
S018_MINIONCE_4059	44	Picture	RW	2880689	0	1	43200	2	0	43200
S018_MINIONCE_4059	44	Pulse	99	2890430	9741	NA
S018_MINIONCE_4059	44	Port Input	1	2890430	9741	NA
S018_MINIONCE_4059	44	Response	51	2920299	39610	1
S018_MINIONCE_4059	44	Picture	43_T_RWTRIAD_RW_estetoscopio_red.png	2923889	43200	1	1900	2	43200	1800
S018_MINIONCE_4059	45	Picture	RW	2925989	0	1	43200	2	0	43200
S018_MINIONCE_4059	45	Pulse	99	2926431	442	NA
S018_MINIONCE_4059	45	Port Input	1	2926431	442	NA
S018_MINIONCE_4059	45	Pulse	99	2962432	36443	NA
S018_MINIONCE_4059	45	Port Input	1	2962432	36443	NA
S018_MINIONCE_4059	45	Response	52	2967868	41879	1
S018_MINIONCE_4059	45	Picture	44_T_RWTRIAD_RW_monja_red.png	2969189	43200	1	1900	2	43200	1800
S018_MINIONCE_4059	46	Picture	RW	2971289	0	1	43200	2	0	43200
S018_MINIONCE_4059	46	Pulse	99	2998433	27144	NA
S018_MINIONCE_4059	46	Port Input	1	2998433	27144	NA
S018_MINIONCE_4059	46	Response	52	3003128	31839	1
S018_MINIONCE_4059	46	Picture	45_T_RWTRIAD_RW_molino_red.png	3014489	43200	1	1900	2	43200	1800
S018_MINIONCE_4059	47	Picture	RW	3016789	0	1	43199	3	0	43200
S018_MINIONCE_4059	47	Pulse	99	3034434	17645	NA
S018_MINIONCE_4059	47	Port Input	1	3034434	17645	NA
S018_MINIONCE_4059	47	Response	52	3037881	21092	1
S018_MINIONCE_4059	47	Picture	46_T_RWTRIAD_RW_sombrilla_red.png	3059988	43199	2	1900	3	43200	1800
S018_MINIONCE_4059	48	Picture	FF	3062088	0	1	43200	2	0	43200
S018_MINIONCE_4059	48	Pulse	99	3070435	8347	NA
S018_MINIONCE_4059	48	Port Input	1	3070435	8347	NA
S018_MINIONCE_4059	48	Response	52	3076453	14365	1
S018_MINIONCE_4059	48	Picture	47_T_FFTRIAD_FF_queso_red.png	3105288	43200	1	1900	2	43200	1800
S018_MINIONCE_4059	48	Pulse	99	3106436	44348	NA
S018_MINIONCE_4059	48	Port Input	1	3106436	44348	NA
S018_MINIONCE_4059	49	Picture	FF	3107388	0	1	43200	2	0	43200
S018_MINIONCE_4059	49	Response	51	3126032	18644	1
S018_MINIONCE_4059	49	Pulse	99	3142437	35049	NA
S018_MINIONCE_4059	49	Port Input	1	3142437	35049	NA
S018_MINIONCE_4059	49	Picture	48_T_FFTRIAD_FF_paracaidas_red.png	3150588	43200	1	1900	2	43200	1800
S018_MINIONCE_4059	50	Picture	FF	3152888	0	1	43200	2	0	43200
S018_MINIONCE_4059	50	Response	51	3175655	22767	1
S018_MINIONCE_4059	50	Pulse	99	3178438	25550	NA
S018_MINIONCE_4059	50	Port Input	1	3178438	25550	NA
S018_MINIONCE_4059	50	Picture	49_T_FFTRIAD_FF_ascensor_red.png	3196088	43200	1	1900	2	43200	1800
S018_MINIONCE_4059	51	Picture	FF	3198188	0	1	43200	2	0	43200
S018_MINIONCE_4059	51	Pulse	99	3214440	16252	NA
S018_MINIONCE_4059	51	Port Input	1	3214440	16252	NA
S018_MINIONCE_4059	51	Response	51	3219606	21418	1
S018_MINIONCE_4059	51	Picture	50_T_FFTRIAD_FF_lechuga_red.png	3241388	43200	1	1900	2	43200	1800
S018_MINIONCE_4059	52	Picture	rest	3243388	0	1	144099	2	0	144000
S018_MINIONCE_4059	52	Pulse	99	3250441	7053	NA
S018_MINIONCE_4059	52	Port Input	1	3250441	7053	NA
S018_MINIONCE_4059	52	Pulse	99	3286442	43054	NA
S018_MINIONCE_4059	52	Port Input	1	3286442	43054	NA
S018_MINIONCE_4059	52	Pulse	99	3322443	79055	NA
S018_MINIONCE_4059	52	Port Input	1	3322443	79055	NA
S018_MINIONCE_4059	52	Pulse	99	3358444	115056	NA
S018_MINIONCE_4059	52	Port Input	1	3358444	115056	NA
S018_MINIONCE_4059	53	Picture	endrest	3387587	0	1	10100	2	0	10000
S018_MINIONCE_4059	53	Pulse	99	3394445	6858	NA
S018_MINIONCE_4059	53	Port Input	1	3394445	6858	NA
S018_MINIONCE_4059	54	Picture	PW	3397887	0	1	43200	2	0	43200
S018_MINIONCE_4059	54	Response	51	3413489	15602	2
S018_MINIONCE_4059	54	Pulse	99	3430446	32559	NA
S018_MINIONCE_4059	54	Port Input	1	3430446	32559	NA
S018_MINIONCE_4059	54	Picture	53_T_PWTRIAD_PW_futbol_red.png	3441087	43200	1	1900	2	43200	1800
S018_MINIONCE_4059	55	Picture	PW	3443187	0	1	43200	2	0	43200
S018_MINIONCE_4059	55	Response	52	3460146	16959	1
S018_MINIONCE_4059	55	Pulse	99	3466447	23260	NA
S018_MINIONCE_4059	55	Port Input	1	3466447	23260	NA
S018_MINIONCE_4059	55	Picture	54_T_PWTRIAD_PW_cinturon_red.png	3486387	43200	1	1900	2	43200	1800
S018_MINIONCE_4059	56	Picture	PW	3488487	0	1	43200	2	0	43200
S018_MINIONCE_4059	56	Pulse	99	3502448	13961	NA
S018_MINIONCE_4059	56	Port Input	1	3502448	13961	NA
S018_MINIONCE_4059	56	Response	51	3511010	22523	2
S018_MINIONCE_4059	56	Picture	55_T_PWTRIAD_PW_arbol_red.png	3531687	43200	1	1900	2	43200	1800
S018_MINIONCE_4059	57	Picture	PW	3533787	0	1	43200	2	0	43200
S018_MINIONCE_4059	57	Pulse	99	3538449	4662	NA
S018_MINIONCE_4059	57	Port Input	1	3538449	4662	NA
S018_MINIONCE_4059	57	Response	51	3566024	32237	1
S018_MINIONCE_4059	57	Pulse	99	3574450	40663	NA
S018_MINIONCE_4059	57	Port Input	1	3574450	40663	NA
S018_MINIONCE_4059	57	Picture	56_T_PWTRIAD_PW_destornillador_red.png	3576987	43200	1	1900	2	43200	1800
S018_MINIONCE_4059	58	Picture	RW	3579087	0	1	43199	2	0	43200
S018_MINIONCE_4059	58	Response	52	3596933	17846	1
S018_MINIONCE_4059	58	Pulse	99	3610451	31364	NA
S018_MINIONCE_4059	58	Port Input	1	3610451	31364	NA
S018_MINIONCE_4059	58	Picture	57_T_RWTRIAD_RW_leche_red.png	3622286	43199	1	1900	2	43200	1800
S018_MINIONCE_4059	59	Picture	RW	3624486	0	1	43100	2	0	43200
S018_MINIONCE_4059	59	Response	51	3646191	21705	1
S018_MINIONCE_4059	59	Pulse	99	3646452	21966	NA
S018_MINIONCE_4059	59	Port Input	1	3646452	21966	NA
S018_MINIONCE_4059	59	Picture	58_T_RWTRIAD_RW_banera_red.png	3667586	43100	1	1900	2	43200	1800
S018_MINIONCE_4059	60	Picture	RW	3669686	0	1	43200	2	0	43200
S018_MINIONCE_4059	60	Pulse	99	3682453	12767	NA
S018_MINIONCE_4059	60	Port Input	1	3682453	12767	NA
S018_MINIONCE_4059	60	Response	52	3702074	32388	1
S018_MINIONCE_4059	60	Picture	59_T_RWTRIAD_RW_cortina_red.png	3712886	43200	1	1900	2	43200	1800
S018_MINIONCE_4059	61	Picture	RW	3714986	0	1	43200	2	0	43200
S018_MINIONCE_4059	61	Pulse	99	3718455	3469	NA
S018_MINIONCE_4059	61	Port Input	1	3718455	3469	NA
S018_MINIONCE_4059	61	Response	52	3741590	26604	1
S018_MINIONCE_4059	61	Pulse	99	3754456	39470	NA
S018_MINIONCE_4059	61	Port Input	1	3754456	39470	NA
S018_MINIONCE_4059	61	Picture	60_T_RWTRIAD_RW_murcielago_red.png	3758186	43200	1	1900	2	43200	1800
S018_MINIONCE_4059	62	Picture	rest	3760186	0	1	144099	2	0	144000
S018_MINIONCE_4059	62	Pulse	99	3790457	30271	NA
S018_MINIONCE_4059	62	Port Input	1	3790457	30271	NA
S018_MINIONCE_4059	62	Pulse	99	3826458	66272	NA
S018_MINIONCE_4059	62	Port Input	1	3826458	66272	NA
S018_MINIONCE_4059	62	Pulse	99	3862459	102273	NA
S018_MINIONCE_4059	62	Port Input	1	3862459	102273	NA
S018_MINIONCE_4059	62	Pulse	99	3898460	138274	NA
S018_MINIONCE_4059	62	Port Input	1	3898460	138274	NA
S018_MINIONCE_4059	63	Picture	endrest	3904385	0	1	10100	2	0	10000
S018_MINIONCE_4059	64	Picture	PW	3914785	0	1	43200	2	0	43200
S018_MINIONCE_4059	64	Pulse	99	3934461	19676	NA
S018_MINIONCE_4059	64	Port Input	1	3934461	19676	NA
S018_MINIONCE_4059	64	Response	52	3945499	30714	1
S018_MINIONCE_4059	64	Picture	63_T_PWTRIAD_PW_botella_red.png	3957985	43200	1	1900	2	43200	1800
S018_MINIONCE_4059	65	Picture	PW	3960085	0	1	43200	2	0	43200
S018_MINIONCE_4059	65	Pulse	99	3970462	10377	NA
S018_MINIONCE_4059	65	Port Input	1	3970462	10377	NA
S018_MINIONCE_4059	65	Response	51	3987304	27219	1
S018_MINIONCE_4059	65	Picture	64_T_PWTRIAD_PW_paraguas_red.png	4003285	43200	1	1900	2	43200	1800
S018_MINIONCE_4059	66	Picture	PW	4005385	0	1	43200	2	0	43200
S018_MINIONCE_4059	66	Pulse	99	4006463	1078	NA
S018_MINIONCE_4059	66	Port Input	1	4006463	1078	NA
S018_MINIONCE_4059	66	Response	51	4024492	19107	1
S018_MINIONCE_4059	66	Pulse	99	4042464	37079	NA
S018_MINIONCE_4059	66	Port Input	1	4042464	37079	NA
S018_MINIONCE_4059	66	Picture	65_T_PWTRIAD_PW_pincel_red.png	4048585	43200	1	1900	2	43200	1800
S018_MINIONCE_4059	67	Picture	PW	4050885	0	1	43200	2	0	43200
S018_MINIONCE_4059	67	Response	52	4068757	17872	1
S018_MINIONCE_4059	67	Pulse	99	4078465	27580	NA
S018_MINIONCE_4059	67	Port Input	1	4078465	27580	NA
S018_MINIONCE_4059	67	Picture	66_T_PWTRIAD_PW_lechuga_red.png	4094085	43200	1	1900	2	43200	1800
S018_MINIONCE_4059	68	Picture	FF	4096185	0	1	43199	3	0	43200
S018_MINIONCE_4059	68	Response	51	4112174	15989	2
S018_MINIONCE_4059	68	Pulse	99	4114466	18281	NA
S018_MINIONCE_4059	68	Port Input	1	4114466	18281	NA
S018_MINIONCE_4059	68	Picture	67_T_FFTRIAD_FF_pluma_red.png	4139384	43199	2	1900	4	43200	1800
S018_MINIONCE_4059	69	Picture	FF	4141484	0	2	43200	3	0	43200
S018_MINIONCE_4059	69	Pulse	99	4150467	8983	NA
S018_MINIONCE_4059	69	Port Input	1	4150467	8983	NA
S018_MINIONCE_4059	69	Response	52	4153767	12283	1
S018_MINIONCE_4059	69	Picture	68_T_FFTRIAD_FF_manos_red.png	4184684	43200	1	1900	2	43200	1800
S018_MINIONCE_4059	69	Pulse	99	4186468	44984	NA
S018_MINIONCE_4059	69	Port Input	1	4186468	44984	NA
S018_MINIONCE_4059	70	Picture	FF	4186784	0	1	43200	2	0	43200
S018_MINIONCE_4059	70	Response	51	4200302	13518	1
S018_MINIONCE_4059	70	Pulse	99	4222469	35685	NA
S018_MINIONCE_4059	70	Port Input	1	4222469	35685	NA
S018_MINIONCE_4059	70	Picture	69_T_FFTRIAD_FF_pizarra_red.png	4229984	43200	1	1900	2	43200	1800
S018_MINIONCE_4059	71	Picture	FF	4232084	0	1	43200	2	0	43200
S018_MINIONCE_4059	71	Response	51	4245282	13198	1
S018_MINIONCE_4059	71	Pulse	99	4258471	26387	NA
S018_MINIONCE_4059	71	Port Input	1	4258471	26387	NA
S018_MINIONCE_4059	71	Picture	70_T_FFTRIAD_FF_television_red.png	4275284	43200	1	1900	2	43200	1800
S018_MINIONCE_4059	72	Picture	rest	4277284	0	1	144099	3	0	144000
S018_MINIONCE_4059	72	Pulse	99	4294472	17188	NA
S018_MINIONCE_4059	72	Port Input	1	4294472	17188	NA
S018_MINIONCE_4059	72	Pulse	99	4330473	53189	NA
S018_MINIONCE_4059	72	Port Input	1	4330473	53189	NA
S018_MINIONCE_4059	72	Pulse	99	4366474	89190	NA
S018_MINIONCE_4059	72	Port Input	1	4366474	89190	NA
S018_MINIONCE_4059	72	Pulse	99	4402475	125191	NA
S018_MINIONCE_4059	72	Port Input	1	4402475	125191	NA
S018_MINIONCE_4059	73	Picture	endrest	4421483	0	2	10100	4	0	10000
S018_MINIONCE_4059	74	Picture	PW	4431783	0	2	43200	3	0	43200
S018_MINIONCE_4059	74	Pulse	99	4438476	6693	NA
S018_MINIONCE_4059	74	Port Input	1	4438476	6693	NA
S018_MINIONCE_4059	74	Response	52	4454968	23185	1
S018_MINIONCE_4059	74	Pulse	99	4474477	42694	NA
S018_MINIONCE_4059	74	Port Input	1	4474477	42694	NA
S018_MINIONCE_4059	74	Picture	73_T_PWTRIAD_PW_telarana_red.png	4474983	43200	1	1900	2	43200	1800
S018_MINIONCE_4059	75	Picture	PW	4477283	0	2	43100	3	0	43200
S018_MINIONCE_4059	75	Response	51	4493576	16293	1
S018_MINIONCE_4059	75	Pulse	99	4510478	33195	NA
S018_MINIONCE_4059	75	Port Input	1	4510478	33195	NA
S018_MINIONCE_4059	75	Picture	74_T_PWTRIAD_PW_cuento_red.png	4520383	43100	1	1900	2	43200	1800
S018_MINIONCE_4059	76	Picture	PW	4522483	0	1	43200	2	0	43200
S018_MINIONCE_4059	76	Response	52	4535280	12797	1
S018_MINIONCE_4059	76	Pulse	99	4546479	23996	NA
S018_MINIONCE_4059	76	Port Input	1	4546479	23996	NA
S018_MINIONCE_4059	76	Picture	75_T_PWTRIAD_PW_pizarra_red.png	4565683	43200	1	1900	2	43200	1800
S018_MINIONCE_4059	77	Picture	PW	4567783	0	1	43200	2	0	43200
S018_MINIONCE_4059	77	Pulse	99	4582480	14697	NA
S018_MINIONCE_4059	77	Port Input	1	4582480	14697	NA
S018_MINIONCE_4059	77	Response	52	4586644	18861	1
S018_MINIONCE_4059	77	Picture	76_T_PWTRIAD_PW_llave_red.png	4610983	43200	1	1900	2	43200	1800
S018_MINIONCE_4059	78	Picture	RW	4613083	0	1	43200	2	0	43200
S018_MINIONCE_4059	78	Pulse	99	4618481	5398	NA
S018_MINIONCE_4059	78	Port Input	1	4618481	5398	NA
S018_MINIONCE_4059	78	Response	52	4628132	15049	1
S018_MINIONCE_4059	78	Pulse	99	4654482	41399	NA
S018_MINIONCE_4059	78	Port Input	1	4654482	41399	NA
S018_MINIONCE_4059	78	Picture	77_T_RWTRIAD_RW_mono_red.png	4656283	43200	1	1900	2	43200	1800
S018_MINIONCE_4059	79	Picture	RW	4658383	0	1	43199	2	0	43200
S018_MINIONCE_4059	79	Response	52	4673986	15603	1
S018_MINIONCE_4059	79	Pulse	99	4690483	32100	NA
S018_MINIONCE_4059	79	Port Input	1	4690483	32100	NA
S018_MINIONCE_4059	79	Picture	78_T_RWTRIAD_RW_sobre_red.png	4701582	43199	1	1900	3	43200	1800
S018_MINIONCE_4059	80	Picture	RW	4703682	0	1	43200	2	0	43200
S018_MINIONCE_4059	80	Response	51	4722522	18840	1
S018_MINIONCE_4059	80	Pulse	99	4726484	22802	NA
S018_MINIONCE_4059	80	Port Input	1	4726484	22802	NA
S018_MINIONCE_4059	80	Picture	79_T_RWTRIAD_RW_piramide_red.png	4746882	43200	1	1900	2	43200	1800
S018_MINIONCE_4059	81	Picture	RW	4749182	0	1	43100	2	0	43200
S018_MINIONCE_4059	81	Pulse	99	4762486	13304	NA
S018_MINIONCE_4059	81	Port Input	1	4762486	13304	NA
S018_MINIONCE_4059	81	Response	51	4766433	17251	1
S018_MINIONCE_4059	81	Picture	80_T_RWTRIAD_RW_lechuga_red.png	4792282	43100	1	1900	2	43200	1800
S018_MINIONCE_4059	82	Picture	rest	4794282	0	1	144100	2	0	144000
S018_MINIONCE_4059	82	Pulse	99	4798487	4205	NA
S018_MINIONCE_4059	82	Port Input	1	4798487	4205	NA
S018_MINIONCE_4059	82	Pulse	99	4834488	40206	NA
S018_MINIONCE_4059	82	Port Input	1	4834488	40206	NA
S018_MINIONCE_4059	82	Pulse	99	4870489	76207	NA
S018_MINIONCE_4059	82	Port Input	1	4870489	76207	NA
S018_MINIONCE_4059	82	Pulse	99	4906490	112208	NA
S018_MINIONCE_4059	82	Port Input	1	4906490	112208	NA
S018_MINIONCE_4059	83	Picture	endrest	4938481	0	2	10101	3	0	10000
S018_MINIONCE_4059	83	Pulse	99	4942491	4010	NA
S018_MINIONCE_4059	83	Port Input	1	4942491	4010	NA
S018_MINIONCE_4059	84	Picture	FF	4948781	0	2	43200	4	0	43200
S018_MINIONCE_4059	84	Response	51	4963084	14303	1
S018_MINIONCE_4059	84	Pulse	99	4978492	29711	NA
S018_MINIONCE_4059	84	Port Input	1	4978492	29711	NA
S018_MINIONCE_4059	84	Picture	83_T_FFTRIAD_FF_novia_red.png	4991981	43200	2	1900	3	43200	1800
S018_MINIONCE_4059	85	Picture	FF	4994181	0	1	43100	2	0	43200
S018_MINIONCE_4059	85	Response	51	5008815	14634	1
S018_MINIONCE_4059	85	Pulse	99	5014493	20312	NA
S018_MINIONCE_4059	85	Port Input	1	5014493	20312	NA
S018_MINIONCE_4059	85	Picture	84_T_FFTRIAD_FF_gafas_red.png	5037281	43100	1	1900	2	43200	1800
S018_MINIONCE_4059	86	Picture	FF	5039381	0	1	43200	2	0	43200
S018_MINIONCE_4059	86	Pulse	99	5050494	11113	NA
S018_MINIONCE_4059	86	Port Input	1	5050494	11113	NA
S018_MINIONCE_4059	86	Response	51	5065792	26411	1
S018_MINIONCE_4059	86	Picture	85_T_FFTRIAD_FF_violin_red.png	5082581	43200	1	1900	2	43200	1800
S018_MINIONCE_4059	87	Picture	FF	5084681	0	1	43200	2	0	43200
S018_MINIONCE_4059	87	Pulse	99	5086495	1814	NA
S018_MINIONCE_4059	87	Port Input	1	5086495	1814	NA
S018_MINIONCE_4059	87	Response	51	5098452	13771	1
S018_MINIONCE_4059	87	Pulse	99	5122496	37815	NA
S018_MINIONCE_4059	87	Port Input	1	5122496	37815	NA
S018_MINIONCE_4059	87	Picture	86_T_FFTRIAD_FF_estetoscopio_red.png	5127881	43200	1	1900	2	43200	1800
S018_MINIONCE_4059	88	Picture	PW	5130081	0	1	43100	2	0	43200
S018_MINIONCE_4059	88	Response	52	5148870	18789	1
S018_MINIONCE_4059	88	Pulse	99	5158497	28416	NA
S018_MINIONCE_4059	88	Port Input	1	5158497	28416	NA
S018_MINIONCE_4059	88	Picture	87_T_PWTRIAD_PW_tenedor_red.png	5173181	43100	1	1900	2	43200	1800
S018_MINIONCE_4059	89	Picture	PW	5175281	0	1	43199	3	0	43200
S018_MINIONCE_4059	89	Pulse	99	5194498	19217	NA
S018_MINIONCE_4059	89	Port Input	1	5194498	19217	NA
S018_MINIONCE_4059	89	Response	52	5198979	23698	1
S018_MINIONCE_4059	89	Picture	88_T_PWTRIAD_PW_candado_red.png	5218480	43199	2	1901	3	43200	1800
S018_MINIONCE_4059	90	Picture	PW	5220580	0	2	43200	3	0	43200
S018_MINIONCE_4059	90	Pulse	99	5230499	9919	NA
S018_MINIONCE_4059	90	Port Input	1	5230499	9919	NA
S018_MINIONCE_4059	90	Response	51	5235342	14762	1
S018_MINIONCE_4059	90	Picture	89_T_PWTRIAD_PW_plato_red.png	5263780	43200	1	1900	2	43200	1800
S018_MINIONCE_4059	91	Picture	PW	5265880	0	1	43200	2	0	43200
S018_MINIONCE_4059	91	Pulse	99	5266501	621	NA
S018_MINIONCE_4059	91	Port Input	1	5266501	621	NA
S018_MINIONCE_4059	91	Response	52	5283704	17824	1
S018_MINIONCE_4059	91	Pulse	99	5302502	36622	NA
S018_MINIONCE_4059	91	Port Input	1	5302502	36622	NA
S018_MINIONCE_4059	91	Picture	90_T_PWTRIAD_PW_lana_red.png	5309080	43200	1	1900	2	43200	1800
S018_MINIONCE_4059	92	Picture	rest	5311080	0	1	144100	2	0	144000
S018_MINIONCE_4059	92	Pulse	99	5338503	27423	NA
S018_MINIONCE_4059	92	Port Input	1	5338503	27423	NA
S018_MINIONCE_4059	92	Pulse	99	5374504	63424	NA
S018_MINIONCE_4059	92	Port Input	1	5374504	63424	NA
S018_MINIONCE_4059	92	Pulse	99	5410505	99425	NA
S018_MINIONCE_4059	92	Port Input	1	5410505	99425	NA
S018_MINIONCE_4059	92	Pulse	99	5446506	135426	NA
S018_MINIONCE_4059	92	Port Input	1	5446506	135426	NA
S018_MINIONCE_4059	93	Picture	endrest	5455280	0	1	10100	2	0	10000
S018_MINIONCE_4059	94	Picture	RW	5465580	0	1	43199	3	0	43200
S018_MINIONCE_4059	94	Response	52	5481835	16255	1
S018_MINIONCE_4059	94	Pulse	99	5482507	16927	NA
S018_MINIONCE_4059	94	Port Input	1	5482507	16927	NA
S018_MINIONCE_4059	94	Picture	93_T_RWTRIAD_RW_raton_red.png	5508779	43199	2	1900	4	43200	1800
S018_MINIONCE_4059	95	Picture	RW	5510879	0	2	43200	3	0	43200
S018_MINIONCE_4059	95	Pulse	99	5518508	7629	NA
S018_MINIONCE_4059	95	Port Input	1	5518508	7629	NA
S018_MINIONCE_4059	95	Response	51	5532131	21252	2
S018_MINIONCE_4059	95	Picture	94_T_RWTRIAD_RW_dedal_red.png	5554079	43200	1	1900	2	43200	1800
S018_MINIONCE_4059	95	Pulse	99	5554509	43630	NA
S018_MINIONCE_4059	95	Port Input	1	5554509	43630	NA
S018_MINIONCE_4059	96	Picture	RW	5556179	0	1	43200	2	0	43200
S018_MINIONCE_4059	96	Response	51	5582410	26231	1
S018_MINIONCE_4059	96	Pulse	99	5590510	34331	NA
S018_MINIONCE_4059	96	Port Input	1	5590510	34331	NA
S018_MINIONCE_4059	96	Picture	95_T_RWTRIAD_RW_perro_red.png	5599379	43200	1	1900	2	43200	1800
S018_MINIONCE_4059	97	Picture	RW	5601679	0	1	43200	2	0	43200
S018_MINIONCE_4059	97	Response	52	5622636	20957	1
S018_MINIONCE_4059	97	Pulse	99	5626511	24832	NA
S018_MINIONCE_4059	97	Port Input	1	5626511	24832	NA
S018_MINIONCE_4059	97	Picture	96_T_RWTRIAD_RW_paraguas_red.png	5644879	43200	1	1900	2	43200	1800
S018_MINIONCE_4059	98	Picture	FF	5646979	0	1	43200	2	0	43200
S018_MINIONCE_4059	98	Pulse	99	5662512	15533	NA
S018_MINIONCE_4059	98	Port Input	1	5662512	15533	NA
S018_MINIONCE_4059	98	Response	52	5663640	16661	1
S018_MINIONCE_4059	98	Picture	97_T_FFTRIAD_FF_chupete_red.png	5690179	43200	1	1900	2	43200	1800
S018_MINIONCE_4059	99	Picture	FF	5692279	0	1	43200	2	0	43200
S018_MINIONCE_4059	99	Pulse	99	5698513	6234	NA
S018_MINIONCE_4059	99	Port Input	1	5698513	6234	NA
S018_MINIONCE_4059	99	Response	51	5705840	13561	1
S018_MINIONCE_4059	99	Pulse	99	5734514	42235	NA
S018_MINIONCE_4059	99	Port Input	1	5734514	42235	NA
S018_MINIONCE_4059	99	Picture	98_T_FFTRIAD_FF_molino_red.png	5735479	43200	1	1900	2	43200	1800
S018_MINIONCE_4059	100	Picture	FF	5737779	0	1	43099	3	0	43200
S018_MINIONCE_4059	100	Response	51	5748784	11005	1
S018_MINIONCE_4059	100	Pulse	99	5770515	32736	NA
S018_MINIONCE_4059	100	Port Input	1	5770515	32736	NA
S018_MINIONCE_4059	100	Picture	99_T_FFTRIAD_FF_madera_red.png	5780878	43099	2	1900	4	43200	1800
S018_MINIONCE_4059	101	Picture	FF	5783178	0	2	43100	3	0	43200
S018_MINIONCE_4059	101	Response	51	5797293	14115	2
S018_MINIONCE_4059	101	Pulse	99	5806517	23339	NA
S018_MINIONCE_4059	101	Port Input	1	5806517	23339	NA
S018_MINIONCE_4059	101	Picture	100_T_FFTRIAD_FF_banera_red.png	5826278	43100	1	1900	2	43200	1800
S018_MINIONCE_4059	102	Picture	rest	5828278	0	1	144100	2	0	144000
S018_MINIONCE_4059	102	Pulse	99	5842518	14240	NA
S018_MINIONCE_4059	102	Port Input	1	5842518	14240	NA
S018_MINIONCE_4059	102	Pulse	99	5878519	50241	NA
S018_MINIONCE_4059	102	Port Input	1	5878519	50241	NA
S018_MINIONCE_4059	102	Pulse	99	5914520	86242	NA
S018_MINIONCE_4059	102	Port Input	1	5914520	86242	NA
S018_MINIONCE_4059	102	Pulse	99	5950521	122243	NA
S018_MINIONCE_4059	102	Port Input	1	5950521	122243	NA
S018_MINIONCE_4059	103	Picture	endrest	5972478	0	1	10100	2	0	10000
S018_MINIONCE_4059	104	Picture	FF	5982778	0	1	43199	3	0	43200
S018_MINIONCE_4059	104	Pulse	99	5986522	3744	NA
S018_MINIONCE_4059	104	Port Input	1	5986522	3744	NA
S018_MINIONCE_4059	104	Response	52	5999815	17037	1
S018_MINIONCE_4059	104	Pulse	99	6022523	39745	NA
S018_MINIONCE_4059	104	Port Input	1	6022523	39745	NA
S018_MINIONCE_4059	104	Picture	103_T_FFTRIAD_FF_tenedor_red.png	6025977	43199	2	1901	3	43200	1800
S018_MINIONCE_4059	105	Picture	FF	6028078	0	1	43199	2	0	43200
S018_MINIONCE_4059	105	Response	51	6038432	10354	1
S018_MINIONCE_4059	105	Pulse	99	6058524	30446	NA
S018_MINIONCE_4059	105	Port Input	1	6058524	30446	NA
S018_MINIONCE_4059	105	Picture	104_T_FFTRIAD_FF_traje_red.png	6071277	43199	1	1900	2	43200	1800
S018_MINIONCE_4059	106	Picture	FF	6073377	0	1	43200	2	0	43200
S018_MINIONCE_4059	106	Response	51	6088514	15137	1
S018_MINIONCE_4059	106	Pulse	99	6094525	21148	NA
S018_MINIONCE_4059	106	Port Input	1	6094525	21148	NA
S018_MINIONCE_4059	106	Picture	105_T_FFTRIAD_FF_lenador_red.png	6116577	43200	1	1900	2	43200	1800
S018_MINIONCE_4059	107	Picture	FF	6118677	0	1	43200	2	0	43200
S018_MINIONCE_4059	107	Pulse	99	6130526	11849	NA
S018_MINIONCE_4059	107	Port Input	1	6130526	11849	NA
S018_MINIONCE_4059	107	Response	52	6132996	14319	1
S018_MINIONCE_4059	107	Picture	106_T_FFTRIAD_FF_telefono_red.png	6161877	43200	1	1900	2	43200	1800
S018_MINIONCE_4059	108	Picture	RW	6163977	0	1	43200	2	0	43200
S018_MINIONCE_4059	108	Pulse	99	6166527	2550	NA
S018_MINIONCE_4059	108	Port Input	1	6166527	2550	NA
S018_MINIONCE_4059	108	Response	51	6187348	23371	1
S018_MINIONCE_4059	108	Pulse	99	6202528	38551	NA
S018_MINIONCE_4059	108	Port Input	1	6202528	38551	NA
S018_MINIONCE_4059	108	Picture	107_T_RWTRIAD_RW_zanahoria_red.png	6207177	43200	1	1900	2	43200	1800
S018_MINIONCE_4059	109	Picture	RW	6209277	0	1	43200	2	0	43200
S018_MINIONCE_4059	109	Response	51	6226672	17395	2
S018_MINIONCE_4059	109	Pulse	99	6238529	29252	NA
S018_MINIONCE_4059	109	Port Input	1	6238529	29252	NA
S018_MINIONCE_4059	109	Picture	108_T_RWTRIAD_RW_iglu_red.png	6252477	43200	1	1900	2	43200	1800
S018_MINIONCE_4059	110	Picture	RW	6254577	0	1	43199	3	0	43200
S018_MINIONCE_4059	110	Response	52	6274348	19771	1
S018_MINIONCE_4059	110	Pulse	99	6274530	19953	NA
S018_MINIONCE_4059	110	Port Input	1	6274530	19953	NA
S018_MINIONCE_4059	110	Picture	109_T_RWTRIAD_RW_bebe_red.png	6297776	43199	2	1900	4	43200	1800
S018_MINIONCE_4059	111	Picture	RW	6300076	0	2	43100	3	0	43200
S018_MINIONCE_4059	111	Pulse	99	6310531	10455	NA
S018_MINIONCE_4059	111	Port Input	1	6310531	10455	NA
S018_MINIONCE_4059	111	Response	51	6316782	16706	1
S018_MINIONCE_4059	111	Picture	110_T_RWTRIAD_RW_traje_red.png	6343176	43100	1	1900	2	43200	1800
S018_MINIONCE_4059	112	Picture	rest	6345176	0	1	144100	2	0	144000
S018_MINIONCE_4059	112	Pulse	99	6346533	1357	NA
S018_MINIONCE_4059	112	Port Input	1	6346533	1357	NA
S018_MINIONCE_4059	112	Pulse	99	6382534	37358	NA
S018_MINIONCE_4059	112	Port Input	1	6382534	37358	NA
S018_MINIONCE_4059	112	Pulse	99	6418535	73359	NA
S018_MINIONCE_4059	112	Port Input	1	6418535	73359	NA
S018_MINIONCE_4059	112	Pulse	99	6454536	109360	NA
S018_MINIONCE_4059	112	Port Input	1	6454536	109360	NA
S018_MINIONCE_4059	113	Picture	endrest	6489376	0	1	10100	2	0	10000
S018_MINIONCE_4059	113	Pulse	99	6490537	1161	NA
S018_MINIONCE_4059	113	Port Input	1	6490537	1161	NA
S018_MINIONCE_4059	114	Picture	PW	6499676	0	1	43200	2	0	43200
S018_MINIONCE_4059	114	Response	51	6515406	15730	1
S018_MINIONCE_4059	114	Pulse	99	6526538	26862	NA
S018_MINIONCE_4059	114	Port Input	1	6526538	26862	NA
S018_MINIONCE_4059	114	Picture	113_T_PWTRIAD_PW_sapo_red.png	6542876	43200	1	1900	2	43200	1800
S018_MINIONCE_4059	115	Picture	PW	6544976	0	1	43199	2	0	43200
S018_MINIONCE_4059	115	Response	52	6561635	16659	1
S018_MINIONCE_4059	115	Pulse	99	6562539	17563	NA
S018_MINIONCE_4059	115	Port Input	1	6562539	17563	NA
S018_MINIONCE_4059	115	Picture	114_T_PWTRIAD_PW_portatil_red.png	6588175	43199	1	1900	3	43200	1800
S018_MINIONCE_4059	116	Picture	PW	6590275	0	2	43200	3	0	43200
S018_MINIONCE_4059	116	Pulse	99	6598540	8265	NA
S018_MINIONCE_4059	116	Port Input	1	6598540	8265	NA
S018_MINIONCE_4059	116	Response	51	6606436	16161	1
S018_MINIONCE_4059	116	Picture	115_T_PWTRIAD_PW_oruga_red.png	6633475	43200	1	1900	2	43200	1800
S018_MINIONCE_4059	116	Pulse	99	6634541	44266	NA
S018_MINIONCE_4059	116	Port Input	1	6634541	44266	NA
S018_MINIONCE_4059	117	Picture	PW	6635575	0	1	43168	47	0	43200
S018_MINIONCE_4059	117	Response	52	6651780	16205	1
S018_MINIONCE_4059	117	Pulse	99	6670542	34967	NA
S018_MINIONCE_4059	117	Port Input	1	6670542	34967	NA
S018_MINIONCE_4059	117	Picture	116_T_PWTRIAD_PW_huevos_red.png	6678743	43168	46	1832	47	43200	1800
S018_MINIONCE_4059	118	Picture	RW	6680775	0	1	43200	2	0	43200
S018_MINIONCE_4059	118	Response	51	6702042	21267	1
S018_MINIONCE_4059	118	Pulse	99	6706543	25768	NA
S018_MINIONCE_4059	118	Port Input	1	6706543	25768	NA
S018_MINIONCE_4059	118	Picture	117_T_RWTRIAD_RW_violin_red.png	6723975	43200	1	1900	2	43200	1800
S018_MINIONCE_4059	119	Picture	RW	6726075	0	1	43200	2	0	43200
S018_MINIONCE_4059	119	Pulse	99	6742544	16469	NA
S018_MINIONCE_4059	119	Port Input	1	6742544	16469	NA
S018_MINIONCE_4059	119	Response	51	6746073	19998	1
S018_MINIONCE_4059	119	Response	52	6752425	26350	1
S018_MINIONCE_4059	119	Picture	118_T_RWTRIAD_RW_anillo_red.png	6769275	43200	1	1900	2	43200	1800
S018_MINIONCE_4059	120	Picture	RW	6771375	0	1	43200	2	0	43200
S018_MINIONCE_4059	120	Pulse	99	6778545	7170	NA
S018_MINIONCE_4059	120	Port Input	1	6778545	7170	NA
S018_MINIONCE_4059	120	Response	51	6792303	20928	1
S018_MINIONCE_4059	120	Pulse	99	6814546	43171	NA
S018_MINIONCE_4059	120	Port Input	1	6814546	43171	NA
S018_MINIONCE_4059	120	Picture	119_T_RWTRIAD_RW_ascensor_red.png	6814575	43200	1	1900	2	43200	1800
S018_MINIONCE_4059	121	Picture	RW	6816875	0	1	43099	2	0	43200
S018_MINIONCE_4059	121	Response	51	6848813	31938	1
S018_MINIONCE_4059	121	Pulse	99	6850547	33672	NA
S018_MINIONCE_4059	121	Port Input	1	6850547	33672	NA
S018_MINIONCE_4059	121	Picture	120_T_RWTRIAD_RW_telarana_red.png	6859974	43099	1	1900	3	43200	1800
S018_MINIONCE_4059	122	Picture	rest	6861974	0	2	144100	3	0	144000
S018_MINIONCE_4059	122	Pulse	99	6886549	24575	NA
S018_MINIONCE_4059	122	Port Input	1	6886549	24575	NA
S018_MINIONCE_4059	122	Pulse	99	6922550	60576	NA
S018_MINIONCE_4059	122	Port Input	1	6922550	60576	NA
S018_MINIONCE_4059	122	Pulse	99	6958551	96577	NA
S018_MINIONCE_4059	122	Port Input	1	6958551	96577	NA
S018_MINIONCE_4059	122	Pulse	99	6994552	132578	NA
S018_MINIONCE_4059	122	Port Input	1	6994552	132578	NA
S018_MINIONCE_4059	123	Picture	endrest	7006174	0	1	10100	2	0	10000
S018_MINIONCE_4059	124	Picture	RW	7016445	0	43	43229	44	0	43200
S018_MINIONCE_4059	124	Pulse	99	7030553	14108	NA
S018_MINIONCE_4059	124	Port Input	1	7030553	14108	NA
S018_MINIONCE_4059	124	Response	51	7031924	15479	1
S018_MINIONCE_4059	124	Picture	123_T_RWTRIAD_RW_portatil_red.png	7059674	43229	1	1900	2	43200	1800
S018_MINIONCE_4059	125	Picture	RW	7061774	0	1	43200	2	0	43200
S018_MINIONCE_4059	125	Pulse	99	7066554	4780	NA
S018_MINIONCE_4059	125	Port Input	1	7066554	4780	NA
S018_MINIONCE_4059	125	Response	52	7085123	23349	1
S018_MINIONCE_4059	125	Pulse	99	7102555	40781	NA
S018_MINIONCE_4059	125	Port Input	1	7102555	40781	NA
S018_MINIONCE_4059	125	Picture	124_T_RWTRIAD_RW_silla_red.png	7104974	43200	1	1899	3	43200	1800
S018_MINIONCE_4059	126	Picture	RW	7107073	0	2	43200	3	0	43200
S018_MINIONCE_4059	126	Response	51	7123005	15932	1
S018_MINIONCE_4059	126	Pulse	99	7138556	31483	NA
S018_MINIONCE_4059	126	Port Input	1	7138556	31483	NA
S018_MINIONCE_4059	126	Picture	125_T_RWTRIAD_RW_bala_red.png	7150273	43200	1	1900	2	43200	1800
S018_MINIONCE_4059	127	Picture	RW	7152373	0	1	43200	2	0	43200
S018_MINIONCE_4059	127	Pulse	99	7174557	22184	NA
S018_MINIONCE_4059	127	Port Input	1	7174557	22184	NA
S018_MINIONCE_4059	127	Response	52	7181457	29084	1
S018_MINIONCE_4059	127	Picture	126_T_RWTRIAD_RW_novia_red.png	7195573	43200	1	1900	2	43200	1800
S018_MINIONCE_4059	128	Picture	PW	7197673	0	1	43200	2	0	43200
S018_MINIONCE_4059	128	Pulse	99	7210558	12885	NA
S018_MINIONCE_4059	128	Port Input	1	7210558	12885	NA
S018_MINIONCE_4059	128	Response	51	7221186	23513	1
S018_MINIONCE_4059	128	Picture	127_T_PWTRIAD_PW_martillo_red.png	7240873	43200	1	1900	2	43200	1800
S018_MINIONCE_4059	129	Picture	PW	7243173	0	1	43100	2	0	43200
S018_MINIONCE_4059	129	Pulse	99	7246559	3386	NA
S018_MINIONCE_4059	129	Port Input	1	7246559	3386	NA
S018_MINIONCE_4059	129	Response	52	7265932	22759	1
S018_MINIONCE_4059	129	Pulse	99	7282560	39387	NA
S018_MINIONCE_4059	129	Port Input	1	7282560	39387	NA
S018_MINIONCE_4059	129	Picture	128_T_PWTRIAD_PW_cerillas_red.png	7286273	43100	1	1900	2	43200	1800
S018_MINIONCE_4059	130	Picture	PW	7288373	0	1	43200	2	0	43200
S018_MINIONCE_4059	130	Pulse	99	7318561	30188	NA
S018_MINIONCE_4059	130	Port Input	1	7318561	30188	NA
S018_MINIONCE_4059	130	Response	51	7322201	33828	1
S018_MINIONCE_4059	130	Picture	129_T_PWTRIAD_PW_almohada_red.png	7331573	43200	1	1900	2	43200	1800
S018_MINIONCE_4059	131	Picture	PW	7333673	0	1	43199	3	0	43200
S018_MINIONCE_4059	131	Pulse	99	7354562	20889	NA
S018_MINIONCE_4059	131	Port Input	1	7354562	20889	NA
S018_MINIONCE_4059	131	Response	52	7362501	28828	1
S018_MINIONCE_4059	131	Picture	130_T_PWTRIAD_PW_granjero_red.png	7376872	43199	2	1900	4	43200	1800
S018_MINIONCE_4059	132	Picture	rest	7378872	0	2	144100	3	0	144000
S018_MINIONCE_4059	132	Pulse	99	7390564	11692	NA
S018_MINIONCE_4059	132	Port Input	1	7390564	11692	NA
S018_MINIONCE_4059	132	Pulse	99	7426565	47693	NA
S018_MINIONCE_4059	132	Port Input	1	7426565	47693	NA
S018_MINIONCE_4059	132	Pulse	99	7462566	83694	NA
S018_MINIONCE_4059	132	Port Input	1	7462566	83694	NA
S018_MINIONCE_4059	132	Pulse	99	7498567	119695	NA
S018_MINIONCE_4059	132	Port Input	1	7498567	119695	NA
S018_MINIONCE_4059	133	Picture	endrest	7523072	0	1	10100	2	0	10000
S018_MINIONCE_4059	134	Picture	RW	7533372	0	1	43200	2	0	43200
S018_MINIONCE_4059	134	Pulse	99	7534568	1196	NA
S018_MINIONCE_4059	134	Port Input	1	7534568	1196	NA
S018_MINIONCE_4059	134	Response	51	7549841	16469	1
S018_MINIONCE_4059	134	Pulse	99	7570569	37197	NA
S018_MINIONCE_4059	134	Port Input	1	7570569	37197	NA
S018_MINIONCE_4059	134	Picture	133_T_RWTRIAD_RW_tenedor_red.png	7576572	43200	1	1900	2	43200	1800
S018_MINIONCE_4059	135	Picture	RW	7578672	0	1	43199	3	0	43200
S018_MINIONCE_4059	135	Response	51	7598936	20264	1
S018_MINIONCE_4059	135	Pulse	99	7606570	27898	NA
S018_MINIONCE_4059	135	Port Input	1	7606570	27898	NA
S018_MINIONCE_4059	135	Picture	134_T_RWTRIAD_RW_television_red.png	7621871	43199	2	1900	4	43200	1800
S018_MINIONCE_4059	136	Picture	RW	7623972	0	1	43199	2	0	43200
S018_MINIONCE_4059	136	Pulse	99	7642571	18599	NA
S018_MINIONCE_4059	136	Port Input	1	7642571	18599	NA
S018_MINIONCE_4059	136	Response	52	7642956	18984	1
S018_MINIONCE_4059	136	Picture	135_T_RWTRIAD_RW_destornillador_red.png	7667171	43199	1	1900	2	43200	1800
S018_MINIONCE_4059	137	Picture	RW	7669271	0	1	43200	2	0	43200
S018_MINIONCE_4059	137	Pulse	99	7678572	9301	NA
S018_MINIONCE_4059	137	Port Input	1	7678572	9301	NA
S018_MINIONCE_4059	137	Response	51	7694874	25603	1
S018_MINIONCE_4059	137	Picture	136_T_RWTRIAD_RW_pilas_red.png	7712471	43200	1	1900	2	43200	1800
S018_MINIONCE_4059	138	Picture	rest	7714471	0	1	144100	2	0	144000
S018_MINIONCE_4059	138	Pulse	99	7714573	102	NA
S018_MINIONCE_4059	138	Port Input	1	7714573	102	NA
S018_MINIONCE_4059	138	Pulse	99	7750574	36103	NA
S018_MINIONCE_4059	138	Port Input	1	7750574	36103	NA
S018_MINIONCE_4059	139	Picture	endrest	7858671	0	1	10100	2	0	10000
S018_MINIONCE_4059	140	Picture	endrest	7868871	0	1	10100	2	0	10000
S018_MINIONCE_4059	141	Picture	endrest	7879071	0	1	10100	2	0	10000
S018_MINIONCE_4059	142	Picture	endrest	7889271	0	1	10100	2	0	10000
