Scenario - vOT_Triads_fMRI_I
Logfile written - 07/09/2015 10:18:39

Subject	Trial	Event Type	Code	Time	TTime	Uncertainty	Duration	Uncertainty	ReqTime	ReqDur

S018_DAY1_MINITWICE_4649	1	Response	98	226003	235703	2
S018_DAY1_MINITWICE_4649	2	Response	52	238201	12103	1
S018_DAY1_MINITWICE_4649	2	Response	98	253777	27679	2
S018_DAY1_MINITWICE_4649	3	Response	52	271625	17728	2
S018_DAY1_MINITWICE_4649	3	Response	98	295107	41210	1
S018_DAY1_MINITWICE_4649	4	Response	52	313230	18033	1
S018_DAY1_MINITWICE_4649	4	Response	98	327372	32175	2
S018_DAY1_MINITWICE_4649	6	Pulse	99	642288	314791	NA
S018_DAY1_MINITWICE_4649	6	Port Input	1	642288	314791	NA
S018_DAY1_MINITWICE_4649	6	Pulse	99	678289	350792	NA
S018_DAY1_MINITWICE_4649	6	Port Input	1	678289	350792	NA
S018_DAY1_MINITWICE_4649	6	Pulse	99	714290	386793	NA
S018_DAY1_MINITWICE_4649	6	Port Input	1	714290	386793	NA
S018_DAY1_MINITWICE_4649	6	Pulse	99	750290	422793	NA
S018_DAY1_MINITWICE_4649	6	Port Input	1	750290	422793	NA
S018_DAY1_MINITWICE_4649	6	Pulse	99	786291	458794	NA
S018_DAY1_MINITWICE_4649	6	Port Input	1	786291	458794	NA
S018_DAY1_MINITWICE_4649	7	Picture	rest	786593	0	1	144099	2	0	144000
S018_DAY1_MINITWICE_4649	7	Pulse	99	822292	35699	NA
S018_DAY1_MINITWICE_4649	7	Port Input	1	822292	35699	NA
S018_DAY1_MINITWICE_4649	7	Pulse	99	858293	71700	NA
S018_DAY1_MINITWICE_4649	7	Port Input	1	858293	71700	NA
S018_DAY1_MINITWICE_4649	7	Pulse	99	894294	107701	NA
S018_DAY1_MINITWICE_4649	7	Port Input	1	894294	107701	NA
S018_DAY1_MINITWICE_4649	7	Pulse	99	930295	143702	NA
S018_DAY1_MINITWICE_4649	7	Port Input	1	930295	143702	NA
S018_DAY1_MINITWICE_4649	8	Picture	endrest	930792	0	1	10100	2	0	10000
S018_DAY1_MINITWICE_4649	9	Picture	FF	941492	0	1	43200	2	0	43200
S018_DAY1_MINITWICE_4649	9	Response	52	955307	13815	1
S018_DAY1_MINITWICE_4649	9	Pulse	99	966296	24804	NA
S018_DAY1_MINITWICE_4649	9	Port Input	1	966296	24804	NA
S018_DAY1_MINITWICE_4649	9	Picture	3_T_FFTRIAD_FF_granjero_red.png	984692	43200	1	1900	2	43200	1800
S018_DAY1_MINITWICE_4649	10	Picture	FF	986992	0	1	43100	2	0	43200
S018_DAY1_MINITWICE_4649	10	Response	51	1000043	13051	1
S018_DAY1_MINITWICE_4649	10	Pulse	99	1002297	15305	NA
S018_DAY1_MINITWICE_4649	10	Port Input	1	1002297	15305	NA
S018_DAY1_MINITWICE_4649	10	Picture	4_T_FFTRIAD_FF_dado_red.png	1030092	43100	1	1899	3	43200	1800
S018_DAY1_MINITWICE_4649	11	Picture	FF	1032491	0	2	43100	3	0	43200
S018_DAY1_MINITWICE_4649	11	Pulse	99	1038298	5807	NA
S018_DAY1_MINITWICE_4649	11	Port Input	1	1038298	5807	NA
S018_DAY1_MINITWICE_4649	11	Response	51	1044582	12091	1
S018_DAY1_MINITWICE_4649	11	Pulse	99	1074299	41808	NA
S018_DAY1_MINITWICE_4649	11	Port Input	1	1074299	41808	NA
S018_DAY1_MINITWICE_4649	11	Picture	5_T_FFTRIAD_FF_traje_red.png	1075591	43100	1	1900	2	43200	1800
S018_DAY1_MINITWICE_4649	12	Picture	FF	1077891	0	1	43100	2	0	43200
S018_DAY1_MINITWICE_4649	12	Response	51	1091449	13558	1
S018_DAY1_MINITWICE_4649	12	Pulse	99	1110300	32409	NA
S018_DAY1_MINITWICE_4649	12	Port Input	1	1110300	32409	NA
S018_DAY1_MINITWICE_4649	12	Picture	6_T_FFTRIAD_FF_estetoscopio_red.png	1120991	43100	1	1900	2	43200	1800
S018_DAY1_MINITWICE_4649	13	Picture	FF	1123491	0	1	43199	3	0	43200
S018_DAY1_MINITWICE_4649	13	Response	51	1141191	17700	1
S018_DAY1_MINITWICE_4649	13	Pulse	99	1146301	22810	NA
S018_DAY1_MINITWICE_4649	13	Port Input	1	1146301	22810	NA
S018_DAY1_MINITWICE_4649	13	Picture	7_T_FFTRIAD_FF_martillo_red.png	1166690	43199	2	1900	4	43200	1800
S018_DAY1_MINITWICE_4649	14	Picture	FF	1168990	0	2	43100	3	0	43200
S018_DAY1_MINITWICE_4649	14	Response	51	1179727	10737	1
S018_DAY1_MINITWICE_4649	14	Pulse	99	1182302	13312	NA
S018_DAY1_MINITWICE_4649	14	Port Input	1	1182302	13312	NA
S018_DAY1_MINITWICE_4649	14	Picture	8_T_FFTRIAD_FF_sombrilla_red.png	1212090	43100	1	1900	2	43200	1800
S018_DAY1_MINITWICE_4649	15	Picture	FF	1214190	0	1	43200	2	0	43200
S018_DAY1_MINITWICE_4649	15	Pulse	99	1218303	4113	NA
S018_DAY1_MINITWICE_4649	15	Port Input	1	1218303	4113	NA
S018_DAY1_MINITWICE_4649	15	Response	52	1229851	15661	4
S018_DAY1_MINITWICE_4649	15	Pulse	99	1254304	40114	NA
S018_DAY1_MINITWICE_4649	15	Port Input	1	1254304	40114	NA
S018_DAY1_MINITWICE_4649	15	Picture	9_T_FFTRIAD_FF_esquimal_red.png	1257390	43200	1	1900	2	43200	1800
S018_DAY1_MINITWICE_4649	16	Picture	FF	1259590	0	1	43199	3	0	43200
S018_DAY1_MINITWICE_4649	16	Response	52	1273147	13557	1
S018_DAY1_MINITWICE_4649	16	Pulse	99	1290304	30714	NA
S018_DAY1_MINITWICE_4649	16	Port Input	1	1290304	30714	NA
S018_DAY1_MINITWICE_4649	16	Picture	10_T_FFTRIAD_FF_violin_red.png	1302789	43199	2	1900	3	43200	1800
S018_DAY1_MINITWICE_4649	17	Picture	rest	1304789	0	1	144099	2	0	144000
S018_DAY1_MINITWICE_4649	17	Pulse	99	1326305	21516	NA
S018_DAY1_MINITWICE_4649	17	Port Input	1	1326305	21516	NA
S018_DAY1_MINITWICE_4649	17	Pulse	99	1362306	57517	NA
S018_DAY1_MINITWICE_4649	17	Port Input	1	1362306	57517	NA
S018_DAY1_MINITWICE_4649	17	Pulse	99	1398307	93518	NA
S018_DAY1_MINITWICE_4649	17	Port Input	1	1398307	93518	NA
S018_DAY1_MINITWICE_4649	17	Pulse	99	1434308	129519	NA
S018_DAY1_MINITWICE_4649	17	Port Input	1	1434308	129519	NA
S018_DAY1_MINITWICE_4649	18	Picture	endrest	1448988	0	1	10100	2	0	10000
S018_DAY1_MINITWICE_4649	19	Picture	RW	1459688	0	1	43100	2	0	43200
S018_DAY1_MINITWICE_4649	19	Pulse	99	1470309	10621	NA
S018_DAY1_MINITWICE_4649	19	Port Input	1	1470309	10621	NA
S018_DAY1_MINITWICE_4649	19	Response	51	1474565	14877	1
S018_DAY1_MINITWICE_4649	19	Picture	13_T_RWTRIAD_RW_manos_red.png	1502788	43100	1	1900	2	43200	1800
S018_DAY1_MINITWICE_4649	20	Picture	RW	1504888	0	1	43199	3	0	43200
S018_DAY1_MINITWICE_4649	20	Pulse	99	1506310	1422	NA
S018_DAY1_MINITWICE_4649	20	Port Input	1	1506310	1422	NA
S018_DAY1_MINITWICE_4649	20	Response	52	1517807	12919	2
S018_DAY1_MINITWICE_4649	20	Pulse	99	1542311	37423	NA
S018_DAY1_MINITWICE_4649	20	Port Input	1	1542311	37423	NA
S018_DAY1_MINITWICE_4649	20	Picture	14_T_RWTRIAD_RW_pincel_red.png	1548087	43199	2	1901	3	43200	1800
S018_DAY1_MINITWICE_4649	21	Picture	RW	1550187	0	2	43200	3	0	43200
S018_DAY1_MINITWICE_4649	21	Response	52	1563154	12967	1
S018_DAY1_MINITWICE_4649	21	Pulse	99	1578312	28125	NA
S018_DAY1_MINITWICE_4649	21	Port Input	1	1578312	28125	NA
S018_DAY1_MINITWICE_4649	21	Picture	15_T_RWTRIAD_RW_queso_red.png	1593387	43200	1	1900	2	43200	1800
S018_DAY1_MINITWICE_4649	22	Picture	RW	1595687	0	1	43200	2	0	43200
S018_DAY1_MINITWICE_4649	22	Response	51	1607440	11753	1
S018_DAY1_MINITWICE_4649	22	Pulse	99	1614313	18626	NA
S018_DAY1_MINITWICE_4649	22	Port Input	1	1614313	18626	NA
S018_DAY1_MINITWICE_4649	22	Picture	16_T_RWTRIAD_RW_perro_red.png	1638887	43200	1	1900	2	43200	1800
S018_DAY1_MINITWICE_4649	23	Picture	RW	1641387	0	1	43099	3	0	43200
S018_DAY1_MINITWICE_4649	23	Pulse	99	1650314	8927	NA
S018_DAY1_MINITWICE_4649	23	Port Input	1	1650314	8927	NA
S018_DAY1_MINITWICE_4649	23	Response	51	1654872	13485	1
S018_DAY1_MINITWICE_4649	23	Picture	17_T_RWTRIAD_RW_bala_red.png	1684486	43099	2	1900	4	43200	1800
S018_DAY1_MINITWICE_4649	23	Pulse	99	1686315	44928	NA
S018_DAY1_MINITWICE_4649	23	Port Input	1	1686315	44928	NA
S018_DAY1_MINITWICE_4649	24	Picture	RW	1686586	0	2	43200	3	0	43200
S018_DAY1_MINITWICE_4649	24	Response	52	1699813	13227	1
S018_DAY1_MINITWICE_4649	24	Pulse	99	1722316	35730	NA
S018_DAY1_MINITWICE_4649	24	Port Input	1	1722316	35730	NA
S018_DAY1_MINITWICE_4649	24	Picture	18_T_RWTRIAD_RW_plato_red.png	1729786	43200	1	1900	2	43200	1800
S018_DAY1_MINITWICE_4649	25	Picture	RW	1731886	0	1	43200	2	0	43200
S018_DAY1_MINITWICE_4649	25	Response	51	1749152	17266	2
S018_DAY1_MINITWICE_4649	25	Pulse	99	1758317	26431	NA
S018_DAY1_MINITWICE_4649	25	Port Input	1	1758317	26431	NA
S018_DAY1_MINITWICE_4649	25	Picture	19_T_RWTRIAD_RW_candado_red.png	1775086	43200	1	1900	2	43200	1800
S018_DAY1_MINITWICE_4649	26	Picture	RW	1777186	0	1	43199	3	0	43200
S018_DAY1_MINITWICE_4649	26	Response	52	1787622	10436	1
S018_DAY1_MINITWICE_4649	26	Pulse	99	1794317	17131	NA
S018_DAY1_MINITWICE_4649	26	Port Input	1	1794317	17131	NA
S018_DAY1_MINITWICE_4649	26	Picture	20_T_RWTRIAD_RW_bebe_red.png	1820385	43199	2	1900	4	43200	1800
S018_DAY1_MINITWICE_4649	27	Picture	rest	1822385	0	2	144099	4	0	144000
S018_DAY1_MINITWICE_4649	27	Pulse	99	1830318	7933	NA
S018_DAY1_MINITWICE_4649	27	Port Input	1	1830318	7933	NA
S018_DAY1_MINITWICE_4649	27	Pulse	99	1866319	43934	NA
S018_DAY1_MINITWICE_4649	27	Port Input	1	1866319	43934	NA
S018_DAY1_MINITWICE_4649	27	Pulse	99	1902320	79935	NA
S018_DAY1_MINITWICE_4649	27	Port Input	1	1902320	79935	NA
S018_DAY1_MINITWICE_4649	27	Pulse	99	1938321	115936	NA
S018_DAY1_MINITWICE_4649	27	Port Input	1	1938321	115936	NA
S018_DAY1_MINITWICE_4649	28	Picture	endrest	1966584	0	1	10100	2	0	10000
S018_DAY1_MINITWICE_4649	28	Pulse	99	1974322	7738	NA
S018_DAY1_MINITWICE_4649	28	Port Input	1	1974322	7738	NA
S018_DAY1_MINITWICE_4649	29	Picture	RW	1977084	0	1	43200	2	0	43200
S018_DAY1_MINITWICE_4649	29	Response	52	1994378	17294	2
S018_DAY1_MINITWICE_4649	29	Pulse	99	2010323	33239	NA
S018_DAY1_MINITWICE_4649	29	Port Input	1	2010323	33239	NA
S018_DAY1_MINITWICE_4649	29	Picture	23_T_RWTRIAD_RW_telefono_red.png	2020284	43200	1	1900	2	43200	1800
S018_DAY1_MINITWICE_4649	30	Picture	RW	2022384	0	1	43200	2	0	43200
S018_DAY1_MINITWICE_4649	30	Response	51	2023130	746	2
S018_DAY1_MINITWICE_4649	30	Response	51	2039533	17149	1
S018_DAY1_MINITWICE_4649	30	Pulse	99	2046324	23940	NA
S018_DAY1_MINITWICE_4649	30	Port Input	1	2046324	23940	NA
S018_DAY1_MINITWICE_4649	30	Picture	24_T_RWTRIAD_RW_botella_red.png	2065584	43200	1	1900	2	43200	1800
S018_DAY1_MINITWICE_4649	31	Picture	RW	2067684	0	1	43199	2	0	43200
S018_DAY1_MINITWICE_4649	31	Response	51	2081393	13709	1
S018_DAY1_MINITWICE_4649	31	Pulse	99	2082325	14641	NA
S018_DAY1_MINITWICE_4649	31	Port Input	1	2082325	14641	NA
S018_DAY1_MINITWICE_4649	31	Picture	25_T_RWTRIAD_RW_madera_red.png	2110883	43199	1	1900	2	43200	1800
S018_DAY1_MINITWICE_4649	32	Picture	RW	2112983	0	1	43200	2	0	43200
S018_DAY1_MINITWICE_4649	32	Pulse	99	2118326	5343	NA
S018_DAY1_MINITWICE_4649	32	Port Input	1	2118326	5343	NA
S018_DAY1_MINITWICE_4649	32	Response	51	2127220	14237	1
S018_DAY1_MINITWICE_4649	32	Pulse	99	2154327	41344	NA
S018_DAY1_MINITWICE_4649	32	Port Input	1	2154327	41344	NA
S018_DAY1_MINITWICE_4649	32	Picture	26_T_RWTRIAD_RW_chupete_red.png	2156183	43200	1	1900	2	43200	1800
S018_DAY1_MINITWICE_4649	33	Picture	FF	2158483	0	1	43100	2	0	43200
S018_DAY1_MINITWICE_4649	33	Response	52	2172787	14304	1
S018_DAY1_MINITWICE_4649	33	Pulse	99	2190328	31845	NA
S018_DAY1_MINITWICE_4649	33	Port Input	1	2190328	31845	NA
S018_DAY1_MINITWICE_4649	33	Picture	27_T_FFTRIAD_FF_molino_red.png	2201583	43100	1	1900	2	43200	1800
S018_DAY1_MINITWICE_4649	34	Picture	FF	2203883	0	1	43099	2	0	43200
S018_DAY1_MINITWICE_4649	34	Response	51	2224515	20632	2
S018_DAY1_MINITWICE_4649	34	Pulse	99	2226329	22446	NA
S018_DAY1_MINITWICE_4649	34	Port Input	1	2226329	22446	NA
S018_DAY1_MINITWICE_4649	34	Picture	28_T_FFTRIAD_FF_futbol_red.png	2246982	43099	1	1900	2	43200	1800
S018_DAY1_MINITWICE_4649	35	Picture	FF	2249382	0	1	43100	2	0	43200
S018_DAY1_MINITWICE_4649	35	Pulse	99	2262330	12948	NA
S018_DAY1_MINITWICE_4649	35	Port Input	1	2262330	12948	NA
S018_DAY1_MINITWICE_4649	35	Response	52	2265301	15919	1
S018_DAY1_MINITWICE_4649	35	Picture	29_T_FFTRIAD_FF_pizarra_red.png	2292482	43100	1	1900	2	43200	1800
S018_DAY1_MINITWICE_4649	36	Picture	FF	2294782	0	1	43100	2	0	43200
S018_DAY1_MINITWICE_4649	36	Pulse	99	2298331	3549	NA
S018_DAY1_MINITWICE_4649	36	Port Input	1	2298331	3549	NA
S018_DAY1_MINITWICE_4649	36	Response	52	2306986	12204	1
S018_DAY1_MINITWICE_4649	36	Pulse	99	2334332	39550	NA
S018_DAY1_MINITWICE_4649	36	Port Input	1	2334332	39550	NA
S018_DAY1_MINITWICE_4649	36	Picture	30_T_FFTRIAD_FF_iglu_red.png	2337882	43100	1	1900	2	43200	1800
S018_DAY1_MINITWICE_4649	37	Picture	rest	2339881	0	2	144099	4	0	144000
S018_DAY1_MINITWICE_4649	37	Pulse	99	2370332	30451	NA
S018_DAY1_MINITWICE_4649	37	Port Input	1	2370332	30451	NA
S018_DAY1_MINITWICE_4649	37	Pulse	99	2406333	66452	NA
S018_DAY1_MINITWICE_4649	37	Port Input	1	2406333	66452	NA
S018_DAY1_MINITWICE_4649	37	Pulse	99	2442334	102453	NA
S018_DAY1_MINITWICE_4649	37	Port Input	1	2442334	102453	NA
S018_DAY1_MINITWICE_4649	37	Pulse	99	2478335	138454	NA
S018_DAY1_MINITWICE_4649	37	Port Input	1	2478335	138454	NA
S018_DAY1_MINITWICE_4649	38	Picture	endrest	2484080	0	2	10100	3	0	10000
S018_DAY1_MINITWICE_4649	39	Picture	FF	2494680	0	1	43100	2	0	43200
S018_DAY1_MINITWICE_4649	39	Response	52	2506629	11949	1
S018_DAY1_MINITWICE_4649	39	Pulse	99	2514336	19656	NA
S018_DAY1_MINITWICE_4649	39	Port Input	1	2514336	19656	NA
S018_DAY1_MINITWICE_4649	39	Picture	33_T_FFTRIAD_FF_anillo_red.png	2537780	43100	1	1900	2	43200	1800
S018_DAY1_MINITWICE_4649	40	Picture	FF	2539880	0	1	43200	2	0	43200
S018_DAY1_MINITWICE_4649	40	Pulse	99	2550337	10457	NA
S018_DAY1_MINITWICE_4649	40	Port Input	1	2550337	10457	NA
S018_DAY1_MINITWICE_4649	40	Response	51	2552277	12397	1
S018_DAY1_MINITWICE_4649	40	Picture	34_T_FFTRIAD_FF_leche_red.png	2583080	43200	1	1900	2	43200	1800
S018_DAY1_MINITWICE_4649	41	Picture	FF	2585380	0	1	43199	3	0	43200
S018_DAY1_MINITWICE_4649	41	Pulse	99	2586338	958	NA
S018_DAY1_MINITWICE_4649	41	Port Input	1	2586338	958	NA
S018_DAY1_MINITWICE_4649	41	Response	51	2603891	18511	1
S018_DAY1_MINITWICE_4649	41	Pulse	99	2622339	36959	NA
S018_DAY1_MINITWICE_4649	41	Port Input	1	2622339	36959	NA
S018_DAY1_MINITWICE_4649	41	Picture	35_T_FFTRIAD_FF_lechuga_red.png	2628579	43199	2	1900	3	43200	1800
S018_DAY1_MINITWICE_4649	42	Picture	FF	2630779	0	1	43200	2	0	43200
S018_DAY1_MINITWICE_4649	42	Response	51	2652616	21837	1
S018_DAY1_MINITWICE_4649	42	Pulse	99	2658340	27561	NA
S018_DAY1_MINITWICE_4649	42	Port Input	1	2658340	27561	NA
S018_DAY1_MINITWICE_4649	42	Picture	36_T_FFTRIAD_FF_oruga_red.png	2673979	43200	1	1900	2	43200	1800
S018_DAY1_MINITWICE_4649	43	Picture	FF	2676379	0	1	43100	2	0	43200
S018_DAY1_MINITWICE_4649	43	Response	52	2689679	13300	1
S018_DAY1_MINITWICE_4649	43	Pulse	99	2694341	17962	NA
S018_DAY1_MINITWICE_4649	43	Port Input	1	2694341	17962	NA
S018_DAY1_MINITWICE_4649	43	Picture	37_T_FFTRIAD_FF_raton_red.png	2719479	43100	1	1900	2	43200	1800
S018_DAY1_MINITWICE_4649	44	Picture	FF	2721779	0	1	43099	2	0	43200
S018_DAY1_MINITWICE_4649	44	Pulse	99	2730342	8563	NA
S018_DAY1_MINITWICE_4649	44	Port Input	1	2730342	8563	NA
S018_DAY1_MINITWICE_4649	44	Response	51	2755078	33299	1
S018_DAY1_MINITWICE_4649	44	Picture	38_T_FFTRIAD_FF_dedal_red.png	2764878	43099	1	1900	2	43200	1800
S018_DAY1_MINITWICE_4649	44	Pulse	99	2766343	44564	NA
S018_DAY1_MINITWICE_4649	44	Port Input	1	2766343	44564	NA
S018_DAY1_MINITWICE_4649	45	Picture	FF	2766978	0	1	43200	2	0	43200
S018_DAY1_MINITWICE_4649	45	Response	52	2777180	10202	2
S018_DAY1_MINITWICE_4649	45	Pulse	99	2802344	35366	NA
S018_DAY1_MINITWICE_4649	45	Port Input	1	2802344	35366	NA
S018_DAY1_MINITWICE_4649	45	Picture	39_T_FFTRIAD_FF_almohada_red.png	2810178	43200	1	1900	2	43200	1800
S018_DAY1_MINITWICE_4649	46	Picture	FF	2812278	0	1	43199	3	0	43200
S018_DAY1_MINITWICE_4649	46	Response	52	2825014	12736	1
S018_DAY1_MINITWICE_4649	46	Pulse	99	2838345	26067	NA
S018_DAY1_MINITWICE_4649	46	Port Input	1	2838345	26067	NA
S018_DAY1_MINITWICE_4649	46	Picture	40_T_FFTRIAD_FF_mono_red.png	2855477	43199	2	1901	3	43200	1800
S018_DAY1_MINITWICE_4649	47	Picture	rest	2857478	0	1	144098	3	0	144000
S018_DAY1_MINITWICE_4649	47	Pulse	99	2874345	16867	NA
S018_DAY1_MINITWICE_4649	47	Port Input	1	2874345	16867	NA
S018_DAY1_MINITWICE_4649	47	Pulse	99	2910346	52868	NA
S018_DAY1_MINITWICE_4649	47	Port Input	1	2910346	52868	NA
S018_DAY1_MINITWICE_4649	47	Pulse	99	2946347	88869	NA
S018_DAY1_MINITWICE_4649	47	Port Input	1	2946347	88869	NA
S018_DAY1_MINITWICE_4649	47	Pulse	99	2982348	124870	NA
S018_DAY1_MINITWICE_4649	47	Port Input	1	2982348	124870	NA
S018_DAY1_MINITWICE_4649	48	Picture	endrest	3001676	0	2	10100	3	0	10000
S018_DAY1_MINITWICE_4649	49	Picture	RW	3012176	0	1	43200	2	0	43200
S018_DAY1_MINITWICE_4649	49	Pulse	99	3018349	6173	NA
S018_DAY1_MINITWICE_4649	49	Port Input	1	3018349	6173	NA
S018_DAY1_MINITWICE_4649	49	Response	51	3026209	14033	1
S018_DAY1_MINITWICE_4649	49	Pulse	99	3054350	42174	NA
S018_DAY1_MINITWICE_4649	49	Port Input	1	3054350	42174	NA
S018_DAY1_MINITWICE_4649	49	Picture	43_T_RWTRIAD_RW_tenedor_red.png	3055376	43200	1	1900	2	43200	1800
S018_DAY1_MINITWICE_4649	50	Picture	RW	3057576	0	1	43100	2	0	43200
S018_DAY1_MINITWICE_4649	50	Response	52	3072112	14536	1
S018_DAY1_MINITWICE_4649	50	Pulse	99	3090351	32775	NA
S018_DAY1_MINITWICE_4649	50	Port Input	1	3090351	32775	NA
S018_DAY1_MINITWICE_4649	50	Picture	44_T_RWTRIAD_RW_banera_red.png	3100676	43100	1	1900	2	43200	1800
S018_DAY1_MINITWICE_4649	51	Picture	RW	3102776	0	1	43199	2	0	43200
S018_DAY1_MINITWICE_4649	51	Response	52	3118233	15457	2
S018_DAY1_MINITWICE_4649	51	Pulse	99	3126352	23576	NA
S018_DAY1_MINITWICE_4649	51	Port Input	1	3126352	23576	NA
S018_DAY1_MINITWICE_4649	51	Picture	45_T_RWTRIAD_RW_bellota_red.png	3145975	43199	1	1900	2	43200	1800
S018_DAY1_MINITWICE_4649	52	Picture	RW	3148275	0	1	43200	2	0	43200
S018_DAY1_MINITWICE_4649	52	Pulse	99	3162353	14078	NA
S018_DAY1_MINITWICE_4649	52	Port Input	1	3162353	14078	NA
S018_DAY1_MINITWICE_4649	52	Response	51	3168951	20676	1
S018_DAY1_MINITWICE_4649	52	Picture	46_T_RWTRIAD_RW_lechuga_red.png	3191475	43200	1	1900	2	43200	1800
S018_DAY1_MINITWICE_4649	53	Picture	PW	3193675	0	1	43100	2	0	43200
S018_DAY1_MINITWICE_4649	53	Pulse	99	3198354	4679	NA
S018_DAY1_MINITWICE_4649	53	Port Input	1	3198354	4679	NA
S018_DAY1_MINITWICE_4649	53	Response	51	3225178	31503	1
S018_DAY1_MINITWICE_4649	53	Pulse	99	3234355	40680	NA
S018_DAY1_MINITWICE_4649	53	Port Input	1	3234355	40680	NA
S018_DAY1_MINITWICE_4649	53	Picture	47_T_PWTRIAD_PW_tenedor_red.png	3236775	43100	1	1900	2	43200	1800
S018_DAY1_MINITWICE_4649	54	Picture	PW	3238975	0	1	43199	2	0	43200
S018_DAY1_MINITWICE_4649	54	Response	52	3266463	27488	2
S018_DAY1_MINITWICE_4649	54	Pulse	99	3270356	31381	NA
S018_DAY1_MINITWICE_4649	54	Port Input	1	3270356	31381	NA
S018_DAY1_MINITWICE_4649	54	Picture	48_T_PWTRIAD_PW_ascensor_red.png	3282174	43199	1	1900	2	43200	1800
S018_DAY1_MINITWICE_4649	55	Picture	PW	3284474	0	1	43200	2	0	43200
S018_DAY1_MINITWICE_4649	55	Pulse	99	3306357	21883	NA
S018_DAY1_MINITWICE_4649	55	Port Input	1	3306357	21883	NA
S018_DAY1_MINITWICE_4649	55	Response	52	3310230	25756	1
S018_DAY1_MINITWICE_4649	55	Picture	49_T_PWTRIAD_PW_estetoscopio_red.png	3327674	43200	1	1900	2	43200	1800
S018_DAY1_MINITWICE_4649	56	Picture	PW	3329974	0	1	43200	2	0	43200
S018_DAY1_MINITWICE_4649	56	Pulse	99	3342358	12384	NA
S018_DAY1_MINITWICE_4649	56	Port Input	1	3342358	12384	NA
S018_DAY1_MINITWICE_4649	56	Response	51	3351944	21970	1
S018_DAY1_MINITWICE_4649	56	Picture	50_T_PWTRIAD_PW_piramide_red.png	3373174	43200	1	1900	2	43200	1800
S018_DAY1_MINITWICE_4649	57	Picture	rest	3375174	0	1	144098	3	0	144000
S018_DAY1_MINITWICE_4649	57	Pulse	99	3378358	3184	NA
S018_DAY1_MINITWICE_4649	57	Port Input	1	3378358	3184	NA
S018_DAY1_MINITWICE_4649	57	Pulse	99	3414359	39185	NA
S018_DAY1_MINITWICE_4649	57	Port Input	1	3414359	39185	NA
S018_DAY1_MINITWICE_4649	57	Pulse	99	3450360	75186	NA
S018_DAY1_MINITWICE_4649	57	Port Input	1	3450360	75186	NA
S018_DAY1_MINITWICE_4649	57	Pulse	99	3486361	111187	NA
S018_DAY1_MINITWICE_4649	57	Port Input	1	3486361	111187	NA
S018_DAY1_MINITWICE_4649	58	Picture	endrest	3519372	0	2	10100	3	0	10000
S018_DAY1_MINITWICE_4649	58	Pulse	99	3522362	2990	NA
S018_DAY1_MINITWICE_4649	58	Port Input	1	3522362	2990	NA
S018_DAY1_MINITWICE_4649	59	Picture	RW	3529772	0	2	43200	3	0	43200
S018_DAY1_MINITWICE_4649	59	Response	52	3543471	13699	2
S018_DAY1_MINITWICE_4649	59	Pulse	99	3558363	28591	NA
S018_DAY1_MINITWICE_4649	59	Port Input	1	3558363	28591	NA
S018_DAY1_MINITWICE_4649	59	Picture	53_T_RWTRIAD_RW_anillo_red.png	3572972	43200	1	1900	2	43200	1800
S018_DAY1_MINITWICE_4649	60	Picture	RW	3575072	0	1	43200	2	0	43200
S018_DAY1_MINITWICE_4649	60	Response	52	3586425	11353	1
S018_DAY1_MINITWICE_4649	60	Pulse	99	3594364	19292	NA
S018_DAY1_MINITWICE_4649	60	Port Input	1	3594364	19292	NA
S018_DAY1_MINITWICE_4649	60	Picture	54_T_RWTRIAD_RW_paraguas_red.png	3618272	43200	1	1900	2	43200	1800
S018_DAY1_MINITWICE_4649	61	Picture	RW	3620372	0	1	43199	2	0	43200
S018_DAY1_MINITWICE_4649	61	Pulse	99	3630365	9993	NA
S018_DAY1_MINITWICE_4649	61	Port Input	1	3630365	9993	NA
S018_DAY1_MINITWICE_4649	61	Response	51	3637005	16633	1
S018_DAY1_MINITWICE_4649	61	Picture	55_T_RWTRIAD_RW_cortina_red.png	3663571	43199	1	1900	2	43200	1800
S018_DAY1_MINITWICE_4649	62	Picture	RW	3665671	0	1	43200	2	0	43200
S018_DAY1_MINITWICE_4649	62	Pulse	99	3666366	695	NA
S018_DAY1_MINITWICE_4649	62	Port Input	1	3666366	695	NA
S018_DAY1_MINITWICE_4649	62	Response	51	3683349	17678	1
S018_DAY1_MINITWICE_4649	62	Pulse	99	3702367	36696	NA
S018_DAY1_MINITWICE_4649	62	Port Input	1	3702367	36696	NA
S018_DAY1_MINITWICE_4649	62	Picture	56_T_RWTRIAD_RW_novia_red.png	3708871	43200	1	1900	2	43200	1800
S018_DAY1_MINITWICE_4649	63	Picture	RW	3711171	0	1	43100	2	0	43200
S018_DAY1_MINITWICE_4649	63	Response	51	3723405	12234	1
S018_DAY1_MINITWICE_4649	63	Pulse	99	3738368	27197	NA
S018_DAY1_MINITWICE_4649	63	Port Input	1	3738368	27197	NA
S018_DAY1_MINITWICE_4649	63	Picture	57_T_RWTRIAD_RW_grifo_red.png	3754271	43100	1	1900	2	43200	1800
S018_DAY1_MINITWICE_4649	64	Picture	RW	3756371	0	1	43199	2	0	43200
S018_DAY1_MINITWICE_4649	64	Response	52	3773398	17027	1
S018_DAY1_MINITWICE_4649	64	Pulse	99	3774369	17998	NA
S018_DAY1_MINITWICE_4649	64	Port Input	1	3774369	17998	NA
S018_DAY1_MINITWICE_4649	64	Picture	58_T_RWTRIAD_RW_molino_red.png	3799570	43199	1	1900	2	43200	1800
S018_DAY1_MINITWICE_4649	65	Picture	RW	3801670	0	1	43200	2	0	43200
S018_DAY1_MINITWICE_4649	65	Pulse	99	3810370	8700	NA
S018_DAY1_MINITWICE_4649	65	Port Input	1	3810370	8700	NA
S018_DAY1_MINITWICE_4649	65	Response	51	3817458	15788	2
S018_DAY1_MINITWICE_4649	65	Picture	59_T_RWTRIAD_RW_policia_red.png	3844870	43200	1	1900	2	43200	1800
S018_DAY1_MINITWICE_4649	65	Pulse	99	3846371	44701	NA
S018_DAY1_MINITWICE_4649	65	Port Input	1	3846371	44701	NA
S018_DAY1_MINITWICE_4649	66	Picture	RW	3847070	0	1	43200	2	0	43200
S018_DAY1_MINITWICE_4649	66	Response	51	3861422	14352	1
S018_DAY1_MINITWICE_4649	66	Pulse	99	3882371	35301	NA
S018_DAY1_MINITWICE_4649	66	Port Input	1	3882371	35301	NA
S018_DAY1_MINITWICE_4649	66	Picture	60_T_RWTRIAD_RW_carruaje_red.png	3890270	43200	1	1900	2	43200	1800
S018_DAY1_MINITWICE_4649	67	Picture	rest	3892270	0	1	144098	3	0	144000
S018_DAY1_MINITWICE_4649	67	Pulse	99	3918372	26102	NA
S018_DAY1_MINITWICE_4649	67	Port Input	1	3918372	26102	NA
S018_DAY1_MINITWICE_4649	67	Pulse	99	3954373	62103	NA
S018_DAY1_MINITWICE_4649	67	Port Input	1	3954373	62103	NA
S018_DAY1_MINITWICE_4649	67	Pulse	99	3990374	98104	NA
S018_DAY1_MINITWICE_4649	67	Port Input	1	3990374	98104	NA
S018_DAY1_MINITWICE_4649	67	Pulse	99	4026375	134105	NA
S018_DAY1_MINITWICE_4649	67	Port Input	1	4026375	134105	NA
S018_DAY1_MINITWICE_4649	68	Picture	endrest	4036468	0	2	10100	3	0	10000
S018_DAY1_MINITWICE_4649	69	Picture	PW	4047068	0	1	43200	2	0	43200
S018_DAY1_MINITWICE_4649	69	Pulse	99	4062376	15308	NA
S018_DAY1_MINITWICE_4649	69	Port Input	1	4062376	15308	NA
S018_DAY1_MINITWICE_4649	69	Response	52	4069395	22327	1
S018_DAY1_MINITWICE_4649	69	Picture	63_T_PWTRIAD_PW_silla_red.png	4090268	43200	1	1900	2	43200	1800
S018_DAY1_MINITWICE_4649	70	Picture	PW	4092368	0	1	43200	2	0	43200
S018_DAY1_MINITWICE_4649	70	Pulse	99	4098377	6009	NA
S018_DAY1_MINITWICE_4649	70	Port Input	1	4098377	6009	NA
S018_DAY1_MINITWICE_4649	70	Response	51	4116512	24144	1
S018_DAY1_MINITWICE_4649	70	Pulse	99	4134378	42010	NA
S018_DAY1_MINITWICE_4649	70	Port Input	1	4134378	42010	NA
S018_DAY1_MINITWICE_4649	70	Picture	64_T_PWTRIAD_PW_charco_red.png	4135568	43200	1	1900	2	43200	1800
S018_DAY1_MINITWICE_4649	71	Picture	PW	4137868	0	1	43099	2	0	43200
S018_DAY1_MINITWICE_4649	71	Response	51	4167559	29691	1
S018_DAY1_MINITWICE_4649	71	Pulse	99	4170379	32511	NA
S018_DAY1_MINITWICE_4649	71	Port Input	1	4170379	32511	NA
S018_DAY1_MINITWICE_4649	71	Picture	65_T_PWTRIAD_PW_candado_red.png	4180967	43099	1	1900	2	43200	1800
S018_DAY1_MINITWICE_4649	72	Picture	PW	4183367	0	1	43100	2	0	43200
S018_DAY1_MINITWICE_4649	72	Pulse	99	4206380	23013	NA
S018_DAY1_MINITWICE_4649	72	Port Input	1	4206380	23013	NA
S018_DAY1_MINITWICE_4649	72	Response	52	4208690	25323	1
S018_DAY1_MINITWICE_4649	72	Picture	66_T_PWTRIAD_PW_plato_red.png	4226467	43100	1	1900	2	43200	1800
S018_DAY1_MINITWICE_4649	73	Picture	PW	4228767	0	1	43200	2	0	43200
S018_DAY1_MINITWICE_4649	73	Pulse	99	4242381	13614	NA
S018_DAY1_MINITWICE_4649	73	Port Input	1	4242381	13614	NA
S018_DAY1_MINITWICE_4649	73	Response	51	4256005	27238	1
S018_DAY1_MINITWICE_4649	73	Picture	67_T_PWTRIAD_PW_huevos_red.png	4271967	43200	1	1900	2	43200	1800
S018_DAY1_MINITWICE_4649	74	Picture	PW	4274067	0	1	43199	2	0	43200
S018_DAY1_MINITWICE_4649	74	Pulse	99	4278382	4315	NA
S018_DAY1_MINITWICE_4649	74	Port Input	1	4278382	4315	NA
S018_DAY1_MINITWICE_4649	74	Response	51	4305303	31236	1
S018_DAY1_MINITWICE_4649	74	Pulse	99	4314383	40316	NA
S018_DAY1_MINITWICE_4649	74	Port Input	1	4314383	40316	NA
S018_DAY1_MINITWICE_4649	74	Picture	68_T_PWTRIAD_PW_telefono_red.png	4317266	43199	1	1900	2	43200	1800
S018_DAY1_MINITWICE_4649	75	Picture	PW	4319366	0	1	43200	2	0	43200
S018_DAY1_MINITWICE_4649	75	Pulse	99	4350384	31018	NA
S018_DAY1_MINITWICE_4649	75	Port Input	1	4350384	31018	NA
S018_DAY1_MINITWICE_4649	75	Response	51	4359189	39823	1
S018_DAY1_MINITWICE_4649	75	Picture	69_T_PWTRIAD_PW_violin_red.png	4362566	43200	1	1900	2	43200	1800
S018_DAY1_MINITWICE_4649	76	Picture	PW	4364866	0	1	43100	2	0	43200
S018_DAY1_MINITWICE_4649	76	Pulse	99	4386384	21518	NA
S018_DAY1_MINITWICE_4649	76	Port Input	1	4386384	21518	NA
S018_DAY1_MINITWICE_4649	76	Response	51	4396371	31505	2
S018_DAY1_MINITWICE_4649	76	Picture	70_T_PWTRIAD_PW_cortina_red.png	4407966	43100	1	1900	2	43200	1800
S018_DAY1_MINITWICE_4649	77	Picture	rest	4409966	0	1	144098	3	0	144000
S018_DAY1_MINITWICE_4649	77	Pulse	99	4422385	12419	NA
S018_DAY1_MINITWICE_4649	77	Port Input	1	4422385	12419	NA
S018_DAY1_MINITWICE_4649	77	Pulse	99	4458386	48420	NA
S018_DAY1_MINITWICE_4649	77	Port Input	1	4458386	48420	NA
S018_DAY1_MINITWICE_4649	77	Pulse	99	4494387	84421	NA
S018_DAY1_MINITWICE_4649	77	Port Input	1	4494387	84421	NA
S018_DAY1_MINITWICE_4649	77	Pulse	99	4530388	120422	NA
S018_DAY1_MINITWICE_4649	77	Port Input	1	4530388	120422	NA
S018_DAY1_MINITWICE_4649	78	Picture	endrest	4554164	0	2	10100	4	0	10000
S018_DAY1_MINITWICE_4649	79	Picture	RW	4564464	0	2	43200	3	0	43200
S018_DAY1_MINITWICE_4649	79	Pulse	99	4566389	1925	NA
S018_DAY1_MINITWICE_4649	79	Port Input	1	4566389	1925	NA
S018_DAY1_MINITWICE_4649	79	Response	52	4576908	12444	1
S018_DAY1_MINITWICE_4649	79	Pulse	99	4602390	37926	NA
S018_DAY1_MINITWICE_4649	79	Port Input	1	4602390	37926	NA
S018_DAY1_MINITWICE_4649	79	Picture	73_T_RWTRIAD_RW_leche_red.png	4607664	43200	1	1900	2	43200	1800
S018_DAY1_MINITWICE_4649	80	Picture	RW	4609764	0	1	43200	2	0	43200
S018_DAY1_MINITWICE_4649	80	Response	52	4622118	12354	1
S018_DAY1_MINITWICE_4649	80	Pulse	99	4638391	28627	NA
S018_DAY1_MINITWICE_4649	80	Port Input	1	4638391	28627	NA
S018_DAY1_MINITWICE_4649	80	Picture	74_T_RWTRIAD_RW_silla_red.png	4652964	43200	1	1900	2	43200	1800
S018_DAY1_MINITWICE_4649	81	Picture	RW	4655064	0	1	43199	2	0	43200
S018_DAY1_MINITWICE_4649	81	Response	51	4666612	11548	1
S018_DAY1_MINITWICE_4649	81	Pulse	99	4674392	19328	NA
S018_DAY1_MINITWICE_4649	81	Port Input	1	4674392	19328	NA
S018_DAY1_MINITWICE_4649	81	Picture	75_T_RWTRIAD_RW_pizarra_red.png	4698263	43199	1	1900	2	43200	1800
S018_DAY1_MINITWICE_4649	82	Picture	RW	4700363	0	1	43200	2	0	43200
S018_DAY1_MINITWICE_4649	82	Pulse	99	4710393	10030	NA
S018_DAY1_MINITWICE_4649	82	Port Input	1	4710393	10030	NA
S018_DAY1_MINITWICE_4649	82	Response	52	4714787	14424	1
S018_DAY1_MINITWICE_4649	82	Picture	76_T_RWTRIAD_RW_sombrilla_red.png	4743563	43200	1	1900	2	43200	1800
S018_DAY1_MINITWICE_4649	83	Picture	RW	4745663	0	1	43200	2	0	43200
S018_DAY1_MINITWICE_4649	83	Pulse	99	4746394	731	NA
S018_DAY1_MINITWICE_4649	83	Port Input	1	4746394	731	NA
S018_DAY1_MINITWICE_4649	83	Response	51	4760837	15174	1
S018_DAY1_MINITWICE_4649	83	Pulse	99	4782395	36732	NA
S018_DAY1_MINITWICE_4649	83	Port Input	1	4782395	36732	NA
S018_DAY1_MINITWICE_4649	83	Picture	77_T_RWTRIAD_RW_cerillas_red.png	4788863	43200	1	1900	2	43200	1800
S018_DAY1_MINITWICE_4649	84	Picture	RW	4791163	0	1	43099	2	0	43200
S018_DAY1_MINITWICE_4649	84	Response	52	4807241	16078	1
S018_DAY1_MINITWICE_4649	84	Pulse	99	4818396	27233	NA
S018_DAY1_MINITWICE_4649	84	Port Input	1	4818396	27233	NA
S018_DAY1_MINITWICE_4649	84	Picture	78_T_RWTRIAD_RW_murcielago_red.png	4834262	43099	1	1900	2	43200	1800
S018_DAY1_MINITWICE_4649	85	Picture	RW	4836362	0	1	43200	2	0	43200
S018_DAY1_MINITWICE_4649	85	Response	52	4851993	15631	1
S018_DAY1_MINITWICE_4649	85	Pulse	99	4854396	18034	NA
S018_DAY1_MINITWICE_4649	85	Port Input	1	4854396	18034	NA
S018_DAY1_MINITWICE_4649	85	Picture	79_T_RWTRIAD_RW_pluma_red.png	4879562	43200	1	1900	2	43200	1800
S018_DAY1_MINITWICE_4649	86	Picture	RW	4881662	0	1	43200	2	0	43200
S018_DAY1_MINITWICE_4649	86	Pulse	99	4890397	8735	NA
S018_DAY1_MINITWICE_4649	86	Port Input	1	4890397	8735	NA
S018_DAY1_MINITWICE_4649	86	Response	51	4895843	14181	1
S018_DAY1_MINITWICE_4649	86	Picture	80_T_RWTRIAD_RW_paracaidas_red.png	4924862	43200	1	1900	2	43200	1800
S018_DAY1_MINITWICE_4649	86	Pulse	99	4926398	44736	NA
S018_DAY1_MINITWICE_4649	86	Port Input	1	4926398	44736	NA
S018_DAY1_MINITWICE_4649	87	Picture	rest	4926862	0	1	144098	3	0	144000
S018_DAY1_MINITWICE_4649	87	Pulse	99	4962399	35537	NA
S018_DAY1_MINITWICE_4649	87	Port Input	1	4962399	35537	NA
S018_DAY1_MINITWICE_4649	87	Pulse	99	4998400	71538	NA
S018_DAY1_MINITWICE_4649	87	Port Input	1	4998400	71538	NA
S018_DAY1_MINITWICE_4649	87	Pulse	99	5034401	107539	NA
S018_DAY1_MINITWICE_4649	87	Port Input	1	5034401	107539	NA
S018_DAY1_MINITWICE_4649	87	Pulse	99	5070402	143540	NA
S018_DAY1_MINITWICE_4649	87	Port Input	1	5070402	143540	NA
S018_DAY1_MINITWICE_4649	88	Picture	endrest	5071060	0	2	10100	3	0	10000
S018_DAY1_MINITWICE_4649	89	Picture	FF	5081460	0	1	43200	2	0	43200
S018_DAY1_MINITWICE_4649	89	Response	52	5095323	13863	2
S018_DAY1_MINITWICE_4649	89	Pulse	99	5106403	24943	NA
S018_DAY1_MINITWICE_4649	89	Port Input	1	5106403	24943	NA
S018_DAY1_MINITWICE_4649	89	Picture	83_T_FFTRIAD_FF_paracaidas_red.png	5124660	43200	1	1900	2	43200	1800
S018_DAY1_MINITWICE_4649	90	Picture	FF	5127060	0	1	43100	2	0	43200
S018_DAY1_MINITWICE_4649	90	Response	51	5141496	14436	1
S018_DAY1_MINITWICE_4649	90	Pulse	99	5142404	15344	NA
S018_DAY1_MINITWICE_4649	90	Port Input	1	5142404	15344	NA
S018_DAY1_MINITWICE_4649	90	Picture	84_T_FFTRIAD_FF_tijera_red.png	5170160	43100	1	1900	2	43200	1800
S018_DAY1_MINITWICE_4649	91	Picture	FF	5172460	0	1	43199	2	0	43200
S018_DAY1_MINITWICE_4649	91	Pulse	99	5178405	5945	NA
S018_DAY1_MINITWICE_4649	91	Port Input	1	5178405	5945	NA
S018_DAY1_MINITWICE_4649	91	Response	52	5204226	31766	1
S018_DAY1_MINITWICE_4649	91	Pulse	99	5214406	41946	NA
S018_DAY1_MINITWICE_4649	91	Port Input	1	5214406	41946	NA
S018_DAY1_MINITWICE_4649	91	Picture	85_T_FFTRIAD_FF_monja_red.png	5215659	43199	1	1900	2	43200	1800
S018_DAY1_MINITWICE_4649	92	Picture	FF	5217959	0	1	43200	2	0	43200
S018_DAY1_MINITWICE_4649	92	Response	51	5248370	30411	1
S018_DAY1_MINITWICE_4649	92	Pulse	99	5250407	32448	NA
S018_DAY1_MINITWICE_4649	92	Port Input	1	5250407	32448	NA
S018_DAY1_MINITWICE_4649	92	Picture	86_T_FFTRIAD_FF_charco_red.png	5261159	43200	1	1900	2	43200	1800
S018_DAY1_MINITWICE_4649	93	Picture	PW	5263459	0	1	43100	2	0	43200
S018_DAY1_MINITWICE_4649	93	Pulse	99	5286408	22949	NA
S018_DAY1_MINITWICE_4649	93	Port Input	1	5286408	22949	NA
S018_DAY1_MINITWICE_4649	93	Response	51	5287334	23875	1
S018_DAY1_MINITWICE_4649	93	Picture	87_T_PWTRIAD_PW_pilas_red.png	5306559	43100	1	1900	2	43200	1800
S018_DAY1_MINITWICE_4649	94	Picture	PW	5308859	0	1	43099	2	0	43200
S018_DAY1_MINITWICE_4649	94	Pulse	99	5322409	13550	NA
S018_DAY1_MINITWICE_4649	94	Port Input	1	5322409	13550	NA
S018_DAY1_MINITWICE_4649	94	Response	52	5327030	18171	2
S018_DAY1_MINITWICE_4649	94	Picture	88_T_PWTRIAD_PW_cuento_red.png	5351958	43099	1	1900	2	43200	1800
S018_DAY1_MINITWICE_4649	95	Picture	PW	5354358	0	1	43200	2	0	43200
S018_DAY1_MINITWICE_4649	95	Pulse	99	5358409	4051	NA
S018_DAY1_MINITWICE_4649	95	Port Input	1	5358409	4051	NA
S018_DAY1_MINITWICE_4649	95	Response	52	5380823	26465	1
S018_DAY1_MINITWICE_4649	95	Pulse	99	5394410	40052	NA
S018_DAY1_MINITWICE_4649	95	Port Input	1	5394410	40052	NA
S018_DAY1_MINITWICE_4649	95	Picture	89_T_PWTRIAD_PW_gafas_red.png	5397558	43200	1	1900	2	43200	1800
S018_DAY1_MINITWICE_4649	96	Picture	PW	5399658	0	1	43200	2	0	43200
S018_DAY1_MINITWICE_4649	96	Response	51	5430124	30466	1
S018_DAY1_MINITWICE_4649	96	Pulse	99	5430411	30753	NA
S018_DAY1_MINITWICE_4649	96	Port Input	1	5430411	30753	NA
S018_DAY1_MINITWICE_4649	96	Picture	90_T_PWTRIAD_PW_grapadora_red.png	5442858	43200	1	1900	2	43200	1800
S018_DAY1_MINITWICE_4649	97	Picture	rest	5444857	0	2	144099	3	0	144000
S018_DAY1_MINITWICE_4649	97	Pulse	99	5466412	21555	NA
S018_DAY1_MINITWICE_4649	97	Port Input	1	5466412	21555	NA
S018_DAY1_MINITWICE_4649	97	Pulse	99	5502413	57556	NA
S018_DAY1_MINITWICE_4649	97	Port Input	1	5502413	57556	NA
S018_DAY1_MINITWICE_4649	97	Pulse	99	5538414	93557	NA
S018_DAY1_MINITWICE_4649	97	Port Input	1	5538414	93557	NA
S018_DAY1_MINITWICE_4649	97	Pulse	99	5574415	129558	NA
S018_DAY1_MINITWICE_4649	97	Port Input	1	5574415	129558	NA
S018_DAY1_MINITWICE_4649	98	Picture	endrest	5589056	0	1	10100	2	0	10000
S018_DAY1_MINITWICE_4649	99	Picture	FF	5599456	0	1	43200	2	0	43200
S018_DAY1_MINITWICE_4649	99	Pulse	99	5610416	10960	NA
S018_DAY1_MINITWICE_4649	99	Port Input	1	5610416	10960	NA
S018_DAY1_MINITWICE_4649	99	Response	51	5628898	29442	1
S018_DAY1_MINITWICE_4649	99	Picture	93_T_FFTRIAD_FF_pincel_red.png	5642656	43200	1	1900	2	43200	1800
S018_DAY1_MINITWICE_4649	100	Picture	FF	5644856	0	1	43200	2	0	43200
S018_DAY1_MINITWICE_4649	100	Pulse	99	5646417	1561	NA
S018_DAY1_MINITWICE_4649	100	Port Input	1	5646417	1561	NA
S018_DAY1_MINITWICE_4649	100	Response	52	5660590	15734	1
S018_DAY1_MINITWICE_4649	100	Pulse	99	5682418	37562	NA
S018_DAY1_MINITWICE_4649	100	Port Input	1	5682418	37562	NA
S018_DAY1_MINITWICE_4649	100	Picture	94_T_FFTRIAD_FF_cerillas_red.png	5688056	43200	1	1900	2	43200	1800
S018_DAY1_MINITWICE_4649	101	Picture	FF	5690156	0	1	43199	2	0	43200
S018_DAY1_MINITWICE_4649	101	Response	52	5703216	13060	3
S018_DAY1_MINITWICE_4649	101	Pulse	99	5718419	28263	NA
S018_DAY1_MINITWICE_4649	101	Port Input	1	5718419	28263	NA
S018_DAY1_MINITWICE_4649	101	Picture	95_T_FFTRIAD_FF_cinturon_red.png	5733355	43199	1	1900	2	43200	1800
S018_DAY1_MINITWICE_4649	102	Picture	FF	5735655	0	1	43100	2	0	43200
S018_DAY1_MINITWICE_4649	102	Pulse	99	5754420	18765	NA
S018_DAY1_MINITWICE_4649	102	Port Input	1	5754420	18765	NA
S018_DAY1_MINITWICE_4649	102	Response	51	5756682	21027	1
S018_DAY1_MINITWICE_4649	102	Picture	96_T_FFTRIAD_FF_grifo_red.png	5778755	43100	1	1900	2	43200	1800
S018_DAY1_MINITWICE_4649	103	Picture	FF	5781055	0	1	43100	2	0	43200
S018_DAY1_MINITWICE_4649	103	Pulse	99	5790421	9366	NA
S018_DAY1_MINITWICE_4649	103	Port Input	1	5790421	9366	NA
S018_DAY1_MINITWICE_4649	103	Response	52	5798110	17055	2
S018_DAY1_MINITWICE_4649	103	Picture	97_T_FFTRIAD_FF_paraguas_red.png	5824155	43100	1	1899	3	43200	1800
S018_DAY1_MINITWICE_4649	104	Picture	FF	5826255	0	1	43199	2	0	43200
S018_DAY1_MINITWICE_4649	104	Pulse	99	5826422	167	NA
S018_DAY1_MINITWICE_4649	104	Port Input	1	5826422	167	NA
S018_DAY1_MINITWICE_4649	104	Response	52	5840323	14068	1
S018_DAY1_MINITWICE_4649	104	Pulse	99	5862422	36167	NA
S018_DAY1_MINITWICE_4649	104	Port Input	1	5862422	36167	NA
S018_DAY1_MINITWICE_4649	104	Picture	98_T_FFTRIAD_FF_pilas_red.png	5869454	43199	1	1900	2	43200	1800
S018_DAY1_MINITWICE_4649	105	Picture	FF	5871854	0	1	43200	2	0	43200
S018_DAY1_MINITWICE_4649	105	Response	51	5887986	16132	1
S018_DAY1_MINITWICE_4649	105	Pulse	99	5898423	26569	NA
S018_DAY1_MINITWICE_4649	105	Port Input	1	5898423	26569	NA
S018_DAY1_MINITWICE_4649	105	Picture	99_T_FFTRIAD_FF_arco_red.png	5915054	43200	1	1900	2	43200	1800
S018_DAY1_MINITWICE_4649	106	Picture	FF	5917354	0	1	43099	3	0	43200
S018_DAY1_MINITWICE_4649	106	Response	52	5932920	15566	1
S018_DAY1_MINITWICE_4649	106	Pulse	99	5934424	17070	NA
S018_DAY1_MINITWICE_4649	106	Port Input	1	5934424	17070	NA
S018_DAY1_MINITWICE_4649	106	Picture	100_T_FFTRIAD_FF_manos_red.png	5960453	43099	2	1900	4	43200	1800
S018_DAY1_MINITWICE_4649	107	Picture	rest	5962453	0	2	144099	3	0	144000
S018_DAY1_MINITWICE_4649	107	Pulse	99	5970425	7972	NA
S018_DAY1_MINITWICE_4649	107	Port Input	1	5970425	7972	NA
S018_DAY1_MINITWICE_4649	107	Pulse	99	6006426	43973	NA
S018_DAY1_MINITWICE_4649	107	Port Input	1	6006426	43973	NA
S018_DAY1_MINITWICE_4649	107	Pulse	99	6042427	79974	NA
S018_DAY1_MINITWICE_4649	107	Port Input	1	6042427	79974	NA
S018_DAY1_MINITWICE_4649	107	Pulse	99	6078428	115975	NA
S018_DAY1_MINITWICE_4649	107	Port Input	1	6078428	115975	NA
S018_DAY1_MINITWICE_4649	108	Picture	endrest	6106652	0	1	10100	2	0	10000
S018_DAY1_MINITWICE_4649	108	Pulse	99	6114429	7777	NA
S018_DAY1_MINITWICE_4649	108	Port Input	1	6114429	7777	NA
S018_DAY1_MINITWICE_4649	109	Picture	PW	6117252	0	1	43100	3	0	43200
S018_DAY1_MINITWICE_4649	109	Response	51	6140334	23082	1
S018_DAY1_MINITWICE_4649	109	Pulse	99	6150430	33178	NA
S018_DAY1_MINITWICE_4649	109	Port Input	1	6150430	33178	NA
S018_DAY1_MINITWICE_4649	109	Picture	103_T_PWTRIAD_PW_molino_red.png	6160352	43100	2	1900	3	43200	1800
S018_DAY1_MINITWICE_4649	110	Picture	PW	6162552	0	1	43200	2	0	43200
S018_DAY1_MINITWICE_4649	110	Pulse	99	6186431	23879	NA
S018_DAY1_MINITWICE_4649	110	Port Input	1	6186431	23879	NA
S018_DAY1_MINITWICE_4649	110	Response	52	6191922	29370	1
S018_DAY1_MINITWICE_4649	110	Picture	104_T_PWTRIAD_PW_martillo_red.png	6205752	43200	1	1900	2	43200	1800
S018_DAY1_MINITWICE_4649	111	Picture	PW	6207852	0	1	43199	3	0	43200
S018_DAY1_MINITWICE_4649	111	Pulse	99	6222432	14580	NA
S018_DAY1_MINITWICE_4649	111	Port Input	1	6222432	14580	NA
S018_DAY1_MINITWICE_4649	111	Response	52	6234989	27137	1
S018_DAY1_MINITWICE_4649	111	Picture	105_T_PWTRIAD_PW_tijera_red.png	6251051	43199	2	1900	4	43200	1800
S018_DAY1_MINITWICE_4649	112	Picture	PW	6253251	0	1	43200	2	0	43200
S018_DAY1_MINITWICE_4649	112	Pulse	99	6258433	5182	NA
S018_DAY1_MINITWICE_4649	112	Port Input	1	6258433	5182	NA
S018_DAY1_MINITWICE_4649	112	Response	52	6286410	33159	3
S018_DAY1_MINITWICE_4649	112	Pulse	99	6294434	41183	NA
S018_DAY1_MINITWICE_4649	112	Port Input	1	6294434	41183	NA
S018_DAY1_MINITWICE_4649	112	Picture	106_T_PWTRIAD_PW_cinturon_red.png	6296451	43200	1	1900	2	43200	1800
S018_DAY1_MINITWICE_4649	113	Picture	PW	6298551	0	1	43199	3	0	43200
S018_DAY1_MINITWICE_4649	113	Pulse	99	6330434	31883	NA
S018_DAY1_MINITWICE_4649	113	Port Input	1	6330434	31883	NA
S018_DAY1_MINITWICE_4649	113	Response	52	6332670	34119	1
S018_DAY1_MINITWICE_4649	113	Picture	107_T_PWTRIAD_PW_traje_red.png	6341750	43199	2	1901	3	43200	1800
S018_DAY1_MINITWICE_4649	114	Picture	PW	6344150	0	2	43100	3	0	43200
S018_DAY1_MINITWICE_4649	114	Pulse	99	6366435	22285	NA
S018_DAY1_MINITWICE_4649	114	Port Input	1	6366435	22285	NA
S018_DAY1_MINITWICE_4649	114	Response	51	6377877	33727	1
S018_DAY1_MINITWICE_4649	114	Picture	108_T_PWTRIAD_PW_sobre_red.png	6387250	43100	1	1900	2	43200	1800
S018_DAY1_MINITWICE_4649	115	Picture	PW	6389350	0	1	43200	2	0	43200
S018_DAY1_MINITWICE_4649	115	Pulse	99	6402436	13086	NA
S018_DAY1_MINITWICE_4649	115	Port Input	1	6402436	13086	NA
S018_DAY1_MINITWICE_4649	115	Response	51	6421442	32092	1
S018_DAY1_MINITWICE_4649	115	Picture	109_T_PWTRIAD_PW_television_red.png	6432550	43200	1	1900	2	43200	1800
S018_DAY1_MINITWICE_4649	116	Picture	PW	6434850	0	1	43099	3	0	43200
S018_DAY1_MINITWICE_4649	116	Pulse	99	6438437	3587	NA
S018_DAY1_MINITWICE_4649	116	Port Input	1	6438437	3587	NA
S018_DAY1_MINITWICE_4649	116	Response	51	6462186	27336	1
S018_DAY1_MINITWICE_4649	116	Pulse	99	6474438	39588	NA
S018_DAY1_MINITWICE_4649	116	Port Input	1	6474438	39588	NA
S018_DAY1_MINITWICE_4649	116	Picture	110_T_PWTRIAD_PW_paraguas_red.png	6477949	43099	2	1900	4	43200	1800
S018_DAY1_MINITWICE_4649	117	Picture	rest	6479949	0	2	144099	3	0	144000
S018_DAY1_MINITWICE_4649	117	Pulse	99	6510439	30490	NA
S018_DAY1_MINITWICE_4649	117	Port Input	1	6510439	30490	NA
S018_DAY1_MINITWICE_4649	117	Pulse	99	6546440	66491	NA
S018_DAY1_MINITWICE_4649	117	Port Input	1	6546440	66491	NA
S018_DAY1_MINITWICE_4649	117	Pulse	99	6582441	102492	NA
S018_DAY1_MINITWICE_4649	117	Port Input	1	6582441	102492	NA
S018_DAY1_MINITWICE_4649	117	Pulse	99	6618442	138493	NA
S018_DAY1_MINITWICE_4649	117	Port Input	1	6618442	138493	NA
S018_DAY1_MINITWICE_4649	118	Picture	endrest	6624148	0	1	10100	2	0	10000
S018_DAY1_MINITWICE_4649	119	Picture	PW	6634448	0	1	43200	2	0	43200
S018_DAY1_MINITWICE_4649	119	Pulse	99	6654443	19995	NA
S018_DAY1_MINITWICE_4649	119	Port Input	1	6654443	19995	NA
S018_DAY1_MINITWICE_4649	119	Response	52	6660321	25873	1
S018_DAY1_MINITWICE_4649	119	Picture	113_T_PWTRIAD_PW_raton_red.png	6677648	43200	1	1900	2	43200	1800
S018_DAY1_MINITWICE_4649	120	Picture	PW	6679948	0	1	43100	2	0	43200
S018_DAY1_MINITWICE_4649	120	Pulse	99	6690444	10496	NA
S018_DAY1_MINITWICE_4649	120	Port Input	1	6690444	10496	NA
S018_DAY1_MINITWICE_4649	120	Response	51	6711870	31922	1
S018_DAY1_MINITWICE_4649	120	Picture	114_T_PWTRIAD_PW_destornillador_red.png	6723048	43100	1	1900	2	43200	1800
S018_DAY1_MINITWICE_4649	121	Picture	PW	6725348	0	1	43099	2	0	43200
S018_DAY1_MINITWICE_4649	121	Pulse	99	6726445	1097	NA
S018_DAY1_MINITWICE_4649	121	Port Input	1	6726445	1097	NA
S018_DAY1_MINITWICE_4649	121	Response	52	6751940	26592	1
S018_DAY1_MINITWICE_4649	121	Pulse	99	6762446	37098	NA
S018_DAY1_MINITWICE_4649	121	Port Input	1	6762446	37098	NA
S018_DAY1_MINITWICE_4649	121	Picture	115_T_PWTRIAD_PW_llave_red.png	6768447	43099	1	1900	2	43200	1800
S018_DAY1_MINITWICE_4649	122	Picture	PW	6770747	0	1	43100	2	0	43200
S018_DAY1_MINITWICE_4649	122	Response	51	6796673	25926	1
S018_DAY1_MINITWICE_4649	122	Pulse	99	6798446	27699	NA
S018_DAY1_MINITWICE_4649	122	Port Input	1	6798446	27699	NA
S018_DAY1_MINITWICE_4649	122	Picture	116_T_PWTRIAD_PW_granjero_red.png	6813847	43100	1	1900	2	43200	1800
S018_DAY1_MINITWICE_4649	123	Picture	PW	6816047	0	1	43199	3	0	43200
S018_DAY1_MINITWICE_4649	123	Pulse	99	6834447	18400	NA
S018_DAY1_MINITWICE_4649	123	Port Input	1	6834447	18400	NA
S018_DAY1_MINITWICE_4649	123	Response	52	6849016	32969	1
S018_DAY1_MINITWICE_4649	123	Picture	117_T_PWTRIAD_PW_carruaje_red.png	6859246	43199	2	1900	4	43200	1800
S018_DAY1_MINITWICE_4649	124	Picture	PW	6861346	0	2	43200	3	0	43200
S018_DAY1_MINITWICE_4649	124	Pulse	99	6870448	9102	NA
S018_DAY1_MINITWICE_4649	124	Port Input	1	6870448	9102	NA
S018_DAY1_MINITWICE_4649	124	Response	51	6897467	36121	1
S018_DAY1_MINITWICE_4649	124	Picture	118_T_PWTRIAD_PW_pincel_red.png	6904546	43200	1	1900	2	43200	1800
S018_DAY1_MINITWICE_4649	124	Pulse	99	6906449	45103	NA
S018_DAY1_MINITWICE_4649	124	Port Input	1	6906449	45103	NA
S018_DAY1_MINITWICE_4649	125	Picture	PW	6906846	0	1	43100	2	0	43200
S018_DAY1_MINITWICE_4649	125	Response	52	6936162	29316	2
S018_DAY1_MINITWICE_4649	125	Pulse	99	6942450	35604	NA
S018_DAY1_MINITWICE_4649	125	Port Input	1	6942450	35604	NA
S018_DAY1_MINITWICE_4649	125	Picture	119_T_PWTRIAD_PW_ancla_red.png	6949946	43100	1	1900	2	43200	1800
S018_DAY1_MINITWICE_4649	126	Picture	PW	6952246	0	1	43099	2	0	43200
S018_DAY1_MINITWICE_4649	126	Response	52	6977105	24859	1
S018_DAY1_MINITWICE_4649	126	Pulse	99	6978451	26205	NA
S018_DAY1_MINITWICE_4649	126	Port Input	1	6978451	26205	NA
S018_DAY1_MINITWICE_4649	126	Picture	120_T_PWTRIAD_PW_mono_red.png	6995345	43099	1	1900	2	43200	1800
S018_DAY1_MINITWICE_4649	127	Picture	rest	6997345	0	2	144099	3	0	144000
S018_DAY1_MINITWICE_4649	127	Pulse	99	7014452	17107	NA
S018_DAY1_MINITWICE_4649	127	Port Input	1	7014452	17107	NA
S018_DAY1_MINITWICE_4649	127	Pulse	99	7050453	53108	NA
S018_DAY1_MINITWICE_4649	127	Port Input	1	7050453	53108	NA
S018_DAY1_MINITWICE_4649	127	Pulse	99	7086454	89109	NA
S018_DAY1_MINITWICE_4649	127	Port Input	1	7086454	89109	NA
S018_DAY1_MINITWICE_4649	127	Pulse	99	7122455	125110	NA
S018_DAY1_MINITWICE_4649	127	Port Input	1	7122455	125110	NA
S018_DAY1_MINITWICE_4649	128	Picture	endrest	7141544	0	1	10100	2	0	10000
S018_DAY1_MINITWICE_4649	129	Picture	PW	7151844	0	1	43200	2	0	43200
S018_DAY1_MINITWICE_4649	129	Pulse	99	7158456	6612	NA
S018_DAY1_MINITWICE_4649	129	Port Input	1	7158456	6612	NA
S018_DAY1_MINITWICE_4649	129	Response	52	7176979	25135	1
S018_DAY1_MINITWICE_4649	129	Pulse	99	7194457	42613	NA
S018_DAY1_MINITWICE_4649	129	Port Input	1	7194457	42613	NA
S018_DAY1_MINITWICE_4649	129	Picture	123_T_PWTRIAD_PW_dado_red.png	7195044	43200	1	1900	2	43200	1800
S018_DAY1_MINITWICE_4649	130	Picture	PW	7197344	0	1	43099	3	0	43200
S018_DAY1_MINITWICE_4649	130	Response	51	7225941	28597	1
S018_DAY1_MINITWICE_4649	130	Pulse	99	7230458	33114	NA
S018_DAY1_MINITWICE_4649	130	Port Input	1	7230458	33114	NA
S018_DAY1_MINITWICE_4649	130	Picture	124_T_PWTRIAD_PW_arbol_red.png	7240443	43099	2	1900	4	43200	1800
S018_DAY1_MINITWICE_4649	131	Picture	PW	7242543	0	2	43200	3	0	43200
S018_DAY1_MINITWICE_4649	131	Pulse	99	7266458	23915	NA
S018_DAY1_MINITWICE_4649	131	Port Input	1	7266458	23915	NA
S018_DAY1_MINITWICE_4649	131	Response	51	7278137	35594	1
S018_DAY1_MINITWICE_4649	131	Picture	125_T_PWTRIAD_PW_queso_red.png	7285743	43200	1	1900	2	43200	1800
S018_DAY1_MINITWICE_4649	132	Picture	PW	7287843	0	1	43200	2	0	43200
S018_DAY1_MINITWICE_4649	132	Pulse	99	7302459	14616	NA
S018_DAY1_MINITWICE_4649	132	Port Input	1	7302459	14616	NA
S018_DAY1_MINITWICE_4649	132	Response	51	7326766	38923	1
S018_DAY1_MINITWICE_4649	132	Picture	126_T_PWTRIAD_PW_madera_red.png	7331043	43200	1	1900	2	43200	1800
S018_DAY1_MINITWICE_4649	133	Picture	FF	7333343	0	1	43199	3	0	43200
S018_DAY1_MINITWICE_4649	133	Pulse	99	7338460	5117	NA
S018_DAY1_MINITWICE_4649	133	Port Input	1	7338460	5117	NA
S018_DAY1_MINITWICE_4649	133	Response	51	7358402	25059	2
S018_DAY1_MINITWICE_4649	133	Pulse	99	7374461	41118	NA
S018_DAY1_MINITWICE_4649	133	Port Input	1	7374461	41118	NA
S018_DAY1_MINITWICE_4649	133	Picture	127_T_FFTRIAD_FF_portatil_red.png	7376542	43199	2	1900	4	43200	1800
S018_DAY1_MINITWICE_4649	134	Picture	FF	7378842	0	2	43100	3	0	43200
S018_DAY1_MINITWICE_4649	134	Response	51	7408208	29366	1
S018_DAY1_MINITWICE_4649	134	Pulse	99	7410462	31620	NA
S018_DAY1_MINITWICE_4649	134	Port Input	1	7410462	31620	NA
S018_DAY1_MINITWICE_4649	134	Picture	128_T_FFTRIAD_FF_madera_red.png	7421942	43100	1	1900	2	43200	1800
S018_DAY1_MINITWICE_4649	135	Picture	FF	7424042	0	1	43200	2	0	43200
S018_DAY1_MINITWICE_4649	135	Pulse	99	7446463	22421	NA
S018_DAY1_MINITWICE_4649	135	Port Input	1	7446463	22421	NA
S018_DAY1_MINITWICE_4649	135	Response	52	7447758	23716	1
S018_DAY1_MINITWICE_4649	135	Picture	129_T_FFTRIAD_FF_policia_red.png	7467242	43200	1	1900	2	43200	1800
S018_DAY1_MINITWICE_4649	136	Picture	FF	7469442	0	1	43199	2	0	43200
S018_DAY1_MINITWICE_4649	136	Pulse	99	7482464	13022	NA
S018_DAY1_MINITWICE_4649	136	Port Input	1	7482464	13022	NA
S018_DAY1_MINITWICE_4649	136	Response	52	7485605	16163	1
S018_DAY1_MINITWICE_4649	136	Picture	130_T_FFTRIAD_FF_murcielago_red.png	7512641	43199	1	1900	2	43200	1800
S018_DAY1_MINITWICE_4649	137	Picture	rest	7514641	0	1	144099	2	0	144000
S018_DAY1_MINITWICE_4649	137	Pulse	99	7518465	3824	NA
S018_DAY1_MINITWICE_4649	137	Port Input	1	7518465	3824	NA
S018_DAY1_MINITWICE_4649	137	Pulse	99	7554466	39825	NA
S018_DAY1_MINITWICE_4649	137	Port Input	1	7554466	39825	NA
S018_DAY1_MINITWICE_4649	137	Pulse	99	7590467	75826	NA
S018_DAY1_MINITWICE_4649	137	Port Input	1	7590467	75826	NA
S018_DAY1_MINITWICE_4649	137	Pulse	99	7626468	111827	NA
S018_DAY1_MINITWICE_4649	137	Port Input	1	7626468	111827	NA
S018_DAY1_MINITWICE_4649	138	Picture	endrest	7658840	0	1	10100	2	0	10000
S018_DAY1_MINITWICE_4649	138	Pulse	99	7662469	3629	NA
S018_DAY1_MINITWICE_4649	138	Port Input	1	7662469	3629	NA
S018_DAY1_MINITWICE_4649	139	Picture	RW	7669140	0	1	43200	2	0	43200
S018_DAY1_MINITWICE_4649	139	Response	52	7688532	19392	1
S018_DAY1_MINITWICE_4649	139	Pulse	99	7698470	29330	NA
S018_DAY1_MINITWICE_4649	139	Port Input	1	7698470	29330	NA
S018_DAY1_MINITWICE_4649	139	Picture	133_T_RWTRIAD_RW_arbol_red.png	7712340	43200	1	1900	2	43200	1800
S018_DAY1_MINITWICE_4649	140	Picture	RW	7714440	0	1	43199	3	0	43200
S018_DAY1_MINITWICE_4649	140	Response	52	7728206	13766	2
S018_DAY1_MINITWICE_4649	140	Pulse	99	7734470	20030	NA
S018_DAY1_MINITWICE_4649	140	Port Input	1	7734470	20030	NA
S018_DAY1_MINITWICE_4649	140	Picture	134_T_RWTRIAD_RW_sapo_red.png	7757639	43199	2	1900	4	43200	1800
S018_DAY1_MINITWICE_4649	141	Picture	RW	7759739	0	2	43200	3	0	43200
S018_DAY1_MINITWICE_4649	141	Pulse	99	7770471	10732	NA
S018_DAY1_MINITWICE_4649	141	Port Input	1	7770471	10732	NA
S018_DAY1_MINITWICE_4649	141	Response	51	7773757	14018	1
S018_DAY1_MINITWICE_4649	141	Picture	135_T_RWTRIAD_RW_teclado_red.png	7802939	43200	1	1900	2	43200	1800
S018_DAY1_MINITWICE_4649	142	Picture	RW	7805039	0	1	43200	2	0	43200
S018_DAY1_MINITWICE_4649	142	Pulse	99	7806472	1433	NA
S018_DAY1_MINITWICE_4649	142	Port Input	1	7806472	1433	NA
S018_DAY1_MINITWICE_4649	142	Response	51	7819253	14214	1
S018_DAY1_MINITWICE_4649	142	Pulse	99	7842473	37434	NA
S018_DAY1_MINITWICE_4649	142	Port Input	1	7842473	37434	NA
S018_DAY1_MINITWICE_4649	142	Picture	136_T_RWTRIAD_RW_television_red.png	7848239	43200	1	1900	2	43200	1800
S018_DAY1_MINITWICE_4649	143	Picture	rest	7850239	0	1	144099	2	0	144000
S018_DAY1_MINITWICE_4649	143	Pulse	99	7878474	28235	NA
S018_DAY1_MINITWICE_4649	143	Port Input	1	7878474	28235	NA
S018_DAY1_MINITWICE_4649	144	Picture	endrest	7994438	0	1	10099	3	0	10000
S018_DAY1_MINITWICE_4649	145	Picture	endrest	8004637	0	2	10100	4	0	10000
S018_DAY1_MINITWICE_4649	146	Picture	endrest	8014837	0	2	10100	3	0	10000
S018_DAY1_MINITWICE_4649	147	Picture	endrest	8025037	0	1	10100	2	0	10000
