Scenario - vOT_Triads_fMRI_II
Logfile written - 10/09/2015 11:36:25

Subject	Trial	Event Type	Code	Time	TTime	Uncertainty	Duration	Uncertainty	ReqTime	ReqDur

S019_MINIONCE_3740	1	Pulse	99	263256	273175	NA
S019_MINIONCE_3740	1	Port Input	1	263256	273175	NA
S019_MINIONCE_3740	1	Pulse	99	299257	309176	NA
S019_MINIONCE_3740	1	Port Input	1	299257	309176	NA
S019_MINIONCE_3740	1	Pulse	99	335258	345177	NA
S019_MINIONCE_3740	1	Port Input	1	335258	345177	NA
S019_MINIONCE_3740	1	Pulse	99	371259	381178	NA
S019_MINIONCE_3740	1	Port Input	1	371259	381178	NA
S019_MINIONCE_3740	1	Pulse	99	407260	417179	NA
S019_MINIONCE_3740	1	Port Input	1	407260	417179	NA
S019_MINIONCE_3740	2	Picture	rest	407495	0	1	144098	2	0	144000
S019_MINIONCE_3740	2	Pulse	99	443260	35765	NA
S019_MINIONCE_3740	2	Port Input	1	443260	35765	NA
S019_MINIONCE_3740	2	Pulse	99	479261	71766	NA
S019_MINIONCE_3740	2	Port Input	1	479261	71766	NA
S019_MINIONCE_3740	2	Pulse	99	515262	107767	NA
S019_MINIONCE_3740	2	Port Input	1	515262	107767	NA
S019_MINIONCE_3740	2	Pulse	99	551263	143768	NA
S019_MINIONCE_3740	2	Port Input	1	551263	143768	NA
S019_MINIONCE_3740	3	Picture	endrest	551693	0	1	10100	2	0	10000
S019_MINIONCE_3740	4	Picture	FF	561993	0	1	43200	2	0	43200
S019_MINIONCE_3740	4	Response	51	577091	15098	1
S019_MINIONCE_3740	4	Pulse	99	587264	25271	NA
S019_MINIONCE_3740	4	Port Input	1	587264	25271	NA
S019_MINIONCE_3740	4	Picture	3_T_FFTRIAD_FF_monja_red.png	605193	43200	1	1900	2	43200	1800
S019_MINIONCE_3740	5	Picture	FF	607493	0	1	43099	2	0	43200
S019_MINIONCE_3740	5	Response	51	619687	12194	1
S019_MINIONCE_3740	5	Pulse	99	623264	15771	NA
S019_MINIONCE_3740	5	Port Input	1	623264	15771	NA
S019_MINIONCE_3740	5	Picture	4_T_FFTRIAD_FF_candado_red.png	650592	43099	1	1900	2	43200	1800
S019_MINIONCE_3740	6	Picture	FF	652892	0	1	43100	2	0	43200
S019_MINIONCE_3740	6	Pulse	99	659265	6373	NA
S019_MINIONCE_3740	6	Port Input	1	659265	6373	NA
S019_MINIONCE_3740	6	Response	51	674868	21976	3
S019_MINIONCE_3740	6	Pulse	99	695266	42374	NA
S019_MINIONCE_3740	6	Port Input	1	695266	42374	NA
S019_MINIONCE_3740	6	Picture	5_T_FFTRIAD_FF_cortina_red.png	695992	43100	1	1900	2	43200	1800
S019_MINIONCE_3740	7	Picture	FF	698092	0	1	43199	2	0	43200
S019_MINIONCE_3740	7	Response	51	713051	14959	1
S019_MINIONCE_3740	7	Pulse	99	731267	33175	NA
S019_MINIONCE_3740	7	Port Input	1	731267	33175	NA
S019_MINIONCE_3740	7	Picture	6_T_FFTRIAD_FF_futbol_red.png	741291	43199	1	1900	2	43200	1800
S019_MINIONCE_3740	8	Picture	RW	743391	0	1	43200	2	0	43200
S019_MINIONCE_3740	8	Response	52	756491	13100	1
S019_MINIONCE_3740	8	Pulse	99	767268	23877	NA
S019_MINIONCE_3740	8	Port Input	1	767268	23877	NA
S019_MINIONCE_3740	8	Picture	7_T_RWTRIAD_RW_lechuga_red.png	786591	43200	1	1900	2	43200	1800
S019_MINIONCE_3740	9	Picture	RW	788691	0	1	43199	2	0	43200
S019_MINIONCE_3740	9	Response	52	801356	12665	1
S019_MINIONCE_3740	9	Pulse	99	803269	14578	NA
S019_MINIONCE_3740	9	Port Input	1	803269	14578	NA
S019_MINIONCE_3740	9	Picture	8_T_RWTRIAD_RW_lenador_red.png	831890	43199	1	1900	2	43200	1800
S019_MINIONCE_3740	10	Picture	RW	833990	0	1	43200	2	0	43200
S019_MINIONCE_3740	10	Pulse	99	839269	5279	NA
S019_MINIONCE_3740	10	Port Input	1	839269	5279	NA
S019_MINIONCE_3740	10	Response	52	847898	13908	2
S019_MINIONCE_3740	10	Pulse	99	875270	41280	NA
S019_MINIONCE_3740	10	Port Input	1	875270	41280	NA
S019_MINIONCE_3740	10	Picture	9_T_RWTRIAD_RW_sombrilla_red.png	877190	43200	1	1900	2	43200	1800
S019_MINIONCE_3740	11	Picture	RW	879390	0	1	43199	2	0	43200
S019_MINIONCE_3740	11	Response	52	894121	14731	1
S019_MINIONCE_3740	11	Pulse	99	911271	31881	NA
S019_MINIONCE_3740	11	Port Input	1	911271	31881	NA
S019_MINIONCE_3740	11	Picture	10_T_RWTRIAD_RW_lana_red.png	922589	43199	1	1900	2	43200	1800
S019_MINIONCE_3740	12	Picture	rest	924589	0	1	144099	2	0	144000
S019_MINIONCE_3740	12	Pulse	99	947272	22683	NA
S019_MINIONCE_3740	12	Port Input	1	947272	22683	NA
S019_MINIONCE_3740	12	Pulse	99	983273	58684	NA
S019_MINIONCE_3740	12	Port Input	1	983273	58684	NA
S019_MINIONCE_3740	12	Pulse	99	1019274	94685	NA
S019_MINIONCE_3740	12	Port Input	1	1019274	94685	NA
S019_MINIONCE_3740	12	Pulse	99	1055274	130685	NA
S019_MINIONCE_3740	12	Port Input	1	1055274	130685	NA
S019_MINIONCE_3740	13	Picture	endrest	1068788	0	1	10100	2	0	10000
S019_MINIONCE_3740	14	Picture	FF	1079088	0	1	43199	2	0	43200
S019_MINIONCE_3740	14	Pulse	99	1091275	12187	NA
S019_MINIONCE_3740	14	Port Input	1	1091275	12187	NA
S019_MINIONCE_3740	14	Response	52	1096535	17447	1
S019_MINIONCE_3740	14	Picture	13_T_FFTRIAD_FF_pizarra_red.png	1122287	43199	1	1900	2	43200	1800
S019_MINIONCE_3740	15	Picture	FF	1124387	0	1	43200	2	0	43200
S019_MINIONCE_3740	15	Pulse	99	1127276	2889	NA
S019_MINIONCE_3740	15	Port Input	1	1127276	2889	NA
S019_MINIONCE_3740	15	Response	51	1139209	14822	1
S019_MINIONCE_3740	15	Pulse	99	1163277	38890	NA
S019_MINIONCE_3740	15	Port Input	1	1163277	38890	NA
S019_MINIONCE_3740	15	Picture	14_T_FFTRIAD_FF_llave_red.png	1167587	43200	1	1900	2	43200	1800
S019_MINIONCE_3740	16	Picture	FF	1169787	0	1	43199	2	0	43200
S019_MINIONCE_3740	16	Response	52	1180308	10521	2
S019_MINIONCE_3740	16	Pulse	99	1199278	29491	NA
S019_MINIONCE_3740	16	Port Input	1	1199278	29491	NA
S019_MINIONCE_3740	16	Picture	15_T_FFTRIAD_FF_bala_red.png	1212986	43199	1	1900	2	43200	1800
S019_MINIONCE_3740	17	Picture	FF	1215086	0	1	43200	2	0	43200
S019_MINIONCE_3740	17	Response	52	1226072	10986	1
S019_MINIONCE_3740	17	Pulse	99	1235278	20192	NA
S019_MINIONCE_3740	17	Port Input	1	1235278	20192	NA
S019_MINIONCE_3740	17	Picture	16_T_FFTRIAD_FF_telefono_red.png	1258286	43200	1	1900	2	43200	1800
S019_MINIONCE_3740	18	Picture	FF	1260586	0	1	43099	2	0	43200
S019_MINIONCE_3740	18	Pulse	99	1271279	10693	NA
S019_MINIONCE_3740	18	Port Input	1	1271279	10693	NA
S019_MINIONCE_3740	18	Response	51	1278629	18043	1
S019_MINIONCE_3740	18	Picture	17_T_FFTRIAD_FF_oruga_red.png	1303685	43099	1	1900	2	43200	1800
S019_MINIONCE_3740	19	Picture	FF	1305785	0	1	43200	2	0	43200
S019_MINIONCE_3740	19	Pulse	99	1307280	1495	NA
S019_MINIONCE_3740	19	Port Input	1	1307280	1495	NA
S019_MINIONCE_3740	19	Response	51	1321354	15569	1
S019_MINIONCE_3740	19	Pulse	99	1343281	37496	NA
S019_MINIONCE_3740	19	Port Input	1	1343281	37496	NA
S019_MINIONCE_3740	19	Picture	18_T_FFTRIAD_FF_pincel_red.png	1348985	43200	1	1900	2	43200	1800
S019_MINIONCE_3740	20	Picture	FF	1351085	0	1	43199	2	0	43200
S019_MINIONCE_3740	20	Response	51	1361091	10006	1
S019_MINIONCE_3740	20	Pulse	99	1379282	28197	NA
S019_MINIONCE_3740	20	Port Input	1	1379282	28197	NA
S019_MINIONCE_3740	20	Picture	19_T_FFTRIAD_FF_charco_red.png	1394284	43199	1	1900	2	43200	1800
S019_MINIONCE_3740	21	Picture	FF	1396584	0	1	43100	2	0	43200
S019_MINIONCE_3740	21	Response	52	1411807	15223	1
S019_MINIONCE_3740	21	Pulse	99	1415282	18698	NA
S019_MINIONCE_3740	21	Port Input	1	1415282	18698	NA
S019_MINIONCE_3740	21	Picture	20_T_FFTRIAD_FF_destornillador_red.png	1439684	43100	1	1900	2	43200	1800
S019_MINIONCE_3740	22	Picture	rest	1441684	0	1	144098	2	0	144000
S019_MINIONCE_3740	22	Pulse	99	1451283	9599	NA
S019_MINIONCE_3740	22	Port Input	1	1451283	9599	NA
S019_MINIONCE_3740	22	Pulse	99	1487284	45600	NA
S019_MINIONCE_3740	22	Port Input	1	1487284	45600	NA
S019_MINIONCE_3740	22	Pulse	99	1523285	81601	NA
S019_MINIONCE_3740	22	Port Input	1	1523285	81601	NA
S019_MINIONCE_3740	22	Pulse	99	1559286	117602	NA
S019_MINIONCE_3740	22	Port Input	1	1559286	117602	NA
S019_MINIONCE_3740	23	Picture	endrest	1585882	0	1	10100	2	0	10000
S019_MINIONCE_3740	23	Pulse	99	1595287	9405	NA
S019_MINIONCE_3740	23	Port Input	1	1595287	9405	NA
S019_MINIONCE_3740	24	Picture	RW	1596282	0	1	43200	2	0	43200
S019_MINIONCE_3740	24	Response	51	1609366	13084	1
S019_MINIONCE_3740	24	Pulse	99	1631287	35005	NA
S019_MINIONCE_3740	24	Port Input	1	1631287	35005	NA
S019_MINIONCE_3740	24	Picture	23_T_RWTRIAD_RW_iglu_red.png	1639482	43200	1	1900	2	43200	1800
S019_MINIONCE_3740	25	Picture	RW	1641782	0	1	43099	2	0	43200
S019_MINIONCE_3740	25	Response	52	1653114	11332	1
S019_MINIONCE_3740	25	Pulse	99	1667288	25506	NA
S019_MINIONCE_3740	25	Port Input	1	1667288	25506	NA
S019_MINIONCE_3740	25	Picture	24_T_RWTRIAD_RW_queso_red.png	1684881	43099	1	1900	2	43200	1800
S019_MINIONCE_3740	26	Picture	RW	1687081	0	1	43200	2	0	43200
S019_MINIONCE_3740	26	Response	51	1699127	12046	1
S019_MINIONCE_3740	26	Pulse	99	1703289	16208	NA
S019_MINIONCE_3740	26	Port Input	1	1703289	16208	NA
S019_MINIONCE_3740	26	Picture	25_T_RWTRIAD_RW_cerillas_red.png	1730281	43200	1	1900	2	43200	1800
S019_MINIONCE_3740	27	Picture	RW	1732381	0	1	43199	2	0	43200
S019_MINIONCE_3740	27	Pulse	99	1739290	6909	NA
S019_MINIONCE_3740	27	Port Input	1	1739290	6909	NA
S019_MINIONCE_3740	27	Response	52	1746146	13765	1
S019_MINIONCE_3740	27	Pulse	99	1775291	42910	NA
S019_MINIONCE_3740	27	Port Input	1	1775291	42910	NA
S019_MINIONCE_3740	27	Picture	26_T_RWTRIAD_RW_oruga_red.png	1775580	43199	1	1900	2	43200	1800
S019_MINIONCE_3740	28	Picture	PW	1777680	0	1	43200	2	0	43200
S019_MINIONCE_3740	28	Response	51	1793033	15353	1
S019_MINIONCE_3740	28	Pulse	99	1811291	33611	NA
S019_MINIONCE_3740	28	Port Input	1	1811291	33611	NA
S019_MINIONCE_3740	28	Picture	27_T_PWTRIAD_PW_martillo_red.png	1820880	43200	1	1900	2	43200	1800
S019_MINIONCE_3740	29	Picture	PW	1822980	0	1	43199	2	0	43200
S019_MINIONCE_3740	29	Response	51	1842715	19735	1
S019_MINIONCE_3740	29	Pulse	99	1847292	24312	NA
S019_MINIONCE_3740	29	Port Input	1	1847292	24312	NA
S019_MINIONCE_3740	29	Picture	28_T_PWTRIAD_PW_pincel_red.png	1866179	43199	1	1900	2	43200	1800
S019_MINIONCE_3740	30	Picture	PW	1868279	0	1	43200	2	0	43200
S019_MINIONCE_3740	30	Pulse	99	1883293	15014	NA
S019_MINIONCE_3740	30	Port Input	1	1883293	15014	NA
S019_MINIONCE_3740	30	Response	52	1887521	19242	1
S019_MINIONCE_3740	30	Picture	29_T_PWTRIAD_PW_candado_red.png	1911479	43200	1	1900	2	43200	1800
S019_MINIONCE_3740	31	Picture	PW	1913779	0	1	43099	2	0	43200
S019_MINIONCE_3740	31	Pulse	99	1919294	5515	NA
S019_MINIONCE_3740	31	Port Input	1	1919294	5515	NA
S019_MINIONCE_3740	31	Response	51	1927740	13961	1
S019_MINIONCE_3740	31	Pulse	99	1955295	41516	NA
S019_MINIONCE_3740	31	Port Input	1	1955295	41516	NA
S019_MINIONCE_3740	31	Picture	30_T_PWTRIAD_PW_violin_red.png	1956878	43099	1	1900	2	43200	1800
S019_MINIONCE_3740	32	Picture	rest	1958878	0	1	144099	2	0	144000
S019_MINIONCE_3740	32	Pulse	99	1991296	32418	NA
S019_MINIONCE_3740	32	Port Input	1	1991296	32418	NA
S019_MINIONCE_3740	32	Pulse	99	2027296	68418	NA
S019_MINIONCE_3740	32	Port Input	1	2027296	68418	NA
S019_MINIONCE_3740	32	Pulse	99	2063297	104419	NA
S019_MINIONCE_3740	32	Port Input	1	2063297	104419	NA
S019_MINIONCE_3740	32	Pulse	99	2099298	140420	NA
S019_MINIONCE_3740	32	Port Input	1	2099298	140420	NA
S019_MINIONCE_3740	33	Picture	endrest	2103077	0	1	10100	2	0	10000
S019_MINIONCE_3740	34	Picture	RW	2113377	0	1	43199	2	0	43200
S019_MINIONCE_3740	34	Response	52	2126366	12989	1
S019_MINIONCE_3740	34	Pulse	99	2135299	21922	NA
S019_MINIONCE_3740	34	Port Input	1	2135299	21922	NA
S019_MINIONCE_3740	34	Picture	33_T_RWTRIAD_RW_sobre_red.png	2156576	43199	1	1900	2	43200	1800
S019_MINIONCE_3740	35	Picture	RW	2158876	0	1	43100	2	0	43200
S019_MINIONCE_3740	35	Pulse	99	2171300	12424	NA
S019_MINIONCE_3740	35	Port Input	1	2171300	12424	NA
S019_MINIONCE_3740	35	Response	51	2173514	14638	1
S019_MINIONCE_3740	35	Picture	34_T_RWTRIAD_RW_portatil_red.png	2201976	43100	1	1900	2	43200	1800
S019_MINIONCE_3740	36	Picture	RW	2204276	0	1	43099	2	0	43200
S019_MINIONCE_3740	36	Pulse	99	2207300	3024	NA
S019_MINIONCE_3740	36	Port Input	1	2207300	3024	NA
S019_MINIONCE_3740	36	Response	51	2214948	10672	1
S019_MINIONCE_3740	36	Pulse	99	2243301	39025	NA
S019_MINIONCE_3740	36	Port Input	1	2243301	39025	NA
S019_MINIONCE_3740	36	Picture	35_T_RWTRIAD_RW_almohada_red.png	2247375	43099	1	1900	2	43200	1800
S019_MINIONCE_3740	37	Picture	RW	2249475	0	1	43200	2	0	43200
S019_MINIONCE_3740	37	Response	51	2262816	13341	1
S019_MINIONCE_3740	37	Pulse	99	2279302	29827	NA
S019_MINIONCE_3740	37	Port Input	1	2279302	29827	NA
S019_MINIONCE_3740	37	Picture	36_T_RWTRIAD_RW_grifo_red.png	2292675	43200	1	1900	2	43200	1800
S019_MINIONCE_3740	38	Picture	FF	2294775	0	1	43199	2	0	43200
S019_MINIONCE_3740	38	Response	52	2308224	13449	1
S019_MINIONCE_3740	38	Pulse	99	2315303	20528	NA
S019_MINIONCE_3740	38	Port Input	1	2315303	20528	NA
S019_MINIONCE_3740	38	Picture	37_T_FFTRIAD_FF_gafas_red.png	2337974	43199	1	1900	2	43200	1800
S019_MINIONCE_3740	39	Picture	FF	2340274	0	1	43200	2	0	43200
S019_MINIONCE_3740	39	Response	51	2351132	10858	1
S019_MINIONCE_3740	39	Pulse	99	2351304	11030	NA
S019_MINIONCE_3740	39	Port Input	1	2351304	11030	NA
S019_MINIONCE_3740	39	Picture	38_T_FFTRIAD_FF_agua_red.png	2383474	43200	1	1900	2	43200	1800
S019_MINIONCE_3740	40	Picture	FF	2385574	0	1	43199	2	0	43200
S019_MINIONCE_3740	40	Pulse	99	2387305	1731	NA
S019_MINIONCE_3740	40	Port Input	1	2387305	1731	NA
S019_MINIONCE_3740	40	Response	52	2398396	12822	1
S019_MINIONCE_3740	40	Pulse	99	2423305	37731	NA
S019_MINIONCE_3740	40	Port Input	1	2423305	37731	NA
S019_MINIONCE_3740	40	Picture	39_T_FFTRIAD_FF_queso_red.png	2428773	43199	1	1900	2	43200	1800
S019_MINIONCE_3740	41	Picture	FF	2430973	0	1	43200	2	0	43200
S019_MINIONCE_3740	41	Response	52	2442478	11505	1
S019_MINIONCE_3740	41	Pulse	99	2459306	28333	NA
S019_MINIONCE_3740	41	Port Input	1	2459306	28333	NA
S019_MINIONCE_3740	41	Picture	40_T_FFTRIAD_FF_botella_red.png	2474173	43200	1	1900	2	43200	1800
S019_MINIONCE_3740	42	Picture	rest	2476173	0	1	144098	2	0	144000
S019_MINIONCE_3740	42	Pulse	99	2495307	19134	NA
S019_MINIONCE_3740	42	Port Input	1	2495307	19134	NA
S019_MINIONCE_3740	42	Pulse	99	2531308	55135	NA
S019_MINIONCE_3740	42	Port Input	1	2531308	55135	NA
S019_MINIONCE_3740	42	Pulse	99	2567309	91136	NA
S019_MINIONCE_3740	42	Port Input	1	2567309	91136	NA
S019_MINIONCE_3740	42	Pulse	99	2603309	127136	NA
S019_MINIONCE_3740	42	Port Input	1	2603309	127136	NA
S019_MINIONCE_3740	43	Picture	endrest	2620371	0	1	10100	2	0	10000
S019_MINIONCE_3740	44	Picture	RW	2630671	0	1	43200	2	0	43200
S019_MINIONCE_3740	44	Pulse	99	2639310	8639	NA
S019_MINIONCE_3740	44	Port Input	1	2639310	8639	NA
S019_MINIONCE_3740	44	Response	51	2646850	16179	1
S019_MINIONCE_3740	44	Picture	43_T_RWTRIAD_RW_grapadora_red.png	2673871	43200	1	1899	3	43200	1800
S019_MINIONCE_3740	44	Pulse	99	2675311	44640	NA
S019_MINIONCE_3740	44	Port Input	1	2675311	44640	NA
S019_MINIONCE_3740	45	Picture	RW	2675970	0	2	43200	3	0	43200
S019_MINIONCE_3740	45	Response	52	2688615	12645	1
S019_MINIONCE_3740	45	Pulse	99	2711312	35342	NA
S019_MINIONCE_3740	45	Port Input	1	2711312	35342	NA
S019_MINIONCE_3740	45	Picture	44_T_RWTRIAD_RW_cuento_red.png	2719170	43200	1	1900	2	43200	1800
S019_MINIONCE_3740	46	Picture	RW	2721370	0	1	43200	2	0	43200
S019_MINIONCE_3740	46	Response	52	2735603	14233	1
S019_MINIONCE_3740	46	Pulse	99	2747313	25943	NA
S019_MINIONCE_3740	46	Port Input	1	2747313	25943	NA
S019_MINIONCE_3740	46	Picture	45_T_RWTRIAD_RW_plato_red.png	2764570	43200	1	1899	3	43200	1800
S019_MINIONCE_3740	47	Picture	RW	2766640	0	44	43229	45	0	43200
S019_MINIONCE_3740	47	Response	52	2776334	9694	2
S019_MINIONCE_3740	47	Pulse	99	2783313	16673	NA
S019_MINIONCE_3740	47	Port Input	1	2783313	16673	NA
S019_MINIONCE_3740	47	Picture	46_T_RWTRIAD_RW_gafas_red.png	2809869	43229	1	1900	2	43200	1800
S019_MINIONCE_3740	48	Picture	FF	2811969	0	1	43200	2	0	43200
S019_MINIONCE_3740	48	Pulse	99	2819314	7345	NA
S019_MINIONCE_3740	48	Port Input	1	2819314	7345	NA
S019_MINIONCE_3740	48	Response	51	2824520	12551	1
S019_MINIONCE_3740	48	Picture	47_T_FFTRIAD_FF_lana_red.png	2855169	43200	1	1900	2	43200	1800
S019_MINIONCE_3740	48	Pulse	99	2855315	43346	NA
S019_MINIONCE_3740	48	Port Input	1	2855315	43346	NA
S019_MINIONCE_3740	49	Picture	FF	2857269	0	1	43199	2	0	43200
S019_MINIONCE_3740	49	Response	52	2871842	14573	1
S019_MINIONCE_3740	49	Pulse	99	2891316	34047	NA
S019_MINIONCE_3740	49	Port Input	1	2891316	34047	NA
S019_MINIONCE_3740	49	Picture	48_T_FFTRIAD_FF_silla_red.png	2900468	43199	1	1900	2	43200	1800
S019_MINIONCE_3740	50	Picture	FF	2902768	0	1	43100	2	0	43200
S019_MINIONCE_3740	50	Response	51	2913803	11035	1
S019_MINIONCE_3740	50	Pulse	99	2927317	24549	NA
S019_MINIONCE_3740	50	Port Input	1	2927317	24549	NA
S019_MINIONCE_3740	50	Picture	49_T_FFTRIAD_FF_sombrilla_red.png	2945868	43100	1	1900	2	43200	1800
S019_MINIONCE_3740	51	Picture	FF	2948168	0	1	43099	2	0	43200
S019_MINIONCE_3740	51	Response	52	2957000	8832	1
S019_MINIONCE_3740	51	Pulse	99	2963318	15150	NA
S019_MINIONCE_3740	51	Port Input	1	2963318	15150	NA
S019_MINIONCE_3740	51	Picture	50_T_FFTRIAD_FF_esquimal_red.png	2991267	43099	1	1900	2	43200	1800
S019_MINIONCE_3740	52	Picture	rest	2993267	0	1	144080	42	0	144000
S019_MINIONCE_3740	52	Pulse	99	2999318	6051	NA
S019_MINIONCE_3740	52	Port Input	1	2999318	6051	NA
S019_MINIONCE_3740	52	Pulse	99	3035319	42052	NA
S019_MINIONCE_3740	52	Port Input	1	3035319	42052	NA
S019_MINIONCE_3740	52	Pulse	99	3071320	78053	NA
S019_MINIONCE_3740	52	Port Input	1	3071320	78053	NA
S019_MINIONCE_3740	52	Pulse	99	3107321	114054	NA
S019_MINIONCE_3740	52	Port Input	1	3107321	114054	NA
S019_MINIONCE_3740	53	Picture	endrest	3137466	0	1	10099	3	0	10000
S019_MINIONCE_3740	53	Pulse	99	3143322	5856	NA
S019_MINIONCE_3740	53	Port Input	1	3143322	5856	NA
S019_MINIONCE_3740	54	Picture	PW	3147765	0	2	43200	3	0	43200
S019_MINIONCE_3740	54	Response	52	3169568	21803	1
S019_MINIONCE_3740	54	Pulse	99	3179322	31557	NA
S019_MINIONCE_3740	54	Port Input	1	3179322	31557	NA
S019_MINIONCE_3740	54	Picture	53_T_PWTRIAD_PW_dedal_red.png	3190965	43200	1	1900	2	43200	1800
S019_MINIONCE_3740	55	Picture	PW	3193065	0	1	43200	2	0	43200
S019_MINIONCE_3740	55	Response	52	3207158	14093	1
S019_MINIONCE_3740	55	Pulse	99	3215323	22258	NA
S019_MINIONCE_3740	55	Port Input	1	3215323	22258	NA
S019_MINIONCE_3740	55	Picture	54_T_PWTRIAD_PW_raton_red.png	3236265	43200	1	1900	2	43200	1800
S019_MINIONCE_3740	56	Picture	PW	3238365	0	1	43199	2	0	43200
S019_MINIONCE_3740	56	Pulse	99	3251324	12959	NA
S019_MINIONCE_3740	56	Port Input	1	3251324	12959	NA
S019_MINIONCE_3740	56	Response	52	3252868	14503	1
S019_MINIONCE_3740	56	Picture	55_T_PWTRIAD_PW_lana_red.png	3281564	43199	1	1900	2	43200	1800
S019_MINIONCE_3740	57	Picture	PW	3283864	0	1	43100	2	0	43200
S019_MINIONCE_3740	57	Pulse	99	3287325	3461	NA
S019_MINIONCE_3740	57	Port Input	1	3287325	3461	NA
S019_MINIONCE_3740	57	Response	52	3297850	13986	1
S019_MINIONCE_3740	57	Pulse	99	3323326	39462	NA
S019_MINIONCE_3740	57	Port Input	1	3323326	39462	NA
S019_MINIONCE_3740	57	Picture	56_T_PWTRIAD_PW_telarana_red.png	3326964	43100	1	1900	2	43200	1800
S019_MINIONCE_3740	58	Picture	FF	3329064	0	1	43199	2	0	43200
S019_MINIONCE_3740	58	Response	51	3343399	14335	1
S019_MINIONCE_3740	58	Pulse	99	3359327	30263	NA
S019_MINIONCE_3740	58	Port Input	1	3359327	30263	NA
S019_MINIONCE_3740	58	Picture	57_T_FFTRIAD_FF_perro_red.png	3372263	43199	1	1900	2	43200	1800
S019_MINIONCE_3740	59	Picture	FF	3374563	0	1	43100	2	0	43200
S019_MINIONCE_3740	59	Response	52	3385183	10620	2
S019_MINIONCE_3740	59	Pulse	99	3395327	20764	NA
S019_MINIONCE_3740	59	Port Input	1	3395327	20764	NA
S019_MINIONCE_3740	59	Picture	58_T_FFTRIAD_FF_tenedor_red.png	3417663	43100	1	1900	2	43200	1800
S019_MINIONCE_3740	60	Picture	FF	3419763	0	1	43199	2	0	43200
S019_MINIONCE_3740	60	Pulse	99	3431328	11565	NA
S019_MINIONCE_3740	60	Port Input	1	3431328	11565	NA
S019_MINIONCE_3740	60	Response	52	3431862	12099	1
S019_MINIONCE_3740	60	Picture	59_T_FFTRIAD_FF_mono_red.png	3462962	43199	1	1900	2	43200	1800
S019_MINIONCE_3740	61	Picture	FF	3465062	0	1	43200	2	0	43200
S019_MINIONCE_3740	61	Pulse	99	3467329	2267	NA
S019_MINIONCE_3740	61	Port Input	1	3467329	2267	NA
S019_MINIONCE_3740	61	Response	51	3476741	11679	1
S019_MINIONCE_3740	61	Pulse	99	3503330	38268	NA
S019_MINIONCE_3740	61	Port Input	1	3503330	38268	NA
S019_MINIONCE_3740	61	Picture	60_T_FFTRIAD_FF_lenador_red.png	3508262	43200	1	1900	2	43200	1800
S019_MINIONCE_3740	62	Picture	rest	3510262	0	1	144098	2	0	144000
S019_MINIONCE_3740	62	Pulse	99	3539331	29069	NA
S019_MINIONCE_3740	62	Port Input	1	3539331	29069	NA
S019_MINIONCE_3740	62	Pulse	99	3575331	65069	NA
S019_MINIONCE_3740	62	Port Input	1	3575331	65069	NA
S019_MINIONCE_3740	62	Pulse	99	3611332	101070	NA
S019_MINIONCE_3740	62	Port Input	1	3611332	101070	NA
S019_MINIONCE_3740	62	Pulse	99	3647333	137071	NA
S019_MINIONCE_3740	62	Port Input	1	3647333	137071	NA
S019_MINIONCE_3740	63	Picture	endrest	3654460	0	1	10100	2	0	10000
S019_MINIONCE_3740	64	Picture	PW	3664760	0	1	43199	3	0	43200
S019_MINIONCE_3740	64	Response	52	3682809	18049	1
S019_MINIONCE_3740	64	Pulse	99	3683334	18574	NA
S019_MINIONCE_3740	64	Port Input	1	3683334	18574	NA
S019_MINIONCE_3740	64	Picture	63_T_PWTRIAD_PW_almohada_red.png	3707959	43199	2	1900	4	43200	1800
S019_MINIONCE_3740	65	Picture	PW	3710259	0	2	43200	3	0	43200
S019_MINIONCE_3740	65	Pulse	99	3719335	9076	NA
S019_MINIONCE_3740	65	Port Input	1	3719335	9076	NA
S019_MINIONCE_3740	65	Response	52	3724950	14691	1
S019_MINIONCE_3740	65	Picture	64_T_PWTRIAD_PW_cinturon_red.png	3753459	43200	1	1900	2	43200	1800
S019_MINIONCE_3740	65	Pulse	99	3755335	45076	NA
S019_MINIONCE_3740	65	Port Input	1	3755335	45076	NA
S019_MINIONCE_3740	66	Picture	PW	3755659	0	1	43200	2	0	43200
S019_MINIONCE_3740	66	Response	52	3769479	13820	1
S019_MINIONCE_3740	66	Pulse	99	3791336	35677	NA
S019_MINIONCE_3740	66	Port Input	1	3791336	35677	NA
S019_MINIONCE_3740	66	Picture	65_T_PWTRIAD_PW_ancla_red.png	3798859	43200	1	1899	3	43200	1800
S019_MINIONCE_3740	67	Picture	PW	3800958	0	2	43200	3	0	43200
S019_MINIONCE_3740	67	Response	51	3814011	13053	1
S019_MINIONCE_3740	67	Pulse	99	3827337	26379	NA
S019_MINIONCE_3740	67	Port Input	1	3827337	26379	NA
S019_MINIONCE_3740	67	Picture	66_T_PWTRIAD_PW_perro_red.png	3844158	43200	1	1900	2	43200	1800
S019_MINIONCE_3740	68	Picture	PW	3846258	0	1	43200	2	0	43200
S019_MINIONCE_3740	68	Response	52	3861055	14797	1
S019_MINIONCE_3740	68	Pulse	99	3863338	17080	NA
S019_MINIONCE_3740	68	Port Input	1	3863338	17080	NA
S019_MINIONCE_3740	68	Picture	67_T_PWTRIAD_PW_bellota_red.png	3889458	43200	1	1899	3	43200	1800
S019_MINIONCE_3740	69	Picture	PW	3891557	0	2	43200	3	0	43200
S019_MINIONCE_3740	69	Pulse	99	3899339	7782	NA
S019_MINIONCE_3740	69	Port Input	1	3899339	7782	NA
S019_MINIONCE_3740	69	Response	51	3908976	17419	1
S019_MINIONCE_3740	69	Picture	68_T_PWTRIAD_PW_traje_red.png	3934757	43200	1	1900	2	43200	1800
S019_MINIONCE_3740	69	Pulse	99	3935340	43783	NA
S019_MINIONCE_3740	69	Port Input	1	3935340	43783	NA
S019_MINIONCE_3740	70	Picture	PW	3936857	0	1	43200	2	0	43200
S019_MINIONCE_3740	70	Response	51	3951423	14566	1
S019_MINIONCE_3740	70	Pulse	99	3971340	34483	NA
S019_MINIONCE_3740	70	Port Input	1	3971340	34483	NA
S019_MINIONCE_3740	70	Picture	69_T_PWTRIAD_PW_silla_red.png	3980057	43200	1	1900	2	43200	1800
S019_MINIONCE_3740	71	Picture	PW	3982357	0	1	43099	2	0	43200
S019_MINIONCE_3740	71	Response	51	3995170	12813	1
S019_MINIONCE_3740	71	Pulse	99	4007341	24984	NA
S019_MINIONCE_3740	71	Port Input	1	4007341	24984	NA
S019_MINIONCE_3740	71	Picture	70_T_PWTRIAD_PW_carruaje_red.png	4025456	43099	1	1900	2	43200	1800
S019_MINIONCE_3740	72	Picture	rest	4027456	0	1	144098	3	0	144000
S019_MINIONCE_3740	72	Pulse	99	4043342	15886	NA
S019_MINIONCE_3740	72	Port Input	1	4043342	15886	NA
S019_MINIONCE_3740	72	Pulse	99	4079343	51887	NA
S019_MINIONCE_3740	72	Port Input	1	4079343	51887	NA
S019_MINIONCE_3740	72	Pulse	99	4115344	87888	NA
S019_MINIONCE_3740	72	Port Input	1	4115344	87888	NA
S019_MINIONCE_3740	72	Pulse	99	4151344	123888	NA
S019_MINIONCE_3740	72	Port Input	1	4151344	123888	NA
S019_MINIONCE_3740	73	Picture	endrest	4171654	0	2	10100	3	0	10000
S019_MINIONCE_3740	74	Picture	PW	4181954	0	1	43200	2	0	43200
S019_MINIONCE_3740	74	Pulse	99	4187345	5391	NA
S019_MINIONCE_3740	74	Port Input	1	4187345	5391	NA
S019_MINIONCE_3740	74	Response	51	4197268	15314	2
S019_MINIONCE_3740	74	Pulse	99	4223346	41392	NA
S019_MINIONCE_3740	74	Port Input	1	4223346	41392	NA
S019_MINIONCE_3740	74	Picture	73_T_PWTRIAD_PW_granjero_red.png	4225154	43200	1	1900	2	43200	1800
S019_MINIONCE_3740	75	Picture	PW	4227354	0	1	43199	3	0	43200
S019_MINIONCE_3740	75	Response	51	4245884	18530	1
S019_MINIONCE_3740	75	Pulse	99	4259347	31993	NA
S019_MINIONCE_3740	75	Port Input	1	4259347	31993	NA
S019_MINIONCE_3740	75	Picture	74_T_PWTRIAD_PW_bebe_red.png	4270553	43199	2	1900	4	43200	1800
S019_MINIONCE_3740	76	Picture	PW	4272853	0	2	43100	3	0	43200
S019_MINIONCE_3740	76	Response	52	4291184	18331	1
S019_MINIONCE_3740	76	Pulse	99	4295348	22495	NA
S019_MINIONCE_3740	76	Port Input	1	4295348	22495	NA
S019_MINIONCE_3740	76	Picture	75_T_PWTRIAD_PW_huevos_red.png	4315953	43100	1	1900	2	43200	1800
S019_MINIONCE_3740	77	Picture	PW	4318053	0	1	43199	3	0	43200
S019_MINIONCE_3740	77	Pulse	99	4331349	13296	NA
S019_MINIONCE_3740	77	Port Input	1	4331349	13296	NA
S019_MINIONCE_3740	77	Response	51	4337025	18972	1
S019_MINIONCE_3740	77	Picture	76_T_PWTRIAD_PW_grifo_red.png	4361252	43199	2	1900	4	43200	1800
S019_MINIONCE_3740	78	Picture	RW	4363352	0	2	43200	3	0	43200
S019_MINIONCE_3740	78	Pulse	99	4367349	3997	NA
S019_MINIONCE_3740	78	Port Input	1	4367349	3997	NA
S019_MINIONCE_3740	78	Response	52	4375175	11823	41
S019_MINIONCE_3740	78	Pulse	99	4403350	39998	NA
S019_MINIONCE_3740	78	Port Input	1	4403350	39998	NA
S019_MINIONCE_3740	78	Picture	77_T_RWTRIAD_RW_leche_red.png	4406552	43200	1	1900	2	43200	1800
S019_MINIONCE_3740	79	Picture	RW	4408652	0	1	43199	3	0	43200
S019_MINIONCE_3740	79	Response	52	4418144	9492	1
S019_MINIONCE_3740	79	Pulse	99	4439351	30699	NA
S019_MINIONCE_3740	79	Port Input	1	4439351	30699	NA
S019_MINIONCE_3740	79	Picture	78_T_RWTRIAD_RW_silla_red.png	4451851	43199	2	1900	4	43200	1800
S019_MINIONCE_3740	80	Picture	RW	4453951	0	2	43200	3	0	43200
S019_MINIONCE_3740	80	Response	52	4465667	11716	1
S019_MINIONCE_3740	80	Pulse	99	4475352	21401	NA
S019_MINIONCE_3740	80	Port Input	1	4475352	21401	NA
S019_MINIONCE_3740	80	Picture	79_T_RWTRIAD_RW_mono_red.png	4497151	43200	1	1900	2	43200	1800
S019_MINIONCE_3740	81	Picture	RW	4499451	0	1	43100	2	0	43200
S019_MINIONCE_3740	81	Pulse	99	4511353	11902	NA
S019_MINIONCE_3740	81	Port Input	1	4511353	11902	NA
S019_MINIONCE_3740	81	Response	51	4515866	16415	1
S019_MINIONCE_3740	81	Picture	80_T_RWTRIAD_RW_chupete_red.png	4542551	43100	1	1899	3	43200	1800
S019_MINIONCE_3740	82	Picture	rest	4544550	0	2	144099	3	0	144000
S019_MINIONCE_3740	82	Pulse	99	4547353	2803	NA
S019_MINIONCE_3740	82	Port Input	1	4547353	2803	NA
S019_MINIONCE_3740	82	Pulse	99	4583354	38804	NA
S019_MINIONCE_3740	82	Port Input	1	4583354	38804	NA
S019_MINIONCE_3740	82	Pulse	99	4619355	74805	NA
S019_MINIONCE_3740	82	Port Input	1	4619355	74805	NA
S019_MINIONCE_3740	82	Pulse	99	4655356	110806	NA
S019_MINIONCE_3740	82	Port Input	1	4655356	110806	NA
S019_MINIONCE_3740	83	Picture	endrest	4688749	0	1	10100	2	0	10000
S019_MINIONCE_3740	83	Pulse	99	4691357	2608	NA
S019_MINIONCE_3740	83	Port Input	1	4691357	2608	NA
S019_MINIONCE_3740	84	Picture	FF	4699149	0	1	43199	2	0	43200
S019_MINIONCE_3740	84	Response	52	4713393	14244	1
S019_MINIONCE_3740	84	Pulse	99	4727357	28208	NA
S019_MINIONCE_3740	84	Port Input	1	4727357	28208	NA
S019_MINIONCE_3740	84	Picture	83_T_FFTRIAD_FF_ascensor_red.png	4742348	43199	1	1900	2	43200	1800
S019_MINIONCE_3740	85	Picture	FF	4744448	0	1	43200	2	0	43200
S019_MINIONCE_3740	85	Response	52	4763141	18693	1
S019_MINIONCE_3740	85	Pulse	99	4763359	18911	NA
S019_MINIONCE_3740	85	Port Input	1	4763359	18911	NA
S019_MINIONCE_3740	85	Picture	84_T_FFTRIAD_FF_banera_red.png	4787648	43200	1	1900	2	43200	1800
S019_MINIONCE_3740	86	Picture	FF	4789948	0	1	43099	2	0	43200
S019_MINIONCE_3740	86	Pulse	99	4799359	9411	NA
S019_MINIONCE_3740	86	Port Input	1	4799359	9411	NA
S019_MINIONCE_3740	86	Response	52	4800263	10315	1
S019_MINIONCE_3740	86	Picture	85_T_FFTRIAD_FF_almohada_red.png	4833047	43099	1	1900	2	43200	1800
S019_MINIONCE_3740	87	Picture	FF	4835147	0	1	43200	2	0	43200
S019_MINIONCE_3740	87	Pulse	99	4835360	213	NA
S019_MINIONCE_3740	87	Port Input	1	4835360	213	NA
S019_MINIONCE_3740	87	Response	51	4849452	14305	1
S019_MINIONCE_3740	87	Pulse	99	4871361	36214	NA
S019_MINIONCE_3740	87	Port Input	1	4871361	36214	NA
S019_MINIONCE_3740	87	Picture	86_T_FFTRIAD_FF_portatil_red.png	4878347	43200	1	1900	2	43200	1800
S019_MINIONCE_3740	88	Picture	RW	4880447	0	1	43199	3	0	43200
S019_MINIONCE_3740	88	Response	52	4895859	15412	1
S019_MINIONCE_3740	88	Pulse	99	4907362	26915	NA
S019_MINIONCE_3740	88	Port Input	1	4907362	26915	NA
S019_MINIONCE_3740	88	Picture	87_T_RWTRIAD_RW_cinturon_red.png	4923646	43199	2	1900	3	43200	1800
S019_MINIONCE_3740	89	Picture	RW	4925746	0	2	43200	3	0	43200
S019_MINIONCE_3740	89	Response	51	4937761	12015	1
S019_MINIONCE_3740	89	Pulse	99	4943362	17616	NA
S019_MINIONCE_3740	89	Port Input	1	4943362	17616	NA
S019_MINIONCE_3740	89	Picture	88_T_RWTRIAD_RW_zanahoria_red.png	4968946	43200	1	1900	2	43200	1800
S019_MINIONCE_3740	90	Picture	RW	4971046	0	1	43199	3	0	43200
S019_MINIONCE_3740	90	Pulse	99	4979363	8317	NA
S019_MINIONCE_3740	90	Port Input	1	4979363	8317	NA
S019_MINIONCE_3740	90	Response	51	4984504	13458	1
S019_MINIONCE_3740	90	Picture	89_T_RWTRIAD_RW_murcielago_red.png	5014245	43199	2	1900	4	43200	1800
S019_MINIONCE_3740	90	Pulse	99	5015364	44318	NA
S019_MINIONCE_3740	90	Port Input	1	5015364	44318	NA
S019_MINIONCE_3740	91	Picture	RW	5016345	0	2	43200	3	0	43200
S019_MINIONCE_3740	91	Response	52	5027345	11000	2
S019_MINIONCE_3740	91	Pulse	99	5051365	35020	NA
S019_MINIONCE_3740	91	Port Input	1	5051365	35020	NA
S019_MINIONCE_3740	91	Picture	90_T_RWTRIAD_RW_monja_red.png	5059545	43200	1	1900	2	43200	1800
S019_MINIONCE_3740	92	Picture	rest	5061545	0	1	144098	2	0	144000
S019_MINIONCE_3740	92	Pulse	99	5087366	25821	NA
S019_MINIONCE_3740	92	Port Input	1	5087366	25821	NA
S019_MINIONCE_3740	92	Pulse	99	5123366	61821	NA
S019_MINIONCE_3740	92	Port Input	1	5123366	61821	NA
S019_MINIONCE_3740	92	Pulse	99	5159367	97822	NA
S019_MINIONCE_3740	92	Port Input	1	5159367	97822	NA
S019_MINIONCE_3740	92	Pulse	99	5195368	133823	NA
S019_MINIONCE_3740	92	Port Input	1	5195368	133823	NA
S019_MINIONCE_3740	93	Picture	endrest	5205743	0	1	10100	2	0	10000
S019_MINIONCE_3740	94	Picture	RW	5216043	0	1	43200	2	0	43200
S019_MINIONCE_3740	94	Pulse	99	5231369	15326	NA
S019_MINIONCE_3740	94	Port Input	1	5231369	15326	NA
S019_MINIONCE_3740	94	Response	51	5232774	16731	1
S019_MINIONCE_3740	94	Picture	93_T_RWTRIAD_RW_perro_red.png	5259243	43200	1	1900	2	43200	1800
S019_MINIONCE_3740	95	Picture	RW	5261443	0	1	43199	2	0	43200
S019_MINIONCE_3740	95	Pulse	99	5267370	5927	NA
S019_MINIONCE_3740	95	Port Input	1	5267370	5927	NA
S019_MINIONCE_3740	95	Response	51	5276726	15283	1
S019_MINIONCE_3740	95	Pulse	99	5303371	41928	NA
S019_MINIONCE_3740	95	Port Input	1	5303371	41928	NA
S019_MINIONCE_3740	95	Picture	94_T_RWTRIAD_RW_policia_red.png	5304642	43199	1	1900	2	43200	1800
S019_MINIONCE_3740	96	Picture	RW	5306842	0	1	43200	2	0	43200
S019_MINIONCE_3740	96	Response	51	5321282	14440	1
S019_MINIONCE_3740	96	Pulse	99	5339371	32529	NA
S019_MINIONCE_3740	96	Port Input	1	5339371	32529	NA
S019_MINIONCE_3740	96	Picture	95_T_RWTRIAD_RW_cortina_red.png	5350042	43200	1	1900	2	43200	1800
S019_MINIONCE_3740	97	Picture	RW	5352142	0	1	43199	2	0	43200
S019_MINIONCE_3740	97	Response	51	5363074	10932	1
S019_MINIONCE_3740	97	Pulse	99	5375372	23230	NA
S019_MINIONCE_3740	97	Port Input	1	5375372	23230	NA
S019_MINIONCE_3740	97	Picture	96_T_RWTRIAD_RW_tenedor_red.png	5395341	43199	1	1900	2	43200	1800
S019_MINIONCE_3740	98	Picture	RW	5397441	0	1	43200	2	0	43200
S019_MINIONCE_3740	98	Response	51	5408528	11087	1
S019_MINIONCE_3740	98	Pulse	99	5411373	13932	NA
S019_MINIONCE_3740	98	Port Input	1	5411373	13932	NA
S019_MINIONCE_3740	98	Picture	97_T_RWTRIAD_RW_violin_red.png	5440641	43200	1	1900	2	43200	1800
S019_MINIONCE_3740	99	Picture	RW	5442741	0	1	43199	3	0	43200
S019_MINIONCE_3740	99	Pulse	99	5447374	4633	NA
S019_MINIONCE_3740	99	Port Input	1	5447374	4633	NA
S019_MINIONCE_3740	99	Response	51	5454140	11399	2
S019_MINIONCE_3740	99	Pulse	99	5483375	40634	NA
S019_MINIONCE_3740	99	Port Input	1	5483375	40634	NA
S019_MINIONCE_3740	99	Picture	98_T_RWTRIAD_RW_novia_red.png	5485940	43199	2	1900	3	43200	1800
S019_MINIONCE_3740	100	Picture	RW	5488040	0	1	43200	2	0	43200
S019_MINIONCE_3740	100	Response	51	5505884	17844	1
S019_MINIONCE_3740	100	Pulse	99	5519375	31335	NA
S019_MINIONCE_3740	100	Port Input	1	5519375	31335	NA
S019_MINIONCE_3740	100	Picture	99_T_RWTRIAD_RW_madera_red.png	5531240	43200	1	1900	2	43200	1800
S019_MINIONCE_3740	101	Picture	RW	5533540	0	1	43099	2	0	43200
S019_MINIONCE_3740	101	Response	52	5545302	11762	1
S019_MINIONCE_3740	101	Pulse	99	5555376	21836	NA
S019_MINIONCE_3740	101	Port Input	1	5555376	21836	NA
S019_MINIONCE_3740	101	Picture	100_T_RWTRIAD_RW_huevos_red.png	5576639	43099	1	1900	2	43200	1800
S019_MINIONCE_3740	102	Picture	rest	5578639	0	1	144099	2	0	144000
S019_MINIONCE_3740	102	Pulse	99	5591377	12738	NA
S019_MINIONCE_3740	102	Port Input	1	5591377	12738	NA
S019_MINIONCE_3740	102	Pulse	99	5627378	48739	NA
S019_MINIONCE_3740	102	Port Input	1	5627378	48739	NA
S019_MINIONCE_3740	102	Pulse	99	5663379	84740	NA
S019_MINIONCE_3740	102	Port Input	1	5663379	84740	NA
S019_MINIONCE_3740	102	Pulse	99	5699379	120740	NA
S019_MINIONCE_3740	102	Port Input	1	5699379	120740	NA
S019_MINIONCE_3740	103	Picture	endrest	5722838	0	1	10100	2	0	10000
S019_MINIONCE_3740	104	Picture	PW	5733138	0	1	43199	2	0	43200
S019_MINIONCE_3740	104	Pulse	99	5735380	2242	NA
S019_MINIONCE_3740	104	Port Input	1	5735380	2242	NA
S019_MINIONCE_3740	104	Response	51	5753522	20384	2
S019_MINIONCE_3740	104	Pulse	99	5771381	38243	NA
S019_MINIONCE_3740	104	Port Input	1	5771381	38243	NA
S019_MINIONCE_3740	104	Picture	103_T_PWTRIAD_PW_paracaidas_red.png	5776337	43199	1	1900	2	43200	1800
S019_MINIONCE_3740	105	Picture	PW	5778437	0	1	43200	2	0	43200
S019_MINIONCE_3740	105	Response	52	5796519	18082	1
S019_MINIONCE_3740	105	Pulse	99	5807382	28945	NA
S019_MINIONCE_3740	105	Port Input	1	5807382	28945	NA
S019_MINIONCE_3740	105	Picture	104_T_PWTRIAD_PW_paraguas_red.png	5821637	43200	1	1900	2	43200	1800
S019_MINIONCE_3740	106	Picture	PW	5823937	0	1	43099	2	0	43200
S019_MINIONCE_3740	106	Response	51	5835781	11844	1
S019_MINIONCE_3740	106	Pulse	99	5843383	19446	NA
S019_MINIONCE_3740	106	Port Input	1	5843383	19446	NA
S019_MINIONCE_3740	106	Picture	105_T_PWTRIAD_PW_iglu_red.png	5867036	43099	1	1900	2	43200	1800
S019_MINIONCE_3740	107	Picture	PW	5869136	0	1	43200	2	0	43200
S019_MINIONCE_3740	107	Pulse	99	5879384	10248	NA
S019_MINIONCE_3740	107	Port Input	1	5879384	10248	NA
S019_MINIONCE_3740	107	Response	51	5879690	10554	1
S019_MINIONCE_3740	107	Picture	106_T_PWTRIAD_PW_portatil_red.png	5912336	43200	1	1900	2	43200	1800
S019_MINIONCE_3740	108	Picture	FF	5914436	0	1	43199	2	0	43200
S019_MINIONCE_3740	108	Pulse	99	5915384	948	NA
S019_MINIONCE_3740	108	Port Input	1	5915384	948	NA
S019_MINIONCE_3740	108	Response	51	5927568	13132	1
S019_MINIONCE_3740	108	Pulse	99	5951385	36949	NA
S019_MINIONCE_3740	108	Port Input	1	5951385	36949	NA
S019_MINIONCE_3740	108	Picture	107_T_FFTRIAD_FF_leche_red.png	5957635	43199	1	1900	2	43200	1800
S019_MINIONCE_3740	109	Picture	FF	5959735	0	1	43200	2	0	43200
S019_MINIONCE_3740	109	Response	51	5975766	16031	1
S019_MINIONCE_3740	109	Pulse	99	5987386	27651	NA
S019_MINIONCE_3740	109	Port Input	1	5987386	27651	NA
S019_MINIONCE_3740	109	Picture	108_T_FFTRIAD_FF_novia_red.png	6002935	43200	1	1900	2	43200	1800
S019_MINIONCE_3740	110	Picture	FF	6005035	0	1	43199	2	0	43200
S019_MINIONCE_3740	110	Response	51	6020480	15445	1
S019_MINIONCE_3740	110	Pulse	99	6023387	18352	NA
S019_MINIONCE_3740	110	Port Input	1	6023387	18352	NA
S019_MINIONCE_3740	110	Picture	109_T_FFTRIAD_FF_zanahoria_red.png	6048234	43199	1	1900	2	43200	1800
S019_MINIONCE_3740	111	Picture	FF	6050534	0	1	43100	2	0	43200
S019_MINIONCE_3740	111	Pulse	99	6059388	8854	NA
S019_MINIONCE_3740	111	Port Input	1	6059388	8854	NA
S019_MINIONCE_3740	111	Response	52	6075161	24627	2
S019_MINIONCE_3740	111	Picture	110_T_FFTRIAD_FF_bellota_red.png	6093634	43100	1	1900	2	43200	1800
S019_MINIONCE_3740	111	Pulse	99	6095388	44854	NA
S019_MINIONCE_3740	111	Port Input	1	6095388	44854	NA
S019_MINIONCE_3740	112	Picture	rest	6095634	0	1	144098	2	0	144000
S019_MINIONCE_3740	112	Pulse	99	6131389	35755	NA
S019_MINIONCE_3740	112	Port Input	1	6131389	35755	NA
S019_MINIONCE_3740	112	Pulse	99	6167390	71756	NA
S019_MINIONCE_3740	112	Port Input	1	6167390	71756	NA
S019_MINIONCE_3740	112	Pulse	99	6203391	107757	NA
S019_MINIONCE_3740	112	Port Input	1	6203391	107757	NA
S019_MINIONCE_3740	112	Pulse	99	6239392	143758	NA
S019_MINIONCE_3740	112	Port Input	1	6239392	143758	NA
S019_MINIONCE_3740	113	Picture	endrest	6239832	0	1	10100	2	0	10000
S019_MINIONCE_3740	114	Picture	PW	6250132	0	1	43200	2	0	43200
S019_MINIONCE_3740	114	Response	52	6267776	17644	1
S019_MINIONCE_3740	114	Pulse	99	6275393	25261	NA
S019_MINIONCE_3740	114	Port Input	1	6275393	25261	NA
S019_MINIONCE_3740	114	Picture	113_T_PWTRIAD_PW_cuento_red.png	6293332	43200	1	1900	2	43200	1800
S019_MINIONCE_3740	115	Picture	PW	6295432	0	1	43199	2	0	43200
S019_MINIONCE_3740	115	Response	52	6311049	15617	1
S019_MINIONCE_3740	115	Pulse	99	6311393	15961	NA
S019_MINIONCE_3740	115	Port Input	1	6311393	15961	NA
S019_MINIONCE_3740	115	Picture	114_T_PWTRIAD_PW_chupete_red.png	6338631	43199	1	1900	2	43200	1800
S019_MINIONCE_3740	116	Picture	PW	6340831	0	1	43200	2	0	43200
S019_MINIONCE_3740	116	Pulse	99	6347394	6563	NA
S019_MINIONCE_3740	116	Port Input	1	6347394	6563	NA
S019_MINIONCE_3740	116	Response	51	6358375	17544	1
S019_MINIONCE_3740	116	Pulse	99	6383395	42564	NA
S019_MINIONCE_3740	116	Port Input	1	6383395	42564	NA
S019_MINIONCE_3740	116	Picture	115_T_PWTRIAD_PW_manos_red.png	6384031	43200	1	1900	2	43200	1800
S019_MINIONCE_3740	117	Picture	PW	6386131	0	1	43199	2	0	43200
S019_MINIONCE_3740	117	Response	51	6407070	20939	2
S019_MINIONCE_3740	117	Pulse	99	6419396	33265	NA
S019_MINIONCE_3740	117	Port Input	1	6419396	33265	NA
S019_MINIONCE_3740	117	Picture	116_T_PWTRIAD_PW_oruga_red.png	6429330	43199	1	1900	2	43200	1800
S019_MINIONCE_3740	118	Picture	PW	6431430	0	1	43200	2	0	43200
S019_MINIONCE_3740	118	Response	52	6446868	15438	1
S019_MINIONCE_3740	118	Pulse	99	6455397	23967	NA
S019_MINIONCE_3740	118	Port Input	1	6455397	23967	NA
S019_MINIONCE_3740	118	Picture	117_T_PWTRIAD_PW_futbol_red.png	6474630	43200	1	1900	2	43200	1800
S019_MINIONCE_3740	119	Picture	PW	6476730	0	1	43199	2	0	43200
S019_MINIONCE_3740	119	Response	52	6490200	13470	1
S019_MINIONCE_3740	119	Pulse	99	6491397	14667	NA
S019_MINIONCE_3740	119	Port Input	1	6491397	14667	NA
S019_MINIONCE_3740	119	Picture	118_T_PWTRIAD_PW_banera_red.png	6519929	43199	1	1900	2	43200	1800
S019_MINIONCE_3740	120	Picture	PW	6522029	0	1	43200	2	0	43200
S019_MINIONCE_3740	120	Pulse	99	6527398	5369	NA
S019_MINIONCE_3740	120	Port Input	1	6527398	5369	NA
S019_MINIONCE_3740	120	Response	51	6535736	13707	2
S019_MINIONCE_3740	120	Pulse	99	6563399	41370	NA
S019_MINIONCE_3740	120	Port Input	1	6563399	41370	NA
S019_MINIONCE_3740	120	Picture	119_T_PWTRIAD_PW_sapo_red.png	6565229	43200	1	1900	2	43200	1800
S019_MINIONCE_3740	121	Picture	PW	6567529	0	1	43099	2	0	43200
S019_MINIONCE_3740	121	Response	51	6586461	18932	1
S019_MINIONCE_3740	121	Pulse	99	6599400	31871	NA
S019_MINIONCE_3740	121	Port Input	1	6599400	31871	NA
S019_MINIONCE_3740	121	Picture	120_T_PWTRIAD_PW_pizarra_red.png	6610628	43099	1	1900	2	43200	1800
S019_MINIONCE_3740	122	Picture	rest	6612628	0	1	144099	2	0	144000
S019_MINIONCE_3740	122	Pulse	99	6635401	22773	NA
S019_MINIONCE_3740	122	Port Input	1	6635401	22773	NA
S019_MINIONCE_3740	122	Pulse	99	6671401	58773	NA
S019_MINIONCE_3740	122	Port Input	1	6671401	58773	NA
S019_MINIONCE_3740	122	Pulse	99	6707402	94774	NA
S019_MINIONCE_3740	122	Port Input	1	6707402	94774	NA
S019_MINIONCE_3740	122	Pulse	99	6743403	130775	NA
S019_MINIONCE_3740	122	Port Input	1	6743403	130775	NA
S019_MINIONCE_3740	123	Picture	endrest	6756827	0	1	10100	2	0	10000
S019_MINIONCE_3740	124	Picture	RW	6767126	0	2	43200	3	0	43200
S019_MINIONCE_3740	124	Pulse	99	6779404	12278	NA
S019_MINIONCE_3740	124	Port Input	1	6779404	12278	NA
S019_MINIONCE_3740	124	Response	51	6785596	18470	1
S019_MINIONCE_3740	124	Picture	123_T_RWTRIAD_RW_pizarra_red.png	6810326	43200	1	1900	2	43200	1800
S019_MINIONCE_3740	125	Picture	RW	6812426	0	1	43200	2	0	43200
S019_MINIONCE_3740	125	Pulse	99	6815405	2979	NA
S019_MINIONCE_3740	125	Port Input	1	6815405	2979	NA
S019_MINIONCE_3740	125	Response	52	6836977	24551	1
S019_MINIONCE_3740	125	Pulse	99	6851406	38980	NA
S019_MINIONCE_3740	125	Port Input	1	6851406	38980	NA
S019_MINIONCE_3740	125	Picture	124_T_RWTRIAD_RW_estetoscopio_red.png	6855626	43200	1	1900	2	43200	1800
S019_MINIONCE_3740	126	Picture	RW	6857926	0	1	43199	2	0	43200
S019_MINIONCE_3740	126	Response	51	6871582	13656	1
S019_MINIONCE_3740	126	Pulse	99	6887406	29480	NA
S019_MINIONCE_3740	126	Port Input	1	6887406	29480	NA
S019_MINIONCE_3740	126	Picture	125_T_RWTRIAD_RW_traje_red.png	6901125	43199	1	1900	2	43200	1800
S019_MINIONCE_3740	127	Picture	RW	6903225	0	1	43200	2	0	43200
S019_MINIONCE_3740	127	Response	51	6916441	13216	1
S019_MINIONCE_3740	127	Pulse	99	6923407	20182	NA
S019_MINIONCE_3740	127	Port Input	1	6923407	20182	NA
S019_MINIONCE_3740	127	Picture	126_T_RWTRIAD_RW_ancla_red.png	6946425	43200	1	1899	3	43200	1800
S019_MINIONCE_3740	128	Picture	PW	6948525	0	1	43199	2	0	43200
S019_MINIONCE_3740	128	Pulse	99	6959408	10883	NA
S019_MINIONCE_3740	128	Port Input	1	6959408	10883	NA
S019_MINIONCE_3740	128	Response	51	6964314	15789	2
S019_MINIONCE_3740	128	Picture	127_T_PWTRIAD_PW_plato_red.png	6991724	43199	1	1900	2	43200	1800
S019_MINIONCE_3740	129	Picture	PW	6993824	0	1	43200	2	0	43200
S019_MINIONCE_3740	129	Pulse	99	6995409	1585	NA
S019_MINIONCE_3740	129	Port Input	1	6995409	1585	NA
S019_MINIONCE_3740	129	Response	51	7009830	16006	1
S019_MINIONCE_3740	129	Pulse	99	7031410	37586	NA
S019_MINIONCE_3740	129	Port Input	1	7031410	37586	NA
S019_MINIONCE_3740	129	Picture	128_T_PWTRIAD_PW_television_red.png	7037024	43200	1	1900	2	43200	1800
S019_MINIONCE_3740	130	Picture	PW	7039124	0	1	43199	2	0	43200
S019_MINIONCE_3740	130	Response	51	7053967	14843	1
S019_MINIONCE_3740	130	Pulse	99	7067410	28286	NA
S019_MINIONCE_3740	130	Port Input	1	7067410	28286	NA
S019_MINIONCE_3740	130	Picture	129_T_PWTRIAD_PW_destornillador_red.png	7082323	43199	1	1900	2	43200	1800
S019_MINIONCE_3740	131	Picture	PW	7084523	0	1	43200	2	0	43200
S019_MINIONCE_3740	131	Response	51	7097506	12983	1
S019_MINIONCE_3740	131	Pulse	99	7103411	18888	NA
S019_MINIONCE_3740	131	Port Input	1	7103411	18888	NA
S019_MINIONCE_3740	131	Picture	130_T_PWTRIAD_PW_murcielago_red.png	7127723	43200	1	1900	2	43200	1800
S019_MINIONCE_3740	132	Picture	rest	7129723	0	1	144098	2	0	144000
S019_MINIONCE_3740	132	Pulse	99	7139412	9689	NA
S019_MINIONCE_3740	132	Port Input	1	7139412	9689	NA
S019_MINIONCE_3740	132	Pulse	99	7175413	45690	NA
S019_MINIONCE_3740	132	Port Input	1	7175413	45690	NA
S019_MINIONCE_3740	132	Pulse	99	7211414	81691	NA
S019_MINIONCE_3740	132	Port Input	1	7211414	81691	NA
S019_MINIONCE_3740	132	Pulse	99	7247414	117691	NA
S019_MINIONCE_3740	132	Port Input	1	7247414	117691	NA
S019_MINIONCE_3740	133	Picture	endrest	7273921	0	1	10100	2	0	10000
S019_MINIONCE_3740	133	Pulse	99	7283415	9494	NA
S019_MINIONCE_3740	133	Port Input	1	7283415	9494	NA
S019_MINIONCE_3740	134	Picture	FF	7284221	0	1	43199	3	0	43200
S019_MINIONCE_3740	134	Response	52	7298503	14282	1
S019_MINIONCE_3740	134	Pulse	99	7319416	35195	NA
S019_MINIONCE_3740	134	Port Input	1	7319416	35195	NA
S019_MINIONCE_3740	134	Picture	133_T_FFTRIAD_FF_pilas_red.png	7327420	43199	2	1900	4	43200	1800
S019_MINIONCE_3740	135	Picture	FF	7329720	0	2	43100	3	0	43200
S019_MINIONCE_3740	135	Response	52	7340693	10973	2
S019_MINIONCE_3740	135	Pulse	99	7355417	25697	NA
S019_MINIONCE_3740	135	Port Input	1	7355417	25697	NA
S019_MINIONCE_3740	135	Picture	134_T_FFTRIAD_FF_cinturon_red.png	7372820	43100	1	1900	2	43200	1800
S019_MINIONCE_3740	136	Picture	FF	7375020	0	1	43199	3	0	43200
S019_MINIONCE_3740	136	Response	51	7389375	14355	1
S019_MINIONCE_3740	136	Pulse	99	7391418	16398	NA
S019_MINIONCE_3740	136	Port Input	1	7391418	16398	NA
S019_MINIONCE_3740	136	Picture	135_T_FFTRIAD_FF_paracaidas_red.png	7418219	43199	2	1900	4	43200	1800
S019_MINIONCE_3740	137	Picture	FF	7420319	0	2	43200	3	0	43200
S019_MINIONCE_3740	137	Pulse	99	7427419	7100	NA
S019_MINIONCE_3740	137	Port Input	1	7427419	7100	NA
S019_MINIONCE_3740	137	Response	52	7434086	13767	1
S019_MINIONCE_3740	137	Pulse	99	7463419	43100	NA
S019_MINIONCE_3740	137	Port Input	1	7463419	43100	NA
S019_MINIONCE_3740	137	Picture	136_T_FFTRIAD_FF_tijera_red.png	7463519	43200	1	1900	2	43200	1800
S019_MINIONCE_3740	138	Picture	rest	7465519	0	1	144098	2	0	144000
S019_MINIONCE_3740	138	Pulse	99	7499420	33901	NA
S019_MINIONCE_3740	138	Port Input	1	7499420	33901	NA
S019_MINIONCE_3740	139	Picture	endrest	7609717	0	2	10100	3	0	10000
S019_MINIONCE_3740	140	Picture	endrest	7619917	0	1	10100	2	0	10000
S019_MINIONCE_3740	141	Picture	endrest	7630117	0	1	10100	2	0	10000
S019_MINIONCE_3740	142	Picture	endrest	7640317	0	1	10100	2	0	10000
