Scenario - vOT_Triads_fMRI_I
Logfile written - 10/21/2015 15:52:15

Subject	Trial	Event Type	Code	Time	TTime	Uncertainty	Duration	Uncertainty	ReqTime	ReqDur

S019_DAY2_MINITWICE_1756	1	Response	98	219483	229383	2
S019_DAY2_MINITWICE_1756	2	Response	52	240501	21003	1
S019_DAY2_MINITWICE_1756	2	Response	98	248780	29282	2
S019_DAY2_MINITWICE_1756	3	Response	51	285029	36232	1
S019_DAY2_MINITWICE_1756	3	Response	98	289562	40765	1
S019_DAY2_MINITWICE_1756	4	Response	52	306304	16707	1
S019_DAY2_MINITWICE_1756	4	Response	52	348086	58489	1
S019_DAY2_MINITWICE_1756	4	Response	98	356711	67114	2
S019_DAY2_MINITWICE_1756	6	Response	52	359092	2295	1
S019_DAY2_MINITWICE_1756	6	Pulse	99	568365	211568	NA
S019_DAY2_MINITWICE_1756	6	Port Input	1	568365	211568	NA
S019_DAY2_MINITWICE_1756	6	Pulse	99	604365	247568	NA
S019_DAY2_MINITWICE_1756	6	Port Input	1	604365	247568	NA
S019_DAY2_MINITWICE_1756	6	Pulse	99	640366	283569	NA
S019_DAY2_MINITWICE_1756	6	Port Input	1	640366	283569	NA
S019_DAY2_MINITWICE_1756	6	Pulse	99	676367	319570	NA
S019_DAY2_MINITWICE_1756	6	Port Input	1	676367	319570	NA
S019_DAY2_MINITWICE_1756	6	Pulse	99	712368	355571	NA
S019_DAY2_MINITWICE_1756	6	Port Input	1	712368	355571	NA
S019_DAY2_MINITWICE_1756	7	Picture	rest	712594	0	1	144099	2	0	144000
S019_DAY2_MINITWICE_1756	7	Pulse	99	748369	35775	NA
S019_DAY2_MINITWICE_1756	7	Port Input	1	748369	35775	NA
S019_DAY2_MINITWICE_1756	7	Pulse	99	784370	71776	NA
S019_DAY2_MINITWICE_1756	7	Port Input	1	784370	71776	NA
S019_DAY2_MINITWICE_1756	7	Pulse	99	820371	107777	NA
S019_DAY2_MINITWICE_1756	7	Port Input	1	820371	107777	NA
S019_DAY2_MINITWICE_1756	7	Pulse	99	856372	143778	NA
S019_DAY2_MINITWICE_1756	7	Port Input	1	856372	143778	NA
S019_DAY2_MINITWICE_1756	8	Picture	endrest	856793	0	1	10100	2	0	10000
S019_DAY2_MINITWICE_1756	9	Picture	FF	867193	0	1	43100	2	0	43200
S019_DAY2_MINITWICE_1756	9	Response	51	882988	15795	1
S019_DAY2_MINITWICE_1756	9	Pulse	99	892373	25180	NA
S019_DAY2_MINITWICE_1756	9	Port Input	1	892373	25180	NA
S019_DAY2_MINITWICE_1756	9	Picture	3_T_FFTRIAD_FF_cuento_red.png	910293	43100	1	1900	2	43200	1800
S019_DAY2_MINITWICE_1756	10	Picture	FF	912593	0	1	43099	3	0	43200
S019_DAY2_MINITWICE_1756	10	Pulse	99	928374	15781	NA
S019_DAY2_MINITWICE_1756	10	Port Input	1	928374	15781	NA
S019_DAY2_MINITWICE_1756	10	Response	52	929930	17337	1
S019_DAY2_MINITWICE_1756	10	Picture	4_T_FFTRIAD_FF_raton_red.png	955692	43099	2	1900	4	43200	1800
S019_DAY2_MINITWICE_1756	11	Picture	FF	957892	0	2	43100	3	0	43200
S019_DAY2_MINITWICE_1756	11	Pulse	99	964375	6483	NA
S019_DAY2_MINITWICE_1756	11	Port Input	1	964375	6483	NA
S019_DAY2_MINITWICE_1756	11	Response	51	976864	18972	1
S019_DAY2_MINITWICE_1756	11	Pulse	99	1000376	42484	NA
S019_DAY2_MINITWICE_1756	11	Port Input	1	1000376	42484	NA
S019_DAY2_MINITWICE_1756	11	Picture	5_T_FFTRIAD_FF_ancla_red.png	1000992	43100	1	1900	2	43200	1800
S019_DAY2_MINITWICE_1756	12	Picture	FF	1003192	0	1	43100	2	0	43200
S019_DAY2_MINITWICE_1756	12	Response	51	1021274	18082	1
S019_DAY2_MINITWICE_1756	12	Pulse	99	1036377	33185	NA
S019_DAY2_MINITWICE_1756	12	Port Input	1	1036377	33185	NA
S019_DAY2_MINITWICE_1756	12	Picture	6_T_FFTRIAD_FF_policia_red.png	1046292	43100	1	1900	2	43200	1800
S019_DAY2_MINITWICE_1756	13	Picture	FF	1048592	0	1	43099	3	0	43200
S019_DAY2_MINITWICE_1756	13	Response	51	1064169	15577	1
S019_DAY2_MINITWICE_1756	13	Pulse	99	1072378	23786	NA
S019_DAY2_MINITWICE_1756	13	Port Input	1	1072378	23786	NA
S019_DAY2_MINITWICE_1756	13	Picture	7_T_FFTRIAD_FF_piramide_red.png	1091691	43099	2	1900	4	43200	1800
S019_DAY2_MINITWICE_1756	14	Picture	FF	1093891	0	1	43200	2	0	43200
S019_DAY2_MINITWICE_1756	14	Pulse	99	1108379	14488	NA
S019_DAY2_MINITWICE_1756	14	Port Input	1	1108379	14488	NA
S019_DAY2_MINITWICE_1756	14	Response	51	1114027	20136	2
S019_DAY2_MINITWICE_1756	14	Picture	8_T_FFTRIAD_FF_novia_red.png	1137091	43200	1	1900	2	43200	1800
S019_DAY2_MINITWICE_1756	15	Picture	FF	1139291	0	1	43200	2	0	43200
S019_DAY2_MINITWICE_1756	15	Pulse	99	1144380	5089	NA
S019_DAY2_MINITWICE_1756	15	Port Input	1	1144380	5089	NA
S019_DAY2_MINITWICE_1756	15	Response	51	1155060	15769	1
S019_DAY2_MINITWICE_1756	15	Pulse	99	1180381	41090	NA
S019_DAY2_MINITWICE_1756	15	Port Input	1	1180381	41090	NA
S019_DAY2_MINITWICE_1756	15	Picture	9_T_FFTRIAD_FF_zanahoria_red.png	1182491	43200	1	1900	2	43200	1800
S019_DAY2_MINITWICE_1756	16	Picture	FF	1184791	0	1	43099	3	0	43200
S019_DAY2_MINITWICE_1756	16	Response	52	1203406	18615	1
S019_DAY2_MINITWICE_1756	16	Pulse	99	1216382	31591	NA
S019_DAY2_MINITWICE_1756	16	Port Input	1	1216382	31591	NA
S019_DAY2_MINITWICE_1756	16	Picture	10_T_FFTRIAD_FF_lenador_red.png	1227890	43099	2	1900	4	43200	1800
S019_DAY2_MINITWICE_1756	17	Picture	rest	1229890	0	2	144099	3	0	144000
S019_DAY2_MINITWICE_1756	17	Pulse	99	1252383	22493	NA
S019_DAY2_MINITWICE_1756	17	Port Input	1	1252383	22493	NA
S019_DAY2_MINITWICE_1756	17	Pulse	99	1288383	58493	NA
S019_DAY2_MINITWICE_1756	17	Port Input	1	1288383	58493	NA
S019_DAY2_MINITWICE_1756	17	Pulse	99	1324384	94494	NA
S019_DAY2_MINITWICE_1756	17	Port Input	1	1324384	94494	NA
S019_DAY2_MINITWICE_1756	17	Pulse	99	1360385	130495	NA
S019_DAY2_MINITWICE_1756	17	Port Input	1	1360385	130495	NA
S019_DAY2_MINITWICE_1756	18	Picture	endrest	1374089	0	2	10100	3	0	10000
S019_DAY2_MINITWICE_1756	19	Picture	FF	1384489	0	1	43200	2	0	43200
S019_DAY2_MINITWICE_1756	19	Pulse	99	1396386	11897	NA
S019_DAY2_MINITWICE_1756	19	Port Input	1	1396386	11897	NA
S019_DAY2_MINITWICE_1756	19	Response	51	1397578	13089	1
S019_DAY2_MINITWICE_1756	19	Picture	13_T_FFTRIAD_FF_arbol_red.png	1427689	43200	1	1900	2	43200	1800
S019_DAY2_MINITWICE_1756	20	Picture	FF	1429889	0	1	43100	2	0	43200
S019_DAY2_MINITWICE_1756	20	Pulse	99	1432387	2498	NA
S019_DAY2_MINITWICE_1756	20	Port Input	1	1432387	2498	NA
S019_DAY2_MINITWICE_1756	20	Response	52	1449584	19695	1
S019_DAY2_MINITWICE_1756	20	Pulse	99	1468388	38499	NA
S019_DAY2_MINITWICE_1756	20	Port Input	1	1468388	38499	NA
S019_DAY2_MINITWICE_1756	20	Picture	14_T_FFTRIAD_FF_granjero_red.png	1472989	43100	1	1900	2	43200	1800
S019_DAY2_MINITWICE_1756	21	Picture	FF	1475189	0	1	43099	2	0	43200
S019_DAY2_MINITWICE_1756	21	Response	52	1491366	16177	2
S019_DAY2_MINITWICE_1756	21	Pulse	99	1504389	29200	NA
S019_DAY2_MINITWICE_1756	21	Port Input	1	1504389	29200	NA
S019_DAY2_MINITWICE_1756	21	Picture	15_T_FFTRIAD_FF_telarana_red.png	1518288	43099	1	1900	3	43200	1800
S019_DAY2_MINITWICE_1756	22	Picture	FF	1520488	0	1	43100	2	0	43200
S019_DAY2_MINITWICE_1756	22	Response	52	1536340	15852	1
S019_DAY2_MINITWICE_1756	22	Pulse	99	1540390	19902	NA
S019_DAY2_MINITWICE_1756	22	Port Input	1	1540390	19902	NA
S019_DAY2_MINITWICE_1756	22	Picture	16_T_FFTRIAD_FF_plato_red.png	1563588	43100	1	1900	2	43200	1800
S019_DAY2_MINITWICE_1756	23	Picture	RW	1565888	0	1	43100	2	0	43200
S019_DAY2_MINITWICE_1756	23	Pulse	99	1576391	10503	NA
S019_DAY2_MINITWICE_1756	23	Port Input	1	1576391	10503	NA
S019_DAY2_MINITWICE_1756	23	Response	52	1590792	24904	1
S019_DAY2_MINITWICE_1756	23	Picture	17_T_RWTRIAD_RW_destornillador_red.png	1608988	43100	1	1900	2	43200	1800
S019_DAY2_MINITWICE_1756	24	Picture	RW	1611188	0	1	43099	3	0	43200
S019_DAY2_MINITWICE_1756	24	Pulse	99	1612392	1204	NA
S019_DAY2_MINITWICE_1756	24	Port Input	1	1612392	1204	NA
S019_DAY2_MINITWICE_1756	24	Response	52	1632591	21403	1
S019_DAY2_MINITWICE_1756	24	Pulse	99	1648393	37205	NA
S019_DAY2_MINITWICE_1756	24	Port Input	1	1648393	37205	NA
S019_DAY2_MINITWICE_1756	24	Picture	18_T_RWTRIAD_RW_tijera_red.png	1654287	43099	2	1900	4	43200	1800
S019_DAY2_MINITWICE_1756	25	Picture	RW	1656587	0	2	43100	3	0	43200
S019_DAY2_MINITWICE_1756	25	Response	51	1675552	18965	1
S019_DAY2_MINITWICE_1756	25	Pulse	99	1684394	27807	NA
S019_DAY2_MINITWICE_1756	25	Port Input	1	1684394	27807	NA
S019_DAY2_MINITWICE_1756	25	Picture	19_T_RWTRIAD_RW_botella_red.png	1699687	43100	1	1900	2	43200	1800
S019_DAY2_MINITWICE_1756	26	Picture	RW	1701787	0	1	43200	2	0	43200
S019_DAY2_MINITWICE_1756	26	Response	52	1720088	18301	1
S019_DAY2_MINITWICE_1756	26	Pulse	99	1720395	18608	NA
S019_DAY2_MINITWICE_1756	26	Port Input	1	1720395	18608	NA
S019_DAY2_MINITWICE_1756	26	Picture	20_T_RWTRIAD_RW_cinturon_red.png	1744987	43200	1	1900	2	43200	1800
S019_DAY2_MINITWICE_1756	27	Picture	rest	1746987	0	1	144099	2	0	144000
S019_DAY2_MINITWICE_1756	27	Pulse	99	1756396	9409	NA
S019_DAY2_MINITWICE_1756	27	Port Input	1	1756396	9409	NA
S019_DAY2_MINITWICE_1756	27	Pulse	99	1792397	45410	NA
S019_DAY2_MINITWICE_1756	27	Port Input	1	1792397	45410	NA
S019_DAY2_MINITWICE_1756	27	Pulse	99	1828398	81411	NA
S019_DAY2_MINITWICE_1756	27	Port Input	1	1828398	81411	NA
S019_DAY2_MINITWICE_1756	27	Pulse	99	1864399	117412	NA
S019_DAY2_MINITWICE_1756	27	Port Input	1	1864399	117412	NA
S019_DAY2_MINITWICE_1756	28	Picture	endrest	1891186	0	1	10100	2	0	10000
S019_DAY2_MINITWICE_1756	28	Pulse	99	1900400	9214	NA
S019_DAY2_MINITWICE_1756	28	Port Input	1	1900400	9214	NA
S019_DAY2_MINITWICE_1756	29	Picture	RW	1901486	0	1	43199	2	0	43200
S019_DAY2_MINITWICE_1756	29	Response	52	1918967	17481	1
S019_DAY2_MINITWICE_1756	29	Pulse	99	1936401	34915	NA
S019_DAY2_MINITWICE_1756	29	Port Input	1	1936401	34915	NA
S019_DAY2_MINITWICE_1756	29	Picture	23_T_RWTRIAD_RW_silla_red.png	1944685	43199	1	1900	2	43200	1800
S019_DAY2_MINITWICE_1756	30	Picture	RW	1946885	0	1	43100	2	0	43200
S019_DAY2_MINITWICE_1756	30	Response	51	1969541	22656	1
S019_DAY2_MINITWICE_1756	30	Pulse	99	1972402	25517	NA
S019_DAY2_MINITWICE_1756	30	Port Input	1	1972402	25517	NA
S019_DAY2_MINITWICE_1756	30	Picture	24_T_RWTRIAD_RW_ascensor_red.png	1989985	43100	1	1900	2	43200	1800
S019_DAY2_MINITWICE_1756	31	Picture	RW	1992285	0	1	43100	2	0	43200
S019_DAY2_MINITWICE_1756	31	Pulse	99	2008403	16118	NA
S019_DAY2_MINITWICE_1756	31	Port Input	1	2008403	16118	NA
S019_DAY2_MINITWICE_1756	31	Response	51	2008927	16642	1
S019_DAY2_MINITWICE_1756	31	Picture	25_T_RWTRIAD_RW_iglu_red.png	2035385	43100	1	1898	42	43200	1800
S019_DAY2_MINITWICE_1756	32	Picture	RW	2037685	0	1	43199	3	0	43200
S019_DAY2_MINITWICE_1756	32	Pulse	99	2044403	6718	NA
S019_DAY2_MINITWICE_1756	32	Port Input	1	2044403	6718	NA
S019_DAY2_MINITWICE_1756	32	Response	52	2054126	16441	1
S019_DAY2_MINITWICE_1756	32	Pulse	99	2080404	42719	NA
S019_DAY2_MINITWICE_1756	32	Port Input	1	2080404	42719	NA
S019_DAY2_MINITWICE_1756	32	Picture	26_T_RWTRIAD_RW_martillo_red.png	2080884	43199	2	1900	3	43200	1800
S019_DAY2_MINITWICE_1756	33	Picture	FF	2083184	0	1	43100	2	0	43200
S019_DAY2_MINITWICE_1756	33	Response	51	2111602	28418	1
S019_DAY2_MINITWICE_1756	33	Pulse	99	2116405	33221	NA
S019_DAY2_MINITWICE_1756	33	Port Input	1	2116405	33221	NA
S019_DAY2_MINITWICE_1756	33	Picture	27_T_FFTRIAD_FF_lana_red.png	2126284	43100	1	1900	2	43200	1800
S019_DAY2_MINITWICE_1756	34	Picture	FF	2128584	0	1	43100	2	0	43200
S019_DAY2_MINITWICE_1756	34	Response	51	2142968	14384	2
S019_DAY2_MINITWICE_1756	34	Pulse	99	2152406	23822	NA
S019_DAY2_MINITWICE_1756	34	Port Input	1	2152406	23822	NA
S019_DAY2_MINITWICE_1756	34	Picture	28_T_FFTRIAD_FF_agua_red.png	2171684	43100	1	1900	2	43200	1800
S019_DAY2_MINITWICE_1756	35	Picture	FF	2173884	0	1	43099	2	0	43200
S019_DAY2_MINITWICE_1756	35	Pulse	99	2188407	14523	NA
S019_DAY2_MINITWICE_1756	35	Port Input	1	2188407	14523	NA
S019_DAY2_MINITWICE_1756	35	Response	51	2190506	16622	1
S019_DAY2_MINITWICE_1756	35	Picture	29_T_FFTRIAD_FF_television_red.png	2216983	43099	1	1900	2	43200	1800
S019_DAY2_MINITWICE_1756	36	Picture	FF	2219183	0	1	43200	2	0	43200
S019_DAY2_MINITWICE_1756	36	Pulse	99	2224408	5225	NA
S019_DAY2_MINITWICE_1756	36	Port Input	1	2224408	5225	NA
S019_DAY2_MINITWICE_1756	36	Response	52	2238135	18952	1
S019_DAY2_MINITWICE_1756	36	Pulse	99	2260409	41226	NA
S019_DAY2_MINITWICE_1756	36	Port Input	1	2260409	41226	NA
S019_DAY2_MINITWICE_1756	36	Picture	30_T_FFTRIAD_FF_paraguas_red.png	2262383	43200	1	1900	2	43200	1800
S019_DAY2_MINITWICE_1756	37	Picture	rest	2264383	0	1	144099	2	0	144000
S019_DAY2_MINITWICE_1756	37	Pulse	99	2296410	32027	NA
S019_DAY2_MINITWICE_1756	37	Port Input	1	2296410	32027	NA
S019_DAY2_MINITWICE_1756	37	Pulse	99	2332411	68028	NA
S019_DAY2_MINITWICE_1756	37	Port Input	1	2332411	68028	NA
S019_DAY2_MINITWICE_1756	37	Pulse	99	2368412	104029	NA
S019_DAY2_MINITWICE_1756	37	Port Input	1	2368412	104029	NA
S019_DAY2_MINITWICE_1756	37	Pulse	99	2404413	140030	NA
S019_DAY2_MINITWICE_1756	37	Port Input	1	2404413	140030	NA
S019_DAY2_MINITWICE_1756	38	Picture	endrest	2408582	0	1	10100	2	0	10000
S019_DAY2_MINITWICE_1756	39	Picture	FF	2418982	0	1	43200	2	0	43200
S019_DAY2_MINITWICE_1756	39	Response	52	2434693	15711	1
S019_DAY2_MINITWICE_1756	39	Pulse	99	2440414	21432	NA
S019_DAY2_MINITWICE_1756	39	Port Input	1	2440414	21432	NA
S019_DAY2_MINITWICE_1756	39	Picture	33_T_FFTRIAD_FF_manos_red.png	2462182	43200	1	1900	2	43200	1800
S019_DAY2_MINITWICE_1756	40	Picture	FF	2464382	0	1	43099	2	0	43200
S019_DAY2_MINITWICE_1756	40	Pulse	99	2476415	12033	NA
S019_DAY2_MINITWICE_1756	40	Port Input	1	2476415	12033	NA
S019_DAY2_MINITWICE_1756	40	Response	52	2478664	14282	2
S019_DAY2_MINITWICE_1756	40	Picture	34_T_FFTRIAD_FF_cinturon_red.png	2507481	43099	1	1900	2	43200	1800
S019_DAY2_MINITWICE_1756	41	Picture	FF	2509681	0	1	43100	2	0	43200
S019_DAY2_MINITWICE_1756	41	Pulse	99	2512416	2735	NA
S019_DAY2_MINITWICE_1756	41	Port Input	1	2512416	2735	NA
S019_DAY2_MINITWICE_1756	41	Response	52	2524874	15193	1
S019_DAY2_MINITWICE_1756	41	Pulse	99	2548417	38736	NA
S019_DAY2_MINITWICE_1756	41	Port Input	1	2548417	38736	NA
S019_DAY2_MINITWICE_1756	41	Picture	35_T_FFTRIAD_FF_huevos_red.png	2552781	43100	1	1900	2	43200	1800
S019_DAY2_MINITWICE_1756	42	Picture	FF	2554981	0	1	43100	2	0	43200
S019_DAY2_MINITWICE_1756	42	Response	52	2568284	13303	1
S019_DAY2_MINITWICE_1756	42	Pulse	99	2584418	29437	NA
S019_DAY2_MINITWICE_1756	42	Port Input	1	2584418	29437	NA
S019_DAY2_MINITWICE_1756	42	Picture	36_T_FFTRIAD_FF_teclado_red.png	2598081	43100	1	1900	2	43200	1800
S019_DAY2_MINITWICE_1756	43	Picture	FF	2600281	0	1	43199	2	0	43200
S019_DAY2_MINITWICE_1756	43	Pulse	99	2620419	20138	NA
S019_DAY2_MINITWICE_1756	43	Port Input	1	2620419	20138	NA
S019_DAY2_MINITWICE_1756	43	Response	51	2621037	20756	1
S019_DAY2_MINITWICE_1756	43	Picture	37_T_FFTRIAD_FF_llave_red.png	2643480	43199	1	1900	2	43200	1800
S019_DAY2_MINITWICE_1756	44	Picture	FF	2645680	0	1	43100	2	0	43200
S019_DAY2_MINITWICE_1756	44	Pulse	99	2656420	10740	NA
S019_DAY2_MINITWICE_1756	44	Port Input	1	2656420	10740	NA
S019_DAY2_MINITWICE_1756	44	Response	52	2662070	16390	2
S019_DAY2_MINITWICE_1756	44	Picture	38_T_FFTRIAD_FF_tenedor_red.png	2688780	43100	1	1900	2	43200	1800
S019_DAY2_MINITWICE_1756	45	Picture	FF	2690980	0	1	43100	2	0	43200
S019_DAY2_MINITWICE_1756	45	Pulse	99	2692421	1441	NA
S019_DAY2_MINITWICE_1756	45	Port Input	1	2692421	1441	NA
S019_DAY2_MINITWICE_1756	45	Response	52	2708933	17953	1
S019_DAY2_MINITWICE_1756	45	Pulse	99	2728421	37441	NA
S019_DAY2_MINITWICE_1756	45	Port Input	1	2728421	37441	NA
S019_DAY2_MINITWICE_1756	45	Picture	39_T_FFTRIAD_FF_molino_red.png	2734080	43100	1	1900	2	43200	1800
S019_DAY2_MINITWICE_1756	46	Picture	FF	2736280	0	1	43099	2	0	43200
S019_DAY2_MINITWICE_1756	46	Response	51	2756663	20383	1
S019_DAY2_MINITWICE_1756	46	Pulse	99	2764422	28142	NA
S019_DAY2_MINITWICE_1756	46	Port Input	1	2764422	28142	NA
S019_DAY2_MINITWICE_1756	46	Picture	40_T_FFTRIAD_FF_estetoscopio_red.png	2779379	43099	1	1861	42	43200	1800
S019_DAY2_MINITWICE_1756	47	Picture	rest	2781379	0	1	144099	2	0	144000
S019_DAY2_MINITWICE_1756	47	Pulse	99	2800423	19044	NA
S019_DAY2_MINITWICE_1756	47	Port Input	1	2800423	19044	NA
S019_DAY2_MINITWICE_1756	47	Pulse	99	2836424	55045	NA
S019_DAY2_MINITWICE_1756	47	Port Input	1	2836424	55045	NA
S019_DAY2_MINITWICE_1756	47	Pulse	99	2872425	91046	NA
S019_DAY2_MINITWICE_1756	47	Port Input	1	2872425	91046	NA
S019_DAY2_MINITWICE_1756	47	Pulse	99	2908426	127047	NA
S019_DAY2_MINITWICE_1756	47	Port Input	1	2908426	127047	NA
S019_DAY2_MINITWICE_1756	48	Picture	endrest	2925578	0	1	10100	2	0	10000
S019_DAY2_MINITWICE_1756	49	Picture	RW	2936078	0	1	43100	2	0	43200
S019_DAY2_MINITWICE_1756	49	Pulse	99	2944427	8349	NA
S019_DAY2_MINITWICE_1756	49	Port Input	1	2944427	8349	NA
S019_DAY2_MINITWICE_1756	49	Response	52	2951981	15903	1
S019_DAY2_MINITWICE_1756	49	Picture	43_T_RWTRIAD_RW_monja_red.png	2979178	43100	1	1900	2	43200	1800
S019_DAY2_MINITWICE_1756	49	Pulse	99	2980428	44350	NA
S019_DAY2_MINITWICE_1756	49	Port Input	1	2980428	44350	NA
S019_DAY2_MINITWICE_1756	50	Picture	RW	2981478	0	1	43100	2	0	43200
S019_DAY2_MINITWICE_1756	50	Response	52	3004363	22885	2
S019_DAY2_MINITWICE_1756	50	Pulse	99	3016429	34951	NA
S019_DAY2_MINITWICE_1756	50	Port Input	1	3016429	34951	NA
S019_DAY2_MINITWICE_1756	50	Picture	44_T_RWTRIAD_RW_sobre_red.png	3024578	43100	1	1900	2	43200	1800
S019_DAY2_MINITWICE_1756	51	Picture	RW	3026878	0	1	43099	2	0	43200
S019_DAY2_MINITWICE_1756	51	Pulse	99	3052430	25552	NA
S019_DAY2_MINITWICE_1756	51	Port Input	1	3052430	25552	NA
S019_DAY2_MINITWICE_1756	51	Response	52	3053832	26954	1
S019_DAY2_MINITWICE_1756	51	Picture	45_T_RWTRIAD_RW_pluma_red.png	3069977	43099	1	1900	2	43200	1800
S019_DAY2_MINITWICE_1756	52	Picture	RW	3072177	0	1	43100	2	0	43200
S019_DAY2_MINITWICE_1756	52	Pulse	99	3088431	16254	NA
S019_DAY2_MINITWICE_1756	52	Port Input	1	3088431	16254	NA
S019_DAY2_MINITWICE_1756	52	Response	51	3089700	17523	1
S019_DAY2_MINITWICE_1756	52	Picture	46_T_RWTRIAD_RW_ancla_red.png	3115277	43100	1	1900	2	43200	1800
S019_DAY2_MINITWICE_1756	53	Picture	FF	3117577	0	1	43100	2	0	43200
S019_DAY2_MINITWICE_1756	53	Pulse	99	3124432	6855	NA
S019_DAY2_MINITWICE_1756	53	Port Input	1	3124432	6855	NA
S019_DAY2_MINITWICE_1756	53	Response	52	3130754	13177	2
S019_DAY2_MINITWICE_1756	53	Pulse	99	3160433	42856	NA
S019_DAY2_MINITWICE_1756	53	Port Input	1	3160433	42856	NA
S019_DAY2_MINITWICE_1756	53	Picture	47_T_FFTRIAD_FF_mono_red.png	3160677	43100	1	1900	2	43200	1800
S019_DAY2_MINITWICE_1756	54	Picture	FF	3162977	0	1	43099	2	0	43200
S019_DAY2_MINITWICE_1756	54	Response	52	3182706	19729	1
S019_DAY2_MINITWICE_1756	54	Pulse	99	3196434	33457	NA
S019_DAY2_MINITWICE_1756	54	Port Input	1	3196434	33457	NA
S019_DAY2_MINITWICE_1756	54	Picture	48_T_FFTRIAD_FF_grifo_red.png	3206076	43099	1	1900	2	43200	1800
S019_DAY2_MINITWICE_1756	55	Picture	FF	3208276	0	1	43100	2	0	43200
S019_DAY2_MINITWICE_1756	55	Response	51	3221186	12910	2
S019_DAY2_MINITWICE_1756	55	Pulse	99	3232435	24159	NA
S019_DAY2_MINITWICE_1756	55	Port Input	1	3232435	24159	NA
S019_DAY2_MINITWICE_1756	55	Picture	49_T_FFTRIAD_FF_leche_red.png	3251376	43100	1	1900	2	43200	1800
S019_DAY2_MINITWICE_1756	56	Picture	FF	3253676	0	1	43100	2	0	43200
S019_DAY2_MINITWICE_1756	56	Pulse	99	3268436	14760	NA
S019_DAY2_MINITWICE_1756	56	Port Input	1	3268436	14760	NA
S019_DAY2_MINITWICE_1756	56	Response	52	3277101	23425	1
S019_DAY2_MINITWICE_1756	56	Picture	50_T_FFTRIAD_FF_anillo_red.png	3296776	43100	1	1900	2	43200	1800
S019_DAY2_MINITWICE_1756	57	Picture	rest	3298776	0	1	144099	2	0	144000
S019_DAY2_MINITWICE_1756	57	Pulse	99	3304437	5661	NA
S019_DAY2_MINITWICE_1756	57	Port Input	1	3304437	5661	NA
S019_DAY2_MINITWICE_1756	57	Pulse	99	3340438	41662	NA
S019_DAY2_MINITWICE_1756	57	Port Input	1	3340438	41662	NA
S019_DAY2_MINITWICE_1756	57	Pulse	99	3376439	77663	NA
S019_DAY2_MINITWICE_1756	57	Port Input	1	3376439	77663	NA
S019_DAY2_MINITWICE_1756	57	Pulse	99	3412440	113664	NA
S019_DAY2_MINITWICE_1756	57	Port Input	1	3412440	113664	NA
S019_DAY2_MINITWICE_1756	58	Picture	endrest	3442975	0	1	10100	2	0	10000
S019_DAY2_MINITWICE_1756	58	Pulse	99	3448441	5466	NA
S019_DAY2_MINITWICE_1756	58	Port Input	1	3448441	5466	NA
S019_DAY2_MINITWICE_1756	59	Picture	RW	3453374	0	2	43200	3	0	43200
S019_DAY2_MINITWICE_1756	59	Response	51	3480451	27077	1
S019_DAY2_MINITWICE_1756	59	Pulse	99	3484441	31067	NA
S019_DAY2_MINITWICE_1756	59	Port Input	1	3484441	31067	NA
S019_DAY2_MINITWICE_1756	59	Picture	53_T_RWTRIAD_RW_television_red.png	3496574	43200	1	1900	2	43200	1800
S019_DAY2_MINITWICE_1756	60	Picture	RW	3498874	0	1	43100	2	0	43200
S019_DAY2_MINITWICE_1756	60	Pulse	99	3520442	21568	NA
S019_DAY2_MINITWICE_1756	60	Port Input	1	3520442	21568	NA
S019_DAY2_MINITWICE_1756	60	Response	51	3524743	25869	1
S019_DAY2_MINITWICE_1756	60	Picture	54_T_RWTRIAD_RW_perro_red.png	3541974	43100	1	1900	2	43200	1800
S019_DAY2_MINITWICE_1756	61	Picture	RW	3544174	0	1	43199	3	0	43200
S019_DAY2_MINITWICE_1756	61	Pulse	99	3556443	12269	NA
S019_DAY2_MINITWICE_1756	61	Port Input	1	3556443	12269	NA
S019_DAY2_MINITWICE_1756	61	Response	52	3566966	22792	1
S019_DAY2_MINITWICE_1756	61	Picture	55_T_RWTRIAD_RW_grapadora_red.png	3587373	43199	2	1900	4	43200	1800
S019_DAY2_MINITWICE_1756	62	Picture	RW	3589674	0	1	43099	2	0	43200
S019_DAY2_MINITWICE_1756	62	Pulse	99	3592444	2770	NA
S019_DAY2_MINITWICE_1756	62	Port Input	1	3592444	2770	NA
S019_DAY2_MINITWICE_1756	62	Response	52	3610622	20948	1
S019_DAY2_MINITWICE_1756	62	Pulse	99	3628445	38771	NA
S019_DAY2_MINITWICE_1756	62	Port Input	1	3628445	38771	NA
S019_DAY2_MINITWICE_1756	62	Picture	56_T_RWTRIAD_RW_raton_red.png	3632773	43099	1	1900	2	43200	1800
S019_DAY2_MINITWICE_1756	63	Picture	RW	3634973	0	1	43100	2	0	43200
S019_DAY2_MINITWICE_1756	63	Response	52	3664270	29297	1
S019_DAY2_MINITWICE_1756	63	Pulse	99	3664446	29473	NA
S019_DAY2_MINITWICE_1756	63	Port Input	1	3664446	29473	NA
S019_DAY2_MINITWICE_1756	63	Picture	57_T_RWTRIAD_RW_molino_red.png	3678073	43100	1	1900	2	43200	1800
S019_DAY2_MINITWICE_1756	64	Picture	RW	3680273	0	1	43200	2	0	43200
S019_DAY2_MINITWICE_1756	64	Pulse	99	3700447	20174	NA
S019_DAY2_MINITWICE_1756	64	Port Input	1	3700447	20174	NA
S019_DAY2_MINITWICE_1756	64	Response	52	3702600	22327	1
S019_DAY2_MINITWICE_1756	64	Picture	58_T_RWTRIAD_RW_agua_red.png	3723473	43200	1	1900	2	43200	1800
S019_DAY2_MINITWICE_1756	65	Picture	RW	3725773	0	1	43199	2	0	43200
S019_DAY2_MINITWICE_1756	65	Pulse	99	3736448	10675	NA
S019_DAY2_MINITWICE_1756	65	Port Input	1	3736448	10675	NA
S019_DAY2_MINITWICE_1756	65	Response	52	3748377	22604	2
S019_DAY2_MINITWICE_1756	65	Picture	59_T_RWTRIAD_RW_bellota_red.png	3768972	43199	1	1900	2	43200	1800
S019_DAY2_MINITWICE_1756	66	Picture	RW	3771172	0	1	43100	2	0	43200
S019_DAY2_MINITWICE_1756	66	Pulse	99	3772449	1277	NA
S019_DAY2_MINITWICE_1756	66	Port Input	1	3772449	1277	NA
S019_DAY2_MINITWICE_1756	66	Response	51	3798914	27742	1
S019_DAY2_MINITWICE_1756	66	Pulse	99	3808450	37278	NA
S019_DAY2_MINITWICE_1756	66	Port Input	1	3808450	37278	NA
S019_DAY2_MINITWICE_1756	66	Picture	60_T_RWTRIAD_RW_violin_red.png	3814272	43100	1	1900	2	43200	1800
S019_DAY2_MINITWICE_1756	67	Picture	rest	3816272	0	1	144099	2	0	144000
S019_DAY2_MINITWICE_1756	67	Pulse	99	3844451	28179	NA
S019_DAY2_MINITWICE_1756	67	Port Input	1	3844451	28179	NA
S019_DAY2_MINITWICE_1756	67	Pulse	99	3880452	64180	NA
S019_DAY2_MINITWICE_1756	67	Port Input	1	3880452	64180	NA
S019_DAY2_MINITWICE_1756	67	Pulse	99	3916453	100181	NA
S019_DAY2_MINITWICE_1756	67	Port Input	1	3916453	100181	NA
S019_DAY2_MINITWICE_1756	67	Pulse	99	3952454	136182	NA
S019_DAY2_MINITWICE_1756	67	Port Input	1	3952454	136182	NA
S019_DAY2_MINITWICE_1756	68	Picture	endrest	3960471	0	1	10100	2	0	10000
S019_DAY2_MINITWICE_1756	69	Picture	RW	3970871	0	1	43099	3	0	43200
S019_DAY2_MINITWICE_1756	69	Pulse	99	3988455	17584	NA
S019_DAY2_MINITWICE_1756	69	Port Input	1	3988455	17584	NA
S019_DAY2_MINITWICE_1756	69	Response	51	4001192	30321	1
S019_DAY2_MINITWICE_1756	69	Picture	63_T_RWTRIAD_RW_granjero_red.png	4013970	43099	2	1900	4	43200	1800
S019_DAY2_MINITWICE_1756	70	Picture	RW	4016170	0	2	43100	3	0	43200
S019_DAY2_MINITWICE_1756	70	Pulse	99	4024456	8286	NA
S019_DAY2_MINITWICE_1756	70	Port Input	1	4024456	8286	NA
S019_DAY2_MINITWICE_1756	70	Response	51	4036595	20425	1
S019_DAY2_MINITWICE_1756	70	Picture	64_T_RWTRIAD_RW_carruaje_red.png	4059270	43100	1	1900	2	43200	1800
S019_DAY2_MINITWICE_1756	70	Pulse	99	4060457	44287	NA
S019_DAY2_MINITWICE_1756	70	Port Input	1	4060457	44287	NA
S019_DAY2_MINITWICE_1756	71	Picture	RW	4061470	0	1	43100	2	0	43200
S019_DAY2_MINITWICE_1756	71	Response	51	4084336	22866	1
S019_DAY2_MINITWICE_1756	71	Pulse	99	4096458	34988	NA
S019_DAY2_MINITWICE_1756	71	Port Input	1	4096458	34988	NA
S019_DAY2_MINITWICE_1756	71	Picture	65_T_RWTRIAD_RW_almohada_red.png	4104570	43100	1	1900	2	43200	1800
S019_DAY2_MINITWICE_1756	72	Picture	RW	4106870	0	1	43099	3	0	43200
S019_DAY2_MINITWICE_1756	72	Pulse	99	4132458	25588	NA
S019_DAY2_MINITWICE_1756	72	Port Input	1	4132458	25588	NA
S019_DAY2_MINITWICE_1756	72	Response	51	4132591	25721	1
S019_DAY2_MINITWICE_1756	72	Picture	66_T_RWTRIAD_RW_charco_red.png	4149969	43099	2	1900	4	43200	1800
S019_DAY2_MINITWICE_1756	73	Picture	PW	4152269	0	2	43100	3	0	43200
S019_DAY2_MINITWICE_1756	73	Pulse	99	4168459	16190	NA
S019_DAY2_MINITWICE_1756	73	Port Input	1	4168459	16190	NA
S019_DAY2_MINITWICE_1756	73	Response	51	4183689	31420	1
S019_DAY2_MINITWICE_1756	73	Picture	67_T_PWTRIAD_PW_portatil_red.png	4195369	43100	1	1900	2	43200	1800
S019_DAY2_MINITWICE_1756	74	Picture	PW	4197569	0	1	43200	2	0	43200
S019_DAY2_MINITWICE_1756	74	Pulse	99	4204460	6891	NA
S019_DAY2_MINITWICE_1756	74	Port Input	1	4204460	6891	NA
S019_DAY2_MINITWICE_1756	74	Response	51	4220407	22838	1
S019_DAY2_MINITWICE_1756	74	Pulse	99	4240461	42892	NA
S019_DAY2_MINITWICE_1756	74	Port Input	1	4240461	42892	NA
S019_DAY2_MINITWICE_1756	74	Picture	68_T_PWTRIAD_PW_perro_red.png	4240769	43200	1	1900	2	43200	1800
S019_DAY2_MINITWICE_1756	75	Picture	PW	4242969	0	1	43099	3	0	43200
S019_DAY2_MINITWICE_1756	75	Response	51	4274124	31155	1
S019_DAY2_MINITWICE_1756	75	Pulse	99	4276462	33493	NA
S019_DAY2_MINITWICE_1756	75	Port Input	1	4276462	33493	NA
S019_DAY2_MINITWICE_1756	75	Picture	69_T_PWTRIAD_PW_tenedor_red.png	4286068	43099	2	1900	4	43200	1800
S019_DAY2_MINITWICE_1756	76	Picture	PW	4288368	0	2	43100	3	0	43200
S019_DAY2_MINITWICE_1756	76	Response	51	4307493	19125	1
S019_DAY2_MINITWICE_1756	76	Pulse	99	4312463	24095	NA
S019_DAY2_MINITWICE_1756	76	Port Input	1	4312463	24095	NA
S019_DAY2_MINITWICE_1756	76	Picture	70_T_PWTRIAD_PW_piramide_red.png	4331468	43100	1	1900	2	43200	1800
S019_DAY2_MINITWICE_1756	77	Picture	rest	4333468	0	1	144099	2	0	144000
S019_DAY2_MINITWICE_1756	77	Pulse	99	4348464	14996	NA
S019_DAY2_MINITWICE_1756	77	Port Input	1	4348464	14996	NA
S019_DAY2_MINITWICE_1756	77	Pulse	99	4384465	50997	NA
S019_DAY2_MINITWICE_1756	77	Port Input	1	4384465	50997	NA
S019_DAY2_MINITWICE_1756	77	Pulse	99	4420466	86998	NA
S019_DAY2_MINITWICE_1756	77	Port Input	1	4420466	86998	NA
S019_DAY2_MINITWICE_1756	77	Pulse	99	4456467	122999	NA
S019_DAY2_MINITWICE_1756	77	Port Input	1	4456467	122999	NA
S019_DAY2_MINITWICE_1756	78	Picture	endrest	4477667	0	1	10100	2	0	10000
S019_DAY2_MINITWICE_1756	79	Picture	PW	4488067	0	1	43100	2	0	43200
S019_DAY2_MINITWICE_1756	79	Pulse	99	4492468	4401	NA
S019_DAY2_MINITWICE_1756	79	Port Input	1	4492468	4401	NA
S019_DAY2_MINITWICE_1756	79	Response	52	4512048	23981	1
S019_DAY2_MINITWICE_1756	79	Pulse	99	4528469	40402	NA
S019_DAY2_MINITWICE_1756	79	Port Input	1	4528469	40402	NA
S019_DAY2_MINITWICE_1756	79	Picture	73_T_PWTRIAD_PW_almohada_red.png	4531167	43100	1	1900	2	43200	1800
S019_DAY2_MINITWICE_1756	80	Picture	PW	4533367	0	1	43199	2	0	43200
S019_DAY2_MINITWICE_1756	80	Response	51	4558229	24862	1
S019_DAY2_MINITWICE_1756	80	Pulse	99	4564470	31103	NA
S019_DAY2_MINITWICE_1756	80	Port Input	1	4564470	31103	NA
S019_DAY2_MINITWICE_1756	80	Picture	74_T_PWTRIAD_PW_huevos_red.png	4576566	43199	1	1900	2	43200	1800
S019_DAY2_MINITWICE_1756	81	Picture	PW	4578666	0	2	43200	3	0	43200
S019_DAY2_MINITWICE_1756	81	Pulse	99	4600471	21805	NA
S019_DAY2_MINITWICE_1756	81	Port Input	1	4600471	21805	NA
S019_DAY2_MINITWICE_1756	81	Response	52	4600710	22044	1
S019_DAY2_MINITWICE_1756	81	Picture	75_T_PWTRIAD_PW_telarana_red.png	4621866	43200	1	1900	3	43200	1800
S019_DAY2_MINITWICE_1756	82	Picture	PW	4624066	0	2	43199	4	0	43200
S019_DAY2_MINITWICE_1756	82	Pulse	99	4636472	12406	NA
S019_DAY2_MINITWICE_1756	82	Port Input	1	4636472	12406	NA
S019_DAY2_MINITWICE_1756	82	Response	51	4637154	13088	1
S019_DAY2_MINITWICE_1756	82	Picture	76_T_PWTRIAD_PW_sapo_red.png	4667265	43199	2	1900	4	43200	1800
S019_DAY2_MINITWICE_1756	83	Picture	PW	4669565	0	2	43100	3	0	43200
S019_DAY2_MINITWICE_1756	83	Pulse	99	4672473	2908	NA
S019_DAY2_MINITWICE_1756	83	Port Input	1	4672473	2908	NA
S019_DAY2_MINITWICE_1756	83	Response	52	4694316	24751	1
S019_DAY2_MINITWICE_1756	83	Pulse	99	4708474	38909	NA
S019_DAY2_MINITWICE_1756	83	Port Input	1	4708474	38909	NA
S019_DAY2_MINITWICE_1756	83	Picture	77_T_PWTRIAD_PW_anillo_red.png	4712665	43100	1	1900	3	43200	1800
S019_DAY2_MINITWICE_1756	84	Picture	PW	4714965	0	1	43099	3	0	43200
S019_DAY2_MINITWICE_1756	84	Response	51	4734037	19072	1
S019_DAY2_MINITWICE_1756	84	Pulse	99	4744475	29510	NA
S019_DAY2_MINITWICE_1756	84	Port Input	1	4744475	29510	NA
S019_DAY2_MINITWICE_1756	84	Picture	78_T_PWTRIAD_PW_pincel_red.png	4758064	43099	2	1901	3	43200	1800
S019_DAY2_MINITWICE_1756	85	Picture	PW	4760264	0	2	43101	3	0	43200
S019_DAY2_MINITWICE_1756	85	Response	52	4773462	13198	1
S019_DAY2_MINITWICE_1756	85	Pulse	99	4780475	20211	NA
S019_DAY2_MINITWICE_1756	85	Port Input	1	4780475	20211	NA
S019_DAY2_MINITWICE_1756	85	Picture	79_T_PWTRIAD_PW_bebe_red.png	4803365	43101	1	1900	2	43200	1800
S019_DAY2_MINITWICE_1756	86	Picture	PW	4805665	0	1	43099	3	0	43200
S019_DAY2_MINITWICE_1756	86	Pulse	99	4816476	10811	NA
S019_DAY2_MINITWICE_1756	86	Port Input	1	4816476	10811	NA
S019_DAY2_MINITWICE_1756	86	Response	51	4826518	20853	1
S019_DAY2_MINITWICE_1756	86	Picture	80_T_PWTRIAD_PW_sombrilla_red.png	4848764	43099	2	1900	3	43200	1800
S019_DAY2_MINITWICE_1756	87	Picture	rest	4850764	0	1	144099	2	0	144000
S019_DAY2_MINITWICE_1756	87	Pulse	99	4852477	1713	NA
S019_DAY2_MINITWICE_1756	87	Port Input	1	4852477	1713	NA
S019_DAY2_MINITWICE_1756	87	Pulse	99	4888478	37714	NA
S019_DAY2_MINITWICE_1756	87	Port Input	1	4888478	37714	NA
S019_DAY2_MINITWICE_1756	87	Pulse	99	4924480	73716	NA
S019_DAY2_MINITWICE_1756	87	Port Input	1	4924480	73716	NA
S019_DAY2_MINITWICE_1756	87	Pulse	99	4960480	109716	NA
S019_DAY2_MINITWICE_1756	87	Port Input	1	4960480	109716	NA
S019_DAY2_MINITWICE_1756	88	Picture	endrest	4994963	0	1	10100	2	0	10000
S019_DAY2_MINITWICE_1756	88	Pulse	99	4996481	1518	NA
S019_DAY2_MINITWICE_1756	88	Port Input	1	4996481	1518	NA
S019_DAY2_MINITWICE_1756	89	Picture	FF	5005363	0	1	43100	2	0	43200
S019_DAY2_MINITWICE_1756	89	Response	52	5019456	14093	1
S019_DAY2_MINITWICE_1756	89	Pulse	99	5032482	27119	NA
S019_DAY2_MINITWICE_1756	89	Port Input	1	5032482	27119	NA
S019_DAY2_MINITWICE_1756	89	Response	52	5034054	28691	1
S019_DAY2_MINITWICE_1756	89	Picture	83_T_FFTRIAD_FF_banera_red.png	5048463	43100	1	1900	2	43200	1800
S019_DAY2_MINITWICE_1756	90	Picture	FF	5050763	0	1	43099	3	0	43200
S019_DAY2_MINITWICE_1756	90	Response	52	5062419	11656	1
S019_DAY2_MINITWICE_1756	90	Pulse	99	5068483	17720	NA
S019_DAY2_MINITWICE_1756	90	Port Input	1	5068483	17720	NA
S019_DAY2_MINITWICE_1756	90	Picture	84_T_FFTRIAD_FF_bebe_red.png	5093862	43099	2	1900	4	43200	1800
S019_DAY2_MINITWICE_1756	91	Picture	FF	5096062	0	2	43100	3	0	43200
S019_DAY2_MINITWICE_1756	91	Pulse	99	5104484	8422	NA
S019_DAY2_MINITWICE_1756	91	Port Input	1	5104484	8422	NA
S019_DAY2_MINITWICE_1756	91	Response	51	5112700	16638	1
S019_DAY2_MINITWICE_1756	91	Picture	85_T_FFTRIAD_FF_candado_red.png	5139162	43100	1	1900	2	43200	1800
S019_DAY2_MINITWICE_1756	91	Pulse	99	5140485	44423	NA
S019_DAY2_MINITWICE_1756	91	Port Input	1	5140485	44423	NA
S019_DAY2_MINITWICE_1756	92	Picture	FF	5141362	0	1	43100	2	0	43200
S019_DAY2_MINITWICE_1756	92	Response	51	5151294	9932	1
S019_DAY2_MINITWICE_1756	92	Pulse	99	5176486	35124	NA
S019_DAY2_MINITWICE_1756	92	Port Input	1	5176486	35124	NA
S019_DAY2_MINITWICE_1756	92	Picture	86_T_FFTRIAD_FF_sapo_red.png	5184462	43100	1	1900	2	43200	1800
S019_DAY2_MINITWICE_1756	93	Picture	FF	5186762	0	1	43099	3	0	43200
S019_DAY2_MINITWICE_1756	93	Response	52	5199174	12412	1
S019_DAY2_MINITWICE_1756	93	Pulse	99	5212487	25725	NA
S019_DAY2_MINITWICE_1756	93	Port Input	1	5212487	25725	NA
S019_DAY2_MINITWICE_1756	93	Picture	87_T_FFTRIAD_FF_bala_red.png	5229861	43099	2	1901	3	43200	1800
S019_DAY2_MINITWICE_1756	94	Picture	FF	5232062	0	1	43099	2	0	43200
S019_DAY2_MINITWICE_1756	94	Pulse	99	5248488	16426	NA
S019_DAY2_MINITWICE_1756	94	Port Input	1	5248488	16426	NA
S019_DAY2_MINITWICE_1756	94	Response	52	5249144	17082	1
S019_DAY2_MINITWICE_1756	94	Picture	88_T_FFTRIAD_FF_sobre_red.png	5275161	43099	1	1900	2	43200	1800
S019_DAY2_MINITWICE_1756	95	Picture	FF	5277361	0	1	43200	2	0	43200
S019_DAY2_MINITWICE_1756	95	Pulse	99	5284489	7128	NA
S019_DAY2_MINITWICE_1756	95	Port Input	1	5284489	7128	NA
S019_DAY2_MINITWICE_1756	95	Response	52	5291728	14367	1
S019_DAY2_MINITWICE_1756	95	Pulse	99	5320490	43129	NA
S019_DAY2_MINITWICE_1756	95	Port Input	1	5320490	43129	NA
S019_DAY2_MINITWICE_1756	95	Picture	89_T_FFTRIAD_FF_oruga_red.png	5320561	43200	1	1900	2	43200	1800
S019_DAY2_MINITWICE_1756	96	Picture	FF	5322761	0	1	43100	2	0	43200
S019_DAY2_MINITWICE_1756	96	Response	52	5339893	17132	1
S019_DAY2_MINITWICE_1756	96	Pulse	99	5356491	33730	NA
S019_DAY2_MINITWICE_1756	96	Port Input	1	5356491	33730	NA
S019_DAY2_MINITWICE_1756	96	Picture	90_T_FFTRIAD_FF_destornillador_red.png	5365861	43100	1	1899	3	43200	1800
S019_DAY2_MINITWICE_1756	97	Picture	rest	5367861	0	1	144098	3	0	144000
S019_DAY2_MINITWICE_1756	97	Pulse	99	5392492	24631	NA
S019_DAY2_MINITWICE_1756	97	Port Input	1	5392492	24631	NA
S019_DAY2_MINITWICE_1756	97	Pulse	99	5428493	60632	NA
S019_DAY2_MINITWICE_1756	97	Port Input	1	5428493	60632	NA
S019_DAY2_MINITWICE_1756	97	Pulse	99	5464493	96632	NA
S019_DAY2_MINITWICE_1756	97	Port Input	1	5464493	96632	NA
S019_DAY2_MINITWICE_1756	97	Pulse	99	5500494	132633	NA
S019_DAY2_MINITWICE_1756	97	Port Input	1	5500494	132633	NA
S019_DAY2_MINITWICE_1756	98	Picture	endrest	5512059	0	2	10100	4	0	10000
S019_DAY2_MINITWICE_1756	99	Picture	PW	5522459	0	2	43100	3	0	43200
S019_DAY2_MINITWICE_1756	99	Pulse	99	5536495	14036	NA
S019_DAY2_MINITWICE_1756	99	Port Input	1	5536495	14036	NA
S019_DAY2_MINITWICE_1756	99	Response	51	5547303	24844	1
S019_DAY2_MINITWICE_1756	99	Picture	93_T_PWTRIAD_PW_ancla_red.png	5565559	43100	1	1900	2	43200	1800
S019_DAY2_MINITWICE_1756	100	Picture	PW	5567859	0	1	43200	2	0	43200
S019_DAY2_MINITWICE_1756	100	Pulse	99	5572496	4637	NA
S019_DAY2_MINITWICE_1756	100	Port Input	1	5572496	4637	NA
S019_DAY2_MINITWICE_1756	100	Response	51	5587640	19781	1
S019_DAY2_MINITWICE_1756	100	Pulse	99	5608497	40638	NA
S019_DAY2_MINITWICE_1756	100	Port Input	1	5608497	40638	NA
S019_DAY2_MINITWICE_1756	100	Picture	94_T_PWTRIAD_PW_charco_red.png	5611059	43200	1	1900	2	43200	1800
S019_DAY2_MINITWICE_1756	101	Picture	PW	5613359	0	1	43099	3	0	43200
S019_DAY2_MINITWICE_1756	101	Response	51	5631247	17888	1
S019_DAY2_MINITWICE_1756	101	Pulse	99	5644498	31139	NA
S019_DAY2_MINITWICE_1756	101	Port Input	1	5644498	31139	NA
S019_DAY2_MINITWICE_1756	101	Picture	95_T_PWTRIAD_PW_gafas_red.png	5656458	43099	2	1900	4	43200	1800
S019_DAY2_MINITWICE_1756	102	Picture	PW	5658658	0	2	43200	3	0	43200
S019_DAY2_MINITWICE_1756	102	Response	51	5680323	21665	1
S019_DAY2_MINITWICE_1756	102	Pulse	99	5680499	21841	NA
S019_DAY2_MINITWICE_1756	102	Port Input	1	5680499	21841	NA
S019_DAY2_MINITWICE_1756	102	Picture	96_T_PWTRIAD_PW_traje_red.png	5701858	43200	1	1889	45	43200	1800
S019_DAY2_MINITWICE_1756	103	Picture	RW	5704058	0	1	43200	2	0	43200
S019_DAY2_MINITWICE_1756	103	Pulse	99	5716500	12442	NA
S019_DAY2_MINITWICE_1756	103	Port Input	1	5716500	12442	NA
S019_DAY2_MINITWICE_1756	103	Response	52	5739636	35578	1
S019_DAY2_MINITWICE_1756	103	Picture	97_T_RWTRIAD_RW_dado_red.png	5747258	43200	1	1900	2	43200	1800
S019_DAY2_MINITWICE_1756	104	Picture	RW	5749451	0	45	43106	47	0	43200
S019_DAY2_MINITWICE_1756	104	Pulse	99	5752501	3050	NA
S019_DAY2_MINITWICE_1756	104	Port Input	1	5752501	3050	NA
S019_DAY2_MINITWICE_1756	104	Response	51	5777159	27708	1
S019_DAY2_MINITWICE_1756	104	Pulse	99	5788502	39051	NA
S019_DAY2_MINITWICE_1756	104	Port Input	1	5788502	39051	NA
S019_DAY2_MINITWICE_1756	104	Picture	98_T_RWTRIAD_RW_traje_red.png	5792557	43106	2	1900	4	43200	1800
S019_DAY2_MINITWICE_1756	105	Picture	RW	5794857	0	2	43100	3	0	43200
S019_DAY2_MINITWICE_1756	105	Response	52	5807018	12161	1
S019_DAY2_MINITWICE_1756	105	Pulse	99	5824503	29646	NA
S019_DAY2_MINITWICE_1756	105	Port Input	1	5824503	29646	NA
S019_DAY2_MINITWICE_1756	105	Picture	99_T_RWTRIAD_RW_leche_red.png	5837957	43100	1	1900	2	43200	1800
S019_DAY2_MINITWICE_1756	106	Picture	RW	5840257	0	1	43200	2	0	43200
S019_DAY2_MINITWICE_1756	106	Response	51	5856695	16438	1
S019_DAY2_MINITWICE_1756	106	Pulse	99	5860504	20247	NA
S019_DAY2_MINITWICE_1756	106	Port Input	1	5860504	20247	NA
S019_DAY2_MINITWICE_1756	106	Picture	100_T_RWTRIAD_RW_lana_red.png	5883457	43200	1	1900	2	43200	1800
S019_DAY2_MINITWICE_1756	107	Picture	rest	5885457	0	1	144099	2	0	144000
S019_DAY2_MINITWICE_1756	107	Pulse	99	5896505	11048	NA
S019_DAY2_MINITWICE_1756	107	Port Input	1	5896505	11048	NA
S019_DAY2_MINITWICE_1756	107	Pulse	99	5932506	47049	NA
S019_DAY2_MINITWICE_1756	107	Port Input	1	5932506	47049	NA
S019_DAY2_MINITWICE_1756	107	Pulse	99	5968507	83050	NA
S019_DAY2_MINITWICE_1756	107	Port Input	1	5968507	83050	NA
S019_DAY2_MINITWICE_1756	107	Pulse	99	6004508	119051	NA
S019_DAY2_MINITWICE_1756	107	Port Input	1	6004508	119051	NA
S019_DAY2_MINITWICE_1756	108	Picture	endrest	6029656	0	1	10100	2	0	10000
S019_DAY2_MINITWICE_1756	109	Picture	PW	6040156	0	1	43099	2	0	43200
S019_DAY2_MINITWICE_1756	109	Pulse	99	6040509	353	NA
S019_DAY2_MINITWICE_1756	109	Port Input	1	6040509	353	NA
S019_DAY2_MINITWICE_1756	109	Response	52	6063420	23264	1
S019_DAY2_MINITWICE_1756	109	Pulse	99	6076510	36354	NA
S019_DAY2_MINITWICE_1756	109	Port Input	1	6076510	36354	NA
S019_DAY2_MINITWICE_1756	109	Picture	103_T_PWTRIAD_PW_cortina_red.png	6083255	43099	1	1900	2	43200	1800
S019_DAY2_MINITWICE_1756	110	Picture	PW	6085555	0	1	43100	2	0	43200
S019_DAY2_MINITWICE_1756	110	Response	51	6108913	23358	1
S019_DAY2_MINITWICE_1756	110	Pulse	99	6112511	26956	NA
S019_DAY2_MINITWICE_1756	110	Port Input	1	6112511	26956	NA
S019_DAY2_MINITWICE_1756	110	Picture	104_T_PWTRIAD_PW_botella_red.png	6128655	43100	1	1900	2	43200	1800
S019_DAY2_MINITWICE_1756	111	Picture	PW	6130955	0	1	43200	2	0	43200
S019_DAY2_MINITWICE_1756	111	Pulse	99	6148511	17556	NA
S019_DAY2_MINITWICE_1756	111	Port Input	1	6148511	17556	NA
S019_DAY2_MINITWICE_1756	111	Response	51	6151452	20497	1
S019_DAY2_MINITWICE_1756	111	Picture	105_T_PWTRIAD_PW_candado_red.png	6174155	43200	1	1900	2	43200	1800
S019_DAY2_MINITWICE_1756	112	Picture	PW	6176455	0	1	43099	2	0	43200
S019_DAY2_MINITWICE_1756	112	Pulse	99	6184512	8057	NA
S019_DAY2_MINITWICE_1756	112	Port Input	1	6184512	8057	NA
S019_DAY2_MINITWICE_1756	112	Response	51	6192197	15742	1
S019_DAY2_MINITWICE_1756	112	Picture	106_T_PWTRIAD_PW_plato_red.png	6219554	43099	1	1900	2	43200	1800
S019_DAY2_MINITWICE_1756	112	Pulse	99	6220513	44058	NA
S019_DAY2_MINITWICE_1756	112	Port Input	1	6220513	44058	NA
S019_DAY2_MINITWICE_1756	113	Picture	RW	6221854	0	1	43100	2	0	43200
S019_DAY2_MINITWICE_1756	113	Response	51	6246665	24811	1
S019_DAY2_MINITWICE_1756	113	Pulse	99	6256514	34660	NA
S019_DAY2_MINITWICE_1756	113	Port Input	1	6256514	34660	NA
S019_DAY2_MINITWICE_1756	113	Picture	107_T_RWTRIAD_RW_candado_red.png	6264954	43100	1	1900	2	43200	1800
S019_DAY2_MINITWICE_1756	114	Picture	RW	6267254	0	1	43199	3	0	43200
S019_DAY2_MINITWICE_1756	114	Pulse	99	6292515	25261	NA
S019_DAY2_MINITWICE_1756	114	Port Input	1	6292515	25261	NA
S019_DAY2_MINITWICE_1756	114	Response	52	6295781	28527	1
S019_DAY2_MINITWICE_1756	114	Picture	108_T_RWTRIAD_RW_murcielago_red.png	6310453	43199	2	1901	3	43200	1800
S019_DAY2_MINITWICE_1756	115	Picture	RW	6312654	0	1	43099	2	0	43200
S019_DAY2_MINITWICE_1756	115	Pulse	99	6328516	15862	NA
S019_DAY2_MINITWICE_1756	115	Port Input	1	6328516	15862	NA
S019_DAY2_MINITWICE_1756	115	Response	51	6348062	35408	1
S019_DAY2_MINITWICE_1756	115	Picture	109_T_RWTRIAD_RW_banera_red.png	6355753	43099	1	1900	2	43200	1800
S019_DAY2_MINITWICE_1756	116	Picture	RW	6358053	0	1	43100	2	0	43200
S019_DAY2_MINITWICE_1756	116	Pulse	99	6364517	6464	NA
S019_DAY2_MINITWICE_1756	116	Port Input	1	6364517	6464	NA
S019_DAY2_MINITWICE_1756	116	Response	52	6383137	25084	1
S019_DAY2_MINITWICE_1756	116	Pulse	99	6400518	42465	NA
S019_DAY2_MINITWICE_1756	116	Port Input	1	6400518	42465	NA
S019_DAY2_MINITWICE_1756	116	Picture	110_T_RWTRIAD_RW_arbol_red.png	6401153	43100	1	1900	2	43200	1800
S019_DAY2_MINITWICE_1756	117	Picture	rest	6403153	0	1	144099	2	0	144000
S019_DAY2_MINITWICE_1756	117	Pulse	99	6436519	33366	NA
S019_DAY2_MINITWICE_1756	117	Port Input	1	6436519	33366	NA
S019_DAY2_MINITWICE_1756	117	Pulse	99	6472520	69367	NA
S019_DAY2_MINITWICE_1756	117	Port Input	1	6472520	69367	NA
S019_DAY2_MINITWICE_1756	117	Pulse	99	6508521	105368	NA
S019_DAY2_MINITWICE_1756	117	Port Input	1	6508521	105368	NA
S019_DAY2_MINITWICE_1756	117	Pulse	99	6544522	141369	NA
S019_DAY2_MINITWICE_1756	117	Port Input	1	6544522	141369	NA
S019_DAY2_MINITWICE_1756	118	Picture	endrest	6547352	0	1	10100	2	0	10000
S019_DAY2_MINITWICE_1756	119	Picture	PW	6557852	0	1	43099	3	0	43200
S019_DAY2_MINITWICE_1756	119	Response	51	6578441	20589	1
S019_DAY2_MINITWICE_1756	119	Pulse	99	6580523	22671	NA
S019_DAY2_MINITWICE_1756	119	Port Input	1	6580523	22671	NA
S019_DAY2_MINITWICE_1756	119	Picture	113_T_PWTRIAD_PW_pilas_red.png	6600951	43099	2	1900	4	43200	1800
S019_DAY2_MINITWICE_1756	120	Picture	PW	6603151	0	2	43200	3	0	43200
S019_DAY2_MINITWICE_1756	120	Pulse	99	6616524	13373	NA
S019_DAY2_MINITWICE_1756	120	Port Input	1	6616524	13373	NA
S019_DAY2_MINITWICE_1756	120	Response	51	6629883	26732	1
S019_DAY2_MINITWICE_1756	120	Picture	114_T_PWTRIAD_PW_television_red.png	6646351	43200	1	1900	2	43200	1800
S019_DAY2_MINITWICE_1756	121	Picture	PW	6648651	0	1	43200	2	0	43200
S019_DAY2_MINITWICE_1756	121	Pulse	99	6652525	3874	NA
S019_DAY2_MINITWICE_1756	121	Port Input	1	6652525	3874	NA
S019_DAY2_MINITWICE_1756	121	Response	51	6670533	21882	1
S019_DAY2_MINITWICE_1756	121	Pulse	99	6688526	39875	NA
S019_DAY2_MINITWICE_1756	121	Port Input	1	6688526	39875	NA
S019_DAY2_MINITWICE_1756	121	Picture	115_T_PWTRIAD_PW_chupete_red.png	6691851	43200	1	1900	2	43200	1800
S019_DAY2_MINITWICE_1756	122	Picture	PW	6694151	0	1	43099	3	0	43200
S019_DAY2_MINITWICE_1756	122	Response	52	6711588	17437	1
S019_DAY2_MINITWICE_1756	122	Pulse	99	6724527	30376	NA
S019_DAY2_MINITWICE_1756	122	Port Input	1	6724527	30376	NA
S019_DAY2_MINITWICE_1756	122	Picture	116_T_PWTRIAD_PW_cerillas_red.png	6737250	43099	2	1900	4	43200	1800
S019_DAY2_MINITWICE_1756	123	Picture	PW	6739450	0	2	43100	3	0	43200
S019_DAY2_MINITWICE_1756	123	Pulse	99	6760527	21077	NA
S019_DAY2_MINITWICE_1756	123	Port Input	1	6760527	21077	NA
S019_DAY2_MINITWICE_1756	123	Response	51	6768293	28843	1
S019_DAY2_MINITWICE_1756	123	Picture	117_T_PWTRIAD_PW_cinturon_red.png	6782550	43100	1	1900	2	43200	1800
S019_DAY2_MINITWICE_1756	124	Picture	PW	6784850	0	1	43100	2	0	43200
S019_DAY2_MINITWICE_1756	124	Pulse	99	6796528	11678	NA
S019_DAY2_MINITWICE_1756	124	Port Input	1	6796528	11678	NA
S019_DAY2_MINITWICE_1756	124	Response	52	6813710	28860	1
S019_DAY2_MINITWICE_1756	124	Picture	118_T_PWTRIAD_PW_molino_red.png	6827950	43100	1	1900	2	43200	1800
S019_DAY2_MINITWICE_1756	125	Picture	PW	6830250	0	1	43199	3	0	43200
S019_DAY2_MINITWICE_1756	125	Pulse	99	6832529	2279	NA
S019_DAY2_MINITWICE_1756	125	Port Input	1	6832529	2279	NA
S019_DAY2_MINITWICE_1756	125	Response	51	6854586	24336	1
S019_DAY2_MINITWICE_1756	125	Pulse	99	6868530	38280	NA
S019_DAY2_MINITWICE_1756	125	Port Input	1	6868530	38280	NA
S019_DAY2_MINITWICE_1756	125	Picture	119_T_PWTRIAD_PW_esquimal_red.png	6873449	43199	2	1900	4	43200	1800
S019_DAY2_MINITWICE_1756	126	Picture	PW	6875749	0	2	43100	3	0	43200
S019_DAY2_MINITWICE_1756	126	Pulse	99	6904531	28782	NA
S019_DAY2_MINITWICE_1756	126	Port Input	1	6904531	28782	NA
S019_DAY2_MINITWICE_1756	126	Response	51	6916424	40675	1
S019_DAY2_MINITWICE_1756	126	Picture	120_T_PWTRIAD_PW_lenador_red.png	6918849	43100	1	1900	2	43200	1800
S019_DAY2_MINITWICE_1756	127	Picture	rest	6920849	0	1	144099	2	0	144000
S019_DAY2_MINITWICE_1756	127	Pulse	99	6940532	19683	NA
S019_DAY2_MINITWICE_1756	127	Port Input	1	6940532	19683	NA
S019_DAY2_MINITWICE_1756	127	Pulse	99	6976533	55684	NA
S019_DAY2_MINITWICE_1756	127	Port Input	1	6976533	55684	NA
S019_DAY2_MINITWICE_1756	127	Pulse	99	7012534	91685	NA
S019_DAY2_MINITWICE_1756	127	Port Input	1	7012534	91685	NA
S019_DAY2_MINITWICE_1756	127	Pulse	99	7048535	127686	NA
S019_DAY2_MINITWICE_1756	127	Port Input	1	7048535	127686	NA
S019_DAY2_MINITWICE_1756	128	Picture	endrest	7065048	0	1	10100	2	0	10000
S019_DAY2_MINITWICE_1756	129	Picture	PW	7075548	0	1	43100	2	0	43200
S019_DAY2_MINITWICE_1756	129	Pulse	99	7084536	8988	NA
S019_DAY2_MINITWICE_1756	129	Port Input	1	7084536	8988	NA
S019_DAY2_MINITWICE_1756	129	Response	51	7094090	18542	1
S019_DAY2_MINITWICE_1756	129	Picture	123_T_PWTRIAD_PW_martillo_red.png	7118648	43100	1	1900	2	43200	1800
S019_DAY2_MINITWICE_1756	129	Pulse	99	7120537	44989	NA
S019_DAY2_MINITWICE_1756	129	Port Input	1	7120537	44989	NA
S019_DAY2_MINITWICE_1756	130	Picture	PW	7120948	0	1	43099	2	0	43200
S019_DAY2_MINITWICE_1756	130	Pulse	99	7156538	35590	NA
S019_DAY2_MINITWICE_1756	130	Port Input	1	7156538	35590	NA
S019_DAY2_MINITWICE_1756	130	Picture	124_T_PWTRIAD_PW_paraguas_red.png	7164047	43099	1	1900	2	43200	1800
S019_DAY2_MINITWICE_1756	131	Picture	PW	7166347	0	1	43100	2	0	43200
S019_DAY2_MINITWICE_1756	131	Response	51	7178388	12041	1
S019_DAY2_MINITWICE_1756	131	Pulse	99	7192539	26192	NA
S019_DAY2_MINITWICE_1756	131	Port Input	1	7192539	26192	NA
S019_DAY2_MINITWICE_1756	131	Picture	125_T_PWTRIAD_PW_teclado_red.png	7209447	43100	1	1900	2	43200	1800
S019_DAY2_MINITWICE_1756	132	Picture	PW	7211647	0	1	43100	2	0	43200
S019_DAY2_MINITWICE_1756	132	Pulse	99	7228540	16893	NA
S019_DAY2_MINITWICE_1756	132	Port Input	1	7228540	16893	NA
S019_DAY2_MINITWICE_1756	132	Response	51	7231684	20037	1
S019_DAY2_MINITWICE_1756	132	Picture	126_T_PWTRIAD_PW_ascensor_red.png	7254747	43100	1	1900	2	43200	1800
S019_DAY2_MINITWICE_1756	133	Picture	PW	7257047	0	1	43099	2	0	43200
S019_DAY2_MINITWICE_1756	133	Pulse	99	7264541	7494	NA
S019_DAY2_MINITWICE_1756	133	Port Input	1	7264541	7494	NA
S019_DAY2_MINITWICE_1756	133	Response	51	7274034	16987	1
S019_DAY2_MINITWICE_1756	133	Picture	127_T_PWTRIAD_PW_zanahoria_red.png	7300146	43099	1	1900	2	43200	1800
S019_DAY2_MINITWICE_1756	133	Pulse	99	7300542	43495	NA
S019_DAY2_MINITWICE_1756	133	Port Input	1	7300542	43495	NA
S019_DAY2_MINITWICE_1756	134	Picture	PW	7302346	0	1	43100	2	0	43200
S019_DAY2_MINITWICE_1756	134	Response	51	7318747	16401	2
S019_DAY2_MINITWICE_1756	134	Pulse	99	7336543	34197	NA
S019_DAY2_MINITWICE_1756	134	Port Input	1	7336543	34197	NA
S019_DAY2_MINITWICE_1756	134	Picture	128_T_PWTRIAD_PW_silla_red.png	7345446	43100	1	1900	2	43200	1800
S019_DAY2_MINITWICE_1756	135	Picture	PW	7347746	0	1	43100	2	0	43200
S019_DAY2_MINITWICE_1756	135	Response	52	7371905	24159	1
S019_DAY2_MINITWICE_1756	135	Pulse	99	7372544	24798	NA
S019_DAY2_MINITWICE_1756	135	Port Input	1	7372544	24798	NA
S019_DAY2_MINITWICE_1756	135	Picture	129_T_PWTRIAD_PW_madera_red.png	7390846	43100	1	1900	2	43200	1800
S019_DAY2_MINITWICE_1756	136	Picture	PW	7393146	0	1	43099	2	0	43200
S019_DAY2_MINITWICE_1756	136	Response	51	7406573	13427	1
S019_DAY2_MINITWICE_1756	136	Pulse	99	7408544	15398	NA
S019_DAY2_MINITWICE_1756	136	Port Input	1	7408544	15398	NA
S019_DAY2_MINITWICE_1756	136	Picture	130_T_PWTRIAD_PW_novia_red.png	7436245	43099	1	1900	2	43200	1800
S019_DAY2_MINITWICE_1756	137	Picture	rest	7438245	0	1	144099	3	0	144000
S019_DAY2_MINITWICE_1756	137	Pulse	99	7444545	6300	NA
S019_DAY2_MINITWICE_1756	137	Port Input	1	7444545	6300	NA
S019_DAY2_MINITWICE_1756	137	Pulse	99	7480546	42301	NA
S019_DAY2_MINITWICE_1756	137	Port Input	1	7480546	42301	NA
S019_DAY2_MINITWICE_1756	137	Pulse	99	7516547	78302	NA
S019_DAY2_MINITWICE_1756	137	Port Input	1	7516547	78302	NA
S019_DAY2_MINITWICE_1756	137	Pulse	99	7552548	114303	NA
S019_DAY2_MINITWICE_1756	137	Port Input	1	7552548	114303	NA
S019_DAY2_MINITWICE_1756	138	Picture	endrest	7582444	0	2	10100	3	0	10000
S019_DAY2_MINITWICE_1756	138	Pulse	99	7588549	6105	NA
S019_DAY2_MINITWICE_1756	138	Port Input	1	7588549	6105	NA
S019_DAY2_MINITWICE_1756	139	Picture	RW	7592944	0	2	43199	4	0	43200
S019_DAY2_MINITWICE_1756	139	Response	51	7612457	19513	1
S019_DAY2_MINITWICE_1756	139	Pulse	99	7624550	31606	NA
S019_DAY2_MINITWICE_1756	139	Port Input	1	7624550	31606	NA
S019_DAY2_MINITWICE_1756	139	Picture	133_T_RWTRIAD_RW_policia_red.png	7636143	43199	2	1901	3	43200	1800
S019_DAY2_MINITWICE_1756	140	Picture	RW	7638443	0	2	43100	4	0	43200
S019_DAY2_MINITWICE_1756	140	Response	52	7660463	22020	1
S019_DAY2_MINITWICE_1756	140	Pulse	99	7660551	22108	NA
S019_DAY2_MINITWICE_1756	140	Port Input	1	7660551	22108	NA
S019_DAY2_MINITWICE_1756	140	Picture	134_T_RWTRIAD_RW_plato_red.png	7681543	43100	2	1900	4	43200	1800
S019_DAY2_MINITWICE_1756	141	Picture	RW	7683743	0	2	43099	4	0	43200
S019_DAY2_MINITWICE_1756	141	Pulse	99	7696552	12809	NA
S019_DAY2_MINITWICE_1756	141	Port Input	1	7696552	12809	NA
S019_DAY2_MINITWICE_1756	141	Response	51	7703289	19546	1
S019_DAY2_MINITWICE_1756	141	Picture	135_T_RWTRIAD_RW_zanahoria_red.png	7726842	43099	2	1901	3	43200	1800
S019_DAY2_MINITWICE_1756	142	Picture	RW	7729043	0	1	43199	3	0	43200
S019_DAY2_MINITWICE_1756	142	Pulse	99	7732553	3510	NA
S019_DAY2_MINITWICE_1756	142	Port Input	1	7732553	3510	NA
S019_DAY2_MINITWICE_1756	142	Response	51	7743776	14733	1
S019_DAY2_MINITWICE_1756	142	Pulse	99	7768554	39511	NA
S019_DAY2_MINITWICE_1756	142	Port Input	1	7768554	39511	NA
S019_DAY2_MINITWICE_1756	142	Picture	136_T_RWTRIAD_RW_pizarra_red.png	7772242	43199	2	1901	3	43200	1800
S019_DAY2_MINITWICE_1756	143	Picture	rest	7774242	0	2	144100	3	0	144000
S019_DAY2_MINITWICE_1756	143	Pulse	99	7804555	30313	NA
S019_DAY2_MINITWICE_1756	143	Port Input	1	7804555	30313	NA
S019_DAY2_MINITWICE_1756	144	Picture	endrest	7918442	0	1	10100	2	0	10000
S019_DAY2_MINITWICE_1756	145	Picture	endrest	7928642	0	1	10100	2	0	10000
S019_DAY2_MINITWICE_1756	146	Picture	endrest	7938842	0	1	10100	2	0	10000
S019_DAY2_MINITWICE_1756	147	Picture	endrest	7949042	0	1	10099	3	0	10000
