Scenario - vOT_Triads_fMRI_I
Logfile written - 10/15/2015 15:10:55

Subject	Trial	Event Type	Code	Time	TTime	Uncertainty	Duration	Uncertainty	ReqTime	ReqDur

S020_DAY1_MINITWICE_4518	1	Response	98	477592	487492	1
S020_DAY1_MINITWICE_4518	2	Response	53	498852	21156	1
S020_DAY1_MINITWICE_4518	2	Response	98	524545	46849	2
S020_DAY1_MINITWICE_4518	3	Response	50	568533	43838	1
S020_DAY1_MINITWICE_4518	3	Response	51	612839	88144	1
S020_DAY1_MINITWICE_4518	3	Response	98	641108	116413	3
S020_DAY1_MINITWICE_4518	4	Response	52	666687	25492	1
S020_DAY1_MINITWICE_4518	4	Response	98	759119	117924	1
S020_DAY1_MINITWICE_4518	6	Pulse	99	918198	158904	NA
S020_DAY1_MINITWICE_4518	6	Port Input	1	918198	158904	NA
S020_DAY1_MINITWICE_4518	6	Pulse	99	954199	194905	NA
S020_DAY1_MINITWICE_4518	6	Port Input	1	954199	194905	NA
S020_DAY1_MINITWICE_4518	6	Pulse	99	990200	230906	NA
S020_DAY1_MINITWICE_4518	6	Port Input	1	990200	230906	NA
S020_DAY1_MINITWICE_4518	6	Pulse	99	1026201	266907	NA
S020_DAY1_MINITWICE_4518	6	Port Input	1	1026201	266907	NA
S020_DAY1_MINITWICE_4518	6	Pulse	99	1062202	302908	NA
S020_DAY1_MINITWICE_4518	6	Port Input	1	1062202	302908	NA
S020_DAY1_MINITWICE_4518	7	Picture	rest	1062492	0	1	144099	2	0	144000
S020_DAY1_MINITWICE_4518	7	Pulse	99	1098203	35711	NA
S020_DAY1_MINITWICE_4518	7	Port Input	1	1098203	35711	NA
S020_DAY1_MINITWICE_4518	7	Pulse	99	1134204	71712	NA
S020_DAY1_MINITWICE_4518	7	Port Input	1	1134204	71712	NA
S020_DAY1_MINITWICE_4518	7	Pulse	99	1170205	107713	NA
S020_DAY1_MINITWICE_4518	7	Port Input	1	1170205	107713	NA
S020_DAY1_MINITWICE_4518	7	Pulse	99	1206206	143714	NA
S020_DAY1_MINITWICE_4518	7	Port Input	1	1206206	143714	NA
S020_DAY1_MINITWICE_4518	8	Picture	endrest	1206690	0	2	10100	4	0	10000
S020_DAY1_MINITWICE_4518	9	Picture	FF	1217190	0	2	43200	3	0	43200
S020_DAY1_MINITWICE_4518	9	Response	51	1240363	23173	1
S020_DAY1_MINITWICE_4518	9	Pulse	99	1242207	25017	NA
S020_DAY1_MINITWICE_4518	9	Port Input	1	1242207	25017	NA
S020_DAY1_MINITWICE_4518	9	Picture	3_T_FFTRIAD_FF_mono_red.png	1260390	43200	1	1900	2	43200	1800
S020_DAY1_MINITWICE_4518	10	Picture	FF	1262690	0	1	43100	2	0	43200
S020_DAY1_MINITWICE_4518	10	Pulse	99	1278208	15518	NA
S020_DAY1_MINITWICE_4518	10	Port Input	1	1278208	15518	NA
S020_DAY1_MINITWICE_4518	10	Response	51	1286182	23492	1
S020_DAY1_MINITWICE_4518	10	Picture	4_T_FFTRIAD_FF_oruga_red.png	1305790	43100	1	1900	2	43200	1800
S020_DAY1_MINITWICE_4518	11	Picture	FF	1308090	0	1	43199	3	0	43200
S020_DAY1_MINITWICE_4518	11	Pulse	99	1314209	6119	NA
S020_DAY1_MINITWICE_4518	11	Port Input	1	1314209	6119	NA
S020_DAY1_MINITWICE_4518	11	Response	52	1324012	15922	1
S020_DAY1_MINITWICE_4518	11	Pulse	99	1350209	42119	NA
S020_DAY1_MINITWICE_4518	11	Port Input	1	1350209	42119	NA
S020_DAY1_MINITWICE_4518	11	Picture	5_T_FFTRIAD_FF_manos_red.png	1351289	43199	2	1901	3	43200	1800
S020_DAY1_MINITWICE_4518	12	Picture	FF	1353590	0	1	43099	2	0	43200
S020_DAY1_MINITWICE_4518	12	Response	51	1370412	16822	1
S020_DAY1_MINITWICE_4518	12	Pulse	99	1386210	32620	NA
S020_DAY1_MINITWICE_4518	12	Port Input	1	1386210	32620	NA
S020_DAY1_MINITWICE_4518	12	Picture	6_T_FFTRIAD_FF_grifo_red.png	1396689	43099	1	1900	2	43200	1800
S020_DAY1_MINITWICE_4518	13	Picture	RW	1398889	0	1	43200	2	0	43200
S020_DAY1_MINITWICE_4518	13	Response	52	1420170	21281	2
S020_DAY1_MINITWICE_4518	13	Pulse	99	1422211	23322	NA
S020_DAY1_MINITWICE_4518	13	Port Input	1	1422211	23322	NA
S020_DAY1_MINITWICE_4518	13	Picture	7_T_RWTRIAD_RW_arco_red.png	1442089	43200	1	1900	2	43200	1800
S020_DAY1_MINITWICE_4518	14	Picture	RW	1444389	0	1	43200	2	0	43200
S020_DAY1_MINITWICE_4518	14	Pulse	99	1458213	13824	NA
S020_DAY1_MINITWICE_4518	14	Port Input	1	1458213	13824	NA
S020_DAY1_MINITWICE_4518	14	Response	51	1465109	20720	1
S020_DAY1_MINITWICE_4518	14	Picture	8_T_RWTRIAD_RW_pizarra_red.png	1487589	43200	1	1900	2	43200	1800
S020_DAY1_MINITWICE_4518	15	Picture	RW	1489789	0	1	43199	2	0	43200
S020_DAY1_MINITWICE_4518	15	Pulse	99	1494213	4424	NA
S020_DAY1_MINITWICE_4518	15	Port Input	1	1494213	4424	NA
S020_DAY1_MINITWICE_4518	15	Response	51	1505705	15916	1
S020_DAY1_MINITWICE_4518	15	Pulse	99	1530214	40425	NA
S020_DAY1_MINITWICE_4518	15	Port Input	1	1530214	40425	NA
S020_DAY1_MINITWICE_4518	15	Picture	9_T_RWTRIAD_RW_botella_red.png	1532988	43199	1	1900	2	43200	1800
S020_DAY1_MINITWICE_4518	16	Picture	RW	1535288	0	1	43100	2	0	43200
S020_DAY1_MINITWICE_4518	16	Response	51	1554130	18842	1
S020_DAY1_MINITWICE_4518	16	Pulse	99	1566215	30927	NA
S020_DAY1_MINITWICE_4518	16	Port Input	1	1566215	30927	NA
S020_DAY1_MINITWICE_4518	16	Picture	10_T_RWTRIAD_RW_dedal_red.png	1578388	43100	1	1900	2	43200	1800
S020_DAY1_MINITWICE_4518	17	Picture	rest	1580388	0	1	144099	2	0	144000
S020_DAY1_MINITWICE_4518	17	Pulse	99	1602216	21828	NA
S020_DAY1_MINITWICE_4518	17	Port Input	1	1602216	21828	NA
S020_DAY1_MINITWICE_4518	17	Pulse	99	1638217	57829	NA
S020_DAY1_MINITWICE_4518	17	Port Input	1	1638217	57829	NA
S020_DAY1_MINITWICE_4518	17	Pulse	99	1674218	93830	NA
S020_DAY1_MINITWICE_4518	17	Port Input	1	1674218	93830	NA
S020_DAY1_MINITWICE_4518	17	Pulse	99	1710219	129831	NA
S020_DAY1_MINITWICE_4518	17	Port Input	1	1710219	129831	NA
S020_DAY1_MINITWICE_4518	18	Picture	endrest	1724587	0	1	10100	2	0	10000
S020_DAY1_MINITWICE_4518	19	Picture	PW	1735087	0	1	43099	3	0	43200
S020_DAY1_MINITWICE_4518	19	Pulse	99	1746220	11133	NA
S020_DAY1_MINITWICE_4518	19	Port Input	1	1746220	11133	NA
S020_DAY1_MINITWICE_4518	19	Picture	13_T_PWTRIAD_PW_teclado_red.png	1778186	43099	2	1900	4	43200	1800
S020_DAY1_MINITWICE_4518	19	Response	52	1779849	44762	1
S020_DAY1_MINITWICE_4518	20	Picture	PW	1780286	0	2	43200	3	0	43200
S020_DAY1_MINITWICE_4518	20	Pulse	99	1782221	1935	NA
S020_DAY1_MINITWICE_4518	20	Port Input	1	1782221	1935	NA
S020_DAY1_MINITWICE_4518	20	Response	51	1812294	32008	1
S020_DAY1_MINITWICE_4518	20	Pulse	99	1818222	37936	NA
S020_DAY1_MINITWICE_4518	20	Port Input	1	1818222	37936	NA
S020_DAY1_MINITWICE_4518	20	Picture	14_T_PWTRIAD_PW_sombrilla_red.png	1823486	43200	1	1900	2	43200	1800
S020_DAY1_MINITWICE_4518	21	Picture	PW	1825686	0	1	43200	2	0	43200
S020_DAY1_MINITWICE_4518	21	Pulse	99	1854223	28537	NA
S020_DAY1_MINITWICE_4518	21	Port Input	1	1854223	28537	NA
S020_DAY1_MINITWICE_4518	21	Response	52	1858840	33154	1
S020_DAY1_MINITWICE_4518	21	Picture	15_T_PWTRIAD_PW_murcielago_red.png	1868886	43200	1	1900	2	43200	1800
S020_DAY1_MINITWICE_4518	22	Picture	PW	1871186	0	1	43200	2	0	43200
S020_DAY1_MINITWICE_4518	22	Pulse	99	1890224	19038	NA
S020_DAY1_MINITWICE_4518	22	Port Input	1	1890224	19038	NA
S020_DAY1_MINITWICE_4518	22	Response	52	1902398	31212	1
S020_DAY1_MINITWICE_4518	22	Picture	16_T_PWTRIAD_PW_arbol_red.png	1914386	43200	1	1899	3	43200	1800
S020_DAY1_MINITWICE_4518	23	Picture	FF	1916686	0	1	43099	2	0	43200
S020_DAY1_MINITWICE_4518	23	Pulse	99	1926225	9539	NA
S020_DAY1_MINITWICE_4518	23	Port Input	1	1926225	9539	NA
S020_DAY1_MINITWICE_4518	23	Picture	17_T_FFTRIAD_FF_paracaidas_red.png	1959785	43099	1	1900	2	43200	1800
S020_DAY1_MINITWICE_4518	24	Picture	FF	1962085	0	1	43100	2	0	43200
S020_DAY1_MINITWICE_4518	24	Pulse	99	1962226	141	NA
S020_DAY1_MINITWICE_4518	24	Port Input	1	1962226	141	NA
S020_DAY1_MINITWICE_4518	24	Response	52	1976248	14163	1
S020_DAY1_MINITWICE_4518	24	Pulse	99	1998227	36142	NA
S020_DAY1_MINITWICE_4518	24	Port Input	1	1998227	36142	NA
S020_DAY1_MINITWICE_4518	24	Picture	18_T_FFTRIAD_FF_destornillador_red.png	2005185	43100	1	1900	2	43200	1800
S020_DAY1_MINITWICE_4518	25	Picture	FF	2007485	0	1	43100	2	0	43200
S020_DAY1_MINITWICE_4518	25	Response	52	2021297	13812	1
S020_DAY1_MINITWICE_4518	25	Pulse	99	2034228	26743	NA
S020_DAY1_MINITWICE_4518	25	Port Input	1	2034228	26743	NA
S020_DAY1_MINITWICE_4518	25	Picture	19_T_FFTRIAD_FF_paraguas_red.png	2050585	43100	1	1899	3	43200	1800
S020_DAY1_MINITWICE_4518	26	Picture	FF	2052985	0	1	43099	2	0	43200
S020_DAY1_MINITWICE_4518	26	Response	52	2066401	13416	1
S020_DAY1_MINITWICE_4518	26	Pulse	99	2070229	17244	NA
S020_DAY1_MINITWICE_4518	26	Port Input	1	2070229	17244	NA
S020_DAY1_MINITWICE_4518	26	Picture	20_T_FFTRIAD_FF_pilas_red.png	2096084	43099	1	1900	2	43200	1800
S020_DAY1_MINITWICE_4518	27	Picture	rest	2098084	0	1	144099	2	0	144000
S020_DAY1_MINITWICE_4518	27	Pulse	99	2106230	8146	NA
S020_DAY1_MINITWICE_4518	27	Port Input	1	2106230	8146	NA
S020_DAY1_MINITWICE_4518	27	Pulse	99	2142231	44147	NA
S020_DAY1_MINITWICE_4518	27	Port Input	1	2142231	44147	NA
S020_DAY1_MINITWICE_4518	27	Pulse	99	2178232	80148	NA
S020_DAY1_MINITWICE_4518	27	Port Input	1	2178232	80148	NA
S020_DAY1_MINITWICE_4518	27	Pulse	99	2214233	116149	NA
S020_DAY1_MINITWICE_4518	27	Port Input	1	2214233	116149	NA
S020_DAY1_MINITWICE_4518	28	Picture	endrest	2242283	0	1	10100	2	0	10000
S020_DAY1_MINITWICE_4518	28	Pulse	99	2250234	7951	NA
S020_DAY1_MINITWICE_4518	28	Port Input	1	2250234	7951	NA
S020_DAY1_MINITWICE_4518	29	Picture	FF	2252783	0	1	43200	2	0	43200
S020_DAY1_MINITWICE_4518	29	Response	51	2269032	16249	1
S020_DAY1_MINITWICE_4518	29	Pulse	99	2286234	33451	NA
S020_DAY1_MINITWICE_4518	29	Port Input	1	2286234	33451	NA
S020_DAY1_MINITWICE_4518	29	Picture	23_T_FFTRIAD_FF_dedal_red.png	2295983	43200	1	1900	2	43200	1800
S020_DAY1_MINITWICE_4518	30	Picture	FF	2298282	0	4	43100	6	0	43200
S020_DAY1_MINITWICE_4518	30	Pulse	99	2322235	23953	NA
S020_DAY1_MINITWICE_4518	30	Port Input	1	2322235	23953	NA
S020_DAY1_MINITWICE_4518	30	Response	51	2324184	25902	1
S020_DAY1_MINITWICE_4518	30	Picture	24_T_FFTRIAD_FF_television_red.png	2341382	43100	2	1900	4	43200	1800
S020_DAY1_MINITWICE_4518	31	Picture	FF	2343682	0	2	43200	3	0	43200
S020_DAY1_MINITWICE_4518	31	Pulse	99	2358237	14555	NA
S020_DAY1_MINITWICE_4518	31	Port Input	1	2358237	14555	NA
S020_DAY1_MINITWICE_4518	31	Response	51	2370187	26505	1
S020_DAY1_MINITWICE_4518	31	Picture	25_T_FFTRIAD_FF_portatil_red.png	2386882	43200	1	1900	2	43200	1800
S020_DAY1_MINITWICE_4518	32	Picture	FF	2389182	0	2	43200	3	0	43200
S020_DAY1_MINITWICE_4518	32	Pulse	99	2394237	5055	NA
S020_DAY1_MINITWICE_4518	32	Port Input	1	2394237	5055	NA
S020_DAY1_MINITWICE_4518	32	Response	51	2402606	13424	1
S020_DAY1_MINITWICE_4518	32	Pulse	99	2430238	41056	NA
S020_DAY1_MINITWICE_4518	32	Port Input	1	2430238	41056	NA
S020_DAY1_MINITWICE_4518	32	Picture	26_T_FFTRIAD_FF_charco_red.png	2432382	43200	1	1900	2	43200	1800
S020_DAY1_MINITWICE_4518	33	Picture	PW	2434682	0	1	43199	3	0	43200
S020_DAY1_MINITWICE_4518	33	Pulse	99	2466239	31557	NA
S020_DAY1_MINITWICE_4518	33	Port Input	1	2466239	31557	NA
S020_DAY1_MINITWICE_4518	33	Response	52	2469395	34713	1
S020_DAY1_MINITWICE_4518	33	Picture	27_T_PWTRIAD_PW_silla_red.png	2477881	43199	2	1900	4	43200	1800
S020_DAY1_MINITWICE_4518	34	Picture	PW	2480081	0	2	43100	3	0	43200
S020_DAY1_MINITWICE_4518	34	Pulse	99	2502240	22159	NA
S020_DAY1_MINITWICE_4518	34	Port Input	1	2502240	22159	NA
S020_DAY1_MINITWICE_4518	34	Response	51	2515732	35651	1
S020_DAY1_MINITWICE_4518	34	Picture	28_T_PWTRIAD_PW_carruaje_red.png	2523181	43100	1	1900	2	43200	1800
S020_DAY1_MINITWICE_4518	35	Picture	PW	2525281	0	1	43200	2	0	43200
S020_DAY1_MINITWICE_4518	35	Pulse	99	2538241	12960	NA
S020_DAY1_MINITWICE_4518	35	Port Input	1	2538241	12960	NA
S020_DAY1_MINITWICE_4518	35	Response	51	2549887	24606	1
S020_DAY1_MINITWICE_4518	35	Picture	29_T_PWTRIAD_PW_dedal_red.png	2568481	43200	1	1900	2	43200	1800
S020_DAY1_MINITWICE_4518	36	Picture	PW	2570781	0	1	43199	3	0	43200
S020_DAY1_MINITWICE_4518	36	Pulse	99	2574242	3461	NA
S020_DAY1_MINITWICE_4518	36	Port Input	1	2574242	3461	NA
S020_DAY1_MINITWICE_4518	36	Response	51	2601627	30846	2
S020_DAY1_MINITWICE_4518	36	Pulse	99	2610243	39462	NA
S020_DAY1_MINITWICE_4518	36	Port Input	1	2610243	39462	NA
S020_DAY1_MINITWICE_4518	36	Picture	30_T_PWTRIAD_PW_queso_red.png	2613980	43199	2	1900	4	43200	1800
S020_DAY1_MINITWICE_4518	37	Picture	rest	2615980	0	2	144099	4	0	144000
S020_DAY1_MINITWICE_4518	37	Pulse	99	2646244	30264	NA
S020_DAY1_MINITWICE_4518	37	Port Input	1	2646244	30264	NA
S020_DAY1_MINITWICE_4518	37	Pulse	99	2682245	66265	NA
S020_DAY1_MINITWICE_4518	37	Port Input	1	2682245	66265	NA
S020_DAY1_MINITWICE_4518	37	Pulse	99	2718246	102266	NA
S020_DAY1_MINITWICE_4518	37	Port Input	1	2718246	102266	NA
S020_DAY1_MINITWICE_4518	37	Pulse	99	2754247	138267	NA
S020_DAY1_MINITWICE_4518	37	Port Input	1	2754247	138267	NA
S020_DAY1_MINITWICE_4518	38	Picture	endrest	2760179	0	2	10100	3	0	10000
S020_DAY1_MINITWICE_4518	39	Picture	RW	2770679	0	1	43100	2	0	43200
S020_DAY1_MINITWICE_4518	39	Response	52	2788931	18252	1
S020_DAY1_MINITWICE_4518	39	Pulse	99	2790248	19569	NA
S020_DAY1_MINITWICE_4518	39	Port Input	1	2790248	19569	NA
S020_DAY1_MINITWICE_4518	39	Picture	33_T_RWTRIAD_RW_llave_red.png	2813779	43100	1	1900	2	43200	1800
S020_DAY1_MINITWICE_4518	40	Picture	RW	2815979	0	1	43200	2	0	43200
S020_DAY1_MINITWICE_4518	40	Pulse	99	2826249	10270	NA
S020_DAY1_MINITWICE_4518	40	Port Input	1	2826249	10270	NA
S020_DAY1_MINITWICE_4518	40	Response	52	2831390	15411	1
S020_DAY1_MINITWICE_4518	40	Picture	34_T_RWTRIAD_RW_monja_red.png	2859179	43200	1	1900	2	43200	1800
S020_DAY1_MINITWICE_4518	41	Picture	RW	2861479	0	1	43099	3	0	43200
S020_DAY1_MINITWICE_4518	41	Pulse	99	2862250	771	NA
S020_DAY1_MINITWICE_4518	41	Port Input	1	2862250	771	NA
S020_DAY1_MINITWICE_4518	41	Response	52	2887210	25731	1
S020_DAY1_MINITWICE_4518	41	Pulse	99	2898251	36772	NA
S020_DAY1_MINITWICE_4518	41	Port Input	1	2898251	36772	NA
S020_DAY1_MINITWICE_4518	41	Picture	35_T_RWTRIAD_RW_grapadora_red.png	2904578	43099	2	1900	4	43200	1800
S020_DAY1_MINITWICE_4518	42	Picture	RW	2906878	0	1	43200	2	0	43200
S020_DAY1_MINITWICE_4518	42	Response	52	2922439	15561	1
S020_DAY1_MINITWICE_4518	42	Pulse	99	2934252	27374	NA
S020_DAY1_MINITWICE_4518	42	Port Input	1	2934252	27374	NA
S020_DAY1_MINITWICE_4518	42	Picture	36_T_RWTRIAD_RW_queso_red.png	2950078	43200	1	1900	2	43200	1800
S020_DAY1_MINITWICE_4518	43	Picture	PW	2952378	0	1	43100	2	0	43200
S020_DAY1_MINITWICE_4518	43	Pulse	99	2970253	17875	NA
S020_DAY1_MINITWICE_4518	43	Port Input	1	2970253	17875	NA
S020_DAY1_MINITWICE_4518	43	Response	52	2979809	27431	2
S020_DAY1_MINITWICE_4518	43	Picture	37_T_PWTRIAD_PW_zanahoria_red.png	2995478	43100	1	1900	2	43200	1800
S020_DAY1_MINITWICE_4518	44	Picture	PW	2997678	0	1	43199	2	0	43200
S020_DAY1_MINITWICE_4518	44	Pulse	99	3006254	8576	NA
S020_DAY1_MINITWICE_4518	44	Port Input	1	3006254	8576	NA
S020_DAY1_MINITWICE_4518	44	Response	52	3025824	28146	1
S020_DAY1_MINITWICE_4518	44	Picture	38_T_PWTRIAD_PW_lenador_red.png	3040877	43199	1	1900	2	43200	1800
S020_DAY1_MINITWICE_4518	44	Pulse	99	3042255	44577	NA
S020_DAY1_MINITWICE_4518	44	Port Input	1	3042255	44577	NA
S020_DAY1_MINITWICE_4518	45	Picture	PW	3043177	0	1	43100	2	0	43200
S020_DAY1_MINITWICE_4518	45	Response	52	3074255	31078	2
S020_DAY1_MINITWICE_4518	45	Pulse	99	3078256	35079	NA
S020_DAY1_MINITWICE_4518	45	Port Input	1	3078256	35079	NA
S020_DAY1_MINITWICE_4518	45	Picture	39_T_PWTRIAD_PW_mono_red.png	3086277	43100	1	1900	2	43200	1800
S020_DAY1_MINITWICE_4518	46	Picture	PW	3088577	0	1	43100	2	0	43200
S020_DAY1_MINITWICE_4518	46	Response	52	3113358	24781	1
S020_DAY1_MINITWICE_4518	46	Pulse	99	3114256	25679	NA
S020_DAY1_MINITWICE_4518	46	Port Input	1	3114256	25679	NA
S020_DAY1_MINITWICE_4518	46	Picture	40_T_PWTRIAD_PW_plato_red.png	3131677	43100	1	1900	2	43200	1800
S020_DAY1_MINITWICE_4518	47	Picture	rest	3133677	0	1	144099	2	0	144000
S020_DAY1_MINITWICE_4518	47	Pulse	99	3150257	16580	NA
S020_DAY1_MINITWICE_4518	47	Port Input	1	3150257	16580	NA
S020_DAY1_MINITWICE_4518	47	Pulse	99	3186258	52581	NA
S020_DAY1_MINITWICE_4518	47	Port Input	1	3186258	52581	NA
S020_DAY1_MINITWICE_4518	47	Pulse	99	3222259	88582	NA
S020_DAY1_MINITWICE_4518	47	Port Input	1	3222259	88582	NA
S020_DAY1_MINITWICE_4518	47	Pulse	99	3258260	124583	NA
S020_DAY1_MINITWICE_4518	47	Port Input	1	3258260	124583	NA
S020_DAY1_MINITWICE_4518	48	Picture	endrest	3277876	0	1	10100	2	0	10000
S020_DAY1_MINITWICE_4518	49	Picture	FF	3288376	0	1	43099	2	0	43200
S020_DAY1_MINITWICE_4518	49	Pulse	99	3294261	5885	NA
S020_DAY1_MINITWICE_4518	49	Port Input	1	3294261	5885	NA
S020_DAY1_MINITWICE_4518	49	Response	52	3303296	14920	2
S020_DAY1_MINITWICE_4518	49	Pulse	99	3330262	41886	NA
S020_DAY1_MINITWICE_4518	49	Port Input	1	3330262	41886	NA
S020_DAY1_MINITWICE_4518	49	Picture	43_T_FFTRIAD_FF_cinturon_red.png	3331475	43099	1	1900	2	43200	1800
S020_DAY1_MINITWICE_4518	50	Picture	FF	3333775	0	1	43200	2	0	43200
S020_DAY1_MINITWICE_4518	50	Response	51	3349920	16145	1
S020_DAY1_MINITWICE_4518	50	Pulse	99	3366263	32488	NA
S020_DAY1_MINITWICE_4518	50	Port Input	1	3366263	32488	NA
S020_DAY1_MINITWICE_4518	50	Picture	44_T_FFTRIAD_FF_arco_red.png	3376975	43200	1	1900	2	43200	1800
S020_DAY1_MINITWICE_4518	51	Picture	FF	3379375	0	1	43100	2	0	43200
S020_DAY1_MINITWICE_4518	51	Response	51	3393243	13868	1
S020_DAY1_MINITWICE_4518	51	Pulse	99	3402264	22889	NA
S020_DAY1_MINITWICE_4518	51	Port Input	1	3402264	22889	NA
S020_DAY1_MINITWICE_4518	51	Picture	45_T_FFTRIAD_FF_candado_red.png	3422475	43100	1	1900	2	43200	1800
S020_DAY1_MINITWICE_4518	52	Picture	FF	3424775	0	1	43199	2	0	43200
S020_DAY1_MINITWICE_4518	52	Pulse	99	3438265	13490	NA
S020_DAY1_MINITWICE_4518	52	Port Input	1	3438265	13490	NA
S020_DAY1_MINITWICE_4518	52	Response	51	3443867	19092	1
S020_DAY1_MINITWICE_4518	52	Picture	46_T_FFTRIAD_FF_granjero_red.png	3467974	43199	1	1900	2	43200	1800
S020_DAY1_MINITWICE_4518	53	Picture	RW	3470374	0	1	43100	2	0	43200
S020_DAY1_MINITWICE_4518	53	Pulse	99	3474266	3892	NA
S020_DAY1_MINITWICE_4518	53	Port Input	1	3474266	3892	NA
S020_DAY1_MINITWICE_4518	53	Pulse	99	3510267	39893	NA
S020_DAY1_MINITWICE_4518	53	Port Input	1	3510267	39893	NA
S020_DAY1_MINITWICE_4518	53	Response	51	3511302	40928	1
S020_DAY1_MINITWICE_4518	53	Picture	47_T_RWTRIAD_RW_estetoscopio_red.png	3513474	43100	1	1900	2	43200	1800
S020_DAY1_MINITWICE_4518	54	Picture	RW	3515774	0	1	43200	2	0	43200
S020_DAY1_MINITWICE_4518	54	Response	52	3544877	29103	2
S020_DAY1_MINITWICE_4518	54	Pulse	99	3546268	30494	NA
S020_DAY1_MINITWICE_4518	54	Port Input	1	3546268	30494	NA
S020_DAY1_MINITWICE_4518	54	Picture	48_T_RWTRIAD_RW_molino_red.png	3558974	43200	1	1900	2	43200	1800
S020_DAY1_MINITWICE_4518	55	Picture	RW	3561374	0	1	43099	2	0	43200
S020_DAY1_MINITWICE_4518	55	Response	52	3576979	15605	1
S020_DAY1_MINITWICE_4518	55	Pulse	99	3582269	20895	NA
S020_DAY1_MINITWICE_4518	55	Port Input	1	3582269	20895	NA
S020_DAY1_MINITWICE_4518	55	Picture	49_T_RWTRIAD_RW_sombrilla_red.png	3604473	43099	1	1900	2	43200	1800
S020_DAY1_MINITWICE_4518	56	Picture	RW	3606773	0	1	43100	2	0	43200
S020_DAY1_MINITWICE_4518	56	Pulse	99	3618270	11497	NA
S020_DAY1_MINITWICE_4518	56	Port Input	1	3618270	11497	NA
S020_DAY1_MINITWICE_4518	56	Response	51	3625987	19214	1
S020_DAY1_MINITWICE_4518	56	Picture	50_T_RWTRIAD_RW_grifo_red.png	3649873	43100	1	1900	2	43200	1800
S020_DAY1_MINITWICE_4518	57	Picture	rest	3651873	0	1	144099	2	0	144000
S020_DAY1_MINITWICE_4518	57	Pulse	99	3654271	2398	NA
S020_DAY1_MINITWICE_4518	57	Port Input	1	3654271	2398	NA
S020_DAY1_MINITWICE_4518	57	Pulse	99	3690272	38399	NA
S020_DAY1_MINITWICE_4518	57	Port Input	1	3690272	38399	NA
S020_DAY1_MINITWICE_4518	57	Pulse	99	3726273	74400	NA
S020_DAY1_MINITWICE_4518	57	Port Input	1	3726273	74400	NA
S020_DAY1_MINITWICE_4518	57	Pulse	99	3762274	110401	NA
S020_DAY1_MINITWICE_4518	57	Port Input	1	3762274	110401	NA
S020_DAY1_MINITWICE_4518	58	Picture	endrest	3796072	0	1	10100	2	0	10000
S020_DAY1_MINITWICE_4518	58	Pulse	99	3798275	2203	NA
S020_DAY1_MINITWICE_4518	58	Port Input	1	3798275	2203	NA
S020_DAY1_MINITWICE_4518	59	Picture	FF	3806572	0	1	43099	3	0	43200
S020_DAY1_MINITWICE_4518	59	Response	52	3821626	15054	1
S020_DAY1_MINITWICE_4518	59	Pulse	99	3834276	27704	NA
S020_DAY1_MINITWICE_4518	59	Port Input	1	3834276	27704	NA
S020_DAY1_MINITWICE_4518	59	Picture	53_T_FFTRIAD_FF_raton_red.png	3849671	43099	2	1900	4	43200	1800
S020_DAY1_MINITWICE_4518	60	Picture	FF	3852071	0	2	43100	4	0	43200
S020_DAY1_MINITWICE_4518	60	Pulse	99	3870277	18206	NA
S020_DAY1_MINITWICE_4518	60	Port Input	1	3870277	18206	NA
S020_DAY1_MINITWICE_4518	60	Response	51	3878901	26830	1
S020_DAY1_MINITWICE_4518	60	Picture	54_T_FFTRIAD_FF_policia_red.png	3895171	43100	2	1900	3	43200	1800
S020_DAY1_MINITWICE_4518	61	Picture	FF	3897471	0	1	43100	2	0	43200
S020_DAY1_MINITWICE_4518	61	Pulse	99	3906278	8807	NA
S020_DAY1_MINITWICE_4518	61	Port Input	1	3906278	8807	NA
S020_DAY1_MINITWICE_4518	61	Response	51	3921711	24240	1
S020_DAY1_MINITWICE_4518	61	Picture	55_T_FFTRIAD_FF_estetoscopio_red.png	3940571	43100	1	1900	2	43200	1800
S020_DAY1_MINITWICE_4518	61	Pulse	99	3942278	44807	NA
S020_DAY1_MINITWICE_4518	61	Port Input	1	3942278	44807	NA
S020_DAY1_MINITWICE_4518	62	Picture	FF	3942871	0	1	43099	3	0	43200
S020_DAY1_MINITWICE_4518	62	Response	51	3959577	16706	2
S020_DAY1_MINITWICE_4518	62	Pulse	99	3978279	35408	NA
S020_DAY1_MINITWICE_4518	62	Port Input	1	3978279	35408	NA
S020_DAY1_MINITWICE_4518	62	Picture	56_T_FFTRIAD_FF_arbol_red.png	3985970	43099	2	1900	4	43200	1800
S020_DAY1_MINITWICE_4518	63	Picture	PW	3988270	0	2	43100	3	0	43200
S020_DAY1_MINITWICE_4518	63	Pulse	99	4014280	26010	NA
S020_DAY1_MINITWICE_4518	63	Port Input	1	4014280	26010	NA
S020_DAY1_MINITWICE_4518	63	Response	52	4014373	26103	1
S020_DAY1_MINITWICE_4518	63	Picture	57_T_PWTRIAD_PW_monja_red.png	4031370	43100	1	1900	2	43200	1800
S020_DAY1_MINITWICE_4518	64	Picture	PW	4033570	0	1	43200	2	0	43200
S020_DAY1_MINITWICE_4518	64	Pulse	99	4050281	16711	NA
S020_DAY1_MINITWICE_4518	64	Port Input	1	4050281	16711	NA
S020_DAY1_MINITWICE_4518	64	Response	52	4054366	20796	1
S020_DAY1_MINITWICE_4518	64	Picture	58_T_PWTRIAD_PW_huevos_red.png	4076770	43200	1	1900	2	43200	1800
S020_DAY1_MINITWICE_4518	65	Picture	PW	4079070	0	1	43099	3	0	43200
S020_DAY1_MINITWICE_4518	65	Pulse	99	4086282	7212	NA
S020_DAY1_MINITWICE_4518	65	Port Input	1	4086282	7212	NA
S020_DAY1_MINITWICE_4518	65	Response	52	4111749	32679	1
S020_DAY1_MINITWICE_4518	65	Picture	59_T_PWTRIAD_PW_piramide_red.png	4122169	43099	2	1900	4	43200	1800
S020_DAY1_MINITWICE_4518	65	Pulse	99	4122283	43213	NA
S020_DAY1_MINITWICE_4518	65	Port Input	1	4122283	43213	NA
S020_DAY1_MINITWICE_4518	66	Picture	PW	4124469	0	2	43200	3	0	43200
S020_DAY1_MINITWICE_4518	66	Response	51	4146120	21651	1
S020_DAY1_MINITWICE_4518	66	Pulse	99	4158284	33815	NA
S020_DAY1_MINITWICE_4518	66	Port Input	1	4158284	33815	NA
S020_DAY1_MINITWICE_4518	66	Picture	60_T_PWTRIAD_PW_ancla_red.png	4167669	43200	1	1900	2	43200	1800
S020_DAY1_MINITWICE_4518	67	Picture	rest	4169669	0	1	144099	2	0	144000
S020_DAY1_MINITWICE_4518	67	Pulse	99	4194285	24616	NA
S020_DAY1_MINITWICE_4518	67	Port Input	1	4194285	24616	NA
S020_DAY1_MINITWICE_4518	67	Pulse	99	4230286	60617	NA
S020_DAY1_MINITWICE_4518	67	Port Input	1	4230286	60617	NA
S020_DAY1_MINITWICE_4518	67	Pulse	99	4266287	96618	NA
S020_DAY1_MINITWICE_4518	67	Port Input	1	4266287	96618	NA
S020_DAY1_MINITWICE_4518	67	Pulse	99	4302288	132619	NA
S020_DAY1_MINITWICE_4518	67	Port Input	1	4302288	132619	NA
S020_DAY1_MINITWICE_4518	68	Picture	endrest	4313868	0	1	10100	2	0	10000
S020_DAY1_MINITWICE_4518	69	Picture	RW	4324368	0	1	43100	2	0	43200
S020_DAY1_MINITWICE_4518	69	Pulse	99	4338289	13921	NA
S020_DAY1_MINITWICE_4518	69	Port Input	1	4338289	13921	NA
S020_DAY1_MINITWICE_4518	69	Response	51	4357813	33445	1
S020_DAY1_MINITWICE_4518	69	Picture	63_T_RWTRIAD_RW_carruaje_red.png	4367468	43100	1	1900	2	43200	1800
S020_DAY1_MINITWICE_4518	70	Picture	RW	4369768	0	1	43199	2	0	43200
S020_DAY1_MINITWICE_4518	70	Pulse	99	4374290	4522	NA
S020_DAY1_MINITWICE_4518	70	Port Input	1	4374290	4522	NA
S020_DAY1_MINITWICE_4518	70	Response	52	4385199	15431	1
S020_DAY1_MINITWICE_4518	70	Pulse	99	4410291	40523	NA
S020_DAY1_MINITWICE_4518	70	Port Input	1	4410291	40523	NA
S020_DAY1_MINITWICE_4518	70	Picture	64_T_RWTRIAD_RW_agua_red.png	4412967	43199	1	1900	2	43200	1800
S020_DAY1_MINITWICE_4518	71	Picture	RW	4415267	0	1	43100	2	0	43200
S020_DAY1_MINITWICE_4518	71	Response	52	4433767	18500	2
S020_DAY1_MINITWICE_4518	71	Pulse	99	4446292	31025	NA
S020_DAY1_MINITWICE_4518	71	Port Input	1	4446292	31025	NA
S020_DAY1_MINITWICE_4518	71	Picture	65_T_RWTRIAD_RW_pluma_red.png	4458367	43100	1	1900	2	43200	1800
S020_DAY1_MINITWICE_4518	72	Picture	RW	4460667	0	1	43200	2	0	43200
S020_DAY1_MINITWICE_4518	72	Response	51	4475657	14990	1
S020_DAY1_MINITWICE_4518	72	Pulse	99	4482293	21626	NA
S020_DAY1_MINITWICE_4518	72	Port Input	1	4482293	21626	NA
S020_DAY1_MINITWICE_4518	72	Picture	66_T_RWTRIAD_RW_telarana_red.png	4503867	43200	1	1900	2	43200	1800
S020_DAY1_MINITWICE_4518	73	Picture	PW	4506267	0	1	43099	2	0	43200
S020_DAY1_MINITWICE_4518	73	Pulse	99	4518294	12027	NA
S020_DAY1_MINITWICE_4518	73	Port Input	1	4518294	12027	NA
S020_DAY1_MINITWICE_4518	73	Response	51	4534390	28123	1
S020_DAY1_MINITWICE_4518	73	Picture	67_T_PWTRIAD_PW_telarana_red.png	4549366	43099	1	1900	2	43200	1800
S020_DAY1_MINITWICE_4518	74	Picture	PW	4551666	0	1	43100	2	0	43200
S020_DAY1_MINITWICE_4518	74	Pulse	99	4554295	2629	NA
S020_DAY1_MINITWICE_4518	74	Port Input	1	4554295	2629	NA
S020_DAY1_MINITWICE_4518	74	Response	51	4571901	20235	1
S020_DAY1_MINITWICE_4518	74	Pulse	99	4590296	38630	NA
S020_DAY1_MINITWICE_4518	74	Port Input	1	4590296	38630	NA
S020_DAY1_MINITWICE_4518	74	Picture	68_T_PWTRIAD_PW_pincel_red.png	4594766	43100	1	1900	2	43200	1800
S020_DAY1_MINITWICE_4518	75	Picture	PW	4597066	0	1	43100	2	0	43200
S020_DAY1_MINITWICE_4518	75	Response	51	4617413	20347	1
S020_DAY1_MINITWICE_4518	75	Pulse	99	4626297	29231	NA
S020_DAY1_MINITWICE_4518	75	Port Input	1	4626297	29231	NA
S020_DAY1_MINITWICE_4518	75	Picture	69_T_PWTRIAD_PW_cortina_red.png	4640166	43100	1	1900	2	43200	1800
S020_DAY1_MINITWICE_4518	76	Picture	PW	4642466	0	1	43199	2	0	43200
S020_DAY1_MINITWICE_4518	76	Pulse	99	4662298	19832	NA
S020_DAY1_MINITWICE_4518	76	Port Input	1	4662298	19832	NA
S020_DAY1_MINITWICE_4518	76	Response	52	4672617	30151	1
S020_DAY1_MINITWICE_4518	76	Picture	70_T_PWTRIAD_PW_llave_red.png	4685665	43199	1	1900	2	43200	1800
S020_DAY1_MINITWICE_4518	77	Picture	rest	4687665	0	1	144099	2	0	144000
S020_DAY1_MINITWICE_4518	77	Pulse	99	4698298	10633	NA
S020_DAY1_MINITWICE_4518	77	Port Input	1	4698298	10633	NA
S020_DAY1_MINITWICE_4518	77	Pulse	99	4734300	46635	NA
S020_DAY1_MINITWICE_4518	77	Port Input	1	4734300	46635	NA
S020_DAY1_MINITWICE_4518	77	Pulse	99	4770300	82635	NA
S020_DAY1_MINITWICE_4518	77	Port Input	1	4770300	82635	NA
S020_DAY1_MINITWICE_4518	77	Pulse	99	4806301	118636	NA
S020_DAY1_MINITWICE_4518	77	Port Input	1	4806301	118636	NA
S020_DAY1_MINITWICE_4518	78	Picture	endrest	4831864	0	1	10100	2	0	10000
S020_DAY1_MINITWICE_4518	78	Pulse	99	4842302	10438	NA
S020_DAY1_MINITWICE_4518	78	Port Input	1	4842302	10438	NA
S020_DAY1_MINITWICE_4518	79	Picture	RW	4842364	0	1	43100	2	0	43200
S020_DAY1_MINITWICE_4518	79	Response	51	4859849	17485	1
S020_DAY1_MINITWICE_4518	79	Pulse	99	4878303	35939	NA
S020_DAY1_MINITWICE_4518	79	Port Input	1	4878303	35939	NA
S020_DAY1_MINITWICE_4518	79	Picture	73_T_RWTRIAD_RW_iglu_red.png	4885464	43100	1	1900	2	43200	1800
S020_DAY1_MINITWICE_4518	80	Picture	RW	4887764	0	1	43100	2	0	43200
S020_DAY1_MINITWICE_4518	80	Response	52	4903333	15569	1
S020_DAY1_MINITWICE_4518	80	Pulse	99	4914304	26540	NA
S020_DAY1_MINITWICE_4518	80	Port Input	1	4914304	26540	NA
S020_DAY1_MINITWICE_4518	80	Picture	74_T_RWTRIAD_RW_plato_red.png	4930864	43100	1	1900	2	43200	1800
S020_DAY1_MINITWICE_4518	81	Picture	RW	4933164	0	1	43199	2	0	43200
S020_DAY1_MINITWICE_4518	81	Pulse	99	4950305	17141	NA
S020_DAY1_MINITWICE_4518	81	Port Input	1	4950305	17141	NA
S020_DAY1_MINITWICE_4518	81	Response	52	4951792	18628	1
S020_DAY1_MINITWICE_4518	81	Picture	75_T_RWTRIAD_RW_tijera_red.png	4976363	43199	1	1900	2	43200	1800
S020_DAY1_MINITWICE_4518	82	Picture	RW	4978663	0	1	43200	2	0	43200
S020_DAY1_MINITWICE_4518	82	Pulse	99	4986306	7643	NA
S020_DAY1_MINITWICE_4518	82	Port Input	1	4986306	7643	NA
S020_DAY1_MINITWICE_4518	82	Response	51	5001592	22929	1
S020_DAY1_MINITWICE_4518	82	Picture	76_T_RWTRIAD_RW_tenedor_red.png	5021863	43200	1	1900	2	43200	1800
S020_DAY1_MINITWICE_4518	82	Pulse	99	5022307	43644	NA
S020_DAY1_MINITWICE_4518	82	Port Input	1	5022307	43644	NA
S020_DAY1_MINITWICE_4518	83	Picture	PW	5024063	0	1	43200	2	0	43200
S020_DAY1_MINITWICE_4518	83	Response	52	5053014	28951	2
S020_DAY1_MINITWICE_4518	83	Pulse	99	5058308	34245	NA
S020_DAY1_MINITWICE_4518	83	Port Input	1	5058308	34245	NA
S020_DAY1_MINITWICE_4518	83	Picture	77_T_PWTRIAD_PW_madera_red.png	5067263	43200	1	1900	2	43200	1800
S020_DAY1_MINITWICE_4518	84	Picture	PW	5069562	0	2	43100	3	0	43200
S020_DAY1_MINITWICE_4518	84	Pulse	99	5094309	24747	NA
S020_DAY1_MINITWICE_4518	84	Port Input	1	5094309	24747	NA
S020_DAY1_MINITWICE_4518	84	Response	51	5106833	37271	1
S020_DAY1_MINITWICE_4518	84	Picture	78_T_PWTRIAD_PW_granjero_red.png	5112662	43100	1	1900	2	43200	1800
S020_DAY1_MINITWICE_4518	85	Picture	PW	5114762	0	1	43200	2	0	43200
S020_DAY1_MINITWICE_4518	85	Pulse	99	5130310	15548	NA
S020_DAY1_MINITWICE_4518	85	Port Input	1	5130310	15548	NA
S020_DAY1_MINITWICE_4518	85	Response	52	5150100	35338	1
S020_DAY1_MINITWICE_4518	85	Picture	79_T_PWTRIAD_PW_cuento_red.png	5157962	43200	1	1900	2	43200	1800
S020_DAY1_MINITWICE_4518	86	Picture	PW	5160062	0	1	43200	2	0	43200
S020_DAY1_MINITWICE_4518	86	Pulse	99	5166311	6249	NA
S020_DAY1_MINITWICE_4518	86	Port Input	1	5166311	6249	NA
S020_DAY1_MINITWICE_4518	86	Response	52	5190417	30355	2
S020_DAY1_MINITWICE_4518	86	Pulse	99	5202312	42250	NA
S020_DAY1_MINITWICE_4518	86	Port Input	1	5202312	42250	NA
S020_DAY1_MINITWICE_4518	86	Picture	80_T_PWTRIAD_PW_futbol_red.png	5203262	43200	1	1899	3	43200	1800
S020_DAY1_MINITWICE_4518	87	Picture	rest	5205261	0	2	144099	4	0	144000
S020_DAY1_MINITWICE_4518	87	Pulse	99	5238313	33052	NA
S020_DAY1_MINITWICE_4518	87	Port Input	1	5238313	33052	NA
S020_DAY1_MINITWICE_4518	87	Pulse	99	5274314	69053	NA
S020_DAY1_MINITWICE_4518	87	Port Input	1	5274314	69053	NA
S020_DAY1_MINITWICE_4518	87	Pulse	99	5310315	105054	NA
S020_DAY1_MINITWICE_4518	87	Port Input	1	5310315	105054	NA
S020_DAY1_MINITWICE_4518	87	Pulse	99	5346316	141055	NA
S020_DAY1_MINITWICE_4518	87	Port Input	1	5346316	141055	NA
S020_DAY1_MINITWICE_4518	88	Picture	endrest	5349460	0	2	10100	4	0	10000
S020_DAY1_MINITWICE_4518	89	Picture	FF	5359960	0	2	43200	3	0	43200
S020_DAY1_MINITWICE_4518	89	Response	51	5372457	12497	1
S020_DAY1_MINITWICE_4518	89	Pulse	99	5382317	22357	NA
S020_DAY1_MINITWICE_4518	89	Port Input	1	5382317	22357	NA
S020_DAY1_MINITWICE_4518	89	Picture	83_T_FFTRIAD_FF_traje_red.png	5403160	43200	1	1900	2	43200	1800
S020_DAY1_MINITWICE_4518	90	Picture	FF	5405460	0	1	43200	2	0	43200
S020_DAY1_MINITWICE_4518	90	Pulse	99	5418318	12858	NA
S020_DAY1_MINITWICE_4518	90	Port Input	1	5418318	12858	NA
S020_DAY1_MINITWICE_4518	90	Response	52	5422471	17011	1
S020_DAY1_MINITWICE_4518	90	Picture	84_T_FFTRIAD_FF_murcielago_red.png	5448660	43200	1	1900	2	43200	1800
S020_DAY1_MINITWICE_4518	91	Picture	FF	5450960	0	1	43199	2	0	43200
S020_DAY1_MINITWICE_4518	91	Pulse	99	5454319	3359	NA
S020_DAY1_MINITWICE_4518	91	Port Input	1	5454319	3359	NA
S020_DAY1_MINITWICE_4518	91	Response	51	5471129	20169	2
S020_DAY1_MINITWICE_4518	91	Pulse	99	5490319	39359	NA
S020_DAY1_MINITWICE_4518	91	Port Input	1	5490319	39359	NA
S020_DAY1_MINITWICE_4518	91	Picture	85_T_FFTRIAD_FF_cortina_red.png	5494159	43199	1	1900	2	43200	1800
S020_DAY1_MINITWICE_4518	92	Picture	FF	5496459	0	1	43200	2	0	43200
S020_DAY1_MINITWICE_4518	92	Response	51	5520603	24144	1
S020_DAY1_MINITWICE_4518	92	Pulse	99	5526320	29861	NA
S020_DAY1_MINITWICE_4518	92	Port Input	1	5526320	29861	NA
S020_DAY1_MINITWICE_4518	92	Picture	86_T_FFTRIAD_FF_tenedor_red.png	5539659	43200	1	1900	2	43200	1800
S020_DAY1_MINITWICE_4518	93	Picture	RW	5541959	0	1	43100	2	0	43200
S020_DAY1_MINITWICE_4518	93	Response	52	5556694	14735	1
S020_DAY1_MINITWICE_4518	93	Pulse	99	5562321	20362	NA
S020_DAY1_MINITWICE_4518	93	Port Input	1	5562321	20362	NA
S020_DAY1_MINITWICE_4518	93	Picture	87_T_RWTRIAD_RW_cuento_red.png	5585059	43100	1	1900	2	43200	1800
S020_DAY1_MINITWICE_4518	94	Picture	RW	5587259	0	1	43199	2	0	43200
S020_DAY1_MINITWICE_4518	94	Pulse	99	5598322	11063	NA
S020_DAY1_MINITWICE_4518	94	Port Input	1	5598322	11063	NA
S020_DAY1_MINITWICE_4518	94	Response	51	5600101	12842	2
S020_DAY1_MINITWICE_4518	94	Picture	88_T_RWTRIAD_RW_bala_red.png	5630458	43199	1	1900	2	43200	1800
S020_DAY1_MINITWICE_4518	95	Picture	RW	5632858	0	1	43100	2	0	43200
S020_DAY1_MINITWICE_4518	95	Pulse	99	5634323	1465	NA
S020_DAY1_MINITWICE_4518	95	Port Input	1	5634323	1465	NA
S020_DAY1_MINITWICE_4518	95	Response	51	5645636	12778	1
S020_DAY1_MINITWICE_4518	95	Pulse	99	5670324	37466	NA
S020_DAY1_MINITWICE_4518	95	Port Input	1	5670324	37466	NA
S020_DAY1_MINITWICE_4518	95	Picture	89_T_RWTRIAD_RW_paracaidas_red.png	5675958	43100	1	1900	2	43200	1800
S020_DAY1_MINITWICE_4518	96	Picture	RW	5678258	0	1	43100	2	0	43200
S020_DAY1_MINITWICE_4518	96	Response	52	5688555	10297	2
S020_DAY1_MINITWICE_4518	96	Pulse	99	5706325	28067	NA
S020_DAY1_MINITWICE_4518	96	Port Input	1	5706325	28067	NA
S020_DAY1_MINITWICE_4518	96	Picture	90_T_RWTRIAD_RW_esquimal_red.png	5721358	43100	1	1900	2	43200	1800
S020_DAY1_MINITWICE_4518	97	Picture	rest	5723358	0	1	144099	2	0	144000
S020_DAY1_MINITWICE_4518	97	Pulse	99	5742326	18968	NA
S020_DAY1_MINITWICE_4518	97	Port Input	1	5742326	18968	NA
S020_DAY1_MINITWICE_4518	97	Pulse	99	5778327	54969	NA
S020_DAY1_MINITWICE_4518	97	Port Input	1	5778327	54969	NA
S020_DAY1_MINITWICE_4518	97	Pulse	99	5814328	90970	NA
S020_DAY1_MINITWICE_4518	97	Port Input	1	5814328	90970	NA
S020_DAY1_MINITWICE_4518	97	Pulse	99	5850329	126971	NA
S020_DAY1_MINITWICE_4518	97	Port Input	1	5850329	126971	NA
S020_DAY1_MINITWICE_4518	98	Picture	endrest	5867557	0	1	10100	2	0	10000
S020_DAY1_MINITWICE_4518	99	Picture	PW	5878057	0	1	43199	2	0	43200
S020_DAY1_MINITWICE_4518	99	Pulse	99	5886330	8273	NA
S020_DAY1_MINITWICE_4518	99	Port Input	1	5886330	8273	NA
S020_DAY1_MINITWICE_4518	99	Response	51	5917664	39607	2
S020_DAY1_MINITWICE_4518	99	Picture	93_T_PWTRIAD_PW_bala_red.png	5921256	43199	1	1900	2	43200	1800
S020_DAY1_MINITWICE_4518	99	Pulse	99	5922331	44274	NA
S020_DAY1_MINITWICE_4518	99	Port Input	1	5922331	44274	NA
S020_DAY1_MINITWICE_4518	100	Picture	PW	5923556	0	1	43100	2	0	43200
S020_DAY1_MINITWICE_4518	100	Pulse	99	5958332	34776	NA
S020_DAY1_MINITWICE_4518	100	Port Input	1	5958332	34776	NA
S020_DAY1_MINITWICE_4518	100	Response	51	5965509	41953	1
S020_DAY1_MINITWICE_4518	100	Picture	94_T_PWTRIAD_PW_pilas_red.png	5966656	43100	1	1900	2	43200	1800
S020_DAY1_MINITWICE_4518	101	Picture	PW	5969056	0	1	43100	2	0	43200
S020_DAY1_MINITWICE_4518	101	Pulse	99	5994333	25277	NA
S020_DAY1_MINITWICE_4518	101	Port Input	1	5994333	25277	NA
S020_DAY1_MINITWICE_4518	101	Response	52	6003351	34295	1
S020_DAY1_MINITWICE_4518	101	Picture	95_T_PWTRIAD_PW_almohada_red.png	6012156	43100	1	1899	3	43200	1800
S020_DAY1_MINITWICE_4518	102	Picture	PW	6014455	0	2	43200	3	0	43200
S020_DAY1_MINITWICE_4518	102	Pulse	99	6030334	15879	NA
S020_DAY1_MINITWICE_4518	102	Port Input	1	6030334	15879	NA
S020_DAY1_MINITWICE_4518	102	Response	52	6041386	26931	1
S020_DAY1_MINITWICE_4518	102	Picture	96_T_PWTRIAD_PW_sapo_red.png	6057655	43200	1	1900	2	43200	1800
S020_DAY1_MINITWICE_4518	103	Picture	RW	6059955	0	1	43200	2	0	43200
S020_DAY1_MINITWICE_4518	103	Pulse	99	6066335	6380	NA
S020_DAY1_MINITWICE_4518	103	Port Input	1	6066335	6380	NA
S020_DAY1_MINITWICE_4518	103	Response	51	6076197	16242	1
S020_DAY1_MINITWICE_4518	103	Pulse	99	6102336	42381	NA
S020_DAY1_MINITWICE_4518	103	Port Input	1	6102336	42381	NA
S020_DAY1_MINITWICE_4518	103	Picture	97_T_RWTRIAD_RW_zanahoria_red.png	6103155	43200	1	1900	2	43200	1800
S020_DAY1_MINITWICE_4518	104	Picture	RW	6105455	0	1	43100	2	0	43200
S020_DAY1_MINITWICE_4518	104	Response	52	6131008	25553	1
S020_DAY1_MINITWICE_4518	104	Pulse	99	6138337	32882	NA
S020_DAY1_MINITWICE_4518	104	Port Input	1	6138337	32882	NA
S020_DAY1_MINITWICE_4518	104	Picture	98_T_RWTRIAD_RW_lechuga_red.png	6148555	43100	1	1899	3	43200	1800
S020_DAY1_MINITWICE_4518	105	Picture	RW	6150854	0	2	43100	3	0	43200
S020_DAY1_MINITWICE_4518	105	Response	52	6168082	17228	2
S020_DAY1_MINITWICE_4518	105	Pulse	99	6174338	23484	NA
S020_DAY1_MINITWICE_4518	105	Port Input	1	6174338	23484	NA
S020_DAY1_MINITWICE_4518	105	Picture	99_T_RWTRIAD_RW_sobre_red.png	6193954	43100	1	1900	2	43200	1800
S020_DAY1_MINITWICE_4518	106	Picture	RW	6196254	0	1	43200	2	0	43200
S020_DAY1_MINITWICE_4518	106	Pulse	99	6210338	14084	NA
S020_DAY1_MINITWICE_4518	106	Port Input	1	6210338	14084	NA
S020_DAY1_MINITWICE_4518	106	Response	52	6214830	18576	1
S020_DAY1_MINITWICE_4518	106	Picture	100_T_RWTRIAD_RW_charco_red.png	6239454	43200	1	1900	2	43200	1800
S020_DAY1_MINITWICE_4518	107	Picture	rest	6241454	0	1	144099	2	0	144000
S020_DAY1_MINITWICE_4518	107	Pulse	99	6246339	4885	NA
S020_DAY1_MINITWICE_4518	107	Port Input	1	6246339	4885	NA
S020_DAY1_MINITWICE_4518	107	Pulse	99	6282340	40886	NA
S020_DAY1_MINITWICE_4518	107	Port Input	1	6282340	40886	NA
S020_DAY1_MINITWICE_4518	107	Pulse	99	6318341	76887	NA
S020_DAY1_MINITWICE_4518	107	Port Input	1	6318341	76887	NA
S020_DAY1_MINITWICE_4518	107	Pulse	99	6354342	112888	NA
S020_DAY1_MINITWICE_4518	107	Port Input	1	6354342	112888	NA
S020_DAY1_MINITWICE_4518	108	Picture	endrest	6385653	0	1	10100	2	0	10000
S020_DAY1_MINITWICE_4518	108	Pulse	99	6390343	4690	NA
S020_DAY1_MINITWICE_4518	108	Port Input	1	6390343	4690	NA
S020_DAY1_MINITWICE_4518	109	Picture	PW	6395953	0	1	43199	3	0	43200
S020_DAY1_MINITWICE_4518	109	Response	52	6423255	27302	2
S020_DAY1_MINITWICE_4518	109	Pulse	99	6426344	30391	NA
S020_DAY1_MINITWICE_4518	109	Port Input	1	6426344	30391	NA
S020_DAY1_MINITWICE_4518	109	Picture	103_T_PWTRIAD_PW_raton_red.png	6439152	43199	2	1900	3	43200	1800
S020_DAY1_MINITWICE_4518	110	Picture	PW	6441452	0	1	43100	2	0	43200
S020_DAY1_MINITWICE_4518	110	Pulse	99	6462345	20893	NA
S020_DAY1_MINITWICE_4518	110	Port Input	1	6462345	20893	NA
S020_DAY1_MINITWICE_4518	110	Response	52	6471505	30053	1
S020_DAY1_MINITWICE_4518	110	Picture	104_T_PWTRIAD_PW_pizarra_red.png	6484552	43100	1	1900	2	43200	1800
S020_DAY1_MINITWICE_4518	111	Picture	PW	6486852	0	1	43100	2	0	43200
S020_DAY1_MINITWICE_4518	111	Pulse	99	6498346	11494	NA
S020_DAY1_MINITWICE_4518	111	Port Input	1	6498346	11494	NA
S020_DAY1_MINITWICE_4518	111	Response	51	6520386	33534	1
S020_DAY1_MINITWICE_4518	111	Picture	105_T_PWTRIAD_PW_telefono_red.png	6529952	43100	1	1900	2	43200	1800
S020_DAY1_MINITWICE_4518	112	Picture	PW	6532252	0	1	43099	2	0	43200
S020_DAY1_MINITWICE_4518	112	Pulse	99	6534347	2095	NA
S020_DAY1_MINITWICE_4518	112	Port Input	1	6534347	2095	NA
S020_DAY1_MINITWICE_4518	112	Response	51	6560586	28334	1
S020_DAY1_MINITWICE_4518	112	Pulse	99	6570348	38096	NA
S020_DAY1_MINITWICE_4518	112	Port Input	1	6570348	38096	NA
S020_DAY1_MINITWICE_4518	112	Picture	106_T_PWTRIAD_PW_tijera_red.png	6575351	43099	1	1900	3	43200	1800
S020_DAY1_MINITWICE_4518	113	Picture	FF	6577651	0	1	43100	2	0	43200
S020_DAY1_MINITWICE_4518	113	Response	51	6592263	14612	1
S020_DAY1_MINITWICE_4518	113	Pulse	99	6606349	28698	NA
S020_DAY1_MINITWICE_4518	113	Port Input	1	6606349	28698	NA
S020_DAY1_MINITWICE_4518	113	Picture	107_T_FFTRIAD_FF_lana_red.png	6620751	43100	1	1900	2	43200	1800
S020_DAY1_MINITWICE_4518	114	Picture	FF	6623051	0	1	43100	2	0	43200
S020_DAY1_MINITWICE_4518	114	Response	52	6635913	12862	1
S020_DAY1_MINITWICE_4518	114	Pulse	99	6642350	19299	NA
S020_DAY1_MINITWICE_4518	114	Port Input	1	6642350	19299	NA
S020_DAY1_MINITWICE_4518	114	Picture	108_T_FFTRIAD_FF_bala_red.png	6666151	43100	1	1900	2	43200	1800
S020_DAY1_MINITWICE_4518	115	Picture	FF	6668451	0	1	43099	4	0	43200
S020_DAY1_MINITWICE_4518	115	Pulse	99	6678351	9900	NA
S020_DAY1_MINITWICE_4518	115	Port Input	1	6678351	9900	NA
S020_DAY1_MINITWICE_4518	115	Response	51	6685788	17337	1
S020_DAY1_MINITWICE_4518	115	Picture	109_T_FFTRIAD_FF_sapo_red.png	6711550	43099	3	1900	6	43200	1800
S020_DAY1_MINITWICE_4518	116	Picture	FF	6713850	0	3	43200	5	0	43200
S020_DAY1_MINITWICE_4518	116	Pulse	99	6714352	502	NA
S020_DAY1_MINITWICE_4518	116	Port Input	1	6714352	502	NA
S020_DAY1_MINITWICE_4518	116	Response	52	6734919	21069	1
S020_DAY1_MINITWICE_4518	116	Pulse	99	6750353	36503	NA
S020_DAY1_MINITWICE_4518	116	Port Input	1	6750353	36503	NA
S020_DAY1_MINITWICE_4518	116	Picture	110_T_FFTRIAD_FF_pincel_red.png	6757050	43200	2	1900	4	43200	1800
S020_DAY1_MINITWICE_4518	117	Picture	rest	6759050	0	2	144099	4	0	144000
S020_DAY1_MINITWICE_4518	117	Pulse	99	6786354	27304	NA
S020_DAY1_MINITWICE_4518	117	Port Input	1	6786354	27304	NA
S020_DAY1_MINITWICE_4518	117	Pulse	99	6822355	63305	NA
S020_DAY1_MINITWICE_4518	117	Port Input	1	6822355	63305	NA
S020_DAY1_MINITWICE_4518	117	Pulse	99	6858356	99306	NA
S020_DAY1_MINITWICE_4518	117	Port Input	1	6858356	99306	NA
S020_DAY1_MINITWICE_4518	117	Pulse	99	6894357	135307	NA
S020_DAY1_MINITWICE_4518	117	Port Input	1	6894357	135307	NA
S020_DAY1_MINITWICE_4518	118	Picture	endrest	6903248	0	3	10101	4	0	10000
S020_DAY1_MINITWICE_4518	119	Picture	RW	6913648	0	3	43200	5	0	43200
S020_DAY1_MINITWICE_4518	119	Pulse	99	6930357	16709	NA
S020_DAY1_MINITWICE_4518	119	Port Input	1	6930357	16709	NA
S020_DAY1_MINITWICE_4518	119	Response	51	6937044	23396	1
S020_DAY1_MINITWICE_4518	119	Picture	113_T_RWTRIAD_RW_chupete_red.png	6956848	43200	2	1900	4	43200	1800
S020_DAY1_MINITWICE_4518	120	Picture	RW	6959148	0	2	43200	3	0	43200
S020_DAY1_MINITWICE_4518	120	Pulse	99	6966358	7210	NA
S020_DAY1_MINITWICE_4518	120	Port Input	1	6966358	7210	NA
S020_DAY1_MINITWICE_4518	120	Response	52	6975547	16399	1
S020_DAY1_MINITWICE_4518	120	Picture	114_T_RWTRIAD_RW_gafas_red.png	7002348	43200	1	1900	2	43200	1800
S020_DAY1_MINITWICE_4518	120	Pulse	99	7002359	43211	NA
S020_DAY1_MINITWICE_4518	120	Port Input	1	7002359	43211	NA
S020_DAY1_MINITWICE_4518	121	Picture	RW	7004648	0	2	43199	4	0	43200
S020_DAY1_MINITWICE_4518	121	Response	51	7028106	23458	1
S020_DAY1_MINITWICE_4518	121	Pulse	99	7038360	33712	NA
S020_DAY1_MINITWICE_4518	121	Port Input	1	7038360	33712	NA
S020_DAY1_MINITWICE_4518	121	Picture	115_T_RWTRIAD_RW_traje_red.png	7047847	43199	2	1900	4	43200	1800
S020_DAY1_MINITWICE_4518	122	Picture	RW	7050247	0	2	43099	5	0	43200
S020_DAY1_MINITWICE_4518	122	Response	52	7069884	19637	1
S020_DAY1_MINITWICE_4518	122	Pulse	99	7074361	24114	NA
S020_DAY1_MINITWICE_4518	122	Port Input	1	7074361	24114	NA
S020_DAY1_MINITWICE_4518	122	Picture	116_T_RWTRIAD_RW_oruga_red.png	7093346	43099	3	1900	6	43200	1800
S020_DAY1_MINITWICE_4518	123	Picture	PW	7095646	0	3	43100	5	0	43200
S020_DAY1_MINITWICE_4518	123	Pulse	99	7110362	14716	NA
S020_DAY1_MINITWICE_4518	123	Port Input	1	7110362	14716	NA
S020_DAY1_MINITWICE_4518	123	Response	52	7120495	24849	1
S020_DAY1_MINITWICE_4518	123	Picture	117_T_PWTRIAD_PW_arco_red.png	7138746	43100	2	1901	3	43200	1800
S020_DAY1_MINITWICE_4518	124	Picture	PW	7141047	0	1	43100	2	0	43200
S020_DAY1_MINITWICE_4518	124	Pulse	99	7146363	5316	NA
S020_DAY1_MINITWICE_4518	124	Port Input	1	7146363	5316	NA
S020_DAY1_MINITWICE_4518	124	Response	52	7161190	20143	1
S020_DAY1_MINITWICE_4518	124	Pulse	99	7182364	41317	NA
S020_DAY1_MINITWICE_4518	124	Port Input	1	7182364	41317	NA
S020_DAY1_MINITWICE_4518	124	Picture	118_T_PWTRIAD_PW_perro_red.png	7184147	43100	1	1900	2	43200	1800
S020_DAY1_MINITWICE_4518	125	Picture	PW	7186447	0	1	43200	2	0	43200
S020_DAY1_MINITWICE_4518	125	Response	51	7217285	30838	1
S020_DAY1_MINITWICE_4518	125	Pulse	99	7218365	31918	NA
S020_DAY1_MINITWICE_4518	125	Port Input	1	7218365	31918	NA
S020_DAY1_MINITWICE_4518	125	Picture	119_T_PWTRIAD_PW_oruga_red.png	7229647	43200	1	1899	3	43200	1800
S020_DAY1_MINITWICE_4518	126	Picture	PW	7231946	0	2	43100	3	0	43200
S020_DAY1_MINITWICE_4518	126	Pulse	99	7254366	22420	NA
S020_DAY1_MINITWICE_4518	126	Port Input	1	7254366	22420	NA
S020_DAY1_MINITWICE_4518	126	Response	51	7261710	29764	1
S020_DAY1_MINITWICE_4518	126	Picture	120_T_PWTRIAD_PW_grapadora_red.png	7275046	43100	1	1900	2	43200	1800
S020_DAY1_MINITWICE_4518	127	Picture	rest	7277046	0	1	144099	2	0	144000
S020_DAY1_MINITWICE_4518	127	Pulse	99	7290367	13321	NA
S020_DAY1_MINITWICE_4518	127	Port Input	1	7290367	13321	NA
S020_DAY1_MINITWICE_4518	127	Pulse	99	7326368	49322	NA
S020_DAY1_MINITWICE_4518	127	Port Input	1	7326368	49322	NA
S020_DAY1_MINITWICE_4518	127	Pulse	99	7362369	85323	NA
S020_DAY1_MINITWICE_4518	127	Port Input	1	7362369	85323	NA
S020_DAY1_MINITWICE_4518	127	Pulse	99	7398370	121324	NA
S020_DAY1_MINITWICE_4518	127	Port Input	1	7398370	121324	NA
S020_DAY1_MINITWICE_4518	128	Picture	endrest	7421245	0	1	10100	2	0	10000
S020_DAY1_MINITWICE_4518	129	Picture	FF	7431745	0	1	43200	2	0	43200
S020_DAY1_MINITWICE_4518	129	Pulse	99	7434371	2626	NA
S020_DAY1_MINITWICE_4518	129	Port Input	1	7434371	2626	NA
S020_DAY1_MINITWICE_4518	129	Response	51	7446173	14428	2
S020_DAY1_MINITWICE_4518	129	Pulse	99	7470372	38627	NA
S020_DAY1_MINITWICE_4518	129	Port Input	1	7470372	38627	NA
S020_DAY1_MINITWICE_4518	129	Picture	123_T_FFTRIAD_FF_dado_red.png	7474945	43200	1	1900	2	43200	1800
S020_DAY1_MINITWICE_4518	130	Picture	FF	7477045	0	1	43199	3	0	43200
S020_DAY1_MINITWICE_4518	130	Response	52	7495072	18027	1
S020_DAY1_MINITWICE_4518	130	Pulse	99	7506373	29328	NA
S020_DAY1_MINITWICE_4518	130	Port Input	1	7506373	29328	NA
S020_DAY1_MINITWICE_4518	130	Picture	124_T_FFTRIAD_FF_telefono_red.png	7520244	43199	2	1900	3	43200	1800
S020_DAY1_MINITWICE_4518	131	Picture	FF	7522544	0	2	43100	3	0	43200
S020_DAY1_MINITWICE_4518	131	Response	51	7536600	14056	1
S020_DAY1_MINITWICE_4518	131	Pulse	99	7542374	19830	NA
S020_DAY1_MINITWICE_4518	131	Port Input	1	7542374	19830	NA
S020_DAY1_MINITWICE_4518	131	Picture	125_T_FFTRIAD_FF_teclado_red.png	7565644	43100	1	1900	2	43200	1800
S020_DAY1_MINITWICE_4518	132	Picture	FF	7568044	0	1	43100	2	0	43200
S020_DAY1_MINITWICE_4518	132	Pulse	99	7578375	10331	NA
S020_DAY1_MINITWICE_4518	132	Port Input	1	7578375	10331	NA
S020_DAY1_MINITWICE_4518	132	Response	51	7583090	15046	1
S020_DAY1_MINITWICE_4518	132	Picture	126_T_FFTRIAD_FF_sombrilla_red.png	7611144	43100	1	1900	2	43200	1800
S020_DAY1_MINITWICE_4518	133	Picture	FF	7613444	0	1	43199	2	0	43200
S020_DAY1_MINITWICE_4518	133	Pulse	99	7614376	932	NA
S020_DAY1_MINITWICE_4518	133	Port Input	1	7614376	932	NA
S020_DAY1_MINITWICE_4518	133	Response	51	7627910	14466	1
S020_DAY1_MINITWICE_4518	133	Pulse	99	7650377	36933	NA
S020_DAY1_MINITWICE_4518	133	Port Input	1	7650377	36933	NA
S020_DAY1_MINITWICE_4518	133	Picture	127_T_FFTRIAD_FF_tijera_red.png	7656643	43199	1	1900	2	43200	1800
S020_DAY1_MINITWICE_4518	134	Picture	FF	7658943	0	1	43200	2	0	43200
S020_DAY1_MINITWICE_4518	134	Response	51	7669782	10839	1
S020_DAY1_MINITWICE_4518	134	Pulse	99	7686377	27434	NA
S020_DAY1_MINITWICE_4518	134	Port Input	1	7686377	27434	NA
S020_DAY1_MINITWICE_4518	134	Picture	128_T_FFTRIAD_FF_ancla_red.png	7702143	43200	1	1900	2	43200	1800
S020_DAY1_MINITWICE_4518	135	Picture	FF	7704443	0	1	43200	2	0	43200
S020_DAY1_MINITWICE_4518	135	Response	52	7716091	11648	2
S020_DAY1_MINITWICE_4518	135	Pulse	99	7722378	17935	NA
S020_DAY1_MINITWICE_4518	135	Port Input	1	7722378	17935	NA
S020_DAY1_MINITWICE_4518	135	Picture	129_T_FFTRIAD_FF_iglu_red.png	7747643	43200	1	1900	2	43200	1800
S020_DAY1_MINITWICE_4518	136	Picture	FF	7749943	0	1	43099	3	0	43200
S020_DAY1_MINITWICE_4518	136	Pulse	99	7758379	8436	NA
S020_DAY1_MINITWICE_4518	136	Port Input	1	7758379	8436	NA
S020_DAY1_MINITWICE_4518	136	Response	51	7760691	10748	1
S020_DAY1_MINITWICE_4518	136	Picture	130_T_FFTRIAD_FF_madera_red.png	7793042	43099	2	1900	4	43200	1800
S020_DAY1_MINITWICE_4518	136	Pulse	99	7794380	44437	NA
S020_DAY1_MINITWICE_4518	136	Port Input	1	7794380	44437	NA
S020_DAY1_MINITWICE_4518	137	Picture	rest	7795042	0	1	144099	2	0	144000
S020_DAY1_MINITWICE_4518	137	Pulse	99	7830381	35339	NA
S020_DAY1_MINITWICE_4518	137	Port Input	1	7830381	35339	NA
S020_DAY1_MINITWICE_4518	137	Pulse	99	7866382	71340	NA
S020_DAY1_MINITWICE_4518	137	Port Input	1	7866382	71340	NA
S020_DAY1_MINITWICE_4518	137	Pulse	99	7902383	107341	NA
S020_DAY1_MINITWICE_4518	137	Port Input	1	7902383	107341	NA
S020_DAY1_MINITWICE_4518	137	Pulse	99	7938384	143342	NA
S020_DAY1_MINITWICE_4518	137	Port Input	1	7938384	143342	NA
S020_DAY1_MINITWICE_4518	138	Picture	endrest	7939241	0	1	10100	2	0	10000
S020_DAY1_MINITWICE_4518	139	Picture	RW	7949741	0	1	43200	2	0	43200
S020_DAY1_MINITWICE_4518	139	Response	52	7970838	21097	1
S020_DAY1_MINITWICE_4518	139	Pulse	99	7974385	24644	NA
S020_DAY1_MINITWICE_4518	139	Port Input	1	7974385	24644	NA
S020_DAY1_MINITWICE_4518	139	Picture	133_T_RWTRIAD_RW_destornillador_red.png	7992941	43200	1	1900	2	43200	1800
S020_DAY1_MINITWICE_4518	140	Picture	RW	7995241	0	1	43100	2	0	43200
S020_DAY1_MINITWICE_4518	140	Pulse	99	8010386	15145	NA
S020_DAY1_MINITWICE_4518	140	Port Input	1	8010386	15145	NA
S020_DAY1_MINITWICE_4518	140	Response	52	8017441	22200	1
S020_DAY1_MINITWICE_4518	140	Picture	134_T_RWTRIAD_RW_dado_red.png	8038341	43100	1	1900	2	43200	1800
S020_DAY1_MINITWICE_4518	141	Picture	RW	8040641	0	1	43199	2	0	43200
S020_DAY1_MINITWICE_4518	141	Pulse	99	8046387	5746	NA
S020_DAY1_MINITWICE_4518	141	Port Input	1	8046387	5746	NA
S020_DAY1_MINITWICE_4518	141	Response	51	8053886	13245	1
S020_DAY1_MINITWICE_4518	141	Pulse	99	8082388	41747	NA
S020_DAY1_MINITWICE_4518	141	Port Input	1	8082388	41747	NA
S020_DAY1_MINITWICE_4518	141	Picture	135_T_RWTRIAD_RW_violin_red.png	8083840	43199	1	1900	2	43200	1800
S020_DAY1_MINITWICE_4518	142	Picture	RW	8086140	0	1	43200	2	0	43200
S020_DAY1_MINITWICE_4518	142	Response	51	8101002	14862	1
S020_DAY1_MINITWICE_4518	142	Pulse	99	8118389	32249	NA
S020_DAY1_MINITWICE_4518	142	Port Input	1	8118389	32249	NA
S020_DAY1_MINITWICE_4518	142	Picture	136_T_RWTRIAD_RW_madera_red.png	8129340	43200	1	1900	2	43200	1800
S020_DAY1_MINITWICE_4518	143	Picture	rest	8131340	0	1	144099	2	0	144000
S020_DAY1_MINITWICE_4518	143	Pulse	99	8154390	23050	NA
S020_DAY1_MINITWICE_4518	143	Port Input	1	8154390	23050	NA
S020_DAY1_MINITWICE_4518	144	Picture	endrest	8275539	0	1	10100	2	0	10000
S020_DAY1_MINITWICE_4518	145	Picture	endrest	8285739	0	1	10100	2	0	10000
S020_DAY1_MINITWICE_4518	146	Picture	endrest	8295939	0	1	10100	2	0	10000
S020_DAY1_MINITWICE_4518	147	Picture	endrest	8306139	0	1	10099	3	0	10000
