Scenario - vOT_Triads_fMRI_II
Logfile written - 10/22/2015 15:02:08

Subject	Trial	Event Type	Code	Time	TTime	Uncertainty	Duration	Uncertainty	ReqTime	ReqDur

S020_DAY2_MINITWICE_4518	1	Pulse	99	561117	571036	NA
S020_DAY2_MINITWICE_4518	1	Port Input	1	561117	571036	NA
S020_DAY2_MINITWICE_4518	1	Pulse	99	597118	607037	NA
S020_DAY2_MINITWICE_4518	1	Port Input	1	597118	607037	NA
S020_DAY2_MINITWICE_4518	1	Pulse	99	633119	643038	NA
S020_DAY2_MINITWICE_4518	1	Port Input	1	633119	643038	NA
S020_DAY2_MINITWICE_4518	1	Pulse	99	669120	679039	NA
S020_DAY2_MINITWICE_4518	1	Port Input	1	669120	679039	NA
S020_DAY2_MINITWICE_4518	1	Pulse	99	705121	715040	NA
S020_DAY2_MINITWICE_4518	1	Port Input	1	705121	715040	NA
S020_DAY2_MINITWICE_4518	2	Picture	rest	705394	0	1	144099	2	0	144000
S020_DAY2_MINITWICE_4518	2	Pulse	99	741122	35728	NA
S020_DAY2_MINITWICE_4518	2	Port Input	1	741122	35728	NA
S020_DAY2_MINITWICE_4518	2	Pulse	99	777123	71729	NA
S020_DAY2_MINITWICE_4518	2	Port Input	1	777123	71729	NA
S020_DAY2_MINITWICE_4518	2	Pulse	99	813124	107730	NA
S020_DAY2_MINITWICE_4518	2	Port Input	1	813124	107730	NA
S020_DAY2_MINITWICE_4518	2	Pulse	99	849125	143731	NA
S020_DAY2_MINITWICE_4518	2	Port Input	1	849125	143731	NA
S020_DAY2_MINITWICE_4518	3	Picture	endrest	849593	0	1	10100	3	0	10000
S020_DAY2_MINITWICE_4518	4	Picture	FF	859893	0	3	43200	4	0	43200
S020_DAY2_MINITWICE_4518	4	Response	51	870966	11073	1
S020_DAY2_MINITWICE_4518	4	Pulse	99	885125	25232	NA
S020_DAY2_MINITWICE_4518	4	Port Input	1	885125	25232	NA
S020_DAY2_MINITWICE_4518	4	Picture	3_T_FFTRIAD_FF_llave_red.png	903093	43200	1	1900	2	43200	1800
S020_DAY2_MINITWICE_4518	5	Picture	FF	905193	0	1	43199	3	0	43200
S020_DAY2_MINITWICE_4518	5	Response	52	918271	13078	1
S020_DAY2_MINITWICE_4518	5	Pulse	99	921126	15933	NA
S020_DAY2_MINITWICE_4518	5	Port Input	1	921126	15933	NA
S020_DAY2_MINITWICE_4518	5	Picture	4_T_FFTRIAD_FF_pizarra_red.png	948392	43199	2	1900	4	43200	1800
S020_DAY2_MINITWICE_4518	6	Picture	FF	950492	0	3	43200	5	0	43200
S020_DAY2_MINITWICE_4518	6	Pulse	99	957127	6635	NA
S020_DAY2_MINITWICE_4518	6	Port Input	1	957127	6635	NA
S020_DAY2_MINITWICE_4518	6	Response	52	964773	14281	1
S020_DAY2_MINITWICE_4518	6	Pulse	99	993128	42636	NA
S020_DAY2_MINITWICE_4518	6	Port Input	1	993128	42636	NA
S020_DAY2_MINITWICE_4518	6	Picture	5_T_FFTRIAD_FF_telarana_red.png	993692	43200	2	1900	3	43200	1800
S020_DAY2_MINITWICE_4518	7	Picture	FF	995792	0	2	43199	5	0	43200
S020_DAY2_MINITWICE_4518	7	Response	52	1017509	21717	1
S020_DAY2_MINITWICE_4518	7	Pulse	99	1029129	33337	NA
S020_DAY2_MINITWICE_4518	7	Port Input	1	1029129	33337	NA
S020_DAY2_MINITWICE_4518	7	Picture	6_T_FFTRIAD_FF_monja_red.png	1038991	43199	3	1900	5	43200	1800
S020_DAY2_MINITWICE_4518	8	Picture	FF	1041091	0	3	43200	5	0	43200
S020_DAY2_MINITWICE_4518	8	Response	51	1050522	9431	1
S020_DAY2_MINITWICE_4518	8	Pulse	99	1065130	24039	NA
S020_DAY2_MINITWICE_4518	8	Port Input	1	1065130	24039	NA
S020_DAY2_MINITWICE_4518	8	Picture	7_T_FFTRIAD_FF_cerillas_red.png	1084291	43200	2	1900	4	43200	1800
S020_DAY2_MINITWICE_4518	9	Picture	FF	1086391	0	2	43200	3	0	43200
S020_DAY2_MINITWICE_4518	9	Pulse	99	1101131	14740	NA
S020_DAY2_MINITWICE_4518	9	Port Input	1	1101131	14740	NA
S020_DAY2_MINITWICE_4518	9	Response	52	1103273	16882	1
S020_DAY2_MINITWICE_4518	9	Picture	8_T_FFTRIAD_FF_perro_red.png	1129591	43200	1	1900	2	43200	1800
S020_DAY2_MINITWICE_4518	10	Picture	FF	1131691	0	1	43199	3	0	43200
S020_DAY2_MINITWICE_4518	10	Pulse	99	1137132	5441	NA
S020_DAY2_MINITWICE_4518	10	Port Input	1	1137132	5441	NA
S020_DAY2_MINITWICE_4518	10	Response	52	1153240	21549	2
S020_DAY2_MINITWICE_4518	10	Pulse	99	1173133	41442	NA
S020_DAY2_MINITWICE_4518	10	Port Input	1	1173133	41442	NA
S020_DAY2_MINITWICE_4518	10	Picture	9_T_FFTRIAD_FF_lechuga_red.png	1174890	43199	2	1900	4	43200	1800
S020_DAY2_MINITWICE_4518	11	Picture	FF	1176990	0	2	43200	4	0	43200
S020_DAY2_MINITWICE_4518	11	Response	52	1190281	13291	1
S020_DAY2_MINITWICE_4518	11	Pulse	99	1209134	32144	NA
S020_DAY2_MINITWICE_4518	11	Port Input	1	1209134	32144	NA
S020_DAY2_MINITWICE_4518	11	Picture	10_T_FFTRIAD_FF_bebe_red.png	1220190	43200	2	1899	5	43200	1800
S020_DAY2_MINITWICE_4518	12	Picture	rest	1222189	0	3	144100	5	0	144000
S020_DAY2_MINITWICE_4518	12	Pulse	99	1245135	22946	NA
S020_DAY2_MINITWICE_4518	12	Port Input	1	1245135	22946	NA
S020_DAY2_MINITWICE_4518	12	Pulse	99	1281136	58947	NA
S020_DAY2_MINITWICE_4518	12	Port Input	1	1281136	58947	NA
S020_DAY2_MINITWICE_4518	12	Pulse	99	1317137	94948	NA
S020_DAY2_MINITWICE_4518	12	Port Input	1	1317137	94948	NA
S020_DAY2_MINITWICE_4518	12	Pulse	99	1353138	130949	NA
S020_DAY2_MINITWICE_4518	12	Port Input	1	1353138	130949	NA
S020_DAY2_MINITWICE_4518	13	Picture	endrest	1366389	0	2	10100	4	0	10000
S020_DAY2_MINITWICE_4518	14	Picture	RW	1376689	0	1	43200	2	0	43200
S020_DAY2_MINITWICE_4518	14	Pulse	99	1389139	12450	NA
S020_DAY2_MINITWICE_4518	14	Port Input	1	1389139	12450	NA
S020_DAY2_MINITWICE_4518	14	Response	51	1396100	19411	1
S020_DAY2_MINITWICE_4518	14	Picture	13_T_RWTRIAD_RW_banera_red.png	1419889	43200	1	1900	2	43200	1800
S020_DAY2_MINITWICE_4518	15	Picture	RW	1421989	0	1	43200	2	0	43200
S020_DAY2_MINITWICE_4518	15	Pulse	99	1425140	3151	NA
S020_DAY2_MINITWICE_4518	15	Port Input	1	1425140	3151	NA
S020_DAY2_MINITWICE_4518	15	Response	51	1451951	29962	1
S020_DAY2_MINITWICE_4518	15	Pulse	99	1461140	39151	NA
S020_DAY2_MINITWICE_4518	15	Port Input	1	1461140	39151	NA
S020_DAY2_MINITWICE_4518	15	Picture	14_T_RWTRIAD_RW_perro_red.png	1465189	43200	1	1900	2	43200	1800
S020_DAY2_MINITWICE_4518	16	Picture	RW	1467289	0	1	43199	3	0	43200
S020_DAY2_MINITWICE_4518	16	Response	51	1492642	25353	1
S020_DAY2_MINITWICE_4518	16	Pulse	99	1497141	29852	NA
S020_DAY2_MINITWICE_4518	16	Port Input	1	1497141	29852	NA
S020_DAY2_MINITWICE_4518	16	Picture	15_T_RWTRIAD_RW_novia_red.png	1510488	43199	2	1900	4	43200	1800
S020_DAY2_MINITWICE_4518	17	Picture	RW	1512588	0	2	43200	3	0	43200
S020_DAY2_MINITWICE_4518	17	Response	51	1528075	15487	1
S020_DAY2_MINITWICE_4518	17	Pulse	99	1533142	20554	NA
S020_DAY2_MINITWICE_4518	17	Port Input	1	1533142	20554	NA
S020_DAY2_MINITWICE_4518	17	Picture	16_T_RWTRIAD_RW_manos_red.png	1555788	43200	1	1876	44	43200	1800
S020_DAY2_MINITWICE_4518	18	Picture	PW	1557888	0	1	43200	2	0	43200
S020_DAY2_MINITWICE_4518	18	Pulse	99	1569143	11255	NA
S020_DAY2_MINITWICE_4518	18	Port Input	1	1569143	11255	NA
S020_DAY2_MINITWICE_4518	18	Response	52	1584364	26476	1
S020_DAY2_MINITWICE_4518	18	Picture	17_T_PWTRIAD_PW_traje_red.png	1601088	43200	1	1900	2	43200	1800
S020_DAY2_MINITWICE_4518	19	Picture	PW	1603188	0	1	43199	3	0	43200
S020_DAY2_MINITWICE_4518	19	Pulse	99	1605144	1956	NA
S020_DAY2_MINITWICE_4518	19	Port Input	1	1605144	1956	NA
S020_DAY2_MINITWICE_4518	19	Response	52	1628810	25622	1
S020_DAY2_MINITWICE_4518	19	Pulse	99	1641145	37957	NA
S020_DAY2_MINITWICE_4518	19	Port Input	1	1641145	37957	NA
S020_DAY2_MINITWICE_4518	19	Picture	18_T_PWTRIAD_PW_sobre_red.png	1646387	43199	2	1900	4	43200	1800
S020_DAY2_MINITWICE_4518	20	Picture	PW	1648487	0	2	43200	3	0	43200
S020_DAY2_MINITWICE_4518	20	Pulse	99	1677146	28659	NA
S020_DAY2_MINITWICE_4518	20	Port Input	1	1677146	28659	NA
S020_DAY2_MINITWICE_4518	20	Response	52	1680146	31659	1
S020_DAY2_MINITWICE_4518	20	Picture	19_T_PWTRIAD_PW_lechuga_red.png	1691687	43200	1	1900	2	43200	1800
S020_DAY2_MINITWICE_4518	21	Picture	PW	1693787	0	1	43200	2	0	43200
S020_DAY2_MINITWICE_4518	21	Pulse	99	1713147	19360	NA
S020_DAY2_MINITWICE_4518	21	Port Input	1	1713147	19360	NA
S020_DAY2_MINITWICE_4518	21	Response	52	1718665	24878	1
S020_DAY2_MINITWICE_4518	21	Picture	20_T_PWTRIAD_PW_lana_red.png	1736987	43200	1	1900	2	43200	1800
S020_DAY2_MINITWICE_4518	22	Picture	rest	1738987	0	1	144099	2	0	144000
S020_DAY2_MINITWICE_4518	22	Pulse	99	1749148	10161	NA
S020_DAY2_MINITWICE_4518	22	Port Input	1	1749148	10161	NA
S020_DAY2_MINITWICE_4518	22	Pulse	99	1785149	46162	NA
S020_DAY2_MINITWICE_4518	22	Port Input	1	1785149	46162	NA
S020_DAY2_MINITWICE_4518	22	Pulse	99	1821150	82163	NA
S020_DAY2_MINITWICE_4518	22	Port Input	1	1821150	82163	NA
S020_DAY2_MINITWICE_4518	22	Pulse	99	1857151	118164	NA
S020_DAY2_MINITWICE_4518	22	Port Input	1	1857151	118164	NA
S020_DAY2_MINITWICE_4518	23	Picture	endrest	1883186	0	1	10100	2	0	10000
S020_DAY2_MINITWICE_4518	23	Pulse	99	1893152	9966	NA
S020_DAY2_MINITWICE_4518	23	Port Input	1	1893152	9966	NA
S020_DAY2_MINITWICE_4518	24	Picture	PW	1893486	0	1	43199	3	0	43200
S020_DAY2_MINITWICE_4518	24	Response	52	1918899	25413	1
S020_DAY2_MINITWICE_4518	24	Pulse	99	1929153	35667	NA
S020_DAY2_MINITWICE_4518	24	Port Input	1	1929153	35667	NA
S020_DAY2_MINITWICE_4518	24	Picture	23_T_PWTRIAD_PW_novia_red.png	1936685	43199	2	1900	3	43200	1800
S020_DAY2_MINITWICE_4518	25	Picture	PW	1938785	0	1	43200	2	0	43200
S020_DAY2_MINITWICE_4518	25	Response	52	1960339	21554	1
S020_DAY2_MINITWICE_4518	25	Pulse	99	1965154	26369	NA
S020_DAY2_MINITWICE_4518	25	Port Input	1	1965154	26369	NA
S020_DAY2_MINITWICE_4518	25	Picture	24_T_PWTRIAD_PW_chupete_red.png	1981985	43200	1	1900	2	43200	1800
S020_DAY2_MINITWICE_4518	26	Picture	PW	1984085	0	1	43200	2	0	43200
S020_DAY2_MINITWICE_4518	26	Pulse	99	2001155	17070	NA
S020_DAY2_MINITWICE_4518	26	Port Input	1	2001155	17070	NA
S020_DAY2_MINITWICE_4518	26	Response	51	2004521	20436	2
S020_DAY2_MINITWICE_4518	26	Picture	25_T_PWTRIAD_PW_leche_red.png	2027285	43200	1	1900	2	43200	1800
S020_DAY2_MINITWICE_4518	27	Picture	PW	2029385	0	1	43199	3	0	43200
S020_DAY2_MINITWICE_4518	27	Pulse	99	2037156	7771	NA
S020_DAY2_MINITWICE_4518	27	Port Input	1	2037156	7771	NA
S020_DAY2_MINITWICE_4518	27	Response	51	2066279	36894	2
S020_DAY2_MINITWICE_4518	27	Picture	26_T_PWTRIAD_PW_paracaidas_red.png	2072584	43199	2	1900	4	43200	1800
S020_DAY2_MINITWICE_4518	27	Pulse	99	2073156	43771	NA
S020_DAY2_MINITWICE_4518	27	Port Input	1	2073156	43771	NA
S020_DAY2_MINITWICE_4518	28	Picture	RW	2074684	0	2	43200	3	0	43200
S020_DAY2_MINITWICE_4518	28	Response	51	2090534	15850	1
S020_DAY2_MINITWICE_4518	28	Pulse	99	2109157	34473	NA
S020_DAY2_MINITWICE_4518	28	Port Input	1	2109157	34473	NA
S020_DAY2_MINITWICE_4518	28	Picture	27_T_RWTRIAD_RW_policia_red.png	2117884	43200	1	1900	2	43200	1800
S020_DAY2_MINITWICE_4518	29	Picture	RW	2119984	0	1	43199	3	0	43200
S020_DAY2_MINITWICE_4518	29	Response	51	2135973	15989	1
S020_DAY2_MINITWICE_4518	29	Pulse	99	2145158	25174	NA
S020_DAY2_MINITWICE_4518	29	Port Input	1	2145158	25174	NA
S020_DAY2_MINITWICE_4518	29	Picture	28_T_RWTRIAD_RW_pilas_red.png	2163183	43199	2	1901	3	43200	1800
S020_DAY2_MINITWICE_4518	30	Picture	RW	2165284	0	1	43199	3	0	43200
S020_DAY2_MINITWICE_4518	30	Response	52	2179922	14638	1
S020_DAY2_MINITWICE_4518	30	Pulse	99	2181159	15875	NA
S020_DAY2_MINITWICE_4518	30	Port Input	1	2181159	15875	NA
S020_DAY2_MINITWICE_4518	30	Picture	29_T_RWTRIAD_RW_mono_red.png	2208483	43199	2	1900	4	43200	1800
S020_DAY2_MINITWICE_4518	31	Picture	RW	2210583	0	2	43200	3	0	43200
S020_DAY2_MINITWICE_4518	31	Pulse	99	2217160	6577	NA
S020_DAY2_MINITWICE_4518	31	Port Input	1	2217160	6577	NA
S020_DAY2_MINITWICE_4518	31	Response	51	2235742	25159	1
S020_DAY2_MINITWICE_4518	31	Pulse	99	2253161	42578	NA
S020_DAY2_MINITWICE_4518	31	Port Input	1	2253161	42578	NA
S020_DAY2_MINITWICE_4518	31	Picture	30_T_RWTRIAD_RW_lana_red.png	2253783	43200	1	1900	2	43200	1800
S020_DAY2_MINITWICE_4518	32	Picture	rest	2255783	0	1	144099	2	0	144000
S020_DAY2_MINITWICE_4518	32	Pulse	99	2289162	33379	NA
S020_DAY2_MINITWICE_4518	32	Port Input	1	2289162	33379	NA
S020_DAY2_MINITWICE_4518	32	Pulse	99	2325163	69380	NA
S020_DAY2_MINITWICE_4518	32	Port Input	1	2325163	69380	NA
S020_DAY2_MINITWICE_4518	32	Pulse	99	2361164	105381	NA
S020_DAY2_MINITWICE_4518	32	Port Input	1	2361164	105381	NA
S020_DAY2_MINITWICE_4518	32	Pulse	99	2397165	141382	NA
S020_DAY2_MINITWICE_4518	32	Port Input	1	2397165	141382	NA
S020_DAY2_MINITWICE_4518	33	Picture	endrest	2399982	0	1	10100	2	0	10000
S020_DAY2_MINITWICE_4518	34	Picture	RW	2410282	0	1	43200	2	0	43200
S020_DAY2_MINITWICE_4518	34	Response	52	2425339	15057	1
S020_DAY2_MINITWICE_4518	34	Pulse	99	2433166	22884	NA
S020_DAY2_MINITWICE_4518	34	Port Input	1	2433166	22884	NA
S020_DAY2_MINITWICE_4518	34	Picture	33_T_RWTRIAD_RW_bellota_red.png	2453482	43200	1	1900	2	43200	1800
S020_DAY2_MINITWICE_4518	35	Picture	RW	2455582	0	1	43199	2	0	43200
S020_DAY2_MINITWICE_4518	35	Pulse	99	2469167	13585	NA
S020_DAY2_MINITWICE_4518	35	Port Input	1	2469167	13585	NA
S020_DAY2_MINITWICE_4518	35	Response	52	2472088	16506	1
S020_DAY2_MINITWICE_4518	35	Picture	34_T_RWTRIAD_RW_martillo_red.png	2498781	43199	1	1900	2	43200	1800
S020_DAY2_MINITWICE_4518	36	Picture	RW	2500881	0	1	43200	2	0	43200
S020_DAY2_MINITWICE_4518	36	Pulse	99	2505168	4287	NA
S020_DAY2_MINITWICE_4518	36	Port Input	1	2505168	4287	NA
S020_DAY2_MINITWICE_4518	36	Response	51	2516424	15543	2
S020_DAY2_MINITWICE_4518	36	Pulse	99	2541169	40288	NA
S020_DAY2_MINITWICE_4518	36	Port Input	1	2541169	40288	NA
S020_DAY2_MINITWICE_4518	36	Picture	35_T_RWTRIAD_RW_cortina_red.png	2544081	43200	1	1900	2	43200	1800
S020_DAY2_MINITWICE_4518	37	Picture	RW	2546181	0	1	43200	2	0	43200
S020_DAY2_MINITWICE_4518	37	Response	52	2565236	19055	1
S020_DAY2_MINITWICE_4518	37	Pulse	99	2577170	30989	NA
S020_DAY2_MINITWICE_4518	37	Port Input	1	2577170	30989	NA
S020_DAY2_MINITWICE_4518	37	Picture	36_T_RWTRIAD_RW_sapo_red.png	2589381	43200	1	1900	2	43200	1800
S020_DAY2_MINITWICE_4518	38	Picture	PW	2591481	0	1	43199	3	0	43200
S020_DAY2_MINITWICE_4518	38	Pulse	99	2613171	21690	NA
S020_DAY2_MINITWICE_4518	38	Port Input	1	2613171	21690	NA
S020_DAY2_MINITWICE_4518	38	Response	51	2622174	30693	1
S020_DAY2_MINITWICE_4518	38	Picture	37_T_PWTRIAD_PW_bellota_red.png	2634680	43199	2	1900	4	43200	1800
S020_DAY2_MINITWICE_4518	39	Picture	PW	2636780	0	1	43167	43	0	43200
S020_DAY2_MINITWICE_4518	39	Pulse	99	2649172	12392	NA
S020_DAY2_MINITWICE_4518	39	Port Input	1	2649172	12392	NA
S020_DAY2_MINITWICE_4518	39	Picture	38_T_PWTRIAD_PW_estetoscopio_red.png	2679947	43167	42	1833	43	43200	1800
S020_DAY2_MINITWICE_4518	39	Response	52	2681023	44243	1
S020_DAY2_MINITWICE_4518	40	Picture	PW	2681980	0	1	43200	2	0	43200
S020_DAY2_MINITWICE_4518	40	Pulse	99	2685172	3192	NA
S020_DAY2_MINITWICE_4518	40	Port Input	1	2685172	3192	NA
S020_DAY2_MINITWICE_4518	40	Response	52	2701891	19911	2
S020_DAY2_MINITWICE_4518	40	Pulse	99	2721173	39193	NA
S020_DAY2_MINITWICE_4518	40	Port Input	1	2721173	39193	NA
S020_DAY2_MINITWICE_4518	40	Picture	39_T_PWTRIAD_PW_martillo_red.png	2725180	43200	1	1900	2	43200	1800
S020_DAY2_MINITWICE_4518	41	Picture	PW	2727280	0	1	43199	3	0	43200
S020_DAY2_MINITWICE_4518	41	Pulse	99	2757174	29894	NA
S020_DAY2_MINITWICE_4518	41	Port Input	1	2757174	29894	NA
S020_DAY2_MINITWICE_4518	41	Response	51	2758742	31462	1
S020_DAY2_MINITWICE_4518	41	Picture	40_T_PWTRIAD_PW_destornillador_red.png	2770479	43199	2	1900	4	43200	1800
S020_DAY2_MINITWICE_4518	42	Picture	rest	2772479	0	2	144099	3	0	144000
S020_DAY2_MINITWICE_4518	42	Pulse	99	2793175	20696	NA
S020_DAY2_MINITWICE_4518	42	Port Input	1	2793175	20696	NA
S020_DAY2_MINITWICE_4518	42	Pulse	99	2829176	56697	NA
S020_DAY2_MINITWICE_4518	42	Port Input	1	2829176	56697	NA
S020_DAY2_MINITWICE_4518	42	Pulse	99	2865177	92698	NA
S020_DAY2_MINITWICE_4518	42	Port Input	1	2865177	92698	NA
S020_DAY2_MINITWICE_4518	42	Pulse	99	2901178	128699	NA
S020_DAY2_MINITWICE_4518	42	Port Input	1	2901178	128699	NA
S020_DAY2_MINITWICE_4518	43	Picture	endrest	2916678	0	2	10100	3	0	10000
S020_DAY2_MINITWICE_4518	44	Picture	FF	2926978	0	1	43200	2	0	43200
S020_DAY2_MINITWICE_4518	44	Pulse	99	2937179	10201	NA
S020_DAY2_MINITWICE_4518	44	Port Input	1	2937179	10201	NA
S020_DAY2_MINITWICE_4518	44	Response	51	2951024	24046	1
S020_DAY2_MINITWICE_4518	44	Picture	43_T_FFTRIAD_FF_cuento_red.png	2970178	43200	1	1900	2	43200	1800
S020_DAY2_MINITWICE_4518	45	Picture	FF	2972278	0	1	43200	2	0	43200
S020_DAY2_MINITWICE_4518	45	Pulse	99	2973180	902	NA
S020_DAY2_MINITWICE_4518	45	Port Input	1	2973180	902	NA
S020_DAY2_MINITWICE_4518	45	Response	52	2995782	23504	1
S020_DAY2_MINITWICE_4518	45	Pulse	99	3009181	36903	NA
S020_DAY2_MINITWICE_4518	45	Port Input	1	3009181	36903	NA
S020_DAY2_MINITWICE_4518	45	Picture	44_T_FFTRIAD_FF_plato_red.png	3015478	43200	1	1900	2	43200	1800
S020_DAY2_MINITWICE_4518	46	Picture	FF	3017578	0	1	43199	2	0	43200
S020_DAY2_MINITWICE_4518	46	Response	51	3031219	13641	1
S020_DAY2_MINITWICE_4518	46	Pulse	99	3045182	27604	NA
S020_DAY2_MINITWICE_4518	46	Port Input	1	3045182	27604	NA
S020_DAY2_MINITWICE_4518	46	Picture	45_T_FFTRIAD_FF_novia_red.png	3060777	43199	1	1900	2	43200	1800
S020_DAY2_MINITWICE_4518	47	Picture	FF	3062877	0	1	43200	2	0	43200
S020_DAY2_MINITWICE_4518	47	Pulse	99	3081183	18306	NA
S020_DAY2_MINITWICE_4518	47	Port Input	1	3081183	18306	NA
S020_DAY2_MINITWICE_4518	47	Response	52	3088326	25449	1
S020_DAY2_MINITWICE_4518	47	Picture	46_T_FFTRIAD_FF_esquimal_red.png	3106077	43200	1	1900	2	43200	1800
S020_DAY2_MINITWICE_4518	48	Picture	RW	3108177	0	1	43200	2	0	43200
S020_DAY2_MINITWICE_4518	48	Pulse	99	3117184	9007	NA
S020_DAY2_MINITWICE_4518	48	Port Input	1	3117184	9007	NA
S020_DAY2_MINITWICE_4518	48	Response	52	3123326	15149	1
S020_DAY2_MINITWICE_4518	48	Picture	47_T_RWTRIAD_RW_bebe_red.png	3151377	43200	1	1900	2	43200	1800
S020_DAY2_MINITWICE_4518	48	Pulse	99	3153185	45008	NA
S020_DAY2_MINITWICE_4518	48	Port Input	1	3153185	45008	NA
S020_DAY2_MINITWICE_4518	49	Picture	RW	3153477	0	1	43199	2	0	43200
S020_DAY2_MINITWICE_4518	49	Response	52	3170265	16788	1
S020_DAY2_MINITWICE_4518	49	Pulse	99	3189186	35709	NA
S020_DAY2_MINITWICE_4518	49	Port Input	1	3189186	35709	NA
S020_DAY2_MINITWICE_4518	49	Picture	48_T_RWTRIAD_RW_raton_red.png	3196676	43199	1	1900	2	43200	1800
S020_DAY2_MINITWICE_4518	50	Picture	RW	3198776	0	1	43200	2	0	43200
S020_DAY2_MINITWICE_4518	50	Response	51	3216249	17473	1
S020_DAY2_MINITWICE_4518	50	Pulse	99	3225187	26411	NA
S020_DAY2_MINITWICE_4518	50	Port Input	1	3225187	26411	NA
S020_DAY2_MINITWICE_4518	50	Picture	49_T_RWTRIAD_RW_cerillas_red.png	3241976	43200	1	1900	2	43200	1800
S020_DAY2_MINITWICE_4518	51	Picture	RW	3244076	0	1	43200	2	0	43200
S020_DAY2_MINITWICE_4518	51	Response	52	3258052	13976	1
S020_DAY2_MINITWICE_4518	51	Pulse	99	3261188	17112	NA
S020_DAY2_MINITWICE_4518	51	Port Input	1	3261188	17112	NA
S020_DAY2_MINITWICE_4518	51	Picture	50_T_RWTRIAD_RW_huevos_red.png	3287276	43200	1	1900	2	43200	1800
S020_DAY2_MINITWICE_4518	52	Picture	rest	3289276	0	1	144099	2	0	144000
S020_DAY2_MINITWICE_4518	52	Pulse	99	3297188	7912	NA
S020_DAY2_MINITWICE_4518	52	Port Input	1	3297188	7912	NA
S020_DAY2_MINITWICE_4518	52	Pulse	99	3333189	43913	NA
S020_DAY2_MINITWICE_4518	52	Port Input	1	3333189	43913	NA
S020_DAY2_MINITWICE_4518	52	Pulse	99	3369191	79915	NA
S020_DAY2_MINITWICE_4518	52	Port Input	1	3369191	79915	NA
S020_DAY2_MINITWICE_4518	52	Pulse	99	3405191	115915	NA
S020_DAY2_MINITWICE_4518	52	Port Input	1	3405191	115915	NA
S020_DAY2_MINITWICE_4518	53	Picture	endrest	3433475	0	1	10100	2	0	10000
S020_DAY2_MINITWICE_4518	53	Pulse	99	3441192	7717	NA
S020_DAY2_MINITWICE_4518	53	Port Input	1	3441192	7717	NA
S020_DAY2_MINITWICE_4518	54	Picture	PW	3443775	0	1	43199	2	0	43200
S020_DAY2_MINITWICE_4518	54	Response	51	3468545	24770	1
S020_DAY2_MINITWICE_4518	54	Pulse	99	3477193	33418	NA
S020_DAY2_MINITWICE_4518	54	Port Input	1	3477193	33418	NA
S020_DAY2_MINITWICE_4518	54	Picture	53_T_PWTRIAD_PW_manos_red.png	3486974	43199	1	1900	2	43200	1800
S020_DAY2_MINITWICE_4518	55	Picture	PW	3489074	0	1	43200	2	0	43200
S020_DAY2_MINITWICE_4518	55	Response	51	3508761	19687	1
S020_DAY2_MINITWICE_4518	55	Pulse	99	3513194	24120	NA
S020_DAY2_MINITWICE_4518	55	Port Input	1	3513194	24120	NA
S020_DAY2_MINITWICE_4518	55	Picture	54_T_PWTRIAD_PW_paraguas_red.png	3532274	43200	1	1900	2	43200	1800
S020_DAY2_MINITWICE_4518	56	Picture	PW	3534374	0	1	43200	2	0	43200
S020_DAY2_MINITWICE_4518	56	Pulse	99	3549195	14821	NA
S020_DAY2_MINITWICE_4518	56	Port Input	1	3549195	14821	NA
S020_DAY2_MINITWICE_4518	56	Response	52	3551449	17075	1
S020_DAY2_MINITWICE_4518	56	Picture	55_T_PWTRIAD_PW_cerillas_red.png	3577574	43200	1	1900	2	43200	1800
S020_DAY2_MINITWICE_4518	57	Picture	PW	3579674	0	1	43199	2	0	43200
S020_DAY2_MINITWICE_4518	57	Pulse	99	3585196	5522	NA
S020_DAY2_MINITWICE_4518	57	Port Input	1	3585196	5522	NA
S020_DAY2_MINITWICE_4518	57	Response	52	3591404	11730	1
S020_DAY2_MINITWICE_4518	57	Pulse	99	3621197	41523	NA
S020_DAY2_MINITWICE_4518	57	Port Input	1	3621197	41523	NA
S020_DAY2_MINITWICE_4518	57	Picture	56_T_PWTRIAD_PW_botella_red.png	3622873	43199	1	1900	2	43200	1800
S020_DAY2_MINITWICE_4518	58	Picture	RW	3624973	0	1	43200	2	0	43200
S020_DAY2_MINITWICE_4518	58	Response	52	3636555	11582	1
S020_DAY2_MINITWICE_4518	58	Response	52	3641904	16931	1
S020_DAY2_MINITWICE_4518	58	Pulse	99	3657198	32225	NA
S020_DAY2_MINITWICE_4518	58	Port Input	1	3657198	32225	NA
S020_DAY2_MINITWICE_4518	58	Picture	57_T_RWTRIAD_RW_leche_red.png	3668173	43200	1	1900	2	43200	1800
S020_DAY2_MINITWICE_4518	59	Picture	RW	3670273	0	1	43200	2	0	43200
S020_DAY2_MINITWICE_4518	59	Response	52	3681272	10999	1
S020_DAY2_MINITWICE_4518	59	Pulse	99	3693199	22926	NA
S020_DAY2_MINITWICE_4518	59	Port Input	1	3693199	22926	NA
S020_DAY2_MINITWICE_4518	59	Picture	58_T_RWTRIAD_RW_futbol_red.png	3713473	43200	1	1900	2	43200	1800
S020_DAY2_MINITWICE_4518	60	Picture	RW	3715573	0	1	43199	2	0	43200
S020_DAY2_MINITWICE_4518	60	Pulse	99	3729200	13627	NA
S020_DAY2_MINITWICE_4518	60	Port Input	1	3729200	13627	NA
S020_DAY2_MINITWICE_4518	60	Response	51	3729935	14362	1
S020_DAY2_MINITWICE_4518	60	Picture	59_T_RWTRIAD_RW_granjero_red.png	3758772	43199	1	1900	2	43200	1800
S020_DAY2_MINITWICE_4518	61	Picture	RW	3760872	0	1	43200	2	0	43200
S020_DAY2_MINITWICE_4518	61	Pulse	99	3765201	4329	NA
S020_DAY2_MINITWICE_4518	61	Port Input	1	3765201	4329	NA
S020_DAY2_MINITWICE_4518	61	Response	51	3776704	15832	1
S020_DAY2_MINITWICE_4518	61	Pulse	99	3801202	40330	NA
S020_DAY2_MINITWICE_4518	61	Port Input	1	3801202	40330	NA
S020_DAY2_MINITWICE_4518	61	Picture	60_T_RWTRIAD_RW_ascensor_red.png	3804072	43200	1	1900	2	43200	1800
S020_DAY2_MINITWICE_4518	62	Picture	rest	3806072	0	1	144099	2	0	144000
S020_DAY2_MINITWICE_4518	62	Pulse	99	3837203	31131	NA
S020_DAY2_MINITWICE_4518	62	Port Input	1	3837203	31131	NA
S020_DAY2_MINITWICE_4518	62	Pulse	99	3873203	67131	NA
S020_DAY2_MINITWICE_4518	62	Port Input	1	3873203	67131	NA
S020_DAY2_MINITWICE_4518	62	Pulse	99	3909204	103132	NA
S020_DAY2_MINITWICE_4518	62	Port Input	1	3909204	103132	NA
S020_DAY2_MINITWICE_4518	62	Pulse	99	3945205	139133	NA
S020_DAY2_MINITWICE_4518	62	Port Input	1	3945205	139133	NA
S020_DAY2_MINITWICE_4518	63	Picture	endrest	3950271	0	1	10100	2	0	10000
S020_DAY2_MINITWICE_4518	64	Picture	FF	3960571	0	1	43200	2	0	43200
S020_DAY2_MINITWICE_4518	64	Pulse	99	3981206	20635	NA
S020_DAY2_MINITWICE_4518	64	Port Input	1	3981206	20635	NA
S020_DAY2_MINITWICE_4518	64	Response	52	3981644	21073	1
S020_DAY2_MINITWICE_4518	64	Picture	63_T_FFTRIAD_FF_molino_red.png	4003771	43200	1	1900	2	43200	1800
S020_DAY2_MINITWICE_4518	65	Picture	FF	4005871	0	1	43199	2	0	43200
S020_DAY2_MINITWICE_4518	65	Pulse	99	4017207	11336	NA
S020_DAY2_MINITWICE_4518	65	Port Input	1	4017207	11336	NA
S020_DAY2_MINITWICE_4518	65	Response	51	4020890	15019	1
S020_DAY2_MINITWICE_4518	65	Picture	64_T_FFTRIAD_FF_leche_red.png	4049070	43199	1	1900	2	43200	1800
S020_DAY2_MINITWICE_4518	66	Picture	FF	4051270	0	1	43100	2	0	43200
S020_DAY2_MINITWICE_4518	66	Pulse	99	4053208	1938	NA
S020_DAY2_MINITWICE_4518	66	Port Input	1	4053208	1938	NA
S020_DAY2_MINITWICE_4518	66	Response	52	4073168	21898	1
S020_DAY2_MINITWICE_4518	66	Pulse	99	4089209	37939	NA
S020_DAY2_MINITWICE_4518	66	Port Input	1	4089209	37939	NA
S020_DAY2_MINITWICE_4518	66	Picture	65_T_FFTRIAD_FF_ascensor_red.png	4094370	43100	1	1900	2	43200	1800
S020_DAY2_MINITWICE_4518	67	Picture	FF	4096470	0	1	43200	2	0	43200
S020_DAY2_MINITWICE_4518	67	Response	51	4119359	22889	2
S020_DAY2_MINITWICE_4518	67	Pulse	99	4125210	28740	NA
S020_DAY2_MINITWICE_4518	67	Port Input	1	4125210	28740	NA
S020_DAY2_MINITWICE_4518	67	Picture	66_T_FFTRIAD_FF_chupete_red.png	4139670	43200	1	1900	2	43200	1800
S020_DAY2_MINITWICE_4518	68	Picture	PW	4141770	0	1	43199	2	0	43200
S020_DAY2_MINITWICE_4518	68	Pulse	99	4161211	19441	NA
S020_DAY2_MINITWICE_4518	68	Port Input	1	4161211	19441	NA
S020_DAY2_MINITWICE_4518	68	Response	52	4165472	23702	1
S020_DAY2_MINITWICE_4518	68	Picture	67_T_PWTRIAD_PW_violin_red.png	4184969	43199	1	1900	2	43200	1800
S020_DAY2_MINITWICE_4518	69	Picture	PW	4187069	0	1	43200	2	0	43200
S020_DAY2_MINITWICE_4518	69	Pulse	99	4197212	10143	NA
S020_DAY2_MINITWICE_4518	69	Port Input	1	4197212	10143	NA
S020_DAY2_MINITWICE_4518	69	Response	51	4206088	19019	1
S020_DAY2_MINITWICE_4518	69	Picture	68_T_PWTRIAD_PW_molino_red.png	4230269	43200	1	1900	2	43200	1800
S020_DAY2_MINITWICE_4518	70	Picture	PW	4232369	0	1	43200	2	0	43200
S020_DAY2_MINITWICE_4518	70	Pulse	99	4233213	844	NA
S020_DAY2_MINITWICE_4518	70	Port Input	1	4233213	844	NA
S020_DAY2_MINITWICE_4518	70	Response	51	4250600	18231	1
S020_DAY2_MINITWICE_4518	70	Pulse	99	4269214	36845	NA
S020_DAY2_MINITWICE_4518	70	Port Input	1	4269214	36845	NA
S020_DAY2_MINITWICE_4518	70	Picture	69_T_PWTRIAD_PW_candado_red.png	4275569	43200	1	1900	2	43200	1800
S020_DAY2_MINITWICE_4518	71	Picture	PW	4277669	0	1	43199	2	0	43200
S020_DAY2_MINITWICE_4518	71	Response	52	4303744	26075	1
S020_DAY2_MINITWICE_4518	71	Pulse	99	4305215	27546	NA
S020_DAY2_MINITWICE_4518	71	Port Input	1	4305215	27546	NA
S020_DAY2_MINITWICE_4518	71	Picture	70_T_PWTRIAD_PW_banera_red.png	4320868	43199	1	1879	42	43200	1800
S020_DAY2_MINITWICE_4518	72	Picture	rest	4322868	0	1	144099	2	0	144000
S020_DAY2_MINITWICE_4518	72	Pulse	99	4341216	18348	NA
S020_DAY2_MINITWICE_4518	72	Port Input	1	4341216	18348	NA
S020_DAY2_MINITWICE_4518	72	Pulse	99	4377217	54349	NA
S020_DAY2_MINITWICE_4518	72	Port Input	1	4377217	54349	NA
S020_DAY2_MINITWICE_4518	72	Pulse	99	4413218	90350	NA
S020_DAY2_MINITWICE_4518	72	Port Input	1	4413218	90350	NA
S020_DAY2_MINITWICE_4518	72	Pulse	99	4449219	126351	NA
S020_DAY2_MINITWICE_4518	72	Port Input	1	4449219	126351	NA
S020_DAY2_MINITWICE_4518	73	Picture	endrest	4467067	0	1	10100	2	0	10000
S020_DAY2_MINITWICE_4518	74	Picture	RW	4477367	0	1	43200	2	0	43200
S020_DAY2_MINITWICE_4518	74	Pulse	99	4485220	7853	NA
S020_DAY2_MINITWICE_4518	74	Port Input	1	4485220	7853	NA
S020_DAY2_MINITWICE_4518	74	Response	52	4513922	36555	1
S020_DAY2_MINITWICE_4518	74	Picture	73_T_RWTRIAD_RW_arbol_red.png	4520567	43200	1	1900	2	43200	1800
S020_DAY2_MINITWICE_4518	74	Pulse	99	4521220	43853	NA
S020_DAY2_MINITWICE_4518	74	Port Input	1	4521220	43853	NA
S020_DAY2_MINITWICE_4518	75	Picture	RW	4522667	0	1	43200	2	0	43200
S020_DAY2_MINITWICE_4518	75	Response	52	4538661	15994	1
S020_DAY2_MINITWICE_4518	75	Pulse	99	4557221	34554	NA
S020_DAY2_MINITWICE_4518	75	Port Input	1	4557221	34554	NA
S020_DAY2_MINITWICE_4518	75	Picture	74_T_RWTRIAD_RW_pincel_red.png	4565867	43200	1	1900	2	43200	1800
S020_DAY2_MINITWICE_4518	76	Picture	RW	4567967	0	1	43199	2	0	43200
S020_DAY2_MINITWICE_4518	76	Response	51	4583040	15073	1
S020_DAY2_MINITWICE_4518	76	Pulse	99	4593222	25255	NA
S020_DAY2_MINITWICE_4518	76	Port Input	1	4593222	25255	NA
S020_DAY2_MINITWICE_4518	76	Picture	75_T_RWTRIAD_RW_television_red.png	4611166	43199	1	1900	2	43200	1800
S020_DAY2_MINITWICE_4518	77	Picture	RW	4613266	0	1	43200	2	0	43200
S020_DAY2_MINITWICE_4518	77	Response	52	4628669	15403	1
S020_DAY2_MINITWICE_4518	77	Pulse	99	4629223	15957	NA
S020_DAY2_MINITWICE_4518	77	Port Input	1	4629223	15957	NA
S020_DAY2_MINITWICE_4518	77	Picture	76_T_RWTRIAD_RW_silla_red.png	4656466	43200	1	1900	2	43200	1800
S020_DAY2_MINITWICE_4518	78	Picture	FF	4658566	0	1	43200	2	0	43200
S020_DAY2_MINITWICE_4518	78	Pulse	99	4665224	6658	NA
S020_DAY2_MINITWICE_4518	78	Port Input	1	4665224	6658	NA
S020_DAY2_MINITWICE_4518	78	Response	51	4673216	14650	1
S020_DAY2_MINITWICE_4518	78	Pulse	99	4701225	42659	NA
S020_DAY2_MINITWICE_4518	78	Port Input	1	4701225	42659	NA
S020_DAY2_MINITWICE_4518	78	Picture	77_T_FFTRIAD_FF_anillo_red.png	4701766	43200	1	1900	2	43200	1800
S020_DAY2_MINITWICE_4518	79	Picture	FF	4703866	0	1	43199	2	0	43200
S020_DAY2_MINITWICE_4518	79	Response	52	4718391	14525	1
S020_DAY2_MINITWICE_4518	79	Pulse	99	4737226	33360	NA
S020_DAY2_MINITWICE_4518	79	Port Input	1	4737226	33360	NA
S020_DAY2_MINITWICE_4518	79	Picture	78_T_FFTRIAD_FF_lenador_red.png	4747065	43199	1	1900	2	43200	1800
S020_DAY2_MINITWICE_4518	80	Picture	FF	4749165	0	1	43200	2	0	43200
S020_DAY2_MINITWICE_4518	80	Pulse	99	4773227	24062	NA
S020_DAY2_MINITWICE_4518	80	Port Input	1	4773227	24062	NA
S020_DAY2_MINITWICE_4518	80	Response	51	4785660	36495	1
S020_DAY2_MINITWICE_4518	80	Picture	79_T_FFTRIAD_FF_banera_red.png	4792365	43200	1	1900	2	43200	1800
S020_DAY2_MINITWICE_4518	81	Picture	FF	4794465	0	1	43200	2	0	43200
S020_DAY2_MINITWICE_4518	81	Pulse	99	4809228	14763	NA
S020_DAY2_MINITWICE_4518	81	Port Input	1	4809228	14763	NA
S020_DAY2_MINITWICE_4518	81	Response	51	4818948	24483	1
S020_DAY2_MINITWICE_4518	81	Picture	80_T_FFTRIAD_FF_piramide_red.png	4837665	43200	1	1900	2	43200	1800
S020_DAY2_MINITWICE_4518	82	Picture	rest	4839665	0	1	144099	2	0	144000
S020_DAY2_MINITWICE_4518	82	Pulse	99	4845229	5564	NA
S020_DAY2_MINITWICE_4518	82	Port Input	1	4845229	5564	NA
S020_DAY2_MINITWICE_4518	82	Pulse	99	4881230	41565	NA
S020_DAY2_MINITWICE_4518	82	Port Input	1	4881230	41565	NA
S020_DAY2_MINITWICE_4518	82	Pulse	99	4917231	77566	NA
S020_DAY2_MINITWICE_4518	82	Port Input	1	4917231	77566	NA
S020_DAY2_MINITWICE_4518	82	Pulse	99	4953232	113567	NA
S020_DAY2_MINITWICE_4518	82	Port Input	1	4953232	113567	NA
S020_DAY2_MINITWICE_4518	83	Picture	endrest	4983864	0	1	10100	2	0	10000
S020_DAY2_MINITWICE_4518	83	Pulse	99	4989233	5369	NA
S020_DAY2_MINITWICE_4518	83	Port Input	1	4989233	5369	NA
S020_DAY2_MINITWICE_4518	84	Picture	PW	4994163	0	2	43200	3	0	43200
S020_DAY2_MINITWICE_4518	84	Response	52	5021055	26892	1
S020_DAY2_MINITWICE_4518	84	Pulse	99	5025234	31071	NA
S020_DAY2_MINITWICE_4518	84	Port Input	1	5025234	31071	NA
S020_DAY2_MINITWICE_4518	84	Picture	83_T_PWTRIAD_PW_tenedor_red.png	5037363	43200	1	1900	2	43200	1800
S020_DAY2_MINITWICE_4518	85	Picture	PW	5039463	0	1	43200	2	0	43200
S020_DAY2_MINITWICE_4518	85	Pulse	99	5061235	21772	NA
S020_DAY2_MINITWICE_4518	85	Port Input	1	5061235	21772	NA
S020_DAY2_MINITWICE_4518	85	Response	52	5065826	26363	1
S020_DAY2_MINITWICE_4518	85	Picture	84_T_PWTRIAD_PW_portatil_red.png	5082663	43200	1	1900	2	43200	1800
S020_DAY2_MINITWICE_4518	86	Picture	PW	5084763	0	1	43200	2	0	43200
S020_DAY2_MINITWICE_4518	86	Pulse	99	5097235	12472	NA
S020_DAY2_MINITWICE_4518	86	Port Input	1	5097235	12472	NA
S020_DAY2_MINITWICE_4518	86	Response	52	5099183	14420	1
S020_DAY2_MINITWICE_4518	86	Picture	85_T_PWTRIAD_PW_bebe_red.png	5127963	43200	1	1900	2	43200	1800
S020_DAY2_MINITWICE_4518	87	Picture	PW	5130063	0	1	43199	2	0	43200
S020_DAY2_MINITWICE_4518	87	Pulse	99	5133237	3174	NA
S020_DAY2_MINITWICE_4518	87	Port Input	1	5133237	3174	NA
S020_DAY2_MINITWICE_4518	87	Response	51	5148939	18876	1
S020_DAY2_MINITWICE_4518	87	Pulse	99	5169237	39174	NA
S020_DAY2_MINITWICE_4518	87	Port Input	1	5169237	39174	NA
S020_DAY2_MINITWICE_4518	87	Picture	86_T_PWTRIAD_PW_charco_red.png	5173262	43199	1	1900	2	43200	1800
S020_DAY2_MINITWICE_4518	88	Picture	FF	5175362	0	1	43200	2	0	43200
S020_DAY2_MINITWICE_4518	88	Response	51	5196715	21353	1
S020_DAY2_MINITWICE_4518	88	Pulse	99	5205238	29876	NA
S020_DAY2_MINITWICE_4518	88	Port Input	1	5205238	29876	NA
S020_DAY2_MINITWICE_4518	88	Picture	87_T_FFTRIAD_FF_martillo_red.png	5218562	43200	1	1900	2	43200	1800
S020_DAY2_MINITWICE_4518	89	Picture	FF	5220662	0	1	43200	2	0	43200
S020_DAY2_MINITWICE_4518	89	Response	51	5237062	16400	1
S020_DAY2_MINITWICE_4518	89	Pulse	99	5241239	20577	NA
S020_DAY2_MINITWICE_4518	89	Port Input	1	5241239	20577	NA
S020_DAY2_MINITWICE_4518	89	Picture	88_T_FFTRIAD_FF_grapadora_red.png	5263862	43200	1	1900	2	43200	1800
S020_DAY2_MINITWICE_4518	90	Picture	FF	5265962	0	1	43199	2	0	43200
S020_DAY2_MINITWICE_4518	90	Pulse	99	5277240	11278	NA
S020_DAY2_MINITWICE_4518	90	Port Input	1	5277240	11278	NA
S020_DAY2_MINITWICE_4518	90	Response	51	5279232	13270	1
S020_DAY2_MINITWICE_4518	90	Picture	89_T_FFTRIAD_FF_violin_red.png	5309161	43199	1	1900	2	43200	1800
S020_DAY2_MINITWICE_4518	91	Picture	FF	5311261	0	1	43200	2	0	43200
S020_DAY2_MINITWICE_4518	91	Pulse	99	5313241	1980	NA
S020_DAY2_MINITWICE_4518	91	Port Input	1	5313241	1980	NA
S020_DAY2_MINITWICE_4518	91	Response	52	5325305	14044	1
S020_DAY2_MINITWICE_4518	91	Pulse	99	5349242	37981	NA
S020_DAY2_MINITWICE_4518	91	Port Input	1	5349242	37981	NA
S020_DAY2_MINITWICE_4518	91	Picture	90_T_FFTRIAD_FF_silla_red.png	5354461	43200	1	1900	2	43200	1800
S020_DAY2_MINITWICE_4518	92	Picture	rest	5356461	0	1	144099	2	0	144000
S020_DAY2_MINITWICE_4518	92	Pulse	99	5385243	28782	NA
S020_DAY2_MINITWICE_4518	92	Port Input	1	5385243	28782	NA
S020_DAY2_MINITWICE_4518	92	Pulse	99	5421244	64783	NA
S020_DAY2_MINITWICE_4518	92	Port Input	1	5421244	64783	NA
S020_DAY2_MINITWICE_4518	92	Pulse	99	5457245	100784	NA
S020_DAY2_MINITWICE_4518	92	Port Input	1	5457245	100784	NA
S020_DAY2_MINITWICE_4518	92	Pulse	99	5493246	136785	NA
S020_DAY2_MINITWICE_4518	92	Port Input	1	5493246	136785	NA
S020_DAY2_MINITWICE_4518	93	Picture	endrest	5500660	0	1	10100	2	0	10000
S020_DAY2_MINITWICE_4518	94	Picture	FF	5510960	0	1	43199	3	0	43200
S020_DAY2_MINITWICE_4518	94	Pulse	99	5529247	18287	NA
S020_DAY2_MINITWICE_4518	94	Port Input	1	5529247	18287	NA
S020_DAY2_MINITWICE_4518	94	Response	51	5533586	22626	1
S020_DAY2_MINITWICE_4518	94	Picture	93_T_FFTRIAD_FF_bellota_red.png	5554159	43199	2	1900	4	43200	1800
S020_DAY2_MINITWICE_4518	95	Picture	FF	5556259	0	2	43200	3	0	43200
S020_DAY2_MINITWICE_4518	95	Pulse	99	5565248	8989	NA
S020_DAY2_MINITWICE_4518	95	Port Input	1	5565248	8989	NA
S020_DAY2_MINITWICE_4518	95	Response	52	5580869	24610	1
S020_DAY2_MINITWICE_4518	95	Picture	94_T_FFTRIAD_FF_queso_red.png	5599459	43200	1	1900	2	43200	1800
S020_DAY2_MINITWICE_4518	95	Pulse	99	5601249	44990	NA
S020_DAY2_MINITWICE_4518	95	Port Input	1	5601249	44990	NA
S020_DAY2_MINITWICE_4518	96	Picture	FF	5601559	0	1	43200	2	0	43200
S020_DAY2_MINITWICE_4518	96	Response	51	5623444	21885	1
S020_DAY2_MINITWICE_4518	96	Pulse	99	5637250	35691	NA
S020_DAY2_MINITWICE_4518	96	Port Input	1	5637250	35691	NA
S020_DAY2_MINITWICE_4518	96	Picture	95_T_FFTRIAD_FF_carruaje_red.png	5644759	43200	1	1900	2	43200	1800
S020_DAY2_MINITWICE_4518	97	Picture	FF	5646859	0	1	43200	2	0	43200
S020_DAY2_MINITWICE_4518	97	Pulse	99	5673251	26392	NA
S020_DAY2_MINITWICE_4518	97	Port Input	1	5673251	26392	NA
S020_DAY2_MINITWICE_4518	97	Picture	96_T_FFTRIAD_FF_zanahoria_red.png	5690059	43200	1	1900	2	43200	1800
S020_DAY2_MINITWICE_4518	98	Picture	PW	5692159	0	1	43199	2	0	43200
S020_DAY2_MINITWICE_4518	98	Pulse	99	5709251	17092	NA
S020_DAY2_MINITWICE_4518	98	Port Input	1	5709251	17092	NA
S020_DAY2_MINITWICE_4518	98	Response	51	5722327	30168	1
S020_DAY2_MINITWICE_4518	98	Picture	97_T_PWTRIAD_PW_anillo_red.png	5735358	43199	1	1900	2	43200	1800
S020_DAY2_MINITWICE_4518	99	Picture	PW	5737458	0	1	43200	2	0	43200
S020_DAY2_MINITWICE_4518	99	Pulse	99	5745252	7794	NA
S020_DAY2_MINITWICE_4518	99	Port Input	1	5745252	7794	NA
S020_DAY2_MINITWICE_4518	99	Response	52	5755047	17589	1
S020_DAY2_MINITWICE_4518	99	Picture	98_T_PWTRIAD_PW_esquimal_red.png	5780658	43200	1	1900	2	43200	1800
S020_DAY2_MINITWICE_4518	99	Pulse	99	5781253	43795	NA
S020_DAY2_MINITWICE_4518	99	Port Input	1	5781253	43795	NA
S020_DAY2_MINITWICE_4518	100	Picture	PW	5782731	0	46	43227	47	0	43200
S020_DAY2_MINITWICE_4518	100	Response	52	5798603	15872	1
S020_DAY2_MINITWICE_4518	100	Pulse	99	5817254	34523	NA
S020_DAY2_MINITWICE_4518	100	Port Input	1	5817254	34523	NA
S020_DAY2_MINITWICE_4518	100	Picture	99_T_PWTRIAD_PW_agua_red.png	5825958	43227	1	1900	2	43200	1800
S020_DAY2_MINITWICE_4518	101	Picture	PW	5828058	0	1	43199	2	0	43200
S020_DAY2_MINITWICE_4518	101	Response	52	5852526	24468	1
S020_DAY2_MINITWICE_4518	101	Pulse	99	5853255	25197	NA
S020_DAY2_MINITWICE_4518	101	Port Input	1	5853255	25197	NA
S020_DAY2_MINITWICE_4518	101	Picture	100_T_PWTRIAD_PW_policia_red.png	5871257	43199	1	1900	2	43200	1800
S020_DAY2_MINITWICE_4518	102	Picture	rest	5873257	0	1	144099	2	0	144000
S020_DAY2_MINITWICE_4518	102	Pulse	99	5889256	15999	NA
S020_DAY2_MINITWICE_4518	102	Port Input	1	5889256	15999	NA
S020_DAY2_MINITWICE_4518	102	Pulse	99	5925257	52000	NA
S020_DAY2_MINITWICE_4518	102	Port Input	1	5925257	52000	NA
S020_DAY2_MINITWICE_4518	102	Pulse	99	5961258	88001	NA
S020_DAY2_MINITWICE_4518	102	Port Input	1	5961258	88001	NA
S020_DAY2_MINITWICE_4518	102	Pulse	99	5997259	124002	NA
S020_DAY2_MINITWICE_4518	102	Port Input	1	5997259	124002	NA
S020_DAY2_MINITWICE_4518	103	Picture	endrest	6017456	0	1	10100	2	0	10000
S020_DAY2_MINITWICE_4518	104	Picture	PW	6027756	0	1	43200	2	0	43200
S020_DAY2_MINITWICE_4518	104	Pulse	99	6033260	5504	NA
S020_DAY2_MINITWICE_4518	104	Port Input	1	6033260	5504	NA
S020_DAY2_MINITWICE_4518	104	Response	51	6046024	18268	1
S020_DAY2_MINITWICE_4518	104	Pulse	99	6069261	41505	NA
S020_DAY2_MINITWICE_4518	104	Port Input	1	6069261	41505	NA
S020_DAY2_MINITWICE_4518	104	Picture	103_T_PWTRIAD_PW_gafas_red.png	6070956	43200	1	1900	2	43200	1800
S020_DAY2_MINITWICE_4518	105	Picture	PW	6073056	0	1	43199	3	0	43200
S020_DAY2_MINITWICE_4518	105	Response	52	6088762	15706	1
S020_DAY2_MINITWICE_4518	105	Pulse	99	6105262	32206	NA
S020_DAY2_MINITWICE_4518	105	Port Input	1	6105262	32206	NA
S020_DAY2_MINITWICE_4518	105	Picture	104_T_PWTRIAD_PW_cinturon_red.png	6116255	43199	2	1900	4	43200	1800
S020_DAY2_MINITWICE_4518	106	Picture	PW	6118355	0	2	43200	3	0	43200
S020_DAY2_MINITWICE_4518	106	Pulse	99	6141263	22908	NA
S020_DAY2_MINITWICE_4518	106	Port Input	1	6141263	22908	NA
S020_DAY2_MINITWICE_4518	106	Response	51	6145377	27022	1
S020_DAY2_MINITWICE_4518	106	Picture	105_T_PWTRIAD_PW_television_red.png	6161555	43200	1	1900	2	43200	1800
S020_DAY2_MINITWICE_4518	107	Picture	PW	6163655	0	1	43200	2	0	43200
S020_DAY2_MINITWICE_4518	107	Pulse	99	6177264	13609	NA
S020_DAY2_MINITWICE_4518	107	Port Input	1	6177264	13609	NA
S020_DAY2_MINITWICE_4518	107	Response	52	6180758	17103	1
S020_DAY2_MINITWICE_4518	107	Picture	106_T_PWTRIAD_PW_grifo_red.png	6206855	43200	1	1900	2	43200	1800
S020_DAY2_MINITWICE_4518	108	Picture	FF	6208955	0	1	43200	2	0	43200
S020_DAY2_MINITWICE_4518	108	Pulse	99	6213265	4310	NA
S020_DAY2_MINITWICE_4518	108	Port Input	1	6213265	4310	NA
S020_DAY2_MINITWICE_4518	108	Response	51	6228033	19078	1
S020_DAY2_MINITWICE_4518	108	Pulse	99	6249266	40311	NA
S020_DAY2_MINITWICE_4518	108	Port Input	1	6249266	40311	NA
S020_DAY2_MINITWICE_4518	108	Picture	107_T_FFTRIAD_FF_pluma_red.png	6252155	43200	1	1899	3	43200	1800
S020_DAY2_MINITWICE_4518	109	Picture	FF	6254254	0	2	43200	3	0	43200
S020_DAY2_MINITWICE_4518	109	Response	51	6265246	10992	1
S020_DAY2_MINITWICE_4518	109	Pulse	99	6285267	31013	NA
S020_DAY2_MINITWICE_4518	109	Port Input	1	6285267	31013	NA
S020_DAY2_MINITWICE_4518	109	Picture	108_T_FFTRIAD_FF_almohada_red.png	6297454	43200	1	1900	2	43200	1800
S020_DAY2_MINITWICE_4518	110	Picture	FF	6299554	0	1	43200	2	0	43200
S020_DAY2_MINITWICE_4518	110	Response	51	6311588	12034	1
S020_DAY2_MINITWICE_4518	110	Pulse	99	6321268	21714	NA
S020_DAY2_MINITWICE_4518	110	Port Input	1	6321268	21714	NA
S020_DAY2_MINITWICE_4518	110	Picture	109_T_FFTRIAD_FF_agua_red.png	6342754	43200	1	1900	2	43200	1800
S020_DAY2_MINITWICE_4518	111	Picture	FF	6344854	0	1	43199	3	0	43200
S020_DAY2_MINITWICE_4518	111	Response	52	6356949	12095	1
S020_DAY2_MINITWICE_4518	111	Pulse	99	6357268	12414	NA
S020_DAY2_MINITWICE_4518	111	Port Input	1	6357268	12414	NA
S020_DAY2_MINITWICE_4518	111	Picture	110_T_FFTRIAD_FF_sobre_red.png	6388053	43199	2	1901	3	43200	1800
S020_DAY2_MINITWICE_4518	112	Picture	rest	6390054	0	1	144098	3	0	144000
S020_DAY2_MINITWICE_4518	112	Pulse	99	6393269	3215	NA
S020_DAY2_MINITWICE_4518	112	Port Input	1	6393269	3215	NA
S020_DAY2_MINITWICE_4518	112	Pulse	99	6429270	39216	NA
S020_DAY2_MINITWICE_4518	112	Port Input	1	6429270	39216	NA
S020_DAY2_MINITWICE_4518	112	Pulse	99	6465271	75217	NA
S020_DAY2_MINITWICE_4518	112	Port Input	1	6465271	75217	NA
S020_DAY2_MINITWICE_4518	112	Pulse	99	6501272	111218	NA
S020_DAY2_MINITWICE_4518	112	Port Input	1	6501272	111218	NA
S020_DAY2_MINITWICE_4518	113	Picture	endrest	6534252	0	2	10100	4	0	10000
S020_DAY2_MINITWICE_4518	113	Pulse	99	6537273	3021	NA
S020_DAY2_MINITWICE_4518	113	Port Input	1	6537273	3021	NA
S020_DAY2_MINITWICE_4518	114	Picture	RW	6544552	0	2	43200	3	0	43200
S020_DAY2_MINITWICE_4518	114	Response	52	6561378	16826	1
S020_DAY2_MINITWICE_4518	114	Pulse	99	6573274	28722	NA
S020_DAY2_MINITWICE_4518	114	Port Input	1	6573274	28722	NA
S020_DAY2_MINITWICE_4518	114	Picture	113_T_RWTRIAD_RW_lenador_red.png	6587752	43200	1	1900	2	43200	1800
S020_DAY2_MINITWICE_4518	115	Picture	RW	6589852	0	1	43200	2	0	43200
S020_DAY2_MINITWICE_4518	115	Response	51	6607163	17311	2
S020_DAY2_MINITWICE_4518	115	Pulse	99	6609275	19423	NA
S020_DAY2_MINITWICE_4518	115	Port Input	1	6609275	19423	NA
S020_DAY2_MINITWICE_4518	115	Picture	114_T_RWTRIAD_RW_almohada_red.png	6633052	43200	1	1900	2	43200	1800
S020_DAY2_MINITWICE_4518	116	Picture	RW	6635152	0	1	43199	3	0	43200
S020_DAY2_MINITWICE_4518	116	Pulse	99	6645276	10124	NA
S020_DAY2_MINITWICE_4518	116	Port Input	1	6645276	10124	NA
S020_DAY2_MINITWICE_4518	116	Response	52	6647511	12359	1
S020_DAY2_MINITWICE_4518	116	Picture	115_T_RWTRIAD_RW_paraguas_red.png	6678351	43199	2	1900	4	43200	1800
S020_DAY2_MINITWICE_4518	117	Picture	RW	6680451	0	2	43200	3	0	43200
S020_DAY2_MINITWICE_4518	117	Pulse	99	6681277	826	NA
S020_DAY2_MINITWICE_4518	117	Port Input	1	6681277	826	NA
S020_DAY2_MINITWICE_4518	117	Response	51	6692476	12025	1
S020_DAY2_MINITWICE_4518	117	Pulse	99	6717278	36827	NA
S020_DAY2_MINITWICE_4518	117	Port Input	1	6717278	36827	NA
S020_DAY2_MINITWICE_4518	117	Picture	116_T_RWTRIAD_RW_teclado_red.png	6723651	43200	1	1900	2	43200	1800
S020_DAY2_MINITWICE_4518	118	Picture	RW	6725751	0	1	43200	2	0	43200
S020_DAY2_MINITWICE_4518	118	Response	52	6735848	10097	6
S020_DAY2_MINITWICE_4518	118	Pulse	99	6753279	27528	NA
S020_DAY2_MINITWICE_4518	118	Port Input	1	6753279	27528	NA
S020_DAY2_MINITWICE_4518	118	Picture	117_T_RWTRIAD_RW_cinturon_red.png	6768951	43200	1	1900	2	43200	1800
S020_DAY2_MINITWICE_4518	119	Picture	RW	6771051	0	1	43199	3	0	43200
S020_DAY2_MINITWICE_4518	119	Response	51	6789077	18026	1
S020_DAY2_MINITWICE_4518	119	Pulse	99	6789280	18229	NA
S020_DAY2_MINITWICE_4518	119	Port Input	1	6789280	18229	NA
S020_DAY2_MINITWICE_4518	119	Picture	118_T_RWTRIAD_RW_murcielago_red.png	6814250	43199	2	1900	4	43200	1800
S020_DAY2_MINITWICE_4518	119	Response	52	6814488	43437	1
S020_DAY2_MINITWICE_4518	120	Picture	RW	6816350	0	2	43200	3	0	43200
S020_DAY2_MINITWICE_4518	120	Pulse	99	6825281	8931	NA
S020_DAY2_MINITWICE_4518	120	Port Input	1	6825281	8931	NA
S020_DAY2_MINITWICE_4518	120	Response	52	6827721	11371	1
S020_DAY2_MINITWICE_4518	120	Picture	119_T_RWTRIAD_RW_anillo_red.png	6859550	43200	1	1900	2	43200	1800
S020_DAY2_MINITWICE_4518	120	Pulse	99	6861282	44932	NA
S020_DAY2_MINITWICE_4518	120	Port Input	1	6861282	44932	NA
S020_DAY2_MINITWICE_4518	121	Picture	RW	6861650	0	1	43200	2	0	43200
S020_DAY2_MINITWICE_4518	121	Response	51	6878262	16612	1
S020_DAY2_MINITWICE_4518	121	Pulse	99	6897283	35633	NA
S020_DAY2_MINITWICE_4518	121	Port Input	1	6897283	35633	NA
S020_DAY2_MINITWICE_4518	121	Picture	120_T_RWTRIAD_RW_portatil_red.png	6904850	43200	1	1900	2	43200	1800
S020_DAY2_MINITWICE_4518	122	Picture	rest	6906850	0	1	144099	2	0	144000
S020_DAY2_MINITWICE_4518	122	Pulse	99	6933283	26433	NA
S020_DAY2_MINITWICE_4518	122	Port Input	1	6933283	26433	NA
S020_DAY2_MINITWICE_4518	122	Pulse	99	6969284	62434	NA
S020_DAY2_MINITWICE_4518	122	Port Input	1	6969284	62434	NA
S020_DAY2_MINITWICE_4518	122	Pulse	99	7005285	98435	NA
S020_DAY2_MINITWICE_4518	122	Port Input	1	7005285	98435	NA
S020_DAY2_MINITWICE_4518	122	Pulse	99	7041286	134436	NA
S020_DAY2_MINITWICE_4518	122	Port Input	1	7041286	134436	NA
S020_DAY2_MINITWICE_4518	123	Picture	endrest	7051049	0	1	10100	2	0	10000
S020_DAY2_MINITWICE_4518	124	Picture	RW	7061349	0	1	43199	2	0	43200
S020_DAY2_MINITWICE_4518	124	Response	51	7075942	14593	1
S020_DAY2_MINITWICE_4518	124	Pulse	99	7077287	15938	NA
S020_DAY2_MINITWICE_4518	124	Port Input	1	7077287	15938	NA
S020_DAY2_MINITWICE_4518	124	Picture	123_T_RWTRIAD_RW_piramide_red.png	7104548	43199	1	1900	2	43200	1800
S020_DAY2_MINITWICE_4518	125	Picture	RW	7106648	0	1	43200	2	0	43200
S020_DAY2_MINITWICE_4518	125	Pulse	99	7113288	6640	NA
S020_DAY2_MINITWICE_4518	125	Port Input	1	7113288	6640	NA
S020_DAY2_MINITWICE_4518	125	Response	51	7125481	18833	1
S020_DAY2_MINITWICE_4518	125	Pulse	99	7149289	42641	NA
S020_DAY2_MINITWICE_4518	125	Port Input	1	7149289	42641	NA
S020_DAY2_MINITWICE_4518	125	Picture	124_T_RWTRIAD_RW_ancla_red.png	7149848	43200	1	1900	2	43200	1800
S020_DAY2_MINITWICE_4518	126	Picture	RW	7151948	0	1	43200	2	0	43200
S020_DAY2_MINITWICE_4518	126	Response	51	7163514	11566	2
S020_DAY2_MINITWICE_4518	126	Pulse	99	7185290	33342	NA
S020_DAY2_MINITWICE_4518	126	Port Input	1	7185290	33342	NA
S020_DAY2_MINITWICE_4518	126	Picture	125_T_RWTRIAD_RW_candado_red.png	7195148	43200	1	1900	2	43200	1800
S020_DAY2_MINITWICE_4518	127	Picture	RW	7197248	0	1	43199	3	0	43200
S020_DAY2_MINITWICE_4518	127	Response	51	7213407	16159	1
S020_DAY2_MINITWICE_4518	127	Pulse	99	7221291	24043	NA
S020_DAY2_MINITWICE_4518	127	Port Input	1	7221291	24043	NA
S020_DAY2_MINITWICE_4518	127	Picture	126_T_RWTRIAD_RW_telefono_red.png	7240447	43199	2	1900	3	43200	1800
S020_DAY2_MINITWICE_4518	128	Picture	FF	7242547	0	1	43200	2	0	43200
S020_DAY2_MINITWICE_4518	128	Response	51	7255615	13068	1
S020_DAY2_MINITWICE_4518	128	Pulse	99	7257292	14745	NA
S020_DAY2_MINITWICE_4518	128	Port Input	1	7257292	14745	NA
S020_DAY2_MINITWICE_4518	128	Picture	127_T_FFTRIAD_FF_futbol_red.png	7285747	43200	1	1900	2	43200	1800
S020_DAY2_MINITWICE_4518	129	Picture	FF	7287847	0	1	43200	2	0	43200
S020_DAY2_MINITWICE_4518	129	Pulse	99	7293293	5446	NA
S020_DAY2_MINITWICE_4518	129	Port Input	1	7293293	5446	NA
S020_DAY2_MINITWICE_4518	129	Response	51	7300035	12188	1
S020_DAY2_MINITWICE_4518	129	Pulse	99	7329294	41447	NA
S020_DAY2_MINITWICE_4518	129	Port Input	1	7329294	41447	NA
S020_DAY2_MINITWICE_4518	129	Picture	128_T_FFTRIAD_FF_huevos_red.png	7331047	43200	1	1900	2	43200	1800
S020_DAY2_MINITWICE_4518	130	Picture	FF	7333147	0	1	43199	3	0	43200
S020_DAY2_MINITWICE_4518	130	Response	52	7344845	11698	1
S020_DAY2_MINITWICE_4518	130	Pulse	99	7365295	32148	NA
S020_DAY2_MINITWICE_4518	130	Port Input	1	7365295	32148	NA
S020_DAY2_MINITWICE_4518	130	Picture	129_T_FFTRIAD_FF_gafas_red.png	7376346	43199	2	1900	3	43200	1800
S020_DAY2_MINITWICE_4518	131	Picture	FF	7378446	0	2	43200	3	0	43200
S020_DAY2_MINITWICE_4518	131	Response	51	7388411	9965	1
S020_DAY2_MINITWICE_4518	131	Pulse	99	7401296	22850	NA
S020_DAY2_MINITWICE_4518	131	Port Input	1	7401296	22850	NA
S020_DAY2_MINITWICE_4518	131	Response	52	7421103	42657	1
S020_DAY2_MINITWICE_4518	131	Picture	130_T_FFTRIAD_FF_botella_red.png	7421646	43200	1	1900	2	43200	1800
S020_DAY2_MINITWICE_4518	132	Picture	rest	7423646	0	1	144075	42	0	144000
S020_DAY2_MINITWICE_4518	132	Pulse	99	7437297	13651	NA
S020_DAY2_MINITWICE_4518	132	Port Input	1	7437297	13651	NA
S020_DAY2_MINITWICE_4518	132	Pulse	99	7473298	49652	NA
S020_DAY2_MINITWICE_4518	132	Port Input	1	7473298	49652	NA
S020_DAY2_MINITWICE_4518	132	Pulse	99	7509299	85653	NA
S020_DAY2_MINITWICE_4518	132	Port Input	1	7509299	85653	NA
S020_DAY2_MINITWICE_4518	132	Pulse	99	7545299	121653	NA
S020_DAY2_MINITWICE_4518	132	Port Input	1	7545299	121653	NA
S020_DAY2_MINITWICE_4518	133	Picture	endrest	7567845	0	1	10100	2	0	10000
S020_DAY2_MINITWICE_4518	134	Picture	PW	7578145	0	1	43200	2	0	43200
S020_DAY2_MINITWICE_4518	134	Pulse	99	7581300	3155	NA
S020_DAY2_MINITWICE_4518	134	Port Input	1	7581300	3155	NA
S020_DAY2_MINITWICE_4518	134	Response	52	7608361	30216	1
S020_DAY2_MINITWICE_4518	134	Pulse	99	7617301	39156	NA
S020_DAY2_MINITWICE_4518	134	Port Input	1	7617301	39156	NA
S020_DAY2_MINITWICE_4518	134	Picture	133_T_PWTRIAD_PW_dado_red.png	7621345	43200	1	1900	2	43200	1800
S020_DAY2_MINITWICE_4518	135	Picture	PW	7623445	0	1	43199	2	0	43200
S020_DAY2_MINITWICE_4518	135	Response	52	7652378	28933	1
S020_DAY2_MINITWICE_4518	135	Pulse	99	7653302	29857	NA
S020_DAY2_MINITWICE_4518	135	Port Input	1	7653302	29857	NA
S020_DAY2_MINITWICE_4518	135	Picture	134_T_PWTRIAD_PW_pluma_red.png	7666644	43199	1	1900	2	43200	1800
S020_DAY2_MINITWICE_4518	136	Picture	PW	7668744	0	1	43200	2	0	43200
S020_DAY2_MINITWICE_4518	136	Pulse	99	7689303	20559	NA
S020_DAY2_MINITWICE_4518	136	Port Input	1	7689303	20559	NA
S020_DAY2_MINITWICE_4518	136	Response	51	7693020	24276	2
S020_DAY2_MINITWICE_4518	136	Picture	135_T_PWTRIAD_PW_iglu_red.png	7711944	43200	1	1900	2	43200	1800
S020_DAY2_MINITWICE_4518	137	Picture	PW	7714044	0	1	43200	2	0	43200
S020_DAY2_MINITWICE_4518	137	Pulse	99	7725304	11260	NA
S020_DAY2_MINITWICE_4518	137	Port Input	1	7725304	11260	NA
S020_DAY2_MINITWICE_4518	137	Response	52	7733309	19265	1
S020_DAY2_MINITWICE_4518	137	Picture	136_T_PWTRIAD_PW_ascensor_red.png	7757244	43200	1	1900	2	43200	1800
S020_DAY2_MINITWICE_4518	138	Picture	rest	7759244	0	1	144099	2	0	144000
S020_DAY2_MINITWICE_4518	138	Pulse	99	7761305	2061	NA
S020_DAY2_MINITWICE_4518	138	Port Input	1	7761305	2061	NA
S020_DAY2_MINITWICE_4518	138	Pulse	99	7797306	38062	NA
S020_DAY2_MINITWICE_4518	138	Port Input	1	7797306	38062	NA
S020_DAY2_MINITWICE_4518	139	Picture	endrest	7903443	0	1	10100	2	0	10000
S020_DAY2_MINITWICE_4518	140	Picture	endrest	7913643	0	1	10100	2	0	10000
S020_DAY2_MINITWICE_4518	141	Picture	endrest	7923842	0	2	10100	4	0	10000
S020_DAY2_MINITWICE_4518	142	Picture	endrest	7934042	0	1	10100	2	0	10000
