Scenario - vOT_Triads_fMRI_I
Logfile written - 10/22/2015 14:48:32

Subject	Trial	Event Type	Code	Time	TTime	Uncertainty	Duration	Uncertainty	ReqTime	ReqDur

S020_DAY2_MINITWICE_4518	1	Response	98	318530	328430	2
S020_DAY2_MINITWICE_4518	2	Response	52	336209	17612	1
S020_DAY2_MINITWICE_4518	2	Response	98	343726	25129	1
S020_DAY2_MINITWICE_4518	3	Response	52	363467	19670	1
S020_DAY2_MINITWICE_4518	3	Response	98	369079	25282	1
S020_DAY2_MINITWICE_4518	4	Response	52	387294	18197	1
S020_DAY2_MINITWICE_4518	4	Response	98	389352	20255	1
S020_DAY2_MINITWICE_4518	6	Pulse	99	604786	215289	NA
S020_DAY2_MINITWICE_4518	6	Port Input	1	604786	215289	NA
S020_DAY2_MINITWICE_4518	6	Pulse	99	640787	251290	NA
S020_DAY2_MINITWICE_4518	6	Port Input	1	640787	251290	NA
S020_DAY2_MINITWICE_4518	6	Pulse	99	676788	287291	NA
S020_DAY2_MINITWICE_4518	6	Port Input	1	676788	287291	NA
S020_DAY2_MINITWICE_4518	6	Pulse	99	712789	323292	NA
S020_DAY2_MINITWICE_4518	6	Port Input	1	712789	323292	NA
S020_DAY2_MINITWICE_4518	6	Pulse	99	748790	359293	NA
S020_DAY2_MINITWICE_4518	6	Port Input	1	748790	359293	NA
S020_DAY2_MINITWICE_4518	7	Picture	rest	748994	0	1	144099	2	0	144000
S020_DAY2_MINITWICE_4518	7	Pulse	99	784791	35797	NA
S020_DAY2_MINITWICE_4518	7	Port Input	1	784791	35797	NA
S020_DAY2_MINITWICE_4518	7	Pulse	99	820791	71797	NA
S020_DAY2_MINITWICE_4518	7	Port Input	1	820791	71797	NA
S020_DAY2_MINITWICE_4518	7	Pulse	99	856792	107798	NA
S020_DAY2_MINITWICE_4518	7	Port Input	1	856792	107798	NA
S020_DAY2_MINITWICE_4518	7	Pulse	99	892793	143799	NA
S020_DAY2_MINITWICE_4518	7	Port Input	1	892793	143799	NA
S020_DAY2_MINITWICE_4518	8	Picture	endrest	893193	0	1	10100	2	0	10000
S020_DAY2_MINITWICE_4518	9	Picture	FF	903493	0	1	43199	3	0	43200
S020_DAY2_MINITWICE_4518	9	Response	52	922834	19341	2
S020_DAY2_MINITWICE_4518	9	Pulse	99	928794	25301	NA
S020_DAY2_MINITWICE_4518	9	Port Input	1	928794	25301	NA
S020_DAY2_MINITWICE_4518	9	Response	52	938959	35466	1
S020_DAY2_MINITWICE_4518	9	Picture	3_T_FFTRIAD_FF_mono_red.png	946692	43199	2	1900	4	43200	1800
S020_DAY2_MINITWICE_4518	10	Picture	FF	948792	0	2	43200	3	0	43200
S020_DAY2_MINITWICE_4518	10	Pulse	99	964795	16003	NA
S020_DAY2_MINITWICE_4518	10	Port Input	1	964795	16003	NA
S020_DAY2_MINITWICE_4518	10	Response	51	966747	17955	1
S020_DAY2_MINITWICE_4518	10	Picture	4_T_FFTRIAD_FF_oruga_red.png	991992	43200	1	1900	2	43200	1800
S020_DAY2_MINITWICE_4518	11	Picture	FF	994092	0	1	43200	2	0	43200
S020_DAY2_MINITWICE_4518	11	Pulse	99	1000796	6704	NA
S020_DAY2_MINITWICE_4518	11	Port Input	1	1000796	6704	NA
S020_DAY2_MINITWICE_4518	11	Response	52	1008657	14565	40
S020_DAY2_MINITWICE_4518	11	Pulse	99	1036797	42705	NA
S020_DAY2_MINITWICE_4518	11	Port Input	1	1036797	42705	NA
S020_DAY2_MINITWICE_4518	11	Picture	5_T_FFTRIAD_FF_manos_red.png	1037292	43200	1	1900	2	43200	1800
S020_DAY2_MINITWICE_4518	12	Picture	FF	1039392	0	1	43199	3	0	43200
S020_DAY2_MINITWICE_4518	12	Response	51	1051716	12324	1
S020_DAY2_MINITWICE_4518	12	Pulse	99	1072798	33406	NA
S020_DAY2_MINITWICE_4518	12	Port Input	1	1072798	33406	NA
S020_DAY2_MINITWICE_4518	12	Picture	6_T_FFTRIAD_FF_grifo_red.png	1082591	43199	2	1900	4	43200	1800
S020_DAY2_MINITWICE_4518	13	Picture	RW	1084691	0	2	43200	3	0	43200
S020_DAY2_MINITWICE_4518	13	Response	52	1098847	14156	1
S020_DAY2_MINITWICE_4518	13	Pulse	99	1108799	24108	NA
S020_DAY2_MINITWICE_4518	13	Port Input	1	1108799	24108	NA
S020_DAY2_MINITWICE_4518	13	Picture	7_T_RWTRIAD_RW_arco_red.png	1127891	43200	1	1900	2	43200	1800
S020_DAY2_MINITWICE_4518	14	Picture	RW	1129991	0	1	43200	2	0	43200
S020_DAY2_MINITWICE_4518	14	Pulse	99	1144800	14809	NA
S020_DAY2_MINITWICE_4518	14	Port Input	1	1144800	14809	NA
S020_DAY2_MINITWICE_4518	14	Response	51	1149832	19841	1
S020_DAY2_MINITWICE_4518	14	Picture	8_T_RWTRIAD_RW_pizarra_red.png	1173191	43200	1	1900	2	43200	1800
S020_DAY2_MINITWICE_4518	15	Picture	RW	1175291	0	1	43200	2	0	43200
S020_DAY2_MINITWICE_4518	15	Pulse	99	1180801	5510	NA
S020_DAY2_MINITWICE_4518	15	Port Input	1	1180801	5510	NA
S020_DAY2_MINITWICE_4518	15	Response	51	1191452	16161	1
S020_DAY2_MINITWICE_4518	15	Pulse	99	1216802	41511	NA
S020_DAY2_MINITWICE_4518	15	Port Input	1	1216802	41511	NA
S020_DAY2_MINITWICE_4518	15	Picture	9_T_RWTRIAD_RW_botella_red.png	1218491	43200	1	1899	3	43200	1800
S020_DAY2_MINITWICE_4518	16	Picture	RW	1220590	0	2	43200	3	0	43200
S020_DAY2_MINITWICE_4518	16	Response	51	1235285	14695	1
S020_DAY2_MINITWICE_4518	16	Pulse	99	1252803	32213	NA
S020_DAY2_MINITWICE_4518	16	Port Input	1	1252803	32213	NA
S020_DAY2_MINITWICE_4518	16	Picture	10_T_RWTRIAD_RW_dedal_red.png	1263790	43200	1	1900	2	43200	1800
S020_DAY2_MINITWICE_4518	17	Picture	rest	1265790	0	1	144099	2	0	144000
S020_DAY2_MINITWICE_4518	17	Pulse	99	1288804	23014	NA
S020_DAY2_MINITWICE_4518	17	Port Input	1	1288804	23014	NA
S020_DAY2_MINITWICE_4518	17	Pulse	99	1324805	59015	NA
S020_DAY2_MINITWICE_4518	17	Port Input	1	1324805	59015	NA
S020_DAY2_MINITWICE_4518	17	Pulse	99	1360806	95016	NA
S020_DAY2_MINITWICE_4518	17	Port Input	1	1360806	95016	NA
S020_DAY2_MINITWICE_4518	17	Pulse	99	1396807	131017	NA
S020_DAY2_MINITWICE_4518	17	Port Input	1	1396807	131017	NA
S020_DAY2_MINITWICE_4518	18	Picture	endrest	1409989	0	1	10100	2	0	10000
S020_DAY2_MINITWICE_4518	19	Picture	PW	1420289	0	1	43200	2	0	43200
S020_DAY2_MINITWICE_4518	19	Pulse	99	1432808	12519	NA
S020_DAY2_MINITWICE_4518	19	Port Input	1	1432808	12519	NA
S020_DAY2_MINITWICE_4518	19	Response	51	1439798	19509	1
S020_DAY2_MINITWICE_4518	19	Picture	13_T_PWTRIAD_PW_teclado_red.png	1463489	43200	1	1900	2	43200	1800
S020_DAY2_MINITWICE_4518	20	Picture	PW	1465589	0	1	43199	3	0	43200
S020_DAY2_MINITWICE_4518	20	Pulse	99	1468809	3220	NA
S020_DAY2_MINITWICE_4518	20	Port Input	1	1468809	3220	NA
S020_DAY2_MINITWICE_4518	20	Response	51	1489371	23782	1
S020_DAY2_MINITWICE_4518	20	Pulse	99	1504809	39220	NA
S020_DAY2_MINITWICE_4518	20	Port Input	1	1504809	39220	NA
S020_DAY2_MINITWICE_4518	20	Picture	14_T_PWTRIAD_PW_sombrilla_red.png	1508788	43199	2	1900	4	43200	1800
S020_DAY2_MINITWICE_4518	21	Picture	PW	1510888	0	2	43200	3	0	43200
S020_DAY2_MINITWICE_4518	21	Pulse	99	1540810	29922	NA
S020_DAY2_MINITWICE_4518	21	Port Input	1	1540810	29922	NA
S020_DAY2_MINITWICE_4518	21	Response	52	1541601	30713	1
S020_DAY2_MINITWICE_4518	21	Picture	15_T_PWTRIAD_PW_murcielago_red.png	1554088	43200	1	1900	2	43200	1800
S020_DAY2_MINITWICE_4518	22	Picture	PW	1556188	0	1	43200	2	0	43200
S020_DAY2_MINITWICE_4518	22	Response	52	1573668	17480	1
S020_DAY2_MINITWICE_4518	22	Pulse	99	1576811	20623	NA
S020_DAY2_MINITWICE_4518	22	Port Input	1	1576811	20623	NA
S020_DAY2_MINITWICE_4518	22	Picture	16_T_PWTRIAD_PW_arbol_red.png	1599388	43200	1	1900	2	43200	1800
S020_DAY2_MINITWICE_4518	23	Picture	FF	1601488	0	1	43199	3	0	43200
S020_DAY2_MINITWICE_4518	23	Pulse	99	1612812	11324	NA
S020_DAY2_MINITWICE_4518	23	Port Input	1	1612812	11324	NA
S020_DAY2_MINITWICE_4518	23	Response	52	1616684	15196	1
S020_DAY2_MINITWICE_4518	23	Picture	17_T_FFTRIAD_FF_paracaidas_red.png	1644687	43199	2	1900	4	43200	1800
S020_DAY2_MINITWICE_4518	24	Picture	FF	1646787	0	2	43200	3	0	43200
S020_DAY2_MINITWICE_4518	24	Pulse	99	1648813	2026	NA
S020_DAY2_MINITWICE_4518	24	Port Input	1	1648813	2026	NA
S020_DAY2_MINITWICE_4518	24	Response	52	1661703	14916	1
S020_DAY2_MINITWICE_4518	24	Pulse	99	1684814	38027	NA
S020_DAY2_MINITWICE_4518	24	Port Input	1	1684814	38027	NA
S020_DAY2_MINITWICE_4518	24	Picture	18_T_FFTRIAD_FF_destornillador_red.png	1689987	43200	1	1900	2	43200	1800
S020_DAY2_MINITWICE_4518	25	Picture	FF	1692087	0	1	43200	2	0	43200
S020_DAY2_MINITWICE_4518	25	Response	52	1709537	17450	1
S020_DAY2_MINITWICE_4518	25	Pulse	99	1720815	28728	NA
S020_DAY2_MINITWICE_4518	25	Port Input	1	1720815	28728	NA
S020_DAY2_MINITWICE_4518	25	Picture	19_T_FFTRIAD_FF_paraguas_red.png	1735287	43200	1	1900	2	43200	1800
S020_DAY2_MINITWICE_4518	26	Picture	FF	1737387	0	1	43200	2	0	43200
S020_DAY2_MINITWICE_4518	26	Response	52	1751707	14320	1
S020_DAY2_MINITWICE_4518	26	Pulse	99	1756816	19429	NA
S020_DAY2_MINITWICE_4518	26	Port Input	1	1756816	19429	NA
S020_DAY2_MINITWICE_4518	26	Picture	20_T_FFTRIAD_FF_pilas_red.png	1780587	43200	1	1900	2	43200	1800
S020_DAY2_MINITWICE_4518	27	Picture	rest	1782586	0	2	144099	4	0	144000
S020_DAY2_MINITWICE_4518	27	Pulse	99	1792817	10231	NA
S020_DAY2_MINITWICE_4518	27	Port Input	1	1792817	10231	NA
S020_DAY2_MINITWICE_4518	27	Pulse	99	1828818	46232	NA
S020_DAY2_MINITWICE_4518	27	Port Input	1	1828818	46232	NA
S020_DAY2_MINITWICE_4518	27	Pulse	99	1864819	82233	NA
S020_DAY2_MINITWICE_4518	27	Port Input	1	1864819	82233	NA
S020_DAY2_MINITWICE_4518	27	Pulse	99	1900820	118234	NA
S020_DAY2_MINITWICE_4518	27	Port Input	1	1900820	118234	NA
S020_DAY2_MINITWICE_4518	28	Picture	endrest	1926785	0	2	10100	3	0	10000
S020_DAY2_MINITWICE_4518	28	Pulse	99	1936821	10036	NA
S020_DAY2_MINITWICE_4518	28	Port Input	1	1936821	10036	NA
S020_DAY2_MINITWICE_4518	29	Picture	FF	1937085	0	2	43200	3	0	43200
S020_DAY2_MINITWICE_4518	29	Response	51	1947909	10824	1
S020_DAY2_MINITWICE_4518	29	Pulse	99	1972822	35737	NA
S020_DAY2_MINITWICE_4518	29	Port Input	1	1972822	35737	NA
S020_DAY2_MINITWICE_4518	29	Picture	23_T_FFTRIAD_FF_dedal_red.png	1980285	43200	1	1900	2	43200	1800
S020_DAY2_MINITWICE_4518	30	Picture	FF	1982385	0	1	43200	2	0	43200
S020_DAY2_MINITWICE_4518	30	Pulse	99	2008823	26438	NA
S020_DAY2_MINITWICE_4518	30	Port Input	1	2008823	26438	NA
S020_DAY2_MINITWICE_4518	30	Response	52	2010964	28579	1
S020_DAY2_MINITWICE_4518	30	Picture	24_T_FFTRIAD_FF_television_red.png	2025585	43200	1	1900	2	43200	1800
S020_DAY2_MINITWICE_4518	31	Picture	FF	2027685	0	1	43199	3	0	43200
S020_DAY2_MINITWICE_4518	31	Response	52	2044597	16912	1
S020_DAY2_MINITWICE_4518	31	Pulse	99	2044824	17139	NA
S020_DAY2_MINITWICE_4518	31	Port Input	1	2044824	17139	NA
S020_DAY2_MINITWICE_4518	31	Picture	25_T_FFTRIAD_FF_portatil_red.png	2070884	43199	2	1900	4	43200	1800
S020_DAY2_MINITWICE_4518	32	Picture	FF	2072984	0	2	43200	3	0	43200
S020_DAY2_MINITWICE_4518	32	Pulse	99	2080825	7841	NA
S020_DAY2_MINITWICE_4518	32	Port Input	1	2080825	7841	NA
S020_DAY2_MINITWICE_4518	32	Response	51	2083110	10126	1
S020_DAY2_MINITWICE_4518	32	Picture	26_T_FFTRIAD_FF_charco_red.png	2116184	43200	1	1900	2	43200	1800
S020_DAY2_MINITWICE_4518	32	Pulse	99	2116826	43842	NA
S020_DAY2_MINITWICE_4518	32	Port Input	1	2116826	43842	NA
S020_DAY2_MINITWICE_4518	33	Picture	PW	2118284	0	1	43200	2	0	43200
S020_DAY2_MINITWICE_4518	33	Response	52	2141473	23189	1
S020_DAY2_MINITWICE_4518	33	Pulse	99	2152827	34543	NA
S020_DAY2_MINITWICE_4518	33	Port Input	1	2152827	34543	NA
S020_DAY2_MINITWICE_4518	33	Picture	27_T_PWTRIAD_PW_silla_red.png	2161484	43200	1	1900	2	43200	1800
S020_DAY2_MINITWICE_4518	34	Picture	PW	2163584	0	1	43199	3	0	43200
S020_DAY2_MINITWICE_4518	34	Pulse	99	2188828	25244	NA
S020_DAY2_MINITWICE_4518	34	Port Input	1	2188828	25244	NA
S020_DAY2_MINITWICE_4518	34	Response	51	2192703	29119	4
S020_DAY2_MINITWICE_4518	34	Picture	28_T_PWTRIAD_PW_carruaje_red.png	2206783	43199	2	1900	4	43200	1800
S020_DAY2_MINITWICE_4518	35	Picture	PW	2208883	0	2	43200	3	0	43200
S020_DAY2_MINITWICE_4518	35	Pulse	99	2224828	15945	NA
S020_DAY2_MINITWICE_4518	35	Port Input	1	2224828	15945	NA
S020_DAY2_MINITWICE_4518	35	Response	52	2228550	19667	1
S020_DAY2_MINITWICE_4518	35	Picture	29_T_PWTRIAD_PW_dedal_red.png	2252083	43200	1	1900	2	43200	1800
S020_DAY2_MINITWICE_4518	36	Picture	PW	2254183	0	1	43200	2	0	43200
S020_DAY2_MINITWICE_4518	36	Pulse	99	2260829	6646	NA
S020_DAY2_MINITWICE_4518	36	Port Input	1	2260829	6646	NA
S020_DAY2_MINITWICE_4518	36	Response	51	2272036	17853	2
S020_DAY2_MINITWICE_4518	36	Pulse	99	2296830	42647	NA
S020_DAY2_MINITWICE_4518	36	Port Input	1	2296830	42647	NA
S020_DAY2_MINITWICE_4518	36	Picture	30_T_PWTRIAD_PW_queso_red.png	2297383	43200	1	1900	2	43200	1800
S020_DAY2_MINITWICE_4518	37	Picture	rest	2299383	0	1	144099	2	0	144000
S020_DAY2_MINITWICE_4518	37	Pulse	99	2332831	33448	NA
S020_DAY2_MINITWICE_4518	37	Port Input	1	2332831	33448	NA
S020_DAY2_MINITWICE_4518	37	Pulse	99	2368832	69449	NA
S020_DAY2_MINITWICE_4518	37	Port Input	1	2368832	69449	NA
S020_DAY2_MINITWICE_4518	37	Pulse	99	2404833	105450	NA
S020_DAY2_MINITWICE_4518	37	Port Input	1	2404833	105450	NA
S020_DAY2_MINITWICE_4518	37	Pulse	99	2440834	141451	NA
S020_DAY2_MINITWICE_4518	37	Port Input	1	2440834	141451	NA
S020_DAY2_MINITWICE_4518	38	Picture	endrest	2443582	0	1	10100	2	0	10000
S020_DAY2_MINITWICE_4518	39	Picture	RW	2453882	0	1	43199	2	0	43200
S020_DAY2_MINITWICE_4518	39	Pulse	99	2476835	22953	NA
S020_DAY2_MINITWICE_4518	39	Port Input	1	2476835	22953	NA
S020_DAY2_MINITWICE_4518	39	Response	52	2487101	33219	1
S020_DAY2_MINITWICE_4518	39	Picture	33_T_RWTRIAD_RW_llave_red.png	2497081	43199	1	1900	2	43200	1800
S020_DAY2_MINITWICE_4518	40	Picture	RW	2499181	0	1	43200	2	0	43200
S020_DAY2_MINITWICE_4518	40	Pulse	99	2512836	13655	NA
S020_DAY2_MINITWICE_4518	40	Port Input	1	2512836	13655	NA
S020_DAY2_MINITWICE_4518	40	Response	52	2520524	21343	1
S020_DAY2_MINITWICE_4518	40	Picture	34_T_RWTRIAD_RW_monja_red.png	2542381	43200	1	1900	2	43200	1800
S020_DAY2_MINITWICE_4518	41	Picture	RW	2544481	0	1	43200	2	0	43200
S020_DAY2_MINITWICE_4518	41	Pulse	99	2548837	4356	NA
S020_DAY2_MINITWICE_4518	41	Port Input	1	2548837	4356	NA
S020_DAY2_MINITWICE_4518	41	Response	52	2562261	17780	2
S020_DAY2_MINITWICE_4518	41	Pulse	99	2584838	40357	NA
S020_DAY2_MINITWICE_4518	41	Port Input	1	2584838	40357	NA
S020_DAY2_MINITWICE_4518	41	Picture	35_T_RWTRIAD_RW_grapadora_red.png	2587681	43200	1	1900	2	43200	1800
S020_DAY2_MINITWICE_4518	42	Picture	RW	2589781	0	1	43199	2	0	43200
S020_DAY2_MINITWICE_4518	42	Response	52	2601224	11443	1
S020_DAY2_MINITWICE_4518	42	Pulse	99	2620839	31058	NA
S020_DAY2_MINITWICE_4518	42	Port Input	1	2620839	31058	NA
S020_DAY2_MINITWICE_4518	42	Picture	36_T_RWTRIAD_RW_queso_red.png	2632980	43199	1	1900	2	43200	1800
S020_DAY2_MINITWICE_4518	43	Picture	PW	2635080	0	1	43200	2	0	43200
S020_DAY2_MINITWICE_4518	43	Pulse	99	2656840	21760	NA
S020_DAY2_MINITWICE_4518	43	Port Input	1	2656840	21760	NA
S020_DAY2_MINITWICE_4518	43	Response	51	2661368	26288	1
S020_DAY2_MINITWICE_4518	43	Picture	37_T_PWTRIAD_PW_zanahoria_red.png	2678280	43200	1	1900	2	43200	1800
S020_DAY2_MINITWICE_4518	44	Picture	PW	2680380	0	1	43200	2	0	43200
S020_DAY2_MINITWICE_4518	44	Pulse	99	2692841	12461	NA
S020_DAY2_MINITWICE_4518	44	Port Input	1	2692841	12461	NA
S020_DAY2_MINITWICE_4518	44	Response	52	2703572	23192	2
S020_DAY2_MINITWICE_4518	44	Picture	38_T_PWTRIAD_PW_lenador_red.png	2723580	43200	1	1900	2	43200	1800
S020_DAY2_MINITWICE_4518	45	Picture	PW	2725680	0	1	43199	3	0	43200
S020_DAY2_MINITWICE_4518	45	Pulse	99	2728842	3162	NA
S020_DAY2_MINITWICE_4518	45	Port Input	1	2728842	3162	NA
S020_DAY2_MINITWICE_4518	45	Response	52	2759080	33400	1
S020_DAY2_MINITWICE_4518	45	Pulse	99	2764843	39163	NA
S020_DAY2_MINITWICE_4518	45	Port Input	1	2764843	39163	NA
S020_DAY2_MINITWICE_4518	45	Picture	39_T_PWTRIAD_PW_mono_red.png	2768879	43199	2	1900	4	43200	1800
S020_DAY2_MINITWICE_4518	46	Picture	PW	2770979	0	2	43200	3	0	43200
S020_DAY2_MINITWICE_4518	46	Response	52	2795474	24495	1
S020_DAY2_MINITWICE_4518	46	Pulse	99	2800844	29865	NA
S020_DAY2_MINITWICE_4518	46	Port Input	1	2800844	29865	NA
S020_DAY2_MINITWICE_4518	46	Picture	40_T_PWTRIAD_PW_plato_red.png	2814179	43200	1	1900	2	43200	1800
S020_DAY2_MINITWICE_4518	47	Picture	rest	2816179	0	1	144099	2	0	144000
S020_DAY2_MINITWICE_4518	47	Pulse	99	2836845	20666	NA
S020_DAY2_MINITWICE_4518	47	Port Input	1	2836845	20666	NA
S020_DAY2_MINITWICE_4518	47	Pulse	99	2872846	56667	NA
S020_DAY2_MINITWICE_4518	47	Port Input	1	2872846	56667	NA
S020_DAY2_MINITWICE_4518	47	Pulse	99	2908846	92667	NA
S020_DAY2_MINITWICE_4518	47	Port Input	1	2908846	92667	NA
S020_DAY2_MINITWICE_4518	47	Pulse	99	2944847	128668	NA
S020_DAY2_MINITWICE_4518	47	Port Input	1	2944847	128668	NA
S020_DAY2_MINITWICE_4518	48	Picture	endrest	2960378	0	1	10100	2	0	10000
S020_DAY2_MINITWICE_4518	49	Picture	FF	2970678	0	1	43200	2	0	43200
S020_DAY2_MINITWICE_4518	49	Pulse	99	2980848	10170	NA
S020_DAY2_MINITWICE_4518	49	Port Input	1	2980848	10170	NA
S020_DAY2_MINITWICE_4518	49	Response	52	2984893	14215	1
S020_DAY2_MINITWICE_4518	49	Picture	43_T_FFTRIAD_FF_cinturon_red.png	3013878	43200	1	1900	2	43200	1800
S020_DAY2_MINITWICE_4518	50	Picture	FF	3015978	0	1	43199	2	0	43200
S020_DAY2_MINITWICE_4518	50	Pulse	99	3016849	871	NA
S020_DAY2_MINITWICE_4518	50	Port Input	1	3016849	871	NA
S020_DAY2_MINITWICE_4518	50	Response	51	3029685	13707	1
S020_DAY2_MINITWICE_4518	50	Pulse	99	3052850	36872	NA
S020_DAY2_MINITWICE_4518	50	Port Input	1	3052850	36872	NA
S020_DAY2_MINITWICE_4518	50	Picture	44_T_FFTRIAD_FF_arco_red.png	3059177	43199	1	1900	2	43200	1800
S020_DAY2_MINITWICE_4518	51	Picture	FF	3061277	0	1	43200	2	0	43200
S020_DAY2_MINITWICE_4518	51	Pulse	99	3088851	27574	NA
S020_DAY2_MINITWICE_4518	51	Port Input	1	3088851	27574	NA
S020_DAY2_MINITWICE_4518	51	Picture	45_T_FFTRIAD_FF_candado_red.png	3104477	43200	1	1900	2	43200	1800
S020_DAY2_MINITWICE_4518	52	Picture	FF	3106577	0	1	43200	2	0	43200
S020_DAY2_MINITWICE_4518	52	Response	51	3123675	17098	1
S020_DAY2_MINITWICE_4518	52	Pulse	99	3124852	18275	NA
S020_DAY2_MINITWICE_4518	52	Port Input	1	3124852	18275	NA
S020_DAY2_MINITWICE_4518	52	Picture	46_T_FFTRIAD_FF_granjero_red.png	3149777	43200	1	1900	2	43200	1800
S020_DAY2_MINITWICE_4518	53	Picture	RW	3151877	0	1	43199	2	0	43200
S020_DAY2_MINITWICE_4518	53	Pulse	99	3160853	8976	NA
S020_DAY2_MINITWICE_4518	53	Port Input	1	3160853	8976	NA
S020_DAY2_MINITWICE_4518	53	Response	51	3167007	15130	1
S020_DAY2_MINITWICE_4518	53	Picture	47_T_RWTRIAD_RW_estetoscopio_red.png	3195076	43199	1	1900	2	43200	1800
S020_DAY2_MINITWICE_4518	53	Pulse	99	3196854	44977	NA
S020_DAY2_MINITWICE_4518	53	Port Input	1	3196854	44977	NA
S020_DAY2_MINITWICE_4518	54	Picture	RW	3197176	0	2	43200	3	0	43200
S020_DAY2_MINITWICE_4518	54	Response	52	3211229	14053	1
S020_DAY2_MINITWICE_4518	54	Pulse	99	3232855	35679	NA
S020_DAY2_MINITWICE_4518	54	Port Input	1	3232855	35679	NA
S020_DAY2_MINITWICE_4518	54	Picture	48_T_RWTRIAD_RW_molino_red.png	3240376	43200	1	1900	2	43200	1800
S020_DAY2_MINITWICE_4518	55	Picture	RW	3242476	0	1	43200	2	0	43200
S020_DAY2_MINITWICE_4518	55	Response	52	3254254	11778	1
S020_DAY2_MINITWICE_4518	55	Pulse	99	3268856	26380	NA
S020_DAY2_MINITWICE_4518	55	Port Input	1	3268856	26380	NA
S020_DAY2_MINITWICE_4518	55	Picture	49_T_RWTRIAD_RW_sombrilla_red.png	3285676	43200	1	1900	2	43200	1800
S020_DAY2_MINITWICE_4518	56	Picture	RW	3287776	0	1	43199	3	0	43200
S020_DAY2_MINITWICE_4518	56	Response	51	3299612	11836	1
S020_DAY2_MINITWICE_4518	56	Pulse	99	3304857	17081	NA
S020_DAY2_MINITWICE_4518	56	Port Input	1	3304857	17081	NA
S020_DAY2_MINITWICE_4518	56	Picture	50_T_RWTRIAD_RW_grifo_red.png	3330975	43199	2	1900	3	43200	1800
S020_DAY2_MINITWICE_4518	57	Picture	rest	3332975	0	1	144099	3	0	144000
S020_DAY2_MINITWICE_4518	57	Pulse	99	3340858	7883	NA
S020_DAY2_MINITWICE_4518	57	Port Input	1	3340858	7883	NA
S020_DAY2_MINITWICE_4518	57	Pulse	99	3376859	43884	NA
S020_DAY2_MINITWICE_4518	57	Port Input	1	3376859	43884	NA
S020_DAY2_MINITWICE_4518	57	Pulse	99	3412860	79885	NA
S020_DAY2_MINITWICE_4518	57	Port Input	1	3412860	79885	NA
S020_DAY2_MINITWICE_4518	57	Pulse	99	3448861	115886	NA
S020_DAY2_MINITWICE_4518	57	Port Input	1	3448861	115886	NA
S020_DAY2_MINITWICE_4518	58	Picture	endrest	3477174	0	1	10100	2	0	10000
S020_DAY2_MINITWICE_4518	58	Pulse	99	3484862	7688	NA
S020_DAY2_MINITWICE_4518	58	Port Input	1	3484862	7688	NA
S020_DAY2_MINITWICE_4518	59	Picture	FF	3487474	0	2	43200	3	0	43200
S020_DAY2_MINITWICE_4518	59	Response	52	3499334	11860	1
S020_DAY2_MINITWICE_4518	59	Pulse	99	3520863	33389	NA
S020_DAY2_MINITWICE_4518	59	Port Input	1	3520863	33389	NA
S020_DAY2_MINITWICE_4518	59	Picture	53_T_FFTRIAD_FF_raton_red.png	3530674	43200	1	1900	2	43200	1800
S020_DAY2_MINITWICE_4518	60	Picture	FF	3532774	0	1	43200	2	0	43200
S020_DAY2_MINITWICE_4518	60	Response	51	3548193	15419	5
S020_DAY2_MINITWICE_4518	60	Pulse	99	3556864	24090	NA
S020_DAY2_MINITWICE_4518	60	Port Input	1	3556864	24090	NA
S020_DAY2_MINITWICE_4518	60	Picture	54_T_FFTRIAD_FF_policia_red.png	3575974	43200	1	1900	2	43200	1800
S020_DAY2_MINITWICE_4518	61	Picture	FF	3578074	0	1	43199	2	0	43200
S020_DAY2_MINITWICE_4518	61	Response	51	3590455	12381	1
S020_DAY2_MINITWICE_4518	61	Pulse	99	3592864	14790	NA
S020_DAY2_MINITWICE_4518	61	Port Input	1	3592864	14790	NA
S020_DAY2_MINITWICE_4518	61	Picture	55_T_FFTRIAD_FF_estetoscopio_red.png	3621273	43199	1	1900	2	43200	1800
S020_DAY2_MINITWICE_4518	62	Picture	FF	3623373	0	1	43200	2	0	43200
S020_DAY2_MINITWICE_4518	62	Pulse	99	3628865	5492	NA
S020_DAY2_MINITWICE_4518	62	Port Input	1	3628865	5492	NA
S020_DAY2_MINITWICE_4518	62	Response	51	3636566	13193	1
S020_DAY2_MINITWICE_4518	62	Pulse	99	3664866	41493	NA
S020_DAY2_MINITWICE_4518	62	Port Input	1	3664866	41493	NA
S020_DAY2_MINITWICE_4518	62	Picture	56_T_FFTRIAD_FF_arbol_red.png	3666573	43200	1	1900	2	43200	1800
S020_DAY2_MINITWICE_4518	63	Picture	PW	3668673	0	1	43200	2	0	43200
S020_DAY2_MINITWICE_4518	63	Response	51	3693764	25091	1
S020_DAY2_MINITWICE_4518	63	Pulse	99	3700867	32194	NA
S020_DAY2_MINITWICE_4518	63	Port Input	1	3700867	32194	NA
S020_DAY2_MINITWICE_4518	63	Picture	57_T_PWTRIAD_PW_monja_red.png	3711873	43200	1	1900	2	43200	1800
S020_DAY2_MINITWICE_4518	64	Picture	PW	3713973	0	1	43199	2	0	43200
S020_DAY2_MINITWICE_4518	64	Pulse	99	3736868	22895	NA
S020_DAY2_MINITWICE_4518	64	Port Input	1	3736868	22895	NA
S020_DAY2_MINITWICE_4518	64	Response	52	3739008	25035	1
S020_DAY2_MINITWICE_4518	64	Picture	58_T_PWTRIAD_PW_huevos_red.png	3757172	43199	1	1900	2	43200	1800
S020_DAY2_MINITWICE_4518	65	Picture	PW	3759272	0	1	43200	2	0	43200
S020_DAY2_MINITWICE_4518	65	Pulse	99	3772869	13597	NA
S020_DAY2_MINITWICE_4518	65	Port Input	1	3772869	13597	NA
S020_DAY2_MINITWICE_4518	65	Response	51	3790121	30849	1
S020_DAY2_MINITWICE_4518	65	Picture	59_T_PWTRIAD_PW_piramide_red.png	3802472	43200	1	1900	2	43200	1800
S020_DAY2_MINITWICE_4518	66	Picture	PW	3804572	0	1	43200	2	0	43200
S020_DAY2_MINITWICE_4518	66	Pulse	99	3808870	4298	NA
S020_DAY2_MINITWICE_4518	66	Port Input	1	3808870	4298	NA
S020_DAY2_MINITWICE_4518	66	Response	51	3822148	17576	1
S020_DAY2_MINITWICE_4518	66	Pulse	99	3844871	40299	NA
S020_DAY2_MINITWICE_4518	66	Port Input	1	3844871	40299	NA
S020_DAY2_MINITWICE_4518	66	Picture	60_T_PWTRIAD_PW_ancla_red.png	3847772	43200	1	1900	2	43200	1800
S020_DAY2_MINITWICE_4518	67	Picture	rest	3849772	0	1	144099	2	0	144000
S020_DAY2_MINITWICE_4518	67	Pulse	99	3880872	31100	NA
S020_DAY2_MINITWICE_4518	67	Port Input	1	3880872	31100	NA
S020_DAY2_MINITWICE_4518	67	Pulse	99	3916873	67101	NA
S020_DAY2_MINITWICE_4518	67	Port Input	1	3916873	67101	NA
S020_DAY2_MINITWICE_4518	67	Pulse	99	3952874	103102	NA
S020_DAY2_MINITWICE_4518	67	Port Input	1	3952874	103102	NA
S020_DAY2_MINITWICE_4518	67	Pulse	99	3988875	139103	NA
S020_DAY2_MINITWICE_4518	67	Port Input	1	3988875	139103	NA
S020_DAY2_MINITWICE_4518	68	Picture	endrest	3993971	0	1	10099	3	0	10000
S020_DAY2_MINITWICE_4518	69	Picture	RW	4004270	0	2	43200	3	0	43200
S020_DAY2_MINITWICE_4518	69	Response	51	4022483	18213	1
S020_DAY2_MINITWICE_4518	69	Pulse	99	4024876	20606	NA
S020_DAY2_MINITWICE_4518	69	Port Input	1	4024876	20606	NA
S020_DAY2_MINITWICE_4518	69	Picture	63_T_RWTRIAD_RW_carruaje_red.png	4047470	43200	1	1900	2	43200	1800
S020_DAY2_MINITWICE_4518	70	Picture	RW	4049570	0	1	43200	2	0	43200
S020_DAY2_MINITWICE_4518	70	Pulse	99	4060877	11307	NA
S020_DAY2_MINITWICE_4518	70	Port Input	1	4060877	11307	NA
S020_DAY2_MINITWICE_4518	70	Response	52	4065211	15641	1
S020_DAY2_MINITWICE_4518	70	Picture	64_T_RWTRIAD_RW_agua_red.png	4092770	43200	1	1900	2	43200	1800
S020_DAY2_MINITWICE_4518	71	Picture	RW	4094870	0	1	43200	2	0	43200
S020_DAY2_MINITWICE_4518	71	Pulse	99	4096878	2008	NA
S020_DAY2_MINITWICE_4518	71	Port Input	1	4096878	2008	NA
S020_DAY2_MINITWICE_4518	71	Response	52	4114566	19696	1
S020_DAY2_MINITWICE_4518	71	Pulse	99	4132879	38009	NA
S020_DAY2_MINITWICE_4518	71	Port Input	1	4132879	38009	NA
S020_DAY2_MINITWICE_4518	71	Picture	65_T_RWTRIAD_RW_pluma_red.png	4138070	43200	1	1899	3	43200	1800
S020_DAY2_MINITWICE_4518	72	Picture	RW	4140170	0	1	43199	2	0	43200
S020_DAY2_MINITWICE_4518	72	Response	51	4154099	13929	1
S020_DAY2_MINITWICE_4518	72	Pulse	99	4168880	28710	NA
S020_DAY2_MINITWICE_4518	72	Port Input	1	4168880	28710	NA
S020_DAY2_MINITWICE_4518	72	Picture	66_T_RWTRIAD_RW_telarana_red.png	4183369	43199	1	1900	2	43200	1800
S020_DAY2_MINITWICE_4518	73	Picture	PW	4185469	0	1	43200	2	0	43200
S020_DAY2_MINITWICE_4518	73	Pulse	99	4204881	19412	NA
S020_DAY2_MINITWICE_4518	73	Port Input	1	4204881	19412	NA
S020_DAY2_MINITWICE_4518	73	Response	52	4208119	22650	1
S020_DAY2_MINITWICE_4518	73	Picture	67_T_PWTRIAD_PW_telarana_red.png	4228669	43200	1	1900	2	43200	1800
S020_DAY2_MINITWICE_4518	74	Picture	PW	4230769	0	1	43173	48	0	43200
S020_DAY2_MINITWICE_4518	74	Pulse	99	4240881	10112	NA
S020_DAY2_MINITWICE_4518	74	Port Input	1	4240881	10112	NA
S020_DAY2_MINITWICE_4518	74	Response	51	4261011	30242	1
S020_DAY2_MINITWICE_4518	74	Picture	68_T_PWTRIAD_PW_pincel_red.png	4273942	43173	47	1827	48	43200	1800
S020_DAY2_MINITWICE_4518	75	Picture	PW	4275969	0	1	43199	2	0	43200
S020_DAY2_MINITWICE_4518	75	Pulse	99	4276882	913	NA
S020_DAY2_MINITWICE_4518	75	Port Input	1	4276882	913	NA
S020_DAY2_MINITWICE_4518	75	Response	51	4292937	16968	2
S020_DAY2_MINITWICE_4518	75	Pulse	99	4312883	36914	NA
S020_DAY2_MINITWICE_4518	75	Port Input	1	4312883	36914	NA
S020_DAY2_MINITWICE_4518	75	Picture	69_T_PWTRIAD_PW_cortina_red.png	4319168	43199	1	1900	2	43200	1800
S020_DAY2_MINITWICE_4518	76	Picture	PW	4321268	0	1	43200	2	0	43200
S020_DAY2_MINITWICE_4518	76	Response	52	4347649	26381	2
S020_DAY2_MINITWICE_4518	76	Pulse	99	4348884	27616	NA
S020_DAY2_MINITWICE_4518	76	Port Input	1	4348884	27616	NA
S020_DAY2_MINITWICE_4518	76	Picture	70_T_PWTRIAD_PW_llave_red.png	4364468	43200	1	1900	2	43200	1800
S020_DAY2_MINITWICE_4518	77	Picture	rest	4366468	0	1	144099	2	0	144000
S020_DAY2_MINITWICE_4518	77	Pulse	99	4384885	18417	NA
S020_DAY2_MINITWICE_4518	77	Port Input	1	4384885	18417	NA
S020_DAY2_MINITWICE_4518	77	Pulse	99	4420886	54418	NA
S020_DAY2_MINITWICE_4518	77	Port Input	1	4420886	54418	NA
S020_DAY2_MINITWICE_4518	77	Pulse	99	4456887	90419	NA
S020_DAY2_MINITWICE_4518	77	Port Input	1	4456887	90419	NA
S020_DAY2_MINITWICE_4518	77	Pulse	99	4492888	126420	NA
S020_DAY2_MINITWICE_4518	77	Port Input	1	4492888	126420	NA
S020_DAY2_MINITWICE_4518	78	Picture	endrest	4510667	0	1	10100	2	0	10000
S020_DAY2_MINITWICE_4518	79	Picture	RW	4520967	0	1	43199	3	0	43200
S020_DAY2_MINITWICE_4518	79	Pulse	99	4528889	7922	NA
S020_DAY2_MINITWICE_4518	79	Port Input	1	4528889	7922	NA
S020_DAY2_MINITWICE_4518	79	Response	51	4537683	16716	1
S020_DAY2_MINITWICE_4518	79	Picture	73_T_RWTRIAD_RW_iglu_red.png	4564166	43199	2	1900	4	43200	1800
S020_DAY2_MINITWICE_4518	79	Pulse	99	4564890	43923	NA
S020_DAY2_MINITWICE_4518	79	Port Input	1	4564890	43923	NA
S020_DAY2_MINITWICE_4518	80	Picture	RW	4566266	0	2	43200	3	0	43200
S020_DAY2_MINITWICE_4518	80	Response	52	4589732	23466	2
S020_DAY2_MINITWICE_4518	80	Pulse	99	4600891	34625	NA
S020_DAY2_MINITWICE_4518	80	Port Input	1	4600891	34625	NA
S020_DAY2_MINITWICE_4518	80	Picture	74_T_RWTRIAD_RW_plato_red.png	4609466	43200	1	1900	2	43200	1800
S020_DAY2_MINITWICE_4518	81	Picture	RW	4611566	0	1	43200	2	0	43200
S020_DAY2_MINITWICE_4518	81	Response	52	4626004	14438	1
S020_DAY2_MINITWICE_4518	81	Pulse	99	4636892	25326	NA
S020_DAY2_MINITWICE_4518	81	Port Input	1	4636892	25326	NA
S020_DAY2_MINITWICE_4518	81	Picture	75_T_RWTRIAD_RW_tijera_red.png	4654766	43200	1	1900	2	43200	1800
S020_DAY2_MINITWICE_4518	82	Picture	RW	4656866	0	1	43199	3	0	43200
S020_DAY2_MINITWICE_4518	82	Response	51	4671606	14740	1
S020_DAY2_MINITWICE_4518	82	Pulse	99	4672893	16027	NA
S020_DAY2_MINITWICE_4518	82	Port Input	1	4672893	16027	NA
S020_DAY2_MINITWICE_4518	82	Picture	76_T_RWTRIAD_RW_tenedor_red.png	4700065	43199	2	1900	4	43200	1800
S020_DAY2_MINITWICE_4518	83	Picture	PW	4702165	0	2	43200	3	0	43200
S020_DAY2_MINITWICE_4518	83	Pulse	99	4708894	6729	NA
S020_DAY2_MINITWICE_4518	83	Port Input	1	4708894	6729	NA
S020_DAY2_MINITWICE_4518	83	Response	52	4728983	26818	1
S020_DAY2_MINITWICE_4518	83	Pulse	99	4744895	42730	NA
S020_DAY2_MINITWICE_4518	83	Port Input	1	4744895	42730	NA
S020_DAY2_MINITWICE_4518	83	Picture	77_T_PWTRIAD_PW_madera_red.png	4745365	43200	1	1900	2	43200	1800
S020_DAY2_MINITWICE_4518	84	Picture	PW	4747465	0	1	43200	2	0	43200
S020_DAY2_MINITWICE_4518	84	Pulse	99	4780896	33431	NA
S020_DAY2_MINITWICE_4518	84	Port Input	1	4780896	33431	NA
S020_DAY2_MINITWICE_4518	84	Response	51	4782201	34736	1
S020_DAY2_MINITWICE_4518	84	Picture	78_T_PWTRIAD_PW_granjero_red.png	4790665	43200	1	1900	2	43200	1800
S020_DAY2_MINITWICE_4518	85	Picture	PW	4792765	0	1	43199	3	0	43200
S020_DAY2_MINITWICE_4518	85	Pulse	99	4816897	24132	NA
S020_DAY2_MINITWICE_4518	85	Port Input	1	4816897	24132	NA
S020_DAY2_MINITWICE_4518	85	Response	52	4817401	24636	1
S020_DAY2_MINITWICE_4518	85	Picture	79_T_PWTRIAD_PW_cuento_red.png	4835964	43199	2	1901	3	43200	1800
S020_DAY2_MINITWICE_4518	86	Picture	PW	4838065	0	1	43199	2	0	43200
S020_DAY2_MINITWICE_4518	86	Pulse	99	4852898	14833	NA
S020_DAY2_MINITWICE_4518	86	Port Input	1	4852898	14833	NA
S020_DAY2_MINITWICE_4518	86	Response	52	4863603	25538	1
S020_DAY2_MINITWICE_4518	86	Picture	80_T_PWTRIAD_PW_futbol_red.png	4881264	43199	1	1900	2	43200	1800
S020_DAY2_MINITWICE_4518	87	Picture	rest	4883264	0	1	144099	2	0	144000
S020_DAY2_MINITWICE_4518	87	Pulse	99	4888898	5634	NA
S020_DAY2_MINITWICE_4518	87	Port Input	1	4888898	5634	NA
S020_DAY2_MINITWICE_4518	87	Pulse	99	4924899	41635	NA
S020_DAY2_MINITWICE_4518	87	Port Input	1	4924899	41635	NA
S020_DAY2_MINITWICE_4518	87	Pulse	99	4960900	77636	NA
S020_DAY2_MINITWICE_4518	87	Port Input	1	4960900	77636	NA
S020_DAY2_MINITWICE_4518	87	Pulse	99	4996901	113637	NA
S020_DAY2_MINITWICE_4518	87	Port Input	1	4996901	113637	NA
S020_DAY2_MINITWICE_4518	88	Picture	endrest	5027463	0	1	10100	2	0	10000
S020_DAY2_MINITWICE_4518	88	Pulse	99	5032902	5439	NA
S020_DAY2_MINITWICE_4518	88	Port Input	1	5032902	5439	NA
S020_DAY2_MINITWICE_4518	89	Picture	FF	5037763	0	1	43200	2	0	43200
S020_DAY2_MINITWICE_4518	89	Response	51	5057489	19726	1
S020_DAY2_MINITWICE_4518	89	Pulse	99	5068903	31140	NA
S020_DAY2_MINITWICE_4518	89	Port Input	1	5068903	31140	NA
S020_DAY2_MINITWICE_4518	89	Picture	83_T_FFTRIAD_FF_traje_red.png	5080963	43200	1	1900	2	43200	1800
S020_DAY2_MINITWICE_4518	90	Picture	FF	5083063	0	1	43199	3	0	43200
S020_DAY2_MINITWICE_4518	90	Response	52	5100155	17092	1
S020_DAY2_MINITWICE_4518	90	Pulse	99	5104904	21841	NA
S020_DAY2_MINITWICE_4518	90	Port Input	1	5104904	21841	NA
S020_DAY2_MINITWICE_4518	90	Picture	84_T_FFTRIAD_FF_murcielago_red.png	5126262	43199	2	1900	4	43200	1800
S020_DAY2_MINITWICE_4518	91	Picture	FF	5128362	0	1	43200	2	0	43200
S020_DAY2_MINITWICE_4518	91	Response	52	5140571	12209	1
S020_DAY2_MINITWICE_4518	91	Pulse	99	5140905	12543	NA
S020_DAY2_MINITWICE_4518	91	Port Input	1	5140905	12543	NA
S020_DAY2_MINITWICE_4518	91	Picture	85_T_FFTRIAD_FF_cortina_red.png	5171562	43200	1	1900	2	43200	1800
S020_DAY2_MINITWICE_4518	92	Picture	FF	5173662	0	1	43200	2	0	43200
S020_DAY2_MINITWICE_4518	92	Pulse	99	5176906	3244	NA
S020_DAY2_MINITWICE_4518	92	Port Input	1	5176906	3244	NA
S020_DAY2_MINITWICE_4518	92	Response	51	5186497	12835	1
S020_DAY2_MINITWICE_4518	92	Pulse	99	5212907	39245	NA
S020_DAY2_MINITWICE_4518	92	Port Input	1	5212907	39245	NA
S020_DAY2_MINITWICE_4518	92	Picture	86_T_FFTRIAD_FF_tenedor_red.png	5216862	43200	1	1900	2	43200	1800
S020_DAY2_MINITWICE_4518	93	Picture	RW	5218962	0	1	43199	2	0	43200
S020_DAY2_MINITWICE_4518	93	Response	52	5233779	14817	1
S020_DAY2_MINITWICE_4518	93	Pulse	99	5248908	29946	NA
S020_DAY2_MINITWICE_4518	93	Port Input	1	5248908	29946	NA
S020_DAY2_MINITWICE_4518	93	Picture	87_T_RWTRIAD_RW_cuento_red.png	5262161	43199	1	1900	3	43200	1800
S020_DAY2_MINITWICE_4518	94	Picture	RW	5264261	0	1	43200	2	0	43200
S020_DAY2_MINITWICE_4518	94	Response	51	5278030	13769	1
S020_DAY2_MINITWICE_4518	94	Pulse	99	5284909	20648	NA
S020_DAY2_MINITWICE_4518	94	Port Input	1	5284909	20648	NA
S020_DAY2_MINITWICE_4518	94	Picture	88_T_RWTRIAD_RW_bala_red.png	5307461	43200	1	1900	2	43200	1800
S020_DAY2_MINITWICE_4518	95	Picture	RW	5309561	0	1	43200	2	0	43200
S020_DAY2_MINITWICE_4518	95	Pulse	99	5320910	11349	NA
S020_DAY2_MINITWICE_4518	95	Port Input	1	5320910	11349	NA
S020_DAY2_MINITWICE_4518	95	Response	51	5322288	12727	1
S020_DAY2_MINITWICE_4518	95	Picture	89_T_RWTRIAD_RW_paracaidas_red.png	5352761	43200	1	1900	2	43200	1800
S020_DAY2_MINITWICE_4518	96	Picture	RW	5354861	0	1	43199	2	0	43200
S020_DAY2_MINITWICE_4518	96	Pulse	99	5356911	2050	NA
S020_DAY2_MINITWICE_4518	96	Port Input	1	5356911	2050	NA
S020_DAY2_MINITWICE_4518	96	Response	52	5370240	15379	1
S020_DAY2_MINITWICE_4518	96	Pulse	99	5392912	38051	NA
S020_DAY2_MINITWICE_4518	96	Port Input	1	5392912	38051	NA
S020_DAY2_MINITWICE_4518	96	Picture	90_T_RWTRIAD_RW_esquimal_red.png	5398060	43199	1	1900	3	43200	1800
S020_DAY2_MINITWICE_4518	97	Picture	rest	5400060	0	1	144099	2	0	144000
S020_DAY2_MINITWICE_4518	97	Pulse	99	5428913	28853	NA
S020_DAY2_MINITWICE_4518	97	Port Input	1	5428913	28853	NA
S020_DAY2_MINITWICE_4518	97	Pulse	99	5464914	64854	NA
S020_DAY2_MINITWICE_4518	97	Port Input	1	5464914	64854	NA
S020_DAY2_MINITWICE_4518	97	Pulse	99	5500915	100855	NA
S020_DAY2_MINITWICE_4518	97	Port Input	1	5500915	100855	NA
S020_DAY2_MINITWICE_4518	97	Pulse	99	5536916	136856	NA
S020_DAY2_MINITWICE_4518	97	Port Input	1	5536916	136856	NA
S020_DAY2_MINITWICE_4518	98	Picture	endrest	5544259	0	1	10100	2	0	10000
S020_DAY2_MINITWICE_4518	99	Picture	PW	5554559	0	1	43200	2	0	43200
S020_DAY2_MINITWICE_4518	99	Pulse	99	5572916	18357	NA
S020_DAY2_MINITWICE_4518	99	Port Input	1	5572916	18357	NA
S020_DAY2_MINITWICE_4518	99	Response	52	5595650	41091	2
S020_DAY2_MINITWICE_4518	99	Picture	93_T_PWTRIAD_PW_bala_red.png	5597759	43200	1	1900	2	43200	1800
S020_DAY2_MINITWICE_4518	100	Picture	PW	5599859	0	1	43200	2	0	43200
S020_DAY2_MINITWICE_4518	100	Pulse	99	5608917	9058	NA
S020_DAY2_MINITWICE_4518	100	Port Input	1	5608917	9058	NA
S020_DAY2_MINITWICE_4518	100	Picture	94_T_PWTRIAD_PW_pilas_red.png	5643059	43200	1	1900	2	43200	1800
S020_DAY2_MINITWICE_4518	100	Pulse	99	5644918	45059	NA
S020_DAY2_MINITWICE_4518	100	Port Input	1	5644918	45059	NA
S020_DAY2_MINITWICE_4518	101	Picture	PW	5645259	0	1	43099	2	0	43200
S020_DAY2_MINITWICE_4518	101	Response	52	5670437	25178	1
S020_DAY2_MINITWICE_4518	101	Pulse	99	5680919	35660	NA
S020_DAY2_MINITWICE_4518	101	Port Input	1	5680919	35660	NA
S020_DAY2_MINITWICE_4518	101	Picture	95_T_PWTRIAD_PW_almohada_red.png	5688358	43099	1	1900	2	43200	1800
S020_DAY2_MINITWICE_4518	102	Picture	PW	5690458	0	1	43200	2	0	43200
S020_DAY2_MINITWICE_4518	102	Response	51	5708428	17970	1
S020_DAY2_MINITWICE_4518	102	Pulse	99	5716920	26462	NA
S020_DAY2_MINITWICE_4518	102	Port Input	1	5716920	26462	NA
S020_DAY2_MINITWICE_4518	102	Picture	96_T_PWTRIAD_PW_sapo_red.png	5733658	43200	1	1900	2	43200	1800
S020_DAY2_MINITWICE_4518	103	Picture	RW	5735758	0	1	43200	2	0	43200
S020_DAY2_MINITWICE_4518	103	Pulse	99	5752921	17163	NA
S020_DAY2_MINITWICE_4518	103	Port Input	1	5752921	17163	NA
S020_DAY2_MINITWICE_4518	103	Response	51	5755387	19629	1
S020_DAY2_MINITWICE_4518	103	Picture	97_T_RWTRIAD_RW_zanahoria_red.png	5778958	43200	1	1900	2	43200	1800
S020_DAY2_MINITWICE_4518	104	Picture	RW	5781058	0	1	43199	2	0	43200
S020_DAY2_MINITWICE_4518	104	Pulse	99	5788922	7864	NA
S020_DAY2_MINITWICE_4518	104	Port Input	1	5788922	7864	NA
S020_DAY2_MINITWICE_4518	104	Response	52	5795340	14282	1
S020_DAY2_MINITWICE_4518	104	Picture	98_T_RWTRIAD_RW_lechuga_red.png	5824257	43199	1	1900	2	43200	1800
S020_DAY2_MINITWICE_4518	104	Pulse	99	5824923	43865	NA
S020_DAY2_MINITWICE_4518	104	Port Input	1	5824923	43865	NA
S020_DAY2_MINITWICE_4518	105	Picture	RW	5826357	0	1	43200	2	0	43200
S020_DAY2_MINITWICE_4518	105	Response	52	5839754	13397	1
S020_DAY2_MINITWICE_4518	105	Pulse	99	5860924	34567	NA
S020_DAY2_MINITWICE_4518	105	Port Input	1	5860924	34567	NA
S020_DAY2_MINITWICE_4518	105	Picture	99_T_RWTRIAD_RW_sobre_red.png	5869557	43200	1	1900	2	43200	1800
S020_DAY2_MINITWICE_4518	106	Picture	RW	5871657	0	1	43200	2	0	43200
S020_DAY2_MINITWICE_4518	106	Response	51	5893268	21611	2
S020_DAY2_MINITWICE_4518	106	Pulse	99	5896925	25268	NA
S020_DAY2_MINITWICE_4518	106	Port Input	1	5896925	25268	NA
S020_DAY2_MINITWICE_4518	106	Picture	100_T_RWTRIAD_RW_charco_red.png	5914857	43200	1	1900	2	43200	1800
S020_DAY2_MINITWICE_4518	107	Picture	rest	5916857	0	1	144099	2	0	144000
S020_DAY2_MINITWICE_4518	107	Pulse	99	5932926	16069	NA
S020_DAY2_MINITWICE_4518	107	Port Input	1	5932926	16069	NA
S020_DAY2_MINITWICE_4518	107	Pulse	99	5968927	52070	NA
S020_DAY2_MINITWICE_4518	107	Port Input	1	5968927	52070	NA
S020_DAY2_MINITWICE_4518	107	Pulse	99	6004928	88071	NA
S020_DAY2_MINITWICE_4518	107	Port Input	1	6004928	88071	NA
S020_DAY2_MINITWICE_4518	107	Pulse	99	6040929	124072	NA
S020_DAY2_MINITWICE_4518	107	Port Input	1	6040929	124072	NA
S020_DAY2_MINITWICE_4518	108	Picture	endrest	6061056	0	1	10099	3	0	10000
S020_DAY2_MINITWICE_4518	109	Picture	PW	6071356	0	1	43199	2	0	43200
S020_DAY2_MINITWICE_4518	109	Pulse	99	6076930	5574	NA
S020_DAY2_MINITWICE_4518	109	Port Input	1	6076930	5574	NA
S020_DAY2_MINITWICE_4518	109	Response	52	6089202	17846	1
S020_DAY2_MINITWICE_4518	109	Pulse	99	6112931	41575	NA
S020_DAY2_MINITWICE_4518	109	Port Input	1	6112931	41575	NA
S020_DAY2_MINITWICE_4518	109	Picture	103_T_PWTRIAD_PW_raton_red.png	6114555	43199	1	1900	2	43200	1800
S020_DAY2_MINITWICE_4518	110	Picture	PW	6116655	0	1	43200	2	0	43200
S020_DAY2_MINITWICE_4518	110	Response	51	6137145	20490	1
S020_DAY2_MINITWICE_4518	110	Pulse	99	6148932	32277	NA
S020_DAY2_MINITWICE_4518	110	Port Input	1	6148932	32277	NA
S020_DAY2_MINITWICE_4518	110	Picture	104_T_PWTRIAD_PW_pizarra_red.png	6159855	43200	1	1900	2	43200	1800
S020_DAY2_MINITWICE_4518	111	Picture	PW	6161955	0	1	43199	3	0	43200
S020_DAY2_MINITWICE_4518	111	Pulse	99	6184932	22977	NA
S020_DAY2_MINITWICE_4518	111	Port Input	1	6184932	22977	NA
S020_DAY2_MINITWICE_4518	111	Response	51	6187248	25293	2
S020_DAY2_MINITWICE_4518	111	Picture	105_T_PWTRIAD_PW_telefono_red.png	6205154	43199	2	1901	3	43200	1800
S020_DAY2_MINITWICE_4518	112	Picture	PW	6207254	0	2	43200	3	0	43200
S020_DAY2_MINITWICE_4518	112	Pulse	99	6220933	13679	NA
S020_DAY2_MINITWICE_4518	112	Port Input	1	6220933	13679	NA
S020_DAY2_MINITWICE_4518	112	Response	51	6234563	27309	1
S020_DAY2_MINITWICE_4518	112	Picture	106_T_PWTRIAD_PW_tijera_red.png	6250454	43200	1	1900	2	43200	1800
S020_DAY2_MINITWICE_4518	113	Picture	FF	6252554	0	1	43200	2	0	43200
S020_DAY2_MINITWICE_4518	113	Pulse	99	6256934	4380	NA
S020_DAY2_MINITWICE_4518	113	Port Input	1	6256934	4380	NA
S020_DAY2_MINITWICE_4518	113	Response	51	6266125	13571	1
S020_DAY2_MINITWICE_4518	113	Pulse	99	6292935	40381	NA
S020_DAY2_MINITWICE_4518	113	Port Input	1	6292935	40381	NA
S020_DAY2_MINITWICE_4518	113	Picture	107_T_FFTRIAD_FF_lana_red.png	6295754	43200	1	1900	2	43200	1800
S020_DAY2_MINITWICE_4518	114	Picture	FF	6297854	0	1	43200	2	0	43200
S020_DAY2_MINITWICE_4518	114	Response	52	6316380	18526	1
S020_DAY2_MINITWICE_4518	114	Pulse	99	6328936	31082	NA
S020_DAY2_MINITWICE_4518	114	Port Input	1	6328936	31082	NA
S020_DAY2_MINITWICE_4518	114	Picture	108_T_FFTRIAD_FF_bala_red.png	6341054	43200	1	1899	3	43200	1800
S020_DAY2_MINITWICE_4518	115	Picture	FF	6343153	0	2	43200	3	0	43200
S020_DAY2_MINITWICE_4518	115	Response	51	6353510	10357	1
S020_DAY2_MINITWICE_4518	115	Pulse	99	6364937	21784	NA
S020_DAY2_MINITWICE_4518	115	Port Input	1	6364937	21784	NA
S020_DAY2_MINITWICE_4518	115	Picture	109_T_FFTRIAD_FF_sapo_red.png	6386353	43200	1	1900	2	43200	1800
S020_DAY2_MINITWICE_4518	116	Picture	FF	6388453	0	1	43200	2	0	43200
S020_DAY2_MINITWICE_4518	116	Pulse	99	6400938	12485	NA
S020_DAY2_MINITWICE_4518	116	Port Input	1	6400938	12485	NA
S020_DAY2_MINITWICE_4518	116	Response	51	6421236	32783	1
S020_DAY2_MINITWICE_4518	116	Picture	110_T_FFTRIAD_FF_pincel_red.png	6431653	43200	1	1900	2	43200	1800
S020_DAY2_MINITWICE_4518	117	Picture	rest	6433653	0	1	144099	2	0	144000
S020_DAY2_MINITWICE_4518	117	Pulse	99	6436939	3286	NA
S020_DAY2_MINITWICE_4518	117	Port Input	1	6436939	3286	NA
S020_DAY2_MINITWICE_4518	117	Pulse	99	6472940	39287	NA
S020_DAY2_MINITWICE_4518	117	Port Input	1	6472940	39287	NA
S020_DAY2_MINITWICE_4518	117	Pulse	99	6508941	75288	NA
S020_DAY2_MINITWICE_4518	117	Port Input	1	6508941	75288	NA
S020_DAY2_MINITWICE_4518	117	Pulse	99	6544942	111289	NA
S020_DAY2_MINITWICE_4518	117	Port Input	1	6544942	111289	NA
S020_DAY2_MINITWICE_4518	118	Picture	endrest	6577852	0	1	10100	2	0	10000
S020_DAY2_MINITWICE_4518	118	Pulse	99	6580943	3091	NA
S020_DAY2_MINITWICE_4518	118	Port Input	1	6580943	3091	NA
S020_DAY2_MINITWICE_4518	119	Picture	RW	6588152	0	1	43199	3	0	43200
S020_DAY2_MINITWICE_4518	119	Response	51	6606666	18514	1
S020_DAY2_MINITWICE_4518	119	Pulse	99	6616944	28792	NA
S020_DAY2_MINITWICE_4518	119	Port Input	1	6616944	28792	NA
S020_DAY2_MINITWICE_4518	119	Picture	113_T_RWTRIAD_RW_chupete_red.png	6631351	43199	2	1900	4	43200	1800
S020_DAY2_MINITWICE_4518	120	Picture	RW	6633451	0	2	43200	3	0	43200
S020_DAY2_MINITWICE_4518	120	Response	52	6646250	12799	1
S020_DAY2_MINITWICE_4518	120	Pulse	99	6652945	19494	NA
S020_DAY2_MINITWICE_4518	120	Port Input	1	6652945	19494	NA
S020_DAY2_MINITWICE_4518	120	Picture	114_T_RWTRIAD_RW_gafas_red.png	6676651	43200	1	1900	2	43200	1800
S020_DAY2_MINITWICE_4518	121	Picture	RW	6678751	0	1	43200	2	0	43200
S020_DAY2_MINITWICE_4518	121	Pulse	99	6688946	10195	NA
S020_DAY2_MINITWICE_4518	121	Port Input	1	6688946	10195	NA
S020_DAY2_MINITWICE_4518	121	Response	51	6693997	15246	1
S020_DAY2_MINITWICE_4518	121	Picture	115_T_RWTRIAD_RW_traje_red.png	6721951	43200	1	1900	2	43200	1800
S020_DAY2_MINITWICE_4518	122	Picture	RW	6724051	0	1	43199	3	0	43200
S020_DAY2_MINITWICE_4518	122	Pulse	99	6724947	896	NA
S020_DAY2_MINITWICE_4518	122	Port Input	1	6724947	896	NA
S020_DAY2_MINITWICE_4518	122	Response	52	6742254	18203	1
S020_DAY2_MINITWICE_4518	122	Pulse	99	6760948	36897	NA
S020_DAY2_MINITWICE_4518	122	Port Input	1	6760948	36897	NA
S020_DAY2_MINITWICE_4518	122	Picture	116_T_RWTRIAD_RW_oruga_red.png	6767250	43199	2	1900	3	43200	1800
S020_DAY2_MINITWICE_4518	123	Picture	PW	6769350	0	1	43200	2	0	43200
S020_DAY2_MINITWICE_4518	123	Pulse	99	6796949	27599	NA
S020_DAY2_MINITWICE_4518	123	Port Input	1	6796949	27599	NA
S020_DAY2_MINITWICE_4518	123	Response	51	6800478	31128	1
S020_DAY2_MINITWICE_4518	123	Picture	117_T_PWTRIAD_PW_arco_red.png	6812550	43200	1	1900	2	43200	1800
S020_DAY2_MINITWICE_4518	124	Picture	PW	6814650	0	1	43200	2	0	43200
S020_DAY2_MINITWICE_4518	124	Pulse	99	6832950	18300	NA
S020_DAY2_MINITWICE_4518	124	Port Input	1	6832950	18300	NA
S020_DAY2_MINITWICE_4518	124	Response	52	6833087	18437	1
S020_DAY2_MINITWICE_4518	124	Picture	118_T_PWTRIAD_PW_perro_red.png	6857850	43200	1	1900	2	43200	1800
S020_DAY2_MINITWICE_4518	125	Picture	PW	6859950	0	1	43199	3	0	43200
S020_DAY2_MINITWICE_4518	125	Pulse	99	6868950	9000	NA
S020_DAY2_MINITWICE_4518	125	Port Input	1	6868950	9000	NA
S020_DAY2_MINITWICE_4518	125	Response	51	6895345	35395	1
S020_DAY2_MINITWICE_4518	125	Picture	119_T_PWTRIAD_PW_oruga_red.png	6903149	43199	2	1900	3	43200	1800
S020_DAY2_MINITWICE_4518	125	Pulse	99	6904951	45001	NA
S020_DAY2_MINITWICE_4518	125	Port Input	1	6904951	45001	NA
S020_DAY2_MINITWICE_4518	126	Picture	PW	6905249	0	2	43200	3	0	43200
S020_DAY2_MINITWICE_4518	126	Response	51	6933009	27760	1
S020_DAY2_MINITWICE_4518	126	Pulse	99	6940952	35703	NA
S020_DAY2_MINITWICE_4518	126	Port Input	1	6940952	35703	NA
S020_DAY2_MINITWICE_4518	126	Picture	120_T_PWTRIAD_PW_grapadora_red.png	6948449	43200	1	1900	2	43200	1800
S020_DAY2_MINITWICE_4518	127	Picture	rest	6950449	0	1	144099	2	0	144000
S020_DAY2_MINITWICE_4518	127	Pulse	99	6976953	26504	NA
S020_DAY2_MINITWICE_4518	127	Port Input	1	6976953	26504	NA
S020_DAY2_MINITWICE_4518	127	Pulse	99	7012954	62505	NA
S020_DAY2_MINITWICE_4518	127	Port Input	1	7012954	62505	NA
S020_DAY2_MINITWICE_4518	127	Pulse	99	7048955	98506	NA
S020_DAY2_MINITWICE_4518	127	Port Input	1	7048955	98506	NA
S020_DAY2_MINITWICE_4518	127	Pulse	99	7084956	134507	NA
S020_DAY2_MINITWICE_4518	127	Port Input	1	7084956	134507	NA
S020_DAY2_MINITWICE_4518	128	Picture	endrest	7094648	0	1	10100	2	0	10000
S020_DAY2_MINITWICE_4518	129	Picture	FF	7104948	0	1	43200	2	0	43200
S020_DAY2_MINITWICE_4518	129	Pulse	99	7120957	16009	NA
S020_DAY2_MINITWICE_4518	129	Port Input	1	7120957	16009	NA
S020_DAY2_MINITWICE_4518	129	Response	51	7121611	16663	1
S020_DAY2_MINITWICE_4518	129	Picture	123_T_FFTRIAD_FF_dado_red.png	7148148	43200	1	1900	2	43200	1800
S020_DAY2_MINITWICE_4518	130	Picture	FF	7150248	0	1	43199	2	0	43200
S020_DAY2_MINITWICE_4518	130	Pulse	99	7156958	6710	NA
S020_DAY2_MINITWICE_4518	130	Port Input	1	7156958	6710	NA
S020_DAY2_MINITWICE_4518	130	Response	51	7162126	11878	1
S020_DAY2_MINITWICE_4518	130	Pulse	99	7192959	42711	NA
S020_DAY2_MINITWICE_4518	130	Port Input	1	7192959	42711	NA
S020_DAY2_MINITWICE_4518	130	Picture	124_T_FFTRIAD_FF_telefono_red.png	7193447	43199	1	1900	2	43200	1800
S020_DAY2_MINITWICE_4518	131	Picture	FF	7195547	0	1	43200	2	0	43200
S020_DAY2_MINITWICE_4518	131	Response	51	7212405	16858	2
S020_DAY2_MINITWICE_4518	131	Pulse	99	7228960	33413	NA
S020_DAY2_MINITWICE_4518	131	Port Input	1	7228960	33413	NA
S020_DAY2_MINITWICE_4518	131	Picture	125_T_FFTRIAD_FF_teclado_red.png	7238747	43200	1	1900	2	43200	1800
S020_DAY2_MINITWICE_4518	132	Picture	FF	7240847	0	1	43200	2	0	43200
S020_DAY2_MINITWICE_4518	132	Response	51	7254418	13571	1
S020_DAY2_MINITWICE_4518	132	Pulse	99	7264961	24114	NA
S020_DAY2_MINITWICE_4518	132	Port Input	1	7264961	24114	NA
S020_DAY2_MINITWICE_4518	132	Picture	126_T_FFTRIAD_FF_sombrilla_red.png	7284047	43200	1	1900	2	43200	1800
S020_DAY2_MINITWICE_4518	133	Picture	FF	7286147	0	1	43199	2	0	43200
S020_DAY2_MINITWICE_4518	133	Pulse	99	7300962	14815	NA
S020_DAY2_MINITWICE_4518	133	Port Input	1	7300962	14815	NA
S020_DAY2_MINITWICE_4518	133	Response	51	7304306	18159	1
S020_DAY2_MINITWICE_4518	133	Picture	127_T_FFTRIAD_FF_tijera_red.png	7329346	43199	1	1900	2	43200	1800
S020_DAY2_MINITWICE_4518	134	Picture	FF	7331446	0	1	43200	2	0	43200
S020_DAY2_MINITWICE_4518	134	Pulse	99	7336963	5517	NA
S020_DAY2_MINITWICE_4518	134	Port Input	1	7336963	5517	NA
S020_DAY2_MINITWICE_4518	134	Response	51	7345112	13666	1
S020_DAY2_MINITWICE_4518	134	Pulse	99	7372964	41518	NA
S020_DAY2_MINITWICE_4518	134	Port Input	1	7372964	41518	NA
S020_DAY2_MINITWICE_4518	134	Picture	128_T_FFTRIAD_FF_ancla_red.png	7374646	43200	1	1900	2	43200	1800
S020_DAY2_MINITWICE_4518	135	Picture	FF	7376746	0	1	43200	2	0	43200
S020_DAY2_MINITWICE_4518	135	Response	52	7395100	18354	1
S020_DAY2_MINITWICE_4518	135	Pulse	99	7408965	32219	NA
S020_DAY2_MINITWICE_4518	135	Port Input	1	7408965	32219	NA
S020_DAY2_MINITWICE_4518	135	Picture	129_T_FFTRIAD_FF_iglu_red.png	7419946	43200	1	1900	2	43200	1800
S020_DAY2_MINITWICE_4518	136	Picture	FF	7422046	0	1	43199	2	0	43200
S020_DAY2_MINITWICE_4518	136	Response	51	7430727	8681	1
S020_DAY2_MINITWICE_4518	136	Pulse	99	7444966	22920	NA
S020_DAY2_MINITWICE_4518	136	Port Input	1	7444966	22920	NA
S020_DAY2_MINITWICE_4518	136	Picture	130_T_FFTRIAD_FF_madera_red.png	7465245	43199	1	1900	2	43200	1800
S020_DAY2_MINITWICE_4518	137	Picture	rest	7467245	0	1	144099	2	0	144000
S020_DAY2_MINITWICE_4518	137	Pulse	99	7480966	13721	NA
S020_DAY2_MINITWICE_4518	137	Port Input	1	7480966	13721	NA
S020_DAY2_MINITWICE_4518	137	Pulse	99	7516967	49722	NA
S020_DAY2_MINITWICE_4518	137	Port Input	1	7516967	49722	NA
S020_DAY2_MINITWICE_4518	137	Pulse	99	7552968	85723	NA
S020_DAY2_MINITWICE_4518	137	Port Input	1	7552968	85723	NA
S020_DAY2_MINITWICE_4518	137	Pulse	99	7588969	121724	NA
S020_DAY2_MINITWICE_4518	137	Port Input	1	7588969	121724	NA
S020_DAY2_MINITWICE_4518	138	Picture	endrest	7611444	0	1	10100	2	0	10000
S020_DAY2_MINITWICE_4518	139	Picture	RW	7621744	0	1	43200	2	0	43200
S020_DAY2_MINITWICE_4518	139	Pulse	99	7624970	3226	NA
S020_DAY2_MINITWICE_4518	139	Port Input	1	7624970	3226	NA
S020_DAY2_MINITWICE_4518	139	Response	52	7637051	15307	1
S020_DAY2_MINITWICE_4518	139	Pulse	99	7660971	39227	NA
S020_DAY2_MINITWICE_4518	139	Port Input	1	7660971	39227	NA
S020_DAY2_MINITWICE_4518	139	Picture	133_T_RWTRIAD_RW_destornillador_red.png	7664944	43200	1	1900	2	43200	1800
S020_DAY2_MINITWICE_4518	140	Picture	RW	7667044	0	1	43199	3	0	43200
S020_DAY2_MINITWICE_4518	140	Response	52	7683393	16349	1
S020_DAY2_MINITWICE_4518	140	Pulse	99	7696972	29928	NA
S020_DAY2_MINITWICE_4518	140	Port Input	1	7696972	29928	NA
S020_DAY2_MINITWICE_4518	140	Picture	134_T_RWTRIAD_RW_dado_red.png	7710243	43199	2	1901	3	43200	1800
S020_DAY2_MINITWICE_4518	141	Picture	RW	7712343	0	2	43200	3	0	43200
S020_DAY2_MINITWICE_4518	141	Pulse	99	7732973	20630	NA
S020_DAY2_MINITWICE_4518	141	Port Input	1	7732973	20630	NA
S020_DAY2_MINITWICE_4518	141	Response	51	7733389	21046	1
S020_DAY2_MINITWICE_4518	141	Picture	135_T_RWTRIAD_RW_violin_red.png	7755543	43200	1	1900	2	43200	1800
S020_DAY2_MINITWICE_4518	142	Picture	RW	7757743	0	1	43100	2	0	43200
S020_DAY2_MINITWICE_4518	142	Pulse	99	7768974	11231	NA
S020_DAY2_MINITWICE_4518	142	Port Input	1	7768974	11231	NA
S020_DAY2_MINITWICE_4518	142	Response	51	7774154	16411	1
S020_DAY2_MINITWICE_4518	142	Picture	136_T_RWTRIAD_RW_madera_red.png	7800843	43100	1	1900	2	43200	1800
S020_DAY2_MINITWICE_4518	143	Picture	rest	7802843	0	1	144099	2	0	144000
S020_DAY2_MINITWICE_4518	143	Pulse	99	7804975	2132	NA
S020_DAY2_MINITWICE_4518	143	Port Input	1	7804975	2132	NA
S020_DAY2_MINITWICE_4518	143	Pulse	99	7840976	38133	NA
S020_DAY2_MINITWICE_4518	143	Port Input	1	7840976	38133	NA
S020_DAY2_MINITWICE_4518	144	Picture	endrest	7947042	0	1	10100	2	0	10000
S020_DAY2_MINITWICE_4518	145	Picture	endrest	7957242	0	1	10100	2	0	10000
S020_DAY2_MINITWICE_4518	146	Picture	endrest	7967442	0	1	10100	2	0	10000
S020_DAY2_MINITWICE_4518	147	Picture	endrest	7977642	0	1	10099	3	0	10000
