Scenario - vOT_Triads_fMRI_I
Logfile written - 10/16/2015 13:59:07

Subject	Trial	Event Type	Code	Time	TTime	Uncertainty	Duration	Uncertainty	ReqTime	ReqDur

S021_MINIONCE_5218	1	Response	98	1071378	1081178	2
S021_MINIONCE_5218	2	Response	52	1132888	61397	2
S021_MINIONCE_5218	2	Response	98	1162747	91256	1
S021_MINIONCE_5218	3	Response	51	1330739	167848	1
S021_MINIONCE_5218	3	Response	98	1338726	175835	1
S021_MINIONCE_5218	4	Response	52	1372433	33543	1
S021_MINIONCE_5218	4	Response	98	1389548	50658	1
S021_MINIONCE_5218	6	Pulse	99	1597338	207648	NA
S021_MINIONCE_5218	6	Port Input	1	1597338	207648	NA
S021_MINIONCE_5218	6	Pulse	99	1633339	243649	NA
S021_MINIONCE_5218	6	Port Input	1	1633339	243649	NA
S021_MINIONCE_5218	6	Pulse	99	1669340	279650	NA
S021_MINIONCE_5218	6	Port Input	1	1669340	279650	NA
S021_MINIONCE_5218	6	Pulse	99	1705341	315651	NA
S021_MINIONCE_5218	6	Port Input	1	1705341	315651	NA
S021_MINIONCE_5218	6	Pulse	99	1741342	351652	NA
S021_MINIONCE_5218	6	Port Input	1	1741342	351652	NA
S021_MINIONCE_5218	7	Picture	rest	1741587	0	1	144099	2	0	144000
S021_MINIONCE_5218	7	Pulse	99	1777343	35756	NA
S021_MINIONCE_5218	7	Port Input	1	1777343	35756	NA
S021_MINIONCE_5218	7	Pulse	99	1813344	71757	NA
S021_MINIONCE_5218	7	Port Input	1	1813344	71757	NA
S021_MINIONCE_5218	7	Pulse	99	1849345	107758	NA
S021_MINIONCE_5218	7	Port Input	1	1849345	107758	NA
S021_MINIONCE_5218	7	Pulse	99	1885346	143759	NA
S021_MINIONCE_5218	7	Port Input	1	1885346	143759	NA
S021_MINIONCE_5218	8	Picture	endrest	1885786	0	1	10100	2	0	10000
S021_MINIONCE_5218	9	Picture	FF	1896286	0	1	43199	2	0	43200
S021_MINIONCE_5218	9	Response	52	1913207	16921	1
S021_MINIONCE_5218	9	Pulse	99	1921347	25061	NA
S021_MINIONCE_5218	9	Port Input	1	1921347	25061	NA
S021_MINIONCE_5218	9	Picture	3_T_FFTRIAD_FF_granjero_red.png	1939485	43199	1	1900	2	43200	1800
S021_MINIONCE_5218	10	Picture	FF	1941585	0	1	43200	2	0	43200
S021_MINIONCE_5218	10	Response	51	1954958	13373	1
S021_MINIONCE_5218	10	Pulse	99	1957348	15763	NA
S021_MINIONCE_5218	10	Port Input	1	1957348	15763	NA
S021_MINIONCE_5218	10	Picture	4_T_FFTRIAD_FF_dado_red.png	1984785	43200	1	1900	2	43200	1800
S021_MINIONCE_5218	11	Picture	FF	1986885	0	1	43200	2	0	43200
S021_MINIONCE_5218	11	Pulse	99	1993349	6464	NA
S021_MINIONCE_5218	11	Port Input	1	1993349	6464	NA
S021_MINIONCE_5218	11	Response	51	1999729	12844	1
S021_MINIONCE_5218	11	Pulse	99	2029350	42465	NA
S021_MINIONCE_5218	11	Port Input	1	2029350	42465	NA
S021_MINIONCE_5218	11	Picture	5_T_FFTRIAD_FF_traje_red.png	2030085	43200	1	1900	2	43200	1800
S021_MINIONCE_5218	12	Picture	FF	2032185	0	1	43199	2	0	43200
S021_MINIONCE_5218	12	Response	51	2044125	11940	1
S021_MINIONCE_5218	12	Pulse	99	2065351	33166	NA
S021_MINIONCE_5218	12	Port Input	1	2065351	33166	NA
S021_MINIONCE_5218	12	Picture	6_T_FFTRIAD_FF_estetoscopio_red.png	2075384	43199	1	1900	2	43200	1800
S021_MINIONCE_5218	13	Picture	FF	2077484	0	1	43200	2	0	43200
S021_MINIONCE_5218	13	Response	51	2086730	9246	1
S021_MINIONCE_5218	13	Pulse	99	2101352	23868	NA
S021_MINIONCE_5218	13	Port Input	1	2101352	23868	NA
S021_MINIONCE_5218	13	Picture	7_T_FFTRIAD_FF_martillo_red.png	2120684	43200	1	1900	2	43200	1800
S021_MINIONCE_5218	14	Picture	FF	2122784	0	1	43200	2	0	43200
S021_MINIONCE_5218	14	Response	51	2131609	8825	1
S021_MINIONCE_5218	14	Pulse	99	2137353	14569	NA
S021_MINIONCE_5218	14	Port Input	1	2137353	14569	NA
S021_MINIONCE_5218	14	Picture	8_T_FFTRIAD_FF_sombrilla_red.png	2165984	43200	1	1900	2	43200	1800
S021_MINIONCE_5218	15	Picture	FF	2168284	0	1	43099	2	0	43200
S021_MINIONCE_5218	15	Pulse	99	2173354	5070	NA
S021_MINIONCE_5218	15	Port Input	1	2173354	5070	NA
S021_MINIONCE_5218	15	Response	52	2187415	19131	1
S021_MINIONCE_5218	15	Pulse	99	2209355	41071	NA
S021_MINIONCE_5218	15	Port Input	1	2209355	41071	NA
S021_MINIONCE_5218	15	Picture	9_T_FFTRIAD_FF_esquimal_red.png	2211383	43099	1	1900	2	43200	1800
S021_MINIONCE_5218	16	Picture	FF	2213483	0	1	43200	2	0	43200
S021_MINIONCE_5218	16	Response	51	2229410	15927	1
S021_MINIONCE_5218	16	Pulse	99	2245356	31873	NA
S021_MINIONCE_5218	16	Port Input	1	2245356	31873	NA
S021_MINIONCE_5218	16	Picture	10_T_FFTRIAD_FF_violin_red.png	2256683	43200	1	1900	2	43200	1800
S021_MINIONCE_5218	17	Picture	rest	2258683	0	1	144099	2	0	144000
S021_MINIONCE_5218	17	Pulse	99	2281357	22674	NA
S021_MINIONCE_5218	17	Port Input	1	2281357	22674	NA
S021_MINIONCE_5218	17	Pulse	99	2317358	58675	NA
S021_MINIONCE_5218	17	Port Input	1	2317358	58675	NA
S021_MINIONCE_5218	17	Pulse	99	2353358	94675	NA
S021_MINIONCE_5218	17	Port Input	1	2353358	94675	NA
S021_MINIONCE_5218	17	Pulse	99	2389360	130677	NA
S021_MINIONCE_5218	17	Port Input	1	2389360	130677	NA
S021_MINIONCE_5218	18	Picture	endrest	2402882	0	1	10100	2	0	10000
S021_MINIONCE_5218	19	Picture	RW	2413182	0	1	43200	2	0	43200
S021_MINIONCE_5218	19	Pulse	99	2425360	12178	NA
S021_MINIONCE_5218	19	Port Input	1	2425360	12178	NA
S021_MINIONCE_5218	19	Response	51	2432090	18908	1
S021_MINIONCE_5218	19	Picture	13_T_RWTRIAD_RW_manos_red.png	2456382	43200	1	1900	2	43200	1800
S021_MINIONCE_5218	20	Picture	RW	2458482	0	1	43199	2	0	43200
S021_MINIONCE_5218	20	Pulse	99	2461361	2879	NA
S021_MINIONCE_5218	20	Port Input	1	2461361	2879	NA
S021_MINIONCE_5218	20	Response	52	2474159	15677	1
S021_MINIONCE_5218	20	Pulse	99	2497362	38880	NA
S021_MINIONCE_5218	20	Port Input	1	2497362	38880	NA
S021_MINIONCE_5218	20	Picture	14_T_RWTRIAD_RW_pincel_red.png	2501681	43199	1	1900	2	43200	1800
S021_MINIONCE_5218	21	Picture	RW	2503981	0	1	43100	2	0	43200
S021_MINIONCE_5218	21	Response	52	2519232	15251	1
S021_MINIONCE_5218	21	Pulse	99	2533363	29382	NA
S021_MINIONCE_5218	21	Port Input	1	2533363	29382	NA
S021_MINIONCE_5218	21	Picture	15_T_RWTRIAD_RW_queso_red.png	2547081	43100	1	1900	2	43200	1800
S021_MINIONCE_5218	22	Picture	RW	2549181	0	1	43200	2	0	43200
S021_MINIONCE_5218	22	Pulse	99	2569364	20183	NA
S021_MINIONCE_5218	22	Port Input	1	2569364	20183	NA
S021_MINIONCE_5218	22	Response	51	2575158	25977	1
S021_MINIONCE_5218	22	Picture	16_T_RWTRIAD_RW_perro_red.png	2592381	43200	1	1900	2	43200	1800
S021_MINIONCE_5218	23	Picture	RW	2594481	0	1	43199	2	0	43200
S021_MINIONCE_5218	23	Pulse	99	2605365	10884	NA
S021_MINIONCE_5218	23	Port Input	1	2605365	10884	NA
S021_MINIONCE_5218	23	Response	51	2608843	14362	1
S021_MINIONCE_5218	23	Picture	17_T_RWTRIAD_RW_bala_red.png	2637680	43199	1	1900	2	43200	1800
S021_MINIONCE_5218	24	Picture	RW	2639780	0	1	43200	2	0	43200
S021_MINIONCE_5218	24	Pulse	99	2641366	1586	NA
S021_MINIONCE_5218	24	Port Input	1	2641366	1586	NA
S021_MINIONCE_5218	24	Response	52	2654586	14806	1
S021_MINIONCE_5218	24	Pulse	99	2677367	37587	NA
S021_MINIONCE_5218	24	Port Input	1	2677367	37587	NA
S021_MINIONCE_5218	24	Picture	18_T_RWTRIAD_RW_plato_red.png	2682980	43200	1	1900	2	43200	1800
S021_MINIONCE_5218	25	Picture	RW	2685080	0	1	43200	2	0	43200
S021_MINIONCE_5218	25	Response	51	2700602	15522	2
S021_MINIONCE_5218	25	Pulse	99	2713368	28288	NA
S021_MINIONCE_5218	25	Port Input	1	2713368	28288	NA
S021_MINIONCE_5218	25	Picture	19_T_RWTRIAD_RW_candado_red.png	2728280	43200	1	1900	2	43200	1800
S021_MINIONCE_5218	26	Picture	RW	2730580	0	1	43099	2	0	43200
S021_MINIONCE_5218	26	Response	52	2745578	14998	1
S021_MINIONCE_5218	26	Pulse	99	2749369	18789	NA
S021_MINIONCE_5218	26	Port Input	1	2749369	18789	NA
S021_MINIONCE_5218	26	Picture	20_T_RWTRIAD_RW_bebe_red.png	2773679	43099	1	1900	2	43200	1800
S021_MINIONCE_5218	27	Picture	rest	2775679	0	1	144099	2	0	144000
S021_MINIONCE_5218	27	Pulse	99	2785370	9691	NA
S021_MINIONCE_5218	27	Port Input	1	2785370	9691	NA
S021_MINIONCE_5218	27	Pulse	99	2821371	45692	NA
S021_MINIONCE_5218	27	Port Input	1	2821371	45692	NA
S021_MINIONCE_5218	27	Pulse	99	2857372	81693	NA
S021_MINIONCE_5218	27	Port Input	1	2857372	81693	NA
S021_MINIONCE_5218	27	Pulse	99	2893373	117694	NA
S021_MINIONCE_5218	27	Port Input	1	2893373	117694	NA
S021_MINIONCE_5218	28	Picture	endrest	2919878	0	1	10100	2	0	10000
S021_MINIONCE_5218	28	Pulse	99	2929374	9496	NA
S021_MINIONCE_5218	28	Port Input	1	2929374	9496	NA
S021_MINIONCE_5218	29	Picture	RW	2930178	0	1	43200	2	0	43200
S021_MINIONCE_5218	29	Response	51	2944949	14771	1
S021_MINIONCE_5218	29	Pulse	99	2965375	35197	NA
S021_MINIONCE_5218	29	Port Input	1	2965375	35197	NA
S021_MINIONCE_5218	29	Picture	23_T_RWTRIAD_RW_telefono_red.png	2973378	43200	1	1900	2	43200	1800
S021_MINIONCE_5218	30	Picture	RW	2975478	0	1	43200	2	0	43200
S021_MINIONCE_5218	30	Response	51	2988033	12555	1
S021_MINIONCE_5218	30	Pulse	99	3001376	25898	NA
S021_MINIONCE_5218	30	Port Input	1	3001376	25898	NA
S021_MINIONCE_5218	30	Picture	24_T_RWTRIAD_RW_botella_red.png	3018678	43200	1	1900	2	43200	1800
S021_MINIONCE_5218	31	Picture	RW	3020778	0	1	43199	2	0	43200
S021_MINIONCE_5218	31	Response	51	3032914	12136	1
S021_MINIONCE_5218	31	Pulse	99	3037377	16599	NA
S021_MINIONCE_5218	31	Port Input	1	3037377	16599	NA
S021_MINIONCE_5218	31	Picture	25_T_RWTRIAD_RW_madera_red.png	3063977	43199	1	1900	2	43200	1800
S021_MINIONCE_5218	32	Picture	RW	3066077	0	1	43200	2	0	43200
S021_MINIONCE_5218	32	Pulse	99	3073378	7301	NA
S021_MINIONCE_5218	32	Port Input	1	3073378	7301	NA
S021_MINIONCE_5218	32	Response	51	3079825	13748	1
S021_MINIONCE_5218	32	Picture	26_T_RWTRIAD_RW_chupete_red.png	3109277	43200	1	1900	2	43200	1800
S021_MINIONCE_5218	32	Pulse	99	3109379	43302	NA
S021_MINIONCE_5218	32	Port Input	1	3109379	43302	NA
S021_MINIONCE_5218	33	Picture	FF	3111377	0	1	43200	2	0	43200
S021_MINIONCE_5218	33	Response	52	3126553	15176	1
S021_MINIONCE_5218	33	Pulse	99	3145380	34003	NA
S021_MINIONCE_5218	33	Port Input	1	3145380	34003	NA
S021_MINIONCE_5218	33	Picture	27_T_FFTRIAD_FF_molino_red.png	3154577	43200	1	1900	2	43200	1800
S021_MINIONCE_5218	34	Picture	FF	3156877	0	1	43099	2	0	43200
S021_MINIONCE_5218	34	Response	52	3171556	14679	1
S021_MINIONCE_5218	34	Pulse	99	3181381	24504	NA
S021_MINIONCE_5218	34	Port Input	1	3181381	24504	NA
S021_MINIONCE_5218	34	Picture	28_T_FFTRIAD_FF_futbol_red.png	3199976	43099	1	1900	2	43200	1800
S021_MINIONCE_5218	35	Picture	FF	3202076	0	1	43200	2	0	43200
S021_MINIONCE_5218	35	Response	52	3215842	13766	1
S021_MINIONCE_5218	35	Pulse	99	3217381	15305	NA
S021_MINIONCE_5218	35	Port Input	1	3217381	15305	NA
S021_MINIONCE_5218	35	Picture	29_T_FFTRIAD_FF_pizarra_red.png	3245276	43200	1	1900	2	43200	1800
S021_MINIONCE_5218	36	Picture	FF	3247376	0	1	43200	2	0	43200
S021_MINIONCE_5218	36	Pulse	99	3253383	6007	NA
S021_MINIONCE_5218	36	Port Input	1	3253383	6007	NA
S021_MINIONCE_5218	36	Response	52	3259438	12062	1
S021_MINIONCE_5218	36	Pulse	99	3289383	42007	NA
S021_MINIONCE_5218	36	Port Input	1	3289383	42007	NA
S021_MINIONCE_5218	36	Picture	30_T_FFTRIAD_FF_iglu_red.png	3290576	43200	1	1900	2	43200	1800
S021_MINIONCE_5218	37	Picture	rest	3292576	0	1	144099	2	0	144000
S021_MINIONCE_5218	37	Pulse	99	3325384	32808	NA
S021_MINIONCE_5218	37	Port Input	1	3325384	32808	NA
S021_MINIONCE_5218	37	Pulse	99	3361385	68809	NA
S021_MINIONCE_5218	37	Port Input	1	3361385	68809	NA
S021_MINIONCE_5218	37	Pulse	99	3397386	104810	NA
S021_MINIONCE_5218	37	Port Input	1	3397386	104810	NA
S021_MINIONCE_5218	37	Pulse	99	3433387	140811	NA
S021_MINIONCE_5218	37	Port Input	1	3433387	140811	NA
S021_MINIONCE_5218	38	Picture	endrest	3436774	0	2	10100	4	0	10000
S021_MINIONCE_5218	39	Picture	FF	3447274	0	2	43100	3	0	43200
S021_MINIONCE_5218	39	Response	52	3458329	11055	1
S021_MINIONCE_5218	39	Pulse	99	3469388	22114	NA
S021_MINIONCE_5218	39	Port Input	1	3469388	22114	NA
S021_MINIONCE_5218	39	Picture	33_T_FFTRIAD_FF_anillo_red.png	3490374	43100	1	1900	2	43200	1800
S021_MINIONCE_5218	40	Picture	FF	3492474	0	1	43200	2	0	43200
S021_MINIONCE_5218	40	Response	51	3501420	8946	1
S021_MINIONCE_5218	40	Pulse	99	3505389	12915	NA
S021_MINIONCE_5218	40	Port Input	1	3505389	12915	NA
S021_MINIONCE_5218	40	Picture	34_T_FFTRIAD_FF_leche_red.png	3535674	43200	1	1900	2	43200	1800
S021_MINIONCE_5218	41	Picture	FF	3537774	0	1	43199	3	0	43200
S021_MINIONCE_5218	41	Pulse	99	3541390	3616	NA
S021_MINIONCE_5218	41	Port Input	1	3541390	3616	NA
S021_MINIONCE_5218	41	Response	51	3548144	10370	1
S021_MINIONCE_5218	41	Pulse	99	3577391	39617	NA
S021_MINIONCE_5218	41	Port Input	1	3577391	39617	NA
S021_MINIONCE_5218	41	Picture	35_T_FFTRIAD_FF_lechuga_red.png	3580973	43199	2	1900	4	43200	1800
S021_MINIONCE_5218	42	Picture	FF	3583073	0	2	43200	3	0	43200
S021_MINIONCE_5218	42	Response	51	3593479	10406	1
S021_MINIONCE_5218	42	Pulse	99	3613392	30319	NA
S021_MINIONCE_5218	42	Port Input	1	3613392	30319	NA
S021_MINIONCE_5218	42	Picture	36_T_FFTRIAD_FF_oruga_red.png	3626273	43200	1	1900	2	43200	1800
S021_MINIONCE_5218	43	Picture	FF	3628373	0	1	43200	2	0	43200
S021_MINIONCE_5218	43	Response	52	3637448	9075	1
S021_MINIONCE_5218	43	Pulse	99	3649393	21020	NA
S021_MINIONCE_5218	43	Port Input	1	3649393	21020	NA
S021_MINIONCE_5218	43	Picture	37_T_FFTRIAD_FF_raton_red.png	3671573	43200	1	1900	2	43200	1800
S021_MINIONCE_5218	44	Picture	FF	3673873	0	1	43099	3	0	43200
S021_MINIONCE_5218	44	Response	52	3681766	7893	1
S021_MINIONCE_5218	44	Pulse	99	3685394	11521	NA
S021_MINIONCE_5218	44	Port Input	1	3685394	11521	NA
S021_MINIONCE_5218	44	Picture	38_T_FFTRIAD_FF_dedal_red.png	3716972	43099	2	1900	4	43200	1800
S021_MINIONCE_5218	45	Picture	FF	3719072	0	2	43200	3	0	43200
S021_MINIONCE_5218	45	Pulse	99	3721395	2323	NA
S021_MINIONCE_5218	45	Port Input	1	3721395	2323	NA
S021_MINIONCE_5218	45	Response	52	3734280	15208	1
S021_MINIONCE_5218	45	Pulse	99	3757396	38324	NA
S021_MINIONCE_5218	45	Port Input	1	3757396	38324	NA
S021_MINIONCE_5218	45	Picture	39_T_FFTRIAD_FF_almohada_red.png	3762272	43200	1	1900	2	43200	1800
S021_MINIONCE_5218	46	Picture	FF	3764372	0	1	43200	2	0	43200
S021_MINIONCE_5218	46	Response	52	3773607	9235	1
S021_MINIONCE_5218	46	Pulse	99	3793397	29025	NA
S021_MINIONCE_5218	46	Port Input	1	3793397	29025	NA
S021_MINIONCE_5218	46	Picture	40_T_FFTRIAD_FF_mono_red.png	3807572	43200	1	1900	2	43200	1800
S021_MINIONCE_5218	47	Picture	rest	3809572	0	1	144099	2	0	144000
S021_MINIONCE_5218	47	Pulse	99	3829398	19826	NA
S021_MINIONCE_5218	47	Port Input	1	3829398	19826	NA
S021_MINIONCE_5218	47	Pulse	99	3865399	55827	NA
S021_MINIONCE_5218	47	Port Input	1	3865399	55827	NA
S021_MINIONCE_5218	47	Pulse	99	3901400	91828	NA
S021_MINIONCE_5218	47	Port Input	1	3901400	91828	NA
S021_MINIONCE_5218	47	Pulse	99	3937401	127829	NA
S021_MINIONCE_5218	47	Port Input	1	3937401	127829	NA
S021_MINIONCE_5218	48	Picture	endrest	3953771	0	1	10100	2	0	10000
S021_MINIONCE_5218	49	Picture	RW	3964071	0	1	43199	2	0	43200
S021_MINIONCE_5218	49	Pulse	99	3973402	9331	NA
S021_MINIONCE_5218	49	Port Input	1	3973402	9331	NA
S021_MINIONCE_5218	49	Response	51	3977150	13079	1
S021_MINIONCE_5218	49	Picture	43_T_RWTRIAD_RW_tenedor_red.png	4007270	43199	1	1900	2	43200	1800
S021_MINIONCE_5218	49	Pulse	99	4009403	45332	NA
S021_MINIONCE_5218	49	Port Input	1	4009403	45332	NA
S021_MINIONCE_5218	50	Picture	RW	4009470	0	1	43100	2	0	43200
S021_MINIONCE_5218	50	Response	51	4031869	22399	1
S021_MINIONCE_5218	50	Pulse	99	4045404	35934	NA
S021_MINIONCE_5218	50	Port Input	1	4045404	35934	NA
S021_MINIONCE_5218	50	Picture	44_T_RWTRIAD_RW_banera_red.png	4052570	43100	1	1900	2	43200	1800
S021_MINIONCE_5218	51	Picture	RW	4054870	0	1	43200	2	0	43200
S021_MINIONCE_5218	51	Response	52	4067239	12369	2
S021_MINIONCE_5218	51	Pulse	99	4081404	26534	NA
S021_MINIONCE_5218	51	Port Input	1	4081404	26534	NA
S021_MINIONCE_5218	51	Picture	45_T_RWTRIAD_RW_bellota_red.png	4098070	43200	1	1900	2	43200	1800
S021_MINIONCE_5218	52	Picture	RW	4100170	0	1	43199	2	0	43200
S021_MINIONCE_5218	52	Response	52	4111220	11050	1
S021_MINIONCE_5218	52	Pulse	99	4117405	17235	NA
S021_MINIONCE_5218	52	Port Input	1	4117405	17235	NA
S021_MINIONCE_5218	52	Picture	46_T_RWTRIAD_RW_lechuga_red.png	4143369	43199	1	1900	2	43200	1800
S021_MINIONCE_5218	53	Picture	PW	4145469	0	1	43200	2	0	43200
S021_MINIONCE_5218	53	Pulse	99	4153406	7937	NA
S021_MINIONCE_5218	53	Port Input	1	4153406	7937	NA
S021_MINIONCE_5218	53	Response	51	4164894	19425	1
S021_MINIONCE_5218	53	Picture	47_T_PWTRIAD_PW_tenedor_red.png	4188669	43200	1	1900	2	43200	1800
S021_MINIONCE_5218	53	Pulse	99	4189407	43938	NA
S021_MINIONCE_5218	53	Port Input	1	4189407	43938	NA
S021_MINIONCE_5218	54	Picture	PW	4190769	0	1	43200	2	0	43200
S021_MINIONCE_5218	54	Response	52	4205800	15031	1
S021_MINIONCE_5218	54	Pulse	99	4225408	34639	NA
S021_MINIONCE_5218	54	Port Input	1	4225408	34639	NA
S021_MINIONCE_5218	54	Picture	48_T_PWTRIAD_PW_ascensor_red.png	4233969	43200	1	1900	2	43200	1800
S021_MINIONCE_5218	55	Picture	PW	4236069	0	1	43199	3	0	43200
S021_MINIONCE_5218	55	Response	52	4249995	13926	1
S021_MINIONCE_5218	55	Pulse	99	4261409	25340	NA
S021_MINIONCE_5218	55	Port Input	1	4261409	25340	NA
S021_MINIONCE_5218	55	Picture	49_T_PWTRIAD_PW_estetoscopio_red.png	4279268	43199	2	1900	3	43200	1800
S021_MINIONCE_5218	56	Picture	PW	4281368	0	1	43200	2	0	43200
S021_MINIONCE_5218	56	Pulse	99	4297410	16042	NA
S021_MINIONCE_5218	56	Port Input	1	4297410	16042	NA
S021_MINIONCE_5218	56	Response	52	4304548	23180	1
S021_MINIONCE_5218	56	Picture	50_T_PWTRIAD_PW_piramide_red.png	4324568	43200	1	1900	2	43200	1800
S021_MINIONCE_5218	57	Picture	rest	4326568	0	1	144099	2	0	144000
S021_MINIONCE_5218	57	Pulse	99	4333411	6843	NA
S021_MINIONCE_5218	57	Port Input	1	4333411	6843	NA
S021_MINIONCE_5218	57	Pulse	99	4369412	42844	NA
S021_MINIONCE_5218	57	Port Input	1	4369412	42844	NA
S021_MINIONCE_5218	57	Pulse	99	4405413	78845	NA
S021_MINIONCE_5218	57	Port Input	1	4405413	78845	NA
S021_MINIONCE_5218	57	Pulse	99	4441414	114846	NA
S021_MINIONCE_5218	57	Port Input	1	4441414	114846	NA
S021_MINIONCE_5218	58	Picture	endrest	4470767	0	1	10100	2	0	10000
S021_MINIONCE_5218	58	Pulse	99	4477415	6648	NA
S021_MINIONCE_5218	58	Port Input	1	4477415	6648	NA
S021_MINIONCE_5218	59	Picture	RW	4481067	0	1	43200	2	0	43200
S021_MINIONCE_5218	59	Response	51	4495682	14615	1
S021_MINIONCE_5218	59	Pulse	99	4513416	32349	NA
S021_MINIONCE_5218	59	Port Input	1	4513416	32349	NA
S021_MINIONCE_5218	59	Picture	53_T_RWTRIAD_RW_anillo_red.png	4524267	43200	1	1900	2	43200	1800
S021_MINIONCE_5218	60	Picture	RW	4526367	0	1	43199	2	0	43200
S021_MINIONCE_5218	60	Response	52	4538115	11748	1
S021_MINIONCE_5218	60	Pulse	99	4549417	23050	NA
S021_MINIONCE_5218	60	Port Input	1	4549417	23050	NA
S021_MINIONCE_5218	60	Picture	54_T_RWTRIAD_RW_paraguas_red.png	4569566	43199	1	1900	2	43200	1800
S021_MINIONCE_5218	61	Picture	RW	4571666	0	1	43200	2	0	43200
S021_MINIONCE_5218	61	Response	51	4584601	12935	1
S021_MINIONCE_5218	61	Pulse	99	4585418	13752	NA
S021_MINIONCE_5218	61	Port Input	1	4585418	13752	NA
S021_MINIONCE_5218	61	Picture	55_T_RWTRIAD_RW_cortina_red.png	4614866	43200	1	1900	2	43200	1800
S021_MINIONCE_5218	62	Picture	RW	4616966	0	1	43200	2	0	43200
S021_MINIONCE_5218	62	Pulse	99	4621419	4453	NA
S021_MINIONCE_5218	62	Port Input	1	4621419	4453	NA
S021_MINIONCE_5218	62	Response	51	4631208	14242	1
S021_MINIONCE_5218	62	Pulse	99	4657420	40454	NA
S021_MINIONCE_5218	62	Port Input	1	4657420	40454	NA
S021_MINIONCE_5218	62	Picture	56_T_RWTRIAD_RW_novia_red.png	4660166	43200	1	1900	2	43200	1800
S021_MINIONCE_5218	63	Picture	RW	4662266	0	1	43199	2	0	43200
S021_MINIONCE_5218	63	Response	51	4673578	11312	1
S021_MINIONCE_5218	63	Pulse	99	4693421	31155	NA
S021_MINIONCE_5218	63	Port Input	1	4693421	31155	NA
S021_MINIONCE_5218	63	Picture	57_T_RWTRIAD_RW_grifo_red.png	4705465	43199	1	1900	2	43200	1800
S021_MINIONCE_5218	64	Picture	RW	4707565	0	1	43200	2	0	43200
S021_MINIONCE_5218	64	Pulse	99	4729422	21857	NA
S021_MINIONCE_5218	64	Port Input	1	4729422	21857	NA
S021_MINIONCE_5218	64	Response	52	4732869	25304	1
S021_MINIONCE_5218	64	Picture	58_T_RWTRIAD_RW_molino_red.png	4750765	43200	1	1900	2	43200	1800
S021_MINIONCE_5218	65	Picture	RW	4753065	0	1	43100	2	0	43200
S021_MINIONCE_5218	65	Pulse	99	4765423	12358	NA
S021_MINIONCE_5218	65	Port Input	1	4765423	12358	NA
S021_MINIONCE_5218	65	Response	51	4766628	13563	1
S021_MINIONCE_5218	65	Picture	59_T_RWTRIAD_RW_policia_red.png	4796165	43100	1	1900	2	43200	1800
S021_MINIONCE_5218	66	Picture	RW	4798465	0	1	43099	2	0	43200
S021_MINIONCE_5218	66	Pulse	99	4801424	2959	NA
S021_MINIONCE_5218	66	Port Input	1	4801424	2959	NA
S021_MINIONCE_5218	66	Response	51	4817441	18976	1
S021_MINIONCE_5218	66	Pulse	99	4837425	38960	NA
S021_MINIONCE_5218	66	Port Input	1	4837425	38960	NA
S021_MINIONCE_5218	66	Picture	60_T_RWTRIAD_RW_carruaje_red.png	4841564	43099	1	1900	2	43200	1800
S021_MINIONCE_5218	67	Picture	rest	4843564	0	1	144099	2	0	144000
S021_MINIONCE_5218	67	Pulse	99	4873425	29861	NA
S021_MINIONCE_5218	67	Port Input	1	4873425	29861	NA
S021_MINIONCE_5218	67	Pulse	99	4909426	65862	NA
S021_MINIONCE_5218	67	Port Input	1	4909426	65862	NA
S021_MINIONCE_5218	67	Pulse	99	4945427	101863	NA
S021_MINIONCE_5218	67	Port Input	1	4945427	101863	NA
S021_MINIONCE_5218	67	Pulse	99	4981428	137864	NA
S021_MINIONCE_5218	67	Port Input	1	4981428	137864	NA
S021_MINIONCE_5218	68	Picture	endrest	4987763	0	1	10100	2	0	10000
S021_MINIONCE_5218	69	Picture	PW	4998163	0	1	43200	2	0	43200
S021_MINIONCE_5218	69	Response	51	5012951	14788	1
S021_MINIONCE_5218	69	Pulse	99	5017429	19266	NA
S021_MINIONCE_5218	69	Port Input	1	5017429	19266	NA
S021_MINIONCE_5218	69	Picture	63_T_PWTRIAD_PW_silla_red.png	5041363	43200	1	1900	2	43200	1800
S021_MINIONCE_5218	70	Picture	PW	5043563	0	1	43099	3	0	43200
S021_MINIONCE_5218	70	Pulse	99	5053430	9867	NA
S021_MINIONCE_5218	70	Port Input	1	5053430	9867	NA
S021_MINIONCE_5218	70	Response	51	5056259	12696	1
S021_MINIONCE_5218	70	Picture	64_T_PWTRIAD_PW_charco_red.png	5086662	43099	2	1900	4	43200	1800
S021_MINIONCE_5218	71	Picture	PW	5088962	0	2	43100	3	0	43200
S021_MINIONCE_5218	71	Pulse	99	5089431	469	NA
S021_MINIONCE_5218	71	Port Input	1	5089431	469	NA
S021_MINIONCE_5218	71	Response	51	5104019	15057	1
S021_MINIONCE_5218	71	Pulse	99	5125432	36470	NA
S021_MINIONCE_5218	71	Port Input	1	5125432	36470	NA
S021_MINIONCE_5218	71	Picture	65_T_PWTRIAD_PW_candado_red.png	5132062	43100	1	1900	2	43200	1800
S021_MINIONCE_5218	72	Picture	PW	5134162	0	1	43200	2	0	43200
S021_MINIONCE_5218	72	Response	52	5147941	13779	1
S021_MINIONCE_5218	72	Pulse	99	5161433	27271	NA
S021_MINIONCE_5218	72	Port Input	1	5161433	27271	NA
S021_MINIONCE_5218	72	Picture	66_T_PWTRIAD_PW_plato_red.png	5177362	43200	1	1900	2	43200	1800
S021_MINIONCE_5218	73	Picture	PW	5179462	0	1	43199	3	0	43200
S021_MINIONCE_5218	73	Response	52	5197329	17867	1
S021_MINIONCE_5218	73	Pulse	99	5197434	17972	NA
S021_MINIONCE_5218	73	Port Input	1	5197434	17972	NA
S021_MINIONCE_5218	73	Picture	67_T_PWTRIAD_PW_huevos_red.png	5222661	43199	2	1900	4	43200	1800
S021_MINIONCE_5218	74	Picture	PW	5224761	0	1	43200	2	0	43200
S021_MINIONCE_5218	74	Pulse	99	5233435	8674	NA
S021_MINIONCE_5218	74	Port Input	1	5233435	8674	NA
S021_MINIONCE_5218	74	Response	51	5247495	22734	1
S021_MINIONCE_5218	74	Picture	68_T_PWTRIAD_PW_telefono_red.png	5267961	43200	1	1900	2	43200	1800
S021_MINIONCE_5218	74	Pulse	99	5269436	44675	NA
S021_MINIONCE_5218	74	Port Input	1	5269436	44675	NA
S021_MINIONCE_5218	75	Picture	PW	5270061	0	1	43200	2	0	43200
S021_MINIONCE_5218	75	Response	51	5289936	19875	6
S021_MINIONCE_5218	75	Pulse	99	5305437	35376	NA
S021_MINIONCE_5218	75	Port Input	1	5305437	35376	NA
S021_MINIONCE_5218	75	Picture	69_T_PWTRIAD_PW_violin_red.png	5313261	43200	1	1900	2	43200	1800
S021_MINIONCE_5218	76	Picture	PW	5315561	0	1	43199	3	0	43200
S021_MINIONCE_5218	76	Response	51	5333745	18184	1
S021_MINIONCE_5218	76	Pulse	99	5341438	25877	NA
S021_MINIONCE_5218	76	Port Input	1	5341438	25877	NA
S021_MINIONCE_5218	76	Picture	70_T_PWTRIAD_PW_cortina_red.png	5358760	43199	2	1900	4	43200	1800
S021_MINIONCE_5218	77	Picture	rest	5360760	0	2	144099	3	0	144000
S021_MINIONCE_5218	77	Pulse	99	5377439	16679	NA
S021_MINIONCE_5218	77	Port Input	1	5377439	16679	NA
S021_MINIONCE_5218	77	Pulse	99	5413440	52680	NA
S021_MINIONCE_5218	77	Port Input	1	5413440	52680	NA
S021_MINIONCE_5218	77	Pulse	99	5449441	88681	NA
S021_MINIONCE_5218	77	Port Input	1	5449441	88681	NA
S021_MINIONCE_5218	77	Pulse	99	5485442	124682	NA
S021_MINIONCE_5218	77	Port Input	1	5485442	124682	NA
S021_MINIONCE_5218	78	Picture	endrest	5504959	0	1	10100	2	0	10000
S021_MINIONCE_5218	79	Picture	RW	5515259	0	1	43200	2	0	43200
S021_MINIONCE_5218	79	Pulse	99	5521443	6184	NA
S021_MINIONCE_5218	79	Port Input	1	5521443	6184	NA
S021_MINIONCE_5218	79	Response	52	5542564	27305	1
S021_MINIONCE_5218	79	Pulse	99	5557444	42185	NA
S021_MINIONCE_5218	79	Port Input	1	5557444	42185	NA
S021_MINIONCE_5218	79	Picture	73_T_RWTRIAD_RW_leche_red.png	5558459	43200	1	1900	2	43200	1800
S021_MINIONCE_5218	80	Picture	RW	5560559	0	1	43200	2	0	43200
S021_MINIONCE_5218	80	Response	52	5572336	11777	1
S021_MINIONCE_5218	80	Pulse	99	5593445	32886	NA
S021_MINIONCE_5218	80	Port Input	1	5593445	32886	NA
S021_MINIONCE_5218	80	Picture	74_T_RWTRIAD_RW_silla_red.png	5603759	43200	1	1900	2	43200	1800
S021_MINIONCE_5218	81	Picture	RW	5605859	0	1	43199	2	0	43200
S021_MINIONCE_5218	81	Response	51	5616606	10747	1
S021_MINIONCE_5218	81	Pulse	99	5629446	23587	NA
S021_MINIONCE_5218	81	Port Input	1	5629446	23587	NA
S021_MINIONCE_5218	81	Picture	75_T_RWTRIAD_RW_pizarra_red.png	5649058	43199	1	1900	2	43200	1800
S021_MINIONCE_5218	82	Picture	RW	5651158	0	1	43200	2	0	43200
S021_MINIONCE_5218	82	Response	52	5661610	10452	2
S021_MINIONCE_5218	82	Pulse	99	5665447	14289	NA
S021_MINIONCE_5218	82	Port Input	1	5665447	14289	NA
S021_MINIONCE_5218	82	Picture	76_T_RWTRIAD_RW_sombrilla_red.png	5694358	43200	1	1900	2	43200	1800
S021_MINIONCE_5218	83	Picture	RW	5696658	0	1	43100	2	0	43200
S021_MINIONCE_5218	83	Pulse	99	5701447	4789	NA
S021_MINIONCE_5218	83	Port Input	1	5701447	4789	NA
S021_MINIONCE_5218	83	Response	51	5707473	10815	1
S021_MINIONCE_5218	83	Pulse	99	5737448	40790	NA
S021_MINIONCE_5218	83	Port Input	1	5737448	40790	NA
S021_MINIONCE_5218	83	Picture	77_T_RWTRIAD_RW_cerillas_red.png	5739758	43100	1	1900	2	43200	1800
S021_MINIONCE_5218	84	Picture	RW	5741858	0	1	43199	2	0	43200
S021_MINIONCE_5218	84	Response	52	5757129	15271	2
S021_MINIONCE_5218	84	Pulse	99	5773449	31591	NA
S021_MINIONCE_5218	84	Port Input	1	5773449	31591	NA
S021_MINIONCE_5218	84	Picture	78_T_RWTRIAD_RW_murcielago_red.png	5785057	43199	1	1900	2	43200	1800
S021_MINIONCE_5218	85	Picture	RW	5787157	0	1	43200	2	0	43200
S021_MINIONCE_5218	85	Response	52	5800445	13288	1
S021_MINIONCE_5218	85	Pulse	99	5809450	22293	NA
S021_MINIONCE_5218	85	Port Input	1	5809450	22293	NA
S021_MINIONCE_5218	85	Picture	79_T_RWTRIAD_RW_pluma_red.png	5830357	43200	1	1900	2	43200	1800
S021_MINIONCE_5218	86	Picture	RW	5832657	0	1	43100	2	0	43200
S021_MINIONCE_5218	86	Pulse	99	5845451	12794	NA
S021_MINIONCE_5218	86	Port Input	1	5845451	12794	NA
S021_MINIONCE_5218	86	Response	51	5847849	15192	1
S021_MINIONCE_5218	86	Picture	80_T_RWTRIAD_RW_paracaidas_red.png	5875757	43100	1	1900	2	43200	1800
S021_MINIONCE_5218	87	Picture	rest	5877757	0	1	144099	2	0	144000
S021_MINIONCE_5218	87	Pulse	99	5881452	3695	NA
S021_MINIONCE_5218	87	Port Input	1	5881452	3695	NA
S021_MINIONCE_5218	87	Pulse	99	5917453	39696	NA
S021_MINIONCE_5218	87	Port Input	1	5917453	39696	NA
S021_MINIONCE_5218	87	Pulse	99	5953454	75697	NA
S021_MINIONCE_5218	87	Port Input	1	5953454	75697	NA
S021_MINIONCE_5218	87	Pulse	99	5989455	111698	NA
S021_MINIONCE_5218	87	Port Input	1	5989455	111698	NA
S021_MINIONCE_5218	88	Picture	endrest	6021956	0	1	10099	3	0	10000
S021_MINIONCE_5218	88	Pulse	99	6025456	3500	NA
S021_MINIONCE_5218	88	Port Input	1	6025456	3500	NA
S021_MINIONCE_5218	89	Picture	FF	6032255	0	2	43200	3	0	43200
S021_MINIONCE_5218	89	Response	52	6045718	13463	1
S021_MINIONCE_5218	89	Pulse	99	6061457	29202	NA
S021_MINIONCE_5218	89	Port Input	1	6061457	29202	NA
S021_MINIONCE_5218	89	Picture	83_T_FFTRIAD_FF_paracaidas_red.png	6075455	43200	1	1900	2	43200	1800
S021_MINIONCE_5218	90	Picture	FF	6077655	0	1	43200	2	0	43200
S021_MINIONCE_5218	90	Response	51	6087069	9414	1
S021_MINIONCE_5218	90	Pulse	99	6097458	19803	NA
S021_MINIONCE_5218	90	Port Input	1	6097458	19803	NA
S021_MINIONCE_5218	90	Picture	84_T_FFTRIAD_FF_tijera_red.png	6120855	43200	1	1900	3	43200	1800
S021_MINIONCE_5218	91	Picture	FF	6122955	0	2	43199	5	0	43200
S021_MINIONCE_5218	91	Pulse	99	6133459	10504	NA
S021_MINIONCE_5218	91	Port Input	1	6133459	10504	NA
S021_MINIONCE_5218	91	Response	52	6134558	11603	1
S021_MINIONCE_5218	91	Picture	85_T_FFTRIAD_FF_monja_red.png	6166154	43199	3	1900	5	43200	1800
S021_MINIONCE_5218	92	Picture	FF	6168354	0	2	43200	3	0	43200
S021_MINIONCE_5218	92	Pulse	99	6169460	1106	NA
S021_MINIONCE_5218	92	Port Input	1	6169460	1106	NA
S021_MINIONCE_5218	92	Response	51	6176245	7891	2
S021_MINIONCE_5218	92	Pulse	99	6205461	37107	NA
S021_MINIONCE_5218	92	Port Input	1	6205461	37107	NA
S021_MINIONCE_5218	92	Picture	86_T_FFTRIAD_FF_charco_red.png	6211554	43200	1	1900	2	43200	1800
S021_MINIONCE_5218	93	Picture	PW	6213654	0	1	43200	3	0	43200
S021_MINIONCE_5218	93	Response	51	6231086	17432	1
S021_MINIONCE_5218	93	Pulse	99	6241462	27808	NA
S021_MINIONCE_5218	93	Port Input	1	6241462	27808	NA
S021_MINIONCE_5218	93	Picture	87_T_PWTRIAD_PW_pilas_red.png	6256854	43200	2	1900	4	43200	1800
S021_MINIONCE_5218	94	Picture	PW	6258954	0	1	43199	3	0	43200
S021_MINIONCE_5218	94	Response	52	6273315	14361	1
S021_MINIONCE_5218	94	Pulse	99	6277463	18509	NA
S021_MINIONCE_5218	94	Port Input	1	6277463	18509	NA
S021_MINIONCE_5218	94	Picture	88_T_PWTRIAD_PW_cuento_red.png	6302153	43199	2	1900	4	43200	1800
S021_MINIONCE_5218	95	Picture	PW	6304253	0	2	43200	4	0	43200
S021_MINIONCE_5218	95	Pulse	99	6313464	9211	NA
S021_MINIONCE_5218	95	Port Input	1	6313464	9211	NA
S021_MINIONCE_5218	95	Response	52	6323459	19206	1
S021_MINIONCE_5218	95	Picture	89_T_PWTRIAD_PW_gafas_red.png	6347453	43200	2	1900	4	43200	1800
S021_MINIONCE_5218	95	Pulse	99	6349465	45212	NA
S021_MINIONCE_5218	95	Port Input	1	6349465	45212	NA
S021_MINIONCE_5218	96	Picture	PW	6349752	0	3	43100	5	0	43200
S021_MINIONCE_5218	96	Response	52	6369086	19334	1
S021_MINIONCE_5218	96	Pulse	99	6385466	35714	NA
S021_MINIONCE_5218	96	Port Input	1	6385466	35714	NA
S021_MINIONCE_5218	96	Picture	90_T_PWTRIAD_PW_grapadora_red.png	6392852	43100	2	1900	4	43200	1800
S021_MINIONCE_5218	97	Picture	rest	6394852	0	2	144100	3	0	144000
S021_MINIONCE_5218	97	Pulse	99	6421467	26615	NA
S021_MINIONCE_5218	97	Port Input	1	6421467	26615	NA
S021_MINIONCE_5218	97	Pulse	99	6457468	62616	NA
S021_MINIONCE_5218	97	Port Input	1	6457468	62616	NA
S021_MINIONCE_5218	97	Pulse	99	6493468	98616	NA
S021_MINIONCE_5218	97	Port Input	1	6493468	98616	NA
S021_MINIONCE_5218	97	Pulse	99	6529469	134617	NA
S021_MINIONCE_5218	97	Port Input	1	6529469	134617	NA
S021_MINIONCE_5218	98	Picture	endrest	6539052	0	1	10100	2	0	10000
S021_MINIONCE_5218	99	Picture	FF	6549352	0	1	43199	2	0	43200
S021_MINIONCE_5218	99	Pulse	99	6565470	16118	NA
S021_MINIONCE_5218	99	Port Input	1	6565470	16118	NA
S021_MINIONCE_5218	99	Response	51	6566765	17413	1
S021_MINIONCE_5218	99	Picture	93_T_FFTRIAD_FF_pincel_red.png	6592551	43199	1	1900	2	43200	1800
S021_MINIONCE_5218	100	Picture	FF	6594651	0	1	43200	2	0	43200
S021_MINIONCE_5218	100	Pulse	99	6601471	6820	NA
S021_MINIONCE_5218	100	Port Input	1	6601471	6820	NA
S021_MINIONCE_5218	100	Response	52	6606197	11546	2
S021_MINIONCE_5218	100	Pulse	99	6637472	42821	NA
S021_MINIONCE_5218	100	Port Input	1	6637472	42821	NA
S021_MINIONCE_5218	100	Picture	94_T_FFTRIAD_FF_cerillas_red.png	6637851	43200	1	1900	2	43200	1800
S021_MINIONCE_5218	101	Picture	FF	6639951	0	1	43200	2	0	43200
S021_MINIONCE_5218	101	Response	52	6649012	9061	1
S021_MINIONCE_5218	101	Pulse	99	6673473	33522	NA
S021_MINIONCE_5218	101	Port Input	1	6673473	33522	NA
S021_MINIONCE_5218	101	Picture	95_T_FFTRIAD_FF_cinturon_red.png	6683151	43200	1	1900	2	43200	1800
S021_MINIONCE_5218	102	Picture	FF	6685251	0	1	43199	2	0	43200
S021_MINIONCE_5218	102	Response	51	6695280	10029	1
S021_MINIONCE_5218	102	Pulse	99	6709474	24223	NA
S021_MINIONCE_5218	102	Port Input	1	6709474	24223	NA
S021_MINIONCE_5218	102	Picture	96_T_FFTRIAD_FF_grifo_red.png	6728450	43199	1	1900	2	43200	1800
S021_MINIONCE_5218	103	Picture	FF	6730550	0	1	43200	2	0	43200
S021_MINIONCE_5218	103	Response	52	6742259	11709	1
S021_MINIONCE_5218	103	Pulse	99	6745475	14925	NA
S021_MINIONCE_5218	103	Port Input	1	6745475	14925	NA
S021_MINIONCE_5218	103	Picture	97_T_FFTRIAD_FF_paraguas_red.png	6773750	43200	1	1900	2	43200	1800
S021_MINIONCE_5218	104	Picture	FF	6775850	0	1	43200	2	0	43200
S021_MINIONCE_5218	104	Pulse	99	6781476	5626	NA
S021_MINIONCE_5218	104	Port Input	1	6781476	5626	NA
S021_MINIONCE_5218	104	Response	52	6783892	8042	1
S021_MINIONCE_5218	104	Pulse	99	6817477	41627	NA
S021_MINIONCE_5218	104	Port Input	1	6817477	41627	NA
S021_MINIONCE_5218	104	Picture	98_T_FFTRIAD_FF_pilas_red.png	6819050	43200	1	1900	2	43200	1800
S021_MINIONCE_5218	105	Picture	FF	6821150	0	1	43199	2	0	43200
S021_MINIONCE_5218	105	Response	51	6832941	11791	2
S021_MINIONCE_5218	105	Pulse	99	6853478	32328	NA
S021_MINIONCE_5218	105	Port Input	1	6853478	32328	NA
S021_MINIONCE_5218	105	Picture	99_T_FFTRIAD_FF_arco_red.png	6864349	43199	1	1900	2	43200	1800
S021_MINIONCE_5218	106	Picture	FF	6866449	0	1	43200	2	0	43200
S021_MINIONCE_5218	106	Response	52	6874247	7798	2
S021_MINIONCE_5218	106	Pulse	99	6889479	23030	NA
S021_MINIONCE_5218	106	Port Input	1	6889479	23030	NA
S021_MINIONCE_5218	106	Picture	100_T_FFTRIAD_FF_manos_red.png	6909649	43200	1	1900	2	43200	1800
S021_MINIONCE_5218	107	Picture	rest	6911649	0	1	144099	2	0	144000
S021_MINIONCE_5218	107	Pulse	99	6925480	13831	NA
S021_MINIONCE_5218	107	Port Input	1	6925480	13831	NA
S021_MINIONCE_5218	107	Pulse	99	6961481	49832	NA
S021_MINIONCE_5218	107	Port Input	1	6961481	49832	NA
S021_MINIONCE_5218	107	Pulse	99	6997482	85833	NA
S021_MINIONCE_5218	107	Port Input	1	6997482	85833	NA
S021_MINIONCE_5218	107	Pulse	99	7033483	121834	NA
S021_MINIONCE_5218	107	Port Input	1	7033483	121834	NA
S021_MINIONCE_5218	108	Picture	endrest	7055848	0	1	10100	2	0	10000
S021_MINIONCE_5218	109	Picture	PW	7066148	0	1	43200	2	0	43200
S021_MINIONCE_5218	109	Pulse	99	7069484	3336	NA
S021_MINIONCE_5218	109	Port Input	1	7069484	3336	NA
S021_MINIONCE_5218	109	Response	51	7081938	15790	1
S021_MINIONCE_5218	109	Pulse	99	7105485	39337	NA
S021_MINIONCE_5218	109	Port Input	1	7105485	39337	NA
S021_MINIONCE_5218	109	Picture	103_T_PWTRIAD_PW_molino_red.png	7109348	43200	1	1899	3	43200	1800
S021_MINIONCE_5218	110	Picture	PW	7111448	0	1	43199	2	0	43200
S021_MINIONCE_5218	110	Response	52	7123696	12248	1
S021_MINIONCE_5218	110	Pulse	99	7141486	30038	NA
S021_MINIONCE_5218	110	Port Input	1	7141486	30038	NA
S021_MINIONCE_5218	110	Picture	104_T_PWTRIAD_PW_martillo_red.png	7154647	43199	1	1900	2	43200	1800
S021_MINIONCE_5218	111	Picture	PW	7156747	0	1	43200	2	0	43200
S021_MINIONCE_5218	111	Response	51	7173803	17056	1
S021_MINIONCE_5218	111	Pulse	99	7177487	20740	NA
S021_MINIONCE_5218	111	Port Input	1	7177487	20740	NA
S021_MINIONCE_5218	111	Picture	105_T_PWTRIAD_PW_tijera_red.png	7199947	43200	1	1900	2	43200	1800
S021_MINIONCE_5218	112	Picture	PW	7202047	0	1	43200	2	0	43200
S021_MINIONCE_5218	112	Pulse	99	7213487	11440	NA
S021_MINIONCE_5218	112	Port Input	1	7213487	11440	NA
S021_MINIONCE_5218	112	Response	52	7220014	17967	1
S021_MINIONCE_5218	112	Picture	106_T_PWTRIAD_PW_cinturon_red.png	7245247	43200	1	1899	3	43200	1800
S021_MINIONCE_5218	113	Picture	PW	7247346	0	2	43200	3	0	43200
S021_MINIONCE_5218	113	Pulse	99	7249488	2142	NA
S021_MINIONCE_5218	113	Port Input	1	7249488	2142	NA
S021_MINIONCE_5218	113	Response	51	7263810	16464	2
S021_MINIONCE_5218	113	Pulse	99	7285489	38143	NA
S021_MINIONCE_5218	113	Port Input	1	7285489	38143	NA
S021_MINIONCE_5218	113	Picture	107_T_PWTRIAD_PW_traje_red.png	7290546	43200	1	1900	2	43200	1800
S021_MINIONCE_5218	114	Picture	PW	7292746	0	1	43200	2	0	43200
S021_MINIONCE_5218	114	Response	52	7312007	19261	1
S021_MINIONCE_5218	114	Pulse	99	7321490	28744	NA
S021_MINIONCE_5218	114	Port Input	1	7321490	28744	NA
S021_MINIONCE_5218	114	Picture	108_T_PWTRIAD_PW_sobre_red.png	7335946	43200	1	1900	2	43200	1800
S021_MINIONCE_5218	115	Picture	PW	7338046	0	1	43199	3	0	43200
S021_MINIONCE_5218	115	Response	51	7355697	17651	1
S021_MINIONCE_5218	115	Pulse	99	7357491	19445	NA
S021_MINIONCE_5218	115	Port Input	1	7357491	19445	NA
S021_MINIONCE_5218	115	Picture	109_T_PWTRIAD_PW_television_red.png	7381245	43199	2	1901	3	43200	1800
S021_MINIONCE_5218	116	Picture	PW	7383545	0	2	43100	3	0	43200
S021_MINIONCE_5218	116	Pulse	99	7393492	9947	NA
S021_MINIONCE_5218	116	Port Input	1	7393492	9947	NA
S021_MINIONCE_5218	116	Response	52	7403535	19990	1
S021_MINIONCE_5218	116	Picture	110_T_PWTRIAD_PW_paraguas_red.png	7426645	43100	1	1900	2	43200	1800
S021_MINIONCE_5218	117	Picture	rest	7428645	0	1	144099	2	0	144000
S021_MINIONCE_5218	117	Pulse	99	7429493	848	NA
S021_MINIONCE_5218	117	Port Input	1	7429493	848	NA
S021_MINIONCE_5218	117	Pulse	99	7465494	36849	NA
S021_MINIONCE_5218	117	Port Input	1	7465494	36849	NA
S021_MINIONCE_5218	117	Pulse	99	7501495	72850	NA
S021_MINIONCE_5218	117	Port Input	1	7501495	72850	NA
S021_MINIONCE_5218	117	Pulse	99	7537496	108851	NA
S021_MINIONCE_5218	117	Port Input	1	7537496	108851	NA
S021_MINIONCE_5218	118	Picture	endrest	7572844	0	1	10100	2	0	10000
S021_MINIONCE_5218	118	Pulse	99	7573497	653	NA
S021_MINIONCE_5218	118	Port Input	1	7573497	653	NA
S021_MINIONCE_5218	119	Picture	PW	7583144	0	1	43200	2	0	43200
S021_MINIONCE_5218	119	Pulse	99	7609498	26354	NA
S021_MINIONCE_5218	119	Port Input	1	7609498	26354	NA
S021_MINIONCE_5218	119	Picture	113_T_PWTRIAD_PW_raton_red.png	7626344	43200	1	1900	2	43200	1800
S021_MINIONCE_5218	120	Picture	PW	7628444	0	1	43199	2	0	43200
S021_MINIONCE_5218	120	Pulse	99	7645499	17055	NA
S021_MINIONCE_5218	120	Port Input	1	7645499	17055	NA
S021_MINIONCE_5218	120	Response	51	7650860	22416	1
S021_MINIONCE_5218	120	Response	52	7650864	22420	2
S021_MINIONCE_5218	120	Response	52	7665923	37479	1
S021_MINIONCE_5218	120	Picture	114_T_PWTRIAD_PW_destornillador_red.png	7671643	43199	1	1900	2	43200	1800
S021_MINIONCE_5218	121	Picture	PW	7673743	0	1	43200	2	0	43200
S021_MINIONCE_5218	121	Pulse	99	7681500	7757	NA
S021_MINIONCE_5218	121	Port Input	1	7681500	7757	NA
S021_MINIONCE_5218	121	Response	52	7688465	14722	1
S021_MINIONCE_5218	121	Picture	115_T_PWTRIAD_PW_llave_red.png	7716943	43200	1	1900	2	43200	1800
S021_MINIONCE_5218	121	Pulse	99	7717501	43758	NA
S021_MINIONCE_5218	121	Port Input	1	7717501	43758	NA
S021_MINIONCE_5218	122	Picture	PW	7719043	0	1	43200	2	0	43200
S021_MINIONCE_5218	122	Response	51	7740627	21584	1
S021_MINIONCE_5218	122	Pulse	99	7753502	34459	NA
S021_MINIONCE_5218	122	Port Input	1	7753502	34459	NA
S021_MINIONCE_5218	122	Picture	116_T_PWTRIAD_PW_granjero_red.png	7762243	43200	1	1900	2	43200	1800
S021_MINIONCE_5218	123	Picture	PW	7764543	0	1	43099	2	0	43200
S021_MINIONCE_5218	123	Pulse	99	7789503	24960	NA
S021_MINIONCE_5218	123	Port Input	1	7789503	24960	NA
S021_MINIONCE_5218	123	Response	51	7790667	26124	1
S021_MINIONCE_5218	123	Picture	117_T_PWTRIAD_PW_carruaje_red.png	7807642	43099	1	1900	2	43200	1800
S021_MINIONCE_5218	124	Picture	PW	7809742	0	1	43200	2	0	43200
S021_MINIONCE_5218	124	Pulse	99	7825504	15762	NA
S021_MINIONCE_5218	124	Port Input	1	7825504	15762	NA
S021_MINIONCE_5218	124	Response	51	7827550	17808	1
S021_MINIONCE_5218	124	Picture	118_T_PWTRIAD_PW_pincel_red.png	7852942	43200	1	1900	2	43200	1800
S021_MINIONCE_5218	125	Picture	PW	7855042	0	1	43200	2	0	43200
S021_MINIONCE_5218	125	Pulse	99	7861505	6463	NA
S021_MINIONCE_5218	125	Port Input	1	7861505	6463	NA
S021_MINIONCE_5218	125	Response	51	7870216	15174	1
S021_MINIONCE_5218	125	Pulse	99	7897506	42464	NA
S021_MINIONCE_5218	125	Port Input	1	7897506	42464	NA
S021_MINIONCE_5218	125	Picture	119_T_PWTRIAD_PW_ancla_red.png	7898242	43200	1	1900	2	43200	1800
S021_MINIONCE_5218	126	Picture	PW	7900342	0	1	43199	3	0	43200
S021_MINIONCE_5218	126	Response	52	7918231	17889	1
S021_MINIONCE_5218	126	Pulse	99	7933507	33165	NA
S021_MINIONCE_5218	126	Port Input	1	7933507	33165	NA
S021_MINIONCE_5218	126	Picture	120_T_PWTRIAD_PW_mono_red.png	7943541	43199	2	1900	3	43200	1800
S021_MINIONCE_5218	127	Picture	rest	7945541	0	1	144099	2	0	144000
S021_MINIONCE_5218	127	Pulse	99	7969507	23966	NA
S021_MINIONCE_5218	127	Port Input	1	7969507	23966	NA
S021_MINIONCE_5218	127	Pulse	99	8005508	59967	NA
S021_MINIONCE_5218	127	Port Input	1	8005508	59967	NA
S021_MINIONCE_5218	127	Pulse	99	8041509	95968	NA
S021_MINIONCE_5218	127	Port Input	1	8041509	95968	NA
S021_MINIONCE_5218	127	Pulse	99	8077510	131969	NA
S021_MINIONCE_5218	127	Port Input	1	8077510	131969	NA
S021_MINIONCE_5218	128	Picture	endrest	8089740	0	1	10100	2	0	10000
S021_MINIONCE_5218	129	Picture	PW	8100140	0	1	43200	2	0	43200
S021_MINIONCE_5218	129	Pulse	99	8113511	13371	NA
S021_MINIONCE_5218	129	Port Input	1	8113511	13371	NA
S021_MINIONCE_5218	129	Response	52	8121778	21638	1
S021_MINIONCE_5218	129	Picture	123_T_PWTRIAD_PW_dado_red.png	8143340	43200	1	1900	2	43200	1800
S021_MINIONCE_5218	130	Picture	PW	8145540	0	1	43100	2	0	43200
S021_MINIONCE_5218	130	Pulse	99	8149512	3972	NA
S021_MINIONCE_5218	130	Port Input	1	8149512	3972	NA
S021_MINIONCE_5218	130	Response	51	8160926	15386	1
S021_MINIONCE_5218	130	Pulse	99	8185513	39973	NA
S021_MINIONCE_5218	130	Port Input	1	8185513	39973	NA
S021_MINIONCE_5218	130	Picture	124_T_PWTRIAD_PW_arbol_red.png	8188640	43100	1	1900	2	43200	1800
S021_MINIONCE_5218	131	Picture	PW	8190740	0	1	43199	2	0	43200
S021_MINIONCE_5218	131	Response	51	8206992	16252	1
S021_MINIONCE_5218	131	Pulse	99	8221514	30774	NA
S021_MINIONCE_5218	131	Port Input	1	8221514	30774	NA
S021_MINIONCE_5218	131	Picture	125_T_PWTRIAD_PW_queso_red.png	8233939	43199	1	1900	2	43200	1800
S021_MINIONCE_5218	132	Picture	PW	8236039	0	1	43200	2	0	43200
S021_MINIONCE_5218	132	Response	51	8257273	21234	1
S021_MINIONCE_5218	132	Pulse	99	8257515	21476	NA
S021_MINIONCE_5218	132	Port Input	1	8257515	21476	NA
S021_MINIONCE_5218	132	Picture	126_T_PWTRIAD_PW_madera_red.png	8279239	43200	1	1900	2	43200	1800
S021_MINIONCE_5218	133	Picture	FF	8281539	0	1	43100	2	0	43200
S021_MINIONCE_5218	133	Response	52	8293271	11732	1
S021_MINIONCE_5218	133	Pulse	99	8293516	11977	NA
S021_MINIONCE_5218	133	Port Input	1	8293516	11977	NA
S021_MINIONCE_5218	133	Picture	127_T_FFTRIAD_FF_portatil_red.png	8324639	43100	1	1900	2	43200	1800
S021_MINIONCE_5218	134	Picture	FF	8326739	0	1	43199	2	0	43200
S021_MINIONCE_5218	134	Pulse	99	8329517	2778	NA
S021_MINIONCE_5218	134	Port Input	1	8329517	2778	NA
S021_MINIONCE_5218	134	Response	51	8336249	9510	1
S021_MINIONCE_5218	134	Pulse	99	8365518	38779	NA
S021_MINIONCE_5218	134	Port Input	1	8365518	38779	NA
S021_MINIONCE_5218	134	Picture	128_T_FFTRIAD_FF_madera_red.png	8369938	43199	1	1900	2	43200	1800
S021_MINIONCE_5218	135	Picture	FF	8372038	0	1	43200	2	0	43200
S021_MINIONCE_5218	135	Response	52	8383068	11030	1
S021_MINIONCE_5218	135	Pulse	99	8401519	29481	NA
S021_MINIONCE_5218	135	Port Input	1	8401519	29481	NA
S021_MINIONCE_5218	135	Picture	129_T_FFTRIAD_FF_policia_red.png	8415238	43200	1	1900	2	43200	1800
S021_MINIONCE_5218	136	Picture	FF	8417338	0	1	43200	2	0	43200
S021_MINIONCE_5218	136	Response	52	8428845	11507	1
S021_MINIONCE_5218	136	Pulse	99	8437520	20182	NA
S021_MINIONCE_5218	136	Port Input	1	8437520	20182	NA
S021_MINIONCE_5218	136	Picture	130_T_FFTRIAD_FF_murcielago_red.png	8460538	43200	1	1900	2	43200	1800
S021_MINIONCE_5218	137	Picture	rest	8462538	0	1	144098	3	0	144000
S021_MINIONCE_5218	137	Pulse	99	8473521	10983	NA
S021_MINIONCE_5218	137	Port Input	1	8473521	10983	NA
S021_MINIONCE_5218	137	Pulse	99	8509522	46984	NA
S021_MINIONCE_5218	137	Port Input	1	8509522	46984	NA
S021_MINIONCE_5218	137	Pulse	99	8545523	82985	NA
S021_MINIONCE_5218	137	Port Input	1	8545523	82985	NA
S021_MINIONCE_5218	137	Pulse	99	8581524	118986	NA
S021_MINIONCE_5218	137	Port Input	1	8581524	118986	NA
S021_MINIONCE_5218	138	Picture	endrest	8606736	0	2	10100	4	0	10000
S021_MINIONCE_5218	139	Picture	RW	8617036	0	2	43200	3	0	43200
S021_MINIONCE_5218	139	Pulse	99	8617525	489	NA
S021_MINIONCE_5218	139	Port Input	1	8617525	489	NA
S021_MINIONCE_5218	139	Response	52	8633005	15969	1
S021_MINIONCE_5218	139	Pulse	99	8653526	36490	NA
S021_MINIONCE_5218	139	Port Input	1	8653526	36490	NA
S021_MINIONCE_5218	139	Picture	133_T_RWTRIAD_RW_arbol_red.png	8660236	43200	1	1900	2	43200	1800
S021_MINIONCE_5218	140	Picture	RW	8662336	0	1	43200	2	0	43200
S021_MINIONCE_5218	140	Response	52	8675889	13553	1
S021_MINIONCE_5218	140	Pulse	99	8689527	27191	NA
S021_MINIONCE_5218	140	Port Input	1	8689527	27191	NA
S021_MINIONCE_5218	140	Picture	134_T_RWTRIAD_RW_sapo_red.png	8705536	43200	1	1900	2	43200	1800
S021_MINIONCE_5218	141	Picture	RW	8707636	0	1	43199	3	0	43200
S021_MINIONCE_5218	141	Response	51	8718812	11176	2
S021_MINIONCE_5218	141	Pulse	99	8725527	17891	NA
S021_MINIONCE_5218	141	Port Input	1	8725527	17891	NA
S021_MINIONCE_5218	141	Picture	135_T_RWTRIAD_RW_teclado_red.png	8750835	43199	2	1900	4	43200	1800
S021_MINIONCE_5218	142	Picture	RW	8752935	0	2	43200	3	0	43200
S021_MINIONCE_5218	142	Pulse	99	8761528	8593	NA
S021_MINIONCE_5218	142	Port Input	1	8761528	8593	NA
S021_MINIONCE_5218	142	Response	51	8765530	12595	1
S021_MINIONCE_5218	142	Picture	136_T_RWTRIAD_RW_television_red.png	8796135	43200	1	1900	2	43200	1800
S021_MINIONCE_5218	142	Pulse	99	8797529	44594	NA
S021_MINIONCE_5218	142	Port Input	1	8797529	44594	NA
S021_MINIONCE_5218	143	Picture	rest	8798135	0	1	144099	2	0	144000
S021_MINIONCE_5218	143	Pulse	99	8833530	35395	NA
S021_MINIONCE_5218	143	Port Input	1	8833530	35395	NA
S021_MINIONCE_5218	144	Picture	endrest	8942334	0	1	10100	2	0	10000
S021_MINIONCE_5218	145	Picture	endrest	8952534	0	1	10100	2	0	10000
S021_MINIONCE_5218	146	Picture	endrest	8962734	0	1	10100	2	0	10000
S021_MINIONCE_5218	147	Picture	endrest	8972934	0	1	10100	2	0	10000
