Scenario - vOT_Triads_fMRI_I
Logfile written - 10/27/2015 13:17:50

Subject	Trial	Event Type	Code	Time	TTime	Uncertainty	Duration	Uncertainty	ReqTime	ReqDur

S021_DAY2_MINITWICE_3782	1	Response	51	437707	447607	1
S021_DAY2_MINITWICE_3782	1	Response	52	440893	450793	1
S021_DAY2_MINITWICE_3782	1	Response	98	1717045	1726945	1
S021_DAY2_MINITWICE_3782	2	Response	52	1745495	28308	1
S021_DAY2_MINITWICE_3782	2	Response	98	1749780	32593	1
S021_DAY2_MINITWICE_3782	3	Response	51	1767561	17674	1
S021_DAY2_MINITWICE_3782	3	Response	98	1772397	22510	1
S021_DAY2_MINITWICE_3782	4	Response	52	1783672	11185	2
S021_DAY2_MINITWICE_3782	4	Response	98	1788725	16238	2
S021_DAY2_MINITWICE_3782	6	Pulse	99	1991902	203015	NA
S021_DAY2_MINITWICE_3782	6	Port Input	1	1991902	203015	NA
S021_DAY2_MINITWICE_3782	6	Pulse	99	2027903	239016	NA
S021_DAY2_MINITWICE_3782	6	Port Input	1	2027903	239016	NA
S021_DAY2_MINITWICE_3782	6	Pulse	99	2063904	275017	NA
S021_DAY2_MINITWICE_3782	6	Port Input	1	2063904	275017	NA
S021_DAY2_MINITWICE_3782	6	Pulse	99	2099905	311018	NA
S021_DAY2_MINITWICE_3782	6	Port Input	1	2099905	311018	NA
S021_DAY2_MINITWICE_3782	6	Pulse	99	2135906	347019	NA
S021_DAY2_MINITWICE_3782	6	Port Input	1	2135906	347019	NA
S021_DAY2_MINITWICE_3782	7	Picture	rest	2136184	0	1	144099	2	0	144000
S021_DAY2_MINITWICE_3782	7	Pulse	99	2171907	35723	NA
S021_DAY2_MINITWICE_3782	7	Port Input	1	2171907	35723	NA
S021_DAY2_MINITWICE_3782	7	Pulse	99	2207907	71723	NA
S021_DAY2_MINITWICE_3782	7	Port Input	1	2207907	71723	NA
S021_DAY2_MINITWICE_3782	7	Pulse	99	2243908	107724	NA
S021_DAY2_MINITWICE_3782	7	Port Input	1	2243908	107724	NA
S021_DAY2_MINITWICE_3782	7	Pulse	99	2279909	143725	NA
S021_DAY2_MINITWICE_3782	7	Port Input	1	2279909	143725	NA
S021_DAY2_MINITWICE_3782	8	Picture	endrest	2280383	0	1	10100	2	0	10000
S021_DAY2_MINITWICE_3782	9	Picture	RW	2290683	0	1	43200	2	0	43200
S021_DAY2_MINITWICE_3782	9	Response	51	2308117	17434	1
S021_DAY2_MINITWICE_3782	9	Pulse	99	2315910	25227	NA
S021_DAY2_MINITWICE_3782	9	Port Input	1	2315910	25227	NA
S021_DAY2_MINITWICE_3782	9	Picture	3_T_RWTRIAD_RW_zanahoria_red.png	2333883	43200	1	1900	2	43200	1800
S021_DAY2_MINITWICE_3782	10	Picture	RW	2335983	0	1	43099	2	0	43200
S021_DAY2_MINITWICE_3782	10	Response	52	2346851	10868	1
S021_DAY2_MINITWICE_3782	10	Pulse	99	2351911	15928	NA
S021_DAY2_MINITWICE_3782	10	Port Input	1	2351911	15928	NA
S021_DAY2_MINITWICE_3782	10	Picture	4_T_RWTRIAD_RW_arco_red.png	2379082	43099	1	1900	2	43200	1800
S021_DAY2_MINITWICE_3782	11	Picture	RW	2381182	0	1	43200	2	0	43200
S021_DAY2_MINITWICE_3782	11	Pulse	99	2387912	6730	NA
S021_DAY2_MINITWICE_3782	11	Port Input	1	2387912	6730	NA
S021_DAY2_MINITWICE_3782	11	Response	52	2391572	10390	1
S021_DAY2_MINITWICE_3782	11	Pulse	99	2423913	42731	NA
S021_DAY2_MINITWICE_3782	11	Port Input	1	2423913	42731	NA
S021_DAY2_MINITWICE_3782	11	Picture	5_T_RWTRIAD_RW_futbol_red.png	2424382	43200	1	1900	2	43200	1800
S021_DAY2_MINITWICE_3782	12	Picture	RW	2426482	0	1	43200	2	0	43200
S021_DAY2_MINITWICE_3782	12	Response	51	2441585	15103	1
S021_DAY2_MINITWICE_3782	12	Pulse	99	2459914	33432	NA
S021_DAY2_MINITWICE_3782	12	Port Input	1	2459914	33432	NA
S021_DAY2_MINITWICE_3782	12	Picture	6_T_RWTRIAD_RW_candado_red.png	2469682	43200	1	1900	2	43200	1800
S021_DAY2_MINITWICE_3782	13	Picture	FF	2471782	0	1	43199	2	0	43200
S021_DAY2_MINITWICE_3782	13	Response	52	2482988	11206	1
S021_DAY2_MINITWICE_3782	13	Pulse	99	2495915	24133	NA
S021_DAY2_MINITWICE_3782	13	Port Input	1	2495915	24133	NA
S021_DAY2_MINITWICE_3782	13	Picture	7_T_FFTRIAD_FF_violin_red.png	2514981	43199	1	1900	2	43200	1800
S021_DAY2_MINITWICE_3782	14	Picture	FF	2517081	0	1	43200	2	0	43200
S021_DAY2_MINITWICE_3782	14	Response	52	2531666	14585	40
S021_DAY2_MINITWICE_3782	14	Pulse	99	2531916	14835	NA
S021_DAY2_MINITWICE_3782	14	Port Input	1	2531916	14835	NA
S021_DAY2_MINITWICE_3782	14	Picture	8_T_FFTRIAD_FF_pizarra_red.png	2560281	43200	1	1900	2	43200	1800
S021_DAY2_MINITWICE_3782	15	Picture	FF	2562381	0	1	43200	2	0	43200
S021_DAY2_MINITWICE_3782	15	Pulse	99	2567917	5536	NA
S021_DAY2_MINITWICE_3782	15	Port Input	1	2567917	5536	NA
S021_DAY2_MINITWICE_3782	15	Response	52	2572629	10248	1
S021_DAY2_MINITWICE_3782	15	Pulse	99	2603918	41537	NA
S021_DAY2_MINITWICE_3782	15	Port Input	1	2603918	41537	NA
S021_DAY2_MINITWICE_3782	15	Picture	9_T_FFTRIAD_FF_queso_red.png	2605581	43200	1	1900	2	43200	1800
S021_DAY2_MINITWICE_3782	16	Picture	FF	2607681	0	1	43199	2	0	43200
S021_DAY2_MINITWICE_3782	16	Response	52	2616118	8437	1
S021_DAY2_MINITWICE_3782	16	Pulse	99	2639919	32238	NA
S021_DAY2_MINITWICE_3782	16	Port Input	1	2639919	32238	NA
S021_DAY2_MINITWICE_3782	16	Picture	10_T_FFTRIAD_FF_dedal_red.png	2650880	43199	1	1900	2	43200	1800
S021_DAY2_MINITWICE_3782	17	Picture	rest	2652880	0	2	144099	3	0	144000
S021_DAY2_MINITWICE_3782	17	Pulse	99	2675920	23040	NA
S021_DAY2_MINITWICE_3782	17	Port Input	1	2675920	23040	NA
S021_DAY2_MINITWICE_3782	17	Pulse	99	2711921	59041	NA
S021_DAY2_MINITWICE_3782	17	Port Input	1	2711921	59041	NA
S021_DAY2_MINITWICE_3782	17	Pulse	99	2747922	95042	NA
S021_DAY2_MINITWICE_3782	17	Port Input	1	2747922	95042	NA
S021_DAY2_MINITWICE_3782	17	Pulse	99	2783923	131043	NA
S021_DAY2_MINITWICE_3782	17	Port Input	1	2783923	131043	NA
S021_DAY2_MINITWICE_3782	18	Picture	endrest	2797079	0	1	10099	41	0	10000
S021_DAY2_MINITWICE_3782	19	Picture	PW	2807379	0	1	43200	2	0	43200
S021_DAY2_MINITWICE_3782	19	Pulse	99	2819924	12545	NA
S021_DAY2_MINITWICE_3782	19	Port Input	1	2819924	12545	NA
S021_DAY2_MINITWICE_3782	19	Response	52	2820509	13130	1
S021_DAY2_MINITWICE_3782	19	Picture	13_T_PWTRIAD_PW_dedal_red.png	2850579	43200	1	1900	2	43200	1800
S021_DAY2_MINITWICE_3782	20	Picture	PW	2852679	0	1	43200	2	0	43200
S021_DAY2_MINITWICE_3782	20	Pulse	99	2855924	3245	NA
S021_DAY2_MINITWICE_3782	20	Port Input	1	2855924	3245	NA
S021_DAY2_MINITWICE_3782	20	Response	52	2866018	13339	2
S021_DAY2_MINITWICE_3782	20	Pulse	99	2891925	39246	NA
S021_DAY2_MINITWICE_3782	20	Port Input	1	2891925	39246	NA
S021_DAY2_MINITWICE_3782	20	Picture	14_T_PWTRIAD_PW_novia_red.png	2895879	43200	1	1900	2	43200	1800
S021_DAY2_MINITWICE_3782	21	Picture	PW	2897979	0	1	43199	2	0	43200
S021_DAY2_MINITWICE_3782	21	Response	52	2912571	14592	1
S021_DAY2_MINITWICE_3782	21	Pulse	99	2927926	29947	NA
S021_DAY2_MINITWICE_3782	21	Port Input	1	2927926	29947	NA
S021_DAY2_MINITWICE_3782	21	Picture	15_T_PWTRIAD_PW_violin_red.png	2941178	43199	1	1900	3	43200	1800
S021_DAY2_MINITWICE_3782	22	Picture	PW	2943278	0	1	43200	2	0	43200
S021_DAY2_MINITWICE_3782	22	Response	51	2957780	14502	1
S021_DAY2_MINITWICE_3782	22	Pulse	99	2963927	20649	NA
S021_DAY2_MINITWICE_3782	22	Port Input	1	2963927	20649	NA
S021_DAY2_MINITWICE_3782	22	Picture	16_T_PWTRIAD_PW_pluma_red.png	2986478	43200	1	1900	2	43200	1800
S021_DAY2_MINITWICE_3782	23	Picture	RW	2988578	0	1	43200	2	0	43200
S021_DAY2_MINITWICE_3782	23	Pulse	99	2999928	11350	NA
S021_DAY2_MINITWICE_3782	23	Port Input	1	2999928	11350	NA
S021_DAY2_MINITWICE_3782	23	Response	51	3000591	12013	1
S021_DAY2_MINITWICE_3782	23	Picture	17_T_RWTRIAD_RW_banera_red.png	3031778	43200	1	1900	2	43200	1800
S021_DAY2_MINITWICE_3782	24	Picture	RW	3033878	0	1	43199	2	0	43200
S021_DAY2_MINITWICE_3782	24	Pulse	99	3035929	2051	NA
S021_DAY2_MINITWICE_3782	24	Port Input	1	3035929	2051	NA
S021_DAY2_MINITWICE_3782	24	Response	52	3047442	13564	1
S021_DAY2_MINITWICE_3782	24	Pulse	99	3071930	38052	NA
S021_DAY2_MINITWICE_3782	24	Port Input	1	3071930	38052	NA
S021_DAY2_MINITWICE_3782	24	Picture	18_T_RWTRIAD_RW_oruga_red.png	3077077	43199	1	1900	2	43200	1800
S021_DAY2_MINITWICE_3782	25	Picture	RW	3079177	0	1	43200	2	0	43200
S021_DAY2_MINITWICE_3782	25	Response	52	3089817	10640	1
S021_DAY2_MINITWICE_3782	25	Pulse	99	3107931	28754	NA
S021_DAY2_MINITWICE_3782	25	Port Input	1	3107931	28754	NA
S021_DAY2_MINITWICE_3782	25	Picture	19_T_RWTRIAD_RW_agua_red.png	3122377	43200	1	1900	2	43200	1800
S021_DAY2_MINITWICE_3782	26	Picture	RW	3124477	0	1	43200	2	0	43200
S021_DAY2_MINITWICE_3782	26	Response	51	3136346	11869	2
S021_DAY2_MINITWICE_3782	26	Pulse	99	3143932	19455	NA
S021_DAY2_MINITWICE_3782	26	Port Input	1	3143932	19455	NA
S021_DAY2_MINITWICE_3782	26	Picture	20_T_RWTRIAD_RW_ascensor_red.png	3167677	43200	1	1900	2	43200	1800
S021_DAY2_MINITWICE_3782	27	Picture	rest	3169677	0	1	144099	2	0	144000
S021_DAY2_MINITWICE_3782	27	Pulse	99	3179933	10256	NA
S021_DAY2_MINITWICE_3782	27	Port Input	1	3179933	10256	NA
S021_DAY2_MINITWICE_3782	27	Pulse	99	3215934	46257	NA
S021_DAY2_MINITWICE_3782	27	Port Input	1	3215934	46257	NA
S021_DAY2_MINITWICE_3782	27	Pulse	99	3251935	82258	NA
S021_DAY2_MINITWICE_3782	27	Port Input	1	3251935	82258	NA
S021_DAY2_MINITWICE_3782	27	Pulse	99	3287936	118259	NA
S021_DAY2_MINITWICE_3782	27	Port Input	1	3287936	118259	NA
S021_DAY2_MINITWICE_3782	28	Picture	endrest	3313876	0	1	10099	3	0	10000
S021_DAY2_MINITWICE_3782	28	Pulse	99	3323937	10061	NA
S021_DAY2_MINITWICE_3782	28	Port Input	1	3323937	10061	NA
S021_DAY2_MINITWICE_3782	29	Picture	PW	3324175	0	2	43100	3	0	43200
S021_DAY2_MINITWICE_3782	29	Response	52	3335871	11696	1
S021_DAY2_MINITWICE_3782	29	Pulse	99	3359938	35763	NA
S021_DAY2_MINITWICE_3782	29	Port Input	1	3359938	35763	NA
S021_DAY2_MINITWICE_3782	29	Picture	23_T_PWTRIAD_PW_sobre_red.png	3367275	43100	1	1900	2	43200	1800
S021_DAY2_MINITWICE_3782	30	Picture	PW	3369375	0	1	43200	2	0	43200
S021_DAY2_MINITWICE_3782	30	Response	52	3379654	10279	1
S021_DAY2_MINITWICE_3782	30	Pulse	99	3395939	26564	NA
S021_DAY2_MINITWICE_3782	30	Port Input	1	3395939	26564	NA
S021_DAY2_MINITWICE_3782	30	Picture	24_T_PWTRIAD_PW_portatil_red.png	3412575	43200	1	1900	2	43200	1800
S021_DAY2_MINITWICE_3782	31	Picture	PW	3414675	0	1	43200	2	0	43200
S021_DAY2_MINITWICE_3782	31	Response	52	3424955	10280	1
S021_DAY2_MINITWICE_3782	31	Pulse	99	3431940	17265	NA
S021_DAY2_MINITWICE_3782	31	Port Input	1	3431940	17265	NA
S021_DAY2_MINITWICE_3782	31	Picture	25_T_PWTRIAD_PW_arco_red.png	3457875	43200	1	1900	2	43200	1800
S021_DAY2_MINITWICE_3782	32	Picture	PW	3459975	0	1	43199	2	0	43200
S021_DAY2_MINITWICE_3782	32	Pulse	99	3467940	7965	NA
S021_DAY2_MINITWICE_3782	32	Port Input	1	3467940	7965	NA
S021_DAY2_MINITWICE_3782	32	Response	51	3472007	12032	1
S021_DAY2_MINITWICE_3782	32	Picture	26_T_PWTRIAD_PW_anillo_red.png	3503174	43199	1	1900	2	43200	1800
S021_DAY2_MINITWICE_3782	32	Pulse	99	3503941	43966	NA
S021_DAY2_MINITWICE_3782	32	Port Input	1	3503941	43966	NA
S021_DAY2_MINITWICE_3782	33	Picture	RW	3505274	0	1	43200	2	0	43200
S021_DAY2_MINITWICE_3782	33	Response	51	3518638	13364	1
S021_DAY2_MINITWICE_3782	33	Pulse	99	3539942	34668	NA
S021_DAY2_MINITWICE_3782	33	Port Input	1	3539942	34668	NA
S021_DAY2_MINITWICE_3782	33	Picture	27_T_RWTRIAD_RW_lana_red.png	3548474	43200	1	1900	2	43200	1800
S021_DAY2_MINITWICE_3782	34	Picture	RW	3550574	0	1	43200	2	0	43200
S021_DAY2_MINITWICE_3782	34	Response	51	3561712	11138	1
S021_DAY2_MINITWICE_3782	34	Pulse	99	3575943	25369	NA
S021_DAY2_MINITWICE_3782	34	Port Input	1	3575943	25369	NA
S021_DAY2_MINITWICE_3782	34	Picture	28_T_RWTRIAD_RW_queso_red.png	3593774	43200	1	1900	2	43200	1800
S021_DAY2_MINITWICE_3782	35	Picture	RW	3595874	0	1	43199	2	0	43200
S021_DAY2_MINITWICE_3782	35	Response	51	3607344	11470	1
S021_DAY2_MINITWICE_3782	35	Pulse	99	3611944	16070	NA
S021_DAY2_MINITWICE_3782	35	Port Input	1	3611944	16070	NA
S021_DAY2_MINITWICE_3782	35	Picture	29_T_RWTRIAD_RW_estetoscopio_red.png	3639073	43199	1	1900	2	43200	1800
S021_DAY2_MINITWICE_3782	36	Picture	RW	3641173	0	1	43200	2	0	43200
S021_DAY2_MINITWICE_3782	36	Pulse	99	3647945	6772	NA
S021_DAY2_MINITWICE_3782	36	Port Input	1	3647945	6772	NA
S021_DAY2_MINITWICE_3782	36	Response	52	3652235	11062	1
S021_DAY2_MINITWICE_3782	36	Pulse	99	3683946	42773	NA
S021_DAY2_MINITWICE_3782	36	Port Input	1	3683946	42773	NA
S021_DAY2_MINITWICE_3782	36	Picture	30_T_RWTRIAD_RW_dado_red.png	3684373	43200	1	1900	2	43200	1800
S021_DAY2_MINITWICE_3782	37	Picture	rest	3686373	0	1	144099	2	0	144000
S021_DAY2_MINITWICE_3782	37	Pulse	99	3719947	33574	NA
S021_DAY2_MINITWICE_3782	37	Port Input	1	3719947	33574	NA
S021_DAY2_MINITWICE_3782	37	Pulse	99	3755948	69575	NA
S021_DAY2_MINITWICE_3782	37	Port Input	1	3755948	69575	NA
S021_DAY2_MINITWICE_3782	37	Pulse	99	3791949	105576	NA
S021_DAY2_MINITWICE_3782	37	Port Input	1	3791949	105576	NA
S021_DAY2_MINITWICE_3782	37	Pulse	99	3827950	141577	NA
S021_DAY2_MINITWICE_3782	37	Port Input	1	3827950	141577	NA
S021_DAY2_MINITWICE_3782	38	Picture	endrest	3830572	0	1	10100	2	0	10000
S021_DAY2_MINITWICE_3782	39	Picture	PW	3840872	0	1	43199	3	0	43200
S021_DAY2_MINITWICE_3782	39	Response	52	3853217	12345	1
S021_DAY2_MINITWICE_3782	39	Pulse	99	3863951	23079	NA
S021_DAY2_MINITWICE_3782	39	Port Input	1	3863951	23079	NA
S021_DAY2_MINITWICE_3782	39	Picture	33_T_PWTRIAD_PW_raton_red.png	3884071	43199	2	1900	4	43200	1800
S021_DAY2_MINITWICE_3782	40	Picture	PW	3886171	0	2	43200	3	0	43200
S021_DAY2_MINITWICE_3782	40	Response	51	3898270	12099	1
S021_DAY2_MINITWICE_3782	40	Pulse	99	3899952	13781	NA
S021_DAY2_MINITWICE_3782	40	Port Input	1	3899952	13781	NA
S021_DAY2_MINITWICE_3782	40	Picture	34_T_PWTRIAD_PW_destornillador_red.png	3929371	43200	1	1900	2	43200	1800
S021_DAY2_MINITWICE_3782	41	Picture	PW	3931471	0	1	43200	2	0	43200
S021_DAY2_MINITWICE_3782	41	Pulse	99	3935953	4482	NA
S021_DAY2_MINITWICE_3782	41	Port Input	1	3935953	4482	NA
S021_DAY2_MINITWICE_3782	41	Response	52	3943630	12159	1
S021_DAY2_MINITWICE_3782	41	Pulse	99	3971954	40483	NA
S021_DAY2_MINITWICE_3782	41	Port Input	1	3971954	40483	NA
S021_DAY2_MINITWICE_3782	41	Picture	35_T_PWTRIAD_PW_mono_red.png	3974671	43200	1	1900	2	43200	1800
S021_DAY2_MINITWICE_3782	42	Picture	PW	3976771	0	1	43199	3	0	43200
S021_DAY2_MINITWICE_3782	42	Response	52	3989618	12847	1
S021_DAY2_MINITWICE_3782	42	Pulse	99	4007955	31184	NA
S021_DAY2_MINITWICE_3782	42	Port Input	1	4007955	31184	NA
S021_DAY2_MINITWICE_3782	42	Picture	36_T_PWTRIAD_PW_paracaidas_red.png	4019970	43199	2	1900	4	43200	1800
S021_DAY2_MINITWICE_3782	43	Picture	FF	4022070	0	2	43200	3	0	43200
S021_DAY2_MINITWICE_3782	43	Response	51	4030805	8735	1
S021_DAY2_MINITWICE_3782	43	Pulse	99	4043956	21886	NA
S021_DAY2_MINITWICE_3782	43	Port Input	1	4043956	21886	NA
S021_DAY2_MINITWICE_3782	43	Picture	37_T_FFTRIAD_FF_tijera_red.png	4065270	43200	1	1900	2	43200	1800
S021_DAY2_MINITWICE_3782	44	Picture	FF	4067370	0	1	43200	2	0	43200
S021_DAY2_MINITWICE_3782	44	Response	51	4076108	8738	1
S021_DAY2_MINITWICE_3782	44	Pulse	99	4079956	12586	NA
S021_DAY2_MINITWICE_3782	44	Port Input	1	4079956	12586	NA
S021_DAY2_MINITWICE_3782	44	Picture	38_T_FFTRIAD_FF_grapadora_red.png	4110570	43200	1	1900	2	43200	1800
S021_DAY2_MINITWICE_3782	45	Picture	FF	4112670	0	1	43199	3	0	43200
S021_DAY2_MINITWICE_3782	45	Pulse	99	4115957	3287	NA
S021_DAY2_MINITWICE_3782	45	Port Input	1	4115957	3287	NA
S021_DAY2_MINITWICE_3782	45	Response	52	4125849	13179	1
S021_DAY2_MINITWICE_3782	45	Pulse	99	4151958	39288	NA
S021_DAY2_MINITWICE_3782	45	Port Input	1	4151958	39288	NA
S021_DAY2_MINITWICE_3782	45	Picture	39_T_FFTRIAD_FF_molino_red.png	4155869	43199	2	1900	4	43200	1800
S021_DAY2_MINITWICE_3782	46	Picture	FF	4157969	0	2	43200	3	0	43200
S021_DAY2_MINITWICE_3782	46	Response	51	4167218	9249	1
S021_DAY2_MINITWICE_3782	46	Pulse	99	4187959	29990	NA
S021_DAY2_MINITWICE_3782	46	Port Input	1	4187959	29990	NA
S021_DAY2_MINITWICE_3782	46	Picture	40_T_FFTRIAD_FF_estetoscopio_red.png	4201169	43200	1	1900	2	43200	1800
S021_DAY2_MINITWICE_3782	47	Picture	rest	4203169	0	1	144099	2	0	144000
S021_DAY2_MINITWICE_3782	47	Pulse	99	4223960	20791	NA
S021_DAY2_MINITWICE_3782	47	Port Input	1	4223960	20791	NA
S021_DAY2_MINITWICE_3782	47	Pulse	99	4259961	56792	NA
S021_DAY2_MINITWICE_3782	47	Port Input	1	4259961	56792	NA
S021_DAY2_MINITWICE_3782	47	Pulse	99	4295962	92793	NA
S021_DAY2_MINITWICE_3782	47	Port Input	1	4295962	92793	NA
S021_DAY2_MINITWICE_3782	47	Pulse	99	4331963	128794	NA
S021_DAY2_MINITWICE_3782	47	Port Input	1	4331963	128794	NA
S021_DAY2_MINITWICE_3782	48	Picture	endrest	4347368	0	1	10100	2	0	10000
S021_DAY2_MINITWICE_3782	49	Picture	PW	4357668	0	1	43100	2	0	43200
S021_DAY2_MINITWICE_3782	49	Response	52	4367765	10097	1
S021_DAY2_MINITWICE_3782	49	Pulse	99	4367964	10296	NA
S021_DAY2_MINITWICE_3782	49	Port Input	1	4367964	10296	NA
S021_DAY2_MINITWICE_3782	49	Picture	43_T_PWTRIAD_PW_leche_red.png	4400768	43100	1	1900	2	43200	1800
S021_DAY2_MINITWICE_3782	50	Picture	PW	4402868	0	1	43199	2	0	43200
S021_DAY2_MINITWICE_3782	50	Pulse	99	4403965	1097	NA
S021_DAY2_MINITWICE_3782	50	Port Input	1	4403965	1097	NA
S021_DAY2_MINITWICE_3782	50	Response	52	4413140	10272	41
S021_DAY2_MINITWICE_3782	50	Pulse	99	4439966	37098	NA
S021_DAY2_MINITWICE_3782	50	Port Input	1	4439966	37098	NA
S021_DAY2_MINITWICE_3782	50	Picture	44_T_PWTRIAD_PW_futbol_red.png	4446067	43199	1	1900	2	43200	1800
S021_DAY2_MINITWICE_3782	51	Picture	PW	4448167	0	2	43200	3	0	43200
S021_DAY2_MINITWICE_3782	51	Response	52	4458700	10533	1
S021_DAY2_MINITWICE_3782	51	Pulse	99	4475967	27800	NA
S021_DAY2_MINITWICE_3782	51	Port Input	1	4475967	27800	NA
S021_DAY2_MINITWICE_3782	51	Picture	45_T_PWTRIAD_PW_telefono_red.png	4491367	43200	1	1900	2	43200	1800
S021_DAY2_MINITWICE_3782	52	Picture	PW	4493467	0	1	43200	2	0	43200
S021_DAY2_MINITWICE_3782	52	Response	51	4503056	9589	1
S021_DAY2_MINITWICE_3782	52	Pulse	99	4511968	18501	NA
S021_DAY2_MINITWICE_3782	52	Port Input	1	4511968	18501	NA
S021_DAY2_MINITWICE_3782	52	Picture	46_T_PWTRIAD_PW_huevos_red.png	4536667	43200	1	1900	2	43200	1800
S021_DAY2_MINITWICE_3782	53	Picture	FF	4538767	0	1	43199	2	0	43200
S021_DAY2_MINITWICE_3782	53	Pulse	99	4547969	9202	NA
S021_DAY2_MINITWICE_3782	53	Port Input	1	4547969	9202	NA
S021_DAY2_MINITWICE_3782	53	Response	52	4548003	9236	1
S021_DAY2_MINITWICE_3782	53	Picture	47_T_FFTRIAD_FF_chupete_red.png	4581966	43199	1	1900	2	43200	1800
S021_DAY2_MINITWICE_3782	53	Pulse	99	4583970	45203	NA
S021_DAY2_MINITWICE_3782	53	Port Input	1	4583970	45203	NA
S021_DAY2_MINITWICE_3782	54	Picture	FF	4584066	0	2	43200	3	0	43200
S021_DAY2_MINITWICE_3782	54	Response	52	4592519	8453	2
S021_DAY2_MINITWICE_3782	54	Pulse	99	4619971	35905	NA
S021_DAY2_MINITWICE_3782	54	Port Input	1	4619971	35905	NA
S021_DAY2_MINITWICE_3782	54	Picture	48_T_FFTRIAD_FF_cerillas_red.png	4627266	43200	1	1900	2	43200	1800
S021_DAY2_MINITWICE_3782	55	Picture	FF	4629366	0	1	43200	2	0	43200
S021_DAY2_MINITWICE_3782	55	Response	52	4638971	9605	1
S021_DAY2_MINITWICE_3782	55	Pulse	99	4655972	26606	NA
S021_DAY2_MINITWICE_3782	55	Port Input	1	4655972	26606	NA
S021_DAY2_MINITWICE_3782	55	Picture	49_T_FFTRIAD_FF_destornillador_red.png	4672566	43200	1	1900	2	43200	1800
S021_DAY2_MINITWICE_3782	56	Picture	FF	4674666	0	1	43099	2	0	43200
S021_DAY2_MINITWICE_3782	56	Response	52	4683965	9299	1
S021_DAY2_MINITWICE_3782	56	Pulse	99	4691972	17306	NA
S021_DAY2_MINITWICE_3782	56	Port Input	1	4691972	17306	NA
S021_DAY2_MINITWICE_3782	56	Picture	50_T_FFTRIAD_FF_sobre_red.png	4717765	43099	1	1900	3	43200	1800
S021_DAY2_MINITWICE_3782	57	Picture	rest	4719765	0	2	144099	3	0	144000
S021_DAY2_MINITWICE_3782	57	Pulse	99	4727973	8208	NA
S021_DAY2_MINITWICE_3782	57	Port Input	1	4727973	8208	NA
S021_DAY2_MINITWICE_3782	57	Pulse	99	4763974	44209	NA
S021_DAY2_MINITWICE_3782	57	Port Input	1	4763974	44209	NA
S021_DAY2_MINITWICE_3782	57	Pulse	99	4799975	80210	NA
S021_DAY2_MINITWICE_3782	57	Port Input	1	4799975	80210	NA
S021_DAY2_MINITWICE_3782	57	Pulse	99	4835976	116211	NA
S021_DAY2_MINITWICE_3782	57	Port Input	1	4835976	116211	NA
S021_DAY2_MINITWICE_3782	58	Picture	endrest	4863964	0	1	10100	2	0	10000
S021_DAY2_MINITWICE_3782	58	Pulse	99	4871977	8013	NA
S021_DAY2_MINITWICE_3782	58	Port Input	1	4871977	8013	NA
S021_DAY2_MINITWICE_3782	59	Picture	FF	4874264	0	1	43100	2	0	43200
S021_DAY2_MINITWICE_3782	59	Response	52	4883444	9180	1
S021_DAY2_MINITWICE_3782	59	Pulse	99	4907978	33714	NA
S021_DAY2_MINITWICE_3782	59	Port Input	1	4907978	33714	NA
S021_DAY2_MINITWICE_3782	59	Picture	53_T_FFTRIAD_FF_banera_red.png	4917364	43100	1	1900	2	43200	1800
S021_DAY2_MINITWICE_3782	60	Picture	FF	4919464	0	1	43200	2	0	43200
S021_DAY2_MINITWICE_3782	60	Response	52	4928363	8899	1
S021_DAY2_MINITWICE_3782	60	Pulse	99	4943979	24515	NA
S021_DAY2_MINITWICE_3782	60	Port Input	1	4943979	24515	NA
S021_DAY2_MINITWICE_3782	60	Picture	54_T_FFTRIAD_FF_gafas_red.png	4962664	43200	1	1900	2	43200	1800
S021_DAY2_MINITWICE_3782	61	Picture	FF	4964764	0	1	43199	2	0	43200
S021_DAY2_MINITWICE_3782	61	Response	51	4973907	9143	1
S021_DAY2_MINITWICE_3782	61	Pulse	99	4979980	15216	NA
S021_DAY2_MINITWICE_3782	61	Port Input	1	4979980	15216	NA
S021_DAY2_MINITWICE_3782	61	Picture	55_T_FFTRIAD_FF_lechuga_red.png	5007963	43199	1	1900	2	43200	1800
S021_DAY2_MINITWICE_3782	62	Picture	FF	5010063	0	1	43200	2	0	43200
S021_DAY2_MINITWICE_3782	62	Pulse	99	5015981	5918	NA
S021_DAY2_MINITWICE_3782	62	Port Input	1	5015981	5918	NA
S021_DAY2_MINITWICE_3782	62	Response	52	5018507	8444	1
S021_DAY2_MINITWICE_3782	62	Pulse	99	5051982	41919	NA
S021_DAY2_MINITWICE_3782	62	Port Input	1	5051982	41919	NA
S021_DAY2_MINITWICE_3782	62	Picture	56_T_FFTRIAD_FF_telefono_red.png	5053263	43200	1	1900	2	43200	1800
S021_DAY2_MINITWICE_3782	63	Picture	RW	5055363	0	1	43200	2	0	43200
S021_DAY2_MINITWICE_3782	63	Response	52	5066262	10899	1
S021_DAY2_MINITWICE_3782	63	Pulse	99	5087983	32620	NA
S021_DAY2_MINITWICE_3782	63	Port Input	1	5087983	32620	NA
S021_DAY2_MINITWICE_3782	63	Picture	57_T_RWTRIAD_RW_cinturon_red.png	5098563	43200	1	1899	3	43200	1800
S021_DAY2_MINITWICE_3782	64	Picture	RW	5100663	0	1	43199	2	0	43200
S021_DAY2_MINITWICE_3782	64	Response	52	5110021	9358	1
S021_DAY2_MINITWICE_3782	64	Pulse	99	5123984	23321	NA
S021_DAY2_MINITWICE_3782	64	Port Input	1	5123984	23321	NA
S021_DAY2_MINITWICE_3782	64	Picture	58_T_RWTRIAD_RW_llave_red.png	5143862	43199	1	1900	2	43200	1800
S021_DAY2_MINITWICE_3782	65	Picture	RW	5145962	0	1	43200	2	0	43200
S021_DAY2_MINITWICE_3782	65	Response	51	5156151	10189	1
S021_DAY2_MINITWICE_3782	65	Pulse	99	5159985	14023	NA
S021_DAY2_MINITWICE_3782	65	Port Input	1	5159985	14023	NA
S021_DAY2_MINITWICE_3782	65	Picture	59_T_RWTRIAD_RW_teclado_red.png	5189162	43200	1	1900	2	43200	1800
S021_DAY2_MINITWICE_3782	66	Picture	RW	5191262	0	1	43200	2	0	43200
S021_DAY2_MINITWICE_3782	66	Pulse	99	5195986	4724	NA
S021_DAY2_MINITWICE_3782	66	Port Input	1	5195986	4724	NA
S021_DAY2_MINITWICE_3782	66	Response	52	5201033	9771	1
S021_DAY2_MINITWICE_3782	66	Pulse	99	5231987	40725	NA
S021_DAY2_MINITWICE_3782	66	Port Input	1	5231987	40725	NA
S021_DAY2_MINITWICE_3782	66	Picture	60_T_RWTRIAD_RW_pincel_red.png	5234462	43200	1	1900	2	43200	1800
S021_DAY2_MINITWICE_3782	67	Picture	rest	5236462	0	1	144077	41	0	144000
S021_DAY2_MINITWICE_3782	67	Pulse	99	5267987	31525	NA
S021_DAY2_MINITWICE_3782	67	Port Input	1	5267987	31525	NA
S021_DAY2_MINITWICE_3782	67	Pulse	99	5303988	67526	NA
S021_DAY2_MINITWICE_3782	67	Port Input	1	5303988	67526	NA
S021_DAY2_MINITWICE_3782	67	Pulse	99	5339989	103527	NA
S021_DAY2_MINITWICE_3782	67	Port Input	1	5339989	103527	NA
S021_DAY2_MINITWICE_3782	67	Pulse	99	5375990	139528	NA
S021_DAY2_MINITWICE_3782	67	Port Input	1	5375990	139528	NA
S021_DAY2_MINITWICE_3782	68	Picture	endrest	5380661	0	1	10099	3	0	10000
S021_DAY2_MINITWICE_3782	69	Picture	RW	5390960	0	2	43200	3	0	43200
S021_DAY2_MINITWICE_3782	69	Response	51	5403601	12641	1
S021_DAY2_MINITWICE_3782	69	Pulse	99	5411991	21031	NA
S021_DAY2_MINITWICE_3782	69	Port Input	1	5411991	21031	NA
S021_DAY2_MINITWICE_3782	69	Picture	63_T_RWTRIAD_RW_grifo_red.png	5434160	43200	1	1900	2	43200	1800
S021_DAY2_MINITWICE_3782	70	Picture	RW	5436260	0	1	43200	2	0	43200
S021_DAY2_MINITWICE_3782	70	Pulse	99	5447992	11732	NA
S021_DAY2_MINITWICE_3782	70	Port Input	1	5447992	11732	NA
S021_DAY2_MINITWICE_3782	70	Response	52	5448757	12497	1
S021_DAY2_MINITWICE_3782	70	Picture	64_T_RWTRIAD_RW_plato_red.png	5479460	43200	1	1900	2	43200	1800
S021_DAY2_MINITWICE_3782	71	Picture	RW	5481560	0	1	43199	3	0	43200
S021_DAY2_MINITWICE_3782	71	Pulse	99	5483993	2433	NA
S021_DAY2_MINITWICE_3782	71	Port Input	1	5483993	2433	NA
S021_DAY2_MINITWICE_3782	71	Response	51	5490830	9270	1
S021_DAY2_MINITWICE_3782	71	Pulse	99	5519994	38434	NA
S021_DAY2_MINITWICE_3782	71	Port Input	1	5519994	38434	NA
S021_DAY2_MINITWICE_3782	71	Picture	65_T_RWTRIAD_RW_pizarra_red.png	5524759	43199	2	1900	4	43200	1800
S021_DAY2_MINITWICE_3782	72	Picture	RW	5526859	0	2	43200	3	0	43200
S021_DAY2_MINITWICE_3782	72	Response	51	5537325	10466	2
S021_DAY2_MINITWICE_3782	72	Pulse	99	5555995	29136	NA
S021_DAY2_MINITWICE_3782	72	Port Input	1	5555995	29136	NA
S021_DAY2_MINITWICE_3782	72	Picture	66_T_RWTRIAD_RW_telefono_red.png	5570059	43200	1	1900	2	43200	1800
S021_DAY2_MINITWICE_3782	73	Picture	FF	5572159	0	1	43200	2	0	43200
S021_DAY2_MINITWICE_3782	73	Response	51	5581290	9131	1
S021_DAY2_MINITWICE_3782	73	Pulse	99	5591996	19837	NA
S021_DAY2_MINITWICE_3782	73	Port Input	1	5591996	19837	NA
S021_DAY2_MINITWICE_3782	73	Picture	67_T_FFTRIAD_FF_cortina_red.png	5615359	43200	1	1900	2	43200	1800
S021_DAY2_MINITWICE_3782	74	Picture	FF	5617459	0	1	43199	3	0	43200
S021_DAY2_MINITWICE_3782	74	Response	51	5627498	10039	1
S021_DAY2_MINITWICE_3782	74	Pulse	99	5627997	10538	NA
S021_DAY2_MINITWICE_3782	74	Port Input	1	5627997	10538	NA
S021_DAY2_MINITWICE_3782	74	Picture	68_T_FFTRIAD_FF_teclado_red.png	5660658	43199	2	1900	4	43200	1800
S021_DAY2_MINITWICE_3782	75	Picture	FF	5662758	0	2	43200	3	0	43200
S021_DAY2_MINITWICE_3782	75	Pulse	99	5663998	1240	NA
S021_DAY2_MINITWICE_3782	75	Port Input	1	5663998	1240	NA
S021_DAY2_MINITWICE_3782	75	Response	51	5672308	9550	1
S021_DAY2_MINITWICE_3782	75	Pulse	99	5699999	37241	NA
S021_DAY2_MINITWICE_3782	75	Port Input	1	5699999	37241	NA
S021_DAY2_MINITWICE_3782	75	Picture	69_T_FFTRIAD_FF_perro_red.png	5705958	43200	1	1900	2	43200	1800
S021_DAY2_MINITWICE_3782	76	Picture	FF	5708058	0	1	43200	2	0	43200
S021_DAY2_MINITWICE_3782	76	Response	51	5715682	7624	1
S021_DAY2_MINITWICE_3782	76	Pulse	99	5736000	27942	NA
S021_DAY2_MINITWICE_3782	76	Port Input	1	5736000	27942	NA
S021_DAY2_MINITWICE_3782	76	Picture	70_T_FFTRIAD_FF_madera_red.png	5751258	43200	1	1900	2	43200	1800
S021_DAY2_MINITWICE_3782	77	Picture	rest	5753258	0	1	144099	2	0	144000
S021_DAY2_MINITWICE_3782	77	Pulse	99	5772001	18743	NA
S021_DAY2_MINITWICE_3782	77	Port Input	1	5772001	18743	NA
S021_DAY2_MINITWICE_3782	77	Pulse	99	5808002	54744	NA
S021_DAY2_MINITWICE_3782	77	Port Input	1	5808002	54744	NA
S021_DAY2_MINITWICE_3782	77	Pulse	99	5844003	90745	NA
S021_DAY2_MINITWICE_3782	77	Port Input	1	5844003	90745	NA
S021_DAY2_MINITWICE_3782	77	Pulse	99	5880004	126746	NA
S021_DAY2_MINITWICE_3782	77	Port Input	1	5880004	126746	NA
S021_DAY2_MINITWICE_3782	78	Picture	endrest	5897457	0	1	10100	2	0	10000
S021_DAY2_MINITWICE_3782	79	Picture	RW	5907757	0	1	43099	2	0	43200
S021_DAY2_MINITWICE_3782	79	Pulse	99	5916004	8247	NA
S021_DAY2_MINITWICE_3782	79	Port Input	1	5916004	8247	NA
S021_DAY2_MINITWICE_3782	79	Response	51	5919614	11857	1
S021_DAY2_MINITWICE_3782	79	Picture	73_T_RWTRIAD_RW_manos_red.png	5950856	43099	1	1900	2	43200	1800
S021_DAY2_MINITWICE_3782	79	Pulse	99	5952005	44248	NA
S021_DAY2_MINITWICE_3782	79	Port Input	1	5952005	44248	NA
S021_DAY2_MINITWICE_3782	80	Picture	RW	5952956	0	1	43200	2	0	43200
S021_DAY2_MINITWICE_3782	80	Response	52	5964532	11576	45
S021_DAY2_MINITWICE_3782	80	Pulse	99	5988006	35050	NA
S021_DAY2_MINITWICE_3782	80	Port Input	1	5988006	35050	NA
S021_DAY2_MINITWICE_3782	80	Picture	74_T_RWTRIAD_RW_esquimal_red.png	5996156	43200	1	1900	2	43200	1800
S021_DAY2_MINITWICE_3782	81	Picture	RW	5998256	0	1	43200	2	0	43200
S021_DAY2_MINITWICE_3782	81	Response	52	6013656	15400	2
S021_DAY2_MINITWICE_3782	81	Pulse	99	6024007	25751	NA
S021_DAY2_MINITWICE_3782	81	Port Input	1	6024007	25751	NA
S021_DAY2_MINITWICE_3782	81	Picture	75_T_RWTRIAD_RW_bellota_red.png	6041456	43200	1	1900	2	43200	1800
S021_DAY2_MINITWICE_3782	82	Picture	RW	6043556	0	1	43199	2	0	43200
S021_DAY2_MINITWICE_3782	82	Response	51	6055466	11910	1
S021_DAY2_MINITWICE_3782	82	Pulse	99	6060008	16452	NA
S021_DAY2_MINITWICE_3782	82	Port Input	1	6060008	16452	NA
S021_DAY2_MINITWICE_3782	82	Picture	76_T_RWTRIAD_RW_cerillas_red.png	6086755	43199	1	1900	2	43200	1800
S021_DAY2_MINITWICE_3782	83	Picture	PW	6088855	0	1	43200	2	0	43200
S021_DAY2_MINITWICE_3782	83	Pulse	99	6096009	7154	NA
S021_DAY2_MINITWICE_3782	83	Port Input	1	6096009	7154	NA
S021_DAY2_MINITWICE_3782	83	Response	52	6101164	12309	1
S021_DAY2_MINITWICE_3782	83	Pulse	99	6132010	43155	NA
S021_DAY2_MINITWICE_3782	83	Port Input	1	6132010	43155	NA
S021_DAY2_MINITWICE_3782	83	Picture	77_T_PWTRIAD_PW_llave_red.png	6132055	43200	1	1900	2	43200	1800
S021_DAY2_MINITWICE_3782	84	Picture	PW	6134155	0	1	43200	2	0	43200
S021_DAY2_MINITWICE_3782	84	Response	52	6145739	11584	1
S021_DAY2_MINITWICE_3782	84	Pulse	99	6168011	33856	NA
S021_DAY2_MINITWICE_3782	84	Port Input	1	6168011	33856	NA
S021_DAY2_MINITWICE_3782	84	Picture	78_T_PWTRIAD_PW_grapadora_red.png	6177355	43200	1	1900	2	43200	1800
S021_DAY2_MINITWICE_3782	85	Picture	PW	6179455	0	1	43199	2	0	43200
S021_DAY2_MINITWICE_3782	85	Response	51	6188510	9055	1
S021_DAY2_MINITWICE_3782	85	Pulse	99	6204012	24557	NA
S021_DAY2_MINITWICE_3782	85	Port Input	1	6204012	24557	NA
S021_DAY2_MINITWICE_3782	85	Picture	79_T_PWTRIAD_PW_manos_red.png	6222654	43199	1	1900	2	43200	1800
S021_DAY2_MINITWICE_3782	86	Picture	PW	6224754	0	1	43200	2	0	43200
S021_DAY2_MINITWICE_3782	86	Response	51	6235734	10980	1
S021_DAY2_MINITWICE_3782	86	Pulse	99	6240013	15259	NA
S021_DAY2_MINITWICE_3782	86	Port Input	1	6240013	15259	NA
S021_DAY2_MINITWICE_3782	86	Picture	80_T_PWTRIAD_PW_arbol_red.png	6267954	43200	1	1900	2	43200	1800
S021_DAY2_MINITWICE_3782	87	Picture	rest	6269954	0	1	144099	2	0	144000
S021_DAY2_MINITWICE_3782	87	Pulse	99	6276014	6060	NA
S021_DAY2_MINITWICE_3782	87	Port Input	1	6276014	6060	NA
S021_DAY2_MINITWICE_3782	87	Pulse	99	6312015	42061	NA
S021_DAY2_MINITWICE_3782	87	Port Input	1	6312015	42061	NA
S021_DAY2_MINITWICE_3782	87	Pulse	99	6348016	78062	NA
S021_DAY2_MINITWICE_3782	87	Port Input	1	6348016	78062	NA
S021_DAY2_MINITWICE_3782	87	Pulse	99	6384017	114063	NA
S021_DAY2_MINITWICE_3782	87	Port Input	1	6384017	114063	NA
S021_DAY2_MINITWICE_3782	88	Picture	endrest	6414153	0	1	10100	2	0	10000
S021_DAY2_MINITWICE_3782	88	Pulse	99	6420018	5865	NA
S021_DAY2_MINITWICE_3782	88	Port Input	1	6420018	5865	NA
S021_DAY2_MINITWICE_3782	89	Picture	FF	6424453	0	1	43100	2	0	43200
S021_DAY2_MINITWICE_3782	89	Response	52	6436478	12025	2
S021_DAY2_MINITWICE_3782	89	Pulse	99	6456018	31565	NA
S021_DAY2_MINITWICE_3782	89	Port Input	1	6456018	31565	NA
S021_DAY2_MINITWICE_3782	89	Picture	83_T_FFTRIAD_FF_plato_red.png	6467553	43100	1	1900	2	43200	1800
S021_DAY2_MINITWICE_3782	90	Picture	FF	6469652	0	2	43200	3	0	43200
S021_DAY2_MINITWICE_3782	90	Response	52	6478781	9129	1
S021_DAY2_MINITWICE_3782	90	Pulse	99	6492020	22368	NA
S021_DAY2_MINITWICE_3782	90	Port Input	1	6492020	22368	NA
S021_DAY2_MINITWICE_3782	90	Picture	84_T_FFTRIAD_FF_policia_red.png	6512852	43200	1	1900	2	43200	1800
S021_DAY2_MINITWICE_3782	91	Picture	FF	6514952	0	1	43200	2	0	43200
S021_DAY2_MINITWICE_3782	91	Response	52	6526559	11607	2
S021_DAY2_MINITWICE_3782	91	Pulse	99	6528020	13068	NA
S021_DAY2_MINITWICE_3782	91	Port Input	1	6528020	13068	NA
S021_DAY2_MINITWICE_3782	91	Picture	85_T_FFTRIAD_FF_lenador_red.png	6558152	43200	1	1900	2	43200	1800
S021_DAY2_MINITWICE_3782	92	Picture	FF	6560252	0	1	43200	2	0	43200
S021_DAY2_MINITWICE_3782	92	Pulse	99	6564021	3769	NA
S021_DAY2_MINITWICE_3782	92	Port Input	1	6564021	3769	NA
S021_DAY2_MINITWICE_3782	92	Response	51	6567839	7587	1
S021_DAY2_MINITWICE_3782	92	Pulse	99	6600022	39770	NA
S021_DAY2_MINITWICE_3782	92	Port Input	1	6600022	39770	NA
S021_DAY2_MINITWICE_3782	92	Picture	86_T_FFTRIAD_FF_cuento_red.png	6603452	43200	1	1900	2	43200	1800
S021_DAY2_MINITWICE_3782	93	Picture	FF	6605552	0	1	43199	2	0	43200
S021_DAY2_MINITWICE_3782	93	Response	51	6612990	7438	1
S021_DAY2_MINITWICE_3782	93	Pulse	99	6636023	30471	NA
S021_DAY2_MINITWICE_3782	93	Port Input	1	6636023	30471	NA
S021_DAY2_MINITWICE_3782	93	Picture	87_T_FFTRIAD_FF_granjero_red.png	6648751	43199	1	1900	2	43200	1800
S021_DAY2_MINITWICE_3782	94	Picture	FF	6650851	0	1	43200	2	0	43200
S021_DAY2_MINITWICE_3782	94	Response	51	6661108	10257	1
S021_DAY2_MINITWICE_3782	94	Pulse	99	6672024	21173	NA
S021_DAY2_MINITWICE_3782	94	Port Input	1	6672024	21173	NA
S021_DAY2_MINITWICE_3782	94	Picture	88_T_FFTRIAD_FF_llave_red.png	6694051	43200	1	1900	2	43200	1800
S021_DAY2_MINITWICE_3782	95	Picture	FF	6696151	0	1	43200	2	0	43200
S021_DAY2_MINITWICE_3782	95	Response	52	6705109	8958	1
S021_DAY2_MINITWICE_3782	95	Pulse	99	6708025	11874	NA
S021_DAY2_MINITWICE_3782	95	Port Input	1	6708025	11874	NA
S021_DAY2_MINITWICE_3782	95	Picture	89_T_FFTRIAD_FF_mono_red.png	6739351	43200	1	1899	3	43200	1800
S021_DAY2_MINITWICE_3782	96	Picture	FF	6741450	0	2	43200	3	0	43200
S021_DAY2_MINITWICE_3782	96	Pulse	99	6744026	2576	NA
S021_DAY2_MINITWICE_3782	96	Port Input	1	6744026	2576	NA
S021_DAY2_MINITWICE_3782	96	Response	51	6748231	6781	1
S021_DAY2_MINITWICE_3782	96	Pulse	99	6780027	38577	NA
S021_DAY2_MINITWICE_3782	96	Port Input	1	6780027	38577	NA
S021_DAY2_MINITWICE_3782	96	Picture	90_T_FFTRIAD_FF_portatil_red.png	6784650	43200	1	1900	2	43200	1800
S021_DAY2_MINITWICE_3782	97	Picture	rest	6786650	0	1	144099	2	0	144000
S021_DAY2_MINITWICE_3782	97	Pulse	99	6816028	29378	NA
S021_DAY2_MINITWICE_3782	97	Port Input	1	6816028	29378	NA
S021_DAY2_MINITWICE_3782	97	Pulse	99	6852029	65379	NA
S021_DAY2_MINITWICE_3782	97	Port Input	1	6852029	65379	NA
S021_DAY2_MINITWICE_3782	97	Pulse	99	6888030	101380	NA
S021_DAY2_MINITWICE_3782	97	Port Input	1	6888030	101380	NA
S021_DAY2_MINITWICE_3782	97	Pulse	99	6924031	137381	NA
S021_DAY2_MINITWICE_3782	97	Port Input	1	6924031	137381	NA
S021_DAY2_MINITWICE_3782	98	Picture	endrest	6930849	0	1	10100	2	0	10000
S021_DAY2_MINITWICE_3782	99	Picture	RW	6941149	0	1	43200	2	0	43200
S021_DAY2_MINITWICE_3782	99	Response	51	6951196	10047	1
S021_DAY2_MINITWICE_3782	99	Pulse	99	6960032	18883	NA
S021_DAY2_MINITWICE_3782	99	Port Input	1	6960032	18883	NA
S021_DAY2_MINITWICE_3782	99	Picture	93_T_RWTRIAD_RW_ancla_red.png	6984349	43200	1	1900	2	43200	1800
S021_DAY2_MINITWICE_3782	100	Picture	RW	6986449	0	1	43199	3	0	43200
S021_DAY2_MINITWICE_3782	100	Pulse	99	6996033	9584	NA
S021_DAY2_MINITWICE_3782	100	Port Input	1	6996033	9584	NA
S021_DAY2_MINITWICE_3782	100	Response	51	6997908	11459	1
S021_DAY2_MINITWICE_3782	100	Picture	94_T_RWTRIAD_RW_carruaje_red.png	7029648	43199	2	1900	4	43200	1800
S021_DAY2_MINITWICE_3782	101	Picture	RW	7031748	0	1	43200	2	0	43200
S021_DAY2_MINITWICE_3782	101	Pulse	99	7032034	286	NA
S021_DAY2_MINITWICE_3782	101	Port Input	1	7032034	286	NA
S021_DAY2_MINITWICE_3782	101	Response	51	7039875	8127	1
S021_DAY2_MINITWICE_3782	101	Pulse	99	7068035	36287	NA
S021_DAY2_MINITWICE_3782	101	Port Input	1	7068035	36287	NA
S021_DAY2_MINITWICE_3782	101	Picture	95_T_RWTRIAD_RW_novia_red.png	7074948	43200	1	1900	2	43200	1800
S021_DAY2_MINITWICE_3782	102	Picture	RW	7077048	0	1	43200	2	0	43200
S021_DAY2_MINITWICE_3782	102	Response	52	7088016	10968	1
S021_DAY2_MINITWICE_3782	102	Pulse	99	7104035	26987	NA
S021_DAY2_MINITWICE_3782	102	Port Input	1	7104035	26987	NA
S021_DAY2_MINITWICE_3782	102	Picture	96_T_RWTRIAD_RW_sombrilla_red.png	7120248	43200	1	1900	2	43200	1800
S021_DAY2_MINITWICE_3782	103	Picture	RW	7122348	0	1	43199	3	0	43200
S021_DAY2_MINITWICE_3782	103	Response	52	7131309	8961	1
S021_DAY2_MINITWICE_3782	103	Pulse	99	7140036	17688	NA
S021_DAY2_MINITWICE_3782	103	Port Input	1	7140036	17688	NA
S021_DAY2_MINITWICE_3782	103	Picture	97_T_RWTRIAD_RW_huevos_red.png	7165547	43199	2	1900	4	43200	1800
S021_DAY2_MINITWICE_3782	104	Picture	RW	7167647	0	2	43200	3	0	43200
S021_DAY2_MINITWICE_3782	104	Pulse	99	7176037	8390	NA
S021_DAY2_MINITWICE_3782	104	Port Input	1	7176037	8390	NA
S021_DAY2_MINITWICE_3782	104	Response	52	7180350	12703	1
S021_DAY2_MINITWICE_3782	104	Response	51	7187789	20142	1
S021_DAY2_MINITWICE_3782	104	Response	51	7190288	22641	1
S021_DAY2_MINITWICE_3782	104	Picture	98_T_RWTRIAD_RW_paracaidas_red.png	7210847	43200	1	1900	2	43200	1800
S021_DAY2_MINITWICE_3782	104	Pulse	99	7212038	44391	NA
S021_DAY2_MINITWICE_3782	104	Port Input	1	7212038	44391	NA
S021_DAY2_MINITWICE_3782	105	Picture	RW	7212947	0	1	43200	2	0	43200
S021_DAY2_MINITWICE_3782	105	Response	51	7224482	11535	1
S021_DAY2_MINITWICE_3782	105	Pulse	99	7248039	35092	NA
S021_DAY2_MINITWICE_3782	105	Port Input	1	7248039	35092	NA
S021_DAY2_MINITWICE_3782	105	Picture	99_T_RWTRIAD_RW_traje_red.png	7256147	43200	1	1900	2	43200	1800
S021_DAY2_MINITWICE_3782	106	Picture	RW	7258247	0	1	43199	3	0	43200
S021_DAY2_MINITWICE_3782	106	Response	51	7270012	11765	2
S021_DAY2_MINITWICE_3782	106	Pulse	99	7284040	25793	NA
S021_DAY2_MINITWICE_3782	106	Port Input	1	7284040	25793	NA
S021_DAY2_MINITWICE_3782	106	Picture	100_T_RWTRIAD_RW_portatil_red.png	7301446	43199	2	1900	4	43200	1800
S021_DAY2_MINITWICE_3782	107	Picture	rest	7303446	0	1	144099	2	0	144000
S021_DAY2_MINITWICE_3782	107	Pulse	99	7320041	16595	NA
S021_DAY2_MINITWICE_3782	107	Port Input	1	7320041	16595	NA
S021_DAY2_MINITWICE_3782	107	Pulse	99	7356042	52596	NA
S021_DAY2_MINITWICE_3782	107	Port Input	1	7356042	52596	NA
S021_DAY2_MINITWICE_3782	107	Pulse	99	7392043	88597	NA
S021_DAY2_MINITWICE_3782	107	Port Input	1	7392043	88597	NA
S021_DAY2_MINITWICE_3782	107	Pulse	99	7428044	124598	NA
S021_DAY2_MINITWICE_3782	107	Port Input	1	7428044	124598	NA
S021_DAY2_MINITWICE_3782	108	Picture	endrest	7447645	0	1	10100	2	0	10000
S021_DAY2_MINITWICE_3782	109	Picture	RW	7457945	0	1	43200	2	0	43200
S021_DAY2_MINITWICE_3782	109	Pulse	99	7464045	6100	NA
S021_DAY2_MINITWICE_3782	109	Port Input	1	7464045	6100	NA
S021_DAY2_MINITWICE_3782	109	Response	51	7469797	11852	1
S021_DAY2_MINITWICE_3782	109	Pulse	99	7500046	42101	NA
S021_DAY2_MINITWICE_3782	109	Port Input	1	7500046	42101	NA
S021_DAY2_MINITWICE_3782	109	Picture	103_T_RWTRIAD_RW_dedal_red.png	7501145	43200	1	1900	2	43200	1800
S021_DAY2_MINITWICE_3782	110	Picture	RW	7503245	0	1	43100	2	0	43200
S021_DAY2_MINITWICE_3782	110	Response	52	7512811	9566	1
S021_DAY2_MINITWICE_3782	110	Pulse	99	7536047	32802	NA
S021_DAY2_MINITWICE_3782	110	Port Input	1	7536047	32802	NA
S021_DAY2_MINITWICE_3782	110	Picture	104_T_RWTRIAD_RW_chupete_red.png	7546345	43100	1	1900	2	43200	1800
S021_DAY2_MINITWICE_3782	111	Picture	RW	7548445	0	1	43199	2	0	43200
S021_DAY2_MINITWICE_3782	111	Response	52	7560795	12350	1
S021_DAY2_MINITWICE_3782	111	Pulse	99	7572048	23603	NA
S021_DAY2_MINITWICE_3782	111	Port Input	1	7572048	23603	NA
S021_DAY2_MINITWICE_3782	111	Picture	105_T_RWTRIAD_RW_martillo_red.png	7591644	43199	1	1900	2	43200	1800
S021_DAY2_MINITWICE_3782	112	Picture	RW	7593744	0	1	43200	2	0	43200
S021_DAY2_MINITWICE_3782	112	Response	51	7605528	11784	2
S021_DAY2_MINITWICE_3782	112	Pulse	99	7608049	14305	NA
S021_DAY2_MINITWICE_3782	112	Port Input	1	7608049	14305	NA
S021_DAY2_MINITWICE_3782	112	Picture	106_T_RWTRIAD_RW_policia_red.png	7636944	43200	1	1900	2	43200	1800
S021_DAY2_MINITWICE_3782	113	Picture	PW	7639044	0	1	43200	2	0	43200
S021_DAY2_MINITWICE_3782	113	Pulse	99	7644049	5005	NA
S021_DAY2_MINITWICE_3782	113	Port Input	1	7644049	5005	NA
S021_DAY2_MINITWICE_3782	113	Response	52	7648421	9377	1
S021_DAY2_MINITWICE_3782	113	Pulse	99	7680050	41006	NA
S021_DAY2_MINITWICE_3782	113	Port Input	1	7680050	41006	NA
S021_DAY2_MINITWICE_3782	113	Picture	107_T_PWTRIAD_PW_banera_red.png	7682244	43200	1	1900	2	43200	1800
S021_DAY2_MINITWICE_3782	114	Picture	PW	7684344	0	1	43199	2	0	43200
S021_DAY2_MINITWICE_3782	114	Response	51	7695056	10712	1
S021_DAY2_MINITWICE_3782	114	Pulse	99	7716051	31707	NA
S021_DAY2_MINITWICE_3782	114	Port Input	1	7716051	31707	NA
S021_DAY2_MINITWICE_3782	114	Picture	108_T_PWTRIAD_PW_lana_red.png	7727543	43199	1	1900	2	43200	1800
S021_DAY2_MINITWICE_3782	115	Picture	PW	7729643	0	1	43200	2	0	43200
S021_DAY2_MINITWICE_3782	115	Response	52	7738874	9231	1
S021_DAY2_MINITWICE_3782	115	Pulse	99	7752052	22409	NA
S021_DAY2_MINITWICE_3782	115	Port Input	1	7752052	22409	NA
S021_DAY2_MINITWICE_3782	115	Picture	109_T_PWTRIAD_PW_bala_red.png	7772843	43200	1	1900	2	43200	1800
S021_DAY2_MINITWICE_3782	116	Picture	PW	7774943	0	1	43200	2	0	43200
S021_DAY2_MINITWICE_3782	116	Response	51	7785329	10386	1
S021_DAY2_MINITWICE_3782	116	Pulse	99	7788053	13110	NA
S021_DAY2_MINITWICE_3782	116	Port Input	1	7788053	13110	NA
S021_DAY2_MINITWICE_3782	116	Picture	110_T_PWTRIAD_PW_charco_red.png	7818143	43200	1	1900	2	43200	1800
S021_DAY2_MINITWICE_3782	117	Picture	rest	7820143	0	1	144099	2	0	144000
S021_DAY2_MINITWICE_3782	117	Pulse	99	7824054	3911	NA
S021_DAY2_MINITWICE_3782	117	Port Input	1	7824054	3911	NA
S021_DAY2_MINITWICE_3782	118	Picture	endrest	7964342	0	1	10099	3	0	10000
S021_DAY2_MINITWICE_3782	119	Picture	FF	7974642	0	1	43199	2	0	43200
S021_DAY2_MINITWICE_3782	119	Response	52	7982711	8069	1
S021_DAY2_MINITWICE_3782	119	Picture	113_T_FFTRIAD_FF_silla_red.png	8017841	43199	1	1900	2	43200	1800
S021_DAY2_MINITWICE_3782	120	Picture	FF	8019941	0	1	43200	2	0	43200
S021_DAY2_MINITWICE_3782	120	Response	52	8030648	10707	2
S021_DAY2_MINITWICE_3782	120	Picture	114_T_FFTRIAD_FF_paraguas_red.png	8063141	43200	1	1900	2	43200	1800
S021_DAY2_MINITWICE_3782	121	Picture	FF	8065241	0	1	43199	3	0	43200
S021_DAY2_MINITWICE_3782	121	Response	52	8072624	7383	1
S021_DAY2_MINITWICE_3782	121	Picture	115_T_FFTRIAD_FF_bala_red.png	8108440	43199	2	1900	4	43200	1800
S021_DAY2_MINITWICE_3782	122	Picture	FF	8110541	0	1	43199	2	0	43200
S021_DAY2_MINITWICE_3782	122	Response	51	8121523	10982	1
S021_DAY2_MINITWICE_3782	122	Picture	116_T_FFTRIAD_FF_oruga_red.png	8153740	43199	1	1900	2	43200	1800
S021_DAY2_MINITWICE_3782	123	Picture	PW	8155840	0	1	43200	2	0	43200
S021_DAY2_MINITWICE_3782	123	Response	52	8167015	11175	1
S021_DAY2_MINITWICE_3782	123	Picture	117_T_PWTRIAD_PW_pizarra_red.png	8199040	43200	1	1900	2	43200	1800
S021_DAY2_MINITWICE_3782	124	Picture	PW	8201140	0	1	43199	3	0	43200
S021_DAY2_MINITWICE_3782	124	Response	51	8211422	10282	2
S021_DAY2_MINITWICE_3782	124	Picture	118_T_PWTRIAD_PW_traje_red.png	8244339	43199	2	1901	3	43200	1800
S021_DAY2_MINITWICE_3782	125	Picture	PW	8246439	0	2	43200	3	0	43200
S021_DAY2_MINITWICE_3782	125	Response	51	8255173	8734	6
S021_DAY2_MINITWICE_3782	125	Picture	119_T_PWTRIAD_PW_sapo_red.png	8289639	43200	1	1900	2	43200	1800
S021_DAY2_MINITWICE_3782	126	Picture	PW	8291739	0	1	43200	2	0	43200
S021_DAY2_MINITWICE_3782	126	Response	51	8301626	9887	1
S021_DAY2_MINITWICE_3782	126	Picture	120_T_PWTRIAD_PW_plato_red.png	8334939	43200	1	1900	2	43200	1800
S021_DAY2_MINITWICE_3782	127	Picture	rest	8336939	0	1	144099	2	0	144000
S021_DAY2_MINITWICE_3782	128	Picture	endrest	8481138	0	1	10100	2	0	10000
S021_DAY2_MINITWICE_3782	129	Picture	PW	8491438	0	1	43199	2	0	43200
S021_DAY2_MINITWICE_3782	129	Response	52	8504456	13018	1
S021_DAY2_MINITWICE_3782	129	Picture	123_T_PWTRIAD_PW_cerillas_red.png	8534637	43199	1	1900	3	43200	1800
S021_DAY2_MINITWICE_3782	130	Picture	PW	8536737	0	2	43200	3	0	43200
S021_DAY2_MINITWICE_3782	130	Response	51	8548893	12156	1
S021_DAY2_MINITWICE_3782	130	Picture	124_T_PWTRIAD_PW_chupete_red.png	8579937	43200	1	1900	2	43200	1800
S021_DAY2_MINITWICE_3782	131	Picture	PW	8582037	0	1	43200	2	0	43200
S021_DAY2_MINITWICE_3782	131	Response	52	8591931	9894	1
S021_DAY2_MINITWICE_3782	131	Picture	125_T_PWTRIAD_PW_lenador_red.png	8625237	43200	1	1900	2	43200	1800
S021_DAY2_MINITWICE_3782	132	Picture	PW	8627337	0	1	43199	2	0	43200
S021_DAY2_MINITWICE_3782	132	Response	52	8636095	8758	1
S021_DAY2_MINITWICE_3782	132	Picture	126_T_PWTRIAD_PW_agua_red.png	8670536	43199	1	1900	2	43200	1800
S021_DAY2_MINITWICE_3782	133	Picture	PW	8672636	0	2	43200	3	0	43200
S021_DAY2_MINITWICE_3782	133	Response	52	8685762	13126	1
S021_DAY2_MINITWICE_3782	133	Picture	127_T_PWTRIAD_PW_cinturon_red.png	8715836	43200	1	1900	2	43200	1800
S021_DAY2_MINITWICE_3782	134	Picture	PW	8717936	0	1	43200	2	0	43200
S021_DAY2_MINITWICE_3782	134	Response	51	8729158	11222	1
S021_DAY2_MINITWICE_3782	134	Picture	128_T_PWTRIAD_PW_sombrilla_red.png	8761136	43200	1	1900	2	43200	1800
S021_DAY2_MINITWICE_3782	135	Picture	PW	8763236	0	1	43199	2	0	43200
S021_DAY2_MINITWICE_3782	135	Response	51	8775462	12226	1
S021_DAY2_MINITWICE_3782	135	Picture	129_T_PWTRIAD_PW_tenedor_red.png	8806435	43199	1	1893	46	43200	1800
S021_DAY2_MINITWICE_3782	136	Picture	PW	8808635	0	1	43100	2	0	43200
S021_DAY2_MINITWICE_3782	136	Response	51	8818482	9847	1
S021_DAY2_MINITWICE_3782	136	Picture	130_T_PWTRIAD_PW_piramide_red.png	8851735	43100	1	1900	2	43200	1800
S021_DAY2_MINITWICE_3782	137	Picture	rest	8853735	0	1	144099	2	0	144000
S021_DAY2_MINITWICE_3782	138	Picture	endrest	8997934	0	1	10100	2	0	10000
S021_DAY2_MINITWICE_3782	139	Picture	FF	9008234	0	1	43200	2	0	43200
S021_DAY2_MINITWICE_3782	139	Response	51	9019774	11540	2
S021_DAY2_MINITWICE_3782	139	Picture	133_T_FFTRIAD_FF_futbol_red.png	9051434	43200	1	1900	2	43200	1800
S021_DAY2_MINITWICE_3782	140	Picture	FF	9053534	0	1	43199	2	0	43200
S021_DAY2_MINITWICE_3782	140	Response	52	9062752	9218	1
S021_DAY2_MINITWICE_3782	140	Picture	134_T_FFTRIAD_FF_telarana_red.png	9096733	43199	1	1900	2	43200	1800
S021_DAY2_MINITWICE_3782	141	Picture	FF	9098833	0	1	43200	2	0	43200
S021_DAY2_MINITWICE_3782	141	Response	52	9108369	9536	1
S021_DAY2_MINITWICE_3782	141	Picture	135_T_FFTRIAD_FF_arbol_red.png	9142033	43200	1	1900	2	43200	1800
S021_DAY2_MINITWICE_3782	142	Picture	FF	9144133	0	1	43200	2	0	43200
S021_DAY2_MINITWICE_3782	142	Response	52	9153947	9814	1
S021_DAY2_MINITWICE_3782	142	Picture	136_T_FFTRIAD_FF_almohada_red.png	9187333	43200	1	1860	42	43200	1800
S021_DAY2_MINITWICE_3782	143	Picture	rest	9189333	0	1	144099	2	0	144000
S021_DAY2_MINITWICE_3782	144	Picture	endrest	9333531	0	2	10100	4	0	10000
S021_DAY2_MINITWICE_3782	145	Picture	endrest	9343731	0	2	10100	4	0	10000
S021_DAY2_MINITWICE_3782	146	Picture	endrest	9353931	0	1	10100	2	0	10000
S021_DAY2_MINITWICE_3782	147	Picture	endrest	9364131	0	1	10100	2	0	10000
