Scenario - vOT_Triads_fMRI_I
Logfile written - 10/30/2015 11:08:09

Subject	Trial	Event Type	Code	Time	TTime	Uncertainty	Duration	Uncertainty	ReqTime	ReqDur

S022_DAY1_MINITWICE_5246	1	Response	98	313105	322805	1
S022_DAY1_MINITWICE_5246	2	Response	52	391125	77928	1
S022_DAY1_MINITWICE_5246	2	Response	98	404396	91199	1
S022_DAY1_MINITWICE_5246	3	Response	52	457201	52705	1
S022_DAY1_MINITWICE_5246	3	Response	98	469748	65252	1
S022_DAY1_MINITWICE_5246	4	Response	52	526156	56261	1
S022_DAY1_MINITWICE_5246	4	Response	98	538929	69034	1
S022_DAY1_MINITWICE_5246	6	Pulse	99	925020	385924	NA
S022_DAY1_MINITWICE_5246	6	Port Input	1	925020	385924	NA
S022_DAY1_MINITWICE_5246	6	Pulse	99	961021	421925	NA
S022_DAY1_MINITWICE_5246	6	Port Input	1	961021	421925	NA
S022_DAY1_MINITWICE_5246	6	Pulse	99	997021	457925	NA
S022_DAY1_MINITWICE_5246	6	Port Input	1	997021	457925	NA
S022_DAY1_MINITWICE_5246	6	Pulse	99	1033022	493926	NA
S022_DAY1_MINITWICE_5246	6	Port Input	1	1033022	493926	NA
S022_DAY1_MINITWICE_5246	6	Pulse	99	1069023	529927	NA
S022_DAY1_MINITWICE_5246	6	Port Input	1	1069023	529927	NA
S022_DAY1_MINITWICE_5246	7	Picture	rest	1069292	0	1	144099	2	0	144000
S022_DAY1_MINITWICE_5246	7	Pulse	99	1105024	35732	NA
S022_DAY1_MINITWICE_5246	7	Port Input	1	1105024	35732	NA
S022_DAY1_MINITWICE_5246	7	Pulse	99	1141025	71733	NA
S022_DAY1_MINITWICE_5246	7	Port Input	1	1141025	71733	NA
S022_DAY1_MINITWICE_5246	7	Pulse	99	1177026	107734	NA
S022_DAY1_MINITWICE_5246	7	Port Input	1	1177026	107734	NA
S022_DAY1_MINITWICE_5246	7	Pulse	99	1213027	143735	NA
S022_DAY1_MINITWICE_5246	7	Port Input	1	1213027	143735	NA
S022_DAY1_MINITWICE_5246	8	Picture	endrest	1213491	0	1	10099	3	0	10000
S022_DAY1_MINITWICE_5246	9	Picture	PW	1223890	0	2	43100	3	0	43200
S022_DAY1_MINITWICE_5246	9	Pulse	99	1249028	25138	NA
S022_DAY1_MINITWICE_5246	9	Port Input	1	1249028	25138	NA
S022_DAY1_MINITWICE_5246	9	Response	51	1250304	26414	1
S022_DAY1_MINITWICE_5246	9	Picture	3_T_PWTRIAD_PW_tijera_red.png	1266990	43100	1	1900	2	43200	1800
S022_DAY1_MINITWICE_5246	10	Picture	PW	1269090	0	1	43200	2	0	43200
S022_DAY1_MINITWICE_5246	10	Pulse	99	1285029	15939	NA
S022_DAY1_MINITWICE_5246	10	Port Input	1	1285029	15939	NA
S022_DAY1_MINITWICE_5246	10	Response	52	1286525	17435	1
S022_DAY1_MINITWICE_5246	10	Picture	4_T_PWTRIAD_PW_dedal_red.png	1312290	43200	1	1900	2	43200	1800
S022_DAY1_MINITWICE_5246	11	Picture	PW	1314590	0	1	43100	2	0	43200
S022_DAY1_MINITWICE_5246	11	Pulse	99	1321030	6440	NA
S022_DAY1_MINITWICE_5246	11	Port Input	1	1321030	6440	NA
S022_DAY1_MINITWICE_5246	11	Response	51	1343456	28866	1
S022_DAY1_MINITWICE_5246	11	Pulse	99	1357031	42441	NA
S022_DAY1_MINITWICE_5246	11	Port Input	1	1357031	42441	NA
S022_DAY1_MINITWICE_5246	11	Picture	5_T_PWTRIAD_PW_carruaje_red.png	1357690	43100	1	1900	2	43200	1800
S022_DAY1_MINITWICE_5246	12	Picture	PW	1359990	0	1	43099	2	0	43200
S022_DAY1_MINITWICE_5246	12	Response	51	1387970	27980	1
S022_DAY1_MINITWICE_5246	12	Pulse	99	1393032	33042	NA
S022_DAY1_MINITWICE_5246	12	Port Input	1	1393032	33042	NA
S022_DAY1_MINITWICE_5246	12	Picture	6_T_PWTRIAD_PW_grapadora_red.png	1403089	43099	1	1900	2	43200	1800
S022_DAY1_MINITWICE_5246	13	Picture	FF	1405289	0	1	43200	2	0	43200
S022_DAY1_MINITWICE_5246	13	Response	52	1423671	18382	1
S022_DAY1_MINITWICE_5246	13	Pulse	99	1429033	23744	NA
S022_DAY1_MINITWICE_5246	13	Port Input	1	1429033	23744	NA
S022_DAY1_MINITWICE_5246	13	Picture	7_T_FFTRIAD_FF_cerillas_red.png	1448489	43200	1	1900	2	43200	1800
S022_DAY1_MINITWICE_5246	14	Picture	FF	1450689	0	1	43100	2	0	43200
S022_DAY1_MINITWICE_5246	14	Pulse	99	1465034	14345	NA
S022_DAY1_MINITWICE_5246	14	Port Input	1	1465034	14345	NA
S022_DAY1_MINITWICE_5246	14	Response	51	1474600	23911	1
S022_DAY1_MINITWICE_5246	14	Picture	8_T_FFTRIAD_FF_tenedor_red.png	1493789	43100	1	1900	2	43200	1800
S022_DAY1_MINITWICE_5246	15	Picture	FF	1495989	0	1	43199	2	0	43200
S022_DAY1_MINITWICE_5246	15	Pulse	99	1501035	5046	NA
S022_DAY1_MINITWICE_5246	15	Port Input	1	1501035	5046	NA
S022_DAY1_MINITWICE_5246	15	Response	51	1510898	14909	1
S022_DAY1_MINITWICE_5246	15	Pulse	99	1537036	41047	NA
S022_DAY1_MINITWICE_5246	15	Port Input	1	1537036	41047	NA
S022_DAY1_MINITWICE_5246	15	Picture	9_T_FFTRIAD_FF_perro_red.png	1539188	43199	1	1900	2	43200	1800
S022_DAY1_MINITWICE_5246	16	Picture	FF	1541588	0	1	43100	2	0	43200
S022_DAY1_MINITWICE_5246	16	Response	51	1555363	13775	1
S022_DAY1_MINITWICE_5246	16	Pulse	99	1573037	31449	NA
S022_DAY1_MINITWICE_5246	16	Port Input	1	1573037	31449	NA
S022_DAY1_MINITWICE_5246	16	Picture	10_T_FFTRIAD_FF_violin_red.png	1584688	43100	1	1900	2	43200	1800
S022_DAY1_MINITWICE_5246	17	Picture	rest	1586688	0	1	144099	2	0	144000
S022_DAY1_MINITWICE_5246	17	Pulse	99	1609037	22349	NA
S022_DAY1_MINITWICE_5246	17	Port Input	1	1609037	22349	NA
S022_DAY1_MINITWICE_5246	17	Pulse	99	1645038	58350	NA
S022_DAY1_MINITWICE_5246	17	Port Input	1	1645038	58350	NA
S022_DAY1_MINITWICE_5246	17	Pulse	99	1681039	94351	NA
S022_DAY1_MINITWICE_5246	17	Port Input	1	1681039	94351	NA
S022_DAY1_MINITWICE_5246	17	Pulse	99	1717040	130352	NA
S022_DAY1_MINITWICE_5246	17	Port Input	1	1717040	130352	NA
S022_DAY1_MINITWICE_5246	18	Picture	endrest	1730887	0	1	10100	2	0	10000
S022_DAY1_MINITWICE_5246	19	Picture	FF	1741387	0	1	43199	3	0	43200
S022_DAY1_MINITWICE_5246	19	Pulse	99	1753041	11654	NA
S022_DAY1_MINITWICE_5246	19	Port Input	1	1753041	11654	NA
S022_DAY1_MINITWICE_5246	19	Response	52	1760588	19201	1
S022_DAY1_MINITWICE_5246	19	Picture	13_T_FFTRIAD_FF_dedal_red.png	1784586	43199	2	1900	4	43200	1800
S022_DAY1_MINITWICE_5246	20	Picture	FF	1786886	0	2	43100	3	0	43200
S022_DAY1_MINITWICE_5246	20	Pulse	99	1789042	2156	NA
S022_DAY1_MINITWICE_5246	20	Port Input	1	1789042	2156	NA
S022_DAY1_MINITWICE_5246	20	Response	51	1803440	16554	1
S022_DAY1_MINITWICE_5246	20	Pulse	99	1825043	38157	NA
S022_DAY1_MINITWICE_5246	20	Port Input	1	1825043	38157	NA
S022_DAY1_MINITWICE_5246	20	Picture	14_T_FFTRIAD_FF_granjero_red.png	1829986	43100	1	1900	2	43200	1800
S022_DAY1_MINITWICE_5246	21	Picture	FF	1832286	0	1	43100	2	0	43200
S022_DAY1_MINITWICE_5246	21	Response	51	1850114	17828	1
S022_DAY1_MINITWICE_5246	21	Pulse	99	1861044	28758	NA
S022_DAY1_MINITWICE_5246	21	Port Input	1	1861044	28758	NA
S022_DAY1_MINITWICE_5246	21	Picture	15_T_FFTRIAD_FF_oruga_red.png	1875386	43100	1	1900	2	43200	1800
S022_DAY1_MINITWICE_5246	22	Picture	FF	1877586	0	1	43200	2	0	43200
S022_DAY1_MINITWICE_5246	22	Pulse	99	1897045	19459	NA
S022_DAY1_MINITWICE_5246	22	Port Input	1	1897045	19459	NA
S022_DAY1_MINITWICE_5246	22	Response	52	1897849	20263	1
S022_DAY1_MINITWICE_5246	22	Picture	16_T_FFTRIAD_FF_gafas_red.png	1920786	43200	1	1899	3	43200	1800
S022_DAY1_MINITWICE_5246	23	Picture	PW	1923085	0	2	43100	3	0	43200
S022_DAY1_MINITWICE_5246	23	Pulse	99	1933046	9961	NA
S022_DAY1_MINITWICE_5246	23	Port Input	1	1933046	9961	NA
S022_DAY1_MINITWICE_5246	23	Response	52	1953205	30120	1
S022_DAY1_MINITWICE_5246	23	Picture	17_T_PWTRIAD_PW_banera_red.png	1966185	43100	1	1900	2	43200	1800
S022_DAY1_MINITWICE_5246	24	Picture	PW	1968485	0	1	43100	2	0	43200
S022_DAY1_MINITWICE_5246	24	Pulse	99	1969047	562	NA
S022_DAY1_MINITWICE_5246	24	Port Input	1	1969047	562	NA
S022_DAY1_MINITWICE_5246	24	Response	52	1997610	29125	1
S022_DAY1_MINITWICE_5246	24	Pulse	99	2005048	36563	NA
S022_DAY1_MINITWICE_5246	24	Port Input	1	2005048	36563	NA
S022_DAY1_MINITWICE_5246	24	Picture	18_T_PWTRIAD_PW_charco_red.png	2011585	43100	1	1900	2	43200	1800
S022_DAY1_MINITWICE_5246	25	Picture	PW	2013885	0	1	43200	2	0	43200
S022_DAY1_MINITWICE_5246	25	Pulse	99	2041049	27164	NA
S022_DAY1_MINITWICE_5246	25	Port Input	1	2041049	27164	NA
S022_DAY1_MINITWICE_5246	25	Response	51	2045187	31302	1
S022_DAY1_MINITWICE_5246	25	Picture	19_T_PWTRIAD_PW_pizarra_red.png	2057085	43200	1	1900	2	43200	1800
S022_DAY1_MINITWICE_5246	26	Picture	PW	2059384	0	2	43100	3	0	43200
S022_DAY1_MINITWICE_5246	26	Pulse	99	2077050	17666	NA
S022_DAY1_MINITWICE_5246	26	Port Input	1	2077050	17666	NA
S022_DAY1_MINITWICE_5246	26	Response	52	2088576	29192	1
S022_DAY1_MINITWICE_5246	26	Picture	20_T_PWTRIAD_PW_murcielago_red.png	2102484	43100	1	1900	2	43200	1800
S022_DAY1_MINITWICE_5246	27	Picture	rest	2104484	0	1	144099	2	0	144000
S022_DAY1_MINITWICE_5246	27	Pulse	99	2113051	8567	NA
S022_DAY1_MINITWICE_5246	27	Port Input	1	2113051	8567	NA
S022_DAY1_MINITWICE_5246	27	Pulse	99	2149052	44568	NA
S022_DAY1_MINITWICE_5246	27	Port Input	1	2149052	44568	NA
S022_DAY1_MINITWICE_5246	27	Pulse	99	2185052	80568	NA
S022_DAY1_MINITWICE_5246	27	Port Input	1	2185052	80568	NA
S022_DAY1_MINITWICE_5246	27	Pulse	99	2221053	116569	NA
S022_DAY1_MINITWICE_5246	27	Port Input	1	2221053	116569	NA
S022_DAY1_MINITWICE_5246	28	Picture	endrest	2248683	0	1	10100	2	0	10000
S022_DAY1_MINITWICE_5246	28	Pulse	99	2257054	8371	NA
S022_DAY1_MINITWICE_5246	28	Port Input	1	2257054	8371	NA
S022_DAY1_MINITWICE_5246	29	Picture	RW	2259083	0	1	43200	2	0	43200
S022_DAY1_MINITWICE_5246	29	Response	51	2279020	19937	1
S022_DAY1_MINITWICE_5246	29	Pulse	99	2293055	33972	NA
S022_DAY1_MINITWICE_5246	29	Port Input	1	2293055	33972	NA
S022_DAY1_MINITWICE_5246	29	Picture	23_T_RWTRIAD_RW_madera_red.png	2302283	43200	1	1900	2	43200	1800
S022_DAY1_MINITWICE_5246	30	Picture	RW	2304483	0	1	43099	3	0	43200
S022_DAY1_MINITWICE_5246	30	Response	51	2319966	15483	2
S022_DAY1_MINITWICE_5246	30	Pulse	99	2329056	24573	NA
S022_DAY1_MINITWICE_5246	30	Port Input	1	2329056	24573	NA
S022_DAY1_MINITWICE_5246	30	Picture	24_T_RWTRIAD_RW_grifo_red.png	2347582	43099	2	1900	4	43200	1800
S022_DAY1_MINITWICE_5246	31	Picture	RW	2349782	0	2	43100	3	0	43200
S022_DAY1_MINITWICE_5246	31	Pulse	99	2365057	15275	NA
S022_DAY1_MINITWICE_5246	31	Port Input	1	2365057	15275	NA
S022_DAY1_MINITWICE_5246	31	Response	52	2369324	19542	1
S022_DAY1_MINITWICE_5246	31	Picture	25_T_RWTRIAD_RW_sobre_red.png	2392882	43100	1	1900	2	43200	1800
S022_DAY1_MINITWICE_5246	32	Picture	RW	2395182	0	1	43200	2	0	43200
S022_DAY1_MINITWICE_5246	32	Pulse	99	2401058	5876	NA
S022_DAY1_MINITWICE_5246	32	Port Input	1	2401058	5876	NA
S022_DAY1_MINITWICE_5246	32	Response	51	2413080	17898	1
S022_DAY1_MINITWICE_5246	32	Pulse	99	2437059	41877	NA
S022_DAY1_MINITWICE_5246	32	Port Input	1	2437059	41877	NA
S022_DAY1_MINITWICE_5246	32	Picture	26_T_RWTRIAD_RW_charco_red.png	2438382	43200	1	1900	2	43200	1800
S022_DAY1_MINITWICE_5246	33	Picture	RW	2440582	0	1	43099	3	0	43200
S022_DAY1_MINITWICE_5246	33	Response	52	2462119	21537	1
S022_DAY1_MINITWICE_5246	33	Pulse	99	2473060	32478	NA
S022_DAY1_MINITWICE_5246	33	Port Input	1	2473060	32478	NA
S022_DAY1_MINITWICE_5246	33	Picture	27_T_RWTRIAD_RW_llave_red.png	2483681	43099	2	1900	4	43200	1800
S022_DAY1_MINITWICE_5246	34	Picture	RW	2485881	0	2	43200	3	0	43200
S022_DAY1_MINITWICE_5246	34	Response	51	2503204	17323	1
S022_DAY1_MINITWICE_5246	34	Pulse	99	2509061	23180	NA
S022_DAY1_MINITWICE_5246	34	Port Input	1	2509061	23180	NA
S022_DAY1_MINITWICE_5246	34	Picture	28_T_RWTRIAD_RW_granjero_red.png	2529081	43200	1	1900	2	43200	1800
S022_DAY1_MINITWICE_5246	35	Picture	RW	2531281	0	1	43200	2	0	43200
S022_DAY1_MINITWICE_5246	35	Pulse	99	2545062	13781	NA
S022_DAY1_MINITWICE_5246	35	Port Input	1	2545062	13781	NA
S022_DAY1_MINITWICE_5246	35	Response	51	2556291	25010	2
S022_DAY1_MINITWICE_5246	35	Picture	29_T_RWTRIAD_RW_cortina_red.png	2574481	43200	1	1900	2	43200	1800
S022_DAY1_MINITWICE_5246	36	Picture	RW	2576681	0	1	43199	3	0	43200
S022_DAY1_MINITWICE_5246	36	Pulse	99	2581063	4382	NA
S022_DAY1_MINITWICE_5246	36	Port Input	1	2581063	4382	NA
S022_DAY1_MINITWICE_5246	36	Response	52	2603428	26747	1
S022_DAY1_MINITWICE_5246	36	Pulse	99	2617064	40383	NA
S022_DAY1_MINITWICE_5246	36	Port Input	1	2617064	40383	NA
S022_DAY1_MINITWICE_5246	36	Picture	30_T_RWTRIAD_RW_martillo_red.png	2619880	43199	2	1901	3	43200	1800
S022_DAY1_MINITWICE_5246	37	Picture	rest	2621881	0	1	144098	3	0	144000
S022_DAY1_MINITWICE_5246	37	Pulse	99	2653065	31184	NA
S022_DAY1_MINITWICE_5246	37	Port Input	1	2653065	31184	NA
S022_DAY1_MINITWICE_5246	37	Pulse	99	2689066	67185	NA
S022_DAY1_MINITWICE_5246	37	Port Input	1	2689066	67185	NA
S022_DAY1_MINITWICE_5246	37	Pulse	99	2725067	103186	NA
S022_DAY1_MINITWICE_5246	37	Port Input	1	2725067	103186	NA
S022_DAY1_MINITWICE_5246	37	Pulse	99	2761068	139187	NA
S022_DAY1_MINITWICE_5246	37	Port Input	1	2761068	139187	NA
S022_DAY1_MINITWICE_5246	38	Picture	endrest	2766079	0	2	10100	4	0	10000
S022_DAY1_MINITWICE_5246	39	Picture	FF	2776479	0	1	43200	2	0	43200
S022_DAY1_MINITWICE_5246	39	Response	52	2796881	20402	1
S022_DAY1_MINITWICE_5246	39	Pulse	99	2797068	20589	NA
S022_DAY1_MINITWICE_5246	39	Port Input	1	2797068	20589	NA
S022_DAY1_MINITWICE_5246	39	Picture	33_T_FFTRIAD_FF_queso_red.png	2819679	43200	1	1900	2	43200	1800
S022_DAY1_MINITWICE_5246	40	Picture	FF	2821879	0	1	43200	2	0	43200
S022_DAY1_MINITWICE_5246	40	Pulse	99	2833069	11190	NA
S022_DAY1_MINITWICE_5246	40	Port Input	1	2833069	11190	NA
S022_DAY1_MINITWICE_5246	40	Response	51	2833948	12069	1
S022_DAY1_MINITWICE_5246	40	Picture	34_T_FFTRIAD_FF_estetoscopio_red.png	2865079	43200	1	1900	2	43200	1800
S022_DAY1_MINITWICE_5246	41	Picture	FF	2867179	0	1	43199	3	0	43200
S022_DAY1_MINITWICE_5246	41	Pulse	99	2869070	1891	NA
S022_DAY1_MINITWICE_5246	41	Port Input	1	2869070	1891	NA
S022_DAY1_MINITWICE_5246	41	Response	52	2880704	13525	1
S022_DAY1_MINITWICE_5246	41	Pulse	99	2905071	37892	NA
S022_DAY1_MINITWICE_5246	41	Port Input	1	2905071	37892	NA
S022_DAY1_MINITWICE_5246	41	Picture	35_T_FFTRIAD_FF_banera_red.png	2910378	43199	2	1900	3	43200	1800
S022_DAY1_MINITWICE_5246	42	Picture	FF	2912578	0	1	43200	2	0	43200
S022_DAY1_MINITWICE_5246	42	Response	51	2929218	16640	1
S022_DAY1_MINITWICE_5246	42	Pulse	99	2941072	28494	NA
S022_DAY1_MINITWICE_5246	42	Port Input	1	2941072	28494	NA
S022_DAY1_MINITWICE_5246	42	Picture	36_T_FFTRIAD_FF_portatil_red.png	2955778	43200	1	1900	2	43200	1800
S022_DAY1_MINITWICE_5246	43	Picture	PW	2957978	0	1	43200	2	0	43200
S022_DAY1_MINITWICE_5246	43	Pulse	99	2977073	19095	NA
S022_DAY1_MINITWICE_5246	43	Port Input	1	2977073	19095	NA
S022_DAY1_MINITWICE_5246	43	Response	51	2981731	23753	1
S022_DAY1_MINITWICE_5246	43	Picture	37_T_PWTRIAD_PW_sapo_red.png	3001178	43200	1	1900	2	43200	1800
S022_DAY1_MINITWICE_5246	44	Picture	PW	3003478	0	1	43099	3	0	43200
S022_DAY1_MINITWICE_5246	44	Pulse	99	3013074	9596	NA
S022_DAY1_MINITWICE_5246	44	Port Input	1	3013074	9596	NA
S022_DAY1_MINITWICE_5246	44	Response	51	3023793	20315	1
S022_DAY1_MINITWICE_5246	44	Picture	38_T_PWTRIAD_PW_madera_red.png	3046577	43099	2	1900	4	43200	1800
S022_DAY1_MINITWICE_5246	45	Picture	PW	3048877	0	2	43100	3	0	43200
S022_DAY1_MINITWICE_5246	45	Pulse	99	3049075	198	NA
S022_DAY1_MINITWICE_5246	45	Port Input	1	3049075	198	NA
S022_DAY1_MINITWICE_5246	45	Response	51	3067145	18268	1
S022_DAY1_MINITWICE_5246	45	Pulse	99	3085076	36199	NA
S022_DAY1_MINITWICE_5246	45	Port Input	1	3085076	36199	NA
S022_DAY1_MINITWICE_5246	45	Picture	39_T_PWTRIAD_PW_dado_red.png	3091977	43100	1	1900	2	43200	1800
S022_DAY1_MINITWICE_5246	46	Picture	PW	3094277	0	1	43100	2	0	43200
S022_DAY1_MINITWICE_5246	46	Response	51	3118195	23918	1
S022_DAY1_MINITWICE_5246	46	Pulse	99	3121077	26800	NA
S022_DAY1_MINITWICE_5246	46	Port Input	1	3121077	26800	NA
S022_DAY1_MINITWICE_5246	46	Picture	40_T_PWTRIAD_PW_molino_red.png	3137377	43100	1	1900	2	43200	1800
S022_DAY1_MINITWICE_5246	47	Picture	rest	3139377	0	1	144099	2	0	144000
S022_DAY1_MINITWICE_5246	47	Pulse	99	3157078	17701	NA
S022_DAY1_MINITWICE_5246	47	Port Input	1	3157078	17701	NA
S022_DAY1_MINITWICE_5246	47	Pulse	99	3193079	53702	NA
S022_DAY1_MINITWICE_5246	47	Port Input	1	3193079	53702	NA
S022_DAY1_MINITWICE_5246	47	Pulse	99	3229080	89703	NA
S022_DAY1_MINITWICE_5246	47	Port Input	1	3229080	89703	NA
S022_DAY1_MINITWICE_5246	47	Pulse	99	3265081	125704	NA
S022_DAY1_MINITWICE_5246	47	Port Input	1	3265081	125704	NA
S022_DAY1_MINITWICE_5246	48	Picture	endrest	3283576	0	1	10100	2	0	10000
S022_DAY1_MINITWICE_5246	49	Picture	FF	3294176	0	1	43099	2	0	43200
S022_DAY1_MINITWICE_5246	49	Pulse	99	3301082	6906	NA
S022_DAY1_MINITWICE_5246	49	Port Input	1	3301082	6906	NA
S022_DAY1_MINITWICE_5246	49	Response	52	3313407	19231	1
S022_DAY1_MINITWICE_5246	49	Pulse	99	3337083	42907	NA
S022_DAY1_MINITWICE_5246	49	Port Input	1	3337083	42907	NA
S022_DAY1_MINITWICE_5246	49	Picture	43_T_FFTRIAD_FF_botella_red.png	3337275	43099	1	1900	2	43200	1800
S022_DAY1_MINITWICE_5246	50	Picture	FF	3339575	0	1	43100	2	0	43200
S022_DAY1_MINITWICE_5246	50	Response	52	3351164	11589	1
S022_DAY1_MINITWICE_5246	50	Pulse	99	3373083	33508	NA
S022_DAY1_MINITWICE_5246	50	Port Input	1	3373083	33508	NA
S022_DAY1_MINITWICE_5246	50	Picture	44_T_FFTRIAD_FF_raton_red.png	3382675	43100	1	1900	2	43200	1800
S022_DAY1_MINITWICE_5246	51	Picture	FF	3384875	0	1	43100	2	0	43200
S022_DAY1_MINITWICE_5246	51	Response	51	3399742	14867	2
S022_DAY1_MINITWICE_5246	51	Pulse	99	3409084	24209	NA
S022_DAY1_MINITWICE_5246	51	Port Input	1	3409084	24209	NA
S022_DAY1_MINITWICE_5246	51	Picture	45_T_FFTRIAD_FF_policia_red.png	3427975	43100	1	1900	2	43200	1800
S022_DAY1_MINITWICE_5246	52	Picture	FF	3430175	0	1	43199	2	0	43200
S022_DAY1_MINITWICE_5246	52	Response	52	3441626	11451	1
S022_DAY1_MINITWICE_5246	52	Pulse	99	3445085	14910	NA
S022_DAY1_MINITWICE_5246	52	Port Input	1	3445085	14910	NA
S022_DAY1_MINITWICE_5246	52	Picture	46_T_FFTRIAD_FF_chupete_red.png	3473374	43199	1	1900	2	43200	1800
S022_DAY1_MINITWICE_5246	53	Picture	RW	3475574	0	1	43200	2	0	43200
S022_DAY1_MINITWICE_5246	53	Pulse	99	3481086	5512	NA
S022_DAY1_MINITWICE_5246	53	Port Input	1	3481086	5512	NA
S022_DAY1_MINITWICE_5246	53	Response	51	3506115	30541	1
S022_DAY1_MINITWICE_5246	53	Pulse	99	3517087	41513	NA
S022_DAY1_MINITWICE_5246	53	Port Input	1	3517087	41513	NA
S022_DAY1_MINITWICE_5246	53	Picture	47_T_RWTRIAD_RW_chupete_red.png	3518774	43200	1	1900	2	43200	1800
S022_DAY1_MINITWICE_5246	54	Picture	RW	3520974	0	1	43100	2	0	43200
S022_DAY1_MINITWICE_5246	54	Response	51	3537521	16547	1
S022_DAY1_MINITWICE_5246	54	Pulse	99	3553088	32114	NA
S022_DAY1_MINITWICE_5246	54	Port Input	1	3553088	32114	NA
S022_DAY1_MINITWICE_5246	54	Picture	48_T_RWTRIAD_RW_teclado_red.png	3564074	43100	1	1900	2	43200	1800
S022_DAY1_MINITWICE_5246	55	Picture	RW	3566374	0	1	43199	2	0	43200
S022_DAY1_MINITWICE_5246	55	Response	52	3587595	21221	2
S022_DAY1_MINITWICE_5246	55	Pulse	99	3589089	22715	NA
S022_DAY1_MINITWICE_5246	55	Port Input	1	3589089	22715	NA
S022_DAY1_MINITWICE_5246	55	Picture	49_T_RWTRIAD_RW_monja_red.png	3609573	43199	1	1900	2	43200	1800
S022_DAY1_MINITWICE_5246	56	Picture	RW	3611873	0	1	43200	2	0	43200
S022_DAY1_MINITWICE_5246	56	Pulse	99	3625090	13217	NA
S022_DAY1_MINITWICE_5246	56	Port Input	1	3625090	13217	NA
S022_DAY1_MINITWICE_5246	56	Response	51	3634020	22147	1
S022_DAY1_MINITWICE_5246	56	Picture	50_T_RWTRIAD_RW_lechuga_red.png	3655073	43200	1	1900	2	43200	1800
S022_DAY1_MINITWICE_5246	57	Picture	rest	3657073	0	1	144099	2	0	144000
S022_DAY1_MINITWICE_5246	57	Pulse	99	3661091	4018	NA
S022_DAY1_MINITWICE_5246	57	Port Input	1	3661091	4018	NA
S022_DAY1_MINITWICE_5246	57	Pulse	99	3697092	40019	NA
S022_DAY1_MINITWICE_5246	57	Port Input	1	3697092	40019	NA
S022_DAY1_MINITWICE_5246	57	Pulse	99	3733093	76020	NA
S022_DAY1_MINITWICE_5246	57	Port Input	1	3733093	76020	NA
S022_DAY1_MINITWICE_5246	57	Pulse	99	3769094	112021	NA
S022_DAY1_MINITWICE_5246	57	Port Input	1	3769094	112021	NA
S022_DAY1_MINITWICE_5246	58	Picture	endrest	3801272	0	1	10100	2	0	10000
S022_DAY1_MINITWICE_5246	58	Pulse	99	3805095	3823	NA
S022_DAY1_MINITWICE_5246	58	Port Input	1	3805095	3823	NA
S022_DAY1_MINITWICE_5246	59	Picture	PW	3811772	0	1	43100	2	0	43200
S022_DAY1_MINITWICE_5246	59	Response	51	3837755	25983	1
S022_DAY1_MINITWICE_5246	59	Pulse	99	3841096	29324	NA
S022_DAY1_MINITWICE_5246	59	Port Input	1	3841096	29324	NA
S022_DAY1_MINITWICE_5246	59	Picture	53_T_PWTRIAD_PW_novia_red.png	3854872	43100	1	1900	2	43200	1800
S022_DAY1_MINITWICE_5246	60	Picture	PW	3857172	0	1	43199	2	0	43200
S022_DAY1_MINITWICE_5246	60	Pulse	99	3877097	19925	NA
S022_DAY1_MINITWICE_5246	60	Port Input	1	3877097	19925	NA
S022_DAY1_MINITWICE_5246	60	Response	51	3893171	35999	2
S022_DAY1_MINITWICE_5246	60	Picture	54_T_PWTRIAD_PW_botella_red.png	3900371	43199	1	1900	2	43200	1800
S022_DAY1_MINITWICE_5246	61	Picture	PW	3902571	0	1	43200	2	0	43200
S022_DAY1_MINITWICE_5246	61	Pulse	99	3913098	10527	NA
S022_DAY1_MINITWICE_5246	61	Port Input	1	3913098	10527	NA
S022_DAY1_MINITWICE_5246	61	Response	51	3934647	32076	1
S022_DAY1_MINITWICE_5246	61	Picture	55_T_PWTRIAD_PW_ancla_red.png	3945771	43200	1	1900	2	43200	1800
S022_DAY1_MINITWICE_5246	62	Picture	PW	3948071	0	1	43099	3	0	43200
S022_DAY1_MINITWICE_5246	62	Pulse	99	3949098	1027	NA
S022_DAY1_MINITWICE_5246	62	Port Input	1	3949098	1027	NA
S022_DAY1_MINITWICE_5246	62	Response	52	3969421	21350	1
S022_DAY1_MINITWICE_5246	62	Pulse	99	3985099	37028	NA
S022_DAY1_MINITWICE_5246	62	Port Input	1	3985099	37028	NA
S022_DAY1_MINITWICE_5246	62	Picture	56_T_PWTRIAD_PW_mono_red.png	3991170	43099	2	1901	3	43200	1800
S022_DAY1_MINITWICE_5246	63	Picture	RW	3993371	0	1	43199	2	0	43200
S022_DAY1_MINITWICE_5246	63	Response	52	4016624	23253	1
S022_DAY1_MINITWICE_5246	63	Pulse	99	4021100	27729	NA
S022_DAY1_MINITWICE_5246	63	Port Input	1	4021100	27729	NA
S022_DAY1_MINITWICE_5246	63	Picture	57_T_RWTRIAD_RW_arco_red.png	4036570	43199	1	1900	2	43200	1800
S022_DAY1_MINITWICE_5246	64	Picture	RW	4038870	0	1	43100	2	0	43200
S022_DAY1_MINITWICE_5246	64	Pulse	99	4057101	18231	NA
S022_DAY1_MINITWICE_5246	64	Port Input	1	4057101	18231	NA
S022_DAY1_MINITWICE_5246	64	Response	52	4060427	21557	1
S022_DAY1_MINITWICE_5246	64	Picture	58_T_RWTRIAD_RW_cuento_red.png	4081970	43100	1	1900	2	43200	1800
S022_DAY1_MINITWICE_5246	65	Picture	RW	4084170	0	1	43200	2	0	43200
S022_DAY1_MINITWICE_5246	65	Pulse	99	4093102	8932	NA
S022_DAY1_MINITWICE_5246	65	Port Input	1	4093102	8932	NA
S022_DAY1_MINITWICE_5246	65	Response	52	4105350	21180	1
S022_DAY1_MINITWICE_5246	65	Picture	59_T_RWTRIAD_RW_anillo_red.png	4127370	43200	1	1900	2	43200	1800
S022_DAY1_MINITWICE_5246	65	Pulse	99	4129103	44933	NA
S022_DAY1_MINITWICE_5246	65	Port Input	1	4129103	44933	NA
S022_DAY1_MINITWICE_5246	66	Picture	RW	4129570	0	1	43199	2	0	43200
S022_DAY1_MINITWICE_5246	66	Response	51	4148969	19399	1
S022_DAY1_MINITWICE_5246	66	Pulse	99	4165104	35534	NA
S022_DAY1_MINITWICE_5246	66	Port Input	1	4165104	35534	NA
S022_DAY1_MINITWICE_5246	66	Picture	60_T_RWTRIAD_RW_violin_red.png	4172769	43199	1	1900	2	43200	1800
S022_DAY1_MINITWICE_5246	67	Picture	rest	4174769	0	1	144099	2	0	144000
S022_DAY1_MINITWICE_5246	67	Pulse	99	4201105	26336	NA
S022_DAY1_MINITWICE_5246	67	Port Input	1	4201105	26336	NA
S022_DAY1_MINITWICE_5246	67	Pulse	99	4237106	62337	NA
S022_DAY1_MINITWICE_5246	67	Port Input	1	4237106	62337	NA
S022_DAY1_MINITWICE_5246	67	Pulse	99	4273107	98338	NA
S022_DAY1_MINITWICE_5246	67	Port Input	1	4273107	98338	NA
S022_DAY1_MINITWICE_5246	67	Pulse	99	4309108	134339	NA
S022_DAY1_MINITWICE_5246	67	Port Input	1	4309108	134339	NA
S022_DAY1_MINITWICE_5246	68	Picture	endrest	4318968	0	1	10100	2	0	10000
S022_DAY1_MINITWICE_5246	69	Picture	FF	4329368	0	1	43100	2	0	43200
S022_DAY1_MINITWICE_5246	69	Pulse	99	4345109	15741	NA
S022_DAY1_MINITWICE_5246	69	Port Input	1	4345109	15741	NA
S022_DAY1_MINITWICE_5246	69	Response	51	4353329	23961	1
S022_DAY1_MINITWICE_5246	69	Picture	63_T_FFTRIAD_FF_teclado_red.png	4372468	43100	1	1900	2	43200	1800
S022_DAY1_MINITWICE_5246	70	Picture	FF	4374668	0	1	43199	3	0	43200
S022_DAY1_MINITWICE_5246	70	Pulse	99	4381110	6442	NA
S022_DAY1_MINITWICE_5246	70	Port Input	1	4381110	6442	NA
S022_DAY1_MINITWICE_5246	70	Response	52	4386426	11758	1
S022_DAY1_MINITWICE_5246	70	Pulse	99	4417111	42443	NA
S022_DAY1_MINITWICE_5246	70	Port Input	1	4417111	42443	NA
S022_DAY1_MINITWICE_5246	70	Picture	64_T_FFTRIAD_FF_pilas_red.png	4417867	43199	2	1900	4	43200	1800
S022_DAY1_MINITWICE_5246	71	Picture	FF	4420067	0	2	43200	3	0	43200
S022_DAY1_MINITWICE_5246	71	Response	51	4433483	13416	2
S022_DAY1_MINITWICE_5246	71	Pulse	99	4453112	33045	NA
S022_DAY1_MINITWICE_5246	71	Port Input	1	4453112	33045	NA
S022_DAY1_MINITWICE_5246	71	Picture	65_T_FFTRIAD_FF_arbol_red.png	4463267	43200	1	1900	2	43200	1800
S022_DAY1_MINITWICE_5246	72	Picture	FF	4465367	0	1	43200	2	0	43200
S022_DAY1_MINITWICE_5246	72	Response	52	4479637	14270	1
S022_DAY1_MINITWICE_5246	72	Pulse	99	4489113	23746	NA
S022_DAY1_MINITWICE_5246	72	Port Input	1	4489113	23746	NA
S022_DAY1_MINITWICE_5246	72	Picture	66_T_FFTRIAD_FF_paraguas_red.png	4508567	43200	1	1900	2	43200	1800
S022_DAY1_MINITWICE_5246	73	Picture	PW	4510867	0	1	43099	3	0	43200
S022_DAY1_MINITWICE_5246	73	Pulse	99	4525113	14246	NA
S022_DAY1_MINITWICE_5246	73	Port Input	1	4525113	14246	NA
S022_DAY1_MINITWICE_5246	73	Response	51	4543262	32395	1
S022_DAY1_MINITWICE_5246	73	Picture	67_T_PWTRIAD_PW_paracaidas_red.png	4553966	43099	2	1900	4	43200	1800
S022_DAY1_MINITWICE_5246	74	Picture	PW	4556166	0	2	43200	3	0	43200
S022_DAY1_MINITWICE_5246	74	Pulse	99	4561114	4948	NA
S022_DAY1_MINITWICE_5246	74	Port Input	1	4561114	4948	NA
S022_DAY1_MINITWICE_5246	74	Response	52	4579411	23245	1
S022_DAY1_MINITWICE_5246	74	Pulse	99	4597115	40949	NA
S022_DAY1_MINITWICE_5246	74	Port Input	1	4597115	40949	NA
S022_DAY1_MINITWICE_5246	74	Picture	68_T_PWTRIAD_PW_monja_red.png	4599366	43200	1	1900	2	43200	1800
S022_DAY1_MINITWICE_5246	75	Picture	PW	4601566	0	1	43200	2	0	43200
S022_DAY1_MINITWICE_5246	75	Response	51	4628652	27086	1
S022_DAY1_MINITWICE_5246	75	Pulse	99	4633116	31550	NA
S022_DAY1_MINITWICE_5246	75	Port Input	1	4633116	31550	NA
S022_DAY1_MINITWICE_5246	75	Picture	69_T_PWTRIAD_PW_portatil_red.png	4644766	43200	1	1900	2	43200	1800
S022_DAY1_MINITWICE_5246	76	Picture	PW	4647066	0	1	43099	3	0	43200
S022_DAY1_MINITWICE_5246	76	Pulse	99	4669117	22051	NA
S022_DAY1_MINITWICE_5246	76	Port Input	1	4669117	22051	NA
S022_DAY1_MINITWICE_5246	76	Response	52	4670719	23653	2
S022_DAY1_MINITWICE_5246	76	Picture	70_T_PWTRIAD_PW_iglu_red.png	4690165	43099	2	1900	4	43200	1800
S022_DAY1_MINITWICE_5246	77	Picture	rest	4692165	0	2	144099	3	0	144000
S022_DAY1_MINITWICE_5246	77	Pulse	99	4705118	12953	NA
S022_DAY1_MINITWICE_5246	77	Port Input	1	4705118	12953	NA
S022_DAY1_MINITWICE_5246	77	Pulse	99	4741119	48954	NA
S022_DAY1_MINITWICE_5246	77	Port Input	1	4741119	48954	NA
S022_DAY1_MINITWICE_5246	77	Pulse	99	4777120	84955	NA
S022_DAY1_MINITWICE_5246	77	Port Input	1	4777120	84955	NA
S022_DAY1_MINITWICE_5246	77	Pulse	99	4813121	120956	NA
S022_DAY1_MINITWICE_5246	77	Port Input	1	4813121	120956	NA
S022_DAY1_MINITWICE_5246	78	Picture	endrest	4836364	0	1	10100	2	0	10000
S022_DAY1_MINITWICE_5246	79	Picture	PW	4846764	0	1	43200	2	0	43200
S022_DAY1_MINITWICE_5246	79	Pulse	99	4849122	2358	NA
S022_DAY1_MINITWICE_5246	79	Port Input	1	4849122	2358	NA
S022_DAY1_MINITWICE_5246	79	Response	51	4876808	30044	1
S022_DAY1_MINITWICE_5246	79	Pulse	99	4885123	38359	NA
S022_DAY1_MINITWICE_5246	79	Port Input	1	4885123	38359	NA
S022_DAY1_MINITWICE_5246	79	Picture	73_T_PWTRIAD_PW_pilas_red.png	4889964	43200	1	1900	2	43200	1800
S022_DAY1_MINITWICE_5246	80	Picture	PW	4892264	0	1	43100	2	0	43200
S022_DAY1_MINITWICE_5246	80	Pulse	99	4921124	28860	NA
S022_DAY1_MINITWICE_5246	80	Port Input	1	4921124	28860	NA
S022_DAY1_MINITWICE_5246	80	Response	52	4922397	30133	3
S022_DAY1_MINITWICE_5246	80	Picture	74_T_PWTRIAD_PW_bellota_red.png	4935364	43100	1	1900	2	43200	1800
S022_DAY1_MINITWICE_5246	81	Picture	PW	4937664	0	1	43099	2	0	43200
S022_DAY1_MINITWICE_5246	81	Pulse	99	4957125	19461	NA
S022_DAY1_MINITWICE_5246	81	Port Input	1	4957125	19461	NA
S022_DAY1_MINITWICE_5246	81	Response	52	4968661	30997	1
S022_DAY1_MINITWICE_5246	81	Picture	75_T_PWTRIAD_PW_lana_red.png	4980763	43099	1	1900	2	43200	1800
S022_DAY1_MINITWICE_5246	82	Picture	PW	4983063	0	1	43100	2	0	43200
S022_DAY1_MINITWICE_5246	82	Pulse	99	4993126	10063	NA
S022_DAY1_MINITWICE_5246	82	Port Input	1	4993126	10063	NA
S022_DAY1_MINITWICE_5246	82	Response	51	5004012	20949	1
S022_DAY1_MINITWICE_5246	82	Picture	76_T_PWTRIAD_PW_gafas_red.png	5026163	43100	1	1900	2	43200	1800
S022_DAY1_MINITWICE_5246	83	Picture	PW	5028363	0	1	43200	2	0	43200
S022_DAY1_MINITWICE_5246	83	Pulse	99	5029127	764	NA
S022_DAY1_MINITWICE_5246	83	Port Input	1	5029127	764	NA
S022_DAY1_MINITWICE_5246	83	Response	52	5056516	28153	2
S022_DAY1_MINITWICE_5246	83	Pulse	99	5065127	36764	NA
S022_DAY1_MINITWICE_5246	83	Port Input	1	5065127	36764	NA
S022_DAY1_MINITWICE_5246	83	Picture	77_T_PWTRIAD_PW_huevos_red.png	5071563	43200	1	1900	2	43200	1800
S022_DAY1_MINITWICE_5246	84	Picture	PW	5073863	0	1	43099	2	0	43200
S022_DAY1_MINITWICE_5246	84	Pulse	99	5101128	27265	NA
S022_DAY1_MINITWICE_5246	84	Port Input	1	5101128	27265	NA
S022_DAY1_MINITWICE_5246	84	Response	51	5105678	31815	1
S022_DAY1_MINITWICE_5246	84	Picture	78_T_PWTRIAD_PW_granjero_red.png	5116962	43099	1	1900	2	43200	1800
S022_DAY1_MINITWICE_5246	85	Picture	PW	5119162	0	1	43200	2	0	43200
S022_DAY1_MINITWICE_5246	85	Pulse	99	5137129	17967	NA
S022_DAY1_MINITWICE_5246	85	Port Input	1	5137129	17967	NA
S022_DAY1_MINITWICE_5246	85	Response	52	5158290	39128	1
S022_DAY1_MINITWICE_5246	85	Picture	79_T_PWTRIAD_PW_zanahoria_red.png	5162362	43200	1	1900	2	43200	1800
S022_DAY1_MINITWICE_5246	86	Picture	PW	5164662	0	1	43100	2	0	43200
S022_DAY1_MINITWICE_5246	86	Pulse	99	5173130	8468	NA
S022_DAY1_MINITWICE_5246	86	Port Input	1	5173130	8468	NA
S022_DAY1_MINITWICE_5246	86	Response	52	5183895	19233	1
S022_DAY1_MINITWICE_5246	86	Picture	80_T_PWTRIAD_PW_paraguas_red.png	5207762	43100	1	1900	2	43200	1800
S022_DAY1_MINITWICE_5246	86	Pulse	99	5209131	44469	NA
S022_DAY1_MINITWICE_5246	86	Port Input	1	5209131	44469	NA
S022_DAY1_MINITWICE_5246	87	Picture	rest	5209762	0	1	144099	2	0	144000
S022_DAY1_MINITWICE_5246	87	Pulse	99	5245132	35370	NA
S022_DAY1_MINITWICE_5246	87	Port Input	1	5245132	35370	NA
S022_DAY1_MINITWICE_5246	87	Pulse	99	5281133	71371	NA
S022_DAY1_MINITWICE_5246	87	Port Input	1	5281133	71371	NA
S022_DAY1_MINITWICE_5246	87	Pulse	99	5317134	107372	NA
S022_DAY1_MINITWICE_5246	87	Port Input	1	5317134	107372	NA
S022_DAY1_MINITWICE_5246	87	Pulse	99	5353135	143373	NA
S022_DAY1_MINITWICE_5246	87	Port Input	1	5353135	143373	NA
S022_DAY1_MINITWICE_5246	88	Picture	endrest	5353961	0	1	10099	3	0	10000
S022_DAY1_MINITWICE_5246	89	Picture	RW	5364361	0	1	43199	2	0	43200
S022_DAY1_MINITWICE_5246	89	Response	51	5386202	21841	1
S022_DAY1_MINITWICE_5246	89	Pulse	99	5389136	24775	NA
S022_DAY1_MINITWICE_5246	89	Port Input	1	5389136	24775	NA
S022_DAY1_MINITWICE_5246	89	Picture	83_T_RWTRIAD_RW_candado_red.png	5407560	43199	1	1900	2	43200	1800
S022_DAY1_MINITWICE_5246	90	Picture	RW	5409860	0	1	43100	2	0	43200
S022_DAY1_MINITWICE_5246	90	Pulse	99	5425137	15277	NA
S022_DAY1_MINITWICE_5246	90	Port Input	1	5425137	15277	NA
S022_DAY1_MINITWICE_5246	90	Response	51	5432257	22397	1
S022_DAY1_MINITWICE_5246	90	Picture	84_T_RWTRIAD_RW_perro_red.png	5452960	43100	1	1900	2	43200	1800
S022_DAY1_MINITWICE_5246	91	Picture	RW	5455160	0	1	43100	2	0	43200
S022_DAY1_MINITWICE_5246	91	Pulse	99	5461138	5978	NA
S022_DAY1_MINITWICE_5246	91	Port Input	1	5461138	5978	NA
S022_DAY1_MINITWICE_5246	91	Response	52	5475533	20373	2
S022_DAY1_MINITWICE_5246	91	Pulse	99	5497139	41979	NA
S022_DAY1_MINITWICE_5246	91	Port Input	1	5497139	41979	NA
S022_DAY1_MINITWICE_5246	91	Picture	85_T_RWTRIAD_RW_pincel_red.png	5498260	43100	1	1900	2	43200	1800
S022_DAY1_MINITWICE_5246	92	Picture	RW	5500460	0	1	43199	2	0	43200
S022_DAY1_MINITWICE_5246	92	Response	51	5519387	18927	1
S022_DAY1_MINITWICE_5246	92	Pulse	99	5533140	32680	NA
S022_DAY1_MINITWICE_5246	92	Port Input	1	5533140	32680	NA
S022_DAY1_MINITWICE_5246	92	Picture	86_T_RWTRIAD_RW_telefono_red.png	5543659	43199	1	1900	2	43200	1800
S022_DAY1_MINITWICE_5246	93	Picture	RW	5545959	0	1	43100	2	0	43200
S022_DAY1_MINITWICE_5246	93	Pulse	99	5569141	23182	NA
S022_DAY1_MINITWICE_5246	93	Port Input	1	5569141	23182	NA
S022_DAY1_MINITWICE_5246	93	Response	52	5578725	32766	1
S022_DAY1_MINITWICE_5246	93	Picture	87_T_RWTRIAD_RW_grapadora_red.png	5589059	43100	1	1900	2	43200	1800
S022_DAY1_MINITWICE_5246	94	Picture	RW	5591259	0	1	43100	2	0	43200
S022_DAY1_MINITWICE_5246	94	Pulse	99	5605141	13882	NA
S022_DAY1_MINITWICE_5246	94	Port Input	1	5605141	13882	NA
S022_DAY1_MINITWICE_5246	94	Response	52	5617718	26459	1
S022_DAY1_MINITWICE_5246	94	Picture	88_T_RWTRIAD_RW_silla_red.png	5634359	43100	1	1900	2	43200	1800
S022_DAY1_MINITWICE_5246	95	Picture	RW	5636559	0	1	43199	2	0	43200
S022_DAY1_MINITWICE_5246	95	Pulse	99	5641142	4583	NA
S022_DAY1_MINITWICE_5246	95	Port Input	1	5641142	4583	NA
S022_DAY1_MINITWICE_5246	95	Response	52	5653102	16543	1
S022_DAY1_MINITWICE_5246	95	Pulse	99	5677143	40584	NA
S022_DAY1_MINITWICE_5246	95	Port Input	1	5677143	40584	NA
S022_DAY1_MINITWICE_5246	95	Picture	89_T_RWTRIAD_RW_agua_red.png	5679758	43199	1	1900	2	43200	1800
S022_DAY1_MINITWICE_5246	96	Picture	RW	5682058	0	1	43200	2	0	43200
S022_DAY1_MINITWICE_5246	96	Response	52	5699447	17389	1
S022_DAY1_MINITWICE_5246	96	Pulse	99	5713144	31086	NA
S022_DAY1_MINITWICE_5246	96	Port Input	1	5713144	31086	NA
S022_DAY1_MINITWICE_5246	96	Picture	90_T_RWTRIAD_RW_bellota_red.png	5725258	43200	1	1900	2	43200	1800
S022_DAY1_MINITWICE_5246	97	Picture	rest	5727258	0	1	144099	2	0	144000
S022_DAY1_MINITWICE_5246	97	Pulse	99	5749145	21887	NA
S022_DAY1_MINITWICE_5246	97	Port Input	1	5749145	21887	NA
S022_DAY1_MINITWICE_5246	97	Pulse	99	5785146	57888	NA
S022_DAY1_MINITWICE_5246	97	Port Input	1	5785146	57888	NA
S022_DAY1_MINITWICE_5246	97	Pulse	99	5821147	93889	NA
S022_DAY1_MINITWICE_5246	97	Port Input	1	5821147	93889	NA
S022_DAY1_MINITWICE_5246	97	Pulse	99	5857148	129890	NA
S022_DAY1_MINITWICE_5246	97	Port Input	1	5857148	129890	NA
S022_DAY1_MINITWICE_5246	98	Picture	endrest	5871457	0	1	10100	2	0	10000
S022_DAY1_MINITWICE_5246	99	Picture	PW	5881957	0	1	43099	2	0	43200
S022_DAY1_MINITWICE_5246	99	Pulse	99	5893149	11192	NA
S022_DAY1_MINITWICE_5246	99	Port Input	1	5893149	11192	NA
S022_DAY1_MINITWICE_5246	99	Response	51	5905450	23493	1
S022_DAY1_MINITWICE_5246	99	Picture	93_T_PWTRIAD_PW_pincel_red.png	5925056	43099	1	1900	2	43200	1800
S022_DAY1_MINITWICE_5246	100	Picture	PW	5927356	0	2	43100	3	0	43200
S022_DAY1_MINITWICE_5246	100	Pulse	99	5929150	1794	NA
S022_DAY1_MINITWICE_5246	100	Port Input	1	5929150	1794	NA
S022_DAY1_MINITWICE_5246	100	Response	51	5946823	19467	1
S022_DAY1_MINITWICE_5246	100	Pulse	99	5965151	37795	NA
S022_DAY1_MINITWICE_5246	100	Port Input	1	5965151	37795	NA
S022_DAY1_MINITWICE_5246	100	Picture	94_T_PWTRIAD_PW_arco_red.png	5970456	43100	1	1900	2	43200	1800
S022_DAY1_MINITWICE_5246	101	Picture	PW	5972656	0	1	43100	2	0	43200
S022_DAY1_MINITWICE_5246	101	Response	52	5989575	16919	1
S022_DAY1_MINITWICE_5246	101	Pulse	99	6001152	28496	NA
S022_DAY1_MINITWICE_5246	101	Port Input	1	6001152	28496	NA
S022_DAY1_MINITWICE_5246	101	Picture	95_T_PWTRIAD_PW_leche_red.png	6015756	43100	1	1900	2	43200	1800
S022_DAY1_MINITWICE_5246	102	Picture	PW	6017856	0	1	43199	3	0	43200
S022_DAY1_MINITWICE_5246	102	Pulse	99	6037153	19297	NA
S022_DAY1_MINITWICE_5246	102	Port Input	1	6037153	19297	NA
S022_DAY1_MINITWICE_5246	102	Response	51	6043196	25340	1
S022_DAY1_MINITWICE_5246	102	Picture	96_T_PWTRIAD_PW_arbol_red.png	6061055	43199	2	1900	3	43200	1800
S022_DAY1_MINITWICE_5246	103	Picture	RW	6063255	0	2	43100	3	0	43200
S022_DAY1_MINITWICE_5246	103	Pulse	99	6073154	9899	NA
S022_DAY1_MINITWICE_5246	103	Port Input	1	6073154	9899	NA
S022_DAY1_MINITWICE_5246	103	Picture	97_T_RWTRIAD_RW_iglu_red.png	6106355	43100	1	1900	2	43200	1800
S022_DAY1_MINITWICE_5246	103	Response	51	6106553	43298	1
S022_DAY1_MINITWICE_5246	104	Picture	RW	6108655	0	1	43200	2	0	43200
S022_DAY1_MINITWICE_5246	104	Pulse	99	6109155	500	NA
S022_DAY1_MINITWICE_5246	104	Port Input	1	6109155	500	NA
S022_DAY1_MINITWICE_5246	104	Response	52	6126748	18093	1
S022_DAY1_MINITWICE_5246	104	Pulse	99	6145155	36500	NA
S022_DAY1_MINITWICE_5246	104	Port Input	1	6145155	36500	NA
S022_DAY1_MINITWICE_5246	104	Picture	98_T_RWTRIAD_RW_lenador_red.png	6151855	43200	1	1900	2	43200	1800
S022_DAY1_MINITWICE_5246	105	Picture	RW	6154055	0	1	43099	3	0	43200
S022_DAY1_MINITWICE_5246	105	Response	51	6169772	15717	1
S022_DAY1_MINITWICE_5246	105	Pulse	99	6181156	27101	NA
S022_DAY1_MINITWICE_5246	105	Port Input	1	6181156	27101	NA
S022_DAY1_MINITWICE_5246	105	Picture	99_T_RWTRIAD_RW_manos_red.png	6197154	43099	2	1900	4	43200	1800
S022_DAY1_MINITWICE_5246	106	Picture	RW	6199454	0	2	43100	3	0	43200
S022_DAY1_MINITWICE_5246	106	Pulse	99	6217157	17703	NA
S022_DAY1_MINITWICE_5246	106	Port Input	1	6217157	17703	NA
S022_DAY1_MINITWICE_5246	106	Response	52	6221975	22521	2
S022_DAY1_MINITWICE_5246	106	Picture	100_T_RWTRIAD_RW_dado_red.png	6242554	43100	1	1900	2	43200	1800
S022_DAY1_MINITWICE_5246	107	Picture	rest	6244554	0	1	144099	2	0	144000
S022_DAY1_MINITWICE_5246	107	Pulse	99	6253158	8604	NA
S022_DAY1_MINITWICE_5246	107	Port Input	1	6253158	8604	NA
S022_DAY1_MINITWICE_5246	107	Pulse	99	6289159	44605	NA
S022_DAY1_MINITWICE_5246	107	Port Input	1	6289159	44605	NA
S022_DAY1_MINITWICE_5246	107	Pulse	99	6325160	80606	NA
S022_DAY1_MINITWICE_5246	107	Port Input	1	6325160	80606	NA
S022_DAY1_MINITWICE_5246	107	Pulse	99	6361161	116607	NA
S022_DAY1_MINITWICE_5246	107	Port Input	1	6361161	116607	NA
S022_DAY1_MINITWICE_5246	108	Picture	endrest	6388753	0	1	10100	2	0	10000
S022_DAY1_MINITWICE_5246	108	Pulse	99	6397162	8409	NA
S022_DAY1_MINITWICE_5246	108	Port Input	1	6397162	8409	NA
S022_DAY1_MINITWICE_5246	109	Picture	RW	6399153	0	1	43100	2	0	43200
S022_DAY1_MINITWICE_5246	109	Response	52	6426128	26975	1
S022_DAY1_MINITWICE_5246	109	Pulse	99	6433163	34010	NA
S022_DAY1_MINITWICE_5246	109	Port Input	1	6433163	34010	NA
S022_DAY1_MINITWICE_5246	109	Picture	103_T_RWTRIAD_RW_destornillador_red.png	6442253	43100	1	1900	2	43200	1800
S022_DAY1_MINITWICE_5246	110	Picture	RW	6444553	0	1	43099	2	0	43200
S022_DAY1_MINITWICE_5246	110	Pulse	99	6469164	24611	NA
S022_DAY1_MINITWICE_5246	110	Port Input	1	6469164	24611	NA
S022_DAY1_MINITWICE_5246	110	Response	52	6471490	26937	1
S022_DAY1_MINITWICE_5246	110	Picture	104_T_RWTRIAD_RW_pluma_red.png	6487652	43099	1	1900	2	43200	1800
S022_DAY1_MINITWICE_5246	111	Picture	RW	6489852	0	1	43200	2	0	43200
S022_DAY1_MINITWICE_5246	111	Pulse	99	6505165	15313	NA
S022_DAY1_MINITWICE_5246	111	Port Input	1	6505165	15313	NA
S022_DAY1_MINITWICE_5246	111	Response	52	6509395	19543	6
S022_DAY1_MINITWICE_5246	111	Picture	105_T_RWTRIAD_RW_oruga_red.png	6533052	43200	1	1900	2	43200	1800
S022_DAY1_MINITWICE_5246	112	Picture	RW	6535352	0	1	43100	2	0	43200
S022_DAY1_MINITWICE_5246	112	Pulse	99	6541166	5814	NA
S022_DAY1_MINITWICE_5246	112	Port Input	1	6541166	5814	NA
S022_DAY1_MINITWICE_5246	112	Response	51	6555573	20221	1
S022_DAY1_MINITWICE_5246	112	Pulse	99	6577167	41815	NA
S022_DAY1_MINITWICE_5246	112	Port Input	1	6577167	41815	NA
S022_DAY1_MINITWICE_5246	112	Picture	106_T_RWTRIAD_RW_botella_red.png	6578452	43100	1	1900	2	43200	1800
S022_DAY1_MINITWICE_5246	113	Picture	FF	6580752	0	1	43099	2	0	43200
S022_DAY1_MINITWICE_5246	113	Response	51	6593888	13136	1
S022_DAY1_MINITWICE_5246	113	Pulse	99	6613168	32416	NA
S022_DAY1_MINITWICE_5246	113	Port Input	1	6613168	32416	NA
S022_DAY1_MINITWICE_5246	113	Picture	107_T_FFTRIAD_FF_sombrilla_red.png	6623851	43099	1	1900	2	43200	1800
S022_DAY1_MINITWICE_5246	114	Picture	FF	6626051	0	1	43100	2	0	43200
S022_DAY1_MINITWICE_5246	114	Response	52	6636628	10577	1
S022_DAY1_MINITWICE_5246	114	Pulse	99	6649169	23118	NA
S022_DAY1_MINITWICE_5246	114	Port Input	1	6649169	23118	NA
S022_DAY1_MINITWICE_5246	114	Picture	108_T_FFTRIAD_FF_pizarra_red.png	6669151	43100	1	1900	2	43200	1800
S022_DAY1_MINITWICE_5246	115	Picture	FF	6671451	0	1	43100	2	0	43200
S022_DAY1_MINITWICE_5246	115	Pulse	99	6685170	13719	NA
S022_DAY1_MINITWICE_5246	115	Port Input	1	6685170	13719	NA
S022_DAY1_MINITWICE_5246	115	Response	52	6686021	14570	1
S022_DAY1_MINITWICE_5246	115	Picture	109_T_FFTRIAD_FF_lana_red.png	6714551	43100	1	1900	2	43200	1800
S022_DAY1_MINITWICE_5246	116	Picture	FF	6716851	0	1	43099	2	0	43200
S022_DAY1_MINITWICE_5246	116	Pulse	99	6721170	4319	NA
S022_DAY1_MINITWICE_5246	116	Port Input	1	6721170	4319	NA
S022_DAY1_MINITWICE_5246	116	Response	51	6727956	11105	2
S022_DAY1_MINITWICE_5246	116	Pulse	99	6757171	40320	NA
S022_DAY1_MINITWICE_5246	116	Port Input	1	6757171	40320	NA
S022_DAY1_MINITWICE_5246	116	Picture	110_T_FFTRIAD_FF_agua_red.png	6759950	43099	1	1900	2	43200	1800
S022_DAY1_MINITWICE_5246	117	Picture	rest	6761950	0	1	144099	2	0	144000
S022_DAY1_MINITWICE_5246	118	Picture	endrest	6906149	0	1	10100	2	0	10000
S022_DAY1_MINITWICE_5246	119	Picture	RW	6916449	0	1	43200	2	0	43200
S022_DAY1_MINITWICE_5246	119	Response	51	6947808	31359	1
S022_DAY1_MINITWICE_5246	119	Picture	113_T_RWTRIAD_RW_novia_red.png	6959649	43200	1	1900	2	43200	1800
S022_DAY1_MINITWICE_5246	120	Picture	RW	6961849	0	1	43099	3	0	43200
S022_DAY1_MINITWICE_5246	120	Response	51	6980180	18331	1
S022_DAY1_MINITWICE_5246	120	Picture	114_T_RWTRIAD_RW_almohada_red.png	7004948	43099	2	1900	4	43200	1800
S022_DAY1_MINITWICE_5246	121	Picture	RW	7007248	0	2	43200	3	0	43200
S022_DAY1_MINITWICE_5246	121	Response	52	7026367	19119	1
S022_DAY1_MINITWICE_5246	121	Picture	115_T_RWTRIAD_RW_bebe_red.png	7050448	43200	1	1900	2	43200	1800
S022_DAY1_MINITWICE_5246	122	Picture	RW	7052648	0	1	43200	2	0	43200
S022_DAY1_MINITWICE_5246	122	Response	51	7075728	23080	1
S022_DAY1_MINITWICE_5246	122	Picture	116_T_RWTRIAD_RW_traje_red.png	7095848	43200	1	1899	3	43200	1800
S022_DAY1_MINITWICE_5246	123	Picture	FF	7098148	0	1	43100	2	0	43200
S022_DAY1_MINITWICE_5246	123	Response	51	7110730	12582	1
S022_DAY1_MINITWICE_5246	123	Picture	117_T_FFTRIAD_FF_cuento_red.png	7141248	43100	1	1900	2	43200	1800
S022_DAY1_MINITWICE_5246	124	Picture	FF	7143347	0	2	43200	3	0	43200
S022_DAY1_MINITWICE_5246	124	Response	52	7156132	12785	1
S022_DAY1_MINITWICE_5246	124	Picture	118_T_FFTRIAD_FF_telefono_red.png	7186547	43200	1	1900	2	43200	1800
S022_DAY1_MINITWICE_5246	125	Picture	FF	7188747	0	1	43100	2	0	43200
S022_DAY1_MINITWICE_5246	125	Response	52	7199340	10593	1
S022_DAY1_MINITWICE_5246	125	Picture	119_T_FFTRIAD_FF_bala_red.png	7231847	43100	1	1900	2	43200	1800
S022_DAY1_MINITWICE_5246	126	Picture	FF	7234047	0	1	43099	3	0	43200
S022_DAY1_MINITWICE_5246	126	Response	52	7249778	15731	1
S022_DAY1_MINITWICE_5246	126	Picture	120_T_FFTRIAD_FF_cinturon_red.png	7277146	43099	2	1900	4	43200	1800
S022_DAY1_MINITWICE_5246	127	Picture	rest	7279146	0	2	144099	4	0	144000
S022_DAY1_MINITWICE_5246	128	Picture	endrest	7423345	0	2	10100	3	0	10000
S022_DAY1_MINITWICE_5246	129	Picture	PW	7433745	0	1	43200	2	0	43200
S022_DAY1_MINITWICE_5246	129	Response	52	7463239	29494	1
S022_DAY1_MINITWICE_5246	129	Picture	123_T_PWTRIAD_PW_sombrilla_red.png	7476945	43200	1	1900	2	43200	1800
S022_DAY1_MINITWICE_5246	130	Picture	PW	7479145	0	1	43200	2	0	43200
S022_DAY1_MINITWICE_5246	130	Response	51	7495275	16130	1
S022_DAY1_MINITWICE_5246	130	Picture	124_T_PWTRIAD_PW_bebe_red.png	7522345	43200	1	1900	2	43200	1800
S022_DAY1_MINITWICE_5246	131	Picture	PW	7524545	0	1	43199	3	0	43200
S022_DAY1_MINITWICE_5246	131	Response	52	7546763	22218	1
S022_DAY1_MINITWICE_5246	131	Picture	125_T_PWTRIAD_PW_raton_red.png	7567744	43199	2	1900	3	43200	1800
S022_DAY1_MINITWICE_5246	132	Picture	PW	7569944	0	1	43100	2	0	43200
S022_DAY1_MINITWICE_5246	132	Response	52	7588370	18426	1
S022_DAY1_MINITWICE_5246	132	Picture	126_T_PWTRIAD_PW_almohada_red.png	7613044	43100	1	1900	2	43200	1800
S022_DAY1_MINITWICE_5246	133	Picture	FF	7615344	0	1	43100	2	0	43200
S022_DAY1_MINITWICE_5246	133	Response	52	7624609	9265	1
S022_DAY1_MINITWICE_5246	133	Picture	127_T_FFTRIAD_FF_almohada_red.png	7658444	43100	1	1900	2	43200	1800
S022_DAY1_MINITWICE_5246	134	Picture	FF	7660644	0	1	43199	3	0	43200
S022_DAY1_MINITWICE_5246	134	Response	51	7674176	13532	1
S022_DAY1_MINITWICE_5246	134	Picture	128_T_FFTRIAD_FF_grifo_red.png	7703843	43199	2	1900	4	43200	1800
S022_DAY1_MINITWICE_5246	135	Picture	FF	7706043	0	1	43100	2	0	43200
S022_DAY1_MINITWICE_5246	135	Response	51	7726526	20483	1
S022_DAY1_MINITWICE_5246	135	Picture	129_T_FFTRIAD_FF_television_red.png	7749143	43100	1	1900	2	43200	1800
S022_DAY1_MINITWICE_5246	136	Picture	FF	7751343	0	1	43200	2	0	43200
S022_DAY1_MINITWICE_5246	136	Response	51	7765344	14001	1
S022_DAY1_MINITWICE_5246	136	Picture	130_T_FFTRIAD_FF_ancla_red.png	7794543	43200	1	1900	2	43200	1800
S022_DAY1_MINITWICE_5246	137	Picture	rest	7796543	0	1	144099	2	0	144000
S022_DAY1_MINITWICE_5246	138	Picture	endrest	7940742	0	1	10100	2	0	10000
S022_DAY1_MINITWICE_5246	139	Picture	FF	7951142	0	1	43099	2	0	43200
S022_DAY1_MINITWICE_5246	139	Response	51	7964744	13602	1
S022_DAY1_MINITWICE_5246	139	Picture	133_T_FFTRIAD_FF_arco_red.png	7994241	43099	1	1900	2	43200	1800
S022_DAY1_MINITWICE_5246	140	Picture	FF	7996441	0	1	43200	2	0	43200
S022_DAY1_MINITWICE_5246	140	Response	51	8010474	14033	1
S022_DAY1_MINITWICE_5246	140	Picture	134_T_FFTRIAD_FF_cortina_red.png	8039641	43200	1	1900	2	43200	1800
S022_DAY1_MINITWICE_5246	141	Picture	FF	8042041	0	1	43100	2	0	43200
S022_DAY1_MINITWICE_5246	141	Response	51	8060211	18170	1
S022_DAY1_MINITWICE_5246	141	Picture	135_T_FFTRIAD_FF_zanahoria_red.png	8085141	43100	1	1900	2	43200	1800
S022_DAY1_MINITWICE_5246	142	Picture	FF	8087341	0	1	43099	2	0	43200
S022_DAY1_MINITWICE_5246	142	Response	51	8100080	12739	1
S022_DAY1_MINITWICE_5246	142	Picture	136_T_FFTRIAD_FF_traje_red.png	8130440	43099	1	1900	2	43200	1800
S022_DAY1_MINITWICE_5246	143	Picture	rest	8132440	0	1	144099	2	0	144000
S022_DAY1_MINITWICE_5246	144	Picture	endrest	8276639	0	1	10100	2	0	10000
S022_DAY1_MINITWICE_5246	145	Picture	endrest	8286839	0	1	10100	2	0	10000
S022_DAY1_MINITWICE_5246	146	Picture	endrest	8297039	0	1	10100	2	0	10000
S022_DAY1_MINITWICE_5246	147	Picture	endrest	8307239	0	1	10100	2	0	10000
