Scenario - vOT_Triads_fMRI_I
Logfile written - 11/03/2015 14:53:45

Subject	Trial	Event Type	Code	Time	TTime	Uncertainty	Duration	Uncertainty	ReqTime	ReqDur

S022_MINIONCE_5276	1	Response	98	941128	951028	2
S022_MINIONCE_5276	2	Response	52	977336	36144	1
S022_MINIONCE_5276	2	Response	98	999528	58336	1
S022_MINIONCE_5276	3	Response	51	1042875	43283	1
S022_MINIONCE_5276	3	Response	98	1052185	52593	1
S022_MINIONCE_5276	4	Response	52	1097065	44773	1
S022_MINIONCE_5276	4	Response	98	1113435	61143	2
S022_MINIONCE_5276	6	Pulse	99	1316389	202797	NA
S022_MINIONCE_5276	6	Port Input	1	1316389	202797	NA
S022_MINIONCE_5276	6	Pulse	99	1352390	238798	NA
S022_MINIONCE_5276	6	Port Input	1	1352390	238798	NA
S022_MINIONCE_5276	6	Pulse	99	1388391	274799	NA
S022_MINIONCE_5276	6	Port Input	1	1388391	274799	NA
S022_MINIONCE_5276	6	Pulse	99	1424391	310799	NA
S022_MINIONCE_5276	6	Port Input	1	1424391	310799	NA
S022_MINIONCE_5276	6	Pulse	99	1460392	346800	NA
S022_MINIONCE_5276	6	Port Input	1	1460392	346800	NA
S022_MINIONCE_5276	7	Picture	rest	1460689	0	1	144099	2	0	144000
S022_MINIONCE_5276	7	Pulse	99	1496393	35704	NA
S022_MINIONCE_5276	7	Port Input	1	1496393	35704	NA
S022_MINIONCE_5276	7	Pulse	99	1532394	71705	NA
S022_MINIONCE_5276	7	Port Input	1	1532394	71705	NA
S022_MINIONCE_5276	7	Pulse	99	1568395	107706	NA
S022_MINIONCE_5276	7	Port Input	1	1568395	107706	NA
S022_MINIONCE_5276	7	Pulse	99	1604396	143707	NA
S022_MINIONCE_5276	7	Port Input	1	1604396	143707	NA
S022_MINIONCE_5276	8	Picture	endrest	1604888	0	1	10100	2	0	10000
S022_MINIONCE_5276	9	Picture	FF	1615688	0	1	43099	3	0	43200
S022_MINIONCE_5276	9	Pulse	99	1640397	24709	NA
S022_MINIONCE_5276	9	Port Input	1	1640397	24709	NA
S022_MINIONCE_5276	9	Response	51	1644469	28781	2
S022_MINIONCE_5276	9	Picture	3_T_FFTRIAD_FF_granjero_red.png	1658787	43099	2	1900	3	43200	1800
S022_MINIONCE_5276	10	Picture	FF	1660887	0	1	43200	2	0	43200
S022_MINIONCE_5276	10	Response	51	1675953	15066	1
S022_MINIONCE_5276	10	Pulse	99	1676398	15511	NA
S022_MINIONCE_5276	10	Port Input	1	1676398	15511	NA
S022_MINIONCE_5276	10	Picture	4_T_FFTRIAD_FF_dado_red.png	1704087	43200	1	1900	2	43200	1800
S022_MINIONCE_5276	11	Picture	FF	1706387	0	1	43100	2	0	43200
S022_MINIONCE_5276	11	Pulse	99	1712399	6012	NA
S022_MINIONCE_5276	11	Port Input	1	1712399	6012	NA
S022_MINIONCE_5276	11	Response	51	1721690	15303	1
S022_MINIONCE_5276	11	Pulse	99	1748400	42013	NA
S022_MINIONCE_5276	11	Port Input	1	1748400	42013	NA
S022_MINIONCE_5276	11	Picture	5_T_FFTRIAD_FF_traje_red.png	1749487	43100	1	1900	2	43200	1800
S022_MINIONCE_5276	12	Picture	FF	1751587	0	1	43199	2	0	43200
S022_MINIONCE_5276	12	Response	51	1768984	17397	1
S022_MINIONCE_5276	12	Pulse	99	1784401	32814	NA
S022_MINIONCE_5276	12	Port Input	1	1784401	32814	NA
S022_MINIONCE_5276	12	Picture	6_T_FFTRIAD_FF_estetoscopio_red.png	1794786	43199	1	1900	2	43200	1800
S022_MINIONCE_5276	13	Picture	FF	1797186	0	1	43100	2	0	43200
S022_MINIONCE_5276	13	Response	51	1816883	19697	1
S022_MINIONCE_5276	13	Pulse	99	1820402	23216	NA
S022_MINIONCE_5276	13	Port Input	1	1820402	23216	NA
S022_MINIONCE_5276	13	Picture	7_T_FFTRIAD_FF_martillo_red.png	1840286	43100	1	1900	2	43200	1800
S022_MINIONCE_5276	14	Picture	FF	1842386	0	1	43200	2	0	43200
S022_MINIONCE_5276	14	Response	51	1855760	13374	1
S022_MINIONCE_5276	14	Pulse	99	1856403	14017	NA
S022_MINIONCE_5276	14	Port Input	1	1856403	14017	NA
S022_MINIONCE_5276	14	Picture	8_T_FFTRIAD_FF_sombrilla_red.png	1885586	43200	1	1900	2	43200	1800
S022_MINIONCE_5276	15	Picture	FF	1887786	0	1	43199	3	0	43200
S022_MINIONCE_5276	15	Pulse	99	1892404	4618	NA
S022_MINIONCE_5276	15	Port Input	1	1892404	4618	NA
S022_MINIONCE_5276	15	Response	51	1901781	13995	2
S022_MINIONCE_5276	15	Pulse	99	1928405	40619	NA
S022_MINIONCE_5276	15	Port Input	1	1928405	40619	NA
S022_MINIONCE_5276	15	Picture	9_T_FFTRIAD_FF_esquimal_red.png	1930985	43199	2	1900	4	43200	1800
S022_MINIONCE_5276	16	Picture	FF	1933085	0	2	43200	3	0	43200
S022_MINIONCE_5276	16	Response	51	1950600	17515	1
S022_MINIONCE_5276	16	Pulse	99	1964405	31320	NA
S022_MINIONCE_5276	16	Port Input	1	1964405	31320	NA
S022_MINIONCE_5276	16	Picture	10_T_FFTRIAD_FF_violin_red.png	1976285	43200	1	1900	2	43200	1800
S022_MINIONCE_5276	17	Picture	rest	1978285	0	1	144099	2	0	144000
S022_MINIONCE_5276	17	Pulse	99	2000406	22121	NA
S022_MINIONCE_5276	17	Port Input	1	2000406	22121	NA
S022_MINIONCE_5276	17	Pulse	99	2036407	58122	NA
S022_MINIONCE_5276	17	Port Input	1	2036407	58122	NA
S022_MINIONCE_5276	17	Pulse	99	2072408	94123	NA
S022_MINIONCE_5276	17	Port Input	1	2072408	94123	NA
S022_MINIONCE_5276	17	Pulse	99	2108409	130124	NA
S022_MINIONCE_5276	17	Port Input	1	2108409	130124	NA
S022_MINIONCE_5276	18	Picture	endrest	2122484	0	1	10100	2	0	10000
S022_MINIONCE_5276	19	Picture	RW	2132984	0	1	43100	2	0	43200
S022_MINIONCE_5276	19	Pulse	99	2144410	11426	NA
S022_MINIONCE_5276	19	Port Input	1	2144410	11426	NA
S022_MINIONCE_5276	19	Response	51	2152774	19790	2
S022_MINIONCE_5276	19	Picture	13_T_RWTRIAD_RW_manos_red.png	2176084	43100	1	1860	43	43200	1800
S022_MINIONCE_5276	20	Picture	RW	2178184	0	1	43199	3	0	43200
S022_MINIONCE_5276	20	Pulse	99	2180411	2227	NA
S022_MINIONCE_5276	20	Port Input	1	2180411	2227	NA
S022_MINIONCE_5276	20	Response	52	2203845	25661	1
S022_MINIONCE_5276	20	Pulse	99	2216412	38228	NA
S022_MINIONCE_5276	20	Port Input	1	2216412	38228	NA
S022_MINIONCE_5276	20	Picture	14_T_RWTRIAD_RW_pincel_red.png	2221383	43199	2	1900	3	43200	1800
S022_MINIONCE_5276	21	Picture	RW	2223683	0	1	43200	2	0	43200
S022_MINIONCE_5276	21	Response	51	2246886	23203	2
S022_MINIONCE_5276	21	Pulse	99	2252413	28730	NA
S022_MINIONCE_5276	21	Port Input	1	2252413	28730	NA
S022_MINIONCE_5276	21	Picture	15_T_RWTRIAD_RW_queso_red.png	2266883	43200	1	1900	2	43200	1800
S022_MINIONCE_5276	22	Picture	RW	2268983	0	1	43200	2	0	43200
S022_MINIONCE_5276	22	Pulse	99	2288414	19431	NA
S022_MINIONCE_5276	22	Port Input	1	2288414	19431	NA
S022_MINIONCE_5276	22	Response	51	2296150	27167	1
S022_MINIONCE_5276	22	Picture	16_T_RWTRIAD_RW_perro_red.png	2312183	43200	1	1900	2	43200	1800
S022_MINIONCE_5276	23	Picture	RW	2314783	0	1	43099	2	0	43200
S022_MINIONCE_5276	23	Pulse	99	2324415	9632	NA
S022_MINIONCE_5276	23	Port Input	1	2324415	9632	NA
S022_MINIONCE_5276	23	Response	51	2340017	25234	1
S022_MINIONCE_5276	23	Picture	17_T_RWTRIAD_RW_bala_red.png	2357882	43099	1	1900	3	43200	1800
S022_MINIONCE_5276	24	Picture	RW	2359982	0	1	43200	2	0	43200
S022_MINIONCE_5276	24	Pulse	99	2360416	434	NA
S022_MINIONCE_5276	24	Port Input	1	2360416	434	NA
S022_MINIONCE_5276	24	Response	52	2379319	19337	1
S022_MINIONCE_5276	24	Pulse	99	2396417	36435	NA
S022_MINIONCE_5276	24	Port Input	1	2396417	36435	NA
S022_MINIONCE_5276	24	Picture	18_T_RWTRIAD_RW_plato_red.png	2403182	43200	1	1900	2	43200	1800
S022_MINIONCE_5276	25	Picture	RW	2405282	0	1	43200	2	0	43200
S022_MINIONCE_5276	25	Response	51	2427826	22544	2
S022_MINIONCE_5276	25	Pulse	99	2432418	27136	NA
S022_MINIONCE_5276	25	Port Input	1	2432418	27136	NA
S022_MINIONCE_5276	25	Picture	19_T_RWTRIAD_RW_candado_red.png	2448482	43200	1	1900	2	43200	1800
S022_MINIONCE_5276	26	Picture	RW	2450582	0	1	43199	3	0	43200
S022_MINIONCE_5276	26	Pulse	99	2468419	17837	NA
S022_MINIONCE_5276	26	Port Input	1	2468419	17837	NA
S022_MINIONCE_5276	26	Response	52	2472694	22112	2
S022_MINIONCE_5276	26	Picture	20_T_RWTRIAD_RW_bebe_red.png	2493781	43199	2	1900	3	43200	1800
S022_MINIONCE_5276	27	Picture	rest	2495781	0	2	144099	3	0	144000
S022_MINIONCE_5276	27	Pulse	99	2504419	8638	NA
S022_MINIONCE_5276	27	Port Input	1	2504419	8638	NA
S022_MINIONCE_5276	27	Pulse	99	2540420	44639	NA
S022_MINIONCE_5276	27	Port Input	1	2540420	44639	NA
S022_MINIONCE_5276	27	Pulse	99	2576421	80640	NA
S022_MINIONCE_5276	27	Port Input	1	2576421	80640	NA
S022_MINIONCE_5276	27	Pulse	99	2612422	116641	NA
S022_MINIONCE_5276	27	Port Input	1	2612422	116641	NA
S022_MINIONCE_5276	28	Picture	endrest	2639980	0	2	10100	3	0	10000
S022_MINIONCE_5276	28	Pulse	99	2648423	8443	NA
S022_MINIONCE_5276	28	Port Input	1	2648423	8443	NA
S022_MINIONCE_5276	29	Picture	RW	2650480	0	1	43100	2	0	43200
S022_MINIONCE_5276	29	Response	51	2680172	29692	1
S022_MINIONCE_5276	29	Pulse	99	2684424	33944	NA
S022_MINIONCE_5276	29	Port Input	1	2684424	33944	NA
S022_MINIONCE_5276	29	Picture	23_T_RWTRIAD_RW_telefono_red.png	2693580	43100	1	1900	2	43200	1800
S022_MINIONCE_5276	30	Picture	RW	2695680	0	1	43200	2	0	43200
S022_MINIONCE_5276	30	Response	51	2715769	20089	2
S022_MINIONCE_5276	30	Pulse	99	2720425	24745	NA
S022_MINIONCE_5276	30	Port Input	1	2720425	24745	NA
S022_MINIONCE_5276	30	Picture	24_T_RWTRIAD_RW_botella_red.png	2738880	43200	1	1900	2	43200	1800
S022_MINIONCE_5276	31	Picture	RW	2740980	0	1	43199	2	0	43200
S022_MINIONCE_5276	31	Pulse	99	2756426	15446	NA
S022_MINIONCE_5276	31	Port Input	1	2756426	15446	NA
S022_MINIONCE_5276	31	Response	51	2758262	17282	2
S022_MINIONCE_5276	31	Picture	25_T_RWTRIAD_RW_madera_red.png	2784179	43199	1	1900	2	43200	1800
S022_MINIONCE_5276	32	Picture	RW	2786479	0	1	43200	2	0	43200
S022_MINIONCE_5276	32	Pulse	99	2792427	5948	NA
S022_MINIONCE_5276	32	Port Input	1	2792427	5948	NA
S022_MINIONCE_5276	32	Response	51	2803283	16804	2
S022_MINIONCE_5276	32	Pulse	99	2828428	41949	NA
S022_MINIONCE_5276	32	Port Input	1	2828428	41949	NA
S022_MINIONCE_5276	32	Picture	26_T_RWTRIAD_RW_chupete_red.png	2829679	43200	1	1900	2	43200	1800
S022_MINIONCE_5276	33	Picture	FF	2831779	0	1	43200	2	0	43200
S022_MINIONCE_5276	33	Response	52	2854576	22797	1
S022_MINIONCE_5276	33	Pulse	99	2864429	32650	NA
S022_MINIONCE_5276	33	Port Input	1	2864429	32650	NA
S022_MINIONCE_5276	33	Picture	27_T_FFTRIAD_FF_molino_red.png	2874979	43200	1	1900	2	43200	1800
S022_MINIONCE_5276	34	Picture	FF	2877279	0	1	43099	2	0	43200
S022_MINIONCE_5276	34	Response	51	2897239	19960	1
S022_MINIONCE_5276	34	Pulse	99	2900430	23151	NA
S022_MINIONCE_5276	34	Port Input	1	2900430	23151	NA
S022_MINIONCE_5276	34	Picture	28_T_FFTRIAD_FF_futbol_red.png	2920378	43099	1	1900	2	43200	1800
S022_MINIONCE_5276	35	Picture	FF	2922678	0	1	43200	2	0	43200
S022_MINIONCE_5276	35	Pulse	99	2936431	13753	NA
S022_MINIONCE_5276	35	Port Input	1	2936431	13753	NA
S022_MINIONCE_5276	35	Response	52	2947847	25169	1
S022_MINIONCE_5276	35	Picture	29_T_FFTRIAD_FF_pizarra_red.png	2965878	43200	1	1900	2	43200	1800
S022_MINIONCE_5276	36	Picture	FF	2967978	0	1	43200	2	0	43200
S022_MINIONCE_5276	36	Pulse	99	2972432	4454	NA
S022_MINIONCE_5276	36	Port Input	1	2972432	4454	NA
S022_MINIONCE_5276	36	Response	52	2982420	14442	1
S022_MINIONCE_5276	36	Pulse	99	3008432	40454	NA
S022_MINIONCE_5276	36	Port Input	1	3008432	40454	NA
S022_MINIONCE_5276	36	Picture	30_T_FFTRIAD_FF_iglu_red.png	3011178	43200	1	1900	2	43200	1800
S022_MINIONCE_5276	37	Picture	rest	3013178	0	1	144099	2	0	144000
S022_MINIONCE_5276	37	Pulse	99	3044433	31255	NA
S022_MINIONCE_5276	37	Port Input	1	3044433	31255	NA
S022_MINIONCE_5276	37	Pulse	99	3080434	67256	NA
S022_MINIONCE_5276	37	Port Input	1	3080434	67256	NA
S022_MINIONCE_5276	37	Pulse	99	3116435	103257	NA
S022_MINIONCE_5276	37	Port Input	1	3116435	103257	NA
S022_MINIONCE_5276	37	Pulse	99	3152436	139258	NA
S022_MINIONCE_5276	37	Port Input	1	3152436	139258	NA
S022_MINIONCE_5276	38	Picture	endrest	3157376	0	2	10100	4	0	10000
S022_MINIONCE_5276	39	Picture	FF	3167976	0	2	43100	3	0	43200
S022_MINIONCE_5276	39	Response	52	3183432	15456	1
S022_MINIONCE_5276	39	Pulse	99	3188437	20461	NA
S022_MINIONCE_5276	39	Port Input	1	3188437	20461	NA
S022_MINIONCE_5276	39	Picture	33_T_FFTRIAD_FF_anillo_red.png	3211076	43100	1	1900	3	43200	1800
S022_MINIONCE_5276	40	Picture	FF	3213176	0	1	43200	2	0	43200
S022_MINIONCE_5276	40	Pulse	99	3224438	11262	NA
S022_MINIONCE_5276	40	Port Input	1	3224438	11262	NA
S022_MINIONCE_5276	40	Response	51	3225381	12205	1
S022_MINIONCE_5276	40	Picture	34_T_FFTRIAD_FF_leche_red.png	3256376	43200	1	1900	2	43200	1800
S022_MINIONCE_5276	41	Picture	FF	3258476	0	1	43199	3	0	43200
S022_MINIONCE_5276	41	Pulse	99	3260439	1963	NA
S022_MINIONCE_5276	41	Port Input	1	3260439	1963	NA
S022_MINIONCE_5276	41	Response	51	3282473	23997	1
S022_MINIONCE_5276	41	Pulse	99	3296440	37964	NA
S022_MINIONCE_5276	41	Port Input	1	3296440	37964	NA
S022_MINIONCE_5276	41	Picture	35_T_FFTRIAD_FF_lechuga_red.png	3301675	43199	2	1901	3	43200	1800
S022_MINIONCE_5276	42	Picture	FF	3303776	0	1	43199	2	0	43200
S022_MINIONCE_5276	42	Response	51	3328777	25001	1
S022_MINIONCE_5276	42	Pulse	99	3332441	28665	NA
S022_MINIONCE_5276	42	Port Input	1	3332441	28665	NA
S022_MINIONCE_5276	42	Picture	36_T_FFTRIAD_FF_oruga_red.png	3346975	43199	1	1900	2	43200	1800
S022_MINIONCE_5276	43	Picture	FF	3349075	0	1	43200	2	0	43200
S022_MINIONCE_5276	43	Response	52	3365418	16343	1
S022_MINIONCE_5276	43	Pulse	99	3368442	19367	NA
S022_MINIONCE_5276	43	Port Input	1	3368442	19367	NA
S022_MINIONCE_5276	43	Picture	37_T_FFTRIAD_FF_raton_red.png	3392275	43200	1	1900	2	43200	1800
S022_MINIONCE_5276	44	Picture	FF	3394675	0	1	43100	2	0	43200
S022_MINIONCE_5276	44	Pulse	99	3404443	9768	NA
S022_MINIONCE_5276	44	Port Input	1	3404443	9768	NA
S022_MINIONCE_5276	44	Response	51	3423587	28912	1
S022_MINIONCE_5276	44	Picture	38_T_FFTRIAD_FF_dedal_red.png	3437775	43100	1	1900	2	43200	1800
S022_MINIONCE_5276	45	Picture	FF	3439975	0	1	43199	2	0	43200
S022_MINIONCE_5276	45	Pulse	99	3440444	469	NA
S022_MINIONCE_5276	45	Port Input	1	3440444	469	NA
S022_MINIONCE_5276	45	Response	52	3453822	13847	1
S022_MINIONCE_5276	45	Pulse	99	3476445	36470	NA
S022_MINIONCE_5276	45	Port Input	1	3476445	36470	NA
S022_MINIONCE_5276	45	Picture	39_T_FFTRIAD_FF_almohada_red.png	3483174	43199	1	1900	2	43200	1800
S022_MINIONCE_5276	46	Picture	FF	3485274	0	1	43200	2	0	43200
S022_MINIONCE_5276	46	Response	52	3501410	16136	1
S022_MINIONCE_5276	46	Pulse	99	3512446	27172	NA
S022_MINIONCE_5276	46	Port Input	1	3512446	27172	NA
S022_MINIONCE_5276	46	Picture	40_T_FFTRIAD_FF_mono_red.png	3528474	43200	1	1900	2	43200	1800
S022_MINIONCE_5276	47	Picture	rest	3530474	0	1	144099	2	0	144000
S022_MINIONCE_5276	47	Pulse	99	3548446	17972	NA
S022_MINIONCE_5276	47	Port Input	1	3548446	17972	NA
S022_MINIONCE_5276	47	Pulse	99	3584447	53973	NA
S022_MINIONCE_5276	47	Port Input	1	3584447	53973	NA
S022_MINIONCE_5276	47	Pulse	99	3620448	89974	NA
S022_MINIONCE_5276	47	Port Input	1	3620448	89974	NA
S022_MINIONCE_5276	47	Pulse	99	3656449	125975	NA
S022_MINIONCE_5276	47	Port Input	1	3656449	125975	NA
S022_MINIONCE_5276	48	Picture	endrest	3674673	0	1	10100	2	0	10000
S022_MINIONCE_5276	49	Picture	RW	3684973	0	1	43200	2	0	43200
S022_MINIONCE_5276	49	Pulse	99	3692450	7477	NA
S022_MINIONCE_5276	49	Port Input	1	3692450	7477	NA
S022_MINIONCE_5276	49	Response	51	3702131	17158	1
S022_MINIONCE_5276	49	Picture	43_T_RWTRIAD_RW_tenedor_red.png	3728173	43200	1	1900	2	43200	1800
S022_MINIONCE_5276	49	Pulse	99	3728451	43478	NA
S022_MINIONCE_5276	49	Port Input	1	3728451	43478	NA
S022_MINIONCE_5276	50	Picture	RW	3730372	0	2	43200	3	0	43200
S022_MINIONCE_5276	50	Pulse	99	3764452	34080	NA
S022_MINIONCE_5276	50	Port Input	1	3764452	34080	NA
S022_MINIONCE_5276	50	Response	51	3765139	34767	1
S022_MINIONCE_5276	50	Picture	44_T_RWTRIAD_RW_banera_red.png	3773572	43200	1	1900	2	43200	1800
S022_MINIONCE_5276	51	Picture	RW	3775672	0	1	43200	2	0	43200
S022_MINIONCE_5276	51	Response	52	3799747	24075	1
S022_MINIONCE_5276	51	Pulse	99	3800453	24781	NA
S022_MINIONCE_5276	51	Port Input	1	3800453	24781	NA
S022_MINIONCE_5276	51	Picture	45_T_RWTRIAD_RW_bellota_red.png	3818872	43200	1	1900	2	43200	1800
S022_MINIONCE_5276	52	Picture	RW	3821172	0	1	43100	2	0	43200
S022_MINIONCE_5276	52	Pulse	99	3836454	15282	NA
S022_MINIONCE_5276	52	Port Input	1	3836454	15282	NA
S022_MINIONCE_5276	52	Response	52	3852125	30953	1
S022_MINIONCE_5276	52	Picture	46_T_RWTRIAD_RW_lechuga_red.png	3864272	43100	1	1899	3	43200	1800
S022_MINIONCE_5276	53	Picture	PW	3866566	0	11	43105	12	0	43200
S022_MINIONCE_5276	53	Pulse	99	3872455	5889	NA
S022_MINIONCE_5276	53	Port Input	1	3872455	5889	NA
S022_MINIONCE_5276	53	Response	51	3902772	36206	1
S022_MINIONCE_5276	53	Pulse	99	3908456	41890	NA
S022_MINIONCE_5276	53	Port Input	1	3908456	41890	NA
S022_MINIONCE_5276	53	Picture	47_T_PWTRIAD_PW_tenedor_red.png	3909671	43105	1	1900	2	43200	1800
S022_MINIONCE_5276	54	Picture	PW	3911971	0	1	43200	2	0	43200
S022_MINIONCE_5276	54	Pulse	99	3944457	32486	NA
S022_MINIONCE_5276	54	Port Input	1	3944457	32486	NA
S022_MINIONCE_5276	54	Response	51	3946577	34606	1
S022_MINIONCE_5276	54	Picture	48_T_PWTRIAD_PW_ascensor_red.png	3955171	43200	1	1900	2	43200	1800
S022_MINIONCE_5276	55	Picture	PW	3957271	0	1	43200	2	0	43200
S022_MINIONCE_5276	55	Pulse	99	3980458	23187	NA
S022_MINIONCE_5276	55	Port Input	1	3980458	23187	NA
S022_MINIONCE_5276	55	Response	52	3996440	39169	1
S022_MINIONCE_5276	55	Picture	49_T_PWTRIAD_PW_estetoscopio_red.png	4000471	43200	1	1899	3	43200	1800
S022_MINIONCE_5276	56	Picture	PW	4002571	0	1	43199	2	0	43200
S022_MINIONCE_5276	56	Pulse	99	4016459	13888	NA
S022_MINIONCE_5276	56	Port Input	1	4016459	13888	NA
S022_MINIONCE_5276	56	Picture	50_T_PWTRIAD_PW_piramide_red.png	4045770	43199	1	1900	2	43200	1800
S022_MINIONCE_5276	56	Response	51	4045922	43351	1
S022_MINIONCE_5276	57	Picture	rest	4047770	0	1	144099	2	0	144000
S022_MINIONCE_5276	57	Pulse	99	4052460	4690	NA
S022_MINIONCE_5276	57	Port Input	1	4052460	4690	NA
S022_MINIONCE_5276	57	Pulse	99	4088460	40690	NA
S022_MINIONCE_5276	57	Port Input	1	4088460	40690	NA
S022_MINIONCE_5276	57	Pulse	99	4124461	76691	NA
S022_MINIONCE_5276	57	Port Input	1	4124461	76691	NA
S022_MINIONCE_5276	57	Pulse	99	4160462	112692	NA
S022_MINIONCE_5276	57	Port Input	1	4160462	112692	NA
S022_MINIONCE_5276	58	Picture	endrest	4191969	0	1	10100	2	0	10000
S022_MINIONCE_5276	58	Pulse	99	4196463	4494	NA
S022_MINIONCE_5276	58	Port Input	1	4196463	4494	NA
S022_MINIONCE_5276	59	Picture	RW	4202269	0	1	43200	2	0	43200
S022_MINIONCE_5276	59	Response	52	4218849	16580	1
S022_MINIONCE_5276	59	Pulse	99	4232464	30195	NA
S022_MINIONCE_5276	59	Port Input	1	4232464	30195	NA
S022_MINIONCE_5276	59	Picture	53_T_RWTRIAD_RW_anillo_red.png	4245469	43200	1	1900	2	43200	1800
S022_MINIONCE_5276	60	Picture	RW	4247569	0	1	43199	3	0	43200
S022_MINIONCE_5276	60	Response	52	4264875	17306	1
S022_MINIONCE_5276	60	Pulse	99	4268465	20896	NA
S022_MINIONCE_5276	60	Port Input	1	4268465	20896	NA
S022_MINIONCE_5276	60	Picture	54_T_RWTRIAD_RW_paraguas_red.png	4290768	43199	2	1900	4	43200	1800
S022_MINIONCE_5276	61	Picture	RW	4292868	0	2	43200	3	0	43200
S022_MINIONCE_5276	61	Pulse	99	4304466	11598	NA
S022_MINIONCE_5276	61	Port Input	1	4304466	11598	NA
S022_MINIONCE_5276	61	Response	51	4308144	15276	2
S022_MINIONCE_5276	61	Picture	55_T_RWTRIAD_RW_cortina_red.png	4336068	43200	1	1900	2	43200	1800
S022_MINIONCE_5276	62	Picture	RW	4338168	0	1	43200	2	0	43200
S022_MINIONCE_5276	62	Pulse	99	4340467	2299	NA
S022_MINIONCE_5276	62	Port Input	1	4340467	2299	NA
S022_MINIONCE_5276	62	Response	51	4358306	20138	1
S022_MINIONCE_5276	62	Pulse	99	4376468	38300	NA
S022_MINIONCE_5276	62	Port Input	1	4376468	38300	NA
S022_MINIONCE_5276	62	Picture	56_T_RWTRIAD_RW_novia_red.png	4381368	43200	1	1900	2	43200	1800
S022_MINIONCE_5276	63	Picture	RW	4383568	0	1	43199	3	0	43200
S022_MINIONCE_5276	63	Response	51	4397740	14172	1
S022_MINIONCE_5276	63	Pulse	99	4412469	28901	NA
S022_MINIONCE_5276	63	Port Input	1	4412469	28901	NA
S022_MINIONCE_5276	63	Picture	57_T_RWTRIAD_RW_grifo_red.png	4426767	43199	2	1900	4	43200	1800
S022_MINIONCE_5276	64	Picture	RW	4428867	0	2	43200	3	0	43200
S022_MINIONCE_5276	64	Pulse	99	4448470	19603	NA
S022_MINIONCE_5276	64	Port Input	1	4448470	19603	NA
S022_MINIONCE_5276	64	Response	51	4455895	27028	1
S022_MINIONCE_5276	64	Picture	58_T_RWTRIAD_RW_molino_red.png	4472067	43200	1	1900	2	43200	1800
S022_MINIONCE_5276	65	Picture	RW	4474367	0	1	43100	2	0	43200
S022_MINIONCE_5276	65	Pulse	99	4484471	10104	NA
S022_MINIONCE_5276	65	Port Input	1	4484471	10104	NA
S022_MINIONCE_5276	65	Response	51	4492424	18057	1
S022_MINIONCE_5276	65	Picture	59_T_RWTRIAD_RW_policia_red.png	4517467	43100	1	1900	2	43200	1800
S022_MINIONCE_5276	66	Picture	RW	4519767	0	1	43099	2	0	43200
S022_MINIONCE_5276	66	Pulse	99	4520472	705	NA
S022_MINIONCE_5276	66	Port Input	1	4520472	705	NA
S022_MINIONCE_5276	66	Response	51	4537882	18115	1
S022_MINIONCE_5276	66	Pulse	99	4556473	36706	NA
S022_MINIONCE_5276	66	Port Input	1	4556473	36706	NA
S022_MINIONCE_5276	66	Picture	60_T_RWTRIAD_RW_carruaje_red.png	4562866	43099	1	1900	3	43200	1800
S022_MINIONCE_5276	67	Picture	rest	4564866	0	2	144099	3	0	144000
S022_MINIONCE_5276	67	Pulse	99	4592474	27608	NA
S022_MINIONCE_5276	67	Port Input	1	4592474	27608	NA
S022_MINIONCE_5276	67	Pulse	99	4628474	63608	NA
S022_MINIONCE_5276	67	Port Input	1	4628474	63608	NA
S022_MINIONCE_5276	67	Pulse	99	4664475	99609	NA
S022_MINIONCE_5276	67	Port Input	1	4664475	99609	NA
S022_MINIONCE_5276	67	Pulse	99	4700476	135610	NA
S022_MINIONCE_5276	67	Port Input	1	4700476	135610	NA
S022_MINIONCE_5276	68	Picture	endrest	4709065	0	1	10100	2	0	10000
S022_MINIONCE_5276	69	Picture	PW	4719665	0	1	43100	2	0	43200
S022_MINIONCE_5276	69	Pulse	99	4736477	16812	NA
S022_MINIONCE_5276	69	Port Input	1	4736477	16812	NA
S022_MINIONCE_5276	69	Response	52	4743393	23728	1
S022_MINIONCE_5276	69	Picture	63_T_PWTRIAD_PW_silla_red.png	4762765	43100	1	1900	2	43200	1800
S022_MINIONCE_5276	70	Picture	PW	4764965	0	1	43100	2	0	43200
S022_MINIONCE_5276	70	Pulse	99	4772478	7513	NA
S022_MINIONCE_5276	70	Port Input	1	4772478	7513	NA
S022_MINIONCE_5276	70	Response	51	4796107	31142	1
S022_MINIONCE_5276	70	Picture	64_T_PWTRIAD_PW_charco_red.png	4808065	43100	1	1900	2	43200	1800
S022_MINIONCE_5276	70	Pulse	99	4808479	43514	NA
S022_MINIONCE_5276	70	Port Input	1	4808479	43514	NA
S022_MINIONCE_5276	71	Picture	PW	4810165	0	1	43199	2	0	43200
S022_MINIONCE_5276	71	Response	51	4839641	29476	1
S022_MINIONCE_5276	71	Pulse	99	4844480	34315	NA
S022_MINIONCE_5276	71	Port Input	1	4844480	34315	NA
S022_MINIONCE_5276	71	Picture	65_T_PWTRIAD_PW_candado_red.png	4853364	43199	1	1900	2	43200	1800
S022_MINIONCE_5276	72	Picture	PW	4855464	0	1	43200	2	0	43200
S022_MINIONCE_5276	72	Pulse	99	4880481	25017	NA
S022_MINIONCE_5276	72	Port Input	1	4880481	25017	NA
S022_MINIONCE_5276	72	Response	51	4884359	28895	1
S022_MINIONCE_5276	72	Picture	66_T_PWTRIAD_PW_plato_red.png	4898664	43200	1	1900	2	43200	1800
S022_MINIONCE_5276	73	Picture	PW	4900964	0	1	43100	2	0	43200
S022_MINIONCE_5276	73	Pulse	99	4916482	15518	NA
S022_MINIONCE_5276	73	Port Input	1	4916482	15518	NA
S022_MINIONCE_5276	73	Response	51	4931712	30748	1
S022_MINIONCE_5276	73	Picture	67_T_PWTRIAD_PW_huevos_red.png	4944064	43100	1	1900	2	43200	1800
S022_MINIONCE_5276	74	Picture	PW	4946164	0	1	43199	2	0	43200
S022_MINIONCE_5276	74	Pulse	99	4952483	6319	NA
S022_MINIONCE_5276	74	Port Input	1	4952483	6319	NA
S022_MINIONCE_5276	74	Response	52	4975301	29137	2
S022_MINIONCE_5276	74	Pulse	99	4988484	42320	NA
S022_MINIONCE_5276	74	Port Input	1	4988484	42320	NA
S022_MINIONCE_5276	74	Picture	68_T_PWTRIAD_PW_telefono_red.png	4989363	43199	1	1900	2	43200	1800
S022_MINIONCE_5276	75	Picture	PW	4991463	0	1	43200	2	0	43200
S022_MINIONCE_5276	75	Response	52	5015079	23616	1
S022_MINIONCE_5276	75	Pulse	99	5024485	33022	NA
S022_MINIONCE_5276	75	Port Input	1	5024485	33022	NA
S022_MINIONCE_5276	75	Picture	69_T_PWTRIAD_PW_violin_red.png	5034663	43200	1	1900	2	43200	1800
S022_MINIONCE_5276	76	Picture	PW	5037063	0	1	43100	2	0	43200
S022_MINIONCE_5276	76	Pulse	99	5060486	23423	NA
S022_MINIONCE_5276	76	Port Input	1	5060486	23423	NA
S022_MINIONCE_5276	76	Response	51	5068476	31413	1
S022_MINIONCE_5276	76	Picture	70_T_PWTRIAD_PW_cortina_red.png	5080163	43100	1	1900	2	43200	1800
S022_MINIONCE_5276	77	Picture	rest	5082163	0	1	144099	2	0	144000
S022_MINIONCE_5276	77	Pulse	99	5096487	14324	NA
S022_MINIONCE_5276	77	Port Input	1	5096487	14324	NA
S022_MINIONCE_5276	77	Pulse	99	5132487	50324	NA
S022_MINIONCE_5276	77	Port Input	1	5132487	50324	NA
S022_MINIONCE_5276	77	Pulse	99	5168488	86325	NA
S022_MINIONCE_5276	77	Port Input	1	5168488	86325	NA
S022_MINIONCE_5276	77	Pulse	99	5204489	122326	NA
S022_MINIONCE_5276	77	Port Input	1	5204489	122326	NA
S022_MINIONCE_5276	78	Picture	endrest	5226362	0	1	10100	2	0	10000
S022_MINIONCE_5276	79	Picture	RW	5236661	0	2	43200	3	0	43200
S022_MINIONCE_5276	79	Pulse	99	5240490	3829	NA
S022_MINIONCE_5276	79	Port Input	1	5240490	3829	NA
S022_MINIONCE_5276	79	Response	52	5265286	28625	1
S022_MINIONCE_5276	79	Pulse	99	5276491	39830	NA
S022_MINIONCE_5276	79	Port Input	1	5276491	39830	NA
S022_MINIONCE_5276	79	Picture	73_T_RWTRIAD_RW_leche_red.png	5279861	43200	1	1900	2	43200	1800
S022_MINIONCE_5276	80	Picture	RW	5281961	0	1	43200	2	0	43200
S022_MINIONCE_5276	80	Response	52	5298511	16550	1
S022_MINIONCE_5276	80	Pulse	99	5312492	30531	NA
S022_MINIONCE_5276	80	Port Input	1	5312492	30531	NA
S022_MINIONCE_5276	80	Picture	74_T_RWTRIAD_RW_silla_red.png	5325161	43200	1	1900	2	43200	1800
S022_MINIONCE_5276	81	Picture	RW	5327261	0	1	43200	2	0	43200
S022_MINIONCE_5276	81	Response	51	5340569	13308	1
S022_MINIONCE_5276	81	Pulse	99	5348493	21232	NA
S022_MINIONCE_5276	81	Port Input	1	5348493	21232	NA
S022_MINIONCE_5276	81	Picture	75_T_RWTRIAD_RW_pizarra_red.png	5370461	43200	1	1900	2	43200	1800
S022_MINIONCE_5276	82	Picture	RW	5372560	0	2	43200	3	0	43200
S022_MINIONCE_5276	82	Pulse	99	5384494	11934	NA
S022_MINIONCE_5276	82	Port Input	1	5384494	11934	NA
S022_MINIONCE_5276	82	Response	52	5387615	15055	1
S022_MINIONCE_5276	82	Picture	76_T_RWTRIAD_RW_sombrilla_red.png	5415760	43200	1	1900	2	43200	1800
S022_MINIONCE_5276	83	Picture	RW	5417860	0	1	43200	2	0	43200
S022_MINIONCE_5276	83	Pulse	99	5420495	2635	NA
S022_MINIONCE_5276	83	Port Input	1	5420495	2635	NA
S022_MINIONCE_5276	83	Response	51	5441283	23423	2
S022_MINIONCE_5276	83	Pulse	99	5456496	38636	NA
S022_MINIONCE_5276	83	Port Input	1	5456496	38636	NA
S022_MINIONCE_5276	83	Picture	77_T_RWTRIAD_RW_cerillas_red.png	5461060	43200	1	1900	2	43200	1800
S022_MINIONCE_5276	84	Picture	RW	5463160	0	1	43200	2	0	43200
S022_MINIONCE_5276	84	Response	52	5485936	22776	1
S022_MINIONCE_5276	84	Pulse	99	5492497	29337	NA
S022_MINIONCE_5276	84	Port Input	1	5492497	29337	NA
S022_MINIONCE_5276	84	Picture	78_T_RWTRIAD_RW_murcielago_red.png	5506360	43200	1	1900	2	43200	1800
S022_MINIONCE_5276	85	Picture	RW	5508459	0	2	43200	3	0	43200
S022_MINIONCE_5276	85	Pulse	99	5528498	20039	NA
S022_MINIONCE_5276	85	Port Input	1	5528498	20039	NA
S022_MINIONCE_5276	85	Response	52	5534803	26344	1
S022_MINIONCE_5276	85	Picture	79_T_RWTRIAD_RW_pluma_red.png	5551659	43200	1	1900	2	43200	1800
S022_MINIONCE_5276	86	Picture	RW	5553759	0	1	43200	2	0	43200
S022_MINIONCE_5276	86	Pulse	99	5564499	10740	NA
S022_MINIONCE_5276	86	Port Input	1	5564499	10740	NA
S022_MINIONCE_5276	86	Response	51	5571503	17744	1
S022_MINIONCE_5276	86	Picture	80_T_RWTRIAD_RW_paracaidas_red.png	5596959	43200	1	1900	2	43200	1800
S022_MINIONCE_5276	87	Picture	rest	5598959	0	1	144099	2	0	144000
S022_MINIONCE_5276	87	Pulse	99	5600500	1541	NA
S022_MINIONCE_5276	87	Port Input	1	5600500	1541	NA
S022_MINIONCE_5276	87	Pulse	99	5636500	37541	NA
S022_MINIONCE_5276	87	Port Input	1	5636500	37541	NA
S022_MINIONCE_5276	87	Pulse	99	5672501	73542	NA
S022_MINIONCE_5276	87	Port Input	1	5672501	73542	NA
S022_MINIONCE_5276	87	Pulse	99	5708502	109543	NA
S022_MINIONCE_5276	87	Port Input	1	5708502	109543	NA
S022_MINIONCE_5276	88	Picture	endrest	5743158	0	1	10100	2	0	10000
S022_MINIONCE_5276	88	Pulse	99	5744503	1345	NA
S022_MINIONCE_5276	88	Port Input	1	5744503	1345	NA
S022_MINIONCE_5276	89	Picture	FF	5753458	0	1	43199	3	0	43200
S022_MINIONCE_5276	89	Pulse	99	5780504	27046	NA
S022_MINIONCE_5276	89	Port Input	1	5780504	27046	NA
S022_MINIONCE_5276	89	Response	52	5784078	30620	1
S022_MINIONCE_5276	89	Picture	83_T_FFTRIAD_FF_paracaidas_red.png	5796657	43199	2	1900	3	43200	1800
S022_MINIONCE_5276	90	Picture	FF	5798857	0	2	43200	3	0	43200
S022_MINIONCE_5276	90	Pulse	99	5816505	17648	NA
S022_MINIONCE_5276	90	Port Input	1	5816505	17648	NA
S022_MINIONCE_5276	90	Response	51	5817262	18405	1
S022_MINIONCE_5276	90	Picture	84_T_FFTRIAD_FF_tijera_red.png	5842057	43200	1	1900	2	43200	1800
S022_MINIONCE_5276	91	Picture	FF	5844157	0	1	43200	2	0	43200
S022_MINIONCE_5276	91	Pulse	99	5852506	8349	NA
S022_MINIONCE_5276	91	Port Input	1	5852506	8349	NA
S022_MINIONCE_5276	91	Response	52	5866268	22111	1
S022_MINIONCE_5276	91	Picture	85_T_FFTRIAD_FF_monja_red.png	5887357	43200	1	1900	2	43200	1800
S022_MINIONCE_5276	91	Pulse	99	5888507	44350	NA
S022_MINIONCE_5276	91	Port Input	1	5888507	44350	NA
S022_MINIONCE_5276	92	Picture	FF	5889557	0	1	43199	3	0	43200
S022_MINIONCE_5276	92	Response	51	5906273	16716	1
S022_MINIONCE_5276	92	Pulse	99	5924508	34951	NA
S022_MINIONCE_5276	92	Port Input	1	5924508	34951	NA
S022_MINIONCE_5276	92	Picture	86_T_FFTRIAD_FF_charco_red.png	5932756	43199	2	1900	4	43200	1800
S022_MINIONCE_5276	93	Picture	PW	5934856	0	1	43200	2	0	43200
S022_MINIONCE_5276	93	Pulse	99	5960509	25653	NA
S022_MINIONCE_5276	93	Port Input	1	5960509	25653	NA
S022_MINIONCE_5276	93	Response	51	5964029	29173	1
S022_MINIONCE_5276	93	Picture	87_T_PWTRIAD_PW_pilas_red.png	5978056	43200	1	1900	2	43200	1800
S022_MINIONCE_5276	94	Picture	PW	5980156	0	1	43200	2	0	43200
S022_MINIONCE_5276	94	Pulse	99	5996510	16354	NA
S022_MINIONCE_5276	94	Port Input	1	5996510	16354	NA
S022_MINIONCE_5276	94	Response	51	6009633	29477	1
S022_MINIONCE_5276	94	Picture	88_T_PWTRIAD_PW_cuento_red.png	6023356	43200	1	1900	2	43200	1800
S022_MINIONCE_5276	95	Picture	PW	6025656	0	1	43099	3	0	43200
S022_MINIONCE_5276	95	Pulse	99	6032511	6855	NA
S022_MINIONCE_5276	95	Port Input	1	6032511	6855	NA
S022_MINIONCE_5276	95	Response	52	6058261	32605	1
S022_MINIONCE_5276	95	Pulse	99	6068512	42856	NA
S022_MINIONCE_5276	95	Port Input	1	6068512	42856	NA
S022_MINIONCE_5276	95	Picture	89_T_PWTRIAD_PW_gafas_red.png	6068755	43099	2	1900	4	43200	1800
S022_MINIONCE_5276	96	Picture	PW	6071055	0	2	43100	3	0	43200
S022_MINIONCE_5276	96	Response	51	6102650	31595	2
S022_MINIONCE_5276	96	Pulse	99	6104513	33458	NA
S022_MINIONCE_5276	96	Port Input	1	6104513	33458	NA
S022_MINIONCE_5276	96	Picture	90_T_PWTRIAD_PW_grapadora_red.png	6114155	43100	1	1900	2	43200	1800
S022_MINIONCE_5276	97	Picture	rest	6116155	0	1	144099	2	0	144000
S022_MINIONCE_5276	97	Pulse	99	6140514	24359	NA
S022_MINIONCE_5276	97	Port Input	1	6140514	24359	NA
S022_MINIONCE_5276	97	Pulse	99	6176514	60359	NA
S022_MINIONCE_5276	97	Port Input	1	6176514	60359	NA
S022_MINIONCE_5276	97	Pulse	99	6212515	96360	NA
S022_MINIONCE_5276	97	Port Input	1	6212515	96360	NA
S022_MINIONCE_5276	97	Pulse	99	6248516	132361	NA
S022_MINIONCE_5276	97	Port Input	1	6248516	132361	NA
S022_MINIONCE_5276	98	Picture	endrest	6260354	0	1	10100	2	0	10000
S022_MINIONCE_5276	99	Picture	FF	6270654	0	1	43200	2	0	43200
S022_MINIONCE_5276	99	Pulse	99	6284517	13863	NA
S022_MINIONCE_5276	99	Port Input	1	6284517	13863	NA
S022_MINIONCE_5276	99	Response	51	6292524	21870	1
S022_MINIONCE_5276	99	Picture	93_T_FFTRIAD_FF_pincel_red.png	6313854	43200	1	1900	2	43200	1800
S022_MINIONCE_5276	100	Picture	FF	6315954	0	1	43199	2	0	43200
S022_MINIONCE_5276	100	Pulse	99	6320518	4564	NA
S022_MINIONCE_5276	100	Port Input	1	6320518	4564	NA
S022_MINIONCE_5276	100	Response	52	6336285	20331	1
S022_MINIONCE_5276	100	Pulse	99	6356519	40565	NA
S022_MINIONCE_5276	100	Port Input	1	6356519	40565	NA
S022_MINIONCE_5276	100	Picture	94_T_FFTRIAD_FF_cerillas_red.png	6359153	43199	1	1900	2	43200	1800
S022_MINIONCE_5276	101	Picture	FF	6361253	0	1	43200	2	0	43200
S022_MINIONCE_5276	101	Pulse	99	6392520	31267	NA
S022_MINIONCE_5276	101	Port Input	1	6392520	31267	NA
S022_MINIONCE_5276	101	Response	52	6393289	32036	1
S022_MINIONCE_5276	101	Picture	95_T_FFTRIAD_FF_cinturon_red.png	6404453	43200	1	1900	2	43200	1800
S022_MINIONCE_5276	102	Picture	FF	6406553	0	1	43200	2	0	43200
S022_MINIONCE_5276	102	Response	52	6425610	19057	1
S022_MINIONCE_5276	102	Pulse	99	6428521	21968	NA
S022_MINIONCE_5276	102	Port Input	1	6428521	21968	NA
S022_MINIONCE_5276	102	Picture	96_T_FFTRIAD_FF_grifo_red.png	6449753	43200	1	1900	2	43200	1800
S022_MINIONCE_5276	103	Picture	FF	6451853	0	1	43199	2	0	43200
S022_MINIONCE_5276	103	Pulse	99	6464522	12669	NA
S022_MINIONCE_5276	103	Port Input	1	6464522	12669	NA
S022_MINIONCE_5276	103	Response	52	6471619	19766	2
S022_MINIONCE_5276	103	Picture	97_T_FFTRIAD_FF_paraguas_red.png	6495052	43199	1	1900	2	43200	1800
S022_MINIONCE_5276	104	Picture	FF	6497152	0	1	43200	2	0	43200
S022_MINIONCE_5276	104	Pulse	99	6500523	3371	NA
S022_MINIONCE_5276	104	Port Input	1	6500523	3371	NA
S022_MINIONCE_5276	104	Response	52	6511649	14497	1
S022_MINIONCE_5276	104	Pulse	99	6536524	39372	NA
S022_MINIONCE_5276	104	Port Input	1	6536524	39372	NA
S022_MINIONCE_5276	104	Picture	98_T_FFTRIAD_FF_pilas_red.png	6540352	43200	1	1900	2	43200	1800
S022_MINIONCE_5276	105	Picture	FF	6542652	0	1	43100	2	0	43200
S022_MINIONCE_5276	105	Response	51	6556367	13715	1
S022_MINIONCE_5276	105	Pulse	99	6572525	29873	NA
S022_MINIONCE_5276	105	Port Input	1	6572525	29873	NA
S022_MINIONCE_5276	105	Picture	99_T_FFTRIAD_FF_arco_red.png	6585752	43100	1	1900	2	43200	1800
S022_MINIONCE_5276	106	Picture	FF	6587852	0	1	43199	2	0	43200
S022_MINIONCE_5276	106	Response	52	6599920	12068	2
S022_MINIONCE_5276	106	Pulse	99	6608526	20674	NA
S022_MINIONCE_5276	106	Port Input	1	6608526	20674	NA
S022_MINIONCE_5276	106	Picture	100_T_FFTRIAD_FF_manos_red.png	6631051	43199	1	1900	2	43200	1800
S022_MINIONCE_5276	107	Picture	rest	6633051	0	1	144099	2	0	144000
S022_MINIONCE_5276	107	Pulse	99	6644526	11475	NA
S022_MINIONCE_5276	107	Port Input	1	6644526	11475	NA
S022_MINIONCE_5276	107	Pulse	99	6680527	47476	NA
S022_MINIONCE_5276	107	Port Input	1	6680527	47476	NA
S022_MINIONCE_5276	107	Pulse	99	6716528	83477	NA
S022_MINIONCE_5276	107	Port Input	1	6716528	83477	NA
S022_MINIONCE_5276	107	Pulse	99	6752529	119478	NA
S022_MINIONCE_5276	107	Port Input	1	6752529	119478	NA
S022_MINIONCE_5276	108	Picture	endrest	6777250	0	1	10100	2	0	10000
S022_MINIONCE_5276	109	Picture	PW	6787750	0	1	43100	2	0	43200
S022_MINIONCE_5276	109	Pulse	99	6788530	780	NA
S022_MINIONCE_5276	109	Port Input	1	6788530	780	NA
S022_MINIONCE_5276	109	Response	51	6812444	24694	2
S022_MINIONCE_5276	109	Pulse	99	6824531	36781	NA
S022_MINIONCE_5276	109	Port Input	1	6824531	36781	NA
S022_MINIONCE_5276	109	Picture	103_T_PWTRIAD_PW_molino_red.png	6830850	43100	1	1900	2	43200	1800
S022_MINIONCE_5276	110	Picture	PW	6832950	0	1	43199	3	0	43200
S022_MINIONCE_5276	110	Response	52	6860235	27285	1
S022_MINIONCE_5276	110	Pulse	99	6860532	27582	NA
S022_MINIONCE_5276	110	Port Input	1	6860532	27582	NA
S022_MINIONCE_5276	110	Picture	104_T_PWTRIAD_PW_martillo_red.png	6876149	43199	2	1900	4	43200	1800
S022_MINIONCE_5276	111	Picture	PW	6878250	0	1	43199	2	0	43200
S022_MINIONCE_5276	111	Pulse	99	6896533	18283	NA
S022_MINIONCE_5276	111	Port Input	1	6896533	18283	NA
S022_MINIONCE_5276	111	Response	51	6914519	36269	1
S022_MINIONCE_5276	111	Picture	105_T_PWTRIAD_PW_tijera_red.png	6921449	43199	1	1900	2	43200	1800
S022_MINIONCE_5276	112	Picture	PW	6923549	0	1	43200	2	0	43200
S022_MINIONCE_5276	112	Pulse	99	6932534	8985	NA
S022_MINIONCE_5276	112	Port Input	1	6932534	8985	NA
S022_MINIONCE_5276	112	Response	51	6951411	27862	1
S022_MINIONCE_5276	112	Picture	106_T_PWTRIAD_PW_cinturon_red.png	6966749	43200	1	1900	2	43200	1800
S022_MINIONCE_5276	112	Pulse	99	6968535	44986	NA
S022_MINIONCE_5276	112	Port Input	1	6968535	44986	NA
S022_MINIONCE_5276	113	Picture	PW	6968849	0	1	43199	3	0	43200
S022_MINIONCE_5276	113	Response	52	7001388	32539	1
S022_MINIONCE_5276	113	Pulse	99	7004536	35687	NA
S022_MINIONCE_5276	113	Port Input	1	7004536	35687	NA
S022_MINIONCE_5276	113	Picture	107_T_PWTRIAD_PW_traje_red.png	7012048	43199	2	1900	4	43200	1800
S022_MINIONCE_5276	114	Picture	PW	7014548	0	2	43100	3	0	43200
S022_MINIONCE_5276	114	Pulse	99	7040537	25989	NA
S022_MINIONCE_5276	114	Port Input	1	7040537	25989	NA
S022_MINIONCE_5276	114	Response	52	7044414	29866	1
S022_MINIONCE_5276	114	Picture	108_T_PWTRIAD_PW_sobre_red.png	7057648	43100	1	1900	2	43200	1800
S022_MINIONCE_5276	115	Picture	PW	7059748	0	1	43200	2	0	43200
S022_MINIONCE_5276	115	Pulse	99	7076538	16790	NA
S022_MINIONCE_5276	115	Port Input	1	7076538	16790	NA
S022_MINIONCE_5276	115	Response	52	7097418	37670	1
S022_MINIONCE_5276	115	Picture	109_T_PWTRIAD_PW_television_red.png	7102948	43200	1	1900	2	43200	1800
S022_MINIONCE_5276	116	Picture	PW	7105248	0	1	43199	3	0	43200
S022_MINIONCE_5276	116	Pulse	99	7112539	7291	NA
S022_MINIONCE_5276	116	Port Input	1	7112539	7291	NA
S022_MINIONCE_5276	116	Response	51	7131701	26453	1
S022_MINIONCE_5276	116	Picture	110_T_PWTRIAD_PW_paraguas_red.png	7148447	43199	2	1901	3	43200	1800
S022_MINIONCE_5276	116	Pulse	99	7148539	43291	NA
S022_MINIONCE_5276	116	Port Input	1	7148539	43291	NA
S022_MINIONCE_5276	117	Picture	rest	7150447	0	2	144099	4	0	144000
S022_MINIONCE_5276	118	Picture	endrest	7294646	0	2	10100	3	0	10000
S022_MINIONCE_5276	119	Picture	PW	7304946	0	2	43200	3	0	43200
S022_MINIONCE_5276	119	Response	52	7328413	23467	1
S022_MINIONCE_5276	119	Picture	113_T_PWTRIAD_PW_raton_red.png	7348146	43200	1	1900	2	43200	1800
S022_MINIONCE_5276	120	Picture	PW	7350246	0	1	43200	2	0	43200
S022_MINIONCE_5276	120	Response	52	7381140	30894	1
S022_MINIONCE_5276	120	Picture	114_T_PWTRIAD_PW_destornillador_red.png	7393446	43200	1	1900	2	43200	1800
S022_MINIONCE_5276	121	Picture	PW	7395746	0	1	43099	3	0	43200
S022_MINIONCE_5276	121	Response	52	7424722	28976	2
S022_MINIONCE_5276	121	Picture	115_T_PWTRIAD_PW_llave_red.png	7438845	43099	2	1900	4	43200	1800
S022_MINIONCE_5276	122	Picture	PW	7440945	0	1	43200	2	0	43200
S022_MINIONCE_5276	122	Response	51	7479548	38603	1
S022_MINIONCE_5276	122	Picture	116_T_PWTRIAD_PW_granjero_red.png	7484145	43200	1	1900	2	43200	1800
S022_MINIONCE_5276	123	Picture	PW	7486345	0	1	43200	2	0	43200
S022_MINIONCE_5276	123	Response	51	7513607	27262	1
S022_MINIONCE_5276	123	Picture	117_T_PWTRIAD_PW_carruaje_red.png	7529545	43200	1	1900	2	43200	1800
S022_MINIONCE_5276	124	Picture	PW	7531645	0	1	43199	3	0	43200
S022_MINIONCE_5276	124	Response	51	7566935	35290	1
S022_MINIONCE_5276	124	Picture	118_T_PWTRIAD_PW_pincel_red.png	7574844	43199	2	1900	4	43200	1800
S022_MINIONCE_5276	125	Picture	PW	7577244	0	1	43200	2	0	43200
S022_MINIONCE_5276	125	Response	52	7606785	29541	1
S022_MINIONCE_5276	125	Picture	119_T_PWTRIAD_PW_ancla_red.png	7620444	43200	1	1900	2	43200	1800
S022_MINIONCE_5276	126	Picture	PW	7622544	0	1	43200	2	0	43200
S022_MINIONCE_5276	126	Response	52	7652911	30367	1
S022_MINIONCE_5276	126	Picture	120_T_PWTRIAD_PW_mono_red.png	7665744	43200	1	1900	2	43200	1800
S022_MINIONCE_5276	127	Picture	rest	7667744	0	1	144099	2	0	144000
S022_MINIONCE_5276	128	Picture	endrest	7811943	0	1	10100	2	0	10000
S022_MINIONCE_5276	129	Picture	PW	7822243	0	1	43199	2	0	43200
S022_MINIONCE_5276	129	Response	51	7848269	26026	1
S022_MINIONCE_5276	129	Picture	123_T_PWTRIAD_PW_dado_red.png	7865442	43199	1	1900	2	43200	1800
S022_MINIONCE_5276	130	Picture	PW	7867542	0	1	43200	2	0	43200
S022_MINIONCE_5276	130	Response	52	7895999	28457	1
S022_MINIONCE_5276	130	Picture	124_T_PWTRIAD_PW_arbol_red.png	7910742	43200	1	1900	2	43200	1800
S022_MINIONCE_5276	131	Picture	PW	7912842	0	1	43200	2	0	43200
S022_MINIONCE_5276	131	Response	51	7942312	29470	1
S022_MINIONCE_5276	131	Picture	125_T_PWTRIAD_PW_queso_red.png	7956042	43200	1	1900	2	43200	1800
S022_MINIONCE_5276	132	Picture	PW	7958242	0	1	43839	2	0	43200
S022_MINIONCE_5276	132	Response	51	7987068	28826	1
