Scenario - vOT_Triads_fMRI_I
Logfile written - 11/17/2015 16:46:37

Subject	Trial	Event Type	Code	Time	TTime	Uncertainty	Duration	Uncertainty	ReqTime	ReqDur

S023_DAY2_MINITWICE_4771	1	Response	98	10706	20606	1
S023_DAY2_MINITWICE_4771	2	Response	52	47435	36636	1
S023_DAY2_MINITWICE_4771	2	Response	52	80454	69655	1
S023_DAY2_MINITWICE_4771	2	Response	98	97191	86392	2
S023_DAY2_MINITWICE_4771	3	Response	51	168108	70809	1
S023_DAY2_MINITWICE_4771	3	Response	52	566050	468751	1
S023_DAY2_MINITWICE_4771	3	Response	98	571105	473806	1
S023_DAY2_MINITWICE_4771	4	Response	52	597652	26457	1
S023_DAY2_MINITWICE_4771	4	Response	98	620051	48856	1
S023_DAY2_MINITWICE_4771	6	Pulse	99	943508	323313	NA
S023_DAY2_MINITWICE_4771	6	Port Input	1	943508	323313	NA
S023_DAY2_MINITWICE_4771	6	Pulse	99	979509	359314	NA
S023_DAY2_MINITWICE_4771	6	Port Input	1	979509	359314	NA
S023_DAY2_MINITWICE_4771	6	Pulse	99	1015510	395315	NA
S023_DAY2_MINITWICE_4771	6	Port Input	1	1015510	395315	NA
S023_DAY2_MINITWICE_4771	6	Pulse	99	1051511	431316	NA
S023_DAY2_MINITWICE_4771	6	Port Input	1	1051511	431316	NA
S023_DAY2_MINITWICE_4771	6	Pulse	99	1087512	467317	NA
S023_DAY2_MINITWICE_4771	6	Port Input	1	1087512	467317	NA
S023_DAY2_MINITWICE_4771	7	Picture	rest	1087792	0	1	144099	2	0	144000
S023_DAY2_MINITWICE_4771	7	Pulse	99	1123513	35721	NA
S023_DAY2_MINITWICE_4771	7	Port Input	1	1123513	35721	NA
S023_DAY2_MINITWICE_4771	7	Pulse	99	1159514	71722	NA
S023_DAY2_MINITWICE_4771	7	Port Input	1	1159514	71722	NA
S023_DAY2_MINITWICE_4771	7	Pulse	99	1195515	107723	NA
S023_DAY2_MINITWICE_4771	7	Port Input	1	1195515	107723	NA
S023_DAY2_MINITWICE_4771	7	Pulse	99	1231516	143724	NA
S023_DAY2_MINITWICE_4771	7	Port Input	1	1231516	143724	NA
S023_DAY2_MINITWICE_4771	8	Picture	endrest	1231991	0	1	10099	3	0	10000
S023_DAY2_MINITWICE_4771	9	Picture	FF	1242490	0	2	43200	3	0	43200
S023_DAY2_MINITWICE_4771	9	Response	51	1262474	19984	1
S023_DAY2_MINITWICE_4771	9	Pulse	99	1267517	25027	NA
S023_DAY2_MINITWICE_4771	9	Port Input	1	1267517	25027	NA
S023_DAY2_MINITWICE_4771	9	Picture	3_T_FFTRIAD_FF_granjero_red.png	1285690	43200	1	1900	2	43200	1800
S023_DAY2_MINITWICE_4771	10	Picture	FF	1287990	0	1	43100	2	0	43200
S023_DAY2_MINITWICE_4771	10	Response	51	1303328	15338	2
S023_DAY2_MINITWICE_4771	10	Pulse	99	1303518	15528	NA
S023_DAY2_MINITWICE_4771	10	Port Input	1	1303518	15528	NA
S023_DAY2_MINITWICE_4771	10	Picture	4_T_FFTRIAD_FF_dado_red.png	1331090	43100	1	1900	2	43200	1800
S023_DAY2_MINITWICE_4771	11	Picture	FF	1333290	0	1	43100	2	0	43200
S023_DAY2_MINITWICE_4771	11	Pulse	99	1339519	6229	NA
S023_DAY2_MINITWICE_4771	11	Port Input	1	1339519	6229	NA
S023_DAY2_MINITWICE_4771	11	Response	51	1346756	13466	1
S023_DAY2_MINITWICE_4771	11	Pulse	99	1375520	42230	NA
S023_DAY2_MINITWICE_4771	11	Port Input	1	1375520	42230	NA
S023_DAY2_MINITWICE_4771	11	Picture	5_T_FFTRIAD_FF_traje_red.png	1376390	43100	1	1899	3	43200	1800
S023_DAY2_MINITWICE_4771	12	Picture	FF	1378590	0	1	43199	2	0	43200
S023_DAY2_MINITWICE_4771	12	Response	51	1397082	18492	1
S023_DAY2_MINITWICE_4771	12	Pulse	99	1411521	32931	NA
S023_DAY2_MINITWICE_4771	12	Port Input	1	1411521	32931	NA
S023_DAY2_MINITWICE_4771	12	Picture	6_T_FFTRIAD_FF_estetoscopio_red.png	1421789	43199	1	1900	2	43200	1800
S023_DAY2_MINITWICE_4771	13	Picture	FF	1424089	0	1	43200	2	0	43200
S023_DAY2_MINITWICE_4771	13	Response	51	1440481	16392	1
S023_DAY2_MINITWICE_4771	13	Pulse	99	1447522	23433	NA
S023_DAY2_MINITWICE_4771	13	Port Input	1	1447522	23433	NA
S023_DAY2_MINITWICE_4771	13	Picture	7_T_FFTRIAD_FF_martillo_red.png	1467289	43200	1	1900	2	43200	1800
S023_DAY2_MINITWICE_4771	14	Picture	FF	1469489	0	1	43100	2	0	43200
S023_DAY2_MINITWICE_4771	14	Pulse	99	1483523	14034	NA
S023_DAY2_MINITWICE_4771	14	Port Input	1	1483523	14034	NA
S023_DAY2_MINITWICE_4771	14	Response	51	1485165	15676	3
S023_DAY2_MINITWICE_4771	14	Picture	8_T_FFTRIAD_FF_sombrilla_red.png	1512589	43100	1	1900	2	43200	1800
S023_DAY2_MINITWICE_4771	15	Picture	FF	1514689	0	1	43199	2	0	43200
S023_DAY2_MINITWICE_4771	15	Pulse	99	1519524	4835	NA
S023_DAY2_MINITWICE_4771	15	Port Input	1	1519524	4835	NA
S023_DAY2_MINITWICE_4771	15	Response	52	1536136	21447	1
S023_DAY2_MINITWICE_4771	15	Pulse	99	1555524	40835	NA
S023_DAY2_MINITWICE_4771	15	Port Input	1	1555524	40835	NA
S023_DAY2_MINITWICE_4771	15	Picture	9_T_FFTRIAD_FF_esquimal_red.png	1557888	43199	1	1900	2	43200	1800
S023_DAY2_MINITWICE_4771	16	Picture	FF	1560088	0	1	43200	2	0	43200
S023_DAY2_MINITWICE_4771	16	Response	51	1579238	19150	1
S023_DAY2_MINITWICE_4771	16	Pulse	99	1591525	31437	NA
S023_DAY2_MINITWICE_4771	16	Port Input	1	1591525	31437	NA
S023_DAY2_MINITWICE_4771	16	Picture	10_T_FFTRIAD_FF_violin_red.png	1603288	43200	1	1900	2	43200	1800
S023_DAY2_MINITWICE_4771	17	Picture	rest	1605288	0	1	144099	2	0	144000
S023_DAY2_MINITWICE_4771	17	Pulse	99	1627526	22238	NA
S023_DAY2_MINITWICE_4771	17	Port Input	1	1627526	22238	NA
S023_DAY2_MINITWICE_4771	17	Pulse	99	1663527	58239	NA
S023_DAY2_MINITWICE_4771	17	Port Input	1	1663527	58239	NA
S023_DAY2_MINITWICE_4771	17	Pulse	99	1699528	94240	NA
S023_DAY2_MINITWICE_4771	17	Port Input	1	1699528	94240	NA
S023_DAY2_MINITWICE_4771	17	Pulse	99	1735529	130241	NA
S023_DAY2_MINITWICE_4771	17	Port Input	1	1735529	130241	NA
S023_DAY2_MINITWICE_4771	18	Picture	endrest	1749487	0	1	10100	2	0	10000
S023_DAY2_MINITWICE_4771	19	Picture	RW	1759886	0	2	43201	3	0	43200
S023_DAY2_MINITWICE_4771	19	Pulse	99	1771530	11644	NA
S023_DAY2_MINITWICE_4771	19	Port Input	1	1771530	11644	NA
S023_DAY2_MINITWICE_4771	19	Response	51	1776061	16175	1
S023_DAY2_MINITWICE_4771	19	Picture	13_T_RWTRIAD_RW_manos_red.png	1803087	43201	1	1899	3	43200	1800
S023_DAY2_MINITWICE_4771	20	Picture	RW	1805286	0	2	43100	3	0	43200
S023_DAY2_MINITWICE_4771	20	Pulse	99	1807531	2245	NA
S023_DAY2_MINITWICE_4771	20	Port Input	1	1807531	2245	NA
S023_DAY2_MINITWICE_4771	20	Response	52	1822135	16849	1
S023_DAY2_MINITWICE_4771	20	Pulse	99	1843532	38246	NA
S023_DAY2_MINITWICE_4771	20	Port Input	1	1843532	38246	NA
S023_DAY2_MINITWICE_4771	20	Picture	14_T_RWTRIAD_RW_pincel_red.png	1848386	43100	1	1900	2	43200	1800
S023_DAY2_MINITWICE_4771	21	Picture	RW	1850586	0	1	43200	2	0	43200
S023_DAY2_MINITWICE_4771	21	Response	52	1867746	17160	1
S023_DAY2_MINITWICE_4771	21	Pulse	99	1879533	28947	NA
S023_DAY2_MINITWICE_4771	21	Port Input	1	1879533	28947	NA
S023_DAY2_MINITWICE_4771	21	Picture	15_T_RWTRIAD_RW_queso_red.png	1893786	43200	1	1900	2	43200	1800
S023_DAY2_MINITWICE_4771	22	Picture	RW	1895986	0	1	43200	2	0	43200
S023_DAY2_MINITWICE_4771	22	Pulse	99	1915534	19548	NA
S023_DAY2_MINITWICE_4771	22	Port Input	1	1915534	19548	NA
S023_DAY2_MINITWICE_4771	22	Response	51	1917990	22004	2
S023_DAY2_MINITWICE_4771	22	Picture	16_T_RWTRIAD_RW_perro_red.png	1939186	43200	1	1900	2	43200	1800
S023_DAY2_MINITWICE_4771	23	Picture	RW	1941486	0	1	43099	2	0	43200
S023_DAY2_MINITWICE_4771	23	Pulse	99	1951535	10049	NA
S023_DAY2_MINITWICE_4771	23	Port Input	1	1951535	10049	NA
S023_DAY2_MINITWICE_4771	23	Response	51	1955969	14483	1
S023_DAY2_MINITWICE_4771	23	Picture	17_T_RWTRIAD_RW_bala_red.png	1984585	43099	1	1900	2	43200	1800
S023_DAY2_MINITWICE_4771	24	Picture	RW	1986885	0	1	43100	2	0	43200
S023_DAY2_MINITWICE_4771	24	Pulse	99	1987536	651	NA
S023_DAY2_MINITWICE_4771	24	Port Input	1	1987536	651	NA
S023_DAY2_MINITWICE_4771	24	Response	52	2000368	13483	2
S023_DAY2_MINITWICE_4771	24	Pulse	99	2023537	36652	NA
S023_DAY2_MINITWICE_4771	24	Port Input	1	2023537	36652	NA
S023_DAY2_MINITWICE_4771	24	Picture	18_T_RWTRIAD_RW_plato_red.png	2029985	43100	1	1900	2	43200	1800
S023_DAY2_MINITWICE_4771	25	Picture	RW	2032185	0	1	43200	2	0	43200
S023_DAY2_MINITWICE_4771	25	Response	51	2049313	17128	1
S023_DAY2_MINITWICE_4771	25	Pulse	99	2059538	27353	NA
S023_DAY2_MINITWICE_4771	25	Port Input	1	2059538	27353	NA
S023_DAY2_MINITWICE_4771	25	Picture	19_T_RWTRIAD_RW_candado_red.png	2075385	43200	1	1900	2	43200	1800
S023_DAY2_MINITWICE_4771	26	Picture	RW	2077685	0	1	43099	2	0	43200
S023_DAY2_MINITWICE_4771	26	Response	52	2091517	13832	2
S023_DAY2_MINITWICE_4771	26	Pulse	99	2095539	17854	NA
S023_DAY2_MINITWICE_4771	26	Port Input	1	2095539	17854	NA
S023_DAY2_MINITWICE_4771	26	Picture	20_T_RWTRIAD_RW_bebe_red.png	2120784	43099	1	1900	2	43200	1800
S023_DAY2_MINITWICE_4771	27	Picture	rest	2122784	0	1	144099	2	0	144000
S023_DAY2_MINITWICE_4771	27	Pulse	99	2131540	8756	NA
S023_DAY2_MINITWICE_4771	27	Port Input	1	2131540	8756	NA
S023_DAY2_MINITWICE_4771	27	Pulse	99	2167541	44757	NA
S023_DAY2_MINITWICE_4771	27	Port Input	1	2167541	44757	NA
S023_DAY2_MINITWICE_4771	27	Pulse	99	2203541	80757	NA
S023_DAY2_MINITWICE_4771	27	Port Input	1	2203541	80757	NA
S023_DAY2_MINITWICE_4771	27	Pulse	99	2239542	116758	NA
S023_DAY2_MINITWICE_4771	27	Port Input	1	2239542	116758	NA
S023_DAY2_MINITWICE_4771	28	Picture	endrest	2266983	0	1	10100	2	0	10000
S023_DAY2_MINITWICE_4771	28	Pulse	99	2275543	8560	NA
S023_DAY2_MINITWICE_4771	28	Port Input	1	2275543	8560	NA
S023_DAY2_MINITWICE_4771	29	Picture	RW	2277383	0	1	43100	2	0	43200
S023_DAY2_MINITWICE_4771	29	Response	51	2296169	18786	2
S023_DAY2_MINITWICE_4771	29	Pulse	99	2311544	34161	NA
S023_DAY2_MINITWICE_4771	29	Port Input	1	2311544	34161	NA
S023_DAY2_MINITWICE_4771	29	Picture	23_T_RWTRIAD_RW_telefono_red.png	2320483	43100	1	1900	2	43200	1800
S023_DAY2_MINITWICE_4771	30	Picture	RW	2322783	0	1	43100	2	0	43200
S023_DAY2_MINITWICE_4771	30	Response	51	2337873	15090	1
S023_DAY2_MINITWICE_4771	30	Pulse	99	2347545	24762	NA
S023_DAY2_MINITWICE_4771	30	Port Input	1	2347545	24762	NA
S023_DAY2_MINITWICE_4771	30	Picture	24_T_RWTRIAD_RW_botella_red.png	2365883	43100	1	1900	2	43200	1800
S023_DAY2_MINITWICE_4771	31	Picture	RW	2368182	0	2	43100	3	0	43200
S023_DAY2_MINITWICE_4771	31	Pulse	99	2383546	15364	NA
S023_DAY2_MINITWICE_4771	31	Port Input	1	2383546	15364	NA
S023_DAY2_MINITWICE_4771	31	Response	51	2386058	17876	1
S023_DAY2_MINITWICE_4771	31	Picture	25_T_RWTRIAD_RW_madera_red.png	2411282	43100	1	1900	2	43200	1800
S023_DAY2_MINITWICE_4771	32	Picture	RW	2413582	0	1	43200	2	0	43200
S023_DAY2_MINITWICE_4771	32	Pulse	99	2419547	5965	NA
S023_DAY2_MINITWICE_4771	32	Port Input	1	2419547	5965	NA
S023_DAY2_MINITWICE_4771	32	Response	51	2434246	20664	1
S023_DAY2_MINITWICE_4771	32	Pulse	99	2455548	41966	NA
S023_DAY2_MINITWICE_4771	32	Port Input	1	2455548	41966	NA
S023_DAY2_MINITWICE_4771	32	Picture	26_T_RWTRIAD_RW_chupete_red.png	2456782	43200	1	1900	2	43200	1800
S023_DAY2_MINITWICE_4771	33	Picture	FF	2459082	0	1	43200	2	0	43200
S023_DAY2_MINITWICE_4771	33	Response	52	2476300	17218	1
S023_DAY2_MINITWICE_4771	33	Pulse	99	2491549	32467	NA
S023_DAY2_MINITWICE_4771	33	Port Input	1	2491549	32467	NA
S023_DAY2_MINITWICE_4771	33	Picture	27_T_FFTRIAD_FF_molino_red.png	2502282	43200	1	1899	3	43200	1800
S023_DAY2_MINITWICE_4771	34	Picture	FF	2504582	0	1	43099	2	0	43200
S023_DAY2_MINITWICE_4771	34	Response	52	2527417	22835	1
S023_DAY2_MINITWICE_4771	34	Pulse	99	2527550	22968	NA
S023_DAY2_MINITWICE_4771	34	Port Input	1	2527550	22968	NA
S023_DAY2_MINITWICE_4771	34	Picture	28_T_FFTRIAD_FF_futbol_red.png	2547681	43099	1	1900	2	43200	1800
S023_DAY2_MINITWICE_4771	35	Picture	FF	2549881	0	1	43200	2	0	43200
S023_DAY2_MINITWICE_4771	35	Pulse	99	2563551	13670	NA
S023_DAY2_MINITWICE_4771	35	Port Input	1	2563551	13670	NA
S023_DAY2_MINITWICE_4771	35	Response	52	2574163	24282	1
S023_DAY2_MINITWICE_4771	35	Picture	29_T_FFTRIAD_FF_pizarra_red.png	2593081	43200	1	1900	2	43200	1800
S023_DAY2_MINITWICE_4771	36	Picture	FF	2595281	0	1	43199	3	0	43200
S023_DAY2_MINITWICE_4771	36	Pulse	99	2599552	4271	NA
S023_DAY2_MINITWICE_4771	36	Port Input	1	2599552	4271	NA
S023_DAY2_MINITWICE_4771	36	Response	52	2615860	20579	1
S023_DAY2_MINITWICE_4771	36	Pulse	99	2635553	40272	NA
S023_DAY2_MINITWICE_4771	36	Port Input	1	2635553	40272	NA
S023_DAY2_MINITWICE_4771	36	Picture	30_T_FFTRIAD_FF_iglu_red.png	2638480	43199	2	1901	3	43200	1800
S023_DAY2_MINITWICE_4771	37	Picture	rest	2640481	0	1	144099	2	0	144000
S023_DAY2_MINITWICE_4771	37	Pulse	99	2671554	31073	NA
S023_DAY2_MINITWICE_4771	37	Port Input	1	2671554	31073	NA
S023_DAY2_MINITWICE_4771	37	Pulse	99	2707555	67074	NA
S023_DAY2_MINITWICE_4771	37	Port Input	1	2707555	67074	NA
S023_DAY2_MINITWICE_4771	37	Pulse	99	2743556	103075	NA
S023_DAY2_MINITWICE_4771	37	Port Input	1	2743556	103075	NA
S023_DAY2_MINITWICE_4771	37	Pulse	99	2779557	139076	NA
S023_DAY2_MINITWICE_4771	37	Port Input	1	2779557	139076	NA
S023_DAY2_MINITWICE_4771	38	Picture	endrest	2784680	0	1	10100	2	0	10000
S023_DAY2_MINITWICE_4771	39	Picture	FF	2795080	0	1	43199	2	0	43200
S023_DAY2_MINITWICE_4771	39	Pulse	99	2815558	20478	NA
S023_DAY2_MINITWICE_4771	39	Port Input	1	2815558	20478	NA
S023_DAY2_MINITWICE_4771	39	Response	52	2817811	22731	1
S023_DAY2_MINITWICE_4771	39	Picture	33_T_FFTRIAD_FF_anillo_red.png	2838279	43199	1	1900	2	43200	1800
S023_DAY2_MINITWICE_4771	40	Picture	FF	2840479	0	1	43200	2	0	43200
S023_DAY2_MINITWICE_4771	40	Pulse	99	2851558	11079	NA
S023_DAY2_MINITWICE_4771	40	Port Input	1	2851558	11079	NA
S023_DAY2_MINITWICE_4771	40	Response	51	2857289	16810	2
S023_DAY2_MINITWICE_4771	40	Picture	34_T_FFTRIAD_FF_leche_red.png	2883679	43200	1	1900	2	43200	1800
S023_DAY2_MINITWICE_4771	41	Picture	FF	2885879	0	1	43200	2	0	43200
S023_DAY2_MINITWICE_4771	41	Pulse	99	2887559	1680	NA
S023_DAY2_MINITWICE_4771	41	Port Input	1	2887559	1680	NA
S023_DAY2_MINITWICE_4771	41	Response	52	2911092	25213	1
S023_DAY2_MINITWICE_4771	41	Pulse	99	2923560	37681	NA
S023_DAY2_MINITWICE_4771	41	Port Input	1	2923560	37681	NA
S023_DAY2_MINITWICE_4771	41	Picture	35_T_FFTRIAD_FF_lechuga_red.png	2929079	43200	1	1899	3	43200	1800
S023_DAY2_MINITWICE_4771	42	Picture	FF	2931278	0	2	43200	3	0	43200
S023_DAY2_MINITWICE_4771	42	Response	51	2955868	24590	1
S023_DAY2_MINITWICE_4771	42	Pulse	99	2959561	28283	NA
S023_DAY2_MINITWICE_4771	42	Port Input	1	2959561	28283	NA
S023_DAY2_MINITWICE_4771	42	Picture	36_T_FFTRIAD_FF_oruga_red.png	2974478	43200	1	1900	2	43200	1800
S023_DAY2_MINITWICE_4771	43	Picture	FF	2976778	0	1	43200	2	0	43200
S023_DAY2_MINITWICE_4771	43	Pulse	99	2995562	18784	NA
S023_DAY2_MINITWICE_4771	43	Port Input	1	2995562	18784	NA
S023_DAY2_MINITWICE_4771	43	Response	52	2999331	22553	1
S023_DAY2_MINITWICE_4771	43	Picture	37_T_FFTRIAD_FF_raton_red.png	3019978	43200	1	1900	2	43200	1800
S023_DAY2_MINITWICE_4771	44	Picture	FF	3022278	0	1	43100	2	0	43200
S023_DAY2_MINITWICE_4771	44	Pulse	99	3031563	9285	NA
S023_DAY2_MINITWICE_4771	44	Port Input	1	3031563	9285	NA
S023_DAY2_MINITWICE_4771	44	Response	51	3044476	22198	1
S023_DAY2_MINITWICE_4771	44	Picture	38_T_FFTRIAD_FF_dedal_red.png	3065378	43100	1	1899	3	43200	1800
S023_DAY2_MINITWICE_4771	44	Pulse	99	3067564	45286	NA
S023_DAY2_MINITWICE_4771	44	Port Input	1	3067564	45286	NA
S023_DAY2_MINITWICE_4771	45	Picture	FF	3067678	0	1	43099	2	0	43200
S023_DAY2_MINITWICE_4771	45	Response	52	3085017	17339	1
S023_DAY2_MINITWICE_4771	45	Pulse	99	3103565	35887	NA
S023_DAY2_MINITWICE_4771	45	Port Input	1	3103565	35887	NA
S023_DAY2_MINITWICE_4771	45	Picture	39_T_FFTRIAD_FF_almohada_red.png	3110777	43099	1	1900	2	43200	1800
S023_DAY2_MINITWICE_4771	46	Picture	FF	3112977	0	1	43200	2	0	43200
S023_DAY2_MINITWICE_4771	46	Response	52	3130840	17863	1
S023_DAY2_MINITWICE_4771	46	Pulse	99	3139566	26589	NA
S023_DAY2_MINITWICE_4771	46	Port Input	1	3139566	26589	NA
S023_DAY2_MINITWICE_4771	46	Picture	40_T_FFTRIAD_FF_mono_red.png	3156177	43200	1	1900	2	43200	1800
S023_DAY2_MINITWICE_4771	47	Picture	rest	3158177	0	1	144099	2	0	144000
S023_DAY2_MINITWICE_4771	47	Pulse	99	3175567	17390	NA
S023_DAY2_MINITWICE_4771	47	Port Input	1	3175567	17390	NA
S023_DAY2_MINITWICE_4771	47	Pulse	99	3211568	53391	NA
S023_DAY2_MINITWICE_4771	47	Port Input	1	3211568	53391	NA
S023_DAY2_MINITWICE_4771	47	Pulse	99	3247569	89392	NA
S023_DAY2_MINITWICE_4771	47	Port Input	1	3247569	89392	NA
S023_DAY2_MINITWICE_4771	47	Pulse	99	3283570	125393	NA
S023_DAY2_MINITWICE_4771	47	Port Input	1	3283570	125393	NA
S023_DAY2_MINITWICE_4771	48	Picture	endrest	3302376	0	1	10100	2	0	10000
S023_DAY2_MINITWICE_4771	49	Picture	RW	3312776	0	1	43099	3	0	43200
S023_DAY2_MINITWICE_4771	49	Pulse	99	3319571	6795	NA
S023_DAY2_MINITWICE_4771	49	Port Input	1	3319571	6795	NA
S023_DAY2_MINITWICE_4771	49	Response	51	3330238	17462	1
S023_DAY2_MINITWICE_4771	49	Pulse	99	3355572	42796	NA
S023_DAY2_MINITWICE_4771	49	Port Input	1	3355572	42796	NA
S023_DAY2_MINITWICE_4771	49	Picture	43_T_RWTRIAD_RW_tenedor_red.png	3355875	43099	2	1900	4	43200	1800
S023_DAY2_MINITWICE_4771	50	Picture	RW	3358075	0	2	43100	3	0	43200
S023_DAY2_MINITWICE_4771	50	Response	51	3382140	24065	1
S023_DAY2_MINITWICE_4771	50	Pulse	99	3391573	33498	NA
S023_DAY2_MINITWICE_4771	50	Port Input	1	3391573	33498	NA
S023_DAY2_MINITWICE_4771	50	Picture	44_T_RWTRIAD_RW_banera_red.png	3401175	43100	1	1900	2	43200	1800
S023_DAY2_MINITWICE_4771	51	Picture	RW	3403475	0	1	43100	2	0	43200
S023_DAY2_MINITWICE_4771	51	Response	52	3424862	21387	1
S023_DAY2_MINITWICE_4771	51	Pulse	99	3427574	24099	NA
S023_DAY2_MINITWICE_4771	51	Port Input	1	3427574	24099	NA
S023_DAY2_MINITWICE_4771	51	Picture	45_T_RWTRIAD_RW_bellota_red.png	3446575	43100	1	1900	2	43200	1800
S023_DAY2_MINITWICE_4771	52	Picture	RW	3448875	0	1	43099	3	0	43200
S023_DAY2_MINITWICE_4771	52	Pulse	99	3463575	14700	NA
S023_DAY2_MINITWICE_4771	52	Port Input	1	3463575	14700	NA
S023_DAY2_MINITWICE_4771	52	Response	52	3489750	40875	1
S023_DAY2_MINITWICE_4771	52	Picture	46_T_RWTRIAD_RW_lechuga_red.png	3491974	43099	2	1900	4	43200	1800
S023_DAY2_MINITWICE_4771	53	Picture	PW	3494375	0	1	43099	2	0	43200
S023_DAY2_MINITWICE_4771	53	Pulse	99	3499575	5200	NA
S023_DAY2_MINITWICE_4771	53	Port Input	1	3499575	5200	NA
S023_DAY2_MINITWICE_4771	53	Response	51	3534726	40351	6
S023_DAY2_MINITWICE_4771	53	Pulse	99	3535576	41201	NA
S023_DAY2_MINITWICE_4771	53	Port Input	1	3535576	41201	NA
S023_DAY2_MINITWICE_4771	53	Picture	47_T_PWTRIAD_PW_tenedor_red.png	3537474	43099	1	1900	2	43200	1800
S023_DAY2_MINITWICE_4771	54	Picture	PW	3539674	0	1	43100	2	0	43200
S023_DAY2_MINITWICE_4771	54	Pulse	99	3571577	31903	NA
S023_DAY2_MINITWICE_4771	54	Port Input	1	3571577	31903	NA
S023_DAY2_MINITWICE_4771	54	Response	51	3574466	34792	1
S023_DAY2_MINITWICE_4771	54	Picture	48_T_PWTRIAD_PW_ascensor_red.png	3582774	43100	1	1900	2	43200	1800
S023_DAY2_MINITWICE_4771	55	Picture	PW	3584974	0	1	43099	3	0	43200
S023_DAY2_MINITWICE_4771	55	Pulse	99	3607578	22604	NA
S023_DAY2_MINITWICE_4771	55	Port Input	1	3607578	22604	NA
S023_DAY2_MINITWICE_4771	55	Response	51	3627269	42295	1
S023_DAY2_MINITWICE_4771	55	Picture	49_T_PWTRIAD_PW_estetoscopio_red.png	3628073	43099	2	1900	4	43200	1800
S023_DAY2_MINITWICE_4771	56	Picture	PW	3630374	0	1	43099	2	0	43200
S023_DAY2_MINITWICE_4771	56	Pulse	99	3643579	13205	NA
S023_DAY2_MINITWICE_4771	56	Port Input	1	3643579	13205	NA
S023_DAY2_MINITWICE_4771	56	Response	52	3669503	39129	1
S023_DAY2_MINITWICE_4771	56	Picture	50_T_PWTRIAD_PW_piramide_red.png	3673473	43099	1	1900	2	43200	1800
S023_DAY2_MINITWICE_4771	57	Picture	rest	3675473	0	1	144099	2	0	144000
S023_DAY2_MINITWICE_4771	57	Pulse	99	3679580	4107	NA
S023_DAY2_MINITWICE_4771	57	Port Input	1	3679580	4107	NA
S023_DAY2_MINITWICE_4771	57	Pulse	99	3715581	40108	NA
S023_DAY2_MINITWICE_4771	57	Port Input	1	3715581	40108	NA
S023_DAY2_MINITWICE_4771	57	Pulse	99	3751582	76109	NA
S023_DAY2_MINITWICE_4771	57	Port Input	1	3751582	76109	NA
S023_DAY2_MINITWICE_4771	57	Pulse	99	3787583	112110	NA
S023_DAY2_MINITWICE_4771	57	Port Input	1	3787583	112110	NA
S023_DAY2_MINITWICE_4771	58	Picture	endrest	3819672	0	1	10100	2	0	10000
S023_DAY2_MINITWICE_4771	58	Pulse	99	3823584	3912	NA
S023_DAY2_MINITWICE_4771	58	Port Input	1	3823584	3912	NA
S023_DAY2_MINITWICE_4771	59	Picture	RW	3830072	0	1	43100	2	0	43200
S023_DAY2_MINITWICE_4771	59	Response	52	3844284	14212	1
S023_DAY2_MINITWICE_4771	59	Pulse	99	3859585	29513	NA
S023_DAY2_MINITWICE_4771	59	Port Input	1	3859585	29513	NA
S023_DAY2_MINITWICE_4771	59	Picture	53_T_RWTRIAD_RW_anillo_red.png	3873172	43100	1	1900	2	43200	1800
S023_DAY2_MINITWICE_4771	60	Picture	RW	3875372	0	1	43199	3	0	43200
S023_DAY2_MINITWICE_4771	60	Response	52	3888939	13567	1
S023_DAY2_MINITWICE_4771	60	Pulse	99	3895586	20214	NA
S023_DAY2_MINITWICE_4771	60	Port Input	1	3895586	20214	NA
S023_DAY2_MINITWICE_4771	60	Picture	54_T_RWTRIAD_RW_paraguas_red.png	3918571	43199	2	1900	3	43200	1800
S023_DAY2_MINITWICE_4771	61	Picture	RW	3920771	0	2	43100	3	0	43200
S023_DAY2_MINITWICE_4771	61	Pulse	99	3931587	10816	NA
S023_DAY2_MINITWICE_4771	61	Port Input	1	3931587	10816	NA
S023_DAY2_MINITWICE_4771	61	Response	51	3938074	17303	1
S023_DAY2_MINITWICE_4771	61	Picture	55_T_RWTRIAD_RW_cortina_red.png	3963871	43100	1	1900	2	43200	1800
S023_DAY2_MINITWICE_4771	62	Picture	RW	3966071	0	1	43200	2	0	43200
S023_DAY2_MINITWICE_4771	62	Pulse	99	3967588	1517	NA
S023_DAY2_MINITWICE_4771	62	Port Input	1	3967588	1517	NA
S023_DAY2_MINITWICE_4771	62	Pulse	99	4003589	37518	NA
S023_DAY2_MINITWICE_4771	62	Port Input	1	4003589	37518	NA
S023_DAY2_MINITWICE_4771	62	Response	52	4006861	40790	1
S023_DAY2_MINITWICE_4771	62	Picture	56_T_RWTRIAD_RW_novia_red.png	4009271	43200	1	1900	2	43200	1800
S023_DAY2_MINITWICE_4771	63	Picture	RW	4011471	0	1	43199	3	0	43200
S023_DAY2_MINITWICE_4771	63	Pulse	99	4039590	28119	NA
S023_DAY2_MINITWICE_4771	63	Port Input	1	4039590	28119	NA
S023_DAY2_MINITWICE_4771	63	Response	51	4042312	30841	1
S023_DAY2_MINITWICE_4771	63	Picture	57_T_RWTRIAD_RW_grifo_red.png	4054670	43199	2	1900	4	43200	1800
S023_DAY2_MINITWICE_4771	64	Picture	RW	4056970	0	2	43100	3	0	43200
S023_DAY2_MINITWICE_4771	64	Pulse	99	4075590	18620	NA
S023_DAY2_MINITWICE_4771	64	Port Input	1	4075590	18620	NA
S023_DAY2_MINITWICE_4771	64	Picture	58_T_RWTRIAD_RW_molino_red.png	4100070	43100	1	1900	2	43200	1800
S023_DAY2_MINITWICE_4771	65	Picture	RW	4102270	0	1	43100	2	0	43200
S023_DAY2_MINITWICE_4771	65	Pulse	99	4111591	9321	NA
S023_DAY2_MINITWICE_4771	65	Port Input	1	4111591	9321	NA
S023_DAY2_MINITWICE_4771	65	Response	51	4118551	16281	1
S023_DAY2_MINITWICE_4771	65	Picture	59_T_RWTRIAD_RW_policia_red.png	4145370	43100	1	1900	2	43200	1800
S023_DAY2_MINITWICE_4771	66	Picture	RW	4147570	0	1	43099	3	0	43200
S023_DAY2_MINITWICE_4771	66	Pulse	99	4147592	22	NA
S023_DAY2_MINITWICE_4771	66	Port Input	1	4147592	22	NA
S023_DAY2_MINITWICE_4771	66	Response	51	4161176	13606	1
S023_DAY2_MINITWICE_4771	66	Pulse	99	4183593	36023	NA
S023_DAY2_MINITWICE_4771	66	Port Input	1	4183593	36023	NA
S023_DAY2_MINITWICE_4771	66	Picture	60_T_RWTRIAD_RW_carruaje_red.png	4190669	43099	2	1900	4	43200	1800
S023_DAY2_MINITWICE_4771	67	Picture	rest	4192669	0	2	144099	3	0	144000
S023_DAY2_MINITWICE_4771	67	Pulse	99	4219594	26925	NA
S023_DAY2_MINITWICE_4771	67	Port Input	1	4219594	26925	NA
S023_DAY2_MINITWICE_4771	67	Pulse	99	4255595	62926	NA
S023_DAY2_MINITWICE_4771	67	Port Input	1	4255595	62926	NA
S023_DAY2_MINITWICE_4771	67	Pulse	99	4291596	98927	NA
S023_DAY2_MINITWICE_4771	67	Port Input	1	4291596	98927	NA
S023_DAY2_MINITWICE_4771	67	Pulse	99	4327597	134928	NA
S023_DAY2_MINITWICE_4771	67	Port Input	1	4327597	134928	NA
S023_DAY2_MINITWICE_4771	68	Picture	endrest	4336868	0	2	10100	3	0	10000
S023_DAY2_MINITWICE_4771	69	Picture	PW	4347268	0	1	43100	2	0	43200
S023_DAY2_MINITWICE_4771	69	Pulse	99	4363598	16330	NA
S023_DAY2_MINITWICE_4771	69	Port Input	1	4363598	16330	NA
S023_DAY2_MINITWICE_4771	69	Response	52	4369481	22213	1
S023_DAY2_MINITWICE_4771	69	Picture	63_T_PWTRIAD_PW_silla_red.png	4390368	43100	1	1900	2	43200	1800
S023_DAY2_MINITWICE_4771	70	Picture	PW	4392668	0	1	43100	2	0	43200
S023_DAY2_MINITWICE_4771	70	Pulse	99	4399599	6931	NA
S023_DAY2_MINITWICE_4771	70	Port Input	1	4399599	6931	NA
S023_DAY2_MINITWICE_4771	70	Response	51	4418314	25646	1
S023_DAY2_MINITWICE_4771	70	Pulse	99	4435600	42932	NA
S023_DAY2_MINITWICE_4771	70	Port Input	1	4435600	42932	NA
S023_DAY2_MINITWICE_4771	70	Picture	64_T_PWTRIAD_PW_charco_red.png	4435768	43100	1	1900	2	43200	1800
S023_DAY2_MINITWICE_4771	71	Picture	PW	4438068	0	1	43199	3	0	43200
S023_DAY2_MINITWICE_4771	71	Pulse	99	4471601	33533	NA
S023_DAY2_MINITWICE_4771	71	Port Input	1	4471601	33533	NA
S023_DAY2_MINITWICE_4771	71	Response	52	4472769	34701	1
S023_DAY2_MINITWICE_4771	71	Picture	65_T_PWTRIAD_PW_candado_red.png	4481267	43199	2	1900	3	43200	1800
S023_DAY2_MINITWICE_4771	72	Picture	PW	4483567	0	2	43100	3	0	43200
S023_DAY2_MINITWICE_4771	72	Pulse	99	4507602	24035	NA
S023_DAY2_MINITWICE_4771	72	Port Input	1	4507602	24035	NA
S023_DAY2_MINITWICE_4771	72	Response	51	4515143	31576	1
S023_DAY2_MINITWICE_4771	72	Picture	66_T_PWTRIAD_PW_plato_red.png	4526667	43100	1	1900	2	43200	1800
S023_DAY2_MINITWICE_4771	73	Picture	PW	4528967	0	1	43100	2	0	43200
S023_DAY2_MINITWICE_4771	73	Pulse	99	4543603	14636	NA
S023_DAY2_MINITWICE_4771	73	Port Input	1	4543603	14636	NA
S023_DAY2_MINITWICE_4771	73	Response	51	4551858	22891	1
S023_DAY2_MINITWICE_4771	73	Picture	67_T_PWTRIAD_PW_huevos_red.png	4572067	43100	1	1900	2	43200	1800
S023_DAY2_MINITWICE_4771	74	Picture	PW	4574267	0	1	43199	2	0	43200
S023_DAY2_MINITWICE_4771	74	Pulse	99	4579604	5337	NA
S023_DAY2_MINITWICE_4771	74	Port Input	1	4579604	5337	NA
S023_DAY2_MINITWICE_4771	74	Response	51	4608594	34327	1
S023_DAY2_MINITWICE_4771	74	Pulse	99	4615605	41338	NA
S023_DAY2_MINITWICE_4771	74	Port Input	1	4615605	41338	NA
S023_DAY2_MINITWICE_4771	74	Picture	68_T_PWTRIAD_PW_telefono_red.png	4617466	43199	1	1900	3	43200	1800
S023_DAY2_MINITWICE_4771	75	Picture	PW	4619766	0	2	43100	3	0	43200
S023_DAY2_MINITWICE_4771	75	Pulse	99	4651606	31840	NA
S023_DAY2_MINITWICE_4771	75	Port Input	1	4651606	31840	NA
S023_DAY2_MINITWICE_4771	75	Response	52	4655033	35267	1
S023_DAY2_MINITWICE_4771	75	Picture	69_T_PWTRIAD_PW_violin_red.png	4662866	43100	1	1900	2	43200	1800
S023_DAY2_MINITWICE_4771	76	Picture	PW	4665066	0	1	43200	2	0	43200
S023_DAY2_MINITWICE_4771	76	Pulse	99	4687606	22540	NA
S023_DAY2_MINITWICE_4771	76	Port Input	1	4687606	22540	NA
S023_DAY2_MINITWICE_4771	76	Response	52	4697908	32842	1
S023_DAY2_MINITWICE_4771	76	Picture	70_T_PWTRIAD_PW_cortina_red.png	4708266	43200	1	1900	2	43200	1800
S023_DAY2_MINITWICE_4771	77	Picture	rest	4710266	0	1	144099	2	0	144000
S023_DAY2_MINITWICE_4771	77	Pulse	99	4723607	13341	NA
S023_DAY2_MINITWICE_4771	77	Port Input	1	4723607	13341	NA
S023_DAY2_MINITWICE_4771	77	Pulse	99	4759608	49342	NA
S023_DAY2_MINITWICE_4771	77	Port Input	1	4759608	49342	NA
S023_DAY2_MINITWICE_4771	77	Pulse	99	4795609	85343	NA
S023_DAY2_MINITWICE_4771	77	Port Input	1	4795609	85343	NA
S023_DAY2_MINITWICE_4771	77	Pulse	99	4831610	121344	NA
S023_DAY2_MINITWICE_4771	77	Port Input	1	4831610	121344	NA
S023_DAY2_MINITWICE_4771	78	Picture	endrest	4854465	0	1	10100	2	0	10000
S023_DAY2_MINITWICE_4771	79	Picture	RW	4864965	0	1	43099	2	0	43200
S023_DAY2_MINITWICE_4771	79	Pulse	99	4867611	2646	NA
S023_DAY2_MINITWICE_4771	79	Port Input	1	4867611	2646	NA
S023_DAY2_MINITWICE_4771	79	Response	52	4883034	18069	1
S023_DAY2_MINITWICE_4771	79	Pulse	99	4903612	38647	NA
S023_DAY2_MINITWICE_4771	79	Port Input	1	4903612	38647	NA
S023_DAY2_MINITWICE_4771	79	Picture	73_T_RWTRIAD_RW_leche_red.png	4908064	43099	1	1900	2	43200	1800
S023_DAY2_MINITWICE_4771	80	Picture	RW	4910364	0	1	43200	2	0	43200
S023_DAY2_MINITWICE_4771	80	Response	52	4926061	15697	1
S023_DAY2_MINITWICE_4771	80	Pulse	99	4939613	29249	NA
S023_DAY2_MINITWICE_4771	80	Port Input	1	4939613	29249	NA
S023_DAY2_MINITWICE_4771	80	Picture	74_T_RWTRIAD_RW_silla_red.png	4953564	43200	1	1900	2	43200	1800
S023_DAY2_MINITWICE_4771	81	Picture	RW	4955764	0	1	43100	2	0	43200
S023_DAY2_MINITWICE_4771	81	Pulse	99	4975614	19850	NA
S023_DAY2_MINITWICE_4771	81	Port Input	1	4975614	19850	NA
S023_DAY2_MINITWICE_4771	81	Response	51	4975940	20176	2
S023_DAY2_MINITWICE_4771	81	Picture	75_T_RWTRIAD_RW_pizarra_red.png	4998864	43100	1	1900	2	43200	1800
S023_DAY2_MINITWICE_4771	82	Picture	RW	5001064	0	1	43099	2	0	43200
S023_DAY2_MINITWICE_4771	82	Pulse	99	5011615	10551	NA
S023_DAY2_MINITWICE_4771	82	Port Input	1	5011615	10551	NA
S023_DAY2_MINITWICE_4771	82	Response	52	5027185	26121	1
S023_DAY2_MINITWICE_4771	82	Picture	76_T_RWTRIAD_RW_sombrilla_red.png	5044163	43099	1	1900	2	43200	1800
S023_DAY2_MINITWICE_4771	83	Picture	RW	5046463	0	1	43100	2	0	43200
S023_DAY2_MINITWICE_4771	83	Pulse	99	5047616	1153	NA
S023_DAY2_MINITWICE_4771	83	Port Input	1	5047616	1153	NA
S023_DAY2_MINITWICE_4771	83	Response	51	5068094	21631	1
S023_DAY2_MINITWICE_4771	83	Pulse	99	5083617	37154	NA
S023_DAY2_MINITWICE_4771	83	Port Input	1	5083617	37154	NA
S023_DAY2_MINITWICE_4771	83	Picture	77_T_RWTRIAD_RW_cerillas_red.png	5089563	43100	1	1900	2	43200	1800
S023_DAY2_MINITWICE_4771	84	Picture	RW	5091863	0	1	43100	2	0	43200
S023_DAY2_MINITWICE_4771	84	Response	52	5108920	17057	2
S023_DAY2_MINITWICE_4771	84	Pulse	99	5119618	27755	NA
S023_DAY2_MINITWICE_4771	84	Port Input	1	5119618	27755	NA
S023_DAY2_MINITWICE_4771	84	Picture	78_T_RWTRIAD_RW_murcielago_red.png	5134963	43100	1	1900	2	43200	1800
S023_DAY2_MINITWICE_4771	85	Picture	RW	5137263	0	1	43099	2	0	43200
S023_DAY2_MINITWICE_4771	85	Pulse	99	5155619	18356	NA
S023_DAY2_MINITWICE_4771	85	Port Input	1	5155619	18356	NA
S023_DAY2_MINITWICE_4771	85	Response	52	5158257	20994	1
S023_DAY2_MINITWICE_4771	85	Picture	79_T_RWTRIAD_RW_pluma_red.png	5180362	43099	1	1900	2	43200	1800
S023_DAY2_MINITWICE_4771	86	Picture	RW	5182562	0	1	43200	2	0	43200
S023_DAY2_MINITWICE_4771	86	Pulse	99	5191620	9058	NA
S023_DAY2_MINITWICE_4771	86	Port Input	1	5191620	9058	NA
S023_DAY2_MINITWICE_4771	86	Response	51	5199990	17428	1
S023_DAY2_MINITWICE_4771	86	Picture	80_T_RWTRIAD_RW_paracaidas_red.png	5225762	43200	1	1900	2	43200	1800
S023_DAY2_MINITWICE_4771	86	Pulse	99	5227621	45059	NA
S023_DAY2_MINITWICE_4771	86	Port Input	1	5227621	45059	NA
S023_DAY2_MINITWICE_4771	87	Picture	rest	5227762	0	1	144099	2	0	144000
S023_DAY2_MINITWICE_4771	87	Pulse	99	5263622	35860	NA
S023_DAY2_MINITWICE_4771	87	Port Input	1	5263622	35860	NA
S023_DAY2_MINITWICE_4771	87	Pulse	99	5299622	71860	NA
S023_DAY2_MINITWICE_4771	87	Port Input	1	5299622	71860	NA
S023_DAY2_MINITWICE_4771	87	Pulse	99	5335623	107861	NA
S023_DAY2_MINITWICE_4771	87	Port Input	1	5335623	107861	NA
S023_DAY2_MINITWICE_4771	87	Pulse	99	5371624	143862	NA
S023_DAY2_MINITWICE_4771	87	Port Input	1	5371624	143862	NA
S023_DAY2_MINITWICE_4771	88	Picture	endrest	5371961	0	1	10100	2	0	10000
S023_DAY2_MINITWICE_4771	89	Picture	FF	5382361	0	1	43200	2	0	43200
S023_DAY2_MINITWICE_4771	89	Response	52	5404830	22469	1
S023_DAY2_MINITWICE_4771	89	Pulse	99	5407625	25264	NA
S023_DAY2_MINITWICE_4771	89	Port Input	1	5407625	25264	NA
S023_DAY2_MINITWICE_4771	89	Picture	83_T_FFTRIAD_FF_paracaidas_red.png	5425561	43200	1	1899	3	43200	1800
S023_DAY2_MINITWICE_4771	90	Picture	FF	5427761	0	1	43099	2	0	43200
S023_DAY2_MINITWICE_4771	90	Pulse	99	5443626	15865	NA
S023_DAY2_MINITWICE_4771	90	Port Input	1	5443626	15865	NA
S023_DAY2_MINITWICE_4771	90	Response	52	5451478	23717	1
S023_DAY2_MINITWICE_4771	90	Picture	84_T_FFTRIAD_FF_tijera_red.png	5470860	43099	1	1900	2	43200	1800
S023_DAY2_MINITWICE_4771	91	Picture	FF	5473160	0	1	43100	2	0	43200
S023_DAY2_MINITWICE_4771	91	Pulse	99	5479627	6467	NA
S023_DAY2_MINITWICE_4771	91	Port Input	1	5479627	6467	NA
S023_DAY2_MINITWICE_4771	91	Response	51	5498686	25526	1
S023_DAY2_MINITWICE_4771	91	Pulse	99	5515628	42468	NA
S023_DAY2_MINITWICE_4771	91	Port Input	1	5515628	42468	NA
S023_DAY2_MINITWICE_4771	91	Picture	85_T_FFTRIAD_FF_monja_red.png	5516260	43100	1	1900	2	43200	1800
S023_DAY2_MINITWICE_4771	92	Picture	FF	5518460	0	1	43100	2	0	43200
S023_DAY2_MINITWICE_4771	92	Response	51	5534963	16503	1
S023_DAY2_MINITWICE_4771	92	Pulse	99	5551629	33169	NA
S023_DAY2_MINITWICE_4771	92	Port Input	1	5551629	33169	NA
S023_DAY2_MINITWICE_4771	92	Picture	86_T_FFTRIAD_FF_charco_red.png	5561560	43100	1	1900	2	43200	1800
S023_DAY2_MINITWICE_4771	93	Picture	PW	5563859	0	2	43100	3	0	43200
S023_DAY2_MINITWICE_4771	93	Pulse	99	5587630	23771	NA
S023_DAY2_MINITWICE_4771	93	Port Input	1	5587630	23771	NA
S023_DAY2_MINITWICE_4771	93	Response	51	5591375	27516	2
S023_DAY2_MINITWICE_4771	93	Picture	87_T_PWTRIAD_PW_pilas_red.png	5606959	43100	1	1900	2	43200	1800
S023_DAY2_MINITWICE_4771	94	Picture	PW	5609259	0	1	43100	2	0	43200
S023_DAY2_MINITWICE_4771	94	Pulse	99	5623631	14372	NA
S023_DAY2_MINITWICE_4771	94	Port Input	1	5623631	14372	NA
S023_DAY2_MINITWICE_4771	94	Response	52	5637015	27756	1
S023_DAY2_MINITWICE_4771	94	Picture	88_T_PWTRIAD_PW_cuento_red.png	5652359	43100	1	1900	2	43200	1800
S023_DAY2_MINITWICE_4771	95	Picture	PW	5654659	0	1	43100	2	0	43200
S023_DAY2_MINITWICE_4771	95	Pulse	99	5659632	4973	NA
S023_DAY2_MINITWICE_4771	95	Port Input	1	5659632	4973	NA
S023_DAY2_MINITWICE_4771	95	Response	52	5690568	35909	1
S023_DAY2_MINITWICE_4771	95	Pulse	99	5695633	40974	NA
S023_DAY2_MINITWICE_4771	95	Port Input	1	5695633	40974	NA
S023_DAY2_MINITWICE_4771	95	Picture	89_T_PWTRIAD_PW_gafas_red.png	5697759	43100	1	1900	2	43200	1800
S023_DAY2_MINITWICE_4771	96	Picture	PW	5700059	0	1	43099	2	0	43200
S023_DAY2_MINITWICE_4771	96	Pulse	99	5731634	31575	NA
S023_DAY2_MINITWICE_4771	96	Port Input	1	5731634	31575	NA
S023_DAY2_MINITWICE_4771	96	Response	52	5735505	35446	1
S023_DAY2_MINITWICE_4771	96	Picture	90_T_PWTRIAD_PW_grapadora_red.png	5743158	43099	1	1900	2	43200	1800
S023_DAY2_MINITWICE_4771	97	Picture	rest	5745158	0	1	144099	2	0	144000
S023_DAY2_MINITWICE_4771	97	Pulse	99	5767635	22477	NA
S023_DAY2_MINITWICE_4771	97	Port Input	1	5767635	22477	NA
S023_DAY2_MINITWICE_4771	97	Pulse	99	5803636	58478	NA
S023_DAY2_MINITWICE_4771	97	Port Input	1	5803636	58478	NA
S023_DAY2_MINITWICE_4771	97	Pulse	99	5839637	94479	NA
S023_DAY2_MINITWICE_4771	97	Port Input	1	5839637	94479	NA
S023_DAY2_MINITWICE_4771	97	Pulse	99	5875638	130480	NA
S023_DAY2_MINITWICE_4771	97	Port Input	1	5875638	130480	NA
S023_DAY2_MINITWICE_4771	98	Picture	endrest	5889357	0	1	10100	2	0	10000
S023_DAY2_MINITWICE_4771	99	Picture	FF	5899757	0	1	43100	2	0	43200
S023_DAY2_MINITWICE_4771	99	Pulse	99	5911638	11881	NA
S023_DAY2_MINITWICE_4771	99	Port Input	1	5911638	11881	NA
S023_DAY2_MINITWICE_4771	99	Response	51	5923321	23564	1
S023_DAY2_MINITWICE_4771	99	Picture	93_T_FFTRIAD_FF_pincel_red.png	5942857	43100	1	1900	2	43200	1800
S023_DAY2_MINITWICE_4771	100	Picture	FF	5945057	0	1	43199	3	0	43200
S023_DAY2_MINITWICE_4771	100	Pulse	99	5947639	2582	NA
S023_DAY2_MINITWICE_4771	100	Port Input	1	5947639	2582	NA
S023_DAY2_MINITWICE_4771	100	Response	52	5961401	16344	1
S023_DAY2_MINITWICE_4771	100	Pulse	99	5983640	38583	NA
S023_DAY2_MINITWICE_4771	100	Port Input	1	5983640	38583	NA
S023_DAY2_MINITWICE_4771	100	Picture	94_T_FFTRIAD_FF_cerillas_red.png	5988256	43199	2	1900	4	43200	1800
S023_DAY2_MINITWICE_4771	101	Picture	FF	5990456	0	2	43200	3	0	43200
S023_DAY2_MINITWICE_4771	101	Response	52	6011977	21521	1
S023_DAY2_MINITWICE_4771	101	Pulse	99	6019641	29185	NA
S023_DAY2_MINITWICE_4771	101	Port Input	1	6019641	29185	NA
S023_DAY2_MINITWICE_4771	101	Picture	95_T_FFTRIAD_FF_cinturon_red.png	6033656	43200	1	1900	2	43200	1800
S023_DAY2_MINITWICE_4771	102	Picture	FF	6035856	0	1	43200	2	0	43200
S023_DAY2_MINITWICE_4771	102	Pulse	99	6055642	19786	NA
S023_DAY2_MINITWICE_4771	102	Port Input	1	6055642	19786	NA
S023_DAY2_MINITWICE_4771	102	Response	51	6061714	25858	1
S023_DAY2_MINITWICE_4771	102	Picture	96_T_FFTRIAD_FF_grifo_red.png	6079056	43200	1	1900	2	43200	1800
S023_DAY2_MINITWICE_4771	103	Picture	FF	6081356	0	1	43199	3	0	43200
S023_DAY2_MINITWICE_4771	103	Pulse	99	6091643	10287	NA
S023_DAY2_MINITWICE_4771	103	Port Input	1	6091643	10287	NA
S023_DAY2_MINITWICE_4771	103	Response	52	6101488	20132	1
S023_DAY2_MINITWICE_4771	103	Picture	97_T_FFTRIAD_FF_paraguas_red.png	6124555	43199	2	1900	4	43200	1800
S023_DAY2_MINITWICE_4771	104	Picture	FF	6126755	0	2	43200	3	0	43200
S023_DAY2_MINITWICE_4771	104	Pulse	99	6127644	889	NA
S023_DAY2_MINITWICE_4771	104	Port Input	1	6127644	889	NA
S023_DAY2_MINITWICE_4771	104	Response	52	6140798	14043	1
S023_DAY2_MINITWICE_4771	104	Pulse	99	6163645	36890	NA
S023_DAY2_MINITWICE_4771	104	Port Input	1	6163645	36890	NA
S023_DAY2_MINITWICE_4771	104	Picture	98_T_FFTRIAD_FF_pilas_red.png	6169955	43200	1	1900	2	43200	1800
S023_DAY2_MINITWICE_4771	105	Picture	FF	6172155	0	1	43200	2	0	43200
S023_DAY2_MINITWICE_4771	105	Response	51	6184275	12120	1
S023_DAY2_MINITWICE_4771	105	Pulse	99	6199646	27491	NA
S023_DAY2_MINITWICE_4771	105	Port Input	1	6199646	27491	NA
S023_DAY2_MINITWICE_4771	105	Picture	99_T_FFTRIAD_FF_arco_red.png	6215355	43200	1	1900	2	43200	1800
S023_DAY2_MINITWICE_4771	106	Picture	FF	6217555	0	1	43100	2	0	43200
S023_DAY2_MINITWICE_4771	106	Response	52	6233895	16340	1
S023_DAY2_MINITWICE_4771	106	Pulse	99	6235647	18092	NA
S023_DAY2_MINITWICE_4771	106	Port Input	1	6235647	18092	NA
S023_DAY2_MINITWICE_4771	106	Picture	100_T_FFTRIAD_FF_manos_red.png	6260655	43100	1	1899	3	43200	1800
S023_DAY2_MINITWICE_4771	107	Picture	rest	6262654	0	2	144099	4	0	144000
S023_DAY2_MINITWICE_4771	107	Pulse	99	6271648	8994	NA
S023_DAY2_MINITWICE_4771	107	Port Input	1	6271648	8994	NA
S023_DAY2_MINITWICE_4771	107	Pulse	99	6307649	44995	NA
S023_DAY2_MINITWICE_4771	107	Port Input	1	6307649	44995	NA
S023_DAY2_MINITWICE_4771	107	Pulse	99	6343650	80996	NA
S023_DAY2_MINITWICE_4771	107	Port Input	1	6343650	80996	NA
S023_DAY2_MINITWICE_4771	107	Pulse	99	6379651	116997	NA
S023_DAY2_MINITWICE_4771	107	Port Input	1	6379651	116997	NA
S023_DAY2_MINITWICE_4771	108	Picture	endrest	6406853	0	2	10100	3	0	10000
S023_DAY2_MINITWICE_4771	108	Pulse	99	6415652	8799	NA
S023_DAY2_MINITWICE_4771	108	Port Input	1	6415652	8799	NA
S023_DAY2_MINITWICE_4771	109	Picture	PW	6417253	0	1	43200	2	0	43200
S023_DAY2_MINITWICE_4771	109	Response	51	6447130	29877	1
S023_DAY2_MINITWICE_4771	109	Pulse	99	6451653	34400	NA
S023_DAY2_MINITWICE_4771	109	Port Input	1	6451653	34400	NA
S023_DAY2_MINITWICE_4771	109	Picture	103_T_PWTRIAD_PW_molino_red.png	6460453	43200	1	1900	2	43200	1800
S023_DAY2_MINITWICE_4771	110	Picture	PW	6462653	0	1	43200	2	0	43200
S023_DAY2_MINITWICE_4771	110	Pulse	99	6487653	25000	NA
S023_DAY2_MINITWICE_4771	110	Port Input	1	6487653	25000	NA
S023_DAY2_MINITWICE_4771	110	Picture	104_T_PWTRIAD_PW_martillo_red.png	6505853	43200	1	1900	2	43200	1800
S023_DAY2_MINITWICE_4771	111	Picture	PW	6508053	0	1	43199	2	0	43200
S023_DAY2_MINITWICE_4771	111	Pulse	99	6523654	15601	NA
S023_DAY2_MINITWICE_4771	111	Port Input	1	6523654	15601	NA
S023_DAY2_MINITWICE_4771	111	Response	52	6526796	18743	1
S023_DAY2_MINITWICE_4771	111	Picture	105_T_PWTRIAD_PW_tijera_red.png	6551252	43199	1	1900	2	43200	1800
S023_DAY2_MINITWICE_4771	112	Picture	PW	6553552	0	1	43100	2	0	43200
S023_DAY2_MINITWICE_4771	112	Pulse	99	6559655	6103	NA
S023_DAY2_MINITWICE_4771	112	Port Input	1	6559655	6103	NA
S023_DAY2_MINITWICE_4771	112	Response	52	6572322	18770	1
S023_DAY2_MINITWICE_4771	112	Pulse	99	6595656	42104	NA
S023_DAY2_MINITWICE_4771	112	Port Input	1	6595656	42104	NA
S023_DAY2_MINITWICE_4771	112	Picture	106_T_PWTRIAD_PW_cinturon_red.png	6596652	43100	1	1900	2	43200	1800
S023_DAY2_MINITWICE_4771	113	Picture	PW	6598952	0	1	43200	2	0	43200
S023_DAY2_MINITWICE_4771	113	Response	51	6623106	24154	1
S023_DAY2_MINITWICE_4771	113	Pulse	99	6631657	32705	NA
S023_DAY2_MINITWICE_4771	113	Port Input	1	6631657	32705	NA
S023_DAY2_MINITWICE_4771	113	Picture	107_T_PWTRIAD_PW_traje_red.png	6642152	43200	1	1900	2	43200	1800
S023_DAY2_MINITWICE_4771	114	Picture	PW	6644352	0	1	43199	3	0	43200
S023_DAY2_MINITWICE_4771	114	Pulse	99	6667658	23306	NA
S023_DAY2_MINITWICE_4771	114	Port Input	1	6667658	23306	NA
S023_DAY2_MINITWICE_4771	114	Response	52	6669665	25313	1
S023_DAY2_MINITWICE_4771	114	Picture	108_T_PWTRIAD_PW_sobre_red.png	6687551	43199	2	1900	4	43200	1800
S023_DAY2_MINITWICE_4771	115	Picture	PW	6689651	0	2	43200	3	0	43200
S023_DAY2_MINITWICE_4771	115	Pulse	99	6703659	14008	NA
S023_DAY2_MINITWICE_4771	115	Port Input	1	6703659	14008	NA
S023_DAY2_MINITWICE_4771	115	Response	51	6717391	27740	2
S023_DAY2_MINITWICE_4771	115	Picture	109_T_PWTRIAD_PW_television_red.png	6732851	43200	1	1900	2	43200	1800
S023_DAY2_MINITWICE_4771	116	Picture	PW	6735051	0	1	43200	2	0	43200
S023_DAY2_MINITWICE_4771	116	Pulse	99	6739660	4609	NA
S023_DAY2_MINITWICE_4771	116	Port Input	1	6739660	4609	NA
S023_DAY2_MINITWICE_4771	116	Response	51	6764258	29207	1
S023_DAY2_MINITWICE_4771	116	Pulse	99	6775661	40610	NA
S023_DAY2_MINITWICE_4771	116	Port Input	1	6775661	40610	NA
S023_DAY2_MINITWICE_4771	116	Picture	110_T_PWTRIAD_PW_paraguas_red.png	6778251	43200	1	1900	2	43200	1800
S023_DAY2_MINITWICE_4771	117	Picture	rest	6780251	0	1	144099	2	0	144000
S023_DAY2_MINITWICE_4771	118	Picture	endrest	6924450	0	1	10100	2	0	10000
S023_DAY2_MINITWICE_4771	119	Picture	PW	6934850	0	1	43199	2	0	43200
S023_DAY2_MINITWICE_4771	119	Response	52	6950842	15992	1
S023_DAY2_MINITWICE_4771	119	Picture	113_T_PWTRIAD_PW_raton_red.png	6978049	43199	1	1900	2	43200	1800
S023_DAY2_MINITWICE_4771	120	Picture	PW	6980349	0	1	43100	2	0	43200
S023_DAY2_MINITWICE_4771	120	Response	51	7007539	27190	1
S023_DAY2_MINITWICE_4771	120	Picture	114_T_PWTRIAD_PW_destornillador_red.png	7023449	43100	1	1900	2	43200	1800
S023_DAY2_MINITWICE_4771	121	Picture	PW	7025749	0	1	43100	2	0	43200
S023_DAY2_MINITWICE_4771	121	Response	52	7052259	26510	1
S023_DAY2_MINITWICE_4771	121	Picture	115_T_PWTRIAD_PW_llave_red.png	7068849	43100	1	1900	2	43200	1800
S023_DAY2_MINITWICE_4771	122	Picture	PW	7071149	0	1	43099	2	0	43200
S023_DAY2_MINITWICE_4771	122	Response	52	7092209	21060	1
S023_DAY2_MINITWICE_4771	122	Picture	116_T_PWTRIAD_PW_granjero_red.png	7114248	43099	1	1900	2	43200	1800
S023_DAY2_MINITWICE_4771	123	Picture	PW	7116548	0	1	43100	2	0	43200
S023_DAY2_MINITWICE_4771	123	Response	51	7139127	22579	1
S023_DAY2_MINITWICE_4771	123	Picture	117_T_PWTRIAD_PW_carruaje_red.png	7159648	43100	1	1900	2	43200	1800
S023_DAY2_MINITWICE_4771	124	Picture	PW	7161948	0	1	43100	2	0	43200
S023_DAY2_MINITWICE_4771	124	Response	52	7179021	17073	1
S023_DAY2_MINITWICE_4771	124	Picture	118_T_PWTRIAD_PW_pincel_red.png	7205048	43100	1	1900	2	43200	1800
S023_DAY2_MINITWICE_4771	125	Picture	PW	7207248	0	1	43099	2	0	43200
S023_DAY2_MINITWICE_4771	125	Response	51	7225829	18581	1
S023_DAY2_MINITWICE_4771	125	Picture	119_T_PWTRIAD_PW_ancla_red.png	7250347	43099	1	1900	2	43200	1800
S023_DAY2_MINITWICE_4771	126	Picture	PW	7252647	0	1	43100	2	0	43200
S023_DAY2_MINITWICE_4771	126	Response	52	7272610	19963	1
S023_DAY2_MINITWICE_4771	126	Picture	120_T_PWTRIAD_PW_mono_red.png	7295747	43100	1	1900	2	43200	1800
S023_DAY2_MINITWICE_4771	127	Picture	rest	7297747	0	1	144099	2	0	144000
S023_DAY2_MINITWICE_4771	128	Picture	endrest	7441946	0	1	10100	2	0	10000
S023_DAY2_MINITWICE_4771	129	Picture	PW	7452445	0	2	43100	4	0	43200
S023_DAY2_MINITWICE_4771	129	Response	51	7473249	20804	1
S023_DAY2_MINITWICE_4771	129	Picture	123_T_PWTRIAD_PW_dado_red.png	7495545	43100	2	1900	4	43200	1800
S023_DAY2_MINITWICE_4771	130	Picture	PW	7497845	0	2	43200	3	0	43200
S023_DAY2_MINITWICE_4771	130	Response	52	7512848	15003	1
S023_DAY2_MINITWICE_4771	130	Picture	124_T_PWTRIAD_PW_arbol_red.png	7541045	43200	1	1900	2	43200	1800
S023_DAY2_MINITWICE_4771	131	Picture	PW	7543245	0	1	43200	2	0	43200
S023_DAY2_MINITWICE_4771	131	Response	52	7543804	559	1
S023_DAY2_MINITWICE_4771	131	Response	51	7573077	29832	1
S023_DAY2_MINITWICE_4771	131	Picture	125_T_PWTRIAD_PW_queso_red.png	7586445	43200	1	1900	2	43200	1800
S023_DAY2_MINITWICE_4771	132	Picture	PW	7588745	0	1	43199	3	0	43200
S023_DAY2_MINITWICE_4771	132	Response	51	7604916	16171	1
S023_DAY2_MINITWICE_4771	132	Picture	126_T_PWTRIAD_PW_madera_red.png	7631944	43199	2	1900	4	43200	1800
S023_DAY2_MINITWICE_4771	133	Picture	FF	7634244	0	2	43200	3	0	43200
S023_DAY2_MINITWICE_4771	133	Response	51	7656009	21765	1
S023_DAY2_MINITWICE_4771	133	Picture	127_T_FFTRIAD_FF_portatil_red.png	7677444	43200	1	1900	2	43200	1800
S023_DAY2_MINITWICE_4771	134	Picture	FF	7679644	0	1	43200	2	0	43200
S023_DAY2_MINITWICE_4771	134	Response	51	7692592	12948	1
S023_DAY2_MINITWICE_4771	134	Picture	128_T_FFTRIAD_FF_madera_red.png	7722844	43200	1	1900	2	43200	1800
S023_DAY2_MINITWICE_4771	135	Picture	FF	7725044	0	1	43200	2	0	43200
S023_DAY2_MINITWICE_4771	135	Response	52	7744555	19511	1
S023_DAY2_MINITWICE_4771	135	Picture	129_T_FFTRIAD_FF_policia_red.png	7768244	43200	1	1899	3	43200	1800
S023_DAY2_MINITWICE_4771	136	Picture	FF	7770544	0	1	43099	2	0	43200
S023_DAY2_MINITWICE_4771	136	Response	52	7786318	15774	1
S023_DAY2_MINITWICE_4771	136	Picture	130_T_FFTRIAD_FF_murcielago_red.png	7813643	43099	1	1900	2	43200	1800
S023_DAY2_MINITWICE_4771	137	Picture	rest	7815643	0	1	144099	2	0	144000
S023_DAY2_MINITWICE_4771	138	Picture	endrest	7959842	0	1	10100	2	0	10000
S023_DAY2_MINITWICE_4771	139	Picture	RW	7970342	0	1	43100	2	0	43200
S023_DAY2_MINITWICE_4771	139	Response	52	7986601	16259	1
S023_DAY2_MINITWICE_4771	139	Picture	133_T_RWTRIAD_RW_arbol_red.png	8013442	43100	1	1900	2	43200	1800
S023_DAY2_MINITWICE_4771	140	Picture	RW	8015742	0	1	43099	3	0	43200
S023_DAY2_MINITWICE_4771	140	Response	52	8033408	17666	1
S023_DAY2_MINITWICE_4771	140	Picture	134_T_RWTRIAD_RW_sapo_red.png	8058841	43099	2	1900	4	43200	1800
S023_DAY2_MINITWICE_4771	141	Picture	RW	8061041	0	2	43100	3	0	43200
S023_DAY2_MINITWICE_4771	141	Response	51	8080215	19174	2
S023_DAY2_MINITWICE_4771	141	Picture	135_T_RWTRIAD_RW_teclado_red.png	8104141	43100	1	1900	2	43200	1800
S023_DAY2_MINITWICE_4771	142	Picture	RW	8106341	0	1	43200	2	0	43200
S023_DAY2_MINITWICE_4771	142	Response	51	8123759	17418	1
S023_DAY2_MINITWICE_4771	142	Picture	136_T_RWTRIAD_RW_television_red.png	8149541	43200	1	1900	2	43200	1800
S023_DAY2_MINITWICE_4771	143	Picture	rest	8151541	0	1	144099	2	0	144000
S023_DAY2_MINITWICE_4771	144	Picture	endrest	8295740	0	1	10100	2	0	10000
S023_DAY2_MINITWICE_4771	145	Picture	endrest	8305940	0	1	10100	2	0	10000
S023_DAY2_MINITWICE_4771	146	Picture	endrest	8316140	0	1	10099	3	0	10000
S023_DAY2_MINITWICE_4771	147	Picture	endrest	8326339	0	2	10100	4	0	10000
