Scenario - vOT_Triads_fMRI_II
Logfile written - 11/04/2015 15:30:59

Subject	Trial	Event Type	Code	Time	TTime	Uncertainty	Duration	Uncertainty	ReqTime	ReqDur

S023_DAY1_MINITWICE_4771	1	Pulse	99	445755	455677	NA
S023_DAY1_MINITWICE_4771	1	Port Input	1	445755	455677	NA
S023_DAY1_MINITWICE_4771	1	Pulse	99	481756	491678	NA
S023_DAY1_MINITWICE_4771	1	Port Input	1	481756	491678	NA
S023_DAY1_MINITWICE_4771	1	Pulse	99	517757	527679	NA
S023_DAY1_MINITWICE_4771	1	Port Input	1	517757	527679	NA
S023_DAY1_MINITWICE_4771	1	Pulse	99	553758	563680	NA
S023_DAY1_MINITWICE_4771	1	Port Input	1	553758	563680	NA
S023_DAY1_MINITWICE_4771	1	Pulse	99	589759	599681	NA
S023_DAY1_MINITWICE_4771	1	Port Input	1	589759	599681	NA
S023_DAY1_MINITWICE_4771	2	Picture	rest	589995	0	1	144099	2	0	144000
S023_DAY1_MINITWICE_4771	2	Pulse	99	625760	35765	NA
S023_DAY1_MINITWICE_4771	2	Port Input	1	625760	35765	NA
S023_DAY1_MINITWICE_4771	2	Pulse	99	661761	71766	NA
S023_DAY1_MINITWICE_4771	2	Port Input	1	661761	71766	NA
S023_DAY1_MINITWICE_4771	2	Pulse	99	697762	107767	NA
S023_DAY1_MINITWICE_4771	2	Port Input	1	697762	107767	NA
S023_DAY1_MINITWICE_4771	2	Pulse	99	733762	143767	NA
S023_DAY1_MINITWICE_4771	2	Port Input	1	733762	143767	NA
S023_DAY1_MINITWICE_4771	3	Picture	endrest	734194	0	1	10100	2	0	10000
S023_DAY1_MINITWICE_4771	4	Picture	PW	744694	0	1	43100	2	0	43200
S023_DAY1_MINITWICE_4771	4	Pulse	99	769763	25069	NA
S023_DAY1_MINITWICE_4771	4	Port Input	1	769763	25069	NA
S023_DAY1_MINITWICE_4771	4	Response	52	772488	27794	1
S023_DAY1_MINITWICE_4771	4	Picture	3_T_PWTRIAD_PW_chupete_red.png	787794	43100	1	1900	2	43200	1800
S023_DAY1_MINITWICE_4771	5	Picture	PW	790094	0	1	43099	2	0	43200
S023_DAY1_MINITWICE_4771	5	Pulse	99	805764	15670	NA
S023_DAY1_MINITWICE_4771	5	Port Input	1	805764	15670	NA
S023_DAY1_MINITWICE_4771	5	Response	51	808997	18903	1
S023_DAY1_MINITWICE_4771	5	Picture	4_T_PWTRIAD_PW_futbol_red.png	833193	43099	1	1900	2	43200	1800
S023_DAY1_MINITWICE_4771	6	Picture	PW	835493	0	1	43200	2	0	43200
S023_DAY1_MINITWICE_4771	6	Pulse	99	841765	6272	NA
S023_DAY1_MINITWICE_4771	6	Port Input	1	841765	6272	NA
S023_DAY1_MINITWICE_4771	6	Response	51	856055	20562	1
S023_DAY1_MINITWICE_4771	6	Pulse	99	877766	42273	NA
S023_DAY1_MINITWICE_4771	6	Port Input	1	877766	42273	NA
S023_DAY1_MINITWICE_4771	6	Picture	5_T_PWTRIAD_PW_bebe_red.png	878693	43200	1	1900	2	43200	1800
S023_DAY1_MINITWICE_4771	7	Picture	PW	880993	0	1	43200	2	0	43200
S023_DAY1_MINITWICE_4771	7	Response	51	911969	30976	1
S023_DAY1_MINITWICE_4771	7	Pulse	99	913767	32774	NA
S023_DAY1_MINITWICE_4771	7	Port Input	1	913767	32774	NA
S023_DAY1_MINITWICE_4771	7	Picture	6_T_PWTRIAD_PW_pizarra_red.png	924193	43200	1	1900	2	43200	1800
S023_DAY1_MINITWICE_4771	8	Picture	PW	926492	0	2	43200	3	0	43200
S023_DAY1_MINITWICE_4771	8	Pulse	99	949768	23276	NA
S023_DAY1_MINITWICE_4771	8	Port Input	1	949768	23276	NA
S023_DAY1_MINITWICE_4771	8	Response	52	955910	29418	2
S023_DAY1_MINITWICE_4771	8	Picture	7_T_PWTRIAD_PW_teclado_red.png	969692	43200	1	1900	2	43200	1800
S023_DAY1_MINITWICE_4771	9	Picture	PW	972092	0	1	43100	2	0	43200
S023_DAY1_MINITWICE_4771	9	Pulse	99	985769	13677	NA
S023_DAY1_MINITWICE_4771	9	Port Input	1	985769	13677	NA
S023_DAY1_MINITWICE_4771	9	Response	52	1005813	33721	1
S023_DAY1_MINITWICE_4771	9	Picture	8_T_PWTRIAD_PW_almohada_red.png	1015192	43100	1	1900	2	43200	1800
S023_DAY1_MINITWICE_4771	10	Picture	PW	1017492	0	1	43100	2	0	43200
S023_DAY1_MINITWICE_4771	10	Pulse	99	1021770	4278	NA
S023_DAY1_MINITWICE_4771	10	Port Input	1	1021770	4278	NA
S023_DAY1_MINITWICE_4771	10	Response	51	1035800	18308	2
S023_DAY1_MINITWICE_4771	10	Pulse	99	1057771	40279	NA
S023_DAY1_MINITWICE_4771	10	Port Input	1	1057771	40279	NA
S023_DAY1_MINITWICE_4771	10	Picture	9_T_PWTRIAD_PW_paracaidas_red.png	1060592	43100	1	1900	2	43200	1800
S023_DAY1_MINITWICE_4771	11	Picture	PW	1062792	0	1	43199	2	0	43200
S023_DAY1_MINITWICE_4771	11	Response	51	1080947	18155	1
S023_DAY1_MINITWICE_4771	11	Pulse	99	1093772	30980	NA
S023_DAY1_MINITWICE_4771	11	Port Input	1	1093772	30980	NA
S023_DAY1_MINITWICE_4771	11	Picture	10_T_PWTRIAD_PW_lenador_red.png	1105991	43199	1	1900	2	43200	1800
S023_DAY1_MINITWICE_4771	12	Picture	rest	1107991	0	1	144099	2	0	144000
S023_DAY1_MINITWICE_4771	12	Pulse	99	1129773	21782	NA
S023_DAY1_MINITWICE_4771	12	Port Input	1	1129773	21782	NA
S023_DAY1_MINITWICE_4771	12	Pulse	99	1165774	57783	NA
S023_DAY1_MINITWICE_4771	12	Port Input	1	1165774	57783	NA
S023_DAY1_MINITWICE_4771	12	Pulse	99	1201775	93784	NA
S023_DAY1_MINITWICE_4771	12	Port Input	1	1201775	93784	NA
S023_DAY1_MINITWICE_4771	12	Pulse	99	1237775	129784	NA
S023_DAY1_MINITWICE_4771	12	Port Input	1	1237775	129784	NA
S023_DAY1_MINITWICE_4771	13	Picture	endrest	1252190	0	1	10100	2	0	10000
S023_DAY1_MINITWICE_4771	14	Picture	RW	1262690	0	1	43200	2	0	43200
S023_DAY1_MINITWICE_4771	14	Pulse	99	1273776	11086	NA
S023_DAY1_MINITWICE_4771	14	Port Input	1	1273776	11086	NA
S023_DAY1_MINITWICE_4771	14	Response	52	1281814	19124	2
S023_DAY1_MINITWICE_4771	14	Picture	13_T_RWTRIAD_RW_martillo_red.png	1305890	43200	1	1900	2	43200	1800
S023_DAY1_MINITWICE_4771	15	Picture	RW	1308190	0	1	43100	2	0	43200
S023_DAY1_MINITWICE_4771	15	Pulse	99	1309777	1587	NA
S023_DAY1_MINITWICE_4771	15	Port Input	1	1309777	1587	NA
S023_DAY1_MINITWICE_4771	15	Response	52	1323581	15391	1
S023_DAY1_MINITWICE_4771	15	Pulse	99	1345778	37588	NA
S023_DAY1_MINITWICE_4771	15	Port Input	1	1345778	37588	NA
S023_DAY1_MINITWICE_4771	15	Picture	14_T_RWTRIAD_RW_agua_red.png	1351290	43100	1	1899	3	43200	1800
S023_DAY1_MINITWICE_4771	16	Picture	RW	1353590	0	1	43099	2	0	43200
S023_DAY1_MINITWICE_4771	16	Response	51	1372017	18427	1
S023_DAY1_MINITWICE_4771	16	Pulse	99	1381779	28189	NA
S023_DAY1_MINITWICE_4771	16	Port Input	1	1381779	28189	NA
S023_DAY1_MINITWICE_4771	16	Picture	15_T_RWTRIAD_RW_charco_red.png	1396689	43099	1	1900	2	43200	1800
S023_DAY1_MINITWICE_4771	17	Picture	RW	1399089	0	1	43100	2	0	43200
S023_DAY1_MINITWICE_4771	17	Pulse	99	1417780	18691	NA
S023_DAY1_MINITWICE_4771	17	Port Input	1	1417780	18691	NA
S023_DAY1_MINITWICE_4771	17	Response	52	1418107	19018	1
S023_DAY1_MINITWICE_4771	17	Picture	16_T_RWTRIAD_RW_sobre_red.png	1442189	43100	1	1900	2	43200	1800
S023_DAY1_MINITWICE_4771	18	Picture	RW	1444389	0	1	43200	2	0	43200
S023_DAY1_MINITWICE_4771	18	Pulse	99	1453781	9392	NA
S023_DAY1_MINITWICE_4771	18	Port Input	1	1453781	9392	NA
S023_DAY1_MINITWICE_4771	18	Response	52	1462970	18581	1
S023_DAY1_MINITWICE_4771	18	Picture	17_T_RWTRIAD_RW_esquimal_red.png	1487589	43200	1	1900	2	43200	1800
S023_DAY1_MINITWICE_4771	18	Pulse	99	1489782	45393	NA
S023_DAY1_MINITWICE_4771	18	Port Input	1	1489782	45393	NA
S023_DAY1_MINITWICE_4771	19	Picture	RW	1489889	0	1	43099	2	0	43200
S023_DAY1_MINITWICE_4771	19	Response	51	1514494	24605	1
S023_DAY1_MINITWICE_4771	19	Pulse	99	1525783	35894	NA
S023_DAY1_MINITWICE_4771	19	Port Input	1	1525783	35894	NA
S023_DAY1_MINITWICE_4771	19	Picture	18_T_RWTRIAD_RW_lana_red.png	1532988	43099	1	1900	2	43200	1800
S023_DAY1_MINITWICE_4771	20	Picture	RW	1535288	0	1	43100	2	0	43200
S023_DAY1_MINITWICE_4771	20	Response	52	1551155	15867	1
S023_DAY1_MINITWICE_4771	20	Pulse	99	1561784	26496	NA
S023_DAY1_MINITWICE_4771	20	Port Input	1	1561784	26496	NA
S023_DAY1_MINITWICE_4771	20	Picture	19_T_RWTRIAD_RW_raton_red.png	1578388	43100	1	1900	2	43200	1800
S023_DAY1_MINITWICE_4771	21	Picture	RW	1580788	0	1	43100	2	0	43200
S023_DAY1_MINITWICE_4771	21	Pulse	99	1597785	16997	NA
S023_DAY1_MINITWICE_4771	21	Port Input	1	1597785	16997	NA
S023_DAY1_MINITWICE_4771	21	Response	52	1611308	30520	1
S023_DAY1_MINITWICE_4771	21	Picture	20_T_RWTRIAD_RW_mono_red.png	1623888	43100	1	1900	2	43200	1800
S023_DAY1_MINITWICE_4771	22	Picture	rest	1625888	0	1	144099	2	0	144000
S023_DAY1_MINITWICE_4771	22	Pulse	99	1633786	7898	NA
S023_DAY1_MINITWICE_4771	22	Port Input	1	1633786	7898	NA
S023_DAY1_MINITWICE_4771	22	Pulse	99	1669786	43898	NA
S023_DAY1_MINITWICE_4771	22	Port Input	1	1669786	43898	NA
S023_DAY1_MINITWICE_4771	22	Pulse	99	1705787	79899	NA
S023_DAY1_MINITWICE_4771	22	Port Input	1	1705787	79899	NA
S023_DAY1_MINITWICE_4771	22	Pulse	99	1741788	115900	NA
S023_DAY1_MINITWICE_4771	22	Port Input	1	1741788	115900	NA
S023_DAY1_MINITWICE_4771	23	Picture	endrest	1770087	0	1	10099	3	0	10000
S023_DAY1_MINITWICE_4771	23	Pulse	99	1777789	7702	NA
S023_DAY1_MINITWICE_4771	23	Port Input	1	1777789	7702	NA
S023_DAY1_MINITWICE_4771	24	Picture	RW	1780586	0	2	43200	3	0	43200
S023_DAY1_MINITWICE_4771	24	Response	52	1802591	22005	1
S023_DAY1_MINITWICE_4771	24	Pulse	99	1813790	33204	NA
S023_DAY1_MINITWICE_4771	24	Port Input	1	1813790	33204	NA
S023_DAY1_MINITWICE_4771	24	Picture	23_T_RWTRIAD_RW_destornillador_red.png	1823786	43200	1	1900	2	43200	1800
S023_DAY1_MINITWICE_4771	25	Picture	RW	1826186	0	1	43100	2	0	43200
S023_DAY1_MINITWICE_4771	25	Response	51	1843898	17712	2
S023_DAY1_MINITWICE_4771	25	Pulse	99	1849791	23605	NA
S023_DAY1_MINITWICE_4771	25	Port Input	1	1849791	23605	NA
S023_DAY1_MINITWICE_4771	25	Picture	24_T_RWTRIAD_RW_portatil_red.png	1869286	43100	1	1900	2	43200	1800
S023_DAY1_MINITWICE_4771	26	Picture	RW	1871386	0	1	43199	3	0	43200
S023_DAY1_MINITWICE_4771	26	Pulse	99	1885792	14406	NA
S023_DAY1_MINITWICE_4771	26	Port Input	1	1885792	14406	NA
S023_DAY1_MINITWICE_4771	26	Response	52	1906516	35130	1
S023_DAY1_MINITWICE_4771	26	Picture	25_T_RWTRIAD_RW_dado_red.png	1914585	43199	2	1900	4	43200	1800
S023_DAY1_MINITWICE_4771	27	Picture	RW	1916885	0	2	43100	3	0	43200
S023_DAY1_MINITWICE_4771	27	Pulse	99	1921793	4908	NA
S023_DAY1_MINITWICE_4771	27	Port Input	1	1921793	4908	NA
S023_DAY1_MINITWICE_4771	27	Response	52	1944719	27834	1
S023_DAY1_MINITWICE_4771	27	Pulse	99	1957794	40909	NA
S023_DAY1_MINITWICE_4771	27	Port Input	1	1957794	40909	NA
S023_DAY1_MINITWICE_4771	27	Picture	26_T_RWTRIAD_RW_llave_red.png	1959985	43100	1	1900	2	43200	1800
S023_DAY1_MINITWICE_4771	28	Picture	PW	1962285	0	1	43100	2	0	43200
S023_DAY1_MINITWICE_4771	28	Response	51	1989899	27614	1
S023_DAY1_MINITWICE_4771	28	Pulse	99	1993795	31510	NA
S023_DAY1_MINITWICE_4771	28	Port Input	1	1993795	31510	NA
S023_DAY1_MINITWICE_4771	28	Picture	27_T_PWTRIAD_PW_novia_red.png	2005385	43100	1	1900	2	43200	1800
S023_DAY1_MINITWICE_4771	29	Picture	PW	2007685	0	1	43200	2	0	43200
S023_DAY1_MINITWICE_4771	29	Pulse	99	2029796	22111	NA
S023_DAY1_MINITWICE_4771	29	Port Input	1	2029796	22111	NA
S023_DAY1_MINITWICE_4771	29	Response	52	2037104	29419	1
S023_DAY1_MINITWICE_4771	29	Picture	28_T_PWTRIAD_PW_agua_red.png	2050885	43200	1	1899	3	43200	1800
S023_DAY1_MINITWICE_4771	30	Picture	PW	2053184	0	2	43100	3	0	43200
S023_DAY1_MINITWICE_4771	30	Pulse	99	2065797	12613	NA
S023_DAY1_MINITWICE_4771	30	Port Input	1	2065797	12613	NA
S023_DAY1_MINITWICE_4771	30	Response	51	2079305	26121	1
S023_DAY1_MINITWICE_4771	30	Picture	29_T_PWTRIAD_PW_lana_red.png	2096284	43100	1	1900	2	43200	1800
S023_DAY1_MINITWICE_4771	31	Picture	PW	2098584	0	1	43100	2	0	43200
S023_DAY1_MINITWICE_4771	31	Pulse	99	2101798	3214	NA
S023_DAY1_MINITWICE_4771	31	Port Input	1	2101798	3214	NA
S023_DAY1_MINITWICE_4771	31	Response	51	2133313	34729	1
S023_DAY1_MINITWICE_4771	31	Pulse	99	2137799	39215	NA
S023_DAY1_MINITWICE_4771	31	Port Input	1	2137799	39215	NA
S023_DAY1_MINITWICE_4771	31	Picture	30_T_PWTRIAD_PW_portatil_red.png	2141684	43100	1	1900	2	43200	1800
S023_DAY1_MINITWICE_4771	32	Picture	rest	2143684	0	1	144099	2	0	144000
S023_DAY1_MINITWICE_4771	32	Pulse	99	2173799	30115	NA
S023_DAY1_MINITWICE_4771	32	Port Input	1	2173799	30115	NA
S023_DAY1_MINITWICE_4771	32	Pulse	99	2209800	66116	NA
S023_DAY1_MINITWICE_4771	32	Port Input	1	2209800	66116	NA
S023_DAY1_MINITWICE_4771	32	Pulse	99	2245801	102117	NA
S023_DAY1_MINITWICE_4771	32	Port Input	1	2245801	102117	NA
S023_DAY1_MINITWICE_4771	32	Pulse	99	2281802	138118	NA
S023_DAY1_MINITWICE_4771	32	Port Input	1	2281802	138118	NA
S023_DAY1_MINITWICE_4771	33	Picture	endrest	2287883	0	1	10100	2	0	10000
S023_DAY1_MINITWICE_4771	34	Picture	PW	2298383	0	1	43199	3	0	43200
S023_DAY1_MINITWICE_4771	34	Pulse	99	2317803	19420	NA
S023_DAY1_MINITWICE_4771	34	Port Input	1	2317803	19420	NA
S023_DAY1_MINITWICE_4771	34	Response	52	2325236	26853	1
S023_DAY1_MINITWICE_4771	34	Picture	33_T_PWTRIAD_PW_banera_red.png	2341582	43199	2	1900	4	43200	1800
S023_DAY1_MINITWICE_4771	35	Picture	PW	2343682	0	2	43200	4	0	43200
S023_DAY1_MINITWICE_4771	35	Pulse	99	2353804	10122	NA
S023_DAY1_MINITWICE_4771	35	Port Input	1	2353804	10122	NA
S023_DAY1_MINITWICE_4771	35	Response	51	2369324	25642	1
S023_DAY1_MINITWICE_4771	35	Picture	34_T_PWTRIAD_PW_bala_red.png	2386882	43200	2	1900	4	43200	1800
S023_DAY1_MINITWICE_4771	36	Picture	PW	2389182	0	1	43100	2	0	43200
S023_DAY1_MINITWICE_4771	36	Pulse	99	2389805	623	NA
S023_DAY1_MINITWICE_4771	36	Port Input	1	2389805	623	NA
S023_DAY1_MINITWICE_4771	36	Response	52	2411624	22442	1
S023_DAY1_MINITWICE_4771	36	Pulse	99	2425806	36624	NA
S023_DAY1_MINITWICE_4771	36	Port Input	1	2425806	36624	NA
S023_DAY1_MINITWICE_4771	36	Picture	35_T_PWTRIAD_PW_manos_red.png	2432282	43100	1	1900	2	43200	1800
S023_DAY1_MINITWICE_4771	37	Picture	PW	2434682	0	1	43099	3	0	43200
S023_DAY1_MINITWICE_4771	37	Response	51	2453109	18427	1
S023_DAY1_MINITWICE_4771	37	Pulse	99	2461807	27125	NA
S023_DAY1_MINITWICE_4771	37	Port Input	1	2461807	27125	NA
S023_DAY1_MINITWICE_4771	37	Picture	36_T_PWTRIAD_PW_policia_red.png	2477781	43099	2	1900	4	43200	1800
S023_DAY1_MINITWICE_4771	38	Picture	FF	2480181	0	2	43100	3	0	43200
S023_DAY1_MINITWICE_4771	38	Pulse	99	2497808	17627	NA
S023_DAY1_MINITWICE_4771	38	Port Input	1	2497808	17627	NA
S023_DAY1_MINITWICE_4771	38	Response	51	2499013	18832	1
S023_DAY1_MINITWICE_4771	38	Picture	37_T_FFTRIAD_FF_television_red.png	2523281	43100	1	1900	2	43200	1800
S023_DAY1_MINITWICE_4771	39	Picture	FF	2525581	0	1	43200	2	0	43200
S023_DAY1_MINITWICE_4771	39	Pulse	99	2533809	8228	NA
S023_DAY1_MINITWICE_4771	39	Port Input	1	2533809	8228	NA
S023_DAY1_MINITWICE_4771	39	Response	51	2546744	21163	1
S023_DAY1_MINITWICE_4771	39	Picture	38_T_FFTRIAD_FF_tenedor_red.png	2568781	43200	1	1900	2	43200	1800
S023_DAY1_MINITWICE_4771	39	Pulse	99	2569810	44229	NA
S023_DAY1_MINITWICE_4771	39	Port Input	1	2569810	44229	NA
S023_DAY1_MINITWICE_4771	40	Picture	FF	2571081	0	1	43199	3	0	43200
S023_DAY1_MINITWICE_4771	40	Response	52	2587912	16831	1
S023_DAY1_MINITWICE_4771	40	Pulse	99	2605811	34730	NA
S023_DAY1_MINITWICE_4771	40	Port Input	1	2605811	34730	NA
S023_DAY1_MINITWICE_4771	40	Picture	39_T_FFTRIAD_FF_gafas_red.png	2614280	43199	2	1900	4	43200	1800
S023_DAY1_MINITWICE_4771	41	Picture	FF	2616580	0	2	43200	3	0	43200
S023_DAY1_MINITWICE_4771	41	Response	52	2633069	16489	3
S023_DAY1_MINITWICE_4771	41	Pulse	99	2641811	25231	NA
S023_DAY1_MINITWICE_4771	41	Port Input	1	2641811	25231	NA
S023_DAY1_MINITWICE_4771	41	Picture	40_T_FFTRIAD_FF_sobre_red.png	2659780	43200	1	1900	2	43200	1800
S023_DAY1_MINITWICE_4771	42	Picture	rest	2661780	0	1	144099	2	0	144000
S023_DAY1_MINITWICE_4771	42	Pulse	99	2677812	16032	NA
S023_DAY1_MINITWICE_4771	42	Port Input	1	2677812	16032	NA
S023_DAY1_MINITWICE_4771	42	Pulse	99	2713813	52033	NA
S023_DAY1_MINITWICE_4771	42	Port Input	1	2713813	52033	NA
S023_DAY1_MINITWICE_4771	42	Pulse	99	2749814	88034	NA
S023_DAY1_MINITWICE_4771	42	Port Input	1	2749814	88034	NA
S023_DAY1_MINITWICE_4771	42	Pulse	99	2785815	124035	NA
S023_DAY1_MINITWICE_4771	42	Port Input	1	2785815	124035	NA
S023_DAY1_MINITWICE_4771	43	Picture	endrest	2805979	0	1	10100	2	0	10000
S023_DAY1_MINITWICE_4771	44	Picture	PW	2816479	0	1	43100	2	0	43200
S023_DAY1_MINITWICE_4771	44	Pulse	99	2821816	5337	NA
S023_DAY1_MINITWICE_4771	44	Port Input	1	2821816	5337	NA
S023_DAY1_MINITWICE_4771	44	Response	52	2831983	15504	1
S023_DAY1_MINITWICE_4771	44	Pulse	99	2857817	41338	NA
S023_DAY1_MINITWICE_4771	44	Port Input	1	2857817	41338	NA
S023_DAY1_MINITWICE_4771	44	Picture	43_T_PWTRIAD_PW_pluma_red.png	2859579	43100	1	1900	2	43200	1800
S023_DAY1_MINITWICE_4771	45	Picture	PW	2861779	0	1	43199	3	0	43200
S023_DAY1_MINITWICE_4771	45	Response	51	2867694	5915	1
S023_DAY1_MINITWICE_4771	45	Pulse	99	2893818	32039	NA
S023_DAY1_MINITWICE_4771	45	Port Input	1	2893818	32039	NA
S023_DAY1_MINITWICE_4771	45	Picture	44_T_PWTRIAD_PW_grifo_red.png	2904978	43199	2	1900	4	43200	1800
S023_DAY1_MINITWICE_4771	46	Picture	PW	2907278	0	2	43100	3	0	43200
S023_DAY1_MINITWICE_4771	46	Response	52	2914031	6753	1
S023_DAY1_MINITWICE_4771	46	Pulse	99	2929819	22541	NA
S023_DAY1_MINITWICE_4771	46	Port Input	1	2929819	22541	NA
S023_DAY1_MINITWICE_4771	46	Picture	45_T_PWTRIAD_PW_esquimal_red.png	2950378	43100	1	1900	2	43200	1800
S023_DAY1_MINITWICE_4771	47	Picture	PW	2952778	0	1	43100	2	0	43200
S023_DAY1_MINITWICE_4771	47	Response	52	2959782	7004	1
S023_DAY1_MINITWICE_4771	47	Pulse	99	2965820	13042	NA
S023_DAY1_MINITWICE_4771	47	Port Input	1	2965820	13042	NA
S023_DAY1_MINITWICE_4771	47	Picture	46_T_PWTRIAD_PW_bellota_red.png	2995878	43100	1	1900	2	43200	1800
S023_DAY1_MINITWICE_4771	48	Picture	PW	2998178	0	1	43199	3	0	43200
S023_DAY1_MINITWICE_4771	48	Pulse	99	3001821	3643	NA
S023_DAY1_MINITWICE_4771	48	Port Input	1	3001821	3643	NA
S023_DAY1_MINITWICE_4771	48	Response	51	3005571	7393	1
S023_DAY1_MINITWICE_4771	48	Pulse	99	3037822	39644	NA
S023_DAY1_MINITWICE_4771	48	Port Input	1	3037822	39644	NA
S023_DAY1_MINITWICE_4771	48	Picture	47_T_PWTRIAD_PW_anillo_red.png	3041377	43199	2	1900	3	43200	1800
S023_DAY1_MINITWICE_4771	49	Picture	PW	3043777	0	2	43100	3	0	43200
S023_DAY1_MINITWICE_4771	49	Response	52	3050765	6988	1
S023_DAY1_MINITWICE_4771	49	Pulse	99	3073823	30046	NA
S023_DAY1_MINITWICE_4771	49	Port Input	1	3073823	30046	NA
S023_DAY1_MINITWICE_4771	49	Picture	48_T_PWTRIAD_PW_arco_red.png	3086877	43100	1	1900	2	43200	1800
S023_DAY1_MINITWICE_4771	50	Picture	PW	3089277	0	1	43100	2	0	43200
S023_DAY1_MINITWICE_4771	50	Response	51	3098376	9099	1
S023_DAY1_MINITWICE_4771	50	Pulse	99	3109823	20546	NA
S023_DAY1_MINITWICE_4771	50	Port Input	1	3109823	20546	NA
S023_DAY1_MINITWICE_4771	50	Picture	49_T_PWTRIAD_PW_telarana_red.png	3132377	43100	1	1900	2	43200	1800
S023_DAY1_MINITWICE_4771	51	Picture	PW	3134677	0	1	43099	3	0	43200
S023_DAY1_MINITWICE_4771	51	Pulse	99	3145824	11147	NA
S023_DAY1_MINITWICE_4771	51	Port Input	1	3145824	11147	NA
S023_DAY1_MINITWICE_4771	51	Response	51	3148195	13518	1
S023_DAY1_MINITWICE_4771	51	Picture	50_T_PWTRIAD_PW_lechuga_red.png	3177776	43099	2	1900	4	43200	1800
S023_DAY1_MINITWICE_4771	52	Picture	rest	3179776	0	2	144099	4	0	144000
S023_DAY1_MINITWICE_4771	52	Pulse	99	3181825	2049	NA
S023_DAY1_MINITWICE_4771	52	Port Input	1	3181825	2049	NA
S023_DAY1_MINITWICE_4771	52	Pulse	99	3217826	38050	NA
S023_DAY1_MINITWICE_4771	52	Port Input	1	3217826	38050	NA
S023_DAY1_MINITWICE_4771	52	Pulse	99	3253827	74051	NA
S023_DAY1_MINITWICE_4771	52	Port Input	1	3253827	74051	NA
S023_DAY1_MINITWICE_4771	52	Pulse	99	3289828	110052	NA
S023_DAY1_MINITWICE_4771	52	Port Input	1	3289828	110052	NA
S023_DAY1_MINITWICE_4771	53	Picture	endrest	3323975	0	2	10100	3	0	10000
S023_DAY1_MINITWICE_4771	53	Pulse	99	3325829	1854	NA
S023_DAY1_MINITWICE_4771	53	Port Input	1	3325829	1854	NA
S023_DAY1_MINITWICE_4771	54	Picture	FF	3334475	0	1	43200	2	0	43200
S023_DAY1_MINITWICE_4771	54	Response	52	3354220	19745	1
S023_DAY1_MINITWICE_4771	54	Pulse	99	3361830	27355	NA
S023_DAY1_MINITWICE_4771	54	Port Input	1	3361830	27355	NA
S023_DAY1_MINITWICE_4771	54	Picture	53_T_FFTRIAD_FF_teclado_red.png	3377675	43200	1	1900	2	43200	1800
S023_DAY1_MINITWICE_4771	55	Picture	FF	3379975	0	1	43100	2	0	43200
S023_DAY1_MINITWICE_4771	55	Response	51	3397825	17850	1
S023_DAY1_MINITWICE_4771	55	Pulse	99	3397831	17856	NA
S023_DAY1_MINITWICE_4771	55	Port Input	1	3397831	17856	NA
S023_DAY1_MINITWICE_4771	55	Picture	54_T_FFTRIAD_FF_llave_red.png	3423075	43100	1	1900	2	43200	1800
S023_DAY1_MINITWICE_4771	56	Picture	FF	3425375	0	1	43199	3	0	43200
S023_DAY1_MINITWICE_4771	56	Pulse	99	3433832	8457	NA
S023_DAY1_MINITWICE_4771	56	Port Input	1	3433832	8457	NA
S023_DAY1_MINITWICE_4771	56	Response	51	3439930	14555	1
S023_DAY1_MINITWICE_4771	56	Picture	55_T_FFTRIAD_FF_zanahoria_red.png	3468574	43199	2	1900	3	43200	1800
S023_DAY1_MINITWICE_4771	56	Pulse	99	3469833	44458	NA
S023_DAY1_MINITWICE_4771	56	Port Input	1	3469833	44458	NA
S023_DAY1_MINITWICE_4771	57	Picture	FF	3470974	0	1	43100	2	0	43200
S023_DAY1_MINITWICE_4771	57	Response	51	3484658	13684	1
S023_DAY1_MINITWICE_4771	57	Pulse	99	3505834	34860	NA
S023_DAY1_MINITWICE_4771	57	Port Input	1	3505834	34860	NA
S023_DAY1_MINITWICE_4771	57	Picture	56_T_FFTRIAD_FF_ancla_red.png	3514074	43100	1	1900	2	43200	1800
S023_DAY1_MINITWICE_4771	58	Picture	RW	3516374	0	1	43200	2	0	43200
S023_DAY1_MINITWICE_4771	58	Response	51	3531964	15590	1
S023_DAY1_MINITWICE_4771	58	Pulse	99	3541835	25461	NA
S023_DAY1_MINITWICE_4771	58	Port Input	1	3541835	25461	NA
S023_DAY1_MINITWICE_4771	58	Picture	57_T_RWTRIAD_RW_almohada_red.png	3559574	43200	1	1900	2	43200	1800
S023_DAY1_MINITWICE_4771	59	Picture	RW	3561874	0	1	43099	3	0	43200
S023_DAY1_MINITWICE_4771	59	Response	52	3575695	13821	1
S023_DAY1_MINITWICE_4771	59	Pulse	99	3577836	15962	NA
S023_DAY1_MINITWICE_4771	59	Port Input	1	3577836	15962	NA
S023_DAY1_MINITWICE_4771	59	Picture	58_T_RWTRIAD_RW_futbol_red.png	3604973	43099	2	1900	4	43200	1800
S023_DAY1_MINITWICE_4771	60	Picture	RW	3607273	0	1	43100	2	0	43200
S023_DAY1_MINITWICE_4771	60	Pulse	99	3613837	6564	NA
S023_DAY1_MINITWICE_4771	60	Port Input	1	3613837	6564	NA
S023_DAY1_MINITWICE_4771	60	Response	51	3625419	18146	1
S023_DAY1_MINITWICE_4771	60	Pulse	99	3649837	42564	NA
S023_DAY1_MINITWICE_4771	60	Port Input	1	3649837	42564	NA
S023_DAY1_MINITWICE_4771	60	Picture	59_T_RWTRIAD_RW_dedal_red.png	3650373	43100	1	1900	2	43200	1800
S023_DAY1_MINITWICE_4771	61	Picture	RW	3652673	0	1	43100	2	0	43200
S023_DAY1_MINITWICE_4771	61	Response	52	3663308	10635	1
S023_DAY1_MINITWICE_4771	61	Pulse	99	3685838	33165	NA
S023_DAY1_MINITWICE_4771	61	Port Input	1	3685838	33165	NA
S023_DAY1_MINITWICE_4771	61	Picture	60_T_RWTRIAD_RW_huevos_red.png	3695773	43100	1	1900	2	43200	1800
S023_DAY1_MINITWICE_4771	62	Picture	rest	3697773	0	1	144099	2	0	144000
S023_DAY1_MINITWICE_4771	62	Pulse	99	3721839	24066	NA
S023_DAY1_MINITWICE_4771	62	Port Input	1	3721839	24066	NA
S023_DAY1_MINITWICE_4771	62	Pulse	99	3757840	60067	NA
S023_DAY1_MINITWICE_4771	62	Port Input	1	3757840	60067	NA
S023_DAY1_MINITWICE_4771	62	Pulse	99	3793841	96068	NA
S023_DAY1_MINITWICE_4771	62	Port Input	1	3793841	96068	NA
S023_DAY1_MINITWICE_4771	62	Pulse	99	3829842	132069	NA
S023_DAY1_MINITWICE_4771	62	Port Input	1	3829842	132069	NA
S023_DAY1_MINITWICE_4771	63	Picture	endrest	3841972	0	1	10100	2	0	10000
S023_DAY1_MINITWICE_4771	64	Picture	FF	3852572	0	1	43099	2	0	43200
S023_DAY1_MINITWICE_4771	64	Pulse	99	3865843	13271	NA
S023_DAY1_MINITWICE_4771	64	Port Input	1	3865843	13271	NA
S023_DAY1_MINITWICE_4771	64	Response	51	3867913	15341	1
S023_DAY1_MINITWICE_4771	64	Picture	63_T_FFTRIAD_FF_novia_red.png	3895671	43099	1	1900	2	43200	1800
S023_DAY1_MINITWICE_4771	65	Picture	FF	3897971	0	1	43200	2	0	43200
S023_DAY1_MINITWICE_4771	65	Pulse	99	3901844	3873	NA
S023_DAY1_MINITWICE_4771	65	Port Input	1	3901844	3873	NA
S023_DAY1_MINITWICE_4771	65	Response	52	3916513	18542	1
S023_DAY1_MINITWICE_4771	65	Pulse	99	3937845	39874	NA
S023_DAY1_MINITWICE_4771	65	Port Input	1	3937845	39874	NA
S023_DAY1_MINITWICE_4771	65	Picture	64_T_FFTRIAD_FF_ascensor_red.png	3941171	43200	1	1900	2	43200	1800
S023_DAY1_MINITWICE_4771	66	Picture	FF	3943471	0	1	43200	2	0	43200
S023_DAY1_MINITWICE_4771	66	Response	51	3963557	20086	1
S023_DAY1_MINITWICE_4771	66	Pulse	99	3973846	30375	NA
S023_DAY1_MINITWICE_4771	66	Port Input	1	3973846	30375	NA
S023_DAY1_MINITWICE_4771	66	Picture	65_T_FFTRIAD_FF_queso_red.png	3986671	43200	1	1900	2	43200	1800
S023_DAY1_MINITWICE_4771	67	Picture	FF	3989071	0	1	43099	2	0	43200
S023_DAY1_MINITWICE_4771	67	Pulse	99	4009847	20776	NA
S023_DAY1_MINITWICE_4771	67	Port Input	1	4009847	20776	NA
S023_DAY1_MINITWICE_4771	67	Response	52	4011890	22819	1
S023_DAY1_MINITWICE_4771	67	Picture	66_T_FFTRIAD_FF_carruaje_red.png	4032170	43099	1	1900	2	43200	1800
S023_DAY1_MINITWICE_4771	68	Picture	RW	4034470	0	1	43200	2	0	43200
S023_DAY1_MINITWICE_4771	68	Pulse	99	4045848	11378	NA
S023_DAY1_MINITWICE_4771	68	Port Input	1	4045848	11378	NA
S023_DAY1_MINITWICE_4771	68	Response	51	4051069	16599	1
S023_DAY1_MINITWICE_4771	68	Picture	67_T_RWTRIAD_RW_telarana_red.png	4077670	43200	1	1900	2	43200	1800
S023_DAY1_MINITWICE_4771	69	Picture	RW	4079970	0	1	43200	2	0	43200
S023_DAY1_MINITWICE_4771	69	Pulse	99	4081848	1878	NA
S023_DAY1_MINITWICE_4771	69	Port Input	1	4081848	1878	NA
S023_DAY1_MINITWICE_4771	69	Response	51	4095254	15284	1
S023_DAY1_MINITWICE_4771	69	Pulse	99	4117849	37879	NA
S023_DAY1_MINITWICE_4771	69	Port Input	1	4117849	37879	NA
S023_DAY1_MINITWICE_4771	69	Picture	68_T_RWTRIAD_RW_zanahoria_red.png	4123170	43200	1	1900	2	43200	1800
S023_DAY1_MINITWICE_4771	70	Picture	RW	4125470	0	1	43199	2	0	43200
S023_DAY1_MINITWICE_4771	70	Response	52	4140033	14563	1
S023_DAY1_MINITWICE_4771	70	Pulse	99	4153851	28381	NA
S023_DAY1_MINITWICE_4771	70	Port Input	1	4153851	28381	NA
S023_DAY1_MINITWICE_4771	70	Picture	69_T_RWTRIAD_RW_lenador_red.png	4168669	43199	1	1900	2	43200	1800
S023_DAY1_MINITWICE_4771	71	Picture	RW	4170969	0	1	43100	2	0	43200
S023_DAY1_MINITWICE_4771	71	Response	52	4188477	17508	1
S023_DAY1_MINITWICE_4771	71	Pulse	99	4189851	18882	NA
S023_DAY1_MINITWICE_4771	71	Port Input	1	4189851	18882	NA
S023_DAY1_MINITWICE_4771	71	Picture	70_T_RWTRIAD_RW_arco_red.png	4214069	43100	1	1900	2	43200	1800
S023_DAY1_MINITWICE_4771	72	Picture	rest	4216069	0	1	144099	2	0	144000
S023_DAY1_MINITWICE_4771	72	Pulse	99	4225852	9783	NA
S023_DAY1_MINITWICE_4771	72	Port Input	1	4225852	9783	NA
S023_DAY1_MINITWICE_4771	72	Pulse	99	4261853	45784	NA
S023_DAY1_MINITWICE_4771	72	Port Input	1	4261853	45784	NA
S023_DAY1_MINITWICE_4771	72	Pulse	99	4297854	81785	NA
S023_DAY1_MINITWICE_4771	72	Port Input	1	4297854	81785	NA
S023_DAY1_MINITWICE_4771	72	Pulse	99	4333855	117786	NA
S023_DAY1_MINITWICE_4771	72	Port Input	1	4333855	117786	NA
S023_DAY1_MINITWICE_4771	73	Picture	endrest	4360268	0	1	10100	2	0	10000
S023_DAY1_MINITWICE_4771	73	Pulse	99	4369856	9588	NA
S023_DAY1_MINITWICE_4771	73	Port Input	1	4369856	9588	NA
S023_DAY1_MINITWICE_4771	74	Picture	PW	4370768	0	1	43100	2	0	43200
S023_DAY1_MINITWICE_4771	74	Response	52	4387855	17087	1
S023_DAY1_MINITWICE_4771	74	Pulse	99	4405857	35089	NA
S023_DAY1_MINITWICE_4771	74	Port Input	1	4405857	35089	NA
S023_DAY1_MINITWICE_4771	74	Picture	73_T_PWTRIAD_PW_iglu_red.png	4413868	43100	1	1900	2	43200	1800
S023_DAY1_MINITWICE_4771	75	Picture	PW	4416168	0	1	43099	2	0	43200
S023_DAY1_MINITWICE_4771	75	Response	52	4426723	10555	1
S023_DAY1_MINITWICE_4771	75	Pulse	99	4441858	25690	NA
S023_DAY1_MINITWICE_4771	75	Port Input	1	4441858	25690	NA
S023_DAY1_MINITWICE_4771	75	Picture	74_T_PWTRIAD_PW_oruga_red.png	4459267	43099	1	1900	2	43200	1800
S023_DAY1_MINITWICE_4771	76	Picture	PW	4461567	0	1	43100	2	0	43200
S023_DAY1_MINITWICE_4771	76	Response	51	4473584	12017	1
S023_DAY1_MINITWICE_4771	76	Pulse	99	4477859	16292	NA
S023_DAY1_MINITWICE_4771	76	Port Input	1	4477859	16292	NA
S023_DAY1_MINITWICE_4771	76	Picture	75_T_PWTRIAD_PW_sapo_red.png	4504667	43100	1	1900	2	43200	1800
S023_DAY1_MINITWICE_4771	77	Picture	PW	4506967	0	1	43200	2	0	43200
S023_DAY1_MINITWICE_4771	77	Response	51	4513720	6753	1
S023_DAY1_MINITWICE_4771	77	Pulse	99	4513860	6893	NA
S023_DAY1_MINITWICE_4771	77	Port Input	1	4513860	6893	NA
S023_DAY1_MINITWICE_4771	77	Pulse	99	4549860	42893	NA
S023_DAY1_MINITWICE_4771	77	Port Input	1	4549860	42893	NA
S023_DAY1_MINITWICE_4771	77	Picture	76_T_PWTRIAD_PW_perro_red.png	4550167	43200	1	1900	2	43200	1800
S023_DAY1_MINITWICE_4771	78	Picture	RW	4552467	0	1	43199	2	0	43200
S023_DAY1_MINITWICE_4771	78	Response	51	4567864	15397	1
S023_DAY1_MINITWICE_4771	78	Pulse	99	4585861	33394	NA
S023_DAY1_MINITWICE_4771	78	Port Input	1	4585861	33394	NA
S023_DAY1_MINITWICE_4771	78	Picture	77_T_RWTRIAD_RW_ancla_red.png	4595666	43199	1	1900	2	43200	1800
S023_DAY1_MINITWICE_4771	79	Picture	RW	4597966	0	1	43100	2	0	43200
S023_DAY1_MINITWICE_4771	79	Response	52	4615408	17442	1
S023_DAY1_MINITWICE_4771	79	Pulse	99	4621862	23896	NA
S023_DAY1_MINITWICE_4771	79	Port Input	1	4621862	23896	NA
S023_DAY1_MINITWICE_4771	79	Picture	78_T_RWTRIAD_RW_monja_red.png	4641066	43100	1	1900	2	43200	1800
S023_DAY1_MINITWICE_4771	80	Picture	RW	4643366	0	1	43200	2	0	43200
S023_DAY1_MINITWICE_4771	80	Pulse	99	4657863	14497	NA
S023_DAY1_MINITWICE_4771	80	Port Input	1	4657863	14497	NA
S023_DAY1_MINITWICE_4771	80	Response	52	4665572	22206	1
S023_DAY1_MINITWICE_4771	80	Picture	79_T_RWTRIAD_RW_grapadora_red.png	4686566	43200	1	1900	2	43200	1800
S023_DAY1_MINITWICE_4771	81	Picture	RW	4688966	0	1	43099	2	0	43200
S023_DAY1_MINITWICE_4771	81	Pulse	99	4693864	4898	NA
S023_DAY1_MINITWICE_4771	81	Port Input	1	4693864	4898	NA
S023_DAY1_MINITWICE_4771	81	Response	51	4704024	15058	1
S023_DAY1_MINITWICE_4771	81	Pulse	99	4729865	40899	NA
S023_DAY1_MINITWICE_4771	81	Port Input	1	4729865	40899	NA
S023_DAY1_MINITWICE_4771	81	Picture	80_T_RWTRIAD_RW_violin_red.png	4732065	43099	1	1900	2	43200	1800
S023_DAY1_MINITWICE_4771	82	Picture	rest	4734065	0	1	144099	2	0	144000
S023_DAY1_MINITWICE_4771	82	Pulse	99	4765866	31801	NA
S023_DAY1_MINITWICE_4771	82	Port Input	1	4765866	31801	NA
S023_DAY1_MINITWICE_4771	82	Pulse	99	4801867	67802	NA
S023_DAY1_MINITWICE_4771	82	Port Input	1	4801867	67802	NA
S023_DAY1_MINITWICE_4771	82	Pulse	99	4837868	103803	NA
S023_DAY1_MINITWICE_4771	82	Port Input	1	4837868	103803	NA
S023_DAY1_MINITWICE_4771	82	Pulse	99	4873869	139804	NA
S023_DAY1_MINITWICE_4771	82	Port Input	1	4873869	139804	NA
S023_DAY1_MINITWICE_4771	83	Picture	endrest	4878264	0	1	10100	2	0	10000
S023_DAY1_MINITWICE_4771	84	Picture	PW	4888764	0	1	43200	2	0	43200
S023_DAY1_MINITWICE_4771	84	Pulse	99	4909870	21106	NA
S023_DAY1_MINITWICE_4771	84	Port Input	1	4909870	21106	NA
S023_DAY1_MINITWICE_4771	84	Response	51	4911126	22362	1
S023_DAY1_MINITWICE_4771	84	Picture	83_T_PWTRIAD_PW_sombrilla_red.png	4931964	43200	1	1900	2	43200	1800
S023_DAY1_MINITWICE_4771	85	Picture	PW	4934264	0	1	43200	2	0	43200
S023_DAY1_MINITWICE_4771	85	Pulse	99	4945871	11607	NA
S023_DAY1_MINITWICE_4771	85	Port Input	1	4945871	11607	NA
S023_DAY1_MINITWICE_4771	85	Response	52	4953698	19434	1
S023_DAY1_MINITWICE_4771	85	Picture	84_T_PWTRIAD_PW_monja_red.png	4977464	43200	1	1899	3	43200	1800
S023_DAY1_MINITWICE_4771	86	Picture	PW	4979763	0	2	43100	3	0	43200
S023_DAY1_MINITWICE_4771	86	Pulse	99	4981872	2109	NA
S023_DAY1_MINITWICE_4771	86	Port Input	1	4981872	2109	NA
S023_DAY1_MINITWICE_4771	86	Response	52	4997287	17524	1
S023_DAY1_MINITWICE_4771	86	Pulse	99	5017873	38110	NA
S023_DAY1_MINITWICE_4771	86	Port Input	1	5017873	38110	NA
S023_DAY1_MINITWICE_4771	86	Picture	85_T_PWTRIAD_PW_zanahoria_red.png	5022863	43100	1	1900	2	43200	1800
S023_DAY1_MINITWICE_4771	87	Picture	PW	5025063	0	1	43200	2	0	43200
S023_DAY1_MINITWICE_4771	87	Response	52	5039825	14762	1
S023_DAY1_MINITWICE_4771	87	Pulse	99	5053873	28810	NA
S023_DAY1_MINITWICE_4771	87	Port Input	1	5053873	28810	NA
S023_DAY1_MINITWICE_4771	87	Picture	86_T_PWTRIAD_PW_botella_red.png	5068263	43200	1	1900	2	43200	1800
S023_DAY1_MINITWICE_4771	88	Picture	FF	5070663	0	1	43100	2	0	43200
S023_DAY1_MINITWICE_4771	88	Response	51	5079761	9098	6
S023_DAY1_MINITWICE_4771	88	Pulse	99	5089874	19211	NA
S023_DAY1_MINITWICE_4771	88	Port Input	1	5089874	19211	NA
S023_DAY1_MINITWICE_4771	88	Picture	87_T_FFTRIAD_FF_bebe_red.png	5113763	43100	1	1900	2	43200	1800
S023_DAY1_MINITWICE_4771	89	Picture	FF	5116163	0	1	43099	2	0	43200
S023_DAY1_MINITWICE_4771	89	Pulse	99	5125875	9712	NA
S023_DAY1_MINITWICE_4771	89	Port Input	1	5125875	9712	NA
S023_DAY1_MINITWICE_4771	89	Response	51	5140325	24162	1
S023_DAY1_MINITWICE_4771	89	Picture	88_T_FFTRIAD_FF_bellota_red.png	5159262	43099	1	1900	2	43200	1800
S023_DAY1_MINITWICE_4771	90	Picture	FF	5161662	0	1	43100	2	0	43200
S023_DAY1_MINITWICE_4771	90	Pulse	99	5161876	214	NA
S023_DAY1_MINITWICE_4771	90	Port Input	1	5161876	214	NA
S023_DAY1_MINITWICE_4771	90	Response	51	5174776	13114	1
S023_DAY1_MINITWICE_4771	90	Pulse	99	5197877	36215	NA
S023_DAY1_MINITWICE_4771	90	Port Input	1	5197877	36215	NA
S023_DAY1_MINITWICE_4771	90	Picture	89_T_FFTRIAD_FF_piramide_red.png	5204762	43100	1	1900	2	43200	1800
S023_DAY1_MINITWICE_4771	91	Picture	FF	5207062	0	1	43199	3	0	43200
S023_DAY1_MINITWICE_4771	91	Response	52	5227587	20525	1
S023_DAY1_MINITWICE_4771	91	Pulse	99	5233878	26816	NA
S023_DAY1_MINITWICE_4771	91	Port Input	1	5233878	26816	NA
S023_DAY1_MINITWICE_4771	91	Picture	90_T_FFTRIAD_FF_chupete_red.png	5250261	43199	2	1900	4	43200	1800
S023_DAY1_MINITWICE_4771	92	Picture	rest	5252261	0	2	144099	4	0	144000
S023_DAY1_MINITWICE_4771	92	Pulse	99	5269879	17618	NA
S023_DAY1_MINITWICE_4771	92	Port Input	1	5269879	17618	NA
S023_DAY1_MINITWICE_4771	92	Pulse	99	5305880	53619	NA
S023_DAY1_MINITWICE_4771	92	Port Input	1	5305880	53619	NA
S023_DAY1_MINITWICE_4771	92	Pulse	99	5341881	89620	NA
S023_DAY1_MINITWICE_4771	92	Port Input	1	5341881	89620	NA
S023_DAY1_MINITWICE_4771	92	Pulse	99	5377882	125621	NA
S023_DAY1_MINITWICE_4771	92	Port Input	1	5377882	125621	NA
S023_DAY1_MINITWICE_4771	93	Picture	endrest	5396460	0	2	10100	3	0	10000
S023_DAY1_MINITWICE_4771	94	Picture	RW	5406760	0	2	43200	3	0	43200
S023_DAY1_MINITWICE_4771	94	Pulse	99	5413883	7123	NA
S023_DAY1_MINITWICE_4771	94	Port Input	1	5413883	7123	NA
S023_DAY1_MINITWICE_4771	94	Response	52	5425394	18634	2
S023_DAY1_MINITWICE_4771	94	Pulse	99	5449884	43124	NA
S023_DAY1_MINITWICE_4771	94	Port Input	1	5449884	43124	NA
S023_DAY1_MINITWICE_4771	94	Picture	93_T_RWTRIAD_RW_cinturon_red.png	5449960	43200	1	1900	2	43200	1800
S023_DAY1_MINITWICE_4771	95	Picture	RW	5452260	0	1	43100	2	0	43200
S023_DAY1_MINITWICE_4771	95	Response	52	5467156	14896	1
S023_DAY1_MINITWICE_4771	95	Pulse	99	5485885	33625	NA
S023_DAY1_MINITWICE_4771	95	Port Input	1	5485885	33625	NA
S023_DAY1_MINITWICE_4771	95	Picture	94_T_RWTRIAD_RW_cuento_red.png	5495360	43100	1	1900	2	43200	1800
S023_DAY1_MINITWICE_4771	96	Picture	RW	5497660	0	1	43199	3	0	43200
S023_DAY1_MINITWICE_4771	96	Response	52	5513165	15505	1
S023_DAY1_MINITWICE_4771	96	Pulse	99	5521886	24226	NA
S023_DAY1_MINITWICE_4771	96	Port Input	1	5521886	24226	NA
S023_DAY1_MINITWICE_4771	96	Picture	95_T_RWTRIAD_RW_tijera_red.png	5540859	43199	2	1900	4	43200	1800
S023_DAY1_MINITWICE_4771	97	Picture	RW	5543159	0	2	43100	3	0	43200
S023_DAY1_MINITWICE_4771	97	Pulse	99	5557886	14727	NA
S023_DAY1_MINITWICE_4771	97	Port Input	1	5557886	14727	NA
S023_DAY1_MINITWICE_4771	97	Response	51	5560855	17696	1
S023_DAY1_MINITWICE_4771	97	Picture	96_T_RWTRIAD_RW_pilas_red.png	5586259	43100	1	1900	2	43200	1800
S023_DAY1_MINITWICE_4771	98	Picture	RW	5588559	0	1	43200	2	0	43200
S023_DAY1_MINITWICE_4771	98	Pulse	99	5593887	5328	NA
S023_DAY1_MINITWICE_4771	98	Port Input	1	5593887	5328	NA
S023_DAY1_MINITWICE_4771	98	Response	51	5605657	17098	2
S023_DAY1_MINITWICE_4771	98	Pulse	99	5629888	41329	NA
S023_DAY1_MINITWICE_4771	98	Port Input	1	5629888	41329	NA
S023_DAY1_MINITWICE_4771	98	Picture	97_T_RWTRIAD_RW_ascensor_red.png	5631759	43200	1	1900	2	43200	1800
S023_DAY1_MINITWICE_4771	99	Picture	RW	5634059	0	1	43099	3	0	43200
S023_DAY1_MINITWICE_4771	99	Response	51	5658609	24550	1
S023_DAY1_MINITWICE_4771	99	Pulse	99	5665889	31830	NA
S023_DAY1_MINITWICE_4771	99	Port Input	1	5665889	31830	NA
S023_DAY1_MINITWICE_4771	99	Picture	98_T_RWTRIAD_RW_piramide_red.png	5677158	43099	2	1900	4	43200	1800
S023_DAY1_MINITWICE_4771	100	Picture	RW	5679458	0	2	43100	3	0	43200
S023_DAY1_MINITWICE_4771	100	Response	52	5693521	14063	2
S023_DAY1_MINITWICE_4771	100	Pulse	99	5701890	22432	NA
S023_DAY1_MINITWICE_4771	100	Port Input	1	5701890	22432	NA
S023_DAY1_MINITWICE_4771	100	Picture	99_T_RWTRIAD_RW_gafas_red.png	5722558	43100	1	1900	2	43200	1800
S023_DAY1_MINITWICE_4771	101	Picture	RW	5724858	0	1	43100	2	0	43200
S023_DAY1_MINITWICE_4771	101	Pulse	99	5737891	13033	NA
S023_DAY1_MINITWICE_4771	101	Port Input	1	5737891	13033	NA
S023_DAY1_MINITWICE_4771	101	Response	51	5739553	14695	1
S023_DAY1_MINITWICE_4771	101	Picture	100_T_RWTRIAD_RW_iglu_red.png	5767958	43100	1	1900	2	43200	1800
S023_DAY1_MINITWICE_4771	102	Picture	rest	5769958	0	1	144099	2	0	144000
S023_DAY1_MINITWICE_4771	102	Pulse	99	5773892	3934	NA
S023_DAY1_MINITWICE_4771	102	Port Input	1	5773892	3934	NA
S023_DAY1_MINITWICE_4771	102	Pulse	99	5809893	39935	NA
S023_DAY1_MINITWICE_4771	102	Port Input	1	5809893	39935	NA
S023_DAY1_MINITWICE_4771	102	Pulse	99	5845894	75936	NA
S023_DAY1_MINITWICE_4771	102	Port Input	1	5845894	75936	NA
S023_DAY1_MINITWICE_4771	102	Pulse	99	5881895	111937	NA
S023_DAY1_MINITWICE_4771	102	Port Input	1	5881895	111937	NA
S023_DAY1_MINITWICE_4771	103	Picture	endrest	5914157	0	1	10100	2	0	10000
S023_DAY1_MINITWICE_4771	103	Pulse	99	5917896	3739	NA
S023_DAY1_MINITWICE_4771	103	Port Input	1	5917896	3739	NA
S023_DAY1_MINITWICE_4771	104	Picture	FF	5924657	0	1	43199	3	0	43200
S023_DAY1_MINITWICE_4771	104	Response	51	5949120	24463	1
S023_DAY1_MINITWICE_4771	104	Pulse	99	5953897	29240	NA
S023_DAY1_MINITWICE_4771	104	Port Input	1	5953897	29240	NA
S023_DAY1_MINITWICE_4771	104	Picture	103_T_FFTRIAD_FF_plato_red.png	5967856	43199	2	1900	3	43200	1800
S023_DAY1_MINITWICE_4771	105	Picture	FF	5970256	0	1	43100	2	0	43200
S023_DAY1_MINITWICE_4771	105	Response	51	5985573	15317	1
S023_DAY1_MINITWICE_4771	105	Pulse	99	5989897	19641	NA
S023_DAY1_MINITWICE_4771	105	Port Input	1	5989897	19641	NA
S023_DAY1_MINITWICE_4771	105	Picture	104_T_FFTRIAD_FF_banera_red.png	6013356	43100	1	1900	2	43200	1800
S023_DAY1_MINITWICE_4771	106	Picture	FF	6015656	0	1	43200	2	0	43200
S023_DAY1_MINITWICE_4771	106	Pulse	99	6025898	10242	NA
S023_DAY1_MINITWICE_4771	106	Port Input	1	6025898	10242	NA
S023_DAY1_MINITWICE_4771	106	Response	51	6028823	13167	1
S023_DAY1_MINITWICE_4771	106	Picture	105_T_FFTRIAD_FF_agua_red.png	6058856	43200	1	1900	2	43200	1800
S023_DAY1_MINITWICE_4771	107	Picture	FF	6061156	0	1	43199	3	0	43200
S023_DAY1_MINITWICE_4771	107	Pulse	99	6061899	743	NA
S023_DAY1_MINITWICE_4771	107	Port Input	1	6061899	743	NA
S023_DAY1_MINITWICE_4771	107	Response	51	6078500	17344	1
S023_DAY1_MINITWICE_4771	107	Pulse	99	6097900	36744	NA
S023_DAY1_MINITWICE_4771	107	Port Input	1	6097900	36744	NA
S023_DAY1_MINITWICE_4771	107	Picture	106_T_FFTRIAD_FF_pluma_red.png	6104355	43199	2	1900	4	43200	1800
S023_DAY1_MINITWICE_4771	108	Picture	FF	6106655	0	1	43100	2	0	43200
S023_DAY1_MINITWICE_4771	108	Response	52	6129971	23316	1
S023_DAY1_MINITWICE_4771	108	Pulse	99	6133901	27246	NA
S023_DAY1_MINITWICE_4771	108	Port Input	1	6133901	27246	NA
S023_DAY1_MINITWICE_4771	108	Picture	107_T_FFTRIAD_FF_cortina_red.png	6149755	43100	1	1900	2	43200	1800
S023_DAY1_MINITWICE_4771	109	Picture	FF	6152055	0	1	43200	2	0	43200
S023_DAY1_MINITWICE_4771	109	Response	51	6168669	16614	1
S023_DAY1_MINITWICE_4771	109	Pulse	99	6169902	17847	NA
S023_DAY1_MINITWICE_4771	109	Port Input	1	6169902	17847	NA
S023_DAY1_MINITWICE_4771	109	Picture	108_T_FFTRIAD_FF_grapadora_red.png	6195255	43200	1	1900	2	43200	1800
S023_DAY1_MINITWICE_4771	110	Picture	FF	6197355	0	1	43199	3	0	43200
S023_DAY1_MINITWICE_4771	110	Pulse	99	6205903	8548	NA
S023_DAY1_MINITWICE_4771	110	Port Input	1	6205903	8548	NA
S023_DAY1_MINITWICE_4771	110	Response	52	6212047	14692	1
S023_DAY1_MINITWICE_4771	110	Picture	109_T_FFTRIAD_FF_telefono_red.png	6240554	43199	2	1900	4	43200	1800
S023_DAY1_MINITWICE_4771	110	Pulse	99	6241904	44549	NA
S023_DAY1_MINITWICE_4771	110	Port Input	1	6241904	44549	NA
S023_DAY1_MINITWICE_4771	111	Picture	FF	6242854	0	1	43100	2	0	43200
S023_DAY1_MINITWICE_4771	111	Response	51	6256767	13913	1
S023_DAY1_MINITWICE_4771	111	Pulse	99	6277905	35051	NA
S023_DAY1_MINITWICE_4771	111	Port Input	1	6277905	35051	NA
S023_DAY1_MINITWICE_4771	111	Picture	110_T_FFTRIAD_FF_cuento_red.png	6285954	43100	1	1900	2	43200	1800
S023_DAY1_MINITWICE_4771	112	Picture	rest	6287954	0	1	144099	2	0	144000
S023_DAY1_MINITWICE_4771	113	Picture	endrest	6432153	0	1	10100	2	0	10000
S023_DAY1_MINITWICE_4771	114	Picture	PW	6442453	0	1	43200	2	0	43200
S023_DAY1_MINITWICE_4771	114	Response	52	6457167	14714	2
S023_DAY1_MINITWICE_4771	114	Picture	113_T_PWTRIAD_PW_dedal_red.png	6485653	43200	1	1900	2	43200	1800
S023_DAY1_MINITWICE_4771	115	Picture	PW	6487953	0	1	43099	2	0	43200
S023_DAY1_MINITWICE_4771	115	Response	52	6497044	9091	1
S023_DAY1_MINITWICE_4771	115	Picture	114_T_PWTRIAD_PW_cerillas_red.png	6531052	43099	1	1900	2	43200	1800
S023_DAY1_MINITWICE_4771	116	Picture	PW	6533352	0	1	43200	2	0	43200
S023_DAY1_MINITWICE_4771	116	Response	52	6544714	11362	1
S023_DAY1_MINITWICE_4771	116	Picture	115_T_PWTRIAD_PW_leche_red.png	6576552	43200	1	1900	2	43200	1800
S023_DAY1_MINITWICE_4771	117	Picture	PW	6578852	0	1	43200	2	0	43200
S023_DAY1_MINITWICE_4771	117	Response	51	6597759	18907	1
S023_DAY1_MINITWICE_4771	117	Picture	116_T_PWTRIAD_PW_murcielago_red.png	6622052	43200	1	1900	2	43200	1800
S023_DAY1_MINITWICE_4771	118	Picture	FF	6624352	0	1	43199	2	0	43200
S023_DAY1_MINITWICE_4771	118	Response	52	6645858	21506	1
S023_DAY1_MINITWICE_4771	118	Picture	117_T_FFTRIAD_FF_candado_red.png	6667551	43199	1	1900	2	43200	1800
S023_DAY1_MINITWICE_4771	119	Picture	FF	6669851	0	1	43200	2	0	43200
S023_DAY1_MINITWICE_4771	119	Response	52	6679967	10116	2
S023_DAY1_MINITWICE_4771	119	Picture	118_T_FFTRIAD_FF_bala_red.png	6713051	43200	1	1900	2	43200	1800
S023_DAY1_MINITWICE_4771	120	Picture	FF	6715451	0	1	43100	2	0	43200
S023_DAY1_MINITWICE_4771	120	Response	51	6725899	10448	1
S023_DAY1_MINITWICE_4771	120	Picture	119_T_FFTRIAD_FF_perro_red.png	6758551	43100	1	1900	2	43200	1800
S023_DAY1_MINITWICE_4771	121	Picture	FF	6760951	0	1	43099	2	0	43200
S023_DAY1_MINITWICE_4771	121	Response	52	6779434	18483	1
S023_DAY1_MINITWICE_4771	121	Picture	120_T_FFTRIAD_FF_telarana_red.png	6804050	43099	1	1900	2	43200	1800
S023_DAY1_MINITWICE_4771	122	Picture	rest	6806050	0	1	144099	2	0	144000
S023_DAY1_MINITWICE_4771	123	Picture	endrest	6950249	0	1	10100	2	0	10000
S023_DAY1_MINITWICE_4771	124	Picture	FF	6960749	0	1	43200	2	0	43200
S023_DAY1_MINITWICE_4771	124	Response	52	6978840	18091	2
S023_DAY1_MINITWICE_4771	124	Picture	123_T_FFTRIAD_FF_silla_red.png	7003949	43200	1	1900	2	43200	1800
S023_DAY1_MINITWICE_4771	125	Picture	FF	7006249	0	1	43200	2	0	43200
S023_DAY1_MINITWICE_4771	125	Response	52	7020387	14138	1
S023_DAY1_MINITWICE_4771	125	Picture	124_T_FFTRIAD_FF_botella_red.png	7049449	43200	1	1900	2	43200	1800
S023_DAY1_MINITWICE_4771	126	Picture	FF	7051848	0	2	43100	3	0	43200
S023_DAY1_MINITWICE_4771	126	Response	52	7079050	27202	1
S023_DAY1_MINITWICE_4771	126	Picture	125_T_FFTRIAD_FF_lenador_red.png	7094948	43100	1	1900	2	43200	1800
S023_DAY1_MINITWICE_4771	127	Picture	FF	7097248	0	1	43200	2	0	43200
S023_DAY1_MINITWICE_4771	127	Response	51	7109108	11860	1
S023_DAY1_MINITWICE_4771	127	Picture	126_T_FFTRIAD_FF_arbol_red.png	7140448	43200	1	1900	2	43200	1800
S023_DAY1_MINITWICE_4771	128	Picture	RW	7142748	0	1	43200	2	0	43200
S023_DAY1_MINITWICE_4771	128	Response	51	7158003	15255	1
S023_DAY1_MINITWICE_4771	128	Picture	127_T_RWTRIAD_RW_traje_red.png	7185948	43200	1	1900	2	43200	1800
S023_DAY1_MINITWICE_4771	129	Picture	RW	7188348	0	1	43099	2	0	43200
S023_DAY1_MINITWICE_4771	129	Response	51	7204392	16044	1
S023_DAY1_MINITWICE_4771	129	Picture	128_T_RWTRIAD_RW_granjero_red.png	7231447	43099	1	1900	2	43200	1800
S023_DAY1_MINITWICE_4771	130	Picture	RW	7233747	0	1	43200	2	0	43200
S023_DAY1_MINITWICE_4771	130	Response	52	7252098	18351	1
S023_DAY1_MINITWICE_4771	130	Picture	129_T_RWTRIAD_RW_oruga_red.png	7276947	43200	1	1900	2	43200	1800
S023_DAY1_MINITWICE_4771	131	Picture	RW	7279347	0	1	43100	2	0	43200
S023_DAY1_MINITWICE_4771	131	Picture	130_T_RWTRIAD_RW_estetoscopio_red.png	7322447	43100	1	1900	2	43200	1800
S023_DAY1_MINITWICE_4771	132	Picture	rest	7324447	0	1	144098	3	0	144000
S023_DAY1_MINITWICE_4771	132	Response	52	7330213	5766	1
S023_DAY1_MINITWICE_4771	133	Picture	endrest	7468646	0	1	10099	3	0	10000
S023_DAY1_MINITWICE_4771	134	Picture	FF	7479145	0	1	43100	2	0	43200
S023_DAY1_MINITWICE_4771	134	Response	52	7492557	13412	1
S023_DAY1_MINITWICE_4771	134	Picture	133_T_FFTRIAD_FF_destornillador_red.png	7522245	43100	1	1900	2	43200	1800
S023_DAY1_MINITWICE_4771	135	Picture	FF	7524545	0	1	43200	2	0	43200
S023_DAY1_MINITWICE_4771	135	Response	51	7537568	13023	1
S023_DAY1_MINITWICE_4771	135	Picture	134_T_FFTRIAD_FF_sapo_red.png	7567745	43200	1	1900	2	43200	1800
S023_DAY1_MINITWICE_4771	136	Picture	FF	7570045	0	1	43199	3	0	43200
S023_DAY1_MINITWICE_4771	136	Response	51	7583500	13455	2
S023_DAY1_MINITWICE_4771	136	Picture	135_T_FFTRIAD_FF_lana_red.png	7613244	43199	2	1900	4	43200	1800
S023_DAY1_MINITWICE_4771	137	Picture	FF	7615544	0	2	43200	3	0	43200
S023_DAY1_MINITWICE_4771	137	Response	51	7623565	8021	1
S023_DAY1_MINITWICE_4771	137	Picture	136_T_FFTRIAD_FF_huevos_red.png	7658744	43200	1	1900	2	43200	1800
S023_DAY1_MINITWICE_4771	138	Picture	rest	7660744	0	1	144099	2	0	144000
S023_DAY1_MINITWICE_4771	139	Picture	endrest	7804943	0	1	10100	2	0	10000
S023_DAY1_MINITWICE_4771	140	Picture	endrest	7815143	0	1	10100	2	0	10000
S023_DAY1_MINITWICE_4771	141	Picture	endrest	7825343	0	1	10100	2	0	10000
S023_DAY1_MINITWICE_4771	142	Picture	endrest	7835543	0	1	10100	2	0	10000
