Scenario - vOT_Triads_fMRI_II
Logfile written - 12/23/2015 13:23:58

Subject	Trial	Event Type	Code	Time	TTime	Uncertainty	Duration	Uncertainty	ReqTime	ReqDur

S024_DAY2_MINITWICE_5351	1	Pulse	99	532406	542327	NA
S024_DAY2_MINITWICE_5351	1	Port Input	1	532406	542327	NA
S024_DAY2_MINITWICE_5351	1	Pulse	99	568407	578328	NA
S024_DAY2_MINITWICE_5351	1	Port Input	1	568407	578328	NA
S024_DAY2_MINITWICE_5351	1	Pulse	99	604409	614330	NA
S024_DAY2_MINITWICE_5351	1	Port Input	1	604409	614330	NA
S024_DAY2_MINITWICE_5351	1	Pulse	99	640410	650331	NA
S024_DAY2_MINITWICE_5351	1	Port Input	1	640410	650331	NA
S024_DAY2_MINITWICE_5351	1	Pulse	99	676411	686332	NA
S024_DAY2_MINITWICE_5351	1	Port Input	1	676411	686332	NA
S024_DAY2_MINITWICE_5351	2	Picture	rest	676697	0	1	144099	3	0	144000
S024_DAY2_MINITWICE_5351	2	Pulse	99	712412	35715	NA
S024_DAY2_MINITWICE_5351	2	Port Input	1	712412	35715	NA
S024_DAY2_MINITWICE_5351	2	Pulse	99	748413	71716	NA
S024_DAY2_MINITWICE_5351	2	Port Input	1	748413	71716	NA
S024_DAY2_MINITWICE_5351	2	Pulse	99	784414	107717	NA
S024_DAY2_MINITWICE_5351	2	Port Input	1	784414	107717	NA
S024_DAY2_MINITWICE_5351	2	Pulse	99	820415	143718	NA
S024_DAY2_MINITWICE_5351	2	Port Input	1	820415	143718	NA
S024_DAY2_MINITWICE_5351	3	Picture	endrest	820896	0	1	10100	2	0	10000
S024_DAY2_MINITWICE_5351	4	Picture	PW	831396	0	1	43100	2	0	43200
S024_DAY2_MINITWICE_5351	4	Response	51	848278	16882	1
S024_DAY2_MINITWICE_5351	4	Pulse	99	856416	25020	NA
S024_DAY2_MINITWICE_5351	4	Port Input	1	856416	25020	NA
S024_DAY2_MINITWICE_5351	4	Picture	3_T_PWTRIAD_PW_oruga_red.png	874496	43100	1	1900	2	43200	1800
S024_DAY2_MINITWICE_5351	5	Picture	PW	876696	0	1	43200	2	0	43200
S024_DAY2_MINITWICE_5351	5	Pulse	99	892417	15721	NA
S024_DAY2_MINITWICE_5351	5	Port Input	1	892417	15721	NA
S024_DAY2_MINITWICE_5351	5	Response	51	896711	20015	1
S024_DAY2_MINITWICE_5351	5	Picture	4_T_PWTRIAD_PW_molino_red.png	919896	43200	1	1900	2	43200	1800
S024_DAY2_MINITWICE_5351	6	Picture	PW	922096	0	1	43100	2	0	43200
S024_DAY2_MINITWICE_5351	6	Pulse	99	928418	6322	NA
S024_DAY2_MINITWICE_5351	6	Port Input	1	928418	6322	NA
S024_DAY2_MINITWICE_5351	6	Response	52	941390	19294	1
S024_DAY2_MINITWICE_5351	6	Pulse	99	964419	42323	NA
S024_DAY2_MINITWICE_5351	6	Port Input	1	964419	42323	NA
S024_DAY2_MINITWICE_5351	6	Picture	5_T_PWTRIAD_PW_banera_red.png	965196	43100	1	1900	2	43200	1800
S024_DAY2_MINITWICE_5351	7	Picture	PW	967396	0	1	43200	2	0	43200
S024_DAY2_MINITWICE_5351	7	Response	51	982751	15355	1
S024_DAY2_MINITWICE_5351	7	Pulse	99	1000420	33024	NA
S024_DAY2_MINITWICE_5351	7	Port Input	1	1000420	33024	NA
S024_DAY2_MINITWICE_5351	7	Picture	6_T_PWTRIAD_PW_teclado_red.png	1010596	43200	1	1900	2	43200	1800
S024_DAY2_MINITWICE_5351	8	Picture	PW	1012896	0	1	43200	2	0	43200
S024_DAY2_MINITWICE_5351	8	Response	52	1033223	20327	1
S024_DAY2_MINITWICE_5351	8	Pulse	99	1036422	23526	NA
S024_DAY2_MINITWICE_5351	8	Port Input	1	1036422	23526	NA
S024_DAY2_MINITWICE_5351	8	Picture	7_T_PWTRIAD_PW_ancla_red.png	1056096	43200	1	1900	2	43200	1800
S024_DAY2_MINITWICE_5351	9	Picture	PW	1058396	0	1	43099	3	0	43200
S024_DAY2_MINITWICE_5351	9	Pulse	99	1072423	14027	NA
S024_DAY2_MINITWICE_5351	9	Port Input	1	1072423	14027	NA
S024_DAY2_MINITWICE_5351	9	Response	51	1075020	16624	1
S024_DAY2_MINITWICE_5351	9	Picture	8_T_PWTRIAD_PW_monja_red.png	1101495	43099	2	1900	4	43200	1800
S024_DAY2_MINITWICE_5351	10	Picture	PW	1103695	0	2	43200	3	0	43200
S024_DAY2_MINITWICE_5351	10	Pulse	99	1108424	4729	NA
S024_DAY2_MINITWICE_5351	10	Port Input	1	1108424	4729	NA
S024_DAY2_MINITWICE_5351	10	Response	52	1126284	22589	1
S024_DAY2_MINITWICE_5351	10	Pulse	99	1144425	40730	NA
S024_DAY2_MINITWICE_5351	10	Port Input	1	1144425	40730	NA
S024_DAY2_MINITWICE_5351	10	Picture	9_T_PWTRIAD_PW_almohada_red.png	1146895	43200	1	1900	2	43200	1800
S024_DAY2_MINITWICE_5351	11	Picture	PW	1149095	0	1	43200	2	0	43200
S024_DAY2_MINITWICE_5351	11	Response	51	1164077	14982	1
S024_DAY2_MINITWICE_5351	11	Pulse	99	1180426	31331	NA
S024_DAY2_MINITWICE_5351	11	Port Input	1	1180426	31331	NA
S024_DAY2_MINITWICE_5351	11	Picture	10_T_PWTRIAD_PW_gafas_red.png	1192295	43200	1	1900	2	43200	1800
S024_DAY2_MINITWICE_5351	12	Picture	rest	1194295	0	1	144100	2	0	144000
S024_DAY2_MINITWICE_5351	12	Pulse	99	1216427	22132	NA
S024_DAY2_MINITWICE_5351	12	Port Input	1	1216427	22132	NA
S024_DAY2_MINITWICE_5351	12	Pulse	99	1252428	58133	NA
S024_DAY2_MINITWICE_5351	12	Port Input	1	1252428	58133	NA
S024_DAY2_MINITWICE_5351	12	Pulse	99	1288429	94134	NA
S024_DAY2_MINITWICE_5351	12	Port Input	1	1288429	94134	NA
S024_DAY2_MINITWICE_5351	12	Pulse	99	1324430	130135	NA
S024_DAY2_MINITWICE_5351	12	Port Input	1	1324430	130135	NA
S024_DAY2_MINITWICE_5351	13	Picture	endrest	1338495	0	1	10100	2	0	10000
S024_DAY2_MINITWICE_5351	14	Picture	RW	1348895	0	1	43200	2	0	43200
S024_DAY2_MINITWICE_5351	14	Pulse	99	1360431	11536	NA
S024_DAY2_MINITWICE_5351	14	Port Input	1	1360431	11536	NA
S024_DAY2_MINITWICE_5351	14	Response	52	1364021	15126	1
S024_DAY2_MINITWICE_5351	14	Picture	13_T_RWTRIAD_RW_oruga_red.png	1392095	43200	1	1899	3	43200	1800
S024_DAY2_MINITWICE_5351	15	Picture	RW	1394294	0	2	43200	3	0	43200
S024_DAY2_MINITWICE_5351	15	Pulse	99	1396432	2138	NA
S024_DAY2_MINITWICE_5351	15	Port Input	1	1396432	2138	NA
S024_DAY2_MINITWICE_5351	15	Response	52	1405708	11414	1
S024_DAY2_MINITWICE_5351	15	Pulse	99	1432433	38139	NA
S024_DAY2_MINITWICE_5351	15	Port Input	1	1432433	38139	NA
S024_DAY2_MINITWICE_5351	15	Picture	14_T_RWTRIAD_RW_queso_red.png	1437494	43200	1	1900	3	43200	1800
S024_DAY2_MINITWICE_5351	16	Picture	RW	1439694	0	1	43200	2	0	43200
S024_DAY2_MINITWICE_5351	16	Response	51	1454725	15031	1
S024_DAY2_MINITWICE_5351	16	Pulse	99	1468435	28741	NA
S024_DAY2_MINITWICE_5351	16	Port Input	1	1468435	28741	NA
S024_DAY2_MINITWICE_5351	16	Picture	15_T_RWTRIAD_RW_candado_red.png	1482894	43200	1	1900	2	43200	1800
S024_DAY2_MINITWICE_5351	17	Picture	RW	1485194	0	1	43100	2	0	43200
S024_DAY2_MINITWICE_5351	17	Response	51	1496773	11579	1
S024_DAY2_MINITWICE_5351	17	Pulse	99	1504436	19242	NA
S024_DAY2_MINITWICE_5351	17	Port Input	1	1504436	19242	NA
S024_DAY2_MINITWICE_5351	17	Picture	16_T_RWTRIAD_RW_botella_red.png	1528294	43100	1	1900	2	43200	1800
S024_DAY2_MINITWICE_5351	18	Picture	RW	1530694	0	1	43100	2	0	43200
S024_DAY2_MINITWICE_5351	18	Pulse	99	1540437	9743	NA
S024_DAY2_MINITWICE_5351	18	Port Input	1	1540437	9743	NA
S024_DAY2_MINITWICE_5351	18	Response	52	1542958	12264	2
S024_DAY2_MINITWICE_5351	18	Picture	17_T_RWTRIAD_RW_mono_red.png	1573794	43100	1	1899	5	43200	1800
S024_DAY2_MINITWICE_5351	19	Picture	RW	1576094	0	1	43100	2	0	43200
S024_DAY2_MINITWICE_5351	19	Pulse	99	1576438	344	NA
S024_DAY2_MINITWICE_5351	19	Port Input	1	1576438	344	NA
S024_DAY2_MINITWICE_5351	19	Response	51	1591195	15101	1
S024_DAY2_MINITWICE_5351	19	Pulse	99	1612439	36345	NA
S024_DAY2_MINITWICE_5351	19	Port Input	1	1612439	36345	NA
S024_DAY2_MINITWICE_5351	19	Picture	18_T_RWTRIAD_RW_charco_red.png	1619194	43100	1	1900	2	43200	1800
S024_DAY2_MINITWICE_5351	20	Picture	RW	1621394	0	1	43200	2	0	43200
S024_DAY2_MINITWICE_5351	20	Response	52	1636151	14757	1
S024_DAY2_MINITWICE_5351	20	Pulse	99	1648440	27046	NA
S024_DAY2_MINITWICE_5351	20	Port Input	1	1648440	27046	NA
S024_DAY2_MINITWICE_5351	20	Picture	19_T_RWTRIAD_RW_anillo_red.png	1664594	43200	1	1900	2	43200	1800
S024_DAY2_MINITWICE_5351	21	Picture	RW	1666794	0	1	43199	3	0	43200
S024_DAY2_MINITWICE_5351	21	Response	51	1679234	12440	1
S024_DAY2_MINITWICE_5351	21	Pulse	99	1684441	17647	NA
S024_DAY2_MINITWICE_5351	21	Port Input	1	1684441	17647	NA
S024_DAY2_MINITWICE_5351	21	Picture	20_T_RWTRIAD_RW_telefono_red.png	1709993	43199	2	1900	4	43200	1800
S024_DAY2_MINITWICE_5351	22	Picture	rest	1711993	0	2	144100	3	0	144000
S024_DAY2_MINITWICE_5351	22	Pulse	99	1720442	8449	NA
S024_DAY2_MINITWICE_5351	22	Port Input	1	1720442	8449	NA
S024_DAY2_MINITWICE_5351	22	Pulse	99	1756443	44450	NA
S024_DAY2_MINITWICE_5351	22	Port Input	1	1756443	44450	NA
S024_DAY2_MINITWICE_5351	22	Pulse	99	1792444	80451	NA
S024_DAY2_MINITWICE_5351	22	Port Input	1	1792444	80451	NA
S024_DAY2_MINITWICE_5351	22	Pulse	99	1828445	116452	NA
S024_DAY2_MINITWICE_5351	22	Port Input	1	1828445	116452	NA
S024_DAY2_MINITWICE_5351	23	Picture	endrest	1856193	0	1	10100	2	0	10000
S024_DAY2_MINITWICE_5351	23	Pulse	99	1864447	8254	NA
S024_DAY2_MINITWICE_5351	23	Port Input	1	1864447	8254	NA
S024_DAY2_MINITWICE_5351	24	Picture	PW	1866493	0	1	43200	2	0	43200
S024_DAY2_MINITWICE_5351	24	Response	52	1883925	17432	2
S024_DAY2_MINITWICE_5351	24	Pulse	99	1900448	33955	NA
S024_DAY2_MINITWICE_5351	24	Port Input	1	1900448	33955	NA
S024_DAY2_MINITWICE_5351	24	Picture	23_T_PWTRIAD_PW_silla_red.png	1909693	43200	1	1900	2	43200	1800
S024_DAY2_MINITWICE_5351	25	Picture	PW	1911893	0	1	43200	2	0	43200
S024_DAY2_MINITWICE_5351	25	Response	52	1935361	23468	1
S024_DAY2_MINITWICE_5351	25	Pulse	99	1936449	24556	NA
S024_DAY2_MINITWICE_5351	25	Port Input	1	1936449	24556	NA
S024_DAY2_MINITWICE_5351	25	Picture	24_T_PWTRIAD_PW_telarana_red.png	1955093	43200	1	1900	2	43200	1800
S024_DAY2_MINITWICE_5351	26	Picture	PW	1957393	0	1	43099	3	0	43200
S024_DAY2_MINITWICE_5351	26	Pulse	99	1972450	15057	NA
S024_DAY2_MINITWICE_5351	26	Port Input	1	1972450	15057	NA
S024_DAY2_MINITWICE_5351	26	Response	51	1974733	17340	1
S024_DAY2_MINITWICE_5351	26	Picture	25_T_PWTRIAD_PW_manos_red.png	2000492	43099	2	1900	4	43200	1800
S024_DAY2_MINITWICE_5351	27	Picture	PW	2002693	0	1	43199	2	0	43200
S024_DAY2_MINITWICE_5351	27	Pulse	99	2008451	5758	NA
S024_DAY2_MINITWICE_5351	27	Port Input	1	2008451	5758	NA
S024_DAY2_MINITWICE_5351	27	Response	52	2030096	27403	2
S024_DAY2_MINITWICE_5351	27	Pulse	99	2044452	41759	NA
S024_DAY2_MINITWICE_5351	27	Port Input	1	2044452	41759	NA
S024_DAY2_MINITWICE_5351	27	Picture	26_T_PWTRIAD_PW_plato_red.png	2045892	43199	1	1900	2	43200	1800
S024_DAY2_MINITWICE_5351	28	Picture	RW	2048192	0	2	43200	3	0	43200
S024_DAY2_MINITWICE_5351	28	Response	52	2069978	21786	1
S024_DAY2_MINITWICE_5351	28	Pulse	99	2080453	32261	NA
S024_DAY2_MINITWICE_5351	28	Port Input	1	2080453	32261	NA
S024_DAY2_MINITWICE_5351	28	Picture	27_T_RWTRIAD_RW_sobre_red.png	2091392	43200	1	1900	3	43200	1800
S024_DAY2_MINITWICE_5351	29	Picture	RW	2093692	0	1	43100	2	0	43200
S024_DAY2_MINITWICE_5351	29	Response	51	2110129	16437	1
S024_DAY2_MINITWICE_5351	29	Pulse	99	2116454	22762	NA
S024_DAY2_MINITWICE_5351	29	Port Input	1	2116454	22762	NA
S024_DAY2_MINITWICE_5351	29	Picture	28_T_RWTRIAD_RW_lana_red.png	2136792	43100	1	1900	2	43200	1800
S024_DAY2_MINITWICE_5351	30	Picture	RW	2138992	0	1	43200	2	0	43200
S024_DAY2_MINITWICE_5351	30	Pulse	99	2152455	13463	NA
S024_DAY2_MINITWICE_5351	30	Port Input	1	2152455	13463	NA
S024_DAY2_MINITWICE_5351	30	Response	51	2156037	17045	1
S024_DAY2_MINITWICE_5351	30	Picture	29_T_RWTRIAD_RW_zanahoria_red.png	2182192	43200	1	1900	2	43200	1800
S024_DAY2_MINITWICE_5351	31	Picture	RW	2184492	0	1	43100	2	0	43200
S024_DAY2_MINITWICE_5351	31	Pulse	99	2188456	3964	NA
S024_DAY2_MINITWICE_5351	31	Port Input	1	2188456	3964	NA
S024_DAY2_MINITWICE_5351	31	Response	52	2201025	16533	1
S024_DAY2_MINITWICE_5351	31	Pulse	99	2224457	39965	NA
S024_DAY2_MINITWICE_5351	31	Port Input	1	2224457	39965	NA
S024_DAY2_MINITWICE_5351	31	Picture	30_T_RWTRIAD_RW_llave_red.png	2227592	43100	1	1900	2	43200	1800
S024_DAY2_MINITWICE_5351	32	Picture	rest	2229592	0	1	144099	2	0	144000
S024_DAY2_MINITWICE_5351	32	Pulse	99	2260458	30866	NA
S024_DAY2_MINITWICE_5351	32	Port Input	1	2260458	30866	NA
S024_DAY2_MINITWICE_5351	32	Pulse	99	2296459	66867	NA
S024_DAY2_MINITWICE_5351	32	Port Input	1	2296459	66867	NA
S024_DAY2_MINITWICE_5351	32	Pulse	99	2332461	102869	NA
S024_DAY2_MINITWICE_5351	32	Port Input	1	2332461	102869	NA
S024_DAY2_MINITWICE_5351	32	Pulse	99	2368462	138870	NA
S024_DAY2_MINITWICE_5351	32	Port Input	1	2368462	138870	NA
S024_DAY2_MINITWICE_5351	33	Picture	endrest	2373791	0	1	10100	2	0	10000
S024_DAY2_MINITWICE_5351	34	Picture	RW	2384291	0	1	43200	2	0	43200
S024_DAY2_MINITWICE_5351	34	Response	51	2399762	15471	1
S024_DAY2_MINITWICE_5351	34	Pulse	99	2404463	20172	NA
S024_DAY2_MINITWICE_5351	34	Port Input	1	2404463	20172	NA
S024_DAY2_MINITWICE_5351	34	Picture	33_T_RWTRIAD_RW_television_red.png	2427491	43200	1	1900	2	43200	1800
S024_DAY2_MINITWICE_5351	35	Picture	RW	2429791	0	1	43200	2	0	43200
S024_DAY2_MINITWICE_5351	35	Pulse	99	2440464	10673	NA
S024_DAY2_MINITWICE_5351	35	Port Input	1	2440464	10673	NA
S024_DAY2_MINITWICE_5351	35	Response	51	2444764	14973	1
S024_DAY2_MINITWICE_5351	35	Picture	34_T_RWTRIAD_RW_violin_red.png	2472991	43200	1	1900	2	43200	1800
S024_DAY2_MINITWICE_5351	36	Picture	RW	2475291	0	1	43200	2	0	43200
S024_DAY2_MINITWICE_5351	36	Pulse	99	2476465	1174	NA
S024_DAY2_MINITWICE_5351	36	Port Input	1	2476465	1174	NA
S024_DAY2_MINITWICE_5351	36	Response	52	2487116	11825	1
S024_DAY2_MINITWICE_5351	36	Pulse	99	2512466	37175	NA
S024_DAY2_MINITWICE_5351	36	Port Input	1	2512466	37175	NA
S024_DAY2_MINITWICE_5351	36	Picture	35_T_RWTRIAD_RW_lenador_red.png	2518491	43200	1	1900	2	43200	1800
S024_DAY2_MINITWICE_5351	37	Picture	RW	2520791	0	1	43199	3	0	43200
S024_DAY2_MINITWICE_5351	37	Response	52	2533705	12914	1
S024_DAY2_MINITWICE_5351	37	Pulse	99	2548467	27676	NA
S024_DAY2_MINITWICE_5351	37	Port Input	1	2548467	27676	NA
S024_DAY2_MINITWICE_5351	37	Picture	36_T_RWTRIAD_RW_arco_red.png	2563990	43199	2	1900	4	43200	1800
S024_DAY2_MINITWICE_5351	38	Picture	PW	2566090	0	2	43200	4	0	43200
S024_DAY2_MINITWICE_5351	38	Pulse	99	2584468	18378	NA
S024_DAY2_MINITWICE_5351	38	Port Input	1	2584468	18378	NA
S024_DAY2_MINITWICE_5351	38	Response	52	2584668	18578	1
S024_DAY2_MINITWICE_5351	38	Picture	37_T_PWTRIAD_PW_dedal_red.png	2609290	43200	2	1900	4	43200	1800
S024_DAY2_MINITWICE_5351	39	Picture	PW	2611490	0	2	43200	3	0	43200
S024_DAY2_MINITWICE_5351	39	Pulse	99	2620469	8979	NA
S024_DAY2_MINITWICE_5351	39	Port Input	1	2620469	8979	NA
S024_DAY2_MINITWICE_5351	39	Response	51	2628557	17067	1
S024_DAY2_MINITWICE_5351	39	Picture	38_T_PWTRIAD_PW_perro_red.png	2654690	43200	1	1900	2	43200	1800
S024_DAY2_MINITWICE_5351	39	Pulse	99	2656470	44980	NA
S024_DAY2_MINITWICE_5351	39	Port Input	1	2656470	44980	NA
S024_DAY2_MINITWICE_5351	40	Picture	PW	2656890	0	1	43200	2	0	43200
S024_DAY2_MINITWICE_5351	40	Response	51	2678999	22109	1
S024_DAY2_MINITWICE_5351	40	Pulse	99	2692471	35581	NA
S024_DAY2_MINITWICE_5351	40	Port Input	1	2692471	35581	NA
S024_DAY2_MINITWICE_5351	40	Picture	39_T_PWTRIAD_PW_tenedor_red.png	2700090	43200	1	1900	2	43200	1800
S024_DAY2_MINITWICE_5351	41	Picture	PW	2702490	0	1	43100	2	0	43200
S024_DAY2_MINITWICE_5351	41	Response	52	2723654	21164	1
S024_DAY2_MINITWICE_5351	41	Pulse	99	2728472	25982	NA
S024_DAY2_MINITWICE_5351	41	Port Input	1	2728472	25982	NA
S024_DAY2_MINITWICE_5351	41	Picture	40_T_PWTRIAD_PW_botella_red.png	2745590	43100	1	1900	2	43200	1800
S024_DAY2_MINITWICE_5351	42	Picture	rest	2747590	0	1	144100	2	0	144000
S024_DAY2_MINITWICE_5351	42	Pulse	99	2764474	16884	NA
S024_DAY2_MINITWICE_5351	42	Port Input	1	2764474	16884	NA
S024_DAY2_MINITWICE_5351	42	Pulse	99	2800475	52885	NA
S024_DAY2_MINITWICE_5351	42	Port Input	1	2800475	52885	NA
S024_DAY2_MINITWICE_5351	42	Pulse	99	2836476	88886	NA
S024_DAY2_MINITWICE_5351	42	Port Input	1	2836476	88886	NA
S024_DAY2_MINITWICE_5351	42	Pulse	99	2872477	124887	NA
S024_DAY2_MINITWICE_5351	42	Port Input	1	2872477	124887	NA
S024_DAY2_MINITWICE_5351	43	Picture	endrest	2891790	0	1	10099	3	0	10000
S024_DAY2_MINITWICE_5351	44	Picture	FF	2902190	0	1	43199	3	0	43200
S024_DAY2_MINITWICE_5351	44	Pulse	99	2908478	6288	NA
S024_DAY2_MINITWICE_5351	44	Port Input	1	2908478	6288	NA
S024_DAY2_MINITWICE_5351	44	Response	52	2917768	15578	1
S024_DAY2_MINITWICE_5351	44	Pulse	99	2944479	42289	NA
S024_DAY2_MINITWICE_5351	44	Port Input	1	2944479	42289	NA
S024_DAY2_MINITWICE_5351	44	Picture	43_T_FFTRIAD_FF_ascensor_red.png	2945389	43199	2	1900	3	43200	1800
S024_DAY2_MINITWICE_5351	45	Picture	FF	2947589	0	1	43100	2	0	43200
S024_DAY2_MINITWICE_5351	45	Response	51	2959436	11847	1
S024_DAY2_MINITWICE_5351	45	Pulse	99	2980480	32891	NA
S024_DAY2_MINITWICE_5351	45	Port Input	1	2980480	32891	NA
S024_DAY2_MINITWICE_5351	45	Picture	44_T_FFTRIAD_FF_estetoscopio_red.png	2990689	43100	1	1900	2	43200	1800
S024_DAY2_MINITWICE_5351	46	Picture	FF	2992889	0	1	43200	2	0	43200
S024_DAY2_MINITWICE_5351	46	Response	51	3012526	19637	1
S024_DAY2_MINITWICE_5351	46	Pulse	99	3016481	23592	NA
S024_DAY2_MINITWICE_5351	46	Port Input	1	3016481	23592	NA
S024_DAY2_MINITWICE_5351	46	Picture	45_T_FFTRIAD_FF_cortina_red.png	3036089	43200	1	1900	2	43200	1800
S024_DAY2_MINITWICE_5351	47	Picture	FF	3038189	0	1	43197	6	0	43200
S024_DAY2_MINITWICE_5351	47	Response	51	3051189	13000	2
S024_DAY2_MINITWICE_5351	47	Pulse	99	3052482	14293	NA
S024_DAY2_MINITWICE_5351	47	Port Input	1	3052482	14293	NA
S024_DAY2_MINITWICE_5351	47	Picture	46_T_FFTRIAD_FF_cuento_red.png	3081386	43197	5	1903	6	43200	1800
S024_DAY2_MINITWICE_5351	48	Picture	FF	3083689	0	1	43200	2	0	43200
S024_DAY2_MINITWICE_5351	48	Pulse	99	3088483	4794	NA
S024_DAY2_MINITWICE_5351	48	Port Input	1	3088483	4794	NA
S024_DAY2_MINITWICE_5351	48	Response	52	3095099	11410	1
S024_DAY2_MINITWICE_5351	48	Pulse	99	3124484	40795	NA
S024_DAY2_MINITWICE_5351	48	Port Input	1	3124484	40795	NA
S024_DAY2_MINITWICE_5351	48	Picture	47_T_FFTRIAD_FF_mono_red.png	3126889	43200	1	1900	2	43200	1800
S024_DAY2_MINITWICE_5351	49	Picture	FF	3129089	0	1	43200	2	0	43200
S024_DAY2_MINITWICE_5351	49	Response	51	3144479	15390	1
S024_DAY2_MINITWICE_5351	49	Pulse	99	3160485	31396	NA
S024_DAY2_MINITWICE_5351	49	Port Input	1	3160485	31396	NA
S024_DAY2_MINITWICE_5351	49	Picture	48_T_FFTRIAD_FF_lenador_red.png	3172289	43200	1	1900	2	43200	1800
S024_DAY2_MINITWICE_5351	50	Picture	FF	3174489	0	1	43099	3	0	43200
S024_DAY2_MINITWICE_5351	50	Response	52	3190328	15839	1
S024_DAY2_MINITWICE_5351	50	Pulse	99	3196487	21998	NA
S024_DAY2_MINITWICE_5351	50	Port Input	1	3196487	21998	NA
S024_DAY2_MINITWICE_5351	50	Picture	49_T_FFTRIAD_FF_esquimal_red.png	3217588	43099	2	1900	4	43200	1800
S024_DAY2_MINITWICE_5351	51	Picture	FF	3219788	0	2	43200	3	0	43200
S024_DAY2_MINITWICE_5351	51	Response	51	3231992	12204	1
S024_DAY2_MINITWICE_5351	51	Pulse	99	3232488	12700	NA
S024_DAY2_MINITWICE_5351	51	Port Input	1	3232488	12700	NA
S024_DAY2_MINITWICE_5351	51	Picture	50_T_FFTRIAD_FF_lana_red.png	3262988	43200	1	1900	2	43200	1800
S024_DAY2_MINITWICE_5351	52	Picture	rest	3264988	0	1	144100	2	0	144000
S024_DAY2_MINITWICE_5351	52	Pulse	99	3268489	3501	NA
S024_DAY2_MINITWICE_5351	52	Port Input	1	3268489	3501	NA
S024_DAY2_MINITWICE_5351	52	Pulse	99	3304490	39502	NA
S024_DAY2_MINITWICE_5351	52	Port Input	1	3304490	39502	NA
S024_DAY2_MINITWICE_5351	52	Pulse	99	3340491	75503	NA
S024_DAY2_MINITWICE_5351	52	Port Input	1	3340491	75503	NA
S024_DAY2_MINITWICE_5351	52	Pulse	99	3376492	111504	NA
S024_DAY2_MINITWICE_5351	52	Port Input	1	3376492	111504	NA
S024_DAY2_MINITWICE_5351	53	Picture	endrest	3409188	0	1	10100	2	0	10000
S024_DAY2_MINITWICE_5351	53	Pulse	99	3412493	3305	NA
S024_DAY2_MINITWICE_5351	53	Port Input	1	3412493	3305	NA
S024_DAY2_MINITWICE_5351	54	Picture	RW	3419688	0	1	43100	2	0	43200
S024_DAY2_MINITWICE_5351	54	Response	51	3432771	13083	1
S024_DAY2_MINITWICE_5351	54	Pulse	99	3448494	28806	NA
S024_DAY2_MINITWICE_5351	54	Port Input	1	3448494	28806	NA
S024_DAY2_MINITWICE_5351	54	Picture	53_T_RWTRIAD_RW_bala_red.png	3462788	43100	1	1900	2	43200	1800
S024_DAY2_MINITWICE_5351	55	Picture	RW	3465088	0	1	43199	3	0	43200
S024_DAY2_MINITWICE_5351	55	Response	51	3479774	14686	1
S024_DAY2_MINITWICE_5351	55	Pulse	99	3484495	19407	NA
S024_DAY2_MINITWICE_5351	55	Port Input	1	3484495	19407	NA
S024_DAY2_MINITWICE_5351	55	Picture	54_T_RWTRIAD_RW_tenedor_red.png	3508287	43199	2	1900	4	43200	1800
S024_DAY2_MINITWICE_5351	56	Picture	RW	3510487	0	2	43200	3	0	43200
S024_DAY2_MINITWICE_5351	56	Pulse	99	3520496	10009	NA
S024_DAY2_MINITWICE_5351	56	Port Input	1	3520496	10009	NA
S024_DAY2_MINITWICE_5351	56	Response	51	3523993	13506	1
S024_DAY2_MINITWICE_5351	56	Picture	55_T_RWTRIAD_RW_almohada_red.png	3553687	43200	1	1900	2	43200	1800
S024_DAY2_MINITWICE_5351	57	Picture	RW	3555987	0	1	43200	2	0	43200
S024_DAY2_MINITWICE_5351	57	Pulse	99	3556497	510	NA
S024_DAY2_MINITWICE_5351	57	Port Input	1	3556497	510	NA
S024_DAY2_MINITWICE_5351	57	Response	52	3569371	13384	1
S024_DAY2_MINITWICE_5351	57	Pulse	99	3592499	36512	NA
S024_DAY2_MINITWICE_5351	57	Port Input	1	3592499	36512	NA
S024_DAY2_MINITWICE_5351	57	Picture	56_T_RWTRIAD_RW_bellota_red.png	3599187	43200	1	1900	2	43200	1800
S024_DAY2_MINITWICE_5351	58	Picture	FF	3601487	0	1	43200	2	0	43200
S024_DAY2_MINITWICE_5351	58	Response	52	3612210	10723	1
S024_DAY2_MINITWICE_5351	58	Pulse	99	3628500	27013	NA
S024_DAY2_MINITWICE_5351	58	Port Input	1	3628500	27013	NA
S024_DAY2_MINITWICE_5351	58	Picture	57_T_FFTRIAD_FF_iglu_red.png	3644687	43200	1	1900	2	43200	1800
S024_DAY2_MINITWICE_5351	59	Picture	FF	3646887	0	1	43100	2	0	43200
S024_DAY2_MINITWICE_5351	59	Response	52	3657407	10520	1
S024_DAY2_MINITWICE_5351	59	Pulse	99	3664501	17614	NA
S024_DAY2_MINITWICE_5351	59	Port Input	1	3664501	17614	NA
S024_DAY2_MINITWICE_5351	59	Picture	58_T_FFTRIAD_FF_destornillador_red.png	3689987	43100	1	1900	2	43200	1800
S024_DAY2_MINITWICE_5351	60	Picture	FF	3692087	0	1	43200	2	0	43200
S024_DAY2_MINITWICE_5351	60	Pulse	99	3700502	8415	NA
S024_DAY2_MINITWICE_5351	60	Port Input	1	3700502	8415	NA
S024_DAY2_MINITWICE_5351	60	Response	51	3702419	10332	1
S024_DAY2_MINITWICE_5351	60	Picture	59_T_FFTRIAD_FF_dado_red.png	3735287	43200	1	1900	2	43200	1800
S024_DAY2_MINITWICE_5351	60	Pulse	99	3736503	44416	NA
S024_DAY2_MINITWICE_5351	60	Port Input	1	3736503	44416	NA
S024_DAY2_MINITWICE_5351	61	Picture	FF	3737587	0	1	43100	2	0	43200
S024_DAY2_MINITWICE_5351	61	Response	51	3754551	16964	1
S024_DAY2_MINITWICE_5351	61	Pulse	99	3772504	34917	NA
S024_DAY2_MINITWICE_5351	61	Port Input	1	3772504	34917	NA
S024_DAY2_MINITWICE_5351	61	Picture	60_T_FFTRIAD_FF_anillo_red.png	3780687	43100	1	1900	2	43200	1800
S024_DAY2_MINITWICE_5351	62	Picture	rest	3782687	0	1	144099	2	0	144000
S024_DAY2_MINITWICE_5351	62	Pulse	99	3808505	25818	NA
S024_DAY2_MINITWICE_5351	62	Port Input	1	3808505	25818	NA
S024_DAY2_MINITWICE_5351	62	Pulse	99	3844506	61819	NA
S024_DAY2_MINITWICE_5351	62	Port Input	1	3844506	61819	NA
S024_DAY2_MINITWICE_5351	62	Pulse	99	3880507	97820	NA
S024_DAY2_MINITWICE_5351	62	Port Input	1	3880507	97820	NA
S024_DAY2_MINITWICE_5351	62	Pulse	99	3916508	133821	NA
S024_DAY2_MINITWICE_5351	62	Port Input	1	3916508	133821	NA
S024_DAY2_MINITWICE_5351	63	Picture	endrest	3926886	0	1	10100	2	0	10000
S024_DAY2_MINITWICE_5351	64	Picture	PW	3937386	0	1	43200	2	0	43200
S024_DAY2_MINITWICE_5351	64	Pulse	99	3952509	15123	NA
S024_DAY2_MINITWICE_5351	64	Port Input	1	3952509	15123	NA
S024_DAY2_MINITWICE_5351	64	Response	51	3952772	15386	1
S024_DAY2_MINITWICE_5351	64	Picture	63_T_PWTRIAD_PW_chupete_red.png	3980586	43200	1	1900	2	43200	1800
S024_DAY2_MINITWICE_5351	65	Picture	PW	3982886	0	1	43100	2	0	43200
S024_DAY2_MINITWICE_5351	65	Pulse	99	3988510	5624	NA
S024_DAY2_MINITWICE_5351	65	Port Input	1	3988510	5624	NA
S024_DAY2_MINITWICE_5351	65	Response	51	3999411	16525	2
S024_DAY2_MINITWICE_5351	65	Pulse	99	4024512	41626	NA
S024_DAY2_MINITWICE_5351	65	Port Input	1	4024512	41626	NA
S024_DAY2_MINITWICE_5351	65	Picture	64_T_PWTRIAD_PW_dado_red.png	4025986	43100	1	1900	2	43200	1800
S024_DAY2_MINITWICE_5351	66	Picture	PW	4028186	0	1	43200	2	0	43200
S024_DAY2_MINITWICE_5351	66	Response	51	4049870	21684	1
S024_DAY2_MINITWICE_5351	66	Pulse	99	4060513	32327	NA
S024_DAY2_MINITWICE_5351	66	Port Input	1	4060513	32327	NA
S024_DAY2_MINITWICE_5351	66	Picture	65_T_PWTRIAD_PW_novia_red.png	4071386	43200	1	1900	2	43200	1800
S024_DAY2_MINITWICE_5351	67	Picture	PW	4073586	0	1	43099	3	0	43200
S024_DAY2_MINITWICE_5351	67	Response	52	4092216	18630	1
S024_DAY2_MINITWICE_5351	67	Pulse	99	4096514	22928	NA
S024_DAY2_MINITWICE_5351	67	Port Input	1	4096514	22928	NA
S024_DAY2_MINITWICE_5351	67	Picture	66_T_PWTRIAD_PW_ascensor_red.png	4116685	43099	2	1900	4	43200	1800
S024_DAY2_MINITWICE_5351	68	Picture	FF	4118985	0	2	43200	3	0	43200
S024_DAY2_MINITWICE_5351	68	Response	51	4132187	13202	1
S024_DAY2_MINITWICE_5351	68	Pulse	99	4132515	13530	NA
S024_DAY2_MINITWICE_5351	68	Port Input	1	4132515	13530	NA
S024_DAY2_MINITWICE_5351	68	Picture	67_T_FFTRIAD_FF_violin_red.png	4162185	43200	1	1900	2	43200	1800
S024_DAY2_MINITWICE_5351	69	Picture	FF	4164385	0	1	43200	2	0	43200
S024_DAY2_MINITWICE_5351	69	Pulse	99	4168516	4131	NA
S024_DAY2_MINITWICE_5351	69	Port Input	1	4168516	4131	NA
S024_DAY2_MINITWICE_5351	69	Response	51	4188959	24574	1
S024_DAY2_MINITWICE_5351	69	Pulse	99	4204517	40132	NA
S024_DAY2_MINITWICE_5351	69	Port Input	1	4204517	40132	NA
S024_DAY2_MINITWICE_5351	69	Picture	68_T_FFTRIAD_FF_pincel_red.png	4207585	43200	1	1900	2	43200	1800
S024_DAY2_MINITWICE_5351	70	Picture	FF	4209785	0	1	43200	2	0	43200
S024_DAY2_MINITWICE_5351	70	Response	51	4223155	13370	1
S024_DAY2_MINITWICE_5351	70	Pulse	99	4240518	30733	NA
S024_DAY2_MINITWICE_5351	70	Port Input	1	4240518	30733	NA
S024_DAY2_MINITWICE_5351	70	Picture	69_T_FFTRIAD_FF_charco_red.png	4252985	43200	1	1900	2	43200	1800
S024_DAY2_MINITWICE_5351	71	Picture	FF	4255185	0	1	43200	2	0	43200
S024_DAY2_MINITWICE_5351	71	Response	52	4267440	12255	1
S024_DAY2_MINITWICE_5351	71	Pulse	99	4276519	21334	NA
S024_DAY2_MINITWICE_5351	71	Port Input	1	4276519	21334	NA
S024_DAY2_MINITWICE_5351	71	Picture	70_T_FFTRIAD_FF_paraguas_red.png	4298385	43200	1	1900	2	43200	1800
S024_DAY2_MINITWICE_5351	72	Picture	rest	4300385	0	1	144099	3	0	144000
S024_DAY2_MINITWICE_5351	72	Pulse	99	4312520	12135	NA
S024_DAY2_MINITWICE_5351	72	Port Input	1	4312520	12135	NA
S024_DAY2_MINITWICE_5351	72	Pulse	99	4348521	48136	NA
S024_DAY2_MINITWICE_5351	72	Port Input	1	4348521	48136	NA
S024_DAY2_MINITWICE_5351	72	Pulse	99	4384522	84137	NA
S024_DAY2_MINITWICE_5351	72	Port Input	1	4384522	84137	NA
S024_DAY2_MINITWICE_5351	72	Pulse	99	4420523	120138	NA
S024_DAY2_MINITWICE_5351	72	Port Input	1	4420523	120138	NA
S024_DAY2_MINITWICE_5351	73	Picture	endrest	4444584	0	1	10100	2	0	10000
S024_DAY2_MINITWICE_5351	74	Picture	PW	4455084	0	2	43100	3	0	43200
S024_DAY2_MINITWICE_5351	74	Pulse	99	4456525	1441	NA
S024_DAY2_MINITWICE_5351	74	Port Input	1	4456525	1441	NA
S024_DAY2_MINITWICE_5351	74	Response	52	4467622	12538	1
S024_DAY2_MINITWICE_5351	74	Pulse	99	4492526	37442	NA
S024_DAY2_MINITWICE_5351	74	Port Input	1	4492526	37442	NA
S024_DAY2_MINITWICE_5351	74	Picture	73_T_PWTRIAD_PW_lana_red.png	4498184	43100	1	1900	2	43200	1800
S024_DAY2_MINITWICE_5351	75	Picture	PW	4500484	0	1	43100	2	0	43200
S024_DAY2_MINITWICE_5351	75	Response	51	4519942	19458	1
S024_DAY2_MINITWICE_5351	75	Pulse	99	4528527	28043	NA
S024_DAY2_MINITWICE_5351	75	Port Input	1	4528527	28043	NA
S024_DAY2_MINITWICE_5351	75	Picture	74_T_PWTRIAD_PW_anillo_red.png	4543584	43100	1	1900	2	43200	1800
S024_DAY2_MINITWICE_5351	76	Picture	PW	4545884	0	1	43100	2	0	43200
S024_DAY2_MINITWICE_5351	76	Response	52	4563065	17181	1
S024_DAY2_MINITWICE_5351	76	Pulse	99	4564528	18644	NA
S024_DAY2_MINITWICE_5351	76	Port Input	1	4564528	18644	NA
S024_DAY2_MINITWICE_5351	76	Picture	75_T_PWTRIAD_PW_futbol_red.png	4588984	43100	1	1900	2	43200	1800
S024_DAY2_MINITWICE_5351	77	Picture	PW	4591184	0	1	43100	2	0	43200
S024_DAY2_MINITWICE_5351	77	Pulse	99	4600529	9345	NA
S024_DAY2_MINITWICE_5351	77	Port Input	1	4600529	9345	NA
S024_DAY2_MINITWICE_5351	77	Response	51	4607353	16169	1
S024_DAY2_MINITWICE_5351	77	Picture	76_T_PWTRIAD_PW_agua_red.png	4634284	43100	1	1900	2	43200	1800
S024_DAY2_MINITWICE_5351	77	Pulse	99	4636530	45346	NA
S024_DAY2_MINITWICE_5351	77	Port Input	1	4636530	45346	NA
S024_DAY2_MINITWICE_5351	78	Picture	PW	4636584	0	1	43100	2	0	43200
S024_DAY2_MINITWICE_5351	78	Response	51	4663598	27014	1
S024_DAY2_MINITWICE_5351	78	Pulse	99	4672531	35947	NA
S024_DAY2_MINITWICE_5351	78	Port Input	1	4672531	35947	NA
S024_DAY2_MINITWICE_5351	78	Picture	77_T_PWTRIAD_PW_television_red.png	4679684	43100	1	1900	2	43200	1800
S024_DAY2_MINITWICE_5351	79	Picture	PW	4681884	0	1	43199	3	0	43200
S024_DAY2_MINITWICE_5351	79	Response	52	4698161	16277	1
S024_DAY2_MINITWICE_5351	79	Pulse	99	4708532	26648	NA
S024_DAY2_MINITWICE_5351	79	Port Input	1	4708532	26648	NA
S024_DAY2_MINITWICE_5351	79	Picture	78_T_PWTRIAD_PW_queso_red.png	4725083	43199	2	1900	3	43200	1800
S024_DAY2_MINITWICE_5351	80	Picture	PW	4727283	0	2	43100	3	0	43200
S024_DAY2_MINITWICE_5351	80	Response	51	4741526	14243	1
S024_DAY2_MINITWICE_5351	80	Pulse	99	4744533	17250	NA
S024_DAY2_MINITWICE_5351	80	Port Input	1	4744533	17250	NA
S024_DAY2_MINITWICE_5351	80	Picture	79_T_PWTRIAD_PW_arco_red.png	4770383	43100	1	1900	2	43200	1800
S024_DAY2_MINITWICE_5351	81	Picture	PW	4772683	0	1	43100	2	0	43200
S024_DAY2_MINITWICE_5351	81	Pulse	99	4780534	7851	NA
S024_DAY2_MINITWICE_5351	81	Port Input	1	4780534	7851	NA
S024_DAY2_MINITWICE_5351	81	Response	51	4791227	18544	1
S024_DAY2_MINITWICE_5351	81	Picture	80_T_PWTRIAD_PW_granjero_red.png	4815783	43100	1	1900	2	43200	1800
S024_DAY2_MINITWICE_5351	81	Pulse	99	4816535	43852	NA
S024_DAY2_MINITWICE_5351	81	Port Input	1	4816535	43852	NA
S024_DAY2_MINITWICE_5351	82	Picture	rest	4817783	0	1	144100	2	0	144000
S024_DAY2_MINITWICE_5351	82	Pulse	99	4852536	34753	NA
S024_DAY2_MINITWICE_5351	82	Port Input	1	4852536	34753	NA
S024_DAY2_MINITWICE_5351	82	Pulse	99	4888538	70755	NA
S024_DAY2_MINITWICE_5351	82	Port Input	1	4888538	70755	NA
S024_DAY2_MINITWICE_5351	82	Pulse	99	4924539	106756	NA
S024_DAY2_MINITWICE_5351	82	Port Input	1	4924539	106756	NA
S024_DAY2_MINITWICE_5351	82	Pulse	99	4960540	142757	NA
S024_DAY2_MINITWICE_5351	82	Port Input	1	4960540	142757	NA
S024_DAY2_MINITWICE_5351	83	Picture	endrest	4961983	0	1	10100	2	0	10000
S024_DAY2_MINITWICE_5351	84	Picture	RW	4972383	0	1	43199	3	0	43200
S024_DAY2_MINITWICE_5351	84	Response	52	4985385	13002	1
S024_DAY2_MINITWICE_5351	84	Pulse	99	4996541	24158	NA
S024_DAY2_MINITWICE_5351	84	Port Input	1	4996541	24158	NA
S024_DAY2_MINITWICE_5351	84	Picture	83_T_RWTRIAD_RW_tijera_red.png	5015582	43199	2	1900	4	43200	1800
S024_DAY2_MINITWICE_5351	85	Picture	RW	5017882	0	2	43100	3	0	43200
S024_DAY2_MINITWICE_5351	85	Pulse	99	5032542	14660	NA
S024_DAY2_MINITWICE_5351	85	Port Input	1	5032542	14660	NA
S024_DAY2_MINITWICE_5351	85	Response	52	5046434	28552	5
S024_DAY2_MINITWICE_5351	85	Picture	84_T_RWTRIAD_RW_pluma_red.png	5060982	43100	1	1900	2	43200	1800
S024_DAY2_MINITWICE_5351	86	Picture	RW	5063082	0	1	43200	2	0	43200
S024_DAY2_MINITWICE_5351	86	Pulse	99	5068543	5461	NA
S024_DAY2_MINITWICE_5351	86	Port Input	1	5068543	5461	NA
S024_DAY2_MINITWICE_5351	86	Response	51	5075353	12271	1
S024_DAY2_MINITWICE_5351	86	Pulse	99	5104544	41462	NA
S024_DAY2_MINITWICE_5351	86	Port Input	1	5104544	41462	NA
S024_DAY2_MINITWICE_5351	86	Picture	85_T_RWTRIAD_RW_telarana_red.png	5106282	43200	1	1900	2	43200	1800
S024_DAY2_MINITWICE_5351	87	Picture	RW	5108482	0	1	43100	2	0	43200
S024_DAY2_MINITWICE_5351	87	Response	52	5126084	17602	2
S024_DAY2_MINITWICE_5351	87	Pulse	99	5140545	32063	NA
S024_DAY2_MINITWICE_5351	87	Port Input	1	5140545	32063	NA
S024_DAY2_MINITWICE_5351	87	Picture	86_T_RWTRIAD_RW_pincel_red.png	5151582	43100	1	1900	2	43200	1800
S024_DAY2_MINITWICE_5351	88	Picture	RW	5153882	0	1	43200	2	0	43200
S024_DAY2_MINITWICE_5351	88	Response	52	5169563	15681	1
S024_DAY2_MINITWICE_5351	88	Pulse	99	5176546	22664	NA
S024_DAY2_MINITWICE_5351	88	Port Input	1	5176546	22664	NA
S024_DAY2_MINITWICE_5351	88	Picture	87_T_RWTRIAD_RW_grapadora_red.png	5197082	43200	1	1899	3	43200	1800
S024_DAY2_MINITWICE_5351	89	Picture	RW	5199281	0	2	43100	4	0	43200
S024_DAY2_MINITWICE_5351	89	Pulse	99	5212547	13266	NA
S024_DAY2_MINITWICE_5351	89	Port Input	1	5212547	13266	NA
S024_DAY2_MINITWICE_5351	89	Response	52	5215265	15984	1
S024_DAY2_MINITWICE_5351	89	Picture	88_T_RWTRIAD_RW_silla_red.png	5242381	43100	2	1901	3	43200	1800
S024_DAY2_MINITWICE_5351	90	Picture	RW	5244582	0	1	43100	2	0	43200
S024_DAY2_MINITWICE_5351	90	Pulse	99	5248548	3966	NA
S024_DAY2_MINITWICE_5351	90	Port Input	1	5248548	3966	NA
S024_DAY2_MINITWICE_5351	90	Response	51	5258119	13537	2
S024_DAY2_MINITWICE_5351	90	Pulse	99	5284550	39968	NA
S024_DAY2_MINITWICE_5351	90	Port Input	1	5284550	39968	NA
S024_DAY2_MINITWICE_5351	90	Picture	89_T_RWTRIAD_RW_carruaje_red.png	5287682	43100	1	1900	2	43200	1800
S024_DAY2_MINITWICE_5351	91	Picture	RW	5289881	0	2	43100	4	0	43200
S024_DAY2_MINITWICE_5351	91	Response	52	5302430	12549	1
S024_DAY2_MINITWICE_5351	91	Pulse	99	5320551	30670	NA
S024_DAY2_MINITWICE_5351	91	Port Input	1	5320551	30670	NA
S024_DAY2_MINITWICE_5351	91	Picture	90_T_RWTRIAD_RW_destornillador_red.png	5332981	43100	2	1900	3	43200	1800
S024_DAY2_MINITWICE_5351	92	Picture	rest	5334981	0	1	144100	2	0	144000
S024_DAY2_MINITWICE_5351	92	Pulse	99	5356552	21571	NA
S024_DAY2_MINITWICE_5351	92	Port Input	1	5356552	21571	NA
S024_DAY2_MINITWICE_5351	92	Pulse	99	5392553	57572	NA
S024_DAY2_MINITWICE_5351	92	Port Input	1	5392553	57572	NA
S024_DAY2_MINITWICE_5351	92	Pulse	99	5428554	93573	NA
S024_DAY2_MINITWICE_5351	92	Port Input	1	5428554	93573	NA
S024_DAY2_MINITWICE_5351	92	Pulse	99	5464555	129574	NA
S024_DAY2_MINITWICE_5351	92	Port Input	1	5464555	129574	NA
S024_DAY2_MINITWICE_5351	93	Picture	endrest	5479181	0	1	10100	2	0	10000
S024_DAY2_MINITWICE_5351	94	Picture	FF	5489581	0	1	43200	2	0	43200
S024_DAY2_MINITWICE_5351	94	Pulse	99	5500556	10975	NA
S024_DAY2_MINITWICE_5351	94	Port Input	1	5500556	10975	NA
S024_DAY2_MINITWICE_5351	94	Response	51	5500807	11226	1
S024_DAY2_MINITWICE_5351	94	Picture	93_T_FFTRIAD_FF_television_red.png	5532781	43200	1	1900	2	43200	1800
S024_DAY2_MINITWICE_5351	95	Picture	FF	5534981	0	1	43200	2	0	43200
S024_DAY2_MINITWICE_5351	95	Pulse	99	5536557	1576	NA
S024_DAY2_MINITWICE_5351	95	Port Input	1	5536557	1576	NA
S024_DAY2_MINITWICE_5351	95	Response	51	5543903	8922	1
S024_DAY2_MINITWICE_5351	95	Pulse	99	5572558	37577	NA
S024_DAY2_MINITWICE_5351	95	Port Input	1	5572558	37577	NA
S024_DAY2_MINITWICE_5351	95	Picture	94_T_FFTRIAD_FF_candado_red.png	5578181	43200	1	1899	3	43200	1800
S024_DAY2_MINITWICE_5351	96	Picture	FF	5580381	0	1	43099	3	0	43200
S024_DAY2_MINITWICE_5351	96	Response	51	5595360	14979	1
S024_DAY2_MINITWICE_5351	96	Pulse	99	5608559	28178	NA
S024_DAY2_MINITWICE_5351	96	Port Input	1	5608559	28178	NA
S024_DAY2_MINITWICE_5351	96	Picture	95_T_FFTRIAD_FF_futbol_red.png	5623480	43099	2	1900	4	43200	1800
S024_DAY2_MINITWICE_5351	97	Picture	FF	5625780	0	1	43100	2	0	43200
S024_DAY2_MINITWICE_5351	97	Response	51	5636282	10502	1
S024_DAY2_MINITWICE_5351	97	Pulse	99	5644560	18780	NA
S024_DAY2_MINITWICE_5351	97	Port Input	1	5644560	18780	NA
S024_DAY2_MINITWICE_5351	97	Picture	96_T_FFTRIAD_FF_grapadora_red.png	5668880	43100	1	1900	2	43200	1800
S024_DAY2_MINITWICE_5351	98	Picture	RW	5671180	0	1	43200	2	0	43200
S024_DAY2_MINITWICE_5351	98	Pulse	99	5680561	9381	NA
S024_DAY2_MINITWICE_5351	98	Port Input	1	5680561	9381	NA
S024_DAY2_MINITWICE_5351	98	Response	51	5687596	16416	1
S024_DAY2_MINITWICE_5351	98	Picture	97_T_RWTRIAD_RW_ancla_red.png	5714380	43200	1	1900	2	43200	1800
S024_DAY2_MINITWICE_5351	98	Pulse	99	5716563	45383	NA
S024_DAY2_MINITWICE_5351	98	Port Input	1	5716563	45383	NA
S024_DAY2_MINITWICE_5351	99	Picture	RW	5716680	0	1	43091	17	0	43200
S024_DAY2_MINITWICE_5351	99	Response	52	5741116	24436	1
S024_DAY2_MINITWICE_5351	99	Pulse	99	5752564	35884	NA
S024_DAY2_MINITWICE_5351	99	Port Input	1	5752564	35884	NA
S024_DAY2_MINITWICE_5351	99	Picture	98_T_RWTRIAD_RW_molino_red.png	5759771	43091	16	1809	17	43200	1800
S024_DAY2_MINITWICE_5351	100	Picture	RW	5761880	0	1	43100	2	0	43200
S024_DAY2_MINITWICE_5351	100	Response	51	5783390	21510	1
S024_DAY2_MINITWICE_5351	100	Pulse	99	5788565	26685	NA
S024_DAY2_MINITWICE_5351	100	Port Input	1	5788565	26685	NA
S024_DAY2_MINITWICE_5351	100	Picture	99_T_RWTRIAD_RW_paracaidas_red.png	5804980	43100	1	1900	2	43200	1800
S024_DAY2_MINITWICE_5351	101	Picture	RW	5807180	0	1	43100	2	0	43200
S024_DAY2_MINITWICE_5351	101	Response	52	5818795	11615	1
S024_DAY2_MINITWICE_5351	101	Pulse	99	5824566	17386	NA
S024_DAY2_MINITWICE_5351	101	Port Input	1	5824566	17386	NA
S024_DAY2_MINITWICE_5351	101	Picture	100_T_RWTRIAD_RW_sombrilla_red.png	5850280	43100	1	1900	2	43200	1800
S024_DAY2_MINITWICE_5351	102	Picture	rest	5852280	0	1	144099	2	0	144000
S024_DAY2_MINITWICE_5351	102	Pulse	99	5860567	8287	NA
S024_DAY2_MINITWICE_5351	102	Port Input	1	5860567	8287	NA
S024_DAY2_MINITWICE_5351	102	Pulse	99	5896568	44288	NA
S024_DAY2_MINITWICE_5351	102	Port Input	1	5896568	44288	NA
S024_DAY2_MINITWICE_5351	102	Pulse	99	5932569	80289	NA
S024_DAY2_MINITWICE_5351	102	Port Input	1	5932569	80289	NA
S024_DAY2_MINITWICE_5351	102	Pulse	99	5968570	116290	NA
S024_DAY2_MINITWICE_5351	102	Port Input	1	5968570	116290	NA
S024_DAY2_MINITWICE_5351	103	Picture	endrest	5996479	0	1	10100	2	0	10000
S024_DAY2_MINITWICE_5351	103	Pulse	99	6004571	8092	NA
S024_DAY2_MINITWICE_5351	103	Port Input	1	6004571	8092	NA
S024_DAY2_MINITWICE_5351	104	Picture	FF	6006879	0	1	43100	2	0	43200
S024_DAY2_MINITWICE_5351	104	Response	51	6016626	9747	1
S024_DAY2_MINITWICE_5351	104	Pulse	99	6040572	33693	NA
S024_DAY2_MINITWICE_5351	104	Port Input	1	6040572	33693	NA
S024_DAY2_MINITWICE_5351	104	Picture	103_T_FFTRIAD_FF_sombrilla_red.png	6049979	43100	1	1900	2	43200	1800
S024_DAY2_MINITWICE_5351	105	Picture	FF	6052179	0	1	43200	2	0	43200
S024_DAY2_MINITWICE_5351	105	Response	52	6059986	7807	2
S024_DAY2_MINITWICE_5351	105	Pulse	99	6076573	24394	NA
S024_DAY2_MINITWICE_5351	105	Port Input	1	6076573	24394	NA
S024_DAY2_MINITWICE_5351	105	Picture	104_T_FFTRIAD_FF_bala_red.png	6095379	43200	1	1900	2	43200	1800
S024_DAY2_MINITWICE_5351	106	Picture	FF	6097579	0	1	43100	2	0	43200
S024_DAY2_MINITWICE_5351	106	Response	51	6108031	10452	1
S024_DAY2_MINITWICE_5351	106	Pulse	99	6112574	14995	NA
S024_DAY2_MINITWICE_5351	106	Port Input	1	6112574	14995	NA
S024_DAY2_MINITWICE_5351	106	Picture	105_T_FFTRIAD_FF_portatil_red.png	6140679	43100	1	1899	16	43200	1800
S024_DAY2_MINITWICE_5351	107	Picture	FF	6142979	0	1	43100	2	0	43200
S024_DAY2_MINITWICE_5351	107	Pulse	99	6148576	5597	NA
S024_DAY2_MINITWICE_5351	107	Port Input	1	6148576	5597	NA
S024_DAY2_MINITWICE_5351	107	Response	52	6154138	11159	1
S024_DAY2_MINITWICE_5351	107	Pulse	99	6184577	41598	NA
S024_DAY2_MINITWICE_5351	107	Port Input	1	6184577	41598	NA
S024_DAY2_MINITWICE_5351	107	Picture	106_T_FFTRIAD_FF_murcielago_red.png	6186079	43100	1	1900	2	43200	1800
S024_DAY2_MINITWICE_5351	108	Picture	FF	6188379	0	1	43099	2	0	43200
S024_DAY2_MINITWICE_5351	108	Response	52	6196602	8223	2
S024_DAY2_MINITWICE_5351	108	Pulse	99	6220578	32199	NA
S024_DAY2_MINITWICE_5351	108	Port Input	1	6220578	32199	NA
S024_DAY2_MINITWICE_5351	108	Picture	107_T_FFTRIAD_FF_telarana_red.png	6231478	43099	1	1900	2	43200	1800
S024_DAY2_MINITWICE_5351	109	Picture	FF	6233678	0	1	43100	2	0	43200
S024_DAY2_MINITWICE_5351	109	Response	51	6241634	7956	2
S024_DAY2_MINITWICE_5351	109	Pulse	99	6256579	22901	NA
S024_DAY2_MINITWICE_5351	109	Port Input	1	6256579	22901	NA
S024_DAY2_MINITWICE_5351	109	Picture	108_T_FFTRIAD_FF_perro_red.png	6276778	43100	1	1900	2	43200	1800
S024_DAY2_MINITWICE_5351	110	Picture	FF	6278978	0	1	43200	2	0	43200
S024_DAY2_MINITWICE_5351	110	Response	51	6287829	8851	2
S024_DAY2_MINITWICE_5351	110	Pulse	99	6292580	13602	NA
S024_DAY2_MINITWICE_5351	110	Port Input	1	6292580	13602	NA
S024_DAY2_MINITWICE_5351	110	Picture	109_T_FFTRIAD_FF_tenedor_red.png	6322178	43200	1	1900	2	43200	1800
S024_DAY2_MINITWICE_5351	111	Picture	FF	6324378	0	1	43100	2	0	43200
S024_DAY2_MINITWICE_5351	111	Pulse	99	6328581	4203	NA
S024_DAY2_MINITWICE_5351	111	Port Input	1	6328581	4203	NA
S024_DAY2_MINITWICE_5351	111	Response	51	6334452	10074	1
S024_DAY2_MINITWICE_5351	111	Pulse	99	6364582	40204	NA
S024_DAY2_MINITWICE_5351	111	Port Input	1	6364582	40204	NA
S024_DAY2_MINITWICE_5351	111	Picture	110_T_FFTRIAD_FF_dedal_red.png	6367478	43100	1	1900	2	43200	1800
S024_DAY2_MINITWICE_5351	112	Picture	rest	6369478	0	1	144099	3	0	144000
S024_DAY2_MINITWICE_5351	113	Picture	endrest	6513677	0	2	10100	4	0	10000
S024_DAY2_MINITWICE_5351	114	Picture	FF	6524077	0	1	43200	2	0	43200
S024_DAY2_MINITWICE_5351	114	Response	52	6537245	13168	1
S024_DAY2_MINITWICE_5351	114	Picture	113_T_FFTRIAD_FF_almohada_red.png	6567277	43200	1	1900	2	43200	1800
S024_DAY2_MINITWICE_5351	115	Picture	FF	6569477	0	1	43200	2	0	43200
S024_DAY2_MINITWICE_5351	115	Response	51	6579961	10484	1
S024_DAY2_MINITWICE_5351	115	Picture	114_T_FFTRIAD_FF_traje_red.png	6612677	43200	1	1900	2	43200	1800
S024_DAY2_MINITWICE_5351	116	Picture	FF	6614877	0	1	43200	2	0	43200
S024_DAY2_MINITWICE_5351	116	Response	52	6626642	11765	1
S024_DAY2_MINITWICE_5351	116	Picture	115_T_FFTRIAD_FF_gafas_red.png	6658077	43200	1	1900	2	43200	1800
S024_DAY2_MINITWICE_5351	117	Picture	FF	6660277	0	1	43200	2	0	43200
S024_DAY2_MINITWICE_5351	117	Response	51	6668998	8721	1
S024_DAY2_MINITWICE_5351	117	Picture	116_T_FFTRIAD_FF_bellota_red.png	6703477	43200	1	1900	2	43200	1800
S024_DAY2_MINITWICE_5351	118	Picture	RW	6705777	0	1	43100	2	0	43200
S024_DAY2_MINITWICE_5351	118	Response	51	6718375	12598	1
S024_DAY2_MINITWICE_5351	118	Picture	117_T_RWTRIAD_RW_chupete_red.png	6748877	43100	1	1900	2	43200	1800
S024_DAY2_MINITWICE_5351	119	Picture	RW	6751177	0	1	43099	3	0	43200
S024_DAY2_MINITWICE_5351	119	Response	52	6762102	10925	1
S024_DAY2_MINITWICE_5351	119	Picture	118_T_RWTRIAD_RW_dado_red.png	6794276	43099	2	1901	3	43200	1800
S024_DAY2_MINITWICE_5351	120	Picture	RW	6796576	0	2	43100	3	0	43200
S024_DAY2_MINITWICE_5351	120	Response	52	6821406	24830	2
S024_DAY2_MINITWICE_5351	120	Picture	119_T_RWTRIAD_RW_murcielago_red.png	6839676	43100	1	1900	2	43200	1800
S024_DAY2_MINITWICE_5351	121	Picture	RW	6841976	0	1	43100	2	0	43200
S024_DAY2_MINITWICE_5351	121	Response	52	6856883	14907	1
S024_DAY2_MINITWICE_5351	121	Picture	120_T_RWTRIAD_RW_huevos_red.png	6885076	43100	1	1900	2	43200	1800
S024_DAY2_MINITWICE_5351	122	Picture	rest	6887076	0	1	144100	2	0	144000
S024_DAY2_MINITWICE_5351	123	Picture	endrest	7031276	0	1	10100	2	0	10000
S024_DAY2_MINITWICE_5351	124	Picture	PW	7041776	0	1	43199	3	0	43200
S024_DAY2_MINITWICE_5351	124	Response	52	7056915	15139	1
S024_DAY2_MINITWICE_5351	124	Picture	123_T_PWTRIAD_PW_mono_red.png	7084975	43199	2	1900	4	43200	1800
S024_DAY2_MINITWICE_5351	125	Picture	PW	7087275	0	2	43100	3	0	43200
S024_DAY2_MINITWICE_5351	125	Response	52	7103978	16703	1
S024_DAY2_MINITWICE_5351	125	Picture	124_T_PWTRIAD_PW_leche_red.png	7130375	43100	1	1900	2	43200	1800
S024_DAY2_MINITWICE_5351	126	Picture	PW	7132475	0	1	43200	2	0	43200
S024_DAY2_MINITWICE_5351	126	Response	52	7154473	21998	1
S024_DAY2_MINITWICE_5351	126	Picture	125_T_PWTRIAD_PW_destornillador_red.png	7175675	43200	1	1900	2	43200	1800
S024_DAY2_MINITWICE_5351	127	Picture	PW	7177975	0	1	43100	2	0	43200
S024_DAY2_MINITWICE_5351	127	Response	52	7194036	16061	1
S024_DAY2_MINITWICE_5351	127	Picture	126_T_PWTRIAD_PW_violin_red.png	7221075	43100	1	1900	2	43200	1800
S024_DAY2_MINITWICE_5351	128	Picture	PW	7223375	0	1	43100	2	0	43200
S024_DAY2_MINITWICE_5351	128	Response	51	7243441	20066	1
S024_DAY2_MINITWICE_5351	128	Picture	127_T_PWTRIAD_PW_grifo_red.png	7266475	43100	1	1900	2	43200	1800
S024_DAY2_MINITWICE_5351	129	Picture	PW	7268775	0	1	43100	2	0	43200
S024_DAY2_MINITWICE_5351	129	Response	51	7291980	23205	1
S024_DAY2_MINITWICE_5351	129	Picture	128_T_PWTRIAD_PW_lenador_red.png	7311875	43100	1	1900	2	43200	1800
S024_DAY2_MINITWICE_5351	130	Picture	PW	7314075	0	1	43100	2	0	43200
S024_DAY2_MINITWICE_5351	130	Response	52	7337096	23021	1
S024_DAY2_MINITWICE_5351	130	Picture	129_T_PWTRIAD_PW_policia_red.png	7357175	43100	1	1900	2	43200	1800
S024_DAY2_MINITWICE_5351	131	Picture	PW	7359475	0	1	43099	3	0	43200
S024_DAY2_MINITWICE_5351	131	Response	51	7379822	20347	1
S024_DAY2_MINITWICE_5351	131	Picture	130_T_PWTRIAD_PW_charco_red.png	7402574	43099	2	1900	4	43200	1800
S024_DAY2_MINITWICE_5351	132	Picture	rest	7404574	0	2	144100	3	0	144000
S024_DAY2_MINITWICE_5351	133	Picture	endrest	7548774	0	1	10100	2	0	10000
S024_DAY2_MINITWICE_5351	134	Picture	FF	7559074	0	1	43200	2	0	43200
S024_DAY2_MINITWICE_5351	134	Response	52	7571183	12109	1
S024_DAY2_MINITWICE_5351	134	Picture	133_T_FFTRIAD_FF_telefono_red.png	7602274	43200	1	1900	2	43200	1800
S024_DAY2_MINITWICE_5351	135	Picture	FF	7604674	0	1	43100	2	0	43200
S024_DAY2_MINITWICE_5351	135	Response	51	7612891	8217	1
S024_DAY2_MINITWICE_5351	135	Picture	134_T_FFTRIAD_FF_sapo_red.png	7647774	43100	1	1900	2	43200	1800
S024_DAY2_MINITWICE_5351	136	Picture	FF	7649974	0	1	43199	3	0	43200
S024_DAY2_MINITWICE_5351	136	Response	51	7662355	12381	1
S024_DAY2_MINITWICE_5351	136	Picture	135_T_FFTRIAD_FF_llave_red.png	7693173	43199	2	1900	4	43200	1800
S024_DAY2_MINITWICE_5351	137	Picture	FF	7695473	0	2	43100	3	0	43200
S024_DAY2_MINITWICE_5351	137	Response	52	7702402	6929	1
S024_DAY2_MINITWICE_5351	137	Picture	136_T_FFTRIAD_FF_bebe_red.png	7738573	43100	1	1900	3	43200	1800
S024_DAY2_MINITWICE_5351	138	Picture	rest	7740573	0	2	144099	4	0	144000
S024_DAY2_MINITWICE_5351	139	Picture	endrest	7884773	0	1	10100	2	0	10000
S024_DAY2_MINITWICE_5351	140	Picture	endrest	7894973	0	1	10100	2	0	10000
S024_DAY2_MINITWICE_5351	141	Picture	endrest	7905173	0	1	10099	3	0	10000
S024_DAY2_MINITWICE_5351	142	Picture	endrest	7915373	0	1	10100	2	0	10000
