Scenario - vOT_Triads_fMRI_II
Logfile written - 12/16/2015 17:28:31

Subject	Trial	Event Type	Code	Time	TTime	Uncertainty	Duration	Uncertainty	ReqTime	ReqDur

S024_DAY1_MINIWICE_5351	1	Pulse	99	687646	697431	NA
S024_DAY1_MINIWICE_5351	1	Port Input	1	687646	697431	NA
S024_DAY1_MINIWICE_5351	1	Pulse	99	723647	733432	NA
S024_DAY1_MINIWICE_5351	1	Port Input	1	723647	733432	NA
S024_DAY1_MINIWICE_5351	1	Pulse	99	759648	769433	NA
S024_DAY1_MINIWICE_5351	1	Port Input	1	759648	769433	NA
S024_DAY1_MINIWICE_5351	1	Pulse	99	795649	805434	NA
S024_DAY1_MINIWICE_5351	1	Port Input	1	795649	805434	NA
S024_DAY1_MINIWICE_5351	1	Pulse	99	831650	841435	NA
S024_DAY1_MINIWICE_5351	1	Port Input	1	831650	841435	NA
S024_DAY1_MINIWICE_5351	2	Picture	rest	831896	0	2	144100	3	0	144000
S024_DAY1_MINIWICE_5351	2	Pulse	99	867651	35755	NA
S024_DAY1_MINIWICE_5351	2	Port Input	1	867651	35755	NA
S024_DAY1_MINIWICE_5351	2	Pulse	99	903652	71756	NA
S024_DAY1_MINIWICE_5351	2	Port Input	1	903652	71756	NA
S024_DAY1_MINIWICE_5351	2	Pulse	99	939653	107757	NA
S024_DAY1_MINIWICE_5351	2	Port Input	1	939653	107757	NA
S024_DAY1_MINIWICE_5351	2	Pulse	99	975655	143759	NA
S024_DAY1_MINIWICE_5351	2	Port Input	1	975655	143759	NA
S024_DAY1_MINIWICE_5351	3	Picture	endrest	976096	0	1	10100	2	0	10000
S024_DAY1_MINIWICE_5351	4	Picture	PW	986496	0	1	43200	2	0	43200
S024_DAY1_MINIWICE_5351	4	Pulse	99	1011656	25160	NA
S024_DAY1_MINIWICE_5351	4	Port Input	1	1011656	25160	NA
S024_DAY1_MINIWICE_5351	4	Response	51	1012008	25512	1
S024_DAY1_MINIWICE_5351	4	Picture	3_T_PWTRIAD_PW_oruga_red.png	1029696	43200	1	1900	2	43200	1800
S024_DAY1_MINIWICE_5351	5	Picture	PW	1031896	0	1	43100	2	0	43200
S024_DAY1_MINIWICE_5351	5	Pulse	99	1047657	15761	NA
S024_DAY1_MINIWICE_5351	5	Port Input	1	1047657	15761	NA
S024_DAY1_MINIWICE_5351	5	Response	52	1052994	21098	1
S024_DAY1_MINIWICE_5351	5	Picture	4_T_PWTRIAD_PW_molino_red.png	1074996	43100	1	1900	2	43200	1800
S024_DAY1_MINIWICE_5351	6	Picture	PW	1077196	0	1	43199	3	0	43200
S024_DAY1_MINIWICE_5351	6	Pulse	99	1083658	6462	NA
S024_DAY1_MINIWICE_5351	6	Port Input	1	1083658	6462	NA
S024_DAY1_MINIWICE_5351	6	Response	52	1096529	19333	1
S024_DAY1_MINIWICE_5351	6	Pulse	99	1119659	42463	NA
S024_DAY1_MINIWICE_5351	6	Port Input	1	1119659	42463	NA
S024_DAY1_MINIWICE_5351	6	Picture	5_T_PWTRIAD_PW_banera_red.png	1120395	43199	2	1900	4	43200	1800
S024_DAY1_MINIWICE_5351	7	Picture	PW	1122595	0	2	43100	3	0	43200
S024_DAY1_MINIWICE_5351	7	Response	51	1137863	15268	1
S024_DAY1_MINIWICE_5351	7	Pulse	99	1155660	33065	NA
S024_DAY1_MINIWICE_5351	7	Port Input	1	1155660	33065	NA
S024_DAY1_MINIWICE_5351	7	Picture	6_T_PWTRIAD_PW_teclado_red.png	1165695	43100	1	1900	2	43200	1800
S024_DAY1_MINIWICE_5351	8	Picture	PW	1168095	0	1	43100	2	0	43200
S024_DAY1_MINIWICE_5351	8	Response	52	1190721	22626	1
S024_DAY1_MINIWICE_5351	8	Pulse	99	1191661	23566	NA
S024_DAY1_MINIWICE_5351	8	Port Input	1	1191661	23566	NA
S024_DAY1_MINIWICE_5351	8	Picture	7_T_PWTRIAD_PW_ancla_red.png	1211195	43100	1	1900	2	43200	1800
S024_DAY1_MINIWICE_5351	9	Picture	PW	1213495	0	1	43100	2	0	43200
S024_DAY1_MINIWICE_5351	9	Pulse	99	1227662	14167	NA
S024_DAY1_MINIWICE_5351	9	Port Input	1	1227662	14167	NA
S024_DAY1_MINIWICE_5351	9	Response	51	1234087	20592	1
S024_DAY1_MINIWICE_5351	9	Picture	8_T_PWTRIAD_PW_monja_red.png	1256595	43100	1	1900	2	43200	1800
S024_DAY1_MINIWICE_5351	10	Picture	PW	1258795	0	1	43100	2	0	43200
S024_DAY1_MINIWICE_5351	10	Pulse	99	1263663	4868	NA
S024_DAY1_MINIWICE_5351	10	Port Input	1	1263663	4868	NA
S024_DAY1_MINIWICE_5351	10	Response	52	1285939	27144	1
S024_DAY1_MINIWICE_5351	10	Pulse	99	1299664	40869	NA
S024_DAY1_MINIWICE_5351	10	Port Input	1	1299664	40869	NA
S024_DAY1_MINIWICE_5351	10	Picture	9_T_PWTRIAD_PW_almohada_red.png	1301895	43100	1	1900	2	43200	1800
S024_DAY1_MINIWICE_5351	11	Picture	PW	1304095	0	1	43200	2	0	43200
S024_DAY1_MINIWICE_5351	11	Response	51	1335482	31387	1
S024_DAY1_MINIWICE_5351	11	Pulse	99	1335665	31570	NA
S024_DAY1_MINIWICE_5351	11	Port Input	1	1335665	31570	NA
S024_DAY1_MINIWICE_5351	11	Picture	10_T_PWTRIAD_PW_gafas_red.png	1347295	43200	1	1900	2	43200	1800
S024_DAY1_MINIWICE_5351	12	Picture	rest	1349295	0	1	144099	2	0	144000
S024_DAY1_MINIWICE_5351	12	Pulse	99	1371666	22371	NA
S024_DAY1_MINIWICE_5351	12	Port Input	1	1371666	22371	NA
S024_DAY1_MINIWICE_5351	12	Pulse	99	1407667	58372	NA
S024_DAY1_MINIWICE_5351	12	Port Input	1	1407667	58372	NA
S024_DAY1_MINIWICE_5351	12	Pulse	99	1443668	94373	NA
S024_DAY1_MINIWICE_5351	12	Port Input	1	1443668	94373	NA
S024_DAY1_MINIWICE_5351	12	Pulse	99	1479669	130374	NA
S024_DAY1_MINIWICE_5351	12	Port Input	1	1479669	130374	NA
S024_DAY1_MINIWICE_5351	13	Picture	endrest	1493494	0	1	10100	2	0	10000
S024_DAY1_MINIWICE_5351	14	Picture	RW	1503894	0	1	43100	2	0	43200
S024_DAY1_MINIWICE_5351	14	Pulse	99	1515671	11777	NA
S024_DAY1_MINIWICE_5351	14	Port Input	1	1515671	11777	NA
S024_DAY1_MINIWICE_5351	14	Response	52	1521463	17569	1
S024_DAY1_MINIWICE_5351	14	Picture	13_T_RWTRIAD_RW_oruga_red.png	1546994	43100	1	1900	2	43200	1800
S024_DAY1_MINIWICE_5351	15	Picture	RW	1549194	0	1	43200	2	0	43200
S024_DAY1_MINIWICE_5351	15	Pulse	99	1551672	2478	NA
S024_DAY1_MINIWICE_5351	15	Port Input	1	1551672	2478	NA
S024_DAY1_MINIWICE_5351	15	Response	52	1568147	18953	1
S024_DAY1_MINIWICE_5351	15	Pulse	99	1587673	38479	NA
S024_DAY1_MINIWICE_5351	15	Port Input	1	1587673	38479	NA
S024_DAY1_MINIWICE_5351	15	Picture	14_T_RWTRIAD_RW_queso_red.png	1592394	43200	1	1900	2	43200	1800
S024_DAY1_MINIWICE_5351	16	Picture	RW	1594494	0	1	43200	2	0	43200
S024_DAY1_MINIWICE_5351	16	Response	51	1607758	13264	1
S024_DAY1_MINIWICE_5351	16	Pulse	99	1623674	29180	NA
S024_DAY1_MINIWICE_5351	16	Port Input	1	1623674	29180	NA
S024_DAY1_MINIWICE_5351	16	Picture	15_T_RWTRIAD_RW_candado_red.png	1637694	43200	1	1900	2	43200	1800
S024_DAY1_MINIWICE_5351	17	Picture	RW	1639994	0	1	43200	2	0	43200
S024_DAY1_MINIWICE_5351	17	Response	51	1652168	12174	1
S024_DAY1_MINIWICE_5351	17	Pulse	99	1659675	19681	NA
S024_DAY1_MINIWICE_5351	17	Port Input	1	1659675	19681	NA
S024_DAY1_MINIWICE_5351	17	Picture	16_T_RWTRIAD_RW_botella_red.png	1683194	43200	1	1900	2	43200	1800
S024_DAY1_MINIWICE_5351	18	Picture	RW	1685494	0	1	43099	3	0	43200
S024_DAY1_MINIWICE_5351	18	Pulse	99	1695676	10182	NA
S024_DAY1_MINIWICE_5351	18	Port Input	1	1695676	10182	NA
S024_DAY1_MINIWICE_5351	18	Response	52	1701278	15784	1
S024_DAY1_MINIWICE_5351	18	Picture	17_T_RWTRIAD_RW_mono_red.png	1728593	43099	2	1900	4	43200	1800
S024_DAY1_MINIWICE_5351	19	Picture	RW	1730993	0	2	43100	3	0	43200
S024_DAY1_MINIWICE_5351	19	Pulse	99	1731677	684	NA
S024_DAY1_MINIWICE_5351	19	Port Input	1	1731677	684	NA
S024_DAY1_MINIWICE_5351	19	Response	52	1755011	24018	1
S024_DAY1_MINIWICE_5351	19	Pulse	99	1767678	36685	NA
S024_DAY1_MINIWICE_5351	19	Port Input	1	1767678	36685	NA
S024_DAY1_MINIWICE_5351	19	Picture	18_T_RWTRIAD_RW_charco_red.png	1774093	43100	1	1900	2	43200	1800
S024_DAY1_MINIWICE_5351	20	Picture	RW	1776193	0	1	43200	2	0	43200
S024_DAY1_MINIWICE_5351	20	Response	52	1796909	20716	1
S024_DAY1_MINIWICE_5351	20	Pulse	99	1803679	27486	NA
S024_DAY1_MINIWICE_5351	20	Port Input	1	1803679	27486	NA
S024_DAY1_MINIWICE_5351	20	Picture	19_T_RWTRIAD_RW_anillo_red.png	1819393	43200	1	1900	2	43200	1800
S024_DAY1_MINIWICE_5351	21	Picture	RW	1821593	0	1	43100	2	0	43200
S024_DAY1_MINIWICE_5351	21	Response	51	1837797	16204	2
S024_DAY1_MINIWICE_5351	21	Pulse	99	1839680	18087	NA
S024_DAY1_MINIWICE_5351	21	Port Input	1	1839680	18087	NA
S024_DAY1_MINIWICE_5351	21	Picture	20_T_RWTRIAD_RW_telefono_red.png	1864693	43100	1	1900	2	43200	1800
S024_DAY1_MINIWICE_5351	22	Picture	rest	1866693	0	1	144099	3	0	144000
S024_DAY1_MINIWICE_5351	22	Pulse	99	1875681	8988	NA
S024_DAY1_MINIWICE_5351	22	Port Input	1	1875681	8988	NA
S024_DAY1_MINIWICE_5351	22	Pulse	99	1911682	44989	NA
S024_DAY1_MINIWICE_5351	22	Port Input	1	1911682	44989	NA
S024_DAY1_MINIWICE_5351	22	Pulse	99	1947683	80990	NA
S024_DAY1_MINIWICE_5351	22	Port Input	1	1947683	80990	NA
S024_DAY1_MINIWICE_5351	22	Pulse	99	1983684	116991	NA
S024_DAY1_MINIWICE_5351	22	Port Input	1	1983684	116991	NA
S024_DAY1_MINIWICE_5351	23	Picture	endrest	2010892	0	2	10100	4	0	10000
S024_DAY1_MINIWICE_5351	23	Pulse	99	2019686	8794	NA
S024_DAY1_MINIWICE_5351	23	Port Input	1	2019686	8794	NA
S024_DAY1_MINIWICE_5351	24	Picture	PW	2021292	0	2	43100	3	0	43200
S024_DAY1_MINIWICE_5351	24	Response	52	2041948	20656	1
S024_DAY1_MINIWICE_5351	24	Pulse	99	2055687	34395	NA
S024_DAY1_MINIWICE_5351	24	Port Input	1	2055687	34395	NA
S024_DAY1_MINIWICE_5351	24	Picture	23_T_PWTRIAD_PW_silla_red.png	2064392	43100	1	1900	2	43200	1800
S024_DAY1_MINIWICE_5351	25	Picture	PW	2066592	0	1	43100	2	0	43200
S024_DAY1_MINIWICE_5351	25	Pulse	99	2091688	25096	NA
S024_DAY1_MINIWICE_5351	25	Port Input	1	2091688	25096	NA
S024_DAY1_MINIWICE_5351	25	Response	51	2091930	25338	1
S024_DAY1_MINIWICE_5351	25	Picture	24_T_PWTRIAD_PW_telarana_red.png	2109692	43100	1	1900	2	43200	1800
S024_DAY1_MINIWICE_5351	26	Picture	PW	2111992	0	1	43100	2	0	43200
S024_DAY1_MINIWICE_5351	26	Pulse	99	2127689	15697	NA
S024_DAY1_MINIWICE_5351	26	Port Input	1	2127689	15697	NA
S024_DAY1_MINIWICE_5351	26	Response	51	2135074	23082	2
S024_DAY1_MINIWICE_5351	26	Picture	25_T_PWTRIAD_PW_manos_red.png	2155092	43100	1	1900	2	43200	1800
S024_DAY1_MINIWICE_5351	27	Picture	PW	2157292	0	1	43200	2	0	43200
S024_DAY1_MINIWICE_5351	27	Pulse	99	2163690	6398	NA
S024_DAY1_MINIWICE_5351	27	Port Input	1	2163690	6398	NA
S024_DAY1_MINIWICE_5351	27	Response	52	2190557	33265	1
S024_DAY1_MINIWICE_5351	27	Pulse	99	2199691	42399	NA
S024_DAY1_MINIWICE_5351	27	Port Input	1	2199691	42399	NA
S024_DAY1_MINIWICE_5351	27	Picture	26_T_PWTRIAD_PW_plato_red.png	2200492	43200	1	1900	2	43200	1800
S024_DAY1_MINIWICE_5351	28	Picture	RW	2202792	0	1	43200	2	0	43200
S024_DAY1_MINIWICE_5351	28	Pulse	99	2235692	32900	NA
S024_DAY1_MINIWICE_5351	28	Port Input	1	2235692	32900	NA
S024_DAY1_MINIWICE_5351	28	Response	52	2238045	35253	1
S024_DAY1_MINIWICE_5351	28	Picture	27_T_RWTRIAD_RW_sobre_red.png	2245992	43200	1	1900	2	43200	1800
S024_DAY1_MINIWICE_5351	29	Picture	RW	2248192	0	1	43199	3	0	43200
S024_DAY1_MINIWICE_5351	29	Pulse	99	2271693	23501	NA
S024_DAY1_MINIWICE_5351	29	Port Input	1	2271693	23501	NA
S024_DAY1_MINIWICE_5351	29	Response	51	2273745	25553	1
S024_DAY1_MINIWICE_5351	29	Picture	28_T_RWTRIAD_RW_lana_red.png	2291391	43199	2	1901	3	43200	1800
S024_DAY1_MINIWICE_5351	30	Picture	RW	2293592	0	1	43199	2	0	43200
S024_DAY1_MINIWICE_5351	30	Pulse	99	2307694	14102	NA
S024_DAY1_MINIWICE_5351	30	Port Input	1	2307694	14102	NA
S024_DAY1_MINIWICE_5351	30	Response	51	2313389	19797	1
S024_DAY1_MINIWICE_5351	30	Picture	29_T_RWTRIAD_RW_zanahoria_red.png	2336791	43199	1	1900	2	43200	1800
S024_DAY1_MINIWICE_5351	31	Picture	RW	2339091	0	1	43100	2	0	43200
S024_DAY1_MINIWICE_5351	31	Pulse	99	2343695	4604	NA
S024_DAY1_MINIWICE_5351	31	Port Input	1	2343695	4604	NA
S024_DAY1_MINIWICE_5351	31	Response	52	2354873	15782	1
S024_DAY1_MINIWICE_5351	31	Pulse	99	2379696	40605	NA
S024_DAY1_MINIWICE_5351	31	Port Input	1	2379696	40605	NA
S024_DAY1_MINIWICE_5351	31	Picture	30_T_RWTRIAD_RW_llave_red.png	2382191	43100	1	1900	2	43200	1800
S024_DAY1_MINIWICE_5351	32	Picture	rest	2384191	0	1	144100	2	0	144000
S024_DAY1_MINIWICE_5351	32	Pulse	99	2415697	31506	NA
S024_DAY1_MINIWICE_5351	32	Port Input	1	2415697	31506	NA
S024_DAY1_MINIWICE_5351	32	Pulse	99	2451698	67507	NA
S024_DAY1_MINIWICE_5351	32	Port Input	1	2451698	67507	NA
S024_DAY1_MINIWICE_5351	32	Pulse	99	2487699	103508	NA
S024_DAY1_MINIWICE_5351	32	Port Input	1	2487699	103508	NA
S024_DAY1_MINIWICE_5351	32	Pulse	99	2523700	139509	NA
S024_DAY1_MINIWICE_5351	32	Port Input	1	2523700	139509	NA
S024_DAY1_MINIWICE_5351	33	Picture	endrest	2528391	0	1	10100	2	0	10000
S024_DAY1_MINIWICE_5351	34	Picture	RW	2538791	0	1	43200	2	0	43200
S024_DAY1_MINIWICE_5351	34	Pulse	99	2559702	20911	NA
S024_DAY1_MINIWICE_5351	34	Port Input	1	2559702	20911	NA
S024_DAY1_MINIWICE_5351	34	Response	51	2560813	22022	2
S024_DAY1_MINIWICE_5351	34	Picture	33_T_RWTRIAD_RW_television_red.png	2581991	43200	1	1899	7	43200	1800
S024_DAY1_MINIWICE_5351	35	Picture	RW	2584190	0	2	43100	3	0	43200
S024_DAY1_MINIWICE_5351	35	Pulse	99	2595703	11513	NA
S024_DAY1_MINIWICE_5351	35	Port Input	1	2595703	11513	NA
S024_DAY1_MINIWICE_5351	35	Response	51	2599399	15209	1
S024_DAY1_MINIWICE_5351	35	Picture	34_T_RWTRIAD_RW_violin_red.png	2627290	43100	1	1900	2	43200	1800
S024_DAY1_MINIWICE_5351	36	Picture	RW	2629590	0	2	43100	3	0	43200
S024_DAY1_MINIWICE_5351	36	Pulse	99	2631704	2114	NA
S024_DAY1_MINIWICE_5351	36	Port Input	1	2631704	2114	NA
S024_DAY1_MINIWICE_5351	36	Response	52	2642890	13300	1
S024_DAY1_MINIWICE_5351	36	Pulse	99	2667705	38115	NA
S024_DAY1_MINIWICE_5351	36	Port Input	1	2667705	38115	NA
S024_DAY1_MINIWICE_5351	36	Picture	35_T_RWTRIAD_RW_lenador_red.png	2672690	43100	1	1900	2	43200	1800
S024_DAY1_MINIWICE_5351	37	Picture	RW	2674990	0	1	43200	2	0	43200
S024_DAY1_MINIWICE_5351	37	Response	52	2688520	13530	6
S024_DAY1_MINIWICE_5351	37	Pulse	99	2703706	28716	NA
S024_DAY1_MINIWICE_5351	37	Port Input	1	2703706	28716	NA
S024_DAY1_MINIWICE_5351	37	Picture	36_T_RWTRIAD_RW_arco_red.png	2718190	43200	1	1900	2	43200	1800
S024_DAY1_MINIWICE_5351	38	Picture	PW	2720290	0	1	43200	2	0	43200
S024_DAY1_MINIWICE_5351	38	Pulse	99	2739707	19417	NA
S024_DAY1_MINIWICE_5351	38	Port Input	1	2739707	19417	NA
S024_DAY1_MINIWICE_5351	38	Response	51	2748235	27945	1
S024_DAY1_MINIWICE_5351	38	Picture	37_T_PWTRIAD_PW_dedal_red.png	2763490	43200	1	1900	2	43200	1800
S024_DAY1_MINIWICE_5351	39	Picture	PW	2765690	0	1	43200	2	0	43200
S024_DAY1_MINIWICE_5351	39	Pulse	99	2775708	10018	NA
S024_DAY1_MINIWICE_5351	39	Port Input	1	2775708	10018	NA
S024_DAY1_MINIWICE_5351	39	Response	51	2791126	25436	1
S024_DAY1_MINIWICE_5351	39	Picture	38_T_PWTRIAD_PW_perro_red.png	2808890	43200	1	1900	2	43200	1800
S024_DAY1_MINIWICE_5351	40	Picture	PW	2811190	0	1	43100	2	0	43200
S024_DAY1_MINIWICE_5351	40	Pulse	99	2811709	519	NA
S024_DAY1_MINIWICE_5351	40	Port Input	1	2811709	519	NA
S024_DAY1_MINIWICE_5351	40	Response	51	2841526	30336	1
S024_DAY1_MINIWICE_5351	40	Pulse	99	2847710	36520	NA
S024_DAY1_MINIWICE_5351	40	Port Input	1	2847710	36520	NA
S024_DAY1_MINIWICE_5351	40	Picture	39_T_PWTRIAD_PW_tenedor_red.png	2854290	43100	1	1900	2	43200	1800
S024_DAY1_MINIWICE_5351	41	Picture	PW	2856690	0	1	43099	3	0	43200
S024_DAY1_MINIWICE_5351	41	Response	52	2878564	21874	1
S024_DAY1_MINIWICE_5351	41	Pulse	99	2883711	27021	NA
S024_DAY1_MINIWICE_5351	41	Port Input	1	2883711	27021	NA
S024_DAY1_MINIWICE_5351	41	Picture	40_T_PWTRIAD_PW_botella_red.png	2899789	43099	2	1900	4	43200	1800
S024_DAY1_MINIWICE_5351	42	Picture	rest	2901789	0	2	144100	3	0	144000
S024_DAY1_MINIWICE_5351	42	Pulse	99	2919712	17923	NA
S024_DAY1_MINIWICE_5351	42	Port Input	1	2919712	17923	NA
S024_DAY1_MINIWICE_5351	42	Pulse	99	2955713	53924	NA
S024_DAY1_MINIWICE_5351	42	Port Input	1	2955713	53924	NA
S024_DAY1_MINIWICE_5351	42	Pulse	99	2991714	89925	NA
S024_DAY1_MINIWICE_5351	42	Port Input	1	2991714	89925	NA
S024_DAY1_MINIWICE_5351	42	Pulse	99	3027715	125926	NA
S024_DAY1_MINIWICE_5351	42	Port Input	1	3027715	125926	NA
S024_DAY1_MINIWICE_5351	43	Picture	endrest	3045989	0	1	10100	2	0	10000
S024_DAY1_MINIWICE_5351	44	Picture	FF	3056489	0	1	43100	2	0	43200
S024_DAY1_MINIWICE_5351	44	Pulse	99	3063717	7228	NA
S024_DAY1_MINIWICE_5351	44	Port Input	1	3063717	7228	NA
S024_DAY1_MINIWICE_5351	44	Response	52	3072227	15738	1
S024_DAY1_MINIWICE_5351	44	Picture	43_T_FFTRIAD_FF_ascensor_red.png	3099589	43100	1	1900	2	43200	1800
S024_DAY1_MINIWICE_5351	44	Pulse	99	3099718	43229	NA
S024_DAY1_MINIWICE_5351	44	Port Input	1	3099718	43229	NA
S024_DAY1_MINIWICE_5351	45	Picture	FF	3101889	0	1	43100	2	0	43200
S024_DAY1_MINIWICE_5351	45	Response	51	3118497	16608	1
S024_DAY1_MINIWICE_5351	45	Pulse	99	3135719	33830	NA
S024_DAY1_MINIWICE_5351	45	Port Input	1	3135719	33830	NA
S024_DAY1_MINIWICE_5351	45	Picture	44_T_FFTRIAD_FF_estetoscopio_red.png	3144989	43100	1	1900	2	43200	1800
S024_DAY1_MINIWICE_5351	46	Picture	FF	3147289	0	1	43099	3	0	43200
S024_DAY1_MINIWICE_5351	46	Response	51	3166588	19299	1
S024_DAY1_MINIWICE_5351	46	Pulse	99	3171720	24431	NA
S024_DAY1_MINIWICE_5351	46	Port Input	1	3171720	24431	NA
S024_DAY1_MINIWICE_5351	46	Picture	45_T_FFTRIAD_FF_cortina_red.png	3190388	43099	2	1900	4	43200	1800
S024_DAY1_MINIWICE_5351	47	Picture	FF	3192688	0	2	43100	3	0	43200
S024_DAY1_MINIWICE_5351	47	Pulse	99	3207721	15033	NA
S024_DAY1_MINIWICE_5351	47	Port Input	1	3207721	15033	NA
S024_DAY1_MINIWICE_5351	47	Response	51	3208352	15664	1
S024_DAY1_MINIWICE_5351	47	Picture	46_T_FFTRIAD_FF_cuento_red.png	3235788	43100	1	1900	2	43200	1800
S024_DAY1_MINIWICE_5351	48	Picture	FF	3238088	0	1	43200	2	0	43200
S024_DAY1_MINIWICE_5351	48	Pulse	99	3243722	5634	NA
S024_DAY1_MINIWICE_5351	48	Port Input	1	3243722	5634	NA
S024_DAY1_MINIWICE_5351	48	Response	52	3250072	11984	1
S024_DAY1_MINIWICE_5351	48	Pulse	99	3279723	41635	NA
S024_DAY1_MINIWICE_5351	48	Port Input	1	3279723	41635	NA
S024_DAY1_MINIWICE_5351	48	Picture	47_T_FFTRIAD_FF_mono_red.png	3281288	43200	1	1900	2	43200	1800
S024_DAY1_MINIWICE_5351	49	Picture	FF	3283388	0	1	43200	2	0	43200
S024_DAY1_MINIWICE_5351	49	Response	51	3293748	10360	1
S024_DAY1_MINIWICE_5351	49	Pulse	99	3315724	32336	NA
S024_DAY1_MINIWICE_5351	49	Port Input	1	3315724	32336	NA
S024_DAY1_MINIWICE_5351	49	Picture	48_T_FFTRIAD_FF_lenador_red.png	3326588	43200	1	1900	2	43200	1800
S024_DAY1_MINIWICE_5351	50	Picture	FF	3328788	0	1	43200	2	0	43200
S024_DAY1_MINIWICE_5351	50	Response	52	3348936	20148	1
S024_DAY1_MINIWICE_5351	50	Pulse	99	3351725	22937	NA
S024_DAY1_MINIWICE_5351	50	Port Input	1	3351725	22937	NA
S024_DAY1_MINIWICE_5351	50	Picture	49_T_FFTRIAD_FF_esquimal_red.png	3371988	43200	1	1900	2	43200	1800
S024_DAY1_MINIWICE_5351	51	Picture	FF	3374188	0	1	43200	2	0	43200
S024_DAY1_MINIWICE_5351	51	Response	51	3387352	13164	1
S024_DAY1_MINIWICE_5351	51	Pulse	99	3387726	13538	NA
S024_DAY1_MINIWICE_5351	51	Port Input	1	3387726	13538	NA
S024_DAY1_MINIWICE_5351	51	Picture	50_T_FFTRIAD_FF_lana_red.png	3417388	43200	1	1900	2	43200	1800
S024_DAY1_MINIWICE_5351	52	Picture	rest	3419388	0	1	144099	2	0	144000
S024_DAY1_MINIWICE_5351	52	Pulse	99	3423727	4339	NA
S024_DAY1_MINIWICE_5351	52	Port Input	1	3423727	4339	NA
S024_DAY1_MINIWICE_5351	52	Pulse	99	3459728	40340	NA
S024_DAY1_MINIWICE_5351	52	Port Input	1	3459728	40340	NA
S024_DAY1_MINIWICE_5351	52	Pulse	99	3495729	76341	NA
S024_DAY1_MINIWICE_5351	52	Port Input	1	3495729	76341	NA
S024_DAY1_MINIWICE_5351	52	Pulse	99	3531730	112342	NA
S024_DAY1_MINIWICE_5351	52	Port Input	1	3531730	112342	NA
S024_DAY1_MINIWICE_5351	53	Picture	endrest	3563587	0	1	10100	2	0	10000
S024_DAY1_MINIWICE_5351	53	Pulse	99	3567731	4144	NA
S024_DAY1_MINIWICE_5351	53	Port Input	1	3567731	4144	NA
S024_DAY1_MINIWICE_5351	54	Picture	RW	3574087	0	1	43200	2	0	43200
S024_DAY1_MINIWICE_5351	54	Response	51	3594512	20425	1
S024_DAY1_MINIWICE_5351	54	Pulse	99	3603733	29646	NA
S024_DAY1_MINIWICE_5351	54	Port Input	1	3603733	29646	NA
S024_DAY1_MINIWICE_5351	54	Picture	53_T_RWTRIAD_RW_bala_red.png	3617287	43200	1	1900	2	43200	1800
S024_DAY1_MINIWICE_5351	55	Picture	RW	3619587	0	1	43200	2	0	43200
S024_DAY1_MINIWICE_5351	55	Response	51	3637017	17430	1
S024_DAY1_MINIWICE_5351	55	Pulse	99	3639734	20147	NA
S024_DAY1_MINIWICE_5351	55	Port Input	1	3639734	20147	NA
S024_DAY1_MINIWICE_5351	55	Picture	54_T_RWTRIAD_RW_tenedor_red.png	3662787	43200	1	1900	2	43200	1800
S024_DAY1_MINIWICE_5351	56	Picture	RW	3664987	0	1	43200	2	0	43200
S024_DAY1_MINIWICE_5351	56	Pulse	99	3675735	10748	NA
S024_DAY1_MINIWICE_5351	56	Port Input	1	3675735	10748	NA
S024_DAY1_MINIWICE_5351	56	Response	51	3679395	14408	2
S024_DAY1_MINIWICE_5351	56	Picture	55_T_RWTRIAD_RW_almohada_red.png	3708187	43200	1	1900	2	43200	1800
S024_DAY1_MINIWICE_5351	57	Picture	RW	3710487	0	1	43200	2	0	43200
S024_DAY1_MINIWICE_5351	57	Pulse	99	3711736	1249	NA
S024_DAY1_MINIWICE_5351	57	Port Input	1	3711736	1249	NA
S024_DAY1_MINIWICE_5351	57	Response	52	3727118	16631	1
S024_DAY1_MINIWICE_5351	57	Pulse	99	3747737	37250	NA
S024_DAY1_MINIWICE_5351	57	Port Input	1	3747737	37250	NA
S024_DAY1_MINIWICE_5351	57	Picture	56_T_RWTRIAD_RW_bellota_red.png	3753687	43200	1	1900	2	43200	1800
S024_DAY1_MINIWICE_5351	58	Picture	FF	3755987	0	1	43199	2	0	43200
S024_DAY1_MINIWICE_5351	58	Response	52	3769224	13237	1
S024_DAY1_MINIWICE_5351	58	Pulse	99	3783738	27751	NA
S024_DAY1_MINIWICE_5351	58	Port Input	1	3783738	27751	NA
S024_DAY1_MINIWICE_5351	58	Picture	57_T_FFTRIAD_FF_iglu_red.png	3799186	43199	1	1900	3	43200	1800
S024_DAY1_MINIWICE_5351	59	Picture	FF	3801386	0	1	43100	2	0	43200
S024_DAY1_MINIWICE_5351	59	Response	52	3815464	14078	1
S024_DAY1_MINIWICE_5351	59	Pulse	99	3819739	18353	NA
S024_DAY1_MINIWICE_5351	59	Port Input	1	3819739	18353	NA
S024_DAY1_MINIWICE_5351	59	Picture	58_T_FFTRIAD_FF_destornillador_red.png	3844486	43100	1	1900	2	43200	1800
S024_DAY1_MINIWICE_5351	60	Picture	FF	3846586	0	1	43200	2	0	43200
S024_DAY1_MINIWICE_5351	60	Pulse	99	3855740	9154	NA
S024_DAY1_MINIWICE_5351	60	Port Input	1	3855740	9154	NA
S024_DAY1_MINIWICE_5351	60	Response	51	3857254	10668	1
S024_DAY1_MINIWICE_5351	60	Picture	59_T_FFTRIAD_FF_dado_red.png	3889786	43200	1	1900	2	43200	1800
S024_DAY1_MINIWICE_5351	60	Pulse	99	3891741	45155	NA
S024_DAY1_MINIWICE_5351	60	Port Input	1	3891741	45155	NA
S024_DAY1_MINIWICE_5351	61	Picture	FF	3892086	0	1	43100	2	0	43200
S024_DAY1_MINIWICE_5351	61	Response	52	3911163	19077	1
S024_DAY1_MINIWICE_5351	61	Pulse	99	3927742	35656	NA
S024_DAY1_MINIWICE_5351	61	Port Input	1	3927742	35656	NA
S024_DAY1_MINIWICE_5351	61	Picture	60_T_FFTRIAD_FF_anillo_red.png	3935186	43100	1	1900	2	43200	1800
S024_DAY1_MINIWICE_5351	62	Picture	rest	3937186	0	1	144099	3	0	144000
S024_DAY1_MINIWICE_5351	62	Pulse	99	3963743	26557	NA
S024_DAY1_MINIWICE_5351	62	Port Input	1	3963743	26557	NA
S024_DAY1_MINIWICE_5351	62	Pulse	99	3999744	62558	NA
S024_DAY1_MINIWICE_5351	62	Port Input	1	3999744	62558	NA
S024_DAY1_MINIWICE_5351	62	Pulse	99	4035745	98559	NA
S024_DAY1_MINIWICE_5351	62	Port Input	1	4035745	98559	NA
S024_DAY1_MINIWICE_5351	62	Pulse	99	4071747	134561	NA
S024_DAY1_MINIWICE_5351	62	Port Input	1	4071747	134561	NA
S024_DAY1_MINIWICE_5351	63	Picture	endrest	4081385	0	2	10100	4	0	10000
S024_DAY1_MINIWICE_5351	64	Picture	PW	4091885	0	2	43200	3	0	43200
S024_DAY1_MINIWICE_5351	64	Pulse	99	4107748	15863	NA
S024_DAY1_MINIWICE_5351	64	Port Input	1	4107748	15863	NA
S024_DAY1_MINIWICE_5351	64	Response	51	4113153	21268	1
S024_DAY1_MINIWICE_5351	64	Picture	63_T_PWTRIAD_PW_chupete_red.png	4135085	43200	1	1900	2	43200	1800
S024_DAY1_MINIWICE_5351	65	Picture	PW	4137385	0	1	43100	3	0	43200
S024_DAY1_MINIWICE_5351	65	Pulse	99	4143749	6364	NA
S024_DAY1_MINIWICE_5351	65	Port Input	1	4143749	6364	NA
S024_DAY1_MINIWICE_5351	65	Response	52	4164694	27309	1
S024_DAY1_MINIWICE_5351	65	Pulse	99	4179750	42365	NA
S024_DAY1_MINIWICE_5351	65	Port Input	1	4179750	42365	NA
S024_DAY1_MINIWICE_5351	65	Picture	64_T_PWTRIAD_PW_dado_red.png	4180485	43100	2	1900	3	43200	1800
S024_DAY1_MINIWICE_5351	66	Picture	PW	4182685	0	1	43200	2	0	43200
S024_DAY1_MINIWICE_5351	66	Response	51	4204168	21483	1
S024_DAY1_MINIWICE_5351	66	Pulse	99	4215751	33066	NA
S024_DAY1_MINIWICE_5351	66	Port Input	1	4215751	33066	NA
S024_DAY1_MINIWICE_5351	66	Picture	65_T_PWTRIAD_PW_novia_red.png	4225885	43200	1	1900	2	43200	1800
S024_DAY1_MINIWICE_5351	67	Picture	PW	4228085	0	1	43100	2	0	43200
S024_DAY1_MINIWICE_5351	67	Pulse	99	4251752	23667	NA
S024_DAY1_MINIWICE_5351	67	Port Input	1	4251752	23667	NA
S024_DAY1_MINIWICE_5351	67	Response	51	4258383	30298	1
S024_DAY1_MINIWICE_5351	67	Picture	66_T_PWTRIAD_PW_ascensor_red.png	4271185	43100	1	1900	2	43200	1800
S024_DAY1_MINIWICE_5351	68	Picture	FF	4273485	0	1	43200	2	0	43200
S024_DAY1_MINIWICE_5351	68	Response	51	4286861	13376	2
S024_DAY1_MINIWICE_5351	68	Pulse	99	4287753	14268	NA
S024_DAY1_MINIWICE_5351	68	Port Input	1	4287753	14268	NA
S024_DAY1_MINIWICE_5351	68	Picture	67_T_FFTRIAD_FF_violin_red.png	4316685	43200	1	1900	2	43200	1800
S024_DAY1_MINIWICE_5351	69	Picture	FF	4318885	0	1	43199	3	0	43200
S024_DAY1_MINIWICE_5351	69	Pulse	99	4323754	4869	NA
S024_DAY1_MINIWICE_5351	69	Port Input	1	4323754	4869	NA
S024_DAY1_MINIWICE_5351	69	Response	51	4333883	14998	1
S024_DAY1_MINIWICE_5351	69	Pulse	99	4359755	40870	NA
S024_DAY1_MINIWICE_5351	69	Port Input	1	4359755	40870	NA
S024_DAY1_MINIWICE_5351	69	Picture	68_T_FFTRIAD_FF_pincel_red.png	4362084	43199	2	1900	4	43200	1800
S024_DAY1_MINIWICE_5351	70	Picture	FF	4364284	0	2	43200	4	0	43200
S024_DAY1_MINIWICE_5351	70	Response	51	4373541	9257	1
S024_DAY1_MINIWICE_5351	70	Pulse	99	4395756	31472	NA
S024_DAY1_MINIWICE_5351	70	Port Input	1	4395756	31472	NA
S024_DAY1_MINIWICE_5351	70	Picture	69_T_FFTRIAD_FF_charco_red.png	4407484	43200	2	1900	3	43200	1800
S024_DAY1_MINIWICE_5351	71	Picture	FF	4409684	0	1	43200	2	0	43200
S024_DAY1_MINIWICE_5351	71	Response	52	4426454	16770	1
S024_DAY1_MINIWICE_5351	71	Pulse	99	4431757	22073	NA
S024_DAY1_MINIWICE_5351	71	Port Input	1	4431757	22073	NA
S024_DAY1_MINIWICE_5351	71	Picture	70_T_FFTRIAD_FF_paraguas_red.png	4452884	43200	1	1900	2	43200	1800
S024_DAY1_MINIWICE_5351	72	Picture	rest	4454884	0	1	144100	2	0	144000
S024_DAY1_MINIWICE_5351	72	Pulse	99	4467758	12874	NA
S024_DAY1_MINIWICE_5351	72	Port Input	1	4467758	12874	NA
S024_DAY1_MINIWICE_5351	72	Pulse	99	4503759	48875	NA
S024_DAY1_MINIWICE_5351	72	Port Input	1	4503759	48875	NA
S024_DAY1_MINIWICE_5351	72	Pulse	99	4539760	84876	NA
S024_DAY1_MINIWICE_5351	72	Port Input	1	4539760	84876	NA
S024_DAY1_MINIWICE_5351	72	Pulse	99	4575762	120878	NA
S024_DAY1_MINIWICE_5351	72	Port Input	1	4575762	120878	NA
S024_DAY1_MINIWICE_5351	73	Picture	endrest	4599084	0	1	10100	2	0	10000
S024_DAY1_MINIWICE_5351	74	Picture	PW	4609584	0	1	43199	3	0	43200
S024_DAY1_MINIWICE_5351	74	Pulse	99	4611763	2179	NA
S024_DAY1_MINIWICE_5351	74	Port Input	1	4611763	2179	NA
S024_DAY1_MINIWICE_5351	74	Response	52	4629257	19673	1
S024_DAY1_MINIWICE_5351	74	Pulse	99	4647764	38180	NA
S024_DAY1_MINIWICE_5351	74	Port Input	1	4647764	38180	NA
S024_DAY1_MINIWICE_5351	74	Picture	73_T_PWTRIAD_PW_lana_red.png	4652783	43199	2	1901	3	43200	1800
S024_DAY1_MINIWICE_5351	75	Picture	PW	4655083	0	2	43100	3	0	43200
S024_DAY1_MINIWICE_5351	75	Response	51	4677442	22359	1
S024_DAY1_MINIWICE_5351	75	Pulse	99	4683765	28682	NA
S024_DAY1_MINIWICE_5351	75	Port Input	1	4683765	28682	NA
S024_DAY1_MINIWICE_5351	75	Picture	74_T_PWTRIAD_PW_anillo_red.png	4698183	43100	1	1900	2	43200	1800
S024_DAY1_MINIWICE_5351	76	Picture	PW	4700483	0	1	43100	2	0	43200
S024_DAY1_MINIWICE_5351	76	Pulse	99	4719766	19283	NA
S024_DAY1_MINIWICE_5351	76	Port Input	1	4719766	19283	NA
S024_DAY1_MINIWICE_5351	76	Response	52	4725453	24970	1
S024_DAY1_MINIWICE_5351	76	Picture	75_T_PWTRIAD_PW_futbol_red.png	4743583	43100	1	1900	2	43200	1800
S024_DAY1_MINIWICE_5351	77	Picture	PW	4745783	0	1	43100	2	0	43200
S024_DAY1_MINIWICE_5351	77	Pulse	99	4755767	9984	NA
S024_DAY1_MINIWICE_5351	77	Port Input	1	4755767	9984	NA
S024_DAY1_MINIWICE_5351	77	Response	52	4764634	18851	1
S024_DAY1_MINIWICE_5351	77	Picture	76_T_PWTRIAD_PW_agua_red.png	4788883	43100	1	1900	2	43200	1800
S024_DAY1_MINIWICE_5351	78	Picture	PW	4791283	0	1	43100	2	0	43200
S024_DAY1_MINIWICE_5351	78	Pulse	99	4791768	485	NA
S024_DAY1_MINIWICE_5351	78	Port Input	1	4791768	485	NA
S024_DAY1_MINIWICE_5351	78	Response	52	4812608	21325	1
S024_DAY1_MINIWICE_5351	78	Pulse	99	4827769	36486	NA
S024_DAY1_MINIWICE_5351	78	Port Input	1	4827769	36486	NA
S024_DAY1_MINIWICE_5351	78	Picture	77_T_PWTRIAD_PW_television_red.png	4834383	43100	1	1900	2	43200	1800
S024_DAY1_MINIWICE_5351	79	Picture	PW	4836683	0	1	43100	2	0	43200
S024_DAY1_MINIWICE_5351	79	Response	52	4856507	19824	2
S024_DAY1_MINIWICE_5351	79	Pulse	99	4863770	27087	NA
S024_DAY1_MINIWICE_5351	79	Port Input	1	4863770	27087	NA
S024_DAY1_MINIWICE_5351	79	Picture	78_T_PWTRIAD_PW_queso_red.png	4879783	43100	1	1900	2	43200	1800
S024_DAY1_MINIWICE_5351	80	Picture	PW	4881983	0	1	43100	2	0	43200
S024_DAY1_MINIWICE_5351	80	Pulse	99	4899771	17788	NA
S024_DAY1_MINIWICE_5351	80	Port Input	1	4899771	17788	NA
S024_DAY1_MINIWICE_5351	80	Response	51	4903148	21165	1
S024_DAY1_MINIWICE_5351	80	Picture	79_T_PWTRIAD_PW_arco_red.png	4925083	43100	1	1900	2	43200	1800
S024_DAY1_MINIWICE_5351	81	Picture	PW	4927383	0	1	43199	2	0	43200
S024_DAY1_MINIWICE_5351	81	Pulse	99	4935772	8389	NA
S024_DAY1_MINIWICE_5351	81	Port Input	1	4935772	8389	NA
S024_DAY1_MINIWICE_5351	81	Response	51	4945140	17757	2
S024_DAY1_MINIWICE_5351	81	Picture	80_T_PWTRIAD_PW_granjero_red.png	4970582	43199	1	1900	3	43200	1800
S024_DAY1_MINIWICE_5351	81	Pulse	99	4971773	44390	NA
S024_DAY1_MINIWICE_5351	81	Port Input	1	4971773	44390	NA
S024_DAY1_MINIWICE_5351	82	Picture	rest	4972582	0	2	144100	3	0	144000
S024_DAY1_MINIWICE_5351	82	Pulse	99	5007774	35192	NA
S024_DAY1_MINIWICE_5351	82	Port Input	1	5007774	35192	NA
S024_DAY1_MINIWICE_5351	82	Pulse	99	5043775	71193	NA
S024_DAY1_MINIWICE_5351	82	Port Input	1	5043775	71193	NA
S024_DAY1_MINIWICE_5351	82	Pulse	99	5079776	107194	NA
S024_DAY1_MINIWICE_5351	82	Port Input	1	5079776	107194	NA
S024_DAY1_MINIWICE_5351	82	Pulse	99	5115778	143196	NA
S024_DAY1_MINIWICE_5351	82	Port Input	1	5115778	143196	NA
S024_DAY1_MINIWICE_5351	83	Picture	endrest	5116782	0	1	10100	2	0	10000
S024_DAY1_MINIWICE_5351	84	Picture	RW	5127182	0	1	43100	2	0	43200
S024_DAY1_MINIWICE_5351	84	Pulse	99	5151779	24597	NA
S024_DAY1_MINIWICE_5351	84	Port Input	1	5151779	24597	NA
S024_DAY1_MINIWICE_5351	84	Response	51	5168959	41777	1
S024_DAY1_MINIWICE_5351	84	Picture	83_T_RWTRIAD_RW_tijera_red.png	5170282	43100	1	1900	2	43200	1800
S024_DAY1_MINIWICE_5351	85	Picture	RW	5172482	0	1	43200	2	0	43200
S024_DAY1_MINIWICE_5351	85	Pulse	99	5187780	15298	NA
S024_DAY1_MINIWICE_5351	85	Port Input	1	5187780	15298	NA
S024_DAY1_MINIWICE_5351	85	Response	52	5212147	39665	1
S024_DAY1_MINIWICE_5351	85	Picture	84_T_RWTRIAD_RW_pluma_red.png	5215682	43200	1	1900	2	43200	1800
S024_DAY1_MINIWICE_5351	86	Picture	RW	5217882	0	1	43099	3	0	43200
S024_DAY1_MINIWICE_5351	86	Pulse	99	5223781	5899	NA
S024_DAY1_MINIWICE_5351	86	Port Input	1	5223781	5899	NA
S024_DAY1_MINIWICE_5351	86	Response	51	5231658	13776	1
S024_DAY1_MINIWICE_5351	86	Pulse	99	5259782	41900	NA
S024_DAY1_MINIWICE_5351	86	Port Input	1	5259782	41900	NA
S024_DAY1_MINIWICE_5351	86	Picture	85_T_RWTRIAD_RW_telarana_red.png	5260981	43099	2	1900	4	43200	1800
S024_DAY1_MINIWICE_5351	87	Picture	RW	5263181	0	2	43100	3	0	43200
S024_DAY1_MINIWICE_5351	87	Response	52	5288051	24870	1
S024_DAY1_MINIWICE_5351	87	Pulse	99	5295783	32602	NA
S024_DAY1_MINIWICE_5351	87	Port Input	1	5295783	32602	NA
S024_DAY1_MINIWICE_5351	87	Picture	86_T_RWTRIAD_RW_pincel_red.png	5306281	43100	1	1900	2	43200	1800
S024_DAY1_MINIWICE_5351	88	Picture	RW	5308581	0	1	43100	2	0	43200
S024_DAY1_MINIWICE_5351	88	Response	52	5327662	19081	2
S024_DAY1_MINIWICE_5351	88	Pulse	99	5331784	23203	NA
S024_DAY1_MINIWICE_5351	88	Port Input	1	5331784	23203	NA
S024_DAY1_MINIWICE_5351	88	Picture	87_T_RWTRIAD_RW_grapadora_red.png	5351681	43100	1	1900	2	43200	1800
S024_DAY1_MINIWICE_5351	89	Picture	RW	5353881	0	1	43100	2	0	43200
S024_DAY1_MINIWICE_5351	89	Pulse	99	5367785	13904	NA
S024_DAY1_MINIWICE_5351	89	Port Input	1	5367785	13904	NA
S024_DAY1_MINIWICE_5351	89	Response	52	5382165	28284	1
S024_DAY1_MINIWICE_5351	89	Picture	88_T_RWTRIAD_RW_silla_red.png	5396981	43100	1	1900	2	43200	1800
S024_DAY1_MINIWICE_5351	90	Picture	RW	5399181	0	1	43100	2	0	43200
S024_DAY1_MINIWICE_5351	90	Pulse	99	5403786	4605	NA
S024_DAY1_MINIWICE_5351	90	Port Input	1	5403786	4605	NA
S024_DAY1_MINIWICE_5351	90	Response	51	5417459	18278	1
S024_DAY1_MINIWICE_5351	90	Pulse	99	5439787	40606	NA
S024_DAY1_MINIWICE_5351	90	Port Input	1	5439787	40606	NA
S024_DAY1_MINIWICE_5351	90	Picture	89_T_RWTRIAD_RW_carruaje_red.png	5442281	43100	1	1900	2	43200	1800
S024_DAY1_MINIWICE_5351	91	Picture	RW	5444481	0	1	43100	2	0	43200
S024_DAY1_MINIWICE_5351	91	Response	52	5458268	13787	1
S024_DAY1_MINIWICE_5351	91	Pulse	99	5475788	31307	NA
S024_DAY1_MINIWICE_5351	91	Port Input	1	5475788	31307	NA
S024_DAY1_MINIWICE_5351	91	Picture	90_T_RWTRIAD_RW_destornillador_red.png	5487581	43100	1	1900	2	43200	1800
S024_DAY1_MINIWICE_5351	92	Picture	rest	5489581	0	1	144099	2	0	144000
S024_DAY1_MINIWICE_5351	92	Pulse	99	5511789	22208	NA
S024_DAY1_MINIWICE_5351	92	Port Input	1	5511789	22208	NA
S024_DAY1_MINIWICE_5351	92	Pulse	99	5547790	58209	NA
S024_DAY1_MINIWICE_5351	92	Port Input	1	5547790	58209	NA
S024_DAY1_MINIWICE_5351	92	Pulse	99	5583792	94211	NA
S024_DAY1_MINIWICE_5351	92	Port Input	1	5583792	94211	NA
S024_DAY1_MINIWICE_5351	92	Pulse	99	5619793	130212	NA
S024_DAY1_MINIWICE_5351	92	Port Input	1	5619793	130212	NA
S024_DAY1_MINIWICE_5351	93	Picture	endrest	5633780	0	1	10100	2	0	10000
S024_DAY1_MINIWICE_5351	94	Picture	FF	5644380	0	1	43100	2	0	43200
S024_DAY1_MINIWICE_5351	94	Pulse	99	5655794	11414	NA
S024_DAY1_MINIWICE_5351	94	Port Input	1	5655794	11414	NA
S024_DAY1_MINIWICE_5351	94	Response	51	5660306	15926	1
S024_DAY1_MINIWICE_5351	94	Picture	93_T_FFTRIAD_FF_television_red.png	5687480	43100	1	1900	2	43200	1800
S024_DAY1_MINIWICE_5351	95	Picture	FF	5689680	0	1	43100	2	0	43200
S024_DAY1_MINIWICE_5351	95	Pulse	99	5691795	2115	NA
S024_DAY1_MINIWICE_5351	95	Port Input	1	5691795	2115	NA
S024_DAY1_MINIWICE_5351	95	Response	51	5701731	12051	2
S024_DAY1_MINIWICE_5351	95	Pulse	99	5727796	38116	NA
S024_DAY1_MINIWICE_5351	95	Port Input	1	5727796	38116	NA
S024_DAY1_MINIWICE_5351	95	Picture	94_T_FFTRIAD_FF_candado_red.png	5732780	43100	1	1900	2	43200	1800
S024_DAY1_MINIWICE_5351	96	Picture	FF	5735080	0	1	43100	2	0	43200
S024_DAY1_MINIWICE_5351	96	Response	51	5753110	18030	1
S024_DAY1_MINIWICE_5351	96	Pulse	99	5763797	28717	NA
S024_DAY1_MINIWICE_5351	96	Port Input	1	5763797	28717	NA
S024_DAY1_MINIWICE_5351	96	Picture	95_T_FFTRIAD_FF_futbol_red.png	5778180	43100	1	1900	2	43200	1800
S024_DAY1_MINIWICE_5351	97	Picture	FF	5780380	0	1	43199	3	0	43200
S024_DAY1_MINIWICE_5351	97	Response	51	5795708	15328	1
S024_DAY1_MINIWICE_5351	97	Pulse	99	5799798	19418	NA
S024_DAY1_MINIWICE_5351	97	Port Input	1	5799798	19418	NA
S024_DAY1_MINIWICE_5351	97	Picture	96_T_FFTRIAD_FF_grapadora_red.png	5823579	43199	2	1900	4	43200	1800
S024_DAY1_MINIWICE_5351	98	Picture	RW	5825979	0	2	43100	3	0	43200
S024_DAY1_MINIWICE_5351	98	Pulse	99	5835799	9820	NA
S024_DAY1_MINIWICE_5351	98	Port Input	1	5835799	9820	NA
S024_DAY1_MINIWICE_5351	98	Response	51	5846838	20859	1
S024_DAY1_MINIWICE_5351	98	Picture	97_T_RWTRIAD_RW_ancla_red.png	5869079	43100	1	1900	2	43200	1800
S024_DAY1_MINIWICE_5351	99	Picture	RW	5871279	0	1	43200	2	0	43200
S024_DAY1_MINIWICE_5351	99	Pulse	99	5871800	521	NA
S024_DAY1_MINIWICE_5351	99	Port Input	1	5871800	521	NA
S024_DAY1_MINIWICE_5351	99	Response	51	5901663	30384	2
S024_DAY1_MINIWICE_5351	99	Pulse	99	5907801	36522	NA
S024_DAY1_MINIWICE_5351	99	Port Input	1	5907801	36522	NA
S024_DAY1_MINIWICE_5351	99	Picture	98_T_RWTRIAD_RW_molino_red.png	5914479	43200	1	1900	2	43200	1800
S024_DAY1_MINIWICE_5351	100	Picture	RW	5916679	0	1	43100	2	0	43200
S024_DAY1_MINIWICE_5351	100	Response	51	5932643	15964	1
S024_DAY1_MINIWICE_5351	100	Pulse	99	5943802	27123	NA
S024_DAY1_MINIWICE_5351	100	Port Input	1	5943802	27123	NA
S024_DAY1_MINIWICE_5351	100	Picture	99_T_RWTRIAD_RW_paracaidas_red.png	5959779	43100	1	1900	2	43200	1800
S024_DAY1_MINIWICE_5351	101	Picture	RW	5961979	0	1	43200	2	0	43200
S024_DAY1_MINIWICE_5351	101	Response	52	5977078	15099	1
S024_DAY1_MINIWICE_5351	101	Pulse	99	5979803	17824	NA
S024_DAY1_MINIWICE_5351	101	Port Input	1	5979803	17824	NA
S024_DAY1_MINIWICE_5351	101	Picture	100_T_RWTRIAD_RW_sombrilla_red.png	6005179	43200	1	1900	2	43200	1800
S024_DAY1_MINIWICE_5351	102	Picture	rest	6007179	0	1	144099	2	0	144000
S024_DAY1_MINIWICE_5351	102	Pulse	99	6015804	8625	NA
S024_DAY1_MINIWICE_5351	102	Port Input	1	6015804	8625	NA
S024_DAY1_MINIWICE_5351	102	Pulse	99	6051805	44626	NA
S024_DAY1_MINIWICE_5351	102	Port Input	1	6051805	44626	NA
S024_DAY1_MINIWICE_5351	102	Pulse	99	6087807	80628	NA
S024_DAY1_MINIWICE_5351	102	Port Input	1	6087807	80628	NA
S024_DAY1_MINIWICE_5351	102	Pulse	99	6123808	116629	NA
S024_DAY1_MINIWICE_5351	102	Port Input	1	6123808	116629	NA
S024_DAY1_MINIWICE_5351	103	Picture	endrest	6151378	0	2	10100	4	0	10000
S024_DAY1_MINIWICE_5351	103	Pulse	99	6159809	8431	NA
S024_DAY1_MINIWICE_5351	103	Port Input	1	6159809	8431	NA
S024_DAY1_MINIWICE_5351	104	Picture	FF	6161778	0	1	43200	2	0	43200
S024_DAY1_MINIWICE_5351	104	Response	51	6173630	11852	1
S024_DAY1_MINIWICE_5351	104	Pulse	99	6195810	34032	NA
S024_DAY1_MINIWICE_5351	104	Port Input	1	6195810	34032	NA
S024_DAY1_MINIWICE_5351	104	Picture	103_T_FFTRIAD_FF_sombrilla_red.png	6204978	43200	1	1900	2	43200	1800
S024_DAY1_MINIWICE_5351	105	Picture	FF	6207178	0	1	43200	2	0	43200
S024_DAY1_MINIWICE_5351	105	Response	52	6216001	8823	1
S024_DAY1_MINIWICE_5351	105	Pulse	99	6231811	24633	NA
S024_DAY1_MINIWICE_5351	105	Port Input	1	6231811	24633	NA
S024_DAY1_MINIWICE_5351	105	Picture	104_T_FFTRIAD_FF_bala_red.png	6250378	43200	1	1900	2	43200	1800
S024_DAY1_MINIWICE_5351	106	Picture	FF	6252578	0	1	43100	2	0	43200
S024_DAY1_MINIWICE_5351	106	Response	51	6263034	10456	1
S024_DAY1_MINIWICE_5351	106	Pulse	99	6267812	15234	NA
S024_DAY1_MINIWICE_5351	106	Port Input	1	6267812	15234	NA
S024_DAY1_MINIWICE_5351	106	Picture	105_T_FFTRIAD_FF_portatil_red.png	6295678	43100	1	1900	2	43200	1800
S024_DAY1_MINIWICE_5351	107	Picture	FF	6297878	0	1	43100	2	0	43200
S024_DAY1_MINIWICE_5351	107	Pulse	99	6303813	5935	NA
S024_DAY1_MINIWICE_5351	107	Port Input	1	6303813	5935	NA
S024_DAY1_MINIWICE_5351	107	Response	52	6311479	13601	1
S024_DAY1_MINIWICE_5351	107	Pulse	99	6339814	41936	NA
S024_DAY1_MINIWICE_5351	107	Port Input	1	6339814	41936	NA
S024_DAY1_MINIWICE_5351	107	Picture	106_T_FFTRIAD_FF_murcielago_red.png	6340978	43100	1	1900	2	43200	1800
S024_DAY1_MINIWICE_5351	108	Picture	FF	6343278	0	1	43200	2	0	43200
S024_DAY1_MINIWICE_5351	108	Response	52	6354037	10759	1
S024_DAY1_MINIWICE_5351	108	Pulse	99	6375815	32537	NA
S024_DAY1_MINIWICE_5351	108	Port Input	1	6375815	32537	NA
S024_DAY1_MINIWICE_5351	108	Picture	107_T_FFTRIAD_FF_telarana_red.png	6386478	43200	1	1900	2	43200	1800
S024_DAY1_MINIWICE_5351	109	Picture	FF	6388678	0	1	43099	3	0	43200
S024_DAY1_MINIWICE_5351	109	Response	51	6398913	10235	1
S024_DAY1_MINIWICE_5351	109	Pulse	99	6411816	23138	NA
S024_DAY1_MINIWICE_5351	109	Port Input	1	6411816	23138	NA
S024_DAY1_MINIWICE_5351	109	Picture	108_T_FFTRIAD_FF_perro_red.png	6431777	43099	2	1900	4	43200	1800
S024_DAY1_MINIWICE_5351	110	Picture	FF	6433977	0	2	43200	3	0	43200
S024_DAY1_MINIWICE_5351	110	Response	51	6445104	11127	1
S024_DAY1_MINIWICE_5351	110	Pulse	99	6447817	13840	NA
S024_DAY1_MINIWICE_5351	110	Port Input	1	6447817	13840	NA
S024_DAY1_MINIWICE_5351	110	Picture	109_T_FFTRIAD_FF_tenedor_red.png	6477177	43200	1	1900	2	43200	1800
S024_DAY1_MINIWICE_5351	111	Picture	FF	6479377	0	1	43100	2	0	43200
S024_DAY1_MINIWICE_5351	111	Pulse	99	6483818	4441	NA
S024_DAY1_MINIWICE_5351	111	Port Input	1	6483818	4441	NA
S024_DAY1_MINIWICE_5351	111	Response	51	6496925	17548	1
S024_DAY1_MINIWICE_5351	111	Pulse	99	6519819	40442	NA
S024_DAY1_MINIWICE_5351	111	Port Input	1	6519819	40442	NA
S024_DAY1_MINIWICE_5351	111	Picture	110_T_FFTRIAD_FF_dedal_red.png	6522477	43100	1	1900	2	43200	1800
S024_DAY1_MINIWICE_5351	112	Picture	rest	6524477	0	1	144100	2	0	144000
S024_DAY1_MINIWICE_5351	113	Picture	endrest	6668677	0	1	10100	2	0	10000
S024_DAY1_MINIWICE_5351	114	Picture	FF	6679077	0	1	43199	3	0	43200
S024_DAY1_MINIWICE_5351	114	Response	52	6692869	13792	1
S024_DAY1_MINIWICE_5351	114	Picture	113_T_FFTRIAD_FF_almohada_red.png	6722276	43199	2	1900	4	43200	1800
S024_DAY1_MINIWICE_5351	115	Picture	FF	6724476	0	1	43200	2	0	43200
S024_DAY1_MINIWICE_5351	115	Response	51	6736145	11669	1
S024_DAY1_MINIWICE_5351	115	Picture	114_T_FFTRIAD_FF_traje_red.png	6767676	43200	1	1900	2	43200	1800
S024_DAY1_MINIWICE_5351	116	Picture	FF	6769876	0	1	43200	2	0	43200
S024_DAY1_MINIWICE_5351	116	Response	52	6784299	14423	1
S024_DAY1_MINIWICE_5351	116	Picture	115_T_FFTRIAD_FF_gafas_red.png	6813076	43200	1	1900	2	43200	1800
S024_DAY1_MINIWICE_5351	117	Picture	FF	6815376	0	1	43100	2	0	43200
S024_DAY1_MINIWICE_5351	117	Response	51	6827914	12538	2
S024_DAY1_MINIWICE_5351	117	Picture	116_T_FFTRIAD_FF_bellota_red.png	6858476	43100	1	1900	2	43200	1800
S024_DAY1_MINIWICE_5351	118	Picture	RW	6860776	0	1	43100	2	0	43200
S024_DAY1_MINIWICE_5351	118	Response	51	6873110	12334	1
S024_DAY1_MINIWICE_5351	118	Picture	117_T_RWTRIAD_RW_chupete_red.png	6903876	43100	1	1900	2	43200	1800
S024_DAY1_MINIWICE_5351	119	Picture	RW	6906176	0	1	43100	2	0	43200
S024_DAY1_MINIWICE_5351	119	Response	52	6918400	12224	1
S024_DAY1_MINIWICE_5351	119	Picture	118_T_RWTRIAD_RW_dado_red.png	6949276	43100	1	1900	2	43200	1800
S024_DAY1_MINIWICE_5351	120	Picture	RW	6951576	0	1	43099	3	0	43200
S024_DAY1_MINIWICE_5351	120	Response	52	6974918	23342	2
S024_DAY1_MINIWICE_5351	120	Picture	119_T_RWTRIAD_RW_murcielago_red.png	6994675	43099	2	1900	4	43200	1800
S024_DAY1_MINIWICE_5351	121	Picture	RW	6996976	0	1	43099	2	0	43200
S024_DAY1_MINIWICE_5351	121	Response	52	7012671	15695	1
S024_DAY1_MINIWICE_5351	121	Picture	120_T_RWTRIAD_RW_huevos_red.png	7040075	43099	1	1900	2	43200	1800
S024_DAY1_MINIWICE_5351	122	Picture	rest	7042075	0	1	144100	2	0	144000
S024_DAY1_MINIWICE_5351	123	Picture	endrest	7186275	0	1	10100	2	0	10000
S024_DAY1_MINIWICE_5351	124	Picture	PW	7196775	0	1	43200	2	0	43200
S024_DAY1_MINIWICE_5351	124	Response	51	7219410	22635	1
S024_DAY1_MINIWICE_5351	124	Picture	123_T_PWTRIAD_PW_mono_red.png	7239975	43200	1	1900	2	43200	1800
S024_DAY1_MINIWICE_5351	125	Picture	PW	7242175	0	1	43199	3	0	43200
S024_DAY1_MINIWICE_5351	125	Response	51	7262071	19896	1
S024_DAY1_MINIWICE_5351	125	Picture	124_T_PWTRIAD_PW_leche_red.png	7285374	43199	2	1900	4	43200	1800
S024_DAY1_MINIWICE_5351	126	Picture	PW	7287475	0	1	43199	2	0	43200
S024_DAY1_MINIWICE_5351	126	Response	52	7309407	21932	1
S024_DAY1_MINIWICE_5351	126	Picture	125_T_PWTRIAD_PW_destornillador_red.png	7330674	43199	1	1900	2	43200	1800
S024_DAY1_MINIWICE_5351	127	Picture	PW	7332874	0	1	43200	2	0	43200
S024_DAY1_MINIWICE_5351	127	Response	51	7352073	19199	1
S024_DAY1_MINIWICE_5351	127	Picture	126_T_PWTRIAD_PW_violin_red.png	7376074	43200	1	1900	2	43200	1800
S024_DAY1_MINIWICE_5351	128	Picture	PW	7378374	0	1	43100	2	0	43200
S024_DAY1_MINIWICE_5351	128	Response	52	7402531	24157	1
S024_DAY1_MINIWICE_5351	128	Picture	127_T_PWTRIAD_PW_grifo_red.png	7421474	43100	1	1900	2	43200	1800
S024_DAY1_MINIWICE_5351	129	Picture	PW	7423774	0	1	43100	2	0	43200
S024_DAY1_MINIWICE_5351	129	Response	51	7449046	25272	2
S024_DAY1_MINIWICE_5351	129	Picture	128_T_PWTRIAD_PW_lenador_red.png	7466874	43100	1	1900	2	43200	1800
S024_DAY1_MINIWICE_5351	130	Picture	PW	7469074	0	1	43200	2	0	43200
S024_DAY1_MINIWICE_5351	130	Response	51	7493158	24084	1
S024_DAY1_MINIWICE_5351	130	Picture	129_T_PWTRIAD_PW_policia_red.png	7512274	43200	1	1900	2	43200	1800
S024_DAY1_MINIWICE_5351	131	Picture	PW	7514674	0	1	43100	2	0	43200
S024_DAY1_MINIWICE_5351	131	Response	51	7540047	25373	1
S024_DAY1_MINIWICE_5351	131	Picture	130_T_PWTRIAD_PW_charco_red.png	7557774	43100	1	1900	2	43200	1800
S024_DAY1_MINIWICE_5351	132	Picture	rest	7559773	0	2	144100	3	0	144000
S024_DAY1_MINIWICE_5351	133	Picture	endrest	7703973	0	1	10100	2	0	10000
S024_DAY1_MINIWICE_5351	134	Picture	FF	7714273	0	1	43200	2	0	43200
S024_DAY1_MINIWICE_5351	134	Response	52	7726844	12571	1
S024_DAY1_MINIWICE_5351	134	Picture	133_T_FFTRIAD_FF_telefono_red.png	7757473	43200	1	1900	2	43200	1800
S024_DAY1_MINIWICE_5351	135	Picture	FF	7759673	0	1	43100	2	0	43200
S024_DAY1_MINIWICE_5351	135	Response	51	7769795	10122	1
S024_DAY1_MINIWICE_5351	135	Picture	134_T_FFTRIAD_FF_sapo_red.png	7802773	43100	1	1900	2	43200	1800
S024_DAY1_MINIWICE_5351	136	Picture	FF	7805073	0	1	43100	2	0	43200
S024_DAY1_MINIWICE_5351	136	Response	51	7819151	14078	1
S024_DAY1_MINIWICE_5351	136	Picture	135_T_FFTRIAD_FF_llave_red.png	7848173	43100	1	1900	2	43200	1800
S024_DAY1_MINIWICE_5351	137	Picture	FF	7850372	0	2	43100	4	0	43200
S024_DAY1_MINIWICE_5351	137	Response	52	7858369	7997	1
S024_DAY1_MINIWICE_5351	137	Picture	136_T_FFTRIAD_FF_bebe_red.png	7893472	43100	2	1900	4	43200	1800
S024_DAY1_MINIWICE_5351	138	Picture	rest	7895472	0	1	144100	2	0	144000
S024_DAY1_MINIWICE_5351	139	Picture	endrest	8039672	0	1	10100	2	0	10000
S024_DAY1_MINIWICE_5351	140	Picture	endrest	8049872	0	1	10100	2	0	10000
S024_DAY1_MINIWICE_5351	141	Picture	endrest	8060072	0	1	10100	2	0	10000
S024_DAY1_MINIWICE_5351	142	Picture	endrest	8070272	0	1	10100	2	0	10000
