Scenario - vOT_Triads_fMRI_I
Logfile written - 12/23/2015 13:10:38

Subject	Trial	Event Type	Code	Time	TTime	Uncertainty	Duration	Uncertainty	ReqTime	ReqDur

S024_DAY2_MINITWICE_5351	1	Response	98	44501	54401	1
S024_DAY2_MINITWICE_5351	2	Response	52	73989	29390	1
S024_DAY2_MINITWICE_5351	2	Response	98	80440	35841	1
S024_DAY2_MINITWICE_5351	3	Response	51	101259	20760	26
S024_DAY2_MINITWICE_5351	3	Response	98	107237	26738	1
S024_DAY2_MINITWICE_5351	4	Response	52	121412	14113	1
S024_DAY2_MINITWICE_5351	4	Response	98	136416	29117	27
S024_DAY2_MINITWICE_5351	6	Pulse	99	420891	284392	NA
S024_DAY2_MINITWICE_5351	6	Port Input	1	420891	284392	NA
S024_DAY2_MINITWICE_5351	6	Pulse	99	456892	320393	NA
S024_DAY2_MINITWICE_5351	6	Port Input	1	456892	320393	NA
S024_DAY2_MINITWICE_5351	6	Pulse	99	492893	356394	NA
S024_DAY2_MINITWICE_5351	6	Port Input	1	492893	356394	NA
S024_DAY2_MINITWICE_5351	6	Pulse	99	528894	392395	NA
S024_DAY2_MINITWICE_5351	6	Port Input	1	528894	392395	NA
S024_DAY2_MINITWICE_5351	6	Pulse	99	564895	428396	NA
S024_DAY2_MINITWICE_5351	6	Port Input	1	564895	428396	NA
S024_DAY2_MINITWICE_5351	7	Picture	rest	565097	0	2	144100	3	0	144000
S024_DAY2_MINITWICE_5351	7	Pulse	99	600897	35800	NA
S024_DAY2_MINITWICE_5351	7	Port Input	1	600897	35800	NA
S024_DAY2_MINITWICE_5351	7	Pulse	99	636898	71801	NA
S024_DAY2_MINITWICE_5351	7	Port Input	1	636898	71801	NA
S024_DAY2_MINITWICE_5351	7	Pulse	99	672899	107802	NA
S024_DAY2_MINITWICE_5351	7	Port Input	1	672899	107802	NA
S024_DAY2_MINITWICE_5351	7	Pulse	99	708900	143803	NA
S024_DAY2_MINITWICE_5351	7	Port Input	1	708900	143803	NA
S024_DAY2_MINITWICE_5351	8	Picture	endrest	709297	0	1	10100	2	0	10000
S024_DAY2_MINITWICE_5351	9	Picture	PW	719697	0	1	43200	2	0	43200
S024_DAY2_MINITWICE_5351	9	Response	52	737663	17966	1
S024_DAY2_MINITWICE_5351	9	Pulse	99	744901	25204	NA
S024_DAY2_MINITWICE_5351	9	Port Input	1	744901	25204	NA
S024_DAY2_MINITWICE_5351	9	Picture	3_T_PWTRIAD_PW_sobre_red.png	762897	43200	1	1900	2	43200	1800
S024_DAY2_MINITWICE_5351	10	Picture	PW	765197	0	1	43100	2	0	43200
S024_DAY2_MINITWICE_5351	10	Pulse	99	780902	15705	NA
S024_DAY2_MINITWICE_5351	10	Port Input	1	780902	15705	NA
S024_DAY2_MINITWICE_5351	10	Response	51	781836	16639	1
S024_DAY2_MINITWICE_5351	10	Picture	4_T_PWTRIAD_PW_tijera_red.png	808297	43100	1	1900	2	43200	1800
S024_DAY2_MINITWICE_5351	11	Picture	PW	810497	0	1	43200	2	0	43200
S024_DAY2_MINITWICE_5351	11	Pulse	99	816903	6406	NA
S024_DAY2_MINITWICE_5351	11	Port Input	1	816903	6406	NA
S024_DAY2_MINITWICE_5351	11	Response	52	826662	16165	1
S024_DAY2_MINITWICE_5351	11	Pulse	99	852904	42407	NA
S024_DAY2_MINITWICE_5351	11	Port Input	1	852904	42407	NA
S024_DAY2_MINITWICE_5351	11	Picture	5_T_PWTRIAD_PW_cerillas_red.png	853697	43200	1	1900	2	43200	1800
S024_DAY2_MINITWICE_5351	12	Picture	PW	855997	0	1	43099	2	0	43200
S024_DAY2_MINITWICE_5351	12	Response	51	872346	16349	1
S024_DAY2_MINITWICE_5351	12	Pulse	99	888905	32908	NA
S024_DAY2_MINITWICE_5351	12	Port Input	1	888905	32908	NA
S024_DAY2_MINITWICE_5351	12	Picture	6_T_PWTRIAD_PW_arbol_red.png	899096	43099	1	1900	2	43200	1800
S024_DAY2_MINITWICE_5351	13	Picture	FF	901396	0	1	43200	2	0	43200
S024_DAY2_MINITWICE_5351	13	Response	52	914860	13464	1
S024_DAY2_MINITWICE_5351	13	Pulse	99	924906	23510	NA
S024_DAY2_MINITWICE_5351	13	Port Input	1	924906	23510	NA
S024_DAY2_MINITWICE_5351	13	Picture	7_T_FFTRIAD_FF_pizarra_red.png	944596	43200	1	1900	2	43200	1800
S024_DAY2_MINITWICE_5351	14	Picture	FF	946896	0	1	43100	2	0	43200
S024_DAY2_MINITWICE_5351	14	Response	52	958058	11162	1
S024_DAY2_MINITWICE_5351	14	Pulse	99	960907	14011	NA
S024_DAY2_MINITWICE_5351	14	Port Input	1	960907	14011	NA
S024_DAY2_MINITWICE_5351	14	Picture	8_T_FFTRIAD_FF_cinturon_red.png	989996	43100	1	1900	2	43200	1800
S024_DAY2_MINITWICE_5351	15	Picture	FF	992196	0	1	43200	2	0	43200
S024_DAY2_MINITWICE_5351	15	Pulse	99	996909	4713	NA
S024_DAY2_MINITWICE_5351	15	Port Input	1	996909	4713	NA
S024_DAY2_MINITWICE_5351	15	Response	52	1003247	11051	1
S024_DAY2_MINITWICE_5351	15	Pulse	99	1032910	40714	NA
S024_DAY2_MINITWICE_5351	15	Port Input	1	1032910	40714	NA
S024_DAY2_MINITWICE_5351	15	Picture	9_T_FFTRIAD_FF_banera_red.png	1035396	43200	1	1900	2	43200	1800
S024_DAY2_MINITWICE_5351	16	Picture	FF	1037696	0	1	43100	2	0	43200
S024_DAY2_MINITWICE_5351	16	Response	51	1055064	17368	1
S024_DAY2_MINITWICE_5351	16	Pulse	99	1068911	31215	NA
S024_DAY2_MINITWICE_5351	16	Port Input	1	1068911	31215	NA
S024_DAY2_MINITWICE_5351	16	Picture	10_T_FFTRIAD_FF_monja_red.png	1080796	43100	1	1900	2	43200	1800
S024_DAY2_MINITWICE_5351	17	Picture	rest	1082796	0	1	144099	2	0	144000
S024_DAY2_MINITWICE_5351	17	Pulse	99	1104912	22116	NA
S024_DAY2_MINITWICE_5351	17	Port Input	1	1104912	22116	NA
S024_DAY2_MINITWICE_5351	17	Pulse	99	1140913	58117	NA
S024_DAY2_MINITWICE_5351	17	Port Input	1	1140913	58117	NA
S024_DAY2_MINITWICE_5351	17	Pulse	99	1176914	94118	NA
S024_DAY2_MINITWICE_5351	17	Port Input	1	1176914	94118	NA
S024_DAY2_MINITWICE_5351	17	Pulse	99	1212915	130119	NA
S024_DAY2_MINITWICE_5351	17	Port Input	1	1212915	130119	NA
S024_DAY2_MINITWICE_5351	18	Picture	endrest	1226995	0	1	10100	2	0	10000
S024_DAY2_MINITWICE_5351	19	Picture	PW	1237495	0	1	43100	2	0	43200
S024_DAY2_MINITWICE_5351	19	Pulse	99	1248916	11421	NA
S024_DAY2_MINITWICE_5351	19	Port Input	1	1248916	11421	NA
S024_DAY2_MINITWICE_5351	19	Response	51	1260658	23163	1
S024_DAY2_MINITWICE_5351	19	Picture	13_T_PWTRIAD_PW_madera_red.png	1280595	43100	1	1900	2	43200	1800
S024_DAY2_MINITWICE_5351	20	Picture	PW	1282895	0	1	43200	2	0	43200
S024_DAY2_MINITWICE_5351	20	Pulse	99	1284917	2022	NA
S024_DAY2_MINITWICE_5351	20	Port Input	1	1284917	2022	NA
S024_DAY2_MINITWICE_5351	20	Response	52	1301446	18551	1
S024_DAY2_MINITWICE_5351	20	Pulse	99	1320918	38023	NA
S024_DAY2_MINITWICE_5351	20	Port Input	1	1320918	38023	NA
S024_DAY2_MINITWICE_5351	20	Picture	14_T_PWTRIAD_PW_bebe_red.png	1326095	43200	1	1900	2	43200	1800
S024_DAY2_MINITWICE_5351	21	Picture	PW	1328295	0	1	43200	2	0	43200
S024_DAY2_MINITWICE_5351	21	Response	51	1352831	24536	2
S024_DAY2_MINITWICE_5351	21	Pulse	99	1356919	28624	NA
S024_DAY2_MINITWICE_5351	21	Port Input	1	1356919	28624	NA
S024_DAY2_MINITWICE_5351	21	Picture	15_T_PWTRIAD_PW_pizarra_red.png	1371495	43200	1	1900	2	43200	1800
S024_DAY2_MINITWICE_5351	22	Picture	PW	1373795	0	1	43100	2	0	43200
S024_DAY2_MINITWICE_5351	22	Response	52	1392255	18460	1
S024_DAY2_MINITWICE_5351	22	Pulse	99	1392920	19125	NA
S024_DAY2_MINITWICE_5351	22	Port Input	1	1392920	19125	NA
S024_DAY2_MINITWICE_5351	22	Picture	16_T_PWTRIAD_PW_paraguas_red.png	1416895	43100	1	1900	2	43200	1800
S024_DAY2_MINITWICE_5351	23	Picture	FF	1419195	0	1	43100	2	0	43200
S024_DAY2_MINITWICE_5351	23	Pulse	99	1428922	9727	NA
S024_DAY2_MINITWICE_5351	23	Port Input	1	1428922	9727	NA
S024_DAY2_MINITWICE_5351	23	Response	51	1438175	18980	1
S024_DAY2_MINITWICE_5351	23	Picture	17_T_FFTRIAD_FF_oruga_red.png	1462295	43100	1	1900	2	43200	1800
S024_DAY2_MINITWICE_5351	24	Picture	FF	1464595	0	1	43099	3	0	43200
S024_DAY2_MINITWICE_5351	24	Pulse	99	1464923	328	NA
S024_DAY2_MINITWICE_5351	24	Port Input	1	1464923	328	NA
S024_DAY2_MINITWICE_5351	24	Response	51	1482126	17531	1
S024_DAY2_MINITWICE_5351	24	Pulse	99	1500924	36329	NA
S024_DAY2_MINITWICE_5351	24	Port Input	1	1500924	36329	NA
S024_DAY2_MINITWICE_5351	24	Picture	18_T_FFTRIAD_FF_arbol_red.png	1507694	43099	2	1900	4	43200	1800
S024_DAY2_MINITWICE_5351	25	Picture	FF	1509894	0	2	43200	3	0	43200
S024_DAY2_MINITWICE_5351	25	Response	51	1522763	12869	1
S024_DAY2_MINITWICE_5351	25	Pulse	99	1536925	27031	NA
S024_DAY2_MINITWICE_5351	25	Port Input	1	1536925	27031	NA
S024_DAY2_MINITWICE_5351	25	Picture	19_T_FFTRIAD_FF_agua_red.png	1553094	43200	1	1900	2	43200	1800
S024_DAY2_MINITWICE_5351	26	Picture	FF	1555394	0	1	43100	2	0	43200
S024_DAY2_MINITWICE_5351	26	Response	52	1568414	13020	1
S024_DAY2_MINITWICE_5351	26	Pulse	99	1572926	17532	NA
S024_DAY2_MINITWICE_5351	26	Port Input	1	1572926	17532	NA
S024_DAY2_MINITWICE_5351	26	Picture	20_T_FFTRIAD_FF_botella_red.png	1598494	43100	1	1900	2	43200	1800
S024_DAY2_MINITWICE_5351	27	Picture	rest	1600494	0	1	144100	2	0	144000
S024_DAY2_MINITWICE_5351	27	Pulse	99	1608927	8433	NA
S024_DAY2_MINITWICE_5351	27	Port Input	1	1608927	8433	NA
S024_DAY2_MINITWICE_5351	27	Pulse	99	1644928	44434	NA
S024_DAY2_MINITWICE_5351	27	Port Input	1	1644928	44434	NA
S024_DAY2_MINITWICE_5351	27	Pulse	99	1680929	80435	NA
S024_DAY2_MINITWICE_5351	27	Port Input	1	1680929	80435	NA
S024_DAY2_MINITWICE_5351	27	Pulse	99	1716930	116436	NA
S024_DAY2_MINITWICE_5351	27	Port Input	1	1716930	116436	NA
S024_DAY2_MINITWICE_5351	28	Picture	endrest	1744694	0	1	10100	2	0	10000
S024_DAY2_MINITWICE_5351	28	Pulse	99	1752931	8237	NA
S024_DAY2_MINITWICE_5351	28	Port Input	1	1752931	8237	NA
S024_DAY2_MINITWICE_5351	29	Picture	RW	1755094	0	1	43199	3	0	43200
S024_DAY2_MINITWICE_5351	29	Response	52	1766434	11340	1
S024_DAY2_MINITWICE_5351	29	Pulse	99	1788932	33838	NA
S024_DAY2_MINITWICE_5351	29	Port Input	1	1788932	33838	NA
S024_DAY2_MINITWICE_5351	29	Picture	23_T_RWTRIAD_RW_leche_red.png	1798293	43199	2	1900	4	43200	1800
S024_DAY2_MINITWICE_5351	30	Picture	RW	1800493	0	2	43100	3	0	43200
S024_DAY2_MINITWICE_5351	30	Response	51	1822926	22433	1
S024_DAY2_MINITWICE_5351	30	Pulse	99	1824934	24441	NA
S024_DAY2_MINITWICE_5351	30	Port Input	1	1824934	24441	NA
S024_DAY2_MINITWICE_5351	30	Picture	24_T_RWTRIAD_RW_cerillas_red.png	1843593	43100	1	1900	2	43200	1800
S024_DAY2_MINITWICE_5351	31	Picture	RW	1845793	0	1	43200	2	0	43200
S024_DAY2_MINITWICE_5351	31	Response	52	1858654	12861	1
S024_DAY2_MINITWICE_5351	31	Pulse	99	1860935	15142	NA
S024_DAY2_MINITWICE_5351	31	Port Input	1	1860935	15142	NA
S024_DAY2_MINITWICE_5351	31	Picture	25_T_RWTRIAD_RW_bebe_red.png	1888993	43200	1	1900	2	43200	1800
S024_DAY2_MINITWICE_5351	32	Picture	RW	1891193	0	1	43200	2	0	43200
S024_DAY2_MINITWICE_5351	32	Pulse	99	1896936	5743	NA
S024_DAY2_MINITWICE_5351	32	Port Input	1	1896936	5743	NA
S024_DAY2_MINITWICE_5351	32	Response	52	1906286	15093	1
S024_DAY2_MINITWICE_5351	32	Pulse	99	1932937	41744	NA
S024_DAY2_MINITWICE_5351	32	Port Input	1	1932937	41744	NA
S024_DAY2_MINITWICE_5351	32	Picture	26_T_RWTRIAD_RW_plato_red.png	1934393	43200	1	1900	2	43200	1800
S024_DAY2_MINITWICE_5351	33	Picture	PW	1936693	0	1	43200	2	0	43200
S024_DAY2_MINITWICE_5351	33	Response	51	1954193	17500	1
S024_DAY2_MINITWICE_5351	33	Pulse	99	1968938	32245	NA
S024_DAY2_MINITWICE_5351	33	Port Input	1	1968938	32245	NA
S024_DAY2_MINITWICE_5351	33	Picture	27_T_PWTRIAD_PW_martillo_red.png	1979893	43200	1	1900	2	43200	1800
S024_DAY2_MINITWICE_5351	34	Picture	PW	1982193	0	1	43200	2	0	43200
S024_DAY2_MINITWICE_5351	34	Response	52	2004456	22263	1
S024_DAY2_MINITWICE_5351	34	Pulse	99	2004939	22746	NA
S024_DAY2_MINITWICE_5351	34	Port Input	1	2004939	22746	NA
S024_DAY2_MINITWICE_5351	34	Picture	28_T_PWTRIAD_PW_pilas_red.png	2025393	43200	1	1900	2	43200	1800
S024_DAY2_MINITWICE_5351	35	Picture	PW	2027693	0	1	43200	2	0	43200
S024_DAY2_MINITWICE_5351	35	Pulse	99	2040940	13247	NA
S024_DAY2_MINITWICE_5351	35	Port Input	1	2040940	13247	NA
S024_DAY2_MINITWICE_5351	35	Response	51	2049671	21978	1
S024_DAY2_MINITWICE_5351	35	Picture	29_T_PWTRIAD_PW_iglu_red.png	2070893	43200	1	1900	2	43200	1800
S024_DAY2_MINITWICE_5351	36	Picture	PW	2073193	0	1	43099	3	0	43200
S024_DAY2_MINITWICE_5351	36	Pulse	99	2076941	3748	NA
S024_DAY2_MINITWICE_5351	36	Port Input	1	2076941	3748	NA
S024_DAY2_MINITWICE_5351	36	Response	51	2095101	21908	1
S024_DAY2_MINITWICE_5351	36	Pulse	99	2112942	39749	NA
S024_DAY2_MINITWICE_5351	36	Port Input	1	2112942	39749	NA
S024_DAY2_MINITWICE_5351	36	Picture	30_T_PWTRIAD_PW_cortina_red.png	2116292	43099	2	1900	3	43200	1800
S024_DAY2_MINITWICE_5351	37	Picture	rest	2118292	0	1	144100	2	0	144000
S024_DAY2_MINITWICE_5351	37	Pulse	99	2148943	30651	NA
S024_DAY2_MINITWICE_5351	37	Port Input	1	2148943	30651	NA
S024_DAY2_MINITWICE_5351	37	Pulse	99	2184944	66652	NA
S024_DAY2_MINITWICE_5351	37	Port Input	1	2184944	66652	NA
S024_DAY2_MINITWICE_5351	37	Pulse	99	2220946	102654	NA
S024_DAY2_MINITWICE_5351	37	Port Input	1	2220946	102654	NA
S024_DAY2_MINITWICE_5351	37	Pulse	99	2256947	138655	NA
S024_DAY2_MINITWICE_5351	37	Port Input	1	2256947	138655	NA
S024_DAY2_MINITWICE_5351	38	Picture	endrest	2262492	0	1	10100	2	0	10000
S024_DAY2_MINITWICE_5351	39	Picture	FF	2272992	0	1	43200	2	0	43200
S024_DAY2_MINITWICE_5351	39	Response	51	2284323	11331	1
S024_DAY2_MINITWICE_5351	39	Pulse	99	2292948	19956	NA
S024_DAY2_MINITWICE_5351	39	Port Input	1	2292948	19956	NA
S024_DAY2_MINITWICE_5351	39	Picture	33_T_FFTRIAD_FF_zanahoria_red.png	2316192	43200	1	1900	2	43200	1800
S024_DAY2_MINITWICE_5351	40	Picture	FF	2318392	0	1	43200	2	0	43200
S024_DAY2_MINITWICE_5351	40	Pulse	99	2328949	10557	NA
S024_DAY2_MINITWICE_5351	40	Port Input	1	2328949	10557	NA
S024_DAY2_MINITWICE_5351	40	Response	52	2331105	12713	1
S024_DAY2_MINITWICE_5351	40	Picture	34_T_FFTRIAD_FF_manos_red.png	2361592	43200	1	1900	2	43200	1800
S024_DAY2_MINITWICE_5351	41	Picture	FF	2363792	0	1	43099	3	0	43200
S024_DAY2_MINITWICE_5351	41	Pulse	99	2364950	1158	NA
S024_DAY2_MINITWICE_5351	41	Port Input	1	2364950	1158	NA
S024_DAY2_MINITWICE_5351	41	Response	52	2374846	11054	1
S024_DAY2_MINITWICE_5351	41	Pulse	99	2400951	37159	NA
S024_DAY2_MINITWICE_5351	41	Port Input	1	2400951	37159	NA
S024_DAY2_MINITWICE_5351	41	Picture	35_T_FFTRIAD_FF_sobre_red.png	2406891	43099	2	1900	4	43200	1800
S024_DAY2_MINITWICE_5351	42	Picture	FF	2409091	0	2	43100	3	0	43200
S024_DAY2_MINITWICE_5351	42	Response	52	2423828	14737	1
S024_DAY2_MINITWICE_5351	42	Pulse	99	2436952	27861	NA
S024_DAY2_MINITWICE_5351	42	Port Input	1	2436952	27861	NA
S024_DAY2_MINITWICE_5351	42	Picture	36_T_FFTRIAD_FF_grifo_red.png	2452191	43100	1	1900	2	43200	1800
S024_DAY2_MINITWICE_5351	43	Picture	RW	2454291	0	1	43200	2	0	43200
S024_DAY2_MINITWICE_5351	43	Response	52	2467074	12783	1
S024_DAY2_MINITWICE_5351	43	Pulse	99	2472953	18662	NA
S024_DAY2_MINITWICE_5351	43	Port Input	1	2472953	18662	NA
S024_DAY2_MINITWICE_5351	43	Picture	37_T_RWTRIAD_RW_cinturon_red.png	2497491	43200	1	1900	2	43200	1800
S024_DAY2_MINITWICE_5351	44	Picture	RW	2499791	0	1	43100	2	0	43200
S024_DAY2_MINITWICE_5351	44	Pulse	99	2508954	9163	NA
S024_DAY2_MINITWICE_5351	44	Port Input	1	2508954	9163	NA
S024_DAY2_MINITWICE_5351	44	Response	51	2511280	11489	1
S024_DAY2_MINITWICE_5351	44	Picture	38_T_RWTRIAD_RW_iglu_red.png	2542891	43100	1	1900	2	43200	1800
S024_DAY2_MINITWICE_5351	44	Pulse	99	2544955	45164	NA
S024_DAY2_MINITWICE_5351	44	Port Input	1	2544955	45164	NA
S024_DAY2_MINITWICE_5351	45	Picture	RW	2545191	0	1	43100	2	0	43200
S024_DAY2_MINITWICE_5351	45	Response	51	2556877	11686	1
S024_DAY2_MINITWICE_5351	45	Pulse	99	2580956	35765	NA
S024_DAY2_MINITWICE_5351	45	Port Input	1	2580956	35765	NA
S024_DAY2_MINITWICE_5351	45	Picture	39_T_RWTRIAD_RW_teclado_red.png	2588291	43100	1	1900	2	43200	1800
S024_DAY2_MINITWICE_5351	46	Picture	RW	2590591	0	1	43200	2	0	43200
S024_DAY2_MINITWICE_5351	46	Response	51	2601226	10635	1
S024_DAY2_MINITWICE_5351	46	Pulse	99	2616958	26367	NA
S024_DAY2_MINITWICE_5351	46	Port Input	1	2616958	26367	NA
S024_DAY2_MINITWICE_5351	46	Picture	40_T_RWTRIAD_RW_grifo_red.png	2633791	43200	1	1899	4	43200	1800
S024_DAY2_MINITWICE_5351	47	Picture	rest	2635791	0	1	144099	2	0	144000
S024_DAY2_MINITWICE_5351	47	Pulse	99	2652959	17168	NA
S024_DAY2_MINITWICE_5351	47	Port Input	1	2652959	17168	NA
S024_DAY2_MINITWICE_5351	47	Pulse	99	2688960	53169	NA
S024_DAY2_MINITWICE_5351	47	Port Input	1	2688960	53169	NA
S024_DAY2_MINITWICE_5351	47	Pulse	99	2724961	89170	NA
S024_DAY2_MINITWICE_5351	47	Port Input	1	2724961	89170	NA
S024_DAY2_MINITWICE_5351	47	Pulse	99	2760962	125171	NA
S024_DAY2_MINITWICE_5351	47	Port Input	1	2760962	125171	NA
S024_DAY2_MINITWICE_5351	48	Picture	endrest	2779990	0	1	10100	2	0	10000
S024_DAY2_MINITWICE_5351	49	Picture	FF	2790390	0	1	43100	2	0	43200
S024_DAY2_MINITWICE_5351	49	Pulse	99	2796963	6573	NA
S024_DAY2_MINITWICE_5351	49	Port Input	1	2796963	6573	NA
S024_DAY2_MINITWICE_5351	49	Response	51	2805115	14725	1
S024_DAY2_MINITWICE_5351	49	Pulse	99	2832964	42574	NA
S024_DAY2_MINITWICE_5351	49	Port Input	1	2832964	42574	NA
S024_DAY2_MINITWICE_5351	49	Picture	43_T_FFTRIAD_FF_pluma_red.png	2833490	43100	1	1900	2	43200	1800
S024_DAY2_MINITWICE_5351	50	Picture	FF	2835690	0	1	43200	2	0	43200
S024_DAY2_MINITWICE_5351	50	Response	52	2845157	9467	1
S024_DAY2_MINITWICE_5351	50	Pulse	99	2868965	33275	NA
S024_DAY2_MINITWICE_5351	50	Port Input	1	2868965	33275	NA
S024_DAY2_MINITWICE_5351	50	Picture	44_T_FFTRIAD_FF_silla_red.png	2878890	43200	1	1900	2	43200	1800
S024_DAY2_MINITWICE_5351	51	Picture	FF	2881090	0	1	43100	2	0	43200
S024_DAY2_MINITWICE_5351	51	Response	52	2895499	14409	1
S024_DAY2_MINITWICE_5351	51	Pulse	99	2904966	23876	NA
S024_DAY2_MINITWICE_5351	51	Port Input	1	2904966	23876	NA
S024_DAY2_MINITWICE_5351	51	Picture	45_T_FFTRIAD_FF_molino_red.png	2924190	43100	1	1900	2	43200	1800
S024_DAY2_MINITWICE_5351	52	Picture	FF	2926490	0	1	43100	2	0	43200
S024_DAY2_MINITWICE_5351	52	Response	51	2935554	9064	1
S024_DAY2_MINITWICE_5351	52	Pulse	99	2940967	14477	NA
S024_DAY2_MINITWICE_5351	52	Port Input	1	2940967	14477	NA
S024_DAY2_MINITWICE_5351	52	Picture	46_T_FFTRIAD_FF_madera_red.png	2969590	43100	1	1900	2	43200	1800
S024_DAY2_MINITWICE_5351	53	Picture	FF	2971890	0	1	43199	3	0	43200
S024_DAY2_MINITWICE_5351	53	Pulse	99	2976968	5078	NA
S024_DAY2_MINITWICE_5351	53	Port Input	1	2976968	5078	NA
S024_DAY2_MINITWICE_5351	53	Response	52	2981781	9891	1
S024_DAY2_MINITWICE_5351	53	Pulse	99	3012970	41080	NA
S024_DAY2_MINITWICE_5351	53	Port Input	1	3012970	41080	NA
S024_DAY2_MINITWICE_5351	53	Picture	47_T_FFTRIAD_FF_raton_red.png	3015089	43199	2	1900	4	43200	1800
S024_DAY2_MINITWICE_5351	54	Picture	FF	3017289	0	2	43100	3	0	43200
S024_DAY2_MINITWICE_5351	54	Response	51	3025750	8461	2
S024_DAY2_MINITWICE_5351	54	Pulse	99	3048971	31682	NA
S024_DAY2_MINITWICE_5351	54	Port Input	1	3048971	31682	NA
S024_DAY2_MINITWICE_5351	54	Picture	48_T_FFTRIAD_FF_leche_red.png	3060389	43100	1	1900	2	43200	1800
S024_DAY2_MINITWICE_5351	55	Picture	FF	3062589	0	1	43200	2	0	43200
S024_DAY2_MINITWICE_5351	55	Response	51	3071241	8652	1
S024_DAY2_MINITWICE_5351	55	Pulse	99	3084972	22383	NA
S024_DAY2_MINITWICE_5351	55	Port Input	1	3084972	22383	NA
S024_DAY2_MINITWICE_5351	55	Picture	49_T_FFTRIAD_FF_martillo_red.png	3105789	43200	1	1900	2	43200	1800
S024_DAY2_MINITWICE_5351	56	Picture	FF	3107989	0	1	43100	2	0	43200
S024_DAY2_MINITWICE_5351	56	Response	52	3117039	9050	1
S024_DAY2_MINITWICE_5351	56	Pulse	99	3120973	12984	NA
S024_DAY2_MINITWICE_5351	56	Port Input	1	3120973	12984	NA
S024_DAY2_MINITWICE_5351	56	Picture	50_T_FFTRIAD_FF_granjero_red.png	3151089	43100	1	1900	2	43200	1800
S024_DAY2_MINITWICE_5351	57	Picture	rest	3153089	0	1	144099	3	0	144000
S024_DAY2_MINITWICE_5351	57	Pulse	99	3156974	3885	NA
S024_DAY2_MINITWICE_5351	57	Port Input	1	3156974	3885	NA
S024_DAY2_MINITWICE_5351	57	Pulse	99	3192975	39886	NA
S024_DAY2_MINITWICE_5351	57	Port Input	1	3192975	39886	NA
S024_DAY2_MINITWICE_5351	57	Pulse	99	3228976	75887	NA
S024_DAY2_MINITWICE_5351	57	Port Input	1	3228976	75887	NA
S024_DAY2_MINITWICE_5351	57	Pulse	99	3264977	111888	NA
S024_DAY2_MINITWICE_5351	57	Port Input	1	3264977	111888	NA
S024_DAY2_MINITWICE_5351	58	Picture	endrest	3297288	0	2	10100	4	0	10000
S024_DAY2_MINITWICE_5351	58	Pulse	99	3300978	3690	NA
S024_DAY2_MINITWICE_5351	58	Port Input	1	3300978	3690	NA
S024_DAY2_MINITWICE_5351	59	Picture	FF	3307688	0	2	43200	3	0	43200
S024_DAY2_MINITWICE_5351	59	Response	52	3325573	17885	1
S024_DAY2_MINITWICE_5351	59	Pulse	99	3336979	29291	NA
S024_DAY2_MINITWICE_5351	59	Port Input	1	3336979	29291	NA
S024_DAY2_MINITWICE_5351	59	Picture	53_T_FFTRIAD_FF_huevos_red.png	3350888	43200	1	1900	2	43200	1800
S024_DAY2_MINITWICE_5351	60	Picture	FF	3353188	0	1	43100	2	0	43200
S024_DAY2_MINITWICE_5351	60	Pulse	99	3372980	19792	NA
S024_DAY2_MINITWICE_5351	60	Port Input	1	3372980	19792	NA
S024_DAY2_MINITWICE_5351	60	Response	51	3376294	23106	1
S024_DAY2_MINITWICE_5351	60	Picture	54_T_FFTRIAD_FF_paracaidas_red.png	3396288	43100	1	1900	2	43200	1800
S024_DAY2_MINITWICE_5351	61	Picture	FF	3398488	0	1	43200	2	0	43200
S024_DAY2_MINITWICE_5351	61	Pulse	99	3408982	10494	NA
S024_DAY2_MINITWICE_5351	61	Port Input	1	3408982	10494	NA
S024_DAY2_MINITWICE_5351	61	Response	51	3411867	13379	1
S024_DAY2_MINITWICE_5351	61	Picture	55_T_FFTRIAD_FF_policia_red.png	3441688	43200	1	1900	2	43200	1800
S024_DAY2_MINITWICE_5351	62	Picture	FF	3443788	0	1	43200	2	0	43200
S024_DAY2_MINITWICE_5351	62	Pulse	99	3444983	1195	NA
S024_DAY2_MINITWICE_5351	62	Port Input	1	3444983	1195	NA
S024_DAY2_MINITWICE_5351	62	Response	51	3456097	12309	2
S024_DAY2_MINITWICE_5351	62	Pulse	99	3480984	37196	NA
S024_DAY2_MINITWICE_5351	62	Port Input	1	3480984	37196	NA
S024_DAY2_MINITWICE_5351	62	Picture	56_T_FFTRIAD_FF_novia_red.png	3486988	43200	1	1900	2	43200	1800
S024_DAY2_MINITWICE_5351	63	Picture	RW	3489288	0	1	43100	2	0	43200
S024_DAY2_MINITWICE_5351	63	Response	52	3501490	12202	1
S024_DAY2_MINITWICE_5351	63	Pulse	99	3516985	27697	NA
S024_DAY2_MINITWICE_5351	63	Port Input	1	3516985	27697	NA
S024_DAY2_MINITWICE_5351	63	Picture	57_T_RWTRIAD_RW_esquimal_red.png	3532388	43100	1	1900	2	43200	1800
S024_DAY2_MINITWICE_5351	64	Picture	RW	3534688	0	1	43100	2	0	43200
S024_DAY2_MINITWICE_5351	64	Pulse	99	3552986	18298	NA
S024_DAY2_MINITWICE_5351	64	Port Input	1	3552986	18298	NA
S024_DAY2_MINITWICE_5351	64	Response	51	3555596	20908	1
S024_DAY2_MINITWICE_5351	64	Picture	58_T_RWTRIAD_RW_pilas_red.png	3577788	43100	1	1900	2	43200	1800
S024_DAY2_MINITWICE_5351	65	Picture	RW	3579888	0	1	43199	3	0	43200
S024_DAY2_MINITWICE_5351	65	Pulse	99	3588987	9099	NA
S024_DAY2_MINITWICE_5351	65	Port Input	1	3588987	9099	NA
S024_DAY2_MINITWICE_5351	65	Response	51	3596595	16707	1
S024_DAY2_MINITWICE_5351	65	Picture	59_T_RWTRIAD_RW_novia_red.png	3623087	43199	2	1900	4	43200	1800
S024_DAY2_MINITWICE_5351	65	Pulse	99	3624988	45100	NA
S024_DAY2_MINITWICE_5351	65	Port Input	1	3624988	45100	NA
S024_DAY2_MINITWICE_5351	66	Picture	RW	3625387	0	1	43100	2	0	43200
S024_DAY2_MINITWICE_5351	66	Response	52	3638098	12711	1
S024_DAY2_MINITWICE_5351	66	Pulse	99	3660989	35602	NA
S024_DAY2_MINITWICE_5351	66	Port Input	1	3660989	35602	NA
S024_DAY2_MINITWICE_5351	66	Picture	60_T_RWTRIAD_RW_martillo_red.png	3668487	43100	1	1900	2	43200	1800
S024_DAY2_MINITWICE_5351	67	Picture	rest	3670487	0	1	144100	2	0	144000
S024_DAY2_MINITWICE_5351	67	Pulse	99	3696990	26503	NA
S024_DAY2_MINITWICE_5351	67	Port Input	1	3696990	26503	NA
S024_DAY2_MINITWICE_5351	67	Pulse	99	3732992	62505	NA
S024_DAY2_MINITWICE_5351	67	Port Input	1	3732992	62505	NA
S024_DAY2_MINITWICE_5351	67	Pulse	99	3768992	98505	NA
S024_DAY2_MINITWICE_5351	67	Port Input	1	3768992	98505	NA
S024_DAY2_MINITWICE_5351	67	Pulse	99	3804993	134506	NA
S024_DAY2_MINITWICE_5351	67	Port Input	1	3804993	134506	NA
S024_DAY2_MINITWICE_5351	68	Picture	endrest	3814687	0	1	10100	2	0	10000
S024_DAY2_MINITWICE_5351	69	Picture	PW	3825087	0	1	43200	2	0	43200
S024_DAY2_MINITWICE_5351	69	Pulse	99	3840995	15908	NA
S024_DAY2_MINITWICE_5351	69	Port Input	1	3840995	15908	NA
S024_DAY2_MINITWICE_5351	69	Response	51	3844281	19194	1
S024_DAY2_MINITWICE_5351	69	Picture	63_T_PWTRIAD_PW_portatil_red.png	3868287	43200	1	1900	2	43200	1800
S024_DAY2_MINITWICE_5351	70	Picture	PW	3870487	0	1	43199	3	0	43200
S024_DAY2_MINITWICE_5351	70	Pulse	99	3876996	6509	NA
S024_DAY2_MINITWICE_5351	70	Port Input	1	3876996	6509	NA
S024_DAY2_MINITWICE_5351	70	Response	51	3889553	19066	1
S024_DAY2_MINITWICE_5351	70	Pulse	99	3912997	42510	NA
S024_DAY2_MINITWICE_5351	70	Port Input	1	3912997	42510	NA
S024_DAY2_MINITWICE_5351	70	Picture	64_T_PWTRIAD_PW_traje_red.png	3913686	43199	2	1900	4	43200	1800
S024_DAY2_MINITWICE_5351	71	Picture	PW	3915886	0	2	43200	3	0	43200
S024_DAY2_MINITWICE_5351	71	Response	52	3938767	22881	1
S024_DAY2_MINITWICE_5351	71	Pulse	99	3948998	33112	NA
S024_DAY2_MINITWICE_5351	71	Port Input	1	3948998	33112	NA
S024_DAY2_MINITWICE_5351	71	Picture	65_T_PWTRIAD_PW_piramide_red.png	3959086	43200	1	1900	2	43200	1800
S024_DAY2_MINITWICE_5351	72	Picture	PW	3961386	0	1	43200	2	0	43200
S024_DAY2_MINITWICE_5351	72	Response	52	3980752	19366	1
S024_DAY2_MINITWICE_5351	72	Pulse	99	3984999	23613	NA
S024_DAY2_MINITWICE_5351	72	Port Input	1	3984999	23613	NA
S024_DAY2_MINITWICE_5351	72	Picture	66_T_PWTRIAD_PW_esquimal_red.png	4004586	43200	1	1900	2	43200	1800
S024_DAY2_MINITWICE_5351	73	Picture	PW	4006886	0	1	43100	2	0	43200
S024_DAY2_MINITWICE_5351	73	Pulse	99	4021000	14114	NA
S024_DAY2_MINITWICE_5351	73	Port Input	1	4021000	14114	NA
S024_DAY2_MINITWICE_5351	73	Response	52	4033074	26188	1
S024_DAY2_MINITWICE_5351	73	Picture	67_T_PWTRIAD_PW_llave_red.png	4049986	43100	1	1900	2	43200	1800
S024_DAY2_MINITWICE_5351	74	Picture	PW	4052186	0	1	43100	2	0	43200
S024_DAY2_MINITWICE_5351	74	Pulse	99	4057001	4815	NA
S024_DAY2_MINITWICE_5351	74	Port Input	1	4057001	4815	NA
S024_DAY2_MINITWICE_5351	74	Response	51	4069887	17701	2
S024_DAY2_MINITWICE_5351	74	Pulse	99	4093002	40816	NA
S024_DAY2_MINITWICE_5351	74	Port Input	1	4093002	40816	NA
S024_DAY2_MINITWICE_5351	74	Picture	68_T_PWTRIAD_PW_bala_red.png	4095286	43100	1	1900	2	43200	1800
S024_DAY2_MINITWICE_5351	75	Picture	PW	4097586	0	1	43100	2	0	43200
S024_DAY2_MINITWICE_5351	75	Response	51	4118558	20972	1
S024_DAY2_MINITWICE_5351	75	Pulse	99	4129003	31417	NA
S024_DAY2_MINITWICE_5351	75	Port Input	1	4129003	31417	NA
S024_DAY2_MINITWICE_5351	75	Picture	69_T_PWTRIAD_PW_raton_red.png	4140686	43100	1	1900	2	43200	1800
S024_DAY2_MINITWICE_5351	76	Picture	PW	4142986	0	1	43099	3	0	43200
S024_DAY2_MINITWICE_5351	76	Pulse	99	4165004	22018	NA
S024_DAY2_MINITWICE_5351	76	Port Input	1	4165004	22018	NA
S024_DAY2_MINITWICE_5351	76	Response	52	4167127	24141	1
S024_DAY2_MINITWICE_5351	76	Picture	70_T_PWTRIAD_PW_huevos_red.png	4186085	43099	2	1901	3	43200	1800
S024_DAY2_MINITWICE_5351	77	Picture	rest	4188085	0	2	144100	3	0	144000
S024_DAY2_MINITWICE_5351	77	Pulse	99	4201005	12920	NA
S024_DAY2_MINITWICE_5351	77	Port Input	1	4201005	12920	NA
S024_DAY2_MINITWICE_5351	77	Pulse	99	4237007	48922	NA
S024_DAY2_MINITWICE_5351	77	Port Input	1	4237007	48922	NA
S024_DAY2_MINITWICE_5351	77	Pulse	99	4273008	84923	NA
S024_DAY2_MINITWICE_5351	77	Port Input	1	4273008	84923	NA
S024_DAY2_MINITWICE_5351	77	Pulse	99	4309009	120924	NA
S024_DAY2_MINITWICE_5351	77	Port Input	1	4309009	120924	NA
S024_DAY2_MINITWICE_5351	78	Picture	endrest	4332285	0	1	10100	2	0	10000
S024_DAY2_MINITWICE_5351	79	Picture	PW	4342785	0	1	43100	2	0	43200
S024_DAY2_MINITWICE_5351	79	Pulse	99	4345010	2225	NA
S024_DAY2_MINITWICE_5351	79	Port Input	1	4345010	2225	NA
S024_DAY2_MINITWICE_5351	79	Response	52	4362140	19355	1
S024_DAY2_MINITWICE_5351	79	Pulse	99	4381011	38226	NA
S024_DAY2_MINITWICE_5351	79	Port Input	1	4381011	38226	NA
S024_DAY2_MINITWICE_5351	79	Picture	73_T_PWTRIAD_PW_pluma_red.png	4385885	43100	1	1900	2	43200	1800
S024_DAY2_MINITWICE_5351	80	Picture	PW	4388185	0	1	43100	2	0	43200
S024_DAY2_MINITWICE_5351	80	Response	51	4407327	19142	1
S024_DAY2_MINITWICE_5351	80	Pulse	99	4417012	28827	NA
S024_DAY2_MINITWICE_5351	80	Port Input	1	4417012	28827	NA
S024_DAY2_MINITWICE_5351	80	Picture	74_T_PWTRIAD_PW_bellota_red.png	4431285	43100	1	1900	2	43200	1800
S024_DAY2_MINITWICE_5351	81	Picture	PW	4433585	0	1	43100	2	0	43200
S024_DAY2_MINITWICE_5351	81	Response	52	4452250	18665	1
S024_DAY2_MINITWICE_5351	81	Pulse	99	4453013	19428	NA
S024_DAY2_MINITWICE_5351	81	Port Input	1	4453013	19428	NA
S024_DAY2_MINITWICE_5351	81	Picture	75_T_PWTRIAD_PW_cuento_red.png	4476685	43100	1	1900	2	43200	1800
S024_DAY2_MINITWICE_5351	82	Picture	PW	4478884	0	2	43200	3	0	43200
S024_DAY2_MINITWICE_5351	82	Pulse	99	4489014	10130	NA
S024_DAY2_MINITWICE_5351	82	Port Input	1	4489014	10130	NA
S024_DAY2_MINITWICE_5351	82	Response	52	4497550	18666	1
S024_DAY2_MINITWICE_5351	82	Picture	76_T_PWTRIAD_PW_telefono_red.png	4522084	43200	1	1900	3	43200	1800
S024_DAY2_MINITWICE_5351	83	Picture	FF	4524484	0	1	43100	2	0	43200
S024_DAY2_MINITWICE_5351	83	Pulse	99	4525015	531	NA
S024_DAY2_MINITWICE_5351	83	Port Input	1	4525015	531	NA
S024_DAY2_MINITWICE_5351	83	Response	51	4534784	10300	1
S024_DAY2_MINITWICE_5351	83	Pulse	99	4561016	36532	NA
S024_DAY2_MINITWICE_5351	83	Port Input	1	4561016	36532	NA
S024_DAY2_MINITWICE_5351	83	Picture	77_T_FFTRIAD_FF_arco_red.png	4567584	43100	1	1900	2	43200	1800
S024_DAY2_MINITWICE_5351	84	Picture	FF	4569784	0	1	43100	2	0	43200
S024_DAY2_MINITWICE_5351	84	Response	52	4580584	10800	2
S024_DAY2_MINITWICE_5351	84	Pulse	99	4597018	27234	NA
S024_DAY2_MINITWICE_5351	84	Port Input	1	4597018	27234	NA
S024_DAY2_MINITWICE_5351	84	Picture	78_T_FFTRIAD_FF_queso_red.png	4612884	43100	1	1900	2	43200	1800
S024_DAY2_MINITWICE_5351	85	Picture	FF	4615084	0	1	43100	2	0	43200
S024_DAY2_MINITWICE_5351	85	Response	52	4624138	9054	2
S024_DAY2_MINITWICE_5351	85	Pulse	99	4633019	17935	NA
S024_DAY2_MINITWICE_5351	85	Port Input	1	4633019	17935	NA
S024_DAY2_MINITWICE_5351	85	Picture	79_T_FFTRIAD_FF_pilas_red.png	4658184	43100	1	1900	2	43200	1800
S024_DAY2_MINITWICE_5351	86	Picture	FF	4660384	0	1	43100	2	0	43200
S024_DAY2_MINITWICE_5351	86	Pulse	99	4669020	8636	NA
S024_DAY2_MINITWICE_5351	86	Port Input	1	4669020	8636	NA
S024_DAY2_MINITWICE_5351	86	Response	51	4671253	10869	2
S024_DAY2_MINITWICE_5351	86	Picture	80_T_FFTRIAD_FF_piramide_red.png	4703484	43100	1	1900	2	43200	1800
S024_DAY2_MINITWICE_5351	86	Pulse	99	4705021	44637	NA
S024_DAY2_MINITWICE_5351	86	Port Input	1	4705021	44637	NA
S024_DAY2_MINITWICE_5351	87	Picture	rest	4705484	0	1	144099	2	0	144000
S024_DAY2_MINITWICE_5351	87	Pulse	99	4741022	35538	NA
S024_DAY2_MINITWICE_5351	87	Port Input	1	4741022	35538	NA
S024_DAY2_MINITWICE_5351	87	Pulse	99	4777023	71539	NA
S024_DAY2_MINITWICE_5351	87	Port Input	1	4777023	71539	NA
S024_DAY2_MINITWICE_5351	87	Pulse	99	4813024	107540	NA
S024_DAY2_MINITWICE_5351	87	Port Input	1	4813024	107540	NA
S024_DAY2_MINITWICE_5351	87	Pulse	99	4849025	143541	NA
S024_DAY2_MINITWICE_5351	87	Port Input	1	4849025	143541	NA
S024_DAY2_MINITWICE_5351	88	Picture	endrest	4849683	0	1	10100	2	0	10000
S024_DAY2_MINITWICE_5351	89	Picture	PW	4860183	0	1	43100	2	0	43200
S024_DAY2_MINITWICE_5351	89	Response	51	4875478	15295	1
S024_DAY2_MINITWICE_5351	89	Pulse	99	4885026	24843	NA
S024_DAY2_MINITWICE_5351	89	Port Input	1	4885026	24843	NA
S024_DAY2_MINITWICE_5351	89	Picture	83_T_PWTRIAD_PW_cinturon_red.png	4903283	43100	1	1900	2	43200	1800
S024_DAY2_MINITWICE_5351	90	Picture	PW	4905483	0	1	43200	2	0	43200
S024_DAY2_MINITWICE_5351	90	Pulse	99	4921027	15544	NA
S024_DAY2_MINITWICE_5351	90	Port Input	1	4921027	15544	NA
S024_DAY2_MINITWICE_5351	90	Response	52	4924741	19258	1
S024_DAY2_MINITWICE_5351	90	Picture	84_T_PWTRIAD_PW_murcielago_red.png	4948683	43200	1	1900	2	43200	1800
S024_DAY2_MINITWICE_5351	91	Picture	PW	4950883	0	1	43200	2	0	43200
S024_DAY2_MINITWICE_5351	91	Pulse	99	4957028	6145	NA
S024_DAY2_MINITWICE_5351	91	Port Input	1	4957028	6145	NA
S024_DAY2_MINITWICE_5351	91	Response	51	4968615	17732	1
S024_DAY2_MINITWICE_5351	91	Pulse	99	4993029	42146	NA
S024_DAY2_MINITWICE_5351	91	Port Input	1	4993029	42146	NA
S024_DAY2_MINITWICE_5351	91	Picture	85_T_PWTRIAD_PW_estetoscopio_red.png	4994083	43200	1	1900	2	43200	1800
S024_DAY2_MINITWICE_5351	92	Picture	PW	4996283	0	1	43100	2	0	43200
S024_DAY2_MINITWICE_5351	92	Response	52	5019180	22897	1
S024_DAY2_MINITWICE_5351	92	Pulse	99	5029031	32748	NA
S024_DAY2_MINITWICE_5351	92	Port Input	1	5029031	32748	NA
S024_DAY2_MINITWICE_5351	92	Picture	86_T_PWTRIAD_PW_sapo_red.png	5039383	43100	1	1900	2	43200	1800
S024_DAY2_MINITWICE_5351	93	Picture	PW	5041683	0	1	43199	3	0	43200
S024_DAY2_MINITWICE_5351	93	Response	51	5056730	15047	2
S024_DAY2_MINITWICE_5351	93	Pulse	99	5065032	23349	NA
S024_DAY2_MINITWICE_5351	93	Port Input	1	5065032	23349	NA
S024_DAY2_MINITWICE_5351	93	Picture	87_T_PWTRIAD_PW_pincel_red.png	5084882	43199	2	1900	4	43200	1800
S024_DAY2_MINITWICE_5351	94	Picture	PW	5087182	0	2	43100	3	0	43200
S024_DAY2_MINITWICE_5351	94	Pulse	99	5101033	13851	NA
S024_DAY2_MINITWICE_5351	94	Port Input	1	5101033	13851	NA
S024_DAY2_MINITWICE_5351	94	Response	51	5104593	17411	1
S024_DAY2_MINITWICE_5351	94	Picture	88_T_PWTRIAD_PW_lechuga_red.png	5130282	43100	1	1900	3	43200	1800
S024_DAY2_MINITWICE_5351	95	Picture	PW	5132482	0	1	43200	2	0	43200
S024_DAY2_MINITWICE_5351	95	Pulse	99	5137034	4552	NA
S024_DAY2_MINITWICE_5351	95	Port Input	1	5137034	4552	NA
S024_DAY2_MINITWICE_5351	95	Response	51	5153289	20807	1
S024_DAY2_MINITWICE_5351	95	Pulse	99	5173035	40553	NA
S024_DAY2_MINITWICE_5351	95	Port Input	1	5173035	40553	NA
S024_DAY2_MINITWICE_5351	95	Picture	89_T_PWTRIAD_PW_zanahoria_red.png	5175682	43200	1	1900	2	43200	1800
S024_DAY2_MINITWICE_5351	96	Picture	PW	5177982	0	1	43100	2	0	43200
S024_DAY2_MINITWICE_5351	96	Response	52	5197973	19991	1
S024_DAY2_MINITWICE_5351	96	Pulse	99	5209036	31054	NA
S024_DAY2_MINITWICE_5351	96	Port Input	1	5209036	31054	NA
S024_DAY2_MINITWICE_5351	96	Picture	90_T_PWTRIAD_PW_paracaidas_red.png	5221082	43100	1	1899	3	43200	1800
S024_DAY2_MINITWICE_5351	97	Picture	rest	5223082	0	1	144099	3	0	144000
S024_DAY2_MINITWICE_5351	97	Pulse	99	5245037	21955	NA
S024_DAY2_MINITWICE_5351	97	Port Input	1	5245037	21955	NA
S024_DAY2_MINITWICE_5351	97	Pulse	99	5281038	57956	NA
S024_DAY2_MINITWICE_5351	97	Port Input	1	5281038	57956	NA
S024_DAY2_MINITWICE_5351	97	Pulse	99	5317039	93957	NA
S024_DAY2_MINITWICE_5351	97	Port Input	1	5317039	93957	NA
S024_DAY2_MINITWICE_5351	97	Pulse	99	5353040	129958	NA
S024_DAY2_MINITWICE_5351	97	Port Input	1	5353040	129958	NA
S024_DAY2_MINITWICE_5351	98	Picture	endrest	5367281	0	2	10100	4	0	10000
S024_DAY2_MINITWICE_5351	99	Picture	FF	5377681	0	2	43200	3	0	43200
S024_DAY2_MINITWICE_5351	99	Response	51	5388325	10644	2
S024_DAY2_MINITWICE_5351	99	Pulse	99	5389041	11360	NA
S024_DAY2_MINITWICE_5351	99	Port Input	1	5389041	11360	NA
S024_DAY2_MINITWICE_5351	99	Picture	93_T_FFTRIAD_FF_ancla_red.png	5420881	43200	1	1900	2	43200	1800
S024_DAY2_MINITWICE_5351	100	Picture	FF	5423081	0	1	43200	2	0	43200
S024_DAY2_MINITWICE_5351	100	Pulse	99	5425043	1962	NA
S024_DAY2_MINITWICE_5351	100	Port Input	1	5425043	1962	NA
S024_DAY2_MINITWICE_5351	100	Response	52	5436622	13541	1
S024_DAY2_MINITWICE_5351	100	Pulse	99	5461044	37963	NA
S024_DAY2_MINITWICE_5351	100	Port Input	1	5461044	37963	NA
S024_DAY2_MINITWICE_5351	100	Picture	94_T_FFTRIAD_FF_chupete_red.png	5466281	43200	1	1900	2	43200	1800
S024_DAY2_MINITWICE_5351	101	Picture	FF	5468481	0	1	43200	2	0	43200
S024_DAY2_MINITWICE_5351	101	Response	51	5478598	10117	1
S024_DAY2_MINITWICE_5351	101	Pulse	99	5497045	28564	NA
S024_DAY2_MINITWICE_5351	101	Port Input	1	5497045	28564	NA
S024_DAY2_MINITWICE_5351	101	Picture	95_T_FFTRIAD_FF_teclado_red.png	5511681	43200	1	1900	2	43200	1800
S024_DAY2_MINITWICE_5351	102	Picture	FF	5513881	0	1	43100	2	0	43200
S024_DAY2_MINITWICE_5351	102	Response	52	5525768	11887	2
S024_DAY2_MINITWICE_5351	102	Pulse	99	5533046	19165	NA
S024_DAY2_MINITWICE_5351	102	Port Input	1	5533046	19165	NA
S024_DAY2_MINITWICE_5351	102	Picture	96_T_FFTRIAD_FF_tijera_red.png	5556981	43100	1	1900	2	43200	1800
S024_DAY2_MINITWICE_5351	103	Picture	FF	5559281	0	1	43100	2	0	43200
S024_DAY2_MINITWICE_5351	103	Pulse	99	5569047	9766	NA
S024_DAY2_MINITWICE_5351	103	Port Input	1	5569047	9766	NA
S024_DAY2_MINITWICE_5351	103	Response	52	5575822	16541	1
S024_DAY2_MINITWICE_5351	103	Picture	97_T_FFTRIAD_FF_plato_red.png	5602381	43100	1	1900	2	43200	1800
S024_DAY2_MINITWICE_5351	104	Picture	FF	5604581	0	1	43100	2	0	43200
S024_DAY2_MINITWICE_5351	104	Pulse	99	5605048	467	NA
S024_DAY2_MINITWICE_5351	104	Port Input	1	5605048	467	NA
S024_DAY2_MINITWICE_5351	104	Response	51	5617519	12938	1
S024_DAY2_MINITWICE_5351	104	Pulse	99	5641049	36468	NA
S024_DAY2_MINITWICE_5351	104	Port Input	1	5641049	36468	NA
S024_DAY2_MINITWICE_5351	104	Picture	98_T_FFTRIAD_FF_lechuga_red.png	5647681	43100	1	1900	2	43200	1800
S024_DAY2_MINITWICE_5351	105	Picture	FF	5649881	0	1	43099	2	0	43200
S024_DAY2_MINITWICE_5351	105	Response	51	5662962	13081	1
S024_DAY2_MINITWICE_5351	105	Pulse	99	5677050	27169	NA
S024_DAY2_MINITWICE_5351	105	Port Input	1	5677050	27169	NA
S024_DAY2_MINITWICE_5351	105	Picture	99_T_FFTRIAD_FF_carruaje_red.png	5692980	43099	1	1900	3	43200	1800
S024_DAY2_MINITWICE_5351	106	Picture	FF	5695180	0	1	43200	2	0	43200
S024_DAY2_MINITWICE_5351	106	Response	52	5705390	10210	2
S024_DAY2_MINITWICE_5351	106	Pulse	99	5713051	17871	NA
S024_DAY2_MINITWICE_5351	106	Port Input	1	5713051	17871	NA
S024_DAY2_MINITWICE_5351	106	Picture	100_T_FFTRIAD_FF_cerillas_red.png	5738380	43200	1	1900	2	43200	1800
S024_DAY2_MINITWICE_5351	107	Picture	rest	5740380	0	1	144100	2	0	144000
S024_DAY2_MINITWICE_5351	107	Pulse	99	5749052	8672	NA
S024_DAY2_MINITWICE_5351	107	Port Input	1	5749052	8672	NA
S024_DAY2_MINITWICE_5351	107	Pulse	99	5785053	44673	NA
S024_DAY2_MINITWICE_5351	107	Port Input	1	5785053	44673	NA
S024_DAY2_MINITWICE_5351	107	Pulse	99	5821054	80674	NA
S024_DAY2_MINITWICE_5351	107	Port Input	1	5821054	80674	NA
S024_DAY2_MINITWICE_5351	107	Pulse	99	5857056	116676	NA
S024_DAY2_MINITWICE_5351	107	Port Input	1	5857056	116676	NA
S024_DAY2_MINITWICE_5351	108	Picture	endrest	5884580	0	1	10100	2	0	10000
S024_DAY2_MINITWICE_5351	108	Pulse	99	5893057	8477	NA
S024_DAY2_MINITWICE_5351	108	Port Input	1	5893057	8477	NA
S024_DAY2_MINITWICE_5351	109	Picture	RW	5895080	0	1	43100	2	0	43200
S024_DAY2_MINITWICE_5351	109	Response	52	5907929	12849	1
S024_DAY2_MINITWICE_5351	109	Pulse	99	5929058	33978	NA
S024_DAY2_MINITWICE_5351	109	Port Input	1	5929058	33978	NA
S024_DAY2_MINITWICE_5351	109	Picture	103_T_RWTRIAD_RW_cuento_red.png	5938180	43100	1	1900	2	43200	1800
S024_DAY2_MINITWICE_5351	110	Picture	RW	5940380	0	1	43099	3	0	43200
S024_DAY2_MINITWICE_5351	110	Response	52	5958450	18070	1
S024_DAY2_MINITWICE_5351	110	Pulse	99	5965059	24679	NA
S024_DAY2_MINITWICE_5351	110	Port Input	1	5965059	24679	NA
S024_DAY2_MINITWICE_5351	110	Picture	104_T_RWTRIAD_RW_lechuga_red.png	5983479	43099	2	1900	4	43200	1800
S024_DAY2_MINITWICE_5351	111	Picture	RW	5985679	0	1	43200	2	0	43200
S024_DAY2_MINITWICE_5351	111	Response	52	5999139	13460	1
S024_DAY2_MINITWICE_5351	111	Pulse	99	6001060	15381	NA
S024_DAY2_MINITWICE_5351	111	Port Input	1	6001060	15381	NA
S024_DAY2_MINITWICE_5351	111	Picture	105_T_RWTRIAD_RW_paraguas_red.png	6028879	43200	1	1900	2	43200	1800
S024_DAY2_MINITWICE_5351	112	Picture	RW	6031079	0	1	43200	2	0	43200
S024_DAY2_MINITWICE_5351	112	Pulse	99	6037061	5982	NA
S024_DAY2_MINITWICE_5351	112	Port Input	1	6037061	5982	NA
S024_DAY2_MINITWICE_5351	112	Response	51	6043953	12874	1
S024_DAY2_MINITWICE_5351	112	Pulse	99	6073062	41983	NA
S024_DAY2_MINITWICE_5351	112	Port Input	1	6073062	41983	NA
S024_DAY2_MINITWICE_5351	112	Picture	106_T_RWTRIAD_RW_manos_red.png	6074279	43200	1	1900	2	43200	1800
S024_DAY2_MINITWICE_5351	113	Picture	RW	6076579	0	1	43100	2	0	43200
S024_DAY2_MINITWICE_5351	113	Response	52	6092188	15609	1
S024_DAY2_MINITWICE_5351	113	Pulse	99	6109063	32484	NA
S024_DAY2_MINITWICE_5351	113	Port Input	1	6109063	32484	NA
S024_DAY2_MINITWICE_5351	113	Picture	107_T_RWTRIAD_RW_raton_red.png	6119679	43100	1	1900	2	43200	1800
S024_DAY2_MINITWICE_5351	114	Picture	RW	6121879	0	1	43100	2	0	43200
S024_DAY2_MINITWICE_5351	114	Response	51	6135595	13716	1
S024_DAY2_MINITWICE_5351	114	Pulse	99	6145064	23185	NA
S024_DAY2_MINITWICE_5351	114	Port Input	1	6145064	23185	NA
S024_DAY2_MINITWICE_5351	114	Picture	108_T_RWTRIAD_RW_traje_red.png	6164979	43100	1	1900	2	43200	1800
S024_DAY2_MINITWICE_5351	115	Picture	RW	6167179	0	1	43200	2	0	43200
S024_DAY2_MINITWICE_5351	115	Response	51	6180522	13343	2
S024_DAY2_MINITWICE_5351	115	Pulse	99	6181065	13886	NA
S024_DAY2_MINITWICE_5351	115	Port Input	1	6181065	13886	NA
S024_DAY2_MINITWICE_5351	115	Picture	109_T_RWTRIAD_RW_portatil_red.png	6210379	43200	1	1900	2	43200	1800
S024_DAY2_MINITWICE_5351	116	Picture	RW	6212579	0	1	43199	3	0	43200
S024_DAY2_MINITWICE_5351	116	Pulse	99	6217066	4487	NA
S024_DAY2_MINITWICE_5351	116	Port Input	1	6217066	4487	NA
S024_DAY2_MINITWICE_5351	116	Response	51	6249146	36567	1
S024_DAY2_MINITWICE_5351	116	Pulse	99	6253068	40489	NA
S024_DAY2_MINITWICE_5351	116	Port Input	1	6253068	40489	NA
S024_DAY2_MINITWICE_5351	116	Picture	110_T_RWTRIAD_RW_piramide_red.png	6255778	43199	2	1900	4	43200	1800
S024_DAY2_MINITWICE_5351	117	Picture	rest	6257778	0	2	144100	3	0	144000
S024_DAY2_MINITWICE_5351	118	Picture	endrest	6401978	0	1	10100	2	0	10000
S024_DAY2_MINITWICE_5351	119	Picture	RW	6412378	0	1	43100	2	0	43200
S024_DAY2_MINITWICE_5351	119	Response	52	6427415	15037	1
S024_DAY2_MINITWICE_5351	119	Picture	113_T_RWTRIAD_RW_agua_red.png	6455478	43100	1	1900	2	43200	1800
S024_DAY2_MINITWICE_5351	120	Picture	RW	6457778	0	1	43200	2	0	43200
S024_DAY2_MINITWICE_5351	120	Response	51	6471695	13917	1
S024_DAY2_MINITWICE_5351	120	Picture	114_T_RWTRIAD_RW_madera_red.png	6500978	43200	1	1900	2	43200	1800
S024_DAY2_MINITWICE_5351	121	Picture	RW	6503178	0	1	43099	3	0	43200
S024_DAY2_MINITWICE_5351	121	Response	51	6518482	15304	1
S024_DAY2_MINITWICE_5351	121	Picture	115_T_RWTRIAD_RW_ascensor_red.png	6546277	43099	2	1900	4	43200	1800
S024_DAY2_MINITWICE_5351	122	Picture	RW	6548577	0	2	43100	3	0	43200
S024_DAY2_MINITWICE_5351	122	Response	51	6561791	13214	1
S024_DAY2_MINITWICE_5351	122	Picture	116_T_RWTRIAD_RW_dedal_red.png	6591677	43100	1	1900	2	43200	1800
S024_DAY2_MINITWICE_5351	123	Picture	PW	6594077	0	1	43100	2	0	43200
S024_DAY2_MINITWICE_5351	123	Response	51	6609335	15258	1
S024_DAY2_MINITWICE_5351	123	Picture	117_T_PWTRIAD_PW_sombrilla_red.png	6637177	43100	1	1900	2	43200	1800
S024_DAY2_MINITWICE_5351	124	Picture	PW	6639477	0	1	43200	2	0	43200
S024_DAY2_MINITWICE_5351	124	Response	52	6658877	19400	1
S024_DAY2_MINITWICE_5351	124	Picture	118_T_PWTRIAD_PW_candado_red.png	6682677	43200	1	1900	2	43200	1800
S024_DAY2_MINITWICE_5351	125	Picture	PW	6684977	0	1	43100	2	0	43200
S024_DAY2_MINITWICE_5351	125	Response	51	6708143	23166	1
S024_DAY2_MINITWICE_5351	125	Picture	119_T_PWTRIAD_PW_grapadora_red.png	6728077	43100	1	1900	2	43200	1800
S024_DAY2_MINITWICE_5351	126	Picture	PW	6730377	0	1	43100	2	0	43200
S024_DAY2_MINITWICE_5351	126	Response	52	6753923	23546	1
S024_DAY2_MINITWICE_5351	126	Picture	120_T_PWTRIAD_PW_carruaje_red.png	6773477	43100	1	1900	2	43200	1800
S024_DAY2_MINITWICE_5351	127	Picture	rest	6775477	0	1	144099	2	0	144000
S024_DAY2_MINITWICE_5351	128	Picture	endrest	6919676	0	1	10100	2	0	10000
S024_DAY2_MINITWICE_5351	129	Picture	RW	6930076	0	1	43200	2	0	43200
S024_DAY2_MINITWICE_5351	129	Response	51	6949222	19146	1
S024_DAY2_MINITWICE_5351	129	Picture	123_T_RWTRIAD_RW_cortina_red.png	6973276	43200	1	1900	2	43200	1800
S024_DAY2_MINITWICE_5351	130	Picture	RW	6975476	0	1	43200	2	0	43200
S024_DAY2_MINITWICE_5351	130	Response	51	6997795	22319	1
S024_DAY2_MINITWICE_5351	130	Picture	124_T_RWTRIAD_RW_perro_red.png	7018676	43200	1	1900	2	43200	1800
S024_DAY2_MINITWICE_5351	131	Picture	RW	7020976	0	1	43100	2	0	43200
S024_DAY2_MINITWICE_5351	131	Response	52	7037102	16126	1
S024_DAY2_MINITWICE_5351	131	Picture	125_T_RWTRIAD_RW_gafas_red.png	7064076	43100	1	1900	2	43200	1800
S024_DAY2_MINITWICE_5351	132	Picture	RW	7066276	0	1	43099	3	0	43200
S024_DAY2_MINITWICE_5351	132	Response	51	7082408	16132	1
S024_DAY2_MINITWICE_5351	132	Picture	126_T_RWTRIAD_RW_banera_red.png	7109375	43099	2	1900	4	43200	1800
S024_DAY2_MINITWICE_5351	133	Picture	RW	7111776	0	1	43099	3	0	43200
S024_DAY2_MINITWICE_5351	133	Response	51	7124479	12703	1
S024_DAY2_MINITWICE_5351	133	Picture	127_T_RWTRIAD_RW_pizarra_red.png	7154875	43099	2	1900	3	43200	1800
S024_DAY2_MINITWICE_5351	134	Picture	RW	7157075	0	1	43200	2	0	43200
S024_DAY2_MINITWICE_5351	134	Response	51	7172365	15290	1
S024_DAY2_MINITWICE_5351	134	Picture	128_T_RWTRIAD_RW_estetoscopio_red.png	7200275	43200	1	1900	2	43200	1800
S024_DAY2_MINITWICE_5351	135	Picture	RW	7202475	0	1	43100	2	0	43200
S024_DAY2_MINITWICE_5351	135	Response	51	7216637	14162	1
S024_DAY2_MINITWICE_5351	135	Picture	129_T_RWTRIAD_RW_granjero_red.png	7245575	43100	1	1900	2	43200	1800
S024_DAY2_MINITWICE_5351	136	Picture	RW	7247775	0	1	43100	2	0	43200
S024_DAY2_MINITWICE_5351	136	Response	52	7261168	13393	1
S024_DAY2_MINITWICE_5351	136	Picture	130_T_RWTRIAD_RW_sapo_red.png	7290875	43100	1	1900	2	43200	1800
S024_DAY2_MINITWICE_5351	137	Picture	rest	7292875	0	1	144099	2	0	144000
S024_DAY2_MINITWICE_5351	138	Picture	endrest	7437074	0	2	10100	3	0	10000
S024_DAY2_MINITWICE_5351	139	Picture	RW	7447574	0	1	43100	2	0	43200
S024_DAY2_MINITWICE_5351	139	Response	52	7466329	18755	1
S024_DAY2_MINITWICE_5351	139	Picture	133_T_RWTRIAD_RW_monja_red.png	7490674	43100	1	1900	2	43200	1800
S024_DAY2_MINITWICE_5351	140	Picture	RW	7492774	0	1	43200	2	0	43200
S024_DAY2_MINITWICE_5351	140	Response	52	7503689	10915	1
S024_DAY2_MINITWICE_5351	140	Picture	134_T_RWTRIAD_RW_futbol_red.png	7535974	43200	1	1900	2	43200	1800
S024_DAY2_MINITWICE_5351	141	Picture	RW	7538174	0	1	43200	2	0	43200
S024_DAY2_MINITWICE_5351	141	Response	51	7551470	13296	1
S024_DAY2_MINITWICE_5351	141	Picture	135_T_RWTRIAD_RW_policia_red.png	7581374	43200	1	1900	2	43200	1800
S024_DAY2_MINITWICE_5351	142	Picture	RW	7583674	0	1	43200	2	0	43200
S024_DAY2_MINITWICE_5351	142	Response	52	7600099	16425	1
S024_DAY2_MINITWICE_5351	142	Picture	136_T_RWTRIAD_RW_arbol_red.png	7626874	43200	1	1900	2	43200	1800
S024_DAY2_MINITWICE_5351	143	Picture	rest	7628874	0	1	144099	3	0	144000
S024_DAY2_MINITWICE_5351	144	Picture	endrest	7773073	0	1	10100	2	0	10000
S024_DAY2_MINITWICE_5351	145	Picture	endrest	7783273	0	2	10100	3	0	10000
S024_DAY2_MINITWICE_5351	146	Picture	endrest	7793473	0	1	10100	2	0	10000
S024_DAY2_MINITWICE_5351	147	Picture	endrest	7803673	0	2	10100	3	0	10000
