Scenario - vOT_Triads_fMRI_II
Logfile written - 11/12/2015 13:17:44

Subject	Trial	Event Type	Code	Time	TTime	Uncertainty	Duration	Uncertainty	ReqTime	ReqDur

S024_MINIONCE_5286	1	Pulse	99	174414	184193	NA
S024_MINIONCE_5286	1	Port Input	1	174414	184193	NA
S024_MINIONCE_5286	1	Pulse	99	210415	220194	NA
S024_MINIONCE_5286	1	Port Input	1	210415	220194	NA
S024_MINIONCE_5286	1	Pulse	99	246416	256195	NA
S024_MINIONCE_5286	1	Port Input	1	246416	256195	NA
S024_MINIONCE_5286	1	Pulse	99	282417	292196	NA
S024_MINIONCE_5286	1	Port Input	1	282417	292196	NA
S024_MINIONCE_5286	1	Pulse	99	318418	328197	NA
S024_MINIONCE_5286	1	Port Input	1	318418	328197	NA
S024_MINIONCE_5286	2	Picture	rest	318698	0	1	144100	2	0	144000
S024_MINIONCE_5286	2	Pulse	99	354419	35721	NA
S024_MINIONCE_5286	2	Port Input	1	354419	35721	NA
S024_MINIONCE_5286	2	Pulse	99	390420	71722	NA
S024_MINIONCE_5286	2	Port Input	1	390420	71722	NA
S024_MINIONCE_5286	2	Pulse	99	426421	107723	NA
S024_MINIONCE_5286	2	Port Input	1	426421	107723	NA
S024_MINIONCE_5286	2	Pulse	99	462422	143724	NA
S024_MINIONCE_5286	2	Port Input	1	462422	143724	NA
S024_MINIONCE_5286	3	Picture	endrest	462898	0	1	10100	2	0	10000
S024_MINIONCE_5286	4	Picture	FF	473198	0	1	43199	3	0	43200
S024_MINIONCE_5286	4	Response	51	484331	11133	1
S024_MINIONCE_5286	4	Pulse	99	498423	25225	NA
S024_MINIONCE_5286	4	Port Input	1	498423	25225	NA
S024_MINIONCE_5286	4	Picture	3_T_FFTRIAD_FF_grapadora_red.png	516397	43199	2	1900	4	43200	1800
S024_MINIONCE_5286	5	Picture	FF	518497	0	2	43200	3	0	43200
S024_MINIONCE_5286	5	Pulse	99	534424	15927	NA
S024_MINIONCE_5286	5	Port Input	1	534424	15927	NA
S024_MINIONCE_5286	5	Response	52	537755	19258	2
S024_MINIONCE_5286	5	Picture	4_T_FFTRIAD_FF_huevos_red.png	561697	43200	1	1900	2	43200	1800
S024_MINIONCE_5286	6	Picture	FF	563997	0	1	43100	2	0	43200
S024_MINIONCE_5286	6	Pulse	99	570425	6428	NA
S024_MINIONCE_5286	6	Port Input	1	570425	6428	NA
S024_MINIONCE_5286	6	Response	51	574232	10235	1
S024_MINIONCE_5286	6	Pulse	99	606427	42430	NA
S024_MINIONCE_5286	6	Port Input	1	606427	42430	NA
S024_MINIONCE_5286	6	Picture	5_T_FFTRIAD_FF_dado_red.png	607097	43100	1	1900	2	43200	1800
S024_MINIONCE_5286	7	Picture	FF	609197	0	1	43200	2	0	43200
S024_MINIONCE_5286	7	Response	51	618738	9541	1
S024_MINIONCE_5286	7	Pulse	99	642428	33231	NA
S024_MINIONCE_5286	7	Port Input	1	642428	33231	NA
S024_MINIONCE_5286	7	Picture	6_T_FFTRIAD_FF_leche_red.png	652397	43200	1	1900	2	43200	1800
S024_MINIONCE_5286	8	Picture	RW	654597	0	1	43200	2	0	43200
S024_MINIONCE_5286	8	Pulse	99	678429	23832	NA
S024_MINIONCE_5286	8	Port Input	1	678429	23832	NA
S024_MINIONCE_5286	8	Response	52	689100	34503	1
S024_MINIONCE_5286	8	Picture	7_T_RWTRIAD_RW_murcielago_red.png	697797	43200	1	1900	2	43200	1800
S024_MINIONCE_5286	9	Picture	RW	700097	0	1	43100	2	0	43200
S024_MINIONCE_5286	9	Pulse	99	714430	14333	NA
S024_MINIONCE_5286	9	Port Input	1	714430	14333	NA
S024_MINIONCE_5286	9	Response	51	718820	18723	1
S024_MINIONCE_5286	9	Picture	8_T_RWTRIAD_RW_policia_red.png	743197	43100	1	1900	2	43200	1800
S024_MINIONCE_5286	10	Picture	RW	745297	0	1	43200	2	0	43200
S024_MINIONCE_5286	10	Pulse	99	750431	5134	NA
S024_MINIONCE_5286	10	Port Input	1	750431	5134	NA
S024_MINIONCE_5286	10	Response	52	764273	18976	2
S024_MINIONCE_5286	10	Pulse	99	786432	41135	NA
S024_MINIONCE_5286	10	Port Input	1	786432	41135	NA
S024_MINIONCE_5286	10	Picture	9_T_RWTRIAD_RW_plato_red.png	788497	43200	1	1899	3	43200	1800
S024_MINIONCE_5286	11	Picture	RW	790596	0	2	43200	3	0	43200
S024_MINIONCE_5286	11	Response	52	809119	18523	1
S024_MINIONCE_5286	11	Pulse	99	822433	31837	NA
S024_MINIONCE_5286	11	Port Input	1	822433	31837	NA
S024_MINIONCE_5286	11	Picture	10_T_RWTRIAD_RW_queso_red.png	833796	43200	1	1900	2	43200	1800
S024_MINIONCE_5286	12	Picture	rest	835796	0	2	144100	3	0	144000
S024_MINIONCE_5286	12	Pulse	99	858434	22638	NA
S024_MINIONCE_5286	12	Port Input	1	858434	22638	NA
S024_MINIONCE_5286	12	Pulse	99	894435	58639	NA
S024_MINIONCE_5286	12	Port Input	1	894435	58639	NA
S024_MINIONCE_5286	12	Pulse	99	930436	94640	NA
S024_MINIONCE_5286	12	Port Input	1	930436	94640	NA
S024_MINIONCE_5286	12	Pulse	99	966437	130641	NA
S024_MINIONCE_5286	12	Port Input	1	966437	130641	NA
S024_MINIONCE_5286	13	Picture	endrest	979996	0	1	10100	2	0	10000
S024_MINIONCE_5286	14	Picture	RW	990496	0	1	43100	2	0	43200
S024_MINIONCE_5286	14	Pulse	99	1002438	11942	NA
S024_MINIONCE_5286	14	Port Input	1	1002438	11942	NA
S024_MINIONCE_5286	14	Response	51	1012029	21533	1
S024_MINIONCE_5286	14	Picture	13_T_RWTRIAD_RW_dedal_red.png	1033596	43100	1	1900	2	43200	1800
S024_MINIONCE_5286	15	Picture	RW	1035696	0	1	43200	2	0	43200
S024_MINIONCE_5286	15	Pulse	99	1038439	2743	NA
S024_MINIONCE_5286	15	Port Input	1	1038439	2743	NA
S024_MINIONCE_5286	15	Response	51	1059819	24123	1
S024_MINIONCE_5286	15	Pulse	99	1074440	38744	NA
S024_MINIONCE_5286	15	Port Input	1	1074440	38744	NA
S024_MINIONCE_5286	15	Picture	14_T_RWTRIAD_RW_piramide_red.png	1078896	43200	1	1899	3	43200	1800
S024_MINIONCE_5286	16	Picture	RW	1080995	0	2	43200	3	0	43200
S024_MINIONCE_5286	16	Response	51	1098987	17992	3
S024_MINIONCE_5286	16	Pulse	99	1110441	29446	NA
S024_MINIONCE_5286	16	Port Input	1	1110441	29446	NA
S024_MINIONCE_5286	16	Picture	15_T_RWTRIAD_RW_pizarra_red.png	1124195	43200	1	1900	2	43200	1800
S024_MINIONCE_5286	17	Picture	RW	1126495	0	2	43100	3	0	43200
S024_MINIONCE_5286	17	Response	51	1142906	16411	1
S024_MINIONCE_5286	17	Pulse	99	1146443	19948	NA
S024_MINIONCE_5286	17	Port Input	1	1146443	19948	NA
S024_MINIONCE_5286	17	Picture	16_T_RWTRIAD_RW_bala_red.png	1169595	43100	1	1900	2	43200	1800
S024_MINIONCE_5286	18	Picture	RW	1171695	0	1	43200	2	0	43200
S024_MINIONCE_5286	18	Pulse	99	1182444	10749	NA
S024_MINIONCE_5286	18	Port Input	1	1182444	10749	NA
S024_MINIONCE_5286	18	Response	52	1186711	15016	1
S024_MINIONCE_5286	18	Picture	17_T_RWTRIAD_RW_huevos_red.png	1214895	43200	1	1900	2	43200	1800
S024_MINIONCE_5286	19	Picture	RW	1216995	0	1	43200	2	0	43200
S024_MINIONCE_5286	19	Pulse	99	1218445	1450	NA
S024_MINIONCE_5286	19	Port Input	1	1218445	1450	NA
S024_MINIONCE_5286	19	Response	52	1235640	18645	1
S024_MINIONCE_5286	19	Pulse	99	1254446	37451	NA
S024_MINIONCE_5286	19	Port Input	1	1254446	37451	NA
S024_MINIONCE_5286	19	Picture	18_T_RWTRIAD_RW_esquimal_red.png	1260195	43200	1	1900	2	43200	1800
S024_MINIONCE_5286	20	Picture	RW	1262295	0	1	43200	2	0	43200
S024_MINIONCE_5286	20	Response	51	1283302	21007	1
S024_MINIONCE_5286	20	Pulse	99	1290447	28152	NA
S024_MINIONCE_5286	20	Port Input	1	1290447	28152	NA
S024_MINIONCE_5286	20	Picture	19_T_RWTRIAD_RW_paracaidas_red.png	1305495	43200	1	1900	2	43200	1800
S024_MINIONCE_5286	21	Picture	RW	1307795	0	1	43100	2	0	43200
S024_MINIONCE_5286	21	Pulse	99	1326448	18653	NA
S024_MINIONCE_5286	21	Port Input	1	1326448	18653	NA
S024_MINIONCE_5286	21	Response	52	1326612	18817	1
S024_MINIONCE_5286	21	Picture	20_T_RWTRIAD_RW_mono_red.png	1350895	43100	1	1900	2	43200	1800
S024_MINIONCE_5286	22	Picture	rest	1352895	0	1	144099	2	0	144000
S024_MINIONCE_5286	22	Pulse	99	1362449	9554	NA
S024_MINIONCE_5286	22	Port Input	1	1362449	9554	NA
S024_MINIONCE_5286	22	Pulse	99	1398450	45555	NA
S024_MINIONCE_5286	22	Port Input	1	1398450	45555	NA
S024_MINIONCE_5286	22	Pulse	99	1434451	81556	NA
S024_MINIONCE_5286	22	Port Input	1	1434451	81556	NA
S024_MINIONCE_5286	22	Pulse	99	1470452	117557	NA
S024_MINIONCE_5286	22	Port Input	1	1470452	117557	NA
S024_MINIONCE_5286	23	Picture	endrest	1497094	0	1	10100	2	0	10000
S024_MINIONCE_5286	23	Pulse	99	1506453	9359	NA
S024_MINIONCE_5286	23	Port Input	1	1506453	9359	NA
S024_MINIONCE_5286	24	Picture	PW	1507594	0	1	43100	2	0	43200
S024_MINIONCE_5286	24	Response	52	1532525	24931	1
S024_MINIONCE_5286	24	Pulse	99	1542454	34860	NA
S024_MINIONCE_5286	24	Port Input	1	1542454	34860	NA
S024_MINIONCE_5286	24	Picture	23_T_PWTRIAD_PW_silla_red.png	1550694	43100	1	1900	2	43200	1800
S024_MINIONCE_5286	25	Picture	PW	1552794	0	1	43200	2	0	43200
S024_MINIONCE_5286	25	Pulse	99	1578455	25661	NA
S024_MINIONCE_5286	25	Port Input	1	1578455	25661	NA
S024_MINIONCE_5286	25	Response	51	1581537	28743	1
S024_MINIONCE_5286	25	Picture	24_T_PWTRIAD_PW_violin_red.png	1595994	43200	1	1900	2	43200	1800
S024_MINIONCE_5286	26	Picture	PW	1598294	0	1	43100	2	0	43200
S024_MINIONCE_5286	26	Pulse	99	1614456	16162	NA
S024_MINIONCE_5286	26	Port Input	1	1614456	16162	NA
S024_MINIONCE_5286	26	Response	52	1624351	26057	1
S024_MINIONCE_5286	26	Picture	25_T_PWTRIAD_PW_lechuga_red.png	1641394	43100	1	1900	2	43200	1800
S024_MINIONCE_5286	27	Picture	PW	1643494	0	1	43199	3	0	43200
S024_MINIONCE_5286	27	Pulse	99	1650457	6963	NA
S024_MINIONCE_5286	27	Port Input	1	1650457	6963	NA
S024_MINIONCE_5286	27	Response	52	1668467	24973	1
S024_MINIONCE_5286	27	Pulse	99	1686458	42964	NA
S024_MINIONCE_5286	27	Port Input	1	1686458	42964	NA
S024_MINIONCE_5286	27	Picture	26_T_PWTRIAD_PW_piramide_red.png	1686693	43199	2	1900	4	43200	1800
S024_MINIONCE_5286	28	Picture	RW	1688793	0	2	43200	3	0	43200
S024_MINIONCE_5286	28	Response	52	1717941	29148	2
S024_MINIONCE_5286	28	Pulse	99	1722460	33667	NA
S024_MINIONCE_5286	28	Port Input	1	1722460	33667	NA
S024_MINIONCE_5286	28	Picture	27_T_RWTRIAD_RW_sapo_red.png	1731993	43200	1	1900	2	43200	1800
S024_MINIONCE_5286	29	Picture	RW	1734093	0	1	43200	3	0	43200
S024_MINIONCE_5286	29	Pulse	99	1758461	24368	NA
S024_MINIONCE_5286	29	Port Input	1	1758461	24368	NA
S024_MINIONCE_5286	29	Picture	28_T_RWTRIAD_RW_molino_red.png	1777293	43200	2	1900	3	43200	1800
S024_MINIONCE_5286	30	Picture	RW	1779393	0	2	43200	3	0	43200
S024_MINIONCE_5286	30	Response	51	1782617	3224	1
S024_MINIONCE_5286	30	Pulse	99	1794462	15069	NA
S024_MINIONCE_5286	30	Port Input	1	1794462	15069	NA
S024_MINIONCE_5286	30	Response	51	1818181	38788	1
S024_MINIONCE_5286	30	Picture	29_T_RWTRIAD_RW_banera_red.png	1822593	43200	1	1900	2	43200	1800
S024_MINIONCE_5286	31	Picture	RW	1824693	0	1	43200	2	0	43200
S024_MINIONCE_5286	31	Pulse	99	1830463	5770	NA
S024_MINIONCE_5286	31	Port Input	1	1830463	5770	NA
S024_MINIONCE_5286	31	Response	51	1843985	19292	2
S024_MINIONCE_5286	31	Pulse	99	1866464	41771	NA
S024_MINIONCE_5286	31	Port Input	1	1866464	41771	NA
S024_MINIONCE_5286	31	Picture	30_T_RWTRIAD_RW_ancla_red.png	1867893	43200	1	1900	2	43200	1800
S024_MINIONCE_5286	32	Picture	rest	1869892	0	2	144100	3	0	144000
S024_MINIONCE_5286	32	Pulse	99	1902465	32573	NA
S024_MINIONCE_5286	32	Port Input	1	1902465	32573	NA
S024_MINIONCE_5286	32	Pulse	99	1938466	68574	NA
S024_MINIONCE_5286	32	Port Input	1	1938466	68574	NA
S024_MINIONCE_5286	32	Pulse	99	1974467	104575	NA
S024_MINIONCE_5286	32	Port Input	1	1974467	104575	NA
S024_MINIONCE_5286	32	Pulse	99	2010468	140576	NA
S024_MINIONCE_5286	32	Port Input	1	2010468	140576	NA
S024_MINIONCE_5286	33	Picture	endrest	2014092	0	1	10100	2	0	10000
S024_MINIONCE_5286	34	Picture	PW	2024492	0	1	43200	2	0	43200
S024_MINIONCE_5286	34	Pulse	99	2046469	21977	NA
S024_MINIONCE_5286	34	Port Input	1	2046469	21977	NA
S024_MINIONCE_5286	34	Response	52	2052745	28253	1
S024_MINIONCE_5286	34	Picture	33_T_PWTRIAD_PW_esquimal_red.png	2067692	43200	1	1900	2	43200	1800
S024_MINIONCE_5286	35	Picture	PW	2069792	0	1	43200	2	0	43200
S024_MINIONCE_5286	35	Pulse	99	2082470	12678	NA
S024_MINIONCE_5286	35	Port Input	1	2082470	12678	NA
S024_MINIONCE_5286	35	Response	52	2095364	25572	1
S024_MINIONCE_5286	35	Picture	34_T_PWTRIAD_PW_llave_red.png	2112992	43200	1	1900	2	43200	1800
S024_MINIONCE_5286	36	Picture	PW	2115092	0	1	43200	2	0	43200
S024_MINIONCE_5286	36	Pulse	99	2118471	3379	NA
S024_MINIONCE_5286	36	Port Input	1	2118471	3379	NA
S024_MINIONCE_5286	36	Response	51	2138380	23288	1
S024_MINIONCE_5286	36	Pulse	99	2154472	39380	NA
S024_MINIONCE_5286	36	Port Input	1	2154472	39380	NA
S024_MINIONCE_5286	36	Picture	35_T_PWTRIAD_PW_manos_red.png	2158292	43200	1	1900	2	43200	1800
S024_MINIONCE_5286	37	Picture	PW	2160592	0	1	43100	2	0	43200
S024_MINIONCE_5286	37	Response	52	2187855	27263	1
S024_MINIONCE_5286	37	Pulse	99	2190473	29881	NA
S024_MINIONCE_5286	37	Port Input	1	2190473	29881	NA
S024_MINIONCE_5286	37	Picture	36_T_PWTRIAD_PW_cuento_red.png	2203692	43100	1	1900	2	43200	1800
S024_MINIONCE_5286	38	Picture	RW	2205792	0	1	43199	3	0	43200
S024_MINIONCE_5286	38	Pulse	99	2226475	20683	NA
S024_MINIONCE_5286	38	Port Input	1	2226475	20683	NA
S024_MINIONCE_5286	38	Response	51	2227904	22112	1
S024_MINIONCE_5286	38	Picture	37_T_RWTRIAD_RW_zanahoria_red.png	2248991	43199	2	1900	4	43200	1800
S024_MINIONCE_5286	39	Picture	RW	2251091	0	2	43200	3	0	43200
S024_MINIONCE_5286	39	Pulse	99	2262476	11385	NA
S024_MINIONCE_5286	39	Port Input	1	2262476	11385	NA
S024_MINIONCE_5286	39	Response	51	2276224	25133	1
S024_MINIONCE_5286	39	Picture	38_T_RWTRIAD_RW_lana_red.png	2294291	43200	1	1900	2	43200	1800
S024_MINIONCE_5286	40	Picture	RW	2296391	0	1	43200	2	0	43200
S024_MINIONCE_5286	40	Pulse	99	2298477	2086	NA
S024_MINIONCE_5286	40	Port Input	1	2298477	2086	NA
S024_MINIONCE_5286	40	Response	51	2315527	19136	1
S024_MINIONCE_5286	40	Pulse	99	2334478	38087	NA
S024_MINIONCE_5286	40	Port Input	1	2334478	38087	NA
S024_MINIONCE_5286	40	Picture	39_T_RWTRIAD_RW_television_red.png	2339591	43200	1	1900	2	43200	1800
S024_MINIONCE_5286	41	Picture	RW	2341691	0	1	43200	2	0	43200
S024_MINIONCE_5286	41	Response	52	2359755	18064	1
S024_MINIONCE_5286	41	Pulse	99	2370479	28788	NA
S024_MINIONCE_5286	41	Port Input	1	2370479	28788	NA
S024_MINIONCE_5286	41	Picture	40_T_RWTRIAD_RW_sombrilla_red.png	2384891	43200	1	1900	2	43200	1800
S024_MINIONCE_5286	42	Picture	rest	2386891	0	1	144099	3	0	144000
S024_MINIONCE_5286	42	Pulse	99	2406480	19589	NA
S024_MINIONCE_5286	42	Port Input	1	2406480	19589	NA
S024_MINIONCE_5286	42	Pulse	99	2442481	55590	NA
S024_MINIONCE_5286	42	Port Input	1	2442481	55590	NA
S024_MINIONCE_5286	42	Pulse	99	2478482	91591	NA
S024_MINIONCE_5286	42	Port Input	1	2478482	91591	NA
S024_MINIONCE_5286	42	Pulse	99	2514483	127592	NA
S024_MINIONCE_5286	42	Port Input	1	2514483	127592	NA
S024_MINIONCE_5286	43	Picture	endrest	2531091	0	1	10099	3	0	10000
S024_MINIONCE_5286	44	Picture	FF	2541391	0	1	43199	2	0	43200
S024_MINIONCE_5286	44	Pulse	99	2550484	9093	NA
S024_MINIONCE_5286	44	Port Input	1	2550484	9093	NA
S024_MINIONCE_5286	44	Response	52	2558139	16748	1
S024_MINIONCE_5286	44	Picture	43_T_FFTRIAD_FF_esquimal_red.png	2584590	43199	1	1900	2	43200	1800
S024_MINIONCE_5286	44	Pulse	99	2586485	45094	NA
S024_MINIONCE_5286	44	Port Input	1	2586485	45094	NA
S024_MINIONCE_5286	45	Picture	FF	2586690	0	1	43200	2	0	43200
S024_MINIONCE_5286	45	Response	51	2613306	26616	1
S024_MINIONCE_5286	45	Pulse	99	2622486	35796	NA
S024_MINIONCE_5286	45	Port Input	1	2622486	35796	NA
S024_MINIONCE_5286	45	Picture	44_T_FFTRIAD_FF_lenador_red.png	2629890	43200	1	1900	2	43200	1800
S024_MINIONCE_5286	46	Picture	FF	2632190	0	1	43100	2	0	43200
S024_MINIONCE_5286	46	Response	51	2651390	19200	1
S024_MINIONCE_5286	46	Pulse	99	2658487	26297	NA
S024_MINIONCE_5286	46	Port Input	1	2658487	26297	NA
S024_MINIONCE_5286	46	Picture	45_T_FFTRIAD_FF_bellota_red.png	2675290	43100	1	1900	2	43200	1800
S024_MINIONCE_5286	47	Picture	FF	2677590	0	1	43100	2	0	43200
S024_MINIONCE_5286	47	Response	52	2691623	14033	1
S024_MINIONCE_5286	47	Pulse	99	2694488	16898	NA
S024_MINIONCE_5286	47	Port Input	1	2694488	16898	NA
S024_MINIONCE_5286	47	Picture	46_T_FFTRIAD_FF_molino_red.png	2720690	43100	1	1900	2	43200	1800
S024_MINIONCE_5286	48	Picture	FF	2722990	0	1	43100	2	0	43200
S024_MINIONCE_5286	48	Pulse	99	2730489	7499	NA
S024_MINIONCE_5286	48	Port Input	1	2730489	7499	NA
S024_MINIONCE_5286	48	Response	52	2744144	21154	1
S024_MINIONCE_5286	48	Picture	47_T_FFTRIAD_FF_telarana_red.png	2766090	43100	1	1900	2	43200	1800
S024_MINIONCE_5286	48	Pulse	99	2766490	43500	NA
S024_MINIONCE_5286	48	Port Input	1	2766490	43500	NA
S024_MINIONCE_5286	49	Picture	FF	2768190	0	1	43200	2	0	43200
S024_MINIONCE_5286	49	Response	51	2778150	9960	1
S024_MINIONCE_5286	49	Pulse	99	2802492	34302	NA
S024_MINIONCE_5286	49	Port Input	1	2802492	34302	NA
S024_MINIONCE_5286	49	Picture	48_T_FFTRIAD_FF_sapo_red.png	2811390	43200	1	1899	3	43200	1800
S024_MINIONCE_5286	50	Picture	FF	2813490	0	1	43199	2	0	43200
S024_MINIONCE_5286	50	Response	52	2830979	17489	1
S024_MINIONCE_5286	50	Pulse	99	2838493	25003	NA
S024_MINIONCE_5286	50	Port Input	1	2838493	25003	NA
S024_MINIONCE_5286	50	Picture	49_T_FFTRIAD_FF_murcielago_red.png	2856689	43199	1	1900	2	43200	1800
S024_MINIONCE_5286	51	Picture	FF	2858789	0	2	43200	3	0	43200
S024_MINIONCE_5286	51	Response	52	2874386	15597	1
S024_MINIONCE_5286	51	Pulse	99	2874494	15705	NA
S024_MINIONCE_5286	51	Port Input	1	2874494	15705	NA
S024_MINIONCE_5286	51	Picture	50_T_FFTRIAD_FF_iglu_red.png	2901989	43200	1	1900	2	43200	1800
S024_MINIONCE_5286	52	Picture	rest	2903989	0	1	144100	2	0	144000
S024_MINIONCE_5286	52	Pulse	99	2910495	6506	NA
S024_MINIONCE_5286	52	Port Input	1	2910495	6506	NA
S024_MINIONCE_5286	52	Pulse	99	2946496	42507	NA
S024_MINIONCE_5286	52	Port Input	1	2946496	42507	NA
S024_MINIONCE_5286	52	Pulse	99	2982497	78508	NA
S024_MINIONCE_5286	52	Port Input	1	2982497	78508	NA
S024_MINIONCE_5286	52	Pulse	99	3018498	114509	NA
S024_MINIONCE_5286	52	Port Input	1	3018498	114509	NA
S024_MINIONCE_5286	53	Picture	endrest	3048189	0	1	10100	2	0	10000
S024_MINIONCE_5286	53	Pulse	99	3054499	6310	NA
S024_MINIONCE_5286	53	Port Input	1	3054499	6310	NA
S024_MINIONCE_5286	54	Picture	RW	3058489	0	1	43200	2	0	43200
S024_MINIONCE_5286	54	Response	52	3080528	22039	1
S024_MINIONCE_5286	54	Pulse	99	3090500	32011	NA
S024_MINIONCE_5286	54	Port Input	1	3090500	32011	NA
S024_MINIONCE_5286	54	Picture	53_T_RWTRIAD_RW_arbol_red.png	3101689	43200	1	1900	2	43200	1800
S024_MINIONCE_5286	55	Picture	RW	3103789	0	1	43199	3	0	43200
S024_MINIONCE_5286	55	Response	52	3115317	11528	1
S024_MINIONCE_5286	55	Pulse	99	3126501	22712	NA
S024_MINIONCE_5286	55	Port Input	1	3126501	22712	NA
S024_MINIONCE_5286	55	Picture	54_T_RWTRIAD_RW_gafas_red.png	3146988	43199	2	1900	3	43200	1800
S024_MINIONCE_5286	56	Picture	RW	3149088	0	1	43200	2	0	43200
S024_MINIONCE_5286	56	Response	52	3162083	12995	2
S024_MINIONCE_5286	56	Pulse	99	3162502	13414	NA
S024_MINIONCE_5286	56	Port Input	1	3162502	13414	NA
S024_MINIONCE_5286	56	Picture	55_T_RWTRIAD_RW_leche_red.png	3192288	43200	1	1900	2	43200	1800
S024_MINIONCE_5286	57	Picture	RW	3194388	0	1	43200	2	0	43200
S024_MINIONCE_5286	57	Pulse	99	3198503	4115	NA
S024_MINIONCE_5286	57	Port Input	1	3198503	4115	NA
S024_MINIONCE_5286	57	Response	52	3211436	17048	1
S024_MINIONCE_5286	57	Pulse	99	3234504	40116	NA
S024_MINIONCE_5286	57	Port Input	1	3234504	40116	NA
S024_MINIONCE_5286	57	Picture	56_T_RWTRIAD_RW_tijera_red.png	3237588	43200	1	1900	2	43200	1800
S024_MINIONCE_5286	58	Picture	FF	3239688	0	1	43200	2	0	43200
S024_MINIONCE_5286	58	Response	51	3254150	14462	2
S024_MINIONCE_5286	58	Pulse	99	3270505	30817	NA
S024_MINIONCE_5286	58	Port Input	1	3270505	30817	NA
S024_MINIONCE_5286	58	Picture	57_T_FFTRIAD_FF_martillo_red.png	3282888	43200	1	1900	2	43200	1800
S024_MINIONCE_5286	59	Picture	FF	3284988	0	1	43200	2	0	43200
S024_MINIONCE_5286	59	Response	52	3302078	17090	1
S024_MINIONCE_5286	59	Pulse	99	3306506	21518	NA
S024_MINIONCE_5286	59	Port Input	1	3306506	21518	NA
S024_MINIONCE_5286	59	Picture	58_T_FFTRIAD_FF_mono_red.png	3328188	43200	1	1900	2	43200	1800
S024_MINIONCE_5286	60	Picture	FF	3330288	0	1	43200	2	0	43200
S024_MINIONCE_5286	60	Response	52	3341767	11479	1
S024_MINIONCE_5286	60	Pulse	99	3342507	12219	NA
S024_MINIONCE_5286	60	Port Input	1	3342507	12219	NA
S024_MINIONCE_5286	60	Picture	59_T_FFTRIAD_FF_carruaje_red.png	3373488	43200	1	1900	2	43200	1800
S024_MINIONCE_5286	61	Picture	FF	3375588	0	1	43199	2	0	43200
S024_MINIONCE_5286	61	Pulse	99	3378509	2921	NA
S024_MINIONCE_5286	61	Port Input	1	3378509	2921	NA
S024_MINIONCE_5286	61	Response	52	3388157	12569	1
S024_MINIONCE_5286	61	Pulse	99	3414510	38922	NA
S024_MINIONCE_5286	61	Port Input	1	3414510	38922	NA
S024_MINIONCE_5286	61	Picture	60_T_FFTRIAD_FF_plato_red.png	3418787	43199	1	1900	3	43200	1800
S024_MINIONCE_5286	62	Picture	rest	3420787	0	2	144100	3	0	144000
S024_MINIONCE_5286	62	Pulse	99	3450511	29724	NA
S024_MINIONCE_5286	62	Port Input	1	3450511	29724	NA
S024_MINIONCE_5286	62	Pulse	99	3486512	65725	NA
S024_MINIONCE_5286	62	Port Input	1	3486512	65725	NA
S024_MINIONCE_5286	62	Pulse	99	3522513	101726	NA
S024_MINIONCE_5286	62	Port Input	1	3522513	101726	NA
S024_MINIONCE_5286	62	Pulse	99	3558514	137727	NA
S024_MINIONCE_5286	62	Port Input	1	3558514	137727	NA
S024_MINIONCE_5286	63	Picture	endrest	3564987	0	1	10100	2	0	10000
S024_MINIONCE_5286	64	Picture	FF	3575287	0	1	43200	2	0	43200
S024_MINIONCE_5286	64	Response	52	3591514	16227	1
S024_MINIONCE_5286	64	Pulse	99	3594515	19228	NA
S024_MINIONCE_5286	64	Port Input	1	3594515	19228	NA
S024_MINIONCE_5286	64	Picture	63_T_FFTRIAD_FF_destornillador_red.png	3618487	43200	1	1900	2	43200	1800
S024_MINIONCE_5286	65	Picture	FF	3620587	0	1	43200	2	0	43200
S024_MINIONCE_5286	65	Pulse	99	3630516	9929	NA
S024_MINIONCE_5286	65	Port Input	1	3630516	9929	NA
S024_MINIONCE_5286	65	Response	51	3630803	10216	1
S024_MINIONCE_5286	65	Picture	64_T_FFTRIAD_FF_madera_red.png	3663787	43200	1	1900	2	43200	1800
S024_MINIONCE_5286	66	Picture	FF	3665887	0	1	43199	3	0	43200
S024_MINIONCE_5286	66	Pulse	99	3666517	630	NA
S024_MINIONCE_5286	66	Port Input	1	3666517	630	NA
S024_MINIONCE_5286	66	Response	52	3677826	11939	1
S024_MINIONCE_5286	66	Pulse	99	3702518	36631	NA
S024_MINIONCE_5286	66	Port Input	1	3702518	36631	NA
S024_MINIONCE_5286	66	Picture	65_T_FFTRIAD_FF_monja_red.png	3709086	43199	2	1900	4	43200	1800
S024_MINIONCE_5286	67	Picture	FF	3711186	0	1	43200	2	0	43200
S024_MINIONCE_5286	67	Response	52	3724202	13016	1
S024_MINIONCE_5286	67	Pulse	99	3738519	27333	NA
S024_MINIONCE_5286	67	Port Input	1	3738519	27333	NA
S024_MINIONCE_5286	67	Picture	66_T_FFTRIAD_FF_silla_red.png	3754386	43200	1	1900	2	43200	1800
S024_MINIONCE_5286	68	Picture	RW	3756686	0	1	43100	2	0	43200
S024_MINIONCE_5286	68	Pulse	99	3774520	17834	NA
S024_MINIONCE_5286	68	Port Input	1	3774520	17834	NA
S024_MINIONCE_5286	68	Response	52	3779778	23092	1
S024_MINIONCE_5286	68	Picture	67_T_RWTRIAD_RW_raton_red.png	3799786	43100	1	1900	2	43200	1800
S024_MINIONCE_5286	69	Picture	RW	3801886	0	1	43200	2	0	43200
S024_MINIONCE_5286	69	Pulse	99	3810521	8635	NA
S024_MINIONCE_5286	69	Port Input	1	3810521	8635	NA
S024_MINIONCE_5286	69	Response	51	3817366	15480	1
S024_MINIONCE_5286	69	Picture	68_T_RWTRIAD_RW_telarana_red.png	3845086	43200	1	1900	2	43200	1800
S024_MINIONCE_5286	69	Pulse	99	3846522	44636	NA
S024_MINIONCE_5286	69	Port Input	1	3846522	44636	NA
S024_MINIONCE_5286	70	Picture	RW	3847386	0	1	43100	2	0	43200
S024_MINIONCE_5286	70	Response	51	3866117	18731	1
S024_MINIONCE_5286	70	Pulse	99	3882523	35137	NA
S024_MINIONCE_5286	70	Port Input	1	3882523	35137	NA
S024_MINIONCE_5286	70	Picture	69_T_RWTRIAD_RW_cerillas_red.png	3890486	43100	1	1900	2	43200	1800
S024_MINIONCE_5286	71	Picture	RW	3892586	0	1	43200	2	0	43200
S024_MINIONCE_5286	71	Response	52	3911199	18613	2
S024_MINIONCE_5286	71	Pulse	99	3918524	25938	NA
S024_MINIONCE_5286	71	Port Input	1	3918524	25938	NA
S024_MINIONCE_5286	71	Picture	70_T_RWTRIAD_RW_cinturon_red.png	3935786	43200	1	1900	2	43200	1800
S024_MINIONCE_5286	72	Picture	rest	3937786	0	1	144099	2	0	144000
S024_MINIONCE_5286	72	Pulse	99	3954526	16740	NA
S024_MINIONCE_5286	72	Port Input	1	3954526	16740	NA
S024_MINIONCE_5286	72	Pulse	99	3990527	52741	NA
S024_MINIONCE_5286	72	Port Input	1	3990527	52741	NA
S024_MINIONCE_5286	72	Pulse	99	4026528	88742	NA
S024_MINIONCE_5286	72	Port Input	1	4026528	88742	NA
S024_MINIONCE_5286	72	Pulse	99	4062529	124743	NA
S024_MINIONCE_5286	72	Port Input	1	4062529	124743	NA
S024_MINIONCE_5286	73	Picture	endrest	4081985	0	1	10100	2	0	10000
S024_MINIONCE_5286	74	Picture	PW	4092285	0	1	43200	2	0	43200
S024_MINIONCE_5286	74	Pulse	99	4098530	6245	NA
S024_MINIONCE_5286	74	Port Input	1	4098530	6245	NA
S024_MINIONCE_5286	74	Response	51	4118009	25724	2
S024_MINIONCE_5286	74	Pulse	99	4134531	42246	NA
S024_MINIONCE_5286	74	Port Input	1	4134531	42246	NA
S024_MINIONCE_5286	74	Picture	73_T_PWTRIAD_PW_television_red.png	4135485	43200	1	1900	2	43200	1800
S024_MINIONCE_5286	75	Picture	PW	4138185	0	1	43100	2	0	43200
S024_MINIONCE_5286	75	Response	52	4156324	18139	1
S024_MINIONCE_5286	75	Pulse	99	4170532	32347	NA
S024_MINIONCE_5286	75	Port Input	1	4170532	32347	NA
S024_MINIONCE_5286	75	Picture	74_T_PWTRIAD_PW_pluma_red.png	4181285	43100	1	1900	2	43200	1800
S024_MINIONCE_5286	76	Picture	PW	4183385	0	1	43200	2	0	43200
S024_MINIONCE_5286	76	Response	51	4200928	17543	1
S024_MINIONCE_5286	76	Pulse	99	4206533	23148	NA
S024_MINIONCE_5286	76	Port Input	1	4206533	23148	NA
S024_MINIONCE_5286	76	Picture	75_T_PWTRIAD_PW_agua_red.png	4226585	43200	1	1900	2	43200	1800
S024_MINIONCE_5286	77	Picture	PW	4228685	0	1	43199	3	0	43200
S024_MINIONCE_5286	77	Pulse	99	4242534	13849	NA
S024_MINIONCE_5286	77	Port Input	1	4242534	13849	NA
S024_MINIONCE_5286	77	Response	52	4253352	24667	1
S024_MINIONCE_5286	77	Picture	76_T_PWTRIAD_PW_anillo_red.png	4271884	43199	2	1900	4	43200	1800
S024_MINIONCE_5286	78	Picture	RW	4273984	0	2	43200	3	0	43200
S024_MINIONCE_5286	78	Pulse	99	4278535	4551	NA
S024_MINIONCE_5286	78	Port Input	1	4278535	4551	NA
S024_MINIONCE_5286	78	Response	51	4294540	20556	1
S024_MINIONCE_5286	78	Pulse	99	4314536	40552	NA
S024_MINIONCE_5286	78	Port Input	1	4314536	40552	NA
S024_MINIONCE_5286	78	Picture	77_T_RWTRIAD_RW_portatil_red.png	4317184	43200	1	1900	2	43200	1800
S024_MINIONCE_5286	79	Picture	RW	4319284	0	1	43200	2	0	43200
S024_MINIONCE_5286	79	Response	51	4338181	18897	1
S024_MINIONCE_5286	79	Pulse	99	4350537	31253	NA
S024_MINIONCE_5286	79	Port Input	1	4350537	31253	NA
S024_MINIONCE_5286	79	Picture	78_T_RWTRIAD_RW_carruaje_red.png	4362484	43200	1	1900	2	43200	1800
S024_MINIONCE_5286	80	Picture	RW	4364584	0	1	43200	2	0	43200
S024_MINIONCE_5286	80	Response	51	4384394	19810	2
S024_MINIONCE_5286	80	Pulse	99	4386538	21954	NA
S024_MINIONCE_5286	80	Port Input	1	4386538	21954	NA
S024_MINIONCE_5286	80	Picture	79_T_RWTRIAD_RW_tenedor_red.png	4407784	43200	1	1900	2	43200	1800
S024_MINIONCE_5286	81	Picture	RW	4409884	0	1	43200	2	0	43200
S024_MINIONCE_5286	81	Pulse	99	4422539	12655	NA
S024_MINIONCE_5286	81	Port Input	1	4422539	12655	NA
S024_MINIONCE_5286	81	Response	51	4431454	21570	1
S024_MINIONCE_5286	81	Picture	80_T_RWTRIAD_RW_ascensor_red.png	4453084	43200	1	1900	2	43200	1800
S024_MINIONCE_5286	82	Picture	rest	4455084	0	1	144099	3	0	144000
S024_MINIONCE_5286	82	Pulse	99	4458540	3456	NA
S024_MINIONCE_5286	82	Port Input	1	4458540	3456	NA
S024_MINIONCE_5286	82	Pulse	99	4494542	39458	NA
S024_MINIONCE_5286	82	Port Input	1	4494542	39458	NA
S024_MINIONCE_5286	82	Pulse	99	4530543	75459	NA
S024_MINIONCE_5286	82	Port Input	1	4530543	75459	NA
S024_MINIONCE_5286	82	Pulse	99	4566544	111460	NA
S024_MINIONCE_5286	82	Port Input	1	4566544	111460	NA
S024_MINIONCE_5286	83	Picture	endrest	4599283	0	1	10100	2	0	10000
S024_MINIONCE_5286	83	Pulse	99	4602545	3262	NA
S024_MINIONCE_5286	83	Port Input	1	4602545	3262	NA
S024_MINIONCE_5286	84	Picture	PW	4609782	0	3	43101	4	0	43200
S024_MINIONCE_5286	84	Response	52	4633841	24059	1
S024_MINIONCE_5286	84	Pulse	99	4638546	28764	NA
S024_MINIONCE_5286	84	Port Input	1	4638546	28764	NA
S024_MINIONCE_5286	84	Picture	83_T_PWTRIAD_PW_telarana_red.png	4652883	43101	1	1900	2	43200	1800
S024_MINIONCE_5286	85	Picture	PW	4655083	0	1	43200	2	0	43200
S024_MINIONCE_5286	85	Pulse	99	4674547	19464	NA
S024_MINIONCE_5286	85	Port Input	1	4674547	19464	NA
S024_MINIONCE_5286	85	Response	52	4680173	25090	1
S024_MINIONCE_5286	85	Picture	84_T_PWTRIAD_PW_plato_red.png	4698283	43200	1	1900	2	43200	1800
S024_MINIONCE_5286	86	Picture	PW	4700383	0	1	43200	2	0	43200
S024_MINIONCE_5286	86	Pulse	99	4710548	10165	NA
S024_MINIONCE_5286	86	Port Input	1	4710548	10165	NA
S024_MINIONCE_5286	86	Response	51	4730726	30343	2
S024_MINIONCE_5286	86	Picture	85_T_PWTRIAD_PW_telefono_red.png	4743583	43200	1	1900	2	43200	1800
S024_MINIONCE_5286	87	Picture	PW	4745683	0	1	43200	2	0	43200
S024_MINIONCE_5286	87	Pulse	99	4746549	866	NA
S024_MINIONCE_5286	87	Port Input	1	4746549	866	NA
S024_MINIONCE_5286	87	Response	51	4770965	25282	1
S024_MINIONCE_5286	87	Pulse	99	4782550	36867	NA
S024_MINIONCE_5286	87	Port Input	1	4782550	36867	NA
S024_MINIONCE_5286	87	Picture	86_T_PWTRIAD_PW_grifo_red.png	4788883	43200	1	1900	2	43200	1800
S024_MINIONCE_5286	88	Picture	PW	4790983	0	1	43199	3	0	43200
S024_MINIONCE_5286	88	Response	51	4817918	26935	1
S024_MINIONCE_5286	88	Pulse	99	4818551	27568	NA
S024_MINIONCE_5286	88	Port Input	1	4818551	27568	NA
S024_MINIONCE_5286	88	Picture	87_T_PWTRIAD_PW_policia_red.png	4834182	43199	2	1900	4	43200	1800
S024_MINIONCE_5286	89	Picture	PW	4836282	0	2	43200	3	0	43200
S024_MINIONCE_5286	89	Pulse	99	4854552	18270	NA
S024_MINIONCE_5286	89	Port Input	1	4854552	18270	NA
S024_MINIONCE_5286	89	Response	51	4861228	24946	2
S024_MINIONCE_5286	89	Picture	88_T_PWTRIAD_PW_traje_red.png	4879482	43200	1	1900	2	43200	1800
S024_MINIONCE_5286	90	Picture	PW	4881782	0	1	43100	2	0	43200
S024_MINIONCE_5286	90	Pulse	99	4890553	8771	NA
S024_MINIONCE_5286	90	Port Input	1	4890553	8771	NA
S024_MINIONCE_5286	90	Response	52	4911693	29911	1
S024_MINIONCE_5286	90	Picture	89_T_PWTRIAD_PW_cinturon_red.png	4924882	43100	1	1900	2	43200	1800
S024_MINIONCE_5286	90	Pulse	99	4926554	44772	NA
S024_MINIONCE_5286	90	Port Input	1	4926554	44772	NA
S024_MINIONCE_5286	91	Picture	PW	4926982	0	1	43200	2	0	43200
S024_MINIONCE_5286	91	Response	52	4953208	26226	1
S024_MINIONCE_5286	91	Pulse	99	4962555	35573	NA
S024_MINIONCE_5286	91	Port Input	1	4962555	35573	NA
S024_MINIONCE_5286	91	Picture	90_T_PWTRIAD_PW_queso_red.png	4970182	43200	1	1900	2	43200	1800
S024_MINIONCE_5286	92	Picture	rest	4972182	0	1	144100	2	0	144000
S024_MINIONCE_5286	92	Pulse	99	4998556	26374	NA
S024_MINIONCE_5286	92	Port Input	1	4998556	26374	NA
S024_MINIONCE_5286	92	Pulse	99	5034557	62375	NA
S024_MINIONCE_5286	92	Port Input	1	5034557	62375	NA
S024_MINIONCE_5286	92	Pulse	99	5070559	98377	NA
S024_MINIONCE_5286	92	Port Input	1	5070559	98377	NA
S024_MINIONCE_5286	92	Pulse	99	5106560	134378	NA
S024_MINIONCE_5286	92	Port Input	1	5106560	134378	NA
S024_MINIONCE_5286	93	Picture	endrest	5116382	0	1	10099	3	0	10000
S024_MINIONCE_5286	94	Picture	PW	5126681	0	2	43200	3	0	43200
S024_MINIONCE_5286	94	Pulse	99	5142561	15880	NA
S024_MINIONCE_5286	94	Port Input	1	5142561	15880	NA
S024_MINIONCE_5286	94	Response	51	5160633	33952	1
S024_MINIONCE_5286	94	Picture	93_T_PWTRIAD_PW_destornillador_red.png	5169881	43200	1	1900	2	43200	1800
S024_MINIONCE_5286	95	Picture	PW	5171981	0	1	43200	2	0	43200
S024_MINIONCE_5286	95	Pulse	99	5178562	6581	NA
S024_MINIONCE_5286	95	Port Input	1	5178562	6581	NA
S024_MINIONCE_5286	95	Response	51	5198251	26270	1
S024_MINIONCE_5286	95	Pulse	99	5214563	42582	NA
S024_MINIONCE_5286	95	Port Input	1	5214563	42582	NA
S024_MINIONCE_5286	95	Picture	94_T_PWTRIAD_PW_candado_red.png	5215181	43200	1	1900	2	43200	1800
S024_MINIONCE_5286	96	Picture	PW	5217281	0	1	43200	2	0	43200
S024_MINIONCE_5286	96	Response	52	5241473	24192	1
S024_MINIONCE_5286	96	Pulse	99	5250564	33283	NA
S024_MINIONCE_5286	96	Port Input	1	5250564	33283	NA
S024_MINIONCE_5286	96	Picture	95_T_PWTRIAD_PW_chupete_red.png	5260481	43200	1	1900	2	43200	1800
S024_MINIONCE_5286	97	Picture	PW	5262581	0	1	43200	2	0	43200
S024_MINIONCE_5286	97	Pulse	99	5286565	23984	NA
S024_MINIONCE_5286	97	Port Input	1	5286565	23984	NA
S024_MINIONCE_5286	97	Response	51	5288837	26256	1
S024_MINIONCE_5286	97	Picture	96_T_PWTRIAD_PW_tenedor_red.png	5305781	43200	1	1900	2	43200	1800
S024_MINIONCE_5286	98	Picture	FF	5307981	0	1	43200	2	0	43200
S024_MINIONCE_5286	98	Pulse	99	5322566	14585	NA
S024_MINIONCE_5286	98	Port Input	1	5322566	14585	NA
S024_MINIONCE_5286	98	Response	52	5325521	17540	1
S024_MINIONCE_5286	98	Picture	97_T_FFTRIAD_FF_pincel_red.png	5351181	43200	1	1900	2	43200	1800
S024_MINIONCE_5286	99	Picture	FF	5353481	0	1	43099	3	0	43200
S024_MINIONCE_5286	99	Pulse	99	5358567	5086	NA
S024_MINIONCE_5286	99	Port Input	1	5358567	5086	NA
S024_MINIONCE_5286	99	Response	52	5364807	11326	3
S024_MINIONCE_5286	99	Pulse	99	5394568	41087	NA
S024_MINIONCE_5286	99	Port Input	1	5394568	41087	NA
S024_MINIONCE_5286	99	Picture	98_T_FFTRIAD_FF_bebe_red.png	5396580	43099	2	1901	3	43200	1800
S024_MINIONCE_5286	100	Picture	FF	5398680	0	2	43200	3	0	43200
S024_MINIONCE_5286	100	Response	52	5414297	15617	1
S024_MINIONCE_5286	100	Pulse	99	5430569	31889	NA
S024_MINIONCE_5286	100	Port Input	1	5430569	31889	NA
S024_MINIONCE_5286	100	Picture	99_T_FFTRIAD_FF_sobre_red.png	5441880	43200	1	1900	2	43200	1800
S024_MINIONCE_5286	101	Picture	FF	5443980	0	1	43200	2	0	43200
S024_MINIONCE_5286	101	Response	51	5456986	13006	1
S024_MINIONCE_5286	101	Pulse	99	5466570	22590	NA
S024_MINIONCE_5286	101	Port Input	1	5466570	22590	NA
S024_MINIONCE_5286	101	Picture	100_T_FFTRIAD_FF_llave_red.png	5487180	43200	1	1900	2	43200	1800
S024_MINIONCE_5286	102	Picture	rest	5489180	0	1	144100	2	0	144000
S024_MINIONCE_5286	102	Pulse	99	5502571	13391	NA
S024_MINIONCE_5286	102	Port Input	1	5502571	13391	NA
S024_MINIONCE_5286	102	Pulse	99	5538572	49392	NA
S024_MINIONCE_5286	102	Port Input	1	5538572	49392	NA
S024_MINIONCE_5286	102	Pulse	99	5574573	85393	NA
S024_MINIONCE_5286	102	Port Input	1	5574573	85393	NA
S024_MINIONCE_5286	102	Pulse	99	5610575	121395	NA
S024_MINIONCE_5286	102	Port Input	1	5610575	121395	NA
S024_MINIONCE_5286	103	Picture	endrest	5633380	0	1	10100	2	0	10000
S024_MINIONCE_5286	104	Picture	FF	5643680	0	1	43200	2	0	43200
S024_MINIONCE_5286	104	Pulse	99	5646576	2896	NA
S024_MINIONCE_5286	104	Port Input	1	5646576	2896	NA
S024_MINIONCE_5286	104	Response	51	5661360	17680	1
S024_MINIONCE_5286	104	Pulse	99	5682577	38897	NA
S024_MINIONCE_5286	104	Port Input	1	5682577	38897	NA
S024_MINIONCE_5286	104	Picture	103_T_FFTRIAD_FF_tijera_red.png	5686880	43200	1	1899	3	43200	1800
S024_MINIONCE_5286	105	Picture	FF	5688979	0	2	43200	3	0	43200
S024_MINIONCE_5286	105	Response	51	5707804	18825	1
S024_MINIONCE_5286	105	Pulse	99	5718578	29599	NA
S024_MINIONCE_5286	105	Port Input	1	5718578	29599	NA
S024_MINIONCE_5286	105	Picture	104_T_FFTRIAD_FF_futbol_red.png	5732179	43200	1	1900	2	43200	1800
S024_MINIONCE_5286	106	Picture	FF	5734279	0	1	43200	2	0	43200
S024_MINIONCE_5286	106	Response	51	5752941	18662	1
S024_MINIONCE_5286	106	Pulse	99	5754579	20300	NA
S024_MINIONCE_5286	106	Port Input	1	5754579	20300	NA
S024_MINIONCE_5286	106	Picture	105_T_FFTRIAD_FF_lechuga_red.png	5777479	43200	1	1900	2	43200	1800
S024_MINIONCE_5286	107	Picture	FF	5779579	0	1	43200	2	0	43200
S024_MINIONCE_5286	107	Pulse	99	5790580	11001	NA
S024_MINIONCE_5286	107	Port Input	1	5790580	11001	NA
S024_MINIONCE_5286	107	Response	52	5797749	18170	2
S024_MINIONCE_5286	107	Picture	106_T_FFTRIAD_FF_ascensor_red.png	5822779	43200	1	1900	2	43200	1800
S024_MINIONCE_5286	108	Picture	PW	5824879	0	1	43200	2	0	43200
S024_MINIONCE_5286	108	Pulse	99	5826581	1702	NA
S024_MINIONCE_5286	108	Port Input	1	5826581	1702	NA
S024_MINIONCE_5286	108	Response	52	5850153	25274	3
S024_MINIONCE_5286	108	Pulse	99	5862582	37703	NA
S024_MINIONCE_5286	108	Port Input	1	5862582	37703	NA
S024_MINIONCE_5286	108	Picture	107_T_PWTRIAD_PW_bala_red.png	5868079	43200	1	1900	2	43200	1800
S024_MINIONCE_5286	109	Picture	PW	5870179	0	1	43200	2	0	43200
S024_MINIONCE_5286	109	Response	51	5896927	26748	1
S024_MINIONCE_5286	109	Pulse	99	5898583	28404	NA
S024_MINIONCE_5286	109	Port Input	1	5898583	28404	NA
S024_MINIONCE_5286	109	Picture	108_T_PWTRIAD_PW_oruga_red.png	5913379	43200	1	1900	2	43200	1800
S024_MINIONCE_5286	110	Picture	PW	5915479	0	1	43199	3	0	43200
S024_MINIONCE_5286	110	Pulse	99	5934584	19105	NA
S024_MINIONCE_5286	110	Port Input	1	5934584	19105	NA
S024_MINIONCE_5286	110	Response	51	5939124	23645	2
S024_MINIONCE_5286	110	Picture	109_T_PWTRIAD_PW_martillo_red.png	5958678	43199	2	1900	4	43200	1800
S024_MINIONCE_5286	111	Picture	PW	5960779	0	1	43199	2	0	43200
S024_MINIONCE_5286	111	Pulse	99	5970585	9806	NA
S024_MINIONCE_5286	111	Port Input	1	5970585	9806	NA
S024_MINIONCE_5286	111	Response	52	5988389	27610	2
S024_MINIONCE_5286	111	Picture	110_T_PWTRIAD_PW_cortina_red.png	6003978	43199	1	1900	2	43200	1800
S024_MINIONCE_5286	112	Picture	rest	6005978	0	1	144100	2	0	144000
S024_MINIONCE_5286	112	Pulse	99	6006586	608	NA
S024_MINIONCE_5286	112	Port Input	1	6006586	608	NA
S024_MINIONCE_5286	113	Picture	endrest	6150178	0	1	10100	2	0	10000
S024_MINIONCE_5286	114	Picture	FF	6160478	0	1	43200	2	0	43200
S024_MINIONCE_5286	114	Response	51	6179145	18667	2
S024_MINIONCE_5286	114	Picture	113_T_FFTRIAD_FF_piramide_red.png	6203678	43200	1	1900	2	43200	1800
S024_MINIONCE_5286	115	Picture	FF	6205878	0	1	43099	3	0	43200
S024_MINIONCE_5286	115	Response	51	6218706	12828	1
S024_MINIONCE_5286	115	Picture	114_T_FFTRIAD_FF_charco_red.png	6248977	43099	2	1900	4	43200	1800
S024_MINIONCE_5286	116	Picture	FF	6251077	0	2	43200	3	0	43200
S024_MINIONCE_5286	116	Response	51	6267967	16890	1
S024_MINIONCE_5286	116	Picture	115_T_FFTRIAD_FF_pluma_red.png	6294277	43200	1	1900	2	43200	1800
S024_MINIONCE_5286	117	Picture	FF	6296477	0	1	43200	2	0	43200
S024_MINIONCE_5286	117	Response	52	6314700	18223	3
S024_MINIONCE_5286	117	Picture	116_T_FFTRIAD_FF_anillo_red.png	6339677	43200	1	1900	2	43200	1800
S024_MINIONCE_5286	118	Picture	RW	6341777	0	1	43200	2	0	43200
S024_MINIONCE_5286	118	Response	52	6381184	39407	1
S024_MINIONCE_5286	118	Picture	117_T_RWTRIAD_RW_estetoscopio_red.png	6384977	43200	1	1900	2	43200	1800
S024_MINIONCE_5286	119	Picture	RW	6387077	0	1	43200	2	0	43200
S024_MINIONCE_5286	119	Response	52	6403030	15953	1
S024_MINIONCE_5286	119	Picture	118_T_RWTRIAD_RW_futbol_red.png	6430277	43200	1	1900	2	43200	1800
S024_MINIONCE_5286	120	Picture	RW	6432377	0	1	43200	2	0	43200
S024_MINIONCE_5286	120	Response	51	6453152	20775	2
S024_MINIONCE_5286	120	Picture	119_T_RWTRIAD_RW_pilas_red.png	6475577	43200	1	1900	2	43200	1800
S024_MINIONCE_5286	121	Picture	RW	6477877	0	1	43100	2	0	43200
S024_MINIONCE_5286	121	Response	52	6489724	11847	1
S024_MINIONCE_5286	121	Picture	120_T_RWTRIAD_RW_paraguas_red.png	6520977	43100	1	1900	2	43200	1800
S024_MINIONCE_5286	122	Picture	rest	6522977	0	1	144099	2	0	144000
S024_MINIONCE_5286	123	Picture	endrest	6667176	0	1	10100	2	0	10000
S024_MINIONCE_5286	124	Picture	PW	6677476	0	1	43200	2	0	43200
S024_MINIONCE_5286	124	Response	51	6711455	33979	1
S024_MINIONCE_5286	124	Picture	123_T_PWTRIAD_PW_estetoscopio_red.png	6720676	43200	1	1900	2	43200	1800
S024_MINIONCE_5286	125	Picture	PW	6722776	0	1	43200	2	0	43200
S024_MINIONCE_5286	125	Response	52	6754054	31278	1
S024_MINIONCE_5286	125	Picture	124_T_PWTRIAD_PW_ascensor_red.png	6765976	43200	1	1900	2	43200	1800
S024_MINIONCE_5286	126	Picture	PW	6768076	0	1	43199	3	0	43200
S024_MINIONCE_5286	126	Response	52	6786297	18221	2
S024_MINIONCE_5286	126	Picture	125_T_PWTRIAD_PW_sobre_red.png	6811275	43199	2	1901	3	43200	1800
S024_MINIONCE_5286	127	Picture	PW	6813375	0	2	43200	3	0	43200
S024_MINIONCE_5286	127	Response	52	6847177	33802	2
S024_MINIONCE_5286	127	Picture	126_T_PWTRIAD_PW_teclado_red.png	6856575	43200	1	1900	2	43200	1800
S024_MINIONCE_5286	128	Picture	FF	6858675	0	1	43200	2	0	43200
S024_MINIONCE_5286	128	Response	52	6882772	24097	1
S024_MINIONCE_5286	128	Picture	127_T_FFTRIAD_FF_manos_red.png	6901875	43200	1	1900	2	43200	1800
S024_MINIONCE_5286	129	Picture	FF	6903975	0	1	43200	2	0	43200
S024_MINIONCE_5286	129	Response	52	6927648	23673	1
S024_MINIONCE_5286	129	Picture	128_T_FFTRIAD_FF_paracaidas_red.png	6947175	43200	1	1900	2	43200	1800
S024_MINIONCE_5286	130	Picture	FF	6949275	0	1	43200	2	0	43200
S024_MINIONCE_5286	130	Response	51	6960840	11565	1
S024_MINIONCE_5286	130	Picture	129_T_FFTRIAD_FF_novia_red.png	6992475	43200	1	1900	2	43200	1800
S024_MINIONCE_5286	131	Picture	FF	6994775	0	1	43100	2	0	43200
S024_MINIONCE_5286	131	Response	51	7008821	14046	1
S024_MINIONCE_5286	131	Picture	130_T_FFTRIAD_FF_candado_red.png	7037875	43100	1	1900	2	43200	1800
S024_MINIONCE_5286	132	Picture	rest	7039875	0	1	144099	2	0	144000
S024_MINIONCE_5286	133	Picture	endrest	7184074	0	1	10100	2	0	10000
S024_MINIONCE_5286	134	Picture	PW	7194474	0	1	43200	3	0	43200
S024_MINIONCE_5286	134	Response	51	7228405	33931	1
S024_MINIONCE_5286	134	Picture	133_T_PWTRIAD_PW_perro_red.png	7237674	43200	2	1900	3	43200	1800
S024_MINIONCE_5286	135	Picture	PW	7239774	0	1	43200	2	0	43200
S024_MINIONCE_5286	135	Response	52	7265339	25565	1
S024_MINIONCE_5286	135	Picture	134_T_PWTRIAD_PW_cerillas_red.png	7282974	43200	1	1900	2	43200	1800
S024_MINIONCE_5286	136	Picture	PW	7285074	0	1	43199	3	0	43200
S024_MINIONCE_5286	136	Response	51	7308193	23119	2
S024_MINIONCE_5286	136	Picture	135_T_PWTRIAD_PW_futbol_red.png	7328273	43199	2	1900	4	43200	1800
S024_MINIONCE_5286	137	Picture	PW	7330373	0	2	43200	4	0	43200
S024_MINIONCE_5286	137	Response	52	7354219	23846	1
S024_MINIONCE_5286	137	Picture	136_T_PWTRIAD_PW_lenador_red.png	7373573	43200	2	1900	4	43200	1800
S024_MINIONCE_5286	138	Picture	rest	7375573	0	2	144100	3	0	144000
S024_MINIONCE_5286	139	Picture	endrest	7519773	0	1	10100	2	0	10000
S024_MINIONCE_5286	140	Picture	endrest	7529973	0	1	10100	2	0	10000
S024_MINIONCE_5286	141	Picture	endrest	7540173	0	1	10100	2	0	10000
S024_MINIONCE_5286	142	Picture	endrest	7550373	0	1	10100	2	0	10000
