Scenario - vOT_Triads_fMRI_I
Logfile written - 12/16/2015 17:14:49

Subject	Trial	Event Type	Code	Time	TTime	Uncertainty	Duration	Uncertainty	ReqTime	ReqDur

S024_DAY1_MINIWICE_5351	1	Response	52	249455	259355	1
S024_DAY1_MINIWICE_5351	1	Response	51	261173	271073	1
S024_DAY1_MINIWICE_5351	1	Response	98	319039	328939	1
S024_DAY1_MINIWICE_5351	2	Response	52	465923	146825	1
S024_DAY1_MINIWICE_5351	2	Response	98	477362	158264	1
S024_DAY1_MINIWICE_5351	3	Response	51	621848	144350	1
S024_DAY1_MINIWICE_5351	3	Response	98	652287	174789	1
S024_DAY1_MINIWICE_5351	4	Response	51	699426	47029	1
S024_DAY1_MINIWICE_5351	4	Response	52	756007	103610	1
S024_DAY1_MINIWICE_5351	4	Response	98	762289	109892	1
S024_DAY1_MINIWICE_5351	6	Pulse	99	956053	193656	NA
S024_DAY1_MINIWICE_5351	6	Port Input	1	956053	193656	NA
S024_DAY1_MINIWICE_5351	6	Pulse	99	992055	229658	NA
S024_DAY1_MINIWICE_5351	6	Port Input	1	992055	229658	NA
S024_DAY1_MINIWICE_5351	6	Pulse	99	1028056	265659	NA
S024_DAY1_MINIWICE_5351	6	Port Input	1	1028056	265659	NA
S024_DAY1_MINIWICE_5351	6	Pulse	99	1064057	301660	NA
S024_DAY1_MINIWICE_5351	6	Port Input	1	1064057	301660	NA
S024_DAY1_MINIWICE_5351	6	Pulse	99	1100058	337661	NA
S024_DAY1_MINIWICE_5351	6	Port Input	1	1100058	337661	NA
S024_DAY1_MINIWICE_5351	7	Picture	rest	1100295	0	2	144100	3	0	144000
S024_DAY1_MINIWICE_5351	7	Pulse	99	1136059	35764	NA
S024_DAY1_MINIWICE_5351	7	Port Input	1	1136059	35764	NA
S024_DAY1_MINIWICE_5351	7	Pulse	99	1172060	71765	NA
S024_DAY1_MINIWICE_5351	7	Port Input	1	1172060	71765	NA
S024_DAY1_MINIWICE_5351	7	Pulse	99	1208061	107766	NA
S024_DAY1_MINIWICE_5351	7	Port Input	1	1208061	107766	NA
S024_DAY1_MINIWICE_5351	7	Pulse	99	1244062	143767	NA
S024_DAY1_MINIWICE_5351	7	Port Input	1	1244062	143767	NA
S024_DAY1_MINIWICE_5351	8	Picture	endrest	1244495	0	1	10100	2	0	10000
S024_DAY1_MINIWICE_5351	9	Picture	PW	1254895	0	1	43200	2	0	43200
S024_DAY1_MINIWICE_5351	9	Response	51	1272453	17558	1
S024_DAY1_MINIWICE_5351	9	Pulse	99	1280063	25168	NA
S024_DAY1_MINIWICE_5351	9	Port Input	1	1280063	25168	NA
S024_DAY1_MINIWICE_5351	9	Response	52	1293010	38115	1
S024_DAY1_MINIWICE_5351	9	Picture	3_T_PWTRIAD_PW_sobre_red.png	1298095	43200	1	1900	2	43200	1800
S024_DAY1_MINIWICE_5351	10	Picture	PW	1300295	0	1	43200	2	0	43200
S024_DAY1_MINIWICE_5351	10	Pulse	99	1316064	15769	NA
S024_DAY1_MINIWICE_5351	10	Port Input	1	1316064	15769	NA
S024_DAY1_MINIWICE_5351	10	Response	51	1323509	23214	1
S024_DAY1_MINIWICE_5351	10	Picture	4_T_PWTRIAD_PW_tijera_red.png	1343495	43200	1	1900	2	43200	1800
S024_DAY1_MINIWICE_5351	11	Picture	PW	1345795	0	1	43200	2	0	43200
S024_DAY1_MINIWICE_5351	11	Pulse	99	1352065	6270	NA
S024_DAY1_MINIWICE_5351	11	Port Input	1	1352065	6270	NA
S024_DAY1_MINIWICE_5351	11	Response	52	1376193	30398	1
S024_DAY1_MINIWICE_5351	11	Pulse	99	1388066	42271	NA
S024_DAY1_MINIWICE_5351	11	Port Input	1	1388066	42271	NA
S024_DAY1_MINIWICE_5351	11	Picture	5_T_PWTRIAD_PW_cerillas_red.png	1388995	43200	1	1900	2	43200	1800
S024_DAY1_MINIWICE_5351	12	Picture	PW	1391195	0	1	43199	3	0	43200
S024_DAY1_MINIWICE_5351	12	Response	51	1422827	31632	1
S024_DAY1_MINIWICE_5351	12	Pulse	99	1424068	32873	NA
S024_DAY1_MINIWICE_5351	12	Port Input	1	1424068	32873	NA
S024_DAY1_MINIWICE_5351	12	Picture	6_T_PWTRIAD_PW_arbol_red.png	1434394	43199	2	1900	4	43200	1800
S024_DAY1_MINIWICE_5351	13	Picture	FF	1436594	0	2	43200	3	0	43200
S024_DAY1_MINIWICE_5351	13	Response	52	1457802	21208	1
S024_DAY1_MINIWICE_5351	13	Pulse	99	1460069	23475	NA
S024_DAY1_MINIWICE_5351	13	Port Input	1	1460069	23475	NA
S024_DAY1_MINIWICE_5351	13	Picture	7_T_FFTRIAD_FF_pizarra_red.png	1479794	43200	1	1900	2	43200	1800
S024_DAY1_MINIWICE_5351	14	Picture	FF	1481994	0	1	43100	2	0	43200
S024_DAY1_MINIWICE_5351	14	Pulse	99	1496070	14076	NA
S024_DAY1_MINIWICE_5351	14	Port Input	1	1496070	14076	NA
S024_DAY1_MINIWICE_5351	14	Response	52	1500909	18915	1
S024_DAY1_MINIWICE_5351	14	Picture	8_T_FFTRIAD_FF_cinturon_red.png	1525094	43100	1	1900	2	43200	1800
S024_DAY1_MINIWICE_5351	15	Picture	FF	1527294	0	1	43100	2	0	43200
S024_DAY1_MINIWICE_5351	15	Pulse	99	1532071	4777	NA
S024_DAY1_MINIWICE_5351	15	Port Input	1	1532071	4777	NA
S024_DAY1_MINIWICE_5351	15	Response	52	1545738	18444	1
S024_DAY1_MINIWICE_5351	15	Pulse	99	1568072	40778	NA
S024_DAY1_MINIWICE_5351	15	Port Input	1	1568072	40778	NA
S024_DAY1_MINIWICE_5351	15	Picture	9_T_FFTRIAD_FF_banera_red.png	1570394	43100	1	1900	2	43200	1800
S024_DAY1_MINIWICE_5351	16	Picture	FF	1572594	0	1	43200	2	0	43200
S024_DAY1_MINIWICE_5351	16	Response	51	1600121	27527	1
S024_DAY1_MINIWICE_5351	16	Pulse	99	1604073	31479	NA
S024_DAY1_MINIWICE_5351	16	Port Input	1	1604073	31479	NA
S024_DAY1_MINIWICE_5351	16	Picture	10_T_FFTRIAD_FF_monja_red.png	1615794	43200	1	1900	2	43200	1800
S024_DAY1_MINIWICE_5351	17	Picture	rest	1617794	0	1	144099	2	0	144000
S024_DAY1_MINIWICE_5351	17	Pulse	99	1640074	22280	NA
S024_DAY1_MINIWICE_5351	17	Port Input	1	1640074	22280	NA
S024_DAY1_MINIWICE_5351	17	Pulse	99	1676075	58281	NA
S024_DAY1_MINIWICE_5351	17	Port Input	1	1676075	58281	NA
S024_DAY1_MINIWICE_5351	17	Pulse	99	1712076	94282	NA
S024_DAY1_MINIWICE_5351	17	Port Input	1	1712076	94282	NA
S024_DAY1_MINIWICE_5351	17	Pulse	99	1748077	130283	NA
S024_DAY1_MINIWICE_5351	17	Port Input	1	1748077	130283	NA
S024_DAY1_MINIWICE_5351	18	Picture	endrest	1761993	0	2	10100	3	0	10000
S024_DAY1_MINIWICE_5351	19	Picture	PW	1772493	0	1	43100	2	0	43200
S024_DAY1_MINIWICE_5351	19	Pulse	99	1784078	11585	NA
S024_DAY1_MINIWICE_5351	19	Port Input	1	1784078	11585	NA
S024_DAY1_MINIWICE_5351	19	Response	51	1814138	41645	1
S024_DAY1_MINIWICE_5351	19	Picture	13_T_PWTRIAD_PW_madera_red.png	1815593	43100	1	1900	2	43200	1800
S024_DAY1_MINIWICE_5351	20	Picture	PW	1817893	0	1	43100	2	0	43200
S024_DAY1_MINIWICE_5351	20	Pulse	99	1820079	2186	NA
S024_DAY1_MINIWICE_5351	20	Port Input	1	1820079	2186	NA
S024_DAY1_MINIWICE_5351	20	Response	52	1841087	23194	1
S024_DAY1_MINIWICE_5351	20	Pulse	99	1856080	38187	NA
S024_DAY1_MINIWICE_5351	20	Port Input	1	1856080	38187	NA
S024_DAY1_MINIWICE_5351	20	Picture	14_T_PWTRIAD_PW_bebe_red.png	1860993	43100	1	1900	2	43200	1800
S024_DAY1_MINIWICE_5351	21	Picture	PW	1863193	0	1	43200	2	0	43200
S024_DAY1_MINIWICE_5351	21	Response	51	1891912	28719	2
S024_DAY1_MINIWICE_5351	21	Pulse	99	1892082	28889	NA
S024_DAY1_MINIWICE_5351	21	Port Input	1	1892082	28889	NA
S024_DAY1_MINIWICE_5351	21	Picture	15_T_PWTRIAD_PW_pizarra_red.png	1906393	43200	1	1900	2	43200	1800
S024_DAY1_MINIWICE_5351	22	Picture	PW	1908693	0	1	43100	2	0	43200
S024_DAY1_MINIWICE_5351	22	Pulse	99	1928083	19390	NA
S024_DAY1_MINIWICE_5351	22	Port Input	1	1928083	19390	NA
S024_DAY1_MINIWICE_5351	22	Response	52	1944587	35894	2
S024_DAY1_MINIWICE_5351	22	Picture	16_T_PWTRIAD_PW_paraguas_red.png	1951793	43100	1	1900	2	43200	1800
S024_DAY1_MINIWICE_5351	23	Picture	FF	1954093	0	1	43200	2	0	43200
S024_DAY1_MINIWICE_5351	23	Pulse	99	1964084	9991	NA
S024_DAY1_MINIWICE_5351	23	Port Input	1	1964084	9991	NA
S024_DAY1_MINIWICE_5351	23	Response	51	1985042	30949	1
S024_DAY1_MINIWICE_5351	23	Picture	17_T_FFTRIAD_FF_oruga_red.png	1997293	43200	1	1900	2	43200	1800
S024_DAY1_MINIWICE_5351	24	Picture	FF	1999593	0	1	43099	3	0	43200
S024_DAY1_MINIWICE_5351	24	Pulse	99	2000085	492	NA
S024_DAY1_MINIWICE_5351	24	Port Input	1	2000085	492	NA
S024_DAY1_MINIWICE_5351	24	Response	51	2024931	25338	1
S024_DAY1_MINIWICE_5351	24	Pulse	99	2036086	36493	NA
S024_DAY1_MINIWICE_5351	24	Port Input	1	2036086	36493	NA
S024_DAY1_MINIWICE_5351	24	Picture	18_T_FFTRIAD_FF_arbol_red.png	2042692	43099	2	1900	4	43200	1800
S024_DAY1_MINIWICE_5351	25	Picture	FF	2044892	0	2	43100	3	0	43200
S024_DAY1_MINIWICE_5351	25	Response	51	2060941	16049	1
S024_DAY1_MINIWICE_5351	25	Pulse	99	2072087	27195	NA
S024_DAY1_MINIWICE_5351	25	Port Input	1	2072087	27195	NA
S024_DAY1_MINIWICE_5351	25	Picture	19_T_FFTRIAD_FF_agua_red.png	2087992	43100	1	1900	2	43200	1800
S024_DAY1_MINIWICE_5351	26	Picture	FF	2090292	0	1	43100	2	0	43200
S024_DAY1_MINIWICE_5351	26	Response	52	2107653	17361	1
S024_DAY1_MINIWICE_5351	26	Pulse	99	2108088	17796	NA
S024_DAY1_MINIWICE_5351	26	Port Input	1	2108088	17796	NA
S024_DAY1_MINIWICE_5351	26	Picture	20_T_FFTRIAD_FF_botella_red.png	2133392	43100	1	1900	2	43200	1800
S024_DAY1_MINIWICE_5351	27	Picture	rest	2135392	0	1	144100	2	0	144000
S024_DAY1_MINIWICE_5351	27	Pulse	99	2144089	8697	NA
S024_DAY1_MINIWICE_5351	27	Port Input	1	2144089	8697	NA
S024_DAY1_MINIWICE_5351	27	Pulse	99	2180090	44698	NA
S024_DAY1_MINIWICE_5351	27	Port Input	1	2180090	44698	NA
S024_DAY1_MINIWICE_5351	27	Pulse	99	2216091	80699	NA
S024_DAY1_MINIWICE_5351	27	Port Input	1	2216091	80699	NA
S024_DAY1_MINIWICE_5351	27	Pulse	99	2252092	116700	NA
S024_DAY1_MINIWICE_5351	27	Port Input	1	2252092	116700	NA
S024_DAY1_MINIWICE_5351	28	Picture	endrest	2279592	0	1	10100	2	0	10000
S024_DAY1_MINIWICE_5351	28	Pulse	99	2288094	8502	NA
S024_DAY1_MINIWICE_5351	28	Port Input	1	2288094	8502	NA
S024_DAY1_MINIWICE_5351	29	Picture	RW	2290092	0	1	43099	3	0	43200
S024_DAY1_MINIWICE_5351	29	Response	52	2304722	14630	1
S024_DAY1_MINIWICE_5351	29	Pulse	99	2324094	34002	NA
S024_DAY1_MINIWICE_5351	29	Port Input	1	2324094	34002	NA
S024_DAY1_MINIWICE_5351	29	Picture	23_T_RWTRIAD_RW_leche_red.png	2333191	43099	2	1900	4	43200	1800
S024_DAY1_MINIWICE_5351	30	Picture	RW	2335391	0	2	43100	3	0	43200
S024_DAY1_MINIWICE_5351	30	Response	51	2357914	22523	1
S024_DAY1_MINIWICE_5351	30	Pulse	99	2360096	24705	NA
S024_DAY1_MINIWICE_5351	30	Port Input	1	2360096	24705	NA
S024_DAY1_MINIWICE_5351	30	Picture	24_T_RWTRIAD_RW_cerillas_red.png	2378491	43100	1	1900	2	43200	1800
S024_DAY1_MINIWICE_5351	31	Picture	RW	2380791	0	1	43200	2	0	43200
S024_DAY1_MINIWICE_5351	31	Response	52	2394834	14043	1
S024_DAY1_MINIWICE_5351	31	Pulse	99	2396097	15306	NA
S024_DAY1_MINIWICE_5351	31	Port Input	1	2396097	15306	NA
S024_DAY1_MINIWICE_5351	31	Picture	25_T_RWTRIAD_RW_bebe_red.png	2423991	43200	1	1900	2	43200	1800
S024_DAY1_MINIWICE_5351	32	Picture	RW	2426291	0	1	43100	2	0	43200
S024_DAY1_MINIWICE_5351	32	Pulse	99	2432098	5807	NA
S024_DAY1_MINIWICE_5351	32	Port Input	1	2432098	5807	NA
S024_DAY1_MINIWICE_5351	32	Response	52	2442740	16449	1
S024_DAY1_MINIWICE_5351	32	Pulse	99	2468099	41808	NA
S024_DAY1_MINIWICE_5351	32	Port Input	1	2468099	41808	NA
S024_DAY1_MINIWICE_5351	32	Picture	26_T_RWTRIAD_RW_plato_red.png	2469391	43100	1	1900	2	43200	1800
S024_DAY1_MINIWICE_5351	33	Picture	PW	2471691	0	1	43100	2	0	43200
S024_DAY1_MINIWICE_5351	33	Response	51	2495733	24042	1
S024_DAY1_MINIWICE_5351	33	Pulse	99	2504100	32409	NA
S024_DAY1_MINIWICE_5351	33	Port Input	1	2504100	32409	NA
S024_DAY1_MINIWICE_5351	33	Picture	27_T_PWTRIAD_PW_martillo_red.png	2514791	43100	1	1900	2	43200	1800
S024_DAY1_MINIWICE_5351	34	Picture	PW	2516991	0	1	43200	2	0	43200
S024_DAY1_MINIWICE_5351	34	Pulse	99	2540101	23110	NA
S024_DAY1_MINIWICE_5351	34	Port Input	1	2540101	23110	NA
S024_DAY1_MINIWICE_5351	34	Response	52	2545920	28929	1
S024_DAY1_MINIWICE_5351	34	Picture	28_T_PWTRIAD_PW_pilas_red.png	2560191	43200	1	1900	2	43200	1800
S024_DAY1_MINIWICE_5351	35	Picture	PW	2562391	0	1	43199	3	0	43200
S024_DAY1_MINIWICE_5351	35	Pulse	99	2576102	13711	NA
S024_DAY1_MINIWICE_5351	35	Port Input	1	2576102	13711	NA
S024_DAY1_MINIWICE_5351	35	Response	52	2598054	35663	2
S024_DAY1_MINIWICE_5351	35	Picture	29_T_PWTRIAD_PW_iglu_red.png	2605590	43199	2	1900	4	43200	1800
S024_DAY1_MINIWICE_5351	36	Picture	PW	2607890	0	2	43200	3	0	43200
S024_DAY1_MINIWICE_5351	36	Pulse	99	2612103	4213	NA
S024_DAY1_MINIWICE_5351	36	Port Input	1	2612103	4213	NA
S024_DAY1_MINIWICE_5351	36	Response	51	2634231	26341	1
S024_DAY1_MINIWICE_5351	36	Pulse	99	2648104	40214	NA
S024_DAY1_MINIWICE_5351	36	Port Input	1	2648104	40214	NA
S024_DAY1_MINIWICE_5351	36	Picture	30_T_PWTRIAD_PW_cortina_red.png	2651090	43200	1	1900	2	43200	1800
S024_DAY1_MINIWICE_5351	37	Picture	rest	2653090	0	1	144100	2	0	144000
S024_DAY1_MINIWICE_5351	37	Pulse	99	2684105	31015	NA
S024_DAY1_MINIWICE_5351	37	Port Input	1	2684105	31015	NA
S024_DAY1_MINIWICE_5351	37	Pulse	99	2720106	67016	NA
S024_DAY1_MINIWICE_5351	37	Port Input	1	2720106	67016	NA
S024_DAY1_MINIWICE_5351	37	Pulse	99	2756107	103017	NA
S024_DAY1_MINIWICE_5351	37	Port Input	1	2756107	103017	NA
S024_DAY1_MINIWICE_5351	37	Pulse	99	2792109	139019	NA
S024_DAY1_MINIWICE_5351	37	Port Input	1	2792109	139019	NA
S024_DAY1_MINIWICE_5351	38	Picture	endrest	2797290	0	1	10100	2	0	10000
S024_DAY1_MINIWICE_5351	39	Picture	FF	2807690	0	1	43100	2	0	43200
S024_DAY1_MINIWICE_5351	39	Response	51	2822939	15249	1
S024_DAY1_MINIWICE_5351	39	Pulse	99	2828110	20420	NA
S024_DAY1_MINIWICE_5351	39	Port Input	1	2828110	20420	NA
S024_DAY1_MINIWICE_5351	39	Picture	33_T_FFTRIAD_FF_zanahoria_red.png	2850790	43100	1	1900	2	43200	1800
S024_DAY1_MINIWICE_5351	40	Picture	FF	2852990	0	1	43100	2	0	43200
S024_DAY1_MINIWICE_5351	40	Pulse	99	2864111	11121	NA
S024_DAY1_MINIWICE_5351	40	Port Input	1	2864111	11121	NA
S024_DAY1_MINIWICE_5351	40	Response	52	2865930	12940	1
S024_DAY1_MINIWICE_5351	40	Picture	34_T_FFTRIAD_FF_manos_red.png	2896090	43100	1	1899	3	43200	1800
S024_DAY1_MINIWICE_5351	41	Picture	FF	2898289	0	2	43200	3	0	43200
S024_DAY1_MINIWICE_5351	41	Pulse	99	2900112	1823	NA
S024_DAY1_MINIWICE_5351	41	Port Input	1	2900112	1823	NA
S024_DAY1_MINIWICE_5351	41	Response	52	2914121	15832	1
S024_DAY1_MINIWICE_5351	41	Pulse	99	2936113	37824	NA
S024_DAY1_MINIWICE_5351	41	Port Input	1	2936113	37824	NA
S024_DAY1_MINIWICE_5351	41	Picture	35_T_FFTRIAD_FF_sobre_red.png	2941489	43200	1	1900	2	43200	1800
S024_DAY1_MINIWICE_5351	42	Picture	FF	2943689	0	1	43200	2	0	43200
S024_DAY1_MINIWICE_5351	42	Pulse	99	2972114	28425	NA
S024_DAY1_MINIWICE_5351	42	Port Input	1	2972114	28425	NA
S024_DAY1_MINIWICE_5351	42	Response	51	2974923	31234	1
S024_DAY1_MINIWICE_5351	42	Picture	36_T_FFTRIAD_FF_grifo_red.png	2986889	43200	1	1900	2	43200	1800
S024_DAY1_MINIWICE_5351	43	Picture	RW	2988989	0	1	43200	2	0	43200
S024_DAY1_MINIWICE_5351	43	Pulse	99	3008115	19126	NA
S024_DAY1_MINIWICE_5351	43	Port Input	1	3008115	19126	NA
S024_DAY1_MINIWICE_5351	43	Response	52	3008714	19725	1
S024_DAY1_MINIWICE_5351	43	Picture	37_T_RWTRIAD_RW_cinturon_red.png	3032189	43200	1	1900	2	43200	1800
S024_DAY1_MINIWICE_5351	44	Picture	RW	3034489	0	1	43100	2	0	43200
S024_DAY1_MINIWICE_5351	44	Pulse	99	3044116	9627	NA
S024_DAY1_MINIWICE_5351	44	Port Input	1	3044116	9627	NA
S024_DAY1_MINIWICE_5351	44	Response	51	3048705	14216	1
S024_DAY1_MINIWICE_5351	44	Picture	38_T_RWTRIAD_RW_iglu_red.png	3077589	43100	1	1900	2	43200	1800
S024_DAY1_MINIWICE_5351	45	Picture	RW	3079889	0	1	43100	2	0	43200
S024_DAY1_MINIWICE_5351	45	Pulse	99	3080117	228	NA
S024_DAY1_MINIWICE_5351	45	Port Input	1	3080117	228	NA
S024_DAY1_MINIWICE_5351	45	Response	51	3095092	15203	1
S024_DAY1_MINIWICE_5351	45	Pulse	99	3116118	36229	NA
S024_DAY1_MINIWICE_5351	45	Port Input	1	3116118	36229	NA
S024_DAY1_MINIWICE_5351	45	Picture	39_T_RWTRIAD_RW_teclado_red.png	3122989	43100	1	1900	2	43200	1800
S024_DAY1_MINIWICE_5351	46	Picture	RW	3125289	0	1	43099	3	0	43200
S024_DAY1_MINIWICE_5351	46	Response	51	3136555	11266	1
S024_DAY1_MINIWICE_5351	46	Pulse	99	3152119	26830	NA
S024_DAY1_MINIWICE_5351	46	Port Input	1	3152119	26830	NA
S024_DAY1_MINIWICE_5351	46	Picture	40_T_RWTRIAD_RW_grifo_red.png	3168388	43099	2	1901	3	43200	1800
S024_DAY1_MINIWICE_5351	47	Picture	rest	3170388	0	2	144100	3	0	144000
S024_DAY1_MINIWICE_5351	47	Pulse	99	3188120	17732	NA
S024_DAY1_MINIWICE_5351	47	Port Input	1	3188120	17732	NA
S024_DAY1_MINIWICE_5351	47	Pulse	99	3224121	53733	NA
S024_DAY1_MINIWICE_5351	47	Port Input	1	3224121	53733	NA
S024_DAY1_MINIWICE_5351	47	Pulse	99	3260123	89735	NA
S024_DAY1_MINIWICE_5351	47	Port Input	1	3260123	89735	NA
S024_DAY1_MINIWICE_5351	47	Pulse	99	3296124	125736	NA
S024_DAY1_MINIWICE_5351	47	Port Input	1	3296124	125736	NA
S024_DAY1_MINIWICE_5351	48	Picture	endrest	3314588	0	1	10100	2	0	10000
S024_DAY1_MINIWICE_5351	49	Picture	FF	3324988	0	1	43200	2	0	43200
S024_DAY1_MINIWICE_5351	49	Pulse	99	3332125	7137	NA
S024_DAY1_MINIWICE_5351	49	Port Input	1	3332125	7137	NA
S024_DAY1_MINIWICE_5351	49	Response	51	3344881	19893	2
S024_DAY1_MINIWICE_5351	49	Pulse	99	3368126	43138	NA
S024_DAY1_MINIWICE_5351	49	Port Input	1	3368126	43138	NA
S024_DAY1_MINIWICE_5351	49	Picture	43_T_FFTRIAD_FF_pluma_red.png	3368188	43200	1	1900	2	43200	1800
S024_DAY1_MINIWICE_5351	50	Picture	FF	3370388	0	1	43100	2	0	43200
S024_DAY1_MINIWICE_5351	50	Pulse	99	3404127	33739	NA
S024_DAY1_MINIWICE_5351	50	Port Input	1	3404127	33739	NA
S024_DAY1_MINIWICE_5351	50	Response	52	3412396	42008	1
S024_DAY1_MINIWICE_5351	50	Picture	44_T_FFTRIAD_FF_silla_red.png	3413488	43100	1	1900	2	43200	1800
S024_DAY1_MINIWICE_5351	51	Picture	FF	3415688	0	1	43200	2	0	43200
S024_DAY1_MINIWICE_5351	51	Pulse	99	3440128	24440	NA
S024_DAY1_MINIWICE_5351	51	Port Input	1	3440128	24440	NA
S024_DAY1_MINIWICE_5351	51	Response	52	3443179	27491	1
S024_DAY1_MINIWICE_5351	51	Picture	45_T_FFTRIAD_FF_molino_red.png	3458888	43200	1	1899	3	43200	1800
S024_DAY1_MINIWICE_5351	52	Picture	FF	3461088	0	1	43199	2	0	43200
S024_DAY1_MINIWICE_5351	52	Pulse	99	3476129	15041	NA
S024_DAY1_MINIWICE_5351	52	Port Input	1	3476129	15041	NA
S024_DAY1_MINIWICE_5351	52	Response	51	3481407	20319	2
S024_DAY1_MINIWICE_5351	52	Picture	46_T_FFTRIAD_FF_madera_red.png	3504287	43199	1	1900	2	43200	1800
S024_DAY1_MINIWICE_5351	53	Picture	FF	3506587	0	1	43100	2	0	43200
S024_DAY1_MINIWICE_5351	53	Pulse	99	3512130	5543	NA
S024_DAY1_MINIWICE_5351	53	Port Input	1	3512130	5543	NA
S024_DAY1_MINIWICE_5351	53	Response	52	3530856	24269	1
S024_DAY1_MINIWICE_5351	53	Pulse	99	3548131	41544	NA
S024_DAY1_MINIWICE_5351	53	Port Input	1	3548131	41544	NA
S024_DAY1_MINIWICE_5351	53	Picture	47_T_FFTRIAD_FF_raton_red.png	3549687	43100	1	1900	2	43200	1800
S024_DAY1_MINIWICE_5351	54	Picture	FF	3551887	0	1	43200	2	0	43200
S024_DAY1_MINIWICE_5351	54	Response	51	3566638	14751	1
S024_DAY1_MINIWICE_5351	54	Pulse	99	3584132	32245	NA
S024_DAY1_MINIWICE_5351	54	Port Input	1	3584132	32245	NA
S024_DAY1_MINIWICE_5351	54	Picture	48_T_FFTRIAD_FF_leche_red.png	3595087	43200	1	1900	2	43200	1800
S024_DAY1_MINIWICE_5351	55	Picture	FF	3597387	0	1	43100	2	0	43200
S024_DAY1_MINIWICE_5351	55	Response	51	3609159	11772	1
S024_DAY1_MINIWICE_5351	55	Pulse	99	3620133	22746	NA
S024_DAY1_MINIWICE_5351	55	Port Input	1	3620133	22746	NA
S024_DAY1_MINIWICE_5351	55	Picture	49_T_FFTRIAD_FF_martillo_red.png	3640487	43100	1	1900	2	43200	1800
S024_DAY1_MINIWICE_5351	56	Picture	FF	3642687	0	1	43200	2	0	43200
S024_DAY1_MINIWICE_5351	56	Pulse	99	3656134	13447	NA
S024_DAY1_MINIWICE_5351	56	Port Input	1	3656134	13447	NA
S024_DAY1_MINIWICE_5351	56	Response	51	3668345	25658	1
S024_DAY1_MINIWICE_5351	56	Picture	50_T_FFTRIAD_FF_granjero_red.png	3685887	43200	1	1900	2	43200	1800
S024_DAY1_MINIWICE_5351	57	Picture	rest	3687887	0	1	144099	2	0	144000
S024_DAY1_MINIWICE_5351	57	Pulse	99	3692135	4248	NA
S024_DAY1_MINIWICE_5351	57	Port Input	1	3692135	4248	NA
S024_DAY1_MINIWICE_5351	57	Pulse	99	3728137	40250	NA
S024_DAY1_MINIWICE_5351	57	Port Input	1	3728137	40250	NA
S024_DAY1_MINIWICE_5351	57	Pulse	99	3764138	76251	NA
S024_DAY1_MINIWICE_5351	57	Port Input	1	3764138	76251	NA
S024_DAY1_MINIWICE_5351	57	Pulse	99	3800139	112252	NA
S024_DAY1_MINIWICE_5351	57	Port Input	1	3800139	112252	NA
S024_DAY1_MINIWICE_5351	58	Picture	endrest	3832086	0	1	10100	2	0	10000
S024_DAY1_MINIWICE_5351	58	Pulse	99	3836140	4054	NA
S024_DAY1_MINIWICE_5351	58	Port Input	1	3836140	4054	NA
S024_DAY1_MINIWICE_5351	59	Picture	FF	3842486	0	1	43200	2	0	43200
S024_DAY1_MINIWICE_5351	59	Response	52	3860183	17697	1
S024_DAY1_MINIWICE_5351	59	Pulse	99	3872141	29655	NA
S024_DAY1_MINIWICE_5351	59	Port Input	1	3872141	29655	NA
S024_DAY1_MINIWICE_5351	59	Picture	53_T_FFTRIAD_FF_huevos_red.png	3885686	43200	1	1900	2	43200	1800
S024_DAY1_MINIWICE_5351	60	Picture	FF	3887886	0	1	43100	2	0	43200
S024_DAY1_MINIWICE_5351	60	Pulse	99	3908142	20256	NA
S024_DAY1_MINIWICE_5351	60	Port Input	1	3908142	20256	NA
S024_DAY1_MINIWICE_5351	60	Response	52	3914313	26427	1
S024_DAY1_MINIWICE_5351	60	Picture	54_T_FFTRIAD_FF_paracaidas_red.png	3930986	43100	1	1900	2	43200	1800
S024_DAY1_MINIWICE_5351	61	Picture	FF	3933186	0	1	43100	2	0	43200
S024_DAY1_MINIWICE_5351	61	Pulse	99	3944143	10957	NA
S024_DAY1_MINIWICE_5351	61	Port Input	1	3944143	10957	NA
S024_DAY1_MINIWICE_5351	61	Response	52	3951696	18510	1
S024_DAY1_MINIWICE_5351	61	Picture	55_T_FFTRIAD_FF_policia_red.png	3976286	43100	1	1900	2	43200	1800
S024_DAY1_MINIWICE_5351	62	Picture	FF	3978486	0	1	43100	2	0	43200
S024_DAY1_MINIWICE_5351	62	Pulse	99	3980144	1658	NA
S024_DAY1_MINIWICE_5351	62	Port Input	1	3980144	1658	NA
S024_DAY1_MINIWICE_5351	62	Response	51	3994434	15948	2
S024_DAY1_MINIWICE_5351	62	Pulse	99	4016145	37659	NA
S024_DAY1_MINIWICE_5351	62	Port Input	1	4016145	37659	NA
S024_DAY1_MINIWICE_5351	62	Picture	56_T_FFTRIAD_FF_novia_red.png	4021586	43100	1	1900	2	43200	1800
S024_DAY1_MINIWICE_5351	63	Picture	RW	4023886	0	1	43099	2	0	43200
S024_DAY1_MINIWICE_5351	63	Response	52	4035982	12096	2
S024_DAY1_MINIWICE_5351	63	Pulse	99	4052146	28260	NA
S024_DAY1_MINIWICE_5351	63	Port Input	1	4052146	28260	NA
S024_DAY1_MINIWICE_5351	63	Picture	57_T_RWTRIAD_RW_esquimal_red.png	4066985	43099	1	1900	3	43200	1800
S024_DAY1_MINIWICE_5351	64	Picture	RW	4069185	0	1	43200	2	0	43200
S024_DAY1_MINIWICE_5351	64	Pulse	99	4088147	18962	NA
S024_DAY1_MINIWICE_5351	64	Port Input	1	4088147	18962	NA
S024_DAY1_MINIWICE_5351	64	Response	51	4089259	20074	1
S024_DAY1_MINIWICE_5351	64	Picture	58_T_RWTRIAD_RW_pilas_red.png	4112385	43200	1	1900	2	43200	1800
S024_DAY1_MINIWICE_5351	65	Picture	RW	4114585	0	1	43100	2	0	43200
S024_DAY1_MINIWICE_5351	65	Pulse	99	4124148	9563	NA
S024_DAY1_MINIWICE_5351	65	Port Input	1	4124148	9563	NA
S024_DAY1_MINIWICE_5351	65	Response	51	4154455	39870	1
S024_DAY1_MINIWICE_5351	65	Picture	59_T_RWTRIAD_RW_novia_red.png	4157685	43100	1	1900	2	43200	1800
S024_DAY1_MINIWICE_5351	66	Picture	RW	4159985	0	1	43100	2	0	43200
S024_DAY1_MINIWICE_5351	66	Pulse	99	4160149	164	NA
S024_DAY1_MINIWICE_5351	66	Port Input	1	4160149	164	NA
S024_DAY1_MINIWICE_5351	66	Response	52	4177825	17840	1
S024_DAY1_MINIWICE_5351	66	Pulse	99	4196151	36166	NA
S024_DAY1_MINIWICE_5351	66	Port Input	1	4196151	36166	NA
S024_DAY1_MINIWICE_5351	66	Picture	60_T_RWTRIAD_RW_martillo_red.png	4203085	43100	1	1900	2	43200	1800
S024_DAY1_MINIWICE_5351	67	Picture	rest	4205085	0	1	144099	2	0	144000
S024_DAY1_MINIWICE_5351	67	Pulse	99	4232152	27067	NA
S024_DAY1_MINIWICE_5351	67	Port Input	1	4232152	27067	NA
S024_DAY1_MINIWICE_5351	67	Pulse	99	4268153	63068	NA
S024_DAY1_MINIWICE_5351	67	Port Input	1	4268153	63068	NA
S024_DAY1_MINIWICE_5351	67	Pulse	99	4304154	99069	NA
S024_DAY1_MINIWICE_5351	67	Port Input	1	4304154	99069	NA
S024_DAY1_MINIWICE_5351	67	Pulse	99	4340155	135070	NA
S024_DAY1_MINIWICE_5351	67	Port Input	1	4340155	135070	NA
S024_DAY1_MINIWICE_5351	68	Picture	endrest	4349284	0	1	10100	2	0	10000
S024_DAY1_MINIWICE_5351	69	Picture	PW	4359684	0	1	43100	2	0	43200
S024_DAY1_MINIWICE_5351	69	Pulse	99	4376156	16472	NA
S024_DAY1_MINIWICE_5351	69	Port Input	1	4376156	16472	NA
S024_DAY1_MINIWICE_5351	69	Response	51	4383763	24079	1
S024_DAY1_MINIWICE_5351	69	Picture	63_T_PWTRIAD_PW_portatil_red.png	4402784	43100	1	1900	2	43200	1800
S024_DAY1_MINIWICE_5351	70	Picture	PW	4404984	0	1	43200	2	0	43200
S024_DAY1_MINIWICE_5351	70	Pulse	99	4412157	7173	NA
S024_DAY1_MINIWICE_5351	70	Port Input	1	4412157	7173	NA
S024_DAY1_MINIWICE_5351	70	Response	51	4424641	19657	1
S024_DAY1_MINIWICE_5351	70	Pulse	99	4448158	43174	NA
S024_DAY1_MINIWICE_5351	70	Port Input	1	4448158	43174	NA
S024_DAY1_MINIWICE_5351	70	Picture	64_T_PWTRIAD_PW_traje_red.png	4448184	43200	1	1900	2	43200	1800
S024_DAY1_MINIWICE_5351	71	Picture	PW	4450384	0	1	43200	2	0	43200
S024_DAY1_MINIWICE_5351	71	Response	52	4477828	27444	1
S024_DAY1_MINIWICE_5351	71	Pulse	99	4484159	33775	NA
S024_DAY1_MINIWICE_5351	71	Port Input	1	4484159	33775	NA
S024_DAY1_MINIWICE_5351	71	Picture	65_T_PWTRIAD_PW_piramide_red.png	4493584	43200	1	1900	2	43200	1800
S024_DAY1_MINIWICE_5351	72	Picture	PW	4495884	0	1	43100	2	0	43200
S024_DAY1_MINIWICE_5351	72	Response	52	4519316	23432	1
S024_DAY1_MINIWICE_5351	72	Pulse	99	4520160	24276	NA
S024_DAY1_MINIWICE_5351	72	Port Input	1	4520160	24276	NA
S024_DAY1_MINIWICE_5351	72	Picture	66_T_PWTRIAD_PW_esquimal_red.png	4538984	43100	1	1900	2	43200	1800
S024_DAY1_MINIWICE_5351	73	Picture	PW	4541284	0	1	43100	2	0	43200
S024_DAY1_MINIWICE_5351	73	Pulse	99	4556161	14877	NA
S024_DAY1_MINIWICE_5351	73	Port Input	1	4556161	14877	NA
S024_DAY1_MINIWICE_5351	73	Response	51	4558075	16791	1
S024_DAY1_MINIWICE_5351	73	Picture	67_T_PWTRIAD_PW_llave_red.png	4584384	43100	1	1899	3	43200	1800
S024_DAY1_MINIWICE_5351	74	Picture	PW	4586584	0	1	43099	2	0	43200
S024_DAY1_MINIWICE_5351	74	Pulse	99	4592162	5578	NA
S024_DAY1_MINIWICE_5351	74	Port Input	1	4592162	5578	NA
S024_DAY1_MINIWICE_5351	74	Response	52	4611809	25225	1
S024_DAY1_MINIWICE_5351	74	Pulse	99	4628163	41579	NA
S024_DAY1_MINIWICE_5351	74	Port Input	1	4628163	41579	NA
S024_DAY1_MINIWICE_5351	74	Picture	68_T_PWTRIAD_PW_bala_red.png	4629683	43099	1	1900	3	43200	1800
S024_DAY1_MINIWICE_5351	75	Picture	PW	4631883	0	1	43200	2	0	43200
S024_DAY1_MINIWICE_5351	75	Response	51	4653579	21696	1
S024_DAY1_MINIWICE_5351	75	Pulse	99	4664165	32282	NA
S024_DAY1_MINIWICE_5351	75	Port Input	1	4664165	32282	NA
S024_DAY1_MINIWICE_5351	75	Picture	69_T_PWTRIAD_PW_raton_red.png	4675083	43200	1	1900	2	43200	1800
S024_DAY1_MINIWICE_5351	76	Picture	PW	4677383	0	1	43100	2	0	43200
S024_DAY1_MINIWICE_5351	76	Pulse	99	4700166	22783	NA
S024_DAY1_MINIWICE_5351	76	Port Input	1	4700166	22783	NA
S024_DAY1_MINIWICE_5351	76	Response	51	4700237	22854	1
S024_DAY1_MINIWICE_5351	76	Picture	70_T_PWTRIAD_PW_huevos_red.png	4720483	43100	1	1900	2	43200	1800
S024_DAY1_MINIWICE_5351	77	Picture	rest	4722483	0	1	144099	3	0	144000
S024_DAY1_MINIWICE_5351	77	Pulse	99	4736167	13684	NA
S024_DAY1_MINIWICE_5351	77	Port Input	1	4736167	13684	NA
S024_DAY1_MINIWICE_5351	77	Pulse	99	4772168	49685	NA
S024_DAY1_MINIWICE_5351	77	Port Input	1	4772168	49685	NA
S024_DAY1_MINIWICE_5351	77	Pulse	99	4808169	85686	NA
S024_DAY1_MINIWICE_5351	77	Port Input	1	4808169	85686	NA
S024_DAY1_MINIWICE_5351	77	Pulse	99	4844170	121687	NA
S024_DAY1_MINIWICE_5351	77	Port Input	1	4844170	121687	NA
S024_DAY1_MINIWICE_5351	78	Picture	endrest	4866683	0	1	10099	3	0	10000
S024_DAY1_MINIWICE_5351	79	Picture	PW	4877083	0	1	43199	2	0	43200
S024_DAY1_MINIWICE_5351	79	Pulse	99	4880171	3088	NA
S024_DAY1_MINIWICE_5351	79	Port Input	1	4880171	3088	NA
S024_DAY1_MINIWICE_5351	79	Response	51	4902595	25512	1
S024_DAY1_MINIWICE_5351	79	Pulse	99	4916172	39089	NA
S024_DAY1_MINIWICE_5351	79	Port Input	1	4916172	39089	NA
S024_DAY1_MINIWICE_5351	79	Picture	73_T_PWTRIAD_PW_pluma_red.png	4920282	43199	1	1900	2	43200	1800
S024_DAY1_MINIWICE_5351	80	Picture	PW	4922582	0	1	43100	2	0	43200
S024_DAY1_MINIWICE_5351	80	Response	51	4950219	27637	2
S024_DAY1_MINIWICE_5351	80	Pulse	99	4952173	29591	NA
S024_DAY1_MINIWICE_5351	80	Port Input	1	4952173	29591	NA
S024_DAY1_MINIWICE_5351	80	Picture	74_T_PWTRIAD_PW_bellota_red.png	4965682	43100	1	1900	2	43200	1800
S024_DAY1_MINIWICE_5351	81	Picture	PW	4967982	0	1	43100	2	0	43200
S024_DAY1_MINIWICE_5351	81	Pulse	99	4988174	20192	NA
S024_DAY1_MINIWICE_5351	81	Port Input	1	4988174	20192	NA
S024_DAY1_MINIWICE_5351	81	Response	51	4998502	30520	1
S024_DAY1_MINIWICE_5351	81	Picture	75_T_PWTRIAD_PW_cuento_red.png	5011082	43100	1	1900	2	43200	1800
S024_DAY1_MINIWICE_5351	82	Picture	PW	5013282	0	1	43200	2	0	43200
S024_DAY1_MINIWICE_5351	82	Pulse	99	5024175	10893	NA
S024_DAY1_MINIWICE_5351	82	Port Input	1	5024175	10893	NA
S024_DAY1_MINIWICE_5351	82	Response	51	5039519	26237	1
S024_DAY1_MINIWICE_5351	82	Picture	76_T_PWTRIAD_PW_telefono_red.png	5056482	43200	1	1900	2	43200	1800
S024_DAY1_MINIWICE_5351	83	Picture	FF	5058782	0	1	43200	2	0	43200
S024_DAY1_MINIWICE_5351	83	Pulse	99	5060176	1394	NA
S024_DAY1_MINIWICE_5351	83	Port Input	1	5060176	1394	NA
S024_DAY1_MINIWICE_5351	83	Response	51	5075077	16295	1
S024_DAY1_MINIWICE_5351	83	Pulse	99	5096177	37395	NA
S024_DAY1_MINIWICE_5351	83	Port Input	1	5096177	37395	NA
S024_DAY1_MINIWICE_5351	83	Picture	77_T_FFTRIAD_FF_arco_red.png	5101982	43200	1	1900	2	43200	1800
S024_DAY1_MINIWICE_5351	84	Picture	FF	5104182	0	1	43099	3	0	43200
S024_DAY1_MINIWICE_5351	84	Response	52	5116836	12654	2
S024_DAY1_MINIWICE_5351	84	Pulse	99	5132179	27997	NA
S024_DAY1_MINIWICE_5351	84	Port Input	1	5132179	27997	NA
S024_DAY1_MINIWICE_5351	84	Picture	78_T_FFTRIAD_FF_queso_red.png	5147281	43099	2	1901	3	43200	1800
S024_DAY1_MINIWICE_5351	85	Picture	FF	5149582	0	1	43099	2	0	43200
S024_DAY1_MINIWICE_5351	85	Response	52	5159263	9681	1
S024_DAY1_MINIWICE_5351	85	Pulse	99	5168180	18598	NA
S024_DAY1_MINIWICE_5351	85	Port Input	1	5168180	18598	NA
S024_DAY1_MINIWICE_5351	85	Picture	79_T_FFTRIAD_FF_pilas_red.png	5192681	43099	1	1900	2	43200	1800
S024_DAY1_MINIWICE_5351	86	Picture	FF	5194881	0	1	43200	2	0	43200
S024_DAY1_MINIWICE_5351	86	Pulse	99	5204181	9300	NA
S024_DAY1_MINIWICE_5351	86	Port Input	1	5204181	9300	NA
S024_DAY1_MINIWICE_5351	86	Response	51	5204478	9597	1
S024_DAY1_MINIWICE_5351	86	Picture	80_T_FFTRIAD_FF_piramide_red.png	5238081	43200	1	1900	2	43200	1800
S024_DAY1_MINIWICE_5351	87	Picture	rest	5240081	0	1	144100	2	0	144000
S024_DAY1_MINIWICE_5351	87	Pulse	99	5240182	101	NA
S024_DAY1_MINIWICE_5351	87	Port Input	1	5240182	101	NA
S024_DAY1_MINIWICE_5351	87	Pulse	99	5276183	36102	NA
S024_DAY1_MINIWICE_5351	87	Port Input	1	5276183	36102	NA
S024_DAY1_MINIWICE_5351	87	Pulse	99	5312184	72103	NA
S024_DAY1_MINIWICE_5351	87	Port Input	1	5312184	72103	NA
S024_DAY1_MINIWICE_5351	87	Pulse	99	5348185	108104	NA
S024_DAY1_MINIWICE_5351	87	Port Input	1	5348185	108104	NA
S024_DAY1_MINIWICE_5351	87	Pulse	99	5384186	144105	NA
S024_DAY1_MINIWICE_5351	87	Port Input	1	5384186	144105	NA
S024_DAY1_MINIWICE_5351	88	Picture	endrest	5384281	0	1	10100	2	0	10000
S024_DAY1_MINIWICE_5351	89	Picture	PW	5394781	0	1	43100	2	0	43200
S024_DAY1_MINIWICE_5351	89	Pulse	99	5420187	25406	NA
S024_DAY1_MINIWICE_5351	89	Port Input	1	5420187	25406	NA
S024_DAY1_MINIWICE_5351	89	Response	52	5423778	28997	1
S024_DAY1_MINIWICE_5351	89	Picture	83_T_PWTRIAD_PW_cinturon_red.png	5437881	43100	1	1899	3	43200	1800
S024_DAY1_MINIWICE_5351	90	Picture	PW	5440180	0	2	43100	3	0	43200
S024_DAY1_MINIWICE_5351	90	Pulse	99	5456188	16008	NA
S024_DAY1_MINIWICE_5351	90	Port Input	1	5456188	16008	NA
S024_DAY1_MINIWICE_5351	90	Response	52	5470099	29919	1
S024_DAY1_MINIWICE_5351	90	Picture	84_T_PWTRIAD_PW_murcielago_red.png	5483280	43100	1	1900	2	43200	1800
S024_DAY1_MINIWICE_5351	91	Picture	PW	5485480	0	1	43200	2	0	43200
S024_DAY1_MINIWICE_5351	91	Pulse	99	5492189	6709	NA
S024_DAY1_MINIWICE_5351	91	Port Input	1	5492189	6709	NA
S024_DAY1_MINIWICE_5351	91	Response	52	5513742	28262	1
S024_DAY1_MINIWICE_5351	91	Pulse	99	5528190	42710	NA
S024_DAY1_MINIWICE_5351	91	Port Input	1	5528190	42710	NA
S024_DAY1_MINIWICE_5351	91	Picture	85_T_PWTRIAD_PW_estetoscopio_red.png	5528680	43200	1	1900	2	43200	1800
S024_DAY1_MINIWICE_5351	92	Picture	PW	5530980	0	1	43100	2	0	43200
S024_DAY1_MINIWICE_5351	92	Response	52	5552553	21573	1
S024_DAY1_MINIWICE_5351	92	Pulse	99	5564191	33211	NA
S024_DAY1_MINIWICE_5351	92	Port Input	1	5564191	33211	NA
S024_DAY1_MINIWICE_5351	92	Picture	86_T_PWTRIAD_PW_sapo_red.png	5574080	43100	1	1900	2	43200	1800
S024_DAY1_MINIWICE_5351	93	Picture	PW	5576380	0	1	43200	2	0	43200
S024_DAY1_MINIWICE_5351	93	Response	51	5597323	20943	1
S024_DAY1_MINIWICE_5351	93	Pulse	99	5600193	23813	NA
S024_DAY1_MINIWICE_5351	93	Port Input	1	5600193	23813	NA
S024_DAY1_MINIWICE_5351	93	Picture	87_T_PWTRIAD_PW_pincel_red.png	5619580	43200	1	1900	2	43200	1800
S024_DAY1_MINIWICE_5351	94	Picture	PW	5621880	0	1	43100	2	0	43200
S024_DAY1_MINIWICE_5351	94	Pulse	99	5636194	14314	NA
S024_DAY1_MINIWICE_5351	94	Port Input	1	5636194	14314	NA
S024_DAY1_MINIWICE_5351	94	Response	51	5642523	20643	1
S024_DAY1_MINIWICE_5351	94	Picture	88_T_PWTRIAD_PW_lechuga_red.png	5664980	43100	1	1900	2	43200	1800
S024_DAY1_MINIWICE_5351	95	Picture	PW	5667580	0	1	43099	3	0	43200
S024_DAY1_MINIWICE_5351	95	Pulse	99	5672195	4615	NA
S024_DAY1_MINIWICE_5351	95	Port Input	1	5672195	4615	NA
S024_DAY1_MINIWICE_5351	95	Response	52	5689651	22071	2
S024_DAY1_MINIWICE_5351	95	Pulse	99	5708196	40616	NA
S024_DAY1_MINIWICE_5351	95	Port Input	1	5708196	40616	NA
S024_DAY1_MINIWICE_5351	95	Picture	89_T_PWTRIAD_PW_zanahoria_red.png	5710679	43099	2	1900	4	43200	1800
S024_DAY1_MINIWICE_5351	96	Picture	PW	5712979	0	2	43100	3	0	43200
S024_DAY1_MINIWICE_5351	96	Response	52	5731626	18647	1
S024_DAY1_MINIWICE_5351	96	Pulse	99	5744197	31218	NA
S024_DAY1_MINIWICE_5351	96	Port Input	1	5744197	31218	NA
S024_DAY1_MINIWICE_5351	96	Picture	90_T_PWTRIAD_PW_paracaidas_red.png	5756079	43100	1	1900	2	43200	1800
S024_DAY1_MINIWICE_5351	97	Picture	rest	5758079	0	1	144100	2	0	144000
S024_DAY1_MINIWICE_5351	97	Pulse	99	5780198	22119	NA
S024_DAY1_MINIWICE_5351	97	Port Input	1	5780198	22119	NA
S024_DAY1_MINIWICE_5351	97	Pulse	99	5816199	58120	NA
S024_DAY1_MINIWICE_5351	97	Port Input	1	5816199	58120	NA
S024_DAY1_MINIWICE_5351	97	Pulse	99	5852200	94121	NA
S024_DAY1_MINIWICE_5351	97	Port Input	1	5852200	94121	NA
S024_DAY1_MINIWICE_5351	97	Pulse	99	5888201	130122	NA
S024_DAY1_MINIWICE_5351	97	Port Input	1	5888201	130122	NA
S024_DAY1_MINIWICE_5351	98	Picture	endrest	5902279	0	1	10100	2	0	10000
S024_DAY1_MINIWICE_5351	99	Picture	FF	5912679	0	1	43200	2	0	43200
S024_DAY1_MINIWICE_5351	99	Pulse	99	5924202	11523	NA
S024_DAY1_MINIWICE_5351	99	Port Input	1	5924202	11523	NA
S024_DAY1_MINIWICE_5351	99	Response	51	5924703	12024	1
S024_DAY1_MINIWICE_5351	99	Picture	93_T_FFTRIAD_FF_ancla_red.png	5955879	43200	1	1900	2	43200	1800
S024_DAY1_MINIWICE_5351	100	Picture	FF	5958079	0	1	43099	3	0	43200
S024_DAY1_MINIWICE_5351	100	Pulse	99	5960203	2124	NA
S024_DAY1_MINIWICE_5351	100	Port Input	1	5960203	2124	NA
S024_DAY1_MINIWICE_5351	100	Response	52	5974927	16848	1
S024_DAY1_MINIWICE_5351	100	Pulse	99	5996204	38125	NA
S024_DAY1_MINIWICE_5351	100	Port Input	1	5996204	38125	NA
S024_DAY1_MINIWICE_5351	100	Picture	94_T_FFTRIAD_FF_chupete_red.png	6001178	43099	2	1900	4	43200	1800
S024_DAY1_MINIWICE_5351	101	Picture	FF	6003378	0	2	43200	3	0	43200
S024_DAY1_MINIWICE_5351	101	Response	51	6013258	9880	1
S024_DAY1_MINIWICE_5351	101	Pulse	99	6032205	28827	NA
S024_DAY1_MINIWICE_5351	101	Port Input	1	6032205	28827	NA
S024_DAY1_MINIWICE_5351	101	Picture	95_T_FFTRIAD_FF_teclado_red.png	6046578	43200	1	1900	2	43200	1800
S024_DAY1_MINIWICE_5351	102	Picture	FF	6048778	0	1	43100	2	0	43200
S024_DAY1_MINIWICE_5351	102	Pulse	99	6068206	19428	NA
S024_DAY1_MINIWICE_5351	102	Port Input	1	6068206	19428	NA
S024_DAY1_MINIWICE_5351	102	Response	51	6090996	42218	1
S024_DAY1_MINIWICE_5351	102	Picture	96_T_FFTRIAD_FF_tijera_red.png	6091878	43100	1	1900	2	43200	1800
S024_DAY1_MINIWICE_5351	103	Picture	FF	6094278	0	1	43100	2	0	43200
S024_DAY1_MINIWICE_5351	103	Pulse	99	6104208	9930	NA
S024_DAY1_MINIWICE_5351	103	Port Input	1	6104208	9930	NA
S024_DAY1_MINIWICE_5351	103	Response	51	6114652	20374	1
S024_DAY1_MINIWICE_5351	103	Picture	97_T_FFTRIAD_FF_plato_red.png	6137378	43100	1	1900	2	43200	1800
S024_DAY1_MINIWICE_5351	104	Picture	FF	6139578	0	1	43200	2	0	43200
S024_DAY1_MINIWICE_5351	104	Pulse	99	6140209	631	NA
S024_DAY1_MINIWICE_5351	104	Port Input	1	6140209	631	NA
S024_DAY1_MINIWICE_5351	104	Response	52	6166762	27184	1
S024_DAY1_MINIWICE_5351	104	Pulse	99	6176210	36632	NA
S024_DAY1_MINIWICE_5351	104	Port Input	1	6176210	36632	NA
S024_DAY1_MINIWICE_5351	104	Picture	98_T_FFTRIAD_FF_lechuga_red.png	6182778	43200	1	1900	2	43200	1800
S024_DAY1_MINIWICE_5351	105	Picture	FF	6184978	0	1	43100	2	0	43200
S024_DAY1_MINIWICE_5351	105	Response	51	6204824	19846	1
S024_DAY1_MINIWICE_5351	105	Pulse	99	6212211	27233	NA
S024_DAY1_MINIWICE_5351	105	Port Input	1	6212211	27233	NA
S024_DAY1_MINIWICE_5351	105	Picture	99_T_FFTRIAD_FF_carruaje_red.png	6228078	43100	1	1900	2	43200	1800
S024_DAY1_MINIWICE_5351	106	Picture	FF	6230378	0	1	43099	3	0	43200
S024_DAY1_MINIWICE_5351	106	Response	52	6247810	17432	1
S024_DAY1_MINIWICE_5351	106	Pulse	99	6248212	17834	NA
S024_DAY1_MINIWICE_5351	106	Port Input	1	6248212	17834	NA
S024_DAY1_MINIWICE_5351	106	Picture	100_T_FFTRIAD_FF_cerillas_red.png	6273477	43099	2	1900	4	43200	1800
S024_DAY1_MINIWICE_5351	107	Picture	rest	6275477	0	2	144100	3	0	144000
S024_DAY1_MINIWICE_5351	107	Pulse	99	6284213	8736	NA
S024_DAY1_MINIWICE_5351	107	Port Input	1	6284213	8736	NA
S024_DAY1_MINIWICE_5351	107	Pulse	99	6320214	44737	NA
S024_DAY1_MINIWICE_5351	107	Port Input	1	6320214	44737	NA
S024_DAY1_MINIWICE_5351	107	Pulse	99	6356215	80738	NA
S024_DAY1_MINIWICE_5351	107	Port Input	1	6356215	80738	NA
S024_DAY1_MINIWICE_5351	107	Pulse	99	6392216	116739	NA
S024_DAY1_MINIWICE_5351	107	Port Input	1	6392216	116739	NA
S024_DAY1_MINIWICE_5351	108	Picture	endrest	6419676	0	3	10100	6	0	10000
S024_DAY1_MINIWICE_5351	108	Pulse	99	6428217	8541	NA
S024_DAY1_MINIWICE_5351	108	Port Input	1	6428217	8541	NA
S024_DAY1_MINIWICE_5351	109	Picture	RW	6430177	0	2	43200	3	0	43200
S024_DAY1_MINIWICE_5351	109	Response	52	6446079	15902	1
S024_DAY1_MINIWICE_5351	109	Pulse	99	6464218	34041	NA
S024_DAY1_MINIWICE_5351	109	Port Input	1	6464218	34041	NA
S024_DAY1_MINIWICE_5351	109	Picture	103_T_RWTRIAD_RW_cuento_red.png	6473377	43200	1	1900	2	43200	1800
S024_DAY1_MINIWICE_5351	110	Picture	RW	6475577	0	1	43199	3	0	43200
S024_DAY1_MINIWICE_5351	110	Pulse	99	6500219	24642	NA
S024_DAY1_MINIWICE_5351	110	Port Input	1	6500219	24642	NA
S024_DAY1_MINIWICE_5351	110	Response	51	6500375	24798	1
S024_DAY1_MINIWICE_5351	110	Picture	104_T_RWTRIAD_RW_lechuga_red.png	6518776	43199	2	1900	4	43200	1800
S024_DAY1_MINIWICE_5351	111	Picture	RW	6521076	0	2	43099	5	0	43200
S024_DAY1_MINIWICE_5351	111	Response	52	6535799	14723	1
S024_DAY1_MINIWICE_5351	111	Pulse	99	6536220	15144	NA
S024_DAY1_MINIWICE_5351	111	Port Input	1	6536220	15144	NA
S024_DAY1_MINIWICE_5351	111	Picture	105_T_RWTRIAD_RW_paraguas_red.png	6564175	43099	3	1900	6	43200	1800
S024_DAY1_MINIWICE_5351	112	Picture	RW	6566375	0	3	43100	6	0	43200
S024_DAY1_MINIWICE_5351	112	Pulse	99	6572222	5847	NA
S024_DAY1_MINIWICE_5351	112	Port Input	1	6572222	5847	NA
S024_DAY1_MINIWICE_5351	112	Response	51	6582849	16474	1
S024_DAY1_MINIWICE_5351	112	Pulse	99	6608223	41848	NA
S024_DAY1_MINIWICE_5351	112	Port Input	1	6608223	41848	NA
S024_DAY1_MINIWICE_5351	112	Picture	106_T_RWTRIAD_RW_manos_red.png	6609475	43100	3	1900	5	43200	1800
S024_DAY1_MINIWICE_5351	113	Picture	RW	6611775	0	3	43200	5	0	43200
S024_DAY1_MINIWICE_5351	113	Response	52	6640135	28360	1
S024_DAY1_MINIWICE_5351	113	Pulse	99	6644224	32449	NA
S024_DAY1_MINIWICE_5351	113	Port Input	1	6644224	32449	NA
S024_DAY1_MINIWICE_5351	113	Picture	107_T_RWTRIAD_RW_raton_red.png	6654975	43200	2	1900	4	43200	1800
S024_DAY1_MINIWICE_5351	114	Picture	RW	6657175	0	2	43101	3	0	43200
S024_DAY1_MINIWICE_5351	114	Response	51	6672218	15043	2
S024_DAY1_MINIWICE_5351	114	Pulse	99	6680225	23050	NA
S024_DAY1_MINIWICE_5351	114	Port Input	1	6680225	23050	NA
S024_DAY1_MINIWICE_5351	114	Picture	108_T_RWTRIAD_RW_traje_red.png	6700276	43101	1	1900	2	43200	1800
S024_DAY1_MINIWICE_5351	115	Picture	RW	6702474	0	3	43102	4	0	43200
S024_DAY1_MINIWICE_5351	115	Pulse	99	6716226	13752	NA
S024_DAY1_MINIWICE_5351	115	Port Input	1	6716226	13752	NA
S024_DAY1_MINIWICE_5351	115	Response	51	6716984	14510	1
S024_DAY1_MINIWICE_5351	115	Picture	109_T_RWTRIAD_RW_portatil_red.png	6745576	43102	1	1900	2	43200	1800
S024_DAY1_MINIWICE_5351	116	Picture	RW	6747876	0	1	43100	2	0	43200
S024_DAY1_MINIWICE_5351	116	Pulse	99	6752227	4351	NA
S024_DAY1_MINIWICE_5351	116	Port Input	1	6752227	4351	NA
S024_DAY1_MINIWICE_5351	116	Pulse	99	6788228	40352	NA
S024_DAY1_MINIWICE_5351	116	Port Input	1	6788228	40352	NA
S024_DAY1_MINIWICE_5351	116	Picture	110_T_RWTRIAD_RW_piramide_red.png	6790976	43100	1	1900	2	43200	1800
S024_DAY1_MINIWICE_5351	117	Picture	rest	6792976	0	1	144099	2	0	144000
S024_DAY1_MINIWICE_5351	118	Picture	endrest	6937175	0	1	10100	2	0	10000
S024_DAY1_MINIWICE_5351	119	Picture	RW	6947575	0	1	43200	2	0	43200
S024_DAY1_MINIWICE_5351	119	Response	52	6964494	16919	1
S024_DAY1_MINIWICE_5351	119	Picture	113_T_RWTRIAD_RW_agua_red.png	6990775	43200	1	1900	2	43200	1800
S024_DAY1_MINIWICE_5351	120	Picture	RW	6992975	0	1	43200	2	0	43200
S024_DAY1_MINIWICE_5351	120	Response	51	7007291	14316	1
S024_DAY1_MINIWICE_5351	120	Picture	114_T_RWTRIAD_RW_madera_red.png	7036175	43200	1	1900	2	43200	1800
S024_DAY1_MINIWICE_5351	121	Picture	RW	7038375	0	1	43199	3	0	43200
S024_DAY1_MINIWICE_5351	121	Response	51	7060849	22474	1
S024_DAY1_MINIWICE_5351	121	Picture	115_T_RWTRIAD_RW_ascensor_red.png	7081574	43199	2	1900	4	43200	1800
S024_DAY1_MINIWICE_5351	122	Picture	RW	7083875	0	1	43199	2	0	43200
S024_DAY1_MINIWICE_5351	122	Response	51	7108714	24839	1
S024_DAY1_MINIWICE_5351	122	Picture	116_T_RWTRIAD_RW_dedal_red.png	7127074	43199	1	1900	2	43200	1800
S024_DAY1_MINIWICE_5351	123	Picture	PW	7129474	0	1	43100	2	0	43200
S024_DAY1_MINIWICE_5351	123	Response	51	7146549	17075	1
S024_DAY1_MINIWICE_5351	123	Picture	117_T_PWTRIAD_PW_sombrilla_red.png	7172574	43100	1	1900	2	43200	1800
S024_DAY1_MINIWICE_5351	124	Picture	PW	7174874	0	1	43200	2	0	43200
S024_DAY1_MINIWICE_5351	124	Response	52	7188680	13806	2
S024_DAY1_MINIWICE_5351	124	Picture	118_T_PWTRIAD_PW_candado_red.png	7218074	43200	1	1900	2	43200	1800
S024_DAY1_MINIWICE_5351	125	Picture	PW	7220374	0	1	43100	2	0	43200
S024_DAY1_MINIWICE_5351	125	Response	51	7240440	20066	1
S024_DAY1_MINIWICE_5351	125	Picture	119_T_PWTRIAD_PW_grapadora_red.png	7263474	43100	1	1900	2	43200	1800
S024_DAY1_MINIWICE_5351	126	Picture	PW	7265774	0	1	43100	2	0	43200
S024_DAY1_MINIWICE_5351	126	Response	51	7283400	17626	1
S024_DAY1_MINIWICE_5351	126	Picture	120_T_PWTRIAD_PW_carruaje_red.png	7308874	43100	1	1900	2	43200	1800
S024_DAY1_MINIWICE_5351	127	Picture	rest	7310874	0	1	144099	2	0	144000
S024_DAY1_MINIWICE_5351	128	Picture	endrest	7455073	0	1	10100	2	0	10000
S024_DAY1_MINIWICE_5351	129	Picture	RW	7465473	0	1	43200	2	0	43200
S024_DAY1_MINIWICE_5351	129	Response	52	7488388	22915	1
S024_DAY1_MINIWICE_5351	129	Picture	123_T_RWTRIAD_RW_cortina_red.png	7508673	43200	1	1900	2	43200	1800
S024_DAY1_MINIWICE_5351	130	Picture	RW	7510873	0	1	43200	2	0	43200
S024_DAY1_MINIWICE_5351	130	Response	51	7547202	36329	2
S024_DAY1_MINIWICE_5351	130	Picture	124_T_RWTRIAD_RW_perro_red.png	7554073	43200	1	1900	2	43200	1800
S024_DAY1_MINIWICE_5351	131	Picture	RW	7556373	0	1	43100	2	0	43200
S024_DAY1_MINIWICE_5351	131	Response	52	7570649	14276	1
S024_DAY1_MINIWICE_5351	131	Picture	125_T_RWTRIAD_RW_gafas_red.png	7599473	43100	1	1900	2	43200	1800
S024_DAY1_MINIWICE_5351	132	Picture	RW	7601673	0	1	43100	2	0	43200
S024_DAY1_MINIWICE_5351	132	Response	51	7622029	20356	2
S024_DAY1_MINIWICE_5351	132	Picture	126_T_RWTRIAD_RW_banera_red.png	7644773	43100	1	1899	3	43200	1800
S024_DAY1_MINIWICE_5351	133	Picture	RW	7647173	0	1	43099	2	0	43200
S024_DAY1_MINIWICE_5351	133	Response	51	7661651	14478	1
S024_DAY1_MINIWICE_5351	133	Picture	127_T_RWTRIAD_RW_pizarra_red.png	7690272	43099	1	1900	2	43200	1800
S024_DAY1_MINIWICE_5351	134	Picture	RW	7692472	0	1	43200	2	0	43200
S024_DAY1_MINIWICE_5351	134	Response	51	7711230	18758	1
S024_DAY1_MINIWICE_5351	134	Picture	128_T_RWTRIAD_RW_estetoscopio_red.png	7735672	43200	1	1900	2	43200	1800
S024_DAY1_MINIWICE_5351	135	Picture	RW	7737872	0	1	43100	2	0	43200
S024_DAY1_MINIWICE_5351	135	Response	51	7757590	19718	1
S024_DAY1_MINIWICE_5351	135	Picture	129_T_RWTRIAD_RW_granjero_red.png	7780972	43100	1	1900	2	43200	1800
S024_DAY1_MINIWICE_5351	136	Picture	RW	7783172	0	1	43100	2	0	43200
S024_DAY1_MINIWICE_5351	136	Response	52	7797135	13963	1
S024_DAY1_MINIWICE_5351	136	Picture	130_T_RWTRIAD_RW_sapo_red.png	7826272	43100	1	1900	2	43200	1800
S024_DAY1_MINIWICE_5351	137	Picture	rest	7828272	0	1	144099	2	0	144000
S024_DAY1_MINIWICE_5351	138	Picture	endrest	7972471	0	1	10100	2	0	10000
S024_DAY1_MINIWICE_5351	139	Picture	RW	7982971	0	1	43100	2	0	43200
S024_DAY1_MINIWICE_5351	139	Response	52	7997063	14092	1
S024_DAY1_MINIWICE_5351	139	Picture	133_T_RWTRIAD_RW_monja_red.png	8026071	43100	1	1900	2	43200	1800
S024_DAY1_MINIWICE_5351	140	Picture	RW	8028171	0	1	43200	2	0	43200
S024_DAY1_MINIWICE_5351	140	Response	52	8039482	11311	1
S024_DAY1_MINIWICE_5351	140	Picture	134_T_RWTRIAD_RW_futbol_red.png	8071371	43200	1	1900	2	43200	1800
S024_DAY1_MINIWICE_5351	141	Picture	RW	8073771	0	1	43100	2	0	43200
S024_DAY1_MINIWICE_5351	141	Response	51	8085358	11587	1
S024_DAY1_MINIWICE_5351	141	Picture	135_T_RWTRIAD_RW_policia_red.png	8116871	43100	1	1900	2	43200	1800
S024_DAY1_MINIWICE_5351	142	Picture	RW	8119171	0	1	43200	2	0	43200
S024_DAY1_MINIWICE_5351	142	Response	52	8137775	18604	1
S024_DAY1_MINIWICE_5351	142	Picture	136_T_RWTRIAD_RW_arbol_red.png	8162371	43200	1	1900	2	43200	1800
S024_DAY1_MINIWICE_5351	143	Picture	rest	8164371	0	1	144099	2	0	144000
S024_DAY1_MINIWICE_5351	144	Picture	endrest	8308570	0	1	10100	2	0	10000
S024_DAY1_MINIWICE_5351	145	Picture	endrest	8318770	0	1	10100	2	0	10000
S024_DAY1_MINIWICE_5351	146	Picture	endrest	8328970	0	1	10100	2	0	10000
S024_DAY1_MINIWICE_5351	147	Picture	endrest	8339170	0	1	10100	2	0	10000
