Scenario - vOT_Triads_fMRI_I
Logfile written - 02/03/2016 10:59:21

Subject	Trial	Event Type	Code	Time	TTime	Uncertainty	Duration	Uncertainty	ReqTime	ReqDur

S034_MINIONCE_4673	1	Response	98	197371	207171	1
S034_MINIONCE_4673	2	Response	52	385817	188419	1
S034_MINIONCE_4673	2	Response	98	399053	201655	1
S034_MINIONCE_4673	3	Response	52	596466	197269	1
S034_MINIONCE_4673	3	Response	98	603079	203882	2
S034_MINIONCE_4673	4	Response	52	735873	132678	1
S034_MINIONCE_4673	4	Response	98	757613	154418	1
S034_MINIONCE_4673	6	Pulse	99	1111414	353719	NA
S034_MINIONCE_4673	6	Port Input	1	1111414	353719	NA
S034_MINIONCE_4673	6	Pulse	99	1147415	389720	NA
S034_MINIONCE_4673	6	Port Input	1	1147415	389720	NA
S034_MINIONCE_4673	6	Pulse	99	1183416	425721	NA
S034_MINIONCE_4673	6	Port Input	1	1183416	425721	NA
S034_MINIONCE_4673	6	Pulse	99	1219417	461722	NA
S034_MINIONCE_4673	6	Port Input	1	1219417	461722	NA
S034_MINIONCE_4673	6	Pulse	99	1255418	497723	NA
S034_MINIONCE_4673	6	Port Input	1	1255418	497723	NA
S034_MINIONCE_4673	7	Picture	rest	1255691	0	1	144099	2	0	144000
S034_MINIONCE_4673	7	Pulse	99	1291419	35728	NA
S034_MINIONCE_4673	7	Port Input	1	1291419	35728	NA
S034_MINIONCE_4673	7	Pulse	99	1327420	71729	NA
S034_MINIONCE_4673	7	Port Input	1	1327420	71729	NA
S034_MINIONCE_4673	7	Pulse	99	1363420	107729	NA
S034_MINIONCE_4673	7	Port Input	1	1363420	107729	NA
S034_MINIONCE_4673	7	Pulse	99	1399421	143730	NA
S034_MINIONCE_4673	7	Port Input	1	1399421	143730	NA
S034_MINIONCE_4673	8	Picture	endrest	1399890	0	1	10100	2	0	10000
S034_MINIONCE_4673	9	Picture	PW	1410590	0	1	43099	3	0	43200
S034_MINIONCE_4673	9	Pulse	99	1435423	24833	NA
S034_MINIONCE_4673	9	Port Input	1	1435423	24833	NA
S034_MINIONCE_4673	9	Response	51	1450213	39623	1
S034_MINIONCE_4673	9	Picture	3_T_PWTRIAD_PW_sobre_red.png	1453689	43099	2	1900	4	43200	1800
S034_MINIONCE_4673	10	Picture	PW	1455790	0	1	43199	2	0	43200
S034_MINIONCE_4673	10	Pulse	99	1471423	15633	NA
S034_MINIONCE_4673	10	Port Input	1	1471423	15633	NA
S034_MINIONCE_4673	10	Response	51	1493748	37958	1
S034_MINIONCE_4673	10	Picture	4_T_PWTRIAD_PW_tijera_red.png	1498989	43199	1	1900	2	43200	1800
S034_MINIONCE_4673	11	Picture	PW	1501289	0	1	43100	2	0	43200
S034_MINIONCE_4673	11	Pulse	99	1507424	6135	NA
S034_MINIONCE_4673	11	Port Input	1	1507424	6135	NA
S034_MINIONCE_4673	11	Response	52	1540128	38839	2
S034_MINIONCE_4673	11	Pulse	99	1543425	42136	NA
S034_MINIONCE_4673	11	Port Input	1	1543425	42136	NA
S034_MINIONCE_4673	11	Picture	5_T_PWTRIAD_PW_cerillas_red.png	1544389	43100	1	1900	2	43200	1800
S034_MINIONCE_4673	12	Picture	PW	1546689	0	1	43200	2	0	43200
S034_MINIONCE_4673	12	Response	51	1579240	32551	1
S034_MINIONCE_4673	12	Pulse	99	1579426	32737	NA
S034_MINIONCE_4673	12	Port Input	1	1579426	32737	NA
S034_MINIONCE_4673	12	Picture	6_T_PWTRIAD_PW_arbol_red.png	1589889	43200	1	1900	2	43200	1800
S034_MINIONCE_4673	13	Picture	FF	1592289	0	1	43199	2	0	43200
S034_MINIONCE_4673	13	Response	52	1610702	18413	1
S034_MINIONCE_4673	13	Pulse	99	1615427	23138	NA
S034_MINIONCE_4673	13	Port Input	1	1615427	23138	NA
S034_MINIONCE_4673	13	Picture	7_T_FFTRIAD_FF_pizarra_red.png	1635488	43199	1	1900	2	43200	1800
S034_MINIONCE_4673	14	Picture	FF	1637988	0	1	43100	2	0	43200
S034_MINIONCE_4673	14	Pulse	99	1651428	13440	NA
S034_MINIONCE_4673	14	Port Input	1	1651428	13440	NA
S034_MINIONCE_4673	14	Response	52	1653256	15268	1
S034_MINIONCE_4673	14	Picture	8_T_FFTRIAD_FF_cinturon_red.png	1681088	43100	1	1900	2	43200	1800
S034_MINIONCE_4673	15	Picture	FF	1683188	0	1	43200	2	0	43200
S034_MINIONCE_4673	15	Pulse	99	1687429	4241	NA
S034_MINIONCE_4673	15	Port Input	1	1687429	4241	NA
S034_MINIONCE_4673	15	Response	52	1703346	20158	1
S034_MINIONCE_4673	15	Pulse	99	1723430	40242	NA
S034_MINIONCE_4673	15	Port Input	1	1723430	40242	NA
S034_MINIONCE_4673	15	Picture	9_T_FFTRIAD_FF_banera_red.png	1726388	43200	1	1900	2	43200	1800
S034_MINIONCE_4673	16	Picture	FF	1728688	0	1	43099	2	0	43200
S034_MINIONCE_4673	16	Response	52	1745000	16312	1
S034_MINIONCE_4673	16	Pulse	99	1759431	30743	NA
S034_MINIONCE_4673	16	Port Input	1	1759431	30743	NA
S034_MINIONCE_4673	16	Picture	10_T_FFTRIAD_FF_monja_red.png	1771787	43099	1	1900	3	43200	1800
S034_MINIONCE_4673	17	Picture	rest	1773787	0	1	144099	3	0	144000
S034_MINIONCE_4673	17	Pulse	99	1795432	21645	NA
S034_MINIONCE_4673	17	Port Input	1	1795432	21645	NA
S034_MINIONCE_4673	17	Pulse	99	1831433	57646	NA
S034_MINIONCE_4673	17	Port Input	1	1831433	57646	NA
S034_MINIONCE_4673	17	Pulse	99	1867434	93647	NA
S034_MINIONCE_4673	17	Port Input	1	1867434	93647	NA
S034_MINIONCE_4673	17	Pulse	99	1903435	129648	NA
S034_MINIONCE_4673	17	Port Input	1	1903435	129648	NA
S034_MINIONCE_4673	18	Picture	endrest	1917986	0	2	10100	3	0	10000
S034_MINIONCE_4673	19	Picture	PW	1928486	0	2	43100	3	0	43200
S034_MINIONCE_4673	19	Pulse	99	1939436	10950	NA
S034_MINIONCE_4673	19	Port Input	1	1939436	10950	NA
S034_MINIONCE_4673	19	Response	52	1967317	38831	2
S034_MINIONCE_4673	19	Picture	13_T_PWTRIAD_PW_madera_red.png	1971586	43100	1	1900	2	43200	1800
S034_MINIONCE_4673	20	Picture	PW	1973886	0	1	43100	2	0	43200
S034_MINIONCE_4673	20	Pulse	99	1975437	1551	NA
S034_MINIONCE_4673	20	Port Input	1	1975437	1551	NA
S034_MINIONCE_4673	20	Response	51	2007881	33995	1
S034_MINIONCE_4673	20	Pulse	99	2011438	37552	NA
S034_MINIONCE_4673	20	Port Input	1	2011438	37552	NA
S034_MINIONCE_4673	20	Picture	14_T_PWTRIAD_PW_bebe_red.png	2016986	43100	1	1900	2	43200	1800
S034_MINIONCE_4673	21	Picture	PW	2019086	0	1	43199	3	0	43200
S034_MINIONCE_4673	21	Pulse	99	2047439	28353	NA
S034_MINIONCE_4673	21	Port Input	1	2047439	28353	NA
S034_MINIONCE_4673	21	Response	51	2058380	39294	1
S034_MINIONCE_4673	21	Picture	15_T_PWTRIAD_PW_pizarra_red.png	2062285	43199	2	1900	4	43200	1800
S034_MINIONCE_4673	22	Picture	PW	2064585	0	2	43100	3	0	43200
S034_MINIONCE_4673	22	Pulse	99	2083440	18855	NA
S034_MINIONCE_4673	22	Port Input	1	2083440	18855	NA
S034_MINIONCE_4673	22	Picture	16_T_PWTRIAD_PW_paraguas_red.png	2107685	43100	1	1900	2	43200	1800
S034_MINIONCE_4673	23	Picture	FF	2109785	0	1	43200	2	0	43200
S034_MINIONCE_4673	23	Response	51	2110226	441	2
S034_MINIONCE_4673	23	Pulse	99	2119441	9656	NA
S034_MINIONCE_4673	23	Port Input	1	2119441	9656	NA
S034_MINIONCE_4673	23	Response	52	2122347	12562	1
S034_MINIONCE_4673	23	Picture	17_T_FFTRIAD_FF_oruga_red.png	2152985	43200	1	1900	2	43200	1800
S034_MINIONCE_4673	24	Picture	FF	2155285	0	1	43100	2	0	43200
S034_MINIONCE_4673	24	Pulse	99	2155442	157	NA
S034_MINIONCE_4673	24	Port Input	1	2155442	157	NA
S034_MINIONCE_4673	24	Response	51	2173080	17795	1
S034_MINIONCE_4673	24	Pulse	99	2191443	36158	NA
S034_MINIONCE_4673	24	Port Input	1	2191443	36158	NA
S034_MINIONCE_4673	24	Picture	18_T_FFTRIAD_FF_arbol_red.png	2198385	43100	1	1900	2	43200	1800
S034_MINIONCE_4673	25	Picture	FF	2200484	0	2	43200	3	0	43200
S034_MINIONCE_4673	25	Response	51	2211659	11175	1
S034_MINIONCE_4673	25	Pulse	99	2227444	26960	NA
S034_MINIONCE_4673	25	Port Input	1	2227444	26960	NA
S034_MINIONCE_4673	25	Picture	19_T_FFTRIAD_FF_agua_red.png	2243684	43200	1	1900	2	43200	1800
S034_MINIONCE_4673	26	Picture	FF	2245784	0	1	43200	2	0	43200
S034_MINIONCE_4673	26	Response	52	2260009	14225	1
S034_MINIONCE_4673	26	Pulse	99	2263445	17661	NA
S034_MINIONCE_4673	26	Port Input	1	2263445	17661	NA
S034_MINIONCE_4673	26	Picture	20_T_FFTRIAD_FF_botella_red.png	2288984	43200	1	1900	2	43200	1800
S034_MINIONCE_4673	27	Picture	rest	2290984	0	1	144099	2	0	144000
S034_MINIONCE_4673	27	Pulse	99	2299446	8462	NA
S034_MINIONCE_4673	27	Port Input	1	2299446	8462	NA
S034_MINIONCE_4673	27	Pulse	99	2335447	44463	NA
S034_MINIONCE_4673	27	Port Input	1	2335447	44463	NA
S034_MINIONCE_4673	27	Pulse	99	2371448	80464	NA
S034_MINIONCE_4673	27	Port Input	1	2371448	80464	NA
S034_MINIONCE_4673	27	Pulse	99	2407449	116465	NA
S034_MINIONCE_4673	27	Port Input	1	2407449	116465	NA
S034_MINIONCE_4673	28	Picture	endrest	2435183	0	1	10100	2	0	10000
S034_MINIONCE_4673	28	Pulse	99	2443450	8267	NA
S034_MINIONCE_4673	28	Port Input	1	2443450	8267	NA
S034_MINIONCE_4673	29	Picture	RW	2445683	0	1	43100	2	0	43200
S034_MINIONCE_4673	29	Response	52	2467839	22156	1
S034_MINIONCE_4673	29	Pulse	99	2479451	33768	NA
S034_MINIONCE_4673	29	Port Input	1	2479451	33768	NA
S034_MINIONCE_4673	29	Picture	23_T_RWTRIAD_RW_leche_red.png	2488783	43100	1	1900	2	43200	1800
S034_MINIONCE_4673	30	Picture	RW	2491083	0	1	43099	2	0	43200
S034_MINIONCE_4673	30	Response	51	2510693	19610	1
S034_MINIONCE_4673	30	Pulse	99	2515452	24369	NA
S034_MINIONCE_4673	30	Port Input	1	2515452	24369	NA
S034_MINIONCE_4673	30	Picture	24_T_RWTRIAD_RW_cerillas_red.png	2534182	43099	1	1900	2	43200	1800
S034_MINIONCE_4673	31	Picture	RW	2536282	0	1	43200	2	0	43200
S034_MINIONCE_4673	31	Pulse	99	2551453	15171	NA
S034_MINIONCE_4673	31	Port Input	1	2551453	15171	NA
S034_MINIONCE_4673	31	Response	52	2551671	15389	1
S034_MINIONCE_4673	31	Picture	25_T_RWTRIAD_RW_bebe_red.png	2579482	43200	1	1900	2	43200	1800
S034_MINIONCE_4673	32	Picture	RW	2581582	0	1	43200	2	0	43200
S034_MINIONCE_4673	32	Pulse	99	2587454	5872	NA
S034_MINIONCE_4673	32	Port Input	1	2587454	5872	NA
S034_MINIONCE_4673	32	Response	52	2598203	16621	1
S034_MINIONCE_4673	32	Pulse	99	2623455	41873	NA
S034_MINIONCE_4673	32	Port Input	1	2623455	41873	NA
S034_MINIONCE_4673	32	Picture	26_T_RWTRIAD_RW_plato_red.png	2624782	43200	1	1900	2	43200	1800
S034_MINIONCE_4673	33	Picture	PW	2626982	0	1	43199	3	0	43200
S034_MINIONCE_4673	33	Response	51	2657737	30755	1
S034_MINIONCE_4673	33	Pulse	99	2659456	32474	NA
S034_MINIONCE_4673	33	Port Input	1	2659456	32474	NA
S034_MINIONCE_4673	33	Picture	27_T_PWTRIAD_PW_martillo_red.png	2670181	43199	2	1900	4	43200	1800
S034_MINIONCE_4673	34	Picture	PW	2672281	0	1	43200	2	0	43200
S034_MINIONCE_4673	34	Pulse	99	2695457	23176	NA
S034_MINIONCE_4673	34	Port Input	1	2695457	23176	NA
S034_MINIONCE_4673	34	Response	51	2698107	25826	1
S034_MINIONCE_4673	34	Picture	28_T_PWTRIAD_PW_pilas_red.png	2715481	43200	1	1900	2	43200	1800
S034_MINIONCE_4673	35	Picture	PW	2717581	0	1	43200	2	0	43200
S034_MINIONCE_4673	35	Pulse	99	2731458	13877	NA
S034_MINIONCE_4673	35	Port Input	1	2731458	13877	NA
S034_MINIONCE_4673	35	Response	52	2738445	20864	2
S034_MINIONCE_4673	35	Picture	29_T_PWTRIAD_PW_iglu_red.png	2760781	43200	1	1900	2	43200	1800
S034_MINIONCE_4673	36	Picture	PW	2762881	0	1	43199	3	0	43200
S034_MINIONCE_4673	36	Pulse	99	2767459	4578	NA
S034_MINIONCE_4673	36	Port Input	1	2767459	4578	NA
S034_MINIONCE_4673	36	Response	51	2785394	22513	1
S034_MINIONCE_4673	36	Pulse	99	2803460	40579	NA
S034_MINIONCE_4673	36	Port Input	1	2803460	40579	NA
S034_MINIONCE_4673	36	Picture	30_T_PWTRIAD_PW_cortina_red.png	2806080	43199	2	1900	4	43200	1800
S034_MINIONCE_4673	37	Picture	rest	2808080	0	2	144099	4	0	144000
S034_MINIONCE_4673	37	Pulse	99	2839461	31381	NA
S034_MINIONCE_4673	37	Port Input	1	2839461	31381	NA
S034_MINIONCE_4673	37	Pulse	99	2875462	67382	NA
S034_MINIONCE_4673	37	Port Input	1	2875462	67382	NA
S034_MINIONCE_4673	37	Pulse	99	2911462	103382	NA
S034_MINIONCE_4673	37	Port Input	1	2911462	103382	NA
S034_MINIONCE_4673	37	Pulse	99	2947463	139383	NA
S034_MINIONCE_4673	37	Port Input	1	2947463	139383	NA
S034_MINIONCE_4673	38	Picture	endrest	2952279	0	2	10100	4	0	10000
S034_MINIONCE_4673	39	Picture	FF	2962579	0	2	43200	3	0	43200
S034_MINIONCE_4673	39	Response	51	2976291	13712	1
S034_MINIONCE_4673	39	Pulse	99	2983464	20885	NA
S034_MINIONCE_4673	39	Port Input	1	2983464	20885	NA
S034_MINIONCE_4673	39	Picture	33_T_FFTRIAD_FF_zanahoria_red.png	3005779	43200	1	1900	2	43200	1800
S034_MINIONCE_4673	40	Picture	FF	3007879	0	1	43200	2	0	43200
S034_MINIONCE_4673	40	Pulse	99	3019465	11586	NA
S034_MINIONCE_4673	40	Port Input	1	3019465	11586	NA
S034_MINIONCE_4673	40	Response	52	3027744	19865	1
S034_MINIONCE_4673	40	Picture	34_T_FFTRIAD_FF_manos_red.png	3051079	43200	1	1900	2	43200	1800
S034_MINIONCE_4673	41	Picture	FF	3053179	0	1	43199	3	0	43200
S034_MINIONCE_4673	41	Pulse	99	3055466	2287	NA
S034_MINIONCE_4673	41	Port Input	1	3055466	2287	NA
S034_MINIONCE_4673	41	Response	52	3067850	14671	1
S034_MINIONCE_4673	41	Pulse	99	3091467	38288	NA
S034_MINIONCE_4673	41	Port Input	1	3091467	38288	NA
S034_MINIONCE_4673	41	Picture	35_T_FFTRIAD_FF_sobre_red.png	3096378	43199	2	1900	4	43200	1800
S034_MINIONCE_4673	42	Picture	FF	3098778	0	2	43200	3	0	43200
S034_MINIONCE_4673	42	Response	51	3113265	14487	1
S034_MINIONCE_4673	42	Pulse	99	3127468	28690	NA
S034_MINIONCE_4673	42	Port Input	1	3127468	28690	NA
S034_MINIONCE_4673	42	Picture	36_T_FFTRIAD_FF_grifo_red.png	3141978	43200	1	1900	2	43200	1800
S034_MINIONCE_4673	43	Picture	RW	3144078	0	1	43200	2	0	43200
S034_MINIONCE_4673	43	Pulse	99	3163469	19391	NA
S034_MINIONCE_4673	43	Port Input	1	3163469	19391	NA
S034_MINIONCE_4673	43	Response	52	3163869	19791	1
S034_MINIONCE_4673	43	Picture	37_T_RWTRIAD_RW_cinturon_red.png	3187278	43200	1	1900	2	43200	1800
S034_MINIONCE_4673	44	Picture	RW	3189378	0	1	43200	2	0	43200
S034_MINIONCE_4673	44	Pulse	99	3199470	10092	NA
S034_MINIONCE_4673	44	Port Input	1	3199470	10092	NA
S034_MINIONCE_4673	44	Response	51	3205256	15878	1
S034_MINIONCE_4673	44	Picture	38_T_RWTRIAD_RW_iglu_red.png	3232578	43200	1	1900	2	43200	1800
S034_MINIONCE_4673	45	Picture	RW	3234777	0	2	43200	3	0	43200
S034_MINIONCE_4673	45	Pulse	99	3235471	694	NA
S034_MINIONCE_4673	45	Port Input	1	3235471	694	NA
S034_MINIONCE_4673	45	Response	51	3251966	17189	2
S034_MINIONCE_4673	45	Pulse	99	3271472	36695	NA
S034_MINIONCE_4673	45	Port Input	1	3271472	36695	NA
S034_MINIONCE_4673	45	Picture	39_T_RWTRIAD_RW_teclado_red.png	3277977	43200	1	1900	2	43200	1800
S034_MINIONCE_4673	46	Picture	RW	3280077	0	2	43200	3	0	43200
S034_MINIONCE_4673	46	Response	51	3296014	15937	1
S034_MINIONCE_4673	46	Pulse	99	3307473	27396	NA
S034_MINIONCE_4673	46	Port Input	1	3307473	27396	NA
S034_MINIONCE_4673	46	Picture	40_T_RWTRIAD_RW_grifo_red.png	3323277	43200	1	1900	2	43200	1800
S034_MINIONCE_4673	47	Picture	rest	3325277	0	1	144099	2	0	144000
S034_MINIONCE_4673	47	Pulse	99	3343474	18197	NA
S034_MINIONCE_4673	47	Port Input	1	3343474	18197	NA
S034_MINIONCE_4673	47	Pulse	99	3379475	54198	NA
S034_MINIONCE_4673	47	Port Input	1	3379475	54198	NA
S034_MINIONCE_4673	47	Pulse	99	3415476	90199	NA
S034_MINIONCE_4673	47	Port Input	1	3415476	90199	NA
S034_MINIONCE_4673	47	Pulse	99	3451477	126200	NA
S034_MINIONCE_4673	47	Port Input	1	3451477	126200	NA
S034_MINIONCE_4673	48	Picture	endrest	3469476	0	1	10100	2	0	10000
S034_MINIONCE_4673	49	Picture	FF	3479776	0	1	43200	2	0	43200
S034_MINIONCE_4673	49	Pulse	99	3487478	7702	NA
S034_MINIONCE_4673	49	Port Input	1	3487478	7702	NA
S034_MINIONCE_4673	49	Response	51	3497177	17401	1
S034_MINIONCE_4673	49	Picture	43_T_FFTRIAD_FF_pluma_red.png	3522976	43200	1	1900	2	43200	1800
S034_MINIONCE_4673	49	Pulse	99	3523479	43703	NA
S034_MINIONCE_4673	49	Port Input	1	3523479	43703	NA
S034_MINIONCE_4673	50	Picture	FF	3525076	0	1	43199	2	0	43200
S034_MINIONCE_4673	50	Response	52	3538386	13310	1
S034_MINIONCE_4673	50	Pulse	99	3559480	34404	NA
S034_MINIONCE_4673	50	Port Input	1	3559480	34404	NA
S034_MINIONCE_4673	50	Picture	44_T_FFTRIAD_FF_silla_red.png	3568275	43199	1	1900	2	43200	1800
S034_MINIONCE_4673	51	Picture	FF	3570575	0	1	43100	2	0	43200
S034_MINIONCE_4673	51	Response	52	3586488	15913	1
S034_MINIONCE_4673	51	Pulse	99	3595481	24906	NA
S034_MINIONCE_4673	51	Port Input	1	3595481	24906	NA
S034_MINIONCE_4673	51	Picture	45_T_FFTRIAD_FF_molino_red.png	3613675	43100	1	1900	2	43200	1800
S034_MINIONCE_4673	52	Picture	FF	3615775	0	1	43200	2	0	43200
S034_MINIONCE_4673	52	Response	51	3628099	12324	2
S034_MINIONCE_4673	52	Pulse	99	3631482	15707	NA
S034_MINIONCE_4673	52	Port Input	1	3631482	15707	NA
S034_MINIONCE_4673	52	Picture	46_T_FFTRIAD_FF_madera_red.png	3658975	43200	1	1900	2	43200	1800
S034_MINIONCE_4673	53	Picture	FF	3661075	0	1	43199	2	0	43200
S034_MINIONCE_4673	53	Pulse	99	3667483	6408	NA
S034_MINIONCE_4673	53	Port Input	1	3667483	6408	NA
S034_MINIONCE_4673	53	Response	52	3672901	11826	1
S034_MINIONCE_4673	53	Pulse	99	3703484	42409	NA
S034_MINIONCE_4673	53	Port Input	1	3703484	42409	NA
S034_MINIONCE_4673	53	Picture	47_T_FFTRIAD_FF_raton_red.png	3704274	43199	1	1900	2	43200	1800
S034_MINIONCE_4673	54	Picture	FF	3706374	0	2	43200	3	0	43200
S034_MINIONCE_4673	54	Response	51	3720496	14122	1
S034_MINIONCE_4673	54	Pulse	99	3739485	33111	NA
S034_MINIONCE_4673	54	Port Input	1	3739485	33111	NA
S034_MINIONCE_4673	54	Picture	48_T_FFTRIAD_FF_leche_red.png	3749574	43200	1	1900	2	43200	1800
S034_MINIONCE_4673	55	Picture	FF	3751674	0	1	43200	2	0	43200
S034_MINIONCE_4673	55	Response	51	3763082	11408	1
S034_MINIONCE_4673	55	Pulse	99	3775486	23812	NA
S034_MINIONCE_4673	55	Port Input	1	3775486	23812	NA
S034_MINIONCE_4673	55	Picture	49_T_FFTRIAD_FF_martillo_red.png	3794874	43200	1	1900	2	43200	1800
S034_MINIONCE_4673	56	Picture	FF	3797074	0	1	43199	3	0	43200
S034_MINIONCE_4673	56	Response	51	3808718	11644	1
S034_MINIONCE_4673	56	Pulse	99	3811487	14413	NA
S034_MINIONCE_4673	56	Port Input	1	3811487	14413	NA
S034_MINIONCE_4673	56	Picture	50_T_FFTRIAD_FF_granjero_red.png	3840273	43199	2	1900	4	43200	1800
S034_MINIONCE_4673	57	Picture	rest	3842273	0	2	144099	4	0	144000
S034_MINIONCE_4673	57	Pulse	99	3847488	5215	NA
S034_MINIONCE_4673	57	Port Input	1	3847488	5215	NA
S034_MINIONCE_4673	57	Pulse	99	3883489	41216	NA
S034_MINIONCE_4673	57	Port Input	1	3883489	41216	NA
S034_MINIONCE_4673	57	Pulse	99	3919490	77217	NA
S034_MINIONCE_4673	57	Port Input	1	3919490	77217	NA
S034_MINIONCE_4673	57	Pulse	99	3955491	113218	NA
S034_MINIONCE_4673	57	Port Input	1	3955491	113218	NA
S034_MINIONCE_4673	58	Picture	endrest	3986472	0	2	10100	3	0	10000
S034_MINIONCE_4673	58	Pulse	99	3991492	5020	NA
S034_MINIONCE_4673	58	Port Input	1	3991492	5020	NA
S034_MINIONCE_4673	59	Picture	FF	3996772	0	1	43200	2	0	43200
S034_MINIONCE_4673	59	Response	51	4008068	11296	1
S034_MINIONCE_4673	59	Pulse	99	4027493	30721	NA
S034_MINIONCE_4673	59	Port Input	1	4027493	30721	NA
S034_MINIONCE_4673	59	Picture	53_T_FFTRIAD_FF_huevos_red.png	4039972	43200	1	1900	2	43200	1800
S034_MINIONCE_4673	60	Picture	FF	4042072	0	1	43200	2	0	43200
S034_MINIONCE_4673	60	Response	52	4061754	19682	2
S034_MINIONCE_4673	60	Pulse	99	4063494	21422	NA
S034_MINIONCE_4673	60	Port Input	1	4063494	21422	NA
S034_MINIONCE_4673	60	Picture	54_T_FFTRIAD_FF_paracaidas_red.png	4085272	43200	1	1900	2	43200	1800
S034_MINIONCE_4673	61	Picture	FF	4087372	0	1	43199	3	0	43200
S034_MINIONCE_4673	61	Pulse	99	4099495	12123	NA
S034_MINIONCE_4673	61	Port Input	1	4099495	12123	NA
S034_MINIONCE_4673	61	Response	52	4101930	14558	1
S034_MINIONCE_4673	61	Picture	55_T_FFTRIAD_FF_policia_red.png	4130571	43199	2	1900	4	43200	1800
S034_MINIONCE_4673	62	Picture	FF	4132871	0	2	43100	3	0	43200
S034_MINIONCE_4673	62	Pulse	99	4135496	2625	NA
S034_MINIONCE_4673	62	Port Input	1	4135496	2625	NA
S034_MINIONCE_4673	62	Response	51	4143914	11043	1
S034_MINIONCE_4673	62	Pulse	99	4171497	38626	NA
S034_MINIONCE_4673	62	Port Input	1	4171497	38626	NA
S034_MINIONCE_4673	62	Picture	56_T_FFTRIAD_FF_novia_red.png	4175971	43100	1	1900	2	43200	1800
S034_MINIONCE_4673	63	Picture	RW	4178071	0	1	43200	2	0	43200
S034_MINIONCE_4673	63	Response	52	4193732	15661	2
S034_MINIONCE_4673	63	Pulse	99	4207497	29426	NA
S034_MINIONCE_4673	63	Port Input	1	4207497	29426	NA
S034_MINIONCE_4673	63	Picture	57_T_RWTRIAD_RW_esquimal_red.png	4221271	43200	1	1900	2	43200	1800
S034_MINIONCE_4673	64	Picture	RW	4223571	0	1	43200	2	0	43200
S034_MINIONCE_4673	64	Response	51	4239276	15705	1
S034_MINIONCE_4673	64	Pulse	99	4243498	19927	NA
S034_MINIONCE_4673	64	Port Input	1	4243498	19927	NA
S034_MINIONCE_4673	64	Picture	58_T_RWTRIAD_RW_pilas_red.png	4266771	43200	1	1900	2	43200	1800
S034_MINIONCE_4673	65	Picture	RW	4269070	0	2	43100	3	0	43200
S034_MINIONCE_4673	65	Pulse	99	4279499	10429	NA
S034_MINIONCE_4673	65	Port Input	1	4279499	10429	NA
S034_MINIONCE_4673	65	Response	51	4288106	19036	2
S034_MINIONCE_4673	65	Picture	59_T_RWTRIAD_RW_novia_red.png	4312170	43100	1	1900	2	43200	1800
S034_MINIONCE_4673	66	Picture	RW	4314470	0	1	43100	2	0	43200
S034_MINIONCE_4673	66	Pulse	99	4315500	1030	NA
S034_MINIONCE_4673	66	Port Input	1	4315500	1030	NA
S034_MINIONCE_4673	66	Response	52	4328764	14294	1
S034_MINIONCE_4673	66	Pulse	99	4351501	37031	NA
S034_MINIONCE_4673	66	Port Input	1	4351501	37031	NA
S034_MINIONCE_4673	66	Picture	60_T_RWTRIAD_RW_martillo_red.png	4357570	43100	1	1900	2	43200	1800
S034_MINIONCE_4673	67	Picture	rest	4359570	0	1	144099	2	0	144000
S034_MINIONCE_4673	67	Pulse	99	4387502	27932	NA
S034_MINIONCE_4673	67	Port Input	1	4387502	27932	NA
S034_MINIONCE_4673	67	Pulse	99	4423503	63933	NA
S034_MINIONCE_4673	67	Port Input	1	4423503	63933	NA
S034_MINIONCE_4673	67	Pulse	99	4459504	99934	NA
S034_MINIONCE_4673	67	Port Input	1	4459504	99934	NA
S034_MINIONCE_4673	67	Pulse	99	4495505	135935	NA
S034_MINIONCE_4673	67	Port Input	1	4495505	135935	NA
S034_MINIONCE_4673	68	Picture	endrest	4503769	0	1	10100	2	0	10000
S034_MINIONCE_4673	69	Picture	PW	4514069	0	1	43200	2	0	43200
S034_MINIONCE_4673	69	Pulse	99	4531506	17437	NA
S034_MINIONCE_4673	69	Port Input	1	4531506	17437	NA
S034_MINIONCE_4673	69	Response	52	4545005	30936	1
S034_MINIONCE_4673	69	Picture	63_T_PWTRIAD_PW_portatil_red.png	4557269	43200	1	1900	2	43200	1800
S034_MINIONCE_4673	70	Picture	PW	4559369	0	1	43199	2	0	43200
S034_MINIONCE_4673	70	Pulse	99	4567507	8138	NA
S034_MINIONCE_4673	70	Port Input	1	4567507	8138	NA
S034_MINIONCE_4673	70	Response	52	4586134	26765	1
S034_MINIONCE_4673	70	Picture	64_T_PWTRIAD_PW_traje_red.png	4602568	43199	1	1900	2	43200	1800
S034_MINIONCE_4673	70	Pulse	99	4603508	44139	NA
S034_MINIONCE_4673	70	Port Input	1	4603508	44139	NA
S034_MINIONCE_4673	71	Picture	PW	4604668	0	1	43200	2	0	43200
S034_MINIONCE_4673	71	Response	51	4624627	19959	1
S034_MINIONCE_4673	71	Pulse	99	4639509	34841	NA
S034_MINIONCE_4673	71	Port Input	1	4639509	34841	NA
S034_MINIONCE_4673	71	Picture	65_T_PWTRIAD_PW_piramide_red.png	4647868	43200	1	1900	2	43200	1800
S034_MINIONCE_4673	72	Picture	PW	4649968	0	1	43200	2	0	43200
S034_MINIONCE_4673	72	Response	51	4668107	18139	1
S034_MINIONCE_4673	72	Pulse	99	4675510	25542	NA
S034_MINIONCE_4673	72	Port Input	1	4675510	25542	NA
S034_MINIONCE_4673	72	Picture	66_T_PWTRIAD_PW_esquimal_red.png	4693168	43200	1	1900	2	43200	1800
S034_MINIONCE_4673	73	Picture	PW	4695268	0	1	43199	2	0	43200
S034_MINIONCE_4673	73	Pulse	99	4711511	16243	NA
S034_MINIONCE_4673	73	Port Input	1	4711511	16243	NA
S034_MINIONCE_4673	73	Response	52	4714943	19675	1
S034_MINIONCE_4673	73	Picture	67_T_PWTRIAD_PW_llave_red.png	4738467	43199	1	1900	2	43200	1800
S034_MINIONCE_4673	74	Picture	PW	4740567	0	1	43200	2	0	43200
S034_MINIONCE_4673	74	Pulse	99	4747512	6945	NA
S034_MINIONCE_4673	74	Port Input	1	4747512	6945	NA
S034_MINIONCE_4673	74	Response	52	4757698	17131	1
S034_MINIONCE_4673	74	Pulse	99	4783513	42946	NA
S034_MINIONCE_4673	74	Port Input	1	4783513	42946	NA
S034_MINIONCE_4673	74	Picture	68_T_PWTRIAD_PW_bala_red.png	4783767	43200	1	1900	2	43200	1800
S034_MINIONCE_4673	75	Picture	PW	4785867	0	1	43200	2	0	43200
S034_MINIONCE_4673	75	Response	52	4818325	32458	1
S034_MINIONCE_4673	75	Pulse	99	4819514	33647	NA
S034_MINIONCE_4673	75	Port Input	1	4819514	33647	NA
S034_MINIONCE_4673	75	Picture	69_T_PWTRIAD_PW_raton_red.png	4829067	43200	1	1900	2	43200	1800
S034_MINIONCE_4673	76	Picture	PW	4831167	0	1	43199	2	0	43200
S034_MINIONCE_4673	76	Response	51	4848935	17768	1
S034_MINIONCE_4673	76	Pulse	99	4855515	24348	NA
S034_MINIONCE_4673	76	Port Input	1	4855515	24348	NA
S034_MINIONCE_4673	76	Picture	70_T_PWTRIAD_PW_huevos_red.png	4874366	43199	1	1900	3	43200	1800
S034_MINIONCE_4673	77	Picture	rest	4876366	0	1	144099	2	0	144000
S034_MINIONCE_4673	77	Pulse	99	4891516	15150	NA
S034_MINIONCE_4673	77	Port Input	1	4891516	15150	NA
S034_MINIONCE_4673	77	Pulse	99	4927517	51151	NA
S034_MINIONCE_4673	77	Port Input	1	4927517	51151	NA
S034_MINIONCE_4673	77	Pulse	99	4963518	87152	NA
S034_MINIONCE_4673	77	Port Input	1	4963518	87152	NA
S034_MINIONCE_4673	77	Pulse	99	4999519	123153	NA
S034_MINIONCE_4673	77	Port Input	1	4999519	123153	NA
S034_MINIONCE_4673	78	Picture	endrest	5020565	0	2	10100	3	0	10000
S034_MINIONCE_4673	79	Picture	PW	5030865	0	1	43200	2	0	43200
S034_MINIONCE_4673	79	Pulse	99	5035520	4655	NA
S034_MINIONCE_4673	79	Port Input	1	5035520	4655	NA
S034_MINIONCE_4673	79	Response	51	5054404	23539	1
S034_MINIONCE_4673	79	Pulse	99	5071521	40656	NA
S034_MINIONCE_4673	79	Port Input	1	5071521	40656	NA
S034_MINIONCE_4673	79	Picture	73_T_PWTRIAD_PW_pluma_red.png	5074065	43200	1	1900	2	43200	1800
S034_MINIONCE_4673	80	Picture	PW	5076365	0	1	43100	2	0	43200
S034_MINIONCE_4673	80	Response	52	5097242	20877	1
S034_MINIONCE_4673	80	Pulse	99	5107522	31157	NA
S034_MINIONCE_4673	80	Port Input	1	5107522	31157	NA
S034_MINIONCE_4673	80	Picture	74_T_PWTRIAD_PW_bellota_red.png	5119465	43100	1	1900	2	43200	1800
S034_MINIONCE_4673	81	Picture	PW	5121665	0	1	43199	2	0	43200
S034_MINIONCE_4673	81	Pulse	99	5143523	21858	NA
S034_MINIONCE_4673	81	Port Input	1	5143523	21858	NA
S034_MINIONCE_4673	81	Response	52	5147534	25869	1
S034_MINIONCE_4673	81	Picture	75_T_PWTRIAD_PW_cuento_red.png	5164864	43199	1	1900	2	43200	1800
S034_MINIONCE_4673	82	Picture	PW	5167164	0	2	43100	3	0	43200
S034_MINIONCE_4673	82	Pulse	99	5179524	12360	NA
S034_MINIONCE_4673	82	Port Input	1	5179524	12360	NA
S034_MINIONCE_4673	82	Response	51	5191133	23969	1
S034_MINIONCE_4673	82	Picture	76_T_PWTRIAD_PW_telefono_red.png	5210264	43100	1	1900	2	43200	1800
S034_MINIONCE_4673	83	Picture	FF	5212364	0	1	43200	2	0	43200
S034_MINIONCE_4673	83	Pulse	99	5215525	3161	NA
S034_MINIONCE_4673	83	Port Input	1	5215525	3161	NA
S034_MINIONCE_4673	83	Response	51	5226207	13843	1
S034_MINIONCE_4673	83	Pulse	99	5251526	39162	NA
S034_MINIONCE_4673	83	Port Input	1	5251526	39162	NA
S034_MINIONCE_4673	83	Picture	77_T_FFTRIAD_FF_arco_red.png	5255564	43200	1	1900	2	43200	1800
S034_MINIONCE_4673	84	Picture	FF	5257864	0	1	43099	3	0	43200
S034_MINIONCE_4673	84	Response	52	5275213	17349	1
S034_MINIONCE_4673	84	Pulse	99	5287527	29663	NA
S034_MINIONCE_4673	84	Port Input	1	5287527	29663	NA
S034_MINIONCE_4673	84	Picture	78_T_FFTRIAD_FF_queso_red.png	5300963	43099	2	1900	4	43200	1800
S034_MINIONCE_4673	85	Picture	FF	5303063	0	2	43200	3	0	43200
S034_MINIONCE_4673	85	Response	52	5316556	13493	2
S034_MINIONCE_4673	85	Pulse	99	5323528	20465	NA
S034_MINIONCE_4673	85	Port Input	1	5323528	20465	NA
S034_MINIONCE_4673	85	Picture	79_T_FFTRIAD_FF_pilas_red.png	5346263	43200	1	1900	2	43200	1800
S034_MINIONCE_4673	86	Picture	FF	5348363	0	1	43200	2	0	43200
S034_MINIONCE_4673	86	Pulse	99	5359529	11166	NA
S034_MINIONCE_4673	86	Port Input	1	5359529	11166	NA
S034_MINIONCE_4673	86	Response	51	5361893	13530	2
S034_MINIONCE_4673	86	Picture	80_T_FFTRIAD_FF_piramide_red.png	5391563	43200	1	1900	2	43200	1800
S034_MINIONCE_4673	87	Picture	rest	5393563	0	1	144099	2	0	144000
S034_MINIONCE_4673	87	Pulse	99	5395530	1967	NA
S034_MINIONCE_4673	87	Port Input	1	5395530	1967	NA
S034_MINIONCE_4673	87	Pulse	99	5431531	37968	NA
S034_MINIONCE_4673	87	Port Input	1	5431531	37968	NA
S034_MINIONCE_4673	87	Pulse	99	5467532	73969	NA
S034_MINIONCE_4673	87	Port Input	1	5467532	73969	NA
S034_MINIONCE_4673	87	Pulse	99	5503533	109970	NA
S034_MINIONCE_4673	87	Port Input	1	5503533	109970	NA
S034_MINIONCE_4673	88	Picture	endrest	5537762	0	1	10100	2	0	10000
S034_MINIONCE_4673	88	Pulse	99	5539533	1771	NA
S034_MINIONCE_4673	88	Port Input	1	5539533	1771	NA
S034_MINIONCE_4673	89	Picture	PW	5548062	0	1	43199	3	0	43200
S034_MINIONCE_4673	89	Response	51	5573436	25374	1
S034_MINIONCE_4673	89	Pulse	99	5575534	27472	NA
S034_MINIONCE_4673	89	Port Input	1	5575534	27472	NA
S034_MINIONCE_4673	89	Picture	83_T_PWTRIAD_PW_cinturon_red.png	5591261	43199	2	1900	4	43200	1800
S034_MINIONCE_4673	90	Picture	PW	5593361	0	2	43200	3	0	43200
S034_MINIONCE_4673	90	Pulse	99	5611535	18174	NA
S034_MINIONCE_4673	90	Port Input	1	5611535	18174	NA
S034_MINIONCE_4673	90	Response	52	5615609	22248	1
S034_MINIONCE_4673	90	Picture	84_T_PWTRIAD_PW_murcielago_red.png	5636561	43200	1	1900	2	43200	1800
S034_MINIONCE_4673	91	Picture	PW	5638661	0	1	43200	2	0	43200
S034_MINIONCE_4673	91	Pulse	99	5647536	8875	NA
S034_MINIONCE_4673	91	Port Input	1	5647536	8875	NA
S034_MINIONCE_4673	91	Response	51	5663455	24794	1
S034_MINIONCE_4673	91	Picture	85_T_PWTRIAD_PW_estetoscopio_red.png	5681861	43200	1	1900	2	43200	1800
S034_MINIONCE_4673	91	Pulse	99	5683537	44876	NA
S034_MINIONCE_4673	91	Port Input	1	5683537	44876	NA
S034_MINIONCE_4673	92	Picture	PW	5684161	0	1	43099	3	0	43200
S034_MINIONCE_4673	92	Response	51	5717881	33720	1
S034_MINIONCE_4673	92	Pulse	99	5719539	35378	NA
S034_MINIONCE_4673	92	Port Input	1	5719539	35378	NA
S034_MINIONCE_4673	92	Picture	86_T_PWTRIAD_PW_sapo_red.png	5727260	43099	2	1900	4	43200	1800
S034_MINIONCE_4673	93	Picture	PW	5729360	0	2	43200	3	0	43200
S034_MINIONCE_4673	93	Pulse	99	5755539	26179	NA
S034_MINIONCE_4673	93	Port Input	1	5755539	26179	NA
S034_MINIONCE_4673	93	Response	51	5763398	34038	1
S034_MINIONCE_4673	93	Picture	87_T_PWTRIAD_PW_pincel_red.png	5772560	43200	1	1900	3	43200	1800
S034_MINIONCE_4673	94	Picture	PW	5774660	0	1	43200	2	0	43200
S034_MINIONCE_4673	94	Pulse	99	5791540	16880	NA
S034_MINIONCE_4673	94	Port Input	1	5791540	16880	NA
S034_MINIONCE_4673	94	Response	52	5794066	19406	1
S034_MINIONCE_4673	94	Picture	88_T_PWTRIAD_PW_lechuga_red.png	5817860	43200	1	1900	2	43200	1800
S034_MINIONCE_4673	95	Picture	PW	5819959	0	2	43201	3	0	43200
S034_MINIONCE_4673	95	Pulse	99	5827541	7582	NA
S034_MINIONCE_4673	95	Port Input	1	5827541	7582	NA
S034_MINIONCE_4673	95	Response	52	5839472	19513	1
S034_MINIONCE_4673	95	Picture	89_T_PWTRIAD_PW_zanahoria_red.png	5863160	43201	1	1899	3	43200	1800
S034_MINIONCE_4673	95	Pulse	99	5863542	43583	NA
S034_MINIONCE_4673	95	Port Input	1	5863542	43583	NA
S034_MINIONCE_4673	96	Picture	PW	5865460	0	1	43099	2	0	43200
S034_MINIONCE_4673	96	Response	52	5886426	20966	1
S034_MINIONCE_4673	96	Pulse	99	5899543	34083	NA
S034_MINIONCE_4673	96	Port Input	1	5899543	34083	NA
S034_MINIONCE_4673	96	Picture	90_T_PWTRIAD_PW_paracaidas_red.png	5908559	43099	1	1900	2	43200	1800
S034_MINIONCE_4673	97	Picture	rest	5910559	0	1	144099	2	0	144000
S034_MINIONCE_4673	97	Pulse	99	5935544	24985	NA
S034_MINIONCE_4673	97	Port Input	1	5935544	24985	NA
S034_MINIONCE_4673	97	Pulse	99	5971545	60986	NA
S034_MINIONCE_4673	97	Port Input	1	5971545	60986	NA
S034_MINIONCE_4673	97	Pulse	99	6007546	96987	NA
S034_MINIONCE_4673	97	Port Input	1	6007546	96987	NA
S034_MINIONCE_4673	97	Pulse	99	6043547	132988	NA
S034_MINIONCE_4673	97	Port Input	1	6043547	132988	NA
S034_MINIONCE_4673	98	Picture	endrest	6054758	0	1	10100	2	0	10000
S034_MINIONCE_4673	99	Picture	FF	6065158	0	1	43200	2	0	43200
S034_MINIONCE_4673	99	Response	51	6077707	12549	1
S034_MINIONCE_4673	99	Pulse	99	6079548	14390	NA
S034_MINIONCE_4673	99	Port Input	1	6079548	14390	NA
S034_MINIONCE_4673	99	Picture	93_T_FFTRIAD_FF_ancla_red.png	6108358	43200	1	1900	2	43200	1800
S034_MINIONCE_4673	100	Picture	FF	6110458	0	1	43200	2	0	43200
S034_MINIONCE_4673	100	Pulse	99	6115549	5091	NA
S034_MINIONCE_4673	100	Port Input	1	6115549	5091	NA
S034_MINIONCE_4673	100	Response	52	6123697	13239	1
S034_MINIONCE_4673	100	Pulse	99	6151550	41092	NA
S034_MINIONCE_4673	100	Port Input	1	6151550	41092	NA
S034_MINIONCE_4673	100	Picture	94_T_FFTRIAD_FF_chupete_red.png	6153658	43200	1	1900	2	43200	1800
S034_MINIONCE_4673	101	Picture	FF	6155958	0	1	43099	2	0	43200
S034_MINIONCE_4673	101	Response	52	6181092	25134	1
S034_MINIONCE_4673	101	Pulse	99	6187551	31593	NA
S034_MINIONCE_4673	101	Port Input	1	6187551	31593	NA
S034_MINIONCE_4673	101	Picture	95_T_FFTRIAD_FF_teclado_red.png	6199057	43099	1	1900	2	43200	1800
S034_MINIONCE_4673	102	Picture	FF	6201157	0	1	43200	2	0	43200
S034_MINIONCE_4673	102	Response	51	6220586	19429	1
S034_MINIONCE_4673	102	Pulse	99	6223552	22395	NA
S034_MINIONCE_4673	102	Port Input	1	6223552	22395	NA
S034_MINIONCE_4673	102	Picture	96_T_FFTRIAD_FF_tijera_red.png	6244357	43200	1	1900	2	43200	1800
S034_MINIONCE_4673	103	Picture	FF	6246657	0	1	43100	2	0	43200
S034_MINIONCE_4673	103	Pulse	99	6259553	12896	NA
S034_MINIONCE_4673	103	Port Input	1	6259553	12896	NA
S034_MINIONCE_4673	103	Response	52	6269625	22968	1
S034_MINIONCE_4673	103	Picture	97_T_FFTRIAD_FF_plato_red.png	6289757	43100	1	1900	2	43200	1800
S034_MINIONCE_4673	104	Picture	FF	6292057	0	1	43099	2	0	43200
S034_MINIONCE_4673	104	Pulse	99	6295554	3497	NA
S034_MINIONCE_4673	104	Port Input	1	6295554	3497	NA
S034_MINIONCE_4673	104	Response	51	6318041	25984	1
S034_MINIONCE_4673	104	Pulse	99	6331555	39498	NA
S034_MINIONCE_4673	104	Port Input	1	6331555	39498	NA
S034_MINIONCE_4673	104	Picture	98_T_FFTRIAD_FF_lechuga_red.png	6335156	43099	1	1900	2	43200	1800
S034_MINIONCE_4673	105	Picture	FF	6337256	0	1	43200	2	0	43200
S034_MINIONCE_4673	105	Response	51	6365061	27805	1
S034_MINIONCE_4673	105	Pulse	99	6367556	30300	NA
S034_MINIONCE_4673	105	Port Input	1	6367556	30300	NA
S034_MINIONCE_4673	105	Picture	99_T_FFTRIAD_FF_carruaje_red.png	6380456	43200	1	1900	2	43200	1800
S034_MINIONCE_4673	106	Picture	FF	6382556	0	1	43200	2	0	43200
S034_MINIONCE_4673	106	Response	52	6396997	14441	1
S034_MINIONCE_4673	106	Pulse	99	6403557	21001	NA
S034_MINIONCE_4673	106	Port Input	1	6403557	21001	NA
S034_MINIONCE_4673	106	Picture	100_T_FFTRIAD_FF_cerillas_red.png	6425756	43200	1	1900	2	43200	1800
S034_MINIONCE_4673	107	Picture	rest	6427756	0	1	144099	2	0	144000
S034_MINIONCE_4673	107	Pulse	99	6439558	11802	NA
S034_MINIONCE_4673	107	Port Input	1	6439558	11802	NA
S034_MINIONCE_4673	107	Pulse	99	6475559	47803	NA
S034_MINIONCE_4673	107	Port Input	1	6475559	47803	NA
S034_MINIONCE_4673	107	Pulse	99	6511560	83804	NA
S034_MINIONCE_4673	107	Port Input	1	6511560	83804	NA
S034_MINIONCE_4673	107	Pulse	99	6547561	119805	NA
S034_MINIONCE_4673	107	Port Input	1	6547561	119805	NA
S034_MINIONCE_4673	108	Picture	endrest	6571955	0	1	10100	2	0	10000
S034_MINIONCE_4673	109	Picture	RW	6582255	0	1	43199	2	0	43200
S034_MINIONCE_4673	109	Pulse	99	6583562	1307	NA
S034_MINIONCE_4673	109	Port Input	1	6583562	1307	NA
S034_MINIONCE_4673	109	Response	52	6602743	20488	1
S034_MINIONCE_4673	109	Pulse	99	6619563	37308	NA
S034_MINIONCE_4673	109	Port Input	1	6619563	37308	NA
S034_MINIONCE_4673	109	Picture	103_T_RWTRIAD_RW_cuento_red.png	6625454	43199	1	1900	2	43200	1800
S034_MINIONCE_4673	110	Picture	RW	6627554	0	1	43200	2	0	43200
S034_MINIONCE_4673	110	Pulse	99	6655564	28010	NA
S034_MINIONCE_4673	110	Port Input	1	6655564	28010	NA
S034_MINIONCE_4673	110	Response	52	6657155	29601	1
S034_MINIONCE_4673	110	Picture	104_T_RWTRIAD_RW_lechuga_red.png	6670754	43200	1	1900	2	43200	1800
S034_MINIONCE_4673	111	Picture	RW	6672854	0	1	43200	2	0	43200
S034_MINIONCE_4673	111	Pulse	99	6691565	18711	NA
S034_MINIONCE_4673	111	Port Input	1	6691565	18711	NA
S034_MINIONCE_4673	111	Response	52	6694787	21933	1
S034_MINIONCE_4673	111	Picture	105_T_RWTRIAD_RW_paraguas_red.png	6716054	43200	1	1900	2	43200	1800
S034_MINIONCE_4673	112	Picture	RW	6718154	0	1	43199	3	0	43200
S034_MINIONCE_4673	112	Pulse	99	6727566	9412	NA
S034_MINIONCE_4673	112	Port Input	1	6727566	9412	NA
S034_MINIONCE_4673	112	Response	51	6736859	18705	1
S034_MINIONCE_4673	112	Picture	106_T_RWTRIAD_RW_manos_red.png	6761353	43199	2	1900	4	43200	1800
S034_MINIONCE_4673	113	Picture	RW	6763553	0	1	43200	2	0	43200
S034_MINIONCE_4673	113	Pulse	99	6763566	13	NA
S034_MINIONCE_4673	113	Port Input	1	6763566	13	NA
S034_MINIONCE_4673	113	Response	52	6795223	31670	1
S034_MINIONCE_4673	113	Pulse	99	6799567	36014	NA
S034_MINIONCE_4673	113	Port Input	1	6799567	36014	NA
S034_MINIONCE_4673	113	Picture	107_T_RWTRIAD_RW_raton_red.png	6806753	43200	1	1900	2	43200	1800
S034_MINIONCE_4673	114	Picture	RW	6808953	0	1	43200	2	0	43200
S034_MINIONCE_4673	114	Response	51	6828816	19863	1
S034_MINIONCE_4673	114	Pulse	99	6835568	26615	NA
S034_MINIONCE_4673	114	Port Input	1	6835568	26615	NA
S034_MINIONCE_4673	114	Picture	108_T_RWTRIAD_RW_traje_red.png	6852153	43200	1	1900	2	43200	1800
S034_MINIONCE_4673	115	Picture	RW	6854253	0	1	43199	3	0	43200
S034_MINIONCE_4673	115	Pulse	99	6871569	17316	NA
S034_MINIONCE_4673	115	Port Input	1	6871569	17316	NA
S034_MINIONCE_4673	115	Response	51	6887467	33214	1
S034_MINIONCE_4673	115	Picture	109_T_RWTRIAD_RW_portatil_red.png	6897452	43199	2	1900	4	43200	1800
S034_MINIONCE_4673	116	Picture	RW	6899552	0	2	43200	3	0	43200
S034_MINIONCE_4673	116	Pulse	99	6907570	8018	NA
S034_MINIONCE_4673	116	Port Input	1	6907570	8018	NA
S034_MINIONCE_4673	116	Response	51	6931267	31715	1
S034_MINIONCE_4673	116	Picture	110_T_RWTRIAD_RW_piramide_red.png	6942752	43200	1	1900	2	43200	1800
S034_MINIONCE_4673	116	Pulse	99	6943572	44020	NA
S034_MINIONCE_4673	116	Port Input	1	6943572	44020	NA
S034_MINIONCE_4673	117	Picture	rest	6944752	0	1	144099	2	0	144000
S034_MINIONCE_4673	118	Picture	endrest	7088951	0	1	10100	2	0	10000
S034_MINIONCE_4673	119	Picture	RW	7099451	0	1	43100	2	0	43200
S034_MINIONCE_4673	119	Response	52	7120141	20690	1
S034_MINIONCE_4673	119	Picture	113_T_RWTRIAD_RW_agua_red.png	7142551	43100	1	1900	2	43200	1800
S034_MINIONCE_4673	120	Picture	RW	7144851	0	1	43199	3	0	43200
S034_MINIONCE_4673	120	Response	51	7162191	17340	1
S034_MINIONCE_4673	120	Picture	114_T_RWTRIAD_RW_madera_red.png	7188050	43199	2	1900	4	43200	1800
S034_MINIONCE_4673	121	Picture	RW	7190150	0	2	43200	3	0	43200
S034_MINIONCE_4673	121	Response	51	7213957	23807	1
S034_MINIONCE_4673	121	Picture	115_T_RWTRIAD_RW_ascensor_red.png	7233350	43200	1	1900	2	43200	1800
S034_MINIONCE_4673	122	Picture	RW	7235450	0	1	43200	2	0	43200
S034_MINIONCE_4673	122	Response	51	7256882	21432	1
S034_MINIONCE_4673	122	Picture	116_T_RWTRIAD_RW_dedal_red.png	7278650	43200	1	1900	2	43200	1800
S034_MINIONCE_4673	123	Picture	PW	7280750	0	1	43199	3	0	43200
S034_MINIONCE_4673	123	Response	51	7308510	27760	1
S034_MINIONCE_4673	123	Picture	117_T_PWTRIAD_PW_sombrilla_red.png	7323949	43199	2	1901	3	43200	1800
S034_MINIONCE_4673	124	Picture	PW	7326050	0	1	43199	2	0	43200
S034_MINIONCE_4673	124	Response	52	7358983	32933	1
S034_MINIONCE_4673	124	Picture	118_T_PWTRIAD_PW_candado_red.png	7369249	43199	1	1900	2	43200	1800
S034_MINIONCE_4673	125	Picture	PW	7371349	0	1	43200	2	0	43200
S034_MINIONCE_4673	125	Response	52	7402337	30988	1
S034_MINIONCE_4673	125	Picture	119_T_PWTRIAD_PW_grapadora_red.png	7414549	43200	1	1900	2	43200	1800
S034_MINIONCE_4673	126	Picture	PW	7416749	0	1	43200	2	0	43200
S034_MINIONCE_4673	126	Response	52	7450097	33348	1
S034_MINIONCE_4673	126	Picture	120_T_PWTRIAD_PW_carruaje_red.png	7459949	43200	1	1900	2	43200	1800
S034_MINIONCE_4673	127	Picture	rest	7461949	0	1	144099	2	0	144000
S034_MINIONCE_4673	128	Picture	endrest	7606148	0	1	10099	3	0	10000
S034_MINIONCE_4673	129	Picture	RW	7616648	0	1	43099	2	0	43200
S034_MINIONCE_4673	129	Response	51	7631765	15117	2
S034_MINIONCE_4673	129	Picture	123_T_RWTRIAD_RW_cortina_red.png	7659747	43099	1	1900	2	43200	1800
S034_MINIONCE_4673	130	Picture	RW	7661847	0	1	43200	2	0	43200
S034_MINIONCE_4673	130	Response	52	7694332	32485	1
S034_MINIONCE_4673	130	Picture	124_T_RWTRIAD_RW_perro_red.png	7705047	43200	1	1900	2	43200	1800
S034_MINIONCE_4673	131	Picture	RW	7707147	0	1	43200	2	0	43200
S034_MINIONCE_4673	131	Response	52	7739282	32135	2
S034_MINIONCE_4673	131	Picture	125_T_RWTRIAD_RW_gafas_red.png	7750347	43200	1	1900	2	43200	1800
S034_MINIONCE_4673	132	Picture	RW	7752447	0	1	43199	2	0	43200
S034_MINIONCE_4673	132	Response	51	7769872	17425	1
S034_MINIONCE_4673	132	Picture	126_T_RWTRIAD_RW_banera_red.png	7795646	43199	1	1900	2	43200	1800
S034_MINIONCE_4673	133	Picture	RW	7797746	0	1	43200	2	0	43200
S034_MINIONCE_4673	133	Response	51	7819154	21408	1
S034_MINIONCE_4673	133	Picture	127_T_RWTRIAD_RW_pizarra_red.png	7840946	43200	1	1900	2	43200	1800
S034_MINIONCE_4673	134	Picture	RW	7843046	0	1	43200	2	0	43200
S034_MINIONCE_4673	134	Response	52	7883431	40385	1
S034_MINIONCE_4673	134	Picture	128_T_RWTRIAD_RW_estetoscopio_red.png	7886246	43200	1	1900	2	43200	1800
S034_MINIONCE_4673	135	Picture	RW	7888346	0	1	43199	3	0	43200
S034_MINIONCE_4673	135	Response	51	7919539	31193	2
S034_MINIONCE_4673	135	Picture	129_T_RWTRIAD_RW_granjero_red.png	7931545	43199	2	1900	3	43200	1800
S034_MINIONCE_4673	136	Picture	RW	7933645	0	1	43200	2	0	43200
S034_MINIONCE_4673	136	Response	52	7965502	31857	1
S034_MINIONCE_4673	136	Picture	130_T_RWTRIAD_RW_sapo_red.png	7976845	43200	1	1900	2	43200	1800
S034_MINIONCE_4673	137	Picture	rest	7978845	0	1	144099	2	0	144000
S034_MINIONCE_4673	138	Picture	endrest	8123044	0	1	10100	2	0	10000
S034_MINIONCE_4673	139	Picture	RW	8133444	0	1	43200	3	0	43200
S034_MINIONCE_4673	139	Response	52	8150496	17052	1
S034_MINIONCE_4673	139	Picture	133_T_RWTRIAD_RW_monja_red.png	8176644	43200	2	1900	3	43200	1800
S034_MINIONCE_4673	140	Picture	RW	8178744	0	1	43199	4	0	43200
S034_MINIONCE_4673	140	Response	52	8193638	14894	1
S034_MINIONCE_4673	140	Picture	134_T_RWTRIAD_RW_futbol_red.png	8221943	43199	3	1900	6	43200	1800
S034_MINIONCE_4673	141	Picture	RW	8224043	0	3	43200	4	0	43200
S034_MINIONCE_4673	141	Response	51	8238448	14405	2
S034_MINIONCE_4673	141	Picture	135_T_RWTRIAD_RW_policia_red.png	8267243	43200	1	1900	3	43200	1800
S034_MINIONCE_4673	142	Picture	RW	8269543	0	2	43199	5	0	43200
S034_MINIONCE_4673	142	Response	52	8285060	15517	1
S034_MINIONCE_4673	142	Picture	136_T_RWTRIAD_RW_arbol_red.png	8312742	43199	3	1901	4	43200	1800
S034_MINIONCE_4673	143	Picture	rest	8314743	0	1	144098	3	0	144000
S034_MINIONCE_4673	144	Picture	endrest	8458941	0	2	10100	4	0	10000
S034_MINIONCE_4673	145	Picture	endrest	8469141	0	2	10100	4	0	10000
S034_MINIONCE_4673	146	Picture	endrest	8479340	0	3	10101	5	0	10000
S034_MINIONCE_4673	147	Picture	endrest	8489540	0	3	10100	6	0	10000
