Scenario - vOT_Triads_fMRI_II
Logfile written - 02/03/2016 11:13:02

Subject	Trial	Event Type	Code	Time	TTime	Uncertainty	Duration	Uncertainty	ReqTime	ReqDur

S034_MINIONCE_4673	1	Pulse	99	577813	587731	NA
S034_MINIONCE_4673	1	Port Input	1	577813	587731	NA
S034_MINIONCE_4673	1	Pulse	99	613814	623732	NA
S034_MINIONCE_4673	1	Port Input	1	613814	623732	NA
S034_MINIONCE_4673	1	Pulse	99	649815	659733	NA
S034_MINIONCE_4673	1	Port Input	1	649815	659733	NA
S034_MINIONCE_4673	1	Pulse	99	685816	695734	NA
S034_MINIONCE_4673	1	Port Input	1	685816	695734	NA
S034_MINIONCE_4673	1	Pulse	99	721817	731735	NA
S034_MINIONCE_4673	1	Port Input	1	721817	731735	NA
S034_MINIONCE_4673	2	Picture	rest	722094	0	1	144099	3	0	144000
S034_MINIONCE_4673	2	Pulse	99	757818	35724	NA
S034_MINIONCE_4673	2	Port Input	1	757818	35724	NA
S034_MINIONCE_4673	2	Pulse	99	793819	71725	NA
S034_MINIONCE_4673	2	Port Input	1	793819	71725	NA
S034_MINIONCE_4673	2	Pulse	99	829820	107726	NA
S034_MINIONCE_4673	2	Port Input	1	829820	107726	NA
S034_MINIONCE_4673	2	Pulse	99	865821	143727	NA
S034_MINIONCE_4673	2	Port Input	1	865821	143727	NA
S034_MINIONCE_4673	3	Picture	endrest	866293	0	2	10100	4	0	10000
S034_MINIONCE_4673	4	Picture	PW	876593	0	1	43200	2	0	43200
S034_MINIONCE_4673	4	Pulse	99	901822	25229	NA
S034_MINIONCE_4673	4	Port Input	1	901822	25229	NA
S034_MINIONCE_4673	4	Response	51	904855	28262	1
S034_MINIONCE_4673	4	Picture	3_T_PWTRIAD_PW_oruga_red.png	919793	43200	1	1900	2	43200	1800
S034_MINIONCE_4673	5	Picture	PW	921893	0	1	43200	2	0	43200
S034_MINIONCE_4673	5	Pulse	99	937823	15930	NA
S034_MINIONCE_4673	5	Port Input	1	937823	15930	NA
S034_MINIONCE_4673	5	Response	51	960106	38213	1
S034_MINIONCE_4673	5	Picture	4_T_PWTRIAD_PW_molino_red.png	965093	43200	1	1900	2	43200	1800
S034_MINIONCE_4673	6	Picture	PW	967393	0	1	43099	3	0	43200
S034_MINIONCE_4673	6	Pulse	99	973824	6431	NA
S034_MINIONCE_4673	6	Port Input	1	973824	6431	NA
S034_MINIONCE_4673	6	Response	52	992075	24682	1
S034_MINIONCE_4673	6	Pulse	99	1009825	42432	NA
S034_MINIONCE_4673	6	Port Input	1	1009825	42432	NA
S034_MINIONCE_4673	6	Picture	5_T_PWTRIAD_PW_banera_red.png	1010492	43099	2	1901	3	43200	1800
S034_MINIONCE_4673	7	Picture	PW	1012693	0	1	43199	2	0	43200
S034_MINIONCE_4673	7	Response	51	1040745	28052	1
S034_MINIONCE_4673	7	Pulse	99	1045826	33133	NA
S034_MINIONCE_4673	7	Port Input	1	1045826	33133	NA
S034_MINIONCE_4673	7	Picture	6_T_PWTRIAD_PW_teclado_red.png	1055892	43199	1	1900	2	43200	1800
S034_MINIONCE_4673	8	Picture	PW	1057992	0	2	43200	3	0	43200
S034_MINIONCE_4673	8	Pulse	99	1081827	23835	NA
S034_MINIONCE_4673	8	Port Input	1	1081827	23835	NA
S034_MINIONCE_4673	8	Response	51	1082121	24129	1
S034_MINIONCE_4673	8	Picture	7_T_PWTRIAD_PW_ancla_red.png	1101192	43200	1	1900	2	43200	1800
S034_MINIONCE_4673	9	Picture	PW	1103292	0	1	43200	2	0	43200
S034_MINIONCE_4673	9	Pulse	99	1117828	14536	NA
S034_MINIONCE_4673	9	Port Input	1	1117828	14536	NA
S034_MINIONCE_4673	9	Response	51	1123092	19800	1
S034_MINIONCE_4673	9	Picture	8_T_PWTRIAD_PW_monja_red.png	1146492	43200	1	1900	2	43200	1800
S034_MINIONCE_4673	10	Picture	PW	1148592	0	1	43199	2	0	43200
S034_MINIONCE_4673	10	Pulse	99	1153829	5237	NA
S034_MINIONCE_4673	10	Port Input	1	1153829	5237	NA
S034_MINIONCE_4673	10	Response	51	1173916	25324	1
S034_MINIONCE_4673	10	Pulse	99	1189830	41238	NA
S034_MINIONCE_4673	10	Port Input	1	1189830	41238	NA
S034_MINIONCE_4673	10	Picture	9_T_PWTRIAD_PW_almohada_red.png	1191791	43199	1	1900	2	43200	1800
S034_MINIONCE_4673	11	Picture	PW	1193891	0	1	43200	2	0	43200
S034_MINIONCE_4673	11	Response	51	1212095	18204	1
S034_MINIONCE_4673	11	Pulse	99	1225831	31940	NA
S034_MINIONCE_4673	11	Port Input	1	1225831	31940	NA
S034_MINIONCE_4673	11	Picture	10_T_PWTRIAD_PW_gafas_red.png	1237091	43200	1	1900	2	43200	1800
S034_MINIONCE_4673	12	Picture	rest	1239091	0	1	144099	2	0	144000
S034_MINIONCE_4673	12	Pulse	99	1261832	22741	NA
S034_MINIONCE_4673	12	Port Input	1	1261832	22741	NA
S034_MINIONCE_4673	12	Pulse	99	1297833	58742	NA
S034_MINIONCE_4673	12	Port Input	1	1297833	58742	NA
S034_MINIONCE_4673	12	Pulse	99	1333834	94743	NA
S034_MINIONCE_4673	12	Port Input	1	1333834	94743	NA
S034_MINIONCE_4673	12	Pulse	99	1369835	130744	NA
S034_MINIONCE_4673	12	Port Input	1	1369835	130744	NA
S034_MINIONCE_4673	13	Picture	endrest	1383290	0	1	10100	2	0	10000
S034_MINIONCE_4673	14	Picture	RW	1393790	0	1	43100	2	0	43200
S034_MINIONCE_4673	14	Pulse	99	1405836	12046	NA
S034_MINIONCE_4673	14	Port Input	1	1405836	12046	NA
S034_MINIONCE_4673	14	Response	52	1414032	20242	2
S034_MINIONCE_4673	14	Picture	13_T_RWTRIAD_RW_oruga_red.png	1436890	43100	1	1900	2	43200	1800
S034_MINIONCE_4673	15	Picture	RW	1438990	0	1	43199	2	0	43200
S034_MINIONCE_4673	15	Pulse	99	1441837	2847	NA
S034_MINIONCE_4673	15	Port Input	1	1441837	2847	NA
S034_MINIONCE_4673	15	Response	52	1470474	31484	1
S034_MINIONCE_4673	15	Pulse	99	1477837	38847	NA
S034_MINIONCE_4673	15	Port Input	1	1477837	38847	NA
S034_MINIONCE_4673	15	Picture	14_T_RWTRIAD_RW_queso_red.png	1482189	43199	1	1900	2	43200	1800
S034_MINIONCE_4673	16	Picture	RW	1484289	0	1	43200	2	0	43200
S034_MINIONCE_4673	16	Response	51	1504170	19881	2
S034_MINIONCE_4673	16	Pulse	99	1513839	29550	NA
S034_MINIONCE_4673	16	Port Input	1	1513839	29550	NA
S034_MINIONCE_4673	16	Picture	15_T_RWTRIAD_RW_candado_red.png	1527489	43200	1	1900	2	43200	1800
S034_MINIONCE_4673	17	Picture	RW	1529789	0	1	43100	2	0	43200
S034_MINIONCE_4673	17	Response	51	1544667	14878	1
S034_MINIONCE_4673	17	Pulse	99	1549839	20050	NA
S034_MINIONCE_4673	17	Port Input	1	1549839	20050	NA
S034_MINIONCE_4673	17	Picture	16_T_RWTRIAD_RW_botella_red.png	1572889	43100	1	1900	2	43200	1800
S034_MINIONCE_4673	18	Picture	RW	1574989	0	1	43199	3	0	43200
S034_MINIONCE_4673	18	Pulse	99	1585840	10851	NA
S034_MINIONCE_4673	18	Port Input	1	1585840	10851	NA
S034_MINIONCE_4673	18	Response	52	1595317	20328	1
S034_MINIONCE_4673	18	Picture	17_T_RWTRIAD_RW_mono_red.png	1618188	43199	2	1900	4	43200	1800
S034_MINIONCE_4673	19	Picture	RW	1620288	0	2	43200	3	0	43200
S034_MINIONCE_4673	19	Pulse	99	1621841	1553	NA
S034_MINIONCE_4673	19	Port Input	1	1621841	1553	NA
S034_MINIONCE_4673	19	Response	51	1645713	25425	1
S034_MINIONCE_4673	19	Pulse	99	1657842	37554	NA
S034_MINIONCE_4673	19	Port Input	1	1657842	37554	NA
S034_MINIONCE_4673	19	Picture	18_T_RWTRIAD_RW_charco_red.png	1663488	43200	1	1900	2	43200	1800
S034_MINIONCE_4673	20	Picture	RW	1665588	0	1	43200	2	0	43200
S034_MINIONCE_4673	20	Response	52	1679519	13931	1
S034_MINIONCE_4673	20	Pulse	99	1693843	28255	NA
S034_MINIONCE_4673	20	Port Input	1	1693843	28255	NA
S034_MINIONCE_4673	20	Picture	19_T_RWTRIAD_RW_anillo_red.png	1708788	43200	1	1900	2	43200	1800
S034_MINIONCE_4673	21	Picture	RW	1710888	0	1	43200	2	0	43200
S034_MINIONCE_4673	21	Response	51	1724782	13894	1
S034_MINIONCE_4673	21	Pulse	99	1729844	18956	NA
S034_MINIONCE_4673	21	Port Input	1	1729844	18956	NA
S034_MINIONCE_4673	21	Picture	20_T_RWTRIAD_RW_telefono_red.png	1754088	43200	1	1900	2	43200	1800
S034_MINIONCE_4673	22	Picture	rest	1756088	0	1	144099	2	0	144000
S034_MINIONCE_4673	22	Pulse	99	1765845	9757	NA
S034_MINIONCE_4673	22	Port Input	1	1765845	9757	NA
S034_MINIONCE_4673	22	Pulse	99	1801846	45758	NA
S034_MINIONCE_4673	22	Port Input	1	1801846	45758	NA
S034_MINIONCE_4673	22	Pulse	99	1837847	81759	NA
S034_MINIONCE_4673	22	Port Input	1	1837847	81759	NA
S034_MINIONCE_4673	22	Pulse	99	1873848	117760	NA
S034_MINIONCE_4673	22	Port Input	1	1873848	117760	NA
S034_MINIONCE_4673	23	Picture	endrest	1900287	0	1	10100	2	0	10000
S034_MINIONCE_4673	23	Pulse	99	1909849	9562	NA
S034_MINIONCE_4673	23	Port Input	1	1909849	9562	NA
S034_MINIONCE_4673	24	Picture	PW	1910587	0	1	43199	2	0	43200
S034_MINIONCE_4673	24	Response	51	1945509	34922	1
S034_MINIONCE_4673	24	Pulse	99	1945850	35263	NA
S034_MINIONCE_4673	24	Port Input	1	1945850	35263	NA
S034_MINIONCE_4673	24	Picture	23_T_PWTRIAD_PW_silla_red.png	1953786	43199	1	1900	2	43200	1800
S034_MINIONCE_4673	25	Picture	PW	1955886	0	1	43200	2	0	43200
S034_MINIONCE_4673	25	Pulse	99	1981851	25965	NA
S034_MINIONCE_4673	25	Port Input	1	1981851	25965	NA
S034_MINIONCE_4673	25	Response	51	1983042	27156	1
S034_MINIONCE_4673	25	Picture	24_T_PWTRIAD_PW_telarana_red.png	1999086	43200	1	1900	2	43200	1800
S034_MINIONCE_4673	26	Picture	PW	2001186	0	1	43200	2	0	43200
S034_MINIONCE_4673	26	Pulse	99	2017852	16666	NA
S034_MINIONCE_4673	26	Port Input	1	2017852	16666	NA
S034_MINIONCE_4673	26	Response	52	2025871	24685	1
S034_MINIONCE_4673	26	Picture	25_T_PWTRIAD_PW_manos_red.png	2044386	43200	1	1900	2	43200	1800
S034_MINIONCE_4673	27	Picture	PW	2046486	0	1	43199	3	0	43200
S034_MINIONCE_4673	27	Pulse	99	2053853	7367	NA
S034_MINIONCE_4673	27	Port Input	1	2053853	7367	NA
S034_MINIONCE_4673	27	Response	52	2073621	27135	1
S034_MINIONCE_4673	27	Picture	26_T_PWTRIAD_PW_plato_red.png	2089685	43199	2	1900	3	43200	1800
S034_MINIONCE_4673	27	Pulse	99	2089854	43368	NA
S034_MINIONCE_4673	27	Port Input	1	2089854	43368	NA
S034_MINIONCE_4673	28	Picture	RW	2091785	0	1	43200	2	0	43200
S034_MINIONCE_4673	28	Response	52	2113951	22166	1
S034_MINIONCE_4673	28	Pulse	99	2125855	34070	NA
S034_MINIONCE_4673	28	Port Input	1	2125855	34070	NA
S034_MINIONCE_4673	28	Picture	27_T_RWTRIAD_RW_sobre_red.png	2134985	43200	1	1900	2	43200	1800
S034_MINIONCE_4673	29	Picture	RW	2137085	0	1	43199	3	0	43200
S034_MINIONCE_4673	29	Response	51	2155814	18729	1
S034_MINIONCE_4673	29	Pulse	99	2161856	24771	NA
S034_MINIONCE_4673	29	Port Input	1	2161856	24771	NA
S034_MINIONCE_4673	29	Picture	28_T_RWTRIAD_RW_lana_red.png	2180284	43199	2	1901	3	43200	1800
S034_MINIONCE_4673	30	Picture	RW	2182384	0	2	43200	4	0	43200
S034_MINIONCE_4673	30	Pulse	99	2197857	15473	NA
S034_MINIONCE_4673	30	Port Input	1	2197857	15473	NA
S034_MINIONCE_4673	30	Response	51	2198367	15983	1
S034_MINIONCE_4673	30	Picture	29_T_RWTRIAD_RW_zanahoria_red.png	2225584	43200	2	1900	4	43200	1800
S034_MINIONCE_4673	31	Picture	RW	2227884	0	2	43100	3	0	43200
S034_MINIONCE_4673	31	Pulse	99	2233858	5974	NA
S034_MINIONCE_4673	31	Port Input	1	2233858	5974	NA
S034_MINIONCE_4673	31	Response	52	2244928	17044	1
S034_MINIONCE_4673	31	Pulse	99	2269859	41975	NA
S034_MINIONCE_4673	31	Port Input	1	2269859	41975	NA
S034_MINIONCE_4673	31	Picture	30_T_RWTRIAD_RW_llave_red.png	2270984	43100	1	1900	2	43200	1800
S034_MINIONCE_4673	32	Picture	rest	2272984	0	1	144099	2	0	144000
S034_MINIONCE_4673	32	Pulse	99	2305860	32876	NA
S034_MINIONCE_4673	32	Port Input	1	2305860	32876	NA
S034_MINIONCE_4673	32	Pulse	99	2341861	68877	NA
S034_MINIONCE_4673	32	Port Input	1	2341861	68877	NA
S034_MINIONCE_4673	32	Pulse	99	2377862	104878	NA
S034_MINIONCE_4673	32	Port Input	1	2377862	104878	NA
S034_MINIONCE_4673	32	Pulse	99	2413863	140879	NA
S034_MINIONCE_4673	32	Port Input	1	2413863	140879	NA
S034_MINIONCE_4673	33	Picture	endrest	2417183	0	1	10100	2	0	10000
S034_MINIONCE_4673	34	Picture	RW	2427483	0	1	43200	2	0	43200
S034_MINIONCE_4673	34	Response	51	2444873	17390	1
S034_MINIONCE_4673	34	Pulse	99	2449864	22381	NA
S034_MINIONCE_4673	34	Port Input	1	2449864	22381	NA
S034_MINIONCE_4673	34	Picture	33_T_RWTRIAD_RW_television_red.png	2470683	43200	1	1900	2	43200	1800
S034_MINIONCE_4673	35	Picture	RW	2472783	0	1	43199	3	0	43200
S034_MINIONCE_4673	35	Pulse	99	2485865	13082	NA
S034_MINIONCE_4673	35	Port Input	1	2485865	13082	NA
S034_MINIONCE_4673	35	Response	51	2487062	14279	1
S034_MINIONCE_4673	35	Picture	34_T_RWTRIAD_RW_violin_red.png	2515982	43199	2	1900	4	43200	1800
S034_MINIONCE_4673	36	Picture	RW	2518082	0	2	43200	3	0	43200
S034_MINIONCE_4673	36	Pulse	99	2521866	3784	NA
S034_MINIONCE_4673	36	Port Input	1	2521866	3784	NA
S034_MINIONCE_4673	36	Response	52	2547362	29280	1
S034_MINIONCE_4673	36	Pulse	99	2557867	39785	NA
S034_MINIONCE_4673	36	Port Input	1	2557867	39785	NA
S034_MINIONCE_4673	36	Picture	35_T_RWTRIAD_RW_lenador_red.png	2561282	43200	1	1900	2	43200	1800
S034_MINIONCE_4673	37	Picture	RW	2563582	0	1	43100	2	0	43200
S034_MINIONCE_4673	37	Response	52	2580611	17029	1
S034_MINIONCE_4673	37	Pulse	99	2593868	30286	NA
S034_MINIONCE_4673	37	Port Input	1	2593868	30286	NA
S034_MINIONCE_4673	37	Picture	36_T_RWTRIAD_RW_arco_red.png	2606682	43100	1	1900	2	43200	1800
S034_MINIONCE_4673	38	Picture	PW	2608782	0	1	43200	2	0	43200
S034_MINIONCE_4673	38	Response	51	2626025	17243	1
S034_MINIONCE_4673	38	Pulse	99	2629868	21086	NA
S034_MINIONCE_4673	38	Port Input	1	2629868	21086	NA
S034_MINIONCE_4673	38	Picture	37_T_PWTRIAD_PW_dedal_red.png	2651982	43200	1	1900	2	43200	1800
S034_MINIONCE_4673	39	Picture	PW	2654082	0	1	43199	2	0	43200
S034_MINIONCE_4673	39	Pulse	99	2665869	11787	NA
S034_MINIONCE_4673	39	Port Input	1	2665869	11787	NA
S034_MINIONCE_4673	39	Response	52	2672355	18273	1
S034_MINIONCE_4673	39	Picture	38_T_PWTRIAD_PW_perro_red.png	2697281	43199	1	1900	2	43200	1800
S034_MINIONCE_4673	40	Picture	PW	2699381	0	1	43200	2	0	43200
S034_MINIONCE_4673	40	Pulse	99	2701870	2489	NA
S034_MINIONCE_4673	40	Port Input	1	2701870	2489	NA
S034_MINIONCE_4673	40	Response	51	2721679	22298	1
S034_MINIONCE_4673	40	Pulse	99	2737872	38491	NA
S034_MINIONCE_4673	40	Port Input	1	2737872	38491	NA
S034_MINIONCE_4673	40	Picture	39_T_PWTRIAD_PW_tenedor_red.png	2742581	43200	1	1900	2	43200	1800
S034_MINIONCE_4673	41	Picture	PW	2744881	0	1	43100	2	0	43200
S034_MINIONCE_4673	41	Response	52	2765513	20632	1
S034_MINIONCE_4673	41	Pulse	99	2773872	28991	NA
S034_MINIONCE_4673	41	Port Input	1	2773872	28991	NA
S034_MINIONCE_4673	41	Picture	40_T_PWTRIAD_PW_botella_red.png	2787981	43100	1	1900	2	43200	1800
S034_MINIONCE_4673	42	Picture	rest	2789981	0	1	144099	2	0	144000
S034_MINIONCE_4673	42	Pulse	99	2809873	19892	NA
S034_MINIONCE_4673	42	Port Input	1	2809873	19892	NA
S034_MINIONCE_4673	42	Pulse	99	2845874	55893	NA
S034_MINIONCE_4673	42	Port Input	1	2845874	55893	NA
S034_MINIONCE_4673	42	Pulse	99	2881875	91894	NA
S034_MINIONCE_4673	42	Port Input	1	2881875	91894	NA
S034_MINIONCE_4673	42	Pulse	99	2917876	127895	NA
S034_MINIONCE_4673	42	Port Input	1	2917876	127895	NA
S034_MINIONCE_4673	43	Picture	endrest	2934180	0	1	10100	2	0	10000
S034_MINIONCE_4673	44	Picture	FF	2944680	0	1	43099	2	0	43200
S034_MINIONCE_4673	44	Pulse	99	2953877	9197	NA
S034_MINIONCE_4673	44	Port Input	1	2953877	9197	NA
S034_MINIONCE_4673	44	Response	52	2968191	23511	1
S034_MINIONCE_4673	44	Picture	43_T_FFTRIAD_FF_ascensor_red.png	2987779	43099	1	1900	2	43200	1800
S034_MINIONCE_4673	44	Pulse	99	2989878	45198	NA
S034_MINIONCE_4673	44	Port Input	1	2989878	45198	NA
S034_MINIONCE_4673	45	Picture	FF	2989879	0	1	43200	2	0	43200
S034_MINIONCE_4673	45	Response	51	3001617	11738	1
S034_MINIONCE_4673	45	Pulse	99	3025879	36000	NA
S034_MINIONCE_4673	45	Port Input	1	3025879	36000	NA
S034_MINIONCE_4673	45	Picture	44_T_FFTRIAD_FF_estetoscopio_red.png	3033079	43200	1	1900	2	43200	1800
S034_MINIONCE_4673	46	Picture	FF	3035179	0	1	43200	2	0	43200
S034_MINIONCE_4673	46	Response	51	3046137	10958	1
S034_MINIONCE_4673	46	Pulse	99	3061880	26701	NA
S034_MINIONCE_4673	46	Port Input	1	3061880	26701	NA
S034_MINIONCE_4673	46	Picture	45_T_FFTRIAD_FF_cortina_red.png	3078379	43200	1	1900	2	43200	1800
S034_MINIONCE_4673	47	Picture	FF	3080479	0	1	43199	3	0	43200
S034_MINIONCE_4673	47	Response	51	3095296	14817	1
S034_MINIONCE_4673	47	Pulse	99	3097881	17402	NA
S034_MINIONCE_4673	47	Port Input	1	3097881	17402	NA
S034_MINIONCE_4673	47	Picture	46_T_FFTRIAD_FF_cuento_red.png	3123678	43199	2	1900	4	43200	1800
S034_MINIONCE_4673	48	Picture	FF	3125778	0	1	43200	2	0	43200
S034_MINIONCE_4673	48	Pulse	99	3133882	8104	NA
S034_MINIONCE_4673	48	Port Input	1	3133882	8104	NA
S034_MINIONCE_4673	48	Response	52	3141043	15265	1
S034_MINIONCE_4673	48	Picture	47_T_FFTRIAD_FF_mono_red.png	3168978	43200	1	1900	3	43200	1800
S034_MINIONCE_4673	48	Pulse	99	3169883	44105	NA
S034_MINIONCE_4673	48	Port Input	1	3169883	44105	NA
S034_MINIONCE_4673	49	Picture	FF	3171078	0	1	43200	2	0	43200
S034_MINIONCE_4673	49	Response	52	3185045	13967	1
S034_MINIONCE_4673	49	Pulse	99	3205884	34806	NA
S034_MINIONCE_4673	49	Port Input	1	3205884	34806	NA
S034_MINIONCE_4673	49	Picture	48_T_FFTRIAD_FF_lenador_red.png	3214278	43200	1	1900	2	43200	1800
S034_MINIONCE_4673	50	Picture	FF	3216378	0	1	43200	2	0	43200
S034_MINIONCE_4673	50	Response	52	3227977	11599	1
S034_MINIONCE_4673	50	Pulse	99	3241885	25507	NA
S034_MINIONCE_4673	50	Port Input	1	3241885	25507	NA
S034_MINIONCE_4673	50	Picture	49_T_FFTRIAD_FF_esquimal_red.png	3259578	43200	1	1900	2	43200	1800
S034_MINIONCE_4673	51	Picture	FF	3261678	0	1	43199	2	0	43200
S034_MINIONCE_4673	51	Response	52	3275197	13519	1
S034_MINIONCE_4673	51	Pulse	99	3277886	16208	NA
S034_MINIONCE_4673	51	Port Input	1	3277886	16208	NA
S034_MINIONCE_4673	51	Picture	50_T_FFTRIAD_FF_lana_red.png	3304877	43199	1	1900	2	43200	1800
S034_MINIONCE_4673	52	Picture	rest	3306877	0	1	144099	2	0	144000
S034_MINIONCE_4673	52	Pulse	99	3313887	7010	NA
S034_MINIONCE_4673	52	Port Input	1	3313887	7010	NA
S034_MINIONCE_4673	52	Pulse	99	3349888	43011	NA
S034_MINIONCE_4673	52	Port Input	1	3349888	43011	NA
S034_MINIONCE_4673	52	Pulse	99	3385889	79012	NA
S034_MINIONCE_4673	52	Port Input	1	3385889	79012	NA
S034_MINIONCE_4673	52	Pulse	99	3421890	115013	NA
S034_MINIONCE_4673	52	Port Input	1	3421890	115013	NA
S034_MINIONCE_4673	53	Picture	endrest	3451076	0	1	10100	2	0	10000
S034_MINIONCE_4673	53	Pulse	99	3457891	6815	NA
S034_MINIONCE_4673	53	Port Input	1	3457891	6815	NA
S034_MINIONCE_4673	54	Picture	RW	3461376	0	1	43200	2	0	43200
S034_MINIONCE_4673	54	Response	51	3480323	18947	1
S034_MINIONCE_4673	54	Pulse	99	3493892	32516	NA
S034_MINIONCE_4673	54	Port Input	1	3493892	32516	NA
S034_MINIONCE_4673	54	Picture	53_T_RWTRIAD_RW_bala_red.png	3504576	43200	1	1900	2	43200	1800
S034_MINIONCE_4673	55	Picture	RW	3506676	0	1	43200	2	0	43200
S034_MINIONCE_4673	55	Response	51	3523852	17176	1
S034_MINIONCE_4673	55	Pulse	99	3529893	23217	NA
S034_MINIONCE_4673	55	Port Input	1	3529893	23217	NA
S034_MINIONCE_4673	55	Picture	54_T_RWTRIAD_RW_tenedor_red.png	3549876	43200	1	1900	2	43200	1800
S034_MINIONCE_4673	56	Picture	RW	3551976	0	1	43199	2	0	43200
S034_MINIONCE_4673	56	Pulse	99	3565894	13918	NA
S034_MINIONCE_4673	56	Port Input	1	3565894	13918	NA
S034_MINIONCE_4673	56	Response	51	3570072	18096	1
S034_MINIONCE_4673	56	Picture	55_T_RWTRIAD_RW_almohada_red.png	3595175	43199	1	1900	2	43200	1800
S034_MINIONCE_4673	57	Picture	RW	3597275	0	1	43200	2	0	43200
S034_MINIONCE_4673	57	Pulse	99	3601895	4620	NA
S034_MINIONCE_4673	57	Port Input	1	3601895	4620	NA
S034_MINIONCE_4673	57	Response	52	3626565	29290	1
S034_MINIONCE_4673	57	Pulse	99	3637896	40621	NA
S034_MINIONCE_4673	57	Port Input	1	3637896	40621	NA
S034_MINIONCE_4673	57	Picture	56_T_RWTRIAD_RW_bellota_red.png	3640475	43200	1	1900	2	43200	1800
S034_MINIONCE_4673	58	Picture	FF	3642575	0	1	43200	2	0	43200
S034_MINIONCE_4673	58	Response	52	3656801	14226	2
S034_MINIONCE_4673	58	Pulse	99	3673897	31322	NA
S034_MINIONCE_4673	58	Port Input	1	3673897	31322	NA
S034_MINIONCE_4673	58	Picture	57_T_FFTRIAD_FF_iglu_red.png	3685775	43200	1	1900	2	43200	1800
S034_MINIONCE_4673	59	Picture	FF	3687875	0	1	43199	2	0	43200
S034_MINIONCE_4673	59	Response	52	3702214	14339	1
S034_MINIONCE_4673	59	Pulse	99	3709898	22023	NA
S034_MINIONCE_4673	59	Port Input	1	3709898	22023	NA
S034_MINIONCE_4673	59	Picture	58_T_FFTRIAD_FF_destornillador_red.png	3731074	43199	1	1900	2	43200	1800
S034_MINIONCE_4673	60	Picture	FF	3733174	0	2	43200	3	0	43200
S034_MINIONCE_4673	60	Response	51	3744288	11114	1
S034_MINIONCE_4673	60	Pulse	99	3745898	12724	NA
S034_MINIONCE_4673	60	Port Input	1	3745898	12724	NA
S034_MINIONCE_4673	60	Picture	59_T_FFTRIAD_FF_dado_red.png	3776374	43200	1	1900	2	43200	1800
S034_MINIONCE_4673	61	Picture	FF	3778574	0	1	43200	2	0	43200
S034_MINIONCE_4673	61	Pulse	99	3781899	3325	NA
S034_MINIONCE_4673	61	Port Input	1	3781899	3325	NA
S034_MINIONCE_4673	61	Response	52	3794821	16247	1
S034_MINIONCE_4673	61	Pulse	99	3817900	39326	NA
S034_MINIONCE_4673	61	Port Input	1	3817900	39326	NA
S034_MINIONCE_4673	61	Picture	60_T_FFTRIAD_FF_anillo_red.png	3821774	43200	1	1900	2	43200	1800
S034_MINIONCE_4673	62	Picture	rest	3823774	0	1	144099	2	0	144000
S034_MINIONCE_4673	62	Pulse	99	3853901	30127	NA
S034_MINIONCE_4673	62	Port Input	1	3853901	30127	NA
S034_MINIONCE_4673	62	Pulse	99	3889902	66128	NA
S034_MINIONCE_4673	62	Port Input	1	3889902	66128	NA
S034_MINIONCE_4673	62	Pulse	99	3925903	102129	NA
S034_MINIONCE_4673	62	Port Input	1	3925903	102129	NA
S034_MINIONCE_4673	62	Pulse	99	3961904	138130	NA
S034_MINIONCE_4673	62	Port Input	1	3961904	138130	NA
S034_MINIONCE_4673	63	Picture	endrest	3967973	0	1	10100	2	0	10000
S034_MINIONCE_4673	64	Picture	PW	3978273	0	1	43199	3	0	43200
S034_MINIONCE_4673	64	Response	51	3994364	16091	1
S034_MINIONCE_4673	64	Pulse	99	3997905	19632	NA
S034_MINIONCE_4673	64	Port Input	1	3997905	19632	NA
S034_MINIONCE_4673	64	Picture	63_T_PWTRIAD_PW_chupete_red.png	4021472	43199	2	1900	4	43200	1800
S034_MINIONCE_4673	65	Picture	PW	4023572	0	2	43200	3	0	43200
S034_MINIONCE_4673	65	Pulse	99	4033906	10334	NA
S034_MINIONCE_4673	65	Port Input	1	4033906	10334	NA
S034_MINIONCE_4673	65	Response	51	4048082	24510	1
S034_MINIONCE_4673	65	Picture	64_T_PWTRIAD_PW_dado_red.png	4066772	43200	1	1900	2	43200	1800
S034_MINIONCE_4673	66	Picture	PW	4068872	0	1	43200	2	0	43200
S034_MINIONCE_4673	66	Pulse	99	4069907	1035	NA
S034_MINIONCE_4673	66	Port Input	1	4069907	1035	NA
S034_MINIONCE_4673	66	Response	51	4086313	17441	1
S034_MINIONCE_4673	66	Pulse	99	4105908	37036	NA
S034_MINIONCE_4673	66	Port Input	1	4105908	37036	NA
S034_MINIONCE_4673	66	Picture	65_T_PWTRIAD_PW_novia_red.png	4112072	43200	1	1900	2	43200	1800
S034_MINIONCE_4673	67	Picture	PW	4114172	0	1	43200	2	0	43200
S034_MINIONCE_4673	67	Response	51	4135927	21755	1
S034_MINIONCE_4673	67	Pulse	99	4141909	27737	NA
S034_MINIONCE_4673	67	Port Input	1	4141909	27737	NA
S034_MINIONCE_4673	67	Picture	66_T_PWTRIAD_PW_ascensor_red.png	4157372	43200	1	1900	2	43200	1800
S034_MINIONCE_4673	68	Picture	FF	4159572	0	1	43199	2	0	43200
S034_MINIONCE_4673	68	Response	51	4171415	11843	1
S034_MINIONCE_4673	68	Pulse	99	4177910	18338	NA
S034_MINIONCE_4673	68	Port Input	1	4177910	18338	NA
S034_MINIONCE_4673	68	Picture	67_T_FFTRIAD_FF_violin_red.png	4202771	43199	1	1900	2	43200	1800
S034_MINIONCE_4673	69	Picture	FF	4205071	0	1	43100	2	0	43200
S034_MINIONCE_4673	69	Pulse	99	4213911	8840	NA
S034_MINIONCE_4673	69	Port Input	1	4213911	8840	NA
S034_MINIONCE_4673	69	Response	51	4216005	10934	1
S034_MINIONCE_4673	69	Picture	68_T_FFTRIAD_FF_pincel_red.png	4248171	43100	1	1900	2	43200	1800
S034_MINIONCE_4673	69	Pulse	99	4249912	44841	NA
S034_MINIONCE_4673	69	Port Input	1	4249912	44841	NA
S034_MINIONCE_4673	70	Picture	FF	4250371	0	1	43200	2	0	43200
S034_MINIONCE_4673	70	Response	51	4260658	10287	1
S034_MINIONCE_4673	70	Pulse	99	4285913	35542	NA
S034_MINIONCE_4673	70	Port Input	1	4285913	35542	NA
S034_MINIONCE_4673	70	Picture	69_T_FFTRIAD_FF_charco_red.png	4293571	43200	1	1900	2	43200	1800
S034_MINIONCE_4673	71	Picture	FF	4295671	0	1	43199	2	0	43200
S034_MINIONCE_4673	71	Response	51	4305485	9814	1
S034_MINIONCE_4673	71	Pulse	99	4321914	26243	NA
S034_MINIONCE_4673	71	Port Input	1	4321914	26243	NA
S034_MINIONCE_4673	71	Picture	70_T_FFTRIAD_FF_paraguas_red.png	4338870	43199	1	1900	2	43200	1800
S034_MINIONCE_4673	72	Picture	rest	4340854	0	42	144015	43	0	144000
S034_MINIONCE_4673	72	Pulse	99	4357915	17061	NA
S034_MINIONCE_4673	72	Port Input	1	4357915	17061	NA
S034_MINIONCE_4673	72	Pulse	99	4393916	53062	NA
S034_MINIONCE_4673	72	Port Input	1	4393916	53062	NA
S034_MINIONCE_4673	72	Pulse	99	4429917	89063	NA
S034_MINIONCE_4673	72	Port Input	1	4429917	89063	NA
S034_MINIONCE_4673	72	Pulse	99	4465918	125064	NA
S034_MINIONCE_4673	72	Port Input	1	4465918	125064	NA
S034_MINIONCE_4673	73	Picture	endrest	4484969	0	1	10100	2	0	10000
S034_MINIONCE_4673	74	Picture	PW	4495269	0	1	43200	2	0	43200
S034_MINIONCE_4673	74	Pulse	99	4501919	6650	NA
S034_MINIONCE_4673	74	Port Input	1	4501919	6650	NA
S034_MINIONCE_4673	74	Response	52	4528613	33344	1
S034_MINIONCE_4673	74	Pulse	99	4537920	42651	NA
S034_MINIONCE_4673	74	Port Input	1	4537920	42651	NA
S034_MINIONCE_4673	74	Picture	73_T_PWTRIAD_PW_lana_red.png	4538469	43200	1	1900	2	43200	1800
S034_MINIONCE_4673	75	Picture	PW	4540569	0	1	43199	3	0	43200
S034_MINIONCE_4673	75	Response	52	4559452	18883	1
S034_MINIONCE_4673	75	Pulse	99	4573921	33352	NA
S034_MINIONCE_4673	75	Port Input	1	4573921	33352	NA
S034_MINIONCE_4673	75	Picture	74_T_PWTRIAD_PW_anillo_red.png	4583768	43199	2	1900	4	43200	1800
S034_MINIONCE_4673	76	Picture	PW	4585868	0	2	43200	3	0	43200
S034_MINIONCE_4673	76	Response	51	4599912	14044	1
S034_MINIONCE_4673	76	Pulse	99	4609922	24054	NA
S034_MINIONCE_4673	76	Port Input	1	4609922	24054	NA
S034_MINIONCE_4673	76	Picture	75_T_PWTRIAD_PW_futbol_red.png	4629068	43200	1	1900	3	43200	1800
S034_MINIONCE_4673	77	Picture	PW	4631368	0	2	43100	3	0	43200
S034_MINIONCE_4673	77	Response	51	4644876	13508	1
S034_MINIONCE_4673	77	Pulse	99	4645923	14555	NA
S034_MINIONCE_4673	77	Port Input	1	4645923	14555	NA
S034_MINIONCE_4673	77	Picture	76_T_PWTRIAD_PW_agua_red.png	4674468	43100	1	1900	2	43200	1800
S034_MINIONCE_4673	78	Picture	PW	4676768	0	1	43100	2	0	43200
S034_MINIONCE_4673	78	Pulse	99	4681924	5156	NA
S034_MINIONCE_4673	78	Port Input	1	4681924	5156	NA
S034_MINIONCE_4673	78	Response	51	4695963	19195	1
S034_MINIONCE_4673	78	Pulse	99	4717925	41157	NA
S034_MINIONCE_4673	78	Port Input	1	4717925	41157	NA
S034_MINIONCE_4673	78	Picture	77_T_PWTRIAD_PW_television_red.png	4719868	43100	1	1900	2	43200	1800
S034_MINIONCE_4673	79	Picture	PW	4721968	0	1	43199	3	0	43200
S034_MINIONCE_4673	79	Response	52	4740515	18547	1
S034_MINIONCE_4673	79	Pulse	99	4753926	31958	NA
S034_MINIONCE_4673	79	Port Input	1	4753926	31958	NA
S034_MINIONCE_4673	79	Picture	78_T_PWTRIAD_PW_queso_red.png	4765167	43199	2	1900	4	43200	1800
S034_MINIONCE_4673	80	Picture	PW	4767267	0	2	43200	3	0	43200
S034_MINIONCE_4673	80	Response	51	4788165	20898	1
S034_MINIONCE_4673	80	Pulse	99	4789927	22660	NA
S034_MINIONCE_4673	80	Port Input	1	4789927	22660	NA
S034_MINIONCE_4673	80	Picture	79_T_PWTRIAD_PW_arco_red.png	4810467	43200	1	1900	2	43200	1800
S034_MINIONCE_4673	81	Picture	PW	4812567	0	1	43200	2	0	43200
S034_MINIONCE_4673	81	Pulse	99	4825928	13361	NA
S034_MINIONCE_4673	81	Port Input	1	4825928	13361	NA
S034_MINIONCE_4673	81	Response	51	4829164	16597	1
S034_MINIONCE_4673	81	Picture	80_T_PWTRIAD_PW_granjero_red.png	4855767	43200	1	1900	2	43200	1800
S034_MINIONCE_4673	82	Picture	rest	4857767	0	1	144099	2	0	144000
S034_MINIONCE_4673	82	Pulse	99	4861929	4162	NA
S034_MINIONCE_4673	82	Port Input	1	4861929	4162	NA
S034_MINIONCE_4673	82	Pulse	99	4897930	40163	NA
S034_MINIONCE_4673	82	Port Input	1	4897930	40163	NA
S034_MINIONCE_4673	82	Pulse	99	4933930	76163	NA
S034_MINIONCE_4673	82	Port Input	1	4933930	76163	NA
S034_MINIONCE_4673	82	Pulse	99	4969931	112164	NA
S034_MINIONCE_4673	82	Port Input	1	4969931	112164	NA
S034_MINIONCE_4673	83	Picture	endrest	5001966	0	1	10100	2	0	10000
S034_MINIONCE_4673	83	Pulse	99	5005932	3966	NA
S034_MINIONCE_4673	83	Port Input	1	5005932	3966	NA
S034_MINIONCE_4673	84	Picture	RW	5012266	0	1	43200	2	0	43200
S034_MINIONCE_4673	84	Response	52	5039193	26927	1
S034_MINIONCE_4673	84	Pulse	99	5041933	29667	NA
S034_MINIONCE_4673	84	Port Input	1	5041933	29667	NA
S034_MINIONCE_4673	84	Picture	83_T_RWTRIAD_RW_tijera_red.png	5055466	43200	1	1899	3	43200	1800
S034_MINIONCE_4673	85	Picture	RW	5057565	0	2	43200	3	0	43200
S034_MINIONCE_4673	85	Pulse	99	5077934	20369	NA
S034_MINIONCE_4673	85	Port Input	1	5077934	20369	NA
S034_MINIONCE_4673	85	Response	52	5081717	24152	1
S034_MINIONCE_4673	85	Picture	84_T_RWTRIAD_RW_pluma_red.png	5100765	43200	1	1900	2	43200	1800
S034_MINIONCE_4673	86	Picture	RW	5102865	0	1	43200	2	0	43200
S034_MINIONCE_4673	86	Pulse	99	5113935	11070	NA
S034_MINIONCE_4673	86	Port Input	1	5113935	11070	NA
S034_MINIONCE_4673	86	Response	51	5118689	15824	1
S034_MINIONCE_4673	86	Picture	85_T_RWTRIAD_RW_telarana_red.png	5146065	43200	1	1900	2	43200	1800
S034_MINIONCE_4673	87	Picture	RW	5148365	0	1	43100	2	0	43200
S034_MINIONCE_4673	87	Pulse	99	5149936	1571	NA
S034_MINIONCE_4673	87	Port Input	1	5149936	1571	NA
S034_MINIONCE_4673	87	Response	52	5164180	15815	1
S034_MINIONCE_4673	87	Pulse	99	5185937	37572	NA
S034_MINIONCE_4673	87	Port Input	1	5185937	37572	NA
S034_MINIONCE_4673	87	Picture	86_T_RWTRIAD_RW_pincel_red.png	5191465	43100	1	1900	2	43200	1800
S034_MINIONCE_4673	88	Picture	RW	5193565	0	1	43199	2	0	43200
S034_MINIONCE_4673	88	Response	52	5210696	17131	1
S034_MINIONCE_4673	88	Pulse	99	5221938	28373	NA
S034_MINIONCE_4673	88	Port Input	1	5221938	28373	NA
S034_MINIONCE_4673	88	Picture	87_T_RWTRIAD_RW_grapadora_red.png	5236764	43199	1	1900	2	43200	1800
S034_MINIONCE_4673	89	Picture	RW	5238864	0	1	43200	2	0	43200
S034_MINIONCE_4673	89	Pulse	99	5257939	19075	NA
S034_MINIONCE_4673	89	Port Input	1	5257939	19075	NA
S034_MINIONCE_4673	89	Response	52	5264551	25687	1
S034_MINIONCE_4673	89	Picture	88_T_RWTRIAD_RW_silla_red.png	5282064	43200	1	1900	2	43200	1800
S034_MINIONCE_4673	90	Picture	RW	5284164	0	1	43200	2	0	43200
S034_MINIONCE_4673	90	Pulse	99	5293940	9776	NA
S034_MINIONCE_4673	90	Port Input	1	5293940	9776	NA
S034_MINIONCE_4673	90	Response	51	5313536	29372	1
S034_MINIONCE_4673	90	Picture	89_T_RWTRIAD_RW_carruaje_red.png	5327364	43200	1	1900	2	43200	1800
S034_MINIONCE_4673	91	Picture	RW	5329464	0	1	43199	2	0	43200
S034_MINIONCE_4673	91	Pulse	99	5329941	477	NA
S034_MINIONCE_4673	91	Port Input	1	5329941	477	NA
S034_MINIONCE_4673	91	Response	52	5345487	16023	2
S034_MINIONCE_4673	91	Pulse	99	5365942	36478	NA
S034_MINIONCE_4673	91	Port Input	1	5365942	36478	NA
S034_MINIONCE_4673	91	Picture	90_T_RWTRIAD_RW_destornillador_red.png	5372663	43199	1	1900	2	43200	1800
S034_MINIONCE_4673	92	Picture	rest	5374663	0	1	144099	3	0	144000
S034_MINIONCE_4673	92	Pulse	99	5401943	27280	NA
S034_MINIONCE_4673	92	Port Input	1	5401943	27280	NA
S034_MINIONCE_4673	92	Pulse	99	5437944	63281	NA
S034_MINIONCE_4673	92	Port Input	1	5437944	63281	NA
S034_MINIONCE_4673	92	Pulse	99	5473945	99282	NA
S034_MINIONCE_4673	92	Port Input	1	5473945	99282	NA
S034_MINIONCE_4673	92	Pulse	99	5509946	135283	NA
S034_MINIONCE_4673	92	Port Input	1	5509946	135283	NA
S034_MINIONCE_4673	93	Picture	endrest	5518862	0	1	10100	2	0	10000
S034_MINIONCE_4673	94	Picture	FF	5529162	0	1	43200	2	0	43200
S034_MINIONCE_4673	94	Response	51	5540233	11071	1
S034_MINIONCE_4673	94	Pulse	99	5545947	16785	NA
S034_MINIONCE_4673	94	Port Input	1	5545947	16785	NA
S034_MINIONCE_4673	94	Picture	93_T_FFTRIAD_FF_television_red.png	5572362	43200	1	1900	2	43200	1800
S034_MINIONCE_4673	95	Picture	FF	5574462	0	1	43200	2	0	43200
S034_MINIONCE_4673	95	Pulse	99	5581948	7486	NA
S034_MINIONCE_4673	95	Port Input	1	5581948	7486	NA
S034_MINIONCE_4673	95	Response	52	5600237	25775	2
S034_MINIONCE_4673	95	Picture	94_T_FFTRIAD_FF_candado_red.png	5617662	43200	1	1900	2	43200	1800
S034_MINIONCE_4673	95	Pulse	99	5617949	43487	NA
S034_MINIONCE_4673	95	Port Input	1	5617949	43487	NA
S034_MINIONCE_4673	96	Picture	FF	5619762	0	1	43199	3	0	43200
S034_MINIONCE_4673	96	Response	51	5646033	26271	1
S034_MINIONCE_4673	96	Pulse	99	5653950	34188	NA
S034_MINIONCE_4673	96	Port Input	1	5653950	34188	NA
S034_MINIONCE_4673	96	Picture	95_T_FFTRIAD_FF_futbol_red.png	5662961	43199	2	1900	4	43200	1800
S034_MINIONCE_4673	97	Picture	FF	5665261	0	2	43100	3	0	43200
S034_MINIONCE_4673	97	Pulse	99	5689951	24690	NA
S034_MINIONCE_4673	97	Port Input	1	5689951	24690	NA
S034_MINIONCE_4673	97	Picture	96_T_FFTRIAD_FF_grapadora_red.png	5708361	43100	1	1900	2	43200	1800
S034_MINIONCE_4673	98	Picture	RW	5710661	0	1	43100	2	0	43200
S034_MINIONCE_4673	98	Pulse	99	5725952	15291	NA
S034_MINIONCE_4673	98	Port Input	1	5725952	15291	NA
S034_MINIONCE_4673	98	Response	51	5738316	27655	1
S034_MINIONCE_4673	98	Picture	97_T_RWTRIAD_RW_ancla_red.png	5753761	43100	1	1900	2	43200	1800
S034_MINIONCE_4673	99	Picture	RW	5755861	0	1	43200	2	0	43200
S034_MINIONCE_4673	99	Pulse	99	5761953	6092	NA
S034_MINIONCE_4673	99	Port Input	1	5761953	6092	NA
S034_MINIONCE_4673	99	Response	52	5787157	31296	1
S034_MINIONCE_4673	99	Pulse	99	5797954	42093	NA
S034_MINIONCE_4673	99	Port Input	1	5797954	42093	NA
S034_MINIONCE_4673	99	Picture	98_T_RWTRIAD_RW_molino_red.png	5799061	43200	1	1900	2	43200	1800
S034_MINIONCE_4673	100	Picture	RW	5801160	0	2	43200	3	0	43200
S034_MINIONCE_4673	100	Response	51	5815270	14110	1
S034_MINIONCE_4673	100	Pulse	99	5833955	32795	NA
S034_MINIONCE_4673	100	Port Input	1	5833955	32795	NA
S034_MINIONCE_4673	100	Picture	99_T_RWTRIAD_RW_paracaidas_red.png	5844360	43200	1	1900	2	43200	1800
S034_MINIONCE_4673	101	Picture	RW	5846460	0	1	43200	2	0	43200
S034_MINIONCE_4673	101	Response	52	5859757	13297	1
S034_MINIONCE_4673	101	Pulse	99	5869956	23496	NA
S034_MINIONCE_4673	101	Port Input	1	5869956	23496	NA
S034_MINIONCE_4673	101	Picture	100_T_RWTRIAD_RW_sombrilla_red.png	5889660	43200	1	1900	2	43200	1800
S034_MINIONCE_4673	102	Picture	rest	5891660	0	1	144099	2	0	144000
S034_MINIONCE_4673	102	Pulse	99	5905957	14297	NA
S034_MINIONCE_4673	102	Port Input	1	5905957	14297	NA
S034_MINIONCE_4673	102	Pulse	99	5941958	50298	NA
S034_MINIONCE_4673	102	Port Input	1	5941958	50298	NA
S034_MINIONCE_4673	102	Pulse	99	5977959	86299	NA
S034_MINIONCE_4673	102	Port Input	1	5977959	86299	NA
S034_MINIONCE_4673	102	Pulse	99	6013960	122300	NA
S034_MINIONCE_4673	102	Port Input	1	6013960	122300	NA
S034_MINIONCE_4673	103	Picture	endrest	6035859	0	1	10100	2	0	10000
S034_MINIONCE_4673	104	Picture	FF	6046159	0	1	43200	2	0	43200
S034_MINIONCE_4673	104	Pulse	99	6049961	3802	NA
S034_MINIONCE_4673	104	Port Input	1	6049961	3802	NA
S034_MINIONCE_4673	104	Response	51	6062128	15969	1
S034_MINIONCE_4673	104	Pulse	99	6085962	39803	NA
S034_MINIONCE_4673	104	Port Input	1	6085962	39803	NA
S034_MINIONCE_4673	104	Picture	103_T_FFTRIAD_FF_sombrilla_red.png	6089359	43200	1	1900	2	43200	1800
S034_MINIONCE_4673	105	Picture	FF	6091459	0	1	43199	2	0	43200
S034_MINIONCE_4673	105	Response	52	6105820	14361	1
S034_MINIONCE_4673	105	Pulse	99	6121962	30503	NA
S034_MINIONCE_4673	105	Port Input	1	6121962	30503	NA
S034_MINIONCE_4673	105	Picture	104_T_FFTRIAD_FF_bala_red.png	6134658	43199	1	1900	2	43200	1800
S034_MINIONCE_4673	106	Picture	FF	6136858	0	1	43200	2	0	43200
S034_MINIONCE_4673	106	Response	52	6157057	20199	1
S034_MINIONCE_4673	106	Pulse	99	6157963	21105	NA
S034_MINIONCE_4673	106	Port Input	1	6157963	21105	NA
S034_MINIONCE_4673	106	Picture	105_T_FFTRIAD_FF_portatil_red.png	6180058	43200	1	1900	2	43200	1800
S034_MINIONCE_4673	107	Picture	FF	6182358	0	1	43100	2	0	43200
S034_MINIONCE_4673	107	Pulse	99	6193964	11606	NA
S034_MINIONCE_4673	107	Port Input	1	6193964	11606	NA
S034_MINIONCE_4673	107	Response	52	6195043	12685	2
S034_MINIONCE_4673	107	Picture	106_T_FFTRIAD_FF_murcielago_red.png	6225458	43100	1	1900	2	43200	1800
S034_MINIONCE_4673	108	Picture	FF	6227758	0	1	43099	2	0	43200
S034_MINIONCE_4673	108	Pulse	99	6229965	2207	NA
S034_MINIONCE_4673	108	Port Input	1	6229965	2207	NA
S034_MINIONCE_4673	108	Response	52	6238086	10328	1
S034_MINIONCE_4673	108	Pulse	99	6265966	38208	NA
S034_MINIONCE_4673	108	Port Input	1	6265966	38208	NA
S034_MINIONCE_4673	108	Picture	107_T_FFTRIAD_FF_telarana_red.png	6270857	43099	1	1900	2	43200	1800
S034_MINIONCE_4673	109	Picture	FF	6272957	0	2	43200	3	0	43200
S034_MINIONCE_4673	109	Response	51	6298534	25577	2
S034_MINIONCE_4673	109	Pulse	99	6301967	29010	NA
S034_MINIONCE_4673	109	Port Input	1	6301967	29010	NA
S034_MINIONCE_4673	109	Picture	108_T_FFTRIAD_FF_perro_red.png	6316157	43200	1	1900	2	43200	1800
S034_MINIONCE_4673	110	Picture	FF	6318257	0	1	43200	2	0	43200
S034_MINIONCE_4673	110	Response	51	6332649	14392	1
S034_MINIONCE_4673	110	Pulse	99	6337968	19711	NA
S034_MINIONCE_4673	110	Port Input	1	6337968	19711	NA
S034_MINIONCE_4673	110	Picture	109_T_FFTRIAD_FF_tenedor_red.png	6361457	43200	1	1900	2	43200	1800
S034_MINIONCE_4673	111	Picture	FF	6363557	0	1	43199	3	0	43200
S034_MINIONCE_4673	111	Pulse	99	6373969	10412	NA
S034_MINIONCE_4673	111	Port Input	1	6373969	10412	NA
S034_MINIONCE_4673	111	Response	52	6382263	18706	1
S034_MINIONCE_4673	111	Picture	110_T_FFTRIAD_FF_dedal_red.png	6406756	43199	2	1900	4	43200	1800
S034_MINIONCE_4673	112	Picture	rest	6408756	0	2	144099	4	0	144000
S034_MINIONCE_4673	112	Pulse	99	6409970	1214	NA
S034_MINIONCE_4673	112	Port Input	1	6409970	1214	NA
S034_MINIONCE_4673	113	Picture	endrest	6552955	0	2	10100	3	0	10000
S034_MINIONCE_4673	114	Picture	FF	6563255	0	1	43200	2	0	43200
S034_MINIONCE_4673	114	Response	52	6579970	16715	1
S034_MINIONCE_4673	114	Picture	113_T_FFTRIAD_FF_almohada_red.png	6606455	43200	1	1900	2	43200	1800
S034_MINIONCE_4673	115	Picture	FF	6608555	0	1	43200	2	0	43200
S034_MINIONCE_4673	115	Response	51	6621847	13292	1
S034_MINIONCE_4673	115	Picture	114_T_FFTRIAD_FF_traje_red.png	6651755	43200	1	1900	2	43200	1800
S034_MINIONCE_4673	116	Picture	FF	6653855	0	1	43200	2	0	43200
S034_MINIONCE_4673	116	Response	52	6664499	10644	1
S034_MINIONCE_4673	116	Picture	115_T_FFTRIAD_FF_gafas_red.png	6697055	43200	1	1899	3	43200	1800
S034_MINIONCE_4673	117	Picture	FF	6699155	0	1	43199	2	0	43200
S034_MINIONCE_4673	117	Response	51	6716782	17627	1
S034_MINIONCE_4673	117	Picture	116_T_FFTRIAD_FF_bellota_red.png	6742354	43199	1	1900	2	43200	1800
S034_MINIONCE_4673	118	Picture	RW	6744454	0	1	43200	2	0	43200
S034_MINIONCE_4673	118	Response	51	6776618	32164	1
S034_MINIONCE_4673	118	Picture	117_T_RWTRIAD_RW_chupete_red.png	6787654	43200	1	1900	2	43200	1800
S034_MINIONCE_4673	119	Picture	RW	6789754	0	1	43200	2	0	43200
S034_MINIONCE_4673	119	Response	52	6827542	37788	1
S034_MINIONCE_4673	119	Picture	118_T_RWTRIAD_RW_dado_red.png	6832954	43200	1	1900	2	43200	1800
S034_MINIONCE_4673	120	Picture	RW	6835254	0	1	43099	2	0	43200
S034_MINIONCE_4673	120	Response	52	6859660	24406	1
S034_MINIONCE_4673	120	Picture	119_T_RWTRIAD_RW_murcielago_red.png	6878353	43099	1	1900	2	43200	1800
S034_MINIONCE_4673	121	Picture	RW	6880653	0	1	43100	2	0	43200
S034_MINIONCE_4673	121	Response	52	6909106	28453	1
S034_MINIONCE_4673	121	Picture	120_T_RWTRIAD_RW_huevos_red.png	6923753	43100	1	1900	2	43200	1800
S034_MINIONCE_4673	122	Picture	rest	6925753	0	1	144099	2	0	144000
S034_MINIONCE_4673	123	Picture	endrest	7069952	0	1	10100	2	0	10000
S034_MINIONCE_4673	124	Picture	PW	7080252	0	1	43199	3	0	43200
S034_MINIONCE_4673	124	Response	52	7106677	26425	1
S034_MINIONCE_4673	124	Picture	123_T_PWTRIAD_PW_mono_red.png	7123451	43199	2	1901	3	43200	1800
S034_MINIONCE_4673	125	Picture	PW	7125552	0	1	43199	2	0	43200
S034_MINIONCE_4673	125	Response	52	7147476	21924	1
S034_MINIONCE_4673	125	Picture	124_T_PWTRIAD_PW_leche_red.png	7168751	43199	1	1900	2	43200	1800
S034_MINIONCE_4673	126	Picture	PW	7170851	0	1	43200	2	0	43200
S034_MINIONCE_4673	126	Picture	125_T_PWTRIAD_PW_destornillador_red.png	7214051	43200	1	1900	2	43200	1800
S034_MINIONCE_4673	127	Picture	PW	7216351	0	1	43100	2	0	43200
S034_MINIONCE_4673	127	Response	51	7217159	808	1
S034_MINIONCE_4673	127	Response	52	7235217	18866	1
S034_MINIONCE_4673	127	Picture	126_T_PWTRIAD_PW_violin_red.png	7259451	43100	1	1900	2	43200	1800
S034_MINIONCE_4673	128	Picture	PW	7261751	0	1	43099	3	0	43200
S034_MINIONCE_4673	128	Response	52	7291090	29339	1
S034_MINIONCE_4673	128	Picture	127_T_PWTRIAD_PW_grifo_red.png	7304850	43099	2	1900	4	43200	1800
S034_MINIONCE_4673	129	Picture	PW	7306950	0	2	43200	3	0	43200
S034_MINIONCE_4673	129	Response	51	7336059	29109	1
S034_MINIONCE_4673	129	Picture	128_T_PWTRIAD_PW_lenador_red.png	7350150	43200	1	1900	2	43200	1800
S034_MINIONCE_4673	130	Picture	PW	7352250	0	1	43200	2	0	43200
S034_MINIONCE_4673	130	Response	52	7370829	18579	1
S034_MINIONCE_4673	130	Picture	129_T_PWTRIAD_PW_policia_red.png	7395450	43200	1	1900	2	43200	1800
S034_MINIONCE_4673	131	Picture	PW	7397550	0	1	43200	2	0	43200
S034_MINIONCE_4673	131	Response	51	7432477	34927	2
S034_MINIONCE_4673	131	Picture	130_T_PWTRIAD_PW_charco_red.png	7440750	43200	1	1900	2	43200	1800
S034_MINIONCE_4673	132	Picture	rest	7442749	0	2	144100	3	0	144000
S034_MINIONCE_4673	133	Picture	endrest	7586949	0	1	10099	3	0	10000
S034_MINIONCE_4673	134	Picture	FF	7597248	0	2	43200	3	0	43200
S034_MINIONCE_4673	134	Response	52	7609793	12545	2
S034_MINIONCE_4673	134	Picture	133_T_FFTRIAD_FF_telefono_red.png	7640448	43200	1	1900	2	43200	1800
S034_MINIONCE_4673	135	Picture	FF	7642648	0	1	43200	2	0	43200
S034_MINIONCE_4673	135	Response	51	7657079	14431	1
S034_MINIONCE_4673	135	Picture	134_T_FFTRIAD_FF_sapo_red.png	7685848	43200	1	1900	2	43200	1800
S034_MINIONCE_4673	136	Picture	FF	7687948	0	1	43200	2	0	43200
S034_MINIONCE_4673	136	Response	51	7700775	12827	2
S034_MINIONCE_4673	136	Picture	135_T_FFTRIAD_FF_llave_red.png	7731148	43200	1	1900	2	43200	1800
S034_MINIONCE_4673	137	Picture	FF	7733445	0	4	43102	5	0	43200
S034_MINIONCE_4673	137	Picture	136_T_FFTRIAD_FF_bebe_red.png	7776547	43102	1	1900	2	43200	1800
S034_MINIONCE_4673	138	Picture	rest	7778547	0	1	144099	2	0	144000
S034_MINIONCE_4673	139	Picture	endrest	7922746	0	1	10100	2	0	10000
S034_MINIONCE_4673	140	Picture	endrest	7932946	0	1	10100	2	0	10000
S034_MINIONCE_4673	141	Picture	endrest	7943146	0	1	10100	2	0	10000
S034_MINIONCE_4673	142	Picture	endrest	7953346	0	1	10100	2	0	10000
