Scenario - vOT_Triads_fMRI_II
Logfile written - 02/16/2016 15:08:40

Subject	Trial	Event Type	Code	Time	TTime	Uncertainty	Duration	Uncertainty	ReqTime	ReqDur

S026_DAY1_MINITWICE_2966	1	Pulse	99	912708	922503	NA
S026_DAY1_MINITWICE_2966	1	Port Input	1	912708	922503	NA
S026_DAY1_MINITWICE_2966	1	Pulse	99	948709	958504	NA
S026_DAY1_MINITWICE_2966	1	Port Input	1	948709	958504	NA
S026_DAY1_MINITWICE_2966	1	Pulse	99	984710	994505	NA
S026_DAY1_MINITWICE_2966	1	Port Input	1	984710	994505	NA
S026_DAY1_MINITWICE_2966	1	Pulse	99	1020711	1030506	NA
S026_DAY1_MINITWICE_2966	1	Port Input	1	1020711	1030506	NA
S026_DAY1_MINITWICE_2966	1	Pulse	99	1056712	1066507	NA
S026_DAY1_MINITWICE_2966	1	Port Input	1	1056712	1066507	NA
S026_DAY1_MINITWICE_2966	2	Picture	rest	1056992	0	1	144099	2	0	144000
S026_DAY1_MINITWICE_2966	2	Pulse	99	1092713	35721	NA
S026_DAY1_MINITWICE_2966	2	Port Input	1	1092713	35721	NA
S026_DAY1_MINITWICE_2966	2	Pulse	99	1128714	71722	NA
S026_DAY1_MINITWICE_2966	2	Port Input	1	1128714	71722	NA
S026_DAY1_MINITWICE_2966	2	Pulse	99	1164715	107723	NA
S026_DAY1_MINITWICE_2966	2	Port Input	1	1164715	107723	NA
S026_DAY1_MINITWICE_2966	2	Pulse	99	1200716	143724	NA
S026_DAY1_MINITWICE_2966	2	Port Input	1	1200716	143724	NA
S026_DAY1_MINITWICE_2966	3	Picture	endrest	1201191	0	1	10100	2	0	10000
S026_DAY1_MINITWICE_2966	4	Picture	FF	1211691	0	1	43100	2	0	43200
S026_DAY1_MINITWICE_2966	4	Response	51	1223981	12290	1
S026_DAY1_MINITWICE_2966	4	Pulse	99	1236717	25026	NA
S026_DAY1_MINITWICE_2966	4	Port Input	1	1236717	25026	NA
S026_DAY1_MINITWICE_2966	4	Picture	3_T_FFTRIAD_FF_zanahoria_red.png	1254791	43100	1	1900	2	43200	1800
S026_DAY1_MINITWICE_2966	5	Picture	FF	1256991	0	1	43100	2	0	43200
S026_DAY1_MINITWICE_2966	5	Response	52	1269861	12870	1
S026_DAY1_MINITWICE_2966	5	Pulse	99	1272718	15727	NA
S026_DAY1_MINITWICE_2966	5	Port Input	1	1272718	15727	NA
S026_DAY1_MINITWICE_2966	5	Picture	4_T_FFTRIAD_FF_botella_red.png	1300091	43100	1	1899	3	43200	1800
S026_DAY1_MINITWICE_2966	6	Picture	FF	1302291	0	1	43199	2	0	43200
S026_DAY1_MINITWICE_2966	6	Pulse	99	1308719	6428	NA
S026_DAY1_MINITWICE_2966	6	Port Input	1	1308719	6428	NA
S026_DAY1_MINITWICE_2966	6	Response	51	1316494	14203	1
S026_DAY1_MINITWICE_2966	6	Pulse	99	1344720	42429	NA
S026_DAY1_MINITWICE_2966	6	Port Input	1	1344720	42429	NA
S026_DAY1_MINITWICE_2966	6	Picture	5_T_FFTRIAD_FF_llave_red.png	1345490	43199	1	1900	3	43200	1800
S026_DAY1_MINITWICE_2966	7	Picture	FF	1347690	0	3	43200	4	0	43200
S026_DAY1_MINITWICE_2966	7	Response	52	1359732	12042	1
S026_DAY1_MINITWICE_2966	7	Pulse	99	1380721	33031	NA
S026_DAY1_MINITWICE_2966	7	Port Input	1	1380721	33031	NA
S026_DAY1_MINITWICE_2966	7	Picture	6_T_FFTRIAD_FF_iglu_red.png	1390890	43200	1	1900	3	43200	1800
S026_DAY1_MINITWICE_2966	8	Picture	RW	1393190	0	1	43099	4	0	43200
S026_DAY1_MINITWICE_2966	8	Response	52	1411066	17876	2
S026_DAY1_MINITWICE_2966	8	Pulse	99	1416722	23532	NA
S026_DAY1_MINITWICE_2966	8	Port Input	1	1416722	23532	NA
S026_DAY1_MINITWICE_2966	8	Picture	7_T_RWTRIAD_RW_cuento_red.png	1436289	43099	3	1900	6	43200	1800
S026_DAY1_MINITWICE_2966	9	Picture	RW	1438389	0	3	43200	4	0	43200
S026_DAY1_MINITWICE_2966	9	Response	51	1452517	14128	1
S026_DAY1_MINITWICE_2966	9	Pulse	99	1452723	14334	NA
S026_DAY1_MINITWICE_2966	9	Port Input	1	1452723	14334	NA
S026_DAY1_MINITWICE_2966	9	Picture	8_T_RWTRIAD_RW_chupete_red.png	1481589	43200	1	1900	3	43200	1800
S026_DAY1_MINITWICE_2966	10	Picture	RW	1483889	0	1	43099	4	0	43200
S026_DAY1_MINITWICE_2966	10	Pulse	99	1488724	4835	NA
S026_DAY1_MINITWICE_2966	10	Port Input	1	1488724	4835	NA
S026_DAY1_MINITWICE_2966	10	Response	51	1503969	20080	1
S026_DAY1_MINITWICE_2966	10	Pulse	99	1524725	40836	NA
S026_DAY1_MINITWICE_2966	10	Port Input	1	1524725	40836	NA
S026_DAY1_MINITWICE_2966	10	Picture	9_T_RWTRIAD_RW_portatil_red.png	1526988	43099	3	1900	6	43200	1800
S026_DAY1_MINITWICE_2966	11	Picture	RW	1529188	0	3	43200	5	0	43200
S026_DAY1_MINITWICE_2966	11	Response	52	1557398	28210	1
S026_DAY1_MINITWICE_2966	11	Pulse	99	1560726	31538	NA
S026_DAY1_MINITWICE_2966	11	Port Input	1	1560726	31538	NA
S026_DAY1_MINITWICE_2966	11	Picture	10_T_RWTRIAD_RW_tijera_red.png	1572388	43200	2	1900	4	43200	1800
S026_DAY1_MINITWICE_2966	12	Picture	rest	1574388	0	2	144100	3	0	144000
S026_DAY1_MINITWICE_2966	12	Pulse	99	1596727	22339	NA
S026_DAY1_MINITWICE_2966	12	Port Input	1	1596727	22339	NA
S026_DAY1_MINITWICE_2966	12	Pulse	99	1632728	58340	NA
S026_DAY1_MINITWICE_2966	12	Port Input	1	1632728	58340	NA
S026_DAY1_MINITWICE_2966	12	Pulse	99	1668729	94341	NA
S026_DAY1_MINITWICE_2966	12	Port Input	1	1668729	94341	NA
S026_DAY1_MINITWICE_2966	12	Pulse	99	1704730	130342	NA
S026_DAY1_MINITWICE_2966	12	Port Input	1	1704730	130342	NA
S026_DAY1_MINITWICE_2966	13	Picture	endrest	1718586	0	3	10102	4	0	10000
S026_DAY1_MINITWICE_2966	14	Picture	FF	1728988	0	1	43099	2	0	43200
S026_DAY1_MINITWICE_2966	14	Pulse	99	1740731	11743	NA
S026_DAY1_MINITWICE_2966	14	Port Input	1	1740731	11743	NA
S026_DAY1_MINITWICE_2966	14	Response	52	1742592	13604	1
S026_DAY1_MINITWICE_2966	14	Picture	13_T_FFTRIAD_FF_almohada_red.png	1772087	43099	1	1900	3	43200	1800
S026_DAY1_MINITWICE_2966	15	Picture	FF	1774387	0	1	43100	2	0	43200
S026_DAY1_MINITWICE_2966	15	Pulse	99	1776732	2345	NA
S026_DAY1_MINITWICE_2966	15	Port Input	1	1776732	2345	NA
S026_DAY1_MINITWICE_2966	15	Response	52	1784792	10405	1
S026_DAY1_MINITWICE_2966	15	Pulse	99	1812733	38346	NA
S026_DAY1_MINITWICE_2966	15	Port Input	1	1812733	38346	NA
S026_DAY1_MINITWICE_2966	15	Picture	14_T_FFTRIAD_FF_cerillas_red.png	1817487	43100	1	1900	2	43200	1800
S026_DAY1_MINITWICE_2966	16	Picture	FF	1819787	0	1	43100	2	0	43200
S026_DAY1_MINITWICE_2966	16	Response	51	1833974	14187	1
S026_DAY1_MINITWICE_2966	16	Pulse	99	1848734	28947	NA
S026_DAY1_MINITWICE_2966	16	Port Input	1	1848734	28947	NA
S026_DAY1_MINITWICE_2966	16	Picture	15_T_FFTRIAD_FF_sobre_red.png	1862887	43100	1	1900	2	43200	1800
S026_DAY1_MINITWICE_2966	17	Picture	FF	1865087	0	1	43199	3	0	43200
S026_DAY1_MINITWICE_2966	17	Pulse	99	1884735	19648	NA
S026_DAY1_MINITWICE_2966	17	Port Input	1	1884735	19648	NA
S026_DAY1_MINITWICE_2966	17	Response	52	1886267	21180	2
S026_DAY1_MINITWICE_2966	17	Picture	16_T_FFTRIAD_FF_perro_red.png	1908286	43199	2	1900	4	43200	1800
S026_DAY1_MINITWICE_2966	18	Picture	RW	1910586	0	2	43100	3	0	43200
S026_DAY1_MINITWICE_2966	18	Pulse	99	1920736	10150	NA
S026_DAY1_MINITWICE_2966	18	Port Input	1	1920736	10150	NA
S026_DAY1_MINITWICE_2966	18	Response	51	1926008	15422	1
S026_DAY1_MINITWICE_2966	18	Picture	17_T_RWTRIAD_RW_manos_red.png	1953686	43100	1	1900	2	43200	1800
S026_DAY1_MINITWICE_2966	19	Picture	RW	1955986	0	1	43100	2	0	43200
S026_DAY1_MINITWICE_2966	19	Pulse	99	1956737	751	NA
S026_DAY1_MINITWICE_2966	19	Port Input	1	1956737	751	NA
S026_DAY1_MINITWICE_2966	19	Response	51	1970648	14662	1
S026_DAY1_MINITWICE_2966	19	Pulse	99	1992738	36752	NA
S026_DAY1_MINITWICE_2966	19	Port Input	1	1992738	36752	NA
S026_DAY1_MINITWICE_2966	19	Picture	18_T_RWTRIAD_RW_telarana_red.png	1999086	43100	1	1900	2	43200	1800
S026_DAY1_MINITWICE_2966	20	Picture	RW	2001386	0	1	43100	2	0	43200
S026_DAY1_MINITWICE_2966	20	Response	52	2019640	18254	1
S026_DAY1_MINITWICE_2966	20	Pulse	99	2028739	27353	NA
S026_DAY1_MINITWICE_2966	20	Port Input	1	2028739	27353	NA
S026_DAY1_MINITWICE_2966	20	Picture	19_T_RWTRIAD_RW_grapadora_red.png	2044486	43100	1	1900	2	43200	1800
S026_DAY1_MINITWICE_2966	21	Picture	RW	2046685	0	2	43200	3	0	43200
S026_DAY1_MINITWICE_2966	21	Pulse	99	2064740	18055	NA
S026_DAY1_MINITWICE_2966	21	Port Input	1	2064740	18055	NA
S026_DAY1_MINITWICE_2966	21	Response	52	2072812	26127	2
S026_DAY1_MINITWICE_2966	21	Picture	20_T_RWTRIAD_RW_silla_red.png	2089885	43200	1	1900	2	43200	1800
S026_DAY1_MINITWICE_2966	22	Picture	rest	2091885	0	1	144099	2	0	144000
S026_DAY1_MINITWICE_2966	22	Pulse	99	2100741	8856	NA
S026_DAY1_MINITWICE_2966	22	Port Input	1	2100741	8856	NA
S026_DAY1_MINITWICE_2966	22	Pulse	99	2136742	44857	NA
S026_DAY1_MINITWICE_2966	22	Port Input	1	2136742	44857	NA
S026_DAY1_MINITWICE_2966	22	Pulse	99	2172742	80857	NA
S026_DAY1_MINITWICE_2966	22	Port Input	1	2172742	80857	NA
S026_DAY1_MINITWICE_2966	22	Pulse	99	2208743	116858	NA
S026_DAY1_MINITWICE_2966	22	Port Input	1	2208743	116858	NA
S026_DAY1_MINITWICE_2966	23	Picture	endrest	2236084	0	1	10100	2	0	10000
S026_DAY1_MINITWICE_2966	23	Pulse	99	2244744	8660	NA
S026_DAY1_MINITWICE_2966	23	Port Input	1	2244744	8660	NA
S026_DAY1_MINITWICE_2966	24	Picture	RW	2246384	0	1	43100	2	0	43200
S026_DAY1_MINITWICE_2966	24	Response	52	2262853	16469	1
S026_DAY1_MINITWICE_2966	24	Pulse	99	2280745	34361	NA
S026_DAY1_MINITWICE_2966	24	Port Input	1	2280745	34361	NA
S026_DAY1_MINITWICE_2966	24	Picture	23_T_RWTRIAD_RW_cinturon_red.png	2289484	43100	1	1900	2	43200	1800
S026_DAY1_MINITWICE_2966	25	Picture	RW	2291784	0	1	43100	2	0	43200
S026_DAY1_MINITWICE_2966	25	Pulse	99	2316746	24962	NA
S026_DAY1_MINITWICE_2966	25	Port Input	1	2316746	24962	NA
S026_DAY1_MINITWICE_2966	25	Response	51	2329185	37401	2
S026_DAY1_MINITWICE_2966	25	Picture	24_T_RWTRIAD_RW_estetoscopio_red.png	2334884	43100	1	1900	2	43200	1800
S026_DAY1_MINITWICE_2966	26	Picture	RW	2337084	0	1	43199	2	0	43200
S026_DAY1_MINITWICE_2966	26	Pulse	99	2352747	15663	NA
S026_DAY1_MINITWICE_2966	26	Port Input	1	2352747	15663	NA
S026_DAY1_MINITWICE_2966	26	Response	51	2359902	22818	1
S026_DAY1_MINITWICE_2966	26	Picture	25_T_RWTRIAD_RW_almohada_red.png	2380283	43199	1	1900	2	43200	1800
S026_DAY1_MINITWICE_2966	27	Picture	RW	2382483	0	1	43200	2	0	43200
S026_DAY1_MINITWICE_2966	27	Pulse	99	2388748	6265	NA
S026_DAY1_MINITWICE_2966	27	Port Input	1	2388748	6265	NA
S026_DAY1_MINITWICE_2966	27	Response	52	2405340	22857	1
S026_DAY1_MINITWICE_2966	27	Pulse	99	2424749	42266	NA
S026_DAY1_MINITWICE_2966	27	Port Input	1	2424749	42266	NA
S026_DAY1_MINITWICE_2966	27	Picture	26_T_RWTRIAD_RW_martillo_red.png	2425683	43200	1	1900	2	43200	1800
S026_DAY1_MINITWICE_2966	28	Picture	FF	2427883	0	1	43200	2	0	43200
S026_DAY1_MINITWICE_2966	28	Response	52	2451615	23732	1
S026_DAY1_MINITWICE_2966	28	Pulse	99	2460750	32867	NA
S026_DAY1_MINITWICE_2966	28	Port Input	1	2460750	32867	NA
S026_DAY1_MINITWICE_2966	28	Picture	27_T_FFTRIAD_FF_lana_red.png	2471083	43200	1	1900	2	43200	1800
S026_DAY1_MINITWICE_2966	29	Picture	FF	2473283	0	1	43099	3	0	43200
S026_DAY1_MINITWICE_2966	29	Response	51	2491825	18542	1
S026_DAY1_MINITWICE_2966	29	Pulse	99	2496751	23468	NA
S026_DAY1_MINITWICE_2966	29	Port Input	1	2496751	23468	NA
S026_DAY1_MINITWICE_2966	29	Picture	28_T_FFTRIAD_FF_martillo_red.png	2516382	43099	2	1900	4	43200	1800
S026_DAY1_MINITWICE_2966	30	Picture	FF	2518582	0	2	43100	3	0	43200
S026_DAY1_MINITWICE_2966	30	Pulse	99	2532752	14170	NA
S026_DAY1_MINITWICE_2966	30	Port Input	1	2532752	14170	NA
S026_DAY1_MINITWICE_2966	30	Response	52	2538296	19714	1
S026_DAY1_MINITWICE_2966	30	Picture	29_T_FFTRIAD_FF_esquimal_red.png	2561682	43100	1	1900	2	43200	1800
S026_DAY1_MINITWICE_2966	31	Picture	FF	2563882	0	1	43200	2	0	43200
S026_DAY1_MINITWICE_2966	31	Pulse	99	2568753	4871	NA
S026_DAY1_MINITWICE_2966	31	Port Input	1	2568753	4871	NA
S026_DAY1_MINITWICE_2966	31	Response	51	2587676	23794	2
S026_DAY1_MINITWICE_2966	31	Pulse	99	2604754	40872	NA
S026_DAY1_MINITWICE_2966	31	Port Input	1	2604754	40872	NA
S026_DAY1_MINITWICE_2966	31	Picture	30_T_FFTRIAD_FF_pincel_red.png	2607082	43200	1	1900	2	43200	1800
S026_DAY1_MINITWICE_2966	32	Picture	rest	2609082	0	1	144099	2	0	144000
S026_DAY1_MINITWICE_2966	32	Pulse	99	2640755	31673	NA
S026_DAY1_MINITWICE_2966	32	Port Input	1	2640755	31673	NA
S026_DAY1_MINITWICE_2966	32	Pulse	99	2676756	67674	NA
S026_DAY1_MINITWICE_2966	32	Port Input	1	2676756	67674	NA
S026_DAY1_MINITWICE_2966	32	Pulse	99	2712757	103675	NA
S026_DAY1_MINITWICE_2966	32	Port Input	1	2712757	103675	NA
S026_DAY1_MINITWICE_2966	32	Pulse	99	2748758	139676	NA
S026_DAY1_MINITWICE_2966	32	Port Input	1	2748758	139676	NA
S026_DAY1_MINITWICE_2966	33	Picture	endrest	2753281	0	1	10100	2	0	10000
S026_DAY1_MINITWICE_2966	34	Picture	PW	2763781	0	1	43099	3	0	43200
S026_DAY1_MINITWICE_2966	34	Response	51	2784576	20795	2
S026_DAY1_MINITWICE_2966	34	Pulse	99	2784759	20978	NA
S026_DAY1_MINITWICE_2966	34	Port Input	1	2784759	20978	NA
S026_DAY1_MINITWICE_2966	34	Picture	33_T_PWTRIAD_PW_cortina_red.png	2806880	43099	2	1900	4	43200	1800
S026_DAY1_MINITWICE_2966	35	Picture	PW	2809180	0	2	43100	3	0	43200
S026_DAY1_MINITWICE_2966	35	Pulse	99	2820760	11580	NA
S026_DAY1_MINITWICE_2966	35	Port Input	1	2820760	11580	NA
S026_DAY1_MINITWICE_2966	35	Response	51	2831064	21884	1
S026_DAY1_MINITWICE_2966	35	Picture	34_T_PWTRIAD_PW_traje_red.png	2852280	43100	1	1900	2	43200	1800
S026_DAY1_MINITWICE_2966	36	Picture	PW	2854480	0	1	43200	2	0	43200
S026_DAY1_MINITWICE_2966	36	Pulse	99	2856761	2281	NA
S026_DAY1_MINITWICE_2966	36	Port Input	1	2856761	2281	NA
S026_DAY1_MINITWICE_2966	36	Response	52	2877531	23051	2
S026_DAY1_MINITWICE_2966	36	Pulse	99	2892762	38282	NA
S026_DAY1_MINITWICE_2966	36	Port Input	1	2892762	38282	NA
S026_DAY1_MINITWICE_2966	36	Picture	35_T_PWTRIAD_PW_zanahoria_red.png	2897680	43200	1	1900	2	43200	1800
S026_DAY1_MINITWICE_2966	37	Picture	PW	2899979	0	2	43101	3	0	43200
S026_DAY1_MINITWICE_2966	37	Pulse	99	2928763	28784	NA
S026_DAY1_MINITWICE_2966	37	Port Input	1	2928763	28784	NA
S026_DAY1_MINITWICE_2966	37	Response	52	2933507	33528	1
S026_DAY1_MINITWICE_2966	37	Picture	36_T_PWTRIAD_PW_llave_red.png	2943080	43101	1	1900	2	43200	1800
S026_DAY1_MINITWICE_2966	38	Picture	RW	2945380	0	1	43099	2	0	43200
S026_DAY1_MINITWICE_2966	38	Pulse	99	2964764	19384	NA
S026_DAY1_MINITWICE_2966	38	Port Input	1	2964764	19384	NA
S026_DAY1_MINITWICE_2966	38	Response	52	2984828	39448	2
S026_DAY1_MINITWICE_2966	38	Picture	37_T_RWTRIAD_RW_plato_red.png	2988479	43099	1	1900	2	43200	1800
S026_DAY1_MINITWICE_2966	39	Picture	RW	2990679	0	1	43200	2	0	43200
S026_DAY1_MINITWICE_2966	39	Pulse	99	3000765	10086	NA
S026_DAY1_MINITWICE_2966	39	Port Input	1	3000765	10086	NA
S026_DAY1_MINITWICE_2966	39	Response	52	3010662	19983	1
S026_DAY1_MINITWICE_2966	39	Picture	38_T_RWTRIAD_RW_destornillador_red.png	3033879	43200	1	1900	2	43200	1800
S026_DAY1_MINITWICE_2966	40	Picture	RW	3036079	0	1	43200	2	0	43200
S026_DAY1_MINITWICE_2966	40	Pulse	99	3036766	687	NA
S026_DAY1_MINITWICE_2966	40	Port Input	1	3036766	687	NA
S026_DAY1_MINITWICE_2966	40	Response	52	3055224	19145	1
S026_DAY1_MINITWICE_2966	40	Pulse	99	3072767	36688	NA
S026_DAY1_MINITWICE_2966	40	Port Input	1	3072767	36688	NA
S026_DAY1_MINITWICE_2966	40	Picture	39_T_RWTRIAD_RW_oruga_red.png	3079279	43200	1	1900	2	43200	1800
S026_DAY1_MINITWICE_2966	41	Picture	RW	3081479	0	1	43199	2	0	43200
S026_DAY1_MINITWICE_2966	41	Response	51	3099890	18411	1
S026_DAY1_MINITWICE_2966	41	Pulse	99	3108768	27289	NA
S026_DAY1_MINITWICE_2966	41	Port Input	1	3108768	27289	NA
S026_DAY1_MINITWICE_2966	41	Picture	40_T_RWTRIAD_RW_carruaje_red.png	3124678	43199	1	1900	2	43200	1800
S026_DAY1_MINITWICE_2966	42	Picture	rest	3126678	0	1	144099	2	0	144000
S026_DAY1_MINITWICE_2966	42	Pulse	99	3144769	18091	NA
S026_DAY1_MINITWICE_2966	42	Port Input	1	3144769	18091	NA
S026_DAY1_MINITWICE_2966	42	Pulse	99	3180770	54092	NA
S026_DAY1_MINITWICE_2966	42	Port Input	1	3180770	54092	NA
S026_DAY1_MINITWICE_2966	42	Pulse	99	3216771	90093	NA
S026_DAY1_MINITWICE_2966	42	Port Input	1	3216771	90093	NA
S026_DAY1_MINITWICE_2966	42	Pulse	99	3252772	126094	NA
S026_DAY1_MINITWICE_2966	42	Port Input	1	3252772	126094	NA
S026_DAY1_MINITWICE_2966	43	Picture	endrest	3270877	0	1	10100	2	0	10000
S026_DAY1_MINITWICE_2966	44	Picture	RW	3281377	0	1	43100	2	0	43200
S026_DAY1_MINITWICE_2966	44	Pulse	99	3288773	7396	NA
S026_DAY1_MINITWICE_2966	44	Port Input	1	3288773	7396	NA
S026_DAY1_MINITWICE_2966	44	Response	52	3295778	14401	1
S026_DAY1_MINITWICE_2966	44	Picture	43_T_RWTRIAD_RW_gafas_red.png	3324477	43100	1	1900	2	43200	1800
S026_DAY1_MINITWICE_2966	44	Pulse	99	3324774	43397	NA
S026_DAY1_MINITWICE_2966	44	Port Input	1	3324774	43397	NA
S026_DAY1_MINITWICE_2966	45	Picture	RW	3326677	0	1	43200	2	0	43200
S026_DAY1_MINITWICE_2966	45	Response	51	3342145	15468	1
S026_DAY1_MINITWICE_2966	45	Pulse	99	3360775	34098	NA
S026_DAY1_MINITWICE_2966	45	Port Input	1	3360775	34098	NA
S026_DAY1_MINITWICE_2966	45	Picture	44_T_RWTRIAD_RW_policia_red.png	3369877	43200	1	1900	2	43200	1800
S026_DAY1_MINITWICE_2966	46	Picture	RW	3372077	0	1	43199	3	0	43200
S026_DAY1_MINITWICE_2966	46	Response	52	3395631	23554	1
S026_DAY1_MINITWICE_2966	46	Pulse	99	3396776	24699	NA
S026_DAY1_MINITWICE_2966	46	Port Input	1	3396776	24699	NA
S026_DAY1_MINITWICE_2966	46	Picture	45_T_RWTRIAD_RW_sobre_red.png	3415276	43199	2	1900	3	43200	1800
S026_DAY1_MINITWICE_2966	47	Picture	RW	3417576	0	1	43100	2	0	43200
S026_DAY1_MINITWICE_2966	47	Pulse	99	3432777	15201	NA
S026_DAY1_MINITWICE_2966	47	Port Input	1	3432777	15201	NA
S026_DAY1_MINITWICE_2966	47	Response	52	3433533	15957	1
S026_DAY1_MINITWICE_2966	47	Picture	46_T_RWTRIAD_RW_paraguas_red.png	3460676	43100	1	1900	2	43200	1800
S026_DAY1_MINITWICE_2966	48	Picture	FF	3462876	0	1	43200	2	0	43200
S026_DAY1_MINITWICE_2966	48	Pulse	99	3468777	5901	NA
S026_DAY1_MINITWICE_2966	48	Port Input	1	3468777	5901	NA
S026_DAY1_MINITWICE_2966	48	Response	52	3484655	21779	2
S026_DAY1_MINITWICE_2966	48	Pulse	99	3504779	41903	NA
S026_DAY1_MINITWICE_2966	48	Port Input	1	3504779	41903	NA
S026_DAY1_MINITWICE_2966	48	Picture	47_T_FFTRIAD_FF_gafas_red.png	3506076	43200	1	1900	2	43200	1800
S026_DAY1_MINITWICE_2966	49	Picture	FF	3508276	0	1	43199	3	0	43200
S026_DAY1_MINITWICE_2966	49	Response	51	3527991	19715	1
S026_DAY1_MINITWICE_2966	49	Pulse	99	3540780	32504	NA
S026_DAY1_MINITWICE_2966	49	Port Input	1	3540780	32504	NA
S026_DAY1_MINITWICE_2966	49	Picture	48_T_FFTRIAD_FF_carruaje_red.png	3551475	43199	2	1900	4	43200	1800
S026_DAY1_MINITWICE_2966	50	Picture	FF	3553775	0	2	43100	3	0	43200
S026_DAY1_MINITWICE_2966	50	Response	52	3572557	18782	1
S026_DAY1_MINITWICE_2966	50	Pulse	99	3576781	23006	NA
S026_DAY1_MINITWICE_2966	50	Port Input	1	3576781	23006	NA
S026_DAY1_MINITWICE_2966	50	Picture	49_T_FFTRIAD_FF_anillo_red.png	3596875	43100	1	1900	2	43200	1800
S026_DAY1_MINITWICE_2966	51	Picture	FF	3599175	0	1	43100	2	0	43200
S026_DAY1_MINITWICE_2966	51	Pulse	99	3612781	13606	NA
S026_DAY1_MINITWICE_2966	51	Port Input	1	3612781	13606	NA
S026_DAY1_MINITWICE_2966	51	Response	52	3619621	20446	1
S026_DAY1_MINITWICE_2966	51	Picture	50_T_FFTRIAD_FF_bebe_red.png	3642275	43100	1	1900	2	43200	1800
S026_DAY1_MINITWICE_2966	52	Picture	rest	3644275	0	1	144099	2	0	144000
S026_DAY1_MINITWICE_2966	52	Pulse	99	3648782	4507	NA
S026_DAY1_MINITWICE_2966	52	Port Input	1	3648782	4507	NA
S026_DAY1_MINITWICE_2966	52	Pulse	99	3684783	40508	NA
S026_DAY1_MINITWICE_2966	52	Port Input	1	3684783	40508	NA
S026_DAY1_MINITWICE_2966	52	Pulse	99	3720784	76509	NA
S026_DAY1_MINITWICE_2966	52	Port Input	1	3720784	76509	NA
S026_DAY1_MINITWICE_2966	52	Pulse	99	3756785	112510	NA
S026_DAY1_MINITWICE_2966	52	Port Input	1	3756785	112510	NA
S026_DAY1_MINITWICE_2966	53	Picture	endrest	3788474	0	1	10100	2	0	10000
S026_DAY1_MINITWICE_2966	53	Pulse	99	3792786	4312	NA
S026_DAY1_MINITWICE_2966	53	Port Input	1	3792786	4312	NA
S026_DAY1_MINITWICE_2966	54	Picture	FF	3798874	0	1	43200	2	0	43200
S026_DAY1_MINITWICE_2966	54	Response	51	3815069	16195	1
S026_DAY1_MINITWICE_2966	54	Pulse	99	3828787	29913	NA
S026_DAY1_MINITWICE_2966	54	Port Input	1	3828787	29913	NA
S026_DAY1_MINITWICE_2966	54	Picture	53_T_FFTRIAD_FF_granjero_red.png	3842074	43200	1	1900	2	43200	1800
S026_DAY1_MINITWICE_2966	55	Picture	FF	3844373	0	2	43100	3	0	43200
S026_DAY1_MINITWICE_2966	55	Response	52	3859344	14971	1
S026_DAY1_MINITWICE_2966	55	Pulse	99	3864788	20415	NA
S026_DAY1_MINITWICE_2966	55	Port Input	1	3864788	20415	NA
S026_DAY1_MINITWICE_2966	55	Picture	54_T_FFTRIAD_FF_cinturon_red.png	3887473	43100	1	1900	2	43200	1800
S026_DAY1_MINITWICE_2966	56	Picture	FF	3889673	0	1	43200	2	0	43200
S026_DAY1_MINITWICE_2966	56	Pulse	99	3900789	11116	NA
S026_DAY1_MINITWICE_2966	56	Port Input	1	3900789	11116	NA
S026_DAY1_MINITWICE_2966	56	Response	52	3912279	22606	1
S026_DAY1_MINITWICE_2966	56	Picture	55_T_FFTRIAD_FF_grifo_red.png	3932873	43200	1	1900	2	43200	1800
S026_DAY1_MINITWICE_2966	57	Picture	FF	3935073	0	1	43100	2	0	43200
S026_DAY1_MINITWICE_2966	57	Pulse	99	3936790	1717	NA
S026_DAY1_MINITWICE_2966	57	Port Input	1	3936790	1717	NA
S026_DAY1_MINITWICE_2966	57	Response	51	3956670	21597	1
S026_DAY1_MINITWICE_2966	57	Pulse	99	3972791	37718	NA
S026_DAY1_MINITWICE_2966	57	Port Input	1	3972791	37718	NA
S026_DAY1_MINITWICE_2966	57	Picture	56_T_FFTRIAD_FF_arbol_red.png	3978173	43100	1	1900	2	43200	1800
S026_DAY1_MINITWICE_2966	58	Picture	FF	3980373	0	1	43099	2	0	43200
S026_DAY1_MINITWICE_2966	58	Response	51	3992241	11868	1
S026_DAY1_MINITWICE_2966	58	Pulse	99	4008792	28419	NA
S026_DAY1_MINITWICE_2966	58	Port Input	1	4008792	28419	NA
S026_DAY1_MINITWICE_2966	58	Picture	57_T_FFTRIAD_FF_traje_red.png	4023472	43099	1	1900	2	43200	1800
S026_DAY1_MINITWICE_2966	59	Picture	FF	4025772	0	1	43100	2	0	43200
S026_DAY1_MINITWICE_2966	59	Response	52	4036723	10951	1
S026_DAY1_MINITWICE_2966	59	Pulse	99	4044793	19021	NA
S026_DAY1_MINITWICE_2966	59	Port Input	1	4044793	19021	NA
S026_DAY1_MINITWICE_2966	59	Picture	58_T_FFTRIAD_FF_destornillador_red.png	4068872	43100	1	1900	2	43200	1800
S026_DAY1_MINITWICE_2966	60	Picture	FF	4071072	0	1	43200	2	0	43200
S026_DAY1_MINITWICE_2966	60	Pulse	99	4080794	9722	NA
S026_DAY1_MINITWICE_2966	60	Port Input	1	4080794	9722	NA
S026_DAY1_MINITWICE_2966	60	Response	52	4082367	11295	2
S026_DAY1_MINITWICE_2966	60	Picture	59_T_FFTRIAD_FF_telarana_red.png	4114272	43200	1	1900	2	43200	1800
S026_DAY1_MINITWICE_2966	61	Picture	FF	4116572	0	1	43099	2	0	43200
S026_DAY1_MINITWICE_2966	61	Pulse	99	4116795	223	NA
S026_DAY1_MINITWICE_2966	61	Port Input	1	4116795	223	NA
S026_DAY1_MINITWICE_2966	61	Response	51	4128566	11994	2
S026_DAY1_MINITWICE_2966	61	Pulse	99	4152796	36224	NA
S026_DAY1_MINITWICE_2966	61	Port Input	1	4152796	36224	NA
S026_DAY1_MINITWICE_2966	61	Picture	60_T_FFTRIAD_FF_lechuga_red.png	4159671	43099	1	1900	2	43200	1800
S026_DAY1_MINITWICE_2966	62	Picture	rest	4161671	0	1	144099	3	0	144000
S026_DAY1_MINITWICE_2966	62	Pulse	99	4188797	27126	NA
S026_DAY1_MINITWICE_2966	62	Port Input	1	4188797	27126	NA
S026_DAY1_MINITWICE_2966	62	Pulse	99	4224798	63127	NA
S026_DAY1_MINITWICE_2966	62	Port Input	1	4224798	63127	NA
S026_DAY1_MINITWICE_2966	62	Pulse	99	4260799	99128	NA
S026_DAY1_MINITWICE_2966	62	Port Input	1	4260799	99128	NA
S026_DAY1_MINITWICE_2966	62	Pulse	99	4296800	135129	NA
S026_DAY1_MINITWICE_2966	62	Port Input	1	4296800	135129	NA
S026_DAY1_MINITWICE_2966	63	Picture	endrest	4305860	0	26	10010	27	0	10000
S026_DAY1_MINITWICE_2966	64	Picture	PW	4316270	0	1	43100	2	0	43200
S026_DAY1_MINITWICE_2966	64	Pulse	99	4332801	16531	NA
S026_DAY1_MINITWICE_2966	64	Port Input	1	4332801	16531	NA
S026_DAY1_MINITWICE_2966	64	Response	51	4344608	28338	2
S026_DAY1_MINITWICE_2966	64	Picture	63_T_PWTRIAD_PW_botella_red.png	4359370	43100	1	1900	2	43200	1800
S026_DAY1_MINITWICE_2966	65	Picture	PW	4361570	0	1	43200	2	0	43200
S026_DAY1_MINITWICE_2966	65	Pulse	99	4368802	7232	NA
S026_DAY1_MINITWICE_2966	65	Port Input	1	4368802	7232	NA
S026_DAY1_MINITWICE_2966	65	Response	51	4380362	18792	1
S026_DAY1_MINITWICE_2966	65	Picture	64_T_PWTRIAD_PW_manos_red.png	4404770	43200	1	1900	2	43200	1800
S026_DAY1_MINITWICE_2966	65	Pulse	99	4404803	43233	NA
S026_DAY1_MINITWICE_2966	65	Port Input	1	4404803	43233	NA
S026_DAY1_MINITWICE_2966	66	Picture	PW	4407070	0	1	43099	3	0	43200
S026_DAY1_MINITWICE_2966	66	Response	51	4432570	25500	1
S026_DAY1_MINITWICE_2966	66	Pulse	99	4440804	33734	NA
S026_DAY1_MINITWICE_2966	66	Port Input	1	4440804	33734	NA
S026_DAY1_MINITWICE_2966	66	Picture	65_T_PWTRIAD_PW_destornillador_red.png	4450169	43099	2	1900	3	43200	1800
S026_DAY1_MINITWICE_2966	67	Picture	PW	4452469	0	1	43100	2	0	43200
S026_DAY1_MINITWICE_2966	67	Pulse	99	4476805	24336	NA
S026_DAY1_MINITWICE_2966	67	Port Input	1	4476805	24336	NA
S026_DAY1_MINITWICE_2966	67	Response	51	4477292	24823	1
S026_DAY1_MINITWICE_2966	67	Picture	66_T_PWTRIAD_PW_oruga_red.png	4495569	43100	1	1900	2	43200	1800
S026_DAY1_MINITWICE_2966	68	Picture	RW	4497869	0	1	43100	2	0	43200
S026_DAY1_MINITWICE_2966	68	Pulse	99	4512806	14937	NA
S026_DAY1_MINITWICE_2966	68	Port Input	1	4512806	14937	NA
S026_DAY1_MINITWICE_2966	68	Response	51	4518431	20562	1
S026_DAY1_MINITWICE_2966	68	Picture	67_T_RWTRIAD_RW_bellota_red.png	4540969	43100	1	1900	2	43200	1800
S026_DAY1_MINITWICE_2966	69	Picture	RW	4543169	0	1	43200	2	0	43200
S026_DAY1_MINITWICE_2966	69	Pulse	99	4548807	5638	NA
S026_DAY1_MINITWICE_2966	69	Port Input	1	4548807	5638	NA
S026_DAY1_MINITWICE_2966	69	Response	51	4567594	24425	1
S026_DAY1_MINITWICE_2966	69	Pulse	99	4584808	41639	NA
S026_DAY1_MINITWICE_2966	69	Port Input	1	4584808	41639	NA
S026_DAY1_MINITWICE_2966	69	Picture	68_T_RWTRIAD_RW_lana_red.png	4586369	43200	1	1899	3	43200	1800
S026_DAY1_MINITWICE_2966	70	Picture	RW	4588569	0	1	43199	2	0	43200
S026_DAY1_MINITWICE_2966	70	Response	52	4606715	18146	1
S026_DAY1_MINITWICE_2966	70	Pulse	99	4620809	32240	NA
S026_DAY1_MINITWICE_2966	70	Port Input	1	4620809	32240	NA
S026_DAY1_MINITWICE_2966	70	Picture	69_T_RWTRIAD_RW_leche_red.png	4631768	43199	1	1900	2	43200	1800
S026_DAY1_MINITWICE_2966	71	Picture	RW	4633968	0	1	43200	2	0	43200
S026_DAY1_MINITWICE_2966	71	Response	52	4653835	19867	1
S026_DAY1_MINITWICE_2966	71	Pulse	99	4656810	22842	NA
S026_DAY1_MINITWICE_2966	71	Port Input	1	4656810	22842	NA
S026_DAY1_MINITWICE_2966	71	Picture	70_T_RWTRIAD_RW_queso_red.png	4677168	43200	1	1900	2	43200	1800
S026_DAY1_MINITWICE_2966	72	Picture	rest	4679168	0	1	144099	2	0	144000
S026_DAY1_MINITWICE_2966	72	Pulse	99	4692811	13643	NA
S026_DAY1_MINITWICE_2966	72	Port Input	1	4692811	13643	NA
S026_DAY1_MINITWICE_2966	72	Pulse	99	4728812	49644	NA
S026_DAY1_MINITWICE_2966	72	Port Input	1	4728812	49644	NA
S026_DAY1_MINITWICE_2966	72	Pulse	99	4764813	85645	NA
S026_DAY1_MINITWICE_2966	72	Port Input	1	4764813	85645	NA
S026_DAY1_MINITWICE_2966	72	Pulse	99	4800814	121646	NA
S026_DAY1_MINITWICE_2966	72	Port Input	1	4800814	121646	NA
S026_DAY1_MINITWICE_2966	73	Picture	endrest	4823367	0	1	10100	2	0	10000
S026_DAY1_MINITWICE_2966	74	Picture	PW	4833867	0	1	43100	2	0	43200
S026_DAY1_MINITWICE_2966	74	Pulse	99	4836815	2948	NA
S026_DAY1_MINITWICE_2966	74	Port Input	1	4836815	2948	NA
S026_DAY1_MINITWICE_2966	74	Response	52	4860281	26414	1
S026_DAY1_MINITWICE_2966	74	Pulse	99	4872816	38949	NA
S026_DAY1_MINITWICE_2966	74	Port Input	1	4872816	38949	NA
S026_DAY1_MINITWICE_2966	74	Picture	73_T_PWTRIAD_PW_huevos_red.png	4876967	43100	1	1900	2	43200	1800
S026_DAY1_MINITWICE_2966	75	Picture	PW	4879267	0	1	43099	2	0	43200
S026_DAY1_MINITWICE_2966	75	Response	52	4903984	24717	1
S026_DAY1_MINITWICE_2966	75	Pulse	99	4908817	29550	NA
S026_DAY1_MINITWICE_2966	75	Port Input	1	4908817	29550	NA
S026_DAY1_MINITWICE_2966	75	Picture	74_T_PWTRIAD_PW_esquimal_red.png	4922366	43099	1	1900	2	43200	1800
S026_DAY1_MINITWICE_2966	76	Picture	PW	4924566	0	1	43200	2	0	43200
S026_DAY1_MINITWICE_2966	76	Response	51	4941970	17404	1
S026_DAY1_MINITWICE_2966	76	Pulse	99	4944818	20252	NA
S026_DAY1_MINITWICE_2966	76	Port Input	1	4944818	20252	NA
S026_DAY1_MINITWICE_2966	76	Picture	75_T_PWTRIAD_PW_bala_red.png	4967766	43200	1	1900	2	43200	1800
S026_DAY1_MINITWICE_2966	77	Picture	PW	4969966	0	1	43100	2	0	43200
S026_DAY1_MINITWICE_2966	77	Pulse	99	4980818	10852	NA
S026_DAY1_MINITWICE_2966	77	Port Input	1	4980818	10852	NA
S026_DAY1_MINITWICE_2966	77	Response	51	4997540	27574	1
S026_DAY1_MINITWICE_2966	77	Picture	76_T_PWTRIAD_PW_sobre_red.png	5013066	43100	1	1900	2	43200	1800
S026_DAY1_MINITWICE_2966	78	Picture	PW	5015366	0	1	43099	2	0	43200
S026_DAY1_MINITWICE_2966	78	Pulse	99	5016819	1453	NA
S026_DAY1_MINITWICE_2966	78	Port Input	1	5016819	1453	NA
S026_DAY1_MINITWICE_2966	78	Response	51	5033464	18098	1
S026_DAY1_MINITWICE_2966	78	Pulse	99	5052820	37454	NA
S026_DAY1_MINITWICE_2966	78	Port Input	1	5052820	37454	NA
S026_DAY1_MINITWICE_2966	78	Picture	77_T_PWTRIAD_PW_leche_red.png	5058465	43099	1	1900	2	43200	1800
S026_DAY1_MINITWICE_2966	79	Picture	PW	5060765	0	1	43100	2	0	43200
S026_DAY1_MINITWICE_2966	79	Response	52	5076766	16001	1
S026_DAY1_MINITWICE_2966	79	Pulse	99	5088821	28056	NA
S026_DAY1_MINITWICE_2966	79	Port Input	1	5088821	28056	NA
S026_DAY1_MINITWICE_2966	79	Picture	78_T_PWTRIAD_PW_mono_red.png	5103865	43100	1	1900	2	43200	1800
S026_DAY1_MINITWICE_2966	80	Picture	PW	5106165	0	1	43100	2	0	43200
S026_DAY1_MINITWICE_2966	80	Pulse	99	5124822	18657	NA
S026_DAY1_MINITWICE_2966	80	Port Input	1	5124822	18657	NA
S026_DAY1_MINITWICE_2966	80	Response	51	5131826	25661	1
S026_DAY1_MINITWICE_2966	80	Picture	79_T_PWTRIAD_PW_arco_red.png	5149265	43100	1	1900	2	43200	1800
S026_DAY1_MINITWICE_2966	81	Picture	PW	5151565	0	1	43099	3	0	43200
S026_DAY1_MINITWICE_2966	81	Pulse	99	5160823	9258	NA
S026_DAY1_MINITWICE_2966	81	Port Input	1	5160823	9258	NA
S026_DAY1_MINITWICE_2966	81	Response	52	5176819	25254	1
S026_DAY1_MINITWICE_2966	81	Picture	80_T_PWTRIAD_PW_grifo_red.png	5194664	43099	2	1900	4	43200	1800
S026_DAY1_MINITWICE_2966	82	Picture	rest	5196664	0	2	144099	4	0	144000
S026_DAY1_MINITWICE_2966	82	Pulse	99	5196824	160	NA
S026_DAY1_MINITWICE_2966	82	Port Input	1	5196824	160	NA
S026_DAY1_MINITWICE_2966	82	Pulse	99	5232825	36161	NA
S026_DAY1_MINITWICE_2966	82	Port Input	1	5232825	36161	NA
S026_DAY1_MINITWICE_2966	82	Pulse	99	5268826	72162	NA
S026_DAY1_MINITWICE_2966	82	Port Input	1	5268826	72162	NA
S026_DAY1_MINITWICE_2966	82	Pulse	99	5304827	108163	NA
S026_DAY1_MINITWICE_2966	82	Port Input	1	5304827	108163	NA
S026_DAY1_MINITWICE_2966	82	Pulse	99	5340828	144164	NA
S026_DAY1_MINITWICE_2966	82	Port Input	1	5340828	144164	NA
S026_DAY1_MINITWICE_2966	83	Picture	endrest	5340863	0	2	10100	3	0	10000
S026_DAY1_MINITWICE_2966	84	Picture	PW	5351363	0	2	43100	3	0	43200
S026_DAY1_MINITWICE_2966	84	Response	51	5374366	23003	1
S026_DAY1_MINITWICE_2966	84	Pulse	99	5376829	25466	NA
S026_DAY1_MINITWICE_2966	84	Port Input	1	5376829	25466	NA
S026_DAY1_MINITWICE_2966	84	Picture	83_T_PWTRIAD_PW_charco_red.png	5394463	43100	1	1900	2	43200	1800
S026_DAY1_MINITWICE_2966	85	Picture	PW	5396763	0	1	43100	2	0	43200
S026_DAY1_MINITWICE_2966	85	Pulse	99	5412830	16067	NA
S026_DAY1_MINITWICE_2966	85	Port Input	1	5412830	16067	NA
S026_DAY1_MINITWICE_2966	85	Response	52	5421419	24656	1
S026_DAY1_MINITWICE_2966	85	Picture	84_T_PWTRIAD_PW_lana_red.png	5439863	43100	1	1900	2	43200	1800
S026_DAY1_MINITWICE_2966	86	Picture	PW	5441963	0	1	43200	2	0	43200
S026_DAY1_MINITWICE_2966	86	Pulse	99	5448831	6868	NA
S026_DAY1_MINITWICE_2966	86	Port Input	1	5448831	6868	NA
S026_DAY1_MINITWICE_2966	86	Response	52	5469349	27386	1
S026_DAY1_MINITWICE_2966	86	Pulse	99	5484832	42869	NA
S026_DAY1_MINITWICE_2966	86	Port Input	1	5484832	42869	NA
S026_DAY1_MINITWICE_2966	86	Picture	85_T_PWTRIAD_PW_dedal_red.png	5485163	43200	1	1899	3	43200	1800
S026_DAY1_MINITWICE_2966	87	Picture	PW	5487362	0	2	43200	3	0	43200
S026_DAY1_MINITWICE_2966	87	Response	51	5506678	19316	1
S026_DAY1_MINITWICE_2966	87	Pulse	99	5520833	33471	NA
S026_DAY1_MINITWICE_2966	87	Port Input	1	5520833	33471	NA
S026_DAY1_MINITWICE_2966	87	Picture	86_T_PWTRIAD_PW_queso_red.png	5530562	43200	1	1900	2	43200	1800
S026_DAY1_MINITWICE_2966	88	Picture	RW	5532862	0	1	43100	2	0	43200
S026_DAY1_MINITWICE_2966	88	Response	52	5550963	18101	1
S026_DAY1_MINITWICE_2966	88	Pulse	99	5556834	23972	NA
S026_DAY1_MINITWICE_2966	88	Port Input	1	5556834	23972	NA
S026_DAY1_MINITWICE_2966	88	Picture	87_T_RWTRIAD_RW_huevos_red.png	5575962	43100	1	1900	2	43200	1800
S026_DAY1_MINITWICE_2966	89	Picture	RW	5578162	0	1	43200	2	0	43200
S026_DAY1_MINITWICE_2966	89	Pulse	99	5592835	14673	NA
S026_DAY1_MINITWICE_2966	89	Port Input	1	5592835	14673	NA
S026_DAY1_MINITWICE_2966	89	Response	51	5595671	17509	1
S026_DAY1_MINITWICE_2966	89	Picture	88_T_RWTRIAD_RW_telefono_red.png	5621362	43200	1	1899	3	43200	1800
S026_DAY1_MINITWICE_2966	90	Picture	RW	5623653	0	42	43108	43	0	43200
S026_DAY1_MINITWICE_2966	90	Pulse	99	5628836	5183	NA
S026_DAY1_MINITWICE_2966	90	Port Input	1	5628836	5183	NA
S026_DAY1_MINITWICE_2966	90	Response	52	5644713	21060	1
S026_DAY1_MINITWICE_2966	90	Pulse	99	5664837	41184	NA
S026_DAY1_MINITWICE_2966	90	Port Input	1	5664837	41184	NA
S026_DAY1_MINITWICE_2966	90	Picture	89_T_RWTRIAD_RW_llave_red.png	5666761	43108	1	1900	2	43200	1800
S026_DAY1_MINITWICE_2966	91	Picture	RW	5669061	0	1	43100	2	0	43200
S026_DAY1_MINITWICE_2966	91	Response	52	5686625	17564	1
S026_DAY1_MINITWICE_2966	91	Pulse	99	5700838	31777	NA
S026_DAY1_MINITWICE_2966	91	Port Input	1	5700838	31777	NA
S026_DAY1_MINITWICE_2966	91	Picture	90_T_RWTRIAD_RW_pincel_red.png	5712161	43100	1	1900	2	43200	1800
S026_DAY1_MINITWICE_2966	92	Picture	rest	5714161	0	1	144099	2	0	144000
S026_DAY1_MINITWICE_2966	92	Pulse	99	5736839	22678	NA
S026_DAY1_MINITWICE_2966	92	Port Input	1	5736839	22678	NA
S026_DAY1_MINITWICE_2966	92	Pulse	99	5772840	58679	NA
S026_DAY1_MINITWICE_2966	92	Port Input	1	5772840	58679	NA
S026_DAY1_MINITWICE_2966	92	Pulse	99	5808841	94680	NA
S026_DAY1_MINITWICE_2966	92	Port Input	1	5808841	94680	NA
S026_DAY1_MINITWICE_2966	92	Pulse	99	5844842	130681	NA
S026_DAY1_MINITWICE_2966	92	Port Input	1	5844842	130681	NA
S026_DAY1_MINITWICE_2966	93	Picture	endrest	5858360	0	1	10100	2	0	10000
S026_DAY1_MINITWICE_2966	94	Picture	FF	5868760	0	1	43200	2	0	43200
S026_DAY1_MINITWICE_2966	94	Pulse	99	5880843	12083	NA
S026_DAY1_MINITWICE_2966	94	Port Input	1	5880843	12083	NA
S026_DAY1_MINITWICE_2966	94	Response	52	5886278	17518	1
S026_DAY1_MINITWICE_2966	94	Picture	93_T_FFTRIAD_FF_futbol_red.png	5911960	43200	1	1900	2	43200	1800
S026_DAY1_MINITWICE_2966	95	Picture	FF	5914260	0	1	43099	2	0	43200
S026_DAY1_MINITWICE_2966	95	Pulse	99	5916844	2584	NA
S026_DAY1_MINITWICE_2966	95	Port Input	1	5916844	2584	NA
S026_DAY1_MINITWICE_2966	95	Response	51	5928322	14062	1
S026_DAY1_MINITWICE_2966	95	Pulse	99	5952845	38585	NA
S026_DAY1_MINITWICE_2966	95	Port Input	1	5952845	38585	NA
S026_DAY1_MINITWICE_2966	95	Picture	94_T_FFTRIAD_FF_huevos_red.png	5957359	43099	1	1900	2	43200	1800
S026_DAY1_MINITWICE_2966	96	Picture	FF	5959559	0	1	43200	2	0	43200
S026_DAY1_MINITWICE_2966	96	Response	52	5976446	16887	1
S026_DAY1_MINITWICE_2966	96	Pulse	99	5988846	29287	NA
S026_DAY1_MINITWICE_2966	96	Port Input	1	5988846	29287	NA
S026_DAY1_MINITWICE_2966	96	Picture	95_T_FFTRIAD_FF_chupete_red.png	6002759	43200	1	1900	2	43200	1800
S026_DAY1_MINITWICE_2966	97	Picture	FF	6005059	0	1	43100	2	0	43200
S026_DAY1_MINITWICE_2966	97	Pulse	99	6024847	19788	NA
S026_DAY1_MINITWICE_2966	97	Port Input	1	6024847	19788	NA
S026_DAY1_MINITWICE_2966	97	Response	52	6031284	26225	2
S026_DAY1_MINITWICE_2966	97	Picture	96_T_FFTRIAD_FF_queso_red.png	6048159	43100	1	1900	2	43200	1800
S026_DAY1_MINITWICE_2966	98	Picture	RW	6050359	0	1	43199	3	0	43200
S026_DAY1_MINITWICE_2966	98	Pulse	99	6060848	10489	NA
S026_DAY1_MINITWICE_2966	98	Port Input	1	6060848	10489	NA
S026_DAY1_MINITWICE_2966	98	Response	52	6078146	27787	1
S026_DAY1_MINITWICE_2966	98	Picture	97_T_RWTRIAD_RW_murcielago_red.png	6093558	43199	2	1900	3	43200	1800
S026_DAY1_MINITWICE_2966	99	Picture	RW	6095858	0	1	43200	2	0	43200
S026_DAY1_MINITWICE_2966	99	Pulse	99	6096849	991	NA
S026_DAY1_MINITWICE_2966	99	Port Input	1	6096849	991	NA
S026_DAY1_MINITWICE_2966	99	Response	52	6122414	26556	1
S026_DAY1_MINITWICE_2966	99	Pulse	99	6132850	36992	NA
S026_DAY1_MINITWICE_2966	99	Port Input	1	6132850	36992	NA
S026_DAY1_MINITWICE_2966	99	Picture	98_T_RWTRIAD_RW_dado_red.png	6139058	43200	1	1900	2	43200	1800
S026_DAY1_MINITWICE_2966	100	Picture	RW	6141258	0	1	43100	2	0	43200
S026_DAY1_MINITWICE_2966	100	Response	52	6160558	19300	1
S026_DAY1_MINITWICE_2966	100	Pulse	99	6168851	27593	NA
S026_DAY1_MINITWICE_2966	100	Port Input	1	6168851	27593	NA
S026_DAY1_MINITWICE_2966	100	Picture	99_T_RWTRIAD_RW_sapo_red.png	6184358	43100	1	1900	2	43200	1800
S026_DAY1_MINITWICE_2966	101	Picture	RW	6186658	0	1	43099	3	0	43200
S026_DAY1_MINITWICE_2966	101	Pulse	99	6204852	18194	NA
S026_DAY1_MINITWICE_2966	101	Port Input	1	6204852	18194	NA
S026_DAY1_MINITWICE_2966	101	Response	52	6222299	35641	1
S026_DAY1_MINITWICE_2966	101	Picture	100_T_RWTRIAD_RW_mono_red.png	6229757	43099	2	1900	4	43200	1800
S026_DAY1_MINITWICE_2966	102	Picture	rest	6231757	0	2	144100	3	0	144000
S026_DAY1_MINITWICE_2966	102	Pulse	99	6240853	9096	NA
S026_DAY1_MINITWICE_2966	102	Port Input	1	6240853	9096	NA
S026_DAY1_MINITWICE_2966	102	Pulse	99	6276854	45097	NA
S026_DAY1_MINITWICE_2966	102	Port Input	1	6276854	45097	NA
S026_DAY1_MINITWICE_2966	102	Pulse	99	6312855	81098	NA
S026_DAY1_MINITWICE_2966	102	Port Input	1	6312855	81098	NA
S026_DAY1_MINITWICE_2966	102	Pulse	99	6348855	117098	NA
S026_DAY1_MINITWICE_2966	102	Port Input	1	6348855	117098	NA
S026_DAY1_MINITWICE_2966	103	Picture	endrest	6375957	0	1	10099	3	0	10000
S026_DAY1_MINITWICE_2966	103	Pulse	99	6384856	8899	NA
S026_DAY1_MINITWICE_2966	103	Port Input	1	6384856	8899	NA
S026_DAY1_MINITWICE_2966	104	Picture	PW	6386356	0	2	43200	3	0	43200
S026_DAY1_MINITWICE_2966	104	Response	51	6409115	22759	2
S026_DAY1_MINITWICE_2966	104	Pulse	99	6420857	34501	NA
S026_DAY1_MINITWICE_2966	104	Port Input	1	6420857	34501	NA
S026_DAY1_MINITWICE_2966	104	Picture	103_T_PWTRIAD_PW_pincel_red.png	6429556	43200	1	1900	2	43200	1800
S026_DAY1_MINITWICE_2966	105	Picture	PW	6431856	0	1	43100	2	0	43200
S026_DAY1_MINITWICE_2966	105	Pulse	99	6456858	25002	NA
S026_DAY1_MINITWICE_2966	105	Port Input	1	6456858	25002	NA
S026_DAY1_MINITWICE_2966	105	Response	51	6461012	29156	1
S026_DAY1_MINITWICE_2966	105	Picture	104_T_PWTRIAD_PW_paraguas_red.png	6474956	43100	1	1900	2	43200	1800
S026_DAY1_MINITWICE_2966	106	Picture	PW	6477256	0	1	43099	3	0	43200
S026_DAY1_MINITWICE_2966	106	Pulse	99	6492859	15603	NA
S026_DAY1_MINITWICE_2966	106	Port Input	1	6492859	15603	NA
S026_DAY1_MINITWICE_2966	106	Response	51	6513500	36244	1
S026_DAY1_MINITWICE_2966	106	Picture	105_T_PWTRIAD_PW_cinturon_red.png	6520355	43099	2	1900	4	43200	1800
S026_DAY1_MINITWICE_2966	107	Picture	PW	6522556	0	1	43199	2	0	43200
S026_DAY1_MINITWICE_2966	107	Pulse	99	6528860	6304	NA
S026_DAY1_MINITWICE_2966	107	Port Input	1	6528860	6304	NA
S026_DAY1_MINITWICE_2966	107	Response	52	6546074	23518	1
S026_DAY1_MINITWICE_2966	107	Pulse	99	6564861	42305	NA
S026_DAY1_MINITWICE_2966	107	Port Input	1	6564861	42305	NA
S026_DAY1_MINITWICE_2966	107	Picture	106_T_PWTRIAD_PW_teclado_red.png	6565755	43199	1	1900	2	43200	1800
S026_DAY1_MINITWICE_2966	108	Picture	PW	6567955	0	1	43200	2	0	43200
S026_DAY1_MINITWICE_2966	108	Response	51	6581683	13728	1
S026_DAY1_MINITWICE_2966	108	Pulse	99	6600862	32907	NA
S026_DAY1_MINITWICE_2966	108	Port Input	1	6600862	32907	NA
S026_DAY1_MINITWICE_2966	108	Picture	107_T_PWTRIAD_PW_novia_red.png	6611155	43200	1	1900	2	43200	1800
S026_DAY1_MINITWICE_2966	109	Picture	PW	6613355	0	1	43200	2	0	43200
S026_DAY1_MINITWICE_2966	109	Response	52	6635663	22308	1
S026_DAY1_MINITWICE_2966	109	Pulse	99	6636863	23508	NA
S026_DAY1_MINITWICE_2966	109	Port Input	1	6636863	23508	NA
S026_DAY1_MINITWICE_2966	109	Picture	108_T_PWTRIAD_PW_anillo_red.png	6656555	43200	1	1900	2	43200	1800
S026_DAY1_MINITWICE_2966	110	Picture	PW	6658855	0	1	43099	2	0	43200
S026_DAY1_MINITWICE_2966	110	Pulse	99	6672864	14009	NA
S026_DAY1_MINITWICE_2966	110	Port Input	1	6672864	14009	NA
S026_DAY1_MINITWICE_2966	110	Response	51	6677082	18227	1
S026_DAY1_MINITWICE_2966	110	Picture	109_T_PWTRIAD_PW_agua_red.png	6701954	43099	1	1900	2	43200	1800
S026_DAY1_MINITWICE_2966	111	Picture	PW	6704154	0	1	43100	2	0	43200
S026_DAY1_MINITWICE_2966	111	Pulse	99	6708865	4711	NA
S026_DAY1_MINITWICE_2966	111	Port Input	1	6708865	4711	NA
S026_DAY1_MINITWICE_2966	111	Response	51	6724554	20400	1
S026_DAY1_MINITWICE_2966	111	Pulse	99	6744866	40712	NA
S026_DAY1_MINITWICE_2966	111	Port Input	1	6744866	40712	NA
S026_DAY1_MINITWICE_2966	111	Picture	110_T_PWTRIAD_PW_banera_red.png	6747254	43100	1	1900	2	43200	1800
S026_DAY1_MINITWICE_2966	112	Picture	rest	6749254	0	1	144099	2	0	144000
S026_DAY1_MINITWICE_2966	113	Picture	endrest	6893453	0	1	10100	2	0	10000
S026_DAY1_MINITWICE_2966	114	Picture	RW	6903853	0	1	43200	2	0	43200
S026_DAY1_MINITWICE_2966	114	Response	51	6931791	27938	1
S026_DAY1_MINITWICE_2966	114	Picture	113_T_RWTRIAD_RW_candado_red.png	6947053	43200	1	1900	2	43200	1800
S026_DAY1_MINITWICE_2966	115	Picture	RW	6949253	0	1	43199	2	0	43200
S026_DAY1_MINITWICE_2966	115	Response	51	6984848	35595	2
S026_DAY1_MINITWICE_2966	115	Picture	114_T_RWTRIAD_RW_perro_red.png	6992452	43199	1	1900	2	43200	1800
S026_DAY1_MINITWICE_2966	116	Picture	RW	6994652	0	1	43200	2	0	43200
S026_DAY1_MINITWICE_2966	116	Response	51	7021514	26862	1
S026_DAY1_MINITWICE_2966	116	Picture	115_T_RWTRIAD_RW_cortina_red.png	7037852	43200	1	1900	2	43200	1800
S026_DAY1_MINITWICE_2966	117	Picture	RW	7040152	0	1	43100	2	0	43200
S026_DAY1_MINITWICE_2966	117	Response	51	7053403	13251	1
S026_DAY1_MINITWICE_2966	117	Picture	116_T_RWTRIAD_RW_pizarra_red.png	7083252	43100	1	1900	2	43200	1800
S026_DAY1_MINITWICE_2966	118	Picture	FF	7085452	0	1	43099	3	0	43200
S026_DAY1_MINITWICE_2966	118	Response	51	7101416	15964	1
S026_DAY1_MINITWICE_2966	118	Picture	117_T_FFTRIAD_FF_television_red.png	7128551	43099	2	1900	3	43200	1800
S026_DAY1_MINITWICE_2966	119	Picture	FF	7130751	0	2	43100	3	0	43200
S026_DAY1_MINITWICE_2966	119	Response	51	7157657	26906	1
S026_DAY1_MINITWICE_2966	119	Picture	118_T_FFTRIAD_FF_ancla_red.png	7173851	43100	1	1900	2	43200	1800
S026_DAY1_MINITWICE_2966	120	Picture	FF	7176051	0	1	43100	2	0	43200
S026_DAY1_MINITWICE_2966	120	Response	52	7194056	18005	1
S026_DAY1_MINITWICE_2966	120	Picture	119_T_FFTRIAD_FF_mono_red.png	7219151	43100	1	1900	2	43200	1800
S026_DAY1_MINITWICE_2966	121	Picture	FF	7221451	0	1	43100	2	0	43200
S026_DAY1_MINITWICE_2966	121	Response	51	7237582	16131	1
S026_DAY1_MINITWICE_2966	121	Picture	120_T_FFTRIAD_FF_sombrilla_red.png	7264551	43100	1	1899	3	43200	1800
S026_DAY1_MINITWICE_2966	122	Picture	rest	7266550	0	2	144100	3	0	144000
S026_DAY1_MINITWICE_2966	123	Picture	endrest	7410750	0	1	10099	3	0	10000
S026_DAY1_MINITWICE_2966	124	Picture	PW	7421249	0	2	43100	3	0	43200
S026_DAY1_MINITWICE_2966	124	Response	52	7443190	21941	1
S026_DAY1_MINITWICE_2966	124	Picture	123_T_PWTRIAD_PW_bebe_red.png	7464349	43100	1	1900	2	43200	1800
S026_DAY1_MINITWICE_2966	125	Picture	PW	7466649	0	1	43100	2	0	43200
S026_DAY1_MINITWICE_2966	125	Response	52	7486950	20301	1
S026_DAY1_MINITWICE_2966	125	Picture	124_T_PWTRIAD_PW_cerillas_red.png	7509749	43100	1	1900	2	43200	1800
S026_DAY1_MINITWICE_2966	126	Picture	PW	7512049	0	1	43100	2	0	43200
S026_DAY1_MINITWICE_2966	126	Response	51	7530297	18248	1
S026_DAY1_MINITWICE_2966	126	Picture	125_T_PWTRIAD_PW_perro_red.png	7555149	43100	1	1899	3	43200	1800
S026_DAY1_MINITWICE_2966	127	Picture	PW	7557448	0	2	43100	3	0	43200
S026_DAY1_MINITWICE_2966	127	Response	52	7579987	22539	1
S026_DAY1_MINITWICE_2966	127	Picture	126_T_PWTRIAD_PW_grapadora_red.png	7600548	43100	1	1900	2	43200	1800
S026_DAY1_MINITWICE_2966	128	Picture	FF	7602848	0	1	43100	2	0	43200
S026_DAY1_MINITWICE_2966	128	Response	51	7627758	24910	1
S026_DAY1_MINITWICE_2966	128	Picture	127_T_FFTRIAD_FF_portatil_red.png	7645948	43100	1	1900	2	43200	1800
S026_DAY1_MINITWICE_2966	129	Picture	FF	7648248	0	1	43100	2	0	43200
S026_DAY1_MINITWICE_2966	129	Response	52	7669284	21036	1
S026_DAY1_MINITWICE_2966	129	Picture	128_T_FFTRIAD_FF_banera_red.png	7691348	43100	1	1900	2	43200	1800
S026_DAY1_MINITWICE_2966	130	Picture	FF	7693647	0	3	43100	4	0	43200
S026_DAY1_MINITWICE_2966	130	Response	51	7703298	9651	1
S026_DAY1_MINITWICE_2966	130	Picture	129_T_FFTRIAD_FF_violin_red.png	7736747	43100	1	1900	2	43200	1800
S026_DAY1_MINITWICE_2966	131	Picture	FF	7738947	0	1	43200	2	0	43200
S026_DAY1_MINITWICE_2966	131	Response	52	7756770	17823	1
S026_DAY1_MINITWICE_2966	131	Picture	130_T_FFTRIAD_FF_plato_red.png	7782147	43200	1	1900	2	43200	1800
S026_DAY1_MINITWICE_2966	132	Picture	rest	7784147	0	1	144099	2	0	144000
S026_DAY1_MINITWICE_2966	133	Picture	endrest	7928346	0	1	10100	2	0	10000
S026_DAY1_MINITWICE_2966	134	Picture	PW	7938746	0	1	43100	2	0	43200
S026_DAY1_MINITWICE_2966	134	Response	52	7962746	24000	1
S026_DAY1_MINITWICE_2966	134	Picture	133_T_PWTRIAD_PW_tenedor_red.png	7981846	43100	1	1900	2	43200	1800
S026_DAY1_MINITWICE_2966	135	Picture	PW	7984146	0	1	43099	2	0	43200
S026_DAY1_MINITWICE_2966	135	Response	51	8005727	21581	1
S026_DAY1_MINITWICE_2966	135	Picture	134_T_PWTRIAD_PW_tijera_red.png	8027245	43099	1	1900	2	43200	1800
S026_DAY1_MINITWICE_2966	136	Picture	PW	8029545	0	1	43100	2	0	43200
S026_DAY1_MINITWICE_2966	136	Response	51	8047298	17753	2
S026_DAY1_MINITWICE_2966	136	Picture	135_T_PWTRIAD_PW_plato_red.png	8072645	43100	1	1900	2	43200	1800
S026_DAY1_MINITWICE_2966	137	Picture	PW	8074945	0	1	43100	2	0	43200
S026_DAY1_MINITWICE_2966	137	Response	51	8091505	16560	1
S026_DAY1_MINITWICE_2966	137	Picture	136_T_PWTRIAD_PW_silla_red.png	8118045	43100	1	1900	2	43200	1800
S026_DAY1_MINITWICE_2966	138	Picture	rest	8120045	0	1	144099	2	0	144000
S026_DAY1_MINITWICE_2966	139	Picture	endrest	8264244	0	1	10100	2	0	10000
S026_DAY1_MINITWICE_2966	140	Picture	endrest	8274444	0	1	10100	2	0	10000
S026_DAY1_MINITWICE_2966	141	Picture	endrest	8284644	0	1	10100	2	0	10000
S026_DAY1_MINITWICE_2966	142	Picture	endrest	8294844	0	1	10099	3	0	10000
