Scenario - vOT_Triads_fMRI_II
Logfile written - 02/23/2016 12:27:10

Subject	Trial	Event Type	Code	Time	TTime	Uncertainty	Duration	Uncertainty	ReqTime	ReqDur

S026_DAY2_MINITWICE_2966	1	Pulse	99	597790	607713	NA
S026_DAY2_MINITWICE_2966	1	Port Input	1	597790	607713	NA
S026_DAY2_MINITWICE_2966	1	Pulse	99	633791	643714	NA
S026_DAY2_MINITWICE_2966	1	Port Input	1	633791	643714	NA
S026_DAY2_MINITWICE_2966	1	Pulse	99	669792	679715	NA
S026_DAY2_MINITWICE_2966	1	Port Input	1	669792	679715	NA
S026_DAY2_MINITWICE_2966	1	Pulse	99	705793	715716	NA
S026_DAY2_MINITWICE_2966	1	Port Input	1	705793	715716	NA
S026_DAY2_MINITWICE_2966	1	Pulse	99	741794	751717	NA
S026_DAY2_MINITWICE_2966	1	Port Input	1	741794	751717	NA
S026_DAY2_MINITWICE_2966	2	Picture	rest	741997	0	1	144099	3	0	144000
S026_DAY2_MINITWICE_2966	2	Pulse	99	777795	35798	NA
S026_DAY2_MINITWICE_2966	2	Port Input	1	777795	35798	NA
S026_DAY2_MINITWICE_2966	2	Pulse	99	813797	71800	NA
S026_DAY2_MINITWICE_2966	2	Port Input	1	813797	71800	NA
S026_DAY2_MINITWICE_2966	2	Pulse	99	849798	107801	NA
S026_DAY2_MINITWICE_2966	2	Port Input	1	849798	107801	NA
S026_DAY2_MINITWICE_2966	2	Pulse	99	885799	143802	NA
S026_DAY2_MINITWICE_2966	2	Port Input	1	885799	143802	NA
S026_DAY2_MINITWICE_2966	3	Picture	endrest	886196	0	2	10100	4	0	10000
S026_DAY2_MINITWICE_2966	4	Picture	FF	896596	0	1	43100	2	0	43200
S026_DAY2_MINITWICE_2966	4	Response	51	907672	11076	2
S026_DAY2_MINITWICE_2966	4	Pulse	99	921800	25204	NA
S026_DAY2_MINITWICE_2966	4	Port Input	1	921800	25204	NA
S026_DAY2_MINITWICE_2966	4	Picture	3_T_FFTRIAD_FF_zanahoria_red.png	939696	43100	1	1900	2	43200	1800
S026_DAY2_MINITWICE_2966	5	Picture	FF	941896	0	1	43200	2	0	43200
S026_DAY2_MINITWICE_2966	5	Response	52	953584	11688	1
S026_DAY2_MINITWICE_2966	5	Pulse	99	957801	15905	NA
S026_DAY2_MINITWICE_2966	5	Port Input	1	957801	15905	NA
S026_DAY2_MINITWICE_2966	5	Picture	4_T_FFTRIAD_FF_botella_red.png	985096	43200	1	1900	2	43200	1800
S026_DAY2_MINITWICE_2966	6	Picture	FF	987296	0	1	43200	2	0	43200
S026_DAY2_MINITWICE_2966	6	Pulse	99	993802	6506	NA
S026_DAY2_MINITWICE_2966	6	Port Input	1	993802	6506	NA
S026_DAY2_MINITWICE_2966	6	Response	51	1001797	14501	2
S026_DAY2_MINITWICE_2966	6	Pulse	99	1029803	42507	NA
S026_DAY2_MINITWICE_2966	6	Port Input	1	1029803	42507	NA
S026_DAY2_MINITWICE_2966	6	Picture	5_T_FFTRIAD_FF_llave_red.png	1030496	43200	1	1900	2	43200	1800
S026_DAY2_MINITWICE_2966	7	Picture	FF	1032796	0	1	43099	5	0	43200
S026_DAY2_MINITWICE_2966	7	Response	52	1042275	9479	1
S026_DAY2_MINITWICE_2966	7	Pulse	99	1065804	33008	NA
S026_DAY2_MINITWICE_2966	7	Port Input	1	1065804	33008	NA
S026_DAY2_MINITWICE_2966	7	Picture	6_T_FFTRIAD_FF_iglu_red.png	1075895	43099	4	1901	5	43200	1800
S026_DAY2_MINITWICE_2966	8	Picture	RW	1078196	0	1	43200	2	0	43200
S026_DAY2_MINITWICE_2966	8	Response	52	1095414	17218	2
S026_DAY2_MINITWICE_2966	8	Pulse	99	1101805	23609	NA
S026_DAY2_MINITWICE_2966	8	Port Input	1	1101805	23609	NA
S026_DAY2_MINITWICE_2966	8	Picture	7_T_RWTRIAD_RW_cuento_red.png	1121396	43200	1	1900	2	43200	1800
S026_DAY2_MINITWICE_2966	9	Picture	RW	1123496	0	1	43200	2	0	43200
S026_DAY2_MINITWICE_2966	9	Pulse	99	1137806	14310	NA
S026_DAY2_MINITWICE_2966	9	Port Input	1	1137806	14310	NA
S026_DAY2_MINITWICE_2966	9	Response	51	1141582	18086	1
S026_DAY2_MINITWICE_2966	9	Picture	8_T_RWTRIAD_RW_chupete_red.png	1166696	43200	1	1900	2	43200	1800
S026_DAY2_MINITWICE_2966	10	Picture	RW	1168895	0	2	43100	4	0	43200
S026_DAY2_MINITWICE_2966	10	Pulse	99	1173807	4912	NA
S026_DAY2_MINITWICE_2966	10	Port Input	1	1173807	4912	NA
S026_DAY2_MINITWICE_2966	10	Response	51	1187538	18643	1
S026_DAY2_MINITWICE_2966	10	Pulse	99	1209809	40914	NA
S026_DAY2_MINITWICE_2966	10	Port Input	1	1209809	40914	NA
S026_DAY2_MINITWICE_2966	10	Picture	9_T_RWTRIAD_RW_portatil_red.png	1211995	43100	2	1900	3	43200	1800
S026_DAY2_MINITWICE_2966	11	Picture	RW	1214195	0	1	43200	2	0	43200
S026_DAY2_MINITWICE_2966	11	Response	52	1232389	18194	1
S026_DAY2_MINITWICE_2966	11	Pulse	99	1245810	31615	NA
S026_DAY2_MINITWICE_2966	11	Port Input	1	1245810	31615	NA
S026_DAY2_MINITWICE_2966	11	Picture	10_T_RWTRIAD_RW_tijera_red.png	1257395	43200	1	1900	2	43200	1800
S026_DAY2_MINITWICE_2966	12	Picture	rest	1259395	0	1	144100	2	0	144000
S026_DAY2_MINITWICE_2966	12	Pulse	99	1281811	22416	NA
S026_DAY2_MINITWICE_2966	12	Port Input	1	1281811	22416	NA
S026_DAY2_MINITWICE_2966	12	Pulse	99	1317812	58417	NA
S026_DAY2_MINITWICE_2966	12	Port Input	1	1317812	58417	NA
S026_DAY2_MINITWICE_2966	12	Pulse	99	1353813	94418	NA
S026_DAY2_MINITWICE_2966	12	Port Input	1	1353813	94418	NA
S026_DAY2_MINITWICE_2966	12	Pulse	99	1389814	130419	NA
S026_DAY2_MINITWICE_2966	12	Port Input	1	1389814	130419	NA
S026_DAY2_MINITWICE_2966	13	Picture	endrest	1403595	0	1	10100	2	0	10000
S026_DAY2_MINITWICE_2966	14	Picture	FF	1413995	0	1	43200	2	0	43200
S026_DAY2_MINITWICE_2966	14	Response	52	1425277	11282	1
S026_DAY2_MINITWICE_2966	14	Pulse	99	1425815	11820	NA
S026_DAY2_MINITWICE_2966	14	Port Input	1	1425815	11820	NA
S026_DAY2_MINITWICE_2966	14	Picture	13_T_FFTRIAD_FF_almohada_red.png	1457195	43200	1	1900	2	43200	1800
S026_DAY2_MINITWICE_2966	15	Picture	FF	1459395	0	1	43099	3	0	43200
S026_DAY2_MINITWICE_2966	15	Pulse	99	1461816	2421	NA
S026_DAY2_MINITWICE_2966	15	Port Input	1	1461816	2421	NA
S026_DAY2_MINITWICE_2966	15	Response	52	1468799	9404	1
S026_DAY2_MINITWICE_2966	15	Pulse	99	1497817	38422	NA
S026_DAY2_MINITWICE_2966	15	Port Input	1	1497817	38422	NA
S026_DAY2_MINITWICE_2966	15	Picture	14_T_FFTRIAD_FF_cerillas_red.png	1502494	43099	2	1900	4	43200	1800
S026_DAY2_MINITWICE_2966	16	Picture	FF	1504694	0	2	43200	3	0	43200
S026_DAY2_MINITWICE_2966	16	Response	52	1518259	13565	1
S026_DAY2_MINITWICE_2966	16	Pulse	99	1533818	29124	NA
S026_DAY2_MINITWICE_2966	16	Port Input	1	1533818	29124	NA
S026_DAY2_MINITWICE_2966	16	Picture	15_T_FFTRIAD_FF_sobre_red.png	1547894	43200	1	1900	2	43200	1800
S026_DAY2_MINITWICE_2966	17	Picture	FF	1550094	0	1	43100	2	0	43200
S026_DAY2_MINITWICE_2966	17	Response	51	1560139	10045	1
S026_DAY2_MINITWICE_2966	17	Pulse	99	1569820	19726	NA
S026_DAY2_MINITWICE_2966	17	Port Input	1	1569820	19726	NA
S026_DAY2_MINITWICE_2966	17	Picture	16_T_FFTRIAD_FF_perro_red.png	1593194	43100	1	1900	2	43200	1800
S026_DAY2_MINITWICE_2966	18	Picture	RW	1595594	0	1	43100	2	0	43200
S026_DAY2_MINITWICE_2966	18	Pulse	99	1605821	10227	NA
S026_DAY2_MINITWICE_2966	18	Port Input	1	1605821	10227	NA
S026_DAY2_MINITWICE_2966	18	Response	51	1610663	15069	1
S026_DAY2_MINITWICE_2966	18	Picture	17_T_RWTRIAD_RW_manos_red.png	1638694	43100	1	1900	2	43200	1800
S026_DAY2_MINITWICE_2966	19	Picture	RW	1640894	0	1	43100	2	0	43200
S026_DAY2_MINITWICE_2966	19	Pulse	99	1641822	928	NA
S026_DAY2_MINITWICE_2966	19	Port Input	1	1641822	928	NA
S026_DAY2_MINITWICE_2966	19	Response	51	1655400	14506	1
S026_DAY2_MINITWICE_2966	19	Pulse	99	1677823	36929	NA
S026_DAY2_MINITWICE_2966	19	Port Input	1	1677823	36929	NA
S026_DAY2_MINITWICE_2966	19	Picture	18_T_RWTRIAD_RW_telarana_red.png	1683994	43100	1	1900	2	43200	1800
S026_DAY2_MINITWICE_2966	20	Picture	RW	1686194	0	1	43200	2	0	43200
S026_DAY2_MINITWICE_2966	20	Response	52	1710898	24704	1
S026_DAY2_MINITWICE_2966	20	Pulse	99	1713824	27630	NA
S026_DAY2_MINITWICE_2966	20	Port Input	1	1713824	27630	NA
S026_DAY2_MINITWICE_2966	20	Picture	19_T_RWTRIAD_RW_grapadora_red.png	1729394	43200	1	1900	2	43200	1800
S026_DAY2_MINITWICE_2966	21	Picture	RW	1731594	0	1	43100	2	0	43200
S026_DAY2_MINITWICE_2966	21	Response	52	1745105	13511	1
S026_DAY2_MINITWICE_2966	21	Pulse	99	1749825	18231	NA
S026_DAY2_MINITWICE_2966	21	Port Input	1	1749825	18231	NA
S026_DAY2_MINITWICE_2966	21	Picture	20_T_RWTRIAD_RW_silla_red.png	1774694	43100	1	1900	2	43200	1800
S026_DAY2_MINITWICE_2966	22	Picture	rest	1776694	0	1	144099	2	0	144000
S026_DAY2_MINITWICE_2966	22	Pulse	99	1785826	9132	NA
S026_DAY2_MINITWICE_2966	22	Port Input	1	1785826	9132	NA
S026_DAY2_MINITWICE_2966	22	Pulse	99	1821827	45133	NA
S026_DAY2_MINITWICE_2966	22	Port Input	1	1821827	45133	NA
S026_DAY2_MINITWICE_2966	22	Pulse	99	1857828	81134	NA
S026_DAY2_MINITWICE_2966	22	Port Input	1	1857828	81134	NA
S026_DAY2_MINITWICE_2966	22	Pulse	99	1893829	117135	NA
S026_DAY2_MINITWICE_2966	22	Port Input	1	1893829	117135	NA
S026_DAY2_MINITWICE_2966	23	Picture	endrest	1920893	0	1	10100	2	0	10000
S026_DAY2_MINITWICE_2966	23	Pulse	99	1929830	8937	NA
S026_DAY2_MINITWICE_2966	23	Port Input	1	1929830	8937	NA
S026_DAY2_MINITWICE_2966	24	Picture	RW	1931193	0	1	43200	2	0	43200
S026_DAY2_MINITWICE_2966	24	Response	52	1946497	15304	1
S026_DAY2_MINITWICE_2966	24	Pulse	99	1965832	34639	NA
S026_DAY2_MINITWICE_2966	24	Port Input	1	1965832	34639	NA
S026_DAY2_MINITWICE_2966	24	Picture	23_T_RWTRIAD_RW_cinturon_red.png	1974393	43200	1	1900	2	43200	1800
S026_DAY2_MINITWICE_2966	25	Picture	RW	1976593	0	1	43200	2	0	43200
S026_DAY2_MINITWICE_2966	25	Pulse	99	2001833	25240	NA
S026_DAY2_MINITWICE_2966	25	Port Input	1	2001833	25240	NA
S026_DAY2_MINITWICE_2966	25	Response	51	2005986	29393	1
S026_DAY2_MINITWICE_2966	25	Picture	24_T_RWTRIAD_RW_estetoscopio_red.png	2019793	43200	1	1900	2	43200	1800
S026_DAY2_MINITWICE_2966	26	Picture	RW	2021993	0	1	43100	2	0	43200
S026_DAY2_MINITWICE_2966	26	Pulse	99	2037834	15841	NA
S026_DAY2_MINITWICE_2966	26	Port Input	1	2037834	15841	NA
S026_DAY2_MINITWICE_2966	26	Response	51	2040572	18579	1
S026_DAY2_MINITWICE_2966	26	Picture	25_T_RWTRIAD_RW_almohada_red.png	2065093	43100	1	1900	2	43200	1800
S026_DAY2_MINITWICE_2966	27	Picture	RW	2067393	0	1	43100	2	0	43200
S026_DAY2_MINITWICE_2966	27	Pulse	99	2073835	6442	NA
S026_DAY2_MINITWICE_2966	27	Port Input	1	2073835	6442	NA
S026_DAY2_MINITWICE_2966	27	Response	52	2090549	23156	1
S026_DAY2_MINITWICE_2966	27	Pulse	99	2109836	42443	NA
S026_DAY2_MINITWICE_2966	27	Port Input	1	2109836	42443	NA
S026_DAY2_MINITWICE_2966	27	Picture	26_T_RWTRIAD_RW_martillo_red.png	2110493	43100	1	1900	2	43200	1800
S026_DAY2_MINITWICE_2966	28	Picture	FF	2112793	0	1	43099	3	0	43200
S026_DAY2_MINITWICE_2966	28	Response	51	2133604	20811	1
S026_DAY2_MINITWICE_2966	28	Pulse	99	2145837	33044	NA
S026_DAY2_MINITWICE_2966	28	Port Input	1	2145837	33044	NA
S026_DAY2_MINITWICE_2966	28	Picture	27_T_FFTRIAD_FF_lana_red.png	2155892	43099	2	1900	3	43200	1800
S026_DAY2_MINITWICE_2966	29	Picture	FF	2158192	0	2	43200	3	0	43200
S026_DAY2_MINITWICE_2966	29	Response	51	2170369	12177	1
S026_DAY2_MINITWICE_2966	29	Pulse	99	2181838	23646	NA
S026_DAY2_MINITWICE_2966	29	Port Input	1	2181838	23646	NA
S026_DAY2_MINITWICE_2966	29	Picture	28_T_FFTRIAD_FF_martillo_red.png	2201392	43200	1	1900	2	43200	1800
S026_DAY2_MINITWICE_2966	30	Picture	FF	2203692	0	1	43100	2	0	43200
S026_DAY2_MINITWICE_2966	30	Response	52	2215967	12275	1
S026_DAY2_MINITWICE_2966	30	Pulse	99	2217839	14147	NA
S026_DAY2_MINITWICE_2966	30	Port Input	1	2217839	14147	NA
S026_DAY2_MINITWICE_2966	30	Picture	29_T_FFTRIAD_FF_esquimal_red.png	2246792	43100	1	1900	2	43200	1800
S026_DAY2_MINITWICE_2966	31	Picture	FF	2248992	0	1	43100	2	0	43200
S026_DAY2_MINITWICE_2966	31	Pulse	99	2253840	4848	NA
S026_DAY2_MINITWICE_2966	31	Port Input	1	2253840	4848	NA
S026_DAY2_MINITWICE_2966	31	Response	51	2265329	16337	2
S026_DAY2_MINITWICE_2966	31	Pulse	99	2289841	40849	NA
S026_DAY2_MINITWICE_2966	31	Port Input	1	2289841	40849	NA
S026_DAY2_MINITWICE_2966	31	Picture	30_T_FFTRIAD_FF_pincel_red.png	2292092	43100	1	1900	2	43200	1800
S026_DAY2_MINITWICE_2966	32	Picture	rest	2294092	0	1	144100	2	0	144000
S026_DAY2_MINITWICE_2966	32	Pulse	99	2325843	31751	NA
S026_DAY2_MINITWICE_2966	32	Port Input	1	2325843	31751	NA
S026_DAY2_MINITWICE_2966	32	Pulse	99	2361844	67752	NA
S026_DAY2_MINITWICE_2966	32	Port Input	1	2361844	67752	NA
S026_DAY2_MINITWICE_2966	32	Pulse	99	2397845	103753	NA
S026_DAY2_MINITWICE_2966	32	Port Input	1	2397845	103753	NA
S026_DAY2_MINITWICE_2966	32	Pulse	99	2433846	139754	NA
S026_DAY2_MINITWICE_2966	32	Port Input	1	2433846	139754	NA
S026_DAY2_MINITWICE_2966	33	Picture	endrest	2438292	0	1	10100	2	0	10000
S026_DAY2_MINITWICE_2966	34	Picture	PW	2448792	0	1	43099	2	0	43200
S026_DAY2_MINITWICE_2966	34	Response	51	2466013	17221	1
S026_DAY2_MINITWICE_2966	34	Pulse	99	2469847	21055	NA
S026_DAY2_MINITWICE_2966	34	Port Input	1	2469847	21055	NA
S026_DAY2_MINITWICE_2966	34	Picture	33_T_PWTRIAD_PW_cortina_red.png	2491891	43099	1	1900	2	43200	1800
S026_DAY2_MINITWICE_2966	35	Picture	PW	2494191	0	1	43100	2	0	43200
S026_DAY2_MINITWICE_2966	35	Pulse	99	2505848	11657	NA
S026_DAY2_MINITWICE_2966	35	Port Input	1	2505848	11657	NA
S026_DAY2_MINITWICE_2966	35	Response	51	2508994	14803	1
S026_DAY2_MINITWICE_2966	35	Picture	34_T_PWTRIAD_PW_traje_red.png	2537291	43100	1	1900	2	43200	1800
S026_DAY2_MINITWICE_2966	36	Picture	PW	2539491	0	1	43200	2	0	43200
S026_DAY2_MINITWICE_2966	36	Pulse	99	2541849	2358	NA
S026_DAY2_MINITWICE_2966	36	Port Input	1	2541849	2358	NA
S026_DAY2_MINITWICE_2966	36	Response	51	2561801	22310	2
S026_DAY2_MINITWICE_2966	36	Pulse	99	2577850	38359	NA
S026_DAY2_MINITWICE_2966	36	Port Input	1	2577850	38359	NA
S026_DAY2_MINITWICE_2966	36	Picture	35_T_PWTRIAD_PW_zanahoria_red.png	2582691	43200	1	1900	2	43200	1800
S026_DAY2_MINITWICE_2966	37	Picture	PW	2584991	0	1	43100	2	0	43200
S026_DAY2_MINITWICE_2966	37	Response	52	2603008	18017	1
S026_DAY2_MINITWICE_2966	37	Pulse	99	2613851	28860	NA
S026_DAY2_MINITWICE_2966	37	Port Input	1	2613851	28860	NA
S026_DAY2_MINITWICE_2966	37	Picture	36_T_PWTRIAD_PW_llave_red.png	2628091	43100	1	1900	2	43200	1800
S026_DAY2_MINITWICE_2966	38	Picture	RW	2630391	0	1	43100	2	0	43200
S026_DAY2_MINITWICE_2966	38	Pulse	99	2649852	19461	NA
S026_DAY2_MINITWICE_2966	38	Port Input	1	2649852	19461	NA
S026_DAY2_MINITWICE_2966	38	Response	52	2653619	23228	1
S026_DAY2_MINITWICE_2966	38	Picture	37_T_RWTRIAD_RW_plato_red.png	2673491	43100	1	1900	2	43200	1800
S026_DAY2_MINITWICE_2966	39	Picture	RW	2675691	0	1	43100	2	0	43200
S026_DAY2_MINITWICE_2966	39	Pulse	99	2685853	10162	NA
S026_DAY2_MINITWICE_2966	39	Port Input	1	2685853	10162	NA
S026_DAY2_MINITWICE_2966	39	Response	52	2691839	16148	2
S026_DAY2_MINITWICE_2966	39	Picture	38_T_RWTRIAD_RW_destornillador_red.png	2718791	43100	1	1900	2	43200	1800
S026_DAY2_MINITWICE_2966	40	Picture	RW	2720991	0	1	43099	3	0	43200
S026_DAY2_MINITWICE_2966	40	Pulse	99	2721855	864	NA
S026_DAY2_MINITWICE_2966	40	Port Input	1	2721855	864	NA
S026_DAY2_MINITWICE_2966	40	Response	52	2740742	19751	1
S026_DAY2_MINITWICE_2966	40	Pulse	99	2757856	36865	NA
S026_DAY2_MINITWICE_2966	40	Port Input	1	2757856	36865	NA
S026_DAY2_MINITWICE_2966	40	Picture	39_T_RWTRIAD_RW_oruga_red.png	2764090	43099	2	1900	4	43200	1800
S026_DAY2_MINITWICE_2966	41	Picture	RW	2766290	0	2	43200	3	0	43200
S026_DAY2_MINITWICE_2966	41	Response	51	2783001	16711	3
S026_DAY2_MINITWICE_2966	41	Pulse	99	2793857	27567	NA
S026_DAY2_MINITWICE_2966	41	Port Input	1	2793857	27567	NA
S026_DAY2_MINITWICE_2966	41	Picture	40_T_RWTRIAD_RW_carruaje_red.png	2809490	43200	1	1900	2	43200	1800
S026_DAY2_MINITWICE_2966	42	Picture	rest	2811490	0	1	144100	2	0	144000
S026_DAY2_MINITWICE_2966	42	Pulse	99	2829858	18368	NA
S026_DAY2_MINITWICE_2966	42	Port Input	1	2829858	18368	NA
S026_DAY2_MINITWICE_2966	42	Pulse	99	2865859	54369	NA
S026_DAY2_MINITWICE_2966	42	Port Input	1	2865859	54369	NA
S026_DAY2_MINITWICE_2966	42	Pulse	99	2901860	90370	NA
S026_DAY2_MINITWICE_2966	42	Port Input	1	2901860	90370	NA
S026_DAY2_MINITWICE_2966	42	Pulse	99	2937861	126371	NA
S026_DAY2_MINITWICE_2966	42	Port Input	1	2937861	126371	NA
S026_DAY2_MINITWICE_2966	43	Picture	endrest	2955690	0	1	10100	2	0	10000
S026_DAY2_MINITWICE_2966	44	Picture	RW	2966190	0	1	43100	2	0	43200
S026_DAY2_MINITWICE_2966	44	Pulse	99	2973862	7672	NA
S026_DAY2_MINITWICE_2966	44	Port Input	1	2973862	7672	NA
S026_DAY2_MINITWICE_2966	44	Response	52	2980754	14564	1
S026_DAY2_MINITWICE_2966	44	Picture	43_T_RWTRIAD_RW_gafas_red.png	3009290	43100	1	1900	2	43200	1800
S026_DAY2_MINITWICE_2966	44	Pulse	99	3009863	43673	NA
S026_DAY2_MINITWICE_2966	44	Port Input	1	3009863	43673	NA
S026_DAY2_MINITWICE_2966	45	Picture	RW	3011590	0	1	43100	2	0	43200
S026_DAY2_MINITWICE_2966	45	Response	51	3028418	16828	1
S026_DAY2_MINITWICE_2966	45	Pulse	99	3045864	34274	NA
S026_DAY2_MINITWICE_2966	45	Port Input	1	3045864	34274	NA
S026_DAY2_MINITWICE_2966	45	Picture	44_T_RWTRIAD_RW_policia_red.png	3054690	43100	1	1900	2	43200	1800
S026_DAY2_MINITWICE_2966	46	Picture	RW	3056890	0	1	43099	3	0	43200
S026_DAY2_MINITWICE_2966	46	Response	52	3072417	15527	1
S026_DAY2_MINITWICE_2966	46	Pulse	99	3081865	24975	NA
S026_DAY2_MINITWICE_2966	46	Port Input	1	3081865	24975	NA
S026_DAY2_MINITWICE_2966	46	Picture	45_T_RWTRIAD_RW_sobre_red.png	3099989	43099	2	1900	4	43200	1800
S026_DAY2_MINITWICE_2966	47	Picture	RW	3102289	0	1	43100	2	0	43200
S026_DAY2_MINITWICE_2966	47	Response	52	3116697	14408	1
S026_DAY2_MINITWICE_2966	47	Pulse	99	3117867	15578	NA
S026_DAY2_MINITWICE_2966	47	Port Input	1	3117867	15578	NA
S026_DAY2_MINITWICE_2966	47	Picture	46_T_RWTRIAD_RW_paraguas_red.png	3145389	43100	1	1900	2	43200	1800
S026_DAY2_MINITWICE_2966	48	Picture	FF	3147689	0	1	43100	3	0	43200
S026_DAY2_MINITWICE_2966	48	Pulse	99	3153868	6179	NA
S026_DAY2_MINITWICE_2966	48	Port Input	1	3153868	6179	NA
S026_DAY2_MINITWICE_2966	48	Response	52	3169068	21379	1
S026_DAY2_MINITWICE_2966	48	Pulse	99	3189869	42180	NA
S026_DAY2_MINITWICE_2966	48	Port Input	1	3189869	42180	NA
S026_DAY2_MINITWICE_2966	48	Picture	47_T_FFTRIAD_FF_gafas_red.png	3190789	43100	2	1900	3	43200	1800
S026_DAY2_MINITWICE_2966	49	Picture	FF	3192989	0	1	43100	2	0	43200
S026_DAY2_MINITWICE_2966	49	Response	51	3210150	17161	1
S026_DAY2_MINITWICE_2966	49	Pulse	99	3225870	32881	NA
S026_DAY2_MINITWICE_2966	49	Port Input	1	3225870	32881	NA
S026_DAY2_MINITWICE_2966	49	Picture	48_T_FFTRIAD_FF_carruaje_red.png	3236089	43100	1	1900	2	43200	1800
S026_DAY2_MINITWICE_2966	50	Picture	FF	3238389	0	1	43099	3	0	43200
S026_DAY2_MINITWICE_2966	50	Response	52	3253672	15283	1
S026_DAY2_MINITWICE_2966	50	Pulse	99	3261871	23482	NA
S026_DAY2_MINITWICE_2966	50	Port Input	1	3261871	23482	NA
S026_DAY2_MINITWICE_2966	50	Picture	49_T_FFTRIAD_FF_anillo_red.png	3281488	43099	2	1901	3	43200	1800
S026_DAY2_MINITWICE_2966	51	Picture	FF	3283689	0	1	43200	2	0	43200
S026_DAY2_MINITWICE_2966	51	Response	52	3294383	10694	1
S026_DAY2_MINITWICE_2966	51	Pulse	99	3297872	14183	NA
S026_DAY2_MINITWICE_2966	51	Port Input	1	3297872	14183	NA
S026_DAY2_MINITWICE_2966	51	Picture	50_T_FFTRIAD_FF_bebe_red.png	3326889	43200	1	1900	2	43200	1800
S026_DAY2_MINITWICE_2966	52	Picture	rest	3328889	0	1	144099	2	0	144000
S026_DAY2_MINITWICE_2966	52	Pulse	99	3333873	4984	NA
S026_DAY2_MINITWICE_2966	52	Port Input	1	3333873	4984	NA
S026_DAY2_MINITWICE_2966	52	Pulse	99	3369874	40985	NA
S026_DAY2_MINITWICE_2966	52	Port Input	1	3369874	40985	NA
S026_DAY2_MINITWICE_2966	52	Pulse	99	3405875	76986	NA
S026_DAY2_MINITWICE_2966	52	Port Input	1	3405875	76986	NA
S026_DAY2_MINITWICE_2966	52	Pulse	99	3441876	112987	NA
S026_DAY2_MINITWICE_2966	52	Port Input	1	3441876	112987	NA
S026_DAY2_MINITWICE_2966	53	Picture	endrest	3473088	0	1	10100	2	0	10000
S026_DAY2_MINITWICE_2966	53	Pulse	99	3477878	4790	NA
S026_DAY2_MINITWICE_2966	53	Port Input	1	3477878	4790	NA
S026_DAY2_MINITWICE_2966	54	Picture	FF	3483488	0	1	43100	2	0	43200
S026_DAY2_MINITWICE_2966	54	Response	51	3500087	16599	1
S026_DAY2_MINITWICE_2966	54	Pulse	99	3513879	30391	NA
S026_DAY2_MINITWICE_2966	54	Port Input	1	3513879	30391	NA
S026_DAY2_MINITWICE_2966	54	Picture	53_T_FFTRIAD_FF_granjero_red.png	3526588	43100	1	1900	2	43200	1800
S026_DAY2_MINITWICE_2966	55	Picture	FF	3528788	0	1	43200	2	0	43200
S026_DAY2_MINITWICE_2966	55	Response	52	3539557	10769	1
S026_DAY2_MINITWICE_2966	55	Pulse	99	3549880	21092	NA
S026_DAY2_MINITWICE_2966	55	Port Input	1	3549880	21092	NA
S026_DAY2_MINITWICE_2966	55	Picture	54_T_FFTRIAD_FF_cinturon_red.png	3571988	43200	1	1900	2	43200	1800
S026_DAY2_MINITWICE_2966	56	Picture	FF	3574188	0	1	43200	2	0	43200
S026_DAY2_MINITWICE_2966	56	Pulse	99	3585881	11693	NA
S026_DAY2_MINITWICE_2966	56	Port Input	1	3585881	11693	NA
S026_DAY2_MINITWICE_2966	56	Response	51	3591011	16823	1
S026_DAY2_MINITWICE_2966	56	Picture	55_T_FFTRIAD_FF_grifo_red.png	3617388	43200	1	1900	2	43200	1800
S026_DAY2_MINITWICE_2966	57	Picture	FF	3619588	0	1	43200	2	0	43200
S026_DAY2_MINITWICE_2966	57	Pulse	99	3621882	2294	NA
S026_DAY2_MINITWICE_2966	57	Port Input	1	3621882	2294	NA
S026_DAY2_MINITWICE_2966	57	Response	52	3630166	10578	1
S026_DAY2_MINITWICE_2966	57	Pulse	99	3657883	38295	NA
S026_DAY2_MINITWICE_2966	57	Port Input	1	3657883	38295	NA
S026_DAY2_MINITWICE_2966	57	Picture	56_T_FFTRIAD_FF_arbol_red.png	3662788	43200	1	1900	2	43200	1800
S026_DAY2_MINITWICE_2966	58	Picture	FF	3665188	0	1	43099	3	0	43200
S026_DAY2_MINITWICE_2966	58	Response	51	3676235	11047	1
S026_DAY2_MINITWICE_2966	58	Pulse	99	3693884	28696	NA
S026_DAY2_MINITWICE_2966	58	Port Input	1	3693884	28696	NA
S026_DAY2_MINITWICE_2966	58	Picture	57_T_FFTRIAD_FF_traje_red.png	3708287	43099	2	1900	4	43200	1800
S026_DAY2_MINITWICE_2966	59	Picture	FF	3710488	0	1	43099	2	0	43200
S026_DAY2_MINITWICE_2966	59	Response	52	3724779	14291	1
S026_DAY2_MINITWICE_2966	59	Pulse	99	3729885	19397	NA
S026_DAY2_MINITWICE_2966	59	Port Input	1	3729885	19397	NA
S026_DAY2_MINITWICE_2966	59	Picture	58_T_FFTRIAD_FF_destornillador_red.png	3753587	43099	1	1900	2	43200	1800
S026_DAY2_MINITWICE_2966	60	Picture	FF	3755687	0	1	43200	2	0	43200
S026_DAY2_MINITWICE_2966	60	Pulse	99	3765886	10199	NA
S026_DAY2_MINITWICE_2966	60	Port Input	1	3765886	10199	NA
S026_DAY2_MINITWICE_2966	60	Response	52	3768329	12642	31
S026_DAY2_MINITWICE_2966	60	Picture	59_T_FFTRIAD_FF_telarana_red.png	3798887	43200	1	1900	2	43200	1800
S026_DAY2_MINITWICE_2966	61	Picture	FF	3801087	0	1	43100	2	0	43200
S026_DAY2_MINITWICE_2966	61	Pulse	99	3801887	800	NA
S026_DAY2_MINITWICE_2966	61	Port Input	1	3801887	800	NA
S026_DAY2_MINITWICE_2966	61	Response	52	3813429	12342	1
S026_DAY2_MINITWICE_2966	61	Pulse	99	3837889	36802	NA
S026_DAY2_MINITWICE_2966	61	Port Input	1	3837889	36802	NA
S026_DAY2_MINITWICE_2966	61	Picture	60_T_FFTRIAD_FF_lechuga_red.png	3844187	43100	1	1900	2	43200	1800
S026_DAY2_MINITWICE_2966	62	Picture	rest	3846187	0	1	144100	2	0	144000
S026_DAY2_MINITWICE_2966	62	Pulse	99	3873890	27703	NA
S026_DAY2_MINITWICE_2966	62	Port Input	1	3873890	27703	NA
S026_DAY2_MINITWICE_2966	62	Pulse	99	3909891	63704	NA
S026_DAY2_MINITWICE_2966	62	Port Input	1	3909891	63704	NA
S026_DAY2_MINITWICE_2966	62	Pulse	99	3945892	99705	NA
S026_DAY2_MINITWICE_2966	62	Port Input	1	3945892	99705	NA
S026_DAY2_MINITWICE_2966	62	Pulse	99	3981893	135706	NA
S026_DAY2_MINITWICE_2966	62	Port Input	1	3981893	135706	NA
S026_DAY2_MINITWICE_2966	63	Picture	endrest	3990387	0	1	10100	2	0	10000
S026_DAY2_MINITWICE_2966	64	Picture	PW	4000786	0	2	43100	3	0	43200
S026_DAY2_MINITWICE_2966	64	Pulse	99	4017894	17108	NA
S026_DAY2_MINITWICE_2966	64	Port Input	1	4017894	17108	NA
S026_DAY2_MINITWICE_2966	64	Response	52	4020075	19289	1
S026_DAY2_MINITWICE_2966	64	Picture	63_T_PWTRIAD_PW_botella_red.png	4043886	43100	1	1900	3	43200	1800
S026_DAY2_MINITWICE_2966	65	Picture	PW	4046186	0	2	43100	3	0	43200
S026_DAY2_MINITWICE_2966	65	Pulse	99	4053895	7709	NA
S026_DAY2_MINITWICE_2966	65	Port Input	1	4053895	7709	NA
S026_DAY2_MINITWICE_2966	65	Response	51	4066397	20211	1
S026_DAY2_MINITWICE_2966	65	Picture	64_T_PWTRIAD_PW_manos_red.png	4089286	43100	1	1900	2	43200	1800
S026_DAY2_MINITWICE_2966	65	Pulse	99	4089896	43710	NA
S026_DAY2_MINITWICE_2966	65	Port Input	1	4089896	43710	NA
S026_DAY2_MINITWICE_2966	66	Picture	PW	4091586	0	1	43100	2	0	43200
S026_DAY2_MINITWICE_2966	66	Response	51	4120632	29046	2
S026_DAY2_MINITWICE_2966	66	Pulse	99	4125897	34311	NA
S026_DAY2_MINITWICE_2966	66	Port Input	1	4125897	34311	NA
S026_DAY2_MINITWICE_2966	66	Picture	65_T_PWTRIAD_PW_destornillador_red.png	4134686	43100	1	1900	2	43200	1800
S026_DAY2_MINITWICE_2966	67	Picture	PW	4136986	0	1	43100	2	0	43200
S026_DAY2_MINITWICE_2966	67	Response	52	4156871	19885	1
S026_DAY2_MINITWICE_2966	67	Pulse	99	4161898	24912	NA
S026_DAY2_MINITWICE_2966	67	Port Input	1	4161898	24912	NA
S026_DAY2_MINITWICE_2966	67	Picture	66_T_PWTRIAD_PW_oruga_red.png	4180086	43100	1	1900	2	43200	1800
S026_DAY2_MINITWICE_2966	68	Picture	RW	4182386	0	1	43100	2	0	43200
S026_DAY2_MINITWICE_2966	68	Pulse	99	4197899	15513	NA
S026_DAY2_MINITWICE_2966	68	Port Input	1	4197899	15513	NA
S026_DAY2_MINITWICE_2966	68	Response	52	4199174	16788	1
S026_DAY2_MINITWICE_2966	68	Picture	67_T_RWTRIAD_RW_bellota_red.png	4225486	43100	1	1900	2	43200	1800
S026_DAY2_MINITWICE_2966	69	Picture	RW	4227786	0	1	43200	2	0	43200
S026_DAY2_MINITWICE_2966	69	Pulse	99	4233901	6115	NA
S026_DAY2_MINITWICE_2966	69	Port Input	1	4233901	6115	NA
S026_DAY2_MINITWICE_2966	69	Response	51	4242199	14413	1
S026_DAY2_MINITWICE_2966	69	Pulse	99	4269902	42116	NA
S026_DAY2_MINITWICE_2966	69	Port Input	1	4269902	42116	NA
S026_DAY2_MINITWICE_2966	69	Picture	68_T_RWTRIAD_RW_lana_red.png	4270986	43200	1	1900	2	43200	1800
S026_DAY2_MINITWICE_2966	70	Picture	RW	4273286	0	1	43100	2	0	43200
S026_DAY2_MINITWICE_2966	70	Response	52	4290976	17690	1
S026_DAY2_MINITWICE_2966	70	Pulse	99	4305903	32617	NA
S026_DAY2_MINITWICE_2966	70	Port Input	1	4305903	32617	NA
S026_DAY2_MINITWICE_2966	70	Picture	69_T_RWTRIAD_RW_leche_red.png	4316386	43100	1	1899	3	43200	1800
S026_DAY2_MINITWICE_2966	71	Picture	RW	4318586	0	1	43199	3	0	43200
S026_DAY2_MINITWICE_2966	71	Response	52	4332158	13572	1
S026_DAY2_MINITWICE_2966	71	Pulse	99	4341904	23318	NA
S026_DAY2_MINITWICE_2966	71	Port Input	1	4341904	23318	NA
S026_DAY2_MINITWICE_2966	71	Picture	70_T_RWTRIAD_RW_queso_red.png	4361785	43199	2	1900	3	43200	1800
S026_DAY2_MINITWICE_2966	72	Picture	rest	4363785	0	1	144100	2	0	144000
S026_DAY2_MINITWICE_2966	72	Pulse	99	4377905	14120	NA
S026_DAY2_MINITWICE_2966	72	Port Input	1	4377905	14120	NA
S026_DAY2_MINITWICE_2966	72	Pulse	99	4413906	50121	NA
S026_DAY2_MINITWICE_2966	72	Port Input	1	4413906	50121	NA
S026_DAY2_MINITWICE_2966	72	Pulse	99	4449907	86122	NA
S026_DAY2_MINITWICE_2966	72	Port Input	1	4449907	86122	NA
S026_DAY2_MINITWICE_2966	72	Pulse	99	4485908	122123	NA
S026_DAY2_MINITWICE_2966	72	Port Input	1	4485908	122123	NA
S026_DAY2_MINITWICE_2966	73	Picture	endrest	4507985	0	1	10100	2	0	10000
S026_DAY2_MINITWICE_2966	74	Picture	PW	4518485	0	1	43100	2	0	43200
S026_DAY2_MINITWICE_2966	74	Pulse	99	4521909	3424	NA
S026_DAY2_MINITWICE_2966	74	Port Input	1	4521909	3424	NA
S026_DAY2_MINITWICE_2966	74	Response	51	4543558	25073	1
S026_DAY2_MINITWICE_2966	74	Pulse	99	4557910	39425	NA
S026_DAY2_MINITWICE_2966	74	Port Input	1	4557910	39425	NA
S026_DAY2_MINITWICE_2966	74	Picture	73_T_PWTRIAD_PW_huevos_red.png	4561585	43100	1	1900	2	43200	1800
S026_DAY2_MINITWICE_2966	75	Picture	PW	4563885	0	1	43100	2	0	43200
S026_DAY2_MINITWICE_2966	75	Response	51	4586502	22617	1
S026_DAY2_MINITWICE_2966	75	Pulse	99	4593911	30026	NA
S026_DAY2_MINITWICE_2966	75	Port Input	1	4593911	30026	NA
S026_DAY2_MINITWICE_2966	75	Picture	74_T_PWTRIAD_PW_esquimal_red.png	4606985	43100	1	1900	2	43200	1800
S026_DAY2_MINITWICE_2966	76	Picture	PW	4609185	0	1	43099	3	0	43200
S026_DAY2_MINITWICE_2966	76	Response	51	4627918	18733	1
S026_DAY2_MINITWICE_2966	76	Pulse	99	4629913	20728	NA
S026_DAY2_MINITWICE_2966	76	Port Input	1	4629913	20728	NA
S026_DAY2_MINITWICE_2966	76	Picture	75_T_PWTRIAD_PW_bala_red.png	4652284	43099	2	1900	4	43200	1800
S026_DAY2_MINITWICE_2966	77	Picture	PW	4654484	0	2	43200	3	0	43200
S026_DAY2_MINITWICE_2966	77	Pulse	99	4665914	11430	NA
S026_DAY2_MINITWICE_2966	77	Port Input	1	4665914	11430	NA
S026_DAY2_MINITWICE_2966	77	Response	51	4672214	17730	1
S026_DAY2_MINITWICE_2966	77	Picture	76_T_PWTRIAD_PW_sobre_red.png	4697684	43200	1	1900	2	43200	1800
S026_DAY2_MINITWICE_2966	78	Picture	PW	4699984	0	1	43200	2	0	43200
S026_DAY2_MINITWICE_2966	78	Pulse	99	4701915	1931	NA
S026_DAY2_MINITWICE_2966	78	Port Input	1	4701915	1931	NA
S026_DAY2_MINITWICE_2966	78	Response	51	4721149	21165	1
S026_DAY2_MINITWICE_2966	78	Pulse	99	4737916	37932	NA
S026_DAY2_MINITWICE_2966	78	Port Input	1	4737916	37932	NA
S026_DAY2_MINITWICE_2966	78	Picture	77_T_PWTRIAD_PW_leche_red.png	4743184	43200	1	1900	2	43200	1800
S026_DAY2_MINITWICE_2966	79	Picture	PW	4745484	0	1	43100	2	0	43200
S026_DAY2_MINITWICE_2966	79	Response	52	4761646	16162	1
S026_DAY2_MINITWICE_2966	79	Pulse	99	4773917	28433	NA
S026_DAY2_MINITWICE_2966	79	Port Input	1	4773917	28433	NA
S026_DAY2_MINITWICE_2966	79	Picture	78_T_PWTRIAD_PW_mono_red.png	4788584	43100	1	1900	2	43200	1800
S026_DAY2_MINITWICE_2966	80	Picture	PW	4790784	0	1	43100	2	0	43200
S026_DAY2_MINITWICE_2966	80	Response	52	4809030	18246	1
S026_DAY2_MINITWICE_2966	80	Pulse	99	4809918	19134	NA
S026_DAY2_MINITWICE_2966	80	Port Input	1	4809918	19134	NA
S026_DAY2_MINITWICE_2966	80	Picture	79_T_PWTRIAD_PW_arco_red.png	4833884	43100	1	1900	2	43200	1800
S026_DAY2_MINITWICE_2966	81	Picture	PW	4836184	0	1	43100	2	0	43200
S026_DAY2_MINITWICE_2966	81	Pulse	99	4845919	9735	NA
S026_DAY2_MINITWICE_2966	81	Port Input	1	4845919	9735	NA
S026_DAY2_MINITWICE_2966	81	Response	51	4856852	20668	1
S026_DAY2_MINITWICE_2966	81	Picture	80_T_PWTRIAD_PW_grifo_red.png	4879284	43100	1	1900	2	43200	1800
S026_DAY2_MINITWICE_2966	82	Picture	rest	4881284	0	1	144099	2	0	144000
S026_DAY2_MINITWICE_2966	82	Pulse	99	4881920	636	NA
S026_DAY2_MINITWICE_2966	82	Port Input	1	4881920	636	NA
S026_DAY2_MINITWICE_2966	82	Pulse	99	4917921	36637	NA
S026_DAY2_MINITWICE_2966	82	Port Input	1	4917921	36637	NA
S026_DAY2_MINITWICE_2966	82	Pulse	99	4953922	72638	NA
S026_DAY2_MINITWICE_2966	82	Port Input	1	4953922	72638	NA
S026_DAY2_MINITWICE_2966	82	Pulse	99	4989924	108640	NA
S026_DAY2_MINITWICE_2966	82	Port Input	1	4989924	108640	NA
S026_DAY2_MINITWICE_2966	83	Picture	endrest	5025483	0	1	10100	2	0	10000
S026_DAY2_MINITWICE_2966	83	Pulse	99	5025925	442	NA
S026_DAY2_MINITWICE_2966	83	Port Input	1	5025925	442	NA
S026_DAY2_MINITWICE_2966	84	Picture	PW	5035983	0	1	43100	2	0	43200
S026_DAY2_MINITWICE_2966	84	Response	51	5055334	19351	1
S026_DAY2_MINITWICE_2966	84	Pulse	99	5061926	25943	NA
S026_DAY2_MINITWICE_2966	84	Port Input	1	5061926	25943	NA
S026_DAY2_MINITWICE_2966	84	Picture	83_T_PWTRIAD_PW_charco_red.png	5079083	43100	1	1900	2	43200	1800
S026_DAY2_MINITWICE_2966	85	Picture	PW	5081383	0	1	43100	2	0	43200
S026_DAY2_MINITWICE_2966	85	Response	52	5097459	16076	1
S026_DAY2_MINITWICE_2966	85	Pulse	99	5097927	16544	NA
S026_DAY2_MINITWICE_2966	85	Port Input	1	5097927	16544	NA
S026_DAY2_MINITWICE_2966	85	Picture	84_T_PWTRIAD_PW_lana_red.png	5124483	43100	1	1900	2	43200	1800
S026_DAY2_MINITWICE_2966	86	Picture	PW	5126583	0	1	43200	2	0	43200
S026_DAY2_MINITWICE_2966	86	Pulse	99	5133928	7345	NA
S026_DAY2_MINITWICE_2966	86	Port Input	1	5133928	7345	NA
S026_DAY2_MINITWICE_2966	86	Response	51	5143481	16898	1
S026_DAY2_MINITWICE_2966	86	Picture	85_T_PWTRIAD_PW_dedal_red.png	5169783	43200	1	1900	2	43200	1800
S026_DAY2_MINITWICE_2966	86	Pulse	99	5169929	43346	NA
S026_DAY2_MINITWICE_2966	86	Port Input	1	5169929	43346	NA
S026_DAY2_MINITWICE_2966	87	Picture	PW	5171983	0	1	43200	2	0	43200
S026_DAY2_MINITWICE_2966	87	Response	52	5193479	21496	2
S026_DAY2_MINITWICE_2966	87	Pulse	99	5205930	33947	NA
S026_DAY2_MINITWICE_2966	87	Port Input	1	5205930	33947	NA
S026_DAY2_MINITWICE_2966	87	Picture	86_T_PWTRIAD_PW_queso_red.png	5215183	43200	1	1900	2	43200	1800
S026_DAY2_MINITWICE_2966	88	Picture	RW	5217383	0	1	43200	2	0	43200
S026_DAY2_MINITWICE_2966	88	Response	52	5229469	12086	1
S026_DAY2_MINITWICE_2966	88	Pulse	99	5241931	24548	NA
S026_DAY2_MINITWICE_2966	88	Port Input	1	5241931	24548	NA
S026_DAY2_MINITWICE_2966	88	Picture	87_T_RWTRIAD_RW_huevos_red.png	5260583	43200	1	1899	3	43200	1800
S026_DAY2_MINITWICE_2966	89	Picture	RW	5262982	0	2	43100	4	0	43200
S026_DAY2_MINITWICE_2966	89	Pulse	99	5277932	14950	NA
S026_DAY2_MINITWICE_2966	89	Port Input	1	5277932	14950	NA
S026_DAY2_MINITWICE_2966	89	Response	51	5279928	16946	1
S026_DAY2_MINITWICE_2966	89	Picture	88_T_RWTRIAD_RW_telefono_red.png	5306082	43100	2	1900	4	43200	1800
S026_DAY2_MINITWICE_2966	90	Picture	RW	5308382	0	2	43200	3	0	43200
S026_DAY2_MINITWICE_2966	90	Pulse	99	5313933	5551	NA
S026_DAY2_MINITWICE_2966	90	Port Input	1	5313933	5551	NA
S026_DAY2_MINITWICE_2966	90	Response	52	5326903	18521	1
S026_DAY2_MINITWICE_2966	90	Pulse	99	5349934	41552	NA
S026_DAY2_MINITWICE_2966	90	Port Input	1	5349934	41552	NA
S026_DAY2_MINITWICE_2966	90	Picture	89_T_RWTRIAD_RW_llave_red.png	5351582	43200	1	1900	2	43200	1800
S026_DAY2_MINITWICE_2966	91	Picture	RW	5353782	0	1	43200	2	0	43200
S026_DAY2_MINITWICE_2966	91	Response	52	5368860	15078	1
S026_DAY2_MINITWICE_2966	91	Pulse	99	5385936	32154	NA
S026_DAY2_MINITWICE_2966	91	Port Input	1	5385936	32154	NA
S026_DAY2_MINITWICE_2966	91	Picture	90_T_RWTRIAD_RW_pincel_red.png	5396982	43200	1	1900	2	43200	1800
S026_DAY2_MINITWICE_2966	92	Picture	rest	5398982	0	1	144100	2	0	144000
S026_DAY2_MINITWICE_2966	92	Pulse	99	5421937	22955	NA
S026_DAY2_MINITWICE_2966	92	Port Input	1	5421937	22955	NA
S026_DAY2_MINITWICE_2966	92	Pulse	99	5457938	58956	NA
S026_DAY2_MINITWICE_2966	92	Port Input	1	5457938	58956	NA
S026_DAY2_MINITWICE_2966	92	Pulse	99	5493939	94957	NA
S026_DAY2_MINITWICE_2966	92	Port Input	1	5493939	94957	NA
S026_DAY2_MINITWICE_2966	92	Pulse	99	5529940	130958	NA
S026_DAY2_MINITWICE_2966	92	Port Input	1	5529940	130958	NA
S026_DAY2_MINITWICE_2966	93	Picture	endrest	5543182	0	1	10100	2	0	10000
S026_DAY2_MINITWICE_2966	94	Picture	FF	5553682	0	1	43099	3	0	43200
S026_DAY2_MINITWICE_2966	94	Pulse	99	5565941	12259	NA
S026_DAY2_MINITWICE_2966	94	Port Input	1	5565941	12259	NA
S026_DAY2_MINITWICE_2966	94	Response	52	5572849	19167	1
S026_DAY2_MINITWICE_2966	94	Picture	93_T_FFTRIAD_FF_futbol_red.png	5596781	43099	2	1900	5	43200	1800
S026_DAY2_MINITWICE_2966	95	Picture	FF	5598981	0	3	43200	4	0	43200
S026_DAY2_MINITWICE_2966	95	Pulse	99	5601942	2961	NA
S026_DAY2_MINITWICE_2966	95	Port Input	1	5601942	2961	NA
S026_DAY2_MINITWICE_2966	95	Response	51	5609898	10917	1
S026_DAY2_MINITWICE_2966	95	Pulse	99	5637943	38962	NA
S026_DAY2_MINITWICE_2966	95	Port Input	1	5637943	38962	NA
S026_DAY2_MINITWICE_2966	95	Picture	94_T_FFTRIAD_FF_huevos_red.png	5642181	43200	1	1900	2	43200	1800
S026_DAY2_MINITWICE_2966	96	Picture	FF	5644481	0	1	43100	2	0	43200
S026_DAY2_MINITWICE_2966	96	Response	52	5656216	11735	1
S026_DAY2_MINITWICE_2966	96	Pulse	99	5673944	29463	NA
S026_DAY2_MINITWICE_2966	96	Port Input	1	5673944	29463	NA
S026_DAY2_MINITWICE_2966	96	Picture	95_T_FFTRIAD_FF_chupete_red.png	5687581	43100	1	1900	2	43200	1800
S026_DAY2_MINITWICE_2966	97	Picture	FF	5689781	0	2	43200	3	0	43200
S026_DAY2_MINITWICE_2966	97	Response	52	5703654	13873	1
S026_DAY2_MINITWICE_2966	97	Pulse	99	5709945	20164	NA
S026_DAY2_MINITWICE_2966	97	Port Input	1	5709945	20164	NA
S026_DAY2_MINITWICE_2966	97	Picture	96_T_FFTRIAD_FF_queso_red.png	5732981	43200	1	1899	4	43200	1800
S026_DAY2_MINITWICE_2966	98	Picture	RW	5735180	0	3	43100	5	0	43200
S026_DAY2_MINITWICE_2966	98	Pulse	99	5745947	10767	NA
S026_DAY2_MINITWICE_2966	98	Port Input	1	5745947	10767	NA
S026_DAY2_MINITWICE_2966	98	Response	52	5758171	22991	1
S026_DAY2_MINITWICE_2966	98	Picture	97_T_RWTRIAD_RW_murcielago_red.png	5778280	43100	2	1901	3	43200	1800
S026_DAY2_MINITWICE_2966	99	Picture	RW	5780580	0	2	43100	4	0	43200
S026_DAY2_MINITWICE_2966	99	Pulse	99	5781948	1368	NA
S026_DAY2_MINITWICE_2966	99	Port Input	1	5781948	1368	NA
S026_DAY2_MINITWICE_2966	99	Response	52	5796477	15897	1
S026_DAY2_MINITWICE_2966	99	Pulse	99	5817949	37369	NA
S026_DAY2_MINITWICE_2966	99	Port Input	1	5817949	37369	NA
S026_DAY2_MINITWICE_2966	99	Picture	98_T_RWTRIAD_RW_dado_red.png	5823680	43100	2	1900	4	43200	1800
S026_DAY2_MINITWICE_2966	100	Picture	RW	5825881	0	1	43098	4	0	43200
S026_DAY2_MINITWICE_2966	100	Response	52	5841857	15976	1
S026_DAY2_MINITWICE_2966	100	Pulse	99	5853950	28069	NA
S026_DAY2_MINITWICE_2966	100	Port Input	1	5853950	28069	NA
S026_DAY2_MINITWICE_2966	100	Picture	99_T_RWTRIAD_RW_sapo_red.png	5868979	43098	3	1901	5	43200	1800
S026_DAY2_MINITWICE_2966	101	Picture	RW	5871180	0	2	43099	5	0	43200
S026_DAY2_MINITWICE_2966	101	Pulse	99	5889951	18771	NA
S026_DAY2_MINITWICE_2966	101	Port Input	1	5889951	18771	NA
S026_DAY2_MINITWICE_2966	101	Response	52	5896311	25131	1
S026_DAY2_MINITWICE_2966	101	Picture	100_T_RWTRIAD_RW_mono_red.png	5914279	43099	3	1901	5	43200	1800
S026_DAY2_MINITWICE_2966	102	Picture	rest	5916280	0	2	144100	3	0	144000
S026_DAY2_MINITWICE_2966	102	Pulse	99	5925952	9672	NA
S026_DAY2_MINITWICE_2966	102	Port Input	1	5925952	9672	NA
S026_DAY2_MINITWICE_2966	102	Pulse	99	5961953	45673	NA
S026_DAY2_MINITWICE_2966	102	Port Input	1	5961953	45673	NA
S026_DAY2_MINITWICE_2966	102	Pulse	99	5997954	81674	NA
S026_DAY2_MINITWICE_2966	102	Port Input	1	5997954	81674	NA
S026_DAY2_MINITWICE_2966	102	Pulse	99	6033955	117675	NA
S026_DAY2_MINITWICE_2966	102	Port Input	1	6033955	117675	NA
S026_DAY2_MINITWICE_2966	103	Picture	endrest	6060480	0	1	10100	2	0	10000
S026_DAY2_MINITWICE_2966	103	Pulse	99	6069956	9476	NA
S026_DAY2_MINITWICE_2966	103	Port Input	1	6069956	9476	NA
S026_DAY2_MINITWICE_2966	104	Picture	PW	6070880	0	1	43200	2	0	43200
S026_DAY2_MINITWICE_2966	104	Response	51	6093268	22388	1
S026_DAY2_MINITWICE_2966	104	Pulse	99	6105957	35077	NA
S026_DAY2_MINITWICE_2966	104	Port Input	1	6105957	35077	NA
S026_DAY2_MINITWICE_2966	104	Picture	103_T_PWTRIAD_PW_pincel_red.png	6114080	43200	1	1900	2	43200	1800
S026_DAY2_MINITWICE_2966	105	Picture	PW	6116280	0	1	43100	2	0	43200
S026_DAY2_MINITWICE_2966	105	Response	52	6136440	20160	1
S026_DAY2_MINITWICE_2966	105	Pulse	99	6141959	25679	NA
S026_DAY2_MINITWICE_2966	105	Port Input	1	6141959	25679	NA
S026_DAY2_MINITWICE_2966	105	Picture	104_T_PWTRIAD_PW_paraguas_red.png	6159380	43100	1	1900	2	43200	1800
S026_DAY2_MINITWICE_2966	106	Picture	PW	6161680	0	1	43199	3	0	43200
S026_DAY2_MINITWICE_2966	106	Pulse	99	6177960	16280	NA
S026_DAY2_MINITWICE_2966	106	Port Input	1	6177960	16280	NA
S026_DAY2_MINITWICE_2966	106	Response	51	6178517	16837	1
S026_DAY2_MINITWICE_2966	106	Picture	105_T_PWTRIAD_PW_cinturon_red.png	6204879	43199	2	1900	4	43200	1800
S026_DAY2_MINITWICE_2966	107	Picture	PW	6207079	0	2	43200	3	0	43200
S026_DAY2_MINITWICE_2966	107	Pulse	99	6213961	6882	NA
S026_DAY2_MINITWICE_2966	107	Port Input	1	6213961	6882	NA
S026_DAY2_MINITWICE_2966	107	Response	52	6229719	22640	1
S026_DAY2_MINITWICE_2966	107	Pulse	99	6249962	42883	NA
S026_DAY2_MINITWICE_2966	107	Port Input	1	6249962	42883	NA
S026_DAY2_MINITWICE_2966	107	Picture	106_T_PWTRIAD_PW_teclado_red.png	6250279	43200	1	1900	2	43200	1800
S026_DAY2_MINITWICE_2966	108	Picture	PW	6252579	0	1	43100	2	0	43200
S026_DAY2_MINITWICE_2966	108	Response	51	6269813	17234	2
S026_DAY2_MINITWICE_2966	108	Pulse	99	6285963	33384	NA
S026_DAY2_MINITWICE_2966	108	Port Input	1	6285963	33384	NA
S026_DAY2_MINITWICE_2966	108	Picture	107_T_PWTRIAD_PW_novia_red.png	6295679	43100	1	1900	2	43200	1800
S026_DAY2_MINITWICE_2966	109	Picture	PW	6297879	0	1	43100	2	0	43200
S026_DAY2_MINITWICE_2966	109	Response	51	6313830	15951	1
S026_DAY2_MINITWICE_2966	109	Pulse	99	6321964	24085	NA
S026_DAY2_MINITWICE_2966	109	Port Input	1	6321964	24085	NA
S026_DAY2_MINITWICE_2966	109	Picture	108_T_PWTRIAD_PW_anillo_red.png	6340979	43100	1	1900	2	43200	1800
S026_DAY2_MINITWICE_2966	110	Picture	PW	6343179	0	1	43100	2	0	43200
S026_DAY2_MINITWICE_2966	110	Pulse	99	6357965	14786	NA
S026_DAY2_MINITWICE_2966	110	Port Input	1	6357965	14786	NA
S026_DAY2_MINITWICE_2966	110	Response	52	6359623	16444	2
S026_DAY2_MINITWICE_2966	110	Picture	109_T_PWTRIAD_PW_agua_red.png	6386279	43100	1	1900	2	43200	1800
S026_DAY2_MINITWICE_2966	111	Picture	PW	6388479	0	1	43100	2	0	43200
S026_DAY2_MINITWICE_2966	111	Pulse	99	6393966	5487	NA
S026_DAY2_MINITWICE_2966	111	Port Input	1	6393966	5487	NA
S026_DAY2_MINITWICE_2966	111	Response	51	6404519	16040	1
S026_DAY2_MINITWICE_2966	111	Pulse	99	6429967	41488	NA
S026_DAY2_MINITWICE_2966	111	Port Input	1	6429967	41488	NA
S026_DAY2_MINITWICE_2966	111	Picture	110_T_PWTRIAD_PW_banera_red.png	6431579	43100	1	1900	2	43200	1800
S026_DAY2_MINITWICE_2966	112	Picture	rest	6433579	0	1	144099	2	0	144000
S026_DAY2_MINITWICE_2966	113	Picture	endrest	6577778	0	1	10100	2	0	10000
S026_DAY2_MINITWICE_2966	114	Picture	RW	6588178	0	1	43100	2	0	43200
S026_DAY2_MINITWICE_2966	114	Response	51	6614258	26080	1
S026_DAY2_MINITWICE_2966	114	Picture	113_T_RWTRIAD_RW_candado_red.png	6631278	43100	1	1900	2	43200	1800
S026_DAY2_MINITWICE_2966	115	Picture	RW	6633578	0	1	43100	2	0	43200
S026_DAY2_MINITWICE_2966	115	Response	51	6654372	20794	1
S026_DAY2_MINITWICE_2966	115	Picture	114_T_RWTRIAD_RW_perro_red.png	6676678	43100	1	1900	2	43200	1800
S026_DAY2_MINITWICE_2966	116	Picture	RW	6678878	0	1	43100	2	0	43200
S026_DAY2_MINITWICE_2966	116	Response	51	6693362	14484	1
S026_DAY2_MINITWICE_2966	116	Picture	115_T_RWTRIAD_RW_cortina_red.png	6721978	43100	1	1900	2	43200	1800
S026_DAY2_MINITWICE_2966	117	Picture	RW	6724178	0	1	43100	2	0	43200
S026_DAY2_MINITWICE_2966	117	Response	51	6747458	23280	1
S026_DAY2_MINITWICE_2966	117	Picture	116_T_RWTRIAD_RW_pizarra_red.png	6767278	43100	1	1900	2	43200	1800
S026_DAY2_MINITWICE_2966	118	Picture	FF	6769578	0	1	43100	2	0	43200
S026_DAY2_MINITWICE_2966	118	Response	51	6787688	18110	1
S026_DAY2_MINITWICE_2966	118	Picture	117_T_FFTRIAD_FF_television_red.png	6812678	43100	1	1900	2	43200	1800
S026_DAY2_MINITWICE_2966	119	Picture	FF	6814878	0	1	43099	3	0	43200
S026_DAY2_MINITWICE_2966	119	Response	51	6828405	13527	1
S026_DAY2_MINITWICE_2966	119	Picture	118_T_FFTRIAD_FF_ancla_red.png	6857977	43099	2	1900	3	43200	1800
S026_DAY2_MINITWICE_2966	120	Picture	FF	6860177	0	2	43100	3	0	43200
S026_DAY2_MINITWICE_2966	120	Response	52	6871236	11059	1
S026_DAY2_MINITWICE_2966	120	Picture	119_T_FFTRIAD_FF_mono_red.png	6903277	43100	1	1900	2	43200	1800
S026_DAY2_MINITWICE_2966	121	Picture	FF	6905477	0	1	43100	2	0	43200
S026_DAY2_MINITWICE_2966	121	Response	51	6916428	10951	1
S026_DAY2_MINITWICE_2966	121	Picture	120_T_FFTRIAD_FF_sombrilla_red.png	6948577	43100	1	1900	2	43200	1800
S026_DAY2_MINITWICE_2966	122	Picture	rest	6950577	0	1	144100	2	0	144000
S026_DAY2_MINITWICE_2966	123	Picture	endrest	7094777	0	1	10100	2	0	10000
S026_DAY2_MINITWICE_2966	124	Picture	PW	7105177	0	1	43099	3	0	43200
S026_DAY2_MINITWICE_2966	124	Response	52	7121763	16586	1
S026_DAY2_MINITWICE_2966	124	Picture	123_T_PWTRIAD_PW_bebe_red.png	7148276	43099	2	1900	4	43200	1800
S026_DAY2_MINITWICE_2966	125	Picture	PW	7150576	0	2	43100	3	0	43200
S026_DAY2_MINITWICE_2966	125	Response	52	7168364	17788	1
S026_DAY2_MINITWICE_2966	125	Picture	124_T_PWTRIAD_PW_cerillas_red.png	7193676	43100	1	1900	2	43200	1800
S026_DAY2_MINITWICE_2966	126	Picture	PW	7195976	0	1	43100	2	0	43200
S026_DAY2_MINITWICE_2966	126	Response	51	7211938	15962	2
S026_DAY2_MINITWICE_2966	126	Picture	125_T_PWTRIAD_PW_perro_red.png	7239076	43100	1	1900	2	43200	1800
S026_DAY2_MINITWICE_2966	127	Picture	PW	7241376	0	1	43100	2	0	43200
S026_DAY2_MINITWICE_2966	127	Response	51	7261319	19943	1
S026_DAY2_MINITWICE_2966	127	Picture	126_T_PWTRIAD_PW_grapadora_red.png	7284476	43100	1	1900	2	43200	1800
S026_DAY2_MINITWICE_2966	128	Picture	FF	7286776	0	1	43200	2	0	43200
S026_DAY2_MINITWICE_2966	128	Response	51	7298109	11333	1
S026_DAY2_MINITWICE_2966	128	Picture	127_T_FFTRIAD_FF_portatil_red.png	7329976	43200	1	1900	2	43200	1800
S026_DAY2_MINITWICE_2966	129	Picture	FF	7332176	0	1	43100	2	0	43200
S026_DAY2_MINITWICE_2966	129	Response	52	7341878	9702	1
S026_DAY2_MINITWICE_2966	129	Picture	128_T_FFTRIAD_FF_banera_red.png	7375276	43100	1	1900	2	43200	1800
S026_DAY2_MINITWICE_2966	130	Picture	FF	7377476	0	1	43200	2	0	43200
S026_DAY2_MINITWICE_2966	130	Response	51	7386454	8978	1
S026_DAY2_MINITWICE_2966	130	Picture	129_T_FFTRIAD_FF_violin_red.png	7420676	43200	1	1900	2	43200	1800
S026_DAY2_MINITWICE_2966	131	Picture	FF	7422876	0	1	43099	3	0	43200
S026_DAY2_MINITWICE_2966	131	Response	52	7435181	12305	1
S026_DAY2_MINITWICE_2966	131	Picture	130_T_FFTRIAD_FF_plato_red.png	7465975	43099	2	1900	4	43200	1800
S026_DAY2_MINITWICE_2966	132	Picture	rest	7467975	0	2	144100	3	0	144000
S026_DAY2_MINITWICE_2966	133	Picture	endrest	7612175	0	1	10100	2	0	10000
S026_DAY2_MINITWICE_2966	134	Picture	PW	7622675	0	1	43100	2	0	43200
S026_DAY2_MINITWICE_2966	134	Response	52	7641380	18705	1
S026_DAY2_MINITWICE_2966	134	Picture	133_T_PWTRIAD_PW_tenedor_red.png	7665775	43100	1	1900	2	43200	1800
S026_DAY2_MINITWICE_2966	135	Picture	PW	7667875	0	1	43200	2	0	43200
S026_DAY2_MINITWICE_2966	135	Response	51	7687059	19184	1
S026_DAY2_MINITWICE_2966	135	Picture	134_T_PWTRIAD_PW_tijera_red.png	7711075	43200	1	1900	2	43200	1800
S026_DAY2_MINITWICE_2966	136	Picture	PW	7713247	0	42	43228	43	0	43200
S026_DAY2_MINITWICE_2966	136	Response	51	7727597	14350	1
S026_DAY2_MINITWICE_2966	136	Picture	135_T_PWTRIAD_PW_plato_red.png	7756475	43228	1	1900	2	43200	1800
S026_DAY2_MINITWICE_2966	137	Picture	PW	7758675	0	1	43199	3	0	43200
S026_DAY2_MINITWICE_2966	137	Response	51	7777007	18332	1
S026_DAY2_MINITWICE_2966	137	Picture	136_T_PWTRIAD_PW_silla_red.png	7801874	43199	2	1900	3	43200	1800
S026_DAY2_MINITWICE_2966	138	Picture	rest	7803874	0	2	138822	3	0	144000
