Scenario - vOT_Triads_fMRI_II
Logfile written - 11/17/2015 13:09:12

Subject	Trial	Event Type	Code	Time	TTime	Uncertainty	Duration	Uncertainty	ReqTime	ReqDur

S026_MINIONCE_605	1	Pulse	99	297282	307200	NA
S026_MINIONCE_605	1	Port Input	1	297282	307200	NA
S026_MINIONCE_605	1	Pulse	99	333283	343201	NA
S026_MINIONCE_605	1	Port Input	1	333283	343201	NA
S026_MINIONCE_605	1	Pulse	99	369284	379202	NA
S026_MINIONCE_605	1	Port Input	1	369284	379202	NA
S026_MINIONCE_605	1	Pulse	99	405285	415203	NA
S026_MINIONCE_605	1	Port Input	1	405285	415203	NA
S026_MINIONCE_605	1	Pulse	99	441286	451204	NA
S026_MINIONCE_605	1	Port Input	1	441286	451204	NA
S026_MINIONCE_605	2	Picture	rest	441496	0	1	144099	2	0	144000
S026_MINIONCE_605	2	Pulse	99	477287	35791	NA
S026_MINIONCE_605	2	Port Input	1	477287	35791	NA
S026_MINIONCE_605	2	Pulse	99	513288	71792	NA
S026_MINIONCE_605	2	Port Input	1	513288	71792	NA
S026_MINIONCE_605	2	Pulse	99	549288	107792	NA
S026_MINIONCE_605	2	Port Input	1	549288	107792	NA
S026_MINIONCE_605	2	Pulse	99	585289	143793	NA
S026_MINIONCE_605	2	Port Input	1	585289	143793	NA
S026_MINIONCE_605	3	Picture	endrest	585695	0	1	10100	2	0	10000
S026_MINIONCE_605	4	Picture	FF	596195	0	1	43100	2	0	43200
S026_MINIONCE_605	4	Response	52	608582	12387	1
S026_MINIONCE_605	4	Pulse	99	621290	25095	NA
S026_MINIONCE_605	4	Port Input	1	621290	25095	NA
S026_MINIONCE_605	4	Picture	3_T_FFTRIAD_FF_botella_red.png	639295	43100	1	1900	2	43200	1800
S026_MINIONCE_605	5	Picture	FF	641395	0	1	43199	3	0	43200
S026_MINIONCE_605	5	Response	52	649278	7883	1
S026_MINIONCE_605	5	Pulse	99	657291	15896	NA
S026_MINIONCE_605	5	Port Input	1	657291	15896	NA
S026_MINIONCE_605	5	Picture	4_T_FFTRIAD_FF_pilas_red.png	684594	43199	2	1900	4	43200	1800
S026_MINIONCE_605	6	Picture	FF	686694	0	2	43200	3	0	43200
S026_MINIONCE_605	6	Pulse	99	693292	6598	NA
S026_MINIONCE_605	6	Port Input	1	693292	6598	NA
S026_MINIONCE_605	6	Response	51	700703	14009	1
S026_MINIONCE_605	6	Pulse	99	729293	42599	NA
S026_MINIONCE_605	6	Port Input	1	729293	42599	NA
S026_MINIONCE_605	6	Picture	5_T_FFTRIAD_FF_anillo_red.png	729894	43200	1	1900	2	43200	1800
S026_MINIONCE_605	7	Picture	FF	731994	0	1	43200	2	0	43200
S026_MINIONCE_605	7	Response	51	755690	23696	1
S026_MINIONCE_605	7	Pulse	99	765294	33300	NA
S026_MINIONCE_605	7	Port Input	1	765294	33300	NA
S026_MINIONCE_605	7	Picture	6_T_FFTRIAD_FF_arbol_red.png	775194	43200	1	1900	2	43200	1800
S026_MINIONCE_605	8	Picture	PW	777294	0	1	43199	3	0	43200
S026_MINIONCE_605	8	Pulse	99	801295	24001	NA
S026_MINIONCE_605	8	Port Input	1	801295	24001	NA
S026_MINIONCE_605	8	Response	52	804208	26914	1
S026_MINIONCE_605	8	Picture	7_T_PWTRIAD_PW_bala_red.png	820493	43199	2	1901	3	43200	1800
S026_MINIONCE_605	9	Picture	PW	822593	0	2	43200	3	0	43200
S026_MINIONCE_605	9	Pulse	99	837296	14703	NA
S026_MINIONCE_605	9	Port Input	1	837296	14703	NA
S026_MINIONCE_605	9	Response	51	847276	24683	1
S026_MINIONCE_605	9	Picture	8_T_PWTRIAD_PW_cortina_red.png	865793	43200	1	1900	2	43200	1800
S026_MINIONCE_605	10	Picture	PW	867893	0	1	43200	2	0	43200
S026_MINIONCE_605	10	Pulse	99	873297	5404	NA
S026_MINIONCE_605	10	Port Input	1	873297	5404	NA
S026_MINIONCE_605	10	Response	51	884528	16635	1
S026_MINIONCE_605	10	Pulse	99	909298	41405	NA
S026_MINIONCE_605	10	Port Input	1	909298	41405	NA
S026_MINIONCE_605	10	Picture	9_T_PWTRIAD_PW_grifo_red.png	911093	43200	1	1900	2	43200	1800
S026_MINIONCE_605	11	Picture	PW	913393	0	1	43100	2	0	43200
S026_MINIONCE_605	11	Response	51	931255	17862	1
S026_MINIONCE_605	11	Pulse	99	945299	31906	NA
S026_MINIONCE_605	11	Port Input	1	945299	31906	NA
S026_MINIONCE_605	11	Picture	10_T_PWTRIAD_PW_gafas_red.png	956493	43100	1	1900	2	43200	1800
S026_MINIONCE_605	12	Picture	rest	958493	0	1	144099	2	0	144000
S026_MINIONCE_605	12	Pulse	99	981300	22807	NA
S026_MINIONCE_605	12	Port Input	1	981300	22807	NA
S026_MINIONCE_605	12	Pulse	99	1017301	58808	NA
S026_MINIONCE_605	12	Port Input	1	1017301	58808	NA
S026_MINIONCE_605	12	Pulse	99	1053302	94809	NA
S026_MINIONCE_605	12	Port Input	1	1053302	94809	NA
S026_MINIONCE_605	12	Pulse	99	1089303	130810	NA
S026_MINIONCE_605	12	Port Input	1	1089303	130810	NA
S026_MINIONCE_605	13	Picture	endrest	1102692	0	1	10099	3	0	10000
S026_MINIONCE_605	14	Picture	FF	1112991	0	2	43200	3	0	43200
S026_MINIONCE_605	14	Pulse	99	1125304	12313	NA
S026_MINIONCE_605	14	Port Input	1	1125304	12313	NA
S026_MINIONCE_605	14	Response	51	1136573	23582	1
S026_MINIONCE_605	14	Picture	13_T_FFTRIAD_FF_oruga_red.png	1156191	43200	1	1875	43	43200	1800
S026_MINIONCE_605	15	Picture	FF	1158491	0	1	43100	2	0	43200
S026_MINIONCE_605	15	Pulse	99	1161304	2813	NA
S026_MINIONCE_605	15	Port Input	1	1161304	2813	NA
S026_MINIONCE_605	15	Response	51	1168820	10329	1
S026_MINIONCE_605	15	Pulse	99	1197305	38814	NA
S026_MINIONCE_605	15	Port Input	1	1197305	38814	NA
S026_MINIONCE_605	15	Picture	14_T_FFTRIAD_FF_teclado_red.png	1201591	43100	1	1900	2	43200	1800
S026_MINIONCE_605	16	Picture	FF	1203691	0	1	43200	2	0	43200
S026_MINIONCE_605	16	Response	52	1212714	9023	1
S026_MINIONCE_605	16	Pulse	99	1233306	29615	NA
S026_MINIONCE_605	16	Port Input	1	1233306	29615	NA
S026_MINIONCE_605	16	Picture	15_T_FFTRIAD_FF_cinturon_red.png	1246891	43200	1	1900	2	43200	1800
S026_MINIONCE_605	17	Picture	FF	1248991	0	1	43199	2	0	43200
S026_MINIONCE_605	17	Response	52	1258465	9474	1
S026_MINIONCE_605	17	Pulse	99	1269307	20316	NA
S026_MINIONCE_605	17	Port Input	1	1269307	20316	NA
S026_MINIONCE_605	17	Picture	16_T_FFTRIAD_FF_sobre_red.png	1292190	43199	1	1900	2	43200	1800
S026_MINIONCE_605	18	Picture	PW	1294290	0	1	43200	2	0	43200
S026_MINIONCE_605	18	Pulse	99	1305308	11018	NA
S026_MINIONCE_605	18	Port Input	1	1305308	11018	NA
S026_MINIONCE_605	18	Response	51	1320802	26512	1
S026_MINIONCE_605	18	Picture	17_T_PWTRIAD_PW_charco_red.png	1337490	43200	1	1900	2	43200	1800
S026_MINIONCE_605	19	Picture	PW	1339590	0	1	43200	2	0	43200
S026_MINIONCE_605	19	Pulse	99	1341309	1719	NA
S026_MINIONCE_605	19	Port Input	1	1341309	1719	NA
S026_MINIONCE_605	19	Response	51	1364237	24647	1
S026_MINIONCE_605	19	Pulse	99	1377310	37720	NA
S026_MINIONCE_605	19	Port Input	1	1377310	37720	NA
S026_MINIONCE_605	19	Picture	18_T_PWTRIAD_PW_pluma_red.png	1382790	43200	1	1900	2	43200	1800
S026_MINIONCE_605	20	Picture	PW	1384890	0	1	43199	2	0	43200
S026_MINIONCE_605	20	Response	51	1397881	12991	5
S026_MINIONCE_605	20	Pulse	99	1413311	28421	NA
S026_MINIONCE_605	20	Port Input	1	1413311	28421	NA
S026_MINIONCE_605	20	Picture	19_T_PWTRIAD_PW_telefono_red.png	1428089	43199	1	1900	2	43200	1800
S026_MINIONCE_605	21	Picture	PW	1430189	0	1	43200	2	0	43200
S026_MINIONCE_605	21	Pulse	99	1449312	19123	NA
S026_MINIONCE_605	21	Port Input	1	1449312	19123	NA
S026_MINIONCE_605	21	Response	51	1449333	19144	1
S026_MINIONCE_605	21	Picture	20_T_PWTRIAD_PW_dedal_red.png	1473389	43200	1	1900	2	43200	1800
S026_MINIONCE_605	22	Picture	rest	1475389	0	1	144099	2	0	144000
S026_MINIONCE_605	22	Pulse	99	1485313	9924	NA
S026_MINIONCE_605	22	Port Input	1	1485313	9924	NA
S026_MINIONCE_605	22	Pulse	99	1521314	45925	NA
S026_MINIONCE_605	22	Port Input	1	1521314	45925	NA
S026_MINIONCE_605	22	Pulse	99	1557315	81926	NA
S026_MINIONCE_605	22	Port Input	1	1557315	81926	NA
S026_MINIONCE_605	22	Pulse	99	1593316	117927	NA
S026_MINIONCE_605	22	Port Input	1	1593316	117927	NA
S026_MINIONCE_605	23	Picture	endrest	1619588	0	1	10100	2	0	10000
S026_MINIONCE_605	23	Pulse	99	1629317	9729	NA
S026_MINIONCE_605	23	Port Input	1	1629317	9729	NA
S026_MINIONCE_605	24	Picture	FF	1629888	0	1	43200	2	0	43200
S026_MINIONCE_605	24	Response	52	1657742	27854	1
S026_MINIONCE_605	24	Pulse	99	1665318	35430	NA
S026_MINIONCE_605	24	Port Input	1	1665318	35430	NA
S026_MINIONCE_605	24	Picture	23_T_FFTRIAD_FF_esquimal_red.png	1673088	43200	1	1900	2	43200	1800
S026_MINIONCE_605	25	Picture	FF	1675287	0	2	43100	3	0	43200
S026_MINIONCE_605	25	Response	52	1685827	10540	1
S026_MINIONCE_605	25	Pulse	99	1701319	26032	NA
S026_MINIONCE_605	25	Port Input	1	1701319	26032	NA
S026_MINIONCE_605	25	Picture	24_T_FFTRIAD_FF_bellota_red.png	1718387	43100	1	1900	2	43200	1800
S026_MINIONCE_605	26	Picture	FF	1720487	0	1	43200	2	0	43200
S026_MINIONCE_605	26	Response	51	1731101	10614	1
S026_MINIONCE_605	26	Pulse	99	1737320	16833	NA
S026_MINIONCE_605	26	Port Input	1	1737320	16833	NA
S026_MINIONCE_605	26	Picture	25_T_FFTRIAD_FF_grapadora_red.png	1763687	43200	1	1900	2	43200	1800
S026_MINIONCE_605	27	Picture	FF	1765787	0	1	43200	2	0	43200
S026_MINIONCE_605	27	Pulse	99	1773320	7533	NA
S026_MINIONCE_605	27	Port Input	1	1773320	7533	NA
S026_MINIONCE_605	27	Response	52	1780378	14591	1
S026_MINIONCE_605	27	Picture	26_T_FFTRIAD_FF_lana_red.png	1808987	43200	1	1900	2	43200	1800
S026_MINIONCE_605	27	Pulse	99	1809321	43534	NA
S026_MINIONCE_605	27	Port Input	1	1809321	43534	NA
S026_MINIONCE_605	28	Picture	PW	1811087	0	1	43199	2	0	43200
S026_MINIONCE_605	28	Pulse	99	1845322	34235	NA
S026_MINIONCE_605	28	Port Input	1	1845322	34235	NA
S026_MINIONCE_605	28	Response	51	1847922	36835	2
S026_MINIONCE_605	28	Picture	27_T_PWTRIAD_PW_violin_red.png	1854286	43199	1	1900	2	43200	1800
S026_MINIONCE_605	29	Picture	PW	1856486	0	1	43200	2	0	43200
S026_MINIONCE_605	29	Response	52	1872540	16054	2
S026_MINIONCE_605	29	Pulse	99	1881323	24837	NA
S026_MINIONCE_605	29	Port Input	1	1881323	24837	NA
S026_MINIONCE_605	29	Picture	28_T_PWTRIAD_PW_leche_red.png	1899686	43200	1	1900	2	43200	1800
S026_MINIONCE_605	30	Picture	PW	1901786	0	1	43200	2	0	43200
S026_MINIONCE_605	30	Pulse	99	1917324	15538	NA
S026_MINIONCE_605	30	Port Input	1	1917324	15538	NA
S026_MINIONCE_605	30	Picture	29_T_PWTRIAD_PW_television_red.png	1944986	43200	1	1900	2	43200	1800
S026_MINIONCE_605	30	Response	52	1945035	43249	1
S026_MINIONCE_605	31	Picture	PW	1947086	0	1	43199	2	0	43200
S026_MINIONCE_605	31	Pulse	99	1953325	6239	NA
S026_MINIONCE_605	31	Port Input	1	1953325	6239	NA
S026_MINIONCE_605	31	Response	52	1983272	36186	1
S026_MINIONCE_605	31	Pulse	99	1989326	42240	NA
S026_MINIONCE_605	31	Port Input	1	1989326	42240	NA
S026_MINIONCE_605	31	Picture	30_T_PWTRIAD_PW_novia_red.png	1990285	43199	1	1900	2	43200	1800
S026_MINIONCE_605	32	Picture	rest	1992285	0	1	144099	2	0	144000
S026_MINIONCE_605	32	Pulse	99	2025327	33042	NA
S026_MINIONCE_605	32	Port Input	1	2025327	33042	NA
S026_MINIONCE_605	32	Pulse	99	2061328	69043	NA
S026_MINIONCE_605	32	Port Input	1	2061328	69043	NA
S026_MINIONCE_605	32	Pulse	99	2097329	105044	NA
S026_MINIONCE_605	32	Port Input	1	2097329	105044	NA
S026_MINIONCE_605	32	Pulse	99	2133330	141045	NA
S026_MINIONCE_605	32	Port Input	1	2133330	141045	NA
S026_MINIONCE_605	33	Picture	endrest	2136484	0	1	10100	2	0	10000
S026_MINIONCE_605	34	Picture	RW	2146784	0	1	43200	2	0	43200
S026_MINIONCE_605	34	Response	52	2162831	16047	1
S026_MINIONCE_605	34	Pulse	99	2169331	22547	NA
S026_MINIONCE_605	34	Port Input	1	2169331	22547	NA
S026_MINIONCE_605	34	Picture	33_T_RWTRIAD_RW_esquimal_red.png	2189984	43200	1	1900	2	43200	1800
S026_MINIONCE_605	35	Picture	RW	2192084	0	1	43200	2	0	43200
S026_MINIONCE_605	35	Pulse	99	2205332	13248	NA
S026_MINIONCE_605	35	Port Input	1	2205332	13248	NA
S026_MINIONCE_605	35	Response	52	2210228	18144	1
S026_MINIONCE_605	35	Picture	34_T_RWTRIAD_RW_llave_red.png	2235284	43200	1	1900	2	43200	1800
S026_MINIONCE_605	36	Picture	RW	2237584	0	1	43199	2	0	43200
S026_MINIONCE_605	36	Pulse	99	2241333	3749	NA
S026_MINIONCE_605	36	Port Input	1	2241333	3749	NA
S026_MINIONCE_605	36	Response	52	2247893	10309	5
S026_MINIONCE_605	36	Pulse	99	2277334	39750	NA
S026_MINIONCE_605	36	Port Input	1	2277334	39750	NA
S026_MINIONCE_605	36	Picture	35_T_RWTRIAD_RW_gafas_red.png	2280783	43199	1	1900	2	43200	1800
S026_MINIONCE_605	37	Picture	RW	2283083	0	1	43200	2	0	43200
S026_MINIONCE_605	37	Response	51	2292381	9298	1
S026_MINIONCE_605	37	Pulse	99	2313335	30252	NA
S026_MINIONCE_605	37	Port Input	1	2313335	30252	NA
S026_MINIONCE_605	37	Picture	36_T_RWTRIAD_RW_grifo_red.png	2326283	43200	1	1900	2	43200	1800
S026_MINIONCE_605	38	Picture	FF	2328383	0	1	43200	2	0	43200
S026_MINIONCE_605	38	Response	51	2337063	8680	1
S026_MINIONCE_605	38	Pulse	99	2349336	20953	NA
S026_MINIONCE_605	38	Port Input	1	2349336	20953	NA
S026_MINIONCE_605	38	Picture	37_T_FFTRIAD_FF_martillo_red.png	2371583	43200	1	1900	2	43200	1800
S026_MINIONCE_605	39	Picture	FF	2373883	0	1	43099	2	0	43200
S026_MINIONCE_605	39	Pulse	99	2385337	11454	NA
S026_MINIONCE_605	39	Port Input	1	2385337	11454	NA
S026_MINIONCE_605	39	Response	51	2389179	15296	1
S026_MINIONCE_605	39	Picture	38_T_FFTRIAD_FF_granjero_red.png	2416982	43099	1	1900	2	43200	1800
S026_MINIONCE_605	40	Picture	FF	2419082	0	1	43200	2	0	43200
S026_MINIONCE_605	40	Pulse	99	2421337	2255	NA
S026_MINIONCE_605	40	Port Input	1	2421337	2255	NA
S026_MINIONCE_605	40	Response	52	2432291	13209	1
S026_MINIONCE_605	40	Pulse	99	2457338	38256	NA
S026_MINIONCE_605	40	Port Input	1	2457338	38256	NA
S026_MINIONCE_605	40	Picture	39_T_FFTRIAD_FF_policia_red.png	2462282	43200	1	1900	2	43200	1800
S026_MINIONCE_605	41	Picture	FF	2464582	0	1	43100	2	0	43200
S026_MINIONCE_605	41	Response	52	2472855	8273	1
S026_MINIONCE_605	41	Pulse	99	2493339	28757	NA
S026_MINIONCE_605	41	Port Input	1	2493339	28757	NA
S026_MINIONCE_605	41	Picture	40_T_FFTRIAD_FF_almohada_red.png	2507682	43100	1	1900	2	43200	1800
S026_MINIONCE_605	42	Picture	rest	2509682	0	1	144099	2	0	144000
S026_MINIONCE_605	42	Pulse	99	2529340	19658	NA
S026_MINIONCE_605	42	Port Input	1	2529340	19658	NA
S026_MINIONCE_605	42	Pulse	99	2565341	55659	NA
S026_MINIONCE_605	42	Port Input	1	2565341	55659	NA
S026_MINIONCE_605	42	Pulse	99	2601342	91660	NA
S026_MINIONCE_605	42	Port Input	1	2601342	91660	NA
S026_MINIONCE_605	42	Pulse	99	2637343	127661	NA
S026_MINIONCE_605	42	Port Input	1	2637343	127661	NA
S026_MINIONCE_605	43	Picture	endrest	2653881	0	1	10100	2	0	10000
S026_MINIONCE_605	44	Picture	RW	2664181	0	1	43199	2	0	43200
S026_MINIONCE_605	44	Pulse	99	2673344	9163	NA
S026_MINIONCE_605	44	Port Input	1	2673344	9163	NA
S026_MINIONCE_605	44	Picture	43_T_RWTRIAD_RW_estetoscopio_red.png	2707380	43199	1	1900	2	43200	1800
S026_MINIONCE_605	44	Pulse	99	2709345	45164	NA
S026_MINIONCE_605	44	Port Input	1	2709345	45164	NA
S026_MINIONCE_605	45	Picture	RW	2709480	0	1	43200	2	0	43200
S026_MINIONCE_605	45	Response	51	2710492	1012	1
S026_MINIONCE_605	45	Response	52	2728288	18808	1
S026_MINIONCE_605	45	Pulse	99	2745346	35866	NA
S026_MINIONCE_605	45	Port Input	1	2745346	35866	NA
S026_MINIONCE_605	45	Picture	44_T_RWTRIAD_RW_monja_red.png	2752680	43200	1	1900	2	43200	1800
S026_MINIONCE_605	46	Picture	RW	2754780	0	1	43200	2	0	43200
S026_MINIONCE_605	46	Response	52	2779017	24237	1
S026_MINIONCE_605	46	Pulse	99	2781347	26567	NA
S026_MINIONCE_605	46	Port Input	1	2781347	26567	NA
S026_MINIONCE_605	46	Picture	45_T_RWTRIAD_RW_molino_red.png	2797980	43200	1	1900	2	43200	1800
S026_MINIONCE_605	47	Picture	RW	2800280	0	1	43099	2	0	43200
S026_MINIONCE_605	47	Response	52	2813080	12800	2
S026_MINIONCE_605	47	Pulse	99	2817348	17068	NA
S026_MINIONCE_605	47	Port Input	1	2817348	17068	NA
S026_MINIONCE_605	47	Picture	46_T_RWTRIAD_RW_sombrilla_red.png	2843379	43099	1	1900	2	43200	1800
S026_MINIONCE_605	48	Picture	FF	2845479	0	1	43200	2	0	43200
S026_MINIONCE_605	48	Pulse	99	2853349	7870	NA
S026_MINIONCE_605	48	Port Input	1	2853349	7870	NA
S026_MINIONCE_605	48	Response	52	2878752	33273	1
S026_MINIONCE_605	48	Picture	47_T_FFTRIAD_FF_queso_red.png	2888679	43200	1	1900	2	43200	1800
S026_MINIONCE_605	48	Pulse	99	2889350	43871	NA
S026_MINIONCE_605	48	Port Input	1	2889350	43871	NA
S026_MINIONCE_605	49	Picture	FF	2890979	0	1	43100	2	0	43200
S026_MINIONCE_605	49	Response	52	2908742	17763	1
S026_MINIONCE_605	49	Pulse	99	2925351	34372	NA
S026_MINIONCE_605	49	Port Input	1	2925351	34372	NA
S026_MINIONCE_605	49	Picture	48_T_FFTRIAD_FF_paracaidas_red.png	2934079	43100	1	1900	2	43200	1800
S026_MINIONCE_605	50	Picture	FF	2936379	0	1	43099	2	0	43200
S026_MINIONCE_605	50	Response	52	2953421	17042	2
S026_MINIONCE_605	50	Pulse	99	2961352	24973	NA
S026_MINIONCE_605	50	Port Input	1	2961352	24973	NA
S026_MINIONCE_605	50	Picture	49_T_FFTRIAD_FF_ascensor_red.png	2979478	43099	1	1900	2	43200	1800
S026_MINIONCE_605	51	Picture	FF	2981578	0	1	43200	2	0	43200
S026_MINIONCE_605	51	Pulse	99	2997353	15775	NA
S026_MINIONCE_605	51	Port Input	1	2997353	15775	NA
S026_MINIONCE_605	51	Response	51	3005922	24344	2
S026_MINIONCE_605	51	Picture	50_T_FFTRIAD_FF_lechuga_red.png	3024778	43200	1	1900	2	43200	1800
S026_MINIONCE_605	52	Picture	rest	3026778	0	1	144099	2	0	144000
S026_MINIONCE_605	52	Pulse	99	3033353	6575	NA
S026_MINIONCE_605	52	Port Input	1	3033353	6575	NA
S026_MINIONCE_605	52	Pulse	99	3069354	42576	NA
S026_MINIONCE_605	52	Port Input	1	3069354	42576	NA
S026_MINIONCE_605	52	Pulse	99	3105355	78577	NA
S026_MINIONCE_605	52	Port Input	1	3105355	78577	NA
S026_MINIONCE_605	52	Pulse	99	3141356	114578	NA
S026_MINIONCE_605	52	Port Input	1	3141356	114578	NA
S026_MINIONCE_605	53	Picture	endrest	3170977	0	1	10100	2	0	10000
S026_MINIONCE_605	53	Pulse	99	3177357	6380	NA
S026_MINIONCE_605	53	Port Input	1	3177357	6380	NA
S026_MINIONCE_605	54	Picture	PW	3181277	0	1	43200	2	0	43200
S026_MINIONCE_605	54	Response	51	3207699	26422	1
S026_MINIONCE_605	54	Pulse	99	3213358	32081	NA
S026_MINIONCE_605	54	Port Input	1	3213358	32081	NA
S026_MINIONCE_605	54	Picture	53_T_PWTRIAD_PW_futbol_red.png	3224477	43200	1	1900	2	43200	1800
S026_MINIONCE_605	55	Picture	PW	3226577	0	1	43199	2	0	43200
S026_MINIONCE_605	55	Pulse	99	3249359	22782	NA
S026_MINIONCE_605	55	Port Input	1	3249359	22782	NA
S026_MINIONCE_605	55	Response	52	3265741	39164	1
S026_MINIONCE_605	55	Picture	54_T_PWTRIAD_PW_cinturon_red.png	3269776	43199	1	1900	2	43200	1800
S026_MINIONCE_605	56	Picture	PW	3271876	0	1	43200	2	0	43200
S026_MINIONCE_605	56	Pulse	99	3285360	13484	NA
S026_MINIONCE_605	56	Port Input	1	3285360	13484	NA
S026_MINIONCE_605	56	Response	51	3290364	18488	1
S026_MINIONCE_605	56	Picture	55_T_PWTRIAD_PW_arbol_red.png	3315076	43200	1	1900	2	43200	1800
S026_MINIONCE_605	57	Picture	PW	3317176	0	1	43200	2	0	43200
S026_MINIONCE_605	57	Pulse	99	3321361	4185	NA
S026_MINIONCE_605	57	Port Input	1	3321361	4185	NA
S026_MINIONCE_605	57	Response	51	3342648	25472	1
S026_MINIONCE_605	57	Pulse	99	3357362	40186	NA
S026_MINIONCE_605	57	Port Input	1	3357362	40186	NA
S026_MINIONCE_605	57	Picture	56_T_PWTRIAD_PW_destornillador_red.png	3360376	43200	1	1900	2	43200	1800
S026_MINIONCE_605	58	Picture	RW	3362476	0	1	43199	2	0	43200
S026_MINIONCE_605	58	Response	52	3375039	12563	1
S026_MINIONCE_605	58	Pulse	99	3393363	30887	NA
S026_MINIONCE_605	58	Port Input	1	3393363	30887	NA
S026_MINIONCE_605	58	Picture	57_T_RWTRIAD_RW_leche_red.png	3405675	43199	1	1900	2	43200	1800
S026_MINIONCE_605	59	Picture	RW	3407775	0	1	43200	2	0	43200
S026_MINIONCE_605	59	Pulse	99	3429364	21589	NA
S026_MINIONCE_605	59	Port Input	1	3429364	21589	NA
S026_MINIONCE_605	59	Response	51	3431701	23926	1
S026_MINIONCE_605	59	Picture	58_T_RWTRIAD_RW_banera_red.png	3450975	43200	1	1900	2	43200	1800
S026_MINIONCE_605	60	Picture	RW	3453075	0	1	43200	2	0	43200
S026_MINIONCE_605	60	Pulse	99	3465365	12290	NA
S026_MINIONCE_605	60	Port Input	1	3465365	12290	NA
S026_MINIONCE_605	60	Response	51	3479097	26022	1
S026_MINIONCE_605	60	Picture	59_T_RWTRIAD_RW_cortina_red.png	3496275	43200	1	1900	2	43200	1800
S026_MINIONCE_605	61	Picture	RW	3498375	0	1	43199	2	0	43200
S026_MINIONCE_605	61	Pulse	99	3501366	2991	NA
S026_MINIONCE_605	61	Port Input	1	3501366	2991	NA
S026_MINIONCE_605	61	Response	52	3518556	20181	1
S026_MINIONCE_605	61	Pulse	99	3537367	38992	NA
S026_MINIONCE_605	61	Port Input	1	3537367	38992	NA
S026_MINIONCE_605	61	Picture	60_T_RWTRIAD_RW_murcielago_red.png	3541574	43199	1	1900	3	43200	1800
S026_MINIONCE_605	62	Picture	rest	3543574	0	1	144099	3	0	144000
S026_MINIONCE_605	62	Pulse	99	3573368	29794	NA
S026_MINIONCE_605	62	Port Input	1	3573368	29794	NA
S026_MINIONCE_605	62	Pulse	99	3609369	65795	NA
S026_MINIONCE_605	62	Port Input	1	3609369	65795	NA
S026_MINIONCE_605	62	Pulse	99	3645370	101796	NA
S026_MINIONCE_605	62	Port Input	1	3645370	101796	NA
S026_MINIONCE_605	62	Pulse	99	3681370	137796	NA
S026_MINIONCE_605	62	Port Input	1	3681370	137796	NA
S026_MINIONCE_605	63	Picture	endrest	3687773	0	2	10100	3	0	10000
S026_MINIONCE_605	64	Picture	PW	3698273	0	1	43100	2	0	43200
S026_MINIONCE_605	64	Pulse	99	3717371	19098	NA
S026_MINIONCE_605	64	Port Input	1	3717371	19098	NA
S026_MINIONCE_605	64	Response	52	3735351	37078	1
S026_MINIONCE_605	64	Picture	63_T_PWTRIAD_PW_botella_red.png	3741373	43100	1	1900	2	43200	1800
S026_MINIONCE_605	65	Picture	PW	3743473	0	1	43200	2	0	43200
S026_MINIONCE_605	65	Pulse	99	3753372	9899	NA
S026_MINIONCE_605	65	Port Input	1	3753372	9899	NA
S026_MINIONCE_605	65	Response	52	3767345	23872	1
S026_MINIONCE_605	65	Picture	64_T_PWTRIAD_PW_paraguas_red.png	3786673	43200	1	1900	2	43200	1800
S026_MINIONCE_605	66	Picture	PW	3788873	0	1	43099	3	0	43200
S026_MINIONCE_605	66	Pulse	99	3789373	500	NA
S026_MINIONCE_605	66	Port Input	1	3789373	500	NA
S026_MINIONCE_605	66	Response	51	3810129	21256	2
S026_MINIONCE_605	66	Pulse	99	3825374	36501	NA
S026_MINIONCE_605	66	Port Input	1	3825374	36501	NA
S026_MINIONCE_605	66	Picture	65_T_PWTRIAD_PW_pincel_red.png	3831972	43099	2	1900	3	43200	1800
S026_MINIONCE_605	67	Picture	PW	3834272	0	1	43100	2	0	43200
S026_MINIONCE_605	67	Response	51	3860536	26264	1
S026_MINIONCE_605	67	Pulse	99	3861375	27103	NA
S026_MINIONCE_605	67	Port Input	1	3861375	27103	NA
S026_MINIONCE_605	67	Picture	66_T_PWTRIAD_PW_lechuga_red.png	3877372	43100	1	1900	2	43200	1800
S026_MINIONCE_605	68	Picture	FF	3879572	0	1	43200	2	0	43200
S026_MINIONCE_605	68	Response	52	3892637	13065	1
S026_MINIONCE_605	68	Pulse	99	3897376	17804	NA
S026_MINIONCE_605	68	Port Input	1	3897376	17804	NA
S026_MINIONCE_605	68	Picture	67_T_FFTRIAD_FF_pluma_red.png	3922772	43200	1	1900	2	43200	1800
S026_MINIONCE_605	69	Picture	FF	3924872	0	1	43199	3	0	43200
S026_MINIONCE_605	69	Pulse	99	3933377	8505	NA
S026_MINIONCE_605	69	Port Input	1	3933377	8505	NA
S026_MINIONCE_605	69	Response	52	3954002	29130	1
S026_MINIONCE_605	69	Picture	68_T_FFTRIAD_FF_manos_red.png	3968071	43199	2	1900	4	43200	1800
S026_MINIONCE_605	69	Pulse	99	3969378	44506	NA
S026_MINIONCE_605	69	Port Input	1	3969378	44506	NA
S026_MINIONCE_605	70	Picture	FF	3970371	0	2	43100	3	0	43200
S026_MINIONCE_605	70	Response	52	4005160	34789	1
S026_MINIONCE_605	70	Pulse	99	4005379	35008	NA
S026_MINIONCE_605	70	Port Input	1	4005379	35008	NA
S026_MINIONCE_605	70	Picture	69_T_FFTRIAD_FF_pizarra_red.png	4013471	43100	1	1900	2	43200	1800
S026_MINIONCE_605	71	Picture	FF	4015571	0	1	43200	2	0	43200
S026_MINIONCE_605	71	Response	52	4034365	18794	1
S026_MINIONCE_605	71	Pulse	99	4041380	25809	NA
S026_MINIONCE_605	71	Port Input	1	4041380	25809	NA
S026_MINIONCE_605	71	Picture	70_T_FFTRIAD_FF_television_red.png	4058771	43200	1	1900	2	43200	1800
S026_MINIONCE_605	72	Picture	rest	4060771	0	1	144099	2	0	144000
S026_MINIONCE_605	72	Pulse	99	4077381	16610	NA
S026_MINIONCE_605	72	Port Input	1	4077381	16610	NA
S026_MINIONCE_605	72	Pulse	99	4113382	52611	NA
S026_MINIONCE_605	72	Port Input	1	4113382	52611	NA
S026_MINIONCE_605	72	Pulse	99	4149383	88612	NA
S026_MINIONCE_605	72	Port Input	1	4149383	88612	NA
S026_MINIONCE_605	72	Pulse	99	4185384	124613	NA
S026_MINIONCE_605	72	Port Input	1	4185384	124613	NA
S026_MINIONCE_605	73	Picture	endrest	4204970	0	1	10100	2	0	10000
S026_MINIONCE_605	74	Picture	PW	4215370	0	1	43099	2	0	43200
S026_MINIONCE_605	74	Pulse	99	4221385	6015	NA
S026_MINIONCE_605	74	Port Input	1	4221385	6015	NA
S026_MINIONCE_605	74	Response	52	4243236	27866	1
S026_MINIONCE_605	74	Pulse	99	4257385	42015	NA
S026_MINIONCE_605	74	Port Input	1	4257385	42015	NA
S026_MINIONCE_605	74	Picture	73_T_PWTRIAD_PW_telarana_red.png	4258469	43099	1	1900	2	43200	1800
S026_MINIONCE_605	75	Picture	PW	4260569	0	1	43200	2	0	43200
S026_MINIONCE_605	75	Response	52	4285136	24567	1
S026_MINIONCE_605	75	Pulse	99	4293387	32818	NA
S026_MINIONCE_605	75	Port Input	1	4293387	32818	NA
S026_MINIONCE_605	75	Picture	74_T_PWTRIAD_PW_cuento_red.png	4303769	43200	1	1900	2	43200	1800
S026_MINIONCE_605	76	Picture	PW	4305869	0	1	43200	2	0	43200
S026_MINIONCE_605	76	Response	52	4324909	19040	1
S026_MINIONCE_605	76	Pulse	99	4329387	23518	NA
S026_MINIONCE_605	76	Port Input	1	4329387	23518	NA
S026_MINIONCE_605	76	Picture	75_T_PWTRIAD_PW_pizarra_red.png	4349069	43200	1	1900	2	43200	1800
S026_MINIONCE_605	77	Picture	PW	4351169	0	1	43199	3	0	43200
S026_MINIONCE_605	77	Pulse	99	4365388	14219	NA
S026_MINIONCE_605	77	Port Input	1	4365388	14219	NA
S026_MINIONCE_605	77	Response	51	4376443	25274	1
S026_MINIONCE_605	77	Picture	76_T_PWTRIAD_PW_llave_red.png	4394368	43199	2	1900	3	43200	1800
S026_MINIONCE_605	78	Picture	RW	4396468	0	2	43200	3	0	43200
S026_MINIONCE_605	78	Pulse	99	4401389	4921	NA
S026_MINIONCE_605	78	Port Input	1	4401389	4921	NA
S026_MINIONCE_605	78	Response	52	4411683	15215	1
S026_MINIONCE_605	78	Pulse	99	4437390	40922	NA
S026_MINIONCE_605	78	Port Input	1	4437390	40922	NA
S026_MINIONCE_605	78	Picture	77_T_RWTRIAD_RW_mono_red.png	4439668	43200	1	1900	2	43200	1800
S026_MINIONCE_605	79	Picture	RW	4441768	0	1	43200	2	0	43200
S026_MINIONCE_605	79	Response	52	4454344	12576	2
S026_MINIONCE_605	79	Pulse	99	4473391	31623	NA
S026_MINIONCE_605	79	Port Input	1	4473391	31623	NA
S026_MINIONCE_605	79	Picture	78_T_RWTRIAD_RW_sobre_red.png	4484968	43200	1	1900	2	43200	1800
S026_MINIONCE_605	80	Picture	RW	4487068	0	1	43199	2	0	43200
S026_MINIONCE_605	80	Response	51	4507410	20342	1
S026_MINIONCE_605	80	Pulse	99	4509392	22324	NA
S026_MINIONCE_605	80	Port Input	1	4509392	22324	NA
S026_MINIONCE_605	80	Picture	79_T_RWTRIAD_RW_piramide_red.png	4530267	43199	1	1900	3	43200	1800
S026_MINIONCE_605	81	Picture	RW	4532567	0	2	43100	3	0	43200
S026_MINIONCE_605	81	Pulse	99	4545393	12826	NA
S026_MINIONCE_605	81	Port Input	1	4545393	12826	NA
S026_MINIONCE_605	81	Response	52	4547657	15090	1
S026_MINIONCE_605	81	Picture	80_T_RWTRIAD_RW_lechuga_red.png	4575667	43100	1	1900	2	43200	1800
S026_MINIONCE_605	82	Picture	rest	4577667	0	1	144099	2	0	144000
S026_MINIONCE_605	82	Pulse	99	4581394	3727	NA
S026_MINIONCE_605	82	Port Input	1	4581394	3727	NA
S026_MINIONCE_605	82	Pulse	99	4617395	39728	NA
S026_MINIONCE_605	82	Port Input	1	4617395	39728	NA
S026_MINIONCE_605	82	Pulse	99	4653396	75729	NA
S026_MINIONCE_605	82	Port Input	1	4653396	75729	NA
S026_MINIONCE_605	82	Pulse	99	4689397	111730	NA
S026_MINIONCE_605	82	Port Input	1	4689397	111730	NA
S026_MINIONCE_605	83	Picture	endrest	4721866	0	1	10100	2	0	10000
S026_MINIONCE_605	83	Pulse	99	4725398	3532	NA
S026_MINIONCE_605	83	Port Input	1	4725398	3532	NA
S026_MINIONCE_605	84	Picture	FF	4732166	0	1	43200	2	0	43200
S026_MINIONCE_605	84	Response	51	4756236	24070	1
S026_MINIONCE_605	84	Pulse	99	4761399	29233	NA
S026_MINIONCE_605	84	Port Input	1	4761399	29233	NA
S026_MINIONCE_605	84	Picture	83_T_FFTRIAD_FF_novia_red.png	4775366	43200	1	1900	2	43200	1800
S026_MINIONCE_605	85	Picture	FF	4777466	0	1	43199	2	0	43200
S026_MINIONCE_605	85	Response	52	4794671	17205	1
S026_MINIONCE_605	85	Pulse	99	4797400	19934	NA
S026_MINIONCE_605	85	Port Input	1	4797400	19934	NA
S026_MINIONCE_605	85	Picture	84_T_FFTRIAD_FF_gafas_red.png	4820665	43199	1	1900	2	43200	1800
S026_MINIONCE_605	86	Picture	FF	4822765	0	1	43200	2	0	43200
S026_MINIONCE_605	86	Pulse	99	4833401	10636	NA
S026_MINIONCE_605	86	Port Input	1	4833401	10636	NA
S026_MINIONCE_605	86	Response	51	4850037	27272	1
S026_MINIONCE_605	86	Picture	85_T_FFTRIAD_FF_violin_red.png	4865965	43200	1	1900	2	43200	1800
S026_MINIONCE_605	87	Picture	FF	4868065	0	1	43200	2	0	43200
S026_MINIONCE_605	87	Pulse	99	4869402	1337	NA
S026_MINIONCE_605	87	Port Input	1	4869402	1337	NA
S026_MINIONCE_605	87	Response	51	4878831	10766	2
S026_MINIONCE_605	87	Pulse	99	4905403	37338	NA
S026_MINIONCE_605	87	Port Input	1	4905403	37338	NA
S026_MINIONCE_605	87	Picture	86_T_FFTRIAD_FF_estetoscopio_red.png	4911265	43200	1	1900	2	43200	1800
S026_MINIONCE_605	88	Picture	PW	4913565	0	1	43099	3	0	43200
S026_MINIONCE_605	88	Response	51	4937504	23939	1
S026_MINIONCE_605	88	Pulse	99	4941403	27838	NA
S026_MINIONCE_605	88	Port Input	1	4941403	27838	NA
S026_MINIONCE_605	88	Picture	87_T_PWTRIAD_PW_tenedor_red.png	4956664	43099	2	1900	4	43200	1800
S026_MINIONCE_605	89	Picture	PW	4958764	0	2	43200	3	0	43200
S026_MINIONCE_605	89	Pulse	99	4977404	18640	NA
S026_MINIONCE_605	89	Port Input	1	4977404	18640	NA
S026_MINIONCE_605	89	Response	52	4989059	30295	1
S026_MINIONCE_605	89	Picture	88_T_PWTRIAD_PW_candado_red.png	5001964	43200	1	1900	2	43200	1800
S026_MINIONCE_605	90	Picture	PW	5004064	0	1	43200	2	0	43200
S026_MINIONCE_605	90	Pulse	99	5013405	9341	NA
S026_MINIONCE_605	90	Port Input	1	5013405	9341	NA
S026_MINIONCE_605	90	Response	51	5033126	29062	1
S026_MINIONCE_605	90	Picture	89_T_PWTRIAD_PW_plato_red.png	5047264	43200	1	1900	2	43200	1800
S026_MINIONCE_605	91	Picture	PW	5049364	0	1	43199	3	0	43200
S026_MINIONCE_605	91	Pulse	99	5049406	42	NA
S026_MINIONCE_605	91	Port Input	1	5049406	42	NA
S026_MINIONCE_605	91	Response	52	5067815	18451	1
S026_MINIONCE_605	91	Pulse	99	5085407	36043	NA
S026_MINIONCE_605	91	Port Input	1	5085407	36043	NA
S026_MINIONCE_605	91	Picture	90_T_PWTRIAD_PW_lana_red.png	5092563	43199	2	1900	4	43200	1800
S026_MINIONCE_605	92	Picture	rest	5094563	0	2	144099	4	0	144000
S026_MINIONCE_605	92	Pulse	99	5121408	26845	NA
S026_MINIONCE_605	92	Port Input	1	5121408	26845	NA
S026_MINIONCE_605	92	Pulse	99	5157409	62846	NA
S026_MINIONCE_605	92	Port Input	1	5157409	62846	NA
S026_MINIONCE_605	92	Pulse	99	5193410	98847	NA
S026_MINIONCE_605	92	Port Input	1	5193410	98847	NA
S026_MINIONCE_605	92	Pulse	99	5229411	134848	NA
S026_MINIONCE_605	92	Port Input	1	5229411	134848	NA
S026_MINIONCE_605	93	Picture	endrest	5238762	0	2	10100	3	0	10000
S026_MINIONCE_605	94	Picture	RW	5249062	0	1	43200	2	0	43200
S026_MINIONCE_605	94	Response	52	5263076	14014	1
S026_MINIONCE_605	94	Pulse	99	5265412	16350	NA
S026_MINIONCE_605	94	Port Input	1	5265412	16350	NA
S026_MINIONCE_605	94	Picture	93_T_RWTRIAD_RW_raton_red.png	5292262	43200	1	1900	2	43200	1800
S026_MINIONCE_605	95	Picture	RW	5294462	0	1	43100	2	0	43200
S026_MINIONCE_605	95	Pulse	99	5301413	6951	NA
S026_MINIONCE_605	95	Port Input	1	5301413	6951	NA
S026_MINIONCE_605	95	Response	51	5310472	16010	1
S026_MINIONCE_605	95	Pulse	99	5337414	42952	NA
S026_MINIONCE_605	95	Port Input	1	5337414	42952	NA
S026_MINIONCE_605	95	Picture	94_T_RWTRIAD_RW_dedal_red.png	5337562	43100	1	1900	2	43200	1800
S026_MINIONCE_605	96	Picture	RW	5339662	0	1	43199	3	0	43200
S026_MINIONCE_605	96	Response	51	5367962	28300	1
S026_MINIONCE_605	96	Pulse	99	5373415	33753	NA
S026_MINIONCE_605	96	Port Input	1	5373415	33753	NA
S026_MINIONCE_605	96	Picture	95_T_RWTRIAD_RW_perro_red.png	5382861	43199	2	1900	4	43200	1800
S026_MINIONCE_605	97	Picture	RW	5384961	0	2	43200	3	0	43200
S026_MINIONCE_605	97	Response	52	5398289	13328	1
S026_MINIONCE_605	97	Pulse	99	5409416	24455	NA
S026_MINIONCE_605	97	Port Input	1	5409416	24455	NA
S026_MINIONCE_605	97	Picture	96_T_RWTRIAD_RW_paraguas_red.png	5428161	43200	1	1900	2	43200	1800
S026_MINIONCE_605	98	Picture	FF	5430461	0	1	43100	2	0	43200
S026_MINIONCE_605	98	Response	52	5439676	9215	1
S026_MINIONCE_605	98	Pulse	99	5445417	14956	NA
S026_MINIONCE_605	98	Port Input	1	5445417	14956	NA
S026_MINIONCE_605	98	Picture	97_T_FFTRIAD_FF_chupete_red.png	5473561	43100	1	1900	2	43200	1800
S026_MINIONCE_605	99	Picture	FF	5475661	0	1	43199	3	0	43200
S026_MINIONCE_605	99	Pulse	99	5481418	5757	NA
S026_MINIONCE_605	99	Port Input	1	5481418	5757	NA
S026_MINIONCE_605	99	Response	52	5495707	20046	1
S026_MINIONCE_605	99	Pulse	99	5517419	41758	NA
S026_MINIONCE_605	99	Port Input	1	5517419	41758	NA
S026_MINIONCE_605	99	Picture	98_T_FFTRIAD_FF_molino_red.png	5518860	43199	2	1900	4	43200	1800
S026_MINIONCE_605	100	Picture	FF	5520960	0	2	43200	3	0	43200
S026_MINIONCE_605	100	Response	52	5536817	15857	1
S026_MINIONCE_605	100	Pulse	99	5553419	32459	NA
S026_MINIONCE_605	100	Port Input	1	5553419	32459	NA
S026_MINIONCE_605	100	Picture	99_T_FFTRIAD_FF_madera_red.png	5564160	43200	1	1900	2	43200	1800
S026_MINIONCE_605	101	Picture	FF	5566260	0	1	43200	2	0	43200
S026_MINIONCE_605	101	Pulse	99	5589420	23160	NA
S026_MINIONCE_605	101	Port Input	1	5589420	23160	NA
S026_MINIONCE_605	101	Response	52	5602757	36497	1
S026_MINIONCE_605	101	Picture	100_T_FFTRIAD_FF_banera_red.png	5609460	43200	1	1900	2	43200	1800
S026_MINIONCE_605	102	Picture	rest	5611460	0	1	144099	2	0	144000
S026_MINIONCE_605	102	Pulse	99	5625421	13961	NA
S026_MINIONCE_605	102	Port Input	1	5625421	13961	NA
S026_MINIONCE_605	102	Pulse	99	5661422	49962	NA
S026_MINIONCE_605	102	Port Input	1	5661422	49962	NA
S026_MINIONCE_605	102	Pulse	99	5697423	85963	NA
S026_MINIONCE_605	102	Port Input	1	5697423	85963	NA
S026_MINIONCE_605	102	Pulse	99	5733424	121964	NA
S026_MINIONCE_605	102	Port Input	1	5733424	121964	NA
S026_MINIONCE_605	103	Picture	endrest	5755659	0	1	10100	2	0	10000
S026_MINIONCE_605	104	Picture	FF	5766158	0	2	43100	4	0	43200
S026_MINIONCE_605	104	Pulse	99	5769425	3267	NA
S026_MINIONCE_605	104	Port Input	1	5769425	3267	NA
S026_MINIONCE_605	104	Response	52	5798950	32792	1
S026_MINIONCE_605	104	Pulse	99	5805426	39268	NA
S026_MINIONCE_605	104	Port Input	1	5805426	39268	NA
S026_MINIONCE_605	104	Picture	103_T_FFTRIAD_FF_tenedor_red.png	5809258	43100	2	1900	3	43200	1800
S026_MINIONCE_605	105	Picture	FF	5811458	0	1	43200	2	0	43200
S026_MINIONCE_605	105	Response	51	5824763	13305	1
S026_MINIONCE_605	105	Pulse	99	5841427	29969	NA
S026_MINIONCE_605	105	Port Input	1	5841427	29969	NA
S026_MINIONCE_605	105	Picture	104_T_FFTRIAD_FF_traje_red.png	5854658	43200	1	1900	2	43200	1800
S026_MINIONCE_605	106	Picture	FF	5856758	0	1	43200	2	0	43200
S026_MINIONCE_605	106	Response	51	5868810	12052	2
S026_MINIONCE_605	106	Pulse	99	5877428	20670	NA
S026_MINIONCE_605	106	Port Input	1	5877428	20670	NA
S026_MINIONCE_605	106	Picture	105_T_FFTRIAD_FF_lenador_red.png	5899958	43200	1	1900	2	43200	1800
S026_MINIONCE_605	107	Picture	FF	5902058	0	1	43199	3	0	43200
S026_MINIONCE_605	107	Response	52	5911191	9133	1
S026_MINIONCE_605	107	Pulse	99	5913429	11371	NA
S026_MINIONCE_605	107	Port Input	1	5913429	11371	NA
S026_MINIONCE_605	107	Picture	106_T_FFTRIAD_FF_telefono_red.png	5945257	43199	2	1900	4	43200	1800
S026_MINIONCE_605	108	Picture	RW	5947357	0	2	43200	3	0	43200
S026_MINIONCE_605	108	Pulse	99	5949430	2073	NA
S026_MINIONCE_605	108	Port Input	1	5949430	2073	NA
S026_MINIONCE_605	108	Response	51	5964074	16717	1
S026_MINIONCE_605	108	Pulse	99	5985431	38074	NA
S026_MINIONCE_605	108	Port Input	1	5985431	38074	NA
S026_MINIONCE_605	108	Picture	107_T_RWTRIAD_RW_zanahoria_red.png	5990557	43200	1	1900	2	43200	1800
S026_MINIONCE_605	109	Picture	RW	5992857	0	1	43100	2	0	43200
S026_MINIONCE_605	109	Response	51	6008127	15270	1
S026_MINIONCE_605	109	Pulse	99	6021432	28575	NA
S026_MINIONCE_605	109	Port Input	1	6021432	28575	NA
S026_MINIONCE_605	109	Picture	108_T_RWTRIAD_RW_iglu_red.png	6035957	43100	1	1900	2	43200	1800
S026_MINIONCE_605	110	Picture	RW	6038057	0	1	43199	3	0	43200
S026_MINIONCE_605	110	Response	52	6048475	10418	1
S026_MINIONCE_605	110	Pulse	99	6057433	19376	NA
S026_MINIONCE_605	110	Port Input	1	6057433	19376	NA
S026_MINIONCE_605	110	Picture	109_T_RWTRIAD_RW_bebe_red.png	6081256	43199	2	1900	4	43200	1800
S026_MINIONCE_605	111	Picture	RW	6083556	0	2	43100	3	0	43200
S026_MINIONCE_605	111	Pulse	99	6093434	9878	NA
S026_MINIONCE_605	111	Port Input	1	6093434	9878	NA
S026_MINIONCE_605	111	Response	51	6094546	10990	1
S026_MINIONCE_605	111	Picture	110_T_RWTRIAD_RW_traje_red.png	6126656	43100	1	1900	2	43200	1800
S026_MINIONCE_605	112	Picture	rest	6128656	0	1	144099	2	0	144000
S026_MINIONCE_605	112	Pulse	99	6129435	779	NA
S026_MINIONCE_605	112	Port Input	1	6129435	779	NA
S026_MINIONCE_605	113	Picture	endrest	6272855	0	1	10100	2	0	10000
S026_MINIONCE_605	114	Picture	PW	6283155	0	1	43200	2	0	43200
S026_MINIONCE_605	114	Response	51	6299052	15897	1
S026_MINIONCE_605	114	Picture	113_T_PWTRIAD_PW_sapo_red.png	6326355	43200	1	1900	2	43200	1800
S026_MINIONCE_605	115	Picture	PW	6328455	0	1	43199	3	0	43200
S026_MINIONCE_605	115	Response	52	6353484	25029	1
S026_MINIONCE_605	115	Picture	114_T_PWTRIAD_PW_portatil_red.png	6371654	43199	2	1900	3	43200	1800
S026_MINIONCE_605	116	Picture	PW	6373754	0	1	43200	2	0	43200
S026_MINIONCE_605	116	Response	52	6398553	24799	1
S026_MINIONCE_605	116	Picture	115_T_PWTRIAD_PW_oruga_red.png	6416954	43200	1	1900	2	43200	1800
S026_MINIONCE_605	117	Picture	PW	6419054	0	1	43200	2	0	43200
S026_MINIONCE_605	117	Response	52	6447139	28085	1
S026_MINIONCE_605	117	Picture	116_T_PWTRIAD_PW_huevos_red.png	6462254	43200	1	1900	2	43200	1800
S026_MINIONCE_605	118	Picture	RW	6464354	0	1	43199	3	0	43200
S026_MINIONCE_605	118	Response	51	6474643	10289	1
S026_MINIONCE_605	118	Picture	117_T_RWTRIAD_RW_violin_red.png	6507553	43199	2	1900	4	43200	1800
S026_MINIONCE_605	119	Picture	RW	6509653	0	2	43200	3	0	43200
S026_MINIONCE_605	119	Response	52	6522154	12501	1
S026_MINIONCE_605	119	Picture	118_T_RWTRIAD_RW_anillo_red.png	6552853	43200	1	1900	2	43200	1800
S026_MINIONCE_605	120	Picture	RW	6554953	0	1	43200	2	0	43200
S026_MINIONCE_605	120	Response	51	6574378	19425	1
S026_MINIONCE_605	120	Picture	119_T_RWTRIAD_RW_ascensor_red.png	6598153	43200	1	1900	2	43200	1800
S026_MINIONCE_605	121	Picture	RW	6600253	0	1	43200	2	0	43200
S026_MINIONCE_605	121	Response	51	6611641	11388	1
S026_MINIONCE_605	121	Picture	120_T_RWTRIAD_RW_telarana_red.png	6643453	43200	1	1899	3	43200	1800
S026_MINIONCE_605	122	Picture	rest	6645452	0	2	144099	4	0	144000
S026_MINIONCE_605	123	Picture	endrest	6789651	0	2	10100	4	0	10000
S026_MINIONCE_605	124	Picture	RW	6799951	0	2	43200	3	0	43200
S026_MINIONCE_605	124	Response	52	6824486	24535	1
S026_MINIONCE_605	124	Picture	123_T_RWTRIAD_RW_portatil_red.png	6843151	43200	1	1900	2	43200	1800
S026_MINIONCE_605	125	Picture	RW	6845251	0	1	43200	2	0	43200
S026_MINIONCE_605	125	Response	52	6856606	11355	1
S026_MINIONCE_605	125	Picture	124_T_RWTRIAD_RW_silla_red.png	6888451	43200	1	1900	2	43200	1800
S026_MINIONCE_605	126	Picture	RW	6890751	0	1	43199	3	0	43200
S026_MINIONCE_605	126	Response	51	6902525	11774	1
S026_MINIONCE_605	126	Picture	125_T_RWTRIAD_RW_bala_red.png	6933950	43199	2	1900	4	43200	1800
S026_MINIONCE_605	127	Picture	RW	6936050	0	2	43200	3	0	43200
S026_MINIONCE_605	127	Response	51	6947914	11864	1
S026_MINIONCE_605	127	Picture	126_T_RWTRIAD_RW_novia_red.png	6979250	43200	1	1900	2	43200	1800
S026_MINIONCE_605	128	Picture	PW	6981350	0	1	43200	2	0	43200
S026_MINIONCE_605	128	Response	51	7000259	18909	1
S026_MINIONCE_605	128	Picture	127_T_PWTRIAD_PW_martillo_red.png	7024550	43200	1	1900	2	43200	1800
S026_MINIONCE_605	129	Picture	PW	7026650	0	1	43199	3	0	43200
S026_MINIONCE_605	129	Response	52	7056224	29574	1
S026_MINIONCE_605	129	Picture	128_T_PWTRIAD_PW_cerillas_red.png	7069849	43199	2	1901	3	43200	1800
S026_MINIONCE_605	130	Picture	PW	7071949	0	2	43200	3	0	43200
S026_MINIONCE_605	130	Response	51	7103950	32001	1
S026_MINIONCE_605	130	Picture	129_T_PWTRIAD_PW_almohada_red.png	7115149	43200	1	1900	2	43200	1800
S026_MINIONCE_605	131	Picture	PW	7117249	0	1	43200	2	0	43200
S026_MINIONCE_605	131	Response	52	7141987	24738	1
S026_MINIONCE_605	131	Picture	130_T_PWTRIAD_PW_granjero_red.png	7160449	43200	1	1900	2	43200	1800
S026_MINIONCE_605	132	Picture	rest	7162449	0	1	144099	2	0	144000
S026_MINIONCE_605	133	Picture	endrest	7306648	0	1	10100	2	0	10000
S026_MINIONCE_605	134	Picture	RW	7317048	0	1	43199	3	0	43200
S026_MINIONCE_605	134	Response	51	7337714	20666	1
S026_MINIONCE_605	134	Picture	133_T_RWTRIAD_RW_tenedor_red.png	7360247	43199	2	1900	4	43200	1800
S026_MINIONCE_605	135	Picture	RW	7362347	0	2	43200	3	0	43200
S026_MINIONCE_605	135	Response	51	7378779	16432	1
S026_MINIONCE_605	135	Picture	134_T_RWTRIAD_RW_television_red.png	7405547	43200	1	1900	2	43200	1800
S026_MINIONCE_605	136	Picture	RW	7407647	0	1	43200	2	0	43200
S026_MINIONCE_605	136	Response	52	7418535	10888	1
S026_MINIONCE_605	136	Picture	135_T_RWTRIAD_RW_destornillador_red.png	7450847	43200	1	1900	2	43200	1800
S026_MINIONCE_605	137	Picture	RW	7452947	0	1	43199	3	0	43200
S026_MINIONCE_605	137	Response	51	7469408	16461	1
S026_MINIONCE_605	137	Picture	136_T_RWTRIAD_RW_pilas_red.png	7496146	43199	2	1900	4	43200	1800
S026_MINIONCE_605	138	Picture	rest	7498146	0	2	144099	4	0	144000
S026_MINIONCE_605	139	Picture	endrest	7642345	0	2	10100	3	0	10000
S026_MINIONCE_605	140	Picture	endrest	7652545	0	1	10100	2	0	10000
S026_MINIONCE_605	141	Picture	endrest	7662745	0	1	10100	2	0	10000
S026_MINIONCE_605	142	Picture	endrest	7672945	0	1	10100	2	0	10000
