Scenario - vOT_Triads_fMRI_II
Logfile written - 02/18/2016 13:35:43

Subject	Trial	Event Type	Code	Time	TTime	Uncertainty	Duration	Uncertainty	ReqTime	ReqDur

S027_DAY1_MINITWICE_5495	1	Pulse	99	468060	477981	NA
S027_DAY1_MINITWICE_5495	1	Port Input	1	468060	477981	NA
S027_DAY1_MINITWICE_5495	1	Pulse	99	504061	513982	NA
S027_DAY1_MINITWICE_5495	1	Port Input	1	504061	513982	NA
S027_DAY1_MINITWICE_5495	1	Pulse	99	540062	549983	NA
S027_DAY1_MINITWICE_5495	1	Port Input	1	540062	549983	NA
S027_DAY1_MINITWICE_5495	1	Pulse	99	576063	585984	NA
S027_DAY1_MINITWICE_5495	1	Port Input	1	576063	585984	NA
S027_DAY1_MINITWICE_5495	1	Pulse	99	612064	621985	NA
S027_DAY1_MINITWICE_5495	1	Port Input	1	612064	621985	NA
S027_DAY1_MINITWICE_5495	2	Picture	rest	612297	0	1	144099	4	0	144000
S027_DAY1_MINITWICE_5495	2	Pulse	99	648065	35768	NA
S027_DAY1_MINITWICE_5495	2	Port Input	1	648065	35768	NA
S027_DAY1_MINITWICE_5495	2	Pulse	99	684067	71770	NA
S027_DAY1_MINITWICE_5495	2	Port Input	1	684067	71770	NA
S027_DAY1_MINITWICE_5495	2	Pulse	99	720068	107771	NA
S027_DAY1_MINITWICE_5495	2	Port Input	1	720068	107771	NA
S027_DAY1_MINITWICE_5495	2	Pulse	99	756069	143772	NA
S027_DAY1_MINITWICE_5495	2	Port Input	1	756069	143772	NA
S027_DAY1_MINITWICE_5495	3	Picture	endrest	756497	0	2	10100	4	0	10000
S027_DAY1_MINITWICE_5495	4	Picture	FF	767097	0	2	43100	3	0	43200
S027_DAY1_MINITWICE_5495	4	Response	51	782194	15097	1
S027_DAY1_MINITWICE_5495	4	Pulse	99	792070	24973	NA
S027_DAY1_MINITWICE_5495	4	Port Input	1	792070	24973	NA
S027_DAY1_MINITWICE_5495	4	Picture	3_T_FFTRIAD_FF_monja_red.png	810197	43100	1	1899	3	43200	1800
S027_DAY1_MINITWICE_5495	5	Picture	FF	812397	0	1	43199	3	0	43200
S027_DAY1_MINITWICE_5495	5	Pulse	99	828071	15674	NA
S027_DAY1_MINITWICE_5495	5	Port Input	1	828071	15674	NA
S027_DAY1_MINITWICE_5495	5	Response	51	830698	18301	2
S027_DAY1_MINITWICE_5495	5	Picture	4_T_FFTRIAD_FF_candado_red.png	855596	43199	2	1900	4	43200	1800
S027_DAY1_MINITWICE_5495	6	Picture	FF	857796	0	2	43199	5	0	43200
S027_DAY1_MINITWICE_5495	6	Pulse	99	864072	6276	NA
S027_DAY1_MINITWICE_5495	6	Port Input	1	864072	6276	NA
S027_DAY1_MINITWICE_5495	6	Response	51	872742	14946	1
S027_DAY1_MINITWICE_5495	6	Pulse	99	900073	42277	NA
S027_DAY1_MINITWICE_5495	6	Port Input	1	900073	42277	NA
S027_DAY1_MINITWICE_5495	6	Picture	5_T_FFTRIAD_FF_cortina_red.png	900995	43199	3	1901	5	43200	1800
S027_DAY1_MINITWICE_5495	7	Picture	FF	903296	0	2	43099	5	0	43200
S027_DAY1_MINITWICE_5495	7	Response	52	919831	16535	1
S027_DAY1_MINITWICE_5495	7	Pulse	99	936074	32778	NA
S027_DAY1_MINITWICE_5495	7	Port Input	1	936074	32778	NA
S027_DAY1_MINITWICE_5495	7	Picture	6_T_FFTRIAD_FF_futbol_red.png	946395	43099	3	1900	5	43200	1800
S027_DAY1_MINITWICE_5495	8	Picture	RW	948595	0	3	43201	4	0	43200
S027_DAY1_MINITWICE_5495	8	Response	52	965405	16810	1
S027_DAY1_MINITWICE_5495	8	Pulse	99	972075	23480	NA
S027_DAY1_MINITWICE_5495	8	Port Input	1	972075	23480	NA
S027_DAY1_MINITWICE_5495	8	Picture	7_T_RWTRIAD_RW_lechuga_red.png	991796	43201	1	1900	2	43200	1800
S027_DAY1_MINITWICE_5495	9	Picture	RW	994096	0	1	43100	2	0	43200
S027_DAY1_MINITWICE_5495	9	Pulse	99	1008076	13980	NA
S027_DAY1_MINITWICE_5495	9	Port Input	1	1008076	13980	NA
S027_DAY1_MINITWICE_5495	9	Response	52	1022092	27996	1
S027_DAY1_MINITWICE_5495	9	Picture	8_T_RWTRIAD_RW_lenador_red.png	1037196	43100	1	1900	2	43200	1800
S027_DAY1_MINITWICE_5495	10	Picture	RW	1039496	0	1	43100	2	0	43200
S027_DAY1_MINITWICE_5495	10	Pulse	99	1044078	4582	NA
S027_DAY1_MINITWICE_5495	10	Port Input	1	1044078	4582	NA
S027_DAY1_MINITWICE_5495	10	Response	52	1059252	19756	2
S027_DAY1_MINITWICE_5495	10	Pulse	99	1080079	40583	NA
S027_DAY1_MINITWICE_5495	10	Port Input	1	1080079	40583	NA
S027_DAY1_MINITWICE_5495	10	Picture	9_T_RWTRIAD_RW_sombrilla_red.png	1082596	43100	1	1900	2	43200	1800
S027_DAY1_MINITWICE_5495	11	Picture	RW	1084896	0	1	43100	2	0	43200
S027_DAY1_MINITWICE_5495	11	Pulse	99	1116080	31184	NA
S027_DAY1_MINITWICE_5495	11	Port Input	1	1116080	31184	NA
S027_DAY1_MINITWICE_5495	11	Response	52	1120336	35440	1
S027_DAY1_MINITWICE_5495	11	Picture	10_T_RWTRIAD_RW_lana_red.png	1127996	43100	1	1900	2	43200	1800
S027_DAY1_MINITWICE_5495	12	Picture	rest	1129996	0	1	144099	2	0	144000
S027_DAY1_MINITWICE_5495	12	Pulse	99	1152081	22085	NA
S027_DAY1_MINITWICE_5495	12	Port Input	1	1152081	22085	NA
S027_DAY1_MINITWICE_5495	12	Pulse	99	1188082	58086	NA
S027_DAY1_MINITWICE_5495	12	Port Input	1	1188082	58086	NA
S027_DAY1_MINITWICE_5495	12	Pulse	99	1224083	94087	NA
S027_DAY1_MINITWICE_5495	12	Port Input	1	1224083	94087	NA
S027_DAY1_MINITWICE_5495	12	Pulse	99	1260084	130088	NA
S027_DAY1_MINITWICE_5495	12	Port Input	1	1260084	130088	NA
S027_DAY1_MINITWICE_5495	13	Picture	endrest	1274195	0	1	10100	2	0	10000
S027_DAY1_MINITWICE_5495	14	Picture	FF	1284695	0	1	43100	2	0	43200
S027_DAY1_MINITWICE_5495	14	Pulse	99	1296085	11390	NA
S027_DAY1_MINITWICE_5495	14	Port Input	1	1296085	11390	NA
S027_DAY1_MINITWICE_5495	14	Response	52	1300704	16009	1
S027_DAY1_MINITWICE_5495	14	Picture	13_T_FFTRIAD_FF_pizarra_red.png	1327795	43100	1	1900	2	43200	1800
S027_DAY1_MINITWICE_5495	15	Picture	FF	1329995	0	1	43200	2	0	43200
S027_DAY1_MINITWICE_5495	15	Pulse	99	1332086	2091	NA
S027_DAY1_MINITWICE_5495	15	Port Input	1	1332086	2091	NA
S027_DAY1_MINITWICE_5495	15	Response	51	1351759	21764	1
S027_DAY1_MINITWICE_5495	15	Pulse	99	1368087	38092	NA
S027_DAY1_MINITWICE_5495	15	Port Input	1	1368087	38092	NA
S027_DAY1_MINITWICE_5495	15	Picture	14_T_FFTRIAD_FF_llave_red.png	1373195	43200	1	1900	2	43200	1800
S027_DAY1_MINITWICE_5495	16	Picture	FF	1375395	0	1	43200	2	0	43200
S027_DAY1_MINITWICE_5495	16	Response	52	1400001	24606	1
S027_DAY1_MINITWICE_5495	16	Pulse	99	1404089	28694	NA
S027_DAY1_MINITWICE_5495	16	Port Input	1	1404089	28694	NA
S027_DAY1_MINITWICE_5495	16	Picture	15_T_FFTRIAD_FF_bala_red.png	1418595	43200	1	1900	2	43200	1800
S027_DAY1_MINITWICE_5495	17	Picture	FF	1420695	0	1	43200	2	0	43200
S027_DAY1_MINITWICE_5495	17	Response	52	1436828	16133	1
S027_DAY1_MINITWICE_5495	17	Pulse	99	1440090	19395	NA
S027_DAY1_MINITWICE_5495	17	Port Input	1	1440090	19395	NA
S027_DAY1_MINITWICE_5495	17	Picture	16_T_FFTRIAD_FF_telefono_red.png	1463895	43200	1	1900	2	43200	1800
S027_DAY1_MINITWICE_5495	18	Picture	FF	1466195	0	1	43100	2	0	43200
S027_DAY1_MINITWICE_5495	18	Pulse	99	1476091	9896	NA
S027_DAY1_MINITWICE_5495	18	Port Input	1	1476091	9896	NA
S027_DAY1_MINITWICE_5495	18	Response	51	1476582	10387	1
S027_DAY1_MINITWICE_5495	18	Picture	17_T_FFTRIAD_FF_oruga_red.png	1509295	43100	1	1900	2	43200	1800
S027_DAY1_MINITWICE_5495	19	Picture	FF	1511595	0	1	43099	3	0	43200
S027_DAY1_MINITWICE_5495	19	Pulse	99	1512092	497	NA
S027_DAY1_MINITWICE_5495	19	Port Input	1	1512092	497	NA
S027_DAY1_MINITWICE_5495	19	Response	51	1522331	10736	1
S027_DAY1_MINITWICE_5495	19	Pulse	99	1548093	36498	NA
S027_DAY1_MINITWICE_5495	19	Port Input	1	1548093	36498	NA
S027_DAY1_MINITWICE_5495	19	Picture	18_T_FFTRIAD_FF_pincel_red.png	1554694	43099	2	1900	4	43200	1800
S027_DAY1_MINITWICE_5495	20	Picture	FF	1556994	0	2	43100	3	0	43200
S027_DAY1_MINITWICE_5495	20	Response	51	1566329	9335	2
S027_DAY1_MINITWICE_5495	20	Pulse	99	1584094	27100	NA
S027_DAY1_MINITWICE_5495	20	Port Input	1	1584094	27100	NA
S027_DAY1_MINITWICE_5495	20	Picture	19_T_FFTRIAD_FF_charco_red.png	1600094	43100	1	1900	2	43200	1800
S027_DAY1_MINITWICE_5495	21	Picture	FF	1602294	0	1	43200	2	0	43200
S027_DAY1_MINITWICE_5495	21	Response	52	1617219	14925	1
S027_DAY1_MINITWICE_5495	21	Pulse	99	1620095	17801	NA
S027_DAY1_MINITWICE_5495	21	Port Input	1	1620095	17801	NA
S027_DAY1_MINITWICE_5495	21	Picture	20_T_FFTRIAD_FF_destornillador_red.png	1645494	43200	1	1900	2	43200	1800
S027_DAY1_MINITWICE_5495	22	Picture	rest	1647494	0	1	144100	2	0	144000
S027_DAY1_MINITWICE_5495	22	Pulse	99	1656096	8602	NA
S027_DAY1_MINITWICE_5495	22	Port Input	1	1656096	8602	NA
S027_DAY1_MINITWICE_5495	22	Pulse	99	1692097	44603	NA
S027_DAY1_MINITWICE_5495	22	Port Input	1	1692097	44603	NA
S027_DAY1_MINITWICE_5495	22	Pulse	99	1728099	80605	NA
S027_DAY1_MINITWICE_5495	22	Port Input	1	1728099	80605	NA
S027_DAY1_MINITWICE_5495	22	Pulse	99	1764100	116606	NA
S027_DAY1_MINITWICE_5495	22	Port Input	1	1764100	116606	NA
S027_DAY1_MINITWICE_5495	23	Picture	endrest	1791694	0	1	10100	2	0	10000
S027_DAY1_MINITWICE_5495	23	Pulse	99	1800101	8407	NA
S027_DAY1_MINITWICE_5495	23	Port Input	1	1800101	8407	NA
S027_DAY1_MINITWICE_5495	24	Picture	RW	1802194	0	1	43100	2	0	43200
S027_DAY1_MINITWICE_5495	24	Response	52	1827506	25312	1
S027_DAY1_MINITWICE_5495	24	Pulse	99	1836102	33908	NA
S027_DAY1_MINITWICE_5495	24	Port Input	1	1836102	33908	NA
S027_DAY1_MINITWICE_5495	24	Picture	23_T_RWTRIAD_RW_iglu_red.png	1845294	43100	1	1900	2	43200	1800
S027_DAY1_MINITWICE_5495	25	Picture	RW	1847494	0	1	43199	3	0	43200
S027_DAY1_MINITWICE_5495	25	Response	52	1869951	22457	1
S027_DAY1_MINITWICE_5495	25	Pulse	99	1872103	24609	NA
S027_DAY1_MINITWICE_5495	25	Port Input	1	1872103	24609	NA
S027_DAY1_MINITWICE_5495	25	Picture	24_T_RWTRIAD_RW_queso_red.png	1890693	43199	2	1900	4	43200	1800
S027_DAY1_MINITWICE_5495	26	Picture	RW	1892993	0	2	43100	3	0	43200
S027_DAY1_MINITWICE_5495	26	Pulse	99	1908104	15111	NA
S027_DAY1_MINITWICE_5495	26	Port Input	1	1908104	15111	NA
S027_DAY1_MINITWICE_5495	26	Response	51	1923753	30760	1
S027_DAY1_MINITWICE_5495	26	Picture	25_T_RWTRIAD_RW_cerillas_red.png	1936093	43100	1	1900	2	43200	1800
S027_DAY1_MINITWICE_5495	27	Picture	RW	1938293	0	1	43200	2	0	43200
S027_DAY1_MINITWICE_5495	27	Pulse	99	1944105	5812	NA
S027_DAY1_MINITWICE_5495	27	Port Input	1	1944105	5812	NA
S027_DAY1_MINITWICE_5495	27	Response	52	1965307	27014	1
S027_DAY1_MINITWICE_5495	27	Pulse	99	1980106	41813	NA
S027_DAY1_MINITWICE_5495	27	Port Input	1	1980106	41813	NA
S027_DAY1_MINITWICE_5495	27	Picture	26_T_RWTRIAD_RW_oruga_red.png	1981493	43200	1	1900	2	43200	1800
S027_DAY1_MINITWICE_5495	28	Picture	PW	1983693	0	1	43200	2	0	43200
S027_DAY1_MINITWICE_5495	28	Response	52	2006541	22848	1
S027_DAY1_MINITWICE_5495	28	Pulse	99	2016107	32414	NA
S027_DAY1_MINITWICE_5495	28	Port Input	1	2016107	32414	NA
S027_DAY1_MINITWICE_5495	28	Picture	27_T_PWTRIAD_PW_martillo_red.png	2026893	43200	1	1900	2	43200	1800
S027_DAY1_MINITWICE_5495	29	Picture	PW	2029093	0	1	43100	2	0	43200
S027_DAY1_MINITWICE_5495	29	Pulse	99	2052108	23015	NA
S027_DAY1_MINITWICE_5495	29	Port Input	1	2052108	23015	NA
S027_DAY1_MINITWICE_5495	29	Response	51	2058637	29544	2
S027_DAY1_MINITWICE_5495	29	Picture	28_T_PWTRIAD_PW_pincel_red.png	2072193	43100	1	1900	2	43200	1800
S027_DAY1_MINITWICE_5495	30	Picture	PW	2074493	0	1	43100	2	0	43200
S027_DAY1_MINITWICE_5495	30	Pulse	99	2088109	13616	NA
S027_DAY1_MINITWICE_5495	30	Port Input	1	2088109	13616	NA
S027_DAY1_MINITWICE_5495	30	Response	52	2108740	34247	1
S027_DAY1_MINITWICE_5495	30	Picture	29_T_PWTRIAD_PW_candado_red.png	2117593	43100	1	1900	2	43200	1800
S027_DAY1_MINITWICE_5495	31	Picture	PW	2119793	0	1	43200	2	0	43200
S027_DAY1_MINITWICE_5495	31	Pulse	99	2124111	4318	NA
S027_DAY1_MINITWICE_5495	31	Port Input	1	2124111	4318	NA
S027_DAY1_MINITWICE_5495	31	Response	51	2147402	27609	1
S027_DAY1_MINITWICE_5495	31	Pulse	99	2160112	40319	NA
S027_DAY1_MINITWICE_5495	31	Port Input	1	2160112	40319	NA
S027_DAY1_MINITWICE_5495	31	Picture	30_T_PWTRIAD_PW_violin_red.png	2162993	43200	1	1900	2	43200	1800
S027_DAY1_MINITWICE_5495	32	Picture	rest	2164993	0	1	144099	2	0	144000
S027_DAY1_MINITWICE_5495	32	Pulse	99	2196113	31120	NA
S027_DAY1_MINITWICE_5495	32	Port Input	1	2196113	31120	NA
S027_DAY1_MINITWICE_5495	32	Pulse	99	2232114	67121	NA
S027_DAY1_MINITWICE_5495	32	Port Input	1	2232114	67121	NA
S027_DAY1_MINITWICE_5495	32	Pulse	99	2268115	103122	NA
S027_DAY1_MINITWICE_5495	32	Port Input	1	2268115	103122	NA
S027_DAY1_MINITWICE_5495	32	Pulse	99	2304116	139123	NA
S027_DAY1_MINITWICE_5495	32	Port Input	1	2304116	139123	NA
S027_DAY1_MINITWICE_5495	33	Picture	endrest	2309192	0	1	10100	2	0	10000
S027_DAY1_MINITWICE_5495	34	Picture	RW	2319592	0	1	43200	2	0	43200
S027_DAY1_MINITWICE_5495	34	Pulse	99	2340117	20525	NA
S027_DAY1_MINITWICE_5495	34	Port Input	1	2340117	20525	NA
S027_DAY1_MINITWICE_5495	34	Response	52	2348018	28426	2
S027_DAY1_MINITWICE_5495	34	Picture	33_T_RWTRIAD_RW_sobre_red.png	2362792	43200	1	1900	2	43200	1800
S027_DAY1_MINITWICE_5495	35	Picture	RW	2365092	0	1	43100	2	0	43200
S027_DAY1_MINITWICE_5495	35	Pulse	99	2376118	11026	NA
S027_DAY1_MINITWICE_5495	35	Port Input	1	2376118	11026	NA
S027_DAY1_MINITWICE_5495	35	Response	51	2394211	29119	1
S027_DAY1_MINITWICE_5495	35	Picture	34_T_RWTRIAD_RW_portatil_red.png	2408192	43100	1	1900	2	43200	1800
S027_DAY1_MINITWICE_5495	36	Picture	RW	2410392	0	1	43200	2	0	43200
S027_DAY1_MINITWICE_5495	36	Pulse	99	2412119	1727	NA
S027_DAY1_MINITWICE_5495	36	Port Input	1	2412119	1727	NA
S027_DAY1_MINITWICE_5495	36	Response	51	2426866	16474	1
S027_DAY1_MINITWICE_5495	36	Pulse	99	2448120	37728	NA
S027_DAY1_MINITWICE_5495	36	Port Input	1	2448120	37728	NA
S027_DAY1_MINITWICE_5495	36	Picture	35_T_RWTRIAD_RW_almohada_red.png	2453592	43200	1	1900	2	43200	1800
S027_DAY1_MINITWICE_5495	37	Picture	RW	2455892	0	1	43100	2	0	43200
S027_DAY1_MINITWICE_5495	37	Response	51	2468374	12482	1
S027_DAY1_MINITWICE_5495	37	Pulse	99	2484122	28230	NA
S027_DAY1_MINITWICE_5495	37	Port Input	1	2484122	28230	NA
S027_DAY1_MINITWICE_5495	37	Picture	36_T_RWTRIAD_RW_grifo_red.png	2498992	43100	1	1899	3	43200	1800
S027_DAY1_MINITWICE_5495	38	Picture	FF	2501192	0	1	43199	3	0	43200
S027_DAY1_MINITWICE_5495	38	Pulse	99	2520123	18931	NA
S027_DAY1_MINITWICE_5495	38	Port Input	1	2520123	18931	NA
S027_DAY1_MINITWICE_5495	38	Response	52	2520145	18953	2
S027_DAY1_MINITWICE_5495	38	Picture	37_T_FFTRIAD_FF_gafas_red.png	2544391	43199	2	1900	4	43200	1800
S027_DAY1_MINITWICE_5495	39	Picture	FF	2546591	0	1	43200	2	0	43200
S027_DAY1_MINITWICE_5495	39	Pulse	99	2556124	9533	NA
S027_DAY1_MINITWICE_5495	39	Port Input	1	2556124	9533	NA
S027_DAY1_MINITWICE_5495	39	Response	51	2567380	20789	2
S027_DAY1_MINITWICE_5495	39	Picture	38_T_FFTRIAD_FF_agua_red.png	2589791	43200	1	1878	42	43200	1800
S027_DAY1_MINITWICE_5495	40	Picture	FF	2592091	0	1	43100	2	0	43200
S027_DAY1_MINITWICE_5495	40	Pulse	99	2592125	34	NA
S027_DAY1_MINITWICE_5495	40	Port Input	1	2592125	34	NA
S027_DAY1_MINITWICE_5495	40	Response	52	2610271	18180	1
S027_DAY1_MINITWICE_5495	40	Pulse	99	2628126	36035	NA
S027_DAY1_MINITWICE_5495	40	Port Input	1	2628126	36035	NA
S027_DAY1_MINITWICE_5495	40	Picture	39_T_FFTRIAD_FF_queso_red.png	2635191	43100	1	1900	2	43200	1800
S027_DAY1_MINITWICE_5495	41	Picture	FF	2637391	0	1	43200	2	0	43200
S027_DAY1_MINITWICE_5495	41	Response	52	2661187	23796	1
S027_DAY1_MINITWICE_5495	41	Pulse	99	2664127	26736	NA
S027_DAY1_MINITWICE_5495	41	Port Input	1	2664127	26736	NA
S027_DAY1_MINITWICE_5495	41	Picture	40_T_FFTRIAD_FF_botella_red.png	2680591	43200	1	1900	2	43200	1800
S027_DAY1_MINITWICE_5495	42	Picture	rest	2682591	0	1	144100	2	0	144000
S027_DAY1_MINITWICE_5495	42	Pulse	99	2700128	17537	NA
S027_DAY1_MINITWICE_5495	42	Port Input	1	2700128	17537	NA
S027_DAY1_MINITWICE_5495	42	Pulse	99	2736129	53538	NA
S027_DAY1_MINITWICE_5495	42	Port Input	1	2736129	53538	NA
S027_DAY1_MINITWICE_5495	42	Pulse	99	2772130	89539	NA
S027_DAY1_MINITWICE_5495	42	Port Input	1	2772130	89539	NA
S027_DAY1_MINITWICE_5495	42	Pulse	99	2808131	125540	NA
S027_DAY1_MINITWICE_5495	42	Port Input	1	2808131	125540	NA
S027_DAY1_MINITWICE_5495	43	Picture	endrest	2826790	0	2	10101	3	0	10000
S027_DAY1_MINITWICE_5495	44	Picture	RW	2837290	0	2	43100	4	0	43200
S027_DAY1_MINITWICE_5495	44	Pulse	99	2844133	6843	NA
S027_DAY1_MINITWICE_5495	44	Port Input	1	2844133	6843	NA
S027_DAY1_MINITWICE_5495	44	Response	51	2862686	25396	1
S027_DAY1_MINITWICE_5495	44	Pulse	99	2880134	42844	NA
S027_DAY1_MINITWICE_5495	44	Port Input	1	2880134	42844	NA
S027_DAY1_MINITWICE_5495	44	Picture	43_T_RWTRIAD_RW_grapadora_red.png	2880390	43100	2	1900	3	43200	1800
S027_DAY1_MINITWICE_5495	45	Picture	RW	2882690	0	2	43200	3	0	43200
S027_DAY1_MINITWICE_5495	45	Response	52	2900059	17369	1
S027_DAY1_MINITWICE_5495	45	Pulse	99	2916135	33445	NA
S027_DAY1_MINITWICE_5495	45	Port Input	1	2916135	33445	NA
S027_DAY1_MINITWICE_5495	45	Picture	44_T_RWTRIAD_RW_cuento_red.png	2925890	43200	1	1900	2	43200	1800
S027_DAY1_MINITWICE_5495	46	Picture	RW	2928190	0	1	43100	2	0	43200
S027_DAY1_MINITWICE_5495	46	Response	52	2951342	23152	1
S027_DAY1_MINITWICE_5495	46	Pulse	99	2952136	23946	NA
S027_DAY1_MINITWICE_5495	46	Port Input	1	2952136	23946	NA
S027_DAY1_MINITWICE_5495	46	Picture	45_T_RWTRIAD_RW_plato_red.png	2971290	43100	1	1870	43	43200	1800
S027_DAY1_MINITWICE_5495	47	Picture	RW	2973390	0	1	43200	2	0	43200
S027_DAY1_MINITWICE_5495	47	Pulse	99	2988137	14747	NA
S027_DAY1_MINITWICE_5495	47	Port Input	1	2988137	14747	NA
S027_DAY1_MINITWICE_5495	47	Response	52	2994874	21484	1
S027_DAY1_MINITWICE_5495	47	Picture	46_T_RWTRIAD_RW_gafas_red.png	3016590	43200	1	1900	2	43200	1800
S027_DAY1_MINITWICE_5495	48	Picture	FF	3018790	0	1	43100	2	0	43200
S027_DAY1_MINITWICE_5495	48	Pulse	99	3024138	5348	NA
S027_DAY1_MINITWICE_5495	48	Port Input	1	3024138	5348	NA
S027_DAY1_MINITWICE_5495	48	Response	51	3033363	14573	2
S027_DAY1_MINITWICE_5495	48	Pulse	99	3060139	41349	NA
S027_DAY1_MINITWICE_5495	48	Port Input	1	3060139	41349	NA
S027_DAY1_MINITWICE_5495	48	Picture	47_T_FFTRIAD_FF_lana_red.png	3061890	43100	1	1900	2	43200	1800
S027_DAY1_MINITWICE_5495	49	Picture	FF	3064190	0	1	43100	2	0	43200
S027_DAY1_MINITWICE_5495	49	Response	52	3086904	22714	1
S027_DAY1_MINITWICE_5495	49	Pulse	99	3096140	31950	NA
S027_DAY1_MINITWICE_5495	49	Port Input	1	3096140	31950	NA
S027_DAY1_MINITWICE_5495	49	Picture	48_T_FFTRIAD_FF_silla_red.png	3107290	43100	1	1900	2	43200	1800
S027_DAY1_MINITWICE_5495	50	Picture	FF	3109490	0	1	43199	3	0	43200
S027_DAY1_MINITWICE_5495	50	Response	51	3126581	17091	1
S027_DAY1_MINITWICE_5495	50	Pulse	99	3132141	22651	NA
S027_DAY1_MINITWICE_5495	50	Port Input	1	3132141	22651	NA
S027_DAY1_MINITWICE_5495	50	Picture	49_T_FFTRIAD_FF_sombrilla_red.png	3152689	43199	2	1901	3	43200	1800
S027_DAY1_MINITWICE_5495	51	Picture	FF	3154890	0	1	43199	3	0	43200
S027_DAY1_MINITWICE_5495	51	Pulse	99	3168143	13253	NA
S027_DAY1_MINITWICE_5495	51	Port Input	1	3168143	13253	NA
S027_DAY1_MINITWICE_5495	51	Response	52	3171045	16155	1
S027_DAY1_MINITWICE_5495	51	Picture	50_T_FFTRIAD_FF_esquimal_red.png	3198089	43199	2	1900	4	43200	1800
S027_DAY1_MINITWICE_5495	52	Picture	rest	3200089	0	1	144100	2	0	144000
S027_DAY1_MINITWICE_5495	52	Pulse	99	3204144	4055	NA
S027_DAY1_MINITWICE_5495	52	Port Input	1	3204144	4055	NA
S027_DAY1_MINITWICE_5495	52	Pulse	99	3240145	40056	NA
S027_DAY1_MINITWICE_5495	52	Port Input	1	3240145	40056	NA
S027_DAY1_MINITWICE_5495	52	Pulse	99	3276146	76057	NA
S027_DAY1_MINITWICE_5495	52	Port Input	1	3276146	76057	NA
S027_DAY1_MINITWICE_5495	52	Pulse	99	3312147	112058	NA
S027_DAY1_MINITWICE_5495	52	Port Input	1	3312147	112058	NA
S027_DAY1_MINITWICE_5495	53	Picture	endrest	3344288	0	2	10101	3	0	10000
S027_DAY1_MINITWICE_5495	53	Pulse	99	3348148	3860	NA
S027_DAY1_MINITWICE_5495	53	Port Input	1	3348148	3860	NA
S027_DAY1_MINITWICE_5495	54	Picture	PW	3354589	0	1	43200	2	0	43200
S027_DAY1_MINITWICE_5495	54	Response	52	3377084	22495	1
S027_DAY1_MINITWICE_5495	54	Pulse	99	3384149	29560	NA
S027_DAY1_MINITWICE_5495	54	Port Input	1	3384149	29560	NA
S027_DAY1_MINITWICE_5495	54	Picture	53_T_PWTRIAD_PW_dedal_red.png	3397789	43200	1	1900	2	43200	1800
S027_DAY1_MINITWICE_5495	55	Picture	PW	3400089	0	1	43200	2	0	43200
S027_DAY1_MINITWICE_5495	55	Pulse	99	3420150	20061	NA
S027_DAY1_MINITWICE_5495	55	Port Input	1	3420150	20061	NA
S027_DAY1_MINITWICE_5495	55	Response	52	3420435	20346	1
S027_DAY1_MINITWICE_5495	55	Picture	54_T_PWTRIAD_PW_raton_red.png	3443289	43200	1	1900	2	43200	1800
S027_DAY1_MINITWICE_5495	56	Picture	PW	3445589	0	1	43100	2	0	43200
S027_DAY1_MINITWICE_5495	56	Pulse	99	3456151	10562	NA
S027_DAY1_MINITWICE_5495	56	Port Input	1	3456151	10562	NA
S027_DAY1_MINITWICE_5495	56	Response	51	3469270	23681	1
S027_DAY1_MINITWICE_5495	56	Picture	55_T_PWTRIAD_PW_lana_red.png	3488689	43100	1	1899	3	43200	1800
S027_DAY1_MINITWICE_5495	57	Picture	PW	3490988	0	2	43100	3	0	43200
S027_DAY1_MINITWICE_5495	57	Pulse	99	3492152	1164	NA
S027_DAY1_MINITWICE_5495	57	Port Input	1	3492152	1164	NA
S027_DAY1_MINITWICE_5495	57	Response	52	3513955	22967	1
S027_DAY1_MINITWICE_5495	57	Pulse	99	3528154	37166	NA
S027_DAY1_MINITWICE_5495	57	Port Input	1	3528154	37166	NA
S027_DAY1_MINITWICE_5495	57	Picture	56_T_PWTRIAD_PW_telarana_red.png	3534088	43100	1	1900	2	43200	1800
S027_DAY1_MINITWICE_5495	58	Picture	FF	3536288	0	1	43100	2	0	43200
S027_DAY1_MINITWICE_5495	58	Response	51	3551626	15338	1
S027_DAY1_MINITWICE_5495	58	Pulse	99	3564155	27867	NA
S027_DAY1_MINITWICE_5495	58	Port Input	1	3564155	27867	NA
S027_DAY1_MINITWICE_5495	58	Picture	57_T_FFTRIAD_FF_perro_red.png	3579388	43100	1	1900	2	43200	1800
S027_DAY1_MINITWICE_5495	59	Picture	FF	3581588	0	1	43200	2	0	43200
S027_DAY1_MINITWICE_5495	59	Response	51	3600062	18474	1
S027_DAY1_MINITWICE_5495	59	Pulse	99	3600156	18568	NA
S027_DAY1_MINITWICE_5495	59	Port Input	1	3600156	18568	NA
S027_DAY1_MINITWICE_5495	59	Picture	58_T_FFTRIAD_FF_tenedor_red.png	3624788	43200	1	1900	2	43200	1800
S027_DAY1_MINITWICE_5495	60	Picture	FF	3626988	0	1	43200	2	0	43200
S027_DAY1_MINITWICE_5495	60	Pulse	99	3636157	9169	NA
S027_DAY1_MINITWICE_5495	60	Port Input	1	3636157	9169	NA
S027_DAY1_MINITWICE_5495	60	Response	52	3648619	21631	1
S027_DAY1_MINITWICE_5495	60	Picture	59_T_FFTRIAD_FF_mono_red.png	3670188	43200	1	1900	2	43200	1800
S027_DAY1_MINITWICE_5495	60	Pulse	99	3672158	45170	NA
S027_DAY1_MINITWICE_5495	60	Port Input	1	3672158	45170	NA
S027_DAY1_MINITWICE_5495	61	Picture	FF	3672488	0	1	43100	2	0	43200
S027_DAY1_MINITWICE_5495	61	Response	51	3689534	17046	1
S027_DAY1_MINITWICE_5495	61	Pulse	99	3708159	35671	NA
S027_DAY1_MINITWICE_5495	61	Port Input	1	3708159	35671	NA
S027_DAY1_MINITWICE_5495	61	Picture	60_T_FFTRIAD_FF_lenador_red.png	3715588	43100	1	1900	2	43200	1800
S027_DAY1_MINITWICE_5495	62	Picture	rest	3717588	0	1	144099	2	0	144000
S027_DAY1_MINITWICE_5495	62	Pulse	99	3744160	26572	NA
S027_DAY1_MINITWICE_5495	62	Port Input	1	3744160	26572	NA
S027_DAY1_MINITWICE_5495	62	Pulse	99	3780161	62573	NA
S027_DAY1_MINITWICE_5495	62	Port Input	1	3780161	62573	NA
S027_DAY1_MINITWICE_5495	62	Pulse	99	3816162	98574	NA
S027_DAY1_MINITWICE_5495	62	Port Input	1	3816162	98574	NA
S027_DAY1_MINITWICE_5495	62	Pulse	99	3852163	134575	NA
S027_DAY1_MINITWICE_5495	62	Port Input	1	3852163	134575	NA
S027_DAY1_MINITWICE_5495	63	Picture	endrest	3861787	0	1	10100	2	0	10000
S027_DAY1_MINITWICE_5495	64	Picture	PW	3872287	0	1	43100	2	0	43200
S027_DAY1_MINITWICE_5495	64	Pulse	99	3888165	15878	NA
S027_DAY1_MINITWICE_5495	64	Port Input	1	3888165	15878	NA
S027_DAY1_MINITWICE_5495	64	Response	52	3893508	21221	1
S027_DAY1_MINITWICE_5495	64	Picture	63_T_PWTRIAD_PW_almohada_red.png	3915387	43100	1	1900	2	43200	1800
S027_DAY1_MINITWICE_5495	65	Picture	PW	3917587	0	1	43200	2	0	43200
S027_DAY1_MINITWICE_5495	65	Pulse	99	3924166	6579	NA
S027_DAY1_MINITWICE_5495	65	Port Input	1	3924166	6579	NA
S027_DAY1_MINITWICE_5495	65	Response	51	3938659	21072	2
S027_DAY1_MINITWICE_5495	65	Pulse	99	3960167	42580	NA
S027_DAY1_MINITWICE_5495	65	Port Input	1	3960167	42580	NA
S027_DAY1_MINITWICE_5495	65	Picture	64_T_PWTRIAD_PW_cinturon_red.png	3960787	43200	1	1900	2	43200	1800
S027_DAY1_MINITWICE_5495	66	Picture	PW	3962987	0	1	43200	2	0	43200
S027_DAY1_MINITWICE_5495	66	Response	51	3990666	27679	1
S027_DAY1_MINITWICE_5495	66	Pulse	99	3996168	33181	NA
S027_DAY1_MINITWICE_5495	66	Port Input	1	3996168	33181	NA
S027_DAY1_MINITWICE_5495	66	Picture	65_T_PWTRIAD_PW_ancla_red.png	4006187	43200	1	1900	2	43200	1800
S027_DAY1_MINITWICE_5495	67	Picture	PW	4008387	0	1	43200	2	0	43200
S027_DAY1_MINITWICE_5495	67	Response	52	4028555	20168	1
S027_DAY1_MINITWICE_5495	67	Pulse	99	4032169	23782	NA
S027_DAY1_MINITWICE_5495	67	Port Input	1	4032169	23782	NA
S027_DAY1_MINITWICE_5495	67	Picture	66_T_PWTRIAD_PW_perro_red.png	4051587	43200	1	1900	2	43200	1800
S027_DAY1_MINITWICE_5495	68	Picture	PW	4053887	0	1	43100	2	0	43200
S027_DAY1_MINITWICE_5495	68	Pulse	99	4068170	14283	NA
S027_DAY1_MINITWICE_5495	68	Port Input	1	4068170	14283	NA
S027_DAY1_MINITWICE_5495	68	Response	51	4074805	20918	1
S027_DAY1_MINITWICE_5495	68	Picture	67_T_PWTRIAD_PW_bellota_red.png	4096987	43100	1	1900	2	43200	1800
S027_DAY1_MINITWICE_5495	69	Picture	PW	4099287	0	1	43100	2	0	43200
S027_DAY1_MINITWICE_5495	69	Pulse	99	4104171	4884	NA
S027_DAY1_MINITWICE_5495	69	Port Input	1	4104171	4884	NA
S027_DAY1_MINITWICE_5495	69	Response	52	4127746	28459	2
S027_DAY1_MINITWICE_5495	69	Pulse	99	4140172	40885	NA
S027_DAY1_MINITWICE_5495	69	Port Input	1	4140172	40885	NA
S027_DAY1_MINITWICE_5495	69	Picture	68_T_PWTRIAD_PW_traje_red.png	4142387	43100	1	1899	3	43200	1800
S027_DAY1_MINITWICE_5495	70	Picture	PW	4144686	0	2	43100	3	0	43200
S027_DAY1_MINITWICE_5495	70	Response	52	4167939	23253	1
S027_DAY1_MINITWICE_5495	70	Pulse	99	4176173	31487	NA
S027_DAY1_MINITWICE_5495	70	Port Input	1	4176173	31487	NA
S027_DAY1_MINITWICE_5495	70	Picture	69_T_PWTRIAD_PW_silla_red.png	4187786	43100	1	1900	2	43200	1800
S027_DAY1_MINITWICE_5495	71	Picture	PW	4190086	0	1	43100	2	0	43200
S027_DAY1_MINITWICE_5495	71	Pulse	99	4212174	22088	NA
S027_DAY1_MINITWICE_5495	71	Port Input	1	4212174	22088	NA
S027_DAY1_MINITWICE_5495	71	Response	51	4218595	28509	1
S027_DAY1_MINITWICE_5495	71	Picture	70_T_PWTRIAD_PW_carruaje_red.png	4233186	43100	1	1900	2	43200	1800
S027_DAY1_MINITWICE_5495	72	Picture	rest	4235186	0	1	144100	2	0	144000
S027_DAY1_MINITWICE_5495	72	Pulse	99	4248176	12990	NA
S027_DAY1_MINITWICE_5495	72	Port Input	1	4248176	12990	NA
S027_DAY1_MINITWICE_5495	72	Pulse	99	4284177	48991	NA
S027_DAY1_MINITWICE_5495	72	Port Input	1	4284177	48991	NA
S027_DAY1_MINITWICE_5495	72	Pulse	99	4320178	84992	NA
S027_DAY1_MINITWICE_5495	72	Port Input	1	4320178	84992	NA
S027_DAY1_MINITWICE_5495	72	Pulse	99	4356179	120993	NA
S027_DAY1_MINITWICE_5495	72	Port Input	1	4356179	120993	NA
S027_DAY1_MINITWICE_5495	73	Picture	endrest	4379386	0	1	10100	2	0	10000
S027_DAY1_MINITWICE_5495	74	Picture	PW	4389886	0	1	43100	2	0	43200
S027_DAY1_MINITWICE_5495	74	Pulse	99	4392180	2294	NA
S027_DAY1_MINITWICE_5495	74	Port Input	1	4392180	2294	NA
S027_DAY1_MINITWICE_5495	74	Response	52	4411365	21479	1
S027_DAY1_MINITWICE_5495	74	Pulse	99	4428181	38295	NA
S027_DAY1_MINITWICE_5495	74	Port Input	1	4428181	38295	NA
S027_DAY1_MINITWICE_5495	74	Picture	73_T_PWTRIAD_PW_granjero_red.png	4432986	43100	1	1900	2	43200	1800
S027_DAY1_MINITWICE_5495	75	Picture	PW	4435286	0	1	43099	3	0	43200
S027_DAY1_MINITWICE_5495	75	Response	51	4459386	24100	1
S027_DAY1_MINITWICE_5495	75	Pulse	99	4464182	28896	NA
S027_DAY1_MINITWICE_5495	75	Port Input	1	4464182	28896	NA
S027_DAY1_MINITWICE_5495	75	Picture	74_T_PWTRIAD_PW_bebe_red.png	4478385	43099	2	1900	4	43200	1800
S027_DAY1_MINITWICE_5495	76	Picture	PW	4480685	0	2	43100	3	0	43200
S027_DAY1_MINITWICE_5495	76	Response	52	4499853	19168	1
S027_DAY1_MINITWICE_5495	76	Pulse	99	4500183	19498	NA
S027_DAY1_MINITWICE_5495	76	Port Input	1	4500183	19498	NA
S027_DAY1_MINITWICE_5495	76	Picture	75_T_PWTRIAD_PW_huevos_red.png	4523785	43100	1	1900	2	43200	1800
S027_DAY1_MINITWICE_5495	77	Picture	PW	4526085	0	1	43100	2	0	43200
S027_DAY1_MINITWICE_5495	77	Pulse	99	4536184	10099	NA
S027_DAY1_MINITWICE_5495	77	Port Input	1	4536184	10099	NA
S027_DAY1_MINITWICE_5495	77	Response	51	4555972	29887	1
S027_DAY1_MINITWICE_5495	77	Picture	76_T_PWTRIAD_PW_grifo_red.png	4569185	43100	1	1900	2	43200	1800
S027_DAY1_MINITWICE_5495	78	Picture	RW	4571385	0	1	43200	2	0	43200
S027_DAY1_MINITWICE_5495	78	Pulse	99	4572185	800	NA
S027_DAY1_MINITWICE_5495	78	Port Input	1	4572185	800	NA
S027_DAY1_MINITWICE_5495	78	Response	52	4595744	24359	1
S027_DAY1_MINITWICE_5495	78	Pulse	99	4608187	36802	NA
S027_DAY1_MINITWICE_5495	78	Port Input	1	4608187	36802	NA
S027_DAY1_MINITWICE_5495	78	Picture	77_T_RWTRIAD_RW_leche_red.png	4614585	43200	1	1900	2	43200	1800
S027_DAY1_MINITWICE_5495	79	Picture	RW	4616785	0	1	43200	2	0	43200
S027_DAY1_MINITWICE_5495	79	Response	52	4640611	23826	1
S027_DAY1_MINITWICE_5495	79	Pulse	99	4644188	27403	NA
S027_DAY1_MINITWICE_5495	79	Port Input	1	4644188	27403	NA
S027_DAY1_MINITWICE_5495	79	Picture	78_T_RWTRIAD_RW_silla_red.png	4659985	43200	1	1900	2	43200	1800
S027_DAY1_MINITWICE_5495	80	Picture	RW	4662285	0	1	43100	2	0	43200
S027_DAY1_MINITWICE_5495	80	Response	52	4679118	16833	1
S027_DAY1_MINITWICE_5495	80	Pulse	99	4680189	17904	NA
S027_DAY1_MINITWICE_5495	80	Port Input	1	4680189	17904	NA
S027_DAY1_MINITWICE_5495	80	Picture	79_T_RWTRIAD_RW_mono_red.png	4705385	43100	1	1900	2	43200	1800
S027_DAY1_MINITWICE_5495	81	Picture	RW	4707585	0	1	43200	2	0	43200
S027_DAY1_MINITWICE_5495	81	Pulse	99	4716190	8605	NA
S027_DAY1_MINITWICE_5495	81	Port Input	1	4716190	8605	NA
S027_DAY1_MINITWICE_5495	81	Response	51	4743120	35535	1
S027_DAY1_MINITWICE_5495	81	Picture	80_T_RWTRIAD_RW_chupete_red.png	4750785	43200	1	1900	2	43200	1800
S027_DAY1_MINITWICE_5495	81	Pulse	99	4752191	44606	NA
S027_DAY1_MINITWICE_5495	81	Port Input	1	4752191	44606	NA
S027_DAY1_MINITWICE_5495	82	Picture	rest	4752785	0	1	144099	2	0	144000
S027_DAY1_MINITWICE_5495	82	Pulse	99	4788192	35407	NA
S027_DAY1_MINITWICE_5495	82	Port Input	1	4788192	35407	NA
S027_DAY1_MINITWICE_5495	82	Pulse	99	4824193	71408	NA
S027_DAY1_MINITWICE_5495	82	Port Input	1	4824193	71408	NA
S027_DAY1_MINITWICE_5495	82	Pulse	99	4860194	107409	NA
S027_DAY1_MINITWICE_5495	82	Port Input	1	4860194	107409	NA
S027_DAY1_MINITWICE_5495	82	Pulse	99	4896195	143410	NA
S027_DAY1_MINITWICE_5495	82	Port Input	1	4896195	143410	NA
S027_DAY1_MINITWICE_5495	83	Picture	endrest	4896984	0	1	10100	2	0	10000
S027_DAY1_MINITWICE_5495	84	Picture	FF	4907384	0	1	43200	2	0	43200
S027_DAY1_MINITWICE_5495	84	Response	52	4923797	16413	1
S027_DAY1_MINITWICE_5495	84	Pulse	99	4932196	24812	NA
S027_DAY1_MINITWICE_5495	84	Port Input	1	4932196	24812	NA
S027_DAY1_MINITWICE_5495	84	Picture	83_T_FFTRIAD_FF_ascensor_red.png	4950584	43200	1	1900	2	43200	1800
S027_DAY1_MINITWICE_5495	85	Picture	FF	4952784	0	1	43200	2	0	43200
S027_DAY1_MINITWICE_5495	85	Pulse	99	4968198	15414	NA
S027_DAY1_MINITWICE_5495	85	Port Input	1	4968198	15414	NA
S027_DAY1_MINITWICE_5495	85	Response	51	4970396	17612	1
S027_DAY1_MINITWICE_5495	85	Picture	84_T_FFTRIAD_FF_banera_red.png	4995984	43200	1	1900	2	43200	1800
S027_DAY1_MINITWICE_5495	86	Picture	FF	4998284	0	1	43100	2	0	43200
S027_DAY1_MINITWICE_5495	86	Pulse	99	5004199	5915	NA
S027_DAY1_MINITWICE_5495	86	Port Input	1	5004199	5915	NA
S027_DAY1_MINITWICE_5495	86	Response	52	5016479	18195	1
S027_DAY1_MINITWICE_5495	86	Pulse	99	5040200	41916	NA
S027_DAY1_MINITWICE_5495	86	Port Input	1	5040200	41916	NA
S027_DAY1_MINITWICE_5495	86	Picture	85_T_FFTRIAD_FF_almohada_red.png	5041384	43100	1	1900	2	43200	1800
S027_DAY1_MINITWICE_5495	87	Picture	FF	5043684	0	1	43100	2	0	43200
S027_DAY1_MINITWICE_5495	87	Response	51	5057249	13565	1
S027_DAY1_MINITWICE_5495	87	Pulse	99	5076201	32517	NA
S027_DAY1_MINITWICE_5495	87	Port Input	1	5076201	32517	NA
S027_DAY1_MINITWICE_5495	87	Picture	86_T_FFTRIAD_FF_portatil_red.png	5086784	43100	1	1900	2	43200	1800
S027_DAY1_MINITWICE_5495	88	Picture	RW	5088884	0	1	43199	3	0	43200
S027_DAY1_MINITWICE_5495	88	Response	52	5107433	18549	2
S027_DAY1_MINITWICE_5495	88	Pulse	99	5112202	23318	NA
S027_DAY1_MINITWICE_5495	88	Port Input	1	5112202	23318	NA
S027_DAY1_MINITWICE_5495	88	Picture	87_T_RWTRIAD_RW_cinturon_red.png	5132083	43199	2	1900	4	43200	1800
S027_DAY1_MINITWICE_5495	89	Picture	RW	5134283	0	2	43200	3	0	43200
S027_DAY1_MINITWICE_5495	89	Pulse	99	5148203	13920	NA
S027_DAY1_MINITWICE_5495	89	Port Input	1	5148203	13920	NA
S027_DAY1_MINITWICE_5495	89	Response	51	5162515	28232	2
S027_DAY1_MINITWICE_5495	89	Picture	88_T_RWTRIAD_RW_zanahoria_red.png	5177483	43200	1	1900	2	43200	1800
S027_DAY1_MINITWICE_5495	90	Picture	RW	5179683	0	1	43200	2	0	43200
S027_DAY1_MINITWICE_5495	90	Pulse	99	5184204	4521	NA
S027_DAY1_MINITWICE_5495	90	Port Input	1	5184204	4521	NA
S027_DAY1_MINITWICE_5495	90	Response	51	5207709	28026	1
S027_DAY1_MINITWICE_5495	90	Pulse	99	5220205	40522	NA
S027_DAY1_MINITWICE_5495	90	Port Input	1	5220205	40522	NA
S027_DAY1_MINITWICE_5495	90	Picture	89_T_RWTRIAD_RW_murcielago_red.png	5222883	43200	1	1900	2	43200	1800
S027_DAY1_MINITWICE_5495	91	Picture	RW	5225183	0	1	43100	2	0	43200
S027_DAY1_MINITWICE_5495	91	Response	52	5244349	19166	1
S027_DAY1_MINITWICE_5495	91	Pulse	99	5256206	31023	NA
S027_DAY1_MINITWICE_5495	91	Port Input	1	5256206	31023	NA
S027_DAY1_MINITWICE_5495	91	Picture	90_T_RWTRIAD_RW_monja_red.png	5268283	43100	1	1900	2	43200	1800
S027_DAY1_MINITWICE_5495	92	Picture	rest	5270283	0	1	144100	2	0	144000
S027_DAY1_MINITWICE_5495	92	Pulse	99	5292207	21924	NA
S027_DAY1_MINITWICE_5495	92	Port Input	1	5292207	21924	NA
S027_DAY1_MINITWICE_5495	92	Pulse	99	5328209	57926	NA
S027_DAY1_MINITWICE_5495	92	Port Input	1	5328209	57926	NA
S027_DAY1_MINITWICE_5495	92	Pulse	99	5364210	93927	NA
S027_DAY1_MINITWICE_5495	92	Port Input	1	5364210	93927	NA
S027_DAY1_MINITWICE_5495	92	Pulse	99	5400211	129928	NA
S027_DAY1_MINITWICE_5495	92	Port Input	1	5400211	129928	NA
S027_DAY1_MINITWICE_5495	93	Picture	endrest	5414483	0	1	10099	3	0	10000
S027_DAY1_MINITWICE_5495	94	Picture	RW	5424882	0	2	43200	3	0	43200
S027_DAY1_MINITWICE_5495	94	Pulse	99	5436212	11330	NA
S027_DAY1_MINITWICE_5495	94	Port Input	1	5436212	11330	NA
S027_DAY1_MINITWICE_5495	94	Response	51	5457922	33040	6
S027_DAY1_MINITWICE_5495	94	Picture	93_T_RWTRIAD_RW_perro_red.png	5468082	43200	1	1900	3	43200	1800
S027_DAY1_MINITWICE_5495	95	Picture	RW	5470382	0	1	43100	2	0	43200
S027_DAY1_MINITWICE_5495	95	Pulse	99	5472213	1831	NA
S027_DAY1_MINITWICE_5495	95	Port Input	1	5472213	1831	NA
S027_DAY1_MINITWICE_5495	95	Response	51	5485804	15422	1
S027_DAY1_MINITWICE_5495	95	Pulse	99	5508214	37832	NA
S027_DAY1_MINITWICE_5495	95	Port Input	1	5508214	37832	NA
S027_DAY1_MINITWICE_5495	95	Picture	94_T_RWTRIAD_RW_policia_red.png	5513482	43100	1	1900	2	43200	1800
S027_DAY1_MINITWICE_5495	96	Picture	RW	5515782	0	1	43100	2	0	43200
S027_DAY1_MINITWICE_5495	96	Response	51	5533629	17847	1
S027_DAY1_MINITWICE_5495	96	Pulse	99	5544215	28433	NA
S027_DAY1_MINITWICE_5495	96	Port Input	1	5544215	28433	NA
S027_DAY1_MINITWICE_5495	96	Picture	95_T_RWTRIAD_RW_cortina_red.png	5558882	43100	1	1900	2	43200	1800
S027_DAY1_MINITWICE_5495	97	Picture	RW	5561082	0	1	43200	2	0	43200
S027_DAY1_MINITWICE_5495	97	Response	51	5576559	15477	1
S027_DAY1_MINITWICE_5495	97	Pulse	99	5580216	19134	NA
S027_DAY1_MINITWICE_5495	97	Port Input	1	5580216	19134	NA
S027_DAY1_MINITWICE_5495	97	Picture	96_T_RWTRIAD_RW_tenedor_red.png	5604282	43200	1	1900	2	43200	1800
S027_DAY1_MINITWICE_5495	98	Picture	RW	5606582	0	1	43100	2	0	43200
S027_DAY1_MINITWICE_5495	98	Pulse	99	5616217	9635	NA
S027_DAY1_MINITWICE_5495	98	Port Input	1	5616217	9635	NA
S027_DAY1_MINITWICE_5495	98	Response	51	5618379	11797	1
S027_DAY1_MINITWICE_5495	98	Picture	97_T_RWTRIAD_RW_violin_red.png	5649682	43100	1	1900	2	43200	1800
S027_DAY1_MINITWICE_5495	99	Picture	RW	5651982	0	2	43100	3	0	43200
S027_DAY1_MINITWICE_5495	99	Pulse	99	5652218	236	NA
S027_DAY1_MINITWICE_5495	99	Port Input	1	5652218	236	NA
S027_DAY1_MINITWICE_5495	99	Response	51	5687934	35952	1
S027_DAY1_MINITWICE_5495	99	Pulse	99	5688220	36238	NA
S027_DAY1_MINITWICE_5495	99	Port Input	1	5688220	36238	NA
S027_DAY1_MINITWICE_5495	99	Picture	98_T_RWTRIAD_RW_novia_red.png	5695082	43100	1	1879	42	43200	1800
S027_DAY1_MINITWICE_5495	100	Picture	RW	5697382	0	1	43200	2	0	43200
S027_DAY1_MINITWICE_5495	100	Pulse	99	5724221	26839	NA
S027_DAY1_MINITWICE_5495	100	Port Input	1	5724221	26839	NA
S027_DAY1_MINITWICE_5495	100	Response	51	5725343	27961	1
S027_DAY1_MINITWICE_5495	100	Picture	99_T_RWTRIAD_RW_madera_red.png	5740582	43200	1	1899	3	43200	1800
S027_DAY1_MINITWICE_5495	101	Picture	RW	5742882	0	1	43099	3	0	43200
S027_DAY1_MINITWICE_5495	101	Pulse	99	5760222	17340	NA
S027_DAY1_MINITWICE_5495	101	Port Input	1	5760222	17340	NA
S027_DAY1_MINITWICE_5495	101	Response	52	5760983	18101	1
S027_DAY1_MINITWICE_5495	101	Picture	100_T_RWTRIAD_RW_huevos_red.png	5785981	43099	2	1900	3	43200	1800
S027_DAY1_MINITWICE_5495	102	Picture	rest	5787981	0	1	144100	2	0	144000
S027_DAY1_MINITWICE_5495	102	Pulse	99	5796223	8242	NA
S027_DAY1_MINITWICE_5495	102	Port Input	1	5796223	8242	NA
S027_DAY1_MINITWICE_5495	102	Pulse	99	5832224	44243	NA
S027_DAY1_MINITWICE_5495	102	Port Input	1	5832224	44243	NA
S027_DAY1_MINITWICE_5495	102	Pulse	99	5868225	80244	NA
S027_DAY1_MINITWICE_5495	102	Port Input	1	5868225	80244	NA
S027_DAY1_MINITWICE_5495	102	Pulse	99	5904226	116245	NA
S027_DAY1_MINITWICE_5495	102	Port Input	1	5904226	116245	NA
S027_DAY1_MINITWICE_5495	103	Picture	endrest	5932181	0	1	10100	2	0	10000
S027_DAY1_MINITWICE_5495	103	Pulse	99	5940227	8046	NA
S027_DAY1_MINITWICE_5495	103	Port Input	1	5940227	8046	NA
S027_DAY1_MINITWICE_5495	104	Picture	PW	5942581	0	1	43100	2	0	43200
S027_DAY1_MINITWICE_5495	104	Response	51	5969696	27115	2
S027_DAY1_MINITWICE_5495	104	Pulse	99	5976228	33647	NA
S027_DAY1_MINITWICE_5495	104	Port Input	1	5976228	33647	NA
S027_DAY1_MINITWICE_5495	104	Picture	103_T_PWTRIAD_PW_paracaidas_red.png	5985681	43100	1	1900	2	43200	1800
S027_DAY1_MINITWICE_5495	105	Picture	PW	5987881	0	1	43200	2	0	43200
S027_DAY1_MINITWICE_5495	105	Response	52	6008141	20260	1
S027_DAY1_MINITWICE_5495	105	Pulse	99	6012230	24349	NA
S027_DAY1_MINITWICE_5495	105	Port Input	1	6012230	24349	NA
S027_DAY1_MINITWICE_5495	105	Picture	104_T_PWTRIAD_PW_paraguas_red.png	6031081	43200	1	1900	2	43200	1800
S027_DAY1_MINITWICE_5495	106	Picture	PW	6033381	0	1	43099	3	0	43200
S027_DAY1_MINITWICE_5495	106	Pulse	99	6048231	14850	NA
S027_DAY1_MINITWICE_5495	106	Port Input	1	6048231	14850	NA
S027_DAY1_MINITWICE_5495	106	Response	51	6062330	28949	1
S027_DAY1_MINITWICE_5495	106	Picture	105_T_PWTRIAD_PW_iglu_red.png	6076480	43099	2	1900	4	43200	1800
S027_DAY1_MINITWICE_5495	107	Picture	PW	6078680	0	2	43200	3	0	43200
S027_DAY1_MINITWICE_5495	107	Pulse	99	6084232	5552	NA
S027_DAY1_MINITWICE_5495	107	Port Input	1	6084232	5552	NA
S027_DAY1_MINITWICE_5495	107	Response	51	6108522	29842	1
S027_DAY1_MINITWICE_5495	107	Pulse	99	6120233	41553	NA
S027_DAY1_MINITWICE_5495	107	Port Input	1	6120233	41553	NA
S027_DAY1_MINITWICE_5495	107	Picture	106_T_PWTRIAD_PW_portatil_red.png	6121880	43200	1	1900	2	43200	1800
S027_DAY1_MINITWICE_5495	108	Picture	FF	6124080	0	1	43200	2	0	43200
S027_DAY1_MINITWICE_5495	108	Response	51	6145721	21641	1
S027_DAY1_MINITWICE_5495	108	Pulse	99	6156234	32154	NA
S027_DAY1_MINITWICE_5495	108	Port Input	1	6156234	32154	NA
S027_DAY1_MINITWICE_5495	108	Picture	107_T_FFTRIAD_FF_leche_red.png	6167280	43200	1	1900	2	43200	1800
S027_DAY1_MINITWICE_5495	109	Picture	FF	6169580	0	1	43100	3	0	43200
S027_DAY1_MINITWICE_5495	109	Response	51	6185768	16188	1
S027_DAY1_MINITWICE_5495	109	Pulse	99	6192235	22655	NA
S027_DAY1_MINITWICE_5495	109	Port Input	1	6192235	22655	NA
S027_DAY1_MINITWICE_5495	109	Picture	108_T_FFTRIAD_FF_novia_red.png	6212680	43100	2	1900	3	43200	1800
S027_DAY1_MINITWICE_5495	110	Picture	FF	6214940	0	42	43140	43	0	43200
S027_DAY1_MINITWICE_5495	110	Pulse	99	6228236	13296	NA
S027_DAY1_MINITWICE_5495	110	Port Input	1	6228236	13296	NA
S027_DAY1_MINITWICE_5495	110	Response	51	6234760	19820	1
S027_DAY1_MINITWICE_5495	110	Picture	109_T_FFTRIAD_FF_zanahoria_red.png	6258080	43140	1	1900	2	43200	1800
S027_DAY1_MINITWICE_5495	111	Picture	FF	6260280	0	1	43100	2	0	43200
S027_DAY1_MINITWICE_5495	111	Pulse	99	6264237	3957	NA
S027_DAY1_MINITWICE_5495	111	Port Input	1	6264237	3957	NA
S027_DAY1_MINITWICE_5495	111	Response	52	6280674	20394	2
S027_DAY1_MINITWICE_5495	111	Pulse	99	6300238	39958	NA
S027_DAY1_MINITWICE_5495	111	Port Input	1	6300238	39958	NA
S027_DAY1_MINITWICE_5495	111	Picture	110_T_FFTRIAD_FF_bellota_red.png	6303380	43100	1	1900	2	43200	1800
S027_DAY1_MINITWICE_5495	112	Picture	rest	6305380	0	1	144099	2	0	144000
S027_DAY1_MINITWICE_5495	113	Picture	endrest	6449579	0	1	10100	2	0	10000
S027_DAY1_MINITWICE_5495	114	Picture	PW	6459979	0	1	43200	2	0	43200
S027_DAY1_MINITWICE_5495	114	Response	52	6479618	19639	1
S027_DAY1_MINITWICE_5495	114	Picture	113_T_PWTRIAD_PW_cuento_red.png	6503179	43200	1	1900	2	43200	1800
S027_DAY1_MINITWICE_5495	115	Picture	PW	6505479	0	1	43100	2	0	43200
S027_DAY1_MINITWICE_5495	115	Response	52	6533005	27526	3
S027_DAY1_MINITWICE_5495	115	Picture	114_T_PWTRIAD_PW_chupete_red.png	6548579	43100	1	1900	2	43200	1800
S027_DAY1_MINITWICE_5495	116	Picture	PW	6550779	0	1	43200	2	0	43200
S027_DAY1_MINITWICE_5495	116	Response	51	6573269	22490	1
S027_DAY1_MINITWICE_5495	116	Picture	115_T_PWTRIAD_PW_manos_red.png	6593979	43200	1	1900	2	43200	1800
S027_DAY1_MINITWICE_5495	117	Picture	PW	6596179	0	1	43200	2	0	43200
S027_DAY1_MINITWICE_5495	117	Response	52	6612013	15834	1
S027_DAY1_MINITWICE_5495	117	Picture	116_T_PWTRIAD_PW_oruga_red.png	6639379	43200	1	1900	2	43200	1800
S027_DAY1_MINITWICE_5495	118	Picture	PW	6641679	0	1	43100	2	0	43200
S027_DAY1_MINITWICE_5495	118	Response	52	6670366	28687	1
S027_DAY1_MINITWICE_5495	118	Picture	117_T_PWTRIAD_PW_futbol_red.png	6684779	43100	1	1900	2	43200	1800
S027_DAY1_MINITWICE_5495	119	Picture	PW	6686979	0	1	43199	3	0	43200
S027_DAY1_MINITWICE_5495	119	Response	52	6706390	19411	1
S027_DAY1_MINITWICE_5495	119	Picture	118_T_PWTRIAD_PW_banera_red.png	6730178	43199	2	1900	4	43200	1800
S027_DAY1_MINITWICE_5495	120	Picture	PW	6732378	0	2	43200	3	0	43200
S027_DAY1_MINITWICE_5495	120	Response	51	6748941	16563	1
S027_DAY1_MINITWICE_5495	120	Picture	119_T_PWTRIAD_PW_sapo_red.png	6775578	43200	1	1900	2	43200	1800
S027_DAY1_MINITWICE_5495	121	Picture	PW	6777778	0	1	43200	2	0	43200
S027_DAY1_MINITWICE_5495	121	Response	51	6800657	22879	2
S027_DAY1_MINITWICE_5495	121	Picture	120_T_PWTRIAD_PW_pizarra_red.png	6820978	43200	1	1900	2	43200	1800
S027_DAY1_MINITWICE_5495	122	Picture	rest	6822978	0	1	144100	2	0	144000
S027_DAY1_MINITWICE_5495	123	Picture	endrest	6967178	0	1	10100	2	0	10000
S027_DAY1_MINITWICE_5495	124	Picture	RW	6977578	0	1	43200	2	0	43200
S027_DAY1_MINITWICE_5495	124	Response	51	6993360	15782	1
S027_DAY1_MINITWICE_5495	124	Picture	123_T_RWTRIAD_RW_pizarra_red.png	7020778	43200	1	1900	2	43200	1800
S027_DAY1_MINITWICE_5495	125	Picture	RW	7022978	0	1	43199	2	0	43200
S027_DAY1_MINITWICE_5495	125	Response	52	7059129	36151	1
S027_DAY1_MINITWICE_5495	125	Picture	124_T_RWTRIAD_RW_estetoscopio_red.png	7066177	43199	1	1900	2	43200	1800
S027_DAY1_MINITWICE_5495	126	Picture	RW	7068477	0	1	43100	2	0	43200
S027_DAY1_MINITWICE_5495	126	Response	51	7082777	14300	1
S027_DAY1_MINITWICE_5495	126	Picture	125_T_RWTRIAD_RW_traje_red.png	7111577	43100	1	1900	2	43200	1800
S027_DAY1_MINITWICE_5495	127	Picture	RW	7113877	0	1	43072	43	0	43200
S027_DAY1_MINITWICE_5495	127	Response	52	7135195	21318	2
S027_DAY1_MINITWICE_5495	127	Picture	126_T_RWTRIAD_RW_ancla_red.png	7156949	43072	42	1828	43	43200	1800
S027_DAY1_MINITWICE_5495	128	Picture	PW	7159077	0	1	43200	2	0	43200
S027_DAY1_MINITWICE_5495	128	Response	51	7182430	23353	1
S027_DAY1_MINITWICE_5495	128	Picture	127_T_PWTRIAD_PW_plato_red.png	7202277	43200	1	1900	2	43200	1800
S027_DAY1_MINITWICE_5495	129	Picture	PW	7204577	0	1	43100	2	0	43200
S027_DAY1_MINITWICE_5495	129	Response	51	7225062	20485	1
S027_DAY1_MINITWICE_5495	129	Picture	128_T_PWTRIAD_PW_television_red.png	7247677	43100	1	1900	2	43200	1800
S027_DAY1_MINITWICE_5495	130	Picture	PW	7249877	0	1	43200	2	0	43200
S027_DAY1_MINITWICE_5495	130	Response	51	7280520	30643	2
S027_DAY1_MINITWICE_5495	130	Picture	129_T_PWTRIAD_PW_destornillador_red.png	7293077	43200	1	1900	2	43200	1800
S027_DAY1_MINITWICE_5495	131	Picture	PW	7295277	0	1	43200	2	0	43200
S027_DAY1_MINITWICE_5495	131	Response	52	7317219	21942	1
S027_DAY1_MINITWICE_5495	131	Picture	130_T_PWTRIAD_PW_murcielago_red.png	7338477	43200	1	1900	2	43200	1800
S027_DAY1_MINITWICE_5495	132	Picture	rest	7340477	0	1	144099	2	0	144000
S027_DAY1_MINITWICE_5495	133	Picture	endrest	7484676	0	1	10100	2	0	10000
S027_DAY1_MINITWICE_5495	134	Picture	FF	7495176	0	1	43100	2	0	43200
S027_DAY1_MINITWICE_5495	134	Response	52	7508513	13337	1
S027_DAY1_MINITWICE_5495	134	Picture	133_T_FFTRIAD_FF_pilas_red.png	7538276	43100	1	1900	2	43200	1800
S027_DAY1_MINITWICE_5495	135	Picture	FF	7540576	0	1	43100	2	0	43200
S027_DAY1_MINITWICE_5495	135	Response	52	7560949	20373	1
S027_DAY1_MINITWICE_5495	135	Picture	134_T_FFTRIAD_FF_cinturon_red.png	7583676	43100	1	1900	2	43200	1800
S027_DAY1_MINITWICE_5495	136	Picture	FF	7585876	0	1	43200	2	0	43200
S027_DAY1_MINITWICE_5495	136	Response	52	7614575	28699	1
S027_DAY1_MINITWICE_5495	136	Picture	135_T_FFTRIAD_FF_paracaidas_red.png	7629076	43200	1	1900	2	43200	1800
S027_DAY1_MINITWICE_5495	137	Picture	FF	7631376	0	1	43099	3	0	43200
S027_DAY1_MINITWICE_5495	137	Response	51	7641599	10223	1
S027_DAY1_MINITWICE_5495	137	Picture	136_T_FFTRIAD_FF_tijera_red.png	7674475	43099	2	1900	4	43200	1800
S027_DAY1_MINITWICE_5495	138	Picture	rest	7676475	0	2	144100	3	0	144000
S027_DAY1_MINITWICE_5495	139	Picture	endrest	7820675	0	1	10100	2	0	10000
S027_DAY1_MINITWICE_5495	140	Picture	endrest	7830875	0	1	10100	2	0	10000
S027_DAY1_MINITWICE_5495	141	Picture	endrest	7841075	0	1	10100	2	0	10000
S027_DAY1_MINITWICE_5495	142	Picture	endrest	7851275	0	1	10100	2	0	10000
