Scenario - vOT_Triads_fMRI_I
Logfile written - 02/18/2016 13:22:07

Subject	Trial	Event Type	Code	Time	TTime	Uncertainty	Duration	Uncertainty	ReqTime	ReqDur

S027_DAY1_MINITWICE_5495	1	Response	98	464267	474167	1
S027_DAY1_MINITWICE_5495	2	Response	52	584773	120375	1
S027_DAY1_MINITWICE_5495	2	Response	98	589229	124831	2
S027_DAY1_MINITWICE_5495	3	Response	51	653306	63909	1
S027_DAY1_MINITWICE_5495	3	Response	98	661965	72568	2
S027_DAY1_MINITWICE_5495	4	Response	52	726225	64128	1
S027_DAY1_MINITWICE_5495	4	Response	98	736615	74518	1
S027_DAY1_MINITWICE_5495	6	Pulse	99	1114039	377342	NA
S027_DAY1_MINITWICE_5495	6	Port Input	1	1114039	377342	NA
S027_DAY1_MINITWICE_5495	6	Pulse	99	1150040	413343	NA
S027_DAY1_MINITWICE_5495	6	Port Input	1	1150040	413343	NA
S027_DAY1_MINITWICE_5495	6	Pulse	99	1186041	449344	NA
S027_DAY1_MINITWICE_5495	6	Port Input	1	1186041	449344	NA
S027_DAY1_MINITWICE_5495	6	Pulse	99	1222043	485346	NA
S027_DAY1_MINITWICE_5495	6	Port Input	1	1222043	485346	NA
S027_DAY1_MINITWICE_5495	6	Pulse	99	1258044	521347	NA
S027_DAY1_MINITWICE_5495	6	Port Input	1	1258044	521347	NA
S027_DAY1_MINITWICE_5495	7	Picture	rest	1258295	0	2	144100	3	0	144000
S027_DAY1_MINITWICE_5495	7	Pulse	99	1294045	35750	NA
S027_DAY1_MINITWICE_5495	7	Port Input	1	1294045	35750	NA
S027_DAY1_MINITWICE_5495	7	Pulse	99	1330046	71751	NA
S027_DAY1_MINITWICE_5495	7	Port Input	1	1330046	71751	NA
S027_DAY1_MINITWICE_5495	7	Pulse	99	1366047	107752	NA
S027_DAY1_MINITWICE_5495	7	Port Input	1	1366047	107752	NA
S027_DAY1_MINITWICE_5495	7	Pulse	99	1402048	143753	NA
S027_DAY1_MINITWICE_5495	7	Port Input	1	1402048	143753	NA
S027_DAY1_MINITWICE_5495	8	Picture	endrest	1402495	0	1	10100	2	0	10000
S027_DAY1_MINITWICE_5495	9	Picture	FF	1412895	0	1	43100	2	0	43200
S027_DAY1_MINITWICE_5495	9	Pulse	99	1438049	25154	NA
S027_DAY1_MINITWICE_5495	9	Port Input	1	1438049	25154	NA
S027_DAY1_MINITWICE_5495	9	Response	51	1448093	35198	1
S027_DAY1_MINITWICE_5495	9	Picture	3_T_FFTRIAD_FF_bebe_red.png	1455995	43100	1	1900	2	43200	1800
S027_DAY1_MINITWICE_5495	10	Picture	FF	1458295	0	1	43100	2	0	43200
S027_DAY1_MINITWICE_5495	10	Pulse	99	1474050	15755	NA
S027_DAY1_MINITWICE_5495	10	Port Input	1	1474050	15755	NA
S027_DAY1_MINITWICE_5495	10	Response	52	1496779	38484	1
S027_DAY1_MINITWICE_5495	10	Picture	4_T_FFTRIAD_FF_policia_red.png	1501395	43100	1	1900	2	43200	1800
S027_DAY1_MINITWICE_5495	11	Picture	FF	1503595	0	1	43200	2	0	43200
S027_DAY1_MINITWICE_5495	11	Pulse	99	1510052	6457	NA
S027_DAY1_MINITWICE_5495	11	Port Input	1	1510052	6457	NA
S027_DAY1_MINITWICE_5495	11	Pulse	99	1546053	42458	NA
S027_DAY1_MINITWICE_5495	11	Port Input	1	1546053	42458	NA
S027_DAY1_MINITWICE_5495	11	Picture	5_T_FFTRIAD_FF_ancla_red.png	1546795	43200	1	1899	3	43200	1800
S027_DAY1_MINITWICE_5495	12	Picture	FF	1548994	0	2	43200	4	0	43200
S027_DAY1_MINITWICE_5495	12	Response	51	1550214	1220	1
S027_DAY1_MINITWICE_5495	12	Response	51	1566409	17415	1
S027_DAY1_MINITWICE_5495	12	Pulse	99	1582054	33060	NA
S027_DAY1_MINITWICE_5495	12	Port Input	1	1582054	33060	NA
S027_DAY1_MINITWICE_5495	12	Picture	6_T_FFTRIAD_FF_estetoscopio_red.png	1592194	43200	2	1900	3	43200	1800
S027_DAY1_MINITWICE_5495	13	Picture	RW	1594394	0	1	43200	2	0	43200
S027_DAY1_MINITWICE_5495	13	Response	52	1617381	22987	5
S027_DAY1_MINITWICE_5495	13	Pulse	99	1618055	23661	NA
S027_DAY1_MINITWICE_5495	13	Port Input	1	1618055	23661	NA
S027_DAY1_MINITWICE_5495	13	Picture	7_T_RWTRIAD_RW_tijera_red.png	1637594	43200	1	1900	2	43200	1800
S027_DAY1_MINITWICE_5495	14	Picture	RW	1639794	0	1	43200	2	0	43200
S027_DAY1_MINITWICE_5495	14	Pulse	99	1654056	14262	NA
S027_DAY1_MINITWICE_5495	14	Port Input	1	1654056	14262	NA
S027_DAY1_MINITWICE_5495	14	Response	51	1656095	16301	1
S027_DAY1_MINITWICE_5495	14	Picture	8_T_RWTRIAD_RW_teclado_red.png	1682994	43200	1	1900	2	43200	1800
S027_DAY1_MINITWICE_5495	15	Picture	RW	1685294	0	1	43100	2	0	43200
S027_DAY1_MINITWICE_5495	15	Pulse	99	1690057	4763	NA
S027_DAY1_MINITWICE_5495	15	Port Input	1	1690057	4763	NA
S027_DAY1_MINITWICE_5495	15	Response	52	1707082	21788	1
S027_DAY1_MINITWICE_5495	15	Pulse	99	1726058	40764	NA
S027_DAY1_MINITWICE_5495	15	Port Input	1	1726058	40764	NA
S027_DAY1_MINITWICE_5495	15	Picture	9_T_RWTRIAD_RW_sapo_red.png	1728394	43100	1	1900	2	43200	1800
S027_DAY1_MINITWICE_5495	16	Picture	RW	1730694	0	1	43100	2	0	43200
S027_DAY1_MINITWICE_5495	16	Response	52	1754989	24295	2
S027_DAY1_MINITWICE_5495	16	Pulse	99	1762059	31365	NA
S027_DAY1_MINITWICE_5495	16	Port Input	1	1762059	31365	NA
S027_DAY1_MINITWICE_5495	16	Picture	10_T_RWTRIAD_RW_esquimal_red.png	1773794	43100	1	1900	2	43200	1800
S027_DAY1_MINITWICE_5495	17	Picture	rest	1775794	0	1	144099	3	0	144000
S027_DAY1_MINITWICE_5495	17	Pulse	99	1798061	22267	NA
S027_DAY1_MINITWICE_5495	17	Port Input	1	1798061	22267	NA
S027_DAY1_MINITWICE_5495	17	Pulse	99	1834061	58267	NA
S027_DAY1_MINITWICE_5495	17	Port Input	1	1834061	58267	NA
S027_DAY1_MINITWICE_5495	17	Pulse	99	1870063	94269	NA
S027_DAY1_MINITWICE_5495	17	Port Input	1	1870063	94269	NA
S027_DAY1_MINITWICE_5495	17	Pulse	99	1906064	130270	NA
S027_DAY1_MINITWICE_5495	17	Port Input	1	1906064	130270	NA
S027_DAY1_MINITWICE_5495	18	Picture	endrest	1919993	0	1	10100	2	0	10000
S027_DAY1_MINITWICE_5495	19	Picture	PW	1930393	0	2	43200	3	0	43200
S027_DAY1_MINITWICE_5495	19	Pulse	99	1942065	11672	NA
S027_DAY1_MINITWICE_5495	19	Port Input	1	1942065	11672	NA
S027_DAY1_MINITWICE_5495	19	Response	52	1958242	27849	1
S027_DAY1_MINITWICE_5495	19	Picture	13_T_PWTRIAD_PW_bala_red.png	1973593	43200	1	1900	2	43200	1800
S027_DAY1_MINITWICE_5495	20	Picture	PW	1975893	0	1	43100	2	0	43200
S027_DAY1_MINITWICE_5495	20	Pulse	99	1978066	2173	NA
S027_DAY1_MINITWICE_5495	20	Port Input	1	1978066	2173	NA
S027_DAY1_MINITWICE_5495	20	Response	52	2011621	35728	1
S027_DAY1_MINITWICE_5495	20	Pulse	99	2014067	38174	NA
S027_DAY1_MINITWICE_5495	20	Port Input	1	2014067	38174	NA
S027_DAY1_MINITWICE_5495	20	Picture	14_T_PWTRIAD_PW_molino_red.png	2018993	43100	1	1900	2	43200	1800
S027_DAY1_MINITWICE_5495	21	Picture	PW	2021292	0	3	43101	4	0	43200
S027_DAY1_MINITWICE_5495	21	Pulse	99	2050068	28776	NA
S027_DAY1_MINITWICE_5495	21	Port Input	1	2050068	28776	NA
S027_DAY1_MINITWICE_5495	21	Response	51	2056245	34953	1
S027_DAY1_MINITWICE_5495	21	Picture	15_T_PWTRIAD_PW_estetoscopio_red.png	2064393	43101	1	1900	2	43200	1800
S027_DAY1_MINITWICE_5495	22	Picture	PW	2066593	0	1	43200	2	0	43200
S027_DAY1_MINITWICE_5495	22	Pulse	99	2086069	19476	NA
S027_DAY1_MINITWICE_5495	22	Port Input	1	2086069	19476	NA
S027_DAY1_MINITWICE_5495	22	Response	52	2096314	29721	1
S027_DAY1_MINITWICE_5495	22	Picture	16_T_PWTRIAD_PW_piramide_red.png	2109793	43200	1	1900	2	43200	1800
S027_DAY1_MINITWICE_5495	23	Picture	PW	2112093	0	1	43100	2	0	43200
S027_DAY1_MINITWICE_5495	23	Pulse	99	2122070	9977	NA
S027_DAY1_MINITWICE_5495	23	Port Input	1	2122070	9977	NA
S027_DAY1_MINITWICE_5495	23	Response	51	2141685	29592	1
S027_DAY1_MINITWICE_5495	23	Picture	17_T_PWTRIAD_PW_llave_red.png	2155193	43100	1	1900	2	43200	1800
S027_DAY1_MINITWICE_5495	24	Picture	PW	2157393	0	1	43199	3	0	43200
S027_DAY1_MINITWICE_5495	24	Pulse	99	2158071	678	NA
S027_DAY1_MINITWICE_5495	24	Port Input	1	2158071	678	NA
S027_DAY1_MINITWICE_5495	24	Response	51	2180684	23291	1
S027_DAY1_MINITWICE_5495	24	Pulse	99	2194073	36680	NA
S027_DAY1_MINITWICE_5495	24	Port Input	1	2194073	36680	NA
S027_DAY1_MINITWICE_5495	24	Picture	18_T_PWTRIAD_PW_monja_red.png	2200592	43199	2	1900	4	43200	1800
S027_DAY1_MINITWICE_5495	25	Picture	PW	2202792	0	2	43200	3	0	43200
S027_DAY1_MINITWICE_5495	25	Pulse	99	2230074	27282	NA
S027_DAY1_MINITWICE_5495	25	Port Input	1	2230074	27282	NA
S027_DAY1_MINITWICE_5495	25	Response	51	2231118	28326	1
S027_DAY1_MINITWICE_5495	25	Picture	19_T_PWTRIAD_PW_pluma_red.png	2245992	43200	1	1900	2	43200	1800
S027_DAY1_MINITWICE_5495	26	Picture	PW	2248192	0	1	43200	2	0	43200
S027_DAY1_MINITWICE_5495	26	Pulse	99	2266075	17883	NA
S027_DAY1_MINITWICE_5495	26	Port Input	1	2266075	17883	NA
S027_DAY1_MINITWICE_5495	26	Response	52	2277106	28914	1
S027_DAY1_MINITWICE_5495	26	Picture	20_T_PWTRIAD_PW_cortina_red.png	2291392	43200	1	1900	2	43200	1800
S027_DAY1_MINITWICE_5495	27	Picture	rest	2293392	0	1	144100	2	0	144000
S027_DAY1_MINITWICE_5495	27	Pulse	99	2302076	8684	NA
S027_DAY1_MINITWICE_5495	27	Port Input	1	2302076	8684	NA
S027_DAY1_MINITWICE_5495	27	Pulse	99	2338077	44685	NA
S027_DAY1_MINITWICE_5495	27	Port Input	1	2338077	44685	NA
S027_DAY1_MINITWICE_5495	27	Pulse	99	2374078	80686	NA
S027_DAY1_MINITWICE_5495	27	Port Input	1	2374078	80686	NA
S027_DAY1_MINITWICE_5495	27	Pulse	99	2410079	116687	NA
S027_DAY1_MINITWICE_5495	27	Port Input	1	2410079	116687	NA
S027_DAY1_MINITWICE_5495	28	Picture	endrest	2437592	0	1	10100	2	0	10000
S027_DAY1_MINITWICE_5495	28	Pulse	99	2446080	8488	NA
S027_DAY1_MINITWICE_5495	28	Port Input	1	2446080	8488	NA
S027_DAY1_MINITWICE_5495	29	Picture	RW	2447992	0	1	43200	2	0	43200
S027_DAY1_MINITWICE_5495	29	Response	52	2468369	20377	2
S027_DAY1_MINITWICE_5495	29	Pulse	99	2482081	34089	NA
S027_DAY1_MINITWICE_5495	29	Port Input	1	2482081	34089	NA
S027_DAY1_MINITWICE_5495	29	Picture	23_T_RWTRIAD_RW_pluma_red.png	2491192	43200	1	1900	2	43200	1800
S027_DAY1_MINITWICE_5495	30	Picture	RW	2493492	0	1	43099	3	0	43200
S027_DAY1_MINITWICE_5495	30	Pulse	99	2518083	24591	NA
S027_DAY1_MINITWICE_5495	30	Port Input	1	2518083	24591	NA
S027_DAY1_MINITWICE_5495	30	Response	51	2520593	27101	2
S027_DAY1_MINITWICE_5495	30	Picture	24_T_RWTRIAD_RW_paracaidas_red.png	2536591	43099	2	1900	4	43200	1800
S027_DAY1_MINITWICE_5495	31	Picture	RW	2538891	0	2	43100	3	0	43200
S027_DAY1_MINITWICE_5495	31	Pulse	99	2554084	15193	NA
S027_DAY1_MINITWICE_5495	31	Port Input	1	2554084	15193	NA
S027_DAY1_MINITWICE_5495	31	Response	52	2556447	17556	1
S027_DAY1_MINITWICE_5495	31	Picture	25_T_RWTRIAD_RW_bebe_red.png	2581991	43100	1	1900	2	43200	1800
S027_DAY1_MINITWICE_5495	32	Picture	RW	2584191	0	1	43100	2	0	43200
S027_DAY1_MINITWICE_5495	32	Pulse	99	2590085	5894	NA
S027_DAY1_MINITWICE_5495	32	Port Input	1	2590085	5894	NA
S027_DAY1_MINITWICE_5495	32	Response	52	2607316	23125	1
S027_DAY1_MINITWICE_5495	32	Pulse	99	2626086	41895	NA
S027_DAY1_MINITWICE_5495	32	Port Input	1	2626086	41895	NA
S027_DAY1_MINITWICE_5495	32	Picture	26_T_RWTRIAD_RW_raton_red.png	2627291	43100	1	1900	2	43200	1800
S027_DAY1_MINITWICE_5495	33	Picture	PW	2629391	0	1	43200	2	0	43200
S027_DAY1_MINITWICE_5495	33	Response	51	2658838	29447	2
S027_DAY1_MINITWICE_5495	33	Pulse	99	2662087	32696	NA
S027_DAY1_MINITWICE_5495	33	Port Input	1	2662087	32696	NA
S027_DAY1_MINITWICE_5495	33	Picture	27_T_PWTRIAD_PW_ascensor_red.png	2672591	43200	1	1900	2	43200	1800
S027_DAY1_MINITWICE_5495	34	Picture	PW	2674891	0	1	43100	2	0	43200
S027_DAY1_MINITWICE_5495	34	Pulse	99	2698088	23197	NA
S027_DAY1_MINITWICE_5495	34	Port Input	1	2698088	23197	NA
S027_DAY1_MINITWICE_5495	34	Response	52	2701966	27075	1
S027_DAY1_MINITWICE_5495	34	Picture	28_T_PWTRIAD_PW_gafas_red.png	2717991	43100	1	1900	2	43200	1800
S027_DAY1_MINITWICE_5495	35	Picture	PW	2720191	0	1	43200	2	0	43200
S027_DAY1_MINITWICE_5495	35	Pulse	99	2734089	13898	NA
S027_DAY1_MINITWICE_5495	35	Port Input	1	2734089	13898	NA
S027_DAY1_MINITWICE_5495	35	Response	51	2749506	29315	1
S027_DAY1_MINITWICE_5495	35	Picture	29_T_PWTRIAD_PW_leche_red.png	2763391	43200	1	1900	2	43200	1800
S027_DAY1_MINITWICE_5495	36	Picture	PW	2765691	0	1	43100	2	0	43200
S027_DAY1_MINITWICE_5495	36	Pulse	99	2770090	4399	NA
S027_DAY1_MINITWICE_5495	36	Port Input	1	2770090	4399	NA
S027_DAY1_MINITWICE_5495	36	Response	51	2794207	28516	1
S027_DAY1_MINITWICE_5495	36	Pulse	99	2806091	40400	NA
S027_DAY1_MINITWICE_5495	36	Port Input	1	2806091	40400	NA
S027_DAY1_MINITWICE_5495	36	Picture	30_T_PWTRIAD_PW_agua_red.png	2808791	43100	1	1900	2	43200	1800
S027_DAY1_MINITWICE_5495	37	Picture	rest	2810791	0	1	144099	2	0	144000
S027_DAY1_MINITWICE_5495	37	Pulse	99	2842093	31302	NA
S027_DAY1_MINITWICE_5495	37	Port Input	1	2842093	31302	NA
S027_DAY1_MINITWICE_5495	37	Pulse	99	2878094	67303	NA
S027_DAY1_MINITWICE_5495	37	Port Input	1	2878094	67303	NA
S027_DAY1_MINITWICE_5495	37	Pulse	99	2914095	103304	NA
S027_DAY1_MINITWICE_5495	37	Port Input	1	2914095	103304	NA
S027_DAY1_MINITWICE_5495	37	Pulse	99	2950096	139305	NA
S027_DAY1_MINITWICE_5495	37	Port Input	1	2950096	139305	NA
S027_DAY1_MINITWICE_5495	38	Picture	endrest	2954990	0	1	10100	2	0	10000
S027_DAY1_MINITWICE_5495	39	Picture	RW	2965390	0	1	43200	2	0	43200
S027_DAY1_MINITWICE_5495	39	Pulse	99	2986097	20707	NA
S027_DAY1_MINITWICE_5495	39	Port Input	1	2986097	20707	NA
S027_DAY1_MINITWICE_5495	39	Response	51	2990352	24962	2
S027_DAY1_MINITWICE_5495	39	Picture	33_T_RWTRIAD_RW_pilas_red.png	3008590	43200	1	1894	43	43200	1800
S027_DAY1_MINITWICE_5495	40	Picture	RW	3010890	0	1	43200	2	0	43200
S027_DAY1_MINITWICE_5495	40	Pulse	99	3022098	11208	NA
S027_DAY1_MINITWICE_5495	40	Port Input	1	3022098	11208	NA
S027_DAY1_MINITWICE_5495	40	Response	52	3038770	27880	2
S027_DAY1_MINITWICE_5495	40	Picture	34_T_RWTRIAD_RW_bellota_red.png	3054090	43200	1	1900	2	43200	1800
S027_DAY1_MINITWICE_5495	41	Picture	RW	3056290	0	1	43200	2	0	43200
S027_DAY1_MINITWICE_5495	41	Pulse	99	3058099	1809	NA
S027_DAY1_MINITWICE_5495	41	Port Input	1	3058099	1809	NA
S027_DAY1_MINITWICE_5495	41	Response	51	3076563	20273	1
S027_DAY1_MINITWICE_5495	41	Pulse	99	3094100	37810	NA
S027_DAY1_MINITWICE_5495	41	Port Input	1	3094100	37810	NA
S027_DAY1_MINITWICE_5495	41	Picture	35_T_RWTRIAD_RW_charco_red.png	3099490	43200	1	1900	2	43200	1800
S027_DAY1_MINITWICE_5495	42	Picture	RW	3101790	0	1	43100	2	0	43200
S027_DAY1_MINITWICE_5495	42	Response	52	3122981	21191	1
S027_DAY1_MINITWICE_5495	42	Pulse	99	3130101	28311	NA
S027_DAY1_MINITWICE_5495	42	Port Input	1	3130101	28311	NA
S027_DAY1_MINITWICE_5495	42	Picture	36_T_RWTRIAD_RW_pincel_red.png	3144890	43100	1	1900	2	43200	1800
S027_DAY1_MINITWICE_5495	43	Picture	PW	3147090	0	1	43199	3	0	43200
S027_DAY1_MINITWICE_5495	43	Pulse	99	3166103	19013	NA
S027_DAY1_MINITWICE_5495	43	Port Input	1	3166103	19013	NA
S027_DAY1_MINITWICE_5495	43	Response	51	3170170	23080	1
S027_DAY1_MINITWICE_5495	43	Picture	37_T_PWTRIAD_PW_telefono_red.png	3190289	43199	2	1900	4	43200	1800
S027_DAY1_MINITWICE_5495	44	Picture	PW	3192589	0	1	43100	2	0	43200
S027_DAY1_MINITWICE_5495	44	Pulse	99	3202104	9515	NA
S027_DAY1_MINITWICE_5495	44	Port Input	1	3202104	9515	NA
S027_DAY1_MINITWICE_5495	44	Response	52	3219095	26506	1
S027_DAY1_MINITWICE_5495	44	Picture	38_T_PWTRIAD_PW_madera_red.png	3235689	43100	1	1900	2	43200	1800
S027_DAY1_MINITWICE_5495	45	Picture	PW	3237989	0	1	43100	2	0	43200
S027_DAY1_MINITWICE_5495	45	Pulse	99	3238105	116	NA
S027_DAY1_MINITWICE_5495	45	Port Input	1	3238105	116	NA
S027_DAY1_MINITWICE_5495	45	Pulse	99	3274106	36117	NA
S027_DAY1_MINITWICE_5495	45	Port Input	1	3274106	36117	NA
S027_DAY1_MINITWICE_5495	45	Response	52	3277652	39663	2
S027_DAY1_MINITWICE_5495	45	Picture	39_T_PWTRIAD_PW_arbol_red.png	3281089	43100	1	1900	2	43200	1800
S027_DAY1_MINITWICE_5495	46	Picture	PW	3283389	0	1	43100	2	0	43200
S027_DAY1_MINITWICE_5495	46	Pulse	99	3310107	26718	NA
S027_DAY1_MINITWICE_5495	46	Port Input	1	3310107	26718	NA
S027_DAY1_MINITWICE_5495	46	Response	51	3313146	29757	1
S027_DAY1_MINITWICE_5495	46	Picture	40_T_PWTRIAD_PW_anillo_red.png	3326489	43100	1	1900	2	43200	1800
S027_DAY1_MINITWICE_5495	47	Picture	rest	3328489	0	1	144100	2	0	144000
S027_DAY1_MINITWICE_5495	47	Pulse	99	3346108	17619	NA
S027_DAY1_MINITWICE_5495	47	Port Input	1	3346108	17619	NA
S027_DAY1_MINITWICE_5495	47	Pulse	99	3382109	53620	NA
S027_DAY1_MINITWICE_5495	47	Port Input	1	3382109	53620	NA
S027_DAY1_MINITWICE_5495	47	Pulse	99	3418110	89621	NA
S027_DAY1_MINITWICE_5495	47	Port Input	1	3418110	89621	NA
S027_DAY1_MINITWICE_5495	47	Pulse	99	3454111	125622	NA
S027_DAY1_MINITWICE_5495	47	Port Input	1	3454111	125622	NA
S027_DAY1_MINITWICE_5495	48	Picture	endrest	3472688	0	2	10100	4	0	10000
S027_DAY1_MINITWICE_5495	49	Picture	FF	3483089	0	1	43199	2	0	43200
S027_DAY1_MINITWICE_5495	49	Pulse	99	3490113	7024	NA
S027_DAY1_MINITWICE_5495	49	Port Input	1	3490113	7024	NA
S027_DAY1_MINITWICE_5495	49	Response	52	3501276	18187	1
S027_DAY1_MINITWICE_5495	49	Pulse	99	3526114	43025	NA
S027_DAY1_MINITWICE_5495	49	Port Input	1	3526114	43025	NA
S027_DAY1_MINITWICE_5495	49	Picture	43_T_FFTRIAD_FF_dedal_red.png	3526288	43199	1	1900	2	43200	1800
S027_DAY1_MINITWICE_5495	50	Picture	FF	3528488	0	1	43200	2	0	43200
S027_DAY1_MINITWICE_5495	50	Response	52	3557199	28711	1
S027_DAY1_MINITWICE_5495	50	Pulse	99	3562115	33627	NA
S027_DAY1_MINITWICE_5495	50	Port Input	1	3562115	33627	NA
S027_DAY1_MINITWICE_5495	50	Picture	44_T_FFTRIAD_FF_pluma_red.png	3571688	43200	1	1900	2	43200	1800
S027_DAY1_MINITWICE_5495	51	Picture	FF	3573988	0	1	43100	2	0	43200
S027_DAY1_MINITWICE_5495	51	Response	51	3596886	22898	2
S027_DAY1_MINITWICE_5495	51	Pulse	99	3598116	24128	NA
S027_DAY1_MINITWICE_5495	51	Port Input	1	3598116	24128	NA
S027_DAY1_MINITWICE_5495	51	Picture	45_T_FFTRIAD_FF_piramide_red.png	3617088	43100	1	1900	2	43200	1800
S027_DAY1_MINITWICE_5495	52	Picture	FF	3619288	0	1	43200	2	0	43200
S027_DAY1_MINITWICE_5495	52	Pulse	99	3634117	14829	NA
S027_DAY1_MINITWICE_5495	52	Port Input	1	3634117	14829	NA
S027_DAY1_MINITWICE_5495	52	Response	52	3644466	25178	1
S027_DAY1_MINITWICE_5495	52	Picture	46_T_FFTRIAD_FF_murcielago_red.png	3662488	43200	1	1900	2	43200	1800
S027_DAY1_MINITWICE_5495	53	Picture	PW	3664788	0	1	43100	2	0	43200
S027_DAY1_MINITWICE_5495	53	Pulse	99	3670118	5330	NA
S027_DAY1_MINITWICE_5495	53	Port Input	1	3670118	5330	NA
S027_DAY1_MINITWICE_5495	53	Response	51	3695518	30730	1
S027_DAY1_MINITWICE_5495	53	Pulse	99	3706119	41331	NA
S027_DAY1_MINITWICE_5495	53	Port Input	1	3706119	41331	NA
S027_DAY1_MINITWICE_5495	53	Picture	47_T_PWTRIAD_PW_tenedor_red.png	3707888	43100	1	1900	2	43200	1800
S027_DAY1_MINITWICE_5495	54	Picture	PW	3710188	0	1	43100	2	0	43200
S027_DAY1_MINITWICE_5495	54	Pulse	99	3742120	31932	NA
S027_DAY1_MINITWICE_5495	54	Port Input	1	3742120	31932	NA
S027_DAY1_MINITWICE_5495	54	Response	51	3742372	32184	1
S027_DAY1_MINITWICE_5495	54	Picture	48_T_PWTRIAD_PW_dado_red.png	3753288	43100	1	1900	2	43200	1800
S027_DAY1_MINITWICE_5495	55	Picture	PW	3755588	0	1	43100	2	0	43200
S027_DAY1_MINITWICE_5495	55	Pulse	99	3778121	22533	NA
S027_DAY1_MINITWICE_5495	55	Port Input	1	3778121	22533	NA
S027_DAY1_MINITWICE_5495	55	Response	52	3788829	33241	1
S027_DAY1_MINITWICE_5495	55	Picture	49_T_PWTRIAD_PW_queso_red.png	3798688	43100	1	1899	3	43200	1800
S027_DAY1_MINITWICE_5495	56	Picture	PW	3800987	0	2	43100	3	0	43200
S027_DAY1_MINITWICE_5495	56	Pulse	99	3814122	13135	NA
S027_DAY1_MINITWICE_5495	56	Port Input	1	3814122	13135	NA
S027_DAY1_MINITWICE_5495	56	Response	52	3834860	33873	2
S027_DAY1_MINITWICE_5495	56	Picture	50_T_PWTRIAD_PW_grapadora_red.png	3844087	43100	1	1900	2	43200	1800
S027_DAY1_MINITWICE_5495	57	Picture	rest	3846087	0	1	144100	3	0	144000
S027_DAY1_MINITWICE_5495	57	Pulse	99	3850124	4037	NA
S027_DAY1_MINITWICE_5495	57	Port Input	1	3850124	4037	NA
S027_DAY1_MINITWICE_5495	57	Pulse	99	3886125	40038	NA
S027_DAY1_MINITWICE_5495	57	Port Input	1	3886125	40038	NA
S027_DAY1_MINITWICE_5495	57	Pulse	99	3922126	76039	NA
S027_DAY1_MINITWICE_5495	57	Port Input	1	3922126	76039	NA
S027_DAY1_MINITWICE_5495	57	Pulse	99	3958127	112040	NA
S027_DAY1_MINITWICE_5495	57	Port Input	1	3958127	112040	NA
S027_DAY1_MINITWICE_5495	58	Picture	endrest	3990287	0	1	10100	2	0	10000
S027_DAY1_MINITWICE_5495	58	Pulse	99	3994128	3841	NA
S027_DAY1_MINITWICE_5495	58	Port Input	1	3994128	3841	NA
S027_DAY1_MINITWICE_5495	59	Picture	RW	4000687	0	1	43200	2	0	43200
S027_DAY1_MINITWICE_5495	59	Response	52	4024959	24272	1
S027_DAY1_MINITWICE_5495	59	Pulse	99	4030129	29442	NA
S027_DAY1_MINITWICE_5495	59	Port Input	1	4030129	29442	NA
S027_DAY1_MINITWICE_5495	59	Picture	53_T_RWTRIAD_RW_banera_red.png	4043887	43200	1	1900	2	43200	1800
S027_DAY1_MINITWICE_5495	60	Picture	RW	4046087	0	1	43200	2	0	43200
S027_DAY1_MINITWICE_5495	60	Pulse	99	4066130	20043	NA
S027_DAY1_MINITWICE_5495	60	Port Input	1	4066130	20043	NA
S027_DAY1_MINITWICE_5495	60	Response	51	4080697	34610	1
S027_DAY1_MINITWICE_5495	60	Picture	54_T_RWTRIAD_RW_molino_red.png	4089287	43200	1	1900	2	43200	1800
S027_DAY1_MINITWICE_5495	61	Picture	RW	4091587	0	1	43099	2	0	43200
S027_DAY1_MINITWICE_5495	61	Pulse	99	4102131	10544	NA
S027_DAY1_MINITWICE_5495	61	Port Input	1	4102131	10544	NA
S027_DAY1_MINITWICE_5495	61	Response	51	4120891	29304	1
S027_DAY1_MINITWICE_5495	61	Picture	55_T_RWTRIAD_RW_television_red.png	4134686	43099	1	1900	2	43200	1800
S027_DAY1_MINITWICE_5495	62	Picture	RW	4136886	0	2	43200	3	0	43200
S027_DAY1_MINITWICE_5495	62	Pulse	99	4138133	1247	NA
S027_DAY1_MINITWICE_5495	62	Port Input	1	4138133	1247	NA
S027_DAY1_MINITWICE_5495	62	Response	51	4153570	16684	1
S027_DAY1_MINITWICE_5495	62	Pulse	99	4174134	37248	NA
S027_DAY1_MINITWICE_5495	62	Port Input	1	4174134	37248	NA
S027_DAY1_MINITWICE_5495	62	Picture	56_T_RWTRIAD_RW_manos_red.png	4180086	43200	1	1900	2	43200	1800
S027_DAY1_MINITWICE_5495	63	Picture	FF	4182386	0	1	43100	2	0	43200
S027_DAY1_MINITWICE_5495	63	Response	52	4208478	26092	1
S027_DAY1_MINITWICE_5495	63	Pulse	99	4210135	27749	NA
S027_DAY1_MINITWICE_5495	63	Port Input	1	4210135	27749	NA
S027_DAY1_MINITWICE_5495	63	Picture	57_T_FFTRIAD_FF_madera_red.png	4225486	43100	1	1900	2	43200	1800
S027_DAY1_MINITWICE_5495	64	Picture	FF	4227686	0	1	43100	2	0	43200
S027_DAY1_MINITWICE_5495	64	Response	51	4241620	13934	1
S027_DAY1_MINITWICE_5495	64	Pulse	99	4246136	18450	NA
S027_DAY1_MINITWICE_5495	64	Port Input	1	4246136	18450	NA
S027_DAY1_MINITWICE_5495	64	Picture	58_T_FFTRIAD_FF_arbol_red.png	4270786	43100	1	1900	2	43200	1800
S027_DAY1_MINITWICE_5495	65	Picture	FF	4273086	0	1	43100	2	0	43200
S027_DAY1_MINITWICE_5495	65	Pulse	99	4282137	9051	NA
S027_DAY1_MINITWICE_5495	65	Port Input	1	4282137	9051	NA
S027_DAY1_MINITWICE_5495	65	Response	51	4286408	13322	1
S027_DAY1_MINITWICE_5495	65	Picture	59_T_FFTRIAD_FF_grapadora_red.png	4316186	43100	1	1900	2	43200	1800
S027_DAY1_MINITWICE_5495	65	Pulse	99	4318138	45052	NA
S027_DAY1_MINITWICE_5495	65	Port Input	1	4318138	45052	NA
S027_DAY1_MINITWICE_5495	66	Picture	FF	4318386	0	1	43200	2	0	43200
S027_DAY1_MINITWICE_5495	66	Response	52	4331276	12890	1
S027_DAY1_MINITWICE_5495	66	Pulse	99	4354139	35753	NA
S027_DAY1_MINITWICE_5495	66	Port Input	1	4354139	35753	NA
S027_DAY1_MINITWICE_5495	66	Picture	60_T_FFTRIAD_FF_cerillas_red.png	4361586	43200	1	1900	2	43200	1800
S027_DAY1_MINITWICE_5495	67	Picture	rest	4363586	0	1	144099	2	0	144000
S027_DAY1_MINITWICE_5495	67	Pulse	99	4390140	26554	NA
S027_DAY1_MINITWICE_5495	67	Port Input	1	4390140	26554	NA
S027_DAY1_MINITWICE_5495	67	Pulse	99	4426142	62556	NA
S027_DAY1_MINITWICE_5495	67	Port Input	1	4426142	62556	NA
S027_DAY1_MINITWICE_5495	67	Pulse	99	4462142	98556	NA
S027_DAY1_MINITWICE_5495	67	Port Input	1	4462142	98556	NA
S027_DAY1_MINITWICE_5495	67	Pulse	99	4498144	134558	NA
S027_DAY1_MINITWICE_5495	67	Port Input	1	4498144	134558	NA
S027_DAY1_MINITWICE_5495	68	Picture	endrest	4507785	0	2	10100	4	0	10000
S027_DAY1_MINITWICE_5495	69	Picture	FF	4518185	0	1	43200	2	0	43200
S027_DAY1_MINITWICE_5495	69	Response	51	4532851	14666	1
S027_DAY1_MINITWICE_5495	69	Pulse	99	4534145	15960	NA
S027_DAY1_MINITWICE_5495	69	Port Input	1	4534145	15960	NA
S027_DAY1_MINITWICE_5495	69	Picture	63_T_FFTRIAD_FF_arco_red.png	4561385	43200	1	1900	2	43200	1800
S027_DAY1_MINITWICE_5495	70	Picture	FF	4563685	0	1	43100	2	0	43200
S027_DAY1_MINITWICE_5495	70	Pulse	99	4570146	6461	NA
S027_DAY1_MINITWICE_5495	70	Port Input	1	4570146	6461	NA
S027_DAY1_MINITWICE_5495	70	Response	52	4575598	11913	1
S027_DAY1_MINITWICE_5495	70	Pulse	99	4606147	42462	NA
S027_DAY1_MINITWICE_5495	70	Port Input	1	4606147	42462	NA
S027_DAY1_MINITWICE_5495	70	Picture	64_T_FFTRIAD_FF_iglu_red.png	4606785	43100	1	1899	3	43200	1800
S027_DAY1_MINITWICE_5495	71	Picture	FF	4608984	0	2	43201	3	0	43200
S027_DAY1_MINITWICE_5495	71	Response	52	4619314	10330	2
S027_DAY1_MINITWICE_5495	71	Pulse	99	4642148	33164	NA
S027_DAY1_MINITWICE_5495	71	Port Input	1	4642148	33164	NA
S027_DAY1_MINITWICE_5495	71	Picture	65_T_FFTRIAD_FF_raton_red.png	4652185	43201	1	1900	2	43200	1800
S027_DAY1_MINITWICE_5495	72	Picture	FF	4654485	0	1	43100	2	0	43200
S027_DAY1_MINITWICE_5495	72	Response	52	4665516	11031	1
S027_DAY1_MINITWICE_5495	72	Pulse	99	4678149	23664	NA
S027_DAY1_MINITWICE_5495	72	Port Input	1	4678149	23664	NA
S027_DAY1_MINITWICE_5495	72	Picture	66_T_FFTRIAD_FF_paraguas_red.png	4697585	43100	1	1900	2	43200	1800
S027_DAY1_MINITWICE_5495	73	Picture	FF	4699885	0	1	43099	3	0	43200
S027_DAY1_MINITWICE_5495	73	Pulse	99	4714150	14265	NA
S027_DAY1_MINITWICE_5495	73	Port Input	1	4714150	14265	NA
S027_DAY1_MINITWICE_5495	73	Response	52	4715257	15372	1
S027_DAY1_MINITWICE_5495	73	Picture	67_T_FFTRIAD_FF_anillo_red.png	4742984	43099	2	1900	4	43200	1800
S027_DAY1_MINITWICE_5495	74	Picture	FF	4745184	0	2	43200	3	0	43200
S027_DAY1_MINITWICE_5495	74	Pulse	99	4750151	4967	NA
S027_DAY1_MINITWICE_5495	74	Port Input	1	4750151	4967	NA
S027_DAY1_MINITWICE_5495	74	Response	52	4764291	19107	2
S027_DAY1_MINITWICE_5495	74	Pulse	99	4786152	40968	NA
S027_DAY1_MINITWICE_5495	74	Port Input	1	4786152	40968	NA
S027_DAY1_MINITWICE_5495	74	Picture	68_T_FFTRIAD_FF_sobre_red.png	4788384	43200	1	1900	2	43200	1800
S027_DAY1_MINITWICE_5495	75	Picture	FF	4790584	0	1	43200	2	0	43200
S027_DAY1_MINITWICE_5495	75	Response	51	4807509	16925	1
S027_DAY1_MINITWICE_5495	75	Pulse	99	4822154	31570	NA
S027_DAY1_MINITWICE_5495	75	Port Input	1	4822154	31570	NA
S027_DAY1_MINITWICE_5495	75	Picture	69_T_FFTRIAD_FF_carruaje_red.png	4833784	43200	1	1900	2	43200	1800
S027_DAY1_MINITWICE_5495	76	Picture	FF	4835984	0	1	43200	2	0	43200
S027_DAY1_MINITWICE_5495	76	Response	51	4852352	16368	2
S027_DAY1_MINITWICE_5495	76	Pulse	99	4858155	22171	NA
S027_DAY1_MINITWICE_5495	76	Port Input	1	4858155	22171	NA
S027_DAY1_MINITWICE_5495	76	Picture	70_T_FFTRIAD_FF_granjero_red.png	4879184	43200	1	1900	2	43200	1800
S027_DAY1_MINITWICE_5495	77	Picture	rest	4881184	0	1	144099	3	0	144000
S027_DAY1_MINITWICE_5495	77	Pulse	99	4894156	12972	NA
S027_DAY1_MINITWICE_5495	77	Port Input	1	4894156	12972	NA
S027_DAY1_MINITWICE_5495	77	Pulse	99	4930157	48973	NA
S027_DAY1_MINITWICE_5495	77	Port Input	1	4930157	48973	NA
S027_DAY1_MINITWICE_5495	77	Pulse	99	4966158	84974	NA
S027_DAY1_MINITWICE_5495	77	Port Input	1	4966158	84974	NA
S027_DAY1_MINITWICE_5495	77	Pulse	99	5002159	120975	NA
S027_DAY1_MINITWICE_5495	77	Port Input	1	5002159	120975	NA
S027_DAY1_MINITWICE_5495	78	Picture	endrest	5025383	0	2	10100	4	0	10000
S027_DAY1_MINITWICE_5495	79	Picture	RW	5035783	0	2	43200	3	0	43200
S027_DAY1_MINITWICE_5495	79	Pulse	99	5038160	2377	NA
S027_DAY1_MINITWICE_5495	79	Port Input	1	5038160	2377	NA
S027_DAY1_MINITWICE_5495	79	Response	52	5068961	33178	1
S027_DAY1_MINITWICE_5495	79	Pulse	99	5074161	38378	NA
S027_DAY1_MINITWICE_5495	79	Port Input	1	5074161	38378	NA
S027_DAY1_MINITWICE_5495	79	Picture	73_T_RWTRIAD_RW_agua_red.png	5078983	43200	1	1900	2	43200	1800
S027_DAY1_MINITWICE_5495	80	Picture	RW	5081183	0	1	43200	2	0	43200
S027_DAY1_MINITWICE_5495	80	Response	51	5109546	28363	1
S027_DAY1_MINITWICE_5495	80	Pulse	99	5110162	28979	NA
S027_DAY1_MINITWICE_5495	80	Port Input	1	5110162	28979	NA
S027_DAY1_MINITWICE_5495	80	Picture	74_T_RWTRIAD_RW_dedal_red.png	5124383	43200	1	1900	2	43200	1800
S027_DAY1_MINITWICE_5495	81	Picture	RW	5126683	0	1	43100	2	0	43200
S027_DAY1_MINITWICE_5495	81	Response	51	5145730	19047	1
S027_DAY1_MINITWICE_5495	81	Pulse	99	5146163	19480	NA
S027_DAY1_MINITWICE_5495	81	Port Input	1	5146163	19480	NA
S027_DAY1_MINITWICE_5495	81	Picture	75_T_RWTRIAD_RW_telefono_red.png	5169783	43100	1	1900	2	43200	1800
S027_DAY1_MINITWICE_5495	82	Picture	RW	5171983	0	1	43200	2	0	43200
S027_DAY1_MINITWICE_5495	82	Pulse	99	5182165	10182	NA
S027_DAY1_MINITWICE_5495	82	Port Input	1	5182165	10182	NA
S027_DAY1_MINITWICE_5495	82	Response	52	5189592	17609	1
S027_DAY1_MINITWICE_5495	82	Picture	76_T_RWTRIAD_RW_llave_red.png	5215183	43200	1	1900	2	43200	1800
S027_DAY1_MINITWICE_5495	83	Picture	FF	5217483	0	1	43100	2	0	43200
S027_DAY1_MINITWICE_5495	83	Pulse	99	5218166	683	NA
S027_DAY1_MINITWICE_5495	83	Port Input	1	5218166	683	NA
S027_DAY1_MINITWICE_5495	83	Response	52	5241802	24319	1
S027_DAY1_MINITWICE_5495	83	Pulse	99	5254167	36684	NA
S027_DAY1_MINITWICE_5495	83	Port Input	1	5254167	36684	NA
S027_DAY1_MINITWICE_5495	83	Picture	77_T_FFTRIAD_FF_telarana_red.png	5260583	43100	1	1900	2	43200	1800
S027_DAY1_MINITWICE_5495	84	Picture	FF	5262883	0	1	43100	2	0	43200
S027_DAY1_MINITWICE_5495	84	Response	51	5272492	9609	2
S027_DAY1_MINITWICE_5495	84	Pulse	99	5290168	27285	NA
S027_DAY1_MINITWICE_5495	84	Port Input	1	5290168	27285	NA
S027_DAY1_MINITWICE_5495	84	Picture	78_T_FFTRIAD_FF_teclado_red.png	5305983	43100	1	1900	2	43200	1800
S027_DAY1_MINITWICE_5495	85	Picture	FF	5308183	0	1	43099	3	0	43200
S027_DAY1_MINITWICE_5495	85	Response	51	5319341	11158	2
S027_DAY1_MINITWICE_5495	85	Pulse	99	5326169	17986	NA
S027_DAY1_MINITWICE_5495	85	Port Input	1	5326169	17986	NA
S027_DAY1_MINITWICE_5495	85	Picture	79_T_FFTRIAD_FF_dado_red.png	5351282	43099	2	1900	4	43200	1800
S027_DAY1_MINITWICE_5495	86	Picture	FF	5353582	0	2	43100	3	0	43200
S027_DAY1_MINITWICE_5495	86	Pulse	99	5362170	8588	NA
S027_DAY1_MINITWICE_5495	86	Port Input	1	5362170	8588	NA
S027_DAY1_MINITWICE_5495	86	Response	52	5367598	14016	3
S027_DAY1_MINITWICE_5495	86	Picture	80_T_FFTRIAD_FF_manos_red.png	5396682	43100	1	1900	2	43200	1800
S027_DAY1_MINITWICE_5495	86	Pulse	99	5398171	44589	NA
S027_DAY1_MINITWICE_5495	86	Port Input	1	5398171	44589	NA
S027_DAY1_MINITWICE_5495	87	Picture	rest	5398682	0	1	144100	2	0	144000
S027_DAY1_MINITWICE_5495	87	Pulse	99	5434172	35490	NA
S027_DAY1_MINITWICE_5495	87	Port Input	1	5434172	35490	NA
S027_DAY1_MINITWICE_5495	87	Pulse	99	5470173	71491	NA
S027_DAY1_MINITWICE_5495	87	Port Input	1	5470173	71491	NA
S027_DAY1_MINITWICE_5495	87	Pulse	99	5506175	107493	NA
S027_DAY1_MINITWICE_5495	87	Port Input	1	5506175	107493	NA
S027_DAY1_MINITWICE_5495	87	Pulse	99	5542176	143494	NA
S027_DAY1_MINITWICE_5495	87	Port Input	1	5542176	143494	NA
S027_DAY1_MINITWICE_5495	88	Picture	endrest	5542882	0	1	10100	2	0	10000
S027_DAY1_MINITWICE_5495	89	Picture	RW	5553382	0	1	43100	2	0	43200
S027_DAY1_MINITWICE_5495	89	Pulse	99	5578177	24795	NA
S027_DAY1_MINITWICE_5495	89	Port Input	1	5578177	24795	NA
S027_DAY1_MINITWICE_5495	89	Response	52	5581024	27642	1
S027_DAY1_MINITWICE_5495	89	Picture	83_T_RWTRIAD_RW_bala_red.png	5596482	43100	1	1900	2	43200	1800
S027_DAY1_MINITWICE_5495	90	Picture	RW	5598682	0	1	43199	3	0	43200
S027_DAY1_MINITWICE_5495	90	Pulse	99	5614178	15496	NA
S027_DAY1_MINITWICE_5495	90	Port Input	1	5614178	15496	NA
S027_DAY1_MINITWICE_5495	90	Response	51	5626340	27658	1
S027_DAY1_MINITWICE_5495	90	Picture	84_T_RWTRIAD_RW_futbol_red.png	5641881	43199	2	1900	4	43200	1800
S027_DAY1_MINITWICE_5495	91	Picture	RW	5644181	0	2	43100	3	0	43200
S027_DAY1_MINITWICE_5495	91	Pulse	99	5650179	5998	NA
S027_DAY1_MINITWICE_5495	91	Port Input	1	5650179	5998	NA
S027_DAY1_MINITWICE_5495	91	Response	52	5660382	16201	1
S027_DAY1_MINITWICE_5495	91	Pulse	99	5686180	41999	NA
S027_DAY1_MINITWICE_5495	91	Port Input	1	5686180	41999	NA
S027_DAY1_MINITWICE_5495	91	Picture	85_T_RWTRIAD_RW_arbol_red.png	5687281	43100	1	1900	2	43200	1800
S027_DAY1_MINITWICE_5495	92	Picture	RW	5689481	0	1	43200	2	0	43200
S027_DAY1_MINITWICE_5495	92	Response	52	5704404	14923	1
S027_DAY1_MINITWICE_5495	92	Pulse	99	5722181	32700	NA
S027_DAY1_MINITWICE_5495	92	Port Input	1	5722181	32700	NA
S027_DAY1_MINITWICE_5495	92	Picture	86_T_RWTRIAD_RW_anillo_red.png	5732681	43200	1	1900	2	43200	1800
S027_DAY1_MINITWICE_5495	93	Picture	RW	5734881	0	1	43200	2	0	43200
S027_DAY1_MINITWICE_5495	93	Pulse	99	5758182	23301	NA
S027_DAY1_MINITWICE_5495	93	Port Input	1	5758182	23301	NA
S027_DAY1_MINITWICE_5495	93	Response	51	5766823	31942	1
S027_DAY1_MINITWICE_5495	93	Picture	87_T_RWTRIAD_RW_carruaje_red.png	5778081	43200	1	1900	2	43200	1800
S027_DAY1_MINITWICE_5495	94	Picture	RW	5780281	0	1	43200	2	0	43200
S027_DAY1_MINITWICE_5495	94	Pulse	99	5794183	13902	NA
S027_DAY1_MINITWICE_5495	94	Port Input	1	5794183	13902	NA
S027_DAY1_MINITWICE_5495	94	Response	52	5806776	26495	1
S027_DAY1_MINITWICE_5495	94	Picture	88_T_RWTRIAD_RW_ascensor_red.png	5823481	43200	1	1900	2	43200	1800
S027_DAY1_MINITWICE_5495	95	Picture	RW	5825781	0	1	43100	2	0	43200
S027_DAY1_MINITWICE_5495	95	Pulse	99	5830184	4403	NA
S027_DAY1_MINITWICE_5495	95	Port Input	1	5830184	4403	NA
S027_DAY1_MINITWICE_5495	95	Response	51	5860807	35026	1
S027_DAY1_MINITWICE_5495	95	Pulse	99	5866186	40405	NA
S027_DAY1_MINITWICE_5495	95	Port Input	1	5866186	40405	NA
S027_DAY1_MINITWICE_5495	95	Picture	89_T_RWTRIAD_RW_dado_red.png	5868881	43100	1	1900	2	43200	1800
S027_DAY1_MINITWICE_5495	96	Picture	RW	5871181	0	1	43100	2	0	43200
S027_DAY1_MINITWICE_5495	96	Response	51	5887539	16358	1
S027_DAY1_MINITWICE_5495	96	Pulse	99	5902187	31006	NA
S027_DAY1_MINITWICE_5495	96	Port Input	1	5902187	31006	NA
S027_DAY1_MINITWICE_5495	96	Picture	90_T_RWTRIAD_RW_botella_red.png	5914281	43100	1	1900	2	43200	1800
S027_DAY1_MINITWICE_5495	97	Picture	rest	5916281	0	1	144099	2	0	144000
S027_DAY1_MINITWICE_5495	97	Pulse	99	5938188	21907	NA
S027_DAY1_MINITWICE_5495	97	Port Input	1	5938188	21907	NA
S027_DAY1_MINITWICE_5495	97	Pulse	99	5974189	57908	NA
S027_DAY1_MINITWICE_5495	97	Port Input	1	5974189	57908	NA
S027_DAY1_MINITWICE_5495	97	Pulse	99	6010190	93909	NA
S027_DAY1_MINITWICE_5495	97	Port Input	1	6010190	93909	NA
S027_DAY1_MINITWICE_5495	97	Pulse	99	6046191	129910	NA
S027_DAY1_MINITWICE_5495	97	Port Input	1	6046191	129910	NA
S027_DAY1_MINITWICE_5495	98	Picture	endrest	6060480	0	1	10100	2	0	10000
S027_DAY1_MINITWICE_5495	99	Picture	RW	6070880	0	1	43200	2	0	43200
S027_DAY1_MINITWICE_5495	99	Pulse	99	6082192	11312	NA
S027_DAY1_MINITWICE_5495	99	Port Input	1	6082192	11312	NA
S027_DAY1_MINITWICE_5495	99	Response	52	6093508	22628	1
S027_DAY1_MINITWICE_5495	99	Picture	93_T_RWTRIAD_RW_paraguas_red.png	6114080	43200	1	1900	2	43200	1800
S027_DAY1_MINITWICE_5495	100	Picture	RW	6116380	0	1	43100	2	0	43200
S027_DAY1_MINITWICE_5495	100	Pulse	99	6118193	1813	NA
S027_DAY1_MINITWICE_5495	100	Port Input	1	6118193	1813	NA
S027_DAY1_MINITWICE_5495	100	Pulse	99	6154194	37814	NA
S027_DAY1_MINITWICE_5495	100	Port Input	1	6154194	37814	NA
S027_DAY1_MINITWICE_5495	100	Response	52	6156466	40086	1
S027_DAY1_MINITWICE_5495	100	Picture	94_T_RWTRIAD_RW_piramide_red.png	6159480	43100	1	1900	2	43200	1800
S027_DAY1_MINITWICE_5495	101	Picture	RW	6161780	0	1	43100	2	0	43200
S027_DAY1_MINITWICE_5495	101	Pulse	99	6190196	28416	NA
S027_DAY1_MINITWICE_5495	101	Port Input	1	6190196	28416	NA
S027_DAY1_MINITWICE_5495	101	Response	52	6199947	38167	1
S027_DAY1_MINITWICE_5495	101	Picture	95_T_RWTRIAD_RW_arco_red.png	6204880	43100	1	1900	2	43200	1800
S027_DAY1_MINITWICE_5495	102	Picture	RW	6207180	0	1	43099	3	0	43200
S027_DAY1_MINITWICE_5495	102	Pulse	99	6226197	19017	NA
S027_DAY1_MINITWICE_5495	102	Port Input	1	6226197	19017	NA
S027_DAY1_MINITWICE_5495	102	Response	51	6242334	35154	1
S027_DAY1_MINITWICE_5495	102	Picture	96_T_RWTRIAD_RW_destornillador_red.png	6250279	43099	2	1900	4	43200	1800
S027_DAY1_MINITWICE_5495	103	Picture	PW	6252579	0	2	43100	3	0	43200
S027_DAY1_MINITWICE_5495	103	Pulse	99	6262198	9619	NA
S027_DAY1_MINITWICE_5495	103	Port Input	1	6262198	9619	NA
S027_DAY1_MINITWICE_5495	103	Response	52	6279915	27336	1
S027_DAY1_MINITWICE_5495	103	Picture	97_T_PWTRIAD_PW_novia_red.png	6295679	43100	1	1900	2	43200	1800
S027_DAY1_MINITWICE_5495	104	Picture	PW	6297879	0	1	43100	2	0	43200
S027_DAY1_MINITWICE_5495	104	Pulse	99	6298199	320	NA
S027_DAY1_MINITWICE_5495	104	Port Input	1	6298199	320	NA
S027_DAY1_MINITWICE_5495	104	Response	51	6330401	32522	1
S027_DAY1_MINITWICE_5495	104	Pulse	99	6334200	36321	NA
S027_DAY1_MINITWICE_5495	104	Port Input	1	6334200	36321	NA
S027_DAY1_MINITWICE_5495	104	Picture	98_T_PWTRIAD_PW_pilas_red.png	6340979	43100	1	1900	2	43200	1800
S027_DAY1_MINITWICE_5495	105	Picture	PW	6343179	0	1	43200	2	0	43200
S027_DAY1_MINITWICE_5495	105	Response	52	6367388	24209	1
S027_DAY1_MINITWICE_5495	105	Pulse	99	6370201	27022	NA
S027_DAY1_MINITWICE_5495	105	Port Input	1	6370201	27022	NA
S027_DAY1_MINITWICE_5495	105	Picture	99_T_PWTRIAD_PW_zanahoria_red.png	6386379	43200	1	1900	2	43200	1800
S027_DAY1_MINITWICE_5495	106	Picture	PW	6388679	0	1	43100	2	0	43200
S027_DAY1_MINITWICE_5495	106	Response	51	6405785	17106	1
S027_DAY1_MINITWICE_5495	106	Pulse	99	6406202	17523	NA
S027_DAY1_MINITWICE_5495	106	Port Input	1	6406202	17523	NA
S027_DAY1_MINITWICE_5495	106	Picture	100_T_PWTRIAD_PW_lechuga_red.png	6431779	43100	1	1900	2	43200	1800
S027_DAY1_MINITWICE_5495	107	Picture	rest	6433779	0	1	144099	2	0	144000
S027_DAY1_MINITWICE_5495	107	Pulse	99	6442203	8424	NA
S027_DAY1_MINITWICE_5495	107	Port Input	1	6442203	8424	NA
S027_DAY1_MINITWICE_5495	107	Pulse	99	6478204	44425	NA
S027_DAY1_MINITWICE_5495	107	Port Input	1	6478204	44425	NA
S027_DAY1_MINITWICE_5495	107	Pulse	99	6514206	80427	NA
S027_DAY1_MINITWICE_5495	107	Port Input	1	6514206	80427	NA
S027_DAY1_MINITWICE_5495	107	Pulse	99	6550207	116428	NA
S027_DAY1_MINITWICE_5495	107	Port Input	1	6550207	116428	NA
S027_DAY1_MINITWICE_5495	108	Picture	endrest	6577978	0	1	10100	2	0	10000
S027_DAY1_MINITWICE_5495	108	Pulse	99	6586208	8230	NA
S027_DAY1_MINITWICE_5495	108	Port Input	1	6586208	8230	NA
S027_DAY1_MINITWICE_5495	109	Picture	FF	6588478	0	1	43100	2	0	43200
S027_DAY1_MINITWICE_5495	109	Response	52	6606363	17885	1
S027_DAY1_MINITWICE_5495	109	Pulse	99	6622209	33731	NA
S027_DAY1_MINITWICE_5495	109	Port Input	1	6622209	33731	NA
S027_DAY1_MINITWICE_5495	109	Picture	103_T_FFTRIAD_FF_chupete_red.png	6631578	43100	1	1900	2	43200	1800
S027_DAY1_MINITWICE_5495	110	Picture	FF	6633877	0	2	43101	3	0	43200
S027_DAY1_MINITWICE_5495	110	Pulse	99	6658210	24333	NA
S027_DAY1_MINITWICE_5495	110	Port Input	1	6658210	24333	NA
S027_DAY1_MINITWICE_5495	110	Response	51	6660785	26908	1
S027_DAY1_MINITWICE_5495	110	Picture	104_T_FFTRIAD_FF_plato_red.png	6676978	43101	1	1900	2	43200	1800
S027_DAY1_MINITWICE_5495	111	Picture	FF	6679278	0	1	43100	2	0	43200
S027_DAY1_MINITWICE_5495	111	Pulse	99	6694211	14933	NA
S027_DAY1_MINITWICE_5495	111	Port Input	1	6694211	14933	NA
S027_DAY1_MINITWICE_5495	111	Response	52	6703781	24503	1
S027_DAY1_MINITWICE_5495	111	Picture	105_T_FFTRIAD_FF_violin_red.png	6722378	43100	1	1900	2	43200	1800
S027_DAY1_MINITWICE_5495	112	Picture	FF	6724678	0	1	43100	2	0	43200
S027_DAY1_MINITWICE_5495	112	Pulse	99	6730212	5534	NA
S027_DAY1_MINITWICE_5495	112	Port Input	1	6730212	5534	NA
S027_DAY1_MINITWICE_5495	112	Response	52	6743164	18486	1
S027_DAY1_MINITWICE_5495	112	Pulse	99	6766213	41535	NA
S027_DAY1_MINITWICE_5495	112	Port Input	1	6766213	41535	NA
S027_DAY1_MINITWICE_5495	112	Picture	106_T_FFTRIAD_FF_lechuga_red.png	6767778	43100	1	1900	2	43200	1800
S027_DAY1_MINITWICE_5495	113	Picture	PW	6769978	0	1	43200	2	0	43200
S027_DAY1_MINITWICE_5495	113	Response	51	6790947	20969	1
S027_DAY1_MINITWICE_5495	113	Pulse	99	6802214	32236	NA
S027_DAY1_MINITWICE_5495	113	Port Input	1	6802214	32236	NA
S027_DAY1_MINITWICE_5495	113	Picture	107_T_PWTRIAD_PW_teclado_red.png	6813178	43200	1	1900	2	43200	1800
S027_DAY1_MINITWICE_5495	114	Picture	PW	6815478	0	1	43199	3	0	43200
S027_DAY1_MINITWICE_5495	114	Pulse	99	6838215	22737	NA
S027_DAY1_MINITWICE_5495	114	Port Input	1	6838215	22737	NA
S027_DAY1_MINITWICE_5495	114	Response	52	6840500	25022	1
S027_DAY1_MINITWICE_5495	114	Picture	108_T_PWTRIAD_PW_botella_red.png	6858677	43199	2	1900	4	43200	1800
S027_DAY1_MINITWICE_5495	115	Picture	PW	6860777	0	2	43200	3	0	43200
S027_DAY1_MINITWICE_5495	115	Pulse	99	6874217	13440	NA
S027_DAY1_MINITWICE_5495	115	Port Input	1	6874217	13440	NA
S027_DAY1_MINITWICE_5495	115	Response	52	6893137	32360	3
S027_DAY1_MINITWICE_5495	115	Picture	109_T_PWTRIAD_PW_sombrilla_red.png	6903977	43200	1	1900	2	43200	1800
S027_DAY1_MINITWICE_5495	116	Picture	PW	6906177	0	1	43200	2	0	43200
S027_DAY1_MINITWICE_5495	116	Pulse	99	6910218	4041	NA
S027_DAY1_MINITWICE_5495	116	Port Input	1	6910218	4041	NA
S027_DAY1_MINITWICE_5495	116	Response	51	6929657	23480	1
S027_DAY1_MINITWICE_5495	116	Pulse	99	6946219	40042	NA
S027_DAY1_MINITWICE_5495	116	Port Input	1	6946219	40042	NA
S027_DAY1_MINITWICE_5495	116	Picture	110_T_PWTRIAD_PW_tijera_red.png	6949377	43200	1	1900	2	43200	1800
S027_DAY1_MINITWICE_5495	117	Picture	rest	6951377	0	1	144099	3	0	144000
S027_DAY1_MINITWICE_5495	118	Picture	endrest	7095577	0	1	10100	2	0	10000
S027_DAY1_MINITWICE_5495	119	Picture	PW	7106076	0	2	43100	4	0	43200
S027_DAY1_MINITWICE_5495	119	Response	52	7130197	24121	1
S027_DAY1_MINITWICE_5495	119	Picture	113_T_PWTRIAD_PW_mono_red.png	7149176	43100	2	1901	3	43200	1800
S027_DAY1_MINITWICE_5495	120	Picture	PW	7151476	0	2	43100	3	0	43200
S027_DAY1_MINITWICE_5495	120	Response	52	7174855	23379	1
S027_DAY1_MINITWICE_5495	120	Picture	114_T_PWTRIAD_PW_cerillas_red.png	7194576	43100	1	1900	2	43200	1800
S027_DAY1_MINITWICE_5495	121	Picture	PW	7196876	0	1	43100	2	0	43200
S027_DAY1_MINITWICE_5495	121	Response	51	7222951	26075	1
S027_DAY1_MINITWICE_5495	121	Picture	115_T_PWTRIAD_PW_policia_red.png	7239976	43100	1	1900	2	43200	1800
S027_DAY1_MINITWICE_5495	122	Picture	PW	7242176	0	1	43200	2	0	43200
S027_DAY1_MINITWICE_5495	122	Response	51	7260876	18700	1
S027_DAY1_MINITWICE_5495	122	Picture	116_T_PWTRIAD_PW_charco_red.png	7285376	43200	1	1900	2	43200	1800
S027_DAY1_MINITWICE_5495	123	Picture	RW	7287576	0	1	43200	2	0	43200
S027_DAY1_MINITWICE_5495	123	Response	51	7310094	22518	1
S027_DAY1_MINITWICE_5495	123	Picture	117_T_RWTRIAD_RW_telarana_red.png	7330776	43200	1	1900	2	43200	1800
S027_DAY1_MINITWICE_5495	124	Picture	RW	7333076	0	1	43100	2	0	43200
S027_DAY1_MINITWICE_5495	124	Response	51	7364618	31542	2
S027_DAY1_MINITWICE_5495	124	Picture	118_T_RWTRIAD_RW_martillo_red.png	7376176	43100	1	1900	2	43200	1800
S027_DAY1_MINITWICE_5495	125	Picture	RW	7378376	0	1	43200	2	0	43200
S027_DAY1_MINITWICE_5495	125	Response	51	7401263	22887	1
S027_DAY1_MINITWICE_5495	125	Picture	119_T_RWTRIAD_RW_granjero_red.png	7421576	43200	1	1880	43	43200	1800
S027_DAY1_MINITWICE_5495	126	Picture	RW	7423876	0	1	43099	3	0	43200
S027_DAY1_MINITWICE_5495	126	Response	51	7445233	21357	1
S027_DAY1_MINITWICE_5495	126	Picture	120_T_RWTRIAD_RW_candado_red.png	7466975	43099	2	1900	4	43200	1800
S027_DAY1_MINITWICE_5495	127	Picture	rest	7468975	0	2	144100	3	0	144000
S027_DAY1_MINITWICE_5495	128	Picture	endrest	7613175	0	1	10100	2	0	10000
S027_DAY1_MINITWICE_5495	129	Picture	FF	7623675	0	1	43100	2	0	43200
S027_DAY1_MINITWICE_5495	129	Response	51	7645693	22018	2
S027_DAY1_MINITWICE_5495	129	Picture	123_T_FFTRIAD_FF_martillo_red.png	7666775	43100	1	1900	2	43200	1800
S027_DAY1_MINITWICE_5495	130	Picture	FF	7668975	0	1	43200	2	0	43200
S027_DAY1_MINITWICE_5495	130	Response	51	7683124	14149	1
S027_DAY1_MINITWICE_5495	130	Picture	124_T_FFTRIAD_FF_sapo_red.png	7712175	43200	1	1900	2	43200	1800
S027_DAY1_MINITWICE_5495	131	Picture	FF	7714375	0	1	43200	2	0	43200
S027_DAY1_MINITWICE_5495	131	Response	52	7744895	30520	1
S027_DAY1_MINITWICE_5495	131	Picture	125_T_FFTRIAD_FF_molino_red.png	7757575	43200	1	1899	3	43200	1800
S027_DAY1_MINITWICE_5495	132	Picture	FF	7759874	0	2	43100	3	0	43200
S027_DAY1_MINITWICE_5495	132	Response	52	7788681	28807	2
S027_DAY1_MINITWICE_5495	132	Picture	126_T_FFTRIAD_FF_huevos_red.png	7802974	43100	1	1900	2	43200	1800
S027_DAY1_MINITWICE_5495	133	Picture	FF	7805174	0	1	43200	2	0	43200
S027_DAY1_MINITWICE_5495	133	Response	51	7824635	19461	41
S027_DAY1_MINITWICE_5495	133	Picture	127_T_FFTRIAD_FF_cuento_red.png	7848374	43200	1	1900	2	43200	1800
S027_DAY1_MINITWICE_5495	134	Picture	FF	7850674	0	1	43100	2	0	43200
S027_DAY1_MINITWICE_5495	134	Response	51	7879868	29194	1
S027_DAY1_MINITWICE_5495	134	Picture	128_T_FFTRIAD_FF_traje_red.png	7893774	43100	1	1900	2	43200	1800
S027_DAY1_MINITWICE_5495	135	Picture	FF	7895974	0	1	43100	2	0	43200
S027_DAY1_MINITWICE_5495	135	Response	51	7924619	28645	1
S027_DAY1_MINITWICE_5495	135	Picture	129_T_FFTRIAD_FF_television_red.png	7939074	43100	1	1900	2	43200	1800
S027_DAY1_MINITWICE_5495	136	Picture	FF	7941274	0	1	43200	2	0	43200
S027_DAY1_MINITWICE_5495	136	Response	52	7964476	23202	1
S027_DAY1_MINITWICE_5495	136	Picture	130_T_FFTRIAD_FF_grifo_red.png	7984474	43200	1	1900	2	43200	1800
S027_DAY1_MINITWICE_5495	137	Picture	rest	7986474	0	1	144099	2	0	144000
S027_DAY1_MINITWICE_5495	138	Picture	endrest	8130673	0	1	10100	2	0	10000
S027_DAY1_MINITWICE_5495	139	Picture	PW	8141073	0	1	43200	2	0	43200
S027_DAY1_MINITWICE_5495	139	Response	52	8165149	24076	1
S027_DAY1_MINITWICE_5495	139	Picture	133_T_PWTRIAD_PW_lenador_red.png	8184273	43200	1	1900	2	43200	1800
S027_DAY1_MINITWICE_5495	140	Picture	PW	8186473	0	1	43200	2	0	43200
S027_DAY1_MINITWICE_5495	140	Response	51	8215141	28668	1
S027_DAY1_MINITWICE_5495	140	Picture	134_T_PWTRIAD_PW_esquimal_red.png	8229673	43200	1	1900	2	43200	1800
S027_DAY1_MINITWICE_5495	141	Picture	PW	8231873	0	1	43200	2	0	43200
S027_DAY1_MINITWICE_5495	141	Response	51	8257118	25245	1
S027_DAY1_MINITWICE_5495	141	Picture	135_T_PWTRIAD_PW_arco_red.png	8275073	43200	1	1900	2	43200	1800
S027_DAY1_MINITWICE_5495	142	Picture	PW	8277273	0	1	43200	2	0	43200
S027_DAY1_MINITWICE_5495	142	Response	52	8303655	26382	1
S027_DAY1_MINITWICE_5495	142	Picture	136_T_PWTRIAD_PW_sobre_red.png	8320473	43200	1	1900	2	43200	1800
S027_DAY1_MINITWICE_5495	143	Picture	rest	8322473	0	1	144099	2	0	144000
S027_DAY1_MINITWICE_5495	144	Picture	endrest	8466672	0	1	10100	2	0	10000
S027_DAY1_MINITWICE_5495	145	Picture	endrest	8476872	0	1	10100	2	0	10000
S027_DAY1_MINITWICE_5495	146	Picture	endrest	8487072	0	1	10100	2	0	10000
S027_DAY1_MINITWICE_5495	147	Picture	endrest	8497272	0	1	10100	2	0	10000
