Scenario - vOT_Triads_fMRI_I
Logfile written - 03/09/2016 13:37:58

Subject	Trial	Event Type	Code	Time	TTime	Uncertainty	Duration	Uncertainty	ReqTime	ReqDur

S028_DAY2_MINITWICE_4092	1	Response	51	315682	325582	1
S028_DAY2_MINITWICE_4092	1	Response	52	320986	330886	1
S028_DAY2_MINITWICE_4092	1	Response	51	361511	371411	1
S028_DAY2_MINITWICE_4092	1	Response	52	382187	392087	1
S028_DAY2_MINITWICE_4092	1	Response	98	545060	554960	1
S028_DAY2_MINITWICE_4092	2	Response	52	570997	25799	1
S028_DAY2_MINITWICE_4092	2	Response	98	603577	58379	1
S028_DAY2_MINITWICE_4092	3	Response	52	633428	29731	1
S028_DAY2_MINITWICE_4092	3	Response	98	646937	43240	1
S028_DAY2_MINITWICE_4092	4	Response	52	660091	12994	1
S028_DAY2_MINITWICE_4092	4	Response	98	676742	29645	1
S028_DAY2_MINITWICE_4092	6	Pulse	99	1054173	377275	NA
S028_DAY2_MINITWICE_4092	6	Port Input	1	1054173	377275	NA
S028_DAY2_MINITWICE_4092	6	Pulse	99	1090174	413276	NA
S028_DAY2_MINITWICE_4092	6	Port Input	1	1090174	413276	NA
S028_DAY2_MINITWICE_4092	6	Pulse	99	1126175	449277	NA
S028_DAY2_MINITWICE_4092	6	Port Input	1	1126175	449277	NA
S028_DAY2_MINITWICE_4092	6	Pulse	99	1162176	485278	NA
S028_DAY2_MINITWICE_4092	6	Port Input	1	1162176	485278	NA
S028_DAY2_MINITWICE_4092	6	Pulse	99	1198177	521279	NA
S028_DAY2_MINITWICE_4092	6	Port Input	1	1198177	521279	NA
S028_DAY2_MINITWICE_4092	7	Picture	rest	1198396	0	1	144099	2	0	144000
S028_DAY2_MINITWICE_4092	7	Pulse	99	1234178	35782	NA
S028_DAY2_MINITWICE_4092	7	Port Input	1	1234178	35782	NA
S028_DAY2_MINITWICE_4092	7	Pulse	99	1270179	71783	NA
S028_DAY2_MINITWICE_4092	7	Port Input	1	1270179	71783	NA
S028_DAY2_MINITWICE_4092	7	Pulse	99	1306180	107784	NA
S028_DAY2_MINITWICE_4092	7	Port Input	1	1306180	107784	NA
S028_DAY2_MINITWICE_4092	7	Pulse	99	1342181	143785	NA
S028_DAY2_MINITWICE_4092	7	Port Input	1	1342181	143785	NA
S028_DAY2_MINITWICE_4092	8	Picture	endrest	1342595	0	1	10100	2	0	10000
S028_DAY2_MINITWICE_4092	9	Picture	FF	1352995	0	1	43200	2	0	43200
S028_DAY2_MINITWICE_4092	9	Response	51	1365366	12371	1
S028_DAY2_MINITWICE_4092	9	Pulse	99	1378183	25188	NA
S028_DAY2_MINITWICE_4092	9	Port Input	1	1378183	25188	NA
S028_DAY2_MINITWICE_4092	9	Picture	3_T_FFTRIAD_FF_cuento_red.png	1396195	43200	1	1900	2	43200	1800
S028_DAY2_MINITWICE_4092	10	Picture	FF	1398495	0	1	43100	2	0	43200
S028_DAY2_MINITWICE_4092	10	Pulse	99	1414184	15689	NA
S028_DAY2_MINITWICE_4092	10	Port Input	1	1414184	15689	NA
S028_DAY2_MINITWICE_4092	10	Response	52	1416031	17536	2
S028_DAY2_MINITWICE_4092	10	Picture	4_T_FFTRIAD_FF_raton_red.png	1441595	43100	1	1900	2	43200	1800
S028_DAY2_MINITWICE_4092	11	Picture	FF	1443795	0	1	43200	2	0	43200
S028_DAY2_MINITWICE_4092	11	Pulse	99	1450185	6390	NA
S028_DAY2_MINITWICE_4092	11	Port Input	1	1450185	6390	NA
S028_DAY2_MINITWICE_4092	11	Response	51	1456716	12921	1
S028_DAY2_MINITWICE_4092	11	Pulse	99	1486186	42391	NA
S028_DAY2_MINITWICE_4092	11	Port Input	1	1486186	42391	NA
S028_DAY2_MINITWICE_4092	11	Picture	5_T_FFTRIAD_FF_ancla_red.png	1486995	43200	1	1900	2	43200	1800
S028_DAY2_MINITWICE_4092	12	Picture	FF	1489195	0	1	43200	2	0	43200
S028_DAY2_MINITWICE_4092	12	Response	52	1513810	24615	1
S028_DAY2_MINITWICE_4092	12	Pulse	99	1522187	32992	NA
S028_DAY2_MINITWICE_4092	12	Port Input	1	1522187	32992	NA
S028_DAY2_MINITWICE_4092	12	Picture	6_T_FFTRIAD_FF_policia_red.png	1532395	43200	1	1900	2	43200	1800
S028_DAY2_MINITWICE_4092	13	Picture	FF	1534795	0	1	43099	3	0	43200
S028_DAY2_MINITWICE_4092	13	Response	51	1554112	19317	1
S028_DAY2_MINITWICE_4092	13	Pulse	99	1558188	23393	NA
S028_DAY2_MINITWICE_4092	13	Port Input	1	1558188	23393	NA
S028_DAY2_MINITWICE_4092	13	Picture	7_T_FFTRIAD_FF_piramide_red.png	1577894	43099	2	1900	4	43200	1800
S028_DAY2_MINITWICE_4092	14	Picture	FF	1580094	0	2	43100	3	0	43200
S028_DAY2_MINITWICE_4092	14	Pulse	99	1594189	14095	NA
S028_DAY2_MINITWICE_4092	14	Port Input	1	1594189	14095	NA
S028_DAY2_MINITWICE_4092	14	Response	51	1596930	16836	1
S028_DAY2_MINITWICE_4092	14	Picture	8_T_FFTRIAD_FF_novia_red.png	1623194	43100	1	1900	2	43200	1800
S028_DAY2_MINITWICE_4092	15	Picture	FF	1625394	0	1	43200	2	0	43200
S028_DAY2_MINITWICE_4092	15	Pulse	99	1630190	4796	NA
S028_DAY2_MINITWICE_4092	15	Port Input	1	1630190	4796	NA
S028_DAY2_MINITWICE_4092	15	Response	51	1640189	14795	1
S028_DAY2_MINITWICE_4092	15	Pulse	99	1666191	40797	NA
S028_DAY2_MINITWICE_4092	15	Port Input	1	1666191	40797	NA
S028_DAY2_MINITWICE_4092	15	Picture	9_T_FFTRIAD_FF_zanahoria_red.png	1668594	43200	1	1900	2	43200	1800
S028_DAY2_MINITWICE_4092	16	Picture	FF	1670794	0	1	43200	2	0	43200
S028_DAY2_MINITWICE_4092	16	Response	51	1690910	20116	1
S028_DAY2_MINITWICE_4092	16	Pulse	99	1702192	31398	NA
S028_DAY2_MINITWICE_4092	16	Port Input	1	1702192	31398	NA
S028_DAY2_MINITWICE_4092	16	Picture	10_T_FFTRIAD_FF_lenador_red.png	1713994	43200	1	1900	2	43200	1800
S028_DAY2_MINITWICE_4092	17	Picture	rest	1715994	0	1	144100	2	0	144000
S028_DAY2_MINITWICE_4092	17	Pulse	99	1738194	22200	NA
S028_DAY2_MINITWICE_4092	17	Port Input	1	1738194	22200	NA
S028_DAY2_MINITWICE_4092	17	Pulse	99	1774195	58201	NA
S028_DAY2_MINITWICE_4092	17	Port Input	1	1774195	58201	NA
S028_DAY2_MINITWICE_4092	17	Pulse	99	1810196	94202	NA
S028_DAY2_MINITWICE_4092	17	Port Input	1	1810196	94202	NA
S028_DAY2_MINITWICE_4092	17	Pulse	99	1846197	130203	NA
S028_DAY2_MINITWICE_4092	17	Port Input	1	1846197	130203	NA
S028_DAY2_MINITWICE_4092	18	Picture	endrest	1860194	0	1	10099	3	0	10000
S028_DAY2_MINITWICE_4092	19	Picture	FF	1870594	0	1	43199	2	0	43200
S028_DAY2_MINITWICE_4092	19	Pulse	99	1882198	11604	NA
S028_DAY2_MINITWICE_4092	19	Port Input	1	1882198	11604	NA
S028_DAY2_MINITWICE_4092	19	Response	51	1894124	23530	1
S028_DAY2_MINITWICE_4092	19	Picture	13_T_FFTRIAD_FF_arbol_red.png	1913793	43199	1	1900	3	43200	1800
S028_DAY2_MINITWICE_4092	20	Picture	FF	1916093	0	2	43100	3	0	43200
S028_DAY2_MINITWICE_4092	20	Pulse	99	1918199	2106	NA
S028_DAY2_MINITWICE_4092	20	Port Input	1	1918199	2106	NA
S028_DAY2_MINITWICE_4092	20	Response	52	1949325	33232	1
S028_DAY2_MINITWICE_4092	20	Pulse	99	1954200	38107	NA
S028_DAY2_MINITWICE_4092	20	Port Input	1	1954200	38107	NA
S028_DAY2_MINITWICE_4092	20	Picture	14_T_FFTRIAD_FF_granjero_red.png	1959193	43100	1	1900	2	43200	1800
S028_DAY2_MINITWICE_4092	21	Picture	FF	1961393	0	1	43100	2	0	43200
S028_DAY2_MINITWICE_4092	21	Response	52	1985559	24166	1
S028_DAY2_MINITWICE_4092	21	Pulse	99	1990201	28808	NA
S028_DAY2_MINITWICE_4092	21	Port Input	1	1990201	28808	NA
S028_DAY2_MINITWICE_4092	21	Picture	15_T_FFTRIAD_FF_telarana_red.png	2004493	43100	1	1900	2	43200	1800
S028_DAY2_MINITWICE_4092	22	Picture	FF	2006693	0	1	43100	2	0	43200
S028_DAY2_MINITWICE_4092	22	Pulse	99	2026202	19509	NA
S028_DAY2_MINITWICE_4092	22	Port Input	1	2026202	19509	NA
S028_DAY2_MINITWICE_4092	22	Response	52	2039147	32454	2
S028_DAY2_MINITWICE_4092	22	Picture	16_T_FFTRIAD_FF_plato_red.png	2049793	43100	1	1900	2	43200	1800
S028_DAY2_MINITWICE_4092	23	Picture	RW	2052193	0	1	43100	2	0	43200
S028_DAY2_MINITWICE_4092	23	Pulse	99	2062204	10011	NA
S028_DAY2_MINITWICE_4092	23	Port Input	1	2062204	10011	NA
S028_DAY2_MINITWICE_4092	23	Response	52	2070381	18188	1
S028_DAY2_MINITWICE_4092	23	Picture	17_T_RWTRIAD_RW_destornillador_red.png	2095293	43100	1	1900	2	43200	1800
S028_DAY2_MINITWICE_4092	24	Picture	RW	2097493	0	1	43100	2	0	43200
S028_DAY2_MINITWICE_4092	24	Pulse	99	2098205	712	NA
S028_DAY2_MINITWICE_4092	24	Port Input	1	2098205	712	NA
S028_DAY2_MINITWICE_4092	24	Response	52	2123827	26334	1
S028_DAY2_MINITWICE_4092	24	Pulse	99	2134206	36713	NA
S028_DAY2_MINITWICE_4092	24	Port Input	1	2134206	36713	NA
S028_DAY2_MINITWICE_4092	24	Picture	18_T_RWTRIAD_RW_tijera_red.png	2140593	43100	1	1900	2	43200	1800
S028_DAY2_MINITWICE_4092	25	Picture	RW	2142893	0	1	43100	2	0	43200
S028_DAY2_MINITWICE_4092	25	Response	51	2168768	25875	1
S028_DAY2_MINITWICE_4092	25	Pulse	99	2170207	27314	NA
S028_DAY2_MINITWICE_4092	25	Port Input	1	2170207	27314	NA
S028_DAY2_MINITWICE_4092	25	Picture	19_T_RWTRIAD_RW_botella_red.png	2185993	43100	1	1900	2	43200	1800
S028_DAY2_MINITWICE_4092	26	Picture	RW	2188093	0	1	43199	3	0	43200
S028_DAY2_MINITWICE_4092	26	Pulse	99	2206208	18115	NA
S028_DAY2_MINITWICE_4092	26	Port Input	1	2206208	18115	NA
S028_DAY2_MINITWICE_4092	26	Response	52	2208261	20168	2
S028_DAY2_MINITWICE_4092	26	Picture	20_T_RWTRIAD_RW_cinturon_red.png	2231292	43199	2	1900	4	43200	1800
S028_DAY2_MINITWICE_4092	27	Picture	rest	2233292	0	2	144100	3	0	144000
S028_DAY2_MINITWICE_4092	27	Pulse	99	2242209	8917	NA
S028_DAY2_MINITWICE_4092	27	Port Input	1	2242209	8917	NA
S028_DAY2_MINITWICE_4092	27	Pulse	99	2278210	44918	NA
S028_DAY2_MINITWICE_4092	27	Port Input	1	2278210	44918	NA
S028_DAY2_MINITWICE_4092	27	Pulse	99	2314211	80919	NA
S028_DAY2_MINITWICE_4092	27	Port Input	1	2314211	80919	NA
S028_DAY2_MINITWICE_4092	27	Pulse	99	2350212	116920	NA
S028_DAY2_MINITWICE_4092	27	Port Input	1	2350212	116920	NA
S028_DAY2_MINITWICE_4092	28	Picture	endrest	2377492	0	1	10100	2	0	10000
S028_DAY2_MINITWICE_4092	28	Pulse	99	2386213	8721	NA
S028_DAY2_MINITWICE_4092	28	Port Input	1	2386213	8721	NA
S028_DAY2_MINITWICE_4092	29	Picture	RW	2387892	0	1	43100	2	0	43200
S028_DAY2_MINITWICE_4092	29	Response	52	2404802	16910	1
S028_DAY2_MINITWICE_4092	29	Pulse	99	2422215	34323	NA
S028_DAY2_MINITWICE_4092	29	Port Input	1	2422215	34323	NA
S028_DAY2_MINITWICE_4092	29	Picture	23_T_RWTRIAD_RW_silla_red.png	2430992	43100	1	1900	2	43200	1800
S028_DAY2_MINITWICE_4092	30	Picture	RW	2433192	0	1	43100	2	0	43200
S028_DAY2_MINITWICE_4092	30	Response	51	2454885	21693	1
S028_DAY2_MINITWICE_4092	30	Pulse	99	2458216	25024	NA
S028_DAY2_MINITWICE_4092	30	Port Input	1	2458216	25024	NA
S028_DAY2_MINITWICE_4092	30	Picture	24_T_RWTRIAD_RW_ascensor_red.png	2476292	43100	1	1900	2	43200	1800
S028_DAY2_MINITWICE_4092	31	Picture	RW	2478592	0	1	43200	2	0	43200
S028_DAY2_MINITWICE_4092	31	Pulse	99	2494217	15625	NA
S028_DAY2_MINITWICE_4092	31	Port Input	1	2494217	15625	NA
S028_DAY2_MINITWICE_4092	31	Response	51	2500989	22397	1
S028_DAY2_MINITWICE_4092	31	Picture	25_T_RWTRIAD_RW_iglu_red.png	2521792	43200	1	1900	2	43200	1800
S028_DAY2_MINITWICE_4092	32	Picture	RW	2524091	0	2	43100	4	0	43200
S028_DAY2_MINITWICE_4092	32	Pulse	99	2530218	6127	NA
S028_DAY2_MINITWICE_4092	32	Port Input	1	2530218	6127	NA
S028_DAY2_MINITWICE_4092	32	Response	52	2545621	21530	2
S028_DAY2_MINITWICE_4092	32	Pulse	99	2566219	42128	NA
S028_DAY2_MINITWICE_4092	32	Port Input	1	2566219	42128	NA
S028_DAY2_MINITWICE_4092	32	Picture	26_T_RWTRIAD_RW_martillo_red.png	2567191	43100	2	1900	3	43200	1800
S028_DAY2_MINITWICE_4092	33	Picture	FF	2569491	0	2	43200	3	0	43200
S028_DAY2_MINITWICE_4092	33	Response	51	2586116	16625	1
S028_DAY2_MINITWICE_4092	33	Pulse	99	2602220	32729	NA
S028_DAY2_MINITWICE_4092	33	Port Input	1	2602220	32729	NA
S028_DAY2_MINITWICE_4092	33	Picture	27_T_FFTRIAD_FF_lana_red.png	2612691	43200	1	1900	2	43200	1800
S028_DAY2_MINITWICE_4092	34	Picture	FF	2614891	0	1	43200	2	0	43200
S028_DAY2_MINITWICE_4092	34	Response	51	2634126	19235	1
S028_DAY2_MINITWICE_4092	34	Pulse	99	2638221	23330	NA
S028_DAY2_MINITWICE_4092	34	Port Input	1	2638221	23330	NA
S028_DAY2_MINITWICE_4092	34	Picture	28_T_FFTRIAD_FF_agua_red.png	2658091	43200	1	1900	2	43200	1800
S028_DAY2_MINITWICE_4092	35	Picture	FF	2660291	0	1	43200	2	0	43200
S028_DAY2_MINITWICE_4092	35	Pulse	99	2674222	13931	NA
S028_DAY2_MINITWICE_4092	35	Port Input	1	2674222	13931	NA
S028_DAY2_MINITWICE_4092	35	Response	51	2682680	22389	1
S028_DAY2_MINITWICE_4092	35	Picture	29_T_FFTRIAD_FF_television_red.png	2703491	43200	1	1900	2	43200	1800
S028_DAY2_MINITWICE_4092	36	Picture	FF	2705791	0	1	43100	2	0	43200
S028_DAY2_MINITWICE_4092	36	Pulse	99	2710223	4432	NA
S028_DAY2_MINITWICE_4092	36	Port Input	1	2710223	4432	NA
S028_DAY2_MINITWICE_4092	36	Response	52	2724599	18808	1
S028_DAY2_MINITWICE_4092	36	Pulse	99	2746224	40433	NA
S028_DAY2_MINITWICE_4092	36	Port Input	1	2746224	40433	NA
S028_DAY2_MINITWICE_4092	36	Picture	30_T_FFTRIAD_FF_paraguas_red.png	2748891	43100	1	1900	2	43200	1800
S028_DAY2_MINITWICE_4092	37	Picture	rest	2750891	0	1	144099	2	0	144000
S028_DAY2_MINITWICE_4092	37	Pulse	99	2782226	31335	NA
S028_DAY2_MINITWICE_4092	37	Port Input	1	2782226	31335	NA
S028_DAY2_MINITWICE_4092	37	Pulse	99	2818227	67336	NA
S028_DAY2_MINITWICE_4092	37	Port Input	1	2818227	67336	NA
S028_DAY2_MINITWICE_4092	37	Pulse	99	2854228	103337	NA
S028_DAY2_MINITWICE_4092	37	Port Input	1	2854228	103337	NA
S028_DAY2_MINITWICE_4092	37	Pulse	99	2890229	139338	NA
S028_DAY2_MINITWICE_4092	37	Port Input	1	2890229	139338	NA
S028_DAY2_MINITWICE_4092	38	Picture	endrest	2895090	0	1	10100	2	0	10000
S028_DAY2_MINITWICE_4092	39	Picture	FF	2905690	0	1	43100	2	0	43200
S028_DAY2_MINITWICE_4092	39	Response	52	2922046	16356	1
S028_DAY2_MINITWICE_4092	39	Pulse	99	2926230	20540	NA
S028_DAY2_MINITWICE_4092	39	Port Input	1	2926230	20540	NA
S028_DAY2_MINITWICE_4092	39	Picture	33_T_FFTRIAD_FF_manos_red.png	2948790	43100	1	1900	2	43200	1800
S028_DAY2_MINITWICE_4092	40	Picture	FF	2950990	0	1	43200	2	0	43200
S028_DAY2_MINITWICE_4092	40	Pulse	99	2962231	11241	NA
S028_DAY2_MINITWICE_4092	40	Port Input	1	2962231	11241	NA
S028_DAY2_MINITWICE_4092	40	Response	52	2968782	17792	1
S028_DAY2_MINITWICE_4092	40	Picture	34_T_FFTRIAD_FF_cinturon_red.png	2994190	43200	1	1900	2	43200	1800
S028_DAY2_MINITWICE_4092	41	Picture	FF	2996390	0	1	43100	2	0	43200
S028_DAY2_MINITWICE_4092	41	Pulse	99	2998232	1842	NA
S028_DAY2_MINITWICE_4092	41	Port Input	1	2998232	1842	NA
S028_DAY2_MINITWICE_4092	41	Response	52	3015586	19196	1
S028_DAY2_MINITWICE_4092	41	Pulse	99	3034233	37843	NA
S028_DAY2_MINITWICE_4092	41	Port Input	1	3034233	37843	NA
S028_DAY2_MINITWICE_4092	41	Picture	35_T_FFTRIAD_FF_huevos_red.png	3039490	43100	1	1900	2	43200	1800
S028_DAY2_MINITWICE_4092	42	Picture	FF	3041690	0	1	43200	2	0	43200
S028_DAY2_MINITWICE_4092	42	Response	51	3060955	19265	1
S028_DAY2_MINITWICE_4092	42	Pulse	99	3070234	28544	NA
S028_DAY2_MINITWICE_4092	42	Port Input	1	3070234	28544	NA
S028_DAY2_MINITWICE_4092	42	Picture	36_T_FFTRIAD_FF_teclado_red.png	3084890	43200	1	1900	2	43200	1800
S028_DAY2_MINITWICE_4092	43	Picture	FF	3087290	0	1	43100	2	0	43200
S028_DAY2_MINITWICE_4092	43	Response	51	3101661	14371	1
S028_DAY2_MINITWICE_4092	43	Pulse	99	3106236	18946	NA
S028_DAY2_MINITWICE_4092	43	Port Input	1	3106236	18946	NA
S028_DAY2_MINITWICE_4092	43	Picture	37_T_FFTRIAD_FF_llave_red.png	3130390	43100	1	1900	2	43200	1800
S028_DAY2_MINITWICE_4092	44	Picture	FF	3132590	0	1	43199	3	0	43200
S028_DAY2_MINITWICE_4092	44	Pulse	99	3142237	9647	NA
S028_DAY2_MINITWICE_4092	44	Port Input	1	3142237	9647	NA
S028_DAY2_MINITWICE_4092	44	Response	51	3146612	14022	2
S028_DAY2_MINITWICE_4092	44	Picture	38_T_FFTRIAD_FF_tenedor_red.png	3175789	43199	2	1901	3	43200	1800
S028_DAY2_MINITWICE_4092	45	Picture	FF	3177989	0	2	43100	3	0	43200
S028_DAY2_MINITWICE_4092	45	Pulse	99	3178238	249	NA
S028_DAY2_MINITWICE_4092	45	Port Input	1	3178238	249	NA
S028_DAY2_MINITWICE_4092	45	Response	52	3191147	13158	1
S028_DAY2_MINITWICE_4092	45	Pulse	99	3214239	36250	NA
S028_DAY2_MINITWICE_4092	45	Port Input	1	3214239	36250	NA
S028_DAY2_MINITWICE_4092	45	Picture	39_T_FFTRIAD_FF_molino_red.png	3221089	43100	1	1900	2	43200	1800
S028_DAY2_MINITWICE_4092	46	Picture	FF	3223289	0	1	43100	2	0	43200
S028_DAY2_MINITWICE_4092	46	Response	51	3242437	19148	1
S028_DAY2_MINITWICE_4092	46	Pulse	99	3250240	26951	NA
S028_DAY2_MINITWICE_4092	46	Port Input	1	3250240	26951	NA
S028_DAY2_MINITWICE_4092	46	Picture	40_T_FFTRIAD_FF_estetoscopio_red.png	3266389	43100	1	1900	2	43200	1800
S028_DAY2_MINITWICE_4092	47	Picture	rest	3268389	0	1	144100	2	0	144000
S028_DAY2_MINITWICE_4092	47	Pulse	99	3286241	17852	NA
S028_DAY2_MINITWICE_4092	47	Port Input	1	3286241	17852	NA
S028_DAY2_MINITWICE_4092	47	Pulse	99	3322242	53853	NA
S028_DAY2_MINITWICE_4092	47	Port Input	1	3322242	53853	NA
S028_DAY2_MINITWICE_4092	47	Pulse	99	3358243	89854	NA
S028_DAY2_MINITWICE_4092	47	Port Input	1	3358243	89854	NA
S028_DAY2_MINITWICE_4092	47	Pulse	99	3394244	125855	NA
S028_DAY2_MINITWICE_4092	47	Port Input	1	3394244	125855	NA
S028_DAY2_MINITWICE_4092	48	Picture	endrest	3412589	0	1	10100	2	0	10000
S028_DAY2_MINITWICE_4092	49	Picture	RW	3423089	0	1	43100	2	0	43200
S028_DAY2_MINITWICE_4092	49	Pulse	99	3430246	7157	NA
S028_DAY2_MINITWICE_4092	49	Port Input	1	3430246	7157	NA
S028_DAY2_MINITWICE_4092	49	Response	52	3441827	18738	1
S028_DAY2_MINITWICE_4092	49	Picture	43_T_RWTRIAD_RW_monja_red.png	3466189	43100	1	1900	2	43200	1800
S028_DAY2_MINITWICE_4092	49	Pulse	99	3466247	43158	NA
S028_DAY2_MINITWICE_4092	49	Port Input	1	3466247	43158	NA
S028_DAY2_MINITWICE_4092	50	Picture	RW	3468489	0	1	43099	3	0	43200
S028_DAY2_MINITWICE_4092	50	Response	52	3489477	20988	1
S028_DAY2_MINITWICE_4092	50	Pulse	99	3502248	33759	NA
S028_DAY2_MINITWICE_4092	50	Port Input	1	3502248	33759	NA
S028_DAY2_MINITWICE_4092	50	Picture	44_T_RWTRIAD_RW_sobre_red.png	3511588	43099	2	1900	4	43200	1800
S028_DAY2_MINITWICE_4092	51	Picture	RW	3513888	0	2	43100	3	0	43200
S028_DAY2_MINITWICE_4092	51	Response	52	3537238	23350	1
S028_DAY2_MINITWICE_4092	51	Pulse	99	3538249	24361	NA
S028_DAY2_MINITWICE_4092	51	Port Input	1	3538249	24361	NA
S028_DAY2_MINITWICE_4092	51	Picture	45_T_RWTRIAD_RW_pluma_red.png	3556988	43100	1	1900	2	43200	1800
S028_DAY2_MINITWICE_4092	52	Picture	RW	3559188	0	1	43200	2	0	43200
S028_DAY2_MINITWICE_4092	52	Pulse	99	3574250	15062	NA
S028_DAY2_MINITWICE_4092	52	Port Input	1	3574250	15062	NA
S028_DAY2_MINITWICE_4092	52	Response	51	3580518	21330	1
S028_DAY2_MINITWICE_4092	52	Picture	46_T_RWTRIAD_RW_ancla_red.png	3602388	43200	1	1900	2	43200	1800
S028_DAY2_MINITWICE_4092	53	Picture	FF	3604788	0	1	43100	2	0	43200
S028_DAY2_MINITWICE_4092	53	Pulse	99	3610251	5463	NA
S028_DAY2_MINITWICE_4092	53	Port Input	1	3610251	5463	NA
S028_DAY2_MINITWICE_4092	53	Response	52	3617393	12605	1
S028_DAY2_MINITWICE_4092	53	Pulse	99	3646252	41464	NA
S028_DAY2_MINITWICE_4092	53	Port Input	1	3646252	41464	NA
S028_DAY2_MINITWICE_4092	53	Picture	47_T_FFTRIAD_FF_mono_red.png	3647888	43100	1	1900	2	43200	1800
S028_DAY2_MINITWICE_4092	54	Picture	FF	3650088	0	1	43200	2	0	43200
S028_DAY2_MINITWICE_4092	54	Pulse	99	3682253	32165	NA
S028_DAY2_MINITWICE_4092	54	Port Input	1	3682253	32165	NA
S028_DAY2_MINITWICE_4092	54	Response	52	3683691	33603	1
S028_DAY2_MINITWICE_4092	54	Picture	48_T_FFTRIAD_FF_grifo_red.png	3693288	43200	1	1900	2	43200	1800
S028_DAY2_MINITWICE_4092	55	Picture	FF	3695588	0	1	43100	2	0	43200
S028_DAY2_MINITWICE_4092	55	Pulse	99	3718254	22666	NA
S028_DAY2_MINITWICE_4092	55	Port Input	1	3718254	22666	NA
S028_DAY2_MINITWICE_4092	55	Response	51	3721091	25503	2
S028_DAY2_MINITWICE_4092	55	Picture	49_T_FFTRIAD_FF_leche_red.png	3738688	43100	1	1900	2	43200	1800
S028_DAY2_MINITWICE_4092	56	Picture	FF	3740888	0	1	43200	2	0	43200
S028_DAY2_MINITWICE_4092	56	Pulse	99	3754255	13367	NA
S028_DAY2_MINITWICE_4092	56	Port Input	1	3754255	13367	NA
S028_DAY2_MINITWICE_4092	56	Picture	50_T_FFTRIAD_FF_anillo_red.png	3784088	43200	1	1900	2	43200	1800
S028_DAY2_MINITWICE_4092	57	Picture	rest	3786088	0	1	144099	2	0	144000
S028_DAY2_MINITWICE_4092	57	Response	51	3787885	1797	1
S028_DAY2_MINITWICE_4092	57	Pulse	99	3790257	4169	NA
S028_DAY2_MINITWICE_4092	57	Port Input	1	3790257	4169	NA
S028_DAY2_MINITWICE_4092	57	Pulse	99	3826258	40170	NA
S028_DAY2_MINITWICE_4092	57	Port Input	1	3826258	40170	NA
S028_DAY2_MINITWICE_4092	57	Pulse	99	3862259	76171	NA
S028_DAY2_MINITWICE_4092	57	Port Input	1	3862259	76171	NA
S028_DAY2_MINITWICE_4092	57	Pulse	99	3898260	112172	NA
S028_DAY2_MINITWICE_4092	57	Port Input	1	3898260	112172	NA
S028_DAY2_MINITWICE_4092	58	Picture	endrest	3930287	0	1	10100	2	0	10000
S028_DAY2_MINITWICE_4092	58	Pulse	99	3934261	3974	NA
S028_DAY2_MINITWICE_4092	58	Port Input	1	3934261	3974	NA
S028_DAY2_MINITWICE_4092	59	Picture	RW	3940687	0	1	43100	2	0	43200
S028_DAY2_MINITWICE_4092	59	Response	52	3959663	18976	1
S028_DAY2_MINITWICE_4092	59	Pulse	99	3970262	29575	NA
S028_DAY2_MINITWICE_4092	59	Port Input	1	3970262	29575	NA
S028_DAY2_MINITWICE_4092	59	Picture	53_T_RWTRIAD_RW_television_red.png	3983787	43100	1	1900	2	43200	1800
S028_DAY2_MINITWICE_4092	60	Picture	RW	3985987	0	1	43200	2	0	43200
S028_DAY2_MINITWICE_4092	60	Pulse	99	4006263	20276	NA
S028_DAY2_MINITWICE_4092	60	Port Input	1	4006263	20276	NA
S028_DAY2_MINITWICE_4092	60	Response	51	4025829	39842	2
S028_DAY2_MINITWICE_4092	60	Picture	54_T_RWTRIAD_RW_perro_red.png	4029187	43200	1	1900	2	43200	1800
S028_DAY2_MINITWICE_4092	61	Picture	RW	4031387	0	2	43100	4	0	43200
S028_DAY2_MINITWICE_4092	61	Pulse	99	4042264	10877	NA
S028_DAY2_MINITWICE_4092	61	Port Input	1	4042264	10877	NA
S028_DAY2_MINITWICE_4092	61	Response	52	4056156	24769	1
S028_DAY2_MINITWICE_4092	61	Picture	55_T_RWTRIAD_RW_grapadora_red.png	4074487	43100	2	1900	3	43200	1800
S028_DAY2_MINITWICE_4092	62	Picture	RW	4076787	0	1	43099	4	0	43200
S028_DAY2_MINITWICE_4092	62	Pulse	99	4078265	1478	NA
S028_DAY2_MINITWICE_4092	62	Port Input	1	4078265	1478	NA
S028_DAY2_MINITWICE_4092	62	Response	52	4095433	18646	1
S028_DAY2_MINITWICE_4092	62	Pulse	99	4114266	37479	NA
S028_DAY2_MINITWICE_4092	62	Port Input	1	4114266	37479	NA
S028_DAY2_MINITWICE_4092	62	Picture	56_T_RWTRIAD_RW_raton_red.png	4119886	43099	3	1900	6	43200	1800
S028_DAY2_MINITWICE_4092	63	Picture	RW	4122186	0	3	43100	5	0	43200
S028_DAY2_MINITWICE_4092	63	Pulse	99	4150268	28082	NA
S028_DAY2_MINITWICE_4092	63	Port Input	1	4150268	28082	NA
S028_DAY2_MINITWICE_4092	63	Response	52	4152808	30622	1
S028_DAY2_MINITWICE_4092	63	Picture	57_T_RWTRIAD_RW_molino_red.png	4165286	43100	2	1900	4	43200	1800
S028_DAY2_MINITWICE_4092	64	Picture	RW	4167486	0	2	43100	4	0	43200
S028_DAY2_MINITWICE_4092	64	Pulse	99	4186269	18783	NA
S028_DAY2_MINITWICE_4092	64	Port Input	1	4186269	18783	NA
S028_DAY2_MINITWICE_4092	64	Response	52	4187050	19564	1
S028_DAY2_MINITWICE_4092	64	Picture	58_T_RWTRIAD_RW_agua_red.png	4210586	43100	2	1900	4	43200	1800
S028_DAY2_MINITWICE_4092	65	Picture	RW	4212886	0	2	43199	5	0	43200
S028_DAY2_MINITWICE_4092	65	Pulse	99	4222270	9384	NA
S028_DAY2_MINITWICE_4092	65	Port Input	1	4222270	9384	NA
S028_DAY2_MINITWICE_4092	65	Response	52	4229732	16846	2
S028_DAY2_MINITWICE_4092	65	Picture	59_T_RWTRIAD_RW_bellota_red.png	4256085	43199	3	1901	5	43200	1800
S028_DAY2_MINITWICE_4092	65	Pulse	99	4258271	45385	NA
S028_DAY2_MINITWICE_4092	65	Port Input	1	4258271	45385	NA
S028_DAY2_MINITWICE_4092	66	Picture	RW	4258285	0	3	43100	5	0	43200
S028_DAY2_MINITWICE_4092	66	Response	51	4276238	17953	1
S028_DAY2_MINITWICE_4092	66	Pulse	99	4294272	35987	NA
S028_DAY2_MINITWICE_4092	66	Port Input	1	4294272	35987	NA
S028_DAY2_MINITWICE_4092	66	Picture	60_T_RWTRIAD_RW_violin_red.png	4301385	43100	2	1900	4	43200	1800
S028_DAY2_MINITWICE_4092	67	Picture	rest	4303385	0	2	144100	4	0	144000
S028_DAY2_MINITWICE_4092	67	Pulse	99	4330273	26888	NA
S028_DAY2_MINITWICE_4092	67	Port Input	1	4330273	26888	NA
S028_DAY2_MINITWICE_4092	67	Pulse	99	4366274	62889	NA
S028_DAY2_MINITWICE_4092	67	Port Input	1	4366274	62889	NA
S028_DAY2_MINITWICE_4092	67	Pulse	99	4402275	98890	NA
S028_DAY2_MINITWICE_4092	67	Port Input	1	4402275	98890	NA
S028_DAY2_MINITWICE_4092	67	Pulse	99	4438276	134891	NA
S028_DAY2_MINITWICE_4092	67	Port Input	1	4438276	134891	NA
S028_DAY2_MINITWICE_4092	68	Picture	endrest	4447585	0	2	10100	4	0	10000
S028_DAY2_MINITWICE_4092	69	Picture	RW	4457985	0	2	43100	3	0	43200
S028_DAY2_MINITWICE_4092	69	Pulse	99	4474277	16292	NA
S028_DAY2_MINITWICE_4092	69	Port Input	1	4474277	16292	NA
S028_DAY2_MINITWICE_4092	69	Response	51	4496761	38776	1
S028_DAY2_MINITWICE_4092	69	Picture	63_T_RWTRIAD_RW_granjero_red.png	4501085	43100	1	1900	2	43200	1800
S028_DAY2_MINITWICE_4092	70	Picture	RW	4503285	0	1	43100	2	0	43200
S028_DAY2_MINITWICE_4092	70	Pulse	99	4510279	6994	NA
S028_DAY2_MINITWICE_4092	70	Port Input	1	4510279	6994	NA
S028_DAY2_MINITWICE_4092	70	Response	51	4523022	19737	1
S028_DAY2_MINITWICE_4092	70	Pulse	99	4546280	42995	NA
S028_DAY2_MINITWICE_4092	70	Port Input	1	4546280	42995	NA
S028_DAY2_MINITWICE_4092	70	Picture	64_T_RWTRIAD_RW_carruaje_red.png	4546385	43100	1	1900	2	43200	1800
S028_DAY2_MINITWICE_4092	71	Picture	RW	4548585	0	1	43200	2	0	43200
S028_DAY2_MINITWICE_4092	71	Response	51	4567847	19262	1
S028_DAY2_MINITWICE_4092	71	Pulse	99	4582281	33696	NA
S028_DAY2_MINITWICE_4092	71	Port Input	1	4582281	33696	NA
S028_DAY2_MINITWICE_4092	71	Picture	65_T_RWTRIAD_RW_almohada_red.png	4591785	43200	1	1900	2	43200	1800
S028_DAY2_MINITWICE_4092	72	Picture	RW	4594085	0	1	43100	2	0	43200
S028_DAY2_MINITWICE_4092	72	Pulse	99	4618282	24197	NA
S028_DAY2_MINITWICE_4092	72	Port Input	1	4618282	24197	NA
S028_DAY2_MINITWICE_4092	72	Response	51	4618645	24560	1
S028_DAY2_MINITWICE_4092	72	Picture	66_T_RWTRIAD_RW_charco_red.png	4637185	43100	1	1900	2	43200	1800
S028_DAY2_MINITWICE_4092	73	Picture	PW	4639485	0	1	43200	2	0	43200
S028_DAY2_MINITWICE_4092	73	Pulse	99	4654283	14798	NA
S028_DAY2_MINITWICE_4092	73	Port Input	1	4654283	14798	NA
S028_DAY2_MINITWICE_4092	73	Picture	67_T_PWTRIAD_PW_portatil_red.png	4682685	43200	1	1900	2	43200	1800
S028_DAY2_MINITWICE_4092	73	Response	51	4683536	44051	1
S028_DAY2_MINITWICE_4092	74	Picture	PW	4684985	0	1	43100	2	0	43200
S028_DAY2_MINITWICE_4092	74	Pulse	99	4690284	5299	NA
S028_DAY2_MINITWICE_4092	74	Port Input	1	4690284	5299	NA
S028_DAY2_MINITWICE_4092	74	Response	51	4704234	19249	1
S028_DAY2_MINITWICE_4092	74	Pulse	99	4726285	41300	NA
S028_DAY2_MINITWICE_4092	74	Port Input	1	4726285	41300	NA
S028_DAY2_MINITWICE_4092	74	Picture	68_T_PWTRIAD_PW_perro_red.png	4728085	43100	1	1900	2	43200	1800
S028_DAY2_MINITWICE_4092	75	Picture	PW	4730385	0	1	43099	2	0	43200
S028_DAY2_MINITWICE_4092	75	Response	51	4762249	31864	1
S028_DAY2_MINITWICE_4092	75	Pulse	99	4762286	31901	NA
S028_DAY2_MINITWICE_4092	75	Port Input	1	4762286	31901	NA
S028_DAY2_MINITWICE_4092	75	Picture	69_T_PWTRIAD_PW_tenedor_red.png	4773484	43099	1	1900	3	43200	1800
S028_DAY2_MINITWICE_4092	76	Picture	PW	4775684	0	2	43100	3	0	43200
S028_DAY2_MINITWICE_4092	76	Pulse	99	4798287	22603	NA
S028_DAY2_MINITWICE_4092	76	Port Input	1	4798287	22603	NA
S028_DAY2_MINITWICE_4092	76	Response	52	4813887	38203	1
S028_DAY2_MINITWICE_4092	76	Picture	70_T_PWTRIAD_PW_piramide_red.png	4818784	43100	1	1900	2	43200	1800
S028_DAY2_MINITWICE_4092	77	Picture	rest	4820784	0	1	144100	2	0	144000
S028_DAY2_MINITWICE_4092	77	Pulse	99	4834289	13505	NA
S028_DAY2_MINITWICE_4092	77	Port Input	1	4834289	13505	NA
S028_DAY2_MINITWICE_4092	77	Pulse	99	4870290	49506	NA
S028_DAY2_MINITWICE_4092	77	Port Input	1	4870290	49506	NA
S028_DAY2_MINITWICE_4092	77	Pulse	99	4906291	85507	NA
S028_DAY2_MINITWICE_4092	77	Port Input	1	4906291	85507	NA
S028_DAY2_MINITWICE_4092	77	Pulse	99	4942292	121508	NA
S028_DAY2_MINITWICE_4092	77	Port Input	1	4942292	121508	NA
S028_DAY2_MINITWICE_4092	78	Picture	endrest	4964984	0	1	10100	2	0	10000
S028_DAY2_MINITWICE_4092	79	Picture	PW	4975384	0	1	43100	2	0	43200
S028_DAY2_MINITWICE_4092	79	Pulse	99	4978293	2909	NA
S028_DAY2_MINITWICE_4092	79	Port Input	1	4978293	2909	NA
S028_DAY2_MINITWICE_4092	79	Response	52	5000621	25237	2
S028_DAY2_MINITWICE_4092	79	Pulse	99	5014294	38910	NA
S028_DAY2_MINITWICE_4092	79	Port Input	1	5014294	38910	NA
S028_DAY2_MINITWICE_4092	79	Picture	73_T_PWTRIAD_PW_almohada_red.png	5018484	43100	1	1900	2	43200	1800
S028_DAY2_MINITWICE_4092	80	Picture	PW	5020784	0	1	43099	3	0	43200
S028_DAY2_MINITWICE_4092	80	Pulse	99	5050295	29511	NA
S028_DAY2_MINITWICE_4092	80	Port Input	1	5050295	29511	NA
S028_DAY2_MINITWICE_4092	80	Response	51	5052228	31444	1
S028_DAY2_MINITWICE_4092	80	Picture	74_T_PWTRIAD_PW_huevos_red.png	5063883	43099	2	1900	4	43200	1800
S028_DAY2_MINITWICE_4092	81	Picture	PW	5065984	0	1	43199	2	0	43200
S028_DAY2_MINITWICE_4092	81	Pulse	99	5086296	20312	NA
S028_DAY2_MINITWICE_4092	81	Port Input	1	5086296	20312	NA
S028_DAY2_MINITWICE_4092	81	Response	51	5095379	29395	1
S028_DAY2_MINITWICE_4092	81	Picture	75_T_PWTRIAD_PW_telarana_red.png	5109183	43199	1	1900	2	43200	1800
S028_DAY2_MINITWICE_4092	82	Picture	PW	5111483	0	1	43100	2	0	43200
S028_DAY2_MINITWICE_4092	82	Pulse	99	5122297	10814	NA
S028_DAY2_MINITWICE_4092	82	Port Input	1	5122297	10814	NA
S028_DAY2_MINITWICE_4092	82	Response	51	5145607	34124	1
S028_DAY2_MINITWICE_4092	82	Picture	76_T_PWTRIAD_PW_sapo_red.png	5154583	43100	1	1900	2	43200	1800
S028_DAY2_MINITWICE_4092	83	Picture	PW	5156883	0	1	43200	2	0	43200
S028_DAY2_MINITWICE_4092	83	Pulse	99	5158299	1416	NA
S028_DAY2_MINITWICE_4092	83	Port Input	1	5158299	1416	NA
S028_DAY2_MINITWICE_4092	83	Response	51	5180177	23294	1
S028_DAY2_MINITWICE_4092	83	Pulse	99	5194300	37417	NA
S028_DAY2_MINITWICE_4092	83	Port Input	1	5194300	37417	NA
S028_DAY2_MINITWICE_4092	83	Picture	77_T_PWTRIAD_PW_anillo_red.png	5200083	43200	1	1899	3	43200	1800
S028_DAY2_MINITWICE_4092	84	Picture	PW	5202383	0	1	43100	2	0	43200
S028_DAY2_MINITWICE_4092	84	Pulse	99	5230301	27918	NA
S028_DAY2_MINITWICE_4092	84	Port Input	1	5230301	27918	NA
S028_DAY2_MINITWICE_4092	84	Response	52	5232524	30141	1
S028_DAY2_MINITWICE_4092	84	Picture	78_T_PWTRIAD_PW_pincel_red.png	5245483	43100	1	1900	2	43200	1800
S028_DAY2_MINITWICE_4092	85	Picture	PW	5247683	0	1	43200	2	0	43200
S028_DAY2_MINITWICE_4092	85	Pulse	99	5266302	18619	NA
S028_DAY2_MINITWICE_4092	85	Port Input	1	5266302	18619	NA
S028_DAY2_MINITWICE_4092	85	Response	52	5275815	28132	1
S028_DAY2_MINITWICE_4092	85	Picture	79_T_PWTRIAD_PW_bebe_red.png	5290883	43200	1	1900	2	43200	1800
S028_DAY2_MINITWICE_4092	86	Picture	PW	5293083	0	1	43200	2	0	43200
S028_DAY2_MINITWICE_4092	86	Pulse	99	5302303	9220	NA
S028_DAY2_MINITWICE_4092	86	Port Input	1	5302303	9220	NA
S028_DAY2_MINITWICE_4092	86	Response	51	5320915	27832	1
S028_DAY2_MINITWICE_4092	86	Picture	80_T_PWTRIAD_PW_sombrilla_red.png	5336283	43200	1	1900	2	43200	1800
S028_DAY2_MINITWICE_4092	87	Picture	rest	5338283	0	1	144099	2	0	144000
S028_DAY2_MINITWICE_4092	87	Pulse	99	5338304	21	NA
S028_DAY2_MINITWICE_4092	87	Port Input	1	5338304	21	NA
S028_DAY2_MINITWICE_4092	87	Pulse	99	5374305	36022	NA
S028_DAY2_MINITWICE_4092	87	Port Input	1	5374305	36022	NA
S028_DAY2_MINITWICE_4092	87	Pulse	99	5410306	72023	NA
S028_DAY2_MINITWICE_4092	87	Port Input	1	5410306	72023	NA
S028_DAY2_MINITWICE_4092	87	Pulse	99	5446307	108024	NA
S028_DAY2_MINITWICE_4092	87	Port Input	1	5446307	108024	NA
S028_DAY2_MINITWICE_4092	87	Pulse	99	5482308	144025	NA
S028_DAY2_MINITWICE_4092	87	Port Input	1	5482308	144025	NA
S028_DAY2_MINITWICE_4092	88	Picture	endrest	5482482	0	1	10100	2	0	10000
S028_DAY2_MINITWICE_4092	89	Picture	FF	5492882	0	1	43100	2	0	43200
S028_DAY2_MINITWICE_4092	89	Response	52	5513849	20967	1
S028_DAY2_MINITWICE_4092	89	Pulse	99	5518309	25427	NA
S028_DAY2_MINITWICE_4092	89	Port Input	1	5518309	25427	NA
S028_DAY2_MINITWICE_4092	89	Picture	83_T_FFTRIAD_FF_banera_red.png	5535982	43100	1	1864	46	43200	1800
S028_DAY2_MINITWICE_4092	90	Picture	FF	5538282	0	1	43100	2	0	43200
S028_DAY2_MINITWICE_4092	90	Response	52	5552268	13986	1
S028_DAY2_MINITWICE_4092	90	Pulse	99	5554311	16029	NA
S028_DAY2_MINITWICE_4092	90	Port Input	1	5554311	16029	NA
S028_DAY2_MINITWICE_4092	90	Picture	84_T_FFTRIAD_FF_bebe_red.png	5581382	43100	1	1900	2	43200	1800
S028_DAY2_MINITWICE_4092	91	Picture	FF	5583582	0	1	43100	2	0	43200
S028_DAY2_MINITWICE_4092	91	Pulse	99	5590312	6730	NA
S028_DAY2_MINITWICE_4092	91	Port Input	1	5590312	6730	NA
S028_DAY2_MINITWICE_4092	91	Response	52	5605539	21957	1
S028_DAY2_MINITWICE_4092	91	Pulse	99	5626313	42731	NA
S028_DAY2_MINITWICE_4092	91	Port Input	1	5626313	42731	NA
S028_DAY2_MINITWICE_4092	91	Picture	85_T_FFTRIAD_FF_candado_red.png	5626682	43100	1	1900	2	43200	1800
S028_DAY2_MINITWICE_4092	92	Picture	FF	5628882	0	1	43100	2	0	43200
S028_DAY2_MINITWICE_4092	92	Response	51	5641370	12488	2
S028_DAY2_MINITWICE_4092	92	Pulse	99	5662314	33432	NA
S028_DAY2_MINITWICE_4092	92	Port Input	1	5662314	33432	NA
S028_DAY2_MINITWICE_4092	92	Picture	86_T_FFTRIAD_FF_sapo_red.png	5671982	43100	1	1899	3	43200	1800
S028_DAY2_MINITWICE_4092	93	Picture	FF	5674381	0	2	43100	3	0	43200
S028_DAY2_MINITWICE_4092	93	Response	52	5685687	11306	1
S028_DAY2_MINITWICE_4092	93	Pulse	99	5698315	23934	NA
S028_DAY2_MINITWICE_4092	93	Port Input	1	5698315	23934	NA
S028_DAY2_MINITWICE_4092	93	Picture	87_T_FFTRIAD_FF_bala_red.png	5717481	43100	1	1900	2	43200	1800
S028_DAY2_MINITWICE_4092	94	Picture	FF	5719681	0	2	43100	3	0	43200
S028_DAY2_MINITWICE_4092	94	Pulse	99	5734316	14635	NA
S028_DAY2_MINITWICE_4092	94	Port Input	1	5734316	14635	NA
S028_DAY2_MINITWICE_4092	94	Response	52	5736899	17218	1
S028_DAY2_MINITWICE_4092	94	Picture	88_T_FFTRIAD_FF_sobre_red.png	5762781	43100	1	1900	2	43200	1800
S028_DAY2_MINITWICE_4092	95	Picture	FF	5764981	0	1	43200	2	0	43200
S028_DAY2_MINITWICE_4092	95	Pulse	99	5770317	5336	NA
S028_DAY2_MINITWICE_4092	95	Port Input	1	5770317	5336	NA
S028_DAY2_MINITWICE_4092	95	Response	51	5784066	19085	1
S028_DAY2_MINITWICE_4092	95	Pulse	99	5806318	41337	NA
S028_DAY2_MINITWICE_4092	95	Port Input	1	5806318	41337	NA
S028_DAY2_MINITWICE_4092	95	Picture	89_T_FFTRIAD_FF_oruga_red.png	5808181	43200	1	1900	2	43200	1800
S028_DAY2_MINITWICE_4092	96	Picture	FF	5810381	0	1	43100	2	0	43200
S028_DAY2_MINITWICE_4092	96	Response	52	5825463	15082	1
S028_DAY2_MINITWICE_4092	96	Pulse	99	5842319	31938	NA
S028_DAY2_MINITWICE_4092	96	Port Input	1	5842319	31938	NA
S028_DAY2_MINITWICE_4092	96	Picture	90_T_FFTRIAD_FF_destornillador_red.png	5853481	43100	1	1900	2	43200	1800
S028_DAY2_MINITWICE_4092	97	Picture	rest	5855481	0	1	144099	3	0	144000
S028_DAY2_MINITWICE_4092	97	Pulse	99	5878320	22839	NA
S028_DAY2_MINITWICE_4092	97	Port Input	1	5878320	22839	NA
S028_DAY2_MINITWICE_4092	97	Pulse	99	5914322	58841	NA
S028_DAY2_MINITWICE_4092	97	Port Input	1	5914322	58841	NA
S028_DAY2_MINITWICE_4092	97	Pulse	99	5950323	94842	NA
S028_DAY2_MINITWICE_4092	97	Port Input	1	5950323	94842	NA
S028_DAY2_MINITWICE_4092	97	Pulse	99	5986324	130843	NA
S028_DAY2_MINITWICE_4092	97	Port Input	1	5986324	130843	NA
S028_DAY2_MINITWICE_4092	98	Picture	endrest	5999680	0	2	10100	4	0	10000
S028_DAY2_MINITWICE_4092	99	Picture	PW	6010080	0	1	43100	2	0	43200
S028_DAY2_MINITWICE_4092	99	Pulse	99	6022325	12245	NA
S028_DAY2_MINITWICE_4092	99	Port Input	1	6022325	12245	NA
S028_DAY2_MINITWICE_4092	99	Response	52	6030733	20653	2
S028_DAY2_MINITWICE_4092	99	Picture	93_T_PWTRIAD_PW_ancla_red.png	6053180	43100	1	1900	2	43200	1800
S028_DAY2_MINITWICE_4092	100	Picture	PW	6055480	0	1	43200	2	0	43200
S028_DAY2_MINITWICE_4092	100	Pulse	99	6058326	2846	NA
S028_DAY2_MINITWICE_4092	100	Port Input	1	6058326	2846	NA
S028_DAY2_MINITWICE_4092	100	Response	52	6086668	31188	1
S028_DAY2_MINITWICE_4092	100	Pulse	99	6094327	38847	NA
S028_DAY2_MINITWICE_4092	100	Port Input	1	6094327	38847	NA
S028_DAY2_MINITWICE_4092	100	Picture	94_T_PWTRIAD_PW_charco_red.png	6098680	43200	1	1900	2	43200	1800
S028_DAY2_MINITWICE_4092	101	Picture	PW	6100880	0	1	43200	2	0	43200
S028_DAY2_MINITWICE_4092	101	Response	51	6127027	26147	1
S028_DAY2_MINITWICE_4092	101	Pulse	99	6130328	29448	NA
S028_DAY2_MINITWICE_4092	101	Port Input	1	6130328	29448	NA
S028_DAY2_MINITWICE_4092	101	Picture	95_T_PWTRIAD_PW_gafas_red.png	6144080	43200	1	1900	2	43200	1800
S028_DAY2_MINITWICE_4092	102	Picture	PW	6146280	0	1	43200	2	0	43200
S028_DAY2_MINITWICE_4092	102	Response	51	6162627	16347	1
S028_DAY2_MINITWICE_4092	102	Pulse	99	6166329	20049	NA
S028_DAY2_MINITWICE_4092	102	Port Input	1	6166329	20049	NA
S028_DAY2_MINITWICE_4092	102	Picture	96_T_PWTRIAD_PW_traje_red.png	6189480	43200	1	1900	2	43200	1800
S028_DAY2_MINITWICE_4092	103	Picture	RW	6191780	0	1	43200	2	0	43200
S028_DAY2_MINITWICE_4092	103	Pulse	99	6202330	10550	NA
S028_DAY2_MINITWICE_4092	103	Port Input	1	6202330	10550	NA
S028_DAY2_MINITWICE_4092	103	Response	51	6212535	20755	1
S028_DAY2_MINITWICE_4092	103	Picture	97_T_RWTRIAD_RW_dado_red.png	6234980	43200	1	1900	2	43200	1800
S028_DAY2_MINITWICE_4092	104	Picture	RW	6237180	0	1	43100	2	0	43200
S028_DAY2_MINITWICE_4092	104	Pulse	99	6238331	1151	NA
S028_DAY2_MINITWICE_4092	104	Port Input	1	6238331	1151	NA
S028_DAY2_MINITWICE_4092	104	Response	51	6264659	27479	2
S028_DAY2_MINITWICE_4092	104	Pulse	99	6274333	37153	NA
S028_DAY2_MINITWICE_4092	104	Port Input	1	6274333	37153	NA
S028_DAY2_MINITWICE_4092	104	Picture	98_T_RWTRIAD_RW_traje_red.png	6280280	43100	1	1900	2	43200	1800
S028_DAY2_MINITWICE_4092	105	Picture	RW	6282580	0	1	43099	3	0	43200
S028_DAY2_MINITWICE_4092	105	Response	52	6303198	20618	1
S028_DAY2_MINITWICE_4092	105	Pulse	99	6310334	27754	NA
S028_DAY2_MINITWICE_4092	105	Port Input	1	6310334	27754	NA
S028_DAY2_MINITWICE_4092	105	Picture	99_T_RWTRIAD_RW_leche_red.png	6325679	43099	2	1900	3	43200	1800
S028_DAY2_MINITWICE_4092	106	Picture	RW	6327979	0	1	43100	2	0	43200
S028_DAY2_MINITWICE_4092	106	Pulse	99	6346335	18356	NA
S028_DAY2_MINITWICE_4092	106	Port Input	1	6346335	18356	NA
S028_DAY2_MINITWICE_4092	106	Response	51	6348286	20307	1
S028_DAY2_MINITWICE_4092	106	Picture	100_T_RWTRIAD_RW_lana_red.png	6371079	43100	1	1900	2	43200	1800
S028_DAY2_MINITWICE_4092	107	Picture	rest	6373079	0	1	144100	2	0	144000
S028_DAY2_MINITWICE_4092	107	Pulse	99	6382336	9257	NA
S028_DAY2_MINITWICE_4092	107	Port Input	1	6382336	9257	NA
S028_DAY2_MINITWICE_4092	107	Pulse	99	6418337	45258	NA
S028_DAY2_MINITWICE_4092	107	Port Input	1	6418337	45258	NA
S028_DAY2_MINITWICE_4092	107	Pulse	99	6454338	81259	NA
S028_DAY2_MINITWICE_4092	107	Port Input	1	6454338	81259	NA
S028_DAY2_MINITWICE_4092	107	Pulse	99	6490339	117260	NA
S028_DAY2_MINITWICE_4092	107	Port Input	1	6490339	117260	NA
S028_DAY2_MINITWICE_4092	108	Picture	endrest	6517279	0	1	10100	2	0	10000
S028_DAY2_MINITWICE_4092	108	Pulse	99	6526340	9061	NA
S028_DAY2_MINITWICE_4092	108	Port Input	1	6526340	9061	NA
S028_DAY2_MINITWICE_4092	109	Picture	PW	6527779	0	1	43100	2	0	43200
S028_DAY2_MINITWICE_4092	109	Response	51	6550129	22350	2
S028_DAY2_MINITWICE_4092	109	Pulse	99	6562341	34562	NA
S028_DAY2_MINITWICE_4092	109	Port Input	1	6562341	34562	NA
S028_DAY2_MINITWICE_4092	109	Picture	103_T_PWTRIAD_PW_cortina_red.png	6570879	43100	1	1900	2	43200	1800
S028_DAY2_MINITWICE_4092	110	Picture	PW	6573179	0	1	43099	3	0	43200
S028_DAY2_MINITWICE_4092	110	Pulse	99	6598342	25163	NA
S028_DAY2_MINITWICE_4092	110	Port Input	1	6598342	25163	NA
S028_DAY2_MINITWICE_4092	110	Response	51	6607366	34187	1
S028_DAY2_MINITWICE_4092	110	Picture	104_T_PWTRIAD_PW_botella_red.png	6616278	43099	2	1900	4	43200	1800
S028_DAY2_MINITWICE_4092	111	Picture	PW	6618578	0	1	43200	2	0	43200
S028_DAY2_MINITWICE_4092	111	Pulse	99	6634344	15766	NA
S028_DAY2_MINITWICE_4092	111	Port Input	1	6634344	15766	NA
S028_DAY2_MINITWICE_4092	111	Response	51	6642109	23531	1
S028_DAY2_MINITWICE_4092	111	Picture	105_T_PWTRIAD_PW_candado_red.png	6661778	43200	1	1900	2	43200	1800
S028_DAY2_MINITWICE_4092	112	Picture	PW	6664078	0	1	43100	2	0	43200
S028_DAY2_MINITWICE_4092	112	Pulse	99	6670345	6267	NA
S028_DAY2_MINITWICE_4092	112	Port Input	1	6670345	6267	NA
S028_DAY2_MINITWICE_4092	112	Response	51	6680104	16026	1
S028_DAY2_MINITWICE_4092	112	Pulse	99	6706346	42268	NA
S028_DAY2_MINITWICE_4092	112	Port Input	1	6706346	42268	NA
S028_DAY2_MINITWICE_4092	112	Picture	106_T_PWTRIAD_PW_plato_red.png	6707178	43100	1	1900	2	43200	1800
S028_DAY2_MINITWICE_4092	113	Picture	RW	6709478	0	1	43200	2	0	43200
S028_DAY2_MINITWICE_4092	113	Response	51	6724640	15162	1
S028_DAY2_MINITWICE_4092	113	Pulse	99	6742347	32869	NA
S028_DAY2_MINITWICE_4092	113	Port Input	1	6742347	32869	NA
S028_DAY2_MINITWICE_4092	113	Picture	107_T_RWTRIAD_RW_candado_red.png	6752678	43200	1	1900	2	43200	1800
S028_DAY2_MINITWICE_4092	114	Picture	RW	6754978	0	2	43100	3	0	43200
S028_DAY2_MINITWICE_4092	114	Pulse	99	6778348	23370	NA
S028_DAY2_MINITWICE_4092	114	Port Input	1	6778348	23370	NA
S028_DAY2_MINITWICE_4092	114	Response	52	6782319	27341	1
S028_DAY2_MINITWICE_4092	114	Picture	108_T_RWTRIAD_RW_murcielago_red.png	6798078	43100	1	1900	2	43200	1800
S028_DAY2_MINITWICE_4092	115	Picture	RW	6800278	0	1	43099	3	0	43200
S028_DAY2_MINITWICE_4092	115	Pulse	99	6814349	14071	NA
S028_DAY2_MINITWICE_4092	115	Port Input	1	6814349	14071	NA
S028_DAY2_MINITWICE_4092	115	Response	51	6823379	23101	1
S028_DAY2_MINITWICE_4092	115	Picture	109_T_RWTRIAD_RW_banera_red.png	6843377	43099	2	1901	3	43200	1800
S028_DAY2_MINITWICE_4092	116	Picture	RW	6845677	0	2	43101	3	0	43200
S028_DAY2_MINITWICE_4092	116	Pulse	99	6850350	4673	NA
S028_DAY2_MINITWICE_4092	116	Port Input	1	6850350	4673	NA
S028_DAY2_MINITWICE_4092	116	Response	52	6858072	12395	1
S028_DAY2_MINITWICE_4092	116	Pulse	99	6886351	40674	NA
S028_DAY2_MINITWICE_4092	116	Port Input	1	6886351	40674	NA
S028_DAY2_MINITWICE_4092	116	Picture	110_T_RWTRIAD_RW_arbol_red.png	6888778	43101	1	1900	2	43200	1800
S028_DAY2_MINITWICE_4092	117	Picture	rest	6890777	0	2	144100	3	0	144000
S028_DAY2_MINITWICE_4092	118	Picture	endrest	7034977	0	1	10100	2	0	10000
S028_DAY2_MINITWICE_4092	119	Picture	PW	7045477	0	1	43100	2	0	43200
S028_DAY2_MINITWICE_4092	119	Response	52	7071351	25874	1
S028_DAY2_MINITWICE_4092	119	Picture	113_T_PWTRIAD_PW_pilas_red.png	7088577	43100	1	1900	2	43200	1800
S028_DAY2_MINITWICE_4092	120	Picture	PW	7090777	0	1	43200	2	0	43200
S028_DAY2_MINITWICE_4092	120	Response	51	7116708	25931	1
S028_DAY2_MINITWICE_4092	120	Picture	114_T_PWTRIAD_PW_television_red.png	7133977	43200	1	1900	2	43200	1800
S028_DAY2_MINITWICE_4092	121	Picture	PW	7136277	0	1	43200	2	0	43200
S028_DAY2_MINITWICE_4092	121	Response	51	7154087	17810	1
S028_DAY2_MINITWICE_4092	121	Picture	115_T_PWTRIAD_PW_chupete_red.png	7179477	43200	1	1900	2	43200	1800
S028_DAY2_MINITWICE_4092	122	Picture	PW	7181877	0	1	43099	3	0	43200
S028_DAY2_MINITWICE_4092	122	Response	52	7209366	27489	1
S028_DAY2_MINITWICE_4092	122	Picture	116_T_PWTRIAD_PW_cerillas_red.png	7224976	43099	2	1900	4	43200	1800
S028_DAY2_MINITWICE_4092	123	Picture	PW	7227276	0	2	43200	3	0	43200
S028_DAY2_MINITWICE_4092	123	Response	52	7250881	23605	1
S028_DAY2_MINITWICE_4092	123	Picture	117_T_PWTRIAD_PW_cinturon_red.png	7270476	43200	1	1900	2	43200	1800
S028_DAY2_MINITWICE_4092	124	Picture	PW	7272776	0	1	43100	2	0	43200
S028_DAY2_MINITWICE_4092	124	Response	52	7302986	30210	1
S028_DAY2_MINITWICE_4092	124	Picture	118_T_PWTRIAD_PW_molino_red.png	7315876	43100	1	1885	42	43200	1800
S028_DAY2_MINITWICE_4092	125	Picture	PW	7318176	0	1	43200	2	0	43200
S028_DAY2_MINITWICE_4092	125	Response	52	7359335	41159	2
S028_DAY2_MINITWICE_4092	125	Response	53	7359369	41193	1
S028_DAY2_MINITWICE_4092	125	Picture	119_T_PWTRIAD_PW_esquimal_red.png	7361376	43200	1	1900	2	43200	1800
S028_DAY2_MINITWICE_4092	126	Picture	PW	7363676	0	1	43200	2	0	43200
S028_DAY2_MINITWICE_4092	126	Response	51	7399140	35464	1
S028_DAY2_MINITWICE_4092	126	Picture	120_T_PWTRIAD_PW_lenador_red.png	7406876	43200	1	1900	2	43200	1800
S028_DAY2_MINITWICE_4092	127	Picture	rest	7408876	0	1	144099	2	0	144000
S028_DAY2_MINITWICE_4092	128	Picture	endrest	7553075	0	1	10100	2	0	10000
S028_DAY2_MINITWICE_4092	129	Picture	PW	7563575	0	1	43100	2	0	43200
S028_DAY2_MINITWICE_4092	129	Response	51	7581129	17554	1
S028_DAY2_MINITWICE_4092	129	Picture	123_T_PWTRIAD_PW_martillo_red.png	7606675	43100	1	1900	2	43200	1800
S028_DAY2_MINITWICE_4092	130	Picture	PW	7608975	0	1	43089	43	0	43200
S028_DAY2_MINITWICE_4092	130	Response	52	7621095	12120	1
S028_DAY2_MINITWICE_4092	130	Picture	124_T_PWTRIAD_PW_paraguas_red.png	7652064	43089	42	1811	43	43200	1800
S028_DAY2_MINITWICE_4092	131	Picture	PW	7654175	0	1	43100	2	0	43200
S028_DAY2_MINITWICE_4092	131	Response	51	7670964	16789	1
S028_DAY2_MINITWICE_4092	131	Picture	125_T_PWTRIAD_PW_teclado_red.png	7697275	43100	1	1900	2	43200	1800
S028_DAY2_MINITWICE_4092	132	Picture	PW	7699475	0	1	43200	2	0	43200
S028_DAY2_MINITWICE_4092	132	Picture	126_T_PWTRIAD_PW_ascensor_red.png	7742675	43200	1	1900	2	43200	1800
S028_DAY2_MINITWICE_4092	133	Picture	PW	7744975	0	1	43200	2	0	43200
S028_DAY2_MINITWICE_4092	133	Response	51	7760572	15597	2
S028_DAY2_MINITWICE_4092	133	Picture	127_T_PWTRIAD_PW_zanahoria_red.png	7788175	43200	1	1900	2	43200	1800
S028_DAY2_MINITWICE_4092	134	Picture	PW	7790375	0	1	43099	3	0	43200
S028_DAY2_MINITWICE_4092	134	Response	51	7802738	12363	2
S028_DAY2_MINITWICE_4092	134	Picture	128_T_PWTRIAD_PW_silla_red.png	7833474	43099	2	1900	4	43200	1800
S028_DAY2_MINITWICE_4092	135	Picture	PW	7835774	0	2	43100	3	0	43200
S028_DAY2_MINITWICE_4092	135	Response	51	7855970	20196	2
S028_DAY2_MINITWICE_4092	135	Picture	129_T_PWTRIAD_PW_madera_red.png	7878874	43100	1	1900	2	43200	1800
S028_DAY2_MINITWICE_4092	136	Picture	PW	7881174	0	1	43100	2	0	43200
S028_DAY2_MINITWICE_4092	136	Response	51	7901674	20500	1
S028_DAY2_MINITWICE_4092	136	Picture	130_T_PWTRIAD_PW_novia_red.png	7924274	43100	1	1900	2	43200	1800
S028_DAY2_MINITWICE_4092	137	Picture	rest	7926274	0	1	144100	2	0	144000
S028_DAY2_MINITWICE_4092	138	Picture	endrest	8070474	0	1	10100	2	0	10000
S028_DAY2_MINITWICE_4092	139	Picture	RW	8080974	0	1	43199	3	0	43200
S028_DAY2_MINITWICE_4092	139	Response	51	8105481	24507	1
S028_DAY2_MINITWICE_4092	139	Picture	133_T_RWTRIAD_RW_policia_red.png	8124173	43199	2	1900	4	43200	1800
S028_DAY2_MINITWICE_4092	140	Picture	RW	8126473	0	2	43100	3	0	43200
S028_DAY2_MINITWICE_4092	140	Response	51	8146224	19751	1
S028_DAY2_MINITWICE_4092	140	Picture	134_T_RWTRIAD_RW_plato_red.png	8169573	43100	1	1900	2	43200	1800
S028_DAY2_MINITWICE_4092	141	Picture	RW	8171773	0	1	43100	2	0	43200
S028_DAY2_MINITWICE_4092	141	Response	51	8191129	19356	1
S028_DAY2_MINITWICE_4092	141	Picture	135_T_RWTRIAD_RW_zanahoria_red.png	8214873	43100	1	1900	2	43200	1800
S028_DAY2_MINITWICE_4092	142	Picture	RW	8217073	0	1	43200	2	0	43200
S028_DAY2_MINITWICE_4092	142	Response	51	8233941	16868	2
S028_DAY2_MINITWICE_4092	142	Picture	136_T_RWTRIAD_RW_pizarra_red.png	8260273	43200	1	1900	2	43200	1800
S028_DAY2_MINITWICE_4092	143	Picture	rest	8262273	0	1	144100	2	0	144000
S028_DAY2_MINITWICE_4092	144	Picture	endrest	8406473	0	1	10100	2	0	10000
S028_DAY2_MINITWICE_4092	145	Picture	endrest	8416673	0	1	10099	3	0	10000
S028_DAY2_MINITWICE_4092	146	Picture	endrest	8426872	0	2	10100	4	0	10000
S028_DAY2_MINITWICE_4092	147	Picture	endrest	8437072	0	2	10100	4	0	10000
