Scenario - vOT_Triads_fMRI_II
Logfile written - 12/11/2015 10:41:57

Subject	Trial	Event Type	Code	Time	TTime	Uncertainty	Duration	Uncertainty	ReqTime	ReqDur

S028_MINIONCE_4765	1	Pulse	99	490602	500523	NA
S028_MINIONCE_4765	1	Port Input	1	490602	500523	NA
S028_MINIONCE_4765	1	Pulse	99	526603	536524	NA
S028_MINIONCE_4765	1	Port Input	1	526603	536524	NA
S028_MINIONCE_4765	1	Pulse	99	562604	572525	NA
S028_MINIONCE_4765	1	Port Input	1	562604	572525	NA
S028_MINIONCE_4765	1	Pulse	99	598605	608526	NA
S028_MINIONCE_4765	1	Port Input	1	598605	608526	NA
S028_MINIONCE_4765	1	Pulse	99	634606	644527	NA
S028_MINIONCE_4765	1	Port Input	1	634606	644527	NA
S028_MINIONCE_4765	2	Picture	rest	634897	0	1	144100	2	0	144000
S028_MINIONCE_4765	2	Pulse	99	670607	35710	NA
S028_MINIONCE_4765	2	Port Input	1	670607	35710	NA
S028_MINIONCE_4765	2	Pulse	99	706608	71711	NA
S028_MINIONCE_4765	2	Port Input	1	706608	71711	NA
S028_MINIONCE_4765	2	Pulse	99	742609	107712	NA
S028_MINIONCE_4765	2	Port Input	1	742609	107712	NA
S028_MINIONCE_4765	2	Pulse	99	778610	143713	NA
S028_MINIONCE_4765	2	Port Input	1	778610	143713	NA
S028_MINIONCE_4765	3	Picture	endrest	779097	0	1	10100	2	0	10000
S028_MINIONCE_4765	4	Picture	FF	789597	0	1	43100	2	0	43200
S028_MINIONCE_4765	4	Response	51	803595	13998	1
S028_MINIONCE_4765	4	Pulse	99	814611	25014	NA
S028_MINIONCE_4765	4	Port Input	1	814611	25014	NA
S028_MINIONCE_4765	4	Picture	3_T_FFTRIAD_FF_zanahoria_red.png	832697	43100	1	1899	3	43200	1800
S028_MINIONCE_4765	5	Picture	FF	834896	0	2	43100	3	0	43200
S028_MINIONCE_4765	5	Response	52	844958	10062	1
S028_MINIONCE_4765	5	Pulse	99	850613	15717	NA
S028_MINIONCE_4765	5	Port Input	1	850613	15717	NA
S028_MINIONCE_4765	5	Picture	4_T_FFTRIAD_FF_botella_red.png	877996	43100	1	1900	2	43200	1800
S028_MINIONCE_4765	6	Picture	FF	880096	0	2	43200	3	0	43200
S028_MINIONCE_4765	6	Pulse	99	886614	6518	NA
S028_MINIONCE_4765	6	Port Input	1	886614	6518	NA
S028_MINIONCE_4765	6	Response	51	891841	11745	1
S028_MINIONCE_4765	6	Pulse	99	922615	42519	NA
S028_MINIONCE_4765	6	Port Input	1	922615	42519	NA
S028_MINIONCE_4765	6	Picture	5_T_FFTRIAD_FF_llave_red.png	923296	43200	1	1900	2	43200	1800
S028_MINIONCE_4765	7	Picture	FF	925396	0	1	43200	2	0	43200
S028_MINIONCE_4765	7	Response	52	935501	10105	1
S028_MINIONCE_4765	7	Pulse	99	958616	33220	NA
S028_MINIONCE_4765	7	Port Input	1	958616	33220	NA
S028_MINIONCE_4765	7	Picture	6_T_FFTRIAD_FF_iglu_red.png	968596	43200	1	1900	2	43200	1800
S028_MINIONCE_4765	8	Picture	RW	970896	0	1	43100	2	0	43200
S028_MINIONCE_4765	8	Response	52	986651	15755	3
S028_MINIONCE_4765	8	Pulse	99	994617	23721	NA
S028_MINIONCE_4765	8	Port Input	1	994617	23721	NA
S028_MINIONCE_4765	8	Picture	7_T_RWTRIAD_RW_cuento_red.png	1013996	43100	1	1900	2	43200	1800
S028_MINIONCE_4765	9	Picture	RW	1016096	0	1	43200	2	0	43200
S028_MINIONCE_4765	9	Response	51	1030080	13984	1
S028_MINIONCE_4765	9	Pulse	99	1030618	14522	NA
S028_MINIONCE_4765	9	Port Input	1	1030618	14522	NA
S028_MINIONCE_4765	9	Picture	8_T_RWTRIAD_RW_chupete_red.png	1059296	43200	1	1900	2	43200	1800
S028_MINIONCE_4765	10	Picture	RW	1061596	0	1	43100	2	0	43200
S028_MINIONCE_4765	10	Pulse	99	1066619	5023	NA
S028_MINIONCE_4765	10	Port Input	1	1066619	5023	NA
S028_MINIONCE_4765	10	Response	51	1074523	12927	1
S028_MINIONCE_4765	10	Pulse	99	1102620	41024	NA
S028_MINIONCE_4765	10	Port Input	1	1102620	41024	NA
S028_MINIONCE_4765	10	Picture	9_T_RWTRIAD_RW_portatil_red.png	1104696	43100	1	1900	2	43200	1800
S028_MINIONCE_4765	11	Picture	RW	1106796	0	1	43199	3	0	43200
S028_MINIONCE_4765	11	Response	52	1119072	12276	1
S028_MINIONCE_4765	11	Pulse	99	1138621	31825	NA
S028_MINIONCE_4765	11	Port Input	1	1138621	31825	NA
S028_MINIONCE_4765	11	Picture	10_T_RWTRIAD_RW_tijera_red.png	1149995	43199	2	1900	4	43200	1800
S028_MINIONCE_4765	12	Picture	rest	1151996	0	1	144099	2	0	144000
S028_MINIONCE_4765	12	Pulse	99	1174622	22626	NA
S028_MINIONCE_4765	12	Port Input	1	1174622	22626	NA
S028_MINIONCE_4765	12	Pulse	99	1210624	58628	NA
S028_MINIONCE_4765	12	Port Input	1	1210624	58628	NA
S028_MINIONCE_4765	12	Pulse	99	1246625	94629	NA
S028_MINIONCE_4765	12	Port Input	1	1246625	94629	NA
S028_MINIONCE_4765	12	Pulse	99	1282626	130630	NA
S028_MINIONCE_4765	12	Port Input	1	1282626	130630	NA
S028_MINIONCE_4765	13	Picture	endrest	1296195	0	1	10100	2	0	10000
S028_MINIONCE_4765	14	Picture	FF	1306695	0	1	43100	2	0	43200
S028_MINIONCE_4765	14	Pulse	99	1318627	11932	NA
S028_MINIONCE_4765	14	Port Input	1	1318627	11932	NA
S028_MINIONCE_4765	14	Response	52	1324491	17796	1
S028_MINIONCE_4765	14	Picture	13_T_FFTRIAD_FF_almohada_red.png	1349795	43100	1	1900	2	43200	1800
S028_MINIONCE_4765	15	Picture	FF	1351895	0	1	43200	2	0	43200
S028_MINIONCE_4765	15	Pulse	99	1354628	2733	NA
S028_MINIONCE_4765	15	Port Input	1	1354628	2733	NA
S028_MINIONCE_4765	15	Response	52	1360776	8881	1
S028_MINIONCE_4765	15	Pulse	99	1390629	38734	NA
S028_MINIONCE_4765	15	Port Input	1	1390629	38734	NA
S028_MINIONCE_4765	15	Picture	14_T_FFTRIAD_FF_cerillas_red.png	1395095	43200	1	1900	2	43200	1800
S028_MINIONCE_4765	16	Picture	FF	1397395	0	1	43100	2	0	43200
S028_MINIONCE_4765	16	Response	52	1409651	12256	1
S028_MINIONCE_4765	16	Pulse	99	1426630	29235	NA
S028_MINIONCE_4765	16	Port Input	1	1426630	29235	NA
S028_MINIONCE_4765	16	Picture	15_T_FFTRIAD_FF_sobre_red.png	1440495	43100	1	1900	2	43200	1800
S028_MINIONCE_4765	17	Picture	FF	1442795	0	1	43099	3	0	43200
S028_MINIONCE_4765	17	Response	51	1455666	12871	1
S028_MINIONCE_4765	17	Pulse	99	1462631	19836	NA
S028_MINIONCE_4765	17	Port Input	1	1462631	19836	NA
S028_MINIONCE_4765	17	Picture	16_T_FFTRIAD_FF_perro_red.png	1485894	43099	2	1900	4	43200	1800
S028_MINIONCE_4765	18	Picture	RW	1487994	0	2	43200	3	0	43200
S028_MINIONCE_4765	18	Pulse	99	1498632	10638	NA
S028_MINIONCE_4765	18	Port Input	1	1498632	10638	NA
S028_MINIONCE_4765	18	Response	51	1500305	12311	1
S028_MINIONCE_4765	18	Picture	17_T_RWTRIAD_RW_manos_red.png	1531194	43200	1	1900	2	43200	1800
S028_MINIONCE_4765	19	Picture	RW	1533494	0	1	43100	2	0	43200
S028_MINIONCE_4765	19	Pulse	99	1534633	1139	NA
S028_MINIONCE_4765	19	Port Input	1	1534633	1139	NA
S028_MINIONCE_4765	19	Response	51	1545492	11998	1
S028_MINIONCE_4765	19	Pulse	99	1570635	37141	NA
S028_MINIONCE_4765	19	Port Input	1	1570635	37141	NA
S028_MINIONCE_4765	19	Picture	18_T_RWTRIAD_RW_telarana_red.png	1576594	43100	1	1900	2	43200	1800
S028_MINIONCE_4765	20	Picture	RW	1578694	0	1	43200	2	0	43200
S028_MINIONCE_4765	20	Response	52	1595809	17115	2
S028_MINIONCE_4765	20	Pulse	99	1606636	27942	NA
S028_MINIONCE_4765	20	Port Input	1	1606636	27942	NA
S028_MINIONCE_4765	20	Picture	19_T_RWTRIAD_RW_grapadora_red.png	1621894	43200	1	1900	2	43200	1800
S028_MINIONCE_4765	21	Picture	RW	1623994	0	1	43200	2	0	43200
S028_MINIONCE_4765	21	Response	52	1640238	16244	1
S028_MINIONCE_4765	21	Pulse	99	1642637	18643	NA
S028_MINIONCE_4765	21	Port Input	1	1642637	18643	NA
S028_MINIONCE_4765	21	Picture	20_T_RWTRIAD_RW_silla_red.png	1667194	43200	1	1900	2	43200	1800
S028_MINIONCE_4765	22	Picture	rest	1669194	0	1	144099	3	0	144000
S028_MINIONCE_4765	22	Pulse	99	1678638	9444	NA
S028_MINIONCE_4765	22	Port Input	1	1678638	9444	NA
S028_MINIONCE_4765	22	Pulse	99	1714639	45445	NA
S028_MINIONCE_4765	22	Port Input	1	1714639	45445	NA
S028_MINIONCE_4765	22	Pulse	99	1750640	81446	NA
S028_MINIONCE_4765	22	Port Input	1	1750640	81446	NA
S028_MINIONCE_4765	22	Pulse	99	1786641	117447	NA
S028_MINIONCE_4765	22	Port Input	1	1786641	117447	NA
S028_MINIONCE_4765	23	Picture	endrest	1813393	0	1	10100	2	0	10000
S028_MINIONCE_4765	23	Pulse	99	1822642	9249	NA
S028_MINIONCE_4765	23	Port Input	1	1822642	9249	NA
S028_MINIONCE_4765	24	Picture	RW	1823693	0	1	43200	2	0	43200
S028_MINIONCE_4765	24	Response	52	1836994	13301	1
S028_MINIONCE_4765	24	Pulse	99	1858643	34950	NA
S028_MINIONCE_4765	24	Port Input	1	1858643	34950	NA
S028_MINIONCE_4765	24	Picture	23_T_RWTRIAD_RW_cinturon_red.png	1866893	43200	1	1900	2	43200	1800
S028_MINIONCE_4765	25	Picture	RW	1869193	0	1	43100	2	0	43200
S028_MINIONCE_4765	25	Response	51	1892375	23182	1
S028_MINIONCE_4765	25	Pulse	99	1894644	25451	NA
S028_MINIONCE_4765	25	Port Input	1	1894644	25451	NA
S028_MINIONCE_4765	25	Picture	24_T_RWTRIAD_RW_estetoscopio_red.png	1912293	43100	1	1900	2	43200	1800
S028_MINIONCE_4765	26	Picture	RW	1914493	0	1	43100	2	0	43200
S028_MINIONCE_4765	26	Response	51	1929230	14737	1
S028_MINIONCE_4765	26	Pulse	99	1930646	16153	NA
S028_MINIONCE_4765	26	Port Input	1	1930646	16153	NA
S028_MINIONCE_4765	26	Picture	25_T_RWTRIAD_RW_almohada_red.png	1957593	43100	1	1900	2	43200	1800
S028_MINIONCE_4765	27	Picture	RW	1959693	0	1	43200	2	0	43200
S028_MINIONCE_4765	27	Pulse	99	1966647	6954	NA
S028_MINIONCE_4765	27	Port Input	1	1966647	6954	NA
S028_MINIONCE_4765	27	Response	52	1972919	13226	1
S028_MINIONCE_4765	27	Pulse	99	2002648	42955	NA
S028_MINIONCE_4765	27	Port Input	1	2002648	42955	NA
S028_MINIONCE_4765	27	Picture	26_T_RWTRIAD_RW_martillo_red.png	2002893	43200	1	1900	2	43200	1800
S028_MINIONCE_4765	28	Picture	FF	2004993	0	1	43200	2	0	43200
S028_MINIONCE_4765	28	Response	52	2023475	18482	1
S028_MINIONCE_4765	28	Pulse	99	2038649	33656	NA
S028_MINIONCE_4765	28	Port Input	1	2038649	33656	NA
S028_MINIONCE_4765	28	Picture	27_T_FFTRIAD_FF_lana_red.png	2048193	43200	1	1900	2	43200	1800
S028_MINIONCE_4765	29	Picture	FF	2050293	0	1	43199	3	0	43200
S028_MINIONCE_4765	29	Response	51	2063904	13611	1
S028_MINIONCE_4765	29	Pulse	99	2074650	24357	NA
S028_MINIONCE_4765	29	Port Input	1	2074650	24357	NA
S028_MINIONCE_4765	29	Picture	28_T_FFTRIAD_FF_martillo_red.png	2093492	43199	2	1900	4	43200	1800
S028_MINIONCE_4765	30	Picture	FF	2095592	0	2	43200	3	0	43200
S028_MINIONCE_4765	30	Response	52	2105745	10153	1
S028_MINIONCE_4765	30	Pulse	99	2110651	15059	NA
S028_MINIONCE_4765	30	Port Input	1	2110651	15059	NA
S028_MINIONCE_4765	30	Picture	29_T_FFTRIAD_FF_esquimal_red.png	2138792	43200	1	1900	2	43200	1800
S028_MINIONCE_4765	31	Picture	FF	2140892	0	1	43200	2	0	43200
S028_MINIONCE_4765	31	Pulse	99	2146652	5760	NA
S028_MINIONCE_4765	31	Port Input	1	2146652	5760	NA
S028_MINIONCE_4765	31	Response	51	2158310	17418	1
S028_MINIONCE_4765	31	Pulse	99	2182653	41761	NA
S028_MINIONCE_4765	31	Port Input	1	2182653	41761	NA
S028_MINIONCE_4765	31	Picture	30_T_FFTRIAD_FF_pincel_red.png	2184092	43200	1	1900	2	43200	1800
S028_MINIONCE_4765	32	Picture	rest	2186092	0	1	144100	2	0	144000
S028_MINIONCE_4765	32	Pulse	99	2218654	32562	NA
S028_MINIONCE_4765	32	Port Input	1	2218654	32562	NA
S028_MINIONCE_4765	32	Pulse	99	2254655	68563	NA
S028_MINIONCE_4765	32	Port Input	1	2254655	68563	NA
S028_MINIONCE_4765	32	Pulse	99	2290657	104565	NA
S028_MINIONCE_4765	32	Port Input	1	2290657	104565	NA
S028_MINIONCE_4765	32	Pulse	99	2326658	140566	NA
S028_MINIONCE_4765	32	Port Input	1	2326658	140566	NA
S028_MINIONCE_4765	33	Picture	endrest	2330292	0	1	10100	2	0	10000
S028_MINIONCE_4765	34	Picture	PW	2340592	0	1	43200	2	0	43200
S028_MINIONCE_4765	34	Response	51	2360683	20091	1
S028_MINIONCE_4765	34	Pulse	99	2362659	22067	NA
S028_MINIONCE_4765	34	Port Input	1	2362659	22067	NA
S028_MINIONCE_4765	34	Picture	33_T_PWTRIAD_PW_cortina_red.png	2383792	43200	1	1900	2	43200	1800
S028_MINIONCE_4765	35	Picture	PW	2385891	0	2	43200	4	0	43200
S028_MINIONCE_4765	35	Pulse	99	2398660	12769	NA
S028_MINIONCE_4765	35	Port Input	1	2398660	12769	NA
S028_MINIONCE_4765	35	Response	52	2403044	17153	2
S028_MINIONCE_4765	35	Picture	34_T_PWTRIAD_PW_traje_red.png	2429091	43200	2	1900	4	43200	1800
S028_MINIONCE_4765	36	Picture	PW	2431191	0	2	43200	4	0	43200
S028_MINIONCE_4765	36	Pulse	99	2434661	3470	NA
S028_MINIONCE_4765	36	Port Input	1	2434661	3470	NA
S028_MINIONCE_4765	36	Response	52	2451622	20431	1
S028_MINIONCE_4765	36	Pulse	99	2470662	39471	NA
S028_MINIONCE_4765	36	Port Input	1	2470662	39471	NA
S028_MINIONCE_4765	36	Picture	35_T_PWTRIAD_PW_zanahoria_red.png	2474391	43200	2	1900	4	43200	1800
S028_MINIONCE_4765	37	Picture	PW	2476591	0	2	43200	3	0	43200
S028_MINIONCE_4765	37	Response	51	2495272	18681	1
S028_MINIONCE_4765	37	Pulse	99	2506663	30072	NA
S028_MINIONCE_4765	37	Port Input	1	2506663	30072	NA
S028_MINIONCE_4765	37	Picture	36_T_PWTRIAD_PW_llave_red.png	2519791	43200	1	1899	4	43200	1800
S028_MINIONCE_4765	38	Picture	RW	2521890	0	3	43201	4	0	43200
S028_MINIONCE_4765	38	Response	52	2536198	14308	2
S028_MINIONCE_4765	38	Pulse	99	2542664	20774	NA
S028_MINIONCE_4765	38	Port Input	1	2542664	20774	NA
S028_MINIONCE_4765	38	Picture	37_T_RWTRIAD_RW_plato_red.png	2565091	43201	1	1899	4	43200	1800
S028_MINIONCE_4765	39	Picture	RW	2567190	0	3	43201	4	0	43200
S028_MINIONCE_4765	39	Pulse	99	2578665	11475	NA
S028_MINIONCE_4765	39	Port Input	1	2578665	11475	NA
S028_MINIONCE_4765	39	Response	52	2582021	14831	2
S028_MINIONCE_4765	39	Picture	38_T_RWTRIAD_RW_destornillador_red.png	2610391	43201	1	1900	2	43200	1800
S028_MINIONCE_4765	40	Picture	RW	2612491	0	1	43199	3	0	43200
S028_MINIONCE_4765	40	Pulse	99	2614667	2176	NA
S028_MINIONCE_4765	40	Port Input	1	2614667	2176	NA
S028_MINIONCE_4765	40	Response	52	2626584	14093	1
S028_MINIONCE_4765	40	Pulse	99	2650668	38177	NA
S028_MINIONCE_4765	40	Port Input	1	2650668	38177	NA
S028_MINIONCE_4765	40	Picture	39_T_RWTRIAD_RW_oruga_red.png	2655690	43199	2	1900	4	43200	1800
S028_MINIONCE_4765	41	Picture	RW	2657791	0	1	43198	4	0	43200
S028_MINIONCE_4765	41	Response	51	2672649	14858	1
S028_MINIONCE_4765	41	Pulse	99	2686669	28878	NA
S028_MINIONCE_4765	41	Port Input	1	2686669	28878	NA
S028_MINIONCE_4765	41	Picture	40_T_RWTRIAD_RW_carruaje_red.png	2700989	43198	3	1900	6	43200	1800
S028_MINIONCE_4765	42	Picture	rest	2702989	0	3	144101	4	0	144000
S028_MINIONCE_4765	42	Pulse	99	2722670	19681	NA
S028_MINIONCE_4765	42	Port Input	1	2722670	19681	NA
S028_MINIONCE_4765	42	Pulse	99	2758671	55682	NA
S028_MINIONCE_4765	42	Port Input	1	2758671	55682	NA
S028_MINIONCE_4765	42	Pulse	99	2794672	91683	NA
S028_MINIONCE_4765	42	Port Input	1	2794672	91683	NA
S028_MINIONCE_4765	42	Pulse	99	2830673	127684	NA
S028_MINIONCE_4765	42	Port Input	1	2830673	127684	NA
S028_MINIONCE_4765	43	Picture	endrest	2847190	0	1	10100	2	0	10000
S028_MINIONCE_4765	44	Picture	RW	2857490	0	1	43200	2	0	43200
S028_MINIONCE_4765	44	Pulse	99	2866674	9184	NA
S028_MINIONCE_4765	44	Port Input	1	2866674	9184	NA
S028_MINIONCE_4765	44	Response	52	2871070	13580	2
S028_MINIONCE_4765	44	Picture	43_T_RWTRIAD_RW_gafas_red.png	2900690	43200	1	1900	2	43200	1800
S028_MINIONCE_4765	44	Pulse	99	2902675	45185	NA
S028_MINIONCE_4765	44	Port Input	1	2902675	45185	NA
S028_MINIONCE_4765	45	Picture	RW	2902890	0	1	43200	2	0	43200
S028_MINIONCE_4765	45	Response	51	2916060	13170	2
S028_MINIONCE_4765	45	Pulse	99	2938676	35786	NA
S028_MINIONCE_4765	45	Port Input	1	2938676	35786	NA
S028_MINIONCE_4765	45	Picture	44_T_RWTRIAD_RW_policia_red.png	2946090	43200	1	1900	2	43200	1800
S028_MINIONCE_4765	46	Picture	RW	2948190	0	1	43200	2	0	43200
S028_MINIONCE_4765	46	Response	52	2960113	11923	1
S028_MINIONCE_4765	46	Pulse	99	2974678	26488	NA
S028_MINIONCE_4765	46	Port Input	1	2974678	26488	NA
S028_MINIONCE_4765	46	Picture	45_T_RWTRIAD_RW_sobre_red.png	2991390	43200	1	1900	2	43200	1800
S028_MINIONCE_4765	47	Picture	RW	2993490	0	1	43199	3	0	43200
S028_MINIONCE_4765	47	Response	52	3005084	11594	2
S028_MINIONCE_4765	47	Pulse	99	3010679	17189	NA
S028_MINIONCE_4765	47	Port Input	1	3010679	17189	NA
S028_MINIONCE_4765	47	Picture	46_T_RWTRIAD_RW_paraguas_red.png	3036689	43199	2	1900	4	43200	1800
S028_MINIONCE_4765	48	Picture	FF	3038889	0	2	43200	3	0	43200
S028_MINIONCE_4765	48	Pulse	99	3046680	7791	NA
S028_MINIONCE_4765	48	Port Input	1	3046680	7791	NA
S028_MINIONCE_4765	48	Response	52	3052194	13305	1
S028_MINIONCE_4765	48	Picture	47_T_FFTRIAD_FF_gafas_red.png	3082089	43200	1	1900	3	43200	1800
S028_MINIONCE_4765	48	Pulse	99	3082681	43792	NA
S028_MINIONCE_4765	48	Port Input	1	3082681	43792	NA
S028_MINIONCE_4765	49	Picture	FF	3084389	0	1	43100	2	0	43200
S028_MINIONCE_4765	49	Response	51	3097582	13193	2
S028_MINIONCE_4765	49	Pulse	99	3118682	34293	NA
S028_MINIONCE_4765	49	Port Input	1	3118682	34293	NA
S028_MINIONCE_4765	49	Picture	48_T_FFTRIAD_FF_carruaje_red.png	3127489	43100	1	1900	2	43200	1800
S028_MINIONCE_4765	50	Picture	FF	3129589	0	2	43200	3	0	43200
S028_MINIONCE_4765	50	Response	52	3142329	12740	1
S028_MINIONCE_4765	50	Pulse	99	3154683	25094	NA
S028_MINIONCE_4765	50	Port Input	1	3154683	25094	NA
S028_MINIONCE_4765	50	Picture	49_T_FFTRIAD_FF_anillo_red.png	3172789	43200	1	1900	2	43200	1800
S028_MINIONCE_4765	51	Picture	FF	3174889	0	1	43199	3	0	43200
S028_MINIONCE_4765	51	Response	52	3186849	11960	1
S028_MINIONCE_4765	51	Pulse	99	3190684	15795	NA
S028_MINIONCE_4765	51	Port Input	1	3190684	15795	NA
S028_MINIONCE_4765	51	Picture	50_T_FFTRIAD_FF_bebe_red.png	3218088	43199	2	1900	4	43200	1800
S028_MINIONCE_4765	52	Picture	rest	3220088	0	2	144100	3	0	144000
S028_MINIONCE_4765	52	Pulse	99	3226685	6597	NA
S028_MINIONCE_4765	52	Port Input	1	3226685	6597	NA
S028_MINIONCE_4765	52	Pulse	99	3262686	42598	NA
S028_MINIONCE_4765	52	Port Input	1	3262686	42598	NA
S028_MINIONCE_4765	52	Pulse	99	3298687	78599	NA
S028_MINIONCE_4765	52	Port Input	1	3298687	78599	NA
S028_MINIONCE_4765	52	Pulse	99	3334689	114601	NA
S028_MINIONCE_4765	52	Port Input	1	3334689	114601	NA
S028_MINIONCE_4765	53	Picture	endrest	3364288	0	1	10100	2	0	10000
S028_MINIONCE_4765	53	Pulse	99	3370690	6402	NA
S028_MINIONCE_4765	53	Port Input	1	3370690	6402	NA
S028_MINIONCE_4765	54	Picture	FF	3374588	0	1	43200	2	0	43200
S028_MINIONCE_4765	54	Response	51	3387705	13117	1
S028_MINIONCE_4765	54	Pulse	99	3406691	32103	NA
S028_MINIONCE_4765	54	Port Input	1	3406691	32103	NA
S028_MINIONCE_4765	54	Picture	53_T_FFTRIAD_FF_granjero_red.png	3417788	43200	1	1900	2	43200	1800
S028_MINIONCE_4765	55	Picture	FF	3419888	0	1	43200	2	0	43200
S028_MINIONCE_4765	55	Response	52	3432240	12352	1
S028_MINIONCE_4765	55	Pulse	99	3442692	22804	NA
S028_MINIONCE_4765	55	Port Input	1	3442692	22804	NA
S028_MINIONCE_4765	55	Picture	54_T_FFTRIAD_FF_cinturon_red.png	3463088	43200	1	1900	2	43200	1800
S028_MINIONCE_4765	56	Picture	FF	3465188	0	1	43200	2	0	43200
S028_MINIONCE_4765	56	Pulse	99	3478693	13505	NA
S028_MINIONCE_4765	56	Port Input	1	3478693	13505	NA
S028_MINIONCE_4765	56	Response	51	3479292	14104	1
S028_MINIONCE_4765	56	Picture	55_T_FFTRIAD_FF_grifo_red.png	3508388	43200	1	1900	2	43200	1800
S028_MINIONCE_4765	57	Picture	FF	3510488	0	1	43200	2	0	43200
S028_MINIONCE_4765	57	Pulse	99	3514694	4206	NA
S028_MINIONCE_4765	57	Port Input	1	3514694	4206	NA
S028_MINIONCE_4765	57	Response	51	3524860	14372	1
S028_MINIONCE_4765	57	Pulse	99	3550695	40207	NA
S028_MINIONCE_4765	57	Port Input	1	3550695	40207	NA
S028_MINIONCE_4765	57	Picture	56_T_FFTRIAD_FF_arbol_red.png	3553688	43200	1	1900	2	43200	1800
S028_MINIONCE_4765	58	Picture	FF	3555788	0	1	43200	2	0	43200
S028_MINIONCE_4765	58	Response	51	3570964	15176	1
S028_MINIONCE_4765	58	Pulse	99	3586696	30908	NA
S028_MINIONCE_4765	58	Port Input	1	3586696	30908	NA
S028_MINIONCE_4765	58	Picture	57_T_FFTRIAD_FF_traje_red.png	3598988	43200	1	1900	2	43200	1800
S028_MINIONCE_4765	59	Picture	FF	3601288	0	1	43100	2	0	43200
S028_MINIONCE_4765	59	Response	52	3616108	14820	2
S028_MINIONCE_4765	59	Pulse	99	3622697	21409	NA
S028_MINIONCE_4765	59	Port Input	1	3622697	21409	NA
S028_MINIONCE_4765	59	Picture	58_T_FFTRIAD_FF_destornillador_red.png	3644388	43100	1	1899	3	43200	1800
S028_MINIONCE_4765	60	Picture	FF	3646487	0	2	43200	3	0	43200
S028_MINIONCE_4765	60	Response	52	3658292	11805	1
S028_MINIONCE_4765	60	Pulse	99	3658698	12211	NA
S028_MINIONCE_4765	60	Port Input	1	3658698	12211	NA
S028_MINIONCE_4765	60	Picture	59_T_FFTRIAD_FF_telarana_red.png	3689687	43200	1	1900	2	43200	1800
S028_MINIONCE_4765	61	Picture	FF	3691787	0	1	43200	2	0	43200
S028_MINIONCE_4765	61	Pulse	99	3694700	2913	NA
S028_MINIONCE_4765	61	Port Input	1	3694700	2913	NA
S028_MINIONCE_4765	61	Response	51	3701259	9472	1
S028_MINIONCE_4765	61	Pulse	99	3730701	38914	NA
S028_MINIONCE_4765	61	Port Input	1	3730701	38914	NA
S028_MINIONCE_4765	61	Picture	60_T_FFTRIAD_FF_lechuga_red.png	3734987	43200	1	1900	2	43200	1800
S028_MINIONCE_4765	62	Picture	rest	3736987	0	1	144100	2	0	144000
S028_MINIONCE_4765	62	Pulse	99	3766702	29715	NA
S028_MINIONCE_4765	62	Port Input	1	3766702	29715	NA
S028_MINIONCE_4765	62	Pulse	99	3802703	65716	NA
S028_MINIONCE_4765	62	Port Input	1	3802703	65716	NA
S028_MINIONCE_4765	62	Pulse	99	3838704	101717	NA
S028_MINIONCE_4765	62	Port Input	1	3838704	101717	NA
S028_MINIONCE_4765	62	Pulse	99	3874705	137718	NA
S028_MINIONCE_4765	62	Port Input	1	3874705	137718	NA
S028_MINIONCE_4765	63	Picture	endrest	3881187	0	1	10100	2	0	10000
S028_MINIONCE_4765	64	Picture	PW	3891487	0	1	43200	2	0	43200
S028_MINIONCE_4765	64	Response	52	3908521	17034	1
S028_MINIONCE_4765	64	Pulse	99	3910706	19219	NA
S028_MINIONCE_4765	64	Port Input	1	3910706	19219	NA
S028_MINIONCE_4765	64	Picture	63_T_PWTRIAD_PW_botella_red.png	3934687	43200	1	1900	2	43200	1800
S028_MINIONCE_4765	65	Picture	PW	3936786	0	2	43200	3	0	43200
S028_MINIONCE_4765	65	Pulse	99	3946707	9921	NA
S028_MINIONCE_4765	65	Port Input	1	3946707	9921	NA
S028_MINIONCE_4765	65	Response	51	3951199	14413	1
S028_MINIONCE_4765	65	Picture	64_T_PWTRIAD_PW_manos_red.png	3979986	43200	1	1900	3	43200	1800
S028_MINIONCE_4765	66	Picture	PW	3982086	0	1	43200	2	0	43200
S028_MINIONCE_4765	66	Pulse	99	3982708	622	NA
S028_MINIONCE_4765	66	Port Input	1	3982708	622	NA
S028_MINIONCE_4765	66	Response	52	4003856	21770	1
S028_MINIONCE_4765	66	Pulse	99	4018710	36624	NA
S028_MINIONCE_4765	66	Port Input	1	4018710	36624	NA
S028_MINIONCE_4765	66	Picture	65_T_PWTRIAD_PW_destornillador_red.png	4025286	43200	1	1900	2	43200	1800
S028_MINIONCE_4765	67	Picture	PW	4027386	0	1	43200	2	0	43200
S028_MINIONCE_4765	67	Response	51	4046772	19386	1
S028_MINIONCE_4765	67	Pulse	99	4054711	27325	NA
S028_MINIONCE_4765	67	Port Input	1	4054711	27325	NA
S028_MINIONCE_4765	67	Picture	66_T_PWTRIAD_PW_oruga_red.png	4070586	43200	1	1900	2	43200	1800
S028_MINIONCE_4765	68	Picture	RW	4072686	0	1	43200	2	0	43200
S028_MINIONCE_4765	68	Response	52	4088209	15523	1
S028_MINIONCE_4765	68	Pulse	99	4090712	18026	NA
S028_MINIONCE_4765	68	Port Input	1	4090712	18026	NA
S028_MINIONCE_4765	68	Picture	67_T_RWTRIAD_RW_bellota_red.png	4115886	43200	1	1900	2	43200	1800
S028_MINIONCE_4765	69	Picture	RW	4118186	0	1	43100	2	0	43200
S028_MINIONCE_4765	69	Pulse	99	4126713	8527	NA
S028_MINIONCE_4765	69	Port Input	1	4126713	8527	NA
S028_MINIONCE_4765	69	Response	51	4135308	17122	1
S028_MINIONCE_4765	69	Picture	68_T_RWTRIAD_RW_lana_red.png	4161286	43100	1	1900	2	43200	1800
S028_MINIONCE_4765	69	Pulse	99	4162714	44528	NA
S028_MINIONCE_4765	69	Port Input	1	4162714	44528	NA
S028_MINIONCE_4765	70	Picture	RW	4163386	0	1	43200	2	0	43200
S028_MINIONCE_4765	70	Response	52	4178758	15372	6
S028_MINIONCE_4765	70	Pulse	99	4198715	35329	NA
S028_MINIONCE_4765	70	Port Input	1	4198715	35329	NA
S028_MINIONCE_4765	70	Picture	69_T_RWTRIAD_RW_leche_red.png	4206586	43200	1	1900	2	43200	1800
S028_MINIONCE_4765	71	Picture	RW	4208686	0	1	43199	3	0	43200
S028_MINIONCE_4765	71	Response	51	4227009	18323	1
S028_MINIONCE_4765	71	Pulse	99	4234716	26030	NA
S028_MINIONCE_4765	71	Port Input	1	4234716	26030	NA
S028_MINIONCE_4765	71	Picture	70_T_RWTRIAD_RW_queso_red.png	4251885	43199	2	1901	3	43200	1800
S028_MINIONCE_4765	72	Picture	rest	4253885	0	2	144100	3	0	144000
S028_MINIONCE_4765	72	Pulse	99	4270717	16832	NA
S028_MINIONCE_4765	72	Port Input	1	4270717	16832	NA
S028_MINIONCE_4765	72	Pulse	99	4306718	52833	NA
S028_MINIONCE_4765	72	Port Input	1	4306718	52833	NA
S028_MINIONCE_4765	72	Pulse	99	4342719	88834	NA
S028_MINIONCE_4765	72	Port Input	1	4342719	88834	NA
S028_MINIONCE_4765	72	Pulse	99	4378721	124836	NA
S028_MINIONCE_4765	72	Port Input	1	4378721	124836	NA
S028_MINIONCE_4765	73	Picture	endrest	4398085	0	1	10100	2	0	10000
S028_MINIONCE_4765	74	Picture	PW	4408585	0	1	43100	2	0	43200
S028_MINIONCE_4765	74	Pulse	99	4414722	6137	NA
S028_MINIONCE_4765	74	Port Input	1	4414722	6137	NA
S028_MINIONCE_4765	74	Response	52	4428982	20397	1
S028_MINIONCE_4765	74	Pulse	99	4450723	42138	NA
S028_MINIONCE_4765	74	Port Input	1	4450723	42138	NA
S028_MINIONCE_4765	74	Picture	73_T_PWTRIAD_PW_huevos_red.png	4451685	43100	1	1900	2	43200	1800
S028_MINIONCE_4765	75	Picture	PW	4453785	0	1	43200	2	0	43200
S028_MINIONCE_4765	75	Response	51	4471681	17896	1
S028_MINIONCE_4765	75	Pulse	99	4486724	32939	NA
S028_MINIONCE_4765	75	Port Input	1	4486724	32939	NA
S028_MINIONCE_4765	75	Picture	74_T_PWTRIAD_PW_esquimal_red.png	4496985	43200	1	1900	2	43200	1800
S028_MINIONCE_4765	76	Picture	PW	4499285	0	1	43100	2	0	43200
S028_MINIONCE_4765	76	Response	51	4514157	14872	1
S028_MINIONCE_4765	76	Pulse	99	4522725	23440	NA
S028_MINIONCE_4765	76	Port Input	1	4522725	23440	NA
S028_MINIONCE_4765	76	Picture	75_T_PWTRIAD_PW_bala_red.png	4542385	43100	1	1900	2	43200	1800
S028_MINIONCE_4765	77	Picture	PW	4544485	0	1	43199	3	0	43200
S028_MINIONCE_4765	77	Pulse	99	4558726	14241	NA
S028_MINIONCE_4765	77	Port Input	1	4558726	14241	NA
S028_MINIONCE_4765	77	Response	51	4560322	15837	1
S028_MINIONCE_4765	77	Picture	76_T_PWTRIAD_PW_sobre_red.png	4587684	43199	2	1900	3	43200	1800
S028_MINIONCE_4765	78	Picture	PW	4589784	0	2	43200	3	0	43200
S028_MINIONCE_4765	78	Pulse	99	4594727	4943	NA
S028_MINIONCE_4765	78	Port Input	1	4594727	4943	NA
S028_MINIONCE_4765	78	Response	51	4606433	16649	1
S028_MINIONCE_4765	78	Pulse	99	4630728	40944	NA
S028_MINIONCE_4765	78	Port Input	1	4630728	40944	NA
S028_MINIONCE_4765	78	Picture	77_T_PWTRIAD_PW_leche_red.png	4632984	43200	1	1900	2	43200	1800
S028_MINIONCE_4765	79	Picture	PW	4635084	0	1	43200	2	0	43200
S028_MINIONCE_4765	79	Response	52	4652885	17801	1
S028_MINIONCE_4765	79	Pulse	99	4666729	31645	NA
S028_MINIONCE_4765	79	Port Input	1	4666729	31645	NA
S028_MINIONCE_4765	79	Picture	78_T_PWTRIAD_PW_mono_red.png	4678284	43200	1	1900	2	43200	1800
S028_MINIONCE_4765	80	Picture	PW	4680484	0	1	43200	2	0	43200
S028_MINIONCE_4765	80	Response	51	4698400	17916	2
S028_MINIONCE_4765	80	Pulse	99	4702730	22246	NA
S028_MINIONCE_4765	80	Port Input	1	4702730	22246	NA
S028_MINIONCE_4765	80	Picture	79_T_PWTRIAD_PW_arco_red.png	4723684	43200	1	1900	2	43200	1800
S028_MINIONCE_4765	81	Picture	PW	4725784	0	1	43200	2	0	43200
S028_MINIONCE_4765	81	Pulse	99	4738732	12948	NA
S028_MINIONCE_4765	81	Port Input	1	4738732	12948	NA
S028_MINIONCE_4765	81	Response	52	4742563	16779	2
S028_MINIONCE_4765	81	Picture	80_T_PWTRIAD_PW_grifo_red.png	4768984	43200	1	1900	2	43200	1800
S028_MINIONCE_4765	82	Picture	rest	4770984	0	1	144099	3	0	144000
S028_MINIONCE_4765	82	Pulse	99	4774733	3749	NA
S028_MINIONCE_4765	82	Port Input	1	4774733	3749	NA
S028_MINIONCE_4765	82	Pulse	99	4810734	39750	NA
S028_MINIONCE_4765	82	Port Input	1	4810734	39750	NA
S028_MINIONCE_4765	82	Pulse	99	4846735	75751	NA
S028_MINIONCE_4765	82	Port Input	1	4846735	75751	NA
S028_MINIONCE_4765	82	Pulse	99	4882736	111752	NA
S028_MINIONCE_4765	82	Port Input	1	4882736	111752	NA
S028_MINIONCE_4765	83	Picture	endrest	4915183	0	1	10100	2	0	10000
S028_MINIONCE_4765	83	Pulse	99	4918737	3554	NA
S028_MINIONCE_4765	83	Port Input	1	4918737	3554	NA
S028_MINIONCE_4765	84	Picture	PW	4925483	0	1	43200	2	0	43200
S028_MINIONCE_4765	84	Response	51	4944094	18611	1
S028_MINIONCE_4765	84	Pulse	99	4954738	29255	NA
S028_MINIONCE_4765	84	Port Input	1	4954738	29255	NA
S028_MINIONCE_4765	84	Picture	83_T_PWTRIAD_PW_charco_red.png	4968683	43200	1	1900	2	43200	1800
S028_MINIONCE_4765	85	Picture	PW	4970783	0	1	43200	2	0	43200
S028_MINIONCE_4765	85	Response	51	4986235	15452	1
S028_MINIONCE_4765	85	Pulse	99	4990739	19956	NA
S028_MINIONCE_4765	85	Port Input	1	4990739	19956	NA
S028_MINIONCE_4765	85	Picture	84_T_PWTRIAD_PW_lana_red.png	5013983	43200	1	1900	2	43200	1800
S028_MINIONCE_4765	86	Picture	PW	5016083	0	1	43200	2	0	43200
S028_MINIONCE_4765	86	Pulse	99	5026740	10657	NA
S028_MINIONCE_4765	86	Port Input	1	5026740	10657	NA
S028_MINIONCE_4765	86	Response	51	5034267	18184	1
S028_MINIONCE_4765	86	Picture	85_T_PWTRIAD_PW_dedal_red.png	5059283	43200	1	1900	2	43200	1800
S028_MINIONCE_4765	87	Picture	PW	5061383	0	1	43200	2	0	43200
S028_MINIONCE_4765	87	Pulse	99	5062742	1359	NA
S028_MINIONCE_4765	87	Port Input	1	5062742	1359	NA
S028_MINIONCE_4765	87	Response	51	5079199	17816	1
S028_MINIONCE_4765	87	Pulse	99	5098743	37360	NA
S028_MINIONCE_4765	87	Port Input	1	5098743	37360	NA
S028_MINIONCE_4765	87	Picture	86_T_PWTRIAD_PW_queso_red.png	5104583	43200	1	1900	2	43200	1800
S028_MINIONCE_4765	88	Picture	RW	5106683	0	1	43200	2	0	43200
S028_MINIONCE_4765	88	Response	52	5120056	13373	1
S028_MINIONCE_4765	88	Pulse	99	5134744	28061	NA
S028_MINIONCE_4765	88	Port Input	1	5134744	28061	NA
S028_MINIONCE_4765	88	Picture	87_T_RWTRIAD_RW_huevos_red.png	5149883	43200	1	1900	2	43200	1800
S028_MINIONCE_4765	89	Picture	RW	5151983	0	1	43199	3	0	43200
S028_MINIONCE_4765	89	Response	51	5166316	14333	1
S028_MINIONCE_4765	89	Pulse	99	5170745	18762	NA
S028_MINIONCE_4765	89	Port Input	1	5170745	18762	NA
S028_MINIONCE_4765	89	Picture	88_T_RWTRIAD_RW_telefono_red.png	5195182	43199	2	1900	4	43200	1800
S028_MINIONCE_4765	90	Picture	RW	5197282	0	2	43200	3	0	43200
S028_MINIONCE_4765	90	Pulse	99	5206746	9464	NA
S028_MINIONCE_4765	90	Port Input	1	5206746	9464	NA
S028_MINIONCE_4765	90	Response	52	5209940	12658	1
S028_MINIONCE_4765	90	Picture	89_T_RWTRIAD_RW_llave_red.png	5240482	43200	1	1900	2	43200	1800
S028_MINIONCE_4765	91	Picture	RW	5242582	0	1	43200	2	0	43200
S028_MINIONCE_4765	91	Pulse	99	5242747	165	NA
S028_MINIONCE_4765	91	Port Input	1	5242747	165	NA
S028_MINIONCE_4765	91	Response	52	5256156	13574	1
S028_MINIONCE_4765	91	Pulse	99	5278748	36166	NA
S028_MINIONCE_4765	91	Port Input	1	5278748	36166	NA
S028_MINIONCE_4765	91	Picture	90_T_RWTRIAD_RW_pincel_red.png	5285782	43200	1	1900	2	43200	1800
S028_MINIONCE_4765	92	Picture	rest	5287782	0	1	144100	2	0	144000
S028_MINIONCE_4765	92	Pulse	99	5314749	26967	NA
S028_MINIONCE_4765	92	Port Input	1	5314749	26967	NA
S028_MINIONCE_4765	92	Pulse	99	5350750	62968	NA
S028_MINIONCE_4765	92	Port Input	1	5350750	62968	NA
S028_MINIONCE_4765	92	Pulse	99	5386751	98969	NA
S028_MINIONCE_4765	92	Port Input	1	5386751	98969	NA
S028_MINIONCE_4765	92	Pulse	99	5422753	134971	NA
S028_MINIONCE_4765	92	Port Input	1	5422753	134971	NA
S028_MINIONCE_4765	93	Picture	endrest	5431982	0	1	10100	2	0	10000
S028_MINIONCE_4765	94	Picture	FF	5442282	0	1	43200	2	0	43200
S028_MINIONCE_4765	94	Response	51	5457055	14773	1
S028_MINIONCE_4765	94	Pulse	99	5458754	16472	NA
S028_MINIONCE_4765	94	Port Input	1	5458754	16472	NA
S028_MINIONCE_4765	94	Picture	93_T_FFTRIAD_FF_futbol_red.png	5485482	43200	1	1899	3	43200	1800
S028_MINIONCE_4765	95	Picture	FF	5487581	0	2	43200	3	0	43200
S028_MINIONCE_4765	95	Pulse	99	5494755	7174	NA
S028_MINIONCE_4765	95	Port Input	1	5494755	7174	NA
S028_MINIONCE_4765	95	Response	52	5499178	11597	1
S028_MINIONCE_4765	95	Pulse	99	5530756	43175	NA
S028_MINIONCE_4765	95	Port Input	1	5530756	43175	NA
S028_MINIONCE_4765	95	Picture	94_T_FFTRIAD_FF_huevos_red.png	5530781	43200	1	1900	2	43200	1800
S028_MINIONCE_4765	96	Picture	FF	5533081	0	1	43100	2	0	43200
S028_MINIONCE_4765	96	Response	52	5543467	10386	1
S028_MINIONCE_4765	96	Pulse	99	5566757	33676	NA
S028_MINIONCE_4765	96	Port Input	1	5566757	33676	NA
S028_MINIONCE_4765	96	Picture	95_T_FFTRIAD_FF_chupete_red.png	5576181	43100	1	1900	2	43200	1800
S028_MINIONCE_4765	97	Picture	FF	5578281	0	1	43200	2	0	43200
S028_MINIONCE_4765	97	Response	52	5589106	10825	1
S028_MINIONCE_4765	97	Pulse	99	5602758	24477	NA
S028_MINIONCE_4765	97	Port Input	1	5602758	24477	NA
S028_MINIONCE_4765	97	Picture	96_T_FFTRIAD_FF_queso_red.png	5621481	43200	1	1900	2	43200	1800
S028_MINIONCE_4765	98	Picture	RW	5623581	0	1	43200	2	0	43200
S028_MINIONCE_4765	98	Pulse	99	5638759	15178	NA
S028_MINIONCE_4765	98	Port Input	1	5638759	15178	NA
S028_MINIONCE_4765	98	Response	52	5642654	19073	1
S028_MINIONCE_4765	98	Picture	97_T_RWTRIAD_RW_murcielago_red.png	5666781	43200	1	1900	2	43200	1800
S028_MINIONCE_4765	99	Picture	RW	5668981	0	1	43199	3	0	43200
S028_MINIONCE_4765	99	Pulse	99	5674760	5779	NA
S028_MINIONCE_4765	99	Port Input	1	5674760	5779	NA
S028_MINIONCE_4765	99	Response	52	5682457	13476	1
S028_MINIONCE_4765	99	Pulse	99	5710761	41780	NA
S028_MINIONCE_4765	99	Port Input	1	5710761	41780	NA
S028_MINIONCE_4765	99	Picture	98_T_RWTRIAD_RW_dado_red.png	5712180	43199	2	1901	3	43200	1800
S028_MINIONCE_4765	100	Picture	RW	5714280	0	2	43201	3	0	43200
S028_MINIONCE_4765	100	Response	52	5728553	14273	1
S028_MINIONCE_4765	100	Pulse	99	5746762	32482	NA
S028_MINIONCE_4765	100	Port Input	1	5746762	32482	NA
S028_MINIONCE_4765	100	Picture	99_T_RWTRIAD_RW_sapo_red.png	5757481	43201	1	1900	2	43200	1800
S028_MINIONCE_4765	101	Picture	RW	5759581	0	1	43199	3	0	43200
S028_MINIONCE_4765	101	Response	52	5771633	12052	1
S028_MINIONCE_4765	101	Pulse	99	5782764	23183	NA
S028_MINIONCE_4765	101	Port Input	1	5782764	23183	NA
S028_MINIONCE_4765	101	Picture	100_T_RWTRIAD_RW_mono_red.png	5802780	43199	2	1900	4	43200	1800
S028_MINIONCE_4765	102	Picture	rest	5804780	0	2	144100	3	0	144000
S028_MINIONCE_4765	102	Pulse	99	5818765	13985	NA
S028_MINIONCE_4765	102	Port Input	1	5818765	13985	NA
S028_MINIONCE_4765	102	Pulse	99	5854766	49986	NA
S028_MINIONCE_4765	102	Port Input	1	5854766	49986	NA
S028_MINIONCE_4765	102	Pulse	99	5890767	85987	NA
S028_MINIONCE_4765	102	Port Input	1	5890767	85987	NA
S028_MINIONCE_4765	102	Pulse	99	5926768	121988	NA
S028_MINIONCE_4765	102	Port Input	1	5926768	121988	NA
S028_MINIONCE_4765	103	Picture	endrest	5948980	0	1	10100	2	0	10000
S028_MINIONCE_4765	104	Picture	PW	5959280	0	1	43200	2	0	43200
S028_MINIONCE_4765	104	Pulse	99	5962769	3489	NA
S028_MINIONCE_4765	104	Port Input	1	5962769	3489	NA
S028_MINIONCE_4765	104	Response	51	5979176	19896	1
S028_MINIONCE_4765	104	Pulse	99	5998770	39490	NA
S028_MINIONCE_4765	104	Port Input	1	5998770	39490	NA
S028_MINIONCE_4765	104	Picture	103_T_PWTRIAD_PW_pincel_red.png	6002480	43200	1	1900	2	43200	1800
S028_MINIONCE_4765	105	Picture	PW	6004580	0	1	43200	2	0	43200
S028_MINIONCE_4765	105	Response	52	6019648	15068	2
S028_MINIONCE_4765	105	Pulse	99	6034771	30191	NA
S028_MINIONCE_4765	105	Port Input	1	6034771	30191	NA
S028_MINIONCE_4765	105	Picture	104_T_PWTRIAD_PW_paraguas_red.png	6047780	43200	1	1900	2	43200	1800
S028_MINIONCE_4765	106	Picture	PW	6049880	0	1	43200	2	0	43200
S028_MINIONCE_4765	106	Response	52	6069056	19176	1
S028_MINIONCE_4765	106	Pulse	99	6070772	20892	NA
S028_MINIONCE_4765	106	Port Input	1	6070772	20892	NA
S028_MINIONCE_4765	106	Picture	105_T_PWTRIAD_PW_cinturon_red.png	6093080	43200	1	1900	2	43200	1800
S028_MINIONCE_4765	107	Picture	PW	6095180	0	1	43199	2	0	43200
S028_MINIONCE_4765	107	Pulse	99	6106773	11593	NA
S028_MINIONCE_4765	107	Port Input	1	6106773	11593	NA
S028_MINIONCE_4765	107	Response	51	6113048	17868	1
S028_MINIONCE_4765	107	Picture	106_T_PWTRIAD_PW_teclado_red.png	6138379	43199	1	1900	2	43200	1800
S028_MINIONCE_4765	108	Picture	PW	6140479	0	1	43200	2	0	43200
S028_MINIONCE_4765	108	Pulse	99	6142775	2296	NA
S028_MINIONCE_4765	108	Port Input	1	6142775	2296	NA
S028_MINIONCE_4765	108	Response	51	6155989	15510	1
S028_MINIONCE_4765	108	Pulse	99	6178776	38297	NA
S028_MINIONCE_4765	108	Port Input	1	6178776	38297	NA
S028_MINIONCE_4765	108	Picture	107_T_PWTRIAD_PW_novia_red.png	6183679	43200	1	1900	2	43200	1800
S028_MINIONCE_4765	109	Picture	PW	6185779	0	1	43200	2	0	43200
S028_MINIONCE_4765	109	Response	52	6200444	14665	1
S028_MINIONCE_4765	109	Pulse	99	6214777	28998	NA
S028_MINIONCE_4765	109	Port Input	1	6214777	28998	NA
S028_MINIONCE_4765	109	Picture	108_T_PWTRIAD_PW_anillo_red.png	6228979	43200	1	1900	2	43200	1800
S028_MINIONCE_4765	110	Picture	PW	6231079	0	1	43200	2	0	43200
S028_MINIONCE_4765	110	Response	52	6247001	15922	1
S028_MINIONCE_4765	110	Pulse	99	6250778	19699	NA
S028_MINIONCE_4765	110	Port Input	1	6250778	19699	NA
S028_MINIONCE_4765	110	Picture	109_T_PWTRIAD_PW_agua_red.png	6274279	43200	1	1900	2	43200	1800
S028_MINIONCE_4765	111	Picture	PW	6276379	0	1	43200	2	0	43200
S028_MINIONCE_4765	111	Pulse	99	6286779	10400	NA
S028_MINIONCE_4765	111	Port Input	1	6286779	10400	NA
S028_MINIONCE_4765	111	Response	52	6294341	17962	1
S028_MINIONCE_4765	111	Picture	110_T_PWTRIAD_PW_banera_red.png	6319579	43200	1	1900	2	43200	1800
S028_MINIONCE_4765	112	Picture	rest	6321579	0	1	144099	2	0	144000
S028_MINIONCE_4765	112	Pulse	99	6322780	1201	NA
S028_MINIONCE_4765	112	Port Input	1	6322780	1201	NA
S028_MINIONCE_4765	113	Picture	endrest	6465778	0	1	10100	2	0	10000
S028_MINIONCE_4765	114	Picture	RW	6476078	0	1	43200	2	0	43200
S028_MINIONCE_4765	114	Response	51	6494827	18749	1
S028_MINIONCE_4765	114	Picture	113_T_RWTRIAD_RW_candado_red.png	6519278	43200	1	1900	2	43200	1800
S028_MINIONCE_4765	115	Picture	RW	6521378	0	1	43200	2	0	43200
S028_MINIONCE_4765	115	Response	51	6537651	16273	1
S028_MINIONCE_4765	115	Picture	114_T_RWTRIAD_RW_perro_red.png	6564578	43200	1	1900	2	43200	1800
S028_MINIONCE_4765	116	Picture	RW	6566678	0	1	43200	2	0	43200
S028_MINIONCE_4765	116	Response	51	6579903	13225	1
S028_MINIONCE_4765	116	Picture	115_T_RWTRIAD_RW_cortina_red.png	6609878	43200	1	1900	2	43200	1800
S028_MINIONCE_4765	117	Picture	RW	6611978	0	1	43200	2	0	43200
S028_MINIONCE_4765	117	Response	51	6625451	13473	2
S028_MINIONCE_4765	117	Picture	116_T_RWTRIAD_RW_pizarra_red.png	6655178	43200	1	1900	2	43200	1800
S028_MINIONCE_4765	118	Picture	FF	6657478	0	1	43100	2	0	43200
S028_MINIONCE_4765	118	Response	51	6673159	15681	1
S028_MINIONCE_4765	118	Picture	117_T_FFTRIAD_FF_television_red.png	6700578	43100	1	1899	3	43200	1800
S028_MINIONCE_4765	119	Picture	FF	6702678	0	1	43199	3	0	43200
S028_MINIONCE_4765	119	Response	51	6717620	14942	1
S028_MINIONCE_4765	119	Picture	118_T_FFTRIAD_FF_ancla_red.png	6745877	43199	2	1900	4	43200	1800
S028_MINIONCE_4765	120	Picture	FF	6747977	0	1	43200	2	0	43200
S028_MINIONCE_4765	120	Response	52	6761649	13672	1
S028_MINIONCE_4765	120	Picture	119_T_FFTRIAD_FF_mono_red.png	6791177	43200	1	1900	2	43200	1800
S028_MINIONCE_4765	121	Picture	FF	6793277	0	1	43200	2	0	43200
S028_MINIONCE_4765	121	Response	51	6806784	13507	1
S028_MINIONCE_4765	121	Picture	120_T_FFTRIAD_FF_sombrilla_red.png	6836477	43200	1	1900	2	43200	1800
S028_MINIONCE_4765	122	Picture	rest	6838477	0	1	144100	2	0	144000
S028_MINIONCE_4765	123	Picture	endrest	6982677	0	1	10100	2	0	10000
S028_MINIONCE_4765	124	Picture	PW	6992977	0	1	43199	3	0	43200
S028_MINIONCE_4765	124	Response	51	7010829	17852	1
S028_MINIONCE_4765	124	Picture	123_T_PWTRIAD_PW_bebe_red.png	7036176	43199	2	1900	4	43200	1800
S028_MINIONCE_4765	125	Picture	PW	7038276	0	2	43200	3	0	43200
S028_MINIONCE_4765	125	Response	52	7055735	17459	1
S028_MINIONCE_4765	125	Picture	124_T_PWTRIAD_PW_cerillas_red.png	7081476	43200	1	1900	2	43200	1800
S028_MINIONCE_4765	126	Picture	PW	7083576	0	1	43200	2	0	43200
S028_MINIONCE_4765	126	Response	52	7100174	16598	1
S028_MINIONCE_4765	126	Picture	125_T_PWTRIAD_PW_perro_red.png	7126776	43200	1	1900	2	43200	1800
S028_MINIONCE_4765	127	Picture	PW	7128876	0	1	43200	2	0	43200
S028_MINIONCE_4765	127	Response	52	7148404	19528	1
S028_MINIONCE_4765	127	Picture	126_T_PWTRIAD_PW_grapadora_red.png	7172076	43200	1	1900	2	43200	1800
S028_MINIONCE_4765	128	Picture	FF	7174176	0	1	43200	2	0	43200
S028_MINIONCE_4765	128	Response	51	7188143	13967	1
S028_MINIONCE_4765	128	Picture	127_T_FFTRIAD_FF_portatil_red.png	7217376	43200	1	1900	2	43200	1800
S028_MINIONCE_4765	129	Picture	FF	7219676	0	1	43100	2	0	43200
S028_MINIONCE_4765	129	Response	51	7233127	13451	1
S028_MINIONCE_4765	129	Picture	128_T_FFTRIAD_FF_banera_red.png	7262776	43100	1	1900	2	43200	1800
S028_MINIONCE_4765	130	Picture	FF	7264876	0	1	43200	2	0	43200
S028_MINIONCE_4765	130	Response	51	7274568	9692	1
S028_MINIONCE_4765	130	Picture	129_T_FFTRIAD_FF_violin_red.png	7308076	43200	1	1900	2	43200	1800
S028_MINIONCE_4765	131	Picture	FF	7310276	0	1	43199	3	0	43200
S028_MINIONCE_4765	131	Response	51	7321279	11003	1
S028_MINIONCE_4765	131	Picture	130_T_FFTRIAD_FF_plato_red.png	7353475	43199	2	1900	3	43200	1800
S028_MINIONCE_4765	132	Picture	rest	7355475	0	2	144100	3	0	144000
S028_MINIONCE_4765	133	Picture	endrest	7499675	0	1	10100	2	0	10000
S028_MINIONCE_4765	134	Picture	PW	7509975	0	1	43200	2	0	43200
S028_MINIONCE_4765	134	Response	51	7527788	17813	1
S028_MINIONCE_4765	134	Picture	133_T_PWTRIAD_PW_tenedor_red.png	7553175	43200	1	1900	2	43200	1800
S028_MINIONCE_4765	135	Picture	PW	7555275	0	1	43200	2	0	43200
S028_MINIONCE_4765	135	Response	51	7573514	18239	1
S028_MINIONCE_4765	135	Picture	134_T_PWTRIAD_PW_tijera_red.png	7598475	43200	1	1900	2	43200	1800
S028_MINIONCE_4765	136	Picture	PW	7600775	0	1	43099	3	0	43200
S028_MINIONCE_4765	136	Response	51	7617968	17193	1
S028_MINIONCE_4765	136	Picture	135_T_PWTRIAD_PW_plato_red.png	7643874	43099	2	1900	4	43200	1800
S028_MINIONCE_4765	137	Picture	PW	7645974	0	1	43200	2	0	43200
S028_MINIONCE_4765	137	Response	51	7664690	18716	1
S028_MINIONCE_4765	137	Picture	136_T_PWTRIAD_PW_silla_red.png	7689174	43200	1	1900	2	43200	1800
S028_MINIONCE_4765	138	Picture	rest	7691174	0	1	144100	2	0	144000
S028_MINIONCE_4765	139	Picture	endrest	7835374	0	1	10100	2	0	10000
S028_MINIONCE_4765	140	Picture	endrest	7845574	0	1	10100	2	0	10000
S028_MINIONCE_4765	141	Picture	endrest	7855774	0	1	10100	2	0	10000
S028_MINIONCE_4765	142	Picture	endrest	7865974	0	1	10100	2	0	10000
