Scenario - vOT_Triads_fMRI_II
Logfile written - 02/29/2016 12:26:48

Subject	Trial	Event Type	Code	Time	TTime	Uncertainty	Duration	Uncertainty	ReqTime	ReqDur

S028_DAY1_MINITWICE_4092	1	Pulse	99	414234	424153	NA
S028_DAY1_MINITWICE_4092	1	Port Input	1	414234	424153	NA
S028_DAY1_MINITWICE_4092	1	Pulse	99	450235	460154	NA
S028_DAY1_MINITWICE_4092	1	Port Input	1	450235	460154	NA
S028_DAY1_MINITWICE_4092	1	Pulse	99	486236	496155	NA
S028_DAY1_MINITWICE_4092	1	Port Input	1	486236	496155	NA
S028_DAY1_MINITWICE_4092	1	Pulse	99	522237	532156	NA
S028_DAY1_MINITWICE_4092	1	Port Input	1	522237	532156	NA
S028_DAY1_MINITWICE_4092	1	Pulse	99	558238	568157	NA
S028_DAY1_MINITWICE_4092	1	Port Input	1	558238	568157	NA
S028_DAY1_MINITWICE_4092	2	Picture	rest	558496	0	1	144099	2	0	144000
S028_DAY1_MINITWICE_4092	2	Pulse	99	594238	35742	NA
S028_DAY1_MINITWICE_4092	2	Port Input	1	594238	35742	NA
S028_DAY1_MINITWICE_4092	2	Pulse	99	630239	71743	NA
S028_DAY1_MINITWICE_4092	2	Port Input	1	630239	71743	NA
S028_DAY1_MINITWICE_4092	2	Pulse	99	666240	107744	NA
S028_DAY1_MINITWICE_4092	2	Port Input	1	666240	107744	NA
S028_DAY1_MINITWICE_4092	2	Pulse	99	702241	143745	NA
S028_DAY1_MINITWICE_4092	2	Port Input	1	702241	143745	NA
S028_DAY1_MINITWICE_4092	3	Picture	endrest	702695	0	1	10099	3	0	10000
S028_DAY1_MINITWICE_4092	4	Picture	RW	713195	0	1	43099	2	0	43200
S028_DAY1_MINITWICE_4092	4	Response	52	733349	20154	1
S028_DAY1_MINITWICE_4092	4	Pulse	99	738242	25047	NA
S028_DAY1_MINITWICE_4092	4	Port Input	1	738242	25047	NA
S028_DAY1_MINITWICE_4092	4	Picture	3_T_RWTRIAD_RW_pincel_red.png	756294	43099	1	1900	2	43200	1800
S028_DAY1_MINITWICE_4092	5	Picture	RW	758494	0	1	43100	2	0	43200
S028_DAY1_MINITWICE_4092	5	Response	52	773724	15230	1
S028_DAY1_MINITWICE_4092	5	Pulse	99	774243	15749	NA
S028_DAY1_MINITWICE_4092	5	Port Input	1	774243	15749	NA
S028_DAY1_MINITWICE_4092	5	Picture	4_T_RWTRIAD_RW_sapo_red.png	801594	43100	1	1900	2	43200	1800
S028_DAY1_MINITWICE_4092	6	Picture	RW	803794	0	1	43200	2	0	43200
S028_DAY1_MINITWICE_4092	6	Pulse	99	810244	6450	NA
S028_DAY1_MINITWICE_4092	6	Port Input	1	810244	6450	NA
S028_DAY1_MINITWICE_4092	6	Response	52	824455	20661	1
S028_DAY1_MINITWICE_4092	6	Pulse	99	846245	42451	NA
S028_DAY1_MINITWICE_4092	6	Port Input	1	846245	42451	NA
S028_DAY1_MINITWICE_4092	6	Picture	5_T_RWTRIAD_RW_oruga_red.png	846994	43200	1	1900	2	43200	1800
S028_DAY1_MINITWICE_4092	7	Picture	RW	849294	0	1	43099	2	0	43200
S028_DAY1_MINITWICE_4092	7	Response	51	868716	19422	1
S028_DAY1_MINITWICE_4092	7	Pulse	99	882246	32952	NA
S028_DAY1_MINITWICE_4092	7	Port Input	1	882246	32952	NA
S028_DAY1_MINITWICE_4092	7	Picture	6_T_RWTRIAD_RW_pilas_red.png	892393	43099	1	1900	2	43200	1800
S028_DAY1_MINITWICE_4092	8	Picture	RW	894593	0	1	43200	2	0	43200
S028_DAY1_MINITWICE_4092	8	Response	51	908127	13534	1
S028_DAY1_MINITWICE_4092	8	Pulse	99	918247	23654	NA
S028_DAY1_MINITWICE_4092	8	Port Input	1	918247	23654	NA
S028_DAY1_MINITWICE_4092	8	Picture	7_T_RWTRIAD_RW_bala_red.png	937793	43200	1	1900	2	43200	1800
S028_DAY1_MINITWICE_4092	9	Picture	RW	940093	0	1	43100	2	0	43200
S028_DAY1_MINITWICE_4092	9	Response	51	951181	11088	1
S028_DAY1_MINITWICE_4092	9	Pulse	99	954248	14155	NA
S028_DAY1_MINITWICE_4092	9	Port Input	1	954248	14155	NA
S028_DAY1_MINITWICE_4092	9	Picture	8_T_RWTRIAD_RW_tenedor_red.png	983193	43100	1	1900	2	43200	1800
S028_DAY1_MINITWICE_4092	10	Picture	RW	985393	0	1	43199	3	0	43200
S028_DAY1_MINITWICE_4092	10	Pulse	99	990249	4856	NA
S028_DAY1_MINITWICE_4092	10	Port Input	1	990249	4856	NA
S028_DAY1_MINITWICE_4092	10	Response	52	999455	14062	1
S028_DAY1_MINITWICE_4092	10	Pulse	99	1026250	40857	NA
S028_DAY1_MINITWICE_4092	10	Port Input	1	1026250	40857	NA
S028_DAY1_MINITWICE_4092	10	Picture	9_T_RWTRIAD_RW_sombrilla_red.png	1028592	43199	2	1900	4	43200	1800
S028_DAY1_MINITWICE_4092	11	Picture	RW	1030892	0	2	43100	3	0	43200
S028_DAY1_MINITWICE_4092	11	Response	51	1059301	28409	1
S028_DAY1_MINITWICE_4092	11	Pulse	99	1062251	31359	NA
S028_DAY1_MINITWICE_4092	11	Port Input	1	1062251	31359	NA
S028_DAY1_MINITWICE_4092	11	Picture	10_T_RWTRIAD_RW_novia_red.png	1073992	43100	1	1900	2	43200	1800
S028_DAY1_MINITWICE_4092	12	Picture	rest	1075992	0	1	144099	2	0	144000
S028_DAY1_MINITWICE_4092	12	Pulse	99	1098252	22260	NA
S028_DAY1_MINITWICE_4092	12	Port Input	1	1098252	22260	NA
S028_DAY1_MINITWICE_4092	12	Pulse	99	1134253	58261	NA
S028_DAY1_MINITWICE_4092	12	Port Input	1	1134253	58261	NA
S028_DAY1_MINITWICE_4092	12	Pulse	99	1170254	94262	NA
S028_DAY1_MINITWICE_4092	12	Port Input	1	1170254	94262	NA
S028_DAY1_MINITWICE_4092	12	Pulse	99	1206255	130263	NA
S028_DAY1_MINITWICE_4092	12	Port Input	1	1206255	130263	NA
S028_DAY1_MINITWICE_4092	13	Picture	endrest	1220191	0	1	10100	2	0	10000
S028_DAY1_MINITWICE_4092	14	Picture	RW	1230591	0	1	43200	2	0	43200
S028_DAY1_MINITWICE_4092	14	Pulse	99	1242256	11665	NA
S028_DAY1_MINITWICE_4092	14	Port Input	1	1242256	11665	NA
S028_DAY1_MINITWICE_4092	14	Response	52	1243227	12636	1
S028_DAY1_MINITWICE_4092	14	Picture	13_T_RWTRIAD_RW_huevos_red.png	1273791	43200	1	1900	2	43200	1800
S028_DAY1_MINITWICE_4092	15	Picture	RW	1276091	0	1	43099	3	0	43200
S028_DAY1_MINITWICE_4092	15	Pulse	99	1278257	2166	NA
S028_DAY1_MINITWICE_4092	15	Port Input	1	1278257	2166	NA
S028_DAY1_MINITWICE_4092	15	Response	51	1292932	16841	1
S028_DAY1_MINITWICE_4092	15	Pulse	99	1314258	38167	NA
S028_DAY1_MINITWICE_4092	15	Port Input	1	1314258	38167	NA
S028_DAY1_MINITWICE_4092	15	Picture	14_T_RWTRIAD_RW_piramide_red.png	1319190	43099	2	1900	4	43200	1800
S028_DAY1_MINITWICE_4092	16	Picture	RW	1321391	0	1	43199	2	0	43200
S028_DAY1_MINITWICE_4092	16	Response	51	1336271	14880	1
S028_DAY1_MINITWICE_4092	16	Pulse	99	1350259	28868	NA
S028_DAY1_MINITWICE_4092	16	Port Input	1	1350259	28868	NA
S028_DAY1_MINITWICE_4092	16	Picture	15_T_RWTRIAD_RW_madera_red.png	1364590	43199	1	1900	2	43200	1800
S028_DAY1_MINITWICE_4092	17	Picture	RW	1366890	0	1	43100	2	0	43200
S028_DAY1_MINITWICE_4092	17	Response	51	1384217	17327	1
S028_DAY1_MINITWICE_4092	17	Pulse	99	1386259	19369	NA
S028_DAY1_MINITWICE_4092	17	Port Input	1	1386259	19369	NA
S028_DAY1_MINITWICE_4092	17	Picture	16_T_RWTRIAD_RW_cerillas_red.png	1409990	43100	1	1900	2	43200	1800
S028_DAY1_MINITWICE_4092	18	Picture	PW	1412190	0	1	43200	2	0	43200
S028_DAY1_MINITWICE_4092	18	Pulse	99	1422260	10070	NA
S028_DAY1_MINITWICE_4092	18	Port Input	1	1422260	10070	NA
S028_DAY1_MINITWICE_4092	18	Response	51	1441228	29038	1
S028_DAY1_MINITWICE_4092	18	Picture	17_T_PWTRIAD_PW_arbol_red.png	1455390	43200	1	1900	2	43200	1800
S028_DAY1_MINITWICE_4092	19	Picture	PW	1457590	0	1	43199	2	0	43200
S028_DAY1_MINITWICE_4092	19	Pulse	99	1458261	671	NA
S028_DAY1_MINITWICE_4092	19	Port Input	1	1458261	671	NA
S028_DAY1_MINITWICE_4092	19	Response	52	1470829	13239	2
S028_DAY1_MINITWICE_4092	19	Pulse	99	1494262	36672	NA
S028_DAY1_MINITWICE_4092	19	Port Input	1	1494262	36672	NA
S028_DAY1_MINITWICE_4092	19	Picture	18_T_PWTRIAD_PW_leche_red.png	1500789	43199	1	1900	2	43200	1800
S028_DAY1_MINITWICE_4092	20	Picture	PW	1503089	0	1	43100	2	0	43200
S028_DAY1_MINITWICE_4092	20	Response	51	1519895	16806	1
S028_DAY1_MINITWICE_4092	20	Pulse	99	1530263	27174	NA
S028_DAY1_MINITWICE_4092	20	Port Input	1	1530263	27174	NA
S028_DAY1_MINITWICE_4092	20	Picture	19_T_PWTRIAD_PW_manos_red.png	1546189	43100	1	1900	2	43200	1800
S028_DAY1_MINITWICE_4092	21	Picture	PW	1548489	0	1	43100	2	0	43200
S028_DAY1_MINITWICE_4092	21	Pulse	99	1566264	17775	NA
S028_DAY1_MINITWICE_4092	21	Port Input	1	1566264	17775	NA
S028_DAY1_MINITWICE_4092	21	Response	51	1569690	21201	1
S028_DAY1_MINITWICE_4092	21	Picture	20_T_PWTRIAD_PW_monja_red.png	1591589	43100	1	1900	2	43200	1800
S028_DAY1_MINITWICE_4092	22	Picture	rest	1593589	0	1	144099	2	0	144000
S028_DAY1_MINITWICE_4092	22	Pulse	99	1602265	8676	NA
S028_DAY1_MINITWICE_4092	22	Port Input	1	1602265	8676	NA
S028_DAY1_MINITWICE_4092	22	Pulse	99	1638266	44677	NA
S028_DAY1_MINITWICE_4092	22	Port Input	1	1638266	44677	NA
S028_DAY1_MINITWICE_4092	22	Pulse	99	1674267	80678	NA
S028_DAY1_MINITWICE_4092	22	Port Input	1	1674267	80678	NA
S028_DAY1_MINITWICE_4092	22	Pulse	99	1710268	116679	NA
S028_DAY1_MINITWICE_4092	22	Port Input	1	1710268	116679	NA
S028_DAY1_MINITWICE_4092	23	Picture	endrest	1737788	0	1	10100	2	0	10000
S028_DAY1_MINITWICE_4092	23	Pulse	99	1746269	8481	NA
S028_DAY1_MINITWICE_4092	23	Port Input	1	1746269	8481	NA
S028_DAY1_MINITWICE_4092	24	Picture	PW	1748288	0	1	43099	3	0	43200
S028_DAY1_MINITWICE_4092	24	Response	51	1773150	24862	1
S028_DAY1_MINITWICE_4092	24	Pulse	99	1782270	33982	NA
S028_DAY1_MINITWICE_4092	24	Port Input	1	1782270	33982	NA
S028_DAY1_MINITWICE_4092	24	Picture	23_T_PWTRIAD_PW_cuento_red.png	1791387	43099	2	1900	4	43200	1800
S028_DAY1_MINITWICE_4092	25	Picture	PW	1793687	0	2	43100	3	0	43200
S028_DAY1_MINITWICE_4092	25	Pulse	99	1818271	24584	NA
S028_DAY1_MINITWICE_4092	25	Port Input	1	1818271	24584	NA
S028_DAY1_MINITWICE_4092	25	Response	51	1822633	28946	1
S028_DAY1_MINITWICE_4092	25	Picture	24_T_PWTRIAD_PW_pizarra_red.png	1836787	43100	1	1900	2	43200	1800
S028_DAY1_MINITWICE_4092	26	Picture	PW	1839087	0	1	43100	2	0	43200
S028_DAY1_MINITWICE_4092	26	Response	52	1853084	13997	1
S028_DAY1_MINITWICE_4092	26	Pulse	99	1854272	15185	NA
S028_DAY1_MINITWICE_4092	26	Port Input	1	1854272	15185	NA
S028_DAY1_MINITWICE_4092	26	Picture	25_T_PWTRIAD_PW_raton_red.png	1882187	43100	1	1900	2	43200	1800
S028_DAY1_MINITWICE_4092	27	Picture	PW	1884487	0	1	43099	3	0	43200
S028_DAY1_MINITWICE_4092	27	Pulse	99	1890273	5786	NA
S028_DAY1_MINITWICE_4092	27	Port Input	1	1890273	5786	NA
S028_DAY1_MINITWICE_4092	27	Response	51	1908324	23837	1
S028_DAY1_MINITWICE_4092	27	Pulse	99	1926274	41787	NA
S028_DAY1_MINITWICE_4092	27	Port Input	1	1926274	41787	NA
S028_DAY1_MINITWICE_4092	27	Picture	26_T_PWTRIAD_PW_grifo_red.png	1927586	43099	2	1901	3	43200	1800
S028_DAY1_MINITWICE_4092	28	Picture	PW	1929786	0	2	43200	3	0	43200
S028_DAY1_MINITWICE_4092	28	Response	52	1953279	23493	2
S028_DAY1_MINITWICE_4092	28	Pulse	99	1962275	32489	NA
S028_DAY1_MINITWICE_4092	28	Port Input	1	1962275	32489	NA
S028_DAY1_MINITWICE_4092	28	Picture	27_T_PWTRIAD_PW_agua_red.png	1972986	43200	1	1900	2	43200	1800
S028_DAY1_MINITWICE_4092	29	Picture	PW	1975286	0	1	43100	2	0	43200
S028_DAY1_MINITWICE_4092	29	Response	52	1996557	21271	1
S028_DAY1_MINITWICE_4092	29	Pulse	99	1998276	22990	NA
S028_DAY1_MINITWICE_4092	29	Port Input	1	1998276	22990	NA
S028_DAY1_MINITWICE_4092	29	Picture	28_T_PWTRIAD_PW_futbol_red.png	2018386	43100	1	1900	2	43200	1800
S028_DAY1_MINITWICE_4092	30	Picture	PW	2020686	0	1	43100	2	0	43200
S028_DAY1_MINITWICE_4092	30	Pulse	99	2034277	13591	NA
S028_DAY1_MINITWICE_4092	30	Port Input	1	2034277	13591	NA
S028_DAY1_MINITWICE_4092	30	Response	51	2054011	33325	1
S028_DAY1_MINITWICE_4092	30	Picture	29_T_PWTRIAD_PW_bellota_red.png	2063786	43100	1	1900	2	43200	1800
S028_DAY1_MINITWICE_4092	31	Picture	PW	2065986	0	1	43199	2	0	43200
S028_DAY1_MINITWICE_4092	31	Pulse	99	2070278	4292	NA
S028_DAY1_MINITWICE_4092	31	Port Input	1	2070278	4292	NA
S028_DAY1_MINITWICE_4092	31	Response	51	2102767	36781	1
S028_DAY1_MINITWICE_4092	31	Pulse	99	2106279	40293	NA
S028_DAY1_MINITWICE_4092	31	Port Input	1	2106279	40293	NA
S028_DAY1_MINITWICE_4092	31	Picture	30_T_PWTRIAD_PW_queso_red.png	2109185	43199	1	1900	2	43200	1800
S028_DAY1_MINITWICE_4092	32	Picture	rest	2111185	0	1	144099	2	0	144000
S028_DAY1_MINITWICE_4092	32	Pulse	99	2142280	31095	NA
S028_DAY1_MINITWICE_4092	32	Port Input	1	2142280	31095	NA
S028_DAY1_MINITWICE_4092	32	Pulse	99	2178280	67095	NA
S028_DAY1_MINITWICE_4092	32	Port Input	1	2178280	67095	NA
S028_DAY1_MINITWICE_4092	32	Pulse	99	2214281	103096	NA
S028_DAY1_MINITWICE_4092	32	Port Input	1	2214281	103096	NA
S028_DAY1_MINITWICE_4092	32	Pulse	99	2250282	139097	NA
S028_DAY1_MINITWICE_4092	32	Port Input	1	2250282	139097	NA
S028_DAY1_MINITWICE_4092	33	Picture	endrest	2255384	0	1	10100	2	0	10000
S028_DAY1_MINITWICE_4092	34	Picture	FF	2265884	0	1	43100	2	0	43200
S028_DAY1_MINITWICE_4092	34	Pulse	99	2286283	20399	NA
S028_DAY1_MINITWICE_4092	34	Port Input	1	2286283	20399	NA
S028_DAY1_MINITWICE_4092	34	Response	52	2286687	20803	1
S028_DAY1_MINITWICE_4092	34	Picture	33_T_FFTRIAD_FF_pizarra_red.png	2308984	43100	1	1900	2	43200	1800
S028_DAY1_MINITWICE_4092	35	Picture	FF	2311184	0	1	43200	2	0	43200
S028_DAY1_MINITWICE_4092	35	Pulse	99	2322284	11100	NA
S028_DAY1_MINITWICE_4092	35	Port Input	1	2322284	11100	NA
S028_DAY1_MINITWICE_4092	35	Response	52	2325646	14462	1
S028_DAY1_MINITWICE_4092	35	Picture	34_T_FFTRIAD_FF_almohada_red.png	2354384	43200	1	1900	2	43200	1800
S028_DAY1_MINITWICE_4092	36	Picture	FF	2356684	0	1	43099	3	0	43200
S028_DAY1_MINITWICE_4092	36	Pulse	99	2358285	1601	NA
S028_DAY1_MINITWICE_4092	36	Port Input	1	2358285	1601	NA
S028_DAY1_MINITWICE_4092	36	Response	51	2374402	17718	1
S028_DAY1_MINITWICE_4092	36	Pulse	99	2394286	37602	NA
S028_DAY1_MINITWICE_4092	36	Port Input	1	2394286	37602	NA
S028_DAY1_MINITWICE_4092	36	Picture	35_T_FFTRIAD_FF_pluma_red.png	2399783	43099	2	1900	3	43200	1800
S028_DAY1_MINITWICE_4092	37	Picture	FF	2402083	0	1	43100	2	0	43200
S028_DAY1_MINITWICE_4092	37	Response	51	2425846	23763	1
S028_DAY1_MINITWICE_4092	37	Pulse	99	2430287	28204	NA
S028_DAY1_MINITWICE_4092	37	Port Input	1	2430287	28204	NA
S028_DAY1_MINITWICE_4092	37	Picture	36_T_FFTRIAD_FF_futbol_red.png	2445183	43100	1	1900	2	43200	1800
S028_DAY1_MINITWICE_4092	38	Picture	PW	2447283	0	1	43200	2	0	43200
S028_DAY1_MINITWICE_4092	38	Response	52	2464012	16729	1
S028_DAY1_MINITWICE_4092	38	Pulse	99	2466288	19005	NA
S028_DAY1_MINITWICE_4092	38	Port Input	1	2466288	19005	NA
S028_DAY1_MINITWICE_4092	38	Picture	37_T_PWTRIAD_PW_dedal_red.png	2490483	43200	1	1900	2	43200	1800
S028_DAY1_MINITWICE_4092	39	Picture	PW	2492683	0	1	43199	3	0	43200
S028_DAY1_MINITWICE_4092	39	Pulse	99	2502289	9606	NA
S028_DAY1_MINITWICE_4092	39	Port Input	1	2502289	9606	NA
S028_DAY1_MINITWICE_4092	39	Response	52	2511477	18794	2
S028_DAY1_MINITWICE_4092	39	Picture	38_T_PWTRIAD_PW_lechuga_red.png	2535882	43199	2	1900	4	43200	1800
S028_DAY1_MINITWICE_4092	40	Picture	PW	2538182	0	2	43100	4	0	43200
S028_DAY1_MINITWICE_4092	40	Pulse	99	2538290	108	NA
S028_DAY1_MINITWICE_4092	40	Port Input	1	2538290	108	NA
S028_DAY1_MINITWICE_4092	40	Response	52	2556409	18227	1
S028_DAY1_MINITWICE_4092	40	Pulse	99	2574291	36109	NA
S028_DAY1_MINITWICE_4092	40	Port Input	1	2574291	36109	NA
S028_DAY1_MINITWICE_4092	40	Picture	39_T_PWTRIAD_PW_sobre_red.png	2581282	43100	2	1900	4	43200	1800
S028_DAY1_MINITWICE_4092	41	Picture	PW	2583482	0	2	43100	3	0	43200
S028_DAY1_MINITWICE_4092	41	Response	51	2609253	25771	1
S028_DAY1_MINITWICE_4092	41	Pulse	99	2610292	26810	NA
S028_DAY1_MINITWICE_4092	41	Port Input	1	2610292	26810	NA
S028_DAY1_MINITWICE_4092	41	Picture	40_T_PWTRIAD_PW_telefono_red.png	2626582	43100	1	1900	2	43200	1800
S028_DAY1_MINITWICE_4092	42	Picture	rest	2628582	0	1	144099	2	0	144000
S028_DAY1_MINITWICE_4092	42	Pulse	99	2646293	17711	NA
S028_DAY1_MINITWICE_4092	42	Port Input	1	2646293	17711	NA
S028_DAY1_MINITWICE_4092	42	Pulse	99	2682294	53712	NA
S028_DAY1_MINITWICE_4092	42	Port Input	1	2682294	53712	NA
S028_DAY1_MINITWICE_4092	42	Pulse	99	2718295	89713	NA
S028_DAY1_MINITWICE_4092	42	Port Input	1	2718295	89713	NA
S028_DAY1_MINITWICE_4092	42	Pulse	99	2754296	125714	NA
S028_DAY1_MINITWICE_4092	42	Port Input	1	2754296	125714	NA
S028_DAY1_MINITWICE_4092	43	Picture	endrest	2772781	0	1	10100	2	0	10000
S028_DAY1_MINITWICE_4092	44	Picture	FF	2783281	0	1	43100	2	0	43200
S028_DAY1_MINITWICE_4092	44	Pulse	99	2790297	7016	NA
S028_DAY1_MINITWICE_4092	44	Port Input	1	2790297	7016	NA
S028_DAY1_MINITWICE_4092	44	Response	51	2795746	12465	1
S028_DAY1_MINITWICE_4092	44	Pulse	99	2826298	43017	NA
S028_DAY1_MINITWICE_4092	44	Port Input	1	2826298	43017	NA
S028_DAY1_MINITWICE_4092	44	Picture	43_T_FFTRIAD_FF_paracaidas_red.png	2826381	43100	1	1900	2	43200	1800
S028_DAY1_MINITWICE_4092	45	Picture	FF	2828481	0	1	43199	2	0	43200
S028_DAY1_MINITWICE_4092	45	Response	52	2839210	10729	1
S028_DAY1_MINITWICE_4092	45	Pulse	99	2862299	33818	NA
S028_DAY1_MINITWICE_4092	45	Port Input	1	2862299	33818	NA
S028_DAY1_MINITWICE_4092	45	Picture	44_T_FFTRIAD_FF_telefono_red.png	2871680	43199	1	1900	2	43200	1800
S028_DAY1_MINITWICE_4092	46	Picture	FF	2873980	0	1	43100	2	0	43200
S028_DAY1_MINITWICE_4092	46	Response	51	2888912	14932	5
S028_DAY1_MINITWICE_4092	46	Pulse	99	2898300	24320	NA
S028_DAY1_MINITWICE_4092	46	Port Input	1	2898300	24320	NA
S028_DAY1_MINITWICE_4092	46	Picture	45_T_FFTRIAD_FF_pincel_red.png	2917080	43100	1	1900	2	43200	1800
S028_DAY1_MINITWICE_4092	47	Picture	FF	2919380	0	1	43100	2	0	43200
S028_DAY1_MINITWICE_4092	47	Pulse	99	2934300	14920	NA
S028_DAY1_MINITWICE_4092	47	Port Input	1	2934300	14920	NA
S028_DAY1_MINITWICE_4092	47	Response	51	2935081	15701	1
S028_DAY1_MINITWICE_4092	47	Picture	46_T_FFTRIAD_FF_lechuga_red.png	2962480	43100	1	1900	2	43200	1800
S028_DAY1_MINITWICE_4092	48	Picture	RW	2964780	0	1	43099	2	0	43200
S028_DAY1_MINITWICE_4092	48	Pulse	99	2970301	5521	NA
S028_DAY1_MINITWICE_4092	48	Port Input	1	2970301	5521	NA
S028_DAY1_MINITWICE_4092	48	Response	52	2978770	13990	1
S028_DAY1_MINITWICE_4092	48	Pulse	99	3006302	41522	NA
S028_DAY1_MINITWICE_4092	48	Port Input	1	3006302	41522	NA
S028_DAY1_MINITWICE_4092	48	Picture	47_T_RWTRIAD_RW_mono_red.png	3007879	43099	1	1900	2	43200	1800
S028_DAY1_MINITWICE_4092	49	Picture	RW	3010079	0	1	43200	2	0	43200
S028_DAY1_MINITWICE_4092	49	Response	52	3021509	11430	1
S028_DAY1_MINITWICE_4092	49	Pulse	99	3042303	32224	NA
S028_DAY1_MINITWICE_4092	49	Port Input	1	3042303	32224	NA
S028_DAY1_MINITWICE_4092	49	Picture	48_T_RWTRIAD_RW_anillo_red.png	3053279	43200	1	1900	2	43200	1800
S028_DAY1_MINITWICE_4092	50	Picture	RW	3055479	0	1	43200	2	0	43200
S028_DAY1_MINITWICE_4092	50	Response	51	3074360	18881	1
S028_DAY1_MINITWICE_4092	50	Pulse	99	3078304	22825	NA
S028_DAY1_MINITWICE_4092	50	Port Input	1	3078304	22825	NA
S028_DAY1_MINITWICE_4092	50	Picture	49_T_RWTRIAD_RW_cortina_red.png	3098679	43200	1	1900	2	43200	1800
S028_DAY1_MINITWICE_4092	51	Picture	RW	3100979	0	1	43099	2	0	43200
S028_DAY1_MINITWICE_4092	51	Pulse	99	3114305	13326	NA
S028_DAY1_MINITWICE_4092	51	Port Input	1	3114305	13326	NA
S028_DAY1_MINITWICE_4092	51	Response	52	3114843	13864	2
S028_DAY1_MINITWICE_4092	51	Picture	50_T_RWTRIAD_RW_lechuga_red.png	3144078	43099	1	1900	3	43200	1800
S028_DAY1_MINITWICE_4092	52	Picture	rest	3146078	0	2	144099	4	0	144000
S028_DAY1_MINITWICE_4092	52	Pulse	99	3150306	4228	NA
S028_DAY1_MINITWICE_4092	52	Port Input	1	3150306	4228	NA
S028_DAY1_MINITWICE_4092	52	Pulse	99	3186307	40229	NA
S028_DAY1_MINITWICE_4092	52	Port Input	1	3186307	40229	NA
S028_DAY1_MINITWICE_4092	52	Pulse	99	3222308	76230	NA
S028_DAY1_MINITWICE_4092	52	Port Input	1	3222308	76230	NA
S028_DAY1_MINITWICE_4092	52	Pulse	99	3258309	112231	NA
S028_DAY1_MINITWICE_4092	52	Port Input	1	3258309	112231	NA
S028_DAY1_MINITWICE_4092	53	Picture	endrest	3290277	0	2	10100	4	0	10000
S028_DAY1_MINITWICE_4092	53	Pulse	99	3294310	4033	NA
S028_DAY1_MINITWICE_4092	53	Port Input	1	3294310	4033	NA
S028_DAY1_MINITWICE_4092	54	Picture	FF	3300677	0	1	43200	2	0	43200
S028_DAY1_MINITWICE_4092	54	Response	51	3314264	13587	2
S028_DAY1_MINITWICE_4092	54	Pulse	99	3330311	29634	NA
S028_DAY1_MINITWICE_4092	54	Port Input	1	3330311	29634	NA
S028_DAY1_MINITWICE_4092	54	Picture	53_T_FFTRIAD_FF_violin_red.png	3343877	43200	1	1900	2	43200	1800
S028_DAY1_MINITWICE_4092	55	Picture	FF	3346077	0	1	43100	2	0	43200
S028_DAY1_MINITWICE_4092	55	Response	52	3361223	15146	1
S028_DAY1_MINITWICE_4092	55	Pulse	99	3366312	20235	NA
S028_DAY1_MINITWICE_4092	55	Port Input	1	3366312	20235	NA
S028_DAY1_MINITWICE_4092	55	Picture	54_T_FFTRIAD_FF_ascensor_red.png	3389177	43100	1	1900	2	43200	1800
S028_DAY1_MINITWICE_4092	56	Picture	FF	3391377	0	1	43199	3	0	43200
S028_DAY1_MINITWICE_4092	56	Pulse	99	3402313	10936	NA
S028_DAY1_MINITWICE_4092	56	Port Input	1	3402313	10936	NA
S028_DAY1_MINITWICE_4092	56	Response	51	3408489	17112	1
S028_DAY1_MINITWICE_4092	56	Picture	55_T_FFTRIAD_FF_traje_red.png	3434576	43199	2	1900	4	43200	1800
S028_DAY1_MINITWICE_4092	57	Picture	FF	3436776	0	2	43200	3	0	43200
S028_DAY1_MINITWICE_4092	57	Pulse	99	3438314	1538	NA
S028_DAY1_MINITWICE_4092	57	Port Input	1	3438314	1538	NA
S028_DAY1_MINITWICE_4092	57	Response	51	3450640	13864	1
S028_DAY1_MINITWICE_4092	57	Pulse	99	3474315	37539	NA
S028_DAY1_MINITWICE_4092	57	Port Input	1	3474315	37539	NA
S028_DAY1_MINITWICE_4092	57	Picture	56_T_FFTRIAD_FF_perro_red.png	3479976	43200	1	1900	2	43200	1800
S028_DAY1_MINITWICE_4092	58	Picture	FF	3482176	0	1	43200	2	0	43200
S028_DAY1_MINITWICE_4092	58	Response	52	3503566	21390	1
S028_DAY1_MINITWICE_4092	58	Pulse	99	3510316	28140	NA
S028_DAY1_MINITWICE_4092	58	Port Input	1	3510316	28140	NA
S028_DAY1_MINITWICE_4092	58	Picture	57_T_FFTRIAD_FF_murcielago_red.png	3525376	43200	1	1900	2	43200	1800
S028_DAY1_MINITWICE_4092	59	Picture	FF	3527676	0	1	43100	2	0	43200
S028_DAY1_MINITWICE_4092	59	Pulse	99	3546317	18641	NA
S028_DAY1_MINITWICE_4092	59	Port Input	1	3546317	18641	NA
S028_DAY1_MINITWICE_4092	59	Response	52	3547080	19404	1
S028_DAY1_MINITWICE_4092	59	Picture	58_T_FFTRIAD_FF_madera_red.png	3570776	43100	1	1900	2	43200	1800
S028_DAY1_MINITWICE_4092	60	Picture	FF	3572976	0	1	43199	2	0	43200
S028_DAY1_MINITWICE_4092	60	Pulse	99	3582318	9342	NA
S028_DAY1_MINITWICE_4092	60	Port Input	1	3582318	9342	NA
S028_DAY1_MINITWICE_4092	60	Response	52	3592431	19455	1
S028_DAY1_MINITWICE_4092	60	Picture	59_T_FFTRIAD_FF_esquimal_red.png	3616175	43199	1	1900	2	43200	1800
S028_DAY1_MINITWICE_4092	60	Pulse	99	3618319	45343	NA
S028_DAY1_MINITWICE_4092	60	Port Input	1	3618319	45343	NA
S028_DAY1_MINITWICE_4092	61	Picture	FF	3618375	0	1	43200	2	0	43200
S028_DAY1_MINITWICE_4092	61	Response	51	3632140	13765	1
S028_DAY1_MINITWICE_4092	61	Pulse	99	3654320	35945	NA
S028_DAY1_MINITWICE_4092	61	Port Input	1	3654320	35945	NA
S028_DAY1_MINITWICE_4092	61	Picture	60_T_FFTRIAD_FF_dado_red.png	3661575	43200	1	1900	2	43200	1800
S028_DAY1_MINITWICE_4092	62	Picture	rest	3663575	0	1	144099	2	0	144000
S028_DAY1_MINITWICE_4092	62	Pulse	99	3690321	26746	NA
S028_DAY1_MINITWICE_4092	62	Port Input	1	3690321	26746	NA
S028_DAY1_MINITWICE_4092	62	Pulse	99	3726322	62747	NA
S028_DAY1_MINITWICE_4092	62	Port Input	1	3726322	62747	NA
S028_DAY1_MINITWICE_4092	62	Pulse	99	3762322	98747	NA
S028_DAY1_MINITWICE_4092	62	Port Input	1	3762322	98747	NA
S028_DAY1_MINITWICE_4092	62	Pulse	99	3798323	134748	NA
S028_DAY1_MINITWICE_4092	62	Port Input	1	3798323	134748	NA
S028_DAY1_MINITWICE_4092	63	Picture	endrest	3807774	0	1	10100	3	0	10000
S028_DAY1_MINITWICE_4092	64	Picture	FF	3818274	0	1	43100	2	0	43200
S028_DAY1_MINITWICE_4092	64	Pulse	99	3834324	16050	NA
S028_DAY1_MINITWICE_4092	64	Port Input	1	3834324	16050	NA
S028_DAY1_MINITWICE_4092	64	Response	51	3836192	17918	2
S028_DAY1_MINITWICE_4092	64	Picture	63_T_FFTRIAD_FF_bellota_red.png	3861374	43100	1	1900	2	43200	1800
S028_DAY1_MINITWICE_4092	65	Picture	FF	3863574	0	1	43199	2	0	43200
S028_DAY1_MINITWICE_4092	65	Pulse	99	3870325	6751	NA
S028_DAY1_MINITWICE_4092	65	Port Input	1	3870325	6751	NA
S028_DAY1_MINITWICE_4092	65	Response	52	3877889	14315	1
S028_DAY1_MINITWICE_4092	65	Pulse	99	3906326	42752	NA
S028_DAY1_MINITWICE_4092	65	Port Input	1	3906326	42752	NA
S028_DAY1_MINITWICE_4092	65	Picture	64_T_FFTRIAD_FF_tijera_red.png	3906773	43199	1	1900	2	43200	1800
S028_DAY1_MINITWICE_4092	66	Picture	FF	3909073	0	1	43100	2	0	43200
S028_DAY1_MINITWICE_4092	66	Response	51	3920452	11379	1
S028_DAY1_MINITWICE_4092	66	Pulse	99	3942327	33254	NA
S028_DAY1_MINITWICE_4092	66	Port Input	1	3942327	33254	NA
S028_DAY1_MINITWICE_4092	66	Picture	65_T_FFTRIAD_FF_grapadora_red.png	3952173	43100	1	1900	2	43200	1800
S028_DAY1_MINITWICE_4092	67	Picture	FF	3954373	0	1	43200	2	0	43200
S028_DAY1_MINITWICE_4092	67	Response	52	3966404	12031	2
S028_DAY1_MINITWICE_4092	67	Pulse	99	3978328	23955	NA
S028_DAY1_MINITWICE_4092	67	Port Input	1	3978328	23955	NA
S028_DAY1_MINITWICE_4092	67	Picture	66_T_FFTRIAD_FF_chupete_red.png	3997573	43200	1	1900	2	43200	1800
S028_DAY1_MINITWICE_4092	68	Picture	FF	3999873	0	1	43099	3	0	43200
S028_DAY1_MINITWICE_4092	68	Pulse	99	4014329	14456	NA
S028_DAY1_MINITWICE_4092	68	Port Input	1	4014329	14456	NA
S028_DAY1_MINITWICE_4092	68	Response	51	4014979	15106	1
S028_DAY1_MINITWICE_4092	68	Picture	67_T_FFTRIAD_FF_queso_red.png	4042972	43099	2	1900	4	43200	1800
S028_DAY1_MINITWICE_4092	69	Picture	FF	4045172	0	2	43200	3	0	43200
S028_DAY1_MINITWICE_4092	69	Pulse	99	4050330	5158	NA
S028_DAY1_MINITWICE_4092	69	Port Input	1	4050330	5158	NA
S028_DAY1_MINITWICE_4092	69	Response	52	4054025	8853	1
S028_DAY1_MINITWICE_4092	69	Pulse	99	4086331	41159	NA
S028_DAY1_MINITWICE_4092	69	Port Input	1	4086331	41159	NA
S028_DAY1_MINITWICE_4092	69	Picture	68_T_FFTRIAD_FF_gafas_red.png	4088372	43200	1	1900	2	43200	1800
S028_DAY1_MINITWICE_4092	70	Picture	FF	4090572	0	1	43100	2	0	43200
S028_DAY1_MINITWICE_4092	70	Response	51	4111888	21316	1
S028_DAY1_MINITWICE_4092	70	Pulse	99	4122332	31760	NA
S028_DAY1_MINITWICE_4092	70	Port Input	1	4122332	31760	NA
S028_DAY1_MINITWICE_4092	70	Picture	69_T_FFTRIAD_FF_martillo_red.png	4133672	43100	1	1900	2	43200	1800
S028_DAY1_MINITWICE_4092	71	Picture	FF	4135972	0	1	43099	3	0	43200
S028_DAY1_MINITWICE_4092	71	Response	52	4148693	12721	1
S028_DAY1_MINITWICE_4092	71	Pulse	99	4158333	22361	NA
S028_DAY1_MINITWICE_4092	71	Port Input	1	4158333	22361	NA
S028_DAY1_MINITWICE_4092	71	Picture	70_T_FFTRIAD_FF_iglu_red.png	4179071	43099	2	1900	4	43200	1800
S028_DAY1_MINITWICE_4092	72	Picture	rest	4181071	0	2	144100	3	0	144000
S028_DAY1_MINITWICE_4092	72	Pulse	99	4194334	13263	NA
S028_DAY1_MINITWICE_4092	72	Port Input	1	4194334	13263	NA
S028_DAY1_MINITWICE_4092	72	Pulse	99	4230335	49264	NA
S028_DAY1_MINITWICE_4092	72	Port Input	1	4230335	49264	NA
S028_DAY1_MINITWICE_4092	72	Pulse	99	4266336	85265	NA
S028_DAY1_MINITWICE_4092	72	Port Input	1	4266336	85265	NA
S028_DAY1_MINITWICE_4092	72	Pulse	99	4302337	121266	NA
S028_DAY1_MINITWICE_4092	72	Port Input	1	4302337	121266	NA
S028_DAY1_MINITWICE_4092	73	Picture	endrest	4325271	0	1	10100	2	0	10000
S028_DAY1_MINITWICE_4092	74	Picture	PW	4335770	0	2	43100	3	0	43200
S028_DAY1_MINITWICE_4092	74	Pulse	99	4338338	2568	NA
S028_DAY1_MINITWICE_4092	74	Port Input	1	4338338	2568	NA
S028_DAY1_MINITWICE_4092	74	Response	52	4349496	13726	1
S028_DAY1_MINITWICE_4092	74	Pulse	99	4374339	38569	NA
S028_DAY1_MINITWICE_4092	74	Port Input	1	4374339	38569	NA
S028_DAY1_MINITWICE_4092	74	Picture	73_T_PWTRIAD_PW_bala_red.png	4378870	43100	1	1900	2	43200	1800
S028_DAY1_MINITWICE_4092	75	Picture	PW	4381070	0	1	43200	2	0	43200
S028_DAY1_MINITWICE_4092	75	Response	52	4399847	18777	2
S028_DAY1_MINITWICE_4092	75	Pulse	99	4410340	29270	NA
S028_DAY1_MINITWICE_4092	75	Port Input	1	4410340	29270	NA
S028_DAY1_MINITWICE_4092	75	Picture	74_T_PWTRIAD_PW_violin_red.png	4424270	43200	1	1900	2	43200	1800
S028_DAY1_MINITWICE_4092	76	Picture	PW	4426470	0	1	43200	2	0	43200
S028_DAY1_MINITWICE_4092	76	Pulse	99	4446341	19871	NA
S028_DAY1_MINITWICE_4092	76	Port Input	1	4446341	19871	NA
S028_DAY1_MINITWICE_4092	76	Response	51	4449440	22970	1
S028_DAY1_MINITWICE_4092	76	Picture	75_T_PWTRIAD_PW_grapadora_red.png	4469670	43200	1	1900	2	43200	1800
S028_DAY1_MINITWICE_4092	77	Picture	PW	4471870	0	1	43199	2	0	43200
S028_DAY1_MINITWICE_4092	77	Pulse	99	4482342	10472	NA
S028_DAY1_MINITWICE_4092	77	Port Input	1	4482342	10472	NA
S028_DAY1_MINITWICE_4092	77	Response	52	4501079	29209	1
S028_DAY1_MINITWICE_4092	77	Picture	76_T_PWTRIAD_PW_granjero_red.png	4515069	43199	1	1900	2	43200	1800
S028_DAY1_MINITWICE_4092	78	Picture	RW	4517269	0	1	43200	2	0	43200
S028_DAY1_MINITWICE_4092	78	Pulse	99	4518342	1073	NA
S028_DAY1_MINITWICE_4092	78	Port Input	1	4518342	1073	NA
S028_DAY1_MINITWICE_4092	78	Response	52	4536289	19020	1
S028_DAY1_MINITWICE_4092	78	Pulse	99	4554343	37074	NA
S028_DAY1_MINITWICE_4092	78	Port Input	1	4554343	37074	NA
S028_DAY1_MINITWICE_4092	78	Picture	77_T_RWTRIAD_RW_queso_red.png	4560469	43200	1	1900	2	43200	1800
S028_DAY1_MINITWICE_4092	79	Picture	RW	4562769	0	1	43100	2	0	43200
S028_DAY1_MINITWICE_4092	79	Pulse	99	4590344	27575	NA
S028_DAY1_MINITWICE_4092	79	Port Input	1	4590344	27575	NA
S028_DAY1_MINITWICE_4092	79	Response	52	4595803	33034	1
S028_DAY1_MINITWICE_4092	79	Picture	78_T_RWTRIAD_RW_estetoscopio_red.png	4605869	43100	1	1900	2	43200	1800
S028_DAY1_MINITWICE_4092	80	Picture	RW	4608069	0	1	43199	2	0	43200
S028_DAY1_MINITWICE_4092	80	Response	52	4619586	11517	1
S028_DAY1_MINITWICE_4092	80	Pulse	99	4626345	18276	NA
S028_DAY1_MINITWICE_4092	80	Port Input	1	4626345	18276	NA
S028_DAY1_MINITWICE_4092	80	Picture	79_T_RWTRIAD_RW_paraguas_red.png	4651268	43199	1	1900	2	43200	1800
S028_DAY1_MINITWICE_4092	81	Picture	RW	4653468	0	1	43200	2	0	43200
S028_DAY1_MINITWICE_4092	81	Pulse	99	4662346	8878	NA
S028_DAY1_MINITWICE_4092	81	Port Input	1	4662346	8878	NA
S028_DAY1_MINITWICE_4092	81	Response	51	4669437	15969	1
S028_DAY1_MINITWICE_4092	81	Picture	80_T_RWTRIAD_RW_telarana_red.png	4696668	43200	1	1900	2	43200	1800
S028_DAY1_MINITWICE_4092	81	Pulse	99	4698347	44879	NA
S028_DAY1_MINITWICE_4092	81	Port Input	1	4698347	44879	NA
S028_DAY1_MINITWICE_4092	82	Picture	rest	4698668	0	1	144099	2	0	144000
S028_DAY1_MINITWICE_4092	82	Pulse	99	4734348	35680	NA
S028_DAY1_MINITWICE_4092	82	Port Input	1	4734348	35680	NA
S028_DAY1_MINITWICE_4092	82	Pulse	99	4770349	71681	NA
S028_DAY1_MINITWICE_4092	82	Port Input	1	4770349	71681	NA
S028_DAY1_MINITWICE_4092	82	Pulse	99	4806350	107682	NA
S028_DAY1_MINITWICE_4092	82	Port Input	1	4806350	107682	NA
S028_DAY1_MINITWICE_4092	82	Pulse	99	4842351	143683	NA
S028_DAY1_MINITWICE_4092	82	Port Input	1	4842351	143683	NA
S028_DAY1_MINITWICE_4092	83	Picture	endrest	4842867	0	1	10100	2	0	10000
S028_DAY1_MINITWICE_4092	84	Picture	PW	4853367	0	1	43100	2	0	43200
S028_DAY1_MINITWICE_4092	84	Response	52	4875829	22462	1
S028_DAY1_MINITWICE_4092	84	Pulse	99	4878352	24985	NA
S028_DAY1_MINITWICE_4092	84	Port Input	1	4878352	24985	NA
S028_DAY1_MINITWICE_4092	84	Picture	83_T_PWTRIAD_PW_carruaje_red.png	4896467	43100	1	1900	2	43200	1800
S028_DAY1_MINITWICE_4092	85	Picture	PW	4898667	0	1	43199	3	0	43200
S028_DAY1_MINITWICE_4092	85	Response	52	4910796	12129	1
S028_DAY1_MINITWICE_4092	85	Pulse	99	4914353	15686	NA
S028_DAY1_MINITWICE_4092	85	Port Input	1	4914353	15686	NA
S028_DAY1_MINITWICE_4092	85	Picture	84_T_PWTRIAD_PW_lana_red.png	4941866	43199	2	1900	4	43200	1800
S028_DAY1_MINITWICE_4092	86	Picture	PW	4944166	0	2	43100	3	0	43200
S028_DAY1_MINITWICE_4092	86	Pulse	99	4950354	6188	NA
S028_DAY1_MINITWICE_4092	86	Port Input	1	4950354	6188	NA
S028_DAY1_MINITWICE_4092	86	Response	52	4959724	15558	1
S028_DAY1_MINITWICE_4092	86	Pulse	99	4986355	42189	NA
S028_DAY1_MINITWICE_4092	86	Port Input	1	4986355	42189	NA
S028_DAY1_MINITWICE_4092	86	Picture	85_T_PWTRIAD_PW_estetoscopio_red.png	4987266	43100	1	1900	2	43200	1800
S028_DAY1_MINITWICE_4092	87	Picture	PW	4989466	0	1	43200	2	0	43200
S028_DAY1_MINITWICE_4092	87	Response	51	5001464	11998	1
S028_DAY1_MINITWICE_4092	87	Pulse	99	5022356	32890	NA
S028_DAY1_MINITWICE_4092	87	Port Input	1	5022356	32890	NA
S028_DAY1_MINITWICE_4092	87	Picture	86_T_PWTRIAD_PW_destornillador_red.png	5032666	43200	1	1900	2	43200	1800
S028_DAY1_MINITWICE_4092	88	Picture	RW	5034866	0	1	43199	3	0	43200
S028_DAY1_MINITWICE_4092	88	Response	51	5047828	12962	1
S028_DAY1_MINITWICE_4092	88	Pulse	99	5058357	23491	NA
S028_DAY1_MINITWICE_4092	88	Port Input	1	5058357	23491	NA
S028_DAY1_MINITWICE_4092	88	Picture	87_T_RWTRIAD_RW_teclado_red.png	5078065	43199	2	1900	4	43200	1800
S028_DAY1_MINITWICE_4092	89	Picture	RW	5080265	0	2	43200	4	0	43200
S028_DAY1_MINITWICE_4092	89	Response	51	5093600	13335	1
S028_DAY1_MINITWICE_4092	89	Pulse	99	5094358	14093	NA
S028_DAY1_MINITWICE_4092	89	Port Input	1	5094358	14093	NA
S028_DAY1_MINITWICE_4092	89	Picture	88_T_RWTRIAD_RW_manos_red.png	5123465	43200	2	1900	4	43200	1800
S028_DAY1_MINITWICE_4092	90	Picture	RW	5125765	0	2	43100	3	0	43200
S028_DAY1_MINITWICE_4092	90	Pulse	99	5130359	4594	NA
S028_DAY1_MINITWICE_4092	90	Port Input	1	5130359	4594	NA
S028_DAY1_MINITWICE_4092	90	Response	51	5139655	13890	1
S028_DAY1_MINITWICE_4092	90	Pulse	99	5166360	40595	NA
S028_DAY1_MINITWICE_4092	90	Port Input	1	5166360	40595	NA
S028_DAY1_MINITWICE_4092	90	Picture	89_T_RWTRIAD_RW_grifo_red.png	5168865	43100	1	1900	2	43200	1800
S028_DAY1_MINITWICE_4092	91	Picture	RW	5171165	0	1	43100	2	0	43200
S028_DAY1_MINITWICE_4092	91	Response	52	5196935	25770	1
S028_DAY1_MINITWICE_4092	91	Pulse	99	5202361	31196	NA
S028_DAY1_MINITWICE_4092	91	Port Input	1	5202361	31196	NA
S028_DAY1_MINITWICE_4092	91	Picture	90_T_RWTRIAD_RW_arco_red.png	5214265	43100	1	1900	2	43200	1800
S028_DAY1_MINITWICE_4092	92	Picture	rest	5216265	0	1	144099	2	0	144000
S028_DAY1_MINITWICE_4092	92	Pulse	99	5238362	22097	NA
S028_DAY1_MINITWICE_4092	92	Port Input	1	5238362	22097	NA
S028_DAY1_MINITWICE_4092	92	Pulse	99	5274363	58098	NA
S028_DAY1_MINITWICE_4092	92	Port Input	1	5274363	58098	NA
S028_DAY1_MINITWICE_4092	92	Pulse	99	5310363	94098	NA
S028_DAY1_MINITWICE_4092	92	Port Input	1	5310363	94098	NA
S028_DAY1_MINITWICE_4092	92	Pulse	99	5346364	130099	NA
S028_DAY1_MINITWICE_4092	92	Port Input	1	5346364	130099	NA
S028_DAY1_MINITWICE_4092	93	Picture	endrest	5360464	0	1	10100	2	0	10000
S028_DAY1_MINITWICE_4092	94	Picture	RW	5370964	0	1	43099	2	0	43200
S028_DAY1_MINITWICE_4092	94	Pulse	99	5382365	11401	NA
S028_DAY1_MINITWICE_4092	94	Port Input	1	5382365	11401	NA
S028_DAY1_MINITWICE_4092	94	Response	52	5384085	13121	1
S028_DAY1_MINITWICE_4092	94	Picture	93_T_RWTRIAD_RW_bebe_red.png	5414063	43099	1	1900	2	43200	1800
S028_DAY1_MINITWICE_4092	95	Picture	RW	5416263	0	1	43200	2	0	43200
S028_DAY1_MINITWICE_4092	95	Pulse	99	5418366	2103	NA
S028_DAY1_MINITWICE_4092	95	Port Input	1	5418366	2103	NA
S028_DAY1_MINITWICE_4092	95	Response	51	5431420	15157	1
S028_DAY1_MINITWICE_4092	95	Pulse	99	5454367	38104	NA
S028_DAY1_MINITWICE_4092	95	Port Input	1	5454367	38104	NA
S028_DAY1_MINITWICE_4092	95	Picture	94_T_RWTRIAD_RW_portatil_red.png	5459463	43200	1	1900	2	43200	1800
S028_DAY1_MINITWICE_4092	96	Picture	RW	5461763	0	1	43100	2	0	43200
S028_DAY1_MINITWICE_4092	96	Response	52	5471585	9822	1
S028_DAY1_MINITWICE_4092	96	Pulse	99	5490368	28605	NA
S028_DAY1_MINITWICE_4092	96	Port Input	1	5490368	28605	NA
S028_DAY1_MINITWICE_4092	96	Picture	95_T_RWTRIAD_RW_cuento_red.png	5504863	43100	1	1900	2	43200	1800
S028_DAY1_MINITWICE_4092	97	Picture	RW	5507163	0	1	43099	2	0	43200
S028_DAY1_MINITWICE_4092	97	Response	52	5521315	14152	1
S028_DAY1_MINITWICE_4092	97	Pulse	99	5526369	19206	NA
S028_DAY1_MINITWICE_4092	97	Port Input	1	5526369	19206	NA
S028_DAY1_MINITWICE_4092	97	Picture	96_T_RWTRIAD_RW_lenador_red.png	5550262	43099	1	1900	2	43200	1800
S028_DAY1_MINITWICE_4092	98	Picture	PW	5552562	0	1	43100	2	0	43200
S028_DAY1_MINITWICE_4092	98	Pulse	99	5562370	9808	NA
S028_DAY1_MINITWICE_4092	98	Port Input	1	5562370	9808	NA
S028_DAY1_MINITWICE_4092	98	Response	52	5569457	16895	1
S028_DAY1_MINITWICE_4092	98	Picture	97_T_PWTRIAD_PW_iglu_red.png	5595662	43100	1	1900	2	43200	1800
S028_DAY1_MINITWICE_4092	99	Picture	PW	5597862	0	1	43200	2	0	43200
S028_DAY1_MINITWICE_4092	99	Pulse	99	5598371	509	NA
S028_DAY1_MINITWICE_4092	99	Port Input	1	5598371	509	NA
S028_DAY1_MINITWICE_4092	99	Response	52	5616403	18541	1
S028_DAY1_MINITWICE_4092	99	Pulse	99	5634372	36510	NA
S028_DAY1_MINITWICE_4092	99	Port Input	1	5634372	36510	NA
S028_DAY1_MINITWICE_4092	99	Picture	98_T_PWTRIAD_PW_tijera_red.png	5641062	43200	1	1900	2	43200	1800
S028_DAY1_MINITWICE_4092	100	Picture	PW	5643262	0	1	43199	3	0	43200
S028_DAY1_MINITWICE_4092	100	Response	51	5669498	26236	1
S028_DAY1_MINITWICE_4092	100	Pulse	99	5670373	27111	NA
S028_DAY1_MINITWICE_4092	100	Port Input	1	5670373	27111	NA
S028_DAY1_MINITWICE_4092	100	Picture	99_T_PWTRIAD_PW_pluma_red.png	5686461	43199	2	1900	4	43200	1800
S028_DAY1_MINITWICE_4092	101	Picture	PW	5688661	0	2	43200	3	0	43200
S028_DAY1_MINITWICE_4092	101	Pulse	99	5706374	17713	NA
S028_DAY1_MINITWICE_4092	101	Port Input	1	5706374	17713	NA
S028_DAY1_MINITWICE_4092	101	Response	52	5714040	25379	1
S028_DAY1_MINITWICE_4092	101	Picture	100_T_PWTRIAD_PW_banera_red.png	5731861	43200	1	1900	2	43200	1800
S028_DAY1_MINITWICE_4092	102	Picture	rest	5733861	0	1	144099	2	0	144000
S028_DAY1_MINITWICE_4092	102	Pulse	99	5742375	8514	NA
S028_DAY1_MINITWICE_4092	102	Port Input	1	5742375	8514	NA
S028_DAY1_MINITWICE_4092	102	Pulse	99	5778376	44515	NA
S028_DAY1_MINITWICE_4092	102	Port Input	1	5778376	44515	NA
S028_DAY1_MINITWICE_4092	102	Pulse	99	5814377	80516	NA
S028_DAY1_MINITWICE_4092	102	Port Input	1	5814377	80516	NA
S028_DAY1_MINITWICE_4092	102	Pulse	99	5850378	116517	NA
S028_DAY1_MINITWICE_4092	102	Port Input	1	5850378	116517	NA
S028_DAY1_MINITWICE_4092	103	Picture	endrest	5878060	0	1	10100	2	0	10000
S028_DAY1_MINITWICE_4092	103	Pulse	99	5886379	8319	NA
S028_DAY1_MINITWICE_4092	103	Port Input	1	5886379	8319	NA
S028_DAY1_MINITWICE_4092	104	Picture	RW	5888460	0	1	43200	2	0	43200
S028_DAY1_MINITWICE_4092	104	Response	52	5899922	11462	1
S028_DAY1_MINITWICE_4092	104	Pulse	99	5922380	33920	NA
S028_DAY1_MINITWICE_4092	104	Port Input	1	5922380	33920	NA
S028_DAY1_MINITWICE_4092	104	Picture	103_T_RWTRIAD_RW_futbol_red.png	5931660	43200	1	1900	2	43200	1800
S028_DAY1_MINITWICE_4092	105	Picture	RW	5933960	0	1	43099	3	0	43200
S028_DAY1_MINITWICE_4092	105	Response	51	5949618	15658	1
S028_DAY1_MINITWICE_4092	105	Pulse	99	5958381	24421	NA
S028_DAY1_MINITWICE_4092	105	Port Input	1	5958381	24421	NA
S028_DAY1_MINITWICE_4092	105	Picture	104_T_RWTRIAD_RW_dedal_red.png	5977059	43099	2	1900	4	43200	1800
S028_DAY1_MINITWICE_4092	106	Picture	RW	5979359	0	2	43100	3	0	43200
S028_DAY1_MINITWICE_4092	106	Pulse	99	5994382	15023	NA
S028_DAY1_MINITWICE_4092	106	Port Input	1	5994382	15023	NA
S028_DAY1_MINITWICE_4092	106	Response	51	5996947	17588	1
S028_DAY1_MINITWICE_4092	106	Picture	105_T_RWTRIAD_RW_telefono_red.png	6022459	43100	1	1900	2	43200	1800
S028_DAY1_MINITWICE_4092	107	Picture	RW	6024759	0	1	43100	2	0	43200
S028_DAY1_MINITWICE_4092	107	Pulse	99	6030383	5624	NA
S028_DAY1_MINITWICE_4092	107	Port Input	1	6030383	5624	NA
S028_DAY1_MINITWICE_4092	107	Response	52	6039019	14260	1
S028_DAY1_MINITWICE_4092	107	Pulse	99	6066384	41625	NA
S028_DAY1_MINITWICE_4092	107	Port Input	1	6066384	41625	NA
S028_DAY1_MINITWICE_4092	107	Picture	106_T_RWTRIAD_RW_gafas_red.png	6067859	43100	1	1900	2	43200	1800
S028_DAY1_MINITWICE_4092	108	Picture	PW	6070159	0	1	43100	2	0	43200
S028_DAY1_MINITWICE_4092	108	Response	51	6091475	21316	1
S028_DAY1_MINITWICE_4092	108	Pulse	99	6102384	32225	NA
S028_DAY1_MINITWICE_4092	108	Port Input	1	6102384	32225	NA
S028_DAY1_MINITWICE_4092	108	Picture	107_T_PWTRIAD_PW_llave_red.png	6113259	43100	1	1900	2	43200	1800
S028_DAY1_MINITWICE_4092	109	Picture	PW	6115459	0	1	43199	2	0	43200
S028_DAY1_MINITWICE_4092	109	Pulse	99	6138385	22926	NA
S028_DAY1_MINITWICE_4092	109	Port Input	1	6138385	22926	NA
S028_DAY1_MINITWICE_4092	109	Response	51	6142326	26867	1
S028_DAY1_MINITWICE_4092	109	Picture	108_T_PWTRIAD_PW_mono_red.png	6158658	43199	1	1900	2	43200	1800
S028_DAY1_MINITWICE_4092	110	Picture	PW	6160858	0	1	43100	2	0	43200
S028_DAY1_MINITWICE_4092	110	Pulse	99	6174386	13528	NA
S028_DAY1_MINITWICE_4092	110	Port Input	1	6174386	13528	NA
S028_DAY1_MINITWICE_4092	110	Response	52	6178667	17809	1
S028_DAY1_MINITWICE_4092	110	Picture	109_T_PWTRIAD_PW_paracaidas_red.png	6203958	43100	1	1900	2	43200	1800
S028_DAY1_MINITWICE_4092	111	Picture	PW	6206158	0	1	43100	2	0	43200
S028_DAY1_MINITWICE_4092	111	Pulse	99	6210387	4229	NA
S028_DAY1_MINITWICE_4092	111	Port Input	1	6210387	4229	NA
S028_DAY1_MINITWICE_4092	111	Response	52	6218503	12345	1
S028_DAY1_MINITWICE_4092	111	Pulse	99	6246388	40230	NA
S028_DAY1_MINITWICE_4092	111	Port Input	1	6246388	40230	NA
S028_DAY1_MINITWICE_4092	111	Picture	110_T_PWTRIAD_PW_oruga_red.png	6249258	43100	1	1900	2	43200	1800
S028_DAY1_MINITWICE_4092	112	Picture	rest	6251258	0	1	144099	2	0	144000
S028_DAY1_MINITWICE_4092	113	Picture	endrest	6395457	0	1	10100	2	0	10000
S028_DAY1_MINITWICE_4092	114	Picture	RW	6405757	0	1	43199	2	0	43200
S028_DAY1_MINITWICE_4092	114	Response	52	6417930	12173	1
S028_DAY1_MINITWICE_4092	114	Picture	113_T_RWTRIAD_RW_esquimal_red.png	6448956	43199	1	1900	2	43200	1800
S028_DAY1_MINITWICE_4092	115	Picture	RW	6451156	0	1	43200	2	0	43200
S028_DAY1_MINITWICE_4092	115	Response	52	6464496	13340	1
S028_DAY1_MINITWICE_4092	115	Picture	114_T_RWTRIAD_RW_llave_red.png	6494356	43200	1	1900	2	43200	1800
S028_DAY1_MINITWICE_4092	116	Picture	RW	6496656	0	1	43100	2	0	43200
S028_DAY1_MINITWICE_4092	116	Response	51	6516140	19484	1
S028_DAY1_MINITWICE_4092	116	Picture	115_T_RWTRIAD_RW_paracaidas_red.png	6539756	43100	1	1900	2	43200	1800
S028_DAY1_MINITWICE_4092	117	Picture	RW	6542056	0	1	43099	2	0	43200
S028_DAY1_MINITWICE_4092	117	Response	51	6565043	22987	1
S028_DAY1_MINITWICE_4092	117	Picture	116_T_RWTRIAD_RW_chupete_red.png	6585155	43099	1	1900	3	43200	1800
S028_DAY1_MINITWICE_4092	118	Picture	PW	6587355	0	1	43200	2	0	43200
S028_DAY1_MINITWICE_4092	118	Response	52	6610647	23292	2
S028_DAY1_MINITWICE_4092	118	Picture	117_T_PWTRIAD_PW_murcielago_red.png	6630555	43200	1	1900	2	43200	1800
S028_DAY1_MINITWICE_4092	119	Picture	PW	6632755	0	1	43200	2	0	43200
S028_DAY1_MINITWICE_4092	119	Response	52	6657620	24865	1
S028_DAY1_MINITWICE_4092	119	Picture	118_T_PWTRIAD_PW_policia_red.png	6675955	43200	1	1900	2	43200	1800
S028_DAY1_MINITWICE_4092	120	Picture	PW	6678155	0	1	43200	2	0	43200
S028_DAY1_MINITWICE_4092	120	Response	51	6691358	13203	5
S028_DAY1_MINITWICE_4092	120	Picture	119_T_PWTRIAD_PW_dado_red.png	6721355	43200	1	1899	3	43200	1800
S028_DAY1_MINITWICE_4092	121	Picture	PW	6723554	0	2	43200	3	0	43200
S028_DAY1_MINITWICE_4092	121	Response	52	6747124	23570	1
S028_DAY1_MINITWICE_4092	121	Picture	120_T_PWTRIAD_PW_arco_red.png	6766754	43200	1	1866	42	43200	1800
S028_DAY1_MINITWICE_4092	122	Picture	rest	6768754	0	1	144099	2	0	144000
S028_DAY1_MINITWICE_4092	123	Picture	endrest	6912953	0	1	10100	2	0	10000
S028_DAY1_MINITWICE_4092	124	Picture	FF	6923353	0	1	43100	2	0	43200
S028_DAY1_MINITWICE_4092	124	Response	51	6935657	12304	1
S028_DAY1_MINITWICE_4092	124	Picture	123_T_FFTRIAD_FF_arco_red.png	6966453	43100	1	1900	2	43200	1800
S028_DAY1_MINITWICE_4092	125	Picture	FF	6968753	0	1	43100	2	0	43200
S028_DAY1_MINITWICE_4092	125	Response	52	6977578	8825	2
S028_DAY1_MINITWICE_4092	125	Picture	124_T_FFTRIAD_FF_silla_red.png	7011853	43100	1	1900	2	43200	1800
S028_DAY1_MINITWICE_4092	126	Picture	FF	7014153	0	1	43099	2	0	43200
S028_DAY1_MINITWICE_4092	126	Response	52	7028446	14293	1
S028_DAY1_MINITWICE_4092	126	Picture	125_T_FFTRIAD_FF_monja_red.png	7057252	43099	1	1900	2	43200	1800
S028_DAY1_MINITWICE_4092	127	Picture	FF	7059452	0	1	43200	2	0	43200
S028_DAY1_MINITWICE_4092	127	Response	51	7077729	18277	1
S028_DAY1_MINITWICE_4092	127	Picture	126_T_FFTRIAD_FF_cortina_red.png	7102652	43200	1	1900	2	43200	1800
S028_DAY1_MINITWICE_4092	128	Picture	FF	7104852	0	1	43200	2	0	43200
S028_DAY1_MINITWICE_4092	128	Response	51	7129172	24320	1
S028_DAY1_MINITWICE_4092	128	Picture	127_T_FFTRIAD_FF_dedal_red.png	7148052	43200	1	1900	2	43200	1800
S028_DAY1_MINITWICE_4092	129	Picture	FF	7150352	0	1	43099	2	0	43200
S028_DAY1_MINITWICE_4092	129	Response	51	7163281	12929	1
S028_DAY1_MINITWICE_4092	129	Picture	128_T_FFTRIAD_FF_charco_red.png	7193451	43099	1	1900	2	43200	1800
S028_DAY1_MINITWICE_4092	130	Picture	FF	7195651	0	1	43200	2	0	43200
S028_DAY1_MINITWICE_4092	130	Response	51	7210370	14719	1
S028_DAY1_MINITWICE_4092	130	Picture	129_T_FFTRIAD_FF_sombrilla_red.png	7238851	43200	1	1900	2	43200	1800
S028_DAY1_MINITWICE_4092	131	Picture	FF	7241151	0	1	43100	2	0	43200
S028_DAY1_MINITWICE_4092	131	Response	52	7250206	9055	1
S028_DAY1_MINITWICE_4092	131	Picture	130_T_FFTRIAD_FF_pilas_red.png	7284251	43100	1	1900	2	43200	1800
S028_DAY1_MINITWICE_4092	132	Picture	rest	7286251	0	1	144099	2	0	144000
S028_DAY1_MINITWICE_4092	133	Picture	endrest	7430450	0	1	10100	2	0	10000
S028_DAY1_MINITWICE_4092	134	Picture	FF	7440850	0	1	43199	2	0	43200
S028_DAY1_MINITWICE_4092	134	Response	52	7452520	11670	2
S028_DAY1_MINITWICE_4092	134	Picture	133_T_FFTRIAD_FF_botella_red.png	7484049	43199	1	1900	2	43200	1800
S028_DAY1_MINITWICE_4092	135	Picture	FF	7486349	0	1	43100	2	0	43200
S028_DAY1_MINITWICE_4092	135	Response	51	7499781	13432	1
S028_DAY1_MINITWICE_4092	135	Picture	134_T_FFTRIAD_FF_portatil_red.png	7529449	43100	1	1900	2	43200	1800
S028_DAY1_MINITWICE_4092	136	Picture	FF	7531749	0	1	43100	2	0	43200
S028_DAY1_MINITWICE_4092	136	Response	51	7543286	11537	1
S028_DAY1_MINITWICE_4092	136	Picture	135_T_FFTRIAD_FF_carruaje_red.png	7574849	43100	1	1900	2	43200	1800
S028_DAY1_MINITWICE_4092	137	Picture	FF	7577049	0	1	43099	3	0	43200
S028_DAY1_MINITWICE_4092	137	Response	52	7587204	10155	1
S028_DAY1_MINITWICE_4092	137	Picture	136_T_FFTRIAD_FF_cerillas_red.png	7620148	43099	2	1900	3	43200	1800
S028_DAY1_MINITWICE_4092	138	Picture	rest	7622148	0	2	144099	4	0	144000
S028_DAY1_MINITWICE_4092	139	Picture	endrest	7766347	0	2	10100	3	0	10000
S028_DAY1_MINITWICE_4092	140	Picture	endrest	7776547	0	2	10100	3	0	10000
S028_DAY1_MINITWICE_4092	141	Picture	endrest	7786747	0	1	10100	2	0	10000
S028_DAY1_MINITWICE_4092	142	Picture	endrest	7796947	0	1	10100	2	0	10000
