Scenario - vOT_Triads_fMRI_I
Logfile written - 02/29/2016 12:12:44

Subject	Trial	Event Type	Code	Time	TTime	Uncertainty	Duration	Uncertainty	ReqTime	ReqDur

S028_DAY1_MINITWICE_4092	1	Response	98	393955	403655	1
S028_DAY1_MINITWICE_4092	2	Response	52	424770	30673	1
S028_DAY1_MINITWICE_4092	2	Response	98	440244	46147	1
S028_DAY1_MINITWICE_4092	3	Response	51	493630	53234	2
S028_DAY1_MINITWICE_4092	3	Response	98	503292	62896	1
S028_DAY1_MINITWICE_4092	4	Response	52	547725	44329	2
S028_DAY1_MINITWICE_4092	4	Response	98	595131	91735	1
S028_DAY1_MINITWICE_4092	6	Response	52	596736	1440	1
S028_DAY1_MINITWICE_4092	6	Pulse	99	1050626	455330	NA
S028_DAY1_MINITWICE_4092	6	Port Input	1	1050626	455330	NA
S028_DAY1_MINITWICE_4092	6	Pulse	99	1086627	491331	NA
S028_DAY1_MINITWICE_4092	6	Port Input	1	1086627	491331	NA
S028_DAY1_MINITWICE_4092	6	Pulse	99	1122628	527332	NA
S028_DAY1_MINITWICE_4092	6	Port Input	1	1122628	527332	NA
S028_DAY1_MINITWICE_4092	6	Pulse	99	1158629	563333	NA
S028_DAY1_MINITWICE_4092	6	Port Input	1	1158629	563333	NA
S028_DAY1_MINITWICE_4092	6	Pulse	99	1194630	599334	NA
S028_DAY1_MINITWICE_4092	6	Port Input	1	1194630	599334	NA
S028_DAY1_MINITWICE_4092	7	Picture	rest	1194891	0	1	144099	2	0	144000
S028_DAY1_MINITWICE_4092	7	Pulse	99	1230631	35740	NA
S028_DAY1_MINITWICE_4092	7	Port Input	1	1230631	35740	NA
S028_DAY1_MINITWICE_4092	7	Pulse	99	1266632	71741	NA
S028_DAY1_MINITWICE_4092	7	Port Input	1	1266632	71741	NA
S028_DAY1_MINITWICE_4092	7	Pulse	99	1302633	107742	NA
S028_DAY1_MINITWICE_4092	7	Port Input	1	1302633	107742	NA
S028_DAY1_MINITWICE_4092	7	Pulse	99	1338634	143743	NA
S028_DAY1_MINITWICE_4092	7	Port Input	1	1338634	143743	NA
S028_DAY1_MINITWICE_4092	8	Picture	endrest	1339090	0	1	10100	2	0	10000
S028_DAY1_MINITWICE_4092	9	Picture	FF	1349490	0	1	43200	2	0	43200
S028_DAY1_MINITWICE_4092	9	Response	51	1366897	17407	1
S028_DAY1_MINITWICE_4092	9	Pulse	99	1374635	25145	NA
S028_DAY1_MINITWICE_4092	9	Port Input	1	1374635	25145	NA
S028_DAY1_MINITWICE_4092	9	Picture	3_T_FFTRIAD_FF_cuento_red.png	1392690	43200	1	1900	2	43200	1800
S028_DAY1_MINITWICE_4092	10	Picture	FF	1394990	0	1	43100	2	0	43200
S028_DAY1_MINITWICE_4092	10	Pulse	99	1410636	15646	NA
S028_DAY1_MINITWICE_4092	10	Port Input	1	1410636	15646	NA
S028_DAY1_MINITWICE_4092	10	Response	52	1412287	17297	1
S028_DAY1_MINITWICE_4092	10	Picture	4_T_FFTRIAD_FF_raton_red.png	1438090	43100	1	1900	2	43200	1800
S028_DAY1_MINITWICE_4092	11	Picture	FF	1440290	0	1	43199	2	0	43200
S028_DAY1_MINITWICE_4092	11	Pulse	99	1446637	6347	NA
S028_DAY1_MINITWICE_4092	11	Port Input	1	1446637	6347	NA
S028_DAY1_MINITWICE_4092	11	Response	51	1462969	22679	1
S028_DAY1_MINITWICE_4092	11	Pulse	99	1482638	42348	NA
S028_DAY1_MINITWICE_4092	11	Port Input	1	1482638	42348	NA
S028_DAY1_MINITWICE_4092	11	Picture	5_T_FFTRIAD_FF_ancla_red.png	1483489	43199	1	1900	2	43200	1800
S028_DAY1_MINITWICE_4092	12	Picture	FF	1485789	0	1	43100	2	0	43200
S028_DAY1_MINITWICE_4092	12	Response	51	1516866	31077	1
S028_DAY1_MINITWICE_4092	12	Pulse	99	1518639	32850	NA
S028_DAY1_MINITWICE_4092	12	Port Input	1	1518639	32850	NA
S028_DAY1_MINITWICE_4092	12	Picture	6_T_FFTRIAD_FF_policia_red.png	1528889	43100	1	1900	2	43200	1800
S028_DAY1_MINITWICE_4092	13	Picture	FF	1531189	0	1	43100	2	0	43200
S028_DAY1_MINITWICE_4092	13	Pulse	99	1554640	23451	NA
S028_DAY1_MINITWICE_4092	13	Port Input	1	1554640	23451	NA
S028_DAY1_MINITWICE_4092	13	Response	51	1559060	27871	1
S028_DAY1_MINITWICE_4092	13	Picture	7_T_FFTRIAD_FF_piramide_red.png	1574289	43100	1	1900	2	43200	1800
S028_DAY1_MINITWICE_4092	14	Picture	FF	1576589	0	1	43099	3	0	43200
S028_DAY1_MINITWICE_4092	14	Pulse	99	1590641	14052	NA
S028_DAY1_MINITWICE_4092	14	Port Input	1	1590641	14052	NA
S028_DAY1_MINITWICE_4092	14	Response	51	1595835	19246	1
S028_DAY1_MINITWICE_4092	14	Picture	8_T_FFTRIAD_FF_novia_red.png	1619688	43099	2	1900	4	43200	1800
S028_DAY1_MINITWICE_4092	15	Picture	FF	1621888	0	2	43100	3	0	43200
S028_DAY1_MINITWICE_4092	15	Pulse	99	1626642	4754	NA
S028_DAY1_MINITWICE_4092	15	Port Input	1	1626642	4754	NA
S028_DAY1_MINITWICE_4092	15	Response	51	1636700	14812	1
S028_DAY1_MINITWICE_4092	15	Pulse	99	1662643	40755	NA
S028_DAY1_MINITWICE_4092	15	Port Input	1	1662643	40755	NA
S028_DAY1_MINITWICE_4092	15	Picture	9_T_FFTRIAD_FF_zanahoria_red.png	1664988	43100	1	1900	2	43200	1800
S028_DAY1_MINITWICE_4092	16	Picture	FF	1667188	0	1	43200	2	0	43200
S028_DAY1_MINITWICE_4092	16	Response	52	1684237	17049	1
S028_DAY1_MINITWICE_4092	16	Pulse	99	1698644	31456	NA
S028_DAY1_MINITWICE_4092	16	Port Input	1	1698644	31456	NA
S028_DAY1_MINITWICE_4092	16	Picture	10_T_FFTRIAD_FF_lenador_red.png	1710388	43200	1	1899	3	43200	1800
S028_DAY1_MINITWICE_4092	17	Picture	rest	1712388	0	1	144099	2	0	144000
S028_DAY1_MINITWICE_4092	17	Pulse	99	1734645	22257	NA
S028_DAY1_MINITWICE_4092	17	Port Input	1	1734645	22257	NA
S028_DAY1_MINITWICE_4092	17	Pulse	99	1770646	58258	NA
S028_DAY1_MINITWICE_4092	17	Port Input	1	1770646	58258	NA
S028_DAY1_MINITWICE_4092	17	Pulse	99	1806647	94259	NA
S028_DAY1_MINITWICE_4092	17	Port Input	1	1806647	94259	NA
S028_DAY1_MINITWICE_4092	17	Pulse	99	1842648	130260	NA
S028_DAY1_MINITWICE_4092	17	Port Input	1	1842648	130260	NA
S028_DAY1_MINITWICE_4092	18	Picture	endrest	1856587	0	1	10100	2	0	10000
S028_DAY1_MINITWICE_4092	19	Picture	FF	1866987	0	1	43199	3	0	43200
S028_DAY1_MINITWICE_4092	19	Pulse	99	1878649	11662	NA
S028_DAY1_MINITWICE_4092	19	Port Input	1	1878649	11662	NA
S028_DAY1_MINITWICE_4092	19	Response	51	1892175	25188	1
S028_DAY1_MINITWICE_4092	19	Picture	13_T_FFTRIAD_FF_arbol_red.png	1910186	43199	2	1900	4	43200	1800
S028_DAY1_MINITWICE_4092	20	Picture	FF	1912486	0	2	43100	3	0	43200
S028_DAY1_MINITWICE_4092	20	Pulse	99	1914650	2164	NA
S028_DAY1_MINITWICE_4092	20	Port Input	1	1914650	2164	NA
S028_DAY1_MINITWICE_4092	20	Response	51	1933512	21026	1
S028_DAY1_MINITWICE_4092	20	Pulse	99	1950651	38165	NA
S028_DAY1_MINITWICE_4092	20	Port Input	1	1950651	38165	NA
S028_DAY1_MINITWICE_4092	20	Picture	14_T_FFTRIAD_FF_granjero_red.png	1955586	43100	1	1900	2	43200	1800
S028_DAY1_MINITWICE_4092	21	Picture	FF	1957886	0	1	43100	2	0	43200
S028_DAY1_MINITWICE_4092	21	Response	52	1972875	14989	1
S028_DAY1_MINITWICE_4092	21	Pulse	99	1986651	28765	NA
S028_DAY1_MINITWICE_4092	21	Port Input	1	1986651	28765	NA
S028_DAY1_MINITWICE_4092	21	Picture	15_T_FFTRIAD_FF_telarana_red.png	2000986	43100	1	1900	2	43200	1800
S028_DAY1_MINITWICE_4092	22	Picture	FF	2003186	0	1	43200	2	0	43200
S028_DAY1_MINITWICE_4092	22	Pulse	99	2022652	19466	NA
S028_DAY1_MINITWICE_4092	22	Port Input	1	2022652	19466	NA
S028_DAY1_MINITWICE_4092	22	Response	52	2027566	24380	1
S028_DAY1_MINITWICE_4092	22	Picture	16_T_FFTRIAD_FF_plato_red.png	2046386	43200	1	1900	2	43200	1800
S028_DAY1_MINITWICE_4092	23	Picture	RW	2048686	0	1	43099	2	0	43200
S028_DAY1_MINITWICE_4092	23	Pulse	99	2058653	9967	NA
S028_DAY1_MINITWICE_4092	23	Port Input	1	2058653	9967	NA
S028_DAY1_MINITWICE_4092	23	Response	52	2068580	19894	1
S028_DAY1_MINITWICE_4092	23	Picture	17_T_RWTRIAD_RW_destornillador_red.png	2091785	43099	1	1900	2	43200	1800
S028_DAY1_MINITWICE_4092	24	Picture	RW	2094085	0	1	43100	2	0	43200
S028_DAY1_MINITWICE_4092	24	Pulse	99	2094654	569	NA
S028_DAY1_MINITWICE_4092	24	Port Input	1	2094654	569	NA
S028_DAY1_MINITWICE_4092	24	Response	52	2120936	26851	1
S028_DAY1_MINITWICE_4092	24	Pulse	99	2130655	36570	NA
S028_DAY1_MINITWICE_4092	24	Port Input	1	2130655	36570	NA
S028_DAY1_MINITWICE_4092	24	Picture	18_T_RWTRIAD_RW_tijera_red.png	2137185	43100	1	1900	2	43200	1800
S028_DAY1_MINITWICE_4092	25	Picture	RW	2139485	0	1	43100	2	0	43200
S028_DAY1_MINITWICE_4092	25	Response	51	2158551	19066	1
S028_DAY1_MINITWICE_4092	25	Pulse	99	2166656	27171	NA
S028_DAY1_MINITWICE_4092	25	Port Input	1	2166656	27171	NA
S028_DAY1_MINITWICE_4092	25	Picture	19_T_RWTRIAD_RW_botella_red.png	2182585	43100	1	1900	2	43200	1800
S028_DAY1_MINITWICE_4092	26	Picture	RW	2184685	0	1	43199	3	0	43200
S028_DAY1_MINITWICE_4092	26	Response	52	2199704	15019	2
S028_DAY1_MINITWICE_4092	26	Pulse	99	2202657	17972	NA
S028_DAY1_MINITWICE_4092	26	Port Input	1	2202657	17972	NA
S028_DAY1_MINITWICE_4092	26	Picture	20_T_RWTRIAD_RW_cinturon_red.png	2227884	43199	2	1900	3	43200	1800
S028_DAY1_MINITWICE_4092	27	Picture	rest	2229884	0	1	144099	3	0	144000
S028_DAY1_MINITWICE_4092	27	Pulse	99	2238658	8774	NA
S028_DAY1_MINITWICE_4092	27	Port Input	1	2238658	8774	NA
S028_DAY1_MINITWICE_4092	27	Pulse	99	2274659	44775	NA
S028_DAY1_MINITWICE_4092	27	Port Input	1	2274659	44775	NA
S028_DAY1_MINITWICE_4092	27	Pulse	99	2310660	80776	NA
S028_DAY1_MINITWICE_4092	27	Port Input	1	2310660	80776	NA
S028_DAY1_MINITWICE_4092	27	Pulse	99	2346661	116777	NA
S028_DAY1_MINITWICE_4092	27	Port Input	1	2346661	116777	NA
S028_DAY1_MINITWICE_4092	28	Picture	endrest	2374083	0	2	10100	3	0	10000
S028_DAY1_MINITWICE_4092	28	Pulse	99	2382662	8579	NA
S028_DAY1_MINITWICE_4092	28	Port Input	1	2382662	8579	NA
S028_DAY1_MINITWICE_4092	29	Picture	RW	2384483	0	1	43200	2	0	43200
S028_DAY1_MINITWICE_4092	29	Response	52	2397626	13143	1
S028_DAY1_MINITWICE_4092	29	Pulse	99	2418663	34180	NA
S028_DAY1_MINITWICE_4092	29	Port Input	1	2418663	34180	NA
S028_DAY1_MINITWICE_4092	29	Picture	23_T_RWTRIAD_RW_silla_red.png	2427683	43200	1	1900	2	43200	1800
S028_DAY1_MINITWICE_4092	30	Picture	RW	2429983	0	1	43100	2	0	43200
S028_DAY1_MINITWICE_4092	30	Response	51	2447762	17779	1
S028_DAY1_MINITWICE_4092	30	Pulse	99	2454664	24681	NA
S028_DAY1_MINITWICE_4092	30	Port Input	1	2454664	24681	NA
S028_DAY1_MINITWICE_4092	30	Picture	24_T_RWTRIAD_RW_ascensor_red.png	2473083	43100	1	1900	2	43200	1800
S028_DAY1_MINITWICE_4092	31	Picture	RW	2475383	0	1	43099	3	0	43200
S028_DAY1_MINITWICE_4092	31	Response	51	2489709	14326	2
S028_DAY1_MINITWICE_4092	31	Pulse	99	2490665	15282	NA
S028_DAY1_MINITWICE_4092	31	Port Input	1	2490665	15282	NA
S028_DAY1_MINITWICE_4092	31	Picture	25_T_RWTRIAD_RW_iglu_red.png	2518482	43099	2	1900	3	43200	1800
S028_DAY1_MINITWICE_4092	32	Picture	RW	2520782	0	1	43100	2	0	43200
S028_DAY1_MINITWICE_4092	32	Pulse	99	2526666	5884	NA
S028_DAY1_MINITWICE_4092	32	Port Input	1	2526666	5884	NA
S028_DAY1_MINITWICE_4092	32	Response	52	2535503	14721	1
S028_DAY1_MINITWICE_4092	32	Pulse	99	2562667	41885	NA
S028_DAY1_MINITWICE_4092	32	Port Input	1	2562667	41885	NA
S028_DAY1_MINITWICE_4092	32	Picture	26_T_RWTRIAD_RW_martillo_red.png	2563882	43100	1	1900	2	43200	1800
S028_DAY1_MINITWICE_4092	33	Picture	FF	2566082	0	1	43100	2	0	43200
S028_DAY1_MINITWICE_4092	33	Response	52	2587777	21695	1
S028_DAY1_MINITWICE_4092	33	Pulse	99	2598668	32586	NA
S028_DAY1_MINITWICE_4092	33	Port Input	1	2598668	32586	NA
S028_DAY1_MINITWICE_4092	33	Picture	27_T_FFTRIAD_FF_lana_red.png	2609182	43100	1	1900	2	43200	1800
S028_DAY1_MINITWICE_4092	34	Picture	FF	2611382	0	1	43199	3	0	43200
S028_DAY1_MINITWICE_4092	34	Response	51	2627452	16070	1
S028_DAY1_MINITWICE_4092	34	Pulse	99	2634669	23287	NA
S028_DAY1_MINITWICE_4092	34	Port Input	1	2634669	23287	NA
S028_DAY1_MINITWICE_4092	34	Picture	28_T_FFTRIAD_FF_agua_red.png	2654581	43199	2	1900	4	43200	1800
S028_DAY1_MINITWICE_4092	35	Picture	FF	2656881	0	2	43100	3	0	43200
S028_DAY1_MINITWICE_4092	35	Pulse	99	2670670	13789	NA
S028_DAY1_MINITWICE_4092	35	Port Input	1	2670670	13789	NA
S028_DAY1_MINITWICE_4092	35	Response	51	2673372	16491	1
S028_DAY1_MINITWICE_4092	35	Picture	29_T_FFTRIAD_FF_television_red.png	2699981	43100	1	1900	2	43200	1800
S028_DAY1_MINITWICE_4092	36	Picture	FF	2702181	0	1	43200	2	0	43200
S028_DAY1_MINITWICE_4092	36	Pulse	99	2706671	4490	NA
S028_DAY1_MINITWICE_4092	36	Port Input	1	2706671	4490	NA
S028_DAY1_MINITWICE_4092	36	Response	52	2717293	15112	1
S028_DAY1_MINITWICE_4092	36	Pulse	99	2742672	40491	NA
S028_DAY1_MINITWICE_4092	36	Port Input	1	2742672	40491	NA
S028_DAY1_MINITWICE_4092	36	Picture	30_T_FFTRIAD_FF_paraguas_red.png	2745381	43200	1	1900	2	43200	1800
S028_DAY1_MINITWICE_4092	37	Picture	rest	2747381	0	1	144099	2	0	144000
S028_DAY1_MINITWICE_4092	37	Pulse	99	2778673	31292	NA
S028_DAY1_MINITWICE_4092	37	Port Input	1	2778673	31292	NA
S028_DAY1_MINITWICE_4092	37	Pulse	99	2814674	67293	NA
S028_DAY1_MINITWICE_4092	37	Port Input	1	2814674	67293	NA
S028_DAY1_MINITWICE_4092	37	Pulse	99	2850675	103294	NA
S028_DAY1_MINITWICE_4092	37	Port Input	1	2850675	103294	NA
S028_DAY1_MINITWICE_4092	37	Pulse	99	2886676	139295	NA
S028_DAY1_MINITWICE_4092	37	Port Input	1	2886676	139295	NA
S028_DAY1_MINITWICE_4092	38	Picture	endrest	2891580	0	1	10100	2	0	10000
S028_DAY1_MINITWICE_4092	39	Picture	FF	2901980	0	1	43100	2	0	43200
S028_DAY1_MINITWICE_4092	39	Response	52	2922019	20039	1
S028_DAY1_MINITWICE_4092	39	Pulse	99	2922677	20697	NA
S028_DAY1_MINITWICE_4092	39	Port Input	1	2922677	20697	NA
S028_DAY1_MINITWICE_4092	39	Picture	33_T_FFTRIAD_FF_manos_red.png	2945080	43100	1	1900	2	43200	1800
S028_DAY1_MINITWICE_4092	40	Picture	FF	2947280	0	1	43199	2	0	43200
S028_DAY1_MINITWICE_4092	40	Pulse	99	2958678	11398	NA
S028_DAY1_MINITWICE_4092	40	Port Input	1	2958678	11398	NA
S028_DAY1_MINITWICE_4092	40	Response	52	2963602	16322	2
S028_DAY1_MINITWICE_4092	40	Picture	34_T_FFTRIAD_FF_cinturon_red.png	2990479	43199	1	1900	2	43200	1800
S028_DAY1_MINITWICE_4092	41	Picture	FF	2992779	0	1	43100	2	0	43200
S028_DAY1_MINITWICE_4092	41	Pulse	99	2994679	1900	NA
S028_DAY1_MINITWICE_4092	41	Port Input	1	2994679	1900	NA
S028_DAY1_MINITWICE_4092	41	Response	52	3011627	18848	1
S028_DAY1_MINITWICE_4092	41	Pulse	99	3030680	37901	NA
S028_DAY1_MINITWICE_4092	41	Port Input	1	3030680	37901	NA
S028_DAY1_MINITWICE_4092	41	Picture	35_T_FFTRIAD_FF_huevos_red.png	3035879	43100	1	1900	2	43200	1800
S028_DAY1_MINITWICE_4092	42	Picture	FF	3038079	0	1	43200	2	0	43200
S028_DAY1_MINITWICE_4092	42	Response	51	3053576	15497	2
S028_DAY1_MINITWICE_4092	42	Pulse	99	3066681	28602	NA
S028_DAY1_MINITWICE_4092	42	Port Input	1	3066681	28602	NA
S028_DAY1_MINITWICE_4092	42	Picture	36_T_FFTRIAD_FF_teclado_red.png	3081279	43200	1	1900	2	43200	1800
S028_DAY1_MINITWICE_4092	43	Picture	FF	3083479	0	1	43099	2	0	43200
S028_DAY1_MINITWICE_4092	43	Response	51	3098180	14701	1
S028_DAY1_MINITWICE_4092	43	Pulse	99	3102682	19203	NA
S028_DAY1_MINITWICE_4092	43	Port Input	1	3102682	19203	NA
S028_DAY1_MINITWICE_4092	43	Picture	37_T_FFTRIAD_FF_llave_red.png	3126578	43099	1	1900	2	43200	1800
S028_DAY1_MINITWICE_4092	44	Picture	FF	3128778	0	1	43200	2	0	43200
S028_DAY1_MINITWICE_4092	44	Pulse	99	3138682	9904	NA
S028_DAY1_MINITWICE_4092	44	Port Input	1	3138682	9904	NA
S028_DAY1_MINITWICE_4092	44	Response	51	3150664	21886	1
S028_DAY1_MINITWICE_4092	44	Picture	38_T_FFTRIAD_FF_tenedor_red.png	3171978	43200	1	1900	2	43200	1800
S028_DAY1_MINITWICE_4092	45	Picture	FF	3174278	0	1	43100	2	0	43200
S028_DAY1_MINITWICE_4092	45	Pulse	99	3174683	405	NA
S028_DAY1_MINITWICE_4092	45	Port Input	1	3174683	405	NA
S028_DAY1_MINITWICE_4092	45	Response	52	3188249	13971	1
S028_DAY1_MINITWICE_4092	45	Pulse	99	3210684	36406	NA
S028_DAY1_MINITWICE_4092	45	Port Input	1	3210684	36406	NA
S028_DAY1_MINITWICE_4092	45	Picture	39_T_FFTRIAD_FF_molino_red.png	3217378	43100	1	1900	2	43200	1800
S028_DAY1_MINITWICE_4092	46	Picture	FF	3219678	0	1	43099	2	0	43200
S028_DAY1_MINITWICE_4092	46	Response	51	3234598	14920	1
S028_DAY1_MINITWICE_4092	46	Pulse	99	3246685	27007	NA
S028_DAY1_MINITWICE_4092	46	Port Input	1	3246685	27007	NA
S028_DAY1_MINITWICE_4092	46	Picture	40_T_FFTRIAD_FF_estetoscopio_red.png	3262777	43099	1	1900	2	43200	1800
S028_DAY1_MINITWICE_4092	47	Picture	rest	3264777	0	1	144099	2	0	144000
S028_DAY1_MINITWICE_4092	47	Pulse	99	3282686	17909	NA
S028_DAY1_MINITWICE_4092	47	Port Input	1	3282686	17909	NA
S028_DAY1_MINITWICE_4092	47	Pulse	99	3318687	53910	NA
S028_DAY1_MINITWICE_4092	47	Port Input	1	3318687	53910	NA
S028_DAY1_MINITWICE_4092	47	Pulse	99	3354688	89911	NA
S028_DAY1_MINITWICE_4092	47	Port Input	1	3354688	89911	NA
S028_DAY1_MINITWICE_4092	47	Pulse	99	3390689	125912	NA
S028_DAY1_MINITWICE_4092	47	Port Input	1	3390689	125912	NA
S028_DAY1_MINITWICE_4092	48	Picture	endrest	3408976	0	1	10100	2	0	10000
S028_DAY1_MINITWICE_4092	49	Picture	RW	3419476	0	1	43100	2	0	43200
S028_DAY1_MINITWICE_4092	49	Pulse	99	3426690	7214	NA
S028_DAY1_MINITWICE_4092	49	Port Input	1	3426690	7214	NA
S028_DAY1_MINITWICE_4092	49	Response	52	3442585	23109	1
S028_DAY1_MINITWICE_4092	49	Picture	43_T_RWTRIAD_RW_monja_red.png	3462576	43100	1	1900	2	43200	1800
S028_DAY1_MINITWICE_4092	49	Pulse	99	3462691	43215	NA
S028_DAY1_MINITWICE_4092	49	Port Input	1	3462691	43215	NA
S028_DAY1_MINITWICE_4092	50	Picture	RW	3464876	0	1	43100	2	0	43200
S028_DAY1_MINITWICE_4092	50	Response	52	3480648	15772	1
S028_DAY1_MINITWICE_4092	50	Pulse	99	3498692	33816	NA
S028_DAY1_MINITWICE_4092	50	Port Input	1	3498692	33816	NA
S028_DAY1_MINITWICE_4092	50	Picture	44_T_RWTRIAD_RW_sobre_red.png	3507976	43100	1	1900	2	43200	1800
S028_DAY1_MINITWICE_4092	51	Picture	RW	3510276	0	1	43099	2	0	43200
S028_DAY1_MINITWICE_4092	51	Response	52	3533999	23723	1
S028_DAY1_MINITWICE_4092	51	Pulse	99	3534693	24417	NA
S028_DAY1_MINITWICE_4092	51	Port Input	1	3534693	24417	NA
S028_DAY1_MINITWICE_4092	51	Picture	45_T_RWTRIAD_RW_pluma_red.png	3553375	43099	1	1900	3	43200	1800
S028_DAY1_MINITWICE_4092	52	Picture	RW	3555575	0	1	43200	2	0	43200
S028_DAY1_MINITWICE_4092	52	Response	51	3569611	14036	1
S028_DAY1_MINITWICE_4092	52	Pulse	99	3570694	15119	NA
S028_DAY1_MINITWICE_4092	52	Port Input	1	3570694	15119	NA
S028_DAY1_MINITWICE_4092	52	Picture	46_T_RWTRIAD_RW_ancla_red.png	3598775	43200	1	1900	2	43200	1800
S028_DAY1_MINITWICE_4092	53	Picture	FF	3601075	0	1	43100	2	0	43200
S028_DAY1_MINITWICE_4092	53	Pulse	99	3606695	5620	NA
S028_DAY1_MINITWICE_4092	53	Port Input	1	3606695	5620	NA
S028_DAY1_MINITWICE_4092	53	Response	52	3613428	12353	1
S028_DAY1_MINITWICE_4092	53	Pulse	99	3642696	41621	NA
S028_DAY1_MINITWICE_4092	53	Port Input	1	3642696	41621	NA
S028_DAY1_MINITWICE_4092	53	Picture	47_T_FFTRIAD_FF_mono_red.png	3644175	43100	1	1900	2	43200	1800
S028_DAY1_MINITWICE_4092	54	Picture	FF	3646475	0	1	43099	3	0	43200
S028_DAY1_MINITWICE_4092	54	Response	51	3678036	31561	1
S028_DAY1_MINITWICE_4092	54	Pulse	99	3678697	32222	NA
S028_DAY1_MINITWICE_4092	54	Port Input	1	3678697	32222	NA
S028_DAY1_MINITWICE_4092	54	Picture	48_T_FFTRIAD_FF_grifo_red.png	3689574	43099	2	1900	4	43200	1800
S028_DAY1_MINITWICE_4092	55	Picture	FF	3691774	0	2	43100	3	0	43200
S028_DAY1_MINITWICE_4092	55	Response	51	3709351	17577	2
S028_DAY1_MINITWICE_4092	55	Pulse	99	3714698	22924	NA
S028_DAY1_MINITWICE_4092	55	Port Input	1	3714698	22924	NA
S028_DAY1_MINITWICE_4092	55	Picture	49_T_FFTRIAD_FF_leche_red.png	3734874	43100	1	1900	2	43200	1800
S028_DAY1_MINITWICE_4092	56	Picture	FF	3737174	0	1	43100	2	0	43200
S028_DAY1_MINITWICE_4092	56	Pulse	99	3750699	13525	NA
S028_DAY1_MINITWICE_4092	56	Port Input	1	3750699	13525	NA
S028_DAY1_MINITWICE_4092	56	Response	52	3755140	17966	1
S028_DAY1_MINITWICE_4092	56	Picture	50_T_FFTRIAD_FF_anillo_red.png	3780274	43100	1	1900	2	43200	1800
S028_DAY1_MINITWICE_4092	57	Picture	rest	3782274	0	1	144099	2	0	144000
S028_DAY1_MINITWICE_4092	57	Pulse	99	3786700	4426	NA
S028_DAY1_MINITWICE_4092	57	Port Input	1	3786700	4426	NA
S028_DAY1_MINITWICE_4092	57	Pulse	99	3822701	40427	NA
S028_DAY1_MINITWICE_4092	57	Port Input	1	3822701	40427	NA
S028_DAY1_MINITWICE_4092	57	Pulse	99	3858702	76428	NA
S028_DAY1_MINITWICE_4092	57	Port Input	1	3858702	76428	NA
S028_DAY1_MINITWICE_4092	57	Pulse	99	3894703	112429	NA
S028_DAY1_MINITWICE_4092	57	Port Input	1	3894703	112429	NA
S028_DAY1_MINITWICE_4092	58	Picture	endrest	3926473	0	1	10100	2	0	10000
S028_DAY1_MINITWICE_4092	58	Pulse	99	3930704	4231	NA
S028_DAY1_MINITWICE_4092	58	Port Input	1	3930704	4231	NA
S028_DAY1_MINITWICE_4092	59	Picture	RW	3936873	0	1	43099	3	0	43200
S028_DAY1_MINITWICE_4092	59	Response	52	3958850	21977	1
S028_DAY1_MINITWICE_4092	59	Pulse	99	3966705	29832	NA
S028_DAY1_MINITWICE_4092	59	Port Input	1	3966705	29832	NA
S028_DAY1_MINITWICE_4092	59	Picture	53_T_RWTRIAD_RW_television_red.png	3979972	43099	2	1900	4	43200	1800
S028_DAY1_MINITWICE_4092	60	Picture	RW	3982272	0	2	43100	3	0	43200
S028_DAY1_MINITWICE_4092	60	Pulse	99	4002706	20434	NA
S028_DAY1_MINITWICE_4092	60	Port Input	1	4002706	20434	NA
S028_DAY1_MINITWICE_4092	60	Response	52	4021728	39456	1
S028_DAY1_MINITWICE_4092	60	Picture	54_T_RWTRIAD_RW_perro_red.png	4025372	43100	1	1900	2	43200	1800
S028_DAY1_MINITWICE_4092	61	Picture	RW	4027572	0	1	43200	2	0	43200
S028_DAY1_MINITWICE_4092	61	Pulse	99	4038706	11134	NA
S028_DAY1_MINITWICE_4092	61	Port Input	1	4038706	11134	NA
S028_DAY1_MINITWICE_4092	61	Response	52	4043878	16306	1
S028_DAY1_MINITWICE_4092	61	Picture	55_T_RWTRIAD_RW_grapadora_red.png	4070772	43200	1	1900	2	43200	1800
S028_DAY1_MINITWICE_4092	62	Picture	RW	4072972	0	1	43200	2	0	43200
S028_DAY1_MINITWICE_4092	62	Pulse	99	4074707	1735	NA
S028_DAY1_MINITWICE_4092	62	Port Input	1	4074707	1735	NA
S028_DAY1_MINITWICE_4092	62	Response	52	4090604	17632	1
S028_DAY1_MINITWICE_4092	62	Pulse	99	4110708	37736	NA
S028_DAY1_MINITWICE_4092	62	Port Input	1	4110708	37736	NA
S028_DAY1_MINITWICE_4092	62	Picture	56_T_RWTRIAD_RW_raton_red.png	4116172	43200	1	1900	2	43200	1800
S028_DAY1_MINITWICE_4092	63	Picture	RW	4118472	0	1	43099	2	0	43200
S028_DAY1_MINITWICE_4092	63	Response	52	4140402	21930	1
S028_DAY1_MINITWICE_4092	63	Pulse	99	4146709	28237	NA
S028_DAY1_MINITWICE_4092	63	Port Input	1	4146709	28237	NA
S028_DAY1_MINITWICE_4092	63	Picture	57_T_RWTRIAD_RW_molino_red.png	4161571	43099	1	1900	2	43200	1800
S028_DAY1_MINITWICE_4092	64	Picture	RW	4163771	0	1	43200	2	0	43200
S028_DAY1_MINITWICE_4092	64	Response	52	4181740	17969	1
S028_DAY1_MINITWICE_4092	64	Pulse	99	4182710	18939	NA
S028_DAY1_MINITWICE_4092	64	Port Input	1	4182710	18939	NA
S028_DAY1_MINITWICE_4092	64	Picture	58_T_RWTRIAD_RW_agua_red.png	4206971	43200	1	1900	2	43200	1800
S028_DAY1_MINITWICE_4092	65	Picture	RW	4209271	0	1	43199	3	0	43200
S028_DAY1_MINITWICE_4092	65	Pulse	99	4218711	9440	NA
S028_DAY1_MINITWICE_4092	65	Port Input	1	4218711	9440	NA
S028_DAY1_MINITWICE_4092	65	Response	52	4224290	15019	2
S028_DAY1_MINITWICE_4092	65	Picture	59_T_RWTRIAD_RW_bellota_red.png	4252470	43199	2	1900	4	43200	1800
S028_DAY1_MINITWICE_4092	66	Picture	RW	4254671	0	1	43199	2	0	43200
S028_DAY1_MINITWICE_4092	66	Pulse	99	4254712	41	NA
S028_DAY1_MINITWICE_4092	66	Port Input	1	4254712	41	NA
S028_DAY1_MINITWICE_4092	66	Response	51	4274022	19351	1
S028_DAY1_MINITWICE_4092	66	Pulse	99	4290713	36042	NA
S028_DAY1_MINITWICE_4092	66	Port Input	1	4290713	36042	NA
S028_DAY1_MINITWICE_4092	66	Picture	60_T_RWTRIAD_RW_violin_red.png	4297870	43199	1	1900	2	43200	1800
S028_DAY1_MINITWICE_4092	67	Picture	rest	4299870	0	1	144099	2	0	144000
S028_DAY1_MINITWICE_4092	67	Pulse	99	4326714	26844	NA
S028_DAY1_MINITWICE_4092	67	Port Input	1	4326714	26844	NA
S028_DAY1_MINITWICE_4092	67	Pulse	99	4362715	62845	NA
S028_DAY1_MINITWICE_4092	67	Port Input	1	4362715	62845	NA
S028_DAY1_MINITWICE_4092	67	Pulse	99	4398716	98846	NA
S028_DAY1_MINITWICE_4092	67	Port Input	1	4398716	98846	NA
S028_DAY1_MINITWICE_4092	67	Pulse	99	4434717	134847	NA
S028_DAY1_MINITWICE_4092	67	Port Input	1	4434717	134847	NA
S028_DAY1_MINITWICE_4092	68	Picture	endrest	4444069	0	1	10100	2	0	10000
S028_DAY1_MINITWICE_4092	69	Picture	RW	4454569	0	1	43100	2	0	43200
S028_DAY1_MINITWICE_4092	69	Response	51	4470348	15779	1
S028_DAY1_MINITWICE_4092	69	Pulse	99	4470718	16149	NA
S028_DAY1_MINITWICE_4092	69	Port Input	1	4470718	16149	NA
S028_DAY1_MINITWICE_4092	69	Picture	63_T_RWTRIAD_RW_granjero_red.png	4497669	43100	1	1900	2	43200	1800
S028_DAY1_MINITWICE_4092	70	Picture	RW	4499869	0	1	43200	2	0	43200
S028_DAY1_MINITWICE_4092	70	Pulse	99	4506719	6850	NA
S028_DAY1_MINITWICE_4092	70	Port Input	1	4506719	6850	NA
S028_DAY1_MINITWICE_4092	70	Response	51	4516828	16959	1
S028_DAY1_MINITWICE_4092	70	Pulse	99	4542720	42851	NA
S028_DAY1_MINITWICE_4092	70	Port Input	1	4542720	42851	NA
S028_DAY1_MINITWICE_4092	70	Picture	64_T_RWTRIAD_RW_carruaje_red.png	4543069	43200	1	1900	2	43200	1800
S028_DAY1_MINITWICE_4092	71	Picture	RW	4545369	0	1	43099	2	0	43200
S028_DAY1_MINITWICE_4092	71	Response	51	4558946	13577	1
S028_DAY1_MINITWICE_4092	71	Pulse	99	4578721	33352	NA
S028_DAY1_MINITWICE_4092	71	Port Input	1	4578721	33352	NA
S028_DAY1_MINITWICE_4092	71	Picture	65_T_RWTRIAD_RW_almohada_red.png	4588468	43099	1	1900	2	43200	1800
S028_DAY1_MINITWICE_4092	72	Picture	RW	4590668	0	1	43200	2	0	43200
S028_DAY1_MINITWICE_4092	72	Response	51	4608112	17444	1
S028_DAY1_MINITWICE_4092	72	Pulse	99	4614722	24054	NA
S028_DAY1_MINITWICE_4092	72	Port Input	1	4614722	24054	NA
S028_DAY1_MINITWICE_4092	72	Picture	66_T_RWTRIAD_RW_charco_red.png	4633868	43200	1	1900	2	43200	1800
S028_DAY1_MINITWICE_4092	73	Picture	PW	4636068	0	1	43100	2	0	43200
S028_DAY1_MINITWICE_4092	73	Pulse	99	4650723	14655	NA
S028_DAY1_MINITWICE_4092	73	Port Input	1	4650723	14655	NA
S028_DAY1_MINITWICE_4092	73	Response	51	4664098	28030	1
S028_DAY1_MINITWICE_4092	73	Picture	67_T_PWTRIAD_PW_portatil_red.png	4679168	43100	1	1900	2	43200	1800
S028_DAY1_MINITWICE_4092	74	Picture	PW	4681468	0	1	43099	3	0	43200
S028_DAY1_MINITWICE_4092	74	Pulse	99	4686724	5256	NA
S028_DAY1_MINITWICE_4092	74	Port Input	1	4686724	5256	NA
S028_DAY1_MINITWICE_4092	74	Response	51	4701887	20419	1
S028_DAY1_MINITWICE_4092	74	Pulse	99	4722725	41257	NA
S028_DAY1_MINITWICE_4092	74	Port Input	1	4722725	41257	NA
S028_DAY1_MINITWICE_4092	74	Picture	68_T_PWTRIAD_PW_perro_red.png	4724567	43099	2	1900	3	43200	1800
S028_DAY1_MINITWICE_4092	75	Picture	PW	4726767	0	1	43200	2	0	43200
S028_DAY1_MINITWICE_4092	75	Pulse	99	4758726	31959	NA
S028_DAY1_MINITWICE_4092	75	Port Input	1	4758726	31959	NA
S028_DAY1_MINITWICE_4092	75	Picture	69_T_PWTRIAD_PW_tenedor_red.png	4769967	43200	1	1900	2	43200	1800
S028_DAY1_MINITWICE_4092	75	Response	51	4770790	44023	1
S028_DAY1_MINITWICE_4092	76	Picture	PW	4772267	0	1	43100	2	0	43200
S028_DAY1_MINITWICE_4092	76	Response	51	4791532	19265	1
S028_DAY1_MINITWICE_4092	76	Pulse	99	4794727	22460	NA
S028_DAY1_MINITWICE_4092	76	Port Input	1	4794727	22460	NA
S028_DAY1_MINITWICE_4092	76	Picture	70_T_PWTRIAD_PW_piramide_red.png	4815367	43100	1	1900	2	43200	1800
S028_DAY1_MINITWICE_4092	77	Picture	rest	4817367	0	1	144099	2	0	144000
S028_DAY1_MINITWICE_4092	77	Pulse	99	4830728	13361	NA
S028_DAY1_MINITWICE_4092	77	Port Input	1	4830728	13361	NA
S028_DAY1_MINITWICE_4092	77	Pulse	99	4866729	49362	NA
S028_DAY1_MINITWICE_4092	77	Port Input	1	4866729	49362	NA
S028_DAY1_MINITWICE_4092	77	Pulse	99	4902730	85363	NA
S028_DAY1_MINITWICE_4092	77	Port Input	1	4902730	85363	NA
S028_DAY1_MINITWICE_4092	77	Pulse	99	4938731	121364	NA
S028_DAY1_MINITWICE_4092	77	Port Input	1	4938731	121364	NA
S028_DAY1_MINITWICE_4092	78	Picture	endrest	4961566	0	1	10100	2	0	10000
S028_DAY1_MINITWICE_4092	79	Picture	PW	4972066	0	1	43099	3	0	43200
S028_DAY1_MINITWICE_4092	79	Pulse	99	4974731	2665	NA
S028_DAY1_MINITWICE_4092	79	Port Input	1	4974731	2665	NA
S028_DAY1_MINITWICE_4092	79	Response	52	4994225	22159	1
S028_DAY1_MINITWICE_4092	79	Pulse	99	5010732	38666	NA
S028_DAY1_MINITWICE_4092	79	Port Input	1	5010732	38666	NA
S028_DAY1_MINITWICE_4092	79	Picture	73_T_PWTRIAD_PW_almohada_red.png	5015165	43099	2	1900	4	43200	1800
S028_DAY1_MINITWICE_4092	80	Picture	PW	5017465	0	1	43100	2	0	43200
S028_DAY1_MINITWICE_4092	80	Response	52	5035264	17799	1
S028_DAY1_MINITWICE_4092	80	Pulse	99	5046733	29268	NA
S028_DAY1_MINITWICE_4092	80	Port Input	1	5046733	29268	NA
S028_DAY1_MINITWICE_4092	80	Picture	74_T_PWTRIAD_PW_huevos_red.png	5060565	43100	1	1900	2	43200	1800
S028_DAY1_MINITWICE_4092	81	Picture	PW	5062765	0	1	43100	2	0	43200
S028_DAY1_MINITWICE_4092	81	Response	52	5078274	15509	1
S028_DAY1_MINITWICE_4092	81	Pulse	99	5082734	19969	NA
S028_DAY1_MINITWICE_4092	81	Port Input	1	5082734	19969	NA
S028_DAY1_MINITWICE_4092	81	Picture	75_T_PWTRIAD_PW_telarana_red.png	5105865	43100	1	1900	2	43200	1800
S028_DAY1_MINITWICE_4092	82	Picture	PW	5108065	0	1	43099	3	0	43200
S028_DAY1_MINITWICE_4092	82	Response	51	5118498	10433	1
S028_DAY1_MINITWICE_4092	82	Pulse	99	5118735	10670	NA
S028_DAY1_MINITWICE_4092	82	Port Input	1	5118735	10670	NA
S028_DAY1_MINITWICE_4092	82	Picture	76_T_PWTRIAD_PW_sapo_red.png	5151164	43099	2	1900	4	43200	1800
S028_DAY1_MINITWICE_4092	83	Picture	PW	5153364	0	2	43200	3	0	43200
S028_DAY1_MINITWICE_4092	83	Pulse	99	5154736	1372	NA
S028_DAY1_MINITWICE_4092	83	Port Input	1	5154736	1372	NA
S028_DAY1_MINITWICE_4092	83	Response	51	5165894	12530	1
S028_DAY1_MINITWICE_4092	83	Pulse	99	5190737	37373	NA
S028_DAY1_MINITWICE_4092	83	Port Input	1	5190737	37373	NA
S028_DAY1_MINITWICE_4092	83	Picture	77_T_PWTRIAD_PW_anillo_red.png	5196564	43200	1	1900	2	43200	1800
S028_DAY1_MINITWICE_4092	84	Picture	PW	5198764	0	1	43100	2	0	43200
S028_DAY1_MINITWICE_4092	84	Response	51	5220244	21480	2
S028_DAY1_MINITWICE_4092	84	Pulse	99	5226738	27974	NA
S028_DAY1_MINITWICE_4092	84	Port Input	1	5226738	27974	NA
S028_DAY1_MINITWICE_4092	84	Picture	78_T_PWTRIAD_PW_pincel_red.png	5241864	43100	1	1900	2	43200	1800
S028_DAY1_MINITWICE_4092	85	Picture	PW	5244064	0	1	43200	2	0	43200
S028_DAY1_MINITWICE_4092	85	Response	52	5254198	10134	2
S028_DAY1_MINITWICE_4092	85	Pulse	99	5262739	18675	NA
S028_DAY1_MINITWICE_4092	85	Port Input	1	5262739	18675	NA
S028_DAY1_MINITWICE_4092	85	Picture	79_T_PWTRIAD_PW_bebe_red.png	5287264	43200	1	1900	2	43200	1800
S028_DAY1_MINITWICE_4092	86	Picture	PW	5289564	0	1	43099	2	0	43200
S028_DAY1_MINITWICE_4092	86	Pulse	99	5298740	9176	NA
S028_DAY1_MINITWICE_4092	86	Port Input	1	5298740	9176	NA
S028_DAY1_MINITWICE_4092	86	Response	51	5301509	11945	1
S028_DAY1_MINITWICE_4092	86	Picture	80_T_PWTRIAD_PW_sombrilla_red.png	5332663	43099	1	1900	2	43200	1800
S028_DAY1_MINITWICE_4092	87	Picture	rest	5334663	0	1	144099	2	0	144000
S028_DAY1_MINITWICE_4092	87	Pulse	99	5334741	78	NA
S028_DAY1_MINITWICE_4092	87	Port Input	1	5334741	78	NA
S028_DAY1_MINITWICE_4092	87	Pulse	99	5370742	36079	NA
S028_DAY1_MINITWICE_4092	87	Port Input	1	5370742	36079	NA
S028_DAY1_MINITWICE_4092	87	Pulse	99	5406743	72080	NA
S028_DAY1_MINITWICE_4092	87	Port Input	1	5406743	72080	NA
S028_DAY1_MINITWICE_4092	87	Pulse	99	5442744	108081	NA
S028_DAY1_MINITWICE_4092	87	Port Input	1	5442744	108081	NA
S028_DAY1_MINITWICE_4092	87	Pulse	99	5478745	144082	NA
S028_DAY1_MINITWICE_4092	87	Port Input	1	5478745	144082	NA
S028_DAY1_MINITWICE_4092	88	Picture	endrest	5478862	0	1	10100	2	0	10000
S028_DAY1_MINITWICE_4092	89	Picture	FF	5489362	0	1	43100	2	0	43200
S028_DAY1_MINITWICE_4092	89	Response	52	5503433	14071	1
S028_DAY1_MINITWICE_4092	89	Pulse	99	5514746	25384	NA
S028_DAY1_MINITWICE_4092	89	Port Input	1	5514746	25384	NA
S028_DAY1_MINITWICE_4092	89	Picture	83_T_FFTRIAD_FF_banera_red.png	5532462	43100	1	1900	2	43200	1800
S028_DAY1_MINITWICE_4092	90	Picture	FF	5534762	0	1	43100	2	0	43200
S028_DAY1_MINITWICE_4092	90	Response	52	5545481	10719	4
S028_DAY1_MINITWICE_4092	90	Pulse	99	5550747	15985	NA
S028_DAY1_MINITWICE_4092	90	Port Input	1	5550747	15985	NA
S028_DAY1_MINITWICE_4092	90	Picture	84_T_FFTRIAD_FF_bebe_red.png	5577862	43100	1	1900	2	43200	1800
S028_DAY1_MINITWICE_4092	91	Picture	FF	5580162	0	1	43099	2	0	43200
S028_DAY1_MINITWICE_4092	91	Pulse	99	5586748	6586	NA
S028_DAY1_MINITWICE_4092	91	Port Input	1	5586748	6586	NA
S028_DAY1_MINITWICE_4092	91	Response	51	5596015	15853	1
S028_DAY1_MINITWICE_4092	91	Pulse	99	5622749	42587	NA
S028_DAY1_MINITWICE_4092	91	Port Input	1	5622749	42587	NA
S028_DAY1_MINITWICE_4092	91	Picture	85_T_FFTRIAD_FF_candado_red.png	5623261	43099	1	1900	2	43200	1800
S028_DAY1_MINITWICE_4092	92	Picture	FF	5625461	0	1	43200	2	0	43200
S028_DAY1_MINITWICE_4092	92	Response	51	5634304	8843	1
S028_DAY1_MINITWICE_4092	92	Pulse	99	5658750	33289	NA
S028_DAY1_MINITWICE_4092	92	Port Input	1	5658750	33289	NA
S028_DAY1_MINITWICE_4092	92	Picture	86_T_FFTRIAD_FF_sapo_red.png	5668661	43200	1	1900	2	43200	1800
S028_DAY1_MINITWICE_4092	93	Picture	FF	5670861	0	1	43200	2	0	43200
S028_DAY1_MINITWICE_4092	93	Response	52	5678672	7811	1
S028_DAY1_MINITWICE_4092	93	Pulse	99	5694751	23890	NA
S028_DAY1_MINITWICE_4092	93	Port Input	1	5694751	23890	NA
S028_DAY1_MINITWICE_4092	93	Picture	87_T_FFTRIAD_FF_bala_red.png	5714061	43200	1	1900	2	43200	1800
S028_DAY1_MINITWICE_4092	94	Picture	FF	5716261	0	1	43199	2	0	43200
S028_DAY1_MINITWICE_4092	94	Response	52	5728465	12204	1
S028_DAY1_MINITWICE_4092	94	Pulse	99	5730752	14491	NA
S028_DAY1_MINITWICE_4092	94	Port Input	1	5730752	14491	NA
S028_DAY1_MINITWICE_4092	94	Picture	88_T_FFTRIAD_FF_sobre_red.png	5759460	43199	1	1900	2	43200	1800
S028_DAY1_MINITWICE_4092	95	Picture	FF	5761760	0	1	43100	2	0	43200
S028_DAY1_MINITWICE_4092	95	Pulse	99	5766753	4993	NA
S028_DAY1_MINITWICE_4092	95	Port Input	1	5766753	4993	NA
S028_DAY1_MINITWICE_4092	95	Response	51	5780198	18438	1
S028_DAY1_MINITWICE_4092	95	Pulse	99	5802754	40994	NA
S028_DAY1_MINITWICE_4092	95	Port Input	1	5802754	40994	NA
S028_DAY1_MINITWICE_4092	95	Picture	89_T_FFTRIAD_FF_oruga_red.png	5804860	43100	1	1900	2	43200	1800
S028_DAY1_MINITWICE_4092	96	Picture	FF	5807060	0	1	43200	2	0	43200
S028_DAY1_MINITWICE_4092	96	Response	52	5823674	16614	1
S028_DAY1_MINITWICE_4092	96	Pulse	99	5838754	31694	NA
S028_DAY1_MINITWICE_4092	96	Port Input	1	5838754	31694	NA
S028_DAY1_MINITWICE_4092	96	Picture	90_T_FFTRIAD_FF_destornillador_red.png	5850260	43200	1	1900	2	43200	1800
S028_DAY1_MINITWICE_4092	97	Picture	rest	5852260	0	1	144099	2	0	144000
S028_DAY1_MINITWICE_4092	97	Pulse	99	5874755	22495	NA
S028_DAY1_MINITWICE_4092	97	Port Input	1	5874755	22495	NA
S028_DAY1_MINITWICE_4092	97	Pulse	99	5910756	58496	NA
S028_DAY1_MINITWICE_4092	97	Port Input	1	5910756	58496	NA
S028_DAY1_MINITWICE_4092	97	Pulse	99	5946757	94497	NA
S028_DAY1_MINITWICE_4092	97	Port Input	1	5946757	94497	NA
S028_DAY1_MINITWICE_4092	97	Pulse	99	5982758	130498	NA
S028_DAY1_MINITWICE_4092	97	Port Input	1	5982758	130498	NA
S028_DAY1_MINITWICE_4092	98	Picture	endrest	5996459	0	1	10100	2	0	10000
S028_DAY1_MINITWICE_4092	99	Picture	PW	6006959	0	1	43099	2	0	43200
S028_DAY1_MINITWICE_4092	99	Pulse	99	6018759	11800	NA
S028_DAY1_MINITWICE_4092	99	Port Input	1	6018759	11800	NA
S028_DAY1_MINITWICE_4092	99	Response	51	6021011	14052	1
S028_DAY1_MINITWICE_4092	99	Picture	93_T_PWTRIAD_PW_ancla_red.png	6050058	43099	1	1900	2	43200	1800
S028_DAY1_MINITWICE_4092	100	Picture	PW	6052258	0	1	43200	2	0	43200
S028_DAY1_MINITWICE_4092	100	Pulse	99	6054760	2502	NA
S028_DAY1_MINITWICE_4092	100	Port Input	1	6054760	2502	NA
S028_DAY1_MINITWICE_4092	100	Response	51	6071388	19130	1
S028_DAY1_MINITWICE_4092	100	Pulse	99	6090761	38503	NA
S028_DAY1_MINITWICE_4092	100	Port Input	1	6090761	38503	NA
S028_DAY1_MINITWICE_4092	100	Picture	94_T_PWTRIAD_PW_charco_red.png	6095458	43200	1	1900	2	43200	1800
S028_DAY1_MINITWICE_4092	101	Picture	PW	6097758	0	1	43100	2	0	43200
S028_DAY1_MINITWICE_4092	101	Response	52	6122181	24423	1
S028_DAY1_MINITWICE_4092	101	Pulse	99	6126762	29004	NA
S028_DAY1_MINITWICE_4092	101	Port Input	1	6126762	29004	NA
S028_DAY1_MINITWICE_4092	101	Picture	95_T_PWTRIAD_PW_gafas_red.png	6140858	43100	1	1900	2	43200	1800
S028_DAY1_MINITWICE_4092	102	Picture	PW	6143158	0	1	43099	2	0	43200
S028_DAY1_MINITWICE_4092	102	Response	51	6159725	16567	1
S028_DAY1_MINITWICE_4092	102	Pulse	99	6162763	19605	NA
S028_DAY1_MINITWICE_4092	102	Port Input	1	6162763	19605	NA
S028_DAY1_MINITWICE_4092	102	Picture	96_T_PWTRIAD_PW_traje_red.png	6186257	43099	1	1900	2	43200	1800
S028_DAY1_MINITWICE_4092	103	Picture	RW	6188456	0	3	43201	4	0	43200
S028_DAY1_MINITWICE_4092	103	Pulse	99	6198764	10308	NA
S028_DAY1_MINITWICE_4092	103	Port Input	1	6198764	10308	NA
S028_DAY1_MINITWICE_4092	103	Response	51	6205602	17146	1
S028_DAY1_MINITWICE_4092	103	Picture	97_T_RWTRIAD_RW_dado_red.png	6231657	43201	1	1900	2	43200	1800
S028_DAY1_MINITWICE_4092	104	Picture	RW	6233857	0	1	43200	2	0	43200
S028_DAY1_MINITWICE_4092	104	Pulse	99	6234765	908	NA
S028_DAY1_MINITWICE_4092	104	Port Input	1	6234765	908	NA
S028_DAY1_MINITWICE_4092	104	Response	51	6245542	11685	1
S028_DAY1_MINITWICE_4092	104	Pulse	99	6270766	36909	NA
S028_DAY1_MINITWICE_4092	104	Port Input	1	6270766	36909	NA
S028_DAY1_MINITWICE_4092	104	Picture	98_T_RWTRIAD_RW_traje_red.png	6277057	43200	1	1900	2	43200	1800
S028_DAY1_MINITWICE_4092	105	Picture	RW	6279357	0	1	43099	3	0	43200
S028_DAY1_MINITWICE_4092	105	Response	52	6292301	12944	1
S028_DAY1_MINITWICE_4092	105	Pulse	99	6306767	27410	NA
S028_DAY1_MINITWICE_4092	105	Port Input	1	6306767	27410	NA
S028_DAY1_MINITWICE_4092	105	Picture	99_T_RWTRIAD_RW_leche_red.png	6322456	43099	2	1900	4	43200	1800
S028_DAY1_MINITWICE_4092	106	Picture	RW	6324656	0	2	43200	3	0	43200
S028_DAY1_MINITWICE_4092	106	Response	51	6341454	16798	1
S028_DAY1_MINITWICE_4092	106	Pulse	99	6342768	18112	NA
S028_DAY1_MINITWICE_4092	106	Port Input	1	6342768	18112	NA
S028_DAY1_MINITWICE_4092	106	Picture	100_T_RWTRIAD_RW_lana_red.png	6367856	43200	1	1900	2	43200	1800
S028_DAY1_MINITWICE_4092	107	Picture	rest	6369856	0	1	144099	2	0	144000
S028_DAY1_MINITWICE_4092	107	Pulse	99	6378769	8913	NA
S028_DAY1_MINITWICE_4092	107	Port Input	1	6378769	8913	NA
S028_DAY1_MINITWICE_4092	107	Pulse	99	6414770	44914	NA
S028_DAY1_MINITWICE_4092	107	Port Input	1	6414770	44914	NA
S028_DAY1_MINITWICE_4092	107	Pulse	99	6450771	80915	NA
S028_DAY1_MINITWICE_4092	107	Port Input	1	6450771	80915	NA
S028_DAY1_MINITWICE_4092	107	Pulse	99	6486772	116916	NA
S028_DAY1_MINITWICE_4092	107	Port Input	1	6486772	116916	NA
S028_DAY1_MINITWICE_4092	108	Picture	endrest	6514055	0	1	10100	2	0	10000
S028_DAY1_MINITWICE_4092	108	Pulse	99	6522773	8718	NA
S028_DAY1_MINITWICE_4092	108	Port Input	1	6522773	8718	NA
S028_DAY1_MINITWICE_4092	109	Picture	PW	6524455	0	1	43200	2	0	43200
S028_DAY1_MINITWICE_4092	109	Response	51	6541210	16755	1
S028_DAY1_MINITWICE_4092	109	Pulse	99	6558774	34319	NA
S028_DAY1_MINITWICE_4092	109	Port Input	1	6558774	34319	NA
S028_DAY1_MINITWICE_4092	109	Picture	103_T_PWTRIAD_PW_cortina_red.png	6567655	43200	1	1900	2	43200	1800
S028_DAY1_MINITWICE_4092	110	Picture	PW	6569955	0	1	43099	3	0	43200
S028_DAY1_MINITWICE_4092	110	Response	52	6585782	15827	1
S028_DAY1_MINITWICE_4092	110	Pulse	99	6594775	24820	NA
S028_DAY1_MINITWICE_4092	110	Port Input	1	6594775	24820	NA
S028_DAY1_MINITWICE_4092	110	Picture	104_T_PWTRIAD_PW_botella_red.png	6613054	43099	2	1900	4	43200	1800
S028_DAY1_MINITWICE_4092	111	Picture	PW	6615354	0	2	43200	3	0	43200
S028_DAY1_MINITWICE_4092	111	Pulse	99	6630776	15422	NA
S028_DAY1_MINITWICE_4092	111	Port Input	1	6630776	15422	NA
S028_DAY1_MINITWICE_4092	111	Response	52	6633814	18460	1
S028_DAY1_MINITWICE_4092	111	Picture	105_T_PWTRIAD_PW_candado_red.png	6658554	43200	1	1900	2	43200	1800
S028_DAY1_MINITWICE_4092	112	Picture	PW	6660754	0	1	43100	2	0	43200
S028_DAY1_MINITWICE_4092	112	Pulse	99	6666777	6023	NA
S028_DAY1_MINITWICE_4092	112	Port Input	1	6666777	6023	NA
S028_DAY1_MINITWICE_4092	112	Response	52	6681556	20802	1
S028_DAY1_MINITWICE_4092	112	Pulse	99	6702777	42023	NA
S028_DAY1_MINITWICE_4092	112	Port Input	1	6702777	42023	NA
S028_DAY1_MINITWICE_4092	112	Picture	106_T_PWTRIAD_PW_plato_red.png	6703854	43100	1	1900	2	43200	1800
S028_DAY1_MINITWICE_4092	113	Picture	RW	6706054	0	1	43099	3	0	43200
S028_DAY1_MINITWICE_4092	113	Response	51	6724393	18339	2
S028_DAY1_MINITWICE_4092	113	Pulse	99	6738778	32724	NA
S028_DAY1_MINITWICE_4092	113	Port Input	1	6738778	32724	NA
S028_DAY1_MINITWICE_4092	113	Picture	107_T_RWTRIAD_RW_candado_red.png	6749153	43099	2	1900	4	43200	1800
S028_DAY1_MINITWICE_4092	114	Picture	RW	6751454	0	1	43099	2	0	43200
S028_DAY1_MINITWICE_4092	114	Response	52	6770810	19356	1
S028_DAY1_MINITWICE_4092	114	Pulse	99	6774779	23325	NA
S028_DAY1_MINITWICE_4092	114	Port Input	1	6774779	23325	NA
S028_DAY1_MINITWICE_4092	114	Picture	108_T_RWTRIAD_RW_murcielago_red.png	6794553	43099	1	1900	2	43200	1800
S028_DAY1_MINITWICE_4092	115	Picture	RW	6796853	0	1	43100	2	0	43200
S028_DAY1_MINITWICE_4092	115	Pulse	99	6810780	13927	NA
S028_DAY1_MINITWICE_4092	115	Port Input	1	6810780	13927	NA
S028_DAY1_MINITWICE_4092	115	Response	52	6818983	22130	1
S028_DAY1_MINITWICE_4092	115	Picture	109_T_RWTRIAD_RW_banera_red.png	6839953	43100	1	1899	3	43200	1800
S028_DAY1_MINITWICE_4092	116	Picture	RW	6842252	0	2	43101	3	0	43200
S028_DAY1_MINITWICE_4092	116	Pulse	99	6846781	4529	NA
S028_DAY1_MINITWICE_4092	116	Port Input	1	6846781	4529	NA
S028_DAY1_MINITWICE_4092	116	Response	52	6856270	14018	1
S028_DAY1_MINITWICE_4092	116	Pulse	99	6882782	40530	NA
S028_DAY1_MINITWICE_4092	116	Port Input	1	6882782	40530	NA
S028_DAY1_MINITWICE_4092	116	Picture	110_T_RWTRIAD_RW_arbol_red.png	6885353	43101	1	1900	2	43200	1800
S028_DAY1_MINITWICE_4092	117	Picture	rest	6887353	0	1	144099	2	0	144000
S028_DAY1_MINITWICE_4092	118	Picture	endrest	7031552	0	1	10100	2	0	10000
S028_DAY1_MINITWICE_4092	119	Picture	PW	7041952	0	1	43199	2	0	43200
S028_DAY1_MINITWICE_4092	119	Response	52	7063687	21735	1
S028_DAY1_MINITWICE_4092	119	Picture	113_T_PWTRIAD_PW_pilas_red.png	7085151	43199	1	1900	2	43200	1800
S028_DAY1_MINITWICE_4092	120	Picture	PW	7087451	0	1	43100	2	0	43200
S028_DAY1_MINITWICE_4092	120	Response	51	7102671	15220	1
S028_DAY1_MINITWICE_4092	120	Picture	114_T_PWTRIAD_PW_television_red.png	7130551	43100	1	1900	2	43200	1800
S028_DAY1_MINITWICE_4092	121	Picture	PW	7132851	0	1	43200	2	0	43200
S028_DAY1_MINITWICE_4092	121	Response	52	7154292	21441	1
S028_DAY1_MINITWICE_4092	121	Picture	115_T_PWTRIAD_PW_chupete_red.png	7176051	43200	1	1900	2	43200	1800
S028_DAY1_MINITWICE_4092	122	Picture	PW	7178351	0	1	43199	2	0	43200
S028_DAY1_MINITWICE_4092	122	Response	52	7208145	29794	1
S028_DAY1_MINITWICE_4092	122	Picture	116_T_PWTRIAD_PW_cerillas_red.png	7221550	43199	1	1900	2	43200	1800
S028_DAY1_MINITWICE_4092	123	Picture	PW	7223850	0	1	43100	2	0	43200
S028_DAY1_MINITWICE_4092	123	Response	52	7254812	30962	1
S028_DAY1_MINITWICE_4092	123	Picture	117_T_PWTRIAD_PW_cinturon_red.png	7266950	43100	1	1900	2	43200	1800
S028_DAY1_MINITWICE_4092	124	Picture	PW	7269250	0	1	43100	2	0	43200
S028_DAY1_MINITWICE_4092	124	Response	52	7291855	22605	1
S028_DAY1_MINITWICE_4092	124	Picture	118_T_PWTRIAD_PW_molino_red.png	7312350	43100	1	1900	2	43200	1800
S028_DAY1_MINITWICE_4092	125	Picture	PW	7314550	0	1	43199	3	0	43200
S028_DAY1_MINITWICE_4092	125	Response	52	7338305	23755	1
S028_DAY1_MINITWICE_4092	125	Picture	119_T_PWTRIAD_PW_esquimal_red.png	7357749	43199	2	1900	4	43200	1800
S028_DAY1_MINITWICE_4092	126	Picture	PW	7359949	0	1	43200	2	0	43200
S028_DAY1_MINITWICE_4092	126	Response	51	7389335	29386	1
S028_DAY1_MINITWICE_4092	126	Picture	120_T_PWTRIAD_PW_lenador_red.png	7403149	43200	1	1900	2	43200	1800
S028_DAY1_MINITWICE_4092	127	Picture	rest	7405149	0	1	144099	2	0	144000
S028_DAY1_MINITWICE_4092	128	Picture	endrest	7549348	0	1	10100	2	0	10000
S028_DAY1_MINITWICE_4092	129	Picture	PW	7559748	0	1	43200	2	0	43200
S028_DAY1_MINITWICE_4092	129	Response	52	7579331	19583	1
S028_DAY1_MINITWICE_4092	129	Picture	123_T_PWTRIAD_PW_martillo_red.png	7602948	43200	1	1900	2	43200	1800
S028_DAY1_MINITWICE_4092	130	Picture	PW	7605148	0	1	43099	3	0	43200
S028_DAY1_MINITWICE_4092	130	Response	52	7620188	15040	1
S028_DAY1_MINITWICE_4092	130	Picture	124_T_PWTRIAD_PW_paraguas_red.png	7648247	43099	2	1900	3	43200	1800
S028_DAY1_MINITWICE_4092	131	Picture	PW	7650447	0	1	43200	2	0	43200
S028_DAY1_MINITWICE_4092	131	Response	52	7678908	28461	1
S028_DAY1_MINITWICE_4092	131	Picture	125_T_PWTRIAD_PW_teclado_red.png	7693647	43200	1	1900	2	43200	1800
S028_DAY1_MINITWICE_4092	132	Picture	PW	7695847	0	1	43200	2	0	43200
S028_DAY1_MINITWICE_4092	132	Response	52	7711197	15350	1
S028_DAY1_MINITWICE_4092	132	Picture	126_T_PWTRIAD_PW_ascensor_red.png	7739047	43200	1	1900	2	43200	1800
S028_DAY1_MINITWICE_4092	133	Picture	PW	7741247	0	1	43199	3	0	43200
S028_DAY1_MINITWICE_4092	133	Response	52	7774679	33432	1
S028_DAY1_MINITWICE_4092	133	Picture	127_T_PWTRIAD_PW_zanahoria_red.png	7784446	43199	2	1900	4	43200	1800
S028_DAY1_MINITWICE_4092	134	Picture	PW	7786646	0	2	43200	3	0	43200
S028_DAY1_MINITWICE_4092	134	Response	51	7798927	12281	1
S028_DAY1_MINITWICE_4092	134	Picture	128_T_PWTRIAD_PW_silla_red.png	7829846	43200	1	1900	2	43200	1800
S028_DAY1_MINITWICE_4092	135	Picture	PW	7832146	0	1	43100	2	0	43200
S028_DAY1_MINITWICE_4092	135	Response	51	7851589	19443	1
S028_DAY1_MINITWICE_4092	135	Picture	129_T_PWTRIAD_PW_madera_red.png	7875246	43100	1	1900	2	43200	1800
S028_DAY1_MINITWICE_4092	136	Picture	PW	7877446	0	1	43100	2	0	43200
S028_DAY1_MINITWICE_4092	136	Response	51	7894247	16801	1
S028_DAY1_MINITWICE_4092	136	Picture	130_T_PWTRIAD_PW_novia_red.png	7920546	43100	1	1900	2	43200	1800
S028_DAY1_MINITWICE_4092	137	Picture	rest	7922545	0	2	144100	3	0	144000
S028_DAY1_MINITWICE_4092	138	Picture	endrest	8066745	0	1	10099	3	0	10000
S028_DAY1_MINITWICE_4092	139	Picture	RW	8077244	0	2	43100	3	0	43200
S028_DAY1_MINITWICE_4092	139	Response	51	8090646	13402	1
S028_DAY1_MINITWICE_4092	139	Picture	133_T_RWTRIAD_RW_policia_red.png	8120344	43100	1	1900	2	43200	1800
S028_DAY1_MINITWICE_4092	140	Picture	RW	8122644	0	1	43100	2	0	43200
S028_DAY1_MINITWICE_4092	140	Response	52	8136478	13834	1
S028_DAY1_MINITWICE_4092	140	Picture	134_T_RWTRIAD_RW_plato_red.png	8165744	43100	1	1900	2	43200	1800
S028_DAY1_MINITWICE_4092	141	Picture	RW	8168044	0	1	43097	42	0	43200
S028_DAY1_MINITWICE_4092	141	Response	51	8180020	11976	1
S028_DAY1_MINITWICE_4092	141	Picture	135_T_RWTRIAD_RW_zanahoria_red.png	8211141	43097	41	1902	43	43200	1800
S028_DAY1_MINITWICE_4092	142	Picture	RW	8213344	0	1	43199	2	0	43200
S028_DAY1_MINITWICE_4092	142	Response	51	8224247	10903	2
S028_DAY1_MINITWICE_4092	142	Picture	136_T_RWTRIAD_RW_pizarra_red.png	8256543	43199	1	1900	2	43200	1800
S028_DAY1_MINITWICE_4092	143	Picture	rest	8258543	0	1	144099	2	0	144000
S028_DAY1_MINITWICE_4092	144	Picture	endrest	8402742	0	1	10100	2	0	10000
S028_DAY1_MINITWICE_4092	145	Picture	endrest	8412942	0	1	10100	2	0	10000
S028_DAY1_MINITWICE_4092	146	Picture	endrest	8423142	0	1	10100	2	0	10000
S028_DAY1_MINITWICE_4092	146	Response	98	8424349	1207	1
S028_DAY1_MINITWICE_4092	147	Picture	endrest	8433342	0	1	10100	2	0	10000
