Scenario - vOT_Triads_fMRI_I
Logfile written - 03/08/2016 12:12:53

Subject	Trial	Event Type	Code	Time	TTime	Uncertainty	Duration	Uncertainty	ReqTime	ReqDur

S029_DAY1_MINITWICE_5186	1	Response	98	405034	414934	1
S029_DAY1_MINITWICE_5186	2	Response	52	552537	147339	1
S029_DAY1_MINITWICE_5186	2	Response	98	565115	159917	1
S029_DAY1_MINITWICE_5186	3	Response	51	700140	134943	1
S029_DAY1_MINITWICE_5186	3	Response	98	753439	188242	1
S029_DAY1_MINITWICE_5186	4	Response	52	828179	74582	1
S029_DAY1_MINITWICE_5186	4	Response	98	878480	124883	1
S029_DAY1_MINITWICE_5186	6	Pulse	99	1198453	319856	NA
S029_DAY1_MINITWICE_5186	6	Port Input	1	1198453	319856	NA
S029_DAY1_MINITWICE_5186	6	Pulse	99	1234454	355857	NA
S029_DAY1_MINITWICE_5186	6	Port Input	1	1234454	355857	NA
S029_DAY1_MINITWICE_5186	6	Pulse	99	1270456	391859	NA
S029_DAY1_MINITWICE_5186	6	Port Input	1	1270456	391859	NA
S029_DAY1_MINITWICE_5186	6	Pulse	99	1306457	427860	NA
S029_DAY1_MINITWICE_5186	6	Port Input	1	1306457	427860	NA
S029_DAY1_MINITWICE_5186	6	Pulse	99	1342458	463861	NA
S029_DAY1_MINITWICE_5186	6	Port Input	1	1342458	463861	NA
S029_DAY1_MINITWICE_5186	7	Picture	rest	1342695	0	1	144100	2	0	144000
S029_DAY1_MINITWICE_5186	7	Pulse	99	1378459	35764	NA
S029_DAY1_MINITWICE_5186	7	Port Input	1	1378459	35764	NA
S029_DAY1_MINITWICE_5186	7	Pulse	99	1414460	71765	NA
S029_DAY1_MINITWICE_5186	7	Port Input	1	1414460	71765	NA
S029_DAY1_MINITWICE_5186	7	Pulse	99	1450461	107766	NA
S029_DAY1_MINITWICE_5186	7	Port Input	1	1450461	107766	NA
S029_DAY1_MINITWICE_5186	7	Pulse	99	1486462	143767	NA
S029_DAY1_MINITWICE_5186	7	Port Input	1	1486462	143767	NA
S029_DAY1_MINITWICE_5186	8	Picture	endrest	1486895	0	1	10100	2	0	10000
S029_DAY1_MINITWICE_5186	9	Picture	FF	1497195	0	1	43200	2	0	43200
S029_DAY1_MINITWICE_5186	9	Response	51	1510247	13052	1
S029_DAY1_MINITWICE_5186	9	Pulse	99	1522463	25268	NA
S029_DAY1_MINITWICE_5186	9	Port Input	1	1522463	25268	NA
S029_DAY1_MINITWICE_5186	9	Picture	3_T_FFTRIAD_FF_cuento_red.png	1540395	43200	1	1900	2	43200	1800
S029_DAY1_MINITWICE_5186	10	Picture	FF	1542495	0	1	43199	3	0	43200
S029_DAY1_MINITWICE_5186	10	Response	52	1558334	15839	1
S029_DAY1_MINITWICE_5186	10	Pulse	99	1558464	15969	NA
S029_DAY1_MINITWICE_5186	10	Port Input	1	1558464	15969	NA
S029_DAY1_MINITWICE_5186	10	Picture	4_T_FFTRIAD_FF_raton_red.png	1585694	43199	2	1900	4	43200	1800
S029_DAY1_MINITWICE_5186	11	Picture	FF	1587794	0	2	43200	3	0	43200
S029_DAY1_MINITWICE_5186	11	Pulse	99	1594466	6672	NA
S029_DAY1_MINITWICE_5186	11	Port Input	1	1594466	6672	NA
S029_DAY1_MINITWICE_5186	11	Response	51	1602354	14560	1
S029_DAY1_MINITWICE_5186	11	Pulse	99	1630467	42673	NA
S029_DAY1_MINITWICE_5186	11	Port Input	1	1630467	42673	NA
S029_DAY1_MINITWICE_5186	11	Picture	5_T_FFTRIAD_FF_ancla_red.png	1630994	43200	1	1900	2	43200	1800
S029_DAY1_MINITWICE_5186	12	Picture	FF	1633094	0	1	43200	2	0	43200
S029_DAY1_MINITWICE_5186	12	Response	51	1648764	15670	1
S029_DAY1_MINITWICE_5186	12	Pulse	99	1666468	33374	NA
S029_DAY1_MINITWICE_5186	12	Port Input	1	1666468	33374	NA
S029_DAY1_MINITWICE_5186	12	Picture	6_T_FFTRIAD_FF_policia_red.png	1676294	43200	1	1900	2	43200	1800
S029_DAY1_MINITWICE_5186	13	Picture	FF	1678394	0	1	43200	2	0	43200
S029_DAY1_MINITWICE_5186	13	Response	51	1695544	17150	1
S029_DAY1_MINITWICE_5186	13	Pulse	99	1702469	24075	NA
S029_DAY1_MINITWICE_5186	13	Port Input	1	1702469	24075	NA
S029_DAY1_MINITWICE_5186	13	Picture	7_T_FFTRIAD_FF_piramide_red.png	1721594	43200	1	1900	2	43200	1800
S029_DAY1_MINITWICE_5186	14	Picture	FF	1723694	0	1	43200	2	0	43200
S029_DAY1_MINITWICE_5186	14	Pulse	99	1738470	14776	NA
S029_DAY1_MINITWICE_5186	14	Port Input	1	1738470	14776	NA
S029_DAY1_MINITWICE_5186	14	Response	51	1742558	18864	1
S029_DAY1_MINITWICE_5186	14	Picture	8_T_FFTRIAD_FF_novia_red.png	1766894	43200	1	1900	2	43200	1800
S029_DAY1_MINITWICE_5186	15	Picture	FF	1768994	0	1	43200	2	0	43200
S029_DAY1_MINITWICE_5186	15	Pulse	99	1774471	5477	NA
S029_DAY1_MINITWICE_5186	15	Port Input	1	1774471	5477	NA
S029_DAY1_MINITWICE_5186	15	Response	51	1783568	14574	1
S029_DAY1_MINITWICE_5186	15	Pulse	99	1810472	41478	NA
S029_DAY1_MINITWICE_5186	15	Port Input	1	1810472	41478	NA
S029_DAY1_MINITWICE_5186	15	Picture	9_T_FFTRIAD_FF_zanahoria_red.png	1812194	43200	1	1900	2	43200	1800
S029_DAY1_MINITWICE_5186	16	Picture	FF	1814294	0	1	43200	2	0	43200
S029_DAY1_MINITWICE_5186	16	Response	51	1828067	13773	1
S029_DAY1_MINITWICE_5186	16	Pulse	99	1846473	32179	NA
S029_DAY1_MINITWICE_5186	16	Port Input	1	1846473	32179	NA
S029_DAY1_MINITWICE_5186	16	Picture	10_T_FFTRIAD_FF_lenador_red.png	1857494	43200	1	1900	2	43200	1800
S029_DAY1_MINITWICE_5186	17	Picture	rest	1859494	0	1	144099	2	0	144000
S029_DAY1_MINITWICE_5186	17	Pulse	99	1882475	22981	NA
S029_DAY1_MINITWICE_5186	17	Port Input	1	1882475	22981	NA
S029_DAY1_MINITWICE_5186	17	Pulse	99	1918476	58982	NA
S029_DAY1_MINITWICE_5186	17	Port Input	1	1918476	58982	NA
S029_DAY1_MINITWICE_5186	17	Pulse	99	1954477	94983	NA
S029_DAY1_MINITWICE_5186	17	Port Input	1	1954477	94983	NA
S029_DAY1_MINITWICE_5186	17	Pulse	99	1990478	130984	NA
S029_DAY1_MINITWICE_5186	17	Port Input	1	1990478	130984	NA
S029_DAY1_MINITWICE_5186	18	Picture	endrest	2003693	0	1	10100	2	0	10000
S029_DAY1_MINITWICE_5186	19	Picture	FF	2013993	0	1	43200	2	0	43200
S029_DAY1_MINITWICE_5186	19	Pulse	99	2026479	12486	NA
S029_DAY1_MINITWICE_5186	19	Port Input	1	2026479	12486	NA
S029_DAY1_MINITWICE_5186	19	Response	51	2028901	14908	1
S029_DAY1_MINITWICE_5186	19	Picture	13_T_FFTRIAD_FF_arbol_red.png	2057193	43200	1	1900	2	43200	1800
S029_DAY1_MINITWICE_5186	20	Picture	FF	2059293	0	1	43200	2	0	43200
S029_DAY1_MINITWICE_5186	20	Pulse	99	2062480	3187	NA
S029_DAY1_MINITWICE_5186	20	Port Input	1	2062480	3187	NA
S029_DAY1_MINITWICE_5186	20	Response	51	2074098	14805	1
S029_DAY1_MINITWICE_5186	20	Pulse	99	2098481	39188	NA
S029_DAY1_MINITWICE_5186	20	Port Input	1	2098481	39188	NA
S029_DAY1_MINITWICE_5186	20	Picture	14_T_FFTRIAD_FF_granjero_red.png	2102493	43200	1	1900	2	43200	1800
S029_DAY1_MINITWICE_5186	21	Picture	FF	2104593	0	1	43200	2	0	43200
S029_DAY1_MINITWICE_5186	21	Response	52	2119855	15262	1
S029_DAY1_MINITWICE_5186	21	Pulse	99	2134482	29889	NA
S029_DAY1_MINITWICE_5186	21	Port Input	1	2134482	29889	NA
S029_DAY1_MINITWICE_5186	21	Picture	15_T_FFTRIAD_FF_telarana_red.png	2147793	43200	1	1900	2	43200	1800
S029_DAY1_MINITWICE_5186	22	Picture	FF	2149893	0	1	43200	2	0	43200
S029_DAY1_MINITWICE_5186	22	Pulse	99	2170484	20591	NA
S029_DAY1_MINITWICE_5186	22	Port Input	1	2170484	20591	NA
S029_DAY1_MINITWICE_5186	22	Response	52	2171027	21134	2
S029_DAY1_MINITWICE_5186	22	Picture	16_T_FFTRIAD_FF_plato_red.png	2193093	43200	1	1900	2	43200	1800
S029_DAY1_MINITWICE_5186	23	Picture	RW	2195193	0	1	43199	3	0	43200
S029_DAY1_MINITWICE_5186	23	Pulse	99	2206485	11292	NA
S029_DAY1_MINITWICE_5186	23	Port Input	1	2206485	11292	NA
S029_DAY1_MINITWICE_5186	23	Response	52	2215714	20521	1
S029_DAY1_MINITWICE_5186	23	Picture	17_T_RWTRIAD_RW_destornillador_red.png	2238392	43199	2	1900	4	43200	1800
S029_DAY1_MINITWICE_5186	24	Picture	RW	2240493	0	1	43199	2	0	43200
S029_DAY1_MINITWICE_5186	24	Pulse	99	2242486	1993	NA
S029_DAY1_MINITWICE_5186	24	Port Input	1	2242486	1993	NA
S029_DAY1_MINITWICE_5186	24	Response	51	2266162	25669	2
S029_DAY1_MINITWICE_5186	24	Pulse	99	2278487	37994	NA
S029_DAY1_MINITWICE_5186	24	Port Input	1	2278487	37994	NA
S029_DAY1_MINITWICE_5186	24	Picture	18_T_RWTRIAD_RW_tijera_red.png	2283692	43199	1	1900	2	43200	1800
S029_DAY1_MINITWICE_5186	25	Picture	RW	2285792	0	1	43200	2	0	43200
S029_DAY1_MINITWICE_5186	25	Response	51	2305295	19503	1
S029_DAY1_MINITWICE_5186	25	Pulse	99	2314488	28696	NA
S029_DAY1_MINITWICE_5186	25	Port Input	1	2314488	28696	NA
S029_DAY1_MINITWICE_5186	25	Picture	19_T_RWTRIAD_RW_botella_red.png	2328992	43200	1	1900	2	43200	1800
S029_DAY1_MINITWICE_5186	26	Picture	RW	2331092	0	1	43200	2	0	43200
S029_DAY1_MINITWICE_5186	26	Response	52	2348235	17143	1
S029_DAY1_MINITWICE_5186	26	Pulse	99	2350489	19397	NA
S029_DAY1_MINITWICE_5186	26	Port Input	1	2350489	19397	NA
S029_DAY1_MINITWICE_5186	26	Picture	20_T_RWTRIAD_RW_cinturon_red.png	2374292	43200	1	1900	2	43200	1800
S029_DAY1_MINITWICE_5186	27	Picture	rest	2376292	0	1	144100	2	0	144000
S029_DAY1_MINITWICE_5186	27	Pulse	99	2386490	10198	NA
S029_DAY1_MINITWICE_5186	27	Port Input	1	2386490	10198	NA
S029_DAY1_MINITWICE_5186	27	Pulse	99	2422491	46199	NA
S029_DAY1_MINITWICE_5186	27	Port Input	1	2422491	46199	NA
S029_DAY1_MINITWICE_5186	27	Pulse	99	2458492	82200	NA
S029_DAY1_MINITWICE_5186	27	Port Input	1	2458492	82200	NA
S029_DAY1_MINITWICE_5186	27	Pulse	99	2494494	118202	NA
S029_DAY1_MINITWICE_5186	27	Port Input	1	2494494	118202	NA
S029_DAY1_MINITWICE_5186	28	Picture	endrest	2520492	0	1	10100	2	0	10000
S029_DAY1_MINITWICE_5186	28	Pulse	99	2530495	10003	NA
S029_DAY1_MINITWICE_5186	28	Port Input	1	2530495	10003	NA
S029_DAY1_MINITWICE_5186	29	Picture	RW	2530792	0	1	43199	3	0	43200
S029_DAY1_MINITWICE_5186	29	Response	52	2553031	22239	1
S029_DAY1_MINITWICE_5186	29	Pulse	99	2566496	35704	NA
S029_DAY1_MINITWICE_5186	29	Port Input	1	2566496	35704	NA
S029_DAY1_MINITWICE_5186	29	Picture	23_T_RWTRIAD_RW_silla_red.png	2573991	43199	2	1900	4	43200	1800
S029_DAY1_MINITWICE_5186	30	Picture	RW	2576091	0	2	43200	3	0	43200
S029_DAY1_MINITWICE_5186	30	Response	51	2597749	21658	1
S029_DAY1_MINITWICE_5186	30	Pulse	99	2602497	26406	NA
S029_DAY1_MINITWICE_5186	30	Port Input	1	2602497	26406	NA
S029_DAY1_MINITWICE_5186	30	Picture	24_T_RWTRIAD_RW_ascensor_red.png	2619291	43200	1	1900	2	43200	1800
S029_DAY1_MINITWICE_5186	31	Picture	RW	2621391	0	1	43200	2	0	43200
S029_DAY1_MINITWICE_5186	31	Pulse	99	2638498	17107	NA
S029_DAY1_MINITWICE_5186	31	Port Input	1	2638498	17107	NA
S029_DAY1_MINITWICE_5186	31	Response	51	2640041	18650	1
S029_DAY1_MINITWICE_5186	31	Picture	25_T_RWTRIAD_RW_iglu_red.png	2664591	43200	1	1900	2	43200	1800
S029_DAY1_MINITWICE_5186	32	Picture	RW	2666691	0	1	43200	2	0	43200
S029_DAY1_MINITWICE_5186	32	Pulse	99	2674499	7808	NA
S029_DAY1_MINITWICE_5186	32	Port Input	1	2674499	7808	NA
S029_DAY1_MINITWICE_5186	32	Response	52	2687303	20612	1
S029_DAY1_MINITWICE_5186	32	Picture	26_T_RWTRIAD_RW_martillo_red.png	2709891	43200	1	1900	2	43200	1800
S029_DAY1_MINITWICE_5186	32	Pulse	99	2710500	43809	NA
S029_DAY1_MINITWICE_5186	32	Port Input	1	2710500	43809	NA
S029_DAY1_MINITWICE_5186	33	Picture	FF	2711991	0	1	43200	2	0	43200
S029_DAY1_MINITWICE_5186	33	Response	51	2727379	15388	1
S029_DAY1_MINITWICE_5186	33	Pulse	99	2746501	34510	NA
S029_DAY1_MINITWICE_5186	33	Port Input	1	2746501	34510	NA
S029_DAY1_MINITWICE_5186	33	Picture	27_T_FFTRIAD_FF_lana_red.png	2755191	43200	1	1900	2	43200	1800
S029_DAY1_MINITWICE_5186	34	Picture	FF	2757291	0	1	43200	2	0	43200
S029_DAY1_MINITWICE_5186	34	Response	51	2771278	13987	1
S029_DAY1_MINITWICE_5186	34	Pulse	99	2782502	25211	NA
S029_DAY1_MINITWICE_5186	34	Port Input	1	2782502	25211	NA
S029_DAY1_MINITWICE_5186	34	Picture	28_T_FFTRIAD_FF_agua_red.png	2800491	43200	1	1900	2	43200	1800
S029_DAY1_MINITWICE_5186	35	Picture	FF	2802591	0	1	43200	2	0	43200
S029_DAY1_MINITWICE_5186	35	Pulse	99	2818504	15913	NA
S029_DAY1_MINITWICE_5186	35	Port Input	1	2818504	15913	NA
S029_DAY1_MINITWICE_5186	35	Response	51	2819117	16526	1
S029_DAY1_MINITWICE_5186	35	Picture	29_T_FFTRIAD_FF_television_red.png	2845791	43200	1	1900	2	43200	1800
S029_DAY1_MINITWICE_5186	36	Picture	FF	2847891	0	1	43199	3	0	43200
S029_DAY1_MINITWICE_5186	36	Pulse	99	2854505	6614	NA
S029_DAY1_MINITWICE_5186	36	Port Input	1	2854505	6614	NA
S029_DAY1_MINITWICE_5186	36	Response	52	2864393	16502	1
S029_DAY1_MINITWICE_5186	36	Pulse	99	2890506	42615	NA
S029_DAY1_MINITWICE_5186	36	Port Input	1	2890506	42615	NA
S029_DAY1_MINITWICE_5186	36	Picture	30_T_FFTRIAD_FF_paraguas_red.png	2891090	43199	2	1901	3	43200	1800
S029_DAY1_MINITWICE_5186	37	Picture	rest	2893091	0	1	144099	2	0	144000
S029_DAY1_MINITWICE_5186	37	Pulse	99	2926507	33416	NA
S029_DAY1_MINITWICE_5186	37	Port Input	1	2926507	33416	NA
S029_DAY1_MINITWICE_5186	37	Pulse	99	2962508	69417	NA
S029_DAY1_MINITWICE_5186	37	Port Input	1	2962508	69417	NA
S029_DAY1_MINITWICE_5186	37	Pulse	99	2998509	105418	NA
S029_DAY1_MINITWICE_5186	37	Port Input	1	2998509	105418	NA
S029_DAY1_MINITWICE_5186	37	Pulse	99	3034510	141419	NA
S029_DAY1_MINITWICE_5186	37	Port Input	1	3034510	141419	NA
S029_DAY1_MINITWICE_5186	38	Picture	endrest	3037290	0	1	10100	2	0	10000
S029_DAY1_MINITWICE_5186	39	Picture	FF	3047590	0	1	43200	2	0	43200
S029_DAY1_MINITWICE_5186	39	Response	52	3060895	13305	1
S029_DAY1_MINITWICE_5186	39	Pulse	99	3070512	22922	NA
S029_DAY1_MINITWICE_5186	39	Port Input	1	3070512	22922	NA
S029_DAY1_MINITWICE_5186	39	Picture	33_T_FFTRIAD_FF_manos_red.png	3090790	43200	1	1900	2	43200	1800
S029_DAY1_MINITWICE_5186	40	Picture	FF	3092890	0	1	43200	2	0	43200
S029_DAY1_MINITWICE_5186	40	Pulse	99	3106513	13623	NA
S029_DAY1_MINITWICE_5186	40	Port Input	1	3106513	13623	NA
S029_DAY1_MINITWICE_5186	40	Response	52	3108997	16107	1
S029_DAY1_MINITWICE_5186	40	Picture	34_T_FFTRIAD_FF_cinturon_red.png	3136090	43200	1	1900	2	43200	1800
S029_DAY1_MINITWICE_5186	41	Picture	FF	3138190	0	1	43200	2	0	43200
S029_DAY1_MINITWICE_5186	41	Pulse	99	3142514	4324	NA
S029_DAY1_MINITWICE_5186	41	Port Input	1	3142514	4324	NA
S029_DAY1_MINITWICE_5186	41	Response	52	3153215	15025	2
S029_DAY1_MINITWICE_5186	41	Pulse	99	3178515	40325	NA
S029_DAY1_MINITWICE_5186	41	Port Input	1	3178515	40325	NA
S029_DAY1_MINITWICE_5186	41	Picture	35_T_FFTRIAD_FF_huevos_red.png	3181390	43200	1	1900	2	43200	1800
S029_DAY1_MINITWICE_5186	42	Picture	FF	3183490	0	1	43200	2	0	43200
S029_DAY1_MINITWICE_5186	42	Response	51	3197971	14481	1
S029_DAY1_MINITWICE_5186	42	Pulse	99	3214516	31026	NA
S029_DAY1_MINITWICE_5186	42	Port Input	1	3214516	31026	NA
S029_DAY1_MINITWICE_5186	42	Picture	36_T_FFTRIAD_FF_teclado_red.png	3226690	43200	1	1899	3	43200	1800
S029_DAY1_MINITWICE_5186	43	Picture	FF	3228789	0	2	43200	3	0	43200
S029_DAY1_MINITWICE_5186	43	Response	51	3241840	13051	1
S029_DAY1_MINITWICE_5186	43	Pulse	99	3250517	21728	NA
S029_DAY1_MINITWICE_5186	43	Port Input	1	3250517	21728	NA
S029_DAY1_MINITWICE_5186	43	Picture	37_T_FFTRIAD_FF_llave_red.png	3271989	43200	1	1900	2	43200	1800
S029_DAY1_MINITWICE_5186	44	Picture	FF	3274089	0	1	43200	2	0	43200
S029_DAY1_MINITWICE_5186	44	Pulse	99	3286518	12429	NA
S029_DAY1_MINITWICE_5186	44	Port Input	1	3286518	12429	NA
S029_DAY1_MINITWICE_5186	44	Response	51	3287348	13259	2
S029_DAY1_MINITWICE_5186	44	Picture	38_T_FFTRIAD_FF_tenedor_red.png	3317289	43200	1	1900	2	43200	1800
S029_DAY1_MINITWICE_5186	45	Picture	FF	3319389	0	1	43200	2	0	43200
S029_DAY1_MINITWICE_5186	45	Pulse	99	3322519	3130	NA
S029_DAY1_MINITWICE_5186	45	Port Input	1	3322519	3130	NA
S029_DAY1_MINITWICE_5186	45	Response	52	3335200	15811	1
S029_DAY1_MINITWICE_5186	45	Pulse	99	3358520	39131	NA
S029_DAY1_MINITWICE_5186	45	Port Input	1	3358520	39131	NA
S029_DAY1_MINITWICE_5186	45	Picture	39_T_FFTRIAD_FF_molino_red.png	3362589	43200	1	1900	2	43200	1800
S029_DAY1_MINITWICE_5186	46	Picture	FF	3364689	0	1	43200	2	0	43200
S029_DAY1_MINITWICE_5186	46	Response	51	3380295	15606	2
S029_DAY1_MINITWICE_5186	46	Pulse	99	3394521	29832	NA
S029_DAY1_MINITWICE_5186	46	Port Input	1	3394521	29832	NA
S029_DAY1_MINITWICE_5186	46	Picture	40_T_FFTRIAD_FF_estetoscopio_red.png	3407889	43200	1	1900	2	43200	1800
S029_DAY1_MINITWICE_5186	47	Picture	rest	3409889	0	1	144100	2	0	144000
S029_DAY1_MINITWICE_5186	47	Pulse	99	3430522	20633	NA
S029_DAY1_MINITWICE_5186	47	Port Input	1	3430522	20633	NA
S029_DAY1_MINITWICE_5186	47	Pulse	99	3466524	56635	NA
S029_DAY1_MINITWICE_5186	47	Port Input	1	3466524	56635	NA
S029_DAY1_MINITWICE_5186	47	Pulse	99	3502525	92636	NA
S029_DAY1_MINITWICE_5186	47	Port Input	1	3502525	92636	NA
S029_DAY1_MINITWICE_5186	47	Pulse	99	3538526	128637	NA
S029_DAY1_MINITWICE_5186	47	Port Input	1	3538526	128637	NA
S029_DAY1_MINITWICE_5186	48	Picture	endrest	3554089	0	1	10099	3	0	10000
S029_DAY1_MINITWICE_5186	49	Picture	RW	3564488	0	2	43100	3	0	43200
S029_DAY1_MINITWICE_5186	49	Pulse	99	3574527	10039	NA
S029_DAY1_MINITWICE_5186	49	Port Input	1	3574527	10039	NA
S029_DAY1_MINITWICE_5186	49	Response	52	3586783	22295	1
S029_DAY1_MINITWICE_5186	49	Picture	43_T_RWTRIAD_RW_monja_red.png	3607588	43100	1	1900	2	43200	1800
S029_DAY1_MINITWICE_5186	50	Picture	RW	3609688	0	1	43200	2	0	43200
S029_DAY1_MINITWICE_5186	50	Pulse	99	3610528	840	NA
S029_DAY1_MINITWICE_5186	50	Port Input	1	3610528	840	NA
S029_DAY1_MINITWICE_5186	50	Response	52	3628847	19159	2
S029_DAY1_MINITWICE_5186	50	Pulse	99	3646529	36841	NA
S029_DAY1_MINITWICE_5186	50	Port Input	1	3646529	36841	NA
S029_DAY1_MINITWICE_5186	50	Picture	44_T_RWTRIAD_RW_sobre_red.png	3652888	43200	1	1900	2	43200	1800
S029_DAY1_MINITWICE_5186	51	Picture	RW	3654988	0	1	43200	2	0	43200
S029_DAY1_MINITWICE_5186	51	Response	52	3680599	25611	1
S029_DAY1_MINITWICE_5186	51	Pulse	99	3682530	27542	NA
S029_DAY1_MINITWICE_5186	51	Port Input	1	3682530	27542	NA
S029_DAY1_MINITWICE_5186	51	Picture	45_T_RWTRIAD_RW_pluma_red.png	3698188	43200	1	1900	2	43200	1800
S029_DAY1_MINITWICE_5186	52	Picture	RW	3700288	0	1	43200	2	0	43200
S029_DAY1_MINITWICE_5186	52	Response	51	3716341	16053	1
S029_DAY1_MINITWICE_5186	52	Pulse	99	3718531	18243	NA
S029_DAY1_MINITWICE_5186	52	Port Input	1	3718531	18243	NA
S029_DAY1_MINITWICE_5186	52	Picture	46_T_RWTRIAD_RW_ancla_red.png	3743488	43200	1	1900	2	43200	1800
S029_DAY1_MINITWICE_5186	53	Picture	FF	3745588	0	1	43200	2	0	43200
S029_DAY1_MINITWICE_5186	53	Pulse	99	3754533	8945	NA
S029_DAY1_MINITWICE_5186	53	Port Input	1	3754533	8945	NA
S029_DAY1_MINITWICE_5186	53	Response	52	3759738	14150	1
S029_DAY1_MINITWICE_5186	53	Picture	47_T_FFTRIAD_FF_mono_red.png	3788788	43200	1	1892	42	43200	1800
S029_DAY1_MINITWICE_5186	53	Pulse	99	3790534	44946	NA
S029_DAY1_MINITWICE_5186	53	Port Input	1	3790534	44946	NA
S029_DAY1_MINITWICE_5186	54	Picture	FF	3790888	0	1	43200	2	0	43200
S029_DAY1_MINITWICE_5186	54	Response	51	3803443	12555	1
S029_DAY1_MINITWICE_5186	54	Pulse	99	3826535	35647	NA
S029_DAY1_MINITWICE_5186	54	Port Input	1	3826535	35647	NA
S029_DAY1_MINITWICE_5186	54	Picture	48_T_FFTRIAD_FF_grifo_red.png	3834088	43200	1	1900	2	43200	1800
S029_DAY1_MINITWICE_5186	55	Picture	FF	3836188	0	1	43200	2	0	43200
S029_DAY1_MINITWICE_5186	55	Response	51	3850127	13939	2
S029_DAY1_MINITWICE_5186	55	Pulse	99	3862536	26348	NA
S029_DAY1_MINITWICE_5186	55	Port Input	1	3862536	26348	NA
S029_DAY1_MINITWICE_5186	55	Picture	49_T_FFTRIAD_FF_leche_red.png	3879388	43200	1	1900	2	43200	1800
S029_DAY1_MINITWICE_5186	56	Picture	FF	3881488	0	1	43199	2	0	43200
S029_DAY1_MINITWICE_5186	56	Response	52	3896206	14718	2
S029_DAY1_MINITWICE_5186	56	Pulse	99	3898537	17049	NA
S029_DAY1_MINITWICE_5186	56	Port Input	1	3898537	17049	NA
S029_DAY1_MINITWICE_5186	56	Picture	50_T_FFTRIAD_FF_anillo_red.png	3924687	43199	1	1900	2	43200	1800
S029_DAY1_MINITWICE_5186	57	Picture	rest	3926687	0	1	144100	2	0	144000
S029_DAY1_MINITWICE_5186	57	Pulse	99	3934538	7851	NA
S029_DAY1_MINITWICE_5186	57	Port Input	1	3934538	7851	NA
S029_DAY1_MINITWICE_5186	57	Pulse	99	3970539	43852	NA
S029_DAY1_MINITWICE_5186	57	Port Input	1	3970539	43852	NA
S029_DAY1_MINITWICE_5186	57	Pulse	99	4006540	79853	NA
S029_DAY1_MINITWICE_5186	57	Port Input	1	4006540	79853	NA
S029_DAY1_MINITWICE_5186	57	Pulse	99	4042541	115854	NA
S029_DAY1_MINITWICE_5186	57	Port Input	1	4042541	115854	NA
S029_DAY1_MINITWICE_5186	58	Picture	endrest	4070887	0	1	10100	2	0	10000
S029_DAY1_MINITWICE_5186	58	Pulse	99	4078543	7656	NA
S029_DAY1_MINITWICE_5186	58	Port Input	1	4078543	7656	NA
S029_DAY1_MINITWICE_5186	59	Picture	RW	4081187	0	1	43200	2	0	43200
S029_DAY1_MINITWICE_5186	59	Response	51	4097897	16710	1
S029_DAY1_MINITWICE_5186	59	Pulse	99	4114544	33357	NA
S029_DAY1_MINITWICE_5186	59	Port Input	1	4114544	33357	NA
S029_DAY1_MINITWICE_5186	59	Picture	53_T_RWTRIAD_RW_television_red.png	4124387	43200	1	1900	2	43200	1800
S029_DAY1_MINITWICE_5186	60	Picture	RW	4126487	0	1	43200	2	0	43200
S029_DAY1_MINITWICE_5186	60	Pulse	99	4150545	24058	NA
S029_DAY1_MINITWICE_5186	60	Port Input	1	4150545	24058	NA
S029_DAY1_MINITWICE_5186	60	Response	51	4153149	26662	2
S029_DAY1_MINITWICE_5186	60	Picture	54_T_RWTRIAD_RW_perro_red.png	4169687	43200	1	1900	2	43200	1800
S029_DAY1_MINITWICE_5186	61	Picture	RW	4171787	0	1	43199	3	0	43200
S029_DAY1_MINITWICE_5186	61	Pulse	99	4186546	14759	NA
S029_DAY1_MINITWICE_5186	61	Port Input	1	4186546	14759	NA
S029_DAY1_MINITWICE_5186	61	Response	52	4196162	24375	1
S029_DAY1_MINITWICE_5186	61	Picture	55_T_RWTRIAD_RW_grapadora_red.png	4214986	43199	2	1900	4	43200	1800
S029_DAY1_MINITWICE_5186	62	Picture	RW	4217086	0	2	43200	3	0	43200
S029_DAY1_MINITWICE_5186	62	Pulse	99	4222547	5461	NA
S029_DAY1_MINITWICE_5186	62	Port Input	1	4222547	5461	NA
S029_DAY1_MINITWICE_5186	62	Response	52	4236254	19168	1
S029_DAY1_MINITWICE_5186	62	Pulse	99	4258548	41462	NA
S029_DAY1_MINITWICE_5186	62	Port Input	1	4258548	41462	NA
S029_DAY1_MINITWICE_5186	62	Picture	56_T_RWTRIAD_RW_raton_red.png	4260286	43200	1	1900	2	43200	1800
S029_DAY1_MINITWICE_5186	63	Picture	RW	4262386	0	1	43200	2	0	43200
S029_DAY1_MINITWICE_5186	63	Response	51	4282972	20586	1
S029_DAY1_MINITWICE_5186	63	Pulse	99	4294549	32163	NA
S029_DAY1_MINITWICE_5186	63	Port Input	1	4294549	32163	NA
S029_DAY1_MINITWICE_5186	63	Picture	57_T_RWTRIAD_RW_molino_red.png	4305586	43200	1	1900	2	43200	1800
S029_DAY1_MINITWICE_5186	64	Picture	RW	4307686	0	1	43200	2	0	43200
S029_DAY1_MINITWICE_5186	64	Pulse	99	4330550	22864	NA
S029_DAY1_MINITWICE_5186	64	Port Input	1	4330550	22864	NA
S029_DAY1_MINITWICE_5186	64	Response	52	4332514	24828	1
S029_DAY1_MINITWICE_5186	64	Picture	58_T_RWTRIAD_RW_agua_red.png	4350886	43200	1	1900	2	43200	1800
S029_DAY1_MINITWICE_5186	65	Picture	RW	4352986	0	1	43200	2	0	43200
S029_DAY1_MINITWICE_5186	65	Pulse	99	4366552	13566	NA
S029_DAY1_MINITWICE_5186	65	Port Input	1	4366552	13566	NA
S029_DAY1_MINITWICE_5186	65	Response	52	4377540	24554	1
S029_DAY1_MINITWICE_5186	65	Picture	59_T_RWTRIAD_RW_bellota_red.png	4396186	43200	1	1900	2	43200	1800
S029_DAY1_MINITWICE_5186	66	Picture	RW	4398286	0	1	43200	2	0	43200
S029_DAY1_MINITWICE_5186	66	Pulse	99	4402553	4267	NA
S029_DAY1_MINITWICE_5186	66	Port Input	1	4402553	4267	NA
S029_DAY1_MINITWICE_5186	66	Response	51	4417336	19050	1
S029_DAY1_MINITWICE_5186	66	Pulse	99	4438554	40268	NA
S029_DAY1_MINITWICE_5186	66	Port Input	1	4438554	40268	NA
S029_DAY1_MINITWICE_5186	66	Picture	60_T_RWTRIAD_RW_violin_red.png	4441486	43200	1	1900	2	43200	1800
S029_DAY1_MINITWICE_5186	67	Picture	rest	4443486	0	1	144099	3	0	144000
S029_DAY1_MINITWICE_5186	67	Pulse	99	4474555	31069	NA
S029_DAY1_MINITWICE_5186	67	Port Input	1	4474555	31069	NA
S029_DAY1_MINITWICE_5186	67	Pulse	99	4510556	67070	NA
S029_DAY1_MINITWICE_5186	67	Port Input	1	4510556	67070	NA
S029_DAY1_MINITWICE_5186	67	Pulse	99	4546557	103071	NA
S029_DAY1_MINITWICE_5186	67	Port Input	1	4546557	103071	NA
S029_DAY1_MINITWICE_5186	67	Pulse	99	4582558	139072	NA
S029_DAY1_MINITWICE_5186	67	Port Input	1	4582558	139072	NA
S029_DAY1_MINITWICE_5186	68	Picture	endrest	4587685	0	1	10100	3	0	10000
S029_DAY1_MINITWICE_5186	69	Picture	RW	4597985	0	1	43200	3	0	43200
S029_DAY1_MINITWICE_5186	69	Response	51	4614696	16711	2
S029_DAY1_MINITWICE_5186	69	Pulse	99	4618559	20574	NA
S029_DAY1_MINITWICE_5186	69	Port Input	1	4618559	20574	NA
S029_DAY1_MINITWICE_5186	69	Picture	63_T_RWTRIAD_RW_granjero_red.png	4641185	43200	2	1900	3	43200	1800
S029_DAY1_MINITWICE_5186	70	Picture	RW	4643285	0	1	43200	2	0	43200
S029_DAY1_MINITWICE_5186	70	Pulse	99	4654560	11275	NA
S029_DAY1_MINITWICE_5186	70	Port Input	1	4654560	11275	NA
S029_DAY1_MINITWICE_5186	70	Response	51	4660868	17583	1
S029_DAY1_MINITWICE_5186	70	Picture	64_T_RWTRIAD_RW_carruaje_red.png	4686485	43200	1	1900	2	43200	1800
S029_DAY1_MINITWICE_5186	71	Picture	RW	4688585	0	1	43200	2	0	43200
S029_DAY1_MINITWICE_5186	71	Pulse	99	4690561	1976	NA
S029_DAY1_MINITWICE_5186	71	Port Input	1	4690561	1976	NA
S029_DAY1_MINITWICE_5186	71	Response	51	4705253	16668	1
S029_DAY1_MINITWICE_5186	71	Pulse	99	4726563	37978	NA
S029_DAY1_MINITWICE_5186	71	Port Input	1	4726563	37978	NA
S029_DAY1_MINITWICE_5186	71	Picture	65_T_RWTRIAD_RW_almohada_red.png	4731785	43200	1	1900	2	43200	1800
S029_DAY1_MINITWICE_5186	72	Picture	RW	4733885	0	1	43200	2	0	43200
S029_DAY1_MINITWICE_5186	72	Response	51	4755076	21191	1
S029_DAY1_MINITWICE_5186	72	Pulse	99	4762564	28679	NA
S029_DAY1_MINITWICE_5186	72	Port Input	1	4762564	28679	NA
S029_DAY1_MINITWICE_5186	72	Picture	66_T_RWTRIAD_RW_charco_red.png	4777085	43200	1	1900	2	43200	1800
S029_DAY1_MINITWICE_5186	73	Picture	PW	4779185	0	1	43200	2	0	43200
S029_DAY1_MINITWICE_5186	73	Pulse	99	4798565	19380	NA
S029_DAY1_MINITWICE_5186	73	Port Input	1	4798565	19380	NA
S029_DAY1_MINITWICE_5186	73	Response	51	4812932	33747	1
S029_DAY1_MINITWICE_5186	73	Picture	67_T_PWTRIAD_PW_portatil_red.png	4822385	43200	1	1900	2	43200	1800
S029_DAY1_MINITWICE_5186	74	Picture	PW	4824485	0	1	43199	3	0	43200
S029_DAY1_MINITWICE_5186	74	Pulse	99	4834566	10081	NA
S029_DAY1_MINITWICE_5186	74	Port Input	1	4834566	10081	NA
S029_DAY1_MINITWICE_5186	74	Response	51	4854794	30309	1
S029_DAY1_MINITWICE_5186	74	Picture	68_T_PWTRIAD_PW_perro_red.png	4867684	43199	2	1900	4	43200	1800
S029_DAY1_MINITWICE_5186	75	Picture	PW	4869784	0	2	43200	3	0	43200
S029_DAY1_MINITWICE_5186	75	Pulse	99	4870567	783	NA
S029_DAY1_MINITWICE_5186	75	Port Input	1	4870567	783	NA
S029_DAY1_MINITWICE_5186	75	Response	51	4900892	31108	1
S029_DAY1_MINITWICE_5186	75	Pulse	99	4906568	36784	NA
S029_DAY1_MINITWICE_5186	75	Port Input	1	4906568	36784	NA
S029_DAY1_MINITWICE_5186	75	Picture	69_T_PWTRIAD_PW_tenedor_red.png	4912984	43200	1	1900	2	43200	1800
S029_DAY1_MINITWICE_5186	76	Picture	PW	4915075	0	41	43209	42	0	43200
S029_DAY1_MINITWICE_5186	76	Pulse	99	4942569	27494	NA
S029_DAY1_MINITWICE_5186	76	Port Input	1	4942569	27494	NA
S029_DAY1_MINITWICE_5186	76	Response	51	4944047	28972	2
S029_DAY1_MINITWICE_5186	76	Picture	70_T_PWTRIAD_PW_piramide_red.png	4958284	43209	1	1900	2	43200	1800
S029_DAY1_MINITWICE_5186	77	Picture	rest	4960284	0	1	144100	2	0	144000
S029_DAY1_MINITWICE_5186	77	Pulse	99	4978570	18286	NA
S029_DAY1_MINITWICE_5186	77	Port Input	1	4978570	18286	NA
S029_DAY1_MINITWICE_5186	77	Pulse	99	5014572	54288	NA
S029_DAY1_MINITWICE_5186	77	Port Input	1	5014572	54288	NA
S029_DAY1_MINITWICE_5186	77	Pulse	99	5050573	90289	NA
S029_DAY1_MINITWICE_5186	77	Port Input	1	5050573	90289	NA
S029_DAY1_MINITWICE_5186	77	Pulse	99	5086574	126290	NA
S029_DAY1_MINITWICE_5186	77	Port Input	1	5086574	126290	NA
S029_DAY1_MINITWICE_5186	78	Picture	endrest	5104484	0	1	10100	2	0	10000
S029_DAY1_MINITWICE_5186	79	Picture	PW	5114784	0	1	43200	2	0	43200
S029_DAY1_MINITWICE_5186	79	Pulse	99	5122575	7791	NA
S029_DAY1_MINITWICE_5186	79	Port Input	1	5122575	7791	NA
S029_DAY1_MINITWICE_5186	79	Response	52	5144683	29899	1
S029_DAY1_MINITWICE_5186	79	Picture	73_T_PWTRIAD_PW_almohada_red.png	5157984	43200	1	1900	2	43200	1800
S029_DAY1_MINITWICE_5186	79	Pulse	99	5158576	43792	NA
S029_DAY1_MINITWICE_5186	79	Port Input	1	5158576	43792	NA
S029_DAY1_MINITWICE_5186	80	Picture	PW	5160084	0	1	43199	3	0	43200
S029_DAY1_MINITWICE_5186	80	Response	51	5181382	21298	1
S029_DAY1_MINITWICE_5186	80	Pulse	99	5194577	34493	NA
S029_DAY1_MINITWICE_5186	80	Port Input	1	5194577	34493	NA
S029_DAY1_MINITWICE_5186	80	Picture	74_T_PWTRIAD_PW_huevos_red.png	5203283	43199	2	1900	4	43200	1800
S029_DAY1_MINITWICE_5186	81	Picture	PW	5205383	0	2	43200	3	0	43200
S029_DAY1_MINITWICE_5186	81	Pulse	99	5230578	25195	NA
S029_DAY1_MINITWICE_5186	81	Port Input	1	5230578	25195	NA
S029_DAY1_MINITWICE_5186	81	Response	52	5236520	31137	2
S029_DAY1_MINITWICE_5186	81	Picture	75_T_PWTRIAD_PW_telarana_red.png	5248583	43200	1	1900	2	43200	1800
S029_DAY1_MINITWICE_5186	82	Picture	PW	5250683	0	1	43200	2	0	43200
S029_DAY1_MINITWICE_5186	82	Pulse	99	5266579	15896	NA
S029_DAY1_MINITWICE_5186	82	Port Input	1	5266579	15896	NA
S029_DAY1_MINITWICE_5186	82	Response	51	5271137	20454	1
S029_DAY1_MINITWICE_5186	82	Picture	76_T_PWTRIAD_PW_sapo_red.png	5293883	43200	1	1900	2	43200	1800
S029_DAY1_MINITWICE_5186	83	Picture	PW	5295983	0	1	43200	2	0	43200
S029_DAY1_MINITWICE_5186	83	Pulse	99	5302580	6597	NA
S029_DAY1_MINITWICE_5186	83	Port Input	1	5302580	6597	NA
S029_DAY1_MINITWICE_5186	83	Response	51	5315661	19678	1
S029_DAY1_MINITWICE_5186	83	Pulse	99	5338582	42599	NA
S029_DAY1_MINITWICE_5186	83	Port Input	1	5338582	42599	NA
S029_DAY1_MINITWICE_5186	83	Picture	77_T_PWTRIAD_PW_anillo_red.png	5339183	43200	1	1900	2	43200	1800
S029_DAY1_MINITWICE_5186	84	Picture	PW	5341283	0	1	43200	2	0	43200
S029_DAY1_MINITWICE_5186	84	Response	51	5371551	30268	2
S029_DAY1_MINITWICE_5186	84	Pulse	99	5374583	33300	NA
S029_DAY1_MINITWICE_5186	84	Port Input	1	5374583	33300	NA
S029_DAY1_MINITWICE_5186	84	Picture	78_T_PWTRIAD_PW_pincel_red.png	5384483	43200	1	1900	2	43200	1800
S029_DAY1_MINITWICE_5186	85	Picture	PW	5386583	0	1	43200	2	0	43200
S029_DAY1_MINITWICE_5186	85	Response	52	5410185	23602	1
S029_DAY1_MINITWICE_5186	85	Pulse	99	5410584	24001	NA
S029_DAY1_MINITWICE_5186	85	Port Input	1	5410584	24001	NA
S029_DAY1_MINITWICE_5186	85	Picture	79_T_PWTRIAD_PW_bebe_red.png	5429783	43200	1	1900	2	43200	1800
S029_DAY1_MINITWICE_5186	86	Picture	PW	5431883	0	1	43200	2	0	43200
S029_DAY1_MINITWICE_5186	86	Pulse	99	5446585	14702	NA
S029_DAY1_MINITWICE_5186	86	Port Input	1	5446585	14702	NA
S029_DAY1_MINITWICE_5186	86	Response	51	5458609	26726	1
S029_DAY1_MINITWICE_5186	86	Picture	80_T_PWTRIAD_PW_sombrilla_red.png	5475083	43200	1	1900	2	43200	1800
S029_DAY1_MINITWICE_5186	87	Picture	rest	5477083	0	1	144099	2	0	144000
S029_DAY1_MINITWICE_5186	87	Pulse	99	5482586	5503	NA
S029_DAY1_MINITWICE_5186	87	Port Input	1	5482586	5503	NA
S029_DAY1_MINITWICE_5186	87	Pulse	99	5518587	41504	NA
S029_DAY1_MINITWICE_5186	87	Port Input	1	5518587	41504	NA
S029_DAY1_MINITWICE_5186	87	Pulse	99	5554588	77505	NA
S029_DAY1_MINITWICE_5186	87	Port Input	1	5554588	77505	NA
S029_DAY1_MINITWICE_5186	87	Pulse	99	5590589	113506	NA
S029_DAY1_MINITWICE_5186	87	Port Input	1	5590589	113506	NA
S029_DAY1_MINITWICE_5186	88	Picture	endrest	5621282	0	1	10100	2	0	10000
S029_DAY1_MINITWICE_5186	88	Pulse	99	5626591	5309	NA
S029_DAY1_MINITWICE_5186	88	Port Input	1	5626591	5309	NA
S029_DAY1_MINITWICE_5186	89	Picture	FF	5631582	0	1	43200	2	0	43200
S029_DAY1_MINITWICE_5186	89	Response	51	5647520	15938	1
S029_DAY1_MINITWICE_5186	89	Pulse	99	5662592	31010	NA
S029_DAY1_MINITWICE_5186	89	Port Input	1	5662592	31010	NA
S029_DAY1_MINITWICE_5186	89	Picture	83_T_FFTRIAD_FF_banera_red.png	5674782	43200	1	1900	2	43200	1800
S029_DAY1_MINITWICE_5186	90	Picture	FF	5676882	0	1	43200	2	0	43200
S029_DAY1_MINITWICE_5186	90	Response	52	5689947	13065	1
S029_DAY1_MINITWICE_5186	90	Pulse	99	5698593	21711	NA
S029_DAY1_MINITWICE_5186	90	Port Input	1	5698593	21711	NA
S029_DAY1_MINITWICE_5186	90	Picture	84_T_FFTRIAD_FF_bebe_red.png	5720082	43200	1	1900	2	43200	1800
S029_DAY1_MINITWICE_5186	91	Picture	FF	5722182	0	1	43200	2	0	43200
S029_DAY1_MINITWICE_5186	91	Pulse	99	5734594	12412	NA
S029_DAY1_MINITWICE_5186	91	Port Input	1	5734594	12412	NA
S029_DAY1_MINITWICE_5186	91	Response	51	5737824	15642	1
S029_DAY1_MINITWICE_5186	91	Picture	85_T_FFTRIAD_FF_candado_red.png	5765382	43200	1	1900	2	43200	1800
S029_DAY1_MINITWICE_5186	92	Picture	FF	5767482	0	1	43200	2	0	43200
S029_DAY1_MINITWICE_5186	92	Pulse	99	5770595	3113	NA
S029_DAY1_MINITWICE_5186	92	Port Input	1	5770595	3113	NA
S029_DAY1_MINITWICE_5186	92	Response	51	5778011	10529	1
S029_DAY1_MINITWICE_5186	92	Pulse	99	5806596	39114	NA
S029_DAY1_MINITWICE_5186	92	Port Input	1	5806596	39114	NA
S029_DAY1_MINITWICE_5186	92	Picture	86_T_FFTRIAD_FF_sapo_red.png	5810682	43200	1	1900	2	43200	1800
S029_DAY1_MINITWICE_5186	93	Picture	FF	5812782	0	1	43199	3	0	43200
S029_DAY1_MINITWICE_5186	93	Response	52	5824642	11860	1
S029_DAY1_MINITWICE_5186	93	Pulse	99	5842597	29815	NA
S029_DAY1_MINITWICE_5186	93	Port Input	1	5842597	29815	NA
S029_DAY1_MINITWICE_5186	93	Picture	87_T_FFTRIAD_FF_bala_red.png	5855981	43199	2	1900	4	43200	1800
S029_DAY1_MINITWICE_5186	94	Picture	FF	5858081	0	2	43200	3	0	43200
S029_DAY1_MINITWICE_5186	94	Response	51	5872115	14034	1
S029_DAY1_MINITWICE_5186	94	Pulse	99	5878598	20517	NA
S029_DAY1_MINITWICE_5186	94	Port Input	1	5878598	20517	NA
S029_DAY1_MINITWICE_5186	94	Picture	88_T_FFTRIAD_FF_sobre_red.png	5901281	43200	1	1900	2	43200	1800
S029_DAY1_MINITWICE_5186	95	Picture	FF	5903381	0	1	43200	2	0	43200
S029_DAY1_MINITWICE_5186	95	Pulse	99	5914599	11218	NA
S029_DAY1_MINITWICE_5186	95	Port Input	1	5914599	11218	NA
S029_DAY1_MINITWICE_5186	95	Response	52	5922982	19601	1
S029_DAY1_MINITWICE_5186	95	Picture	89_T_FFTRIAD_FF_oruga_red.png	5946581	43200	1	1900	2	43200	1800
S029_DAY1_MINITWICE_5186	96	Picture	FF	5948681	0	1	43200	2	0	43200
S029_DAY1_MINITWICE_5186	96	Pulse	99	5950601	1920	NA
S029_DAY1_MINITWICE_5186	96	Port Input	1	5950601	1920	NA
S029_DAY1_MINITWICE_5186	96	Response	52	5966523	17842	2
S029_DAY1_MINITWICE_5186	96	Pulse	99	5986602	37921	NA
S029_DAY1_MINITWICE_5186	96	Port Input	1	5986602	37921	NA
S029_DAY1_MINITWICE_5186	96	Picture	90_T_FFTRIAD_FF_destornillador_red.png	5991881	43200	1	1900	2	43200	1800
S029_DAY1_MINITWICE_5186	97	Picture	rest	5993881	0	1	144100	2	0	144000
S029_DAY1_MINITWICE_5186	97	Pulse	99	6022603	28722	NA
S029_DAY1_MINITWICE_5186	97	Port Input	1	6022603	28722	NA
S029_DAY1_MINITWICE_5186	97	Pulse	99	6058604	64723	NA
S029_DAY1_MINITWICE_5186	97	Port Input	1	6058604	64723	NA
S029_DAY1_MINITWICE_5186	97	Pulse	99	6094605	100724	NA
S029_DAY1_MINITWICE_5186	97	Port Input	1	6094605	100724	NA
S029_DAY1_MINITWICE_5186	97	Pulse	99	6130606	136725	NA
S029_DAY1_MINITWICE_5186	97	Port Input	1	6130606	136725	NA
S029_DAY1_MINITWICE_5186	98	Picture	endrest	6138081	0	1	10100	2	0	10000
S029_DAY1_MINITWICE_5186	99	Picture	PW	6148381	0	1	43199	3	0	43200
S029_DAY1_MINITWICE_5186	99	Pulse	99	6166607	18226	NA
S029_DAY1_MINITWICE_5186	99	Port Input	1	6166607	18226	NA
S029_DAY1_MINITWICE_5186	99	Response	51	6169798	21417	1
S029_DAY1_MINITWICE_5186	99	Picture	93_T_PWTRIAD_PW_ancla_red.png	6191580	43199	2	1900	4	43200	1800
S029_DAY1_MINITWICE_5186	100	Picture	PW	6193680	0	1	43200	2	0	43200
S029_DAY1_MINITWICE_5186	100	Pulse	99	6202608	8928	NA
S029_DAY1_MINITWICE_5186	100	Port Input	1	6202608	8928	NA
S029_DAY1_MINITWICE_5186	100	Response	51	6218434	24754	1
S029_DAY1_MINITWICE_5186	100	Picture	94_T_PWTRIAD_PW_charco_red.png	6236880	43200	1	1900	2	43200	1800
S029_DAY1_MINITWICE_5186	100	Pulse	99	6238609	44929	NA
S029_DAY1_MINITWICE_5186	100	Port Input	1	6238609	44929	NA
S029_DAY1_MINITWICE_5186	101	Picture	PW	6238980	0	1	43200	2	0	43200
S029_DAY1_MINITWICE_5186	101	Response	51	6265826	26846	1
S029_DAY1_MINITWICE_5186	101	Pulse	99	6274610	35630	NA
S029_DAY1_MINITWICE_5186	101	Port Input	1	6274610	35630	NA
S029_DAY1_MINITWICE_5186	101	Picture	95_T_PWTRIAD_PW_gafas_red.png	6282180	43200	1	1900	2	43200	1800
S029_DAY1_MINITWICE_5186	102	Picture	PW	6284280	0	1	43200	2	0	43200
S029_DAY1_MINITWICE_5186	102	Pulse	99	6310612	26332	NA
S029_DAY1_MINITWICE_5186	102	Port Input	1	6310612	26332	NA
S029_DAY1_MINITWICE_5186	102	Response	51	6313393	29113	2
S029_DAY1_MINITWICE_5186	102	Picture	96_T_PWTRIAD_PW_traje_red.png	6327480	43200	1	1900	2	43200	1800
S029_DAY1_MINITWICE_5186	103	Picture	RW	6329580	0	1	43200	2	0	43200
S029_DAY1_MINITWICE_5186	103	Pulse	99	6346613	17033	NA
S029_DAY1_MINITWICE_5186	103	Port Input	1	6346613	17033	NA
S029_DAY1_MINITWICE_5186	103	Response	52	6354276	24696	1
S029_DAY1_MINITWICE_5186	103	Picture	97_T_RWTRIAD_RW_dado_red.png	6372780	43200	1	1900	2	43200	1800
S029_DAY1_MINITWICE_5186	104	Picture	RW	6374880	0	1	43200	2	0	43200
S029_DAY1_MINITWICE_5186	104	Pulse	99	6382614	7734	NA
S029_DAY1_MINITWICE_5186	104	Port Input	1	6382614	7734	NA
S029_DAY1_MINITWICE_5186	104	Response	51	6393727	18847	1
S029_DAY1_MINITWICE_5186	104	Picture	98_T_RWTRIAD_RW_traje_red.png	6418080	43200	1	1900	2	43200	1800
S029_DAY1_MINITWICE_5186	104	Pulse	99	6418615	43735	NA
S029_DAY1_MINITWICE_5186	104	Port Input	1	6418615	43735	NA
S029_DAY1_MINITWICE_5186	105	Picture	RW	6420180	0	1	43199	3	0	43200
S029_DAY1_MINITWICE_5186	105	Response	52	6436845	16665	2
S029_DAY1_MINITWICE_5186	105	Pulse	99	6454616	34436	NA
S029_DAY1_MINITWICE_5186	105	Port Input	1	6454616	34436	NA
S029_DAY1_MINITWICE_5186	105	Picture	99_T_RWTRIAD_RW_leche_red.png	6463379	43199	2	1901	3	43200	1800
S029_DAY1_MINITWICE_5186	106	Picture	RW	6465479	0	2	43200	4	0	43200
S029_DAY1_MINITWICE_5186	106	Response	51	6484164	18685	1
S029_DAY1_MINITWICE_5186	106	Pulse	99	6490617	25138	NA
S029_DAY1_MINITWICE_5186	106	Port Input	1	6490617	25138	NA
S029_DAY1_MINITWICE_5186	106	Picture	100_T_RWTRIAD_RW_lana_red.png	6508679	43200	2	1900	4	43200	1800
S029_DAY1_MINITWICE_5186	107	Picture	rest	6510679	0	1	144100	2	0	144000
S029_DAY1_MINITWICE_5186	107	Pulse	99	6526618	15939	NA
S029_DAY1_MINITWICE_5186	107	Port Input	1	6526618	15939	NA
S029_DAY1_MINITWICE_5186	107	Pulse	99	6562619	51940	NA
S029_DAY1_MINITWICE_5186	107	Port Input	1	6562619	51940	NA
S029_DAY1_MINITWICE_5186	107	Pulse	99	6598621	87942	NA
S029_DAY1_MINITWICE_5186	107	Port Input	1	6598621	87942	NA
S029_DAY1_MINITWICE_5186	107	Pulse	99	6634622	123943	NA
S029_DAY1_MINITWICE_5186	107	Port Input	1	6634622	123943	NA
S029_DAY1_MINITWICE_5186	108	Picture	endrest	6654879	0	1	10100	2	0	10000
S029_DAY1_MINITWICE_5186	109	Picture	PW	6665179	0	1	43200	2	0	43200
S029_DAY1_MINITWICE_5186	109	Pulse	99	6670623	5444	NA
S029_DAY1_MINITWICE_5186	109	Port Input	1	6670623	5444	NA
S029_DAY1_MINITWICE_5186	109	Response	51	6688482	23303	1
S029_DAY1_MINITWICE_5186	109	Pulse	99	6706624	41445	NA
S029_DAY1_MINITWICE_5186	109	Port Input	1	6706624	41445	NA
S029_DAY1_MINITWICE_5186	109	Picture	103_T_PWTRIAD_PW_cortina_red.png	6708379	43200	1	1900	2	43200	1800
S029_DAY1_MINITWICE_5186	110	Picture	PW	6710479	0	1	43200	2	0	43200
S029_DAY1_MINITWICE_5186	110	Response	52	6727167	16688	1
S029_DAY1_MINITWICE_5186	110	Pulse	99	6742625	32146	NA
S029_DAY1_MINITWICE_5186	110	Port Input	1	6742625	32146	NA
S029_DAY1_MINITWICE_5186	110	Picture	104_T_PWTRIAD_PW_botella_red.png	6753679	43200	1	1900	2	43200	1800
S029_DAY1_MINITWICE_5186	111	Picture	PW	6755779	0	1	43199	3	0	43200
S029_DAY1_MINITWICE_5186	111	Pulse	99	6778626	22847	NA
S029_DAY1_MINITWICE_5186	111	Port Input	1	6778626	22847	NA
S029_DAY1_MINITWICE_5186	111	Response	52	6785564	29785	1
S029_DAY1_MINITWICE_5186	111	Picture	105_T_PWTRIAD_PW_candado_red.png	6798978	43199	2	1900	4	43200	1800
S029_DAY1_MINITWICE_5186	112	Picture	PW	6801079	0	1	43199	2	0	43200
S029_DAY1_MINITWICE_5186	112	Pulse	99	6814627	13548	NA
S029_DAY1_MINITWICE_5186	112	Port Input	1	6814627	13548	NA
S029_DAY1_MINITWICE_5186	112	Response	51	6825308	24229	1
S029_DAY1_MINITWICE_5186	112	Picture	106_T_PWTRIAD_PW_plato_red.png	6844278	43199	1	1900	2	43200	1800
S029_DAY1_MINITWICE_5186	113	Picture	RW	6846378	0	1	43200	2	0	43200
S029_DAY1_MINITWICE_5186	113	Pulse	99	6850628	4250	NA
S029_DAY1_MINITWICE_5186	113	Port Input	1	6850628	4250	NA
S029_DAY1_MINITWICE_5186	113	Response	51	6880533	34155	1
S029_DAY1_MINITWICE_5186	113	Pulse	99	6886629	40251	NA
S029_DAY1_MINITWICE_5186	113	Port Input	1	6886629	40251	NA
S029_DAY1_MINITWICE_5186	113	Picture	107_T_RWTRIAD_RW_candado_red.png	6889578	43200	1	1900	2	43200	1800
S029_DAY1_MINITWICE_5186	114	Picture	RW	6891678	0	1	43200	2	0	43200
S029_DAY1_MINITWICE_5186	114	Response	52	6917078	25400	1
S029_DAY1_MINITWICE_5186	114	Pulse	99	6922631	30953	NA
S029_DAY1_MINITWICE_5186	114	Port Input	1	6922631	30953	NA
S029_DAY1_MINITWICE_5186	114	Picture	108_T_RWTRIAD_RW_murcielago_red.png	6934878	43200	1	1900	2	43200	1800
S029_DAY1_MINITWICE_5186	115	Picture	RW	6936978	0	1	43200	2	0	43200
S029_DAY1_MINITWICE_5186	115	Response	51	6958592	21614	2
S029_DAY1_MINITWICE_5186	115	Pulse	99	6958632	21654	NA
S029_DAY1_MINITWICE_5186	115	Port Input	1	6958632	21654	NA
S029_DAY1_MINITWICE_5186	115	Picture	109_T_RWTRIAD_RW_banera_red.png	6980178	43200	1	1900	2	43200	1800
S029_DAY1_MINITWICE_5186	116	Picture	RW	6982278	0	1	43200	2	0	43200
S029_DAY1_MINITWICE_5186	116	Pulse	99	6994633	12355	NA
S029_DAY1_MINITWICE_5186	116	Port Input	1	6994633	12355	NA
S029_DAY1_MINITWICE_5186	116	Response	52	6999688	17410	2
S029_DAY1_MINITWICE_5186	116	Picture	110_T_RWTRIAD_RW_arbol_red.png	7025478	43200	1	1900	2	43200	1800
S029_DAY1_MINITWICE_5186	117	Picture	rest	7027478	0	1	144099	3	0	144000
S029_DAY1_MINITWICE_5186	117	Pulse	99	7030634	3156	NA
S029_DAY1_MINITWICE_5186	117	Port Input	1	7030634	3156	NA
S029_DAY1_MINITWICE_5186	118	Picture	endrest	7171677	0	1	10100	3	0	10000
S029_DAY1_MINITWICE_5186	119	Picture	PW	7181977	0	1	43200	2	0	43200
S029_DAY1_MINITWICE_5186	119	Response	51	7205534	23557	1
S029_DAY1_MINITWICE_5186	119	Picture	113_T_PWTRIAD_PW_pilas_red.png	7225177	43200	1	1900	2	43200	1800
S029_DAY1_MINITWICE_5186	120	Picture	PW	7227277	0	1	43200	2	0	43200
S029_DAY1_MINITWICE_5186	120	Response	51	7260257	32980	1
S029_DAY1_MINITWICE_5186	120	Picture	114_T_PWTRIAD_PW_television_red.png	7270477	43200	1	1900	2	43200	1800
S029_DAY1_MINITWICE_5186	121	Picture	PW	7272577	0	1	43200	2	0	43200
S029_DAY1_MINITWICE_5186	121	Response	51	7298044	25467	1
S029_DAY1_MINITWICE_5186	121	Picture	115_T_PWTRIAD_PW_chupete_red.png	7315777	43200	1	1900	2	43200	1800
S029_DAY1_MINITWICE_5186	122	Picture	PW	7317877	0	1	43200	2	0	43200
S029_DAY1_MINITWICE_5186	122	Response	52	7340138	22261	1
S029_DAY1_MINITWICE_5186	122	Picture	116_T_PWTRIAD_PW_cerillas_red.png	7361077	43200	1	1900	2	43200	1800
S029_DAY1_MINITWICE_5186	123	Picture	PW	7363177	0	1	43200	2	0	43200
S029_DAY1_MINITWICE_5186	123	Response	52	7396177	33000	1
S029_DAY1_MINITWICE_5186	123	Picture	117_T_PWTRIAD_PW_cinturon_red.png	7406377	43200	1	1900	2	43200	1800
S029_DAY1_MINITWICE_5186	124	Picture	PW	7408477	0	1	43199	3	0	43200
S029_DAY1_MINITWICE_5186	124	Response	51	7434955	26478	2
S029_DAY1_MINITWICE_5186	124	Picture	118_T_PWTRIAD_PW_molino_red.png	7451676	43199	2	1900	4	43200	1800
S029_DAY1_MINITWICE_5186	125	Picture	PW	7453776	0	2	43200	3	0	43200
S029_DAY1_MINITWICE_5186	125	Response	51	7479346	25570	1
S029_DAY1_MINITWICE_5186	125	Picture	119_T_PWTRIAD_PW_esquimal_red.png	7496976	43200	1	1900	2	43200	1800
S029_DAY1_MINITWICE_5186	126	Picture	PW	7499076	0	1	43200	2	0	43200
S029_DAY1_MINITWICE_5186	126	Response	51	7525403	26327	1
S029_DAY1_MINITWICE_5186	126	Picture	120_T_PWTRIAD_PW_lenador_red.png	7542276	43200	1	1900	2	43200	1800
S029_DAY1_MINITWICE_5186	127	Picture	rest	7544276	0	1	144100	2	0	144000
S029_DAY1_MINITWICE_5186	128	Picture	endrest	7688476	0	1	10100	2	0	10000
S029_DAY1_MINITWICE_5186	129	Picture	PW	7698776	0	1	43199	3	0	43200
S029_DAY1_MINITWICE_5186	129	Response	51	7722841	24065	1
S029_DAY1_MINITWICE_5186	129	Picture	123_T_PWTRIAD_PW_martillo_red.png	7741975	43199	2	1901	3	43200	1800
S029_DAY1_MINITWICE_5186	130	Picture	PW	7744076	0	1	43199	2	0	43200
S029_DAY1_MINITWICE_5186	130	Response	52	7770919	26843	1
S029_DAY1_MINITWICE_5186	130	Picture	124_T_PWTRIAD_PW_paraguas_red.png	7787275	43199	1	1900	2	43200	1800
S029_DAY1_MINITWICE_5186	131	Picture	PW	7789346	0	42	43229	43	0	43200
S029_DAY1_MINITWICE_5186	131	Response	51	7817276	27930	41
S029_DAY1_MINITWICE_5186	131	Picture	125_T_PWTRIAD_PW_teclado_red.png	7832575	43229	1	1900	2	43200	1800
S029_DAY1_MINITWICE_5186	132	Picture	PW	7834675	0	1	43200	2	0	43200
S029_DAY1_MINITWICE_5186	132	Response	52	7867274	32599	1
S029_DAY1_MINITWICE_5186	132	Picture	126_T_PWTRIAD_PW_ascensor_red.png	7877875	43200	1	1900	2	43200	1800
S029_DAY1_MINITWICE_5186	133	Picture	PW	7879975	0	1	43200	2	0	43200
S029_DAY1_MINITWICE_5186	133	Response	52	7905237	25262	2
S029_DAY1_MINITWICE_5186	133	Picture	127_T_PWTRIAD_PW_zanahoria_red.png	7923175	43200	1	1900	2	43200	1800
S029_DAY1_MINITWICE_5186	134	Picture	PW	7925275	0	1	43200	2	0	43200
S029_DAY1_MINITWICE_5186	134	Response	52	7951493	26218	1
S029_DAY1_MINITWICE_5186	134	Picture	128_T_PWTRIAD_PW_silla_red.png	7968475	43200	1	1900	2	43200	1800
S029_DAY1_MINITWICE_5186	135	Picture	PW	7970575	0	1	43200	2	0	43200
S029_DAY1_MINITWICE_5186	135	Response	51	7992594	22019	1
S029_DAY1_MINITWICE_5186	135	Picture	129_T_PWTRIAD_PW_madera_red.png	8013775	43200	1	1900	2	43200	1800
S029_DAY1_MINITWICE_5186	136	Picture	PW	8015875	0	1	43200	2	0	43200
S029_DAY1_MINITWICE_5186	136	Response	51	8036934	21059	1
S029_DAY1_MINITWICE_5186	136	Picture	130_T_PWTRIAD_PW_novia_red.png	8059075	43200	1	1900	2	43200	1800
S029_DAY1_MINITWICE_5186	137	Picture	rest	8061074	0	2	144100	3	0	144000
S029_DAY1_MINITWICE_5186	138	Picture	endrest	8205274	0	1	10100	2	0	10000
S029_DAY1_MINITWICE_5186	139	Picture	RW	8215574	0	1	43200	2	0	43200
S029_DAY1_MINITWICE_5186	139	Response	51	8233464	17890	1
S029_DAY1_MINITWICE_5186	139	Picture	133_T_RWTRIAD_RW_policia_red.png	8258774	43200	1	1900	2	43200	1800
S029_DAY1_MINITWICE_5186	140	Picture	RW	8260874	0	1	43200	2	0	43200
S029_DAY1_MINITWICE_5186	140	Response	52	8278204	17330	1
S029_DAY1_MINITWICE_5186	140	Picture	134_T_RWTRIAD_RW_plato_red.png	8304074	43200	1	1900	2	43200	1800
S029_DAY1_MINITWICE_5186	141	Picture	RW	8306174	0	1	43200	2	0	43200
S029_DAY1_MINITWICE_5186	141	Response	51	8321807	15633	2
S029_DAY1_MINITWICE_5186	141	Picture	135_T_RWTRIAD_RW_zanahoria_red.png	8349374	43200	1	1900	2	43200	1800
S029_DAY1_MINITWICE_5186	142	Picture	RW	8351474	0	1	43199	3	0	43200
S029_DAY1_MINITWICE_5186	142	Response	51	8371966	20492	1
S029_DAY1_MINITWICE_5186	142	Picture	136_T_RWTRIAD_RW_pizarra_red.png	8394673	43199	2	1900	4	43200	1800
S029_DAY1_MINITWICE_5186	143	Picture	rest	8396673	0	2	144100	3	0	144000
S029_DAY1_MINITWICE_5186	144	Picture	endrest	8540873	0	1	10100	2	0	10000
S029_DAY1_MINITWICE_5186	145	Picture	endrest	8551073	0	1	10100	2	0	10000
S029_DAY1_MINITWICE_5186	146	Picture	endrest	8561273	0	1	10100	2	0	10000
S029_DAY1_MINITWICE_5186	147	Picture	endrest	8571473	0	1	10100	2	0	10000
