Scenario - vOT_Triads_fMRI_II
Logfile written - 12/14/2015 11:05:50

Subject	Trial	Event Type	Code	Time	TTime	Uncertainty	Duration	Uncertainty	ReqTime	ReqDur

S029_MINIONCE_1459	1	Pulse	99	474621	484382	NA
S029_MINIONCE_1459	1	Port Input	1	474621	484382	NA
S029_MINIONCE_1459	1	Pulse	99	510622	520383	NA
S029_MINIONCE_1459	1	Port Input	1	510622	520383	NA
S029_MINIONCE_1459	1	Pulse	99	546623	556384	NA
S029_MINIONCE_1459	1	Port Input	1	546623	556384	NA
S029_MINIONCE_1459	1	Pulse	99	582624	592385	NA
S029_MINIONCE_1459	1	Port Input	1	582624	592385	NA
S029_MINIONCE_1459	1	Pulse	99	618625	628386	NA
S029_MINIONCE_1459	1	Port Input	1	618625	628386	NA
S029_MINIONCE_1459	2	Picture	rest	618895	0	1	144099	2	0	144000
S029_MINIONCE_1459	2	Pulse	99	654626	35731	NA
S029_MINIONCE_1459	2	Port Input	1	654626	35731	NA
S029_MINIONCE_1459	2	Pulse	99	690627	71732	NA
S029_MINIONCE_1459	2	Port Input	1	690627	71732	NA
S029_MINIONCE_1459	2	Pulse	99	726628	107733	NA
S029_MINIONCE_1459	2	Port Input	1	726628	107733	NA
S029_MINIONCE_1459	2	Pulse	99	762629	143734	NA
S029_MINIONCE_1459	2	Port Input	1	762629	143734	NA
S029_MINIONCE_1459	3	Picture	endrest	763094	0	1	10100	2	0	10000
S029_MINIONCE_1459	4	Picture	RW	773394	0	1	43200	2	0	43200
S029_MINIONCE_1459	4	Response	52	788165	14771	1
S029_MINIONCE_1459	4	Pulse	99	798630	25236	NA
S029_MINIONCE_1459	4	Port Input	1	798630	25236	NA
S029_MINIONCE_1459	4	Picture	3_T_RWTRIAD_RW_pincel_red.png	816594	43200	1	1900	2	43200	1800
S029_MINIONCE_1459	5	Picture	RW	818694	0	1	43199	2	0	43200
S029_MINIONCE_1459	5	Pulse	99	834631	15937	NA
S029_MINIONCE_1459	5	Port Input	1	834631	15937	NA
S029_MINIONCE_1459	5	Response	52	837349	18655	1
S029_MINIONCE_1459	5	Picture	4_T_RWTRIAD_RW_sapo_red.png	861893	43199	1	1900	2	43200	1800
S029_MINIONCE_1459	6	Picture	RW	863993	0	1	43200	2	0	43200
S029_MINIONCE_1459	6	Pulse	99	870632	6639	NA
S029_MINIONCE_1459	6	Port Input	1	870632	6639	NA
S029_MINIONCE_1459	6	Response	52	878407	14414	2
S029_MINIONCE_1459	6	Pulse	99	906633	42640	NA
S029_MINIONCE_1459	6	Port Input	1	906633	42640	NA
S029_MINIONCE_1459	6	Picture	5_T_RWTRIAD_RW_oruga_red.png	907193	43200	1	1900	2	43200	1800
S029_MINIONCE_1459	7	Picture	RW	909493	0	1	43100	2	0	43200
S029_MINIONCE_1459	7	Response	51	926771	17278	1
S029_MINIONCE_1459	7	Pulse	99	942634	33141	NA
S029_MINIONCE_1459	7	Port Input	1	942634	33141	NA
S029_MINIONCE_1459	7	Picture	6_T_RWTRIAD_RW_pilas_red.png	952593	43100	1	1900	2	43200	1800
S029_MINIONCE_1459	8	Picture	RW	954893	0	1	43099	3	0	43200
S029_MINIONCE_1459	8	Response	51	968785	13892	1
S029_MINIONCE_1459	8	Pulse	99	978635	23742	NA
S029_MINIONCE_1459	8	Port Input	1	978635	23742	NA
S029_MINIONCE_1459	8	Picture	7_T_RWTRIAD_RW_bala_red.png	997992	43099	2	1900	4	43200	1800
S029_MINIONCE_1459	9	Picture	RW	1000092	0	2	43200	3	0	43200
S029_MINIONCE_1459	9	Pulse	99	1014636	14544	NA
S029_MINIONCE_1459	9	Port Input	1	1014636	14544	NA
S029_MINIONCE_1459	9	Response	51	1030221	30129	1
S029_MINIONCE_1459	9	Picture	8_T_RWTRIAD_RW_tenedor_red.png	1043292	43200	1	1900	2	43200	1800
S029_MINIONCE_1459	10	Picture	RW	1045392	0	1	43200	2	0	43200
S029_MINIONCE_1459	10	Pulse	99	1050637	5245	NA
S029_MINIONCE_1459	10	Port Input	1	1050637	5245	NA
S029_MINIONCE_1459	10	Response	52	1060050	14658	1
S029_MINIONCE_1459	10	Pulse	99	1086638	41246	NA
S029_MINIONCE_1459	10	Port Input	1	1086638	41246	NA
S029_MINIONCE_1459	10	Picture	9_T_RWTRIAD_RW_sombrilla_red.png	1088592	43200	1	1900	2	43200	1800
S029_MINIONCE_1459	11	Picture	RW	1090692	0	1	43200	2	0	43200
S029_MINIONCE_1459	11	Response	51	1106272	15580	1
S029_MINIONCE_1459	11	Pulse	99	1122639	31947	NA
S029_MINIONCE_1459	11	Port Input	1	1122639	31947	NA
S029_MINIONCE_1459	11	Picture	10_T_RWTRIAD_RW_novia_red.png	1133892	43200	1	1899	3	43200	1800
S029_MINIONCE_1459	12	Picture	rest	1135891	0	2	144099	4	0	144000
S029_MINIONCE_1459	12	Pulse	99	1158640	22749	NA
S029_MINIONCE_1459	12	Port Input	1	1158640	22749	NA
S029_MINIONCE_1459	12	Pulse	99	1194641	58750	NA
S029_MINIONCE_1459	12	Port Input	1	1194641	58750	NA
S029_MINIONCE_1459	12	Pulse	99	1230642	94751	NA
S029_MINIONCE_1459	12	Port Input	1	1230642	94751	NA
S029_MINIONCE_1459	12	Pulse	99	1266643	130752	NA
S029_MINIONCE_1459	12	Port Input	1	1266643	130752	NA
S029_MINIONCE_1459	13	Picture	endrest	1280090	0	2	10100	4	0	10000
S029_MINIONCE_1459	14	Picture	RW	1290390	0	2	43200	3	0	43200
S029_MINIONCE_1459	14	Pulse	99	1302644	12254	NA
S029_MINIONCE_1459	14	Port Input	1	1302644	12254	NA
S029_MINIONCE_1459	14	Response	52	1302910	12520	1
S029_MINIONCE_1459	14	Picture	13_T_RWTRIAD_RW_huevos_red.png	1333590	43200	1	1900	2	43200	1800
S029_MINIONCE_1459	15	Picture	RW	1335690	0	1	43200	2	0	43200
S029_MINIONCE_1459	15	Pulse	99	1338644	2954	NA
S029_MINIONCE_1459	15	Port Input	1	1338644	2954	NA
S029_MINIONCE_1459	15	Response	51	1355822	20132	1
S029_MINIONCE_1459	15	Pulse	99	1374645	38955	NA
S029_MINIONCE_1459	15	Port Input	1	1374645	38955	NA
S029_MINIONCE_1459	15	Picture	14_T_RWTRIAD_RW_piramide_red.png	1378890	43200	1	1900	2	43200	1800
S029_MINIONCE_1459	16	Picture	RW	1381190	0	1	43199	3	0	43200
S029_MINIONCE_1459	16	Response	51	1397172	15982	1
S029_MINIONCE_1459	16	Pulse	99	1410646	29456	NA
S029_MINIONCE_1459	16	Port Input	1	1410646	29456	NA
S029_MINIONCE_1459	16	Picture	15_T_RWTRIAD_RW_madera_red.png	1424389	43199	2	1901	3	43200	1800
S029_MINIONCE_1459	17	Picture	RW	1426489	0	2	43200	3	0	43200
S029_MINIONCE_1459	17	Response	51	1445646	19157	1
S029_MINIONCE_1459	17	Pulse	99	1446648	20159	NA
S029_MINIONCE_1459	17	Port Input	1	1446648	20159	NA
S029_MINIONCE_1459	17	Picture	16_T_RWTRIAD_RW_cerillas_red.png	1469689	43200	1	1900	2	43200	1800
S029_MINIONCE_1459	18	Picture	PW	1471889	0	1	43200	2	0	43200
S029_MINIONCE_1459	18	Pulse	99	1482648	10759	NA
S029_MINIONCE_1459	18	Port Input	1	1482648	10759	NA
S029_MINIONCE_1459	18	Response	51	1492325	20436	1
S029_MINIONCE_1459	18	Picture	17_T_PWTRIAD_PW_arbol_red.png	1515089	43200	1	1900	2	43200	1800
S029_MINIONCE_1459	19	Picture	PW	1517189	0	1	43200	2	0	43200
S029_MINIONCE_1459	19	Pulse	99	1518649	1460	NA
S029_MINIONCE_1459	19	Port Input	1	1518649	1460	NA
S029_MINIONCE_1459	19	Response	51	1532950	15761	1
S029_MINIONCE_1459	19	Pulse	99	1554650	37461	NA
S029_MINIONCE_1459	19	Port Input	1	1554650	37461	NA
S029_MINIONCE_1459	19	Picture	18_T_PWTRIAD_PW_leche_red.png	1560389	43200	1	1900	2	43200	1800
S029_MINIONCE_1459	20	Picture	PW	1562489	0	1	43199	2	0	43200
S029_MINIONCE_1459	20	Response	52	1580951	18462	1
S029_MINIONCE_1459	20	Pulse	99	1590651	28162	NA
S029_MINIONCE_1459	20	Port Input	1	1590651	28162	NA
S029_MINIONCE_1459	20	Picture	19_T_PWTRIAD_PW_manos_red.png	1605688	43199	1	1900	2	43200	1800
S029_MINIONCE_1459	21	Picture	PW	1607988	0	1	43100	2	0	43200
S029_MINIONCE_1459	21	Response	51	1621342	13354	1
S029_MINIONCE_1459	21	Pulse	99	1626652	18664	NA
S029_MINIONCE_1459	21	Port Input	1	1626652	18664	NA
S029_MINIONCE_1459	21	Picture	20_T_PWTRIAD_PW_monja_red.png	1651088	43100	1	1900	2	43200	1800
S029_MINIONCE_1459	22	Picture	rest	1653088	0	1	144099	2	0	144000
S029_MINIONCE_1459	22	Pulse	99	1662653	9565	NA
S029_MINIONCE_1459	22	Port Input	1	1662653	9565	NA
S029_MINIONCE_1459	22	Pulse	99	1698654	45566	NA
S029_MINIONCE_1459	22	Port Input	1	1698654	45566	NA
S029_MINIONCE_1459	22	Pulse	99	1734655	81567	NA
S029_MINIONCE_1459	22	Port Input	1	1734655	81567	NA
S029_MINIONCE_1459	22	Pulse	99	1770656	117568	NA
S029_MINIONCE_1459	22	Port Input	1	1770656	117568	NA
S029_MINIONCE_1459	23	Picture	endrest	1797287	0	1	10100	2	0	10000
S029_MINIONCE_1459	23	Pulse	99	1806657	9370	NA
S029_MINIONCE_1459	23	Port Input	1	1806657	9370	NA
S029_MINIONCE_1459	24	Picture	PW	1807587	0	1	43199	3	0	43200
S029_MINIONCE_1459	24	Response	52	1825514	17927	1
S029_MINIONCE_1459	24	Pulse	99	1842658	35071	NA
S029_MINIONCE_1459	24	Port Input	1	1842658	35071	NA
S029_MINIONCE_1459	24	Picture	23_T_PWTRIAD_PW_cuento_red.png	1850786	43199	2	1901	3	43200	1800
S029_MINIONCE_1459	25	Picture	PW	1852887	0	1	43199	2	0	43200
S029_MINIONCE_1459	25	Response	51	1864408	11521	1
S029_MINIONCE_1459	25	Pulse	99	1878659	25772	NA
S029_MINIONCE_1459	25	Port Input	1	1878659	25772	NA
S029_MINIONCE_1459	25	Picture	24_T_PWTRIAD_PW_pizarra_red.png	1896086	43199	1	1900	2	43200	1800
S029_MINIONCE_1459	26	Picture	PW	1898186	0	2	43200	3	0	43200
S029_MINIONCE_1459	26	Response	52	1908455	10269	1
S029_MINIONCE_1459	26	Pulse	99	1914660	16474	NA
S029_MINIONCE_1459	26	Port Input	1	1914660	16474	NA
S029_MINIONCE_1459	26	Picture	25_T_PWTRIAD_PW_raton_red.png	1941386	43200	1	1900	2	43200	1800
S029_MINIONCE_1459	27	Picture	PW	1943686	0	1	43099	3	0	43200
S029_MINIONCE_1459	27	Pulse	99	1950661	6975	NA
S029_MINIONCE_1459	27	Port Input	1	1950661	6975	NA
S029_MINIONCE_1459	27	Response	51	1953519	9833	1
S029_MINIONCE_1459	27	Pulse	99	1986662	42976	NA
S029_MINIONCE_1459	27	Port Input	1	1986662	42976	NA
S029_MINIONCE_1459	27	Picture	26_T_PWTRIAD_PW_grifo_red.png	1986785	43099	2	1901	3	43200	1800
S029_MINIONCE_1459	28	Picture	PW	1989086	0	1	43099	3	0	43200
S029_MINIONCE_1459	28	Response	51	1997850	8764	1
S029_MINIONCE_1459	28	Pulse	99	2022663	33577	NA
S029_MINIONCE_1459	28	Port Input	1	2022663	33577	NA
S029_MINIONCE_1459	28	Picture	27_T_PWTRIAD_PW_agua_red.png	2032185	43099	2	1900	4	43200	1800
S029_MINIONCE_1459	29	Picture	PW	2034285	0	2	43200	3	0	43200
S029_MINIONCE_1459	29	Response	52	2043295	9010	1
S029_MINIONCE_1459	29	Pulse	99	2058664	24379	NA
S029_MINIONCE_1459	29	Port Input	1	2058664	24379	NA
S029_MINIONCE_1459	29	Picture	28_T_PWTRIAD_PW_futbol_red.png	2077485	43200	1	1900	2	43200	1800
S029_MINIONCE_1459	30	Picture	PW	2079585	0	1	43200	2	0	43200
S029_MINIONCE_1459	30	Response	51	2086876	7291	1
S029_MINIONCE_1459	30	Pulse	99	2094665	15080	NA
S029_MINIONCE_1459	30	Port Input	1	2094665	15080	NA
S029_MINIONCE_1459	30	Picture	29_T_PWTRIAD_PW_bellota_red.png	2122785	43200	1	1900	2	43200	1800
S029_MINIONCE_1459	31	Picture	PW	2124885	0	1	43199	3	0	43200
S029_MINIONCE_1459	31	Pulse	99	2130666	5781	NA
S029_MINIONCE_1459	31	Port Input	1	2130666	5781	NA
S029_MINIONCE_1459	31	Response	52	2134458	9573	1
S029_MINIONCE_1459	31	Pulse	99	2166667	41782	NA
S029_MINIONCE_1459	31	Port Input	1	2166667	41782	NA
S029_MINIONCE_1459	31	Picture	30_T_PWTRIAD_PW_queso_red.png	2168084	43199	2	1900	4	43200	1800
S029_MINIONCE_1459	32	Picture	rest	2170084	0	2	144100	3	0	144000
S029_MINIONCE_1459	32	Pulse	99	2202668	32584	NA
S029_MINIONCE_1459	32	Port Input	1	2202668	32584	NA
S029_MINIONCE_1459	32	Pulse	99	2238669	68585	NA
S029_MINIONCE_1459	32	Port Input	1	2238669	68585	NA
S029_MINIONCE_1459	32	Pulse	99	2274670	104586	NA
S029_MINIONCE_1459	32	Port Input	1	2274670	104586	NA
S029_MINIONCE_1459	32	Pulse	99	2310671	140587	NA
S029_MINIONCE_1459	32	Port Input	1	2310671	140587	NA
S029_MINIONCE_1459	33	Picture	endrest	2314283	0	2	10100	4	0	10000
S029_MINIONCE_1459	34	Picture	FF	2324783	0	2	43100	3	0	43200
S029_MINIONCE_1459	34	Response	51	2332757	7974	1
S029_MINIONCE_1459	34	Pulse	99	2346672	21889	NA
S029_MINIONCE_1459	34	Port Input	1	2346672	21889	NA
S029_MINIONCE_1459	34	Picture	33_T_FFTRIAD_FF_pizarra_red.png	2367883	43100	1	1900	2	43200	1800
S029_MINIONCE_1459	35	Picture	FF	2370083	0	1	43200	2	0	43200
S029_MINIONCE_1459	35	Response	52	2381524	11441	1
S029_MINIONCE_1459	35	Pulse	99	2382673	12590	NA
S029_MINIONCE_1459	35	Port Input	1	2382673	12590	NA
S029_MINIONCE_1459	35	Picture	34_T_FFTRIAD_FF_almohada_red.png	2413283	43200	1	1900	2	43200	1800
S029_MINIONCE_1459	36	Picture	FF	2415383	0	1	43199	3	0	43200
S029_MINIONCE_1459	36	Pulse	99	2418674	3291	NA
S029_MINIONCE_1459	36	Port Input	1	2418674	3291	NA
S029_MINIONCE_1459	36	Response	51	2424975	9592	1
S029_MINIONCE_1459	36	Pulse	99	2454675	39292	NA
S029_MINIONCE_1459	36	Port Input	1	2454675	39292	NA
S029_MINIONCE_1459	36	Picture	35_T_FFTRIAD_FF_pluma_red.png	2458582	43199	2	1900	4	43200	1800
S029_MINIONCE_1459	37	Picture	FF	2460782	0	2	43200	3	0	43200
S029_MINIONCE_1459	37	Response	51	2473730	12948	1
S029_MINIONCE_1459	37	Pulse	99	2490676	29894	NA
S029_MINIONCE_1459	37	Port Input	1	2490676	29894	NA
S029_MINIONCE_1459	37	Picture	36_T_FFTRIAD_FF_futbol_red.png	2503982	43200	1	1900	2	43200	1800
S029_MINIONCE_1459	38	Picture	PW	2506082	0	1	43200	2	0	43200
S029_MINIONCE_1459	38	Response	51	2524848	18766	1
S029_MINIONCE_1459	38	Pulse	99	2526677	20595	NA
S029_MINIONCE_1459	38	Port Input	1	2526677	20595	NA
S029_MINIONCE_1459	38	Picture	37_T_PWTRIAD_PW_dedal_red.png	2549282	43200	1	1900	2	43200	1800
S029_MINIONCE_1459	39	Picture	PW	2551582	0	1	43100	2	0	43200
S029_MINIONCE_1459	39	Pulse	99	2562678	11096	NA
S029_MINIONCE_1459	39	Port Input	1	2562678	11096	NA
S029_MINIONCE_1459	39	Response	52	2564458	12876	1
S029_MINIONCE_1459	39	Picture	38_T_PWTRIAD_PW_lechuga_red.png	2594682	43100	1	1900	2	43200	1800
S029_MINIONCE_1459	40	Picture	PW	2596782	0	1	43199	2	0	43200
S029_MINIONCE_1459	40	Pulse	99	2598679	1897	NA
S029_MINIONCE_1459	40	Port Input	1	2598679	1897	NA
S029_MINIONCE_1459	40	Response	51	2607219	10437	1
S029_MINIONCE_1459	40	Pulse	99	2634680	37898	NA
S029_MINIONCE_1459	40	Port Input	1	2634680	37898	NA
S029_MINIONCE_1459	40	Picture	39_T_PWTRIAD_PW_sobre_red.png	2639981	43199	1	1900	2	43200	1800
S029_MINIONCE_1459	41	Picture	PW	2642081	0	1	43200	2	0	43200
S029_MINIONCE_1459	41	Response	52	2653995	11914	1
S029_MINIONCE_1459	41	Pulse	99	2670681	28600	NA
S029_MINIONCE_1459	41	Port Input	1	2670681	28600	NA
S029_MINIONCE_1459	41	Picture	40_T_PWTRIAD_PW_telefono_red.png	2685281	43200	1	1900	2	43200	1800
S029_MINIONCE_1459	42	Picture	rest	2687281	0	1	144099	2	0	144000
S029_MINIONCE_1459	42	Pulse	99	2706682	19401	NA
S029_MINIONCE_1459	42	Port Input	1	2706682	19401	NA
S029_MINIONCE_1459	42	Pulse	99	2742683	55402	NA
S029_MINIONCE_1459	42	Port Input	1	2742683	55402	NA
S029_MINIONCE_1459	42	Pulse	99	2778683	91402	NA
S029_MINIONCE_1459	42	Port Input	1	2778683	91402	NA
S029_MINIONCE_1459	42	Pulse	99	2814684	127403	NA
S029_MINIONCE_1459	42	Port Input	1	2814684	127403	NA
S029_MINIONCE_1459	43	Picture	endrest	2831480	0	1	10100	2	0	10000
S029_MINIONCE_1459	44	Picture	FF	2841780	0	1	43200	2	0	43200
S029_MINIONCE_1459	44	Pulse	99	2850685	8905	NA
S029_MINIONCE_1459	44	Port Input	1	2850685	8905	NA
S029_MINIONCE_1459	44	Response	51	2852859	11079	1
S029_MINIONCE_1459	44	Picture	43_T_FFTRIAD_FF_paracaidas_red.png	2884980	43200	1	1900	2	43200	1800
S029_MINIONCE_1459	44	Pulse	99	2886686	44906	NA
S029_MINIONCE_1459	44	Port Input	1	2886686	44906	NA
S029_MINIONCE_1459	45	Picture	FF	2887080	0	1	43199	2	0	43200
S029_MINIONCE_1459	45	Response	52	2898817	11737	1
S029_MINIONCE_1459	45	Pulse	99	2922687	35607	NA
S029_MINIONCE_1459	45	Port Input	1	2922687	35607	NA
S029_MINIONCE_1459	45	Picture	44_T_FFTRIAD_FF_telefono_red.png	2930279	43199	1	1900	2	43200	1800
S029_MINIONCE_1459	46	Picture	FF	2932379	0	1	43200	2	0	43200
S029_MINIONCE_1459	46	Response	51	2942020	9641	1
S029_MINIONCE_1459	46	Pulse	99	2958688	26309	NA
S029_MINIONCE_1459	46	Port Input	1	2958688	26309	NA
S029_MINIONCE_1459	46	Picture	45_T_FFTRIAD_FF_pincel_red.png	2975579	43200	1	1900	2	43200	1800
S029_MINIONCE_1459	47	Picture	FF	2977879	0	1	43100	2	0	43200
S029_MINIONCE_1459	47	Response	51	2987688	9809	2
S029_MINIONCE_1459	47	Pulse	99	2994689	16810	NA
S029_MINIONCE_1459	47	Port Input	1	2994689	16810	NA
S029_MINIONCE_1459	47	Picture	46_T_FFTRIAD_FF_lechuga_red.png	3020979	43100	1	1900	2	43200	1800
S029_MINIONCE_1459	48	Picture	RW	3023079	0	1	43199	2	0	43200
S029_MINIONCE_1459	48	Pulse	99	3030690	7611	NA
S029_MINIONCE_1459	48	Port Input	1	3030690	7611	NA
S029_MINIONCE_1459	48	Response	52	3048039	24960	1
S029_MINIONCE_1459	48	Picture	47_T_RWTRIAD_RW_mono_red.png	3066278	43199	1	1900	2	43200	1800
S029_MINIONCE_1459	48	Pulse	99	3066691	43612	NA
S029_MINIONCE_1459	48	Port Input	1	3066691	43612	NA
S029_MINIONCE_1459	49	Picture	RW	3068378	0	1	43200	2	0	43200
S029_MINIONCE_1459	49	Response	52	3087113	18735	2
S029_MINIONCE_1459	49	Pulse	99	3102692	34314	NA
S029_MINIONCE_1459	49	Port Input	1	3102692	34314	NA
S029_MINIONCE_1459	49	Picture	48_T_RWTRIAD_RW_anillo_red.png	3111578	43200	1	1900	2	43200	1800
S029_MINIONCE_1459	50	Picture	RW	3113678	0	1	43200	2	0	43200
S029_MINIONCE_1459	50	Response	51	3127545	13867	1
S029_MINIONCE_1459	50	Pulse	99	3138693	25015	NA
S029_MINIONCE_1459	50	Port Input	1	3138693	25015	NA
S029_MINIONCE_1459	50	Picture	49_T_RWTRIAD_RW_cortina_red.png	3156878	43200	1	1900	2	43200	1800
S029_MINIONCE_1459	51	Picture	RW	3158978	0	1	43199	3	0	43200
S029_MINIONCE_1459	51	Response	52	3173938	14960	1
S029_MINIONCE_1459	51	Pulse	99	3174694	15716	NA
S029_MINIONCE_1459	51	Port Input	1	3174694	15716	NA
S029_MINIONCE_1459	51	Picture	50_T_RWTRIAD_RW_lechuga_red.png	3202177	43199	2	1900	4	43200	1800
S029_MINIONCE_1459	52	Picture	rest	3204177	0	2	144099	4	0	144000
S029_MINIONCE_1459	52	Pulse	99	3210695	6518	NA
S029_MINIONCE_1459	52	Port Input	1	3210695	6518	NA
S029_MINIONCE_1459	52	Pulse	99	3246696	42519	NA
S029_MINIONCE_1459	52	Port Input	1	3246696	42519	NA
S029_MINIONCE_1459	52	Pulse	99	3282697	78520	NA
S029_MINIONCE_1459	52	Port Input	1	3282697	78520	NA
S029_MINIONCE_1459	52	Pulse	99	3318698	114521	NA
S029_MINIONCE_1459	52	Port Input	1	3318698	114521	NA
S029_MINIONCE_1459	53	Picture	endrest	3348376	0	2	10100	3	0	10000
S029_MINIONCE_1459	53	Pulse	99	3354699	6323	NA
S029_MINIONCE_1459	53	Port Input	1	3354699	6323	NA
S029_MINIONCE_1459	54	Picture	FF	3358676	0	1	43200	2	0	43200
S029_MINIONCE_1459	54	Response	52	3373832	15156	1
S029_MINIONCE_1459	54	Pulse	99	3390700	32024	NA
S029_MINIONCE_1459	54	Port Input	1	3390700	32024	NA
S029_MINIONCE_1459	54	Picture	53_T_FFTRIAD_FF_violin_red.png	3401876	43200	1	1900	2	43200	1800
S029_MINIONCE_1459	55	Picture	FF	3404176	0	1	43200	2	0	43200
S029_MINIONCE_1459	55	Response	51	3416877	12701	1
S029_MINIONCE_1459	55	Pulse	99	3426701	22525	NA
S029_MINIONCE_1459	55	Port Input	1	3426701	22525	NA
S029_MINIONCE_1459	55	Picture	54_T_FFTRIAD_FF_ascensor_red.png	3447376	43200	1	1900	2	43200	1800
S029_MINIONCE_1459	56	Picture	FF	3449476	0	1	43199	3	0	43200
S029_MINIONCE_1459	56	Response	52	3461608	12132	1
S029_MINIONCE_1459	56	Pulse	99	3462702	13226	NA
S029_MINIONCE_1459	56	Port Input	1	3462702	13226	NA
S029_MINIONCE_1459	56	Picture	55_T_FFTRIAD_FF_traje_red.png	3492675	43199	2	1900	4	43200	1800
S029_MINIONCE_1459	57	Picture	FF	3494775	0	2	43200	3	0	43200
S029_MINIONCE_1459	57	Pulse	99	3498703	3928	NA
S029_MINIONCE_1459	57	Port Input	1	3498703	3928	NA
S029_MINIONCE_1459	57	Response	51	3511487	16712	1
S029_MINIONCE_1459	57	Pulse	99	3534704	39929	NA
S029_MINIONCE_1459	57	Port Input	1	3534704	39929	NA
S029_MINIONCE_1459	57	Picture	56_T_FFTRIAD_FF_perro_red.png	3537975	43200	1	1900	2	43200	1800
S029_MINIONCE_1459	58	Picture	FF	3540075	0	1	43200	2	0	43200
S029_MINIONCE_1459	58	Response	52	3558492	18417	1
S029_MINIONCE_1459	58	Pulse	99	3570705	30630	NA
S029_MINIONCE_1459	58	Port Input	1	3570705	30630	NA
S029_MINIONCE_1459	58	Picture	57_T_FFTRIAD_FF_murcielago_red.png	3583275	43200	1	1900	2	43200	1800
S029_MINIONCE_1459	59	Picture	FF	3585375	0	1	43200	2	0	43200
S029_MINIONCE_1459	59	Response	51	3598912	13537	2
S029_MINIONCE_1459	59	Pulse	99	3606706	21331	NA
S029_MINIONCE_1459	59	Port Input	1	3606706	21331	NA
S029_MINIONCE_1459	59	Picture	58_T_FFTRIAD_FF_madera_red.png	3628575	43200	1	1900	2	43200	1800
S029_MINIONCE_1459	60	Picture	FF	3630674	0	2	43200	3	0	43200
S029_MINIONCE_1459	60	Response	52	3642669	11995	1
S029_MINIONCE_1459	60	Pulse	99	3642707	12033	NA
S029_MINIONCE_1459	60	Port Input	1	3642707	12033	NA
S029_MINIONCE_1459	60	Picture	59_T_FFTRIAD_FF_esquimal_red.png	3673874	43200	1	1900	2	43200	1800
S029_MINIONCE_1459	61	Picture	FF	3676174	0	1	43100	2	0	43200
S029_MINIONCE_1459	61	Pulse	99	3678708	2534	NA
S029_MINIONCE_1459	61	Port Input	1	3678708	2534	NA
S029_MINIONCE_1459	61	Response	51	3686099	9925	1
S029_MINIONCE_1459	61	Pulse	99	3714709	38535	NA
S029_MINIONCE_1459	61	Port Input	1	3714709	38535	NA
S029_MINIONCE_1459	61	Picture	60_T_FFTRIAD_FF_dado_red.png	3719274	43100	1	1900	2	43200	1800
S029_MINIONCE_1459	62	Picture	rest	3721274	0	1	144099	2	0	144000
S029_MINIONCE_1459	62	Pulse	99	3750710	29436	NA
S029_MINIONCE_1459	62	Port Input	1	3750710	29436	NA
S029_MINIONCE_1459	62	Pulse	99	3786711	65437	NA
S029_MINIONCE_1459	62	Port Input	1	3786711	65437	NA
S029_MINIONCE_1459	62	Pulse	99	3822712	101438	NA
S029_MINIONCE_1459	62	Port Input	1	3822712	101438	NA
S029_MINIONCE_1459	62	Pulse	99	3858713	137439	NA
S029_MINIONCE_1459	62	Port Input	1	3858713	137439	NA
S029_MINIONCE_1459	63	Picture	endrest	3865473	0	1	10100	2	0	10000
S029_MINIONCE_1459	64	Picture	FF	3875873	0	1	43200	2	0	43200
S029_MINIONCE_1459	64	Response	51	3886512	10639	1
S029_MINIONCE_1459	64	Pulse	99	3894714	18841	NA
S029_MINIONCE_1459	64	Port Input	1	3894714	18841	NA
S029_MINIONCE_1459	64	Picture	63_T_FFTRIAD_FF_bellota_red.png	3919073	43200	1	1900	2	43200	1800
S029_MINIONCE_1459	65	Picture	FF	3921173	0	1	43199	2	0	43200
S029_MINIONCE_1459	65	Pulse	99	3930715	9542	NA
S029_MINIONCE_1459	65	Port Input	1	3930715	9542	NA
S029_MINIONCE_1459	65	Response	51	3931922	10749	1
S029_MINIONCE_1459	65	Picture	64_T_FFTRIAD_FF_tijera_red.png	3964372	43199	1	1900	2	43200	1800
S029_MINIONCE_1459	66	Picture	FF	3966472	0	1	43200	2	0	43200
S029_MINIONCE_1459	66	Pulse	99	3966716	244	NA
S029_MINIONCE_1459	66	Port Input	1	3966716	244	NA
S029_MINIONCE_1459	66	Response	51	3979297	12825	1
S029_MINIONCE_1459	66	Pulse	99	4002717	36245	NA
S029_MINIONCE_1459	66	Port Input	1	4002717	36245	NA
S029_MINIONCE_1459	66	Picture	65_T_FFTRIAD_FF_grapadora_red.png	4009672	43200	1	1900	2	43200	1800
S029_MINIONCE_1459	67	Picture	FF	4011772	0	1	43200	2	0	43200
S029_MINIONCE_1459	67	Response	52	4028345	16573	1
S029_MINIONCE_1459	67	Pulse	99	4038718	26946	NA
S029_MINIONCE_1459	67	Port Input	1	4038718	26946	NA
S029_MINIONCE_1459	67	Picture	66_T_FFTRIAD_FF_chupete_red.png	4054972	43200	1	1900	2	43200	1800
S029_MINIONCE_1459	68	Picture	FF	4057072	0	1	43199	2	0	43200
S029_MINIONCE_1459	68	Response	52	4074156	17084	1
S029_MINIONCE_1459	68	Pulse	99	4074718	17646	NA
S029_MINIONCE_1459	68	Port Input	1	4074718	17646	NA
S029_MINIONCE_1459	68	Picture	67_T_FFTRIAD_FF_queso_red.png	4100271	43199	1	1900	2	43200	1800
S029_MINIONCE_1459	69	Picture	FF	4102371	0	1	43200	2	0	43200
S029_MINIONCE_1459	69	Pulse	99	4110719	8348	NA
S029_MINIONCE_1459	69	Port Input	1	4110719	8348	NA
S029_MINIONCE_1459	69	Response	51	4118563	16192	1
S029_MINIONCE_1459	69	Picture	68_T_FFTRIAD_FF_gafas_red.png	4145571	43200	1	1900	2	43200	1800
S029_MINIONCE_1459	69	Pulse	99	4146720	44349	NA
S029_MINIONCE_1459	69	Port Input	1	4146720	44349	NA
S029_MINIONCE_1459	70	Picture	FF	4147671	0	1	43200	2	0	43200
S029_MINIONCE_1459	70	Response	51	4161243	13572	1
S029_MINIONCE_1459	70	Pulse	99	4182721	35050	NA
S029_MINIONCE_1459	70	Port Input	1	4182721	35050	NA
S029_MINIONCE_1459	70	Picture	69_T_FFTRIAD_FF_martillo_red.png	4190871	43200	1	1900	2	43200	1800
S029_MINIONCE_1459	71	Picture	FF	4192971	0	1	43199	2	0	43200
S029_MINIONCE_1459	71	Response	52	4209760	16789	2
S029_MINIONCE_1459	71	Pulse	99	4218722	25751	NA
S029_MINIONCE_1459	71	Port Input	1	4218722	25751	NA
S029_MINIONCE_1459	71	Picture	70_T_FFTRIAD_FF_iglu_red.png	4236170	43199	1	1900	2	43200	1800
S029_MINIONCE_1459	72	Picture	rest	4238170	0	1	144099	2	0	144000
S029_MINIONCE_1459	72	Pulse	99	4254723	16553	NA
S029_MINIONCE_1459	72	Port Input	1	4254723	16553	NA
S029_MINIONCE_1459	72	Pulse	99	4290724	52554	NA
S029_MINIONCE_1459	72	Port Input	1	4290724	52554	NA
S029_MINIONCE_1459	72	Pulse	99	4326725	88555	NA
S029_MINIONCE_1459	72	Port Input	1	4326725	88555	NA
S029_MINIONCE_1459	72	Pulse	99	4362726	124556	NA
S029_MINIONCE_1459	72	Port Input	1	4362726	124556	NA
S029_MINIONCE_1459	73	Picture	endrest	4382369	0	2	10100	3	0	10000
S029_MINIONCE_1459	74	Picture	PW	4392669	0	2	43200	3	0	43200
S029_MINIONCE_1459	74	Pulse	99	4398727	6058	NA
S029_MINIONCE_1459	74	Port Input	1	4398727	6058	NA
S029_MINIONCE_1459	74	Response	52	4412666	19997	1
S029_MINIONCE_1459	74	Pulse	99	4434728	42059	NA
S029_MINIONCE_1459	74	Port Input	1	4434728	42059	NA
S029_MINIONCE_1459	74	Picture	73_T_PWTRIAD_PW_bala_red.png	4435869	43200	1	1900	2	43200	1800
S029_MINIONCE_1459	75	Picture	PW	4437969	0	1	43200	2	0	43200
S029_MINIONCE_1459	75	Response	51	4451200	13231	1
S029_MINIONCE_1459	75	Pulse	99	4470729	32760	NA
S029_MINIONCE_1459	75	Port Input	1	4470729	32760	NA
S029_MINIONCE_1459	75	Picture	74_T_PWTRIAD_PW_violin_red.png	4481169	43200	1	1900	2	43200	1800
S029_MINIONCE_1459	76	Picture	PW	4483269	0	1	43199	3	0	43200
S029_MINIONCE_1459	76	Response	52	4505217	21948	2
S029_MINIONCE_1459	76	Pulse	99	4506730	23461	NA
S029_MINIONCE_1459	76	Port Input	1	4506730	23461	NA
S029_MINIONCE_1459	76	Picture	75_T_PWTRIAD_PW_grapadora_red.png	4526468	43199	2	1900	3	43200	1800
S029_MINIONCE_1459	77	Picture	PW	4528568	0	2	43200	3	0	43200
S029_MINIONCE_1459	77	Response	51	4538981	10413	1
S029_MINIONCE_1459	77	Pulse	99	4542731	14163	NA
S029_MINIONCE_1459	77	Port Input	1	4542731	14163	NA
S029_MINIONCE_1459	77	Picture	76_T_PWTRIAD_PW_granjero_red.png	4571768	43200	1	1900	2	43200	1800
S029_MINIONCE_1459	78	Picture	RW	4573868	0	1	43200	2	0	43200
S029_MINIONCE_1459	78	Pulse	99	4578732	4864	NA
S029_MINIONCE_1459	78	Port Input	1	4578732	4864	NA
S029_MINIONCE_1459	78	Response	52	4589545	15677	1
S029_MINIONCE_1459	78	Pulse	99	4614733	40865	NA
S029_MINIONCE_1459	78	Port Input	1	4614733	40865	NA
S029_MINIONCE_1459	78	Picture	77_T_RWTRIAD_RW_queso_red.png	4617068	43200	1	1900	2	43200	1800
S029_MINIONCE_1459	79	Picture	RW	4619168	0	1	43200	2	0	43200
S029_MINIONCE_1459	79	Response	51	4644121	24953	2
S029_MINIONCE_1459	79	Pulse	99	4650734	31566	NA
S029_MINIONCE_1459	79	Port Input	1	4650734	31566	NA
S029_MINIONCE_1459	79	Picture	78_T_RWTRIAD_RW_estetoscopio_red.png	4662368	43200	1	1899	3	43200	1800
S029_MINIONCE_1459	80	Picture	RW	4664467	0	2	43200	3	0	43200
S029_MINIONCE_1459	80	Response	52	4675749	11282	2
S029_MINIONCE_1459	80	Pulse	99	4686735	22268	NA
S029_MINIONCE_1459	80	Port Input	1	4686735	22268	NA
S029_MINIONCE_1459	80	Picture	79_T_RWTRIAD_RW_paraguas_red.png	4707667	43200	1	1900	2	43200	1800
S029_MINIONCE_1459	81	Picture	RW	4709767	0	1	43200	2	0	43200
S029_MINIONCE_1459	81	Pulse	99	4722736	12969	NA
S029_MINIONCE_1459	81	Port Input	1	4722736	12969	NA
S029_MINIONCE_1459	81	Response	51	4723601	13834	1
S029_MINIONCE_1459	81	Picture	80_T_RWTRIAD_RW_telarana_red.png	4752967	43200	1	1900	2	43200	1800
S029_MINIONCE_1459	82	Picture	rest	4754967	0	1	144099	2	0	144000
S029_MINIONCE_1459	82	Pulse	99	4758737	3770	NA
S029_MINIONCE_1459	82	Port Input	1	4758737	3770	NA
S029_MINIONCE_1459	82	Pulse	99	4794738	39771	NA
S029_MINIONCE_1459	82	Port Input	1	4794738	39771	NA
S029_MINIONCE_1459	82	Pulse	99	4830739	75772	NA
S029_MINIONCE_1459	82	Port Input	1	4830739	75772	NA
S029_MINIONCE_1459	82	Pulse	99	4866740	111773	NA
S029_MINIONCE_1459	82	Port Input	1	4866740	111773	NA
S029_MINIONCE_1459	83	Picture	endrest	4899166	0	1	10100	2	0	10000
S029_MINIONCE_1459	83	Pulse	99	4902741	3575	NA
S029_MINIONCE_1459	83	Port Input	1	4902741	3575	NA
S029_MINIONCE_1459	84	Picture	PW	4909466	0	1	43199	3	0	43200
S029_MINIONCE_1459	84	Response	52	4928754	19288	1
S029_MINIONCE_1459	84	Pulse	99	4938742	29276	NA
S029_MINIONCE_1459	84	Port Input	1	4938742	29276	NA
S029_MINIONCE_1459	84	Picture	83_T_PWTRIAD_PW_carruaje_red.png	4952665	43199	2	1900	4	43200	1800
S029_MINIONCE_1459	85	Picture	PW	4954765	0	2	43200	3	0	43200
S029_MINIONCE_1459	85	Response	51	4966201	11436	1
S029_MINIONCE_1459	85	Pulse	99	4974743	19978	NA
S029_MINIONCE_1459	85	Port Input	1	4974743	19978	NA
S029_MINIONCE_1459	85	Picture	84_T_PWTRIAD_PW_lana_red.png	4997965	43200	1	1900	2	43200	1800
S029_MINIONCE_1459	86	Picture	PW	5000065	0	1	43200	2	0	43200
S029_MINIONCE_1459	86	Pulse	99	5010744	10679	NA
S029_MINIONCE_1459	86	Port Input	1	5010744	10679	NA
S029_MINIONCE_1459	86	Response	52	5011305	11240	1
S029_MINIONCE_1459	86	Picture	85_T_PWTRIAD_PW_estetoscopio_red.png	5043265	43200	1	1900	2	43200	1800
S029_MINIONCE_1459	87	Picture	PW	5045365	0	1	43200	2	0	43200
S029_MINIONCE_1459	87	Pulse	99	5046745	1380	NA
S029_MINIONCE_1459	87	Port Input	1	5046745	1380	NA
S029_MINIONCE_1459	87	Response	52	5073079	27714	1
S029_MINIONCE_1459	87	Pulse	99	5082746	37381	NA
S029_MINIONCE_1459	87	Port Input	1	5082746	37381	NA
S029_MINIONCE_1459	87	Picture	86_T_PWTRIAD_PW_destornillador_red.png	5088565	43200	1	1900	2	43200	1800
S029_MINIONCE_1459	88	Picture	RW	5090632	0	43	43232	44	0	43200
S029_MINIONCE_1459	88	Response	51	5109371	18739	2
S029_MINIONCE_1459	88	Pulse	99	5118747	28115	NA
S029_MINIONCE_1459	88	Port Input	1	5118747	28115	NA
S029_MINIONCE_1459	88	Picture	87_T_RWTRIAD_RW_teclado_red.png	5133864	43232	1	1900	2	43200	1800
S029_MINIONCE_1459	89	Picture	RW	5136164	0	1	43100	2	0	43200
S029_MINIONCE_1459	89	Response	51	5151794	15630	1
S029_MINIONCE_1459	89	Pulse	99	5154748	18584	NA
S029_MINIONCE_1459	89	Port Input	1	5154748	18584	NA
S029_MINIONCE_1459	89	Picture	88_T_RWTRIAD_RW_manos_red.png	5179264	43100	1	1900	2	43200	1800
S029_MINIONCE_1459	90	Picture	RW	5181364	0	1	43200	2	0	43200
S029_MINIONCE_1459	90	Pulse	99	5190749	9385	NA
S029_MINIONCE_1459	90	Port Input	1	5190749	9385	NA
S029_MINIONCE_1459	90	Response	51	5195611	14247	1
S029_MINIONCE_1459	90	Picture	89_T_RWTRIAD_RW_grifo_red.png	5224564	43200	1	1900	2	43200	1800
S029_MINIONCE_1459	91	Picture	RW	5226664	0	1	43199	2	0	43200
S029_MINIONCE_1459	91	Pulse	99	5226750	86	NA
S029_MINIONCE_1459	91	Port Input	1	5226750	86	NA
S029_MINIONCE_1459	91	Response	52	5247306	20642	2
S029_MINIONCE_1459	91	Pulse	99	5262751	36087	NA
S029_MINIONCE_1459	91	Port Input	1	5262751	36087	NA
S029_MINIONCE_1459	91	Picture	90_T_RWTRIAD_RW_arco_red.png	5269863	43199	1	1900	2	43200	1800
S029_MINIONCE_1459	92	Picture	rest	5271863	0	1	144099	2	0	144000
S029_MINIONCE_1459	92	Pulse	99	5298752	26889	NA
S029_MINIONCE_1459	92	Port Input	1	5298752	26889	NA
S029_MINIONCE_1459	92	Pulse	99	5334753	62890	NA
S029_MINIONCE_1459	92	Port Input	1	5334753	62890	NA
S029_MINIONCE_1459	92	Pulse	99	5370754	98891	NA
S029_MINIONCE_1459	92	Port Input	1	5370754	98891	NA
S029_MINIONCE_1459	92	Pulse	99	5406755	134892	NA
S029_MINIONCE_1459	92	Port Input	1	5406755	134892	NA
S029_MINIONCE_1459	93	Picture	endrest	5416062	0	1	10100	2	0	10000
S029_MINIONCE_1459	94	Picture	RW	5426362	0	1	43200	2	0	43200
S029_MINIONCE_1459	94	Response	52	5439914	13552	1
S029_MINIONCE_1459	94	Pulse	99	5442756	16394	NA
S029_MINIONCE_1459	94	Port Input	1	5442756	16394	NA
S029_MINIONCE_1459	94	Picture	93_T_RWTRIAD_RW_bebe_red.png	5469562	43200	1	1900	2	43200	1800
S029_MINIONCE_1459	95	Picture	RW	5471662	0	1	43200	2	0	43200
S029_MINIONCE_1459	95	Pulse	99	5478756	7094	NA
S029_MINIONCE_1459	95	Port Input	1	5478756	7094	NA
S029_MINIONCE_1459	95	Response	51	5492510	20848	1
S029_MINIONCE_1459	95	Pulse	99	5514758	43096	NA
S029_MINIONCE_1459	95	Port Input	1	5514758	43096	NA
S029_MINIONCE_1459	95	Picture	94_T_RWTRIAD_RW_portatil_red.png	5514862	43200	1	1900	2	43200	1800
S029_MINIONCE_1459	96	Picture	RW	5516962	0	1	43199	3	0	43200
S029_MINIONCE_1459	96	Response	52	5541076	24114	1
S029_MINIONCE_1459	96	Pulse	99	5550758	33796	NA
S029_MINIONCE_1459	96	Port Input	1	5550758	33796	NA
S029_MINIONCE_1459	96	Picture	95_T_RWTRIAD_RW_cuento_red.png	5560161	43199	2	1900	3	43200	1800
S029_MINIONCE_1459	97	Picture	RW	5562261	0	1	43200	2	0	43200
S029_MINIONCE_1459	97	Response	52	5582065	19804	1
S029_MINIONCE_1459	97	Pulse	99	5586759	24498	NA
S029_MINIONCE_1459	97	Port Input	1	5586759	24498	NA
S029_MINIONCE_1459	97	Picture	96_T_RWTRIAD_RW_lenador_red.png	5605461	43200	1	1900	2	43200	1800
S029_MINIONCE_1459	98	Picture	PW	5607561	0	1	43200	2	0	43200
S029_MINIONCE_1459	98	Response	51	5620172	12611	1
S029_MINIONCE_1459	98	Pulse	99	5622760	15199	NA
S029_MINIONCE_1459	98	Port Input	1	5622760	15199	NA
S029_MINIONCE_1459	98	Picture	97_T_PWTRIAD_PW_iglu_red.png	5650761	43200	1	1900	2	43200	1800
S029_MINIONCE_1459	99	Picture	PW	5652961	0	1	43199	3	0	43200
S029_MINIONCE_1459	99	Pulse	99	5658761	5800	NA
S029_MINIONCE_1459	99	Port Input	1	5658761	5800	NA
S029_MINIONCE_1459	99	Response	52	5665180	12219	1
S029_MINIONCE_1459	99	Pulse	99	5694762	41801	NA
S029_MINIONCE_1459	99	Port Input	1	5694762	41801	NA
S029_MINIONCE_1459	99	Picture	98_T_PWTRIAD_PW_tijera_red.png	5696160	43199	2	1900	4	43200	1800
S029_MINIONCE_1459	100	Picture	PW	5698460	0	1	43100	2	0	43200
S029_MINIONCE_1459	100	Response	51	5710079	11619	1
S029_MINIONCE_1459	100	Pulse	99	5730763	32303	NA
S029_MINIONCE_1459	100	Port Input	1	5730763	32303	NA
S029_MINIONCE_1459	100	Picture	99_T_PWTRIAD_PW_pluma_red.png	5741560	43100	1	1900	2	43200	1800
S029_MINIONCE_1459	101	Picture	PW	5743760	0	1	43200	2	0	43200
S029_MINIONCE_1459	101	Response	52	5753257	9497	1
S029_MINIONCE_1459	101	Pulse	99	5766764	23004	NA
S029_MINIONCE_1459	101	Port Input	1	5766764	23004	NA
S029_MINIONCE_1459	101	Picture	100_T_PWTRIAD_PW_banera_red.png	5786960	43200	1	1900	2	43200	1800
S029_MINIONCE_1459	102	Picture	rest	5788960	0	1	144099	2	0	144000
S029_MINIONCE_1459	102	Pulse	99	5802765	13805	NA
S029_MINIONCE_1459	102	Port Input	1	5802765	13805	NA
S029_MINIONCE_1459	102	Pulse	99	5838766	49806	NA
S029_MINIONCE_1459	102	Port Input	1	5838766	49806	NA
S029_MINIONCE_1459	102	Pulse	99	5874767	85807	NA
S029_MINIONCE_1459	102	Port Input	1	5874767	85807	NA
S029_MINIONCE_1459	102	Pulse	99	5910768	121808	NA
S029_MINIONCE_1459	102	Port Input	1	5910768	121808	NA
S029_MINIONCE_1459	103	Picture	endrest	5933159	0	1	10100	2	0	10000
S029_MINIONCE_1459	104	Picture	RW	5943459	0	1	43199	3	0	43200
S029_MINIONCE_1459	104	Pulse	99	5946769	3310	NA
S029_MINIONCE_1459	104	Port Input	1	5946769	3310	NA
S029_MINIONCE_1459	104	Response	52	5961810	18351	1
S029_MINIONCE_1459	104	Pulse	99	5982770	39311	NA
S029_MINIONCE_1459	104	Port Input	1	5982770	39311	NA
S029_MINIONCE_1459	104	Picture	103_T_RWTRIAD_RW_futbol_red.png	5986658	43199	2	1900	4	43200	1800
S029_MINIONCE_1459	105	Picture	RW	5988758	0	2	43200	3	0	43200
S029_MINIONCE_1459	105	Response	51	6001704	12946	2
S029_MINIONCE_1459	105	Pulse	99	6018771	30013	NA
S029_MINIONCE_1459	105	Port Input	1	6018771	30013	NA
S029_MINIONCE_1459	105	Picture	104_T_RWTRIAD_RW_dedal_red.png	6031958	43200	1	1900	2	43200	1800
S029_MINIONCE_1459	106	Picture	RW	6034058	0	1	43200	2	0	43200
S029_MINIONCE_1459	106	Response	51	6051601	17543	2
S029_MINIONCE_1459	106	Pulse	99	6054772	20714	NA
S029_MINIONCE_1459	106	Port Input	1	6054772	20714	NA
S029_MINIONCE_1459	106	Picture	105_T_RWTRIAD_RW_telefono_red.png	6077258	43200	1	1900	2	43200	1800
S029_MINIONCE_1459	107	Picture	RW	6079358	0	1	43199	3	0	43200
S029_MINIONCE_1459	107	Pulse	99	6090773	11415	NA
S029_MINIONCE_1459	107	Port Input	1	6090773	11415	NA
S029_MINIONCE_1459	107	Response	52	6095645	16287	1
S029_MINIONCE_1459	107	Picture	106_T_RWTRIAD_RW_gafas_red.png	6122557	43199	2	1900	4	43200	1800
S029_MINIONCE_1459	108	Picture	PW	6124658	0	1	43199	2	0	43200
S029_MINIONCE_1459	108	Pulse	99	6126774	2116	NA
S029_MINIONCE_1459	108	Port Input	1	6126774	2116	NA
S029_MINIONCE_1459	108	Response	52	6147206	22548	1
S029_MINIONCE_1459	108	Pulse	99	6162775	38117	NA
S029_MINIONCE_1459	108	Port Input	1	6162775	38117	NA
S029_MINIONCE_1459	108	Picture	107_T_PWTRIAD_PW_llave_red.png	6167857	43199	1	1900	2	43200	1800
S029_MINIONCE_1459	109	Picture	PW	6169957	0	1	43200	2	0	43200
S029_MINIONCE_1459	109	Response	51	6180726	10769	2
S029_MINIONCE_1459	109	Pulse	99	6198776	28819	NA
S029_MINIONCE_1459	109	Port Input	1	6198776	28819	NA
S029_MINIONCE_1459	109	Picture	108_T_PWTRIAD_PW_mono_red.png	6213157	43200	1	1900	2	43200	1800
S029_MINIONCE_1459	110	Picture	PW	6215257	0	1	43200	2	0	43200
S029_MINIONCE_1459	110	Pulse	99	6234777	19520	NA
S029_MINIONCE_1459	110	Port Input	1	6234777	19520	NA
S029_MINIONCE_1459	110	Response	52	6239971	24714	1
S029_MINIONCE_1459	110	Picture	109_T_PWTRIAD_PW_paracaidas_red.png	6258457	43200	1	1900	2	43200	1800
S029_MINIONCE_1459	111	Picture	PW	6260557	0	1	43199	2	0	43200
S029_MINIONCE_1459	111	Pulse	99	6270778	10221	NA
S029_MINIONCE_1459	111	Port Input	1	6270778	10221	NA
S029_MINIONCE_1459	111	Response	51	6275121	14564	1
S029_MINIONCE_1459	111	Picture	110_T_PWTRIAD_PW_oruga_red.png	6303756	43199	1	1900	2	43200	1800
S029_MINIONCE_1459	112	Picture	rest	6305756	0	1	144099	2	0	144000
S029_MINIONCE_1459	112	Pulse	99	6306779	1023	NA
S029_MINIONCE_1459	112	Port Input	1	6306779	1023	NA
S029_MINIONCE_1459	113	Picture	endrest	6449955	0	1	10100	2	0	10000
S029_MINIONCE_1459	114	Picture	RW	6460255	0	1	43200	2	0	43200
S029_MINIONCE_1459	114	Response	52	6472916	12661	1
S029_MINIONCE_1459	114	Picture	113_T_RWTRIAD_RW_esquimal_red.png	6503455	43200	1	1900	2	43200	1800
S029_MINIONCE_1459	115	Picture	RW	6505555	0	1	43200	2	0	43200
S029_MINIONCE_1459	115	Response	52	6533378	27823	1
S029_MINIONCE_1459	115	Picture	114_T_RWTRIAD_RW_llave_red.png	6548755	43200	1	1900	2	43200	1800
S029_MINIONCE_1459	116	Picture	RW	6550855	0	1	43199	2	0	43200
S029_MINIONCE_1459	116	Response	52	6593122	42267	1
S029_MINIONCE_1459	116	Picture	115_T_RWTRIAD_RW_paracaidas_red.png	6594054	43199	1	1900	2	43200	1800
S029_MINIONCE_1459	117	Picture	RW	6596354	0	1	43100	2	0	43200
S029_MINIONCE_1459	117	Response	51	6610465	14111	2
S029_MINIONCE_1459	117	Picture	116_T_RWTRIAD_RW_chupete_red.png	6639454	43100	1	1900	2	43200	1800
S029_MINIONCE_1459	118	Picture	PW	6641554	0	1	43200	2	0	43200
S029_MINIONCE_1459	118	Response	51	6656824	15270	1
S029_MINIONCE_1459	118	Picture	117_T_PWTRIAD_PW_murcielago_red.png	6684754	43200	1	1900	2	43200	1800
S029_MINIONCE_1459	119	Picture	PW	6686854	0	1	43199	2	0	43200
S029_MINIONCE_1459	119	Response	52	6695608	8754	1
S029_MINIONCE_1459	119	Picture	118_T_PWTRIAD_PW_policia_red.png	6730053	43199	1	1900	2	43200	1800
S029_MINIONCE_1459	120	Picture	PW	6732253	0	1	43200	3	0	43200
S029_MINIONCE_1459	120	Response	51	6739449	7196	1
S029_MINIONCE_1459	120	Picture	119_T_PWTRIAD_PW_dado_red.png	6775453	43200	2	1900	3	43200	1800
S029_MINIONCE_1459	121	Picture	PW	6777753	0	1	43100	3	0	43200
S029_MINIONCE_1459	121	Response	51	6786029	8276	1
S029_MINIONCE_1459	121	Picture	120_T_PWTRIAD_PW_arco_red.png	6820853	43100	2	1900	3	43200	1800
S029_MINIONCE_1459	122	Picture	rest	6822853	0	1	144099	2	0	144000
S029_MINIONCE_1459	123	Picture	endrest	6967051	0	2	10100	4	0	10000
S029_MINIONCE_1459	124	Picture	FF	6977351	0	3	43199	6	0	43200
S029_MINIONCE_1459	124	Response	52	6992777	15426	1
S029_MINIONCE_1459	124	Picture	123_T_FFTRIAD_FF_arco_red.png	7020550	43199	3	1900	6	43200	1800
S029_MINIONCE_1459	125	Picture	FF	7022850	0	3	43101	4	0	43200
S029_MINIONCE_1459	125	Response	51	7033068	10218	1
S029_MINIONCE_1459	125	Picture	124_T_FFTRIAD_FF_silla_red.png	7065951	43101	1	1899	3	43200	1800
S029_MINIONCE_1459	126	Picture	FF	7068050	0	2	43199	5	0	43200
S029_MINIONCE_1459	126	Response	52	7076825	8775	1
S029_MINIONCE_1459	126	Picture	125_T_FFTRIAD_FF_monja_red.png	7111249	43199	3	1902	4	43200	1800
S029_MINIONCE_1459	127	Picture	FF	7113449	0	3	43201	5	0	43200
S029_MINIONCE_1459	127	Response	51	7122649	9200	1
S029_MINIONCE_1459	127	Picture	126_T_FFTRIAD_FF_cortina_red.png	7156650	43201	2	1900	4	43200	1800
S029_MINIONCE_1459	128	Picture	FF	7158750	0	2	43200	3	0	43200
S029_MINIONCE_1459	128	Response	52	7167665	8915	2
S029_MINIONCE_1459	128	Picture	127_T_FFTRIAD_FF_dedal_red.png	7201950	43200	1	1900	2	43200	1800
S029_MINIONCE_1459	129	Picture	FF	7204250	0	1	43100	2	0	43200
S029_MINIONCE_1459	129	Response	51	7212548	8298	1
S029_MINIONCE_1459	129	Picture	128_T_FFTRIAD_FF_charco_red.png	7247350	43100	1	1900	2	43200	1800
S029_MINIONCE_1459	130	Picture	FF	7249450	0	1	43200	2	0	43200
S029_MINIONCE_1459	130	Response	51	7269297	19847	1
S029_MINIONCE_1459	130	Picture	129_T_FFTRIAD_FF_sombrilla_red.png	7292650	43200	1	1899	3	43200	1800
S029_MINIONCE_1459	131	Picture	FF	7294849	0	2	43100	3	0	43200
S029_MINIONCE_1459	131	Response	52	7307278	12429	1
S029_MINIONCE_1459	131	Picture	130_T_FFTRIAD_FF_pilas_red.png	7337949	43100	1	1900	2	43200	1800
S029_MINIONCE_1459	132	Picture	rest	7339949	0	1	144099	2	0	144000
S029_MINIONCE_1459	133	Picture	endrest	7484148	0	1	10100	2	0	10000
S029_MINIONCE_1459	134	Picture	FF	7494448	0	1	43200	2	0	43200
S029_MINIONCE_1459	134	Response	52	7507298	12850	2
S029_MINIONCE_1459	134	Picture	133_T_FFTRIAD_FF_botella_red.png	7537648	43200	1	1900	2	43200	1800
S029_MINIONCE_1459	135	Picture	FF	7539748	0	1	43200	2	0	43200
S029_MINIONCE_1459	135	Response	51	7552661	12913	1
S029_MINIONCE_1459	135	Picture	134_T_FFTRIAD_FF_portatil_red.png	7582948	43200	1	1900	2	43200	1800
S029_MINIONCE_1459	136	Picture	FF	7585048	0	1	43199	2	0	43200
S029_MINIONCE_1459	136	Response	52	7592931	7883	1
S029_MINIONCE_1459	136	Picture	135_T_FFTRIAD_FF_carruaje_red.png	7628247	43199	1	1900	2	43200	1800
S029_MINIONCE_1459	137	Picture	FF	7630447	0	1	43200	2	0	43200
S029_MINIONCE_1459	137	Response	51	7637471	7024	1
S029_MINIONCE_1459	137	Picture	136_T_FFTRIAD_FF_cerillas_red.png	7673647	43200	1	1900	2	43200	1800
S029_MINIONCE_1459	138	Picture	rest	7675647	0	1	144099	2	0	144000
S029_MINIONCE_1459	139	Picture	endrest	7819846	0	1	10100	2	0	10000
S029_MINIONCE_1459	140	Picture	endrest	7830046	0	1	10100	2	0	10000
S029_MINIONCE_1459	141	Picture	endrest	7840246	0	1	10100	2	0	10000
S029_MINIONCE_1459	142	Picture	endrest	7850446	0	1	10100	2	0	10000
