Scenario - vOT_Triads_fMRI_II
Logfile written - 03/08/2016 12:26:56

Subject	Trial	Event Type	Code	Time	TTime	Uncertainty	Duration	Uncertainty	ReqTime	ReqDur

S029_DAY1_MINITWICE_5186	1	Pulse	99	205227	215144	NA
S029_DAY1_MINITWICE_5186	1	Port Input	1	205227	215144	NA
S029_DAY1_MINITWICE_5186	1	Pulse	99	241228	251145	NA
S029_DAY1_MINITWICE_5186	1	Port Input	1	241228	251145	NA
S029_DAY1_MINITWICE_5186	1	Pulse	99	277229	287146	NA
S029_DAY1_MINITWICE_5186	1	Port Input	1	277229	287146	NA
S029_DAY1_MINITWICE_5186	1	Pulse	99	313230	323147	NA
S029_DAY1_MINITWICE_5186	1	Port Input	1	313230	323147	NA
S029_DAY1_MINITWICE_5186	1	Pulse	99	349232	359149	NA
S029_DAY1_MINITWICE_5186	1	Port Input	1	349232	359149	NA
S029_DAY1_MINITWICE_5186	2	Picture	rest	349497	0	1	144099	3	0	144000
S029_DAY1_MINITWICE_5186	2	Pulse	99	385233	35736	NA
S029_DAY1_MINITWICE_5186	2	Port Input	1	385233	35736	NA
S029_DAY1_MINITWICE_5186	2	Pulse	99	421234	71737	NA
S029_DAY1_MINITWICE_5186	2	Port Input	1	421234	71737	NA
S029_DAY1_MINITWICE_5186	2	Pulse	99	457235	107738	NA
S029_DAY1_MINITWICE_5186	2	Port Input	1	457235	107738	NA
S029_DAY1_MINITWICE_5186	2	Pulse	99	493236	143739	NA
S029_DAY1_MINITWICE_5186	2	Port Input	1	493236	143739	NA
S029_DAY1_MINITWICE_5186	3	Picture	endrest	493696	0	2	10100	4	0	10000
S029_DAY1_MINITWICE_5186	4	Picture	RW	503996	0	2	43200	3	0	43200
S029_DAY1_MINITWICE_5186	4	Response	52	524413	20417	1
S029_DAY1_MINITWICE_5186	4	Pulse	99	529237	25241	NA
S029_DAY1_MINITWICE_5186	4	Port Input	1	529237	25241	NA
S029_DAY1_MINITWICE_5186	4	Picture	3_T_RWTRIAD_RW_pincel_red.png	547196	43200	1	1900	2	43200	1800
S029_DAY1_MINITWICE_5186	5	Picture	RW	549296	0	1	43200	2	0	43200
S029_DAY1_MINITWICE_5186	5	Pulse	99	565238	15942	NA
S029_DAY1_MINITWICE_5186	5	Port Input	1	565238	15942	NA
S029_DAY1_MINITWICE_5186	5	Response	52	567156	17860	1
S029_DAY1_MINITWICE_5186	5	Picture	4_T_RWTRIAD_RW_sapo_red.png	592496	43200	1	1900	2	43200	1800
S029_DAY1_MINITWICE_5186	6	Picture	RW	594596	0	1	43200	2	0	43200
S029_DAY1_MINITWICE_5186	6	Pulse	99	601239	6643	NA
S029_DAY1_MINITWICE_5186	6	Port Input	1	601239	6643	NA
S029_DAY1_MINITWICE_5186	6	Response	52	615676	21080	1
S029_DAY1_MINITWICE_5186	6	Pulse	99	637240	42644	NA
S029_DAY1_MINITWICE_5186	6	Port Input	1	637240	42644	NA
S029_DAY1_MINITWICE_5186	6	Picture	5_T_RWTRIAD_RW_oruga_red.png	637796	43200	1	1900	2	43200	1800
S029_DAY1_MINITWICE_5186	7	Picture	RW	639896	0	1	43200	2	0	43200
S029_DAY1_MINITWICE_5186	7	Response	51	660112	20216	1
S029_DAY1_MINITWICE_5186	7	Pulse	99	673242	33346	NA
S029_DAY1_MINITWICE_5186	7	Port Input	1	673242	33346	NA
S029_DAY1_MINITWICE_5186	7	Picture	6_T_RWTRIAD_RW_pilas_red.png	683096	43200	1	1900	2	43200	1800
S029_DAY1_MINITWICE_5186	8	Picture	RW	685196	0	1	43200	2	0	43200
S029_DAY1_MINITWICE_5186	8	Response	51	701625	16429	1
S029_DAY1_MINITWICE_5186	8	Pulse	99	709243	24047	NA
S029_DAY1_MINITWICE_5186	8	Port Input	1	709243	24047	NA
S029_DAY1_MINITWICE_5186	8	Picture	7_T_RWTRIAD_RW_bala_red.png	728396	43200	1	1900	2	43200	1800
S029_DAY1_MINITWICE_5186	9	Picture	RW	730496	0	1	43200	2	0	43200
S029_DAY1_MINITWICE_5186	9	Pulse	99	745244	14748	NA
S029_DAY1_MINITWICE_5186	9	Port Input	1	745244	14748	NA
S029_DAY1_MINITWICE_5186	9	Response	51	748859	18363	1
S029_DAY1_MINITWICE_5186	9	Picture	8_T_RWTRIAD_RW_tenedor_red.png	773696	43200	1	1900	2	43200	1800
S029_DAY1_MINITWICE_5186	10	Picture	RW	775796	0	1	43200	2	0	43200
S029_DAY1_MINITWICE_5186	10	Pulse	99	781245	5449	NA
S029_DAY1_MINITWICE_5186	10	Port Input	1	781245	5449	NA
S029_DAY1_MINITWICE_5186	10	Response	52	791901	16105	1
S029_DAY1_MINITWICE_5186	10	Pulse	99	817246	41450	NA
S029_DAY1_MINITWICE_5186	10	Port Input	1	817246	41450	NA
S029_DAY1_MINITWICE_5186	10	Picture	9_T_RWTRIAD_RW_sombrilla_red.png	818996	43200	1	1900	2	43200	1800
S029_DAY1_MINITWICE_5186	11	Picture	RW	821096	0	1	43199	3	0	43200
S029_DAY1_MINITWICE_5186	11	Response	51	837670	16574	1
S029_DAY1_MINITWICE_5186	11	Pulse	99	853247	32151	NA
S029_DAY1_MINITWICE_5186	11	Port Input	1	853247	32151	NA
S029_DAY1_MINITWICE_5186	11	Picture	10_T_RWTRIAD_RW_novia_red.png	864295	43199	2	1900	4	43200	1800
S029_DAY1_MINITWICE_5186	12	Picture	rest	866295	0	2	144100	3	0	144000
S029_DAY1_MINITWICE_5186	12	Pulse	99	889248	22953	NA
S029_DAY1_MINITWICE_5186	12	Port Input	1	889248	22953	NA
S029_DAY1_MINITWICE_5186	12	Pulse	99	925249	58954	NA
S029_DAY1_MINITWICE_5186	12	Port Input	1	925249	58954	NA
S029_DAY1_MINITWICE_5186	12	Pulse	99	961251	94956	NA
S029_DAY1_MINITWICE_5186	12	Port Input	1	961251	94956	NA
S029_DAY1_MINITWICE_5186	12	Pulse	99	997252	130957	NA
S029_DAY1_MINITWICE_5186	12	Port Input	1	997252	130957	NA
S029_DAY1_MINITWICE_5186	13	Picture	endrest	1010495	0	1	10100	2	0	10000
S029_DAY1_MINITWICE_5186	14	Picture	RW	1020795	0	1	43200	2	0	43200
S029_DAY1_MINITWICE_5186	14	Pulse	99	1033253	12458	NA
S029_DAY1_MINITWICE_5186	14	Port Input	1	1033253	12458	NA
S029_DAY1_MINITWICE_5186	14	Response	52	1035520	14725	1
S029_DAY1_MINITWICE_5186	14	Picture	13_T_RWTRIAD_RW_huevos_red.png	1063995	43200	1	1900	2	43200	1800
S029_DAY1_MINITWICE_5186	15	Picture	RW	1066095	0	1	43200	2	0	43200
S029_DAY1_MINITWICE_5186	15	Pulse	99	1069254	3159	NA
S029_DAY1_MINITWICE_5186	15	Port Input	1	1069254	3159	NA
S029_DAY1_MINITWICE_5186	15	Response	51	1096699	30604	1
S029_DAY1_MINITWICE_5186	15	Pulse	99	1105255	39160	NA
S029_DAY1_MINITWICE_5186	15	Port Input	1	1105255	39160	NA
S029_DAY1_MINITWICE_5186	15	Picture	14_T_RWTRIAD_RW_piramide_red.png	1109295	43200	1	1900	2	43200	1800
S029_DAY1_MINITWICE_5186	16	Picture	RW	1111395	0	1	43200	2	0	43200
S029_DAY1_MINITWICE_5186	16	Response	51	1129181	17786	1
S029_DAY1_MINITWICE_5186	16	Pulse	99	1141256	29861	NA
S029_DAY1_MINITWICE_5186	16	Port Input	1	1141256	29861	NA
S029_DAY1_MINITWICE_5186	16	Picture	15_T_RWTRIAD_RW_madera_red.png	1154595	43200	1	1900	2	43200	1800
S029_DAY1_MINITWICE_5186	17	Picture	RW	1156694	0	2	43200	4	0	43200
S029_DAY1_MINITWICE_5186	17	Pulse	99	1177257	20563	NA
S029_DAY1_MINITWICE_5186	17	Port Input	1	1177257	20563	NA
S029_DAY1_MINITWICE_5186	17	Response	51	1184123	27429	1
S029_DAY1_MINITWICE_5186	17	Picture	16_T_RWTRIAD_RW_cerillas_red.png	1199894	43200	2	1900	4	43200	1800
S029_DAY1_MINITWICE_5186	18	Picture	PW	1201994	0	2	43200	3	0	43200
S029_DAY1_MINITWICE_5186	18	Pulse	99	1213258	11264	NA
S029_DAY1_MINITWICE_5186	18	Port Input	1	1213258	11264	NA
S029_DAY1_MINITWICE_5186	18	Response	51	1227965	25971	1
S029_DAY1_MINITWICE_5186	18	Picture	17_T_PWTRIAD_PW_arbol_red.png	1245194	43200	1	1900	2	43200	1800
S029_DAY1_MINITWICE_5186	19	Picture	PW	1247294	0	1	43200	2	0	43200
S029_DAY1_MINITWICE_5186	19	Pulse	99	1249259	1965	NA
S029_DAY1_MINITWICE_5186	19	Port Input	1	1249259	1965	NA
S029_DAY1_MINITWICE_5186	19	Response	52	1264819	17525	1
S029_DAY1_MINITWICE_5186	19	Pulse	99	1285260	37966	NA
S029_DAY1_MINITWICE_5186	19	Port Input	1	1285260	37966	NA
S029_DAY1_MINITWICE_5186	19	Picture	18_T_PWTRIAD_PW_leche_red.png	1290494	43200	1	1900	2	43200	1800
S029_DAY1_MINITWICE_5186	20	Picture	PW	1292594	0	1	43200	2	0	43200
S029_DAY1_MINITWICE_5186	20	Pulse	99	1321262	28668	NA
S029_DAY1_MINITWICE_5186	20	Port Input	1	1321262	28668	NA
S029_DAY1_MINITWICE_5186	20	Response	51	1322792	30198	1
S029_DAY1_MINITWICE_5186	20	Picture	19_T_PWTRIAD_PW_manos_red.png	1335794	43200	1	1900	2	43200	1800
S029_DAY1_MINITWICE_5186	21	Picture	PW	1337894	0	1	43200	2	0	43200
S029_DAY1_MINITWICE_5186	21	Pulse	99	1357263	19369	NA
S029_DAY1_MINITWICE_5186	21	Port Input	1	1357263	19369	NA
S029_DAY1_MINITWICE_5186	21	Response	51	1358521	20627	1
S029_DAY1_MINITWICE_5186	21	Picture	20_T_PWTRIAD_PW_monja_red.png	1381094	43200	1	1900	2	43200	1800
S029_DAY1_MINITWICE_5186	22	Picture	rest	1383094	0	1	144099	3	0	144000
S029_DAY1_MINITWICE_5186	22	Pulse	99	1393264	10170	NA
S029_DAY1_MINITWICE_5186	22	Port Input	1	1393264	10170	NA
S029_DAY1_MINITWICE_5186	22	Pulse	99	1429265	46171	NA
S029_DAY1_MINITWICE_5186	22	Port Input	1	1429265	46171	NA
S029_DAY1_MINITWICE_5186	22	Pulse	99	1465266	82172	NA
S029_DAY1_MINITWICE_5186	22	Port Input	1	1465266	82172	NA
S029_DAY1_MINITWICE_5186	22	Pulse	99	1501267	118173	NA
S029_DAY1_MINITWICE_5186	22	Port Input	1	1501267	118173	NA
S029_DAY1_MINITWICE_5186	23	Picture	endrest	1527293	0	2	10100	4	0	10000
S029_DAY1_MINITWICE_5186	23	Pulse	99	1537268	9975	NA
S029_DAY1_MINITWICE_5186	23	Port Input	1	1537268	9975	NA
S029_DAY1_MINITWICE_5186	24	Picture	PW	1537593	0	1	43200	2	0	43200
S029_DAY1_MINITWICE_5186	24	Response	51	1564727	27134	1
S029_DAY1_MINITWICE_5186	24	Pulse	99	1573269	35676	NA
S029_DAY1_MINITWICE_5186	24	Port Input	1	1573269	35676	NA
S029_DAY1_MINITWICE_5186	24	Picture	23_T_PWTRIAD_PW_cuento_red.png	1580793	43200	1	1900	2	43200	1800
S029_DAY1_MINITWICE_5186	25	Picture	PW	1582893	0	1	43200	2	0	43200
S029_DAY1_MINITWICE_5186	25	Pulse	99	1609271	26378	NA
S029_DAY1_MINITWICE_5186	25	Port Input	1	1609271	26378	NA
S029_DAY1_MINITWICE_5186	25	Response	51	1614529	31636	1
S029_DAY1_MINITWICE_5186	25	Picture	24_T_PWTRIAD_PW_pizarra_red.png	1626093	43200	1	1900	2	43200	1800
S029_DAY1_MINITWICE_5186	26	Picture	PW	1628193	0	1	43200	2	0	43200
S029_DAY1_MINITWICE_5186	26	Pulse	99	1645272	17079	NA
S029_DAY1_MINITWICE_5186	26	Port Input	1	1645272	17079	NA
S029_DAY1_MINITWICE_5186	26	Response	52	1651786	23593	1
S029_DAY1_MINITWICE_5186	26	Picture	25_T_PWTRIAD_PW_raton_red.png	1671393	43200	1	1900	2	43200	1800
S029_DAY1_MINITWICE_5186	27	Picture	PW	1673493	0	1	43200	2	0	43200
S029_DAY1_MINITWICE_5186	27	Pulse	99	1681273	7780	NA
S029_DAY1_MINITWICE_5186	27	Port Input	1	1681273	7780	NA
S029_DAY1_MINITWICE_5186	27	Response	51	1700276	26783	1
S029_DAY1_MINITWICE_5186	27	Picture	26_T_PWTRIAD_PW_grifo_red.png	1716693	43200	1	1900	2	43200	1800
S029_DAY1_MINITWICE_5186	27	Pulse	99	1717274	43781	NA
S029_DAY1_MINITWICE_5186	27	Port Input	1	1717274	43781	NA
S029_DAY1_MINITWICE_5186	28	Picture	PW	1718793	0	1	43200	2	0	43200
S029_DAY1_MINITWICE_5186	28	Response	51	1750743	31950	1
S029_DAY1_MINITWICE_5186	28	Pulse	99	1753275	34482	NA
S029_DAY1_MINITWICE_5186	28	Port Input	1	1753275	34482	NA
S029_DAY1_MINITWICE_5186	28	Picture	27_T_PWTRIAD_PW_agua_red.png	1761993	43200	1	1900	2	43200	1800
S029_DAY1_MINITWICE_5186	29	Picture	PW	1764093	0	1	43200	2	0	43200
S029_DAY1_MINITWICE_5186	29	Response	52	1788071	23978	1
S029_DAY1_MINITWICE_5186	29	Pulse	99	1789276	25183	NA
S029_DAY1_MINITWICE_5186	29	Port Input	1	1789276	25183	NA
S029_DAY1_MINITWICE_5186	29	Picture	28_T_PWTRIAD_PW_futbol_red.png	1807293	43200	1	1900	2	43200	1800
S029_DAY1_MINITWICE_5186	30	Picture	PW	1809393	0	1	43199	3	0	43200
S029_DAY1_MINITWICE_5186	30	Pulse	99	1825277	15884	NA
S029_DAY1_MINITWICE_5186	30	Port Input	1	1825277	15884	NA
S029_DAY1_MINITWICE_5186	30	Response	52	1835031	25638	1
S029_DAY1_MINITWICE_5186	30	Picture	29_T_PWTRIAD_PW_bellota_red.png	1852592	43199	2	1900	4	43200	1800
S029_DAY1_MINITWICE_5186	31	Picture	PW	1854692	0	2	43200	4	0	43200
S029_DAY1_MINITWICE_5186	31	Pulse	99	1861278	6586	NA
S029_DAY1_MINITWICE_5186	31	Port Input	1	1861278	6586	NA
S029_DAY1_MINITWICE_5186	31	Response	51	1887254	32562	1
S029_DAY1_MINITWICE_5186	31	Pulse	99	1897279	42587	NA
S029_DAY1_MINITWICE_5186	31	Port Input	1	1897279	42587	NA
S029_DAY1_MINITWICE_5186	31	Picture	30_T_PWTRIAD_PW_queso_red.png	1897892	43200	2	1900	3	43200	1800
S029_DAY1_MINITWICE_5186	32	Picture	rest	1899892	0	1	144100	2	0	144000
S029_DAY1_MINITWICE_5186	32	Pulse	99	1933280	33388	NA
S029_DAY1_MINITWICE_5186	32	Port Input	1	1933280	33388	NA
S029_DAY1_MINITWICE_5186	32	Pulse	99	1969282	69390	NA
S029_DAY1_MINITWICE_5186	32	Port Input	1	1969282	69390	NA
S029_DAY1_MINITWICE_5186	32	Pulse	99	2005283	105391	NA
S029_DAY1_MINITWICE_5186	32	Port Input	1	2005283	105391	NA
S029_DAY1_MINITWICE_5186	32	Pulse	99	2041284	141392	NA
S029_DAY1_MINITWICE_5186	32	Port Input	1	2041284	141392	NA
S029_DAY1_MINITWICE_5186	33	Picture	endrest	2044092	0	1	10100	2	0	10000
S029_DAY1_MINITWICE_5186	34	Picture	FF	2054392	0	1	43200	2	0	43200
S029_DAY1_MINITWICE_5186	34	Response	52	2071952	17560	1
S029_DAY1_MINITWICE_5186	34	Pulse	99	2077285	22893	NA
S029_DAY1_MINITWICE_5186	34	Port Input	1	2077285	22893	NA
S029_DAY1_MINITWICE_5186	34	Picture	33_T_FFTRIAD_FF_pizarra_red.png	2097592	43200	1	1900	2	43200	1800
S029_DAY1_MINITWICE_5186	35	Picture	FF	2099692	0	1	43200	2	0	43200
S029_DAY1_MINITWICE_5186	35	Response	52	2111158	11466	1
S029_DAY1_MINITWICE_5186	35	Pulse	99	2113286	13594	NA
S029_DAY1_MINITWICE_5186	35	Port Input	1	2113286	13594	NA
S029_DAY1_MINITWICE_5186	35	Picture	34_T_FFTRIAD_FF_almohada_red.png	2142892	43200	1	1900	2	43200	1800
S029_DAY1_MINITWICE_5186	36	Picture	FF	2144992	0	1	43200	2	0	43200
S029_DAY1_MINITWICE_5186	36	Pulse	99	2149287	4295	NA
S029_DAY1_MINITWICE_5186	36	Port Input	1	2149287	4295	NA
S029_DAY1_MINITWICE_5186	36	Response	51	2157055	12063	1
S029_DAY1_MINITWICE_5186	36	Pulse	99	2185288	40296	NA
S029_DAY1_MINITWICE_5186	36	Port Input	1	2185288	40296	NA
S029_DAY1_MINITWICE_5186	36	Picture	35_T_FFTRIAD_FF_pluma_red.png	2188192	43200	1	1900	2	43200	1800
S029_DAY1_MINITWICE_5186	37	Picture	FF	2190291	0	2	43200	3	0	43200
S029_DAY1_MINITWICE_5186	37	Response	52	2213753	23462	1
S029_DAY1_MINITWICE_5186	37	Pulse	99	2221289	30998	NA
S029_DAY1_MINITWICE_5186	37	Port Input	1	2221289	30998	NA
S029_DAY1_MINITWICE_5186	37	Picture	36_T_FFTRIAD_FF_futbol_red.png	2233491	43200	1	1900	3	43200	1800
S029_DAY1_MINITWICE_5186	38	Picture	PW	2235591	0	1	43200	2	0	43200
S029_DAY1_MINITWICE_5186	38	Pulse	99	2257291	21700	NA
S029_DAY1_MINITWICE_5186	38	Port Input	1	2257291	21700	NA
S029_DAY1_MINITWICE_5186	38	Response	52	2258435	22844	1
S029_DAY1_MINITWICE_5186	38	Picture	37_T_PWTRIAD_PW_dedal_red.png	2278791	43200	1	1900	2	43200	1800
S029_DAY1_MINITWICE_5186	39	Picture	PW	2280891	0	1	43200	2	0	43200
S029_DAY1_MINITWICE_5186	39	Pulse	99	2293292	12401	NA
S029_DAY1_MINITWICE_5186	39	Port Input	1	2293292	12401	NA
S029_DAY1_MINITWICE_5186	39	Response	52	2307173	26282	1
S029_DAY1_MINITWICE_5186	39	Picture	38_T_PWTRIAD_PW_lechuga_red.png	2324091	43200	1	1900	2	43200	1800
S029_DAY1_MINITWICE_5186	40	Picture	PW	2326191	0	1	43200	2	0	43200
S029_DAY1_MINITWICE_5186	40	Pulse	99	2329293	3102	NA
S029_DAY1_MINITWICE_5186	40	Port Input	1	2329293	3102	NA
S029_DAY1_MINITWICE_5186	40	Response	52	2350192	24001	1
S029_DAY1_MINITWICE_5186	40	Pulse	99	2365294	39103	NA
S029_DAY1_MINITWICE_5186	40	Port Input	1	2365294	39103	NA
S029_DAY1_MINITWICE_5186	40	Picture	39_T_PWTRIAD_PW_sobre_red.png	2369391	43200	1	1900	2	43200	1800
S029_DAY1_MINITWICE_5186	41	Picture	PW	2371491	0	1	43200	2	0	43200
S029_DAY1_MINITWICE_5186	41	Response	51	2397273	25782	1
S029_DAY1_MINITWICE_5186	41	Pulse	99	2401295	29804	NA
S029_DAY1_MINITWICE_5186	41	Port Input	1	2401295	29804	NA
S029_DAY1_MINITWICE_5186	41	Picture	40_T_PWTRIAD_PW_telefono_red.png	2414691	43200	1	1900	2	43200	1800
S029_DAY1_MINITWICE_5186	42	Picture	rest	2416691	0	1	144099	3	0	144000
S029_DAY1_MINITWICE_5186	42	Pulse	99	2437296	20605	NA
S029_DAY1_MINITWICE_5186	42	Port Input	1	2437296	20605	NA
S029_DAY1_MINITWICE_5186	42	Pulse	99	2473297	56606	NA
S029_DAY1_MINITWICE_5186	42	Port Input	1	2473297	56606	NA
S029_DAY1_MINITWICE_5186	42	Pulse	99	2509298	92607	NA
S029_DAY1_MINITWICE_5186	42	Port Input	1	2509298	92607	NA
S029_DAY1_MINITWICE_5186	42	Pulse	99	2545299	128608	NA
S029_DAY1_MINITWICE_5186	42	Port Input	1	2545299	128608	NA
S029_DAY1_MINITWICE_5186	43	Picture	endrest	2560890	0	2	10100	4	0	10000
S029_DAY1_MINITWICE_5186	44	Picture	FF	2571190	0	2	43200	3	0	43200
S029_DAY1_MINITWICE_5186	44	Pulse	99	2581301	10111	NA
S029_DAY1_MINITWICE_5186	44	Port Input	1	2581301	10111	NA
S029_DAY1_MINITWICE_5186	44	Response	51	2590173	18983	1
S029_DAY1_MINITWICE_5186	44	Picture	43_T_FFTRIAD_FF_paracaidas_red.png	2614390	43200	1	1900	3	43200	1800
S029_DAY1_MINITWICE_5186	45	Picture	FF	2616490	0	2	43200	3	0	43200
S029_DAY1_MINITWICE_5186	45	Pulse	99	2617302	812	NA
S029_DAY1_MINITWICE_5186	45	Port Input	1	2617302	812	NA
S029_DAY1_MINITWICE_5186	45	Response	52	2629152	12662	1
S029_DAY1_MINITWICE_5186	45	Pulse	99	2653303	36813	NA
S029_DAY1_MINITWICE_5186	45	Port Input	1	2653303	36813	NA
S029_DAY1_MINITWICE_5186	45	Picture	44_T_FFTRIAD_FF_telefono_red.png	2659690	43200	1	1900	2	43200	1800
S029_DAY1_MINITWICE_5186	46	Picture	FF	2661790	0	1	43200	2	0	43200
S029_DAY1_MINITWICE_5186	46	Response	51	2678097	16307	1
S029_DAY1_MINITWICE_5186	46	Pulse	99	2689304	27514	NA
S029_DAY1_MINITWICE_5186	46	Port Input	1	2689304	27514	NA
S029_DAY1_MINITWICE_5186	46	Picture	45_T_FFTRIAD_FF_pincel_red.png	2704990	43200	1	1900	2	43200	1800
S029_DAY1_MINITWICE_5186	47	Picture	FF	2707090	0	1	43200	2	0	43200
S029_DAY1_MINITWICE_5186	47	Response	51	2719188	12098	1
S029_DAY1_MINITWICE_5186	47	Pulse	99	2725305	18215	NA
S029_DAY1_MINITWICE_5186	47	Port Input	1	2725305	18215	NA
S029_DAY1_MINITWICE_5186	47	Picture	46_T_FFTRIAD_FF_lechuga_red.png	2750290	43200	1	1900	2	43200	1800
S029_DAY1_MINITWICE_5186	48	Picture	RW	2752390	0	1	43200	2	0	43200
S029_DAY1_MINITWICE_5186	48	Pulse	99	2761306	8916	NA
S029_DAY1_MINITWICE_5186	48	Port Input	1	2761306	8916	NA
S029_DAY1_MINITWICE_5186	48	Response	52	2770204	17814	1
S029_DAY1_MINITWICE_5186	48	Picture	47_T_RWTRIAD_RW_mono_red.png	2795590	43200	1	1900	2	43200	1800
S029_DAY1_MINITWICE_5186	48	Pulse	99	2797307	44917	NA
S029_DAY1_MINITWICE_5186	48	Port Input	1	2797307	44917	NA
S029_DAY1_MINITWICE_5186	49	Picture	RW	2797690	0	1	43200	2	0	43200
S029_DAY1_MINITWICE_5186	49	Response	52	2826224	28534	2
S029_DAY1_MINITWICE_5186	49	Pulse	99	2833308	35618	NA
S029_DAY1_MINITWICE_5186	49	Port Input	1	2833308	35618	NA
S029_DAY1_MINITWICE_5186	49	Picture	48_T_RWTRIAD_RW_anillo_red.png	2840890	43200	1	1900	2	43200	1800
S029_DAY1_MINITWICE_5186	50	Picture	RW	2842990	0	1	43199	3	0	43200
S029_DAY1_MINITWICE_5186	50	Response	51	2861168	18178	1
S029_DAY1_MINITWICE_5186	50	Pulse	99	2869309	26319	NA
S029_DAY1_MINITWICE_5186	50	Port Input	1	2869309	26319	NA
S029_DAY1_MINITWICE_5186	50	Picture	49_T_RWTRIAD_RW_cortina_red.png	2886189	43199	2	1900	3	43200	1800
S029_DAY1_MINITWICE_5186	51	Picture	RW	2888289	0	1	43200	2	0	43200
S029_DAY1_MINITWICE_5186	51	Pulse	99	2905311	17022	NA
S029_DAY1_MINITWICE_5186	51	Port Input	1	2905311	17022	NA
S029_DAY1_MINITWICE_5186	51	Response	52	2905823	17534	1
S029_DAY1_MINITWICE_5186	51	Picture	50_T_RWTRIAD_RW_lechuga_red.png	2931489	43200	1	1900	2	43200	1800
S029_DAY1_MINITWICE_5186	52	Picture	rest	2933489	0	1	144100	2	0	144000
S029_DAY1_MINITWICE_5186	52	Pulse	99	2941312	7823	NA
S029_DAY1_MINITWICE_5186	52	Port Input	1	2941312	7823	NA
S029_DAY1_MINITWICE_5186	52	Pulse	99	2977313	43824	NA
S029_DAY1_MINITWICE_5186	52	Port Input	1	2977313	43824	NA
S029_DAY1_MINITWICE_5186	52	Pulse	99	3013314	79825	NA
S029_DAY1_MINITWICE_5186	52	Port Input	1	3013314	79825	NA
S029_DAY1_MINITWICE_5186	52	Pulse	99	3049315	115826	NA
S029_DAY1_MINITWICE_5186	52	Port Input	1	3049315	115826	NA
S029_DAY1_MINITWICE_5186	53	Picture	endrest	3077689	0	1	10100	2	0	10000
S029_DAY1_MINITWICE_5186	53	Pulse	99	3085316	7627	NA
S029_DAY1_MINITWICE_5186	53	Port Input	1	3085316	7627	NA
S029_DAY1_MINITWICE_5186	54	Picture	FF	3087989	0	1	43200	2	0	43200
S029_DAY1_MINITWICE_5186	54	Response	51	3101448	13459	1
S029_DAY1_MINITWICE_5186	54	Pulse	99	3121317	33328	NA
S029_DAY1_MINITWICE_5186	54	Port Input	1	3121317	33328	NA
S029_DAY1_MINITWICE_5186	54	Picture	53_T_FFTRIAD_FF_violin_red.png	3131189	43200	1	1900	2	43200	1800
S029_DAY1_MINITWICE_5186	55	Picture	FF	3133289	0	1	43200	2	0	43200
S029_DAY1_MINITWICE_5186	55	Response	52	3147738	14449	1
S029_DAY1_MINITWICE_5186	55	Pulse	99	3157318	24029	NA
S029_DAY1_MINITWICE_5186	55	Port Input	1	3157318	24029	NA
S029_DAY1_MINITWICE_5186	55	Picture	54_T_FFTRIAD_FF_ascensor_red.png	3176489	43200	1	1900	2	43200	1800
S029_DAY1_MINITWICE_5186	56	Picture	FF	3178589	0	1	43199	2	0	43200
S029_DAY1_MINITWICE_5186	56	Response	51	3189351	10762	1
S029_DAY1_MINITWICE_5186	56	Pulse	99	3193319	14730	NA
S029_DAY1_MINITWICE_5186	56	Port Input	1	3193319	14730	NA
S029_DAY1_MINITWICE_5186	56	Picture	55_T_FFTRIAD_FF_traje_red.png	3221788	43199	1	1900	3	43200	1800
S029_DAY1_MINITWICE_5186	57	Picture	FF	3223888	0	2	43200	3	0	43200
S029_DAY1_MINITWICE_5186	57	Pulse	99	3229321	5433	NA
S029_DAY1_MINITWICE_5186	57	Port Input	1	3229321	5433	NA
S029_DAY1_MINITWICE_5186	57	Response	51	3237342	13454	1
S029_DAY1_MINITWICE_5186	57	Pulse	99	3265322	41434	NA
S029_DAY1_MINITWICE_5186	57	Port Input	1	3265322	41434	NA
S029_DAY1_MINITWICE_5186	57	Picture	56_T_FFTRIAD_FF_perro_red.png	3267088	43200	1	1900	2	43200	1800
S029_DAY1_MINITWICE_5186	58	Picture	FF	3269188	0	1	43200	2	0	43200
S029_DAY1_MINITWICE_5186	58	Response	52	3284713	15525	1
S029_DAY1_MINITWICE_5186	58	Pulse	99	3301323	32135	NA
S029_DAY1_MINITWICE_5186	58	Port Input	1	3301323	32135	NA
S029_DAY1_MINITWICE_5186	58	Picture	57_T_FFTRIAD_FF_murcielago_red.png	3312388	43200	1	1900	2	43200	1800
S029_DAY1_MINITWICE_5186	59	Picture	FF	3314488	0	1	43200	2	0	43200
S029_DAY1_MINITWICE_5186	59	Response	51	3327159	12671	2
S029_DAY1_MINITWICE_5186	59	Pulse	99	3337324	22836	NA
S029_DAY1_MINITWICE_5186	59	Port Input	1	3337324	22836	NA
S029_DAY1_MINITWICE_5186	59	Picture	58_T_FFTRIAD_FF_madera_red.png	3357688	43200	1	1873	42	43200	1800
S029_DAY1_MINITWICE_5186	60	Picture	FF	3359788	0	1	43200	2	0	43200
S029_DAY1_MINITWICE_5186	60	Pulse	99	3373325	13537	NA
S029_DAY1_MINITWICE_5186	60	Port Input	1	3373325	13537	NA
S029_DAY1_MINITWICE_5186	60	Response	52	3375041	15253	1
S029_DAY1_MINITWICE_5186	60	Picture	59_T_FFTRIAD_FF_esquimal_red.png	3402988	43200	1	1900	2	43200	1800
S029_DAY1_MINITWICE_5186	61	Picture	FF	3405088	0	1	43200	2	0	43200
S029_DAY1_MINITWICE_5186	61	Pulse	99	3409326	4238	NA
S029_DAY1_MINITWICE_5186	61	Port Input	1	3409326	4238	NA
S029_DAY1_MINITWICE_5186	61	Response	51	3415723	10635	1
S029_DAY1_MINITWICE_5186	61	Pulse	99	3445327	40239	NA
S029_DAY1_MINITWICE_5186	61	Port Input	1	3445327	40239	NA
S029_DAY1_MINITWICE_5186	61	Picture	60_T_FFTRIAD_FF_dado_red.png	3448288	43200	1	1900	2	43200	1800
S029_DAY1_MINITWICE_5186	62	Picture	rest	3450288	0	1	144099	2	0	144000
S029_DAY1_MINITWICE_5186	62	Pulse	99	3481328	31040	NA
S029_DAY1_MINITWICE_5186	62	Port Input	1	3481328	31040	NA
S029_DAY1_MINITWICE_5186	62	Pulse	99	3517329	67041	NA
S029_DAY1_MINITWICE_5186	62	Port Input	1	3517329	67041	NA
S029_DAY1_MINITWICE_5186	62	Pulse	99	3553331	103043	NA
S029_DAY1_MINITWICE_5186	62	Port Input	1	3553331	103043	NA
S029_DAY1_MINITWICE_5186	62	Pulse	99	3589332	139044	NA
S029_DAY1_MINITWICE_5186	62	Port Input	1	3589332	139044	NA
S029_DAY1_MINITWICE_5186	63	Picture	endrest	3594487	0	1	10100	2	0	10000
S029_DAY1_MINITWICE_5186	64	Picture	FF	3604787	0	1	43200	2	0	43200
S029_DAY1_MINITWICE_5186	64	Response	51	3622310	17523	1
S029_DAY1_MINITWICE_5186	64	Pulse	99	3625333	20546	NA
S029_DAY1_MINITWICE_5186	64	Port Input	1	3625333	20546	NA
S029_DAY1_MINITWICE_5186	64	Picture	63_T_FFTRIAD_FF_bellota_red.png	3647987	43200	1	1900	2	43200	1800
S029_DAY1_MINITWICE_5186	65	Picture	FF	3650087	0	1	43200	2	0	43200
S029_DAY1_MINITWICE_5186	65	Pulse	99	3661334	11247	NA
S029_DAY1_MINITWICE_5186	65	Port Input	1	3661334	11247	NA
S029_DAY1_MINITWICE_5186	65	Response	51	3662635	12548	1
S029_DAY1_MINITWICE_5186	65	Picture	64_T_FFTRIAD_FF_tijera_red.png	3693287	43200	1	1900	2	43200	1800
S029_DAY1_MINITWICE_5186	66	Picture	FF	3695387	0	1	43200	2	0	43200
S029_DAY1_MINITWICE_5186	66	Pulse	99	3697335	1948	NA
S029_DAY1_MINITWICE_5186	66	Port Input	1	3697335	1948	NA
S029_DAY1_MINITWICE_5186	66	Response	51	3707938	12551	1
S029_DAY1_MINITWICE_5186	66	Pulse	99	3733336	37949	NA
S029_DAY1_MINITWICE_5186	66	Port Input	1	3733336	37949	NA
S029_DAY1_MINITWICE_5186	66	Picture	65_T_FFTRIAD_FF_grapadora_red.png	3738587	43200	1	1900	2	43200	1800
S029_DAY1_MINITWICE_5186	67	Picture	FF	3740687	0	1	43200	2	0	43200
S029_DAY1_MINITWICE_5186	67	Response	51	3757169	16482	1
S029_DAY1_MINITWICE_5186	67	Pulse	99	3769337	28650	NA
S029_DAY1_MINITWICE_5186	67	Port Input	1	3769337	28650	NA
S029_DAY1_MINITWICE_5186	67	Picture	66_T_FFTRIAD_FF_chupete_red.png	3783887	43200	1	1900	2	43200	1800
S029_DAY1_MINITWICE_5186	68	Picture	FF	3785987	0	1	43200	2	0	43200
S029_DAY1_MINITWICE_5186	68	Response	52	3798309	12322	2
S029_DAY1_MINITWICE_5186	68	Pulse	99	3805338	19351	NA
S029_DAY1_MINITWICE_5186	68	Port Input	1	3805338	19351	NA
S029_DAY1_MINITWICE_5186	68	Picture	67_T_FFTRIAD_FF_queso_red.png	3829187	43200	1	1900	2	43200	1800
S029_DAY1_MINITWICE_5186	69	Picture	FF	3831287	0	1	43199	3	0	43200
S029_DAY1_MINITWICE_5186	69	Pulse	99	3841340	10053	NA
S029_DAY1_MINITWICE_5186	69	Port Input	1	3841340	10053	NA
S029_DAY1_MINITWICE_5186	69	Response	52	3846486	15199	1
S029_DAY1_MINITWICE_5186	69	Picture	68_T_FFTRIAD_FF_gafas_red.png	3874486	43199	2	1900	4	43200	1800
S029_DAY1_MINITWICE_5186	70	Picture	FF	3876586	0	2	43200	3	0	43200
S029_DAY1_MINITWICE_5186	70	Pulse	99	3877341	755	NA
S029_DAY1_MINITWICE_5186	70	Port Input	1	3877341	755	NA
S029_DAY1_MINITWICE_5186	70	Response	51	3888797	12211	1
S029_DAY1_MINITWICE_5186	70	Pulse	99	3913342	36756	NA
S029_DAY1_MINITWICE_5186	70	Port Input	1	3913342	36756	NA
S029_DAY1_MINITWICE_5186	70	Picture	69_T_FFTRIAD_FF_martillo_red.png	3919786	43200	1	1900	2	43200	1800
S029_DAY1_MINITWICE_5186	71	Picture	FF	3921886	0	1	43200	2	0	43200
S029_DAY1_MINITWICE_5186	71	Response	52	3936700	14814	1
S029_DAY1_MINITWICE_5186	71	Pulse	99	3949343	27457	NA
S029_DAY1_MINITWICE_5186	71	Port Input	1	3949343	27457	NA
S029_DAY1_MINITWICE_5186	71	Picture	70_T_FFTRIAD_FF_iglu_red.png	3965086	43200	1	1900	2	43200	1800
S029_DAY1_MINITWICE_5186	72	Picture	rest	3967086	0	1	144100	2	0	144000
S029_DAY1_MINITWICE_5186	72	Pulse	99	3985344	18258	NA
S029_DAY1_MINITWICE_5186	72	Port Input	1	3985344	18258	NA
S029_DAY1_MINITWICE_5186	72	Pulse	99	4021345	54259	NA
S029_DAY1_MINITWICE_5186	72	Port Input	1	4021345	54259	NA
S029_DAY1_MINITWICE_5186	72	Pulse	99	4057346	90260	NA
S029_DAY1_MINITWICE_5186	72	Port Input	1	4057346	90260	NA
S029_DAY1_MINITWICE_5186	72	Pulse	99	4093347	126261	NA
S029_DAY1_MINITWICE_5186	72	Port Input	1	4093347	126261	NA
S029_DAY1_MINITWICE_5186	73	Picture	endrest	4111286	0	1	10100	2	0	10000
S029_DAY1_MINITWICE_5186	74	Picture	PW	4121586	0	1	43200	2	0	43200
S029_DAY1_MINITWICE_5186	74	Pulse	99	4129348	7762	NA
S029_DAY1_MINITWICE_5186	74	Port Input	1	4129348	7762	NA
S029_DAY1_MINITWICE_5186	74	Response	52	4145281	23695	1
S029_DAY1_MINITWICE_5186	74	Picture	73_T_PWTRIAD_PW_bala_red.png	4164786	43200	1	1900	2	43200	1800
S029_DAY1_MINITWICE_5186	74	Pulse	99	4165350	43764	NA
S029_DAY1_MINITWICE_5186	74	Port Input	1	4165350	43764	NA
S029_DAY1_MINITWICE_5186	75	Picture	PW	4166886	0	1	43198	4	0	43200
S029_DAY1_MINITWICE_5186	75	Response	52	4192777	25891	1
S029_DAY1_MINITWICE_5186	75	Pulse	99	4201351	34465	NA
S029_DAY1_MINITWICE_5186	75	Port Input	1	4201351	34465	NA
S029_DAY1_MINITWICE_5186	75	Picture	74_T_PWTRIAD_PW_violin_red.png	4210084	43198	3	1901	5	43200	1800
S029_DAY1_MINITWICE_5186	76	Picture	PW	4212185	0	2	43200	3	0	43200
S029_DAY1_MINITWICE_5186	76	Pulse	99	4237352	25167	NA
S029_DAY1_MINITWICE_5186	76	Port Input	1	4237352	25167	NA
S029_DAY1_MINITWICE_5186	76	Response	52	4240023	27838	1
S029_DAY1_MINITWICE_5186	76	Picture	75_T_PWTRIAD_PW_grapadora_red.png	4255385	43200	1	1900	2	43200	1800
S029_DAY1_MINITWICE_5186	77	Picture	PW	4257485	0	1	43200	2	0	43200
S029_DAY1_MINITWICE_5186	77	Pulse	99	4273353	15868	NA
S029_DAY1_MINITWICE_5186	77	Port Input	1	4273353	15868	NA
S029_DAY1_MINITWICE_5186	77	Response	52	4294883	37398	1
S029_DAY1_MINITWICE_5186	77	Picture	76_T_PWTRIAD_PW_granjero_red.png	4300685	43200	1	1900	2	43200	1800
S029_DAY1_MINITWICE_5186	78	Picture	RW	4302785	0	1	43200	2	0	43200
S029_DAY1_MINITWICE_5186	78	Pulse	99	4309354	6569	NA
S029_DAY1_MINITWICE_5186	78	Port Input	1	4309354	6569	NA
S029_DAY1_MINITWICE_5186	78	Response	52	4328217	25432	2
S029_DAY1_MINITWICE_5186	78	Pulse	99	4345355	42570	NA
S029_DAY1_MINITWICE_5186	78	Port Input	1	4345355	42570	NA
S029_DAY1_MINITWICE_5186	78	Picture	77_T_RWTRIAD_RW_queso_red.png	4345985	43200	1	1900	2	43200	1800
S029_DAY1_MINITWICE_5186	79	Picture	RW	4348085	0	1	43200	2	0	43200
S029_DAY1_MINITWICE_5186	79	Response	51	4373405	25320	1
S029_DAY1_MINITWICE_5186	79	Pulse	99	4381356	33271	NA
S029_DAY1_MINITWICE_5186	79	Port Input	1	4381356	33271	NA
S029_DAY1_MINITWICE_5186	79	Picture	78_T_RWTRIAD_RW_estetoscopio_red.png	4391285	43200	1	1900	2	43200	1800
S029_DAY1_MINITWICE_5186	80	Picture	RW	4393385	0	1	43200	2	0	43200
S029_DAY1_MINITWICE_5186	80	Response	52	4408959	15574	1
S029_DAY1_MINITWICE_5186	80	Pulse	99	4417357	23972	NA
S029_DAY1_MINITWICE_5186	80	Port Input	1	4417357	23972	NA
S029_DAY1_MINITWICE_5186	80	Picture	79_T_RWTRIAD_RW_paraguas_red.png	4436585	43200	1	1900	2	43200	1800
S029_DAY1_MINITWICE_5186	81	Picture	RW	4438685	0	1	43200	2	0	43200
S029_DAY1_MINITWICE_5186	81	Pulse	99	4453358	14673	NA
S029_DAY1_MINITWICE_5186	81	Port Input	1	4453358	14673	NA
S029_DAY1_MINITWICE_5186	81	Response	51	4457159	18474	1
S029_DAY1_MINITWICE_5186	81	Picture	80_T_RWTRIAD_RW_telarana_red.png	4481885	43200	1	1900	2	43200	1800
S029_DAY1_MINITWICE_5186	82	Picture	rest	4483885	0	1	144099	2	0	144000
S029_DAY1_MINITWICE_5186	82	Pulse	99	4489360	5475	NA
S029_DAY1_MINITWICE_5186	82	Port Input	1	4489360	5475	NA
S029_DAY1_MINITWICE_5186	82	Pulse	99	4525361	41476	NA
S029_DAY1_MINITWICE_5186	82	Port Input	1	4525361	41476	NA
S029_DAY1_MINITWICE_5186	82	Pulse	99	4561362	77477	NA
S029_DAY1_MINITWICE_5186	82	Port Input	1	4561362	77477	NA
S029_DAY1_MINITWICE_5186	82	Pulse	99	4597363	113478	NA
S029_DAY1_MINITWICE_5186	82	Port Input	1	4597363	113478	NA
S029_DAY1_MINITWICE_5186	83	Picture	endrest	4628084	0	1	10100	2	0	10000
S029_DAY1_MINITWICE_5186	83	Pulse	99	4633364	5280	NA
S029_DAY1_MINITWICE_5186	83	Port Input	1	4633364	5280	NA
S029_DAY1_MINITWICE_5186	84	Picture	PW	4638384	0	1	43200	2	0	43200
S029_DAY1_MINITWICE_5186	84	Pulse	99	4669365	30981	NA
S029_DAY1_MINITWICE_5186	84	Port Input	1	4669365	30981	NA
S029_DAY1_MINITWICE_5186	84	Response	52	4678075	39691	5
S029_DAY1_MINITWICE_5186	84	Picture	83_T_PWTRIAD_PW_carruaje_red.png	4681584	43200	1	1900	2	43200	1800
S029_DAY1_MINITWICE_5186	85	Picture	PW	4683684	0	1	43200	2	0	43200
S029_DAY1_MINITWICE_5186	85	Pulse	99	4705366	21682	NA
S029_DAY1_MINITWICE_5186	85	Port Input	1	4705366	21682	NA
S029_DAY1_MINITWICE_5186	85	Response	51	4705494	21810	1
S029_DAY1_MINITWICE_5186	85	Picture	84_T_PWTRIAD_PW_lana_red.png	4726884	43200	1	1900	2	43200	1800
S029_DAY1_MINITWICE_5186	86	Picture	PW	4728984	0	1	43200	2	0	43200
S029_DAY1_MINITWICE_5186	86	Pulse	99	4741367	12383	NA
S029_DAY1_MINITWICE_5186	86	Port Input	1	4741367	12383	NA
S029_DAY1_MINITWICE_5186	86	Response	52	4764746	35762	1
S029_DAY1_MINITWICE_5186	86	Picture	85_T_PWTRIAD_PW_estetoscopio_red.png	4772184	43200	1	1900	2	43200	1800
S029_DAY1_MINITWICE_5186	87	Picture	PW	4774284	0	1	43200	2	0	43200
S029_DAY1_MINITWICE_5186	87	Pulse	99	4777368	3084	NA
S029_DAY1_MINITWICE_5186	87	Port Input	1	4777368	3084	NA
S029_DAY1_MINITWICE_5186	87	Response	52	4807647	33363	1
S029_DAY1_MINITWICE_5186	87	Pulse	99	4813370	39086	NA
S029_DAY1_MINITWICE_5186	87	Port Input	1	4813370	39086	NA
S029_DAY1_MINITWICE_5186	87	Picture	86_T_PWTRIAD_PW_destornillador_red.png	4817484	43200	1	1900	2	43200	1800
S029_DAY1_MINITWICE_5186	88	Picture	RW	4819584	0	1	43199	3	0	43200
S029_DAY1_MINITWICE_5186	88	Response	51	4843147	23563	1
S029_DAY1_MINITWICE_5186	88	Pulse	99	4849371	29787	NA
S029_DAY1_MINITWICE_5186	88	Port Input	1	4849371	29787	NA
S029_DAY1_MINITWICE_5186	88	Picture	87_T_RWTRIAD_RW_teclado_red.png	4862783	43199	2	1900	4	43200	1800
S029_DAY1_MINITWICE_5186	89	Picture	RW	4864883	0	2	43200	3	0	43200
S029_DAY1_MINITWICE_5186	89	Response	51	4881988	17105	1
S029_DAY1_MINITWICE_5186	89	Pulse	99	4885372	20489	NA
S029_DAY1_MINITWICE_5186	89	Port Input	1	4885372	20489	NA
S029_DAY1_MINITWICE_5186	89	Picture	88_T_RWTRIAD_RW_manos_red.png	4908083	43200	1	1900	2	43200	1800
S029_DAY1_MINITWICE_5186	90	Picture	RW	4910183	0	2	43200	3	0	43200
S029_DAY1_MINITWICE_5186	90	Pulse	99	4921373	11190	NA
S029_DAY1_MINITWICE_5186	90	Port Input	1	4921373	11190	NA
S029_DAY1_MINITWICE_5186	90	Response	51	4932408	22225	1
S029_DAY1_MINITWICE_5186	90	Picture	89_T_RWTRIAD_RW_grifo_red.png	4953383	43200	1	1900	3	43200	1800
S029_DAY1_MINITWICE_5186	91	Picture	RW	4955483	0	2	43200	3	0	43200
S029_DAY1_MINITWICE_5186	91	Pulse	99	4957374	1891	NA
S029_DAY1_MINITWICE_5186	91	Port Input	1	4957374	1891	NA
S029_DAY1_MINITWICE_5186	91	Response	52	4969099	13616	1
S029_DAY1_MINITWICE_5186	91	Pulse	99	4993375	37892	NA
S029_DAY1_MINITWICE_5186	91	Port Input	1	4993375	37892	NA
S029_DAY1_MINITWICE_5186	91	Picture	90_T_RWTRIAD_RW_arco_red.png	4998683	43200	1	1900	3	43200	1800
S029_DAY1_MINITWICE_5186	92	Picture	rest	5000683	0	1	144100	2	0	144000
S029_DAY1_MINITWICE_5186	92	Pulse	99	5029376	28693	NA
S029_DAY1_MINITWICE_5186	92	Port Input	1	5029376	28693	NA
S029_DAY1_MINITWICE_5186	92	Pulse	99	5065377	64694	NA
S029_DAY1_MINITWICE_5186	92	Port Input	1	5065377	64694	NA
S029_DAY1_MINITWICE_5186	92	Pulse	99	5101378	100695	NA
S029_DAY1_MINITWICE_5186	92	Port Input	1	5101378	100695	NA
S029_DAY1_MINITWICE_5186	92	Pulse	99	5137380	136697	NA
S029_DAY1_MINITWICE_5186	92	Port Input	1	5137380	136697	NA
S029_DAY1_MINITWICE_5186	93	Picture	endrest	5144883	0	1	10100	2	0	10000
S029_DAY1_MINITWICE_5186	94	Picture	RW	5155183	0	1	43200	2	0	43200
S029_DAY1_MINITWICE_5186	94	Response	52	5171543	16360	1
S029_DAY1_MINITWICE_5186	94	Pulse	99	5173381	18198	NA
S029_DAY1_MINITWICE_5186	94	Port Input	1	5173381	18198	NA
S029_DAY1_MINITWICE_5186	94	Picture	93_T_RWTRIAD_RW_bebe_red.png	5198383	43200	1	1899	3	43200	1800
S029_DAY1_MINITWICE_5186	95	Picture	RW	5200482	0	2	43200	3	0	43200
S029_DAY1_MINITWICE_5186	95	Pulse	99	5209382	8900	NA
S029_DAY1_MINITWICE_5186	95	Port Input	1	5209382	8900	NA
S029_DAY1_MINITWICE_5186	95	Response	51	5215980	15498	1
S029_DAY1_MINITWICE_5186	95	Picture	94_T_RWTRIAD_RW_portatil_red.png	5243682	43200	1	1900	3	43200	1800
S029_DAY1_MINITWICE_5186	95	Pulse	99	5245383	44901	NA
S029_DAY1_MINITWICE_5186	95	Port Input	1	5245383	44901	NA
S029_DAY1_MINITWICE_5186	96	Picture	RW	5245782	0	1	43200	2	0	43200
S029_DAY1_MINITWICE_5186	96	Response	52	5261178	15396	1
S029_DAY1_MINITWICE_5186	96	Pulse	99	5281384	35602	NA
S029_DAY1_MINITWICE_5186	96	Port Input	1	5281384	35602	NA
S029_DAY1_MINITWICE_5186	96	Picture	95_T_RWTRIAD_RW_cuento_red.png	5288982	43200	1	1900	2	43200	1800
S029_DAY1_MINITWICE_5186	97	Picture	RW	5291082	0	1	43200	2	0	43200
S029_DAY1_MINITWICE_5186	97	Response	52	5309035	17953	2
S029_DAY1_MINITWICE_5186	97	Pulse	99	5317385	26303	NA
S029_DAY1_MINITWICE_5186	97	Port Input	1	5317385	26303	NA
S029_DAY1_MINITWICE_5186	97	Picture	96_T_RWTRIAD_RW_lenador_red.png	5334282	43200	1	1900	2	43200	1800
S029_DAY1_MINITWICE_5186	98	Picture	PW	5336382	0	1	43200	2	0	43200
S029_DAY1_MINITWICE_5186	98	Pulse	99	5353386	17004	NA
S029_DAY1_MINITWICE_5186	98	Port Input	1	5353386	17004	NA
S029_DAY1_MINITWICE_5186	98	Response	52	5358250	21868	1
S029_DAY1_MINITWICE_5186	98	Picture	97_T_PWTRIAD_PW_iglu_red.png	5379582	43200	1	1900	2	43200	1800
S029_DAY1_MINITWICE_5186	99	Picture	PW	5381682	0	1	43200	2	0	43200
S029_DAY1_MINITWICE_5186	99	Pulse	99	5389387	7705	NA
S029_DAY1_MINITWICE_5186	99	Port Input	1	5389387	7705	NA
S029_DAY1_MINITWICE_5186	99	Response	51	5409817	28135	1
S029_DAY1_MINITWICE_5186	99	Picture	98_T_PWTRIAD_PW_tijera_red.png	5424882	43200	1	1900	2	43200	1800
S029_DAY1_MINITWICE_5186	99	Pulse	99	5425388	43706	NA
S029_DAY1_MINITWICE_5186	99	Port Input	1	5425388	43706	NA
S029_DAY1_MINITWICE_5186	100	Picture	PW	5426982	0	1	43200	2	0	43200
S029_DAY1_MINITWICE_5186	100	Response	51	5446034	19052	1
S029_DAY1_MINITWICE_5186	100	Pulse	99	5461390	34408	NA
S029_DAY1_MINITWICE_5186	100	Port Input	1	5461390	34408	NA
S029_DAY1_MINITWICE_5186	100	Picture	99_T_PWTRIAD_PW_pluma_red.png	5470182	43200	1	1900	2	43200	1800
S029_DAY1_MINITWICE_5186	101	Picture	PW	5472382	0	1	43100	2	0	43200
S029_DAY1_MINITWICE_5186	101	Pulse	99	5497391	25009	NA
S029_DAY1_MINITWICE_5186	101	Port Input	1	5497391	25009	NA
S029_DAY1_MINITWICE_5186	101	Response	51	5506964	34582	1
S029_DAY1_MINITWICE_5186	101	Picture	100_T_PWTRIAD_PW_banera_red.png	5515482	43100	1	1900	2	43200	1800
S029_DAY1_MINITWICE_5186	102	Picture	rest	5517482	0	1	144099	2	0	144000
S029_DAY1_MINITWICE_5186	102	Pulse	99	5533392	15910	NA
S029_DAY1_MINITWICE_5186	102	Port Input	1	5533392	15910	NA
S029_DAY1_MINITWICE_5186	102	Pulse	99	5569393	51911	NA
S029_DAY1_MINITWICE_5186	102	Port Input	1	5569393	51911	NA
S029_DAY1_MINITWICE_5186	102	Pulse	99	5605394	87912	NA
S029_DAY1_MINITWICE_5186	102	Port Input	1	5605394	87912	NA
S029_DAY1_MINITWICE_5186	102	Pulse	99	5641395	123913	NA
S029_DAY1_MINITWICE_5186	102	Port Input	1	5641395	123913	NA
S029_DAY1_MINITWICE_5186	103	Picture	endrest	5661681	0	1	10100	2	0	10000
S029_DAY1_MINITWICE_5186	104	Picture	RW	5671981	0	1	43200	2	0	43200
S029_DAY1_MINITWICE_5186	104	Pulse	99	5677396	5415	NA
S029_DAY1_MINITWICE_5186	104	Port Input	1	5677396	5415	NA
S029_DAY1_MINITWICE_5186	104	Response	52	5685233	13252	1
S029_DAY1_MINITWICE_5186	104	Pulse	99	5713397	41416	NA
S029_DAY1_MINITWICE_5186	104	Port Input	1	5713397	41416	NA
S029_DAY1_MINITWICE_5186	104	Picture	103_T_RWTRIAD_RW_futbol_red.png	5715181	43200	1	1900	2	43200	1800
S029_DAY1_MINITWICE_5186	105	Picture	RW	5717281	0	1	43200	2	0	43200
S029_DAY1_MINITWICE_5186	105	Response	51	5734111	16830	1
S029_DAY1_MINITWICE_5186	105	Pulse	99	5749399	32118	NA
S029_DAY1_MINITWICE_5186	105	Port Input	1	5749399	32118	NA
S029_DAY1_MINITWICE_5186	105	Picture	104_T_RWTRIAD_RW_dedal_red.png	5760481	43200	1	1900	2	43200	1800
S029_DAY1_MINITWICE_5186	106	Picture	RW	5762581	0	1	43200	2	0	43200
S029_DAY1_MINITWICE_5186	106	Response	51	5779626	17045	1
S029_DAY1_MINITWICE_5186	106	Pulse	99	5785400	22819	NA
S029_DAY1_MINITWICE_5186	106	Port Input	1	5785400	22819	NA
S029_DAY1_MINITWICE_5186	106	Picture	105_T_RWTRIAD_RW_telefono_red.png	5805781	43200	1	1900	2	43200	1800
S029_DAY1_MINITWICE_5186	107	Picture	RW	5807881	0	1	43200	2	0	43200
S029_DAY1_MINITWICE_5186	107	Pulse	99	5821401	13520	NA
S029_DAY1_MINITWICE_5186	107	Port Input	1	5821401	13520	NA
S029_DAY1_MINITWICE_5186	107	Response	52	5827773	19892	1
S029_DAY1_MINITWICE_5186	107	Picture	106_T_RWTRIAD_RW_gafas_red.png	5851081	43200	1	1885	41	43200	1800
S029_DAY1_MINITWICE_5186	108	Picture	PW	5853281	0	1	43099	3	0	43200
S029_DAY1_MINITWICE_5186	108	Pulse	99	5857402	4121	NA
S029_DAY1_MINITWICE_5186	108	Port Input	1	5857402	4121	NA
S029_DAY1_MINITWICE_5186	108	Response	51	5876653	23372	1
S029_DAY1_MINITWICE_5186	108	Pulse	99	5893403	40122	NA
S029_DAY1_MINITWICE_5186	108	Port Input	1	5893403	40122	NA
S029_DAY1_MINITWICE_5186	108	Picture	107_T_PWTRIAD_PW_llave_red.png	5896380	43099	2	1900	3	43200	1800
S029_DAY1_MINITWICE_5186	109	Picture	PW	5898480	0	2	43200	3	0	43200
S029_DAY1_MINITWICE_5186	109	Response	52	5917731	19251	1
S029_DAY1_MINITWICE_5186	109	Pulse	99	5929404	30924	NA
S029_DAY1_MINITWICE_5186	109	Port Input	1	5929404	30924	NA
S029_DAY1_MINITWICE_5186	109	Picture	108_T_PWTRIAD_PW_mono_red.png	5941680	43200	1	1900	2	43200	1800
S029_DAY1_MINITWICE_5186	110	Picture	PW	5943780	0	1	43200	2	0	43200
S029_DAY1_MINITWICE_5186	110	Pulse	99	5965405	21625	NA
S029_DAY1_MINITWICE_5186	110	Port Input	1	5965405	21625	NA
S029_DAY1_MINITWICE_5186	110	Response	52	5976528	32748	1
S029_DAY1_MINITWICE_5186	110	Picture	109_T_PWTRIAD_PW_paracaidas_red.png	5986980	43200	1	1900	2	43200	1800
S029_DAY1_MINITWICE_5186	111	Picture	PW	5989080	0	1	43200	2	0	43200
S029_DAY1_MINITWICE_5186	111	Pulse	99	6001406	12326	NA
S029_DAY1_MINITWICE_5186	111	Port Input	1	6001406	12326	NA
S029_DAY1_MINITWICE_5186	111	Response	51	6014981	25901	1
S029_DAY1_MINITWICE_5186	111	Picture	110_T_PWTRIAD_PW_oruga_red.png	6032280	43200	1	1900	2	43200	1800
S029_DAY1_MINITWICE_5186	112	Picture	rest	6034280	0	1	144099	3	0	144000
S029_DAY1_MINITWICE_5186	112	Pulse	99	6037408	3128	NA
S029_DAY1_MINITWICE_5186	112	Port Input	1	6037408	3128	NA
S029_DAY1_MINITWICE_5186	113	Picture	endrest	6178479	0	2	10101	3	0	10000
S029_DAY1_MINITWICE_5186	114	Picture	RW	6188779	0	2	43200	3	0	43200
S029_DAY1_MINITWICE_5186	114	Response	52	6203363	14584	40
S029_DAY1_MINITWICE_5186	114	Picture	113_T_RWTRIAD_RW_esquimal_red.png	6231979	43200	1	1900	2	43200	1800
S029_DAY1_MINITWICE_5186	115	Picture	RW	6234079	0	2	43200	3	0	43200
S029_DAY1_MINITWICE_5186	115	Response	52	6252306	18227	1
S029_DAY1_MINITWICE_5186	115	Picture	114_T_RWTRIAD_RW_llave_red.png	6277279	43200	1	1900	2	43200	1800
S029_DAY1_MINITWICE_5186	116	Picture	RW	6279379	0	1	43200	2	0	43200
S029_DAY1_MINITWICE_5186	116	Response	51	6295063	15684	1
S029_DAY1_MINITWICE_5186	116	Picture	115_T_RWTRIAD_RW_paracaidas_red.png	6322579	43200	1	1900	2	43200	1800
S029_DAY1_MINITWICE_5186	117	Picture	RW	6324679	0	1	43200	2	0	43200
S029_DAY1_MINITWICE_5186	117	Response	51	6339306	14627	1
S029_DAY1_MINITWICE_5186	117	Picture	116_T_RWTRIAD_RW_chupete_red.png	6367879	43200	1	1900	2	43200	1800
S029_DAY1_MINITWICE_5186	118	Picture	PW	6369979	0	1	43200	2	0	43200
S029_DAY1_MINITWICE_5186	118	Response	52	6395590	25611	2
S029_DAY1_MINITWICE_5186	118	Picture	117_T_PWTRIAD_PW_murcielago_red.png	6413179	43200	1	1900	2	43200	1800
S029_DAY1_MINITWICE_5186	119	Picture	PW	6415279	0	1	43200	2	0	43200
S029_DAY1_MINITWICE_5186	119	Response	51	6437387	22108	2
S029_DAY1_MINITWICE_5186	119	Picture	118_T_PWTRIAD_PW_policia_red.png	6458479	43200	1	1900	2	43200	1800
S029_DAY1_MINITWICE_5186	120	Picture	PW	6460579	0	1	43200	2	0	43200
S029_DAY1_MINITWICE_5186	120	Response	51	6483544	22965	2
S029_DAY1_MINITWICE_5186	120	Picture	119_T_PWTRIAD_PW_dado_red.png	6503779	43200	1	1900	2	43200	1800
S029_DAY1_MINITWICE_5186	121	Picture	PW	6505879	0	1	43199	3	0	43200
S029_DAY1_MINITWICE_5186	121	Response	51	6527450	21571	1
S029_DAY1_MINITWICE_5186	121	Picture	120_T_PWTRIAD_PW_arco_red.png	6549078	43199	2	1900	4	43200	1800
S029_DAY1_MINITWICE_5186	122	Picture	rest	6551078	0	2	144100	3	0	144000
S029_DAY1_MINITWICE_5186	123	Picture	endrest	6695278	0	1	10100	2	0	10000
S029_DAY1_MINITWICE_5186	124	Picture	FF	6705578	0	1	43200	2	0	43200
S029_DAY1_MINITWICE_5186	124	Response	51	6720291	14713	1
S029_DAY1_MINITWICE_5186	124	Picture	123_T_FFTRIAD_FF_arco_red.png	6748778	43200	1	1900	2	43200	1800
S029_DAY1_MINITWICE_5186	125	Picture	FF	6750878	0	1	43200	2	0	43200
S029_DAY1_MINITWICE_5186	125	Response	52	6762752	11874	1
S029_DAY1_MINITWICE_5186	125	Picture	124_T_FFTRIAD_FF_silla_red.png	6794078	43200	1	1900	2	43200	1800
S029_DAY1_MINITWICE_5186	126	Picture	FF	6796178	0	1	43200	2	0	43200
S029_DAY1_MINITWICE_5186	126	Response	51	6808292	12114	1
S029_DAY1_MINITWICE_5186	126	Picture	125_T_FFTRIAD_FF_monja_red.png	6839378	43200	1	1900	2	43200	1800
S029_DAY1_MINITWICE_5186	127	Picture	FF	6841478	0	1	43199	3	0	43200
S029_DAY1_MINITWICE_5186	127	Response	52	6856805	15327	1
S029_DAY1_MINITWICE_5186	127	Picture	126_T_FFTRIAD_FF_cortina_red.png	6884677	43199	2	1900	3	43200	1800
S029_DAY1_MINITWICE_5186	128	Picture	FF	6886777	0	2	43200	3	0	43200
S029_DAY1_MINITWICE_5186	128	Response	51	6898932	12155	2
S029_DAY1_MINITWICE_5186	128	Picture	127_T_FFTRIAD_FF_dedal_red.png	6929977	43200	1	1900	2	43200	1800
S029_DAY1_MINITWICE_5186	129	Picture	FF	6932077	0	1	43175	43	0	43200
S029_DAY1_MINITWICE_5186	129	Response	51	6946414	14337	1
S029_DAY1_MINITWICE_5186	129	Picture	128_T_FFTRIAD_FF_charco_red.png	6975252	43175	42	1825	43	43200	1800
S029_DAY1_MINITWICE_5186	130	Picture	FF	6977277	0	1	43200	2	0	43200
S029_DAY1_MINITWICE_5186	130	Response	51	6990536	13259	1
S029_DAY1_MINITWICE_5186	130	Picture	129_T_FFTRIAD_FF_sombrilla_red.png	7020477	43200	1	1900	2	43200	1800
S029_DAY1_MINITWICE_5186	131	Picture	FF	7022577	0	1	43200	2	0	43200
S029_DAY1_MINITWICE_5186	131	Response	52	7033091	10514	1
S029_DAY1_MINITWICE_5186	131	Picture	130_T_FFTRIAD_FF_pilas_red.png	7065777	43200	1	1900	2	43200	1800
S029_DAY1_MINITWICE_5186	132	Picture	rest	7067777	0	1	144099	3	0	144000
S029_DAY1_MINITWICE_5186	133	Picture	endrest	7211976	0	2	10100	3	0	10000
S029_DAY1_MINITWICE_5186	134	Picture	FF	7222276	0	2	43200	3	0	43200
S029_DAY1_MINITWICE_5186	134	Response	52	7236755	14479	1
S029_DAY1_MINITWICE_5186	134	Picture	133_T_FFTRIAD_FF_botella_red.png	7265476	43200	1	1900	2	43200	1800
S029_DAY1_MINITWICE_5186	135	Picture	FF	7267576	0	1	43200	2	0	43200
S029_DAY1_MINITWICE_5186	135	Response	51	7280028	12452	2
S029_DAY1_MINITWICE_5186	135	Picture	134_T_FFTRIAD_FF_portatil_red.png	7310776	43200	1	1900	2	43200	1800
S029_DAY1_MINITWICE_5186	136	Picture	FF	7312876	0	1	43200	3	0	43200
S029_DAY1_MINITWICE_5186	136	Response	51	7326659	13783	1
S029_DAY1_MINITWICE_5186	136	Picture	135_T_FFTRIAD_FF_carruaje_red.png	7356076	43200	2	1900	4	43200	1800
S029_DAY1_MINITWICE_5186	137	Picture	FF	7358176	0	2	43200	3	0	43200
S029_DAY1_MINITWICE_5186	137	Response	52	7370199	12023	1
S029_DAY1_MINITWICE_5186	137	Picture	136_T_FFTRIAD_FF_cerillas_red.png	7401376	43200	1	1900	2	43200	1800
S029_DAY1_MINITWICE_5186	138	Picture	rest	7403376	0	1	144099	3	0	144000
S029_DAY1_MINITWICE_5186	139	Picture	endrest	7547575	0	2	10100	4	0	10000
S029_DAY1_MINITWICE_5186	140	Picture	endrest	7557775	0	1	10100	2	0	10000
S029_DAY1_MINITWICE_5186	141	Picture	endrest	7567975	0	1	10100	2	0	10000
S029_DAY1_MINITWICE_5186	142	Picture	endrest	7578175	0	1	10100	2	0	10000
