Scenario - vOT_Triads_fMRI_I
Logfile written - 12/14/2015 10:52:26

Subject	Trial	Event Type	Code	Time	TTime	Uncertainty	Duration	Uncertainty	ReqTime	ReqDur

S029_MINIONCE_1459	1	Response	98	508210	518110	1
S029_MINIONCE_1459	2	Response	52	651830	143534	1
S029_MINIONCE_1459	2	Response	98	660907	152611	2
S029_MINIONCE_1459	3	Response	52	757834	96839	1
S029_MINIONCE_1459	3	Response	98	860442	199447	1
S029_MINIONCE_1459	4	Response	52	981960	121367	2
S029_MINIONCE_1459	4	Response	98	992434	131841	41
S029_MINIONCE_1459	6	Pulse	99	1398521	405928	NA
S029_MINIONCE_1459	6	Port Input	1	1398521	405928	NA
S029_MINIONCE_1459	6	Pulse	99	1434522	441929	NA
S029_MINIONCE_1459	6	Port Input	1	1434522	441929	NA
S029_MINIONCE_1459	6	Pulse	99	1470523	477930	NA
S029_MINIONCE_1459	6	Port Input	1	1470523	477930	NA
S029_MINIONCE_1459	6	Pulse	99	1506524	513931	NA
S029_MINIONCE_1459	6	Port Input	1	1506524	513931	NA
S029_MINIONCE_1459	6	Pulse	99	1542525	549932	NA
S029_MINIONCE_1459	6	Port Input	1	1542525	549932	NA
S029_MINIONCE_1459	7	Picture	rest	1542789	0	1	144099	2	0	144000
S029_MINIONCE_1459	7	Pulse	99	1578526	35737	NA
S029_MINIONCE_1459	7	Port Input	1	1578526	35737	NA
S029_MINIONCE_1459	7	Pulse	99	1614527	71738	NA
S029_MINIONCE_1459	7	Port Input	1	1614527	71738	NA
S029_MINIONCE_1459	7	Pulse	99	1650528	107739	NA
S029_MINIONCE_1459	7	Port Input	1	1650528	107739	NA
S029_MINIONCE_1459	7	Pulse	99	1686529	143740	NA
S029_MINIONCE_1459	7	Port Input	1	1686529	143740	NA
S029_MINIONCE_1459	8	Picture	endrest	1686988	0	1	10100	2	0	10000
S029_MINIONCE_1459	9	Picture	FF	1697488	0	1	43099	2	0	43200
S029_MINIONCE_1459	9	Response	51	1713906	16418	1
S029_MINIONCE_1459	9	Pulse	99	1722530	25042	NA
S029_MINIONCE_1459	9	Port Input	1	1722530	25042	NA
S029_MINIONCE_1459	9	Picture	3_T_FFTRIAD_FF_cuento_red.png	1740587	43099	1	1900	2	43200	1800
S029_MINIONCE_1459	10	Picture	FF	1742787	0	1	43100	2	0	43200
S029_MINIONCE_1459	10	Response	52	1755039	12252	1
S029_MINIONCE_1459	10	Pulse	99	1758531	15744	NA
S029_MINIONCE_1459	10	Port Input	1	1758531	15744	NA
S029_MINIONCE_1459	10	Picture	4_T_FFTRIAD_FF_raton_red.png	1785887	43100	1	1900	2	43200	1800
S029_MINIONCE_1459	11	Picture	FF	1787987	0	1	43200	2	0	43200
S029_MINIONCE_1459	11	Pulse	99	1794532	6545	NA
S029_MINIONCE_1459	11	Port Input	1	1794532	6545	NA
S029_MINIONCE_1459	11	Response	51	1806746	18759	1
S029_MINIONCE_1459	11	Pulse	99	1830533	42546	NA
S029_MINIONCE_1459	11	Port Input	1	1830533	42546	NA
S029_MINIONCE_1459	11	Picture	5_T_FFTRIAD_FF_ancla_red.png	1831187	43200	1	1900	2	43200	1800
S029_MINIONCE_1459	12	Picture	FF	1833287	0	1	43199	3	0	43200
S029_MINIONCE_1459	12	Response	51	1846700	13413	1
S029_MINIONCE_1459	12	Pulse	99	1866534	33247	NA
S029_MINIONCE_1459	12	Port Input	1	1866534	33247	NA
S029_MINIONCE_1459	12	Picture	6_T_FFTRIAD_FF_policia_red.png	1876486	43199	2	1900	4	43200	1800
S029_MINIONCE_1459	13	Picture	FF	1878586	0	2	43200	3	0	43200
S029_MINIONCE_1459	13	Response	51	1890105	11519	1
S029_MINIONCE_1459	13	Pulse	99	1902535	23949	NA
S029_MINIONCE_1459	13	Port Input	1	1902535	23949	NA
S029_MINIONCE_1459	13	Picture	7_T_FFTRIAD_FF_piramide_red.png	1921786	43200	1	1900	2	43200	1800
S029_MINIONCE_1459	14	Picture	FF	1923886	0	1	43200	2	0	43200
S029_MINIONCE_1459	14	Pulse	99	1938536	14650	NA
S029_MINIONCE_1459	14	Port Input	1	1938536	14650	NA
S029_MINIONCE_1459	14	Response	51	1943783	19897	1
S029_MINIONCE_1459	14	Picture	8_T_FFTRIAD_FF_novia_red.png	1967086	43200	1	1900	2	43200	1800
S029_MINIONCE_1459	15	Picture	FF	1969186	0	1	43199	3	0	43200
S029_MINIONCE_1459	15	Pulse	99	1974537	5351	NA
S029_MINIONCE_1459	15	Port Input	1	1974537	5351	NA
S029_MINIONCE_1459	15	Response	51	1986983	17797	1
S029_MINIONCE_1459	15	Pulse	99	2010538	41352	NA
S029_MINIONCE_1459	15	Port Input	1	2010538	41352	NA
S029_MINIONCE_1459	15	Picture	9_T_FFTRIAD_FF_zanahoria_red.png	2012385	43199	2	1901	3	43200	1800
S029_MINIONCE_1459	16	Picture	FF	2014585	0	2	43200	3	0	43200
S029_MINIONCE_1459	16	Response	51	2026891	12306	1
S029_MINIONCE_1459	16	Pulse	99	2046539	31954	NA
S029_MINIONCE_1459	16	Port Input	1	2046539	31954	NA
S029_MINIONCE_1459	16	Picture	10_T_FFTRIAD_FF_lenador_red.png	2057785	43200	1	1900	2	43200	1800
S029_MINIONCE_1459	17	Picture	rest	2059785	0	1	144099	2	0	144000
S029_MINIONCE_1459	17	Pulse	99	2082540	22755	NA
S029_MINIONCE_1459	17	Port Input	1	2082540	22755	NA
S029_MINIONCE_1459	17	Pulse	99	2118541	58756	NA
S029_MINIONCE_1459	17	Port Input	1	2118541	58756	NA
S029_MINIONCE_1459	17	Pulse	99	2154542	94757	NA
S029_MINIONCE_1459	17	Port Input	1	2154542	94757	NA
S029_MINIONCE_1459	17	Pulse	99	2190543	130758	NA
S029_MINIONCE_1459	17	Port Input	1	2190543	130758	NA
S029_MINIONCE_1459	18	Picture	endrest	2203984	0	1	10100	2	0	10000
S029_MINIONCE_1459	19	Picture	FF	2214484	0	1	43100	2	0	43200
S029_MINIONCE_1459	19	Pulse	99	2226544	12060	NA
S029_MINIONCE_1459	19	Port Input	1	2226544	12060	NA
S029_MINIONCE_1459	19	Response	52	2244215	29731	1
S029_MINIONCE_1459	19	Picture	13_T_FFTRIAD_FF_arbol_red.png	2257584	43100	1	1900	2	43200	1800
S029_MINIONCE_1459	20	Picture	FF	2259684	0	1	43200	2	0	43200
S029_MINIONCE_1459	20	Pulse	99	2262545	2861	NA
S029_MINIONCE_1459	20	Port Input	1	2262545	2861	NA
S029_MINIONCE_1459	20	Response	51	2274079	14395	1
S029_MINIONCE_1459	20	Pulse	99	2298546	38862	NA
S029_MINIONCE_1459	20	Port Input	1	2298546	38862	NA
S029_MINIONCE_1459	20	Picture	14_T_FFTRIAD_FF_granjero_red.png	2302884	43200	1	1900	2	43200	1800
S029_MINIONCE_1459	21	Picture	FF	2304983	0	2	43200	3	0	43200
S029_MINIONCE_1459	21	Response	52	2320488	15505	1
S029_MINIONCE_1459	21	Pulse	99	2334547	29564	NA
S029_MINIONCE_1459	21	Port Input	1	2334547	29564	NA
S029_MINIONCE_1459	21	Picture	15_T_FFTRIAD_FF_telarana_red.png	2348183	43200	1	1900	2	43200	1800
S029_MINIONCE_1459	22	Picture	FF	2350283	0	1	43200	2	0	43200
S029_MINIONCE_1459	22	Pulse	99	2370548	20265	NA
S029_MINIONCE_1459	22	Port Input	1	2370548	20265	NA
S029_MINIONCE_1459	22	Response	52	2373180	22897	1
S029_MINIONCE_1459	22	Picture	16_T_FFTRIAD_FF_plato_red.png	2393483	43200	1	1900	2	43200	1800
S029_MINIONCE_1459	23	Picture	RW	2395583	0	1	43200	2	0	43200
S029_MINIONCE_1459	23	Pulse	99	2406549	10966	NA
S029_MINIONCE_1459	23	Port Input	1	2406549	10966	NA
S029_MINIONCE_1459	23	Response	52	2421569	25986	1
S029_MINIONCE_1459	23	Picture	17_T_RWTRIAD_RW_destornillador_red.png	2438783	43200	1	1900	2	43200	1800
S029_MINIONCE_1459	24	Picture	RW	2441083	0	1	43099	3	0	43200
S029_MINIONCE_1459	24	Pulse	99	2442550	1467	NA
S029_MINIONCE_1459	24	Port Input	1	2442550	1467	NA
S029_MINIONCE_1459	24	Response	52	2470688	29605	2
S029_MINIONCE_1459	24	Pulse	99	2478551	37468	NA
S029_MINIONCE_1459	24	Port Input	1	2478551	37468	NA
S029_MINIONCE_1459	24	Picture	18_T_RWTRIAD_RW_tijera_red.png	2484182	43099	2	1900	3	43200	1800
S029_MINIONCE_1459	25	Picture	RW	2486382	0	1	43100	2	0	43200
S029_MINIONCE_1459	25	Response	51	2505013	18631	2
S029_MINIONCE_1459	25	Pulse	99	2514552	28170	NA
S029_MINIONCE_1459	25	Port Input	1	2514552	28170	NA
S029_MINIONCE_1459	25	Picture	19_T_RWTRIAD_RW_botella_red.png	2529482	43100	1	1900	2	43200	1800
S029_MINIONCE_1459	26	Picture	RW	2531582	0	1	43200	2	0	43200
S029_MINIONCE_1459	26	Response	52	2548126	16544	5
S029_MINIONCE_1459	26	Pulse	99	2550553	18971	NA
S029_MINIONCE_1459	26	Port Input	1	2550553	18971	NA
S029_MINIONCE_1459	26	Picture	20_T_RWTRIAD_RW_cinturon_red.png	2574782	43200	1	1900	2	43200	1800
S029_MINIONCE_1459	27	Picture	rest	2576782	0	1	144099	3	0	144000
S029_MINIONCE_1459	27	Pulse	99	2586554	9772	NA
S029_MINIONCE_1459	27	Port Input	1	2586554	9772	NA
S029_MINIONCE_1459	27	Pulse	99	2622555	45773	NA
S029_MINIONCE_1459	27	Port Input	1	2622555	45773	NA
S029_MINIONCE_1459	27	Pulse	99	2658556	81774	NA
S029_MINIONCE_1459	27	Port Input	1	2658556	81774	NA
S029_MINIONCE_1459	27	Pulse	99	2694557	117775	NA
S029_MINIONCE_1459	27	Port Input	1	2694557	117775	NA
S029_MINIONCE_1459	28	Picture	endrest	2720981	0	1	10100	2	0	10000
S029_MINIONCE_1459	28	Pulse	99	2730558	9577	NA
S029_MINIONCE_1459	28	Port Input	1	2730558	9577	NA
S029_MINIONCE_1459	29	Picture	RW	2731281	0	2	43199	5	0	43200
S029_MINIONCE_1459	29	Response	52	2751638	20357	1
S029_MINIONCE_1459	29	Pulse	99	2766559	35278	NA
S029_MINIONCE_1459	29	Port Input	1	2766559	35278	NA
S029_MINIONCE_1459	29	Picture	23_T_RWTRIAD_RW_silla_red.png	2774480	43199	3	1900	4	43200	1800
S029_MINIONCE_1459	30	Picture	RW	2776580	0	2	43200	4	0	43200
S029_MINIONCE_1459	30	Pulse	99	2802560	25980	NA
S029_MINIONCE_1459	30	Port Input	1	2802560	25980	NA
S029_MINIONCE_1459	30	Response	52	2805164	28584	2
S029_MINIONCE_1459	30	Picture	24_T_RWTRIAD_RW_ascensor_red.png	2819780	43200	2	1900	4	43200	1800
S029_MINIONCE_1459	31	Picture	RW	2821880	0	2	43200	3	0	43200
S029_MINIONCE_1459	31	Pulse	99	2838560	16680	NA
S029_MINIONCE_1459	31	Port Input	1	2838560	16680	NA
S029_MINIONCE_1459	31	Response	51	2848177	26297	1
S029_MINIONCE_1459	31	Picture	25_T_RWTRIAD_RW_iglu_red.png	2865080	43200	1	1874	43	43200	1800
S029_MINIONCE_1459	32	Picture	RW	2867179	0	2	43200	4	0	43200
S029_MINIONCE_1459	32	Pulse	99	2874561	7382	NA
S029_MINIONCE_1459	32	Port Input	1	2874561	7382	NA
S029_MINIONCE_1459	32	Response	52	2894548	27369	1
S029_MINIONCE_1459	32	Picture	26_T_RWTRIAD_RW_martillo_red.png	2910379	43200	2	1900	4	43200	1800
S029_MINIONCE_1459	32	Pulse	99	2910562	43383	NA
S029_MINIONCE_1459	32	Port Input	1	2910562	43383	NA
S029_MINIONCE_1459	33	Picture	FF	2912479	0	2	43199	4	0	43200
S029_MINIONCE_1459	33	Response	51	2928190	15711	1
S029_MINIONCE_1459	33	Pulse	99	2946563	34084	NA
S029_MINIONCE_1459	33	Port Input	1	2946563	34084	NA
S029_MINIONCE_1459	33	Picture	27_T_FFTRIAD_FF_lana_red.png	2955678	43199	2	1900	5	43200	1800
S029_MINIONCE_1459	34	Picture	FF	2957779	0	1	43199	3	0	43200
S029_MINIONCE_1459	34	Response	51	2971055	13276	1
S029_MINIONCE_1459	34	Pulse	99	2982564	24785	NA
S029_MINIONCE_1459	34	Port Input	1	2982564	24785	NA
S029_MINIONCE_1459	34	Picture	28_T_FFTRIAD_FF_agua_red.png	3000978	43199	2	1900	4	43200	1800
S029_MINIONCE_1459	35	Picture	FF	3003078	0	2	43199	5	0	43200
S029_MINIONCE_1459	35	Pulse	99	3018565	15487	NA
S029_MINIONCE_1459	35	Port Input	1	3018565	15487	NA
S029_MINIONCE_1459	35	Response	51	3039218	36140	1
S029_MINIONCE_1459	35	Picture	29_T_FFTRIAD_FF_television_red.png	3046277	43199	3	1901	4	43200	1800
S029_MINIONCE_1459	36	Picture	FF	3048378	0	1	43200	2	0	43200
S029_MINIONCE_1459	36	Pulse	99	3054566	6188	NA
S029_MINIONCE_1459	36	Port Input	1	3054566	6188	NA
S029_MINIONCE_1459	36	Response	52	3061808	13430	1
S029_MINIONCE_1459	36	Pulse	99	3090567	42189	NA
S029_MINIONCE_1459	36	Port Input	1	3090567	42189	NA
S029_MINIONCE_1459	36	Picture	30_T_FFTRIAD_FF_paraguas_red.png	3091578	43200	1	1900	2	43200	1800
S029_MINIONCE_1459	37	Picture	rest	3093578	0	1	144099	2	0	144000
S029_MINIONCE_1459	37	Pulse	99	3126568	32990	NA
S029_MINIONCE_1459	37	Port Input	1	3126568	32990	NA
S029_MINIONCE_1459	37	Pulse	99	3162569	68991	NA
S029_MINIONCE_1459	37	Port Input	1	3162569	68991	NA
S029_MINIONCE_1459	37	Pulse	99	3198570	104992	NA
S029_MINIONCE_1459	37	Port Input	1	3198570	104992	NA
S029_MINIONCE_1459	37	Pulse	99	3234571	140993	NA
S029_MINIONCE_1459	37	Port Input	1	3234571	140993	NA
S029_MINIONCE_1459	38	Picture	endrest	3237777	0	1	10100	2	0	10000
S029_MINIONCE_1459	39	Picture	FF	3248077	0	1	43200	2	0	43200
S029_MINIONCE_1459	39	Response	52	3266705	18628	1
S029_MINIONCE_1459	39	Pulse	99	3270572	22495	NA
S029_MINIONCE_1459	39	Port Input	1	3270572	22495	NA
S029_MINIONCE_1459	39	Picture	33_T_FFTRIAD_FF_manos_red.png	3291277	43200	1	1900	2	43200	1800
S029_MINIONCE_1459	40	Picture	FF	3293577	0	1	43099	2	0	43200
S029_MINIONCE_1459	40	Response	51	3305274	11697	3
S029_MINIONCE_1459	40	Pulse	99	3306573	12996	NA
S029_MINIONCE_1459	40	Port Input	1	3306573	12996	NA
S029_MINIONCE_1459	40	Picture	34_T_FFTRIAD_FF_cinturon_red.png	3336676	43099	1	1900	3	43200	1800
S029_MINIONCE_1459	41	Picture	FF	3338776	0	2	43200	3	0	43200
S029_MINIONCE_1459	41	Pulse	99	3342574	3798	NA
S029_MINIONCE_1459	41	Port Input	1	3342574	3798	NA
S029_MINIONCE_1459	41	Response	52	3354362	15586	1
S029_MINIONCE_1459	41	Pulse	99	3378575	39799	NA
S029_MINIONCE_1459	41	Port Input	1	3378575	39799	NA
S029_MINIONCE_1459	41	Picture	35_T_FFTRIAD_FF_huevos_red.png	3381976	43200	1	1900	2	43200	1800
S029_MINIONCE_1459	42	Picture	FF	3384076	0	1	43200	2	0	43200
S029_MINIONCE_1459	42	Response	51	3396117	12041	1
S029_MINIONCE_1459	42	Pulse	99	3414576	30500	NA
S029_MINIONCE_1459	42	Port Input	1	3414576	30500	NA
S029_MINIONCE_1459	42	Picture	36_T_FFTRIAD_FF_teclado_red.png	3427276	43200	1	1900	2	43200	1800
S029_MINIONCE_1459	43	Picture	FF	3429376	0	1	43199	3	0	43200
S029_MINIONCE_1459	43	Response	51	3445420	16044	1
S029_MINIONCE_1459	43	Pulse	99	3450577	21201	NA
S029_MINIONCE_1459	43	Port Input	1	3450577	21201	NA
S029_MINIONCE_1459	43	Picture	37_T_FFTRIAD_FF_llave_red.png	3472575	43199	2	1900	4	43200	1800
S029_MINIONCE_1459	44	Picture	FF	3474675	0	2	43200	3	0	43200
S029_MINIONCE_1459	44	Pulse	99	3486578	11903	NA
S029_MINIONCE_1459	44	Port Input	1	3486578	11903	NA
S029_MINIONCE_1459	44	Response	51	3491108	16433	5
S029_MINIONCE_1459	44	Picture	38_T_FFTRIAD_FF_tenedor_red.png	3517875	43200	1	1900	2	43200	1800
S029_MINIONCE_1459	45	Picture	FF	3519975	0	1	43200	2	0	43200
S029_MINIONCE_1459	45	Pulse	99	3522579	2604	NA
S029_MINIONCE_1459	45	Port Input	1	3522579	2604	NA
S029_MINIONCE_1459	45	Response	52	3539401	19426	1
S029_MINIONCE_1459	45	Pulse	99	3558580	38605	NA
S029_MINIONCE_1459	45	Port Input	1	3558580	38605	NA
S029_MINIONCE_1459	45	Picture	39_T_FFTRIAD_FF_molino_red.png	3563175	43200	1	1900	2	43200	1800
S029_MINIONCE_1459	46	Picture	FF	3565475	0	1	43100	2	0	43200
S029_MINIONCE_1459	46	Response	51	3590093	24618	1
S029_MINIONCE_1459	46	Pulse	99	3594581	29106	NA
S029_MINIONCE_1459	46	Port Input	1	3594581	29106	NA
S029_MINIONCE_1459	46	Picture	40_T_FFTRIAD_FF_estetoscopio_red.png	3608575	43100	1	1900	2	43200	1800
S029_MINIONCE_1459	47	Picture	rest	3610575	0	1	144099	2	0	144000
S029_MINIONCE_1459	47	Pulse	99	3630582	20007	NA
S029_MINIONCE_1459	47	Port Input	1	3630582	20007	NA
S029_MINIONCE_1459	47	Pulse	99	3666583	56008	NA
S029_MINIONCE_1459	47	Port Input	1	3666583	56008	NA
S029_MINIONCE_1459	47	Pulse	99	3702584	92009	NA
S029_MINIONCE_1459	47	Port Input	1	3702584	92009	NA
S029_MINIONCE_1459	47	Pulse	99	3738585	128010	NA
S029_MINIONCE_1459	47	Port Input	1	3738585	128010	NA
S029_MINIONCE_1459	48	Picture	endrest	3754774	0	1	10099	3	0	10000
S029_MINIONCE_1459	49	Picture	RW	3765073	0	2	43200	3	0	43200
S029_MINIONCE_1459	49	Pulse	99	3774586	9513	NA
S029_MINIONCE_1459	49	Port Input	1	3774586	9513	NA
S029_MINIONCE_1459	49	Response	52	3781511	16438	2
S029_MINIONCE_1459	49	Picture	43_T_RWTRIAD_RW_monja_red.png	3808273	43200	1	1900	2	43200	1800
S029_MINIONCE_1459	50	Picture	RW	3810373	0	1	43200	2	0	43200
S029_MINIONCE_1459	50	Pulse	99	3810587	214	NA
S029_MINIONCE_1459	50	Port Input	1	3810587	214	NA
S029_MINIONCE_1459	50	Response	52	3832809	22436	2
S029_MINIONCE_1459	50	Pulse	99	3846588	36215	NA
S029_MINIONCE_1459	50	Port Input	1	3846588	36215	NA
S029_MINIONCE_1459	50	Picture	44_T_RWTRIAD_RW_sobre_red.png	3853573	43200	1	1900	2	43200	1800
S029_MINIONCE_1459	51	Picture	RW	3855673	0	1	43200	2	0	43200
S029_MINIONCE_1459	51	Pulse	99	3882589	26916	NA
S029_MINIONCE_1459	51	Port Input	1	3882589	26916	NA
S029_MINIONCE_1459	51	Response	52	3883712	28039	1
S029_MINIONCE_1459	51	Picture	45_T_RWTRIAD_RW_pluma_red.png	3898873	43200	1	1899	3	43200	1800
S029_MINIONCE_1459	52	Picture	RW	3901173	0	1	43099	2	0	43200
S029_MINIONCE_1459	52	Response	51	3918258	17085	1
S029_MINIONCE_1459	52	Pulse	99	3918590	17417	NA
S029_MINIONCE_1459	52	Port Input	1	3918590	17417	NA
S029_MINIONCE_1459	52	Picture	46_T_RWTRIAD_RW_ancla_red.png	3944272	43099	1	1900	2	43200	1800
S029_MINIONCE_1459	53	Picture	FF	3946372	0	1	43200	2	0	43200
S029_MINIONCE_1459	53	Pulse	99	3954591	8219	NA
S029_MINIONCE_1459	53	Port Input	1	3954591	8219	NA
S029_MINIONCE_1459	53	Response	52	3960254	13882	1
S029_MINIONCE_1459	53	Picture	47_T_FFTRIAD_FF_mono_red.png	3989572	43200	1	1900	2	43200	1800
S029_MINIONCE_1459	53	Pulse	99	3990592	44220	NA
S029_MINIONCE_1459	53	Port Input	1	3990592	44220	NA
S029_MINIONCE_1459	54	Picture	FF	3991872	0	1	43100	2	0	43200
S029_MINIONCE_1459	54	Response	51	4003777	11905	1
S029_MINIONCE_1459	54	Pulse	99	4026593	34721	NA
S029_MINIONCE_1459	54	Port Input	1	4026593	34721	NA
S029_MINIONCE_1459	54	Picture	48_T_FFTRIAD_FF_grifo_red.png	4034972	43100	1	1900	2	43200	1800
S029_MINIONCE_1459	55	Picture	FF	4037072	0	1	43199	2	0	43200
S029_MINIONCE_1459	55	Response	51	4052713	15641	1
S029_MINIONCE_1459	55	Pulse	99	4062594	25522	NA
S029_MINIONCE_1459	55	Port Input	1	4062594	25522	NA
S029_MINIONCE_1459	55	Picture	49_T_FFTRIAD_FF_leche_red.png	4080271	43199	1	1900	2	43200	1800
S029_MINIONCE_1459	56	Picture	FF	4082371	0	1	43200	2	0	43200
S029_MINIONCE_1459	56	Response	51	4093931	11560	1
S029_MINIONCE_1459	56	Pulse	99	4098595	16224	NA
S029_MINIONCE_1459	56	Port Input	1	4098595	16224	NA
S029_MINIONCE_1459	56	Picture	50_T_FFTRIAD_FF_anillo_red.png	4125571	43200	1	1900	2	43200	1800
S029_MINIONCE_1459	57	Picture	rest	4127571	0	1	144099	2	0	144000
S029_MINIONCE_1459	57	Pulse	99	4134596	7025	NA
S029_MINIONCE_1459	57	Port Input	1	4134596	7025	NA
S029_MINIONCE_1459	57	Pulse	99	4170597	43026	NA
S029_MINIONCE_1459	57	Port Input	1	4170597	43026	NA
S029_MINIONCE_1459	57	Pulse	99	4206598	79027	NA
S029_MINIONCE_1459	57	Port Input	1	4206598	79027	NA
S029_MINIONCE_1459	57	Pulse	99	4242599	115028	NA
S029_MINIONCE_1459	57	Port Input	1	4242599	115028	NA
S029_MINIONCE_1459	58	Picture	endrest	4271770	0	1	10100	2	0	10000
S029_MINIONCE_1459	58	Pulse	99	4278600	6830	NA
S029_MINIONCE_1459	58	Port Input	1	4278600	6830	NA
S029_MINIONCE_1459	59	Picture	RW	4282070	0	1	43200	2	0	43200
S029_MINIONCE_1459	59	Response	51	4304722	22652	1
S029_MINIONCE_1459	59	Pulse	99	4314601	32531	NA
S029_MINIONCE_1459	59	Port Input	1	4314601	32531	NA
S029_MINIONCE_1459	59	Picture	53_T_RWTRIAD_RW_television_red.png	4325270	43200	1	1900	2	43200	1800
S029_MINIONCE_1459	60	Picture	RW	4327369	0	2	43200	3	0	43200
S029_MINIONCE_1459	60	Pulse	99	4350602	23233	NA
S029_MINIONCE_1459	60	Port Input	1	4350602	23233	NA
S029_MINIONCE_1459	60	Response	52	4363819	36450	1
S029_MINIONCE_1459	60	Picture	54_T_RWTRIAD_RW_perro_red.png	4370569	43200	1	1900	2	43200	1800
S029_MINIONCE_1459	61	Picture	RW	4372669	0	1	43200	2	0	43200
S029_MINIONCE_1459	61	Pulse	99	4386603	13934	NA
S029_MINIONCE_1459	61	Port Input	1	4386603	13934	NA
S029_MINIONCE_1459	61	Response	52	4398897	26228	2
S029_MINIONCE_1459	61	Picture	55_T_RWTRIAD_RW_grapadora_red.png	4415869	43200	1	1900	2	43200	1800
S029_MINIONCE_1459	62	Picture	RW	4418169	0	1	43100	2	0	43200
S029_MINIONCE_1459	62	Pulse	99	4422604	4435	NA
S029_MINIONCE_1459	62	Port Input	1	4422604	4435	NA
S029_MINIONCE_1459	62	Response	51	4441208	23039	2
S029_MINIONCE_1459	62	Response	52	4458244	40075	1
S029_MINIONCE_1459	62	Pulse	99	4458605	40436	NA
S029_MINIONCE_1459	62	Port Input	1	4458605	40436	NA
S029_MINIONCE_1459	62	Picture	56_T_RWTRIAD_RW_raton_red.png	4461269	43100	1	1900	2	43200	1800
S029_MINIONCE_1459	63	Picture	RW	4463369	0	1	43199	2	0	43200
S029_MINIONCE_1459	63	Pulse	99	4494606	31237	NA
S029_MINIONCE_1459	63	Port Input	1	4494606	31237	NA
S029_MINIONCE_1459	63	Picture	57_T_RWTRIAD_RW_molino_red.png	4506568	43199	1	1900	2	43200	1800
S029_MINIONCE_1459	64	Picture	RW	4508768	0	1	43200	2	0	43200
S029_MINIONCE_1459	64	Response	52	4525179	16411	1
S029_MINIONCE_1459	64	Pulse	99	4530607	21839	NA
S029_MINIONCE_1459	64	Port Input	1	4530607	21839	NA
S029_MINIONCE_1459	64	Picture	58_T_RWTRIAD_RW_agua_red.png	4551968	43200	1	1900	2	43200	1800
S029_MINIONCE_1459	65	Picture	RW	4554068	0	1	43200	2	0	43200
S029_MINIONCE_1459	65	Pulse	99	4566608	12540	NA
S029_MINIONCE_1459	65	Port Input	1	4566608	12540	NA
S029_MINIONCE_1459	65	Response	52	4574447	20379	2
S029_MINIONCE_1459	65	Picture	59_T_RWTRIAD_RW_bellota_red.png	4597268	43200	1	1900	2	43200	1800
S029_MINIONCE_1459	66	Picture	RW	4599368	0	1	43199	2	0	43200
S029_MINIONCE_1459	66	Pulse	99	4602609	3241	NA
S029_MINIONCE_1459	66	Port Input	1	4602609	3241	NA
S029_MINIONCE_1459	66	Response	51	4627459	28091	2
S029_MINIONCE_1459	66	Pulse	99	4638609	39241	NA
S029_MINIONCE_1459	66	Port Input	1	4638609	39241	NA
S029_MINIONCE_1459	66	Picture	60_T_RWTRIAD_RW_violin_red.png	4642567	43199	1	1900	2	43200	1800
S029_MINIONCE_1459	67	Picture	rest	4644567	0	1	144099	2	0	144000
S029_MINIONCE_1459	67	Pulse	99	4674610	30043	NA
S029_MINIONCE_1459	67	Port Input	1	4674610	30043	NA
S029_MINIONCE_1459	67	Pulse	99	4710611	66044	NA
S029_MINIONCE_1459	67	Port Input	1	4710611	66044	NA
S029_MINIONCE_1459	67	Pulse	99	4746612	102045	NA
S029_MINIONCE_1459	67	Port Input	1	4746612	102045	NA
S029_MINIONCE_1459	67	Pulse	99	4782613	138046	NA
S029_MINIONCE_1459	67	Port Input	1	4782613	138046	NA
S029_MINIONCE_1459	68	Picture	endrest	4788766	0	1	10100	2	0	10000
S029_MINIONCE_1459	69	Picture	RW	4799066	0	1	43200	2	0	43200
S029_MINIONCE_1459	69	Pulse	99	4818614	19548	NA
S029_MINIONCE_1459	69	Port Input	1	4818614	19548	NA
S029_MINIONCE_1459	69	Response	51	4822796	23730	1
S029_MINIONCE_1459	69	Picture	63_T_RWTRIAD_RW_granjero_red.png	4842266	43200	1	1900	2	43200	1800
S029_MINIONCE_1459	70	Picture	RW	4844366	0	1	43200	2	0	43200
S029_MINIONCE_1459	70	Pulse	99	4854615	10249	NA
S029_MINIONCE_1459	70	Port Input	1	4854615	10249	NA
S029_MINIONCE_1459	70	Response	51	4863091	18725	1
S029_MINIONCE_1459	70	Picture	64_T_RWTRIAD_RW_carruaje_red.png	4887566	43200	1	1900	2	43200	1800
S029_MINIONCE_1459	71	Picture	RW	4889866	0	1	43099	2	0	43200
S029_MINIONCE_1459	71	Pulse	99	4890616	750	NA
S029_MINIONCE_1459	71	Port Input	1	4890616	750	NA
S029_MINIONCE_1459	71	Response	51	4904559	14693	1
S029_MINIONCE_1459	71	Pulse	99	4926617	36751	NA
S029_MINIONCE_1459	71	Port Input	1	4926617	36751	NA
S029_MINIONCE_1459	71	Picture	65_T_RWTRIAD_RW_almohada_red.png	4932965	43099	1	1900	2	43200	1800
S029_MINIONCE_1459	72	Picture	RW	4935065	0	1	43200	2	0	43200
S029_MINIONCE_1459	72	Pulse	99	4962618	27553	NA
S029_MINIONCE_1459	72	Port Input	1	4962618	27553	NA
S029_MINIONCE_1459	72	Response	51	4966199	31134	2
S029_MINIONCE_1459	72	Picture	66_T_RWTRIAD_RW_charco_red.png	4978265	43200	1	1900	2	43200	1800
S029_MINIONCE_1459	73	Picture	PW	4980365	0	1	43200	2	0	43200
S029_MINIONCE_1459	73	Pulse	99	4998619	18254	NA
S029_MINIONCE_1459	73	Port Input	1	4998619	18254	NA
S029_MINIONCE_1459	73	Response	52	5019786	39421	2
S029_MINIONCE_1459	73	Picture	67_T_PWTRIAD_PW_portatil_red.png	5023565	43200	1	1900	2	43200	1800
S029_MINIONCE_1459	74	Picture	PW	5025865	0	1	43099	2	0	43200
S029_MINIONCE_1459	74	Pulse	99	5034620	8755	NA
S029_MINIONCE_1459	74	Port Input	1	5034620	8755	NA
S029_MINIONCE_1459	74	Response	51	5041068	15203	5
S029_MINIONCE_1459	74	Picture	68_T_PWTRIAD_PW_perro_red.png	5068964	43099	1	1900	2	43200	1800
S029_MINIONCE_1459	74	Pulse	99	5070621	44756	NA
S029_MINIONCE_1459	74	Port Input	1	5070621	44756	NA
S029_MINIONCE_1459	75	Picture	PW	5071064	0	1	43200	2	0	43200
S029_MINIONCE_1459	75	Response	52	5098108	27044	1
S029_MINIONCE_1459	75	Pulse	99	5106622	35558	NA
S029_MINIONCE_1459	75	Port Input	1	5106622	35558	NA
S029_MINIONCE_1459	75	Picture	69_T_PWTRIAD_PW_tenedor_red.png	5114264	43200	1	1900	2	43200	1800
S029_MINIONCE_1459	76	Picture	PW	5116364	0	1	43200	2	0	43200
S029_MINIONCE_1459	76	Response	51	5135570	19206	1
S029_MINIONCE_1459	76	Pulse	99	5142623	26259	NA
S029_MINIONCE_1459	76	Port Input	1	5142623	26259	NA
S029_MINIONCE_1459	76	Picture	70_T_PWTRIAD_PW_piramide_red.png	5159564	43200	1	1900	2	43200	1800
S029_MINIONCE_1459	77	Picture	rest	5161564	0	1	144099	2	0	144000
S029_MINIONCE_1459	77	Pulse	99	5178624	17060	NA
S029_MINIONCE_1459	77	Port Input	1	5178624	17060	NA
S029_MINIONCE_1459	77	Pulse	99	5214625	53061	NA
S029_MINIONCE_1459	77	Port Input	1	5214625	53061	NA
S029_MINIONCE_1459	77	Pulse	99	5250626	89062	NA
S029_MINIONCE_1459	77	Port Input	1	5250626	89062	NA
S029_MINIONCE_1459	77	Pulse	99	5286627	125063	NA
S029_MINIONCE_1459	77	Port Input	1	5286627	125063	NA
S029_MINIONCE_1459	78	Picture	endrest	5305763	0	1	10100	2	0	10000
S029_MINIONCE_1459	79	Picture	PW	5316063	0	1	43199	2	0	43200
S029_MINIONCE_1459	79	Pulse	99	5322628	6565	NA
S029_MINIONCE_1459	79	Port Input	1	5322628	6565	NA
S029_MINIONCE_1459	79	Response	51	5336414	20351	1
S029_MINIONCE_1459	79	Pulse	99	5358629	42566	NA
S029_MINIONCE_1459	79	Port Input	1	5358629	42566	NA
S029_MINIONCE_1459	79	Picture	73_T_PWTRIAD_PW_almohada_red.png	5359262	43199	1	1900	2	43200	1800
S029_MINIONCE_1459	80	Picture	PW	5361562	0	1	43100	2	0	43200
S029_MINIONCE_1459	80	Response	52	5392445	30883	1
S029_MINIONCE_1459	80	Pulse	99	5394630	33068	NA
S029_MINIONCE_1459	80	Port Input	1	5394630	33068	NA
S029_MINIONCE_1459	80	Picture	74_T_PWTRIAD_PW_huevos_red.png	5404662	43100	1	1900	2	43200	1800
S029_MINIONCE_1459	81	Picture	PW	5406762	0	1	43200	2	0	43200
S029_MINIONCE_1459	81	Response	51	5423287	16525	2
S029_MINIONCE_1459	81	Pulse	99	5430631	23869	NA
S029_MINIONCE_1459	81	Port Input	1	5430631	23869	NA
S029_MINIONCE_1459	81	Picture	75_T_PWTRIAD_PW_telarana_red.png	5449962	43200	1	1900	2	43200	1800
S029_MINIONCE_1459	82	Picture	PW	5452262	0	1	43099	2	0	43200
S029_MINIONCE_1459	82	Pulse	99	5466632	14370	NA
S029_MINIONCE_1459	82	Port Input	1	5466632	14370	NA
S029_MINIONCE_1459	82	Response	51	5466856	14594	2
S029_MINIONCE_1459	82	Picture	76_T_PWTRIAD_PW_sapo_red.png	5495361	43099	1	1900	3	43200	1800
S029_MINIONCE_1459	83	Picture	PW	5497661	0	2	43100	4	0	43200
S029_MINIONCE_1459	83	Pulse	99	5502633	4972	NA
S029_MINIONCE_1459	83	Port Input	1	5502633	4972	NA
S029_MINIONCE_1459	83	Response	52	5516257	18596	1
S029_MINIONCE_1459	83	Pulse	99	5538634	40973	NA
S029_MINIONCE_1459	83	Port Input	1	5538634	40973	NA
S029_MINIONCE_1459	83	Picture	77_T_PWTRIAD_PW_anillo_red.png	5540761	43100	2	1900	4	43200	1800
S029_MINIONCE_1459	84	Picture	PW	5542861	0	2	43199	4	0	43200
S029_MINIONCE_1459	84	Response	51	5557303	14442	1
S029_MINIONCE_1459	84	Pulse	99	5574635	31774	NA
S029_MINIONCE_1459	84	Port Input	1	5574635	31774	NA
S029_MINIONCE_1459	84	Picture	78_T_PWTRIAD_PW_pincel_red.png	5586060	43199	2	1901	3	43200	1800
S029_MINIONCE_1459	85	Picture	PW	5588161	0	1	43199	3	0	43200
S029_MINIONCE_1459	85	Response	51	5604445	16284	1
S029_MINIONCE_1459	85	Pulse	99	5610636	22475	NA
S029_MINIONCE_1459	85	Port Input	1	5610636	22475	NA
S029_MINIONCE_1459	85	Picture	79_T_PWTRIAD_PW_bebe_red.png	5631360	43199	2	1900	4	43200	1800
S029_MINIONCE_1459	86	Picture	PW	5633460	0	2	43200	3	0	43200
S029_MINIONCE_1459	86	Pulse	99	5646637	13177	NA
S029_MINIONCE_1459	86	Port Input	1	5646637	13177	NA
S029_MINIONCE_1459	86	Response	52	5650258	16798	1
S029_MINIONCE_1459	86	Picture	80_T_PWTRIAD_PW_sombrilla_red.png	5676660	43200	1	1900	2	43200	1800
S029_MINIONCE_1459	87	Picture	rest	5678660	0	1	144099	2	0	144000
S029_MINIONCE_1459	87	Pulse	99	5682638	3978	NA
S029_MINIONCE_1459	87	Port Input	1	5682638	3978	NA
S029_MINIONCE_1459	87	Pulse	99	5718639	39979	NA
S029_MINIONCE_1459	87	Port Input	1	5718639	39979	NA
S029_MINIONCE_1459	87	Pulse	99	5754640	75980	NA
S029_MINIONCE_1459	87	Port Input	1	5754640	75980	NA
S029_MINIONCE_1459	87	Pulse	99	5790641	111981	NA
S029_MINIONCE_1459	87	Port Input	1	5790641	111981	NA
S029_MINIONCE_1459	88	Picture	endrest	5822859	0	1	10100	2	0	10000
S029_MINIONCE_1459	88	Pulse	99	5826642	3783	NA
S029_MINIONCE_1459	88	Port Input	1	5826642	3783	NA
S029_MINIONCE_1459	89	Picture	FF	5833359	0	1	43100	2	0	43200
S029_MINIONCE_1459	89	Response	51	5845754	12395	1
S029_MINIONCE_1459	89	Pulse	99	5862643	29284	NA
S029_MINIONCE_1459	89	Port Input	1	5862643	29284	NA
S029_MINIONCE_1459	89	Picture	83_T_FFTRIAD_FF_banera_red.png	5876459	43100	1	1900	2	43200	1800
S029_MINIONCE_1459	90	Picture	FF	5878559	0	1	43199	3	0	43200
S029_MINIONCE_1459	90	Response	52	5891103	12544	1
S029_MINIONCE_1459	90	Pulse	99	5898644	20085	NA
S029_MINIONCE_1459	90	Port Input	1	5898644	20085	NA
S029_MINIONCE_1459	90	Picture	84_T_FFTRIAD_FF_bebe_red.png	5921758	43199	2	1900	4	43200	1800
S029_MINIONCE_1459	91	Picture	FF	5923858	0	1	43200	2	0	43200
S029_MINIONCE_1459	91	Pulse	99	5934645	10787	NA
S029_MINIONCE_1459	91	Port Input	1	5934645	10787	NA
S029_MINIONCE_1459	91	Response	52	5937929	14071	1
S029_MINIONCE_1459	91	Picture	85_T_FFTRIAD_FF_candado_red.png	5967058	43200	1	1900	2	43200	1800
S029_MINIONCE_1459	92	Picture	FF	5969158	0	1	43200	2	0	43200
S029_MINIONCE_1459	92	Pulse	99	5970646	1488	NA
S029_MINIONCE_1459	92	Port Input	1	5970646	1488	NA
S029_MINIONCE_1459	92	Response	51	5979491	10333	1
S029_MINIONCE_1459	92	Pulse	99	6006647	37489	NA
S029_MINIONCE_1459	92	Port Input	1	6006647	37489	NA
S029_MINIONCE_1459	92	Picture	86_T_FFTRIAD_FF_sapo_red.png	6012358	43200	1	1900	2	43200	1800
S029_MINIONCE_1459	93	Picture	FF	6014658	0	1	43099	3	0	43200
S029_MINIONCE_1459	93	Response	52	6028798	14140	1
S029_MINIONCE_1459	93	Pulse	99	6042648	27990	NA
S029_MINIONCE_1459	93	Port Input	1	6042648	27990	NA
S029_MINIONCE_1459	93	Picture	87_T_FFTRIAD_FF_bala_red.png	6057757	43099	2	1900	4	43200	1800
S029_MINIONCE_1459	94	Picture	FF	6059857	0	2	43200	3	0	43200
S029_MINIONCE_1459	94	Response	51	6069664	9807	1
S029_MINIONCE_1459	94	Pulse	99	6078649	18792	NA
S029_MINIONCE_1459	94	Port Input	1	6078649	18792	NA
S029_MINIONCE_1459	94	Picture	88_T_FFTRIAD_FF_sobre_red.png	6103057	43200	1	1900	2	43200	1800
S029_MINIONCE_1459	95	Picture	FF	6105157	0	1	43200	2	0	43200
S029_MINIONCE_1459	95	Pulse	99	6114650	9493	NA
S029_MINIONCE_1459	95	Port Input	1	6114650	9493	NA
S029_MINIONCE_1459	95	Response	52	6116785	11628	1
S029_MINIONCE_1459	95	Picture	89_T_FFTRIAD_FF_oruga_red.png	6148357	43200	1	1900	2	43200	1800
S029_MINIONCE_1459	96	Picture	FF	6150457	0	1	43199	3	0	43200
S029_MINIONCE_1459	96	Pulse	99	6150651	194	NA
S029_MINIONCE_1459	96	Port Input	1	6150651	194	NA
S029_MINIONCE_1459	96	Response	52	6169775	19318	1
S029_MINIONCE_1459	96	Pulse	99	6186652	36195	NA
S029_MINIONCE_1459	96	Port Input	1	6186652	36195	NA
S029_MINIONCE_1459	96	Picture	90_T_FFTRIAD_FF_destornillador_red.png	6193656	43199	2	1900	4	43200	1800
S029_MINIONCE_1459	97	Picture	rest	6195657	0	1	144098	3	0	144000
S029_MINIONCE_1459	97	Pulse	99	6222653	26996	NA
S029_MINIONCE_1459	97	Port Input	1	6222653	26996	NA
S029_MINIONCE_1459	97	Pulse	99	6258654	62997	NA
S029_MINIONCE_1459	97	Port Input	1	6258654	62997	NA
S029_MINIONCE_1459	97	Pulse	99	6294654	98997	NA
S029_MINIONCE_1459	97	Port Input	1	6294654	98997	NA
S029_MINIONCE_1459	97	Pulse	99	6330656	134999	NA
S029_MINIONCE_1459	97	Port Input	1	6330656	134999	NA
S029_MINIONCE_1459	98	Picture	endrest	6339855	0	2	10100	3	0	10000
S029_MINIONCE_1459	99	Picture	PW	6350155	0	1	43200	2	0	43200
S029_MINIONCE_1459	99	Pulse	99	6366656	16501	NA
S029_MINIONCE_1459	99	Port Input	1	6366656	16501	NA
S029_MINIONCE_1459	99	Response	51	6370677	20522	1
S029_MINIONCE_1459	99	Picture	93_T_PWTRIAD_PW_ancla_red.png	6393355	43200	1	1900	2	43200	1800
S029_MINIONCE_1459	100	Picture	PW	6395455	0	1	43200	2	0	43200
S029_MINIONCE_1459	100	Pulse	99	6402658	7203	NA
S029_MINIONCE_1459	100	Port Input	1	6402658	7203	NA
S029_MINIONCE_1459	100	Response	51	6417562	22107	1
S029_MINIONCE_1459	100	Picture	94_T_PWTRIAD_PW_charco_red.png	6438655	43200	1	1900	2	43200	1800
S029_MINIONCE_1459	100	Pulse	99	6438658	43203	NA
S029_MINIONCE_1459	100	Port Input	1	6438658	43203	NA
S029_MINIONCE_1459	101	Picture	PW	6440755	0	1	43199	3	0	43200
S029_MINIONCE_1459	101	Response	52	6468038	27283	1
S029_MINIONCE_1459	101	Pulse	99	6474659	33904	NA
S029_MINIONCE_1459	101	Port Input	1	6474659	33904	NA
S029_MINIONCE_1459	101	Picture	95_T_PWTRIAD_PW_gafas_red.png	6483954	43199	2	1900	4	43200	1800
S029_MINIONCE_1459	102	Picture	PW	6486054	0	2	43200	3	0	43200
S029_MINIONCE_1459	102	Response	51	6499409	13355	2
S029_MINIONCE_1459	102	Pulse	99	6510660	24606	NA
S029_MINIONCE_1459	102	Port Input	1	6510660	24606	NA
S029_MINIONCE_1459	102	Picture	96_T_PWTRIAD_PW_traje_red.png	6529254	43200	1	1900	2	43200	1800
S029_MINIONCE_1459	103	Picture	RW	6531354	0	1	43200	2	0	43200
S029_MINIONCE_1459	103	Pulse	99	6546661	15307	NA
S029_MINIONCE_1459	103	Port Input	1	6546661	15307	NA
S029_MINIONCE_1459	103	Response	52	6553797	22443	1
S029_MINIONCE_1459	103	Picture	97_T_RWTRIAD_RW_dado_red.png	6574554	43200	1	1900	2	43200	1800
S029_MINIONCE_1459	104	Picture	RW	6576654	0	1	43199	3	0	43200
S029_MINIONCE_1459	104	Pulse	99	6582662	6008	NA
S029_MINIONCE_1459	104	Port Input	1	6582662	6008	NA
S029_MINIONCE_1459	104	Response	51	6599428	22774	1
S029_MINIONCE_1459	104	Pulse	99	6618663	42009	NA
S029_MINIONCE_1459	104	Port Input	1	6618663	42009	NA
S029_MINIONCE_1459	104	Picture	98_T_RWTRIAD_RW_traje_red.png	6619853	43199	2	1900	4	43200	1800
S029_MINIONCE_1459	105	Picture	RW	6621953	0	2	43200	3	0	43200
S029_MINIONCE_1459	105	Response	52	6635914	13961	1
S029_MINIONCE_1459	105	Pulse	99	6654664	32711	NA
S029_MINIONCE_1459	105	Port Input	1	6654664	32711	NA
S029_MINIONCE_1459	105	Picture	99_T_RWTRIAD_RW_leche_red.png	6665153	43200	1	1900	2	43200	1800
S029_MINIONCE_1459	106	Picture	RW	6667253	0	1	43200	2	0	43200
S029_MINIONCE_1459	106	Response	51	6684001	16748	1
S029_MINIONCE_1459	106	Pulse	99	6690665	23412	NA
S029_MINIONCE_1459	106	Port Input	1	6690665	23412	NA
S029_MINIONCE_1459	106	Picture	100_T_RWTRIAD_RW_lana_red.png	6710453	43200	1	1900	2	43200	1800
S029_MINIONCE_1459	107	Picture	rest	6712453	0	1	144099	2	0	144000
S029_MINIONCE_1459	107	Pulse	99	6726666	14213	NA
S029_MINIONCE_1459	107	Port Input	1	6726666	14213	NA
S029_MINIONCE_1459	107	Pulse	99	6762667	50214	NA
S029_MINIONCE_1459	107	Port Input	1	6762667	50214	NA
S029_MINIONCE_1459	107	Pulse	99	6798668	86215	NA
S029_MINIONCE_1459	107	Port Input	1	6798668	86215	NA
S029_MINIONCE_1459	107	Pulse	99	6834669	122216	NA
S029_MINIONCE_1459	107	Port Input	1	6834669	122216	NA
S029_MINIONCE_1459	108	Picture	endrest	6856652	0	1	10100	2	0	10000
S029_MINIONCE_1459	109	Picture	PW	6867152	0	1	43099	3	0	43200
S029_MINIONCE_1459	109	Pulse	99	6870670	3518	NA
S029_MINIONCE_1459	109	Port Input	1	6870670	3518	NA
S029_MINIONCE_1459	109	Response	51	6893021	25869	2
S029_MINIONCE_1459	109	Pulse	99	6906671	39519	NA
S029_MINIONCE_1459	109	Port Input	1	6906671	39519	NA
S029_MINIONCE_1459	109	Picture	103_T_PWTRIAD_PW_cortina_red.png	6910251	43099	2	1900	4	43200	1800
S029_MINIONCE_1459	110	Picture	PW	6912351	0	2	43200	3	0	43200
S029_MINIONCE_1459	110	Response	52	6930906	18555	1
S029_MINIONCE_1459	110	Pulse	99	6942672	30321	NA
S029_MINIONCE_1459	110	Port Input	1	6942672	30321	NA
S029_MINIONCE_1459	110	Picture	104_T_PWTRIAD_PW_botella_red.png	6955551	43200	1	1900	2	43200	1800
S029_MINIONCE_1459	111	Picture	PW	6957651	0	1	43200	2	0	43200
S029_MINIONCE_1459	111	Pulse	99	6978673	21022	NA
S029_MINIONCE_1459	111	Port Input	1	6978673	21022	NA
S029_MINIONCE_1459	111	Response	51	6978759	21108	1
S029_MINIONCE_1459	111	Picture	105_T_PWTRIAD_PW_candado_red.png	7000851	43200	1	1900	2	43200	1800
S029_MINIONCE_1459	112	Picture	PW	7002951	0	1	43200	2	0	43200
S029_MINIONCE_1459	112	Pulse	99	7014674	11723	NA
S029_MINIONCE_1459	112	Port Input	1	7014674	11723	NA
S029_MINIONCE_1459	112	Response	52	7018445	15494	1
S029_MINIONCE_1459	112	Picture	106_T_PWTRIAD_PW_plato_red.png	7046151	43200	1	1899	3	43200	1800
S029_MINIONCE_1459	113	Picture	RW	7048251	0	1	43199	2	0	43200
S029_MINIONCE_1459	113	Pulse	99	7050675	2424	NA
S029_MINIONCE_1459	113	Port Input	1	7050675	2424	NA
S029_MINIONCE_1459	113	Response	51	7068274	20023	2
S029_MINIONCE_1459	113	Pulse	99	7086676	38425	NA
S029_MINIONCE_1459	113	Port Input	1	7086676	38425	NA
S029_MINIONCE_1459	113	Picture	107_T_RWTRIAD_RW_candado_red.png	7091450	43199	1	1900	2	43200	1800
S029_MINIONCE_1459	114	Picture	RW	7093550	0	1	43200	2	0	43200
S029_MINIONCE_1459	114	Response	52	7115197	21647	1
S029_MINIONCE_1459	114	Pulse	99	7122677	29127	NA
S029_MINIONCE_1459	114	Port Input	1	7122677	29127	NA
S029_MINIONCE_1459	114	Picture	108_T_RWTRIAD_RW_murcielago_red.png	7136750	43200	1	1900	2	43200	1800
S029_MINIONCE_1459	115	Picture	RW	7138850	0	1	43200	2	0	43200
S029_MINIONCE_1459	115	Response	51	7156224	17374	1
S029_MINIONCE_1459	115	Pulse	99	7158678	19828	NA
S029_MINIONCE_1459	115	Port Input	1	7158678	19828	NA
S029_MINIONCE_1459	115	Picture	109_T_RWTRIAD_RW_banera_red.png	7182050	43200	1	1900	2	43200	1800
S029_MINIONCE_1459	116	Picture	RW	7184150	0	1	43199	2	0	43200
S029_MINIONCE_1459	116	Pulse	99	7194679	10529	NA
S029_MINIONCE_1459	116	Port Input	1	7194679	10529	NA
S029_MINIONCE_1459	116	Response	52	7198195	14045	1
S029_MINIONCE_1459	116	Picture	110_T_RWTRIAD_RW_arbol_red.png	7227349	43199	1	1900	2	43200	1800
S029_MINIONCE_1459	117	Picture	rest	7229349	0	1	144099	2	0	144000
S029_MINIONCE_1459	117	Pulse	99	7230680	1331	NA
S029_MINIONCE_1459	117	Port Input	1	7230680	1331	NA
S029_MINIONCE_1459	118	Picture	endrest	7373548	0	1	10100	2	0	10000
S029_MINIONCE_1459	119	Picture	PW	7384048	0	1	43100	2	0	43200
S029_MINIONCE_1459	119	Response	51	7401089	17041	1
S029_MINIONCE_1459	119	Picture	113_T_PWTRIAD_PW_pilas_red.png	7427148	43100	1	1900	2	43200	1800
S029_MINIONCE_1459	120	Picture	PW	7429248	0	1	43199	3	0	43200
S029_MINIONCE_1459	120	Response	52	7448935	19687	1
S029_MINIONCE_1459	120	Picture	114_T_PWTRIAD_PW_television_red.png	7472447	43199	2	1900	4	43200	1800
S029_MINIONCE_1459	121	Picture	PW	7474747	0	2	43100	3	0	43200
S029_MINIONCE_1459	121	Response	52	7495155	20408	1
S029_MINIONCE_1459	121	Picture	115_T_PWTRIAD_PW_chupete_red.png	7517847	43100	1	1900	2	43200	1800
S029_MINIONCE_1459	122	Picture	PW	7519947	0	1	43200	2	0	43200
S029_MINIONCE_1459	122	Response	52	7536305	16358	2
S029_MINIONCE_1459	122	Picture	116_T_PWTRIAD_PW_cerillas_red.png	7563147	43200	1	1900	2	43200	1800
S029_MINIONCE_1459	123	Picture	PW	7565247	0	1	43200	2	0	43200
S029_MINIONCE_1459	123	Response	52	7586983	21736	1
S029_MINIONCE_1459	123	Picture	117_T_PWTRIAD_PW_cinturon_red.png	7608447	43200	1	1899	3	43200	1800
S029_MINIONCE_1459	124	Picture	PW	7610547	0	1	43199	2	0	43200
S029_MINIONCE_1459	124	Response	51	7625266	14719	1
S029_MINIONCE_1459	124	Picture	118_T_PWTRIAD_PW_molino_red.png	7653746	43199	1	1900	2	43200	1800
S029_MINIONCE_1459	125	Picture	PW	7655946	0	1	43100	2	0	43200
S029_MINIONCE_1459	125	Response	52	7673541	17595	1
S029_MINIONCE_1459	125	Picture	119_T_PWTRIAD_PW_esquimal_red.png	7699046	43100	1	1900	2	43200	1800
S029_MINIONCE_1459	126	Picture	PW	7701146	0	1	43200	2	0	43200
S029_MINIONCE_1459	126	Response	51	7713446	12300	1
S029_MINIONCE_1459	126	Picture	120_T_PWTRIAD_PW_lenador_red.png	7744346	43200	1	1900	2	43200	1800
S029_MINIONCE_1459	127	Picture	rest	7746346	0	1	144099	2	0	144000
S029_MINIONCE_1459	128	Picture	endrest	7890545	0	1	10099	3	0	10000
S029_MINIONCE_1459	129	Picture	PW	7900844	0	2	43200	3	0	43200
S029_MINIONCE_1459	129	Response	51	7918621	17777	1
S029_MINIONCE_1459	129	Picture	123_T_PWTRIAD_PW_martillo_red.png	7944044	43200	1	1900	2	43200	1800
S029_MINIONCE_1459	130	Picture	PW	7946144	0	1	43200	2	0	43200
S029_MINIONCE_1459	130	Response	52	7958943	12799	1
S029_MINIONCE_1459	130	Picture	124_T_PWTRIAD_PW_paraguas_red.png	7989344	43200	1	1900	2	43200	1800
S029_MINIONCE_1459	131	Picture	PW	7991444	0	1	43200	2	0	43200
S029_MINIONCE_1459	131	Response	51	8003766	12322	1
S029_MINIONCE_1459	131	Picture	125_T_PWTRIAD_PW_teclado_red.png	8034644	43200	1	1900	2	43200	1800
S029_MINIONCE_1459	132	Picture	PW	8036944	0	1	43099	2	0	43200
S029_MINIONCE_1459	132	Response	52	8047551	10607	1
S029_MINIONCE_1459	132	Picture	126_T_PWTRIAD_PW_ascensor_red.png	8080043	43099	1	1900	2	43200	1800
S029_MINIONCE_1459	133	Picture	PW	8082143	0	1	43200	2	0	43200
S029_MINIONCE_1459	133	Response	51	8093960	11817	1
S029_MINIONCE_1459	133	Picture	127_T_PWTRIAD_PW_zanahoria_red.png	8125343	43200	1	1900	2	43200	1800
S029_MINIONCE_1459	134	Picture	PW	8127443	0	1	43200	2	0	43200
S029_MINIONCE_1459	134	Response	52	8145143	17700	1
S029_MINIONCE_1459	134	Picture	128_T_PWTRIAD_PW_silla_red.png	8170643	43200	1	1900	2	43200	1800
S029_MINIONCE_1459	135	Picture	PW	8172743	0	1	43199	3	0	43200
S029_MINIONCE_1459	135	Response	51	8184405	11662	2
S029_MINIONCE_1459	135	Picture	129_T_PWTRIAD_PW_madera_red.png	8215942	43199	2	1900	3	43200	1800
S029_MINIONCE_1459	136	Picture	PW	8218042	0	1	43200	2	0	43200
S029_MINIONCE_1459	136	Response	52	8231844	13802	1
S029_MINIONCE_1459	136	Picture	130_T_PWTRIAD_PW_novia_red.png	8261242	43200	1	1900	2	43200	1800
S029_MINIONCE_1459	137	Picture	rest	8263242	0	1	144099	2	0	144000
S029_MINIONCE_1459	138	Picture	endrest	8407441	0	1	10100	2	0	10000
S029_MINIONCE_1459	139	Picture	RW	8417941	0	1	43199	3	0	43200
S029_MINIONCE_1459	139	Response	51	8433503	15562	1
S029_MINIONCE_1459	139	Picture	133_T_RWTRIAD_RW_policia_red.png	8461140	43199	2	1901	3	43200	1800
S029_MINIONCE_1459	140	Picture	RW	8463240	0	2	43200	3	0	43200
S029_MINIONCE_1459	140	Response	52	8478065	14825	1
S029_MINIONCE_1459	140	Picture	134_T_RWTRIAD_RW_plato_red.png	8506440	43200	1	1900	2	43200	1800
S029_MINIONCE_1459	141	Picture	RW	8508540	0	1	43200	2	0	43200
S029_MINIONCE_1459	141	Response	51	8527162	18622	1
S029_MINIONCE_1459	141	Picture	135_T_RWTRIAD_RW_zanahoria_red.png	8551740	43200	1	1900	2	43200	1800
S029_MINIONCE_1459	142	Picture	RW	8553840	0	1	43200	2	0	43200
S029_MINIONCE_1459	142	Response	51	8572967	19127	1
S029_MINIONCE_1459	142	Picture	136_T_RWTRIAD_RW_pizarra_red.png	8597040	43200	1	1900	2	43200	1800
S029_MINIONCE_1459	143	Picture	rest	8599040	0	1	144099	2	0	144000
S029_MINIONCE_1459	144	Picture	endrest	8743238	0	2	10100	4	0	10000
S029_MINIONCE_1459	145	Picture	endrest	8753438	0	2	10100	3	0	10000
S029_MINIONCE_1459	146	Picture	endrest	8763638	0	1	10100	2	0	10000
S029_MINIONCE_1459	147	Picture	endrest	8773838	0	1	10100	2	0	10000
