Scenario - vOT_Triads_fMRI_I
Logfile written - 12/15/2015 14:39:39

Subject	Trial	Event Type	Code	Time	TTime	Uncertainty	Duration	Uncertainty	ReqTime	ReqDur

S030_MINIONCE_1616	1	Response	98	1209181	1219081	1
S030_MINIONCE_1616	2	Response	52	1245067	35776	1
S030_MINIONCE_1616	2	Response	98	1259026	49735	1
S030_MINIONCE_1616	3	Response	52	1355179	96088	1
S030_MINIONCE_1616	3	Response	98	1371801	112710	1
S030_MINIONCE_1616	4	Response	52	1397633	25743	1
S030_MINIONCE_1616	4	Response	98	1417817	45927	1
S030_MINIONCE_1616	6	Pulse	99	1633645	215655	NA
S030_MINIONCE_1616	6	Port Input	1	1633645	215655	NA
S030_MINIONCE_1616	6	Pulse	99	1669646	251656	NA
S030_MINIONCE_1616	6	Port Input	1	1669646	251656	NA
S030_MINIONCE_1616	6	Pulse	99	1705647	287657	NA
S030_MINIONCE_1616	6	Port Input	1	1705647	287657	NA
S030_MINIONCE_1616	6	Pulse	99	1741647	323657	NA
S030_MINIONCE_1616	6	Port Input	1	1741647	323657	NA
S030_MINIONCE_1616	6	Pulse	99	1777648	359658	NA
S030_MINIONCE_1616	6	Port Input	1	1777648	359658	NA
S030_MINIONCE_1616	7	Picture	rest	1777887	0	1	144099	2	0	144000
S030_MINIONCE_1616	7	Pulse	99	1813650	35763	NA
S030_MINIONCE_1616	7	Port Input	1	1813650	35763	NA
S030_MINIONCE_1616	7	Pulse	99	1849650	71763	NA
S030_MINIONCE_1616	7	Port Input	1	1849650	71763	NA
S030_MINIONCE_1616	7	Pulse	99	1885651	107764	NA
S030_MINIONCE_1616	7	Port Input	1	1885651	107764	NA
S030_MINIONCE_1616	7	Pulse	99	1921652	143765	NA
S030_MINIONCE_1616	7	Port Input	1	1921652	143765	NA
S030_MINIONCE_1616	8	Picture	endrest	1922086	0	1	10100	2	0	10000
S030_MINIONCE_1616	9	Picture	RW	1932386	0	1	43200	2	0	43200
S030_MINIONCE_1616	9	Response	51	1956791	24405	1
S030_MINIONCE_1616	9	Pulse	99	1957653	25267	NA
S030_MINIONCE_1616	9	Port Input	1	1957653	25267	NA
S030_MINIONCE_1616	9	Picture	3_T_RWTRIAD_RW_zanahoria_red.png	1975586	43200	1	1900	2	43200	1800
S030_MINIONCE_1616	10	Picture	RW	1977686	0	1	43199	2	0	43200
S030_MINIONCE_1616	10	Pulse	99	1993654	15968	NA
S030_MINIONCE_1616	10	Port Input	1	1993654	15968	NA
S030_MINIONCE_1616	10	Response	52	1997023	19337	1
S030_MINIONCE_1616	10	Picture	4_T_RWTRIAD_RW_arco_red.png	2020885	43199	1	1900	2	43200	1800
S030_MINIONCE_1616	11	Picture	RW	2022985	0	1	43200	2	0	43200
S030_MINIONCE_1616	11	Pulse	99	2029655	6670	NA
S030_MINIONCE_1616	11	Port Input	1	2029655	6670	NA
S030_MINIONCE_1616	11	Response	52	2043190	20205	1
S030_MINIONCE_1616	11	Pulse	99	2065656	42671	NA
S030_MINIONCE_1616	11	Port Input	1	2065656	42671	NA
S030_MINIONCE_1616	11	Picture	5_T_RWTRIAD_RW_futbol_red.png	2066185	43200	1	1900	2	43200	1800
S030_MINIONCE_1616	12	Picture	RW	2068285	0	1	43200	2	0	43200
S030_MINIONCE_1616	12	Response	51	2097417	29132	1
S030_MINIONCE_1616	12	Pulse	99	2101657	33372	NA
S030_MINIONCE_1616	12	Port Input	1	2101657	33372	NA
S030_MINIONCE_1616	12	Picture	6_T_RWTRIAD_RW_candado_red.png	2111485	43200	1	1900	2	43200	1800
S030_MINIONCE_1616	13	Picture	FF	2113585	0	1	43199	2	0	43200
S030_MINIONCE_1616	13	Response	51	2136011	22426	1
S030_MINIONCE_1616	13	Pulse	99	2137658	24073	NA
S030_MINIONCE_1616	13	Port Input	1	2137658	24073	NA
S030_MINIONCE_1616	13	Picture	7_T_FFTRIAD_FF_violin_red.png	2156784	43199	1	1900	2	43200	1800
S030_MINIONCE_1616	14	Picture	FF	2158884	0	1	43200	2	0	43200
S030_MINIONCE_1616	14	Pulse	99	2173659	14775	NA
S030_MINIONCE_1616	14	Port Input	1	2173659	14775	NA
S030_MINIONCE_1616	14	Response	52	2179375	20491	1
S030_MINIONCE_1616	14	Picture	8_T_FFTRIAD_FF_pizarra_red.png	2202084	43200	1	1900	2	43200	1800
S030_MINIONCE_1616	15	Picture	FF	2204184	0	1	43200	2	0	43200
S030_MINIONCE_1616	15	Pulse	99	2209660	5476	NA
S030_MINIONCE_1616	15	Port Input	1	2209660	5476	NA
S030_MINIONCE_1616	15	Response	52	2227324	23140	1
S030_MINIONCE_1616	15	Pulse	99	2245661	41477	NA
S030_MINIONCE_1616	15	Port Input	1	2245661	41477	NA
S030_MINIONCE_1616	15	Picture	9_T_FFTRIAD_FF_queso_red.png	2247384	43200	1	1900	2	43200	1800
S030_MINIONCE_1616	16	Picture	FF	2249484	0	1	43199	3	0	43200
S030_MINIONCE_1616	16	Response	52	2266430	16946	1
S030_MINIONCE_1616	16	Pulse	99	2281662	32178	NA
S030_MINIONCE_1616	16	Port Input	1	2281662	32178	NA
S030_MINIONCE_1616	16	Picture	10_T_FFTRIAD_FF_dedal_red.png	2292683	43199	2	1900	4	43200	1800
S030_MINIONCE_1616	17	Picture	rest	2294683	0	2	144099	4	0	144000
S030_MINIONCE_1616	17	Pulse	99	2317663	22980	NA
S030_MINIONCE_1616	17	Port Input	1	2317663	22980	NA
S030_MINIONCE_1616	17	Pulse	99	2353664	58981	NA
S030_MINIONCE_1616	17	Port Input	1	2353664	58981	NA
S030_MINIONCE_1616	17	Pulse	99	2389665	94982	NA
S030_MINIONCE_1616	17	Port Input	1	2389665	94982	NA
S030_MINIONCE_1616	17	Pulse	99	2425666	130983	NA
S030_MINIONCE_1616	17	Port Input	1	2425666	130983	NA
S030_MINIONCE_1616	18	Picture	endrest	2438882	0	2	10100	3	0	10000
S030_MINIONCE_1616	19	Picture	PW	2449182	0	1	43200	2	0	43200
S030_MINIONCE_1616	19	Pulse	99	2461667	12485	NA
S030_MINIONCE_1616	19	Port Input	1	2461667	12485	NA
S030_MINIONCE_1616	19	Response	52	2477652	28470	1
S030_MINIONCE_1616	19	Picture	13_T_PWTRIAD_PW_dedal_red.png	2492382	43200	1	1900	2	43200	1800
S030_MINIONCE_1616	20	Picture	PW	2494482	0	1	43200	2	0	43200
S030_MINIONCE_1616	20	Pulse	99	2497668	3186	NA
S030_MINIONCE_1616	20	Port Input	1	2497668	3186	NA
S030_MINIONCE_1616	20	Pulse	99	2533669	39187	NA
S030_MINIONCE_1616	20	Port Input	1	2533669	39187	NA
S030_MINIONCE_1616	20	Picture	14_T_PWTRIAD_PW_novia_red.png	2537682	43200	1	1900	2	43200	1800
S030_MINIONCE_1616	21	Picture	PW	2539782	0	1	43199	3	0	43200
S030_MINIONCE_1616	21	Response	51	2543758	3976	1
S030_MINIONCE_1616	21	Pulse	99	2569669	29887	NA
S030_MINIONCE_1616	21	Port Input	1	2569669	29887	NA
S030_MINIONCE_1616	21	Response	52	2573251	33469	2
S030_MINIONCE_1616	21	Picture	15_T_PWTRIAD_PW_violin_red.png	2582981	43199	2	1900	4	43200	1800
S030_MINIONCE_1616	22	Picture	PW	2585081	0	2	43200	3	0	43200
S030_MINIONCE_1616	22	Pulse	99	2605670	20589	NA
S030_MINIONCE_1616	22	Port Input	1	2605670	20589	NA
S030_MINIONCE_1616	22	Response	51	2615678	30597	1
S030_MINIONCE_1616	22	Picture	16_T_PWTRIAD_PW_pluma_red.png	2628281	43200	1	1900	2	43200	1800
S030_MINIONCE_1616	23	Picture	RW	2630381	0	1	43200	2	0	43200
S030_MINIONCE_1616	23	Pulse	99	2641671	11290	NA
S030_MINIONCE_1616	23	Port Input	1	2641671	11290	NA
S030_MINIONCE_1616	23	Response	52	2660547	30166	1
S030_MINIONCE_1616	23	Picture	17_T_RWTRIAD_RW_banera_red.png	2673581	43200	1	1900	2	43200	1800
S030_MINIONCE_1616	24	Picture	RW	2675681	0	1	43199	3	0	43200
S030_MINIONCE_1616	24	Pulse	99	2677672	1991	NA
S030_MINIONCE_1616	24	Port Input	1	2677672	1991	NA
S030_MINIONCE_1616	24	Response	52	2695185	19504	1
S030_MINIONCE_1616	24	Pulse	99	2713673	37992	NA
S030_MINIONCE_1616	24	Port Input	1	2713673	37992	NA
S030_MINIONCE_1616	24	Picture	18_T_RWTRIAD_RW_oruga_red.png	2718880	43199	2	1900	4	43200	1800
S030_MINIONCE_1616	25	Picture	RW	2721180	0	2	43100	3	0	43200
S030_MINIONCE_1616	25	Response	52	2741449	20269	1
S030_MINIONCE_1616	25	Pulse	99	2749674	28494	NA
S030_MINIONCE_1616	25	Port Input	1	2749674	28494	NA
S030_MINIONCE_1616	25	Picture	19_T_RWTRIAD_RW_agua_red.png	2764280	43100	1	1900	2	43200	1800
S030_MINIONCE_1616	26	Picture	RW	2766380	0	1	43200	2	0	43200
S030_MINIONCE_1616	26	Pulse	99	2785675	19295	NA
S030_MINIONCE_1616	26	Port Input	1	2785675	19295	NA
S030_MINIONCE_1616	26	Response	51	2790153	23773	1
S030_MINIONCE_1616	26	Picture	20_T_RWTRIAD_RW_ascensor_red.png	2809580	43200	1	1900	2	43200	1800
S030_MINIONCE_1616	27	Picture	rest	2811580	0	1	144099	2	0	144000
S030_MINIONCE_1616	27	Pulse	99	2821676	10096	NA
S030_MINIONCE_1616	27	Port Input	1	2821676	10096	NA
S030_MINIONCE_1616	27	Pulse	99	2857677	46097	NA
S030_MINIONCE_1616	27	Port Input	1	2857677	46097	NA
S030_MINIONCE_1616	27	Pulse	99	2893678	82098	NA
S030_MINIONCE_1616	27	Port Input	1	2893678	82098	NA
S030_MINIONCE_1616	27	Pulse	99	2929679	118099	NA
S030_MINIONCE_1616	27	Port Input	1	2929679	118099	NA
S030_MINIONCE_1616	28	Picture	endrest	2955779	0	1	10100	2	0	10000
S030_MINIONCE_1616	28	Pulse	99	2965680	9901	NA
S030_MINIONCE_1616	28	Port Input	1	2965680	9901	NA
S030_MINIONCE_1616	29	Picture	PW	2966279	0	1	43199	3	0	43200
S030_MINIONCE_1616	29	Response	51	2999349	33070	1
S030_MINIONCE_1616	29	Pulse	99	3001681	35402	NA
S030_MINIONCE_1616	29	Port Input	1	3001681	35402	NA
S030_MINIONCE_1616	29	Picture	23_T_PWTRIAD_PW_sobre_red.png	3009478	43199	2	1900	4	43200	1800
S030_MINIONCE_1616	30	Picture	PW	3011578	0	2	43200	3	0	43200
S030_MINIONCE_1616	30	Pulse	99	3037682	26104	NA
S030_MINIONCE_1616	30	Port Input	1	3037682	26104	NA
S030_MINIONCE_1616	30	Picture	24_T_PWTRIAD_PW_portatil_red.png	3054778	43200	1	1900	2	43200	1800
S030_MINIONCE_1616	31	Picture	PW	3057178	0	1	43100	2	0	43200
S030_MINIONCE_1616	31	Response	51	3059506	2328	1
S030_MINIONCE_1616	31	Pulse	99	3073683	16505	NA
S030_MINIONCE_1616	31	Port Input	1	3073683	16505	NA
S030_MINIONCE_1616	31	Response	51	3081313	24135	1
S030_MINIONCE_1616	31	Picture	25_T_PWTRIAD_PW_arco_red.png	3100278	43100	1	1900	2	43200	1800
S030_MINIONCE_1616	32	Picture	PW	3102378	0	1	43200	2	0	43200
S030_MINIONCE_1616	32	Pulse	99	3109684	7306	NA
S030_MINIONCE_1616	32	Port Input	1	3109684	7306	NA
S030_MINIONCE_1616	32	Response	52	3126727	24349	1
S030_MINIONCE_1616	32	Picture	26_T_PWTRIAD_PW_anillo_red.png	3145578	43200	1	1900	2	43200	1800
S030_MINIONCE_1616	32	Pulse	99	3145685	43307	NA
S030_MINIONCE_1616	32	Port Input	1	3145685	43307	NA
S030_MINIONCE_1616	33	Picture	RW	3147677	0	2	43200	3	0	43200
S030_MINIONCE_1616	33	Response	51	3164522	16845	1
S030_MINIONCE_1616	33	Pulse	99	3181686	34009	NA
S030_MINIONCE_1616	33	Port Input	1	3181686	34009	NA
S030_MINIONCE_1616	33	Picture	27_T_RWTRIAD_RW_lana_red.png	3190877	43200	1	1900	2	43200	1800
S030_MINIONCE_1616	34	Picture	RW	3193077	0	1	43200	2	0	43200
S030_MINIONCE_1616	34	Response	52	3215967	22890	1
S030_MINIONCE_1616	34	Pulse	99	3217687	24610	NA
S030_MINIONCE_1616	34	Port Input	1	3217687	24610	NA
S030_MINIONCE_1616	34	Picture	28_T_RWTRIAD_RW_queso_red.png	3236277	43200	1	1900	2	43200	1800
S030_MINIONCE_1616	35	Picture	RW	3238377	0	1	43200	2	0	43200
S030_MINIONCE_1616	35	Pulse	99	3253688	15311	NA
S030_MINIONCE_1616	35	Port Input	1	3253688	15311	NA
S030_MINIONCE_1616	35	Response	51	3271059	32682	1
S030_MINIONCE_1616	35	Picture	29_T_RWTRIAD_RW_estetoscopio_red.png	3281577	43200	1	1899	3	43200	1800
S030_MINIONCE_1616	36	Picture	RW	3283777	0	1	43199	2	0	43200
S030_MINIONCE_1616	36	Pulse	99	3289689	5912	NA
S030_MINIONCE_1616	36	Port Input	1	3289689	5912	NA
S030_MINIONCE_1616	36	Response	52	3316882	33105	1
S030_MINIONCE_1616	36	Pulse	99	3325690	41913	NA
S030_MINIONCE_1616	36	Port Input	1	3325690	41913	NA
S030_MINIONCE_1616	36	Picture	30_T_RWTRIAD_RW_dado_red.png	3326976	43199	1	1900	2	43200	1800
S030_MINIONCE_1616	37	Picture	rest	3328976	0	1	144099	2	0	144000
S030_MINIONCE_1616	37	Pulse	99	3361691	32715	NA
S030_MINIONCE_1616	37	Port Input	1	3361691	32715	NA
S030_MINIONCE_1616	37	Pulse	99	3397691	68715	NA
S030_MINIONCE_1616	37	Port Input	1	3397691	68715	NA
S030_MINIONCE_1616	37	Pulse	99	3433692	104716	NA
S030_MINIONCE_1616	37	Port Input	1	3433692	104716	NA
S030_MINIONCE_1616	37	Pulse	99	3469693	140717	NA
S030_MINIONCE_1616	37	Port Input	1	3469693	140717	NA
S030_MINIONCE_1616	38	Picture	endrest	3473175	0	1	10100	2	0	10000
S030_MINIONCE_1616	39	Picture	PW	3483575	0	1	43100	2	0	43200
S030_MINIONCE_1616	39	Pulse	99	3505694	22119	NA
S030_MINIONCE_1616	39	Port Input	1	3505694	22119	NA
S030_MINIONCE_1616	39	Response	51	3513778	30203	1
S030_MINIONCE_1616	39	Picture	33_T_PWTRIAD_PW_raton_red.png	3526675	43100	1	1900	2	43200	1800
S030_MINIONCE_1616	40	Picture	PW	3528775	0	1	43200	2	0	43200
S030_MINIONCE_1616	40	Pulse	99	3541695	12920	NA
S030_MINIONCE_1616	40	Port Input	1	3541695	12920	NA
S030_MINIONCE_1616	40	Response	51	3569836	41061	1
S030_MINIONCE_1616	40	Picture	34_T_PWTRIAD_PW_destornillador_red.png	3571975	43200	1	1900	2	43200	1800
S030_MINIONCE_1616	41	Picture	PW	3574174	0	2	43200	3	0	43200
S030_MINIONCE_1616	41	Pulse	99	3577696	3522	NA
S030_MINIONCE_1616	41	Port Input	1	3577696	3522	NA
S030_MINIONCE_1616	41	Response	52	3603815	29641	1
S030_MINIONCE_1616	41	Pulse	99	3613697	39523	NA
S030_MINIONCE_1616	41	Port Input	1	3613697	39523	NA
S030_MINIONCE_1616	41	Picture	35_T_PWTRIAD_PW_mono_red.png	3617374	43200	1	1900	2	43200	1800
S030_MINIONCE_1616	42	Picture	PW	3619474	0	1	43200	2	0	43200
S030_MINIONCE_1616	42	Pulse	99	3649698	30224	NA
S030_MINIONCE_1616	42	Port Input	1	3649698	30224	NA
S030_MINIONCE_1616	42	Picture	36_T_PWTRIAD_PW_paracaidas_red.png	3662674	43200	1	1900	2	43200	1800
S030_MINIONCE_1616	43	Picture	FF	3664874	0	1	43200	2	0	43200
S030_MINIONCE_1616	43	Response	52	3666078	1204	1
S030_MINIONCE_1616	43	Pulse	99	3685699	20825	NA
S030_MINIONCE_1616	43	Port Input	1	3685699	20825	NA
S030_MINIONCE_1616	43	Response	51	3685937	21063	1
S030_MINIONCE_1616	43	Picture	37_T_FFTRIAD_FF_tijera_red.png	3708074	43200	1	1900	2	43200	1800
S030_MINIONCE_1616	44	Picture	FF	3710374	0	1	43099	2	0	43200
S030_MINIONCE_1616	44	Pulse	99	3721700	11326	NA
S030_MINIONCE_1616	44	Port Input	1	3721700	11326	NA
S030_MINIONCE_1616	44	Response	51	3722041	11667	1
S030_MINIONCE_1616	44	Picture	38_T_FFTRIAD_FF_grapadora_red.png	3753473	43099	1	1900	2	43200	1800
S030_MINIONCE_1616	45	Picture	FF	3755573	0	1	43200	2	0	43200
S030_MINIONCE_1616	45	Pulse	99	3757701	2128	NA
S030_MINIONCE_1616	45	Port Input	1	3757701	2128	NA
S030_MINIONCE_1616	45	Response	52	3780211	24638	1
S030_MINIONCE_1616	45	Pulse	99	3793702	38129	NA
S030_MINIONCE_1616	45	Port Input	1	3793702	38129	NA
S030_MINIONCE_1616	45	Picture	39_T_FFTRIAD_FF_molino_red.png	3798773	43200	1	1900	2	43200	1800
S030_MINIONCE_1616	46	Picture	FF	3800973	0	1	43200	2	0	43200
S030_MINIONCE_1616	46	Response	51	3824235	23262	1
S030_MINIONCE_1616	46	Pulse	99	3829703	28730	NA
S030_MINIONCE_1616	46	Port Input	1	3829703	28730	NA
S030_MINIONCE_1616	46	Picture	40_T_FFTRIAD_FF_estetoscopio_red.png	3844173	43200	1	1900	2	43200	1800
S030_MINIONCE_1616	47	Picture	rest	3846173	0	1	144099	2	0	144000
S030_MINIONCE_1616	47	Pulse	99	3865704	19531	NA
S030_MINIONCE_1616	47	Port Input	1	3865704	19531	NA
S030_MINIONCE_1616	47	Pulse	99	3901705	55532	NA
S030_MINIONCE_1616	47	Port Input	1	3901705	55532	NA
S030_MINIONCE_1616	47	Pulse	99	3937706	91533	NA
S030_MINIONCE_1616	47	Port Input	1	3937706	91533	NA
S030_MINIONCE_1616	47	Pulse	99	3973707	127534	NA
S030_MINIONCE_1616	47	Port Input	1	3973707	127534	NA
S030_MINIONCE_1616	48	Picture	endrest	3990372	0	1	10100	2	0	10000
S030_MINIONCE_1616	49	Picture	PW	4000671	0	2	43200	3	0	43200
S030_MINIONCE_1616	49	Pulse	99	4009708	9037	NA
S030_MINIONCE_1616	49	Port Input	1	4009708	9037	NA
S030_MINIONCE_1616	49	Response	52	4023878	23207	1
S030_MINIONCE_1616	49	Picture	43_T_PWTRIAD_PW_leche_red.png	4043871	43200	1	1900	2	43200	1800
S030_MINIONCE_1616	49	Pulse	99	4045709	45038	NA
S030_MINIONCE_1616	49	Port Input	1	4045709	45038	NA
S030_MINIONCE_1616	50	Picture	PW	4045971	0	1	43200	2	0	43200
S030_MINIONCE_1616	50	Response	51	4074651	28680	1
S030_MINIONCE_1616	50	Pulse	99	4081710	35739	NA
S030_MINIONCE_1616	50	Port Input	1	4081710	35739	NA
S030_MINIONCE_1616	50	Picture	44_T_PWTRIAD_PW_futbol_red.png	4089171	43200	1	1900	2	43200	1800
S030_MINIONCE_1616	51	Picture	PW	4091671	0	1	43100	2	0	43200
S030_MINIONCE_1616	51	Pulse	99	4117711	26040	NA
S030_MINIONCE_1616	51	Port Input	1	4117711	26040	NA
S030_MINIONCE_1616	51	Response	51	4124474	32803	1
S030_MINIONCE_1616	51	Picture	45_T_PWTRIAD_PW_telefono_red.png	4134771	43100	1	1900	2	43200	1800
S030_MINIONCE_1616	52	Picture	PW	4136871	0	1	43199	2	0	43200
S030_MINIONCE_1616	52	Pulse	99	4153711	16840	NA
S030_MINIONCE_1616	52	Port Input	1	4153711	16840	NA
S030_MINIONCE_1616	52	Response	52	4172725	35854	1
S030_MINIONCE_1616	52	Picture	46_T_PWTRIAD_PW_huevos_red.png	4180070	43199	1	1900	2	43200	1800
S030_MINIONCE_1616	53	Picture	FF	4182270	0	1	43200	2	0	43200
S030_MINIONCE_1616	53	Pulse	99	4189712	7442	NA
S030_MINIONCE_1616	53	Port Input	1	4189712	7442	NA
S030_MINIONCE_1616	53	Response	52	4222087	39817	1
S030_MINIONCE_1616	53	Picture	47_T_FFTRIAD_FF_chupete_red.png	4225470	43200	1	1900	2	43200	1800
S030_MINIONCE_1616	53	Pulse	99	4225713	43443	NA
S030_MINIONCE_1616	53	Port Input	1	4225713	43443	NA
S030_MINIONCE_1616	54	Picture	FF	4227570	0	1	43200	2	0	43200
S030_MINIONCE_1616	54	Response	52	4251006	23436	2
S030_MINIONCE_1616	54	Pulse	99	4261714	34144	NA
S030_MINIONCE_1616	54	Port Input	1	4261714	34144	NA
S030_MINIONCE_1616	54	Picture	48_T_FFTRIAD_FF_cerillas_red.png	4270770	43200	1	1900	2	43200	1800
S030_MINIONCE_1616	55	Picture	FF	4272870	0	1	43199	2	0	43200
S030_MINIONCE_1616	55	Pulse	99	4297715	24845	NA
S030_MINIONCE_1616	55	Port Input	1	4297715	24845	NA
S030_MINIONCE_1616	55	Response	52	4311081	38211	1
S030_MINIONCE_1616	55	Picture	49_T_FFTRIAD_FF_destornillador_red.png	4316069	43199	1	1900	2	43200	1800
S030_MINIONCE_1616	56	Picture	FF	4318369	0	1	43100	2	0	43200
S030_MINIONCE_1616	56	Pulse	99	4333716	15347	NA
S030_MINIONCE_1616	56	Port Input	1	4333716	15347	NA
S030_MINIONCE_1616	56	Response	52	4342147	23778	1
S030_MINIONCE_1616	56	Picture	50_T_FFTRIAD_FF_sobre_red.png	4361469	43100	1	1900	2	43200	1800
S030_MINIONCE_1616	57	Picture	rest	4363469	0	1	144099	2	0	144000
S030_MINIONCE_1616	57	Pulse	99	4369717	6248	NA
S030_MINIONCE_1616	57	Port Input	1	4369717	6248	NA
S030_MINIONCE_1616	57	Pulse	99	4405718	42249	NA
S030_MINIONCE_1616	57	Port Input	1	4405718	42249	NA
S030_MINIONCE_1616	57	Pulse	99	4441719	78250	NA
S030_MINIONCE_1616	57	Port Input	1	4441719	78250	NA
S030_MINIONCE_1616	57	Pulse	99	4477720	114251	NA
S030_MINIONCE_1616	57	Port Input	1	4477720	114251	NA
S030_MINIONCE_1616	58	Picture	endrest	4507668	0	1	10100	2	0	10000
S030_MINIONCE_1616	58	Pulse	99	4513721	6053	NA
S030_MINIONCE_1616	58	Port Input	1	4513721	6053	NA
S030_MINIONCE_1616	59	Picture	FF	4518168	0	1	43100	2	0	43200
S030_MINIONCE_1616	59	Pulse	99	4549722	31554	NA
S030_MINIONCE_1616	59	Port Input	1	4549722	31554	NA
S030_MINIONCE_1616	59	Response	51	4553352	35184	1
S030_MINIONCE_1616	59	Picture	53_T_FFTRIAD_FF_banera_red.png	4561268	43100	1	1900	2	43200	1800
S030_MINIONCE_1616	60	Picture	FF	4563368	0	1	43199	2	0	43200
S030_MINIONCE_1616	60	Response	52	4577148	13780	1
S030_MINIONCE_1616	60	Pulse	99	4585723	22355	NA
S030_MINIONCE_1616	60	Port Input	1	4585723	22355	NA
S030_MINIONCE_1616	60	Picture	54_T_FFTRIAD_FF_gafas_red.png	4606567	43199	1	1900	2	43200	1800
S030_MINIONCE_1616	61	Picture	FF	4608767	0	1	43200	2	0	43200
S030_MINIONCE_1616	61	Pulse	99	4621724	12957	NA
S030_MINIONCE_1616	61	Port Input	1	4621724	12957	NA
S030_MINIONCE_1616	61	Response	51	4642208	33441	1
S030_MINIONCE_1616	61	Picture	55_T_FFTRIAD_FF_lechuga_red.png	4651967	43200	1	1900	2	43200	1800
S030_MINIONCE_1616	62	Picture	FF	4654067	0	1	43200	2	0	43200
S030_MINIONCE_1616	62	Pulse	99	4657725	3658	NA
S030_MINIONCE_1616	62	Port Input	1	4657725	3658	NA
S030_MINIONCE_1616	62	Response	52	4670589	16522	1
S030_MINIONCE_1616	62	Pulse	99	4693726	39659	NA
S030_MINIONCE_1616	62	Port Input	1	4693726	39659	NA
S030_MINIONCE_1616	62	Picture	56_T_FFTRIAD_FF_telefono_red.png	4697267	43200	1	1900	2	43200	1800
S030_MINIONCE_1616	63	Picture	RW	4699367	0	1	43199	2	0	43200
S030_MINIONCE_1616	63	Response	52	4716830	17463	1
S030_MINIONCE_1616	63	Pulse	99	4729727	30360	NA
S030_MINIONCE_1616	63	Port Input	1	4729727	30360	NA
S030_MINIONCE_1616	63	Picture	57_T_RWTRIAD_RW_cinturon_red.png	4742566	43199	1	1900	2	43200	1800
S030_MINIONCE_1616	64	Picture	RW	4744666	0	1	43200	2	0	43200
S030_MINIONCE_1616	64	Response	52	4760551	15885	1
S030_MINIONCE_1616	64	Pulse	99	4765728	21062	NA
S030_MINIONCE_1616	64	Port Input	1	4765728	21062	NA
S030_MINIONCE_1616	64	Picture	58_T_RWTRIAD_RW_llave_red.png	4787866	43200	1	1900	2	43200	1800
S030_MINIONCE_1616	65	Picture	RW	4789966	0	1	43200	2	0	43200
S030_MINIONCE_1616	65	Pulse	99	4801729	11763	NA
S030_MINIONCE_1616	65	Port Input	1	4801729	11763	NA
S030_MINIONCE_1616	65	Response	51	4807711	17745	1
S030_MINIONCE_1616	65	Picture	59_T_RWTRIAD_RW_teclado_red.png	4833166	43200	1	1900	2	43200	1800
S030_MINIONCE_1616	66	Picture	RW	4835466	0	1	43099	2	0	43200
S030_MINIONCE_1616	66	Pulse	99	4837730	2264	NA
S030_MINIONCE_1616	66	Port Input	1	4837730	2264	NA
S030_MINIONCE_1616	66	Response	52	4854502	19036	2
S030_MINIONCE_1616	66	Pulse	99	4873731	38265	NA
S030_MINIONCE_1616	66	Port Input	1	4873731	38265	NA
S030_MINIONCE_1616	66	Picture	60_T_RWTRIAD_RW_pincel_red.png	4878565	43099	1	1900	2	43200	1800
S030_MINIONCE_1616	67	Picture	rest	4880565	0	1	144099	2	0	144000
S030_MINIONCE_1616	67	Pulse	99	4909732	29167	NA
S030_MINIONCE_1616	67	Port Input	1	4909732	29167	NA
S030_MINIONCE_1616	67	Pulse	99	4945732	65167	NA
S030_MINIONCE_1616	67	Port Input	1	4945732	65167	NA
S030_MINIONCE_1616	67	Pulse	99	4981733	101168	NA
S030_MINIONCE_1616	67	Port Input	1	4981733	101168	NA
S030_MINIONCE_1616	67	Pulse	99	5017734	137169	NA
S030_MINIONCE_1616	67	Port Input	1	5017734	137169	NA
S030_MINIONCE_1616	68	Picture	endrest	5024764	0	1	10100	2	0	10000
S030_MINIONCE_1616	69	Picture	RW	5035064	0	1	43200	2	0	43200
S030_MINIONCE_1616	69	Response	51	5049800	14736	1
S030_MINIONCE_1616	69	Pulse	99	5053735	18671	NA
S030_MINIONCE_1616	69	Port Input	1	5053735	18671	NA
S030_MINIONCE_1616	69	Picture	63_T_RWTRIAD_RW_grifo_red.png	5078264	43200	1	1900	2	43200	1800
S030_MINIONCE_1616	70	Picture	RW	5080564	0	1	43100	2	0	43200
S030_MINIONCE_1616	70	Pulse	99	5089736	9172	NA
S030_MINIONCE_1616	70	Port Input	1	5089736	9172	NA
S030_MINIONCE_1616	70	Response	52	5101938	21374	2
S030_MINIONCE_1616	70	Picture	64_T_RWTRIAD_RW_plato_red.png	5123664	43100	1	1900	2	43200	1800
S030_MINIONCE_1616	70	Pulse	99	5125737	45173	NA
S030_MINIONCE_1616	70	Port Input	1	5125737	45173	NA
S030_MINIONCE_1616	71	Picture	RW	5125864	0	1	43199	3	0	43200
S030_MINIONCE_1616	71	Response	51	5147948	22084	2
S030_MINIONCE_1616	71	Pulse	99	5161738	35874	NA
S030_MINIONCE_1616	71	Port Input	1	5161738	35874	NA
S030_MINIONCE_1616	71	Picture	65_T_RWTRIAD_RW_pizarra_red.png	5169063	43199	2	1900	4	43200	1800
S030_MINIONCE_1616	72	Picture	RW	5171163	0	2	43200	3	0	43200
S030_MINIONCE_1616	72	Response	51	5195884	24721	1
S030_MINIONCE_1616	72	Pulse	99	5197739	26576	NA
S030_MINIONCE_1616	72	Port Input	1	5197739	26576	NA
S030_MINIONCE_1616	72	Picture	66_T_RWTRIAD_RW_telefono_red.png	5214363	43200	1	1900	2	43200	1800
S030_MINIONCE_1616	73	Picture	FF	5216463	0	1	43200	2	0	43200
S030_MINIONCE_1616	73	Pulse	99	5233740	17277	NA
S030_MINIONCE_1616	73	Port Input	1	5233740	17277	NA
S030_MINIONCE_1616	73	Response	51	5242741	26278	1
S030_MINIONCE_1616	73	Picture	67_T_FFTRIAD_FF_cortina_red.png	5259663	43200	1	1899	3	43200	1800
S030_MINIONCE_1616	74	Picture	FF	5261762	0	2	43200	3	0	43200
S030_MINIONCE_1616	74	Pulse	99	5269741	7979	NA
S030_MINIONCE_1616	74	Port Input	1	5269741	7979	NA
S030_MINIONCE_1616	74	Response	51	5284423	22661	1
S030_MINIONCE_1616	74	Picture	68_T_FFTRIAD_FF_teclado_red.png	5304962	43200	1	1900	3	43200	1800
S030_MINIONCE_1616	74	Pulse	99	5305742	43980	NA
S030_MINIONCE_1616	74	Port Input	1	5305742	43980	NA
S030_MINIONCE_1616	75	Picture	FF	5307262	0	1	43099	3	0	43200
S030_MINIONCE_1616	75	Response	51	5331981	24719	1
S030_MINIONCE_1616	75	Pulse	99	5341743	34481	NA
S030_MINIONCE_1616	75	Port Input	1	5341743	34481	NA
S030_MINIONCE_1616	75	Picture	69_T_FFTRIAD_FF_perro_red.png	5350361	43099	2	1901	3	43200	1800
S030_MINIONCE_1616	76	Picture	FF	5352662	0	1	43200	2	0	43200
S030_MINIONCE_1616	76	Response	51	5373642	20980	2
S030_MINIONCE_1616	76	Pulse	99	5377744	25082	NA
S030_MINIONCE_1616	76	Port Input	1	5377744	25082	NA
S030_MINIONCE_1616	76	Picture	70_T_FFTRIAD_FF_madera_red.png	5395862	43200	1	1900	2	43200	1800
S030_MINIONCE_1616	77	Picture	rest	5397862	0	1	144099	2	0	144000
S030_MINIONCE_1616	77	Pulse	99	5413745	15883	NA
S030_MINIONCE_1616	77	Port Input	1	5413745	15883	NA
S030_MINIONCE_1616	77	Pulse	99	5449746	51884	NA
S030_MINIONCE_1616	77	Port Input	1	5449746	51884	NA
S030_MINIONCE_1616	77	Pulse	99	5485747	87885	NA
S030_MINIONCE_1616	77	Port Input	1	5485747	87885	NA
S030_MINIONCE_1616	77	Pulse	99	5521748	123886	NA
S030_MINIONCE_1616	77	Port Input	1	5521748	123886	NA
S030_MINIONCE_1616	78	Picture	endrest	5542061	0	1	10100	2	0	10000
S030_MINIONCE_1616	79	Picture	RW	5552360	0	2	43200	3	0	43200
S030_MINIONCE_1616	79	Pulse	99	5557749	5389	NA
S030_MINIONCE_1616	79	Port Input	1	5557749	5389	NA
S030_MINIONCE_1616	79	Response	51	5572649	20289	1
S030_MINIONCE_1616	79	Pulse	99	5593750	41390	NA
S030_MINIONCE_1616	79	Port Input	1	5593750	41390	NA
S030_MINIONCE_1616	79	Picture	73_T_RWTRIAD_RW_manos_red.png	5595560	43200	1	1900	2	43200	1800
S030_MINIONCE_1616	80	Picture	RW	5597660	0	1	43200	2	0	43200
S030_MINIONCE_1616	80	Response	52	5621318	23658	2
S030_MINIONCE_1616	80	Pulse	99	5629751	32091	NA
S030_MINIONCE_1616	80	Port Input	1	5629751	32091	NA
S030_MINIONCE_1616	80	Picture	74_T_RWTRIAD_RW_esquimal_red.png	5640860	43200	1	1900	2	43200	1800
S030_MINIONCE_1616	81	Picture	RW	5643160	0	1	43100	2	0	43200
S030_MINIONCE_1616	81	Pulse	99	5665752	22592	NA
S030_MINIONCE_1616	81	Port Input	1	5665752	22592	NA
S030_MINIONCE_1616	81	Response	51	5678640	35480	1
S030_MINIONCE_1616	81	Picture	75_T_RWTRIAD_RW_bellota_red.png	5686260	43100	1	1900	2	43200	1800
S030_MINIONCE_1616	82	Picture	RW	5688360	0	1	43199	2	0	43200
S030_MINIONCE_1616	82	Pulse	99	5701752	13392	NA
S030_MINIONCE_1616	82	Port Input	1	5701752	13392	NA
S030_MINIONCE_1616	82	Response	51	5709586	21226	1
S030_MINIONCE_1616	82	Picture	76_T_RWTRIAD_RW_cerillas_red.png	5731559	43199	1	1900	2	43200	1800
S030_MINIONCE_1616	83	Picture	PW	5733759	0	1	43200	2	0	43200
S030_MINIONCE_1616	83	Pulse	99	5737753	3994	NA
S030_MINIONCE_1616	83	Port Input	1	5737753	3994	NA
S030_MINIONCE_1616	83	Response	51	5773011	39252	1
S030_MINIONCE_1616	83	Pulse	99	5773754	39995	NA
S030_MINIONCE_1616	83	Port Input	1	5773754	39995	NA
S030_MINIONCE_1616	83	Picture	77_T_PWTRIAD_PW_llave_red.png	5776959	43200	1	1900	2	43200	1800
S030_MINIONCE_1616	84	Picture	PW	5779059	0	1	43200	2	0	43200
S030_MINIONCE_1616	84	Pulse	99	5809755	30696	NA
S030_MINIONCE_1616	84	Port Input	1	5809755	30696	NA
S030_MINIONCE_1616	84	Picture	78_T_PWTRIAD_PW_grapadora_red.png	5822259	43200	1	1900	2	43200	1800
S030_MINIONCE_1616	84	Response	52	5823339	44280	1
S030_MINIONCE_1616	85	Picture	PW	5824359	0	1	43199	2	0	43200
S030_MINIONCE_1616	85	Pulse	99	5845756	21397	NA
S030_MINIONCE_1616	85	Port Input	1	5845756	21397	NA
S030_MINIONCE_1616	85	Response	51	5849323	24964	1
S030_MINIONCE_1616	85	Picture	79_T_PWTRIAD_PW_manos_red.png	5867558	43199	1	1900	2	43200	1800
S030_MINIONCE_1616	86	Picture	PW	5869758	0	1	43200	2	0	43200
S030_MINIONCE_1616	86	Pulse	99	5881757	11999	NA
S030_MINIONCE_1616	86	Port Input	1	5881757	11999	NA
S030_MINIONCE_1616	86	Response	51	5893957	24199	1
S030_MINIONCE_1616	86	Picture	80_T_PWTRIAD_PW_arbol_red.png	5912958	43200	1	1900	2	43200	1800
S030_MINIONCE_1616	87	Picture	rest	5914958	0	1	144099	2	0	144000
S030_MINIONCE_1616	87	Pulse	99	5917758	2800	NA
S030_MINIONCE_1616	87	Port Input	1	5917758	2800	NA
S030_MINIONCE_1616	87	Pulse	99	5953759	38801	NA
S030_MINIONCE_1616	87	Port Input	1	5953759	38801	NA
S030_MINIONCE_1616	87	Pulse	99	5989760	74802	NA
S030_MINIONCE_1616	87	Port Input	1	5989760	74802	NA
S030_MINIONCE_1616	87	Pulse	99	6025761	110803	NA
S030_MINIONCE_1616	87	Port Input	1	6025761	110803	NA
S030_MINIONCE_1616	88	Picture	endrest	6059157	0	1	10100	2	0	10000
S030_MINIONCE_1616	88	Pulse	99	6061762	2605	NA
S030_MINIONCE_1616	88	Port Input	1	6061762	2605	NA
S030_MINIONCE_1616	89	Picture	FF	6069657	0	1	43100	2	0	43200
S030_MINIONCE_1616	89	Pulse	99	6097763	28106	NA
S030_MINIONCE_1616	89	Port Input	1	6097763	28106	NA
S030_MINIONCE_1616	89	Response	51	6099635	29978	1
S030_MINIONCE_1616	89	Picture	83_T_FFTRIAD_FF_plato_red.png	6112757	43100	1	1900	2	43200	1800
S030_MINIONCE_1616	90	Picture	FF	6114857	0	1	43199	2	0	43200
S030_MINIONCE_1616	90	Pulse	99	6133764	18907	NA
S030_MINIONCE_1616	90	Port Input	1	6133764	18907	NA
S030_MINIONCE_1616	90	Response	52	6141944	27087	1
S030_MINIONCE_1616	90	Picture	84_T_FFTRIAD_FF_policia_red.png	6158056	43199	1	1900	2	43200	1800
S030_MINIONCE_1616	91	Picture	FF	6160256	0	1	43100	2	0	43200
S030_MINIONCE_1616	91	Pulse	99	6169765	9509	NA
S030_MINIONCE_1616	91	Port Input	1	6169765	9509	NA
S030_MINIONCE_1616	91	Response	51	6184090	23834	1
S030_MINIONCE_1616	91	Picture	85_T_FFTRIAD_FF_lenador_red.png	6203356	43100	1	1900	2	43200	1800
S030_MINIONCE_1616	92	Picture	FF	6205556	0	1	43200	2	0	43200
S030_MINIONCE_1616	92	Pulse	99	6205766	210	NA
S030_MINIONCE_1616	92	Port Input	1	6205766	210	NA
S030_MINIONCE_1616	92	Response	51	6219245	13689	1
S030_MINIONCE_1616	92	Pulse	99	6241767	36211	NA
S030_MINIONCE_1616	92	Port Input	1	6241767	36211	NA
S030_MINIONCE_1616	92	Picture	86_T_FFTRIAD_FF_cuento_red.png	6248756	43200	1	1900	2	43200	1800
S030_MINIONCE_1616	93	Picture	FF	6250856	0	1	43199	2	0	43200
S030_MINIONCE_1616	93	Response	51	6274024	23168	1
S030_MINIONCE_1616	93	Pulse	99	6277768	26912	NA
S030_MINIONCE_1616	93	Port Input	1	6277768	26912	NA
S030_MINIONCE_1616	93	Picture	87_T_FFTRIAD_FF_granjero_red.png	6294055	43199	1	1900	2	43200	1800
S030_MINIONCE_1616	94	Picture	FF	6296155	0	1	43200	2	0	43200
S030_MINIONCE_1616	94	Response	51	6310123	13968	1
S030_MINIONCE_1616	94	Pulse	99	6313769	17614	NA
S030_MINIONCE_1616	94	Port Input	1	6313769	17614	NA
S030_MINIONCE_1616	94	Picture	88_T_FFTRIAD_FF_llave_red.png	6339355	43200	1	1900	2	43200	1800
S030_MINIONCE_1616	95	Picture	FF	6341455	0	1	43200	2	0	43200
S030_MINIONCE_1616	95	Pulse	99	6349770	8315	NA
S030_MINIONCE_1616	95	Port Input	1	6349770	8315	NA
S030_MINIONCE_1616	95	Response	52	6369933	28478	1
S030_MINIONCE_1616	95	Picture	89_T_FFTRIAD_FF_mono_red.png	6384655	43200	1	1900	2	43200	1800
S030_MINIONCE_1616	95	Pulse	99	6385771	44316	NA
S030_MINIONCE_1616	95	Port Input	1	6385771	44316	NA
S030_MINIONCE_1616	96	Picture	FF	6386755	0	1	43199	2	0	43200
S030_MINIONCE_1616	96	Response	51	6406179	19424	1
S030_MINIONCE_1616	96	Pulse	99	6421772	35017	NA
S030_MINIONCE_1616	96	Port Input	1	6421772	35017	NA
S030_MINIONCE_1616	96	Picture	90_T_FFTRIAD_FF_portatil_red.png	6429954	43199	1	1900	2	43200	1800
S030_MINIONCE_1616	97	Picture	rest	6431954	0	1	144099	2	0	144000
S030_MINIONCE_1616	97	Pulse	99	6457772	25818	NA
S030_MINIONCE_1616	97	Port Input	1	6457772	25818	NA
S030_MINIONCE_1616	97	Pulse	99	6493773	61819	NA
S030_MINIONCE_1616	97	Port Input	1	6493773	61819	NA
S030_MINIONCE_1616	97	Pulse	99	6529774	97820	NA
S030_MINIONCE_1616	97	Port Input	1	6529774	97820	NA
S030_MINIONCE_1616	97	Pulse	99	6565775	133821	NA
S030_MINIONCE_1616	97	Port Input	1	6565775	133821	NA
S030_MINIONCE_1616	98	Picture	endrest	6576153	0	1	10100	2	0	10000
S030_MINIONCE_1616	99	Picture	RW	6586453	0	1	43200	2	0	43200
S030_MINIONCE_1616	99	Pulse	99	6601776	15323	NA
S030_MINIONCE_1616	99	Port Input	1	6601776	15323	NA
S030_MINIONCE_1616	99	Picture	93_T_RWTRIAD_RW_ancla_red.png	6629653	43200	1	1900	2	43200	1800
S030_MINIONCE_1616	99	Response	51	6630246	43793	1
S030_MINIONCE_1616	100	Picture	RW	6631753	0	1	43200	2	0	43200
S030_MINIONCE_1616	100	Pulse	99	6637777	6024	NA
S030_MINIONCE_1616	100	Port Input	1	6637777	6024	NA
S030_MINIONCE_1616	100	Response	51	6645824	14071	2
S030_MINIONCE_1616	100	Pulse	99	6673778	42025	NA
S030_MINIONCE_1616	100	Port Input	1	6673778	42025	NA
S030_MINIONCE_1616	100	Picture	94_T_RWTRIAD_RW_carruaje_red.png	6674953	43200	1	1900	2	43200	1800
S030_MINIONCE_1616	101	Picture	RW	6677253	0	1	43099	2	0	43200
S030_MINIONCE_1616	101	Response	51	6692856	15603	1
S030_MINIONCE_1616	101	Pulse	99	6709779	32526	NA
S030_MINIONCE_1616	101	Port Input	1	6709779	32526	NA
S030_MINIONCE_1616	101	Picture	95_T_RWTRIAD_RW_novia_red.png	6720352	43099	1	1900	2	43200	1800
S030_MINIONCE_1616	102	Picture	RW	6722452	0	1	43200	2	0	43200
S030_MINIONCE_1616	102	Response	52	6740159	17707	1
S030_MINIONCE_1616	102	Pulse	99	6745780	23328	NA
S030_MINIONCE_1616	102	Port Input	1	6745780	23328	NA
S030_MINIONCE_1616	102	Picture	96_T_RWTRIAD_RW_sombrilla_red.png	6765652	43200	1	1900	2	43200	1800
S030_MINIONCE_1616	103	Picture	RW	6767752	0	1	43200	2	0	43200
S030_MINIONCE_1616	103	Response	52	6781340	13588	1
S030_MINIONCE_1616	103	Pulse	99	6781781	14029	NA
S030_MINIONCE_1616	103	Port Input	1	6781781	14029	NA
S030_MINIONCE_1616	103	Picture	97_T_RWTRIAD_RW_huevos_red.png	6810952	43200	1	1900	2	43200	1800
S030_MINIONCE_1616	104	Picture	RW	6813052	0	1	43199	2	0	43200
S030_MINIONCE_1616	104	Pulse	99	6817782	4730	NA
S030_MINIONCE_1616	104	Port Input	1	6817782	4730	NA
S030_MINIONCE_1616	104	Response	51	6830930	17878	1
S030_MINIONCE_1616	104	Pulse	99	6853783	40731	NA
S030_MINIONCE_1616	104	Port Input	1	6853783	40731	NA
S030_MINIONCE_1616	104	Picture	98_T_RWTRIAD_RW_paracaidas_red.png	6856251	43199	1	1900	2	43200	1800
S030_MINIONCE_1616	105	Picture	RW	6858351	0	1	43200	2	0	43200
S030_MINIONCE_1616	105	Response	51	6879789	21438	2
S030_MINIONCE_1616	105	Pulse	99	6889784	31433	NA
S030_MINIONCE_1616	105	Port Input	1	6889784	31433	NA
S030_MINIONCE_1616	105	Picture	99_T_RWTRIAD_RW_traje_red.png	6901551	43200	1	1900	2	43200	1800
S030_MINIONCE_1616	106	Picture	RW	6903851	0	1	43100	2	0	43200
S030_MINIONCE_1616	106	Response	51	6922945	19094	1
S030_MINIONCE_1616	106	Pulse	99	6925785	21934	NA
S030_MINIONCE_1616	106	Port Input	1	6925785	21934	NA
S030_MINIONCE_1616	106	Picture	100_T_RWTRIAD_RW_portatil_red.png	6946951	43100	1	1900	2	43200	1800
S030_MINIONCE_1616	107	Picture	rest	6948951	0	1	144099	2	0	144000
S030_MINIONCE_1616	107	Pulse	99	6961786	12835	NA
S030_MINIONCE_1616	107	Port Input	1	6961786	12835	NA
S030_MINIONCE_1616	107	Pulse	99	6997787	48836	NA
S030_MINIONCE_1616	107	Port Input	1	6997787	48836	NA
S030_MINIONCE_1616	107	Pulse	99	7033788	84837	NA
S030_MINIONCE_1616	107	Port Input	1	7033788	84837	NA
S030_MINIONCE_1616	107	Pulse	99	7069789	120838	NA
S030_MINIONCE_1616	107	Port Input	1	7069789	120838	NA
S030_MINIONCE_1616	108	Picture	endrest	7093150	0	1	10099	3	0	10000
S030_MINIONCE_1616	109	Picture	RW	7103649	0	2	43100	3	0	43200
S030_MINIONCE_1616	109	Pulse	99	7105790	2141	NA
S030_MINIONCE_1616	109	Port Input	1	7105790	2141	NA
S030_MINIONCE_1616	109	Response	51	7121755	18106	1
S030_MINIONCE_1616	109	Pulse	99	7141791	38142	NA
S030_MINIONCE_1616	109	Port Input	1	7141791	38142	NA
S030_MINIONCE_1616	109	Picture	103_T_RWTRIAD_RW_dedal_red.png	7146749	43100	1	1900	2	43200	1800
S030_MINIONCE_1616	110	Picture	RW	7148849	0	1	43200	2	0	43200
S030_MINIONCE_1616	110	Pulse	99	7177792	28943	NA
S030_MINIONCE_1616	110	Port Input	1	7177792	28943	NA
S030_MINIONCE_1616	110	Response	51	7178239	29390	1
S030_MINIONCE_1616	110	Picture	104_T_RWTRIAD_RW_chupete_red.png	7192049	43200	1	1900	2	43200	1800
S030_MINIONCE_1616	111	Picture	RW	7194249	0	1	43100	2	0	43200
S030_MINIONCE_1616	111	Response	52	7209707	15458	2
S030_MINIONCE_1616	111	Pulse	99	7213792	19543	NA
S030_MINIONCE_1616	111	Port Input	1	7213792	19543	NA
S030_MINIONCE_1616	111	Picture	105_T_RWTRIAD_RW_martillo_red.png	7237349	43100	1	1900	2	43200	1800
S030_MINIONCE_1616	112	Picture	RW	7239449	0	1	43199	2	0	43200
S030_MINIONCE_1616	112	Pulse	99	7249793	10344	NA
S030_MINIONCE_1616	112	Port Input	1	7249793	10344	NA
S030_MINIONCE_1616	112	Response	51	7257474	18025	2
S030_MINIONCE_1616	112	Picture	106_T_RWTRIAD_RW_policia_red.png	7282648	43199	1	1900	2	43200	1800
S030_MINIONCE_1616	113	Picture	PW	7284848	0	1	43200	2	0	43200
S030_MINIONCE_1616	113	Pulse	99	7285794	946	NA
S030_MINIONCE_1616	113	Port Input	1	7285794	946	NA
S030_MINIONCE_1616	113	Pulse	99	7321795	36947	NA
S030_MINIONCE_1616	113	Port Input	1	7321795	36947	NA
S030_MINIONCE_1616	113	Picture	107_T_PWTRIAD_PW_banera_red.png	7328048	43200	1	1900	2	43200	1800
S030_MINIONCE_1616	114	Picture	PW	7330148	0	1	43200	2	0	43200
S030_MINIONCE_1616	114	Response	51	7334827	4679	1
S030_MINIONCE_1616	114	Response	52	7348815	18667	1
S030_MINIONCE_1616	114	Pulse	99	7357796	27648	NA
S030_MINIONCE_1616	114	Port Input	1	7357796	27648	NA
S030_MINIONCE_1616	114	Picture	108_T_PWTRIAD_PW_lana_red.png	7373348	43200	1	1900	2	43200	1800
S030_MINIONCE_1616	115	Picture	PW	7375448	0	1	43199	2	0	43200
S030_MINIONCE_1616	115	Response	51	7393244	17796	1
S030_MINIONCE_1616	115	Pulse	99	7393797	18349	NA
S030_MINIONCE_1616	115	Port Input	1	7393797	18349	NA
S030_MINIONCE_1616	115	Picture	109_T_PWTRIAD_PW_bala_red.png	7418647	43199	1	1900	2	43200	1800
S030_MINIONCE_1616	116	Picture	PW	7420947	0	1	43100	2	0	43200
S030_MINIONCE_1616	116	Pulse	99	7429798	8851	NA
S030_MINIONCE_1616	116	Port Input	1	7429798	8851	NA
S030_MINIONCE_1616	116	Response	51	7441562	20615	1
S030_MINIONCE_1616	116	Picture	110_T_PWTRIAD_PW_charco_red.png	7464047	43100	1	1900	2	43200	1800
S030_MINIONCE_1616	116	Pulse	99	7465799	44852	NA
S030_MINIONCE_1616	116	Port Input	1	7465799	44852	NA
S030_MINIONCE_1616	117	Picture	rest	7466047	0	1	144099	2	0	144000
S030_MINIONCE_1616	118	Picture	endrest	7610246	0	1	10100	2	0	10000
S030_MINIONCE_1616	119	Picture	FF	7620546	0	1	43200	2	0	43200
S030_MINIONCE_1616	119	Response	52	7635291	14745	1
S030_MINIONCE_1616	119	Picture	113_T_FFTRIAD_FF_silla_red.png	7663746	43200	1	1899	3	43200	1800
S030_MINIONCE_1616	120	Picture	FF	7665845	0	2	43200	3	0	43200
S030_MINIONCE_1616	120	Response	52	7682927	17082	1
S030_MINIONCE_1616	120	Picture	114_T_FFTRIAD_FF_paraguas_red.png	7709045	43200	1	1900	2	43200	1800
S030_MINIONCE_1616	121	Picture	FF	7711245	0	1	43100	2	0	43200
S030_MINIONCE_1616	121	Response	52	7722407	11162	2
S030_MINIONCE_1616	121	Picture	115_T_FFTRIAD_FF_bala_red.png	7754345	43100	1	1900	2	43200	1800
S030_MINIONCE_1616	122	Picture	FF	7756445	0	1	43200	2	0	43200
S030_MINIONCE_1616	122	Response	51	7772918	16473	1
S030_MINIONCE_1616	122	Picture	116_T_FFTRIAD_FF_oruga_red.png	7799645	43200	1	1899	4	43200	1800
S030_MINIONCE_1616	123	Picture	PW	7801744	0	2	43200	3	0	43200
S030_MINIONCE_1616	123	Response	51	7826014	24270	1
S030_MINIONCE_1616	123	Picture	117_T_PWTRIAD_PW_pizarra_red.png	7844944	43200	1	1900	2	43200	1800
S030_MINIONCE_1616	124	Picture	PW	7847044	0	1	43200	2	0	43200
S030_MINIONCE_1616	124	Response	51	7869562	22518	1
S030_MINIONCE_1616	124	Picture	118_T_PWTRIAD_PW_traje_red.png	7890244	43200	1	1900	2	43200	1800
S030_MINIONCE_1616	125	Picture	PW	7892344	0	1	43199	3	0	43200
S030_MINIONCE_1616	125	Response	51	7921798	29454	2
S030_MINIONCE_1616	125	Picture	119_T_PWTRIAD_PW_sapo_red.png	7935543	43199	2	1901	3	43200	1800
S030_MINIONCE_1616	126	Picture	PW	7937644	0	1	43199	2	0	43200
S030_MINIONCE_1616	126	Response	51	7961790	24146	1
S030_MINIONCE_1616	126	Picture	120_T_PWTRIAD_PW_plato_red.png	7980843	43199	1	1900	3	43200	1800
S030_MINIONCE_1616	127	Picture	rest	7982843	0	2	144098	4	0	144000
S030_MINIONCE_1616	128	Picture	endrest	8127042	0	1	10100	2	0	10000
S030_MINIONCE_1616	129	Picture	PW	8137542	0	1	43100	2	0	43200
S030_MINIONCE_1616	129	Response	52	8166844	29302	2
S030_MINIONCE_1616	129	Picture	123_T_PWTRIAD_PW_cerillas_red.png	8180642	43100	1	1900	2	43200	1800
S030_MINIONCE_1616	130	Picture	PW	8182742	0	1	43200	2	0	43200
S030_MINIONCE_1616	130	Response	51	8210272	27530	1
S030_MINIONCE_1616	130	Picture	124_T_PWTRIAD_PW_chupete_red.png	8225942	43200	1	1899	3	43200	1800
S030_MINIONCE_1616	131	Picture	PW	8228142	0	1	43199	2	0	43200
S030_MINIONCE_1616	131	Response	51	8262218	34076	1
S030_MINIONCE_1616	131	Picture	125_T_PWTRIAD_PW_lenador_red.png	8271341	43199	1	1900	2	43200	1800
S030_MINIONCE_1616	132	Picture	PW	8273641	0	1	43100	2	0	43200
S030_MINIONCE_1616	132	Response	52	8295374	21733	1
S030_MINIONCE_1616	132	Picture	126_T_PWTRIAD_PW_agua_red.png	8316741	43100	1	1900	2	43200	1800
S030_MINIONCE_1616	133	Picture	PW	8319041	0	1	43100	2	0	43200
S030_MINIONCE_1616	133	Response	51	8355208	36167	1
S030_MINIONCE_1616	133	Picture	127_T_PWTRIAD_PW_cinturon_red.png	8362141	43100	1	1900	2	43200	1800
S030_MINIONCE_1616	134	Picture	PW	8364240	0	2	43200	3	0	43200
S030_MINIONCE_1616	134	Response	51	8394586	30346	1
S030_MINIONCE_1616	134	Picture	128_T_PWTRIAD_PW_sombrilla_red.png	8407440	43200	1	1900	2	43200	1800
S030_MINIONCE_1616	135	Picture	PW	8409540	0	1	43200	2	0	43200
S030_MINIONCE_1616	135	Picture	129_T_PWTRIAD_PW_tenedor_red.png	8452740	43200	1	1900	2	43200	1800
S030_MINIONCE_1616	136	Picture	PW	8454940	0	1	43200	2	0	43200
S030_MINIONCE_1616	136	Response	51	8458657	3717	1
S030_MINIONCE_1616	136	Response	51	8474748	19808	1
S030_MINIONCE_1616	136	Picture	130_T_PWTRIAD_PW_piramide_red.png	8498140	43200	1	1900	2	43200	1800
S030_MINIONCE_1616	137	Picture	rest	8500140	0	1	144098	3	0	144000
S030_MINIONCE_1616	138	Picture	endrest	8644339	0	1	10099	3	0	10000
S030_MINIONCE_1616	139	Picture	FF	8654638	0	2	43200	3	0	43200
S030_MINIONCE_1616	139	Response	52	8679925	25287	1
S030_MINIONCE_1616	139	Picture	133_T_FFTRIAD_FF_futbol_red.png	8697838	43200	1	1900	2	43200	1800
S030_MINIONCE_1616	140	Picture	FF	8699938	0	1	43200	2	0	43200
S030_MINIONCE_1616	140	Response	52	8731156	31218	1
S030_MINIONCE_1616	140	Picture	134_T_FFTRIAD_FF_telarana_red.png	8743138	43200	1	1900	2	43200	1800
S030_MINIONCE_1616	141	Picture	FF	8745538	0	1	43200	2	0	43200
S030_MINIONCE_1616	141	Response	51	8759487	13949	1
S030_MINIONCE_1616	141	Picture	135_T_FFTRIAD_FF_arbol_red.png	8788738	43200	1	1899	3	43200	1800
S030_MINIONCE_1616	142	Picture	FF	8790937	0	2	43200	3	0	43200
S030_MINIONCE_1616	142	Response	52	8806436	15499	2
S030_MINIONCE_1616	142	Picture	136_T_FFTRIAD_FF_almohada_red.png	8834137	43200	1	1900	2	43200	1800
S030_MINIONCE_1616	143	Picture	rest	8836137	0	1	144099	2	0	144000
S030_MINIONCE_1616	144	Picture	endrest	8980336	0	1	10100	2	0	10000
S030_MINIONCE_1616	145	Picture	endrest	8990536	0	1	10100	2	0	10000
S030_MINIONCE_1616	146	Picture	endrest	9000736	0	1	10100	2	0	10000
S030_MINIONCE_1616	147	Picture	endrest	9010936	0	1	10100	2	0	10000
