Scenario - vOT_Triads_fMRI_I
Logfile written - 03/14/2016 10:43:31

Subject	Trial	Event Type	Code	Time	TTime	Uncertainty	Duration	Uncertainty	ReqTime	ReqDur

S030_DAY1_MINITWICE_1820	1	Response	98	372542	382242	1
S030_DAY1_MINITWICE_1820	2	Response	52	541659	169062	1
S030_DAY1_MINITWICE_1820	2	Response	98	550708	178111	2
S030_DAY1_MINITWICE_1820	3	Response	52	698689	147893	1
S030_DAY1_MINITWICE_1820	3	Response	98	703797	153001	1
S030_DAY1_MINITWICE_1820	4	Response	52	866365	162470	1
S030_DAY1_MINITWICE_1820	4	Response	98	874619	170724	2
S030_DAY1_MINITWICE_1820	6	Pulse	99	1271626	396832	NA
S030_DAY1_MINITWICE_1820	6	Port Input	1	1271626	396832	NA
S030_DAY1_MINITWICE_1820	6	Pulse	99	1307627	432833	NA
S030_DAY1_MINITWICE_1820	6	Port Input	1	1307627	432833	NA
S030_DAY1_MINITWICE_1820	6	Pulse	99	1343628	468834	NA
S030_DAY1_MINITWICE_1820	6	Port Input	1	1343628	468834	NA
S030_DAY1_MINITWICE_1820	6	Pulse	99	1379629	504835	NA
S030_DAY1_MINITWICE_1820	6	Port Input	1	1379629	504835	NA
S030_DAY1_MINITWICE_1820	6	Pulse	99	1415630	540836	NA
S030_DAY1_MINITWICE_1820	6	Port Input	1	1415630	540836	NA
S030_DAY1_MINITWICE_1820	7	Picture	rest	1415890	0	1	144099	2	0	144000
S030_DAY1_MINITWICE_1820	7	Pulse	99	1451631	35741	NA
S030_DAY1_MINITWICE_1820	7	Port Input	1	1451631	35741	NA
S030_DAY1_MINITWICE_1820	7	Pulse	99	1487632	71742	NA
S030_DAY1_MINITWICE_1820	7	Port Input	1	1487632	71742	NA
S030_DAY1_MINITWICE_1820	7	Pulse	99	1523633	107743	NA
S030_DAY1_MINITWICE_1820	7	Port Input	1	1523633	107743	NA
S030_DAY1_MINITWICE_1820	7	Pulse	99	1559634	143744	NA
S030_DAY1_MINITWICE_1820	7	Port Input	1	1559634	143744	NA
S030_DAY1_MINITWICE_1820	8	Picture	endrest	1560089	0	1	10100	2	0	10000
S030_DAY1_MINITWICE_1820	9	Picture	PW	1570889	0	1	43100	2	0	43200
S030_DAY1_MINITWICE_1820	9	Pulse	99	1595635	24746	NA
S030_DAY1_MINITWICE_1820	9	Port Input	1	1595635	24746	NA
S030_DAY1_MINITWICE_1820	9	Response	52	1602105	31216	1
S030_DAY1_MINITWICE_1820	9	Picture	3_T_PWTRIAD_PW_sobre_red.png	1613989	43100	1	1900	2	43200	1800
S030_DAY1_MINITWICE_1820	10	Picture	PW	1616189	0	1	43199	2	0	43200
S030_DAY1_MINITWICE_1820	10	Pulse	99	1631636	15447	NA
S030_DAY1_MINITWICE_1820	10	Port Input	1	1631636	15447	NA
S030_DAY1_MINITWICE_1820	10	Response	52	1656189	40000	1
S030_DAY1_MINITWICE_1820	10	Picture	4_T_PWTRIAD_PW_tijera_red.png	1659388	43199	1	1900	2	43200	1800
S030_DAY1_MINITWICE_1820	11	Picture	PW	1661788	0	1	43100	2	0	43200
S030_DAY1_MINITWICE_1820	11	Pulse	99	1667637	5849	NA
S030_DAY1_MINITWICE_1820	11	Port Input	1	1667637	5849	NA
S030_DAY1_MINITWICE_1820	11	Pulse	99	1703638	41850	NA
S030_DAY1_MINITWICE_1820	11	Port Input	1	1703638	41850	NA
S030_DAY1_MINITWICE_1820	11	Picture	5_T_PWTRIAD_PW_cerillas_red.png	1704888	43100	1	1900	2	43200	1800
S030_DAY1_MINITWICE_1820	12	Picture	PW	1707388	0	1	43100	2	0	43200
S030_DAY1_MINITWICE_1820	12	Response	52	1711762	4374	1
S030_DAY1_MINITWICE_1820	12	Response	52	1737447	30059	2
S030_DAY1_MINITWICE_1820	12	Pulse	99	1739639	32251	NA
S030_DAY1_MINITWICE_1820	12	Port Input	1	1739639	32251	NA
S030_DAY1_MINITWICE_1820	12	Picture	6_T_PWTRIAD_PW_arbol_red.png	1750488	43100	1	1900	2	43200	1800
S030_DAY1_MINITWICE_1820	13	Picture	FF	1752888	0	1	43099	2	0	43200
S030_DAY1_MINITWICE_1820	13	Response	52	1771662	18774	41
S030_DAY1_MINITWICE_1820	13	Pulse	99	1775640	22752	NA
S030_DAY1_MINITWICE_1820	13	Port Input	1	1775640	22752	NA
S030_DAY1_MINITWICE_1820	13	Picture	7_T_FFTRIAD_FF_pizarra_red.png	1795987	43099	1	1900	3	43200	1800
S030_DAY1_MINITWICE_1820	14	Picture	FF	1798487	0	2	43200	3	0	43200
S030_DAY1_MINITWICE_1820	14	Pulse	99	1811641	13154	NA
S030_DAY1_MINITWICE_1820	14	Port Input	1	1811641	13154	NA
S030_DAY1_MINITWICE_1820	14	Response	52	1813603	15116	2
S030_DAY1_MINITWICE_1820	14	Picture	8_T_FFTRIAD_FF_cinturon_red.png	1841687	43200	1	1900	2	43200	1800
S030_DAY1_MINITWICE_1820	15	Picture	FF	1843987	0	1	43100	2	0	43200
S030_DAY1_MINITWICE_1820	15	Pulse	99	1847642	3655	NA
S030_DAY1_MINITWICE_1820	15	Port Input	1	1847642	3655	NA
S030_DAY1_MINITWICE_1820	15	Response	52	1864794	20807	1
S030_DAY1_MINITWICE_1820	15	Pulse	99	1883643	39656	NA
S030_DAY1_MINITWICE_1820	15	Port Input	1	1883643	39656	NA
S030_DAY1_MINITWICE_1820	15	Picture	9_T_FFTRIAD_FF_banera_red.png	1887087	43100	1	1900	2	43200	1800
S030_DAY1_MINITWICE_1820	16	Picture	FF	1889587	0	1	43099	3	0	43200
S030_DAY1_MINITWICE_1820	16	Response	52	1915968	26381	2
S030_DAY1_MINITWICE_1820	16	Pulse	99	1919644	30057	NA
S030_DAY1_MINITWICE_1820	16	Port Input	1	1919644	30057	NA
S030_DAY1_MINITWICE_1820	16	Picture	10_T_FFTRIAD_FF_monja_red.png	1932686	43099	2	1900	4	43200	1800
S030_DAY1_MINITWICE_1820	17	Picture	rest	1934687	0	1	144099	2	0	144000
S030_DAY1_MINITWICE_1820	17	Pulse	99	1955645	20958	NA
S030_DAY1_MINITWICE_1820	17	Port Input	1	1955645	20958	NA
S030_DAY1_MINITWICE_1820	17	Pulse	99	1991646	56959	NA
S030_DAY1_MINITWICE_1820	17	Port Input	1	1991646	56959	NA
S030_DAY1_MINITWICE_1820	17	Pulse	99	2027647	92960	NA
S030_DAY1_MINITWICE_1820	17	Port Input	1	2027647	92960	NA
S030_DAY1_MINITWICE_1820	17	Pulse	99	2063648	128961	NA
S030_DAY1_MINITWICE_1820	17	Port Input	1	2063648	128961	NA
S030_DAY1_MINITWICE_1820	18	Picture	endrest	2078886	0	1	10099	3	0	10000
S030_DAY1_MINITWICE_1820	19	Picture	PW	2089685	0	2	43100	3	0	43200
S030_DAY1_MINITWICE_1820	19	Pulse	99	2099649	9964	NA
S030_DAY1_MINITWICE_1820	19	Port Input	1	2099649	9964	NA
S030_DAY1_MINITWICE_1820	19	Response	51	2112985	23300	1
S030_DAY1_MINITWICE_1820	19	Picture	13_T_PWTRIAD_PW_madera_red.png	2132785	43100	1	1900	2	43200	1800
S030_DAY1_MINITWICE_1820	20	Picture	PW	2135085	0	1	43100	2	0	43200
S030_DAY1_MINITWICE_1820	20	Pulse	99	2135650	565	NA
S030_DAY1_MINITWICE_1820	20	Port Input	1	2135650	565	NA
S030_DAY1_MINITWICE_1820	20	Response	52	2161394	26309	2
S030_DAY1_MINITWICE_1820	20	Pulse	99	2171651	36566	NA
S030_DAY1_MINITWICE_1820	20	Port Input	1	2171651	36566	NA
S030_DAY1_MINITWICE_1820	20	Picture	14_T_PWTRIAD_PW_bebe_red.png	2178185	43100	1	1900	2	43200	1800
S030_DAY1_MINITWICE_1820	21	Picture	PW	2180685	0	1	43200	2	0	43200
S030_DAY1_MINITWICE_1820	21	Response	52	2206960	26275	1
S030_DAY1_MINITWICE_1820	21	Pulse	99	2207652	26967	NA
S030_DAY1_MINITWICE_1820	21	Port Input	1	2207652	26967	NA
S030_DAY1_MINITWICE_1820	21	Picture	15_T_PWTRIAD_PW_pizarra_red.png	2223885	43200	1	1900	2	43200	1800
S030_DAY1_MINITWICE_1820	22	Picture	PW	2226285	0	1	43099	2	0	43200
S030_DAY1_MINITWICE_1820	22	Pulse	99	2243653	17368	NA
S030_DAY1_MINITWICE_1820	22	Port Input	1	2243653	17368	NA
S030_DAY1_MINITWICE_1820	22	Response	52	2251003	24718	1
S030_DAY1_MINITWICE_1820	22	Picture	16_T_PWTRIAD_PW_paraguas_red.png	2269384	43099	1	1900	2	43200	1800
S030_DAY1_MINITWICE_1820	23	Picture	FF	2271784	0	1	43200	2	0	43200
S030_DAY1_MINITWICE_1820	23	Pulse	99	2279654	7870	NA
S030_DAY1_MINITWICE_1820	23	Port Input	1	2279654	7870	NA
S030_DAY1_MINITWICE_1820	23	Response	52	2309149	37365	2
S030_DAY1_MINITWICE_1820	23	Picture	17_T_FFTRIAD_FF_oruga_red.png	2314984	43200	1	1900	2	43200	1800
S030_DAY1_MINITWICE_1820	23	Pulse	99	2315655	43871	NA
S030_DAY1_MINITWICE_1820	23	Port Input	1	2315655	43871	NA
S030_DAY1_MINITWICE_1820	24	Picture	FF	2317184	0	1	43200	2	0	43200
S030_DAY1_MINITWICE_1820	24	Response	51	2342088	24904	1
S030_DAY1_MINITWICE_1820	24	Pulse	99	2351656	34472	NA
S030_DAY1_MINITWICE_1820	24	Port Input	1	2351656	34472	NA
S030_DAY1_MINITWICE_1820	24	Picture	18_T_FFTRIAD_FF_arbol_red.png	2360384	43200	1	1900	2	43200	1800
S030_DAY1_MINITWICE_1820	25	Picture	FF	2362684	0	1	43099	2	0	43200
S030_DAY1_MINITWICE_1820	25	Response	51	2379829	17145	1
S030_DAY1_MINITWICE_1820	25	Pulse	99	2387657	24973	NA
S030_DAY1_MINITWICE_1820	25	Port Input	1	2387657	24973	NA
S030_DAY1_MINITWICE_1820	25	Picture	19_T_FFTRIAD_FF_agua_red.png	2405783	43099	1	1900	2	43200	1800
S030_DAY1_MINITWICE_1820	26	Picture	FF	2408083	0	2	43100	3	0	43200
S030_DAY1_MINITWICE_1820	26	Pulse	99	2423658	15575	NA
S030_DAY1_MINITWICE_1820	26	Port Input	1	2423658	15575	NA
S030_DAY1_MINITWICE_1820	26	Response	52	2423832	15749	1
S030_DAY1_MINITWICE_1820	26	Picture	20_T_FFTRIAD_FF_botella_red.png	2451183	43100	1	1900	2	43200	1800
S030_DAY1_MINITWICE_1820	27	Picture	rest	2453183	0	1	144099	2	0	144000
S030_DAY1_MINITWICE_1820	27	Pulse	99	2459659	6476	NA
S030_DAY1_MINITWICE_1820	27	Port Input	1	2459659	6476	NA
S030_DAY1_MINITWICE_1820	27	Pulse	99	2495660	42477	NA
S030_DAY1_MINITWICE_1820	27	Port Input	1	2495660	42477	NA
S030_DAY1_MINITWICE_1820	27	Pulse	99	2531661	78478	NA
S030_DAY1_MINITWICE_1820	27	Port Input	1	2531661	78478	NA
S030_DAY1_MINITWICE_1820	27	Pulse	99	2567662	114479	NA
S030_DAY1_MINITWICE_1820	27	Port Input	1	2567662	114479	NA
S030_DAY1_MINITWICE_1820	28	Picture	endrest	2597382	0	1	10100	2	0	10000
S030_DAY1_MINITWICE_1820	28	Pulse	99	2603663	6281	NA
S030_DAY1_MINITWICE_1820	28	Port Input	1	2603663	6281	NA
S030_DAY1_MINITWICE_1820	29	Picture	RW	2608182	0	1	43100	2	0	43200
S030_DAY1_MINITWICE_1820	29	Response	52	2629223	21041	1
S030_DAY1_MINITWICE_1820	29	Pulse	99	2639664	31482	NA
S030_DAY1_MINITWICE_1820	29	Port Input	1	2639664	31482	NA
S030_DAY1_MINITWICE_1820	29	Picture	23_T_RWTRIAD_RW_leche_red.png	2651282	43100	1	1900	2	43200	1800
S030_DAY1_MINITWICE_1820	30	Picture	RW	2653682	0	1	43099	3	0	43200
S030_DAY1_MINITWICE_1820	30	Response	51	2674865	21183	1
S030_DAY1_MINITWICE_1820	30	Pulse	99	2675665	21983	NA
S030_DAY1_MINITWICE_1820	30	Port Input	1	2675665	21983	NA
S030_DAY1_MINITWICE_1820	30	Picture	24_T_RWTRIAD_RW_cerillas_red.png	2696781	43099	2	1900	4	43200	1800
S030_DAY1_MINITWICE_1820	31	Picture	RW	2699381	0	2	43100	3	0	43200
S030_DAY1_MINITWICE_1820	31	Pulse	99	2711666	12285	NA
S030_DAY1_MINITWICE_1820	31	Port Input	1	2711666	12285	NA
S030_DAY1_MINITWICE_1820	31	Response	52	2715875	16494	1
S030_DAY1_MINITWICE_1820	31	Picture	25_T_RWTRIAD_RW_bebe_red.png	2742481	43100	1	1900	2	43200	1800
S030_DAY1_MINITWICE_1820	32	Picture	RW	2744781	0	1	43100	2	0	43200
S030_DAY1_MINITWICE_1820	32	Pulse	99	2747667	2886	NA
S030_DAY1_MINITWICE_1820	32	Port Input	1	2747667	2886	NA
S030_DAY1_MINITWICE_1820	32	Response	52	2770767	25986	1
S030_DAY1_MINITWICE_1820	32	Pulse	99	2783668	38887	NA
S030_DAY1_MINITWICE_1820	32	Port Input	1	2783668	38887	NA
S030_DAY1_MINITWICE_1820	32	Picture	26_T_RWTRIAD_RW_plato_red.png	2787881	43100	1	1900	2	43200	1800
S030_DAY1_MINITWICE_1820	33	Picture	PW	2790181	0	1	43100	2	0	43200
S030_DAY1_MINITWICE_1820	33	Pulse	99	2819669	29488	NA
S030_DAY1_MINITWICE_1820	33	Port Input	1	2819669	29488	NA
S030_DAY1_MINITWICE_1820	33	Response	51	2820259	30078	1
S030_DAY1_MINITWICE_1820	33	Picture	27_T_PWTRIAD_PW_martillo_red.png	2833281	43100	1	1900	2	43200	1800
S030_DAY1_MINITWICE_1820	34	Picture	PW	2835781	0	1	43099	2	0	43200
S030_DAY1_MINITWICE_1820	34	Pulse	99	2855670	19889	NA
S030_DAY1_MINITWICE_1820	34	Port Input	1	2855670	19889	NA
S030_DAY1_MINITWICE_1820	34	Response	51	2866832	31051	1
S030_DAY1_MINITWICE_1820	34	Picture	28_T_PWTRIAD_PW_pilas_red.png	2878880	43099	1	1900	2	43200	1800
S030_DAY1_MINITWICE_1820	35	Picture	PW	2881180	0	1	43100	2	0	43200
S030_DAY1_MINITWICE_1820	35	Pulse	99	2891671	10491	NA
S030_DAY1_MINITWICE_1820	35	Port Input	1	2891671	10491	NA
S030_DAY1_MINITWICE_1820	35	Response	52	2908410	27230	1
S030_DAY1_MINITWICE_1820	35	Picture	29_T_PWTRIAD_PW_iglu_red.png	2924280	43100	1	1900	2	43200	1800
S030_DAY1_MINITWICE_1820	36	Picture	PW	2926480	0	1	43200	2	0	43200
S030_DAY1_MINITWICE_1820	36	Pulse	99	2927672	1192	NA
S030_DAY1_MINITWICE_1820	36	Port Input	1	2927672	1192	NA
S030_DAY1_MINITWICE_1820	36	Response	51	2952490	26010	1
S030_DAY1_MINITWICE_1820	36	Pulse	99	2963673	37193	NA
S030_DAY1_MINITWICE_1820	36	Port Input	1	2963673	37193	NA
S030_DAY1_MINITWICE_1820	36	Picture	30_T_PWTRIAD_PW_cortina_red.png	2969680	43200	1	1900	2	43200	1800
S030_DAY1_MINITWICE_1820	37	Picture	rest	2971680	0	1	144099	2	0	144000
S030_DAY1_MINITWICE_1820	37	Pulse	99	2999674	27994	NA
S030_DAY1_MINITWICE_1820	37	Port Input	1	2999674	27994	NA
S030_DAY1_MINITWICE_1820	37	Pulse	99	3035675	63995	NA
S030_DAY1_MINITWICE_1820	37	Port Input	1	3035675	63995	NA
S030_DAY1_MINITWICE_1820	37	Pulse	99	3071676	99996	NA
S030_DAY1_MINITWICE_1820	37	Port Input	1	3071676	99996	NA
S030_DAY1_MINITWICE_1820	37	Pulse	99	3107677	135997	NA
S030_DAY1_MINITWICE_1820	37	Port Input	1	3107677	135997	NA
S030_DAY1_MINITWICE_1820	38	Picture	endrest	3115879	0	1	10100	2	0	10000
S030_DAY1_MINITWICE_1820	39	Picture	FF	3126279	0	1	43199	2	0	43200
S030_DAY1_MINITWICE_1820	39	Response	51	3140471	14192	1
S030_DAY1_MINITWICE_1820	39	Pulse	99	3143678	17399	NA
S030_DAY1_MINITWICE_1820	39	Port Input	1	3143678	17399	NA
S030_DAY1_MINITWICE_1820	39	Picture	33_T_FFTRIAD_FF_zanahoria_red.png	3169478	43199	1	1900	2	43200	1800
S030_DAY1_MINITWICE_1820	40	Picture	FF	3171778	0	1	43200	2	0	43200
S030_DAY1_MINITWICE_1820	40	Pulse	99	3179679	7901	NA
S030_DAY1_MINITWICE_1820	40	Port Input	1	3179679	7901	NA
S030_DAY1_MINITWICE_1820	40	Response	52	3202471	30693	1
S030_DAY1_MINITWICE_1820	40	Picture	34_T_FFTRIAD_FF_manos_red.png	3214978	43200	1	1900	2	43200	1800
S030_DAY1_MINITWICE_1820	40	Pulse	99	3215680	43902	NA
S030_DAY1_MINITWICE_1820	40	Port Input	1	3215680	43902	NA
S030_DAY1_MINITWICE_1820	41	Picture	FF	3217378	0	1	43100	2	0	43200
S030_DAY1_MINITWICE_1820	41	Response	52	3242489	25111	1
S030_DAY1_MINITWICE_1820	41	Pulse	99	3251681	34303	NA
S030_DAY1_MINITWICE_1820	41	Port Input	1	3251681	34303	NA
S030_DAY1_MINITWICE_1820	41	Picture	35_T_FFTRIAD_FF_sobre_red.png	3260478	43100	1	1900	2	43200	1800
S030_DAY1_MINITWICE_1820	42	Picture	FF	3262978	0	1	43099	3	0	43200
S030_DAY1_MINITWICE_1820	42	Response	51	3286356	23378	1
S030_DAY1_MINITWICE_1820	42	Pulse	99	3287682	24704	NA
S030_DAY1_MINITWICE_1820	42	Port Input	1	3287682	24704	NA
S030_DAY1_MINITWICE_1820	42	Picture	36_T_FFTRIAD_FF_grifo_red.png	3306077	43099	2	1900	4	43200	1800
S030_DAY1_MINITWICE_1820	43	Picture	RW	3308177	0	2	43200	4	0	43200
S030_DAY1_MINITWICE_1820	43	Pulse	99	3323683	15506	NA
S030_DAY1_MINITWICE_1820	43	Port Input	1	3323683	15506	NA
S030_DAY1_MINITWICE_1820	43	Response	52	3330286	22109	1
S030_DAY1_MINITWICE_1820	43	Picture	37_T_RWTRIAD_RW_cinturon_red.png	3351377	43200	2	1900	3	43200	1800
S030_DAY1_MINITWICE_1820	44	Picture	RW	3353777	0	2	43200	3	0	43200
S030_DAY1_MINITWICE_1820	44	Pulse	99	3359684	5907	NA
S030_DAY1_MINITWICE_1820	44	Port Input	1	3359684	5907	NA
S030_DAY1_MINITWICE_1820	44	Response	51	3373248	19471	1
S030_DAY1_MINITWICE_1820	44	Pulse	99	3395685	41908	NA
S030_DAY1_MINITWICE_1820	44	Port Input	1	3395685	41908	NA
S030_DAY1_MINITWICE_1820	44	Picture	38_T_RWTRIAD_RW_iglu_red.png	3396977	43200	1	1899	3	43200	1800
S030_DAY1_MINITWICE_1820	45	Picture	RW	3399276	0	2	43200	4	0	43200
S030_DAY1_MINITWICE_1820	45	Response	51	3413989	14713	1
S030_DAY1_MINITWICE_1820	45	Pulse	99	3431686	32410	NA
S030_DAY1_MINITWICE_1820	45	Port Input	1	3431686	32410	NA
S030_DAY1_MINITWICE_1820	45	Picture	39_T_RWTRIAD_RW_teclado_red.png	3442476	43200	2	1900	4	43200	1800
S030_DAY1_MINITWICE_1820	46	Picture	RW	3444776	0	2	43200	3	0	43200
S030_DAY1_MINITWICE_1820	46	Response	51	3459246	14470	1
S030_DAY1_MINITWICE_1820	46	Pulse	99	3467687	22911	NA
S030_DAY1_MINITWICE_1820	46	Port Input	1	3467687	22911	NA
S030_DAY1_MINITWICE_1820	46	Picture	40_T_RWTRIAD_RW_grifo_red.png	3487976	43200	1	1900	2	43200	1800
S030_DAY1_MINITWICE_1820	47	Picture	rest	3489976	0	1	144099	2	0	144000
S030_DAY1_MINITWICE_1820	47	Pulse	99	3503688	13712	NA
S030_DAY1_MINITWICE_1820	47	Port Input	1	3503688	13712	NA
S030_DAY1_MINITWICE_1820	47	Pulse	99	3539689	49713	NA
S030_DAY1_MINITWICE_1820	47	Port Input	1	3539689	49713	NA
S030_DAY1_MINITWICE_1820	47	Pulse	99	3575690	85714	NA
S030_DAY1_MINITWICE_1820	47	Port Input	1	3575690	85714	NA
S030_DAY1_MINITWICE_1820	47	Pulse	99	3611691	121715	NA
S030_DAY1_MINITWICE_1820	47	Port Input	1	3611691	121715	NA
S030_DAY1_MINITWICE_1820	48	Picture	endrest	3634175	0	1	10100	2	0	10000
S030_DAY1_MINITWICE_1820	49	Picture	FF	3644775	0	1	43100	2	0	43200
S030_DAY1_MINITWICE_1820	49	Pulse	99	3647692	2917	NA
S030_DAY1_MINITWICE_1820	49	Port Input	1	3647692	2917	NA
S030_DAY1_MINITWICE_1820	49	Response	51	3665897	21122	1
S030_DAY1_MINITWICE_1820	49	Pulse	99	3683693	38918	NA
S030_DAY1_MINITWICE_1820	49	Port Input	1	3683693	38918	NA
S030_DAY1_MINITWICE_1820	49	Picture	43_T_FFTRIAD_FF_pluma_red.png	3687875	43100	1	1900	2	43200	1800
S030_DAY1_MINITWICE_1820	50	Picture	FF	3690175	0	1	43200	2	0	43200
S030_DAY1_MINITWICE_1820	50	Response	51	3717665	27490	1
S030_DAY1_MINITWICE_1820	50	Pulse	99	3719694	29519	NA
S030_DAY1_MINITWICE_1820	50	Port Input	1	3719694	29519	NA
S030_DAY1_MINITWICE_1820	50	Picture	44_T_FFTRIAD_FF_silla_red.png	3733375	43200	1	1899	3	43200	1800
S030_DAY1_MINITWICE_1820	51	Picture	FF	3735675	0	1	43199	2	0	43200
S030_DAY1_MINITWICE_1820	51	Response	52	3755150	19475	1
S030_DAY1_MINITWICE_1820	51	Pulse	99	3755695	20020	NA
S030_DAY1_MINITWICE_1820	51	Port Input	1	3755695	20020	NA
S030_DAY1_MINITWICE_1820	51	Picture	45_T_FFTRIAD_FF_molino_red.png	3778874	43199	1	1900	2	43200	1800
S030_DAY1_MINITWICE_1820	52	Picture	FF	3781174	0	1	43100	2	0	43200
S030_DAY1_MINITWICE_1820	52	Pulse	99	3791696	10522	NA
S030_DAY1_MINITWICE_1820	52	Port Input	1	3791696	10522	NA
S030_DAY1_MINITWICE_1820	52	Response	52	3797191	16017	1
S030_DAY1_MINITWICE_1820	52	Picture	46_T_FFTRIAD_FF_madera_red.png	3824274	43100	1	1900	2	43200	1800
S030_DAY1_MINITWICE_1820	53	Picture	FF	3826574	0	1	43100	2	0	43200
S030_DAY1_MINITWICE_1820	53	Pulse	99	3827697	1123	NA
S030_DAY1_MINITWICE_1820	53	Port Input	1	3827697	1123	NA
S030_DAY1_MINITWICE_1820	53	Response	52	3843871	17297	1
S030_DAY1_MINITWICE_1820	53	Pulse	99	3863698	37124	NA
S030_DAY1_MINITWICE_1820	53	Port Input	1	3863698	37124	NA
S030_DAY1_MINITWICE_1820	53	Picture	47_T_FFTRIAD_FF_raton_red.png	3869674	43100	1	1900	2	43200	1800
S030_DAY1_MINITWICE_1820	54	Picture	FF	3871874	0	1	43199	2	0	43200
S030_DAY1_MINITWICE_1820	54	Response	51	3893180	21306	1
S030_DAY1_MINITWICE_1820	54	Pulse	99	3899699	27825	NA
S030_DAY1_MINITWICE_1820	54	Port Input	1	3899699	27825	NA
S030_DAY1_MINITWICE_1820	54	Picture	48_T_FFTRIAD_FF_leche_red.png	3915073	43199	1	1900	2	43200	1800
S030_DAY1_MINITWICE_1820	55	Picture	FF	3917373	0	1	43100	2	0	43200
S030_DAY1_MINITWICE_1820	55	Response	51	3933054	15681	1
S030_DAY1_MINITWICE_1820	55	Pulse	99	3935700	18327	NA
S030_DAY1_MINITWICE_1820	55	Port Input	1	3935700	18327	NA
S030_DAY1_MINITWICE_1820	55	Picture	49_T_FFTRIAD_FF_martillo_red.png	3960473	43100	1	1900	2	43200	1800
S030_DAY1_MINITWICE_1820	56	Picture	FF	3962773	0	1	43100	2	0	43200
S030_DAY1_MINITWICE_1820	56	Pulse	99	3971701	8928	NA
S030_DAY1_MINITWICE_1820	56	Port Input	1	3971701	8928	NA
S030_DAY1_MINITWICE_1820	56	Response	52	3978599	15826	1
S030_DAY1_MINITWICE_1820	56	Picture	50_T_FFTRIAD_FF_granjero_red.png	4005873	43100	1	1900	2	43200	1800
S030_DAY1_MINITWICE_1820	56	Pulse	99	4007702	44929	NA
S030_DAY1_MINITWICE_1820	56	Port Input	1	4007702	44929	NA
S030_DAY1_MINITWICE_1820	57	Picture	rest	4007873	0	1	144099	2	0	144000
S030_DAY1_MINITWICE_1820	57	Pulse	99	4043703	35830	NA
S030_DAY1_MINITWICE_1820	57	Port Input	1	4043703	35830	NA
S030_DAY1_MINITWICE_1820	57	Pulse	99	4079704	71831	NA
S030_DAY1_MINITWICE_1820	57	Port Input	1	4079704	71831	NA
S030_DAY1_MINITWICE_1820	57	Pulse	99	4115705	107832	NA
S030_DAY1_MINITWICE_1820	57	Port Input	1	4115705	107832	NA
S030_DAY1_MINITWICE_1820	57	Pulse	99	4151706	143833	NA
S030_DAY1_MINITWICE_1820	57	Port Input	1	4151706	143833	NA
S030_DAY1_MINITWICE_1820	58	Picture	endrest	4152072	0	1	10100	2	0	10000
S030_DAY1_MINITWICE_1820	59	Picture	FF	4162572	0	1	43099	3	0	43200
S030_DAY1_MINITWICE_1820	59	Pulse	99	4187707	25135	NA
S030_DAY1_MINITWICE_1820	59	Port Input	1	4187707	25135	NA
S030_DAY1_MINITWICE_1820	59	Response	52	4193635	31063	1
S030_DAY1_MINITWICE_1820	59	Picture	53_T_FFTRIAD_FF_huevos_red.png	4205671	43099	2	1900	3	43200	1800
S030_DAY1_MINITWICE_1820	60	Picture	FF	4207971	0	2	43200	3	0	43200
S030_DAY1_MINITWICE_1820	60	Pulse	99	4223708	15737	NA
S030_DAY1_MINITWICE_1820	60	Port Input	1	4223708	15737	NA
S030_DAY1_MINITWICE_1820	60	Response	51	4240075	32104	1
S030_DAY1_MINITWICE_1820	60	Picture	54_T_FFTRIAD_FF_paracaidas_red.png	4251171	43200	1	1900	2	43200	1800
S030_DAY1_MINITWICE_1820	61	Picture	FF	4253471	0	1	43100	2	0	43200
S030_DAY1_MINITWICE_1820	61	Pulse	99	4259709	6238	NA
S030_DAY1_MINITWICE_1820	61	Port Input	1	4259709	6238	NA
S030_DAY1_MINITWICE_1820	61	Response	52	4273334	19863	1
S030_DAY1_MINITWICE_1820	61	Pulse	99	4295710	42239	NA
S030_DAY1_MINITWICE_1820	61	Port Input	1	4295710	42239	NA
S030_DAY1_MINITWICE_1820	61	Picture	55_T_FFTRIAD_FF_policia_red.png	4296571	43100	1	1900	2	43200	1800
S030_DAY1_MINITWICE_1820	62	Picture	FF	4298871	0	1	43199	3	0	43200
S030_DAY1_MINITWICE_1820	62	Response	51	4315470	16599	1
S030_DAY1_MINITWICE_1820	62	Pulse	99	4331711	32840	NA
S030_DAY1_MINITWICE_1820	62	Port Input	1	4331711	32840	NA
S030_DAY1_MINITWICE_1820	62	Picture	56_T_FFTRIAD_FF_novia_red.png	4342070	43199	2	1900	4	43200	1800
S030_DAY1_MINITWICE_1820	63	Picture	RW	4344470	0	2	43100	3	0	43200
S030_DAY1_MINITWICE_1820	63	Pulse	99	4367712	23242	NA
S030_DAY1_MINITWICE_1820	63	Port Input	1	4367712	23242	NA
S030_DAY1_MINITWICE_1820	63	Response	52	4370722	26252	1
S030_DAY1_MINITWICE_1820	63	Picture	57_T_RWTRIAD_RW_esquimal_red.png	4387570	43100	1	1900	2	43200	1800
S030_DAY1_MINITWICE_1820	64	Picture	RW	4389870	0	1	43100	2	0	43200
S030_DAY1_MINITWICE_1820	64	Pulse	99	4403713	13843	NA
S030_DAY1_MINITWICE_1820	64	Port Input	1	4403713	13843	NA
S030_DAY1_MINITWICE_1820	64	Response	51	4407057	17187	1
S030_DAY1_MINITWICE_1820	64	Picture	58_T_RWTRIAD_RW_pilas_red.png	4432970	43100	1	1900	2	43200	1800
S030_DAY1_MINITWICE_1820	65	Picture	RW	4435270	0	1	43072	42	0	43200
S030_DAY1_MINITWICE_1820	65	Pulse	99	4439714	4444	NA
S030_DAY1_MINITWICE_1820	65	Port Input	1	4439714	4444	NA
S030_DAY1_MINITWICE_1820	65	Pulse	99	4475715	40445	NA
S030_DAY1_MINITWICE_1820	65	Port Input	1	4475715	40445	NA
S030_DAY1_MINITWICE_1820	65	Response	51	4476791	41521	1
S030_DAY1_MINITWICE_1820	65	Picture	59_T_RWTRIAD_RW_novia_red.png	4478342	43072	41	1828	42	43200	1800
S030_DAY1_MINITWICE_1820	66	Picture	RW	4480570	0	1	43199	2	0	43200
S030_DAY1_MINITWICE_1820	66	Response	52	4505332	24762	1
S030_DAY1_MINITWICE_1820	66	Pulse	99	4511716	31146	NA
S030_DAY1_MINITWICE_1820	66	Port Input	1	4511716	31146	NA
S030_DAY1_MINITWICE_1820	66	Picture	60_T_RWTRIAD_RW_martillo_red.png	4523769	43199	1	1900	2	43200	1800
S030_DAY1_MINITWICE_1820	67	Picture	rest	4525769	0	1	144099	2	0	144000
S030_DAY1_MINITWICE_1820	67	Pulse	99	4547717	21948	NA
S030_DAY1_MINITWICE_1820	67	Port Input	1	4547717	21948	NA
S030_DAY1_MINITWICE_1820	67	Pulse	99	4583718	57949	NA
S030_DAY1_MINITWICE_1820	67	Port Input	1	4583718	57949	NA
S030_DAY1_MINITWICE_1820	67	Pulse	99	4619719	93950	NA
S030_DAY1_MINITWICE_1820	67	Port Input	1	4619719	93950	NA
S030_DAY1_MINITWICE_1820	67	Pulse	99	4655720	129951	NA
S030_DAY1_MINITWICE_1820	67	Port Input	1	4655720	129951	NA
S030_DAY1_MINITWICE_1820	68	Picture	endrest	4669968	0	1	10100	2	0	10000
S030_DAY1_MINITWICE_1820	69	Picture	PW	4680568	0	1	43200	2	0	43200
S030_DAY1_MINITWICE_1820	69	Pulse	99	4691721	11153	NA
S030_DAY1_MINITWICE_1820	69	Port Input	1	4691721	11153	NA
S030_DAY1_MINITWICE_1820	69	Response	51	4717657	37089	1
S030_DAY1_MINITWICE_1820	69	Picture	63_T_PWTRIAD_PW_portatil_red.png	4723768	43200	1	1900	2	43200	1800
S030_DAY1_MINITWICE_1820	70	Picture	PW	4726168	0	1	43100	2	0	43200
S030_DAY1_MINITWICE_1820	70	Pulse	99	4727722	1554	NA
S030_DAY1_MINITWICE_1820	70	Port Input	1	4727722	1554	NA
S030_DAY1_MINITWICE_1820	70	Response	51	4743459	17291	1
S030_DAY1_MINITWICE_1820	70	Pulse	99	4763723	37555	NA
S030_DAY1_MINITWICE_1820	70	Port Input	1	4763723	37555	NA
S030_DAY1_MINITWICE_1820	70	Picture	64_T_PWTRIAD_PW_traje_red.png	4769268	43100	1	1900	2	43200	1800
S030_DAY1_MINITWICE_1820	71	Picture	PW	4771768	0	1	43099	2	0	43200
S030_DAY1_MINITWICE_1820	71	Response	51	4787482	15714	2
S030_DAY1_MINITWICE_1820	71	Pulse	99	4799724	27956	NA
S030_DAY1_MINITWICE_1820	71	Port Input	1	4799724	27956	NA
S030_DAY1_MINITWICE_1820	71	Picture	65_T_PWTRIAD_PW_piramide_red.png	4814867	43099	1	1900	2	43200	1800
S030_DAY1_MINITWICE_1820	72	Picture	PW	4817167	0	1	43200	2	0	43200
S030_DAY1_MINITWICE_1820	72	Response	51	4835188	18021	1
S030_DAY1_MINITWICE_1820	72	Pulse	99	4835725	18558	NA
S030_DAY1_MINITWICE_1820	72	Port Input	1	4835725	18558	NA
S030_DAY1_MINITWICE_1820	72	Picture	66_T_PWTRIAD_PW_esquimal_red.png	4860367	43200	1	1900	2	43200	1800
S030_DAY1_MINITWICE_1820	73	Picture	PW	4862567	0	1	43200	2	0	43200
S030_DAY1_MINITWICE_1820	73	Pulse	99	4871726	9159	NA
S030_DAY1_MINITWICE_1820	73	Port Input	1	4871726	9159	NA
S030_DAY1_MINITWICE_1820	73	Response	52	4884006	21439	2
S030_DAY1_MINITWICE_1820	73	Picture	67_T_PWTRIAD_PW_llave_red.png	4905767	43200	1	1900	2	43200	1800
S030_DAY1_MINITWICE_1820	73	Pulse	99	4907727	45160	NA
S030_DAY1_MINITWICE_1820	73	Port Input	1	4907727	45160	NA
S030_DAY1_MINITWICE_1820	74	Picture	PW	4908067	0	1	43099	3	0	43200
S030_DAY1_MINITWICE_1820	74	Response	52	4926903	18836	1
S030_DAY1_MINITWICE_1820	74	Pulse	99	4943728	35661	NA
S030_DAY1_MINITWICE_1820	74	Port Input	1	4943728	35661	NA
S030_DAY1_MINITWICE_1820	74	Picture	68_T_PWTRIAD_PW_bala_red.png	4951166	43099	2	1900	3	43200	1800
S030_DAY1_MINITWICE_1820	75	Picture	PW	4953466	0	1	43100	2	0	43200
S030_DAY1_MINITWICE_1820	75	Pulse	99	4979729	26263	NA
S030_DAY1_MINITWICE_1820	75	Port Input	1	4979729	26263	NA
S030_DAY1_MINITWICE_1820	75	Response	52	4983814	30348	2
S030_DAY1_MINITWICE_1820	75	Picture	69_T_PWTRIAD_PW_raton_red.png	4996566	43100	1	1900	2	43200	1800
S030_DAY1_MINITWICE_1820	76	Picture	PW	4998766	0	1	43100	2	0	43200
S030_DAY1_MINITWICE_1820	76	Pulse	99	5015730	16964	NA
S030_DAY1_MINITWICE_1820	76	Port Input	1	5015730	16964	NA
S030_DAY1_MINITWICE_1820	76	Response	51	5025993	27227	1
S030_DAY1_MINITWICE_1820	76	Picture	70_T_PWTRIAD_PW_huevos_red.png	5041866	43100	1	1900	2	43200	1800
S030_DAY1_MINITWICE_1820	77	Picture	rest	5043866	0	1	144099	2	0	144000
S030_DAY1_MINITWICE_1820	77	Pulse	99	5051731	7865	NA
S030_DAY1_MINITWICE_1820	77	Port Input	1	5051731	7865	NA
S030_DAY1_MINITWICE_1820	77	Pulse	99	5087732	43866	NA
S030_DAY1_MINITWICE_1820	77	Port Input	1	5087732	43866	NA
S030_DAY1_MINITWICE_1820	77	Pulse	99	5123733	79867	NA
S030_DAY1_MINITWICE_1820	77	Port Input	1	5123733	79867	NA
S030_DAY1_MINITWICE_1820	77	Pulse	99	5159734	115868	NA
S030_DAY1_MINITWICE_1820	77	Port Input	1	5159734	115868	NA
S030_DAY1_MINITWICE_1820	78	Picture	endrest	5188065	0	1	10100	2	0	10000
S030_DAY1_MINITWICE_1820	78	Pulse	99	5195735	7670	NA
S030_DAY1_MINITWICE_1820	78	Port Input	1	5195735	7670	NA
S030_DAY1_MINITWICE_1820	79	Picture	PW	5198765	0	1	43099	2	0	43200
S030_DAY1_MINITWICE_1820	79	Response	52	5226968	28203	2
S030_DAY1_MINITWICE_1820	79	Pulse	99	5231736	32971	NA
S030_DAY1_MINITWICE_1820	79	Port Input	1	5231736	32971	NA
S030_DAY1_MINITWICE_1820	79	Picture	73_T_PWTRIAD_PW_pluma_red.png	5241864	43099	1	1900	3	43200	1800
S030_DAY1_MINITWICE_1820	80	Picture	PW	5244264	0	1	43200	2	0	43200
S030_DAY1_MINITWICE_1820	80	Response	52	5263320	19056	1
S030_DAY1_MINITWICE_1820	80	Pulse	99	5267737	23473	NA
S030_DAY1_MINITWICE_1820	80	Port Input	1	5267737	23473	NA
S030_DAY1_MINITWICE_1820	80	Picture	74_T_PWTRIAD_PW_bellota_red.png	5287464	43200	1	1900	2	43200	1800
S030_DAY1_MINITWICE_1820	81	Picture	PW	5289664	0	1	43100	2	0	43200
S030_DAY1_MINITWICE_1820	81	Pulse	99	5303738	14074	NA
S030_DAY1_MINITWICE_1820	81	Port Input	1	5303738	14074	NA
S030_DAY1_MINITWICE_1820	81	Response	52	5310844	21180	2
S030_DAY1_MINITWICE_1820	81	Picture	75_T_PWTRIAD_PW_cuento_red.png	5332764	43100	1	1900	2	43200	1800
S030_DAY1_MINITWICE_1820	82	Picture	PW	5334964	0	1	43199	3	0	43200
S030_DAY1_MINITWICE_1820	82	Pulse	99	5339739	4775	NA
S030_DAY1_MINITWICE_1820	82	Port Input	1	5339739	4775	NA
S030_DAY1_MINITWICE_1820	82	Response	51	5355018	20054	2
S030_DAY1_MINITWICE_1820	82	Pulse	99	5375740	40776	NA
S030_DAY1_MINITWICE_1820	82	Port Input	1	5375740	40776	NA
S030_DAY1_MINITWICE_1820	82	Picture	76_T_PWTRIAD_PW_telefono_red.png	5378163	43199	2	1900	4	43200	1800
S030_DAY1_MINITWICE_1820	83	Picture	FF	5380363	0	2	43200	3	0	43200
S030_DAY1_MINITWICE_1820	83	Response	51	5397250	16887	1
S030_DAY1_MINITWICE_1820	83	Pulse	99	5411741	31378	NA
S030_DAY1_MINITWICE_1820	83	Port Input	1	5411741	31378	NA
S030_DAY1_MINITWICE_1820	83	Picture	77_T_FFTRIAD_FF_arco_red.png	5423563	43200	1	1900	2	43200	1800
S030_DAY1_MINITWICE_1820	84	Picture	FF	5425863	0	1	43100	2	0	43200
S030_DAY1_MINITWICE_1820	84	Response	52	5444399	18536	1
S030_DAY1_MINITWICE_1820	84	Pulse	99	5447742	21879	NA
S030_DAY1_MINITWICE_1820	84	Port Input	1	5447742	21879	NA
S030_DAY1_MINITWICE_1820	84	Picture	78_T_FFTRIAD_FF_queso_red.png	5468963	43100	1	1900	2	43200	1800
S030_DAY1_MINITWICE_1820	85	Picture	FF	5471263	0	1	43100	2	0	43200
S030_DAY1_MINITWICE_1820	85	Pulse	99	5483742	12479	NA
S030_DAY1_MINITWICE_1820	85	Port Input	1	5483742	12479	NA
S030_DAY1_MINITWICE_1820	85	Response	52	5485702	14439	1
S030_DAY1_MINITWICE_1820	85	Picture	79_T_FFTRIAD_FF_pilas_red.png	5514363	43100	1	1899	3	43200	1800
S030_DAY1_MINITWICE_1820	86	Picture	FF	5516663	0	1	43099	2	0	43200
S030_DAY1_MINITWICE_1820	86	Pulse	99	5519744	3081	NA
S030_DAY1_MINITWICE_1820	86	Port Input	1	5519744	3081	NA
S030_DAY1_MINITWICE_1820	86	Response	51	5534261	17598	1
S030_DAY1_MINITWICE_1820	86	Pulse	99	5555744	39081	NA
S030_DAY1_MINITWICE_1820	86	Port Input	1	5555744	39081	NA
S030_DAY1_MINITWICE_1820	86	Picture	80_T_FFTRIAD_FF_piramide_red.png	5559762	43099	1	1900	2	43200	1800
S030_DAY1_MINITWICE_1820	87	Picture	rest	5561762	0	1	144099	2	0	144000
S030_DAY1_MINITWICE_1820	87	Pulse	99	5591745	29983	NA
S030_DAY1_MINITWICE_1820	87	Port Input	1	5591745	29983	NA
S030_DAY1_MINITWICE_1820	87	Pulse	99	5627746	65984	NA
S030_DAY1_MINITWICE_1820	87	Port Input	1	5627746	65984	NA
S030_DAY1_MINITWICE_1820	87	Pulse	99	5663747	101985	NA
S030_DAY1_MINITWICE_1820	87	Port Input	1	5663747	101985	NA
S030_DAY1_MINITWICE_1820	87	Pulse	99	5699748	137986	NA
S030_DAY1_MINITWICE_1820	87	Port Input	1	5699748	137986	NA
S030_DAY1_MINITWICE_1820	88	Picture	endrest	5705961	0	1	10100	2	0	10000
S030_DAY1_MINITWICE_1820	89	Picture	PW	5716361	0	1	43200	2	0	43200
S030_DAY1_MINITWICE_1820	89	Pulse	99	5735749	19388	NA
S030_DAY1_MINITWICE_1820	89	Port Input	1	5735749	19388	NA
S030_DAY1_MINITWICE_1820	89	Response	52	5743819	27458	1
S030_DAY1_MINITWICE_1820	89	Picture	83_T_PWTRIAD_PW_cinturon_red.png	5759561	43200	1	1900	2	43200	1800
S030_DAY1_MINITWICE_1820	90	Picture	PW	5761960	0	3	43101	4	0	43200
S030_DAY1_MINITWICE_1820	90	Pulse	99	5771750	9790	NA
S030_DAY1_MINITWICE_1820	90	Port Input	1	5771750	9790	NA
S030_DAY1_MINITWICE_1820	90	Response	51	5779160	17200	1
S030_DAY1_MINITWICE_1820	90	Picture	84_T_PWTRIAD_PW_murcielago_red.png	5805061	43101	1	1899	3	43200	1800
S030_DAY1_MINITWICE_1820	91	Picture	PW	5807260	0	3	43200	4	0	43200
S030_DAY1_MINITWICE_1820	91	Pulse	99	5807751	491	NA
S030_DAY1_MINITWICE_1820	91	Port Input	1	5807751	491	NA
S030_DAY1_MINITWICE_1820	91	Response	52	5832274	25014	1
S030_DAY1_MINITWICE_1820	91	Pulse	99	5843753	36493	NA
S030_DAY1_MINITWICE_1820	91	Port Input	1	5843753	36493	NA
S030_DAY1_MINITWICE_1820	91	Picture	85_T_PWTRIAD_PW_estetoscopio_red.png	5850460	43200	1	1900	3	43200	1800
S030_DAY1_MINITWICE_1820	92	Picture	PW	5852860	0	2	43199	5	0	43200
S030_DAY1_MINITWICE_1820	92	Response	51	5875491	22631	1
S030_DAY1_MINITWICE_1820	92	Pulse	99	5879753	26893	NA
S030_DAY1_MINITWICE_1820	92	Port Input	1	5879753	26893	NA
S030_DAY1_MINITWICE_1820	92	Picture	86_T_PWTRIAD_PW_sapo_red.png	5896059	43199	3	1901	4	43200	1800
S030_DAY1_MINITWICE_1820	93	Picture	PW	5898459	0	3	43201	4	0	43200
S030_DAY1_MINITWICE_1820	93	Pulse	99	5915754	17295	NA
S030_DAY1_MINITWICE_1820	93	Port Input	1	5915754	17295	NA
S030_DAY1_MINITWICE_1820	93	Response	51	5920885	22426	1
S030_DAY1_MINITWICE_1820	93	Picture	87_T_PWTRIAD_PW_pincel_red.png	5941660	43201	1	1899	3	43200	1800
S030_DAY1_MINITWICE_1820	94	Picture	PW	5943859	0	2	43100	3	0	43200
S030_DAY1_MINITWICE_1820	94	Pulse	99	5951755	7896	NA
S030_DAY1_MINITWICE_1820	94	Port Input	1	5951755	7896	NA
S030_DAY1_MINITWICE_1820	94	Response	51	5972810	28951	1
S030_DAY1_MINITWICE_1820	94	Picture	88_T_PWTRIAD_PW_lechuga_red.png	5986959	43100	1	1900	2	43200	1800
S030_DAY1_MINITWICE_1820	94	Pulse	99	5987756	43897	NA
S030_DAY1_MINITWICE_1820	94	Port Input	1	5987756	43897	NA
S030_DAY1_MINITWICE_1820	95	Picture	PW	5989458	0	3	43201	4	0	43200
S030_DAY1_MINITWICE_1820	95	Response	52	6022704	33246	1
S030_DAY1_MINITWICE_1820	95	Pulse	99	6023757	34299	NA
S030_DAY1_MINITWICE_1820	95	Port Input	1	6023757	34299	NA
S030_DAY1_MINITWICE_1820	95	Picture	89_T_PWTRIAD_PW_zanahoria_red.png	6032659	43201	1	1900	2	43200	1800
S030_DAY1_MINITWICE_1820	96	Picture	PW	6034958	0	2	43201	3	0	43200
S030_DAY1_MINITWICE_1820	96	Response	51	6053094	18136	1
S030_DAY1_MINITWICE_1820	96	Pulse	99	6059758	24800	NA
S030_DAY1_MINITWICE_1820	96	Port Input	1	6059758	24800	NA
S030_DAY1_MINITWICE_1820	96	Picture	90_T_PWTRIAD_PW_paracaidas_red.png	6078159	43201	1	1900	2	43200	1800
S030_DAY1_MINITWICE_1820	97	Picture	rest	6080159	0	1	144099	2	0	144000
S030_DAY1_MINITWICE_1820	97	Pulse	99	6095759	15600	NA
S030_DAY1_MINITWICE_1820	97	Port Input	1	6095759	15600	NA
S030_DAY1_MINITWICE_1820	97	Pulse	99	6131760	51601	NA
S030_DAY1_MINITWICE_1820	97	Port Input	1	6131760	51601	NA
S030_DAY1_MINITWICE_1820	97	Pulse	99	6167761	87602	NA
S030_DAY1_MINITWICE_1820	97	Port Input	1	6167761	87602	NA
S030_DAY1_MINITWICE_1820	97	Pulse	99	6203762	123603	NA
S030_DAY1_MINITWICE_1820	97	Port Input	1	6203762	123603	NA
S030_DAY1_MINITWICE_1820	98	Picture	endrest	6224358	0	1	10100	2	0	10000
S030_DAY1_MINITWICE_1820	99	Picture	FF	6234858	0	1	43099	2	0	43200
S030_DAY1_MINITWICE_1820	99	Pulse	99	6239763	4905	NA
S030_DAY1_MINITWICE_1820	99	Port Input	1	6239763	4905	NA
S030_DAY1_MINITWICE_1820	99	Response	51	6250293	15435	1
S030_DAY1_MINITWICE_1820	99	Pulse	99	6275764	40906	NA
S030_DAY1_MINITWICE_1820	99	Port Input	1	6275764	40906	NA
S030_DAY1_MINITWICE_1820	99	Picture	93_T_FFTRIAD_FF_ancla_red.png	6277957	43099	1	1900	2	43200	1800
S030_DAY1_MINITWICE_1820	100	Picture	FF	6280257	0	1	43100	2	0	43200
S030_DAY1_MINITWICE_1820	100	Response	52	6300175	19918	2
S030_DAY1_MINITWICE_1820	100	Pulse	99	6311765	31508	NA
S030_DAY1_MINITWICE_1820	100	Port Input	1	6311765	31508	NA
S030_DAY1_MINITWICE_1820	100	Picture	94_T_FFTRIAD_FF_chupete_red.png	6323357	43100	1	1900	2	43200	1800
S030_DAY1_MINITWICE_1820	101	Picture	FF	6325657	0	1	43100	2	0	43200
S030_DAY1_MINITWICE_1820	101	Response	51	6346193	20536	1
S030_DAY1_MINITWICE_1820	101	Pulse	99	6347766	22109	NA
S030_DAY1_MINITWICE_1820	101	Port Input	1	6347766	22109	NA
S030_DAY1_MINITWICE_1820	101	Picture	95_T_FFTRIAD_FF_teclado_red.png	6368757	43100	1	1900	2	43200	1800
S030_DAY1_MINITWICE_1820	102	Picture	FF	6371057	0	1	43199	3	0	43200
S030_DAY1_MINITWICE_1820	102	Pulse	99	6383767	12710	NA
S030_DAY1_MINITWICE_1820	102	Port Input	1	6383767	12710	NA
S030_DAY1_MINITWICE_1820	102	Response	51	6385929	14872	1
S030_DAY1_MINITWICE_1820	102	Picture	96_T_FFTRIAD_FF_tijera_red.png	6414256	43199	2	1900	4	43200	1800
S030_DAY1_MINITWICE_1820	103	Picture	FF	6416556	0	2	43200	3	0	43200
S030_DAY1_MINITWICE_1820	103	Pulse	99	6419768	3212	NA
S030_DAY1_MINITWICE_1820	103	Port Input	1	6419768	3212	NA
S030_DAY1_MINITWICE_1820	103	Response	51	6444012	27456	1
S030_DAY1_MINITWICE_1820	103	Pulse	99	6455769	39213	NA
S030_DAY1_MINITWICE_1820	103	Port Input	1	6455769	39213	NA
S030_DAY1_MINITWICE_1820	103	Picture	97_T_FFTRIAD_FF_plato_red.png	6459756	43200	1	1900	2	43200	1800
S030_DAY1_MINITWICE_1820	104	Picture	FF	6462056	0	1	43200	2	0	43200
S030_DAY1_MINITWICE_1820	104	Response	51	6476075	14019	1
S030_DAY1_MINITWICE_1820	104	Pulse	99	6491770	29714	NA
S030_DAY1_MINITWICE_1820	104	Port Input	1	6491770	29714	NA
S030_DAY1_MINITWICE_1820	104	Picture	98_T_FFTRIAD_FF_lechuga_red.png	6505256	43200	1	1900	2	43200	1800
S030_DAY1_MINITWICE_1820	105	Picture	FF	6507456	0	1	43200	2	0	43200
S030_DAY1_MINITWICE_1820	105	Pulse	99	6527771	20315	NA
S030_DAY1_MINITWICE_1820	105	Port Input	1	6527771	20315	NA
S030_DAY1_MINITWICE_1820	105	Response	52	6531059	23603	1
S030_DAY1_MINITWICE_1820	105	Picture	99_T_FFTRIAD_FF_carruaje_red.png	6550656	43200	1	1899	3	43200	1800
S030_DAY1_MINITWICE_1820	106	Picture	FF	6552855	0	2	43200	3	0	43200
S030_DAY1_MINITWICE_1820	106	Pulse	99	6563772	10917	NA
S030_DAY1_MINITWICE_1820	106	Port Input	1	6563772	10917	NA
S030_DAY1_MINITWICE_1820	106	Response	52	6565273	12418	1
S030_DAY1_MINITWICE_1820	106	Picture	100_T_FFTRIAD_FF_cerillas_red.png	6596055	43200	1	1900	2	43200	1800
S030_DAY1_MINITWICE_1820	107	Picture	rest	6598055	0	1	144099	2	0	144000
S030_DAY1_MINITWICE_1820	107	Pulse	99	6599773	1718	NA
S030_DAY1_MINITWICE_1820	107	Port Input	1	6599773	1718	NA
S030_DAY1_MINITWICE_1820	107	Pulse	99	6635774	37719	NA
S030_DAY1_MINITWICE_1820	107	Port Input	1	6635774	37719	NA
S030_DAY1_MINITWICE_1820	107	Pulse	99	6671775	73720	NA
S030_DAY1_MINITWICE_1820	107	Port Input	1	6671775	73720	NA
S030_DAY1_MINITWICE_1820	107	Pulse	99	6707776	109721	NA
S030_DAY1_MINITWICE_1820	107	Port Input	1	6707776	109721	NA
S030_DAY1_MINITWICE_1820	108	Picture	endrest	6742254	0	1	10100	2	0	10000
S030_DAY1_MINITWICE_1820	108	Pulse	99	6743777	1523	NA
S030_DAY1_MINITWICE_1820	108	Port Input	1	6743777	1523	NA
S030_DAY1_MINITWICE_1820	109	Picture	RW	6752954	0	1	43100	2	0	43200
S030_DAY1_MINITWICE_1820	109	Response	52	6771329	18375	1
S030_DAY1_MINITWICE_1820	109	Pulse	99	6779778	26824	NA
S030_DAY1_MINITWICE_1820	109	Port Input	1	6779778	26824	NA
S030_DAY1_MINITWICE_1820	109	Picture	103_T_RWTRIAD_RW_cuento_red.png	6796054	43100	1	1900	2	43200	1800
S030_DAY1_MINITWICE_1820	110	Picture	RW	6798354	0	1	43100	2	0	43200
S030_DAY1_MINITWICE_1820	110	Pulse	99	6815779	17425	NA
S030_DAY1_MINITWICE_1820	110	Port Input	1	6815779	17425	NA
S030_DAY1_MINITWICE_1820	110	Response	51	6823930	25576	2
S030_DAY1_MINITWICE_1820	110	Picture	104_T_RWTRIAD_RW_lechuga_red.png	6841454	43100	1	1900	2	43200	1800
S030_DAY1_MINITWICE_1820	111	Picture	RW	6843653	0	2	43200	3	0	43200
S030_DAY1_MINITWICE_1820	111	Pulse	99	6851780	8127	NA
S030_DAY1_MINITWICE_1820	111	Port Input	1	6851780	8127	NA
S030_DAY1_MINITWICE_1820	111	Response	52	6859712	16059	1
S030_DAY1_MINITWICE_1820	111	Picture	105_T_RWTRIAD_RW_paraguas_red.png	6886853	43200	1	1900	2	43200	1800
S030_DAY1_MINITWICE_1820	111	Pulse	99	6887781	44128	NA
S030_DAY1_MINITWICE_1820	111	Port Input	1	6887781	44128	NA
S030_DAY1_MINITWICE_1820	112	Picture	RW	6889153	0	1	43100	2	0	43200
S030_DAY1_MINITWICE_1820	112	Response	51	6909165	20012	1
S030_DAY1_MINITWICE_1820	112	Pulse	99	6923782	34629	NA
S030_DAY1_MINITWICE_1820	112	Port Input	1	6923782	34629	NA
S030_DAY1_MINITWICE_1820	112	Picture	106_T_RWTRIAD_RW_manos_red.png	6932253	43100	1	1900	2	43200	1800
S030_DAY1_MINITWICE_1820	113	Picture	RW	6934553	0	1	43200	2	0	43200
S030_DAY1_MINITWICE_1820	113	Pulse	99	6959783	25230	NA
S030_DAY1_MINITWICE_1820	113	Port Input	1	6959783	25230	NA
S030_DAY1_MINITWICE_1820	113	Response	52	6965474	30921	1
S030_DAY1_MINITWICE_1820	113	Picture	107_T_RWTRIAD_RW_raton_red.png	6977753	43200	1	1900	2	43200	1800
S030_DAY1_MINITWICE_1820	114	Picture	RW	6980253	0	1	43099	2	0	43200
S030_DAY1_MINITWICE_1820	114	Pulse	99	6995784	15531	NA
S030_DAY1_MINITWICE_1820	114	Port Input	1	6995784	15531	NA
S030_DAY1_MINITWICE_1820	114	Response	51	6998856	18603	2
S030_DAY1_MINITWICE_1820	114	Picture	108_T_RWTRIAD_RW_traje_red.png	7023352	43099	1	1900	2	43200	1800
S030_DAY1_MINITWICE_1820	115	Picture	RW	7025652	0	1	43100	2	0	43200
S030_DAY1_MINITWICE_1820	115	Pulse	99	7031785	6133	NA
S030_DAY1_MINITWICE_1820	115	Port Input	1	7031785	6133	NA
S030_DAY1_MINITWICE_1820	115	Response	51	7044699	19047	2
S030_DAY1_MINITWICE_1820	115	Pulse	99	7067786	42134	NA
S030_DAY1_MINITWICE_1820	115	Port Input	1	7067786	42134	NA
S030_DAY1_MINITWICE_1820	115	Picture	109_T_RWTRIAD_RW_portatil_red.png	7068752	43100	1	1900	2	43200	1800
S030_DAY1_MINITWICE_1820	116	Picture	RW	7071052	0	1	43200	2	0	43200
S030_DAY1_MINITWICE_1820	116	Pulse	99	7103787	32735	NA
S030_DAY1_MINITWICE_1820	116	Port Input	1	7103787	32735	NA
S030_DAY1_MINITWICE_1820	116	Response	51	7112272	41220	1
S030_DAY1_MINITWICE_1820	116	Picture	110_T_RWTRIAD_RW_piramide_red.png	7114252	43200	1	1900	2	43200	1800
S030_DAY1_MINITWICE_1820	117	Picture	rest	7116252	0	1	144099	2	0	144000
S030_DAY1_MINITWICE_1820	118	Picture	endrest	7260451	0	1	10100	2	0	10000
S030_DAY1_MINITWICE_1820	119	Picture	RW	7270851	0	1	43199	2	0	43200
S030_DAY1_MINITWICE_1820	119	Response	52	7291703	20852	5
S030_DAY1_MINITWICE_1820	119	Picture	113_T_RWTRIAD_RW_agua_red.png	7314050	43199	1	1900	2	43200	1800
S030_DAY1_MINITWICE_1820	120	Picture	RW	7316350	0	1	43100	2	0	43200
S030_DAY1_MINITWICE_1820	120	Response	51	7333173	16823	1
S030_DAY1_MINITWICE_1820	120	Picture	114_T_RWTRIAD_RW_madera_red.png	7359450	43100	1	1900	2	43200	1800
S030_DAY1_MINITWICE_1820	121	Picture	RW	7361950	0	1	43100	2	0	43200
S030_DAY1_MINITWICE_1820	121	Response	51	7388440	26490	1
S030_DAY1_MINITWICE_1820	121	Picture	115_T_RWTRIAD_RW_ascensor_red.png	7405050	43100	1	1900	2	43200	1800
S030_DAY1_MINITWICE_1820	122	Picture	RW	7407450	0	1	43099	3	0	43200
S030_DAY1_MINITWICE_1820	122	Response	51	7426757	19307	1
S030_DAY1_MINITWICE_1820	122	Picture	116_T_RWTRIAD_RW_dedal_red.png	7450549	43099	2	1900	4	43200	1800
S030_DAY1_MINITWICE_1820	123	Picture	PW	7452849	0	1	43100	2	0	43200
S030_DAY1_MINITWICE_1820	123	Response	51	7481087	28238	2
S030_DAY1_MINITWICE_1820	123	Picture	117_T_PWTRIAD_PW_sombrilla_red.png	7495949	43100	1	1900	2	43200	1800
S030_DAY1_MINITWICE_1820	124	Picture	PW	7498149	0	1	43167	43	0	43200
S030_DAY1_MINITWICE_1820	124	Response	52	7516083	17934	1
S030_DAY1_MINITWICE_1820	124	Picture	118_T_PWTRIAD_PW_candado_red.png	7541316	43167	42	1833	43	43200	1800
S030_DAY1_MINITWICE_1820	125	Picture	PW	7543549	0	1	43099	3	0	43200
S030_DAY1_MINITWICE_1820	125	Response	52	7563377	19828	1
S030_DAY1_MINITWICE_1820	125	Picture	119_T_PWTRIAD_PW_grapadora_red.png	7586648	43099	2	1900	4	43200	1800
S030_DAY1_MINITWICE_1820	126	Picture	PW	7588948	0	2	43100	3	0	43200
S030_DAY1_MINITWICE_1820	126	Response	51	7609454	20506	1
S030_DAY1_MINITWICE_1820	126	Picture	120_T_PWTRIAD_PW_carruaje_red.png	7632048	43100	1	1900	2	43200	1800
S030_DAY1_MINITWICE_1820	127	Picture	rest	7634048	0	1	144099	2	0	144000
S030_DAY1_MINITWICE_1820	128	Picture	endrest	7778247	0	1	10100	2	0	10000
S030_DAY1_MINITWICE_1820	129	Picture	RW	7788947	0	1	43200	2	0	43200
S030_DAY1_MINITWICE_1820	129	Response	51	7816291	27344	1
S030_DAY1_MINITWICE_1820	129	Picture	123_T_RWTRIAD_RW_cortina_red.png	7832147	43200	1	1900	2	43200	1800
S030_DAY1_MINITWICE_1820	130	Picture	RW	7834347	0	1	43199	3	0	43200
S030_DAY1_MINITWICE_1820	130	Response	51	7861832	27485	1
S030_DAY1_MINITWICE_1820	130	Picture	124_T_RWTRIAD_RW_perro_red.png	7877546	43199	2	1900	4	43200	1800
S030_DAY1_MINITWICE_1820	131	Picture	RW	7879947	0	1	43099	2	0	43200
S030_DAY1_MINITWICE_1820	131	Response	52	7894991	15044	1
S030_DAY1_MINITWICE_1820	131	Picture	125_T_RWTRIAD_RW_gafas_red.png	7923046	43099	1	1900	2	43200	1800
S030_DAY1_MINITWICE_1820	132	Picture	RW	7925346	0	1	43200	2	0	43200
S030_DAY1_MINITWICE_1820	132	Response	51	7947228	21882	1
S030_DAY1_MINITWICE_1820	132	Picture	126_T_RWTRIAD_RW_banera_red.png	7968546	43200	1	1900	2	43200	1800
S030_DAY1_MINITWICE_1820	133	Picture	RW	7970846	0	1	43200	2	0	43200
S030_DAY1_MINITWICE_1820	133	Response	51	7991808	20962	1
S030_DAY1_MINITWICE_1820	133	Picture	127_T_RWTRIAD_RW_pizarra_red.png	8014046	43200	1	1900	2	43200	1800
S030_DAY1_MINITWICE_1820	134	Picture	RW	8016346	0	1	43099	2	0	43200
S030_DAY1_MINITWICE_1820	134	Response	51	8043236	26890	81
S030_DAY1_MINITWICE_1820	134	Picture	128_T_RWTRIAD_RW_estetoscopio_red.png	8059445	43099	1	1900	2	43200	1800
S030_DAY1_MINITWICE_1820	135	Picture	RW	8061745	0	1	43100	2	0	43200
S030_DAY1_MINITWICE_1820	135	Response	51	8080071	18326	1
S030_DAY1_MINITWICE_1820	135	Picture	129_T_RWTRIAD_RW_granjero_red.png	8104845	43100	1	1900	2	43200	1800
S030_DAY1_MINITWICE_1820	136	Picture	RW	8107145	0	1	43100	2	0	43200
S030_DAY1_MINITWICE_1820	136	Response	52	8126457	19312	1
S030_DAY1_MINITWICE_1820	136	Picture	130_T_RWTRIAD_RW_sapo_red.png	8150245	43100	1	1900	2	43200	1800
S030_DAY1_MINITWICE_1820	137	Picture	rest	8152245	0	1	144099	2	0	144000
S030_DAY1_MINITWICE_1820	138	Picture	endrest	8296444	0	1	10100	2	0	10000
S030_DAY1_MINITWICE_1820	139	Picture	RW	8306944	0	1	43099	2	0	43200
S030_DAY1_MINITWICE_1820	139	Response	52	8323120	16176	1
S030_DAY1_MINITWICE_1820	139	Picture	133_T_RWTRIAD_RW_monja_red.png	8350043	43099	1	1900	3	43200	1800
S030_DAY1_MINITWICE_1820	140	Picture	RW	8352143	0	2	43200	3	0	43200
S030_DAY1_MINITWICE_1820	140	Response	52	8366554	14411	1
S030_DAY1_MINITWICE_1820	140	Picture	134_T_RWTRIAD_RW_futbol_red.png	8395343	43200	1	1900	2	43200	1800
S030_DAY1_MINITWICE_1820	141	Picture	RW	8397743	0	1	43099	3	0	43200
S030_DAY1_MINITWICE_1820	141	Response	51	8429216	31473	1
S030_DAY1_MINITWICE_1820	141	Picture	135_T_RWTRIAD_RW_policia_red.png	8440842	43099	2	1901	3	43200	1800
S030_DAY1_MINITWICE_1820	142	Picture	RW	8443142	0	2	43100	4	0	43200
S030_DAY1_MINITWICE_1820	142	Response	52	8461081	17939	3
S030_DAY1_MINITWICE_1820	142	Picture	136_T_RWTRIAD_RW_arbol_red.png	8486242	43100	2	1900	3	43200	1800
S030_DAY1_MINITWICE_1820	143	Picture	rest	8488242	0	1	144099	3	0	144000
S030_DAY1_MINITWICE_1820	144	Picture	endrest	8632441	0	2	10100	3	0	10000
S030_DAY1_MINITWICE_1820	145	Picture	endrest	8642641	0	1	10100	2	0	10000
S030_DAY1_MINITWICE_1820	146	Picture	endrest	8652841	0	1	10100	2	0	10000
S030_DAY1_MINITWICE_1820	147	Picture	endrest	8663041	0	1	10100	2	0	10000
