Scenario - vOT_Triads_fMRI_I
Logfile written - 03/23/2016 12:31:06

Subject	Trial	Event Type	Code	Time	TTime	Uncertainty	Duration	Uncertainty	ReqTime	ReqDur

S030_DAY2_MINITWICE_1820	1	Response	98	29906	39706	1
S030_DAY2_MINITWICE_1820	2	Response	52	143893	113894	2
S030_DAY2_MINITWICE_1820	2	Response	98	160376	130377	1
S030_DAY2_MINITWICE_1820	3	Response	51	218097	57699	1
S030_DAY2_MINITWICE_1820	3	Response	98	252290	91892	2
S030_DAY2_MINITWICE_1820	4	Response	52	329830	77433	1
S030_DAY2_MINITWICE_1820	4	Response	98	345808	93411	2
S030_DAY2_MINITWICE_1820	6	Pulse	99	587185	241288	NA
S030_DAY2_MINITWICE_1820	6	Port Input	1	587185	241288	NA
S030_DAY2_MINITWICE_1820	6	Pulse	99	623186	277289	NA
S030_DAY2_MINITWICE_1820	6	Port Input	1	623186	277289	NA
S030_DAY2_MINITWICE_1820	6	Pulse	99	659187	313290	NA
S030_DAY2_MINITWICE_1820	6	Port Input	1	659187	313290	NA
S030_DAY2_MINITWICE_1820	6	Pulse	99	695188	349291	NA
S030_DAY2_MINITWICE_1820	6	Port Input	1	695188	349291	NA
S030_DAY2_MINITWICE_1820	6	Pulse	99	731189	385292	NA
S030_DAY2_MINITWICE_1820	6	Port Input	1	731189	385292	NA
S030_DAY2_MINITWICE_1820	7	Picture	rest	731394	0	1	144099	2	0	144000
S030_DAY2_MINITWICE_1820	7	Pulse	99	767190	35796	NA
S030_DAY2_MINITWICE_1820	7	Port Input	1	767190	35796	NA
S030_DAY2_MINITWICE_1820	7	Pulse	99	803191	71797	NA
S030_DAY2_MINITWICE_1820	7	Port Input	1	803191	71797	NA
S030_DAY2_MINITWICE_1820	7	Pulse	99	839191	107797	NA
S030_DAY2_MINITWICE_1820	7	Port Input	1	839191	107797	NA
S030_DAY2_MINITWICE_1820	7	Pulse	99	875192	143798	NA
S030_DAY2_MINITWICE_1820	7	Port Input	1	875192	143798	NA
S030_DAY2_MINITWICE_1820	8	Picture	endrest	875593	0	1	10100	2	0	10000
S030_DAY2_MINITWICE_1820	9	Picture	PW	885993	0	1	43200	2	0	43200
S030_DAY2_MINITWICE_1820	9	Response	52	906439	20446	1
S030_DAY2_MINITWICE_1820	9	Pulse	99	911193	25200	NA
S030_DAY2_MINITWICE_1820	9	Port Input	1	911193	25200	NA
S030_DAY2_MINITWICE_1820	9	Picture	3_T_PWTRIAD_PW_sobre_red.png	929193	43200	1	1900	2	43200	1800
S030_DAY2_MINITWICE_1820	10	Picture	PW	931493	0	1	43100	2	0	43200
S030_DAY2_MINITWICE_1820	10	Pulse	99	947194	15701	NA
S030_DAY2_MINITWICE_1820	10	Port Input	1	947194	15701	NA
S030_DAY2_MINITWICE_1820	10	Response	52	961380	29887	1
S030_DAY2_MINITWICE_1820	10	Picture	4_T_PWTRIAD_PW_tijera_red.png	974593	43100	1	1900	2	43200	1800
S030_DAY2_MINITWICE_1820	11	Picture	PW	976893	0	1	43199	2	0	43200
S030_DAY2_MINITWICE_1820	11	Pulse	99	983195	6302	NA
S030_DAY2_MINITWICE_1820	11	Port Input	1	983195	6302	NA
S030_DAY2_MINITWICE_1820	11	Response	52	1010876	33983	1
S030_DAY2_MINITWICE_1820	11	Pulse	99	1019196	42303	NA
S030_DAY2_MINITWICE_1820	11	Port Input	1	1019196	42303	NA
S030_DAY2_MINITWICE_1820	11	Picture	5_T_PWTRIAD_PW_cerillas_red.png	1020092	43199	1	1900	2	43200	1800
S030_DAY2_MINITWICE_1820	12	Picture	PW	1022392	0	1	43100	2	0	43200
S030_DAY2_MINITWICE_1820	12	Pulse	99	1055197	32805	NA
S030_DAY2_MINITWICE_1820	12	Port Input	1	1055197	32805	NA
S030_DAY2_MINITWICE_1820	12	Response	51	1061513	39121	1
S030_DAY2_MINITWICE_1820	12	Picture	6_T_PWTRIAD_PW_arbol_red.png	1065492	43100	1	1900	2	43200	1800
S030_DAY2_MINITWICE_1820	13	Picture	FF	1067792	0	1	43100	2	0	43200
S030_DAY2_MINITWICE_1820	13	Response	52	1087426	19634	1
S030_DAY2_MINITWICE_1820	13	Pulse	99	1091198	23406	NA
S030_DAY2_MINITWICE_1820	13	Port Input	1	1091198	23406	NA
S030_DAY2_MINITWICE_1820	13	Picture	7_T_FFTRIAD_FF_pizarra_red.png	1110892	43100	1	1900	2	43200	1800
S030_DAY2_MINITWICE_1820	14	Picture	FF	1113092	0	1	43199	2	0	43200
S030_DAY2_MINITWICE_1820	14	Pulse	99	1127199	14107	NA
S030_DAY2_MINITWICE_1820	14	Port Input	1	1127199	14107	NA
S030_DAY2_MINITWICE_1820	14	Response	52	1129476	16384	1
S030_DAY2_MINITWICE_1820	14	Picture	8_T_FFTRIAD_FF_cinturon_red.png	1156291	43199	1	1900	2	43200	1800
S030_DAY2_MINITWICE_1820	15	Picture	FF	1158491	0	1	43200	2	0	43200
S030_DAY2_MINITWICE_1820	15	Pulse	99	1163200	4709	NA
S030_DAY2_MINITWICE_1820	15	Port Input	1	1163200	4709	NA
S030_DAY2_MINITWICE_1820	15	Response	52	1172862	14371	1
S030_DAY2_MINITWICE_1820	15	Pulse	99	1199201	40710	NA
S030_DAY2_MINITWICE_1820	15	Port Input	1	1199201	40710	NA
S030_DAY2_MINITWICE_1820	15	Picture	9_T_FFTRIAD_FF_banera_red.png	1201691	43200	1	1900	2	43200	1800
S030_DAY2_MINITWICE_1820	16	Picture	FF	1203891	0	1	43200	2	0	43200
S030_DAY2_MINITWICE_1820	16	Response	52	1227936	24045	1
S030_DAY2_MINITWICE_1820	16	Pulse	99	1235202	31311	NA
S030_DAY2_MINITWICE_1820	16	Port Input	1	1235202	31311	NA
S030_DAY2_MINITWICE_1820	16	Picture	10_T_FFTRIAD_FF_monja_red.png	1247091	43200	1	1900	2	43200	1800
S030_DAY2_MINITWICE_1820	17	Picture	rest	1249091	0	1	144099	2	0	144000
S030_DAY2_MINITWICE_1820	17	Pulse	99	1271203	22112	NA
S030_DAY2_MINITWICE_1820	17	Port Input	1	1271203	22112	NA
S030_DAY2_MINITWICE_1820	17	Pulse	99	1307204	58113	NA
S030_DAY2_MINITWICE_1820	17	Port Input	1	1307204	58113	NA
S030_DAY2_MINITWICE_1820	17	Pulse	99	1343205	94114	NA
S030_DAY2_MINITWICE_1820	17	Port Input	1	1343205	94114	NA
S030_DAY2_MINITWICE_1820	17	Pulse	99	1379206	130115	NA
S030_DAY2_MINITWICE_1820	17	Port Input	1	1379206	130115	NA
S030_DAY2_MINITWICE_1820	18	Picture	endrest	1393290	0	1	10100	2	0	10000
S030_DAY2_MINITWICE_1820	19	Picture	PW	1403690	0	1	43199	3	0	43200
S030_DAY2_MINITWICE_1820	19	Pulse	99	1415207	11517	NA
S030_DAY2_MINITWICE_1820	19	Port Input	1	1415207	11517	NA
S030_DAY2_MINITWICE_1820	19	Response	51	1437022	33332	1
S030_DAY2_MINITWICE_1820	19	Picture	13_T_PWTRIAD_PW_madera_red.png	1446889	43199	2	1900	4	43200	1800
S030_DAY2_MINITWICE_1820	20	Picture	PW	1449089	0	2	43200	3	0	43200
S030_DAY2_MINITWICE_1820	20	Pulse	99	1451208	2119	NA
S030_DAY2_MINITWICE_1820	20	Port Input	1	1451208	2119	NA
S030_DAY2_MINITWICE_1820	20	Response	52	1483855	34766	1
S030_DAY2_MINITWICE_1820	20	Pulse	99	1487209	38120	NA
S030_DAY2_MINITWICE_1820	20	Port Input	1	1487209	38120	NA
S030_DAY2_MINITWICE_1820	20	Picture	14_T_PWTRIAD_PW_bebe_red.png	1492289	43200	1	1900	2	43200	1800
S030_DAY2_MINITWICE_1820	21	Picture	PW	1494489	0	1	43200	2	0	43200
S030_DAY2_MINITWICE_1820	21	Pulse	99	1523210	28721	NA
S030_DAY2_MINITWICE_1820	21	Port Input	1	1523210	28721	NA
S030_DAY2_MINITWICE_1820	21	Response	51	1526207	31718	1
S030_DAY2_MINITWICE_1820	21	Picture	15_T_PWTRIAD_PW_pizarra_red.png	1537689	43200	1	1900	2	43200	1800
S030_DAY2_MINITWICE_1820	22	Picture	PW	1539889	0	1	43199	3	0	43200
S030_DAY2_MINITWICE_1820	22	Pulse	99	1559211	19322	NA
S030_DAY2_MINITWICE_1820	22	Port Input	1	1559211	19322	NA
S030_DAY2_MINITWICE_1820	22	Response	52	1575587	35698	1
S030_DAY2_MINITWICE_1820	22	Picture	16_T_PWTRIAD_PW_paraguas_red.png	1583088	43199	2	1900	4	43200	1800
S030_DAY2_MINITWICE_1820	23	Picture	FF	1585388	0	2	43100	4	0	43200
S030_DAY2_MINITWICE_1820	23	Pulse	99	1595212	9824	NA
S030_DAY2_MINITWICE_1820	23	Port Input	1	1595212	9824	NA
S030_DAY2_MINITWICE_1820	23	Response	51	1617982	32594	1
S030_DAY2_MINITWICE_1820	23	Picture	17_T_FFTRIAD_FF_oruga_red.png	1628488	43100	2	1900	4	43200	1800
S030_DAY2_MINITWICE_1820	24	Picture	FF	1630688	0	2	43100	3	0	43200
S030_DAY2_MINITWICE_1820	24	Pulse	99	1631213	525	NA
S030_DAY2_MINITWICE_1820	24	Port Input	1	1631213	525	NA
S030_DAY2_MINITWICE_1820	24	Response	51	1647691	17003	1
S030_DAY2_MINITWICE_1820	24	Pulse	99	1667214	36526	NA
S030_DAY2_MINITWICE_1820	24	Port Input	1	1667214	36526	NA
S030_DAY2_MINITWICE_1820	24	Picture	18_T_FFTRIAD_FF_arbol_red.png	1673788	43100	1	1900	2	43200	1800
S030_DAY2_MINITWICE_1820	25	Picture	FF	1676087	0	2	43101	3	0	43200
S030_DAY2_MINITWICE_1820	25	Response	51	1689224	13137	1
S030_DAY2_MINITWICE_1820	25	Pulse	99	1703215	27128	NA
S030_DAY2_MINITWICE_1820	25	Port Input	1	1703215	27128	NA
S030_DAY2_MINITWICE_1820	25	Picture	19_T_FFTRIAD_FF_agua_red.png	1719188	43101	1	1900	2	43200	1800
S030_DAY2_MINITWICE_1820	26	Picture	FF	1721388	0	1	43199	3	0	43200
S030_DAY2_MINITWICE_1820	26	Response	52	1735293	13905	1
S030_DAY2_MINITWICE_1820	26	Pulse	99	1739216	17828	NA
S030_DAY2_MINITWICE_1820	26	Port Input	1	1739216	17828	NA
S030_DAY2_MINITWICE_1820	26	Picture	20_T_FFTRIAD_FF_botella_red.png	1764587	43199	2	1900	3	43200	1800
S030_DAY2_MINITWICE_1820	27	Picture	rest	1766587	0	1	144099	3	0	144000
S030_DAY2_MINITWICE_1820	27	Pulse	99	1775217	8630	NA
S030_DAY2_MINITWICE_1820	27	Port Input	1	1775217	8630	NA
S030_DAY2_MINITWICE_1820	27	Pulse	99	1811218	44631	NA
S030_DAY2_MINITWICE_1820	27	Port Input	1	1811218	44631	NA
S030_DAY2_MINITWICE_1820	27	Pulse	99	1847219	80632	NA
S030_DAY2_MINITWICE_1820	27	Port Input	1	1847219	80632	NA
S030_DAY2_MINITWICE_1820	27	Pulse	99	1883220	116633	NA
S030_DAY2_MINITWICE_1820	27	Port Input	1	1883220	116633	NA
S030_DAY2_MINITWICE_1820	28	Picture	endrest	1910786	0	2	10100	3	0	10000
S030_DAY2_MINITWICE_1820	28	Pulse	99	1919221	8435	NA
S030_DAY2_MINITWICE_1820	28	Port Input	1	1919221	8435	NA
S030_DAY2_MINITWICE_1820	29	Picture	RW	1921286	0	1	43100	2	0	43200
S030_DAY2_MINITWICE_1820	29	Response	52	1946152	24866	1
S030_DAY2_MINITWICE_1820	29	Pulse	99	1955222	33936	NA
S030_DAY2_MINITWICE_1820	29	Port Input	1	1955222	33936	NA
S030_DAY2_MINITWICE_1820	29	Picture	23_T_RWTRIAD_RW_leche_red.png	1964386	43100	1	1900	2	43200	1800
S030_DAY2_MINITWICE_1820	30	Picture	RW	1966586	0	1	43200	2	0	43200
S030_DAY2_MINITWICE_1820	30	Response	51	1988467	21881	1
S030_DAY2_MINITWICE_1820	30	Pulse	99	1991223	24637	NA
S030_DAY2_MINITWICE_1820	30	Port Input	1	1991223	24637	NA
S030_DAY2_MINITWICE_1820	30	Picture	24_T_RWTRIAD_RW_cerillas_red.png	2009786	43200	1	1900	2	43200	1800
S030_DAY2_MINITWICE_1820	31	Picture	RW	2012086	0	1	43099	3	0	43200
S030_DAY2_MINITWICE_1820	31	Response	52	2026068	13982	1
S030_DAY2_MINITWICE_1820	31	Pulse	99	2027224	15138	NA
S030_DAY2_MINITWICE_1820	31	Port Input	1	2027224	15138	NA
S030_DAY2_MINITWICE_1820	31	Picture	25_T_RWTRIAD_RW_bebe_red.png	2055185	43099	2	1900	4	43200	1800
S030_DAY2_MINITWICE_1820	32	Picture	RW	2057385	0	2	43200	3	0	43200
S030_DAY2_MINITWICE_1820	32	Pulse	99	2063225	5840	NA
S030_DAY2_MINITWICE_1820	32	Port Input	1	2063225	5840	NA
S030_DAY2_MINITWICE_1820	32	Response	52	2073628	16243	2
S030_DAY2_MINITWICE_1820	32	Pulse	99	2099225	41840	NA
S030_DAY2_MINITWICE_1820	32	Port Input	1	2099225	41840	NA
S030_DAY2_MINITWICE_1820	32	Picture	26_T_RWTRIAD_RW_plato_red.png	2100585	43200	1	1900	2	43200	1800
S030_DAY2_MINITWICE_1820	33	Picture	PW	2102785	0	1	43200	2	0	43200
S030_DAY2_MINITWICE_1820	33	Pulse	99	2135226	32441	NA
S030_DAY2_MINITWICE_1820	33	Port Input	1	2135226	32441	NA
S030_DAY2_MINITWICE_1820	33	Response	51	2139522	36737	1
S030_DAY2_MINITWICE_1820	33	Picture	27_T_PWTRIAD_PW_martillo_red.png	2145985	43200	1	1900	2	43200	1800
S030_DAY2_MINITWICE_1820	34	Picture	PW	2148185	0	1	43200	2	0	43200
S030_DAY2_MINITWICE_1820	34	Response	51	2169818	21633	1
S030_DAY2_MINITWICE_1820	34	Pulse	99	2171227	23042	NA
S030_DAY2_MINITWICE_1820	34	Port Input	1	2171227	23042	NA
S030_DAY2_MINITWICE_1820	34	Picture	28_T_PWTRIAD_PW_pilas_red.png	2191385	43200	1	1900	2	43200	1800
S030_DAY2_MINITWICE_1820	35	Picture	PW	2193685	0	1	43099	2	0	43200
S030_DAY2_MINITWICE_1820	35	Pulse	99	2207228	13543	NA
S030_DAY2_MINITWICE_1820	35	Port Input	1	2207228	13543	NA
S030_DAY2_MINITWICE_1820	35	Response	52	2213738	20053	2
S030_DAY2_MINITWICE_1820	35	Picture	29_T_PWTRIAD_PW_iglu_red.png	2236784	43099	1	1900	2	43200	1800
S030_DAY2_MINITWICE_1820	36	Picture	PW	2239084	0	1	43100	2	0	43200
S030_DAY2_MINITWICE_1820	36	Pulse	99	2243229	4145	NA
S030_DAY2_MINITWICE_1820	36	Port Input	1	2243229	4145	NA
S030_DAY2_MINITWICE_1820	36	Response	51	2265158	26074	1
S030_DAY2_MINITWICE_1820	36	Pulse	99	2279230	40146	NA
S030_DAY2_MINITWICE_1820	36	Port Input	1	2279230	40146	NA
S030_DAY2_MINITWICE_1820	36	Picture	30_T_PWTRIAD_PW_cortina_red.png	2282184	43100	1	1900	2	43200	1800
S030_DAY2_MINITWICE_1820	37	Picture	rest	2284184	0	1	144099	2	0	144000
S030_DAY2_MINITWICE_1820	37	Pulse	99	2315231	31047	NA
S030_DAY2_MINITWICE_1820	37	Port Input	1	2315231	31047	NA
S030_DAY2_MINITWICE_1820	37	Pulse	99	2351232	67048	NA
S030_DAY2_MINITWICE_1820	37	Port Input	1	2351232	67048	NA
S030_DAY2_MINITWICE_1820	37	Pulse	99	2387233	103049	NA
S030_DAY2_MINITWICE_1820	37	Port Input	1	2387233	103049	NA
S030_DAY2_MINITWICE_1820	37	Pulse	99	2423234	139050	NA
S030_DAY2_MINITWICE_1820	37	Port Input	1	2423234	139050	NA
S030_DAY2_MINITWICE_1820	38	Picture	endrest	2428383	0	1	10100	2	0	10000
S030_DAY2_MINITWICE_1820	39	Picture	FF	2438783	0	1	43200	2	0	43200
S030_DAY2_MINITWICE_1820	39	Response	51	2453859	15076	1
S030_DAY2_MINITWICE_1820	39	Pulse	99	2459235	20452	NA
S030_DAY2_MINITWICE_1820	39	Port Input	1	2459235	20452	NA
S030_DAY2_MINITWICE_1820	39	Picture	33_T_FFTRIAD_FF_zanahoria_red.png	2481983	43200	1	1900	2	43200	1800
S030_DAY2_MINITWICE_1820	40	Picture	FF	2484283	0	1	43099	2	0	43200
S030_DAY2_MINITWICE_1820	40	Pulse	99	2495236	10953	NA
S030_DAY2_MINITWICE_1820	40	Port Input	1	2495236	10953	NA
S030_DAY2_MINITWICE_1820	40	Response	52	2501381	17098	2
S030_DAY2_MINITWICE_1820	40	Picture	34_T_FFTRIAD_FF_manos_red.png	2527382	43099	1	1900	2	43200	1800
S030_DAY2_MINITWICE_1820	41	Picture	FF	2529582	0	1	43200	2	0	43200
S030_DAY2_MINITWICE_1820	41	Pulse	99	2531237	1655	NA
S030_DAY2_MINITWICE_1820	41	Port Input	1	2531237	1655	NA
S030_DAY2_MINITWICE_1820	41	Response	52	2559788	30206	1
S030_DAY2_MINITWICE_1820	41	Pulse	99	2567238	37656	NA
S030_DAY2_MINITWICE_1820	41	Port Input	1	2567238	37656	NA
S030_DAY2_MINITWICE_1820	41	Picture	35_T_FFTRIAD_FF_sobre_red.png	2572782	43200	1	1900	2	43200	1800
S030_DAY2_MINITWICE_1820	42	Picture	FF	2574982	0	1	43200	2	0	43200
S030_DAY2_MINITWICE_1820	42	Response	52	2589376	14394	1
S030_DAY2_MINITWICE_1820	42	Pulse	99	2603239	28257	NA
S030_DAY2_MINITWICE_1820	42	Port Input	1	2603239	28257	NA
S030_DAY2_MINITWICE_1820	42	Picture	36_T_FFTRIAD_FF_grifo_red.png	2618182	43200	1	1900	2	43200	1800
S030_DAY2_MINITWICE_1820	43	Picture	RW	2620282	0	1	43199	3	0	43200
S030_DAY2_MINITWICE_1820	43	Response	52	2636884	16602	1
S030_DAY2_MINITWICE_1820	43	Pulse	99	2639240	18958	NA
S030_DAY2_MINITWICE_1820	43	Port Input	1	2639240	18958	NA
S030_DAY2_MINITWICE_1820	43	Picture	37_T_RWTRIAD_RW_cinturon_red.png	2663481	43199	2	1900	4	43200	1800
S030_DAY2_MINITWICE_1820	44	Picture	RW	2665781	0	2	43100	3	0	43200
S030_DAY2_MINITWICE_1820	44	Pulse	99	2675241	9460	NA
S030_DAY2_MINITWICE_1820	44	Port Input	1	2675241	9460	NA
S030_DAY2_MINITWICE_1820	44	Response	51	2681238	15457	1
S030_DAY2_MINITWICE_1820	44	Picture	38_T_RWTRIAD_RW_iglu_red.png	2708881	43100	1	1900	2	43200	1800
S030_DAY2_MINITWICE_1820	45	Picture	RW	2711081	0	1	43200	2	0	43200
S030_DAY2_MINITWICE_1820	45	Pulse	99	2711242	161	NA
S030_DAY2_MINITWICE_1820	45	Port Input	1	2711242	161	NA
S030_DAY2_MINITWICE_1820	45	Response	51	2726153	15072	1
S030_DAY2_MINITWICE_1820	45	Pulse	99	2747243	36162	NA
S030_DAY2_MINITWICE_1820	45	Port Input	1	2747243	36162	NA
S030_DAY2_MINITWICE_1820	45	Picture	39_T_RWTRIAD_RW_teclado_red.png	2754281	43200	1	1900	2	43200	1800
S030_DAY2_MINITWICE_1820	46	Picture	RW	2756581	0	1	43100	2	0	43200
S030_DAY2_MINITWICE_1820	46	Response	51	2770201	13620	1
S030_DAY2_MINITWICE_1820	46	Pulse	99	2783244	26663	NA
S030_DAY2_MINITWICE_1820	46	Port Input	1	2783244	26663	NA
S030_DAY2_MINITWICE_1820	46	Picture	40_T_RWTRIAD_RW_grifo_red.png	2799681	43100	1	1900	2	43200	1800
S030_DAY2_MINITWICE_1820	47	Picture	rest	2801681	0	1	144099	2	0	144000
S030_DAY2_MINITWICE_1820	47	Pulse	99	2819245	17564	NA
S030_DAY2_MINITWICE_1820	47	Port Input	1	2819245	17564	NA
S030_DAY2_MINITWICE_1820	47	Pulse	99	2855246	53565	NA
S030_DAY2_MINITWICE_1820	47	Port Input	1	2855246	53565	NA
S030_DAY2_MINITWICE_1820	47	Pulse	99	2891247	89566	NA
S030_DAY2_MINITWICE_1820	47	Port Input	1	2891247	89566	NA
S030_DAY2_MINITWICE_1820	47	Pulse	99	2927248	125567	NA
S030_DAY2_MINITWICE_1820	47	Port Input	1	2927248	125567	NA
S030_DAY2_MINITWICE_1820	48	Picture	endrest	2945880	0	1	10099	3	0	10000
S030_DAY2_MINITWICE_1820	49	Picture	FF	2956279	0	2	43200	3	0	43200
S030_DAY2_MINITWICE_1820	49	Pulse	99	2963249	6970	NA
S030_DAY2_MINITWICE_1820	49	Port Input	1	2963249	6970	NA
S030_DAY2_MINITWICE_1820	49	Response	51	2989457	33178	1
S030_DAY2_MINITWICE_1820	49	Pulse	99	2999250	42971	NA
S030_DAY2_MINITWICE_1820	49	Port Input	1	2999250	42971	NA
S030_DAY2_MINITWICE_1820	49	Picture	43_T_FFTRIAD_FF_pluma_red.png	2999479	43200	1	1900	2	43200	1800
S030_DAY2_MINITWICE_1820	50	Picture	FF	3001779	0	1	43100	2	0	43200
S030_DAY2_MINITWICE_1820	50	Pulse	99	3035251	33472	NA
S030_DAY2_MINITWICE_1820	50	Port Input	1	3035251	33472	NA
S030_DAY2_MINITWICE_1820	50	Response	52	3038341	36562	1
S030_DAY2_MINITWICE_1820	50	Picture	44_T_FFTRIAD_FF_silla_red.png	3044879	43100	1	1900	2	43200	1800
S030_DAY2_MINITWICE_1820	51	Picture	FF	3047079	0	1	43200	2	0	43200
S030_DAY2_MINITWICE_1820	51	Response	52	3065400	18321	1
S030_DAY2_MINITWICE_1820	51	Pulse	99	3071252	24173	NA
S030_DAY2_MINITWICE_1820	51	Port Input	1	3071252	24173	NA
S030_DAY2_MINITWICE_1820	51	Picture	45_T_FFTRIAD_FF_molino_red.png	3090279	43200	1	1900	2	43200	1800
S030_DAY2_MINITWICE_1820	52	Picture	FF	3092479	0	1	43099	2	0	43200
S030_DAY2_MINITWICE_1820	52	Response	51	3105576	13097	1
S030_DAY2_MINITWICE_1820	52	Pulse	99	3107253	14774	NA
S030_DAY2_MINITWICE_1820	52	Port Input	1	3107253	14774	NA
S030_DAY2_MINITWICE_1820	52	Picture	46_T_FFTRIAD_FF_madera_red.png	3135578	43099	1	1900	2	43200	1800
S030_DAY2_MINITWICE_1820	53	Picture	FF	3137878	0	1	43100	2	0	43200
S030_DAY2_MINITWICE_1820	53	Pulse	99	3143254	5376	NA
S030_DAY2_MINITWICE_1820	53	Port Input	1	3143254	5376	NA
S030_DAY2_MINITWICE_1820	53	Response	52	3152818	14940	1
S030_DAY2_MINITWICE_1820	53	Pulse	99	3179255	41377	NA
S030_DAY2_MINITWICE_1820	53	Port Input	1	3179255	41377	NA
S030_DAY2_MINITWICE_1820	53	Picture	47_T_FFTRIAD_FF_raton_red.png	3180978	43100	1	1900	2	43200	1800
S030_DAY2_MINITWICE_1820	54	Picture	FF	3183178	0	1	43200	2	0	43200
S030_DAY2_MINITWICE_1820	54	Response	51	3198695	15517	1
S030_DAY2_MINITWICE_1820	54	Pulse	99	3215256	32078	NA
S030_DAY2_MINITWICE_1820	54	Port Input	1	3215256	32078	NA
S030_DAY2_MINITWICE_1820	54	Picture	48_T_FFTRIAD_FF_leche_red.png	3226378	43200	1	1900	2	43200	1800
S030_DAY2_MINITWICE_1820	55	Picture	FF	3228678	0	1	43099	3	0	43200
S030_DAY2_MINITWICE_1820	55	Response	51	3242720	14042	1
S030_DAY2_MINITWICE_1820	55	Pulse	99	3251256	22578	NA
S030_DAY2_MINITWICE_1820	55	Port Input	1	3251256	22578	NA
S030_DAY2_MINITWICE_1820	55	Picture	49_T_FFTRIAD_FF_martillo_red.png	3271777	43099	2	1900	3	43200	1800
S030_DAY2_MINITWICE_1820	56	Picture	FF	3273977	0	2	43200	3	0	43200
S030_DAY2_MINITWICE_1820	56	Pulse	99	3287257	13280	NA
S030_DAY2_MINITWICE_1820	56	Port Input	1	3287257	13280	NA
S030_DAY2_MINITWICE_1820	56	Response	51	3295511	21534	1
S030_DAY2_MINITWICE_1820	56	Picture	50_T_FFTRIAD_FF_granjero_red.png	3317177	43200	1	1900	2	43200	1800
S030_DAY2_MINITWICE_1820	57	Picture	rest	3319177	0	1	144099	2	0	144000
S030_DAY2_MINITWICE_1820	57	Pulse	99	3323258	4081	NA
S030_DAY2_MINITWICE_1820	57	Port Input	1	3323258	4081	NA
S030_DAY2_MINITWICE_1820	57	Pulse	99	3359259	40082	NA
S030_DAY2_MINITWICE_1820	57	Port Input	1	3359259	40082	NA
S030_DAY2_MINITWICE_1820	57	Pulse	99	3395260	76083	NA
S030_DAY2_MINITWICE_1820	57	Port Input	1	3395260	76083	NA
S030_DAY2_MINITWICE_1820	57	Pulse	99	3431261	112084	NA
S030_DAY2_MINITWICE_1820	57	Port Input	1	3431261	112084	NA
S030_DAY2_MINITWICE_1820	58	Picture	endrest	3463376	0	1	10100	2	0	10000
S030_DAY2_MINITWICE_1820	58	Pulse	99	3467262	3886	NA
S030_DAY2_MINITWICE_1820	58	Port Input	1	3467262	3886	NA
S030_DAY2_MINITWICE_1820	59	Picture	FF	3473776	0	1	43200	2	0	43200
S030_DAY2_MINITWICE_1820	59	Response	52	3491007	17231	1
S030_DAY2_MINITWICE_1820	59	Pulse	99	3503263	29487	NA
S030_DAY2_MINITWICE_1820	59	Port Input	1	3503263	29487	NA
S030_DAY2_MINITWICE_1820	59	Picture	53_T_FFTRIAD_FF_huevos_red.png	3516976	43200	1	1900	2	43200	1800
S030_DAY2_MINITWICE_1820	60	Picture	FF	3519176	0	1	43099	3	0	43200
S030_DAY2_MINITWICE_1820	60	Pulse	99	3539264	20088	NA
S030_DAY2_MINITWICE_1820	60	Port Input	1	3539264	20088	NA
S030_DAY2_MINITWICE_1820	60	Response	51	3544991	25815	2
S030_DAY2_MINITWICE_1820	60	Picture	54_T_FFTRIAD_FF_paracaidas_red.png	3562275	43099	2	1900	4	43200	1800
S030_DAY2_MINITWICE_1820	61	Picture	FF	3564575	0	2	43100	3	0	43200
S030_DAY2_MINITWICE_1820	61	Pulse	99	3575265	10690	NA
S030_DAY2_MINITWICE_1820	61	Port Input	1	3575265	10690	NA
S030_DAY2_MINITWICE_1820	61	Response	52	3581915	17340	1
S030_DAY2_MINITWICE_1820	61	Picture	55_T_FFTRIAD_FF_policia_red.png	3607675	43100	1	1900	2	43200	1800
S030_DAY2_MINITWICE_1820	62	Picture	FF	3609975	0	1	43100	2	0	43200
S030_DAY2_MINITWICE_1820	62	Pulse	99	3611266	1291	NA
S030_DAY2_MINITWICE_1820	62	Port Input	1	3611266	1291	NA
S030_DAY2_MINITWICE_1820	62	Response	51	3627386	17411	2
S030_DAY2_MINITWICE_1820	62	Pulse	99	3647267	37292	NA
S030_DAY2_MINITWICE_1820	62	Port Input	1	3647267	37292	NA
S030_DAY2_MINITWICE_1820	62	Picture	56_T_FFTRIAD_FF_novia_red.png	3653075	43100	1	1900	2	43200	1800
S030_DAY2_MINITWICE_1820	63	Picture	RW	3655375	0	1	43099	3	0	43200
S030_DAY2_MINITWICE_1820	63	Pulse	99	3683268	27893	NA
S030_DAY2_MINITWICE_1820	63	Port Input	1	3683268	27893	NA
S030_DAY2_MINITWICE_1820	63	Response	52	3691211	35836	1
S030_DAY2_MINITWICE_1820	63	Picture	57_T_RWTRIAD_RW_esquimal_red.png	3698474	43099	2	1901	3	43200	1800
S030_DAY2_MINITWICE_1820	64	Picture	RW	3700674	0	2	43200	3	0	43200
S030_DAY2_MINITWICE_1820	64	Response	51	3715935	15261	42
S030_DAY2_MINITWICE_1820	64	Pulse	99	3719269	18595	NA
S030_DAY2_MINITWICE_1820	64	Port Input	1	3719269	18595	NA
S030_DAY2_MINITWICE_1820	64	Picture	58_T_RWTRIAD_RW_pilas_red.png	3743874	43200	1	1900	2	43200	1800
S030_DAY2_MINITWICE_1820	65	Picture	RW	3746174	0	1	43100	2	0	43200
S030_DAY2_MINITWICE_1820	65	Pulse	99	3755270	9096	NA
S030_DAY2_MINITWICE_1820	65	Port Input	1	3755270	9096	NA
S030_DAY2_MINITWICE_1820	65	Response	51	3763974	17800	1
S030_DAY2_MINITWICE_1820	65	Picture	59_T_RWTRIAD_RW_novia_red.png	3789274	43100	1	1900	2	43200	1800
S030_DAY2_MINITWICE_1820	65	Pulse	99	3791271	45097	NA
S030_DAY2_MINITWICE_1820	65	Port Input	1	3791271	45097	NA
S030_DAY2_MINITWICE_1820	66	Picture	RW	3791574	0	1	43100	2	0	43200
S030_DAY2_MINITWICE_1820	66	Response	52	3803281	11707	1
S030_DAY2_MINITWICE_1820	66	Pulse	99	3827272	35698	NA
S030_DAY2_MINITWICE_1820	66	Port Input	1	3827272	35698	NA
S030_DAY2_MINITWICE_1820	66	Picture	60_T_RWTRIAD_RW_martillo_red.png	3834674	43100	1	1900	2	43200	1800
S030_DAY2_MINITWICE_1820	67	Picture	rest	3836674	0	1	144099	2	0	144000
S030_DAY2_MINITWICE_1820	67	Pulse	99	3863273	26599	NA
S030_DAY2_MINITWICE_1820	67	Port Input	1	3863273	26599	NA
S030_DAY2_MINITWICE_1820	67	Pulse	99	3899274	62600	NA
S030_DAY2_MINITWICE_1820	67	Port Input	1	3899274	62600	NA
S030_DAY2_MINITWICE_1820	67	Pulse	99	3935275	98601	NA
S030_DAY2_MINITWICE_1820	67	Port Input	1	3935275	98601	NA
S030_DAY2_MINITWICE_1820	67	Pulse	99	3971276	134602	NA
S030_DAY2_MINITWICE_1820	67	Port Input	1	3971276	134602	NA
S030_DAY2_MINITWICE_1820	68	Picture	endrest	3980873	0	1	10100	2	0	10000
S030_DAY2_MINITWICE_1820	69	Picture	PW	3991372	0	2	43100	3	0	43200
S030_DAY2_MINITWICE_1820	69	Pulse	99	4007277	15905	NA
S030_DAY2_MINITWICE_1820	69	Port Input	1	4007277	15905	NA
S030_DAY2_MINITWICE_1820	69	Response	52	4026857	35485	2
S030_DAY2_MINITWICE_1820	69	Picture	63_T_PWTRIAD_PW_portatil_red.png	4034472	43100	1	1900	3	43200	1800
S030_DAY2_MINITWICE_1820	70	Picture	PW	4036772	0	1	43100	2	0	43200
S030_DAY2_MINITWICE_1820	70	Pulse	99	4043278	6506	NA
S030_DAY2_MINITWICE_1820	70	Port Input	1	4043278	6506	NA
S030_DAY2_MINITWICE_1820	70	Response	51	4055372	18600	1
S030_DAY2_MINITWICE_1820	70	Pulse	99	4079279	42507	NA
S030_DAY2_MINITWICE_1820	70	Port Input	1	4079279	42507	NA
S030_DAY2_MINITWICE_1820	70	Picture	64_T_PWTRIAD_PW_traje_red.png	4079872	43100	1	1900	2	43200	1800
S030_DAY2_MINITWICE_1820	71	Picture	PW	4082072	0	1	43200	2	0	43200
S030_DAY2_MINITWICE_1820	71	Response	52	4098979	16907	1
S030_DAY2_MINITWICE_1820	71	Pulse	99	4115280	33208	NA
S030_DAY2_MINITWICE_1820	71	Port Input	1	4115280	33208	NA
S030_DAY2_MINITWICE_1820	71	Picture	65_T_PWTRIAD_PW_piramide_red.png	4125272	43200	1	1900	2	43200	1800
S030_DAY2_MINITWICE_1820	72	Picture	PW	4127471	0	2	43200	4	0	43200
S030_DAY2_MINITWICE_1820	72	Response	51	4150558	23087	1
S030_DAY2_MINITWICE_1820	72	Pulse	99	4151281	23810	NA
S030_DAY2_MINITWICE_1820	72	Port Input	1	4151281	23810	NA
S030_DAY2_MINITWICE_1820	72	Picture	66_T_PWTRIAD_PW_esquimal_red.png	4170671	43200	2	1900	3	43200	1800
S030_DAY2_MINITWICE_1820	73	Picture	PW	4172871	0	2	43200	3	0	43200
S030_DAY2_MINITWICE_1820	73	Pulse	99	4187282	14411	NA
S030_DAY2_MINITWICE_1820	73	Port Input	1	4187282	14411	NA
S030_DAY2_MINITWICE_1820	73	Response	52	4190656	17785	1
S030_DAY2_MINITWICE_1820	73	Picture	67_T_PWTRIAD_PW_llave_red.png	4216071	43200	1	1900	2	43200	1800
S030_DAY2_MINITWICE_1820	74	Picture	PW	4218371	0	1	43100	2	0	43200
S030_DAY2_MINITWICE_1820	74	Pulse	99	4223283	4912	NA
S030_DAY2_MINITWICE_1820	74	Port Input	1	4223283	4912	NA
S030_DAY2_MINITWICE_1820	74	Response	51	4234502	16131	1
S030_DAY2_MINITWICE_1820	74	Pulse	99	4259284	40913	NA
S030_DAY2_MINITWICE_1820	74	Port Input	1	4259284	40913	NA
S030_DAY2_MINITWICE_1820	74	Picture	68_T_PWTRIAD_PW_bala_red.png	4261471	43100	1	1900	2	43200	1800
S030_DAY2_MINITWICE_1820	75	Picture	PW	4263771	0	1	43099	3	0	43200
S030_DAY2_MINITWICE_1820	75	Response	52	4281237	17466	1
S030_DAY2_MINITWICE_1820	75	Pulse	99	4295285	31514	NA
S030_DAY2_MINITWICE_1820	75	Port Input	1	4295285	31514	NA
S030_DAY2_MINITWICE_1820	75	Picture	69_T_PWTRIAD_PW_raton_red.png	4306870	43099	2	1900	4	43200	1800
S030_DAY2_MINITWICE_1820	76	Picture	PW	4309170	0	2	43100	3	0	43200
S030_DAY2_MINITWICE_1820	76	Pulse	99	4331286	22116	NA
S030_DAY2_MINITWICE_1820	76	Port Input	1	4331286	22116	NA
S030_DAY2_MINITWICE_1820	76	Response	52	4338496	29326	1
S030_DAY2_MINITWICE_1820	76	Picture	70_T_PWTRIAD_PW_huevos_red.png	4352270	43100	1	1900	2	43200	1800
S030_DAY2_MINITWICE_1820	77	Picture	rest	4354270	0	1	144099	2	0	144000
S030_DAY2_MINITWICE_1820	77	Pulse	99	4367287	13017	NA
S030_DAY2_MINITWICE_1820	77	Port Input	1	4367287	13017	NA
S030_DAY2_MINITWICE_1820	77	Pulse	99	4403287	49017	NA
S030_DAY2_MINITWICE_1820	77	Port Input	1	4403287	49017	NA
S030_DAY2_MINITWICE_1820	77	Pulse	99	4439289	85019	NA
S030_DAY2_MINITWICE_1820	77	Port Input	1	4439289	85019	NA
S030_DAY2_MINITWICE_1820	77	Pulse	99	4475290	121020	NA
S030_DAY2_MINITWICE_1820	77	Port Input	1	4475290	121020	NA
S030_DAY2_MINITWICE_1820	78	Picture	endrest	4498469	0	1	10100	2	0	10000
S030_DAY2_MINITWICE_1820	79	Picture	PW	4508869	0	1	43200	2	0	43200
S030_DAY2_MINITWICE_1820	79	Pulse	99	4511290	2421	NA
S030_DAY2_MINITWICE_1820	79	Port Input	1	4511290	2421	NA
S030_DAY2_MINITWICE_1820	79	Response	51	4528448	19579	41
S030_DAY2_MINITWICE_1820	79	Pulse	99	4547291	38422	NA
S030_DAY2_MINITWICE_1820	79	Port Input	1	4547291	38422	NA
S030_DAY2_MINITWICE_1820	79	Picture	73_T_PWTRIAD_PW_pluma_red.png	4552069	43200	1	1900	2	43200	1800
S030_DAY2_MINITWICE_1820	80	Picture	PW	4554369	0	1	43099	3	0	43200
S030_DAY2_MINITWICE_1820	80	Pulse	99	4583292	28923	NA
S030_DAY2_MINITWICE_1820	80	Port Input	1	4583292	28923	NA
S030_DAY2_MINITWICE_1820	80	Response	52	4587848	33479	1
S030_DAY2_MINITWICE_1820	80	Picture	74_T_PWTRIAD_PW_bellota_red.png	4597468	43099	2	1900	4	43200	1800
S030_DAY2_MINITWICE_1820	81	Picture	PW	4599768	0	2	43100	3	0	43200
S030_DAY2_MINITWICE_1820	81	Pulse	99	4619293	19525	NA
S030_DAY2_MINITWICE_1820	81	Port Input	1	4619293	19525	NA
S030_DAY2_MINITWICE_1820	81	Response	52	4622111	22343	1
S030_DAY2_MINITWICE_1820	81	Picture	75_T_PWTRIAD_PW_cuento_red.png	4642868	43100	1	1900	2	43200	1800
S030_DAY2_MINITWICE_1820	82	Picture	PW	4645168	0	1	43100	2	0	43200
S030_DAY2_MINITWICE_1820	82	Pulse	99	4655294	10126	NA
S030_DAY2_MINITWICE_1820	82	Port Input	1	4655294	10126	NA
S030_DAY2_MINITWICE_1820	82	Response	52	4669207	24039	1
S030_DAY2_MINITWICE_1820	82	Picture	76_T_PWTRIAD_PW_telefono_red.png	4688268	43100	1	1900	2	43200	1800
S030_DAY2_MINITWICE_1820	83	Picture	FF	4690468	0	1	43100	2	0	43200
S030_DAY2_MINITWICE_1820	83	Pulse	99	4691295	827	NA
S030_DAY2_MINITWICE_1820	83	Port Input	1	4691295	827	NA
S030_DAY2_MINITWICE_1820	83	Response	51	4714528	24060	1
S030_DAY2_MINITWICE_1820	83	Pulse	99	4727296	36828	NA
S030_DAY2_MINITWICE_1820	83	Port Input	1	4727296	36828	NA
S030_DAY2_MINITWICE_1820	83	Picture	77_T_FFTRIAD_FF_arco_red.png	4733568	43100	1	1900	2	43200	1800
S030_DAY2_MINITWICE_1820	84	Picture	FF	4735768	0	1	43199	2	0	43200
S030_DAY2_MINITWICE_1820	84	Response	52	4754806	19038	1
S030_DAY2_MINITWICE_1820	84	Pulse	99	4763297	27529	NA
S030_DAY2_MINITWICE_1820	84	Port Input	1	4763297	27529	NA
S030_DAY2_MINITWICE_1820	84	Picture	78_T_FFTRIAD_FF_queso_red.png	4778967	43199	1	1900	2	43200	1800
S030_DAY2_MINITWICE_1820	85	Picture	FF	4781267	0	1	43100	2	0	43200
S030_DAY2_MINITWICE_1820	85	Pulse	99	4799298	18031	NA
S030_DAY2_MINITWICE_1820	85	Port Input	1	4799298	18031	NA
S030_DAY2_MINITWICE_1820	85	Response	52	4800081	18814	1
S030_DAY2_MINITWICE_1820	85	Picture	79_T_FFTRIAD_FF_pilas_red.png	4824367	43100	1	1900	2	43200	1800
S030_DAY2_MINITWICE_1820	86	Picture	FF	4826667	0	1	43100	2	0	43200
S030_DAY2_MINITWICE_1820	86	Pulse	99	4835299	8632	NA
S030_DAY2_MINITWICE_1820	86	Port Input	1	4835299	8632	NA
S030_DAY2_MINITWICE_1820	86	Response	51	4848207	21540	1
S030_DAY2_MINITWICE_1820	86	Picture	80_T_FFTRIAD_FF_piramide_red.png	4869767	43100	1	1900	2	43200	1800
S030_DAY2_MINITWICE_1820	86	Pulse	99	4871300	44633	NA
S030_DAY2_MINITWICE_1820	86	Port Input	1	4871300	44633	NA
S030_DAY2_MINITWICE_1820	87	Picture	rest	4871767	0	1	144099	2	0	144000
S030_DAY2_MINITWICE_1820	87	Pulse	99	4907301	35534	NA
S030_DAY2_MINITWICE_1820	87	Port Input	1	4907301	35534	NA
S030_DAY2_MINITWICE_1820	87	Pulse	99	4943302	71535	NA
S030_DAY2_MINITWICE_1820	87	Port Input	1	4943302	71535	NA
S030_DAY2_MINITWICE_1820	87	Pulse	99	4979303	107536	NA
S030_DAY2_MINITWICE_1820	87	Port Input	1	4979303	107536	NA
S030_DAY2_MINITWICE_1820	87	Pulse	99	5015304	143537	NA
S030_DAY2_MINITWICE_1820	87	Port Input	1	5015304	143537	NA
S030_DAY2_MINITWICE_1820	88	Picture	endrest	5015956	0	42	10110	43	0	10000
S030_DAY2_MINITWICE_1820	89	Picture	PW	5026464	0	40	43101	41	0	43200
S030_DAY2_MINITWICE_1820	89	Pulse	99	5051305	24841	NA
S030_DAY2_MINITWICE_1820	89	Port Input	1	5051305	24841	NA
S030_DAY2_MINITWICE_1820	89	Response	51	5057590	31126	1
S030_DAY2_MINITWICE_1820	89	Picture	83_T_PWTRIAD_PW_cinturon_red.png	5069565	43101	1	1900	2	43200	1800
S030_DAY2_MINITWICE_1820	90	Picture	PW	5071765	0	1	43100	2	0	43200
S030_DAY2_MINITWICE_1820	90	Pulse	99	5087306	15541	NA
S030_DAY2_MINITWICE_1820	90	Port Input	1	5087306	15541	NA
S030_DAY2_MINITWICE_1820	90	Response	51	5091020	19255	2
S030_DAY2_MINITWICE_1820	90	Picture	84_T_PWTRIAD_PW_murcielago_red.png	5114865	43100	1	1900	2	43200	1800
S030_DAY2_MINITWICE_1820	91	Picture	PW	5117165	0	1	43100	2	0	43200
S030_DAY2_MINITWICE_1820	91	Pulse	99	5123307	6142	NA
S030_DAY2_MINITWICE_1820	91	Port Input	1	5123307	6142	NA
S030_DAY2_MINITWICE_1820	91	Response	51	5129755	12590	1
S030_DAY2_MINITWICE_1820	91	Pulse	99	5159308	42143	NA
S030_DAY2_MINITWICE_1820	91	Port Input	1	5159308	42143	NA
S030_DAY2_MINITWICE_1820	91	Picture	85_T_PWTRIAD_PW_estetoscopio_red.png	5160265	43100	1	1900	2	43200	1800
S030_DAY2_MINITWICE_1820	92	Picture	PW	5162465	0	1	43199	2	0	43200
S030_DAY2_MINITWICE_1820	92	Response	52	5181363	18898	1
S030_DAY2_MINITWICE_1820	92	Pulse	99	5195309	32844	NA
S030_DAY2_MINITWICE_1820	92	Port Input	1	5195309	32844	NA
S030_DAY2_MINITWICE_1820	92	Picture	86_T_PWTRIAD_PW_sapo_red.png	5205664	43199	1	1900	2	43200	1800
S030_DAY2_MINITWICE_1820	93	Picture	PW	5207864	0	1	43200	2	0	43200
S030_DAY2_MINITWICE_1820	93	Response	51	5230089	22225	2
S030_DAY2_MINITWICE_1820	93	Pulse	99	5231310	23446	NA
S030_DAY2_MINITWICE_1820	93	Port Input	1	5231310	23446	NA
S030_DAY2_MINITWICE_1820	93	Picture	87_T_PWTRIAD_PW_pincel_red.png	5251064	43200	1	1900	2	43200	1800
S030_DAY2_MINITWICE_1820	94	Picture	PW	5253364	0	1	43100	2	0	43200
S030_DAY2_MINITWICE_1820	94	Pulse	99	5267311	13947	NA
S030_DAY2_MINITWICE_1820	94	Port Input	1	5267311	13947	NA
S030_DAY2_MINITWICE_1820	94	Response	51	5272495	19131	1
S030_DAY2_MINITWICE_1820	94	Picture	88_T_PWTRIAD_PW_lechuga_red.png	5296464	43100	1	1900	2	43200	1800
S030_DAY2_MINITWICE_1820	95	Picture	PW	5298764	0	1	43099	3	0	43200
S030_DAY2_MINITWICE_1820	95	Pulse	99	5303312	4548	NA
S030_DAY2_MINITWICE_1820	95	Port Input	1	5303312	4548	NA
S030_DAY2_MINITWICE_1820	95	Response	51	5315550	16786	1
S030_DAY2_MINITWICE_1820	95	Pulse	99	5339313	40549	NA
S030_DAY2_MINITWICE_1820	95	Port Input	1	5339313	40549	NA
S030_DAY2_MINITWICE_1820	95	Picture	89_T_PWTRIAD_PW_zanahoria_red.png	5341863	43099	2	1900	4	43200	1800
S030_DAY2_MINITWICE_1820	96	Picture	PW	5344063	0	2	43100	3	0	43200
S030_DAY2_MINITWICE_1820	96	Response	52	5356147	12084	2
S030_DAY2_MINITWICE_1820	96	Pulse	99	5375314	31251	NA
S030_DAY2_MINITWICE_1820	96	Port Input	1	5375314	31251	NA
S030_DAY2_MINITWICE_1820	96	Picture	90_T_PWTRIAD_PW_paracaidas_red.png	5387163	43100	1	1900	2	43200	1800
S030_DAY2_MINITWICE_1820	97	Picture	rest	5389163	0	1	144099	2	0	144000
S030_DAY2_MINITWICE_1820	97	Pulse	99	5411315	22152	NA
S030_DAY2_MINITWICE_1820	97	Port Input	1	5411315	22152	NA
S030_DAY2_MINITWICE_1820	97	Pulse	99	5447316	58153	NA
S030_DAY2_MINITWICE_1820	97	Port Input	1	5447316	58153	NA
S030_DAY2_MINITWICE_1820	97	Pulse	99	5483317	94154	NA
S030_DAY2_MINITWICE_1820	97	Port Input	1	5483317	94154	NA
S030_DAY2_MINITWICE_1820	97	Pulse	99	5519318	130155	NA
S030_DAY2_MINITWICE_1820	97	Port Input	1	5519318	130155	NA
S030_DAY2_MINITWICE_1820	98	Picture	endrest	5533362	0	1	10100	2	0	10000
S030_DAY2_MINITWICE_1820	99	Picture	FF	5543862	0	1	43100	2	0	43200
S030_DAY2_MINITWICE_1820	99	Pulse	99	5555318	11456	NA
S030_DAY2_MINITWICE_1820	99	Port Input	1	5555318	11456	NA
S030_DAY2_MINITWICE_1820	99	Response	51	5557047	13185	1
S030_DAY2_MINITWICE_1820	99	Picture	93_T_FFTRIAD_FF_ancla_red.png	5586962	43100	1	1900	2	43200	1800
S030_DAY2_MINITWICE_1820	100	Picture	FF	5589262	0	1	43100	2	0	43200
S030_DAY2_MINITWICE_1820	100	Pulse	99	5591319	2057	NA
S030_DAY2_MINITWICE_1820	100	Port Input	1	5591319	2057	NA
S030_DAY2_MINITWICE_1820	100	Response	52	5611941	22679	2
S030_DAY2_MINITWICE_1820	100	Pulse	99	5627321	38059	NA
S030_DAY2_MINITWICE_1820	100	Port Input	1	5627321	38059	NA
S030_DAY2_MINITWICE_1820	100	Picture	94_T_FFTRIAD_FF_chupete_red.png	5632362	43100	1	1899	3	43200	1800
S030_DAY2_MINITWICE_1820	101	Picture	FF	5634561	0	2	43200	3	0	43200
S030_DAY2_MINITWICE_1820	101	Response	51	5655509	20948	1
S030_DAY2_MINITWICE_1820	101	Pulse	99	5663321	28760	NA
S030_DAY2_MINITWICE_1820	101	Port Input	1	5663321	28760	NA
S030_DAY2_MINITWICE_1820	101	Picture	95_T_FFTRIAD_FF_teclado_red.png	5677761	43200	1	1900	2	43200	1800
S030_DAY2_MINITWICE_1820	102	Picture	FF	5679961	0	1	43200	2	0	43200
S030_DAY2_MINITWICE_1820	102	Response	51	5694283	14322	2
S030_DAY2_MINITWICE_1820	102	Pulse	99	5699322	19361	NA
S030_DAY2_MINITWICE_1820	102	Port Input	1	5699322	19361	NA
S030_DAY2_MINITWICE_1820	102	Picture	96_T_FFTRIAD_FF_tijera_red.png	5723161	43200	1	1900	2	43200	1800
S030_DAY2_MINITWICE_1820	103	Picture	FF	5725361	0	1	43200	2	0	43200
S030_DAY2_MINITWICE_1820	103	Pulse	99	5735323	9962	NA
S030_DAY2_MINITWICE_1820	103	Port Input	1	5735323	9962	NA
S030_DAY2_MINITWICE_1820	103	Response	52	5747339	21978	1
S030_DAY2_MINITWICE_1820	103	Picture	97_T_FFTRIAD_FF_plato_red.png	5768561	43200	1	1900	2	43200	1800
S030_DAY2_MINITWICE_1820	104	Picture	FF	5770761	0	1	43199	2	0	43200
S030_DAY2_MINITWICE_1820	104	Pulse	99	5771324	563	NA
S030_DAY2_MINITWICE_1820	104	Port Input	1	5771324	563	NA
S030_DAY2_MINITWICE_1820	104	Response	51	5789395	18634	1
S030_DAY2_MINITWICE_1820	104	Pulse	99	5807325	36564	NA
S030_DAY2_MINITWICE_1820	104	Port Input	1	5807325	36564	NA
S030_DAY2_MINITWICE_1820	104	Picture	98_T_FFTRIAD_FF_lechuga_red.png	5813960	43199	1	1900	2	43200	1800
S030_DAY2_MINITWICE_1820	105	Picture	FF	5816260	0	1	43100	2	0	43200
S030_DAY2_MINITWICE_1820	105	Pulse	99	5843326	27066	NA
S030_DAY2_MINITWICE_1820	105	Port Input	1	5843326	27066	NA
S030_DAY2_MINITWICE_1820	105	Response	51	5846967	30707	1
S030_DAY2_MINITWICE_1820	105	Picture	99_T_FFTRIAD_FF_carruaje_red.png	5859360	43100	1	1900	2	43200	1800
S030_DAY2_MINITWICE_1820	106	Picture	FF	5861660	0	1	43100	2	0	43200
S030_DAY2_MINITWICE_1820	106	Response	52	5871582	9922	1
S030_DAY2_MINITWICE_1820	106	Pulse	99	5879327	17667	NA
S030_DAY2_MINITWICE_1820	106	Port Input	1	5879327	17667	NA
S030_DAY2_MINITWICE_1820	106	Picture	100_T_FFTRIAD_FF_cerillas_red.png	5904760	43100	1	1900	2	43200	1800
S030_DAY2_MINITWICE_1820	107	Picture	rest	5906760	0	1	144099	2	0	144000
S030_DAY2_MINITWICE_1820	107	Pulse	99	5915328	8568	NA
S030_DAY2_MINITWICE_1820	107	Port Input	1	5915328	8568	NA
S030_DAY2_MINITWICE_1820	107	Pulse	99	5951329	44569	NA
S030_DAY2_MINITWICE_1820	107	Port Input	1	5951329	44569	NA
S030_DAY2_MINITWICE_1820	107	Pulse	99	5987330	80570	NA
S030_DAY2_MINITWICE_1820	107	Port Input	1	5987330	80570	NA
S030_DAY2_MINITWICE_1820	107	Pulse	99	6023331	116571	NA
S030_DAY2_MINITWICE_1820	107	Port Input	1	6023331	116571	NA
S030_DAY2_MINITWICE_1820	108	Picture	endrest	6050959	0	1	10099	3	0	10000
S030_DAY2_MINITWICE_1820	108	Pulse	99	6059332	8373	NA
S030_DAY2_MINITWICE_1820	108	Port Input	1	6059332	8373	NA
S030_DAY2_MINITWICE_1820	109	Picture	RW	6061359	0	1	43199	2	0	43200
S030_DAY2_MINITWICE_1820	109	Response	52	6079252	17893	1
S030_DAY2_MINITWICE_1820	109	Pulse	99	6095333	33974	NA
S030_DAY2_MINITWICE_1820	109	Port Input	1	6095333	33974	NA
S030_DAY2_MINITWICE_1820	109	Picture	103_T_RWTRIAD_RW_cuento_red.png	6104558	43199	1	1900	2	43200	1800
S030_DAY2_MINITWICE_1820	110	Picture	RW	6106858	0	1	43100	2	0	43200
S030_DAY2_MINITWICE_1820	110	Pulse	99	6131334	24476	NA
S030_DAY2_MINITWICE_1820	110	Port Input	1	6131334	24476	NA
S030_DAY2_MINITWICE_1820	110	Response	51	6139257	32399	1
S030_DAY2_MINITWICE_1820	110	Picture	104_T_RWTRIAD_RW_lechuga_red.png	6149958	43100	1	1900	2	43200	1800
S030_DAY2_MINITWICE_1820	111	Picture	RW	6152258	0	1	43100	2	0	43200
S030_DAY2_MINITWICE_1820	111	Response	52	6166918	14660	2
S030_DAY2_MINITWICE_1820	111	Pulse	99	6167335	15077	NA
S030_DAY2_MINITWICE_1820	111	Port Input	1	6167335	15077	NA
S030_DAY2_MINITWICE_1820	111	Picture	105_T_RWTRIAD_RW_paraguas_red.png	6195358	43100	1	1900	2	43200	1800
S030_DAY2_MINITWICE_1820	112	Picture	RW	6197658	0	1	43099	2	0	43200
S030_DAY2_MINITWICE_1820	112	Pulse	99	6203336	5678	NA
S030_DAY2_MINITWICE_1820	112	Port Input	1	6203336	5678	NA
S030_DAY2_MINITWICE_1820	112	Response	51	6211848	14190	2
S030_DAY2_MINITWICE_1820	112	Pulse	99	6239337	41679	NA
S030_DAY2_MINITWICE_1820	112	Port Input	1	6239337	41679	NA
S030_DAY2_MINITWICE_1820	112	Picture	106_T_RWTRIAD_RW_manos_red.png	6240757	43099	1	1900	2	43200	1800
S030_DAY2_MINITWICE_1820	113	Picture	RW	6242957	0	1	43200	2	0	43200
S030_DAY2_MINITWICE_1820	113	Response	52	6266092	23135	1
S030_DAY2_MINITWICE_1820	113	Pulse	99	6275338	32381	NA
S030_DAY2_MINITWICE_1820	113	Port Input	1	6275338	32381	NA
S030_DAY2_MINITWICE_1820	113	Picture	107_T_RWTRIAD_RW_raton_red.png	6286157	43200	1	1900	2	43200	1800
S030_DAY2_MINITWICE_1820	114	Picture	RW	6288457	0	1	43100	2	0	43200
S030_DAY2_MINITWICE_1820	114	Response	51	6305602	17145	1
S030_DAY2_MINITWICE_1820	114	Pulse	99	6311339	22882	NA
S030_DAY2_MINITWICE_1820	114	Port Input	1	6311339	22882	NA
S030_DAY2_MINITWICE_1820	114	Picture	108_T_RWTRIAD_RW_traje_red.png	6331557	43100	1	1900	2	43200	1800
S030_DAY2_MINITWICE_1820	115	Picture	RW	6333857	0	1	43099	4	0	43200
S030_DAY2_MINITWICE_1820	115	Pulse	99	6347340	13483	NA
S030_DAY2_MINITWICE_1820	115	Port Input	1	6347340	13483	NA
S030_DAY2_MINITWICE_1820	115	Response	51	6349246	15389	1
S030_DAY2_MINITWICE_1820	115	Picture	109_T_RWTRIAD_RW_portatil_red.png	6376956	43099	3	1900	6	43200	1800
S030_DAY2_MINITWICE_1820	116	Picture	RW	6379256	0	3	43100	5	0	43200
S030_DAY2_MINITWICE_1820	116	Pulse	99	6383341	4085	NA
S030_DAY2_MINITWICE_1820	116	Port Input	1	6383341	4085	NA
S030_DAY2_MINITWICE_1820	116	Response	51	6408804	29548	1
S030_DAY2_MINITWICE_1820	116	Pulse	99	6419342	40086	NA
S030_DAY2_MINITWICE_1820	116	Port Input	1	6419342	40086	NA
S030_DAY2_MINITWICE_1820	116	Picture	110_T_RWTRIAD_RW_piramide_red.png	6422356	43100	2	1900	3	43200	1800
S030_DAY2_MINITWICE_1820	117	Picture	rest	6424356	0	1	144098	4	0	144000
S030_DAY2_MINITWICE_1820	118	Picture	endrest	6568555	0	1	10099	4	0	10000
S030_DAY2_MINITWICE_1820	119	Picture	RW	6579055	0	1	43199	3	0	43200
S030_DAY2_MINITWICE_1820	119	Response	52	6595492	16437	1
S030_DAY2_MINITWICE_1820	119	Picture	113_T_RWTRIAD_RW_agua_red.png	6622254	43199	2	1900	4	43200	1800
S030_DAY2_MINITWICE_1820	120	Picture	RW	6624454	0	2	43199	5	0	43200
S030_DAY2_MINITWICE_1820	120	Response	51	6652675	28221	1
S030_DAY2_MINITWICE_1820	120	Picture	114_T_RWTRIAD_RW_madera_red.png	6667653	43199	3	1900	6	43200	1800
S030_DAY2_MINITWICE_1820	121	Picture	RW	6669953	0	3	43101	4	0	43200
S030_DAY2_MINITWICE_1820	121	Response	51	6700030	30077	1
S030_DAY2_MINITWICE_1820	121	Picture	115_T_RWTRIAD_RW_ascensor_red.png	6713054	43101	1	1900	2	43200	1800
S030_DAY2_MINITWICE_1820	122	Picture	RW	6715353	0	2	43101	3	0	43200
S030_DAY2_MINITWICE_1820	122	Response	51	6736098	20745	1
S030_DAY2_MINITWICE_1820	122	Picture	116_T_RWTRIAD_RW_dedal_red.png	6758454	43101	1	1900	2	43200	1800
S030_DAY2_MINITWICE_1820	123	Picture	PW	6760754	0	1	43100	2	0	43200
S030_DAY2_MINITWICE_1820	123	Response	51	6780996	20242	1
S030_DAY2_MINITWICE_1820	123	Picture	117_T_PWTRIAD_PW_sombrilla_red.png	6803854	43100	1	1898	4	43200	1800
S030_DAY2_MINITWICE_1820	124	Picture	PW	6806153	0	2	43200	3	0	43200
S030_DAY2_MINITWICE_1820	124	Response	52	6822298	16145	1
S030_DAY2_MINITWICE_1820	124	Picture	118_T_PWTRIAD_PW_candado_red.png	6849353	43200	1	1900	2	43200	1800
S030_DAY2_MINITWICE_1820	125	Picture	PW	6851653	0	1	43100	2	0	43200
S030_DAY2_MINITWICE_1820	125	Response	52	6871528	19875	1
S030_DAY2_MINITWICE_1820	125	Picture	119_T_PWTRIAD_PW_grapadora_red.png	6894753	43100	1	1900	2	43200	1800
S030_DAY2_MINITWICE_1820	126	Picture	PW	6897053	0	1	43200	2	0	43200
S030_DAY2_MINITWICE_1820	126	Response	51	6920780	23727	1
S030_DAY2_MINITWICE_1820	126	Picture	120_T_PWTRIAD_PW_carruaje_red.png	6940253	43200	1	1900	2	43200	1800
S030_DAY2_MINITWICE_1820	127	Picture	rest	6942253	0	1	144099	2	0	144000
S030_DAY2_MINITWICE_1820	128	Picture	endrest	7086452	0	1	10099	3	0	10000
S030_DAY2_MINITWICE_1820	129	Picture	RW	7096952	0	1	43099	2	0	43200
S030_DAY2_MINITWICE_1820	129	Response	51	7120931	23979	1
S030_DAY2_MINITWICE_1820	129	Picture	123_T_RWTRIAD_RW_cortina_red.png	7140051	43099	1	1900	2	43200	1800
S030_DAY2_MINITWICE_1820	130	Picture	RW	7142251	0	1	43200	2	0	43200
S030_DAY2_MINITWICE_1820	130	Response	51	7172622	30371	1
S030_DAY2_MINITWICE_1820	130	Picture	124_T_RWTRIAD_RW_perro_red.png	7185451	43200	1	1900	2	43200	1800
S030_DAY2_MINITWICE_1820	131	Picture	RW	7187751	0	1	43100	2	0	43200
S030_DAY2_MINITWICE_1820	131	Response	52	7204053	16302	1
S030_DAY2_MINITWICE_1820	131	Picture	125_T_RWTRIAD_RW_gafas_red.png	7230851	43100	1	1900	2	43200	1800
S030_DAY2_MINITWICE_1820	132	Picture	RW	7233051	0	1	43199	2	0	43200
S030_DAY2_MINITWICE_1820	132	Response	51	7252049	18998	2
S030_DAY2_MINITWICE_1820	132	Picture	126_T_RWTRIAD_RW_banera_red.png	7276250	43199	1	1900	2	43200	1800
S030_DAY2_MINITWICE_1820	133	Picture	RW	7278550	0	1	43100	2	0	43200
S030_DAY2_MINITWICE_1820	133	Response	51	7294768	16218	1
S030_DAY2_MINITWICE_1820	133	Picture	127_T_RWTRIAD_RW_pizarra_red.png	7321650	43100	1	1900	2	43200	1800
S030_DAY2_MINITWICE_1820	134	Picture	RW	7323850	0	1	43200	2	0	43200
S030_DAY2_MINITWICE_1820	134	Response	51	7358910	35060	1
S030_DAY2_MINITWICE_1820	134	Picture	128_T_RWTRIAD_RW_estetoscopio_red.png	7367050	43200	1	1900	2	43200	1800
S030_DAY2_MINITWICE_1820	135	Picture	RW	7369350	0	1	43099	2	0	43200
S030_DAY2_MINITWICE_1820	135	Response	51	7393821	24471	1
S030_DAY2_MINITWICE_1820	135	Picture	129_T_RWTRIAD_RW_granjero_red.png	7412449	43099	1	1900	2	43200	1800
S030_DAY2_MINITWICE_1820	136	Picture	RW	7414749	0	1	43100	2	0	43200
S030_DAY2_MINITWICE_1820	136	Response	52	7431812	17063	1
S030_DAY2_MINITWICE_1820	136	Picture	130_T_RWTRIAD_RW_sapo_red.png	7457849	43100	1	1900	2	43200	1800
S030_DAY2_MINITWICE_1820	137	Picture	rest	7459849	0	1	144099	2	0	144000
S030_DAY2_MINITWICE_1820	138	Picture	endrest	7604048	0	1	10100	2	0	10000
S030_DAY2_MINITWICE_1820	139	Picture	RW	7614448	0	1	43200	2	0	43200
S030_DAY2_MINITWICE_1820	139	Picture	133_T_RWTRIAD_RW_monja_red.png	7657648	43200	1	1900	2	43200	1800
S030_DAY2_MINITWICE_1820	140	Picture	RW	7659748	0	1	43199	3	0	43200
S030_DAY2_MINITWICE_1820	140	Response	52	7660904	1156	1
S030_DAY2_MINITWICE_1820	140	Response	52	7672991	13243	1
S030_DAY2_MINITWICE_1820	140	Picture	134_T_RWTRIAD_RW_futbol_red.png	7702947	43199	2	1900	3	43200	1800
S030_DAY2_MINITWICE_1820	141	Picture	RW	7705247	0	1	43100	2	0	43200
S030_DAY2_MINITWICE_1820	141	Response	51	7719782	14535	1
S030_DAY2_MINITWICE_1820	141	Picture	135_T_RWTRIAD_RW_policia_red.png	7748347	43100	1	1900	2	43200	1800
S030_DAY2_MINITWICE_1820	142	Picture	RW	7750647	0	1	43100	2	0	43200
S030_DAY2_MINITWICE_1820	142	Response	52	7764964	14317	1
S030_DAY2_MINITWICE_1820	142	Picture	136_T_RWTRIAD_RW_arbol_red.png	7793747	43100	1	1900	2	43200	1800
S030_DAY2_MINITWICE_1820	143	Picture	rest	7795747	0	1	144099	2	0	144000
S030_DAY2_MINITWICE_1820	144	Picture	endrest	7939946	0	1	10100	2	0	10000
S030_DAY2_MINITWICE_1820	145	Picture	endrest	7950146	0	1	10100	2	0	10000
S030_DAY2_MINITWICE_1820	146	Picture	endrest	7960346	0	1	10100	2	0	10000
S030_DAY2_MINITWICE_1820	147	Picture	endrest	7970546	0	1	10099	3	0	10000
