Scenario - vOT_Triads_fMRI_II
Logfile written - 03/15/2016 14:05:23

Subject	Trial	Event Type	Code	Time	TTime	Uncertainty	Duration	Uncertainty	ReqTime	ReqDur

S031_DAY1_MINITWICE_5547	1	Pulse	99	212826	222739	NA
S031_DAY1_MINITWICE_5547	1	Port Input	1	212826	222739	NA
S031_DAY1_MINITWICE_5547	1	Pulse	99	248827	258740	NA
S031_DAY1_MINITWICE_5547	1	Port Input	1	248827	258740	NA
S031_DAY1_MINITWICE_5547	1	Pulse	99	284829	294742	NA
S031_DAY1_MINITWICE_5547	1	Port Input	1	284829	294742	NA
S031_DAY1_MINITWICE_5547	1	Pulse	99	320829	330742	NA
S031_DAY1_MINITWICE_5547	1	Port Input	1	320829	330742	NA
S031_DAY1_MINITWICE_5547	1	Pulse	99	356830	366743	NA
S031_DAY1_MINITWICE_5547	1	Port Input	1	356830	366743	NA
S031_DAY1_MINITWICE_5547	2	Picture	rest	357097	0	1	144099	2	0	144000
S031_DAY1_MINITWICE_5547	2	Pulse	99	392831	35734	NA
S031_DAY1_MINITWICE_5547	2	Port Input	1	392831	35734	NA
S031_DAY1_MINITWICE_5547	2	Pulse	99	428832	71735	NA
S031_DAY1_MINITWICE_5547	2	Port Input	1	428832	71735	NA
S031_DAY1_MINITWICE_5547	2	Pulse	99	464833	107736	NA
S031_DAY1_MINITWICE_5547	2	Port Input	1	464833	107736	NA
S031_DAY1_MINITWICE_5547	2	Pulse	99	500834	143737	NA
S031_DAY1_MINITWICE_5547	2	Port Input	1	500834	143737	NA
S031_DAY1_MINITWICE_5547	3	Picture	endrest	501295	0	3	10101	4	0	10000
S031_DAY1_MINITWICE_5547	4	Picture	FF	511696	0	1	43199	3	0	43200
S031_DAY1_MINITWICE_5547	4	Response	52	533558	21862	1
S031_DAY1_MINITWICE_5547	4	Pulse	99	536835	25139	NA
S031_DAY1_MINITWICE_5547	4	Port Input	1	536835	25139	NA
S031_DAY1_MINITWICE_5547	4	Picture	3_T_FFTRIAD_FF_botella_red.png	554895	43199	2	1900	4	43200	1800
S031_DAY1_MINITWICE_5547	5	Picture	FF	557095	0	2	43199	5	0	43200
S031_DAY1_MINITWICE_5547	5	Response	52	569848	12753	1
S031_DAY1_MINITWICE_5547	5	Pulse	99	572836	15741	NA
S031_DAY1_MINITWICE_5547	5	Port Input	1	572836	15741	NA
S031_DAY1_MINITWICE_5547	5	Picture	4_T_FFTRIAD_FF_pilas_red.png	600294	43199	3	1901	4	43200	1800
S031_DAY1_MINITWICE_5547	6	Picture	FF	602595	0	2	43100	3	0	43200
S031_DAY1_MINITWICE_5547	6	Pulse	99	608837	6242	NA
S031_DAY1_MINITWICE_5547	6	Port Input	1	608837	6242	NA
S031_DAY1_MINITWICE_5547	6	Response	52	614152	11557	1
S031_DAY1_MINITWICE_5547	6	Pulse	99	644838	42243	NA
S031_DAY1_MINITWICE_5547	6	Port Input	1	644838	42243	NA
S031_DAY1_MINITWICE_5547	6	Picture	5_T_FFTRIAD_FF_anillo_red.png	645695	43100	1	1899	3	43200	1800
S031_DAY1_MINITWICE_5547	7	Picture	FF	647895	0	1	43098	4	0	43200
S031_DAY1_MINITWICE_5547	7	Response	52	667865	19970	1
S031_DAY1_MINITWICE_5547	7	Pulse	99	680839	32944	NA
S031_DAY1_MINITWICE_5547	7	Port Input	1	680839	32944	NA
S031_DAY1_MINITWICE_5547	7	Picture	6_T_FFTRIAD_FF_arbol_red.png	690993	43098	3	1902	4	43200	1800
S031_DAY1_MINITWICE_5547	8	Picture	PW	693193	0	3	43101	4	0	43200
S031_DAY1_MINITWICE_5547	8	Pulse	99	716840	23647	NA
S031_DAY1_MINITWICE_5547	8	Port Input	1	716840	23647	NA
S031_DAY1_MINITWICE_5547	8	Response	52	733040	39847	1
S031_DAY1_MINITWICE_5547	8	Picture	7_T_PWTRIAD_PW_bala_red.png	736294	43101	1	1900	2	43200	1800
S031_DAY1_MINITWICE_5547	9	Picture	PW	738594	0	1	43100	2	0	43200
S031_DAY1_MINITWICE_5547	9	Pulse	99	752841	14247	NA
S031_DAY1_MINITWICE_5547	9	Port Input	1	752841	14247	NA
S031_DAY1_MINITWICE_5547	9	Response	51	763120	24526	1
S031_DAY1_MINITWICE_5547	9	Picture	8_T_PWTRIAD_PW_cortina_red.png	781694	43100	1	1900	2	43200	1800
S031_DAY1_MINITWICE_5547	10	Picture	PW	783994	0	1	43200	2	0	43200
S031_DAY1_MINITWICE_5547	10	Pulse	99	788842	4848	NA
S031_DAY1_MINITWICE_5547	10	Port Input	1	788842	4848	NA
S031_DAY1_MINITWICE_5547	10	Response	51	801579	17585	1
S031_DAY1_MINITWICE_5547	10	Pulse	99	824843	40849	NA
S031_DAY1_MINITWICE_5547	10	Port Input	1	824843	40849	NA
S031_DAY1_MINITWICE_5547	10	Picture	9_T_PWTRIAD_PW_grifo_red.png	827194	43200	1	1900	2	43200	1800
S031_DAY1_MINITWICE_5547	11	Picture	PW	829494	0	1	43099	2	0	43200
S031_DAY1_MINITWICE_5547	11	Response	52	853005	23511	1
S031_DAY1_MINITWICE_5547	11	Pulse	99	860844	31350	NA
S031_DAY1_MINITWICE_5547	11	Port Input	1	860844	31350	NA
S031_DAY1_MINITWICE_5547	11	Picture	10_T_PWTRIAD_PW_gafas_red.png	872593	43099	1	1900	2	43200	1800
S031_DAY1_MINITWICE_5547	12	Picture	rest	874593	0	1	144099	3	0	144000
S031_DAY1_MINITWICE_5547	12	Pulse	99	896845	22252	NA
S031_DAY1_MINITWICE_5547	12	Port Input	1	896845	22252	NA
S031_DAY1_MINITWICE_5547	12	Pulse	99	932846	58253	NA
S031_DAY1_MINITWICE_5547	12	Port Input	1	932846	58253	NA
S031_DAY1_MINITWICE_5547	12	Pulse	99	968847	94254	NA
S031_DAY1_MINITWICE_5547	12	Port Input	1	968847	94254	NA
S031_DAY1_MINITWICE_5547	12	Pulse	99	1004848	130255	NA
S031_DAY1_MINITWICE_5547	12	Port Input	1	1004848	130255	NA
S031_DAY1_MINITWICE_5547	13	Picture	endrest	1018792	0	2	10100	3	0	10000
S031_DAY1_MINITWICE_5547	14	Picture	FF	1029192	0	1	43200	2	0	43200
S031_DAY1_MINITWICE_5547	14	Pulse	99	1040849	11657	NA
S031_DAY1_MINITWICE_5547	14	Port Input	1	1040849	11657	NA
S031_DAY1_MINITWICE_5547	14	Response	52	1055859	26667	1
S031_DAY1_MINITWICE_5547	14	Picture	13_T_FFTRIAD_FF_oruga_red.png	1072392	43200	1	1900	2	43200	1800
S031_DAY1_MINITWICE_5547	15	Picture	FF	1074592	0	1	43200	2	0	43200
S031_DAY1_MINITWICE_5547	15	Pulse	99	1076850	2258	NA
S031_DAY1_MINITWICE_5547	15	Port Input	1	1076850	2258	NA
S031_DAY1_MINITWICE_5547	15	Response	51	1085668	11076	1
S031_DAY1_MINITWICE_5547	15	Pulse	99	1112851	38259	NA
S031_DAY1_MINITWICE_5547	15	Port Input	1	1112851	38259	NA
S031_DAY1_MINITWICE_5547	15	Picture	14_T_FFTRIAD_FF_teclado_red.png	1117792	43200	1	1900	2	43200	1800
S031_DAY1_MINITWICE_5547	16	Picture	FF	1119992	0	1	43199	3	0	43200
S031_DAY1_MINITWICE_5547	16	Response	52	1128710	8718	1
S031_DAY1_MINITWICE_5547	16	Pulse	99	1148852	28860	NA
S031_DAY1_MINITWICE_5547	16	Port Input	1	1148852	28860	NA
S031_DAY1_MINITWICE_5547	16	Picture	15_T_FFTRIAD_FF_cinturon_red.png	1163191	43199	2	1900	4	43200	1800
S031_DAY1_MINITWICE_5547	17	Picture	FF	1165391	0	2	43200	3	0	43200
S031_DAY1_MINITWICE_5547	17	Response	52	1176179	10788	1
S031_DAY1_MINITWICE_5547	17	Pulse	99	1184853	19462	NA
S031_DAY1_MINITWICE_5547	17	Port Input	1	1184853	19462	NA
S031_DAY1_MINITWICE_5547	17	Picture	16_T_FFTRIAD_FF_sobre_red.png	1208591	43200	1	1900	2	43200	1800
S031_DAY1_MINITWICE_5547	18	Picture	PW	1210891	0	1	43200	2	0	43200
S031_DAY1_MINITWICE_5547	18	Pulse	99	1220854	9963	NA
S031_DAY1_MINITWICE_5547	18	Port Input	1	1220854	9963	NA
S031_DAY1_MINITWICE_5547	18	Response	52	1235665	24774	1
S031_DAY1_MINITWICE_5547	18	Picture	17_T_PWTRIAD_PW_charco_red.png	1254091	43200	1	1900	2	43200	1800
S031_DAY1_MINITWICE_5547	19	Picture	PW	1256291	0	1	43200	2	0	43200
S031_DAY1_MINITWICE_5547	19	Pulse	99	1256855	564	NA
S031_DAY1_MINITWICE_5547	19	Port Input	1	1256855	564	NA
S031_DAY1_MINITWICE_5547	19	Response	52	1277222	20931	1
S031_DAY1_MINITWICE_5547	19	Pulse	99	1292856	36565	NA
S031_DAY1_MINITWICE_5547	19	Port Input	1	1292856	36565	NA
S031_DAY1_MINITWICE_5547	19	Picture	18_T_PWTRIAD_PW_pluma_red.png	1299491	43200	1	1900	2	43200	1800
S031_DAY1_MINITWICE_5547	20	Picture	PW	1301691	0	1	43199	2	0	43200
S031_DAY1_MINITWICE_5547	20	Response	52	1327416	25725	1
S031_DAY1_MINITWICE_5547	20	Pulse	99	1328857	27166	NA
S031_DAY1_MINITWICE_5547	20	Port Input	1	1328857	27166	NA
S031_DAY1_MINITWICE_5547	20	Picture	19_T_PWTRIAD_PW_telefono_red.png	1344890	43199	1	1900	2	43200	1800
S031_DAY1_MINITWICE_5547	21	Picture	PW	1346990	0	1	43200	2	0	43200
S031_DAY1_MINITWICE_5547	21	Response	51	1360241	13251	1
S031_DAY1_MINITWICE_5547	21	Pulse	99	1364858	17868	NA
S031_DAY1_MINITWICE_5547	21	Port Input	1	1364858	17868	NA
S031_DAY1_MINITWICE_5547	21	Picture	20_T_PWTRIAD_PW_dedal_red.png	1390190	43200	1	1900	2	43200	1800
S031_DAY1_MINITWICE_5547	22	Picture	rest	1392190	0	1	144099	2	0	144000
S031_DAY1_MINITWICE_5547	22	Pulse	99	1400859	8669	NA
S031_DAY1_MINITWICE_5547	22	Port Input	1	1400859	8669	NA
S031_DAY1_MINITWICE_5547	22	Pulse	99	1436860	44670	NA
S031_DAY1_MINITWICE_5547	22	Port Input	1	1436860	44670	NA
S031_DAY1_MINITWICE_5547	22	Pulse	99	1472861	80671	NA
S031_DAY1_MINITWICE_5547	22	Port Input	1	1472861	80671	NA
S031_DAY1_MINITWICE_5547	22	Pulse	99	1508862	116672	NA
S031_DAY1_MINITWICE_5547	22	Port Input	1	1508862	116672	NA
S031_DAY1_MINITWICE_5547	23	Picture	endrest	1536389	0	1	10100	2	0	10000
S031_DAY1_MINITWICE_5547	23	Pulse	99	1544863	8474	NA
S031_DAY1_MINITWICE_5547	23	Port Input	1	1544863	8474	NA
S031_DAY1_MINITWICE_5547	24	Picture	FF	1546789	0	1	43100	2	0	43200
S031_DAY1_MINITWICE_5547	24	Response	52	1564652	17863	2
S031_DAY1_MINITWICE_5547	24	Pulse	99	1580864	34075	NA
S031_DAY1_MINITWICE_5547	24	Port Input	1	1580864	34075	NA
S031_DAY1_MINITWICE_5547	24	Picture	23_T_FFTRIAD_FF_esquimal_red.png	1589889	43100	1	1900	2	43200	1800
S031_DAY1_MINITWICE_5547	25	Picture	FF	1592089	0	1	43199	3	0	43200
S031_DAY1_MINITWICE_5547	25	Response	51	1602371	10282	1
S031_DAY1_MINITWICE_5547	25	Pulse	99	1616865	24776	NA
S031_DAY1_MINITWICE_5547	25	Port Input	1	1616865	24776	NA
S031_DAY1_MINITWICE_5547	25	Picture	24_T_FFTRIAD_FF_bellota_red.png	1635288	43199	2	1900	4	43200	1800
S031_DAY1_MINITWICE_5547	26	Picture	FF	1637488	0	2	43200	3	0	43200
S031_DAY1_MINITWICE_5547	26	Response	51	1648085	10597	2
S031_DAY1_MINITWICE_5547	26	Pulse	99	1652866	15378	NA
S031_DAY1_MINITWICE_5547	26	Port Input	1	1652866	15378	NA
S031_DAY1_MINITWICE_5547	26	Picture	25_T_FFTRIAD_FF_grapadora_red.png	1680688	43200	1	1900	2	43200	1800
S031_DAY1_MINITWICE_5547	27	Picture	FF	1682888	0	1	43100	2	0	43200
S031_DAY1_MINITWICE_5547	27	Pulse	99	1688866	5978	NA
S031_DAY1_MINITWICE_5547	27	Port Input	1	1688866	5978	NA
S031_DAY1_MINITWICE_5547	27	Response	52	1701306	18418	1
S031_DAY1_MINITWICE_5547	27	Pulse	99	1724867	41979	NA
S031_DAY1_MINITWICE_5547	27	Port Input	1	1724867	41979	NA
S031_DAY1_MINITWICE_5547	27	Picture	26_T_FFTRIAD_FF_lana_red.png	1725988	43100	1	1900	2	43200	1800
S031_DAY1_MINITWICE_5547	28	Picture	PW	1728188	0	1	43100	2	0	43200
S031_DAY1_MINITWICE_5547	28	Response	52	1760391	32203	1
S031_DAY1_MINITWICE_5547	28	Pulse	99	1760868	32680	NA
S031_DAY1_MINITWICE_5547	28	Port Input	1	1760868	32680	NA
S031_DAY1_MINITWICE_5547	28	Picture	27_T_PWTRIAD_PW_violin_red.png	1771288	43100	1	1900	2	43200	1800
S031_DAY1_MINITWICE_5547	29	Picture	PW	1773487	0	2	43200	3	0	43200
S031_DAY1_MINITWICE_5547	29	Response	52	1788099	14612	1
S031_DAY1_MINITWICE_5547	29	Pulse	99	1796870	23383	NA
S031_DAY1_MINITWICE_5547	29	Port Input	1	1796870	23383	NA
S031_DAY1_MINITWICE_5547	29	Picture	28_T_PWTRIAD_PW_leche_red.png	1816687	43200	1	1900	2	43200	1800
S031_DAY1_MINITWICE_5547	30	Picture	PW	1818787	0	1	43200	2	0	43200
S031_DAY1_MINITWICE_5547	30	Pulse	99	1832870	14083	NA
S031_DAY1_MINITWICE_5547	30	Port Input	1	1832870	14083	NA
S031_DAY1_MINITWICE_5547	30	Response	52	1841615	22828	1
S031_DAY1_MINITWICE_5547	30	Picture	29_T_PWTRIAD_PW_television_red.png	1861987	43200	1	1900	2	43200	1800
S031_DAY1_MINITWICE_5547	31	Picture	PW	1864287	0	1	43100	2	0	43200
S031_DAY1_MINITWICE_5547	31	Pulse	99	1868871	4584	NA
S031_DAY1_MINITWICE_5547	31	Port Input	1	1868871	4584	NA
S031_DAY1_MINITWICE_5547	31	Response	51	1880065	15778	1
S031_DAY1_MINITWICE_5547	31	Pulse	99	1904872	40585	NA
S031_DAY1_MINITWICE_5547	31	Port Input	1	1904872	40585	NA
S031_DAY1_MINITWICE_5547	31	Picture	30_T_PWTRIAD_PW_novia_red.png	1907387	43100	1	1900	2	43200	1800
S031_DAY1_MINITWICE_5547	32	Picture	rest	1909387	0	1	144099	2	0	144000
S031_DAY1_MINITWICE_5547	32	Pulse	99	1940873	31486	NA
S031_DAY1_MINITWICE_5547	32	Port Input	1	1940873	31486	NA
S031_DAY1_MINITWICE_5547	32	Pulse	99	1976874	67487	NA
S031_DAY1_MINITWICE_5547	32	Port Input	1	1976874	67487	NA
S031_DAY1_MINITWICE_5547	32	Pulse	99	2012875	103488	NA
S031_DAY1_MINITWICE_5547	32	Port Input	1	2012875	103488	NA
S031_DAY1_MINITWICE_5547	32	Pulse	99	2048876	139489	NA
S031_DAY1_MINITWICE_5547	32	Port Input	1	2048876	139489	NA
S031_DAY1_MINITWICE_5547	33	Picture	endrest	2053586	0	1	10100	2	0	10000
S031_DAY1_MINITWICE_5547	34	Picture	RW	2064086	0	1	43099	2	0	43200
S031_DAY1_MINITWICE_5547	34	Response	52	2081821	17735	2
S031_DAY1_MINITWICE_5547	34	Pulse	99	2084877	20791	NA
S031_DAY1_MINITWICE_5547	34	Port Input	1	2084877	20791	NA
S031_DAY1_MINITWICE_5547	34	Picture	33_T_RWTRIAD_RW_esquimal_red.png	2107185	43099	1	1900	2	43200	1800
S031_DAY1_MINITWICE_5547	35	Picture	RW	2109485	0	1	43100	2	0	43200
S031_DAY1_MINITWICE_5547	35	Pulse	99	2120878	11393	NA
S031_DAY1_MINITWICE_5547	35	Port Input	1	2120878	11393	NA
S031_DAY1_MINITWICE_5547	35	Response	52	2122866	13381	1
S031_DAY1_MINITWICE_5547	35	Picture	34_T_RWTRIAD_RW_llave_red.png	2152585	43100	1	1900	2	43200	1800
S031_DAY1_MINITWICE_5547	36	Picture	RW	2154885	0	1	43100	2	0	43200
S031_DAY1_MINITWICE_5547	36	Pulse	99	2156879	1994	NA
S031_DAY1_MINITWICE_5547	36	Port Input	1	2156879	1994	NA
S031_DAY1_MINITWICE_5547	36	Response	52	2165785	10900	1
S031_DAY1_MINITWICE_5547	36	Pulse	99	2192880	37995	NA
S031_DAY1_MINITWICE_5547	36	Port Input	1	2192880	37995	NA
S031_DAY1_MINITWICE_5547	36	Picture	35_T_RWTRIAD_RW_gafas_red.png	2197985	43100	1	1900	2	43200	1800
S031_DAY1_MINITWICE_5547	37	Picture	RW	2200085	0	1	43199	3	0	43200
S031_DAY1_MINITWICE_5547	37	Response	51	2209382	9297	1
S031_DAY1_MINITWICE_5547	37	Pulse	99	2228881	28796	NA
S031_DAY1_MINITWICE_5547	37	Port Input	1	2228881	28796	NA
S031_DAY1_MINITWICE_5547	37	Picture	36_T_RWTRIAD_RW_grifo_red.png	2243284	43199	2	1900	4	43200	1800
S031_DAY1_MINITWICE_5547	38	Picture	FF	2245484	0	2	43200	3	0	43200
S031_DAY1_MINITWICE_5547	38	Response	51	2255174	9690	1
S031_DAY1_MINITWICE_5547	38	Pulse	99	2264882	19398	NA
S031_DAY1_MINITWICE_5547	38	Port Input	1	2264882	19398	NA
S031_DAY1_MINITWICE_5547	38	Picture	37_T_FFTRIAD_FF_martillo_red.png	2288684	43200	1	1900	2	43200	1800
S031_DAY1_MINITWICE_5547	39	Picture	FF	2290884	0	1	43100	2	0	43200
S031_DAY1_MINITWICE_5547	39	Pulse	99	2300883	9999	NA
S031_DAY1_MINITWICE_5547	39	Port Input	1	2300883	9999	NA
S031_DAY1_MINITWICE_5547	39	Response	51	2308954	18070	1
S031_DAY1_MINITWICE_5547	39	Picture	38_T_FFTRIAD_FF_granjero_red.png	2333984	43100	1	1900	2	43200	1800
S031_DAY1_MINITWICE_5547	40	Picture	FF	2336184	0	1	43200	2	0	43200
S031_DAY1_MINITWICE_5547	40	Pulse	99	2336884	700	NA
S031_DAY1_MINITWICE_5547	40	Port Input	1	2336884	700	NA
S031_DAY1_MINITWICE_5547	40	Response	51	2355611	19427	1
S031_DAY1_MINITWICE_5547	40	Pulse	99	2372885	36701	NA
S031_DAY1_MINITWICE_5547	40	Port Input	1	2372885	36701	NA
S031_DAY1_MINITWICE_5547	40	Picture	39_T_FFTRIAD_FF_policia_red.png	2379384	43200	1	1900	2	43200	1800
S031_DAY1_MINITWICE_5547	41	Picture	FF	2381584	0	1	43199	2	0	43200
S031_DAY1_MINITWICE_5547	41	Response	52	2390238	8654	1
S031_DAY1_MINITWICE_5547	41	Pulse	99	2408886	27302	NA
S031_DAY1_MINITWICE_5547	41	Port Input	1	2408886	27302	NA
S031_DAY1_MINITWICE_5547	41	Picture	40_T_FFTRIAD_FF_almohada_red.png	2424783	43199	1	1900	2	43200	1800
S031_DAY1_MINITWICE_5547	42	Picture	rest	2426783	0	1	144099	2	0	144000
S031_DAY1_MINITWICE_5547	42	Pulse	99	2444887	18104	NA
S031_DAY1_MINITWICE_5547	42	Port Input	1	2444887	18104	NA
S031_DAY1_MINITWICE_5547	42	Pulse	99	2480888	54105	NA
S031_DAY1_MINITWICE_5547	42	Port Input	1	2480888	54105	NA
S031_DAY1_MINITWICE_5547	42	Pulse	99	2516889	90106	NA
S031_DAY1_MINITWICE_5547	42	Port Input	1	2516889	90106	NA
S031_DAY1_MINITWICE_5547	42	Pulse	99	2552890	126107	NA
S031_DAY1_MINITWICE_5547	42	Port Input	1	2552890	126107	NA
S031_DAY1_MINITWICE_5547	43	Picture	endrest	2570982	0	1	10100	2	0	10000
S031_DAY1_MINITWICE_5547	44	Picture	RW	2581382	0	1	43200	2	0	43200
S031_DAY1_MINITWICE_5547	44	Pulse	99	2588891	7509	NA
S031_DAY1_MINITWICE_5547	44	Port Input	1	2588891	7509	NA
S031_DAY1_MINITWICE_5547	44	Response	51	2609915	28533	2
S031_DAY1_MINITWICE_5547	44	Picture	43_T_RWTRIAD_RW_estetoscopio_red.png	2624582	43200	1	1900	2	43200	1800
S031_DAY1_MINITWICE_5547	44	Pulse	99	2624892	43510	NA
S031_DAY1_MINITWICE_5547	44	Port Input	1	2624892	43510	NA
S031_DAY1_MINITWICE_5547	45	Picture	RW	2626782	0	1	43200	2	0	43200
S031_DAY1_MINITWICE_5547	45	Response	52	2638718	11936	1
S031_DAY1_MINITWICE_5547	45	Pulse	99	2660893	34111	NA
S031_DAY1_MINITWICE_5547	45	Port Input	1	2660893	34111	NA
S031_DAY1_MINITWICE_5547	45	Picture	44_T_RWTRIAD_RW_monja_red.png	2669982	43200	1	1900	2	43200	1800
S031_DAY1_MINITWICE_5547	46	Picture	RW	2672282	0	1	43099	2	0	43200
S031_DAY1_MINITWICE_5547	46	Pulse	99	2696894	24612	NA
S031_DAY1_MINITWICE_5547	46	Port Input	1	2696894	24612	NA
S031_DAY1_MINITWICE_5547	46	Response	52	2710533	38251	1
S031_DAY1_MINITWICE_5547	46	Picture	45_T_RWTRIAD_RW_molino_red.png	2715381	43099	1	1900	2	43200	1800
S031_DAY1_MINITWICE_5547	47	Picture	RW	2717581	0	1	43200	2	0	43200
S031_DAY1_MINITWICE_5547	47	Response	52	2729483	11902	1
S031_DAY1_MINITWICE_5547	47	Pulse	99	2732895	15314	NA
S031_DAY1_MINITWICE_5547	47	Port Input	1	2732895	15314	NA
S031_DAY1_MINITWICE_5547	47	Picture	46_T_RWTRIAD_RW_sombrilla_red.png	2760781	43200	1	1900	2	43200	1800
S031_DAY1_MINITWICE_5547	48	Picture	FF	2762981	0	1	43100	2	0	43200
S031_DAY1_MINITWICE_5547	48	Pulse	99	2768896	5915	NA
S031_DAY1_MINITWICE_5547	48	Port Input	1	2768896	5915	NA
S031_DAY1_MINITWICE_5547	48	Response	52	2780085	17104	1
S031_DAY1_MINITWICE_5547	48	Pulse	99	2804897	41916	NA
S031_DAY1_MINITWICE_5547	48	Port Input	1	2804897	41916	NA
S031_DAY1_MINITWICE_5547	48	Picture	47_T_FFTRIAD_FF_queso_red.png	2806081	43100	1	1900	2	43200	1800
S031_DAY1_MINITWICE_5547	49	Picture	FF	2808281	0	1	43099	3	0	43200
S031_DAY1_MINITWICE_5547	49	Response	51	2824074	15793	1
S031_DAY1_MINITWICE_5547	49	Pulse	99	2840898	32617	NA
S031_DAY1_MINITWICE_5547	49	Port Input	1	2840898	32617	NA
S031_DAY1_MINITWICE_5547	49	Picture	48_T_FFTRIAD_FF_paracaidas_red.png	2851380	43099	2	1900	3	43200	1800
S031_DAY1_MINITWICE_5547	50	Picture	FF	2853580	0	2	43200	3	0	43200
S031_DAY1_MINITWICE_5547	50	Response	51	2863725	10145	1
S031_DAY1_MINITWICE_5547	50	Pulse	99	2876899	23319	NA
S031_DAY1_MINITWICE_5547	50	Port Input	1	2876899	23319	NA
S031_DAY1_MINITWICE_5547	50	Picture	49_T_FFTRIAD_FF_ascensor_red.png	2896780	43200	1	1900	2	43200	1800
S031_DAY1_MINITWICE_5547	51	Picture	FF	2898980	0	1	43200	3	0	43200
S031_DAY1_MINITWICE_5547	51	Pulse	99	2912900	13920	NA
S031_DAY1_MINITWICE_5547	51	Port Input	1	2912900	13920	NA
S031_DAY1_MINITWICE_5547	51	Response	51	2913857	14877	1
S031_DAY1_MINITWICE_5547	51	Picture	50_T_FFTRIAD_FF_lechuga_red.png	2942180	43200	2	1900	3	43200	1800
S031_DAY1_MINITWICE_5547	52	Picture	rest	2944180	0	1	144098	3	0	144000
S031_DAY1_MINITWICE_5547	52	Pulse	99	2948901	4721	NA
S031_DAY1_MINITWICE_5547	52	Port Input	1	2948901	4721	NA
S031_DAY1_MINITWICE_5547	52	Pulse	99	2984902	40722	NA
S031_DAY1_MINITWICE_5547	52	Port Input	1	2984902	40722	NA
S031_DAY1_MINITWICE_5547	52	Pulse	99	3020903	76723	NA
S031_DAY1_MINITWICE_5547	52	Port Input	1	3020903	76723	NA
S031_DAY1_MINITWICE_5547	52	Pulse	99	3056904	112724	NA
S031_DAY1_MINITWICE_5547	52	Port Input	1	3056904	112724	NA
S031_DAY1_MINITWICE_5547	53	Picture	endrest	3088378	0	2	10101	3	0	10000
S031_DAY1_MINITWICE_5547	53	Pulse	99	3092905	4527	NA
S031_DAY1_MINITWICE_5547	53	Port Input	1	3092905	4527	NA
S031_DAY1_MINITWICE_5547	54	Picture	PW	3098879	0	1	43200	2	0	43200
S031_DAY1_MINITWICE_5547	54	Response	51	3118855	19976	1
S031_DAY1_MINITWICE_5547	54	Pulse	99	3128906	30027	NA
S031_DAY1_MINITWICE_5547	54	Port Input	1	3128906	30027	NA
S031_DAY1_MINITWICE_5547	54	Picture	53_T_PWTRIAD_PW_futbol_red.png	3142079	43200	1	1900	2	43200	1800
S031_DAY1_MINITWICE_5547	55	Picture	PW	3144378	0	2	43100	3	0	43200
S031_DAY1_MINITWICE_5547	55	Response	52	3157599	13221	1
S031_DAY1_MINITWICE_5547	55	Pulse	99	3164907	20529	NA
S031_DAY1_MINITWICE_5547	55	Port Input	1	3164907	20529	NA
S031_DAY1_MINITWICE_5547	55	Picture	54_T_PWTRIAD_PW_cinturon_red.png	3187478	43100	1	1896	6	43200	1800
S031_DAY1_MINITWICE_5547	56	Picture	PW	3189678	0	1	43200	2	0	43200
S031_DAY1_MINITWICE_5547	56	Pulse	99	3200907	11229	NA
S031_DAY1_MINITWICE_5547	56	Port Input	1	3200907	11229	NA
S031_DAY1_MINITWICE_5547	56	Response	51	3217574	27896	1
S031_DAY1_MINITWICE_5547	56	Picture	55_T_PWTRIAD_PW_arbol_red.png	3232878	43200	1	1900	2	43200	1800
S031_DAY1_MINITWICE_5547	57	Picture	PW	3235178	0	1	43200	2	0	43200
S031_DAY1_MINITWICE_5547	57	Pulse	99	3236908	1730	NA
S031_DAY1_MINITWICE_5547	57	Port Input	1	3236908	1730	NA
S031_DAY1_MINITWICE_5547	57	Response	51	3254109	18931	1
S031_DAY1_MINITWICE_5547	57	Pulse	99	3272909	37731	NA
S031_DAY1_MINITWICE_5547	57	Port Input	1	3272909	37731	NA
S031_DAY1_MINITWICE_5547	57	Picture	56_T_PWTRIAD_PW_destornillador_red.png	3278378	43200	1	1900	2	43200	1800
S031_DAY1_MINITWICE_5547	58	Picture	RW	3280678	0	1	43099	2	0	43200
S031_DAY1_MINITWICE_5547	58	Response	52	3293691	13013	1
S031_DAY1_MINITWICE_5547	58	Pulse	99	3308911	28233	NA
S031_DAY1_MINITWICE_5547	58	Port Input	1	3308911	28233	NA
S031_DAY1_MINITWICE_5547	58	Picture	57_T_RWTRIAD_RW_leche_red.png	3323777	43099	1	1900	2	43200	1800
S031_DAY1_MINITWICE_5547	59	Picture	RW	3325977	0	1	43100	2	0	43200
S031_DAY1_MINITWICE_5547	59	Response	51	3340978	15001	1
S031_DAY1_MINITWICE_5547	59	Pulse	99	3344911	18934	NA
S031_DAY1_MINITWICE_5547	59	Port Input	1	3344911	18934	NA
S031_DAY1_MINITWICE_5547	59	Picture	58_T_RWTRIAD_RW_banera_red.png	3369077	43100	1	1900	2	43200	1800
S031_DAY1_MINITWICE_5547	60	Picture	RW	3371277	0	1	43200	2	0	43200
S031_DAY1_MINITWICE_5547	60	Pulse	99	3380912	9635	NA
S031_DAY1_MINITWICE_5547	60	Port Input	1	3380912	9635	NA
S031_DAY1_MINITWICE_5547	60	Response	51	3389746	18469	1
S031_DAY1_MINITWICE_5547	60	Picture	59_T_RWTRIAD_RW_cortina_red.png	3414477	43200	1	1900	2	43200	1800
S031_DAY1_MINITWICE_5547	61	Picture	RW	3416677	0	1	43199	3	0	43200
S031_DAY1_MINITWICE_5547	61	Pulse	99	3416913	236	NA
S031_DAY1_MINITWICE_5547	61	Port Input	1	3416913	236	NA
S031_DAY1_MINITWICE_5547	61	Response	52	3448877	32200	1
S031_DAY1_MINITWICE_5547	61	Pulse	99	3452914	36237	NA
S031_DAY1_MINITWICE_5547	61	Port Input	1	3452914	36237	NA
S031_DAY1_MINITWICE_5547	61	Picture	60_T_RWTRIAD_RW_murcielago_red.png	3459876	43199	2	1900	4	43200	1800
S031_DAY1_MINITWICE_5547	62	Picture	rest	3461876	0	1	144099	3	0	144000
S031_DAY1_MINITWICE_5547	62	Pulse	99	3488915	27039	NA
S031_DAY1_MINITWICE_5547	62	Port Input	1	3488915	27039	NA
S031_DAY1_MINITWICE_5547	62	Pulse	99	3524916	63040	NA
S031_DAY1_MINITWICE_5547	62	Port Input	1	3524916	63040	NA
S031_DAY1_MINITWICE_5547	62	Pulse	99	3560917	99041	NA
S031_DAY1_MINITWICE_5547	62	Port Input	1	3560917	99041	NA
S031_DAY1_MINITWICE_5547	62	Pulse	99	3596918	135042	NA
S031_DAY1_MINITWICE_5547	62	Port Input	1	3596918	135042	NA
S031_DAY1_MINITWICE_5547	63	Picture	endrest	3606075	0	2	10100	3	0	10000
S031_DAY1_MINITWICE_5547	64	Picture	PW	3616575	0	1	43200	2	0	43200
S031_DAY1_MINITWICE_5547	64	Pulse	99	3632919	16344	NA
S031_DAY1_MINITWICE_5547	64	Port Input	1	3632919	16344	NA
S031_DAY1_MINITWICE_5547	64	Response	52	3637396	20821	1
S031_DAY1_MINITWICE_5547	64	Picture	63_T_PWTRIAD_PW_botella_red.png	3659775	43200	1	1900	2	43200	1800
S031_DAY1_MINITWICE_5547	65	Picture	PW	3662075	0	1	43100	2	0	43200
S031_DAY1_MINITWICE_5547	65	Pulse	99	3668920	6845	NA
S031_DAY1_MINITWICE_5547	65	Port Input	1	3668920	6845	NA
S031_DAY1_MINITWICE_5547	65	Response	51	3677639	15564	1
S031_DAY1_MINITWICE_5547	65	Pulse	99	3704921	42846	NA
S031_DAY1_MINITWICE_5547	65	Port Input	1	3704921	42846	NA
S031_DAY1_MINITWICE_5547	65	Picture	64_T_PWTRIAD_PW_paraguas_red.png	3705175	43100	1	1900	2	43200	1800
S031_DAY1_MINITWICE_5547	66	Picture	PW	3707375	0	1	43199	3	0	43200
S031_DAY1_MINITWICE_5547	66	Response	51	3730058	22683	1
S031_DAY1_MINITWICE_5547	66	Pulse	99	3740922	33547	NA
S031_DAY1_MINITWICE_5547	66	Port Input	1	3740922	33547	NA
S031_DAY1_MINITWICE_5547	66	Picture	65_T_PWTRIAD_PW_pincel_red.png	3750574	43199	2	1900	4	43200	1800
S031_DAY1_MINITWICE_5547	67	Picture	PW	3752874	0	2	43100	3	0	43200
S031_DAY1_MINITWICE_5547	67	Response	51	3769488	16614	1
S031_DAY1_MINITWICE_5547	67	Pulse	99	3776923	24049	NA
S031_DAY1_MINITWICE_5547	67	Port Input	1	3776923	24049	NA
S031_DAY1_MINITWICE_5547	67	Picture	66_T_PWTRIAD_PW_lechuga_red.png	3795974	43100	1	1900	2	43200	1800
S031_DAY1_MINITWICE_5547	68	Picture	FF	3798174	0	1	43100	2	0	43200
S031_DAY1_MINITWICE_5547	68	Pulse	99	3812924	14750	NA
S031_DAY1_MINITWICE_5547	68	Port Input	1	3812924	14750	NA
S031_DAY1_MINITWICE_5547	68	Response	52	3818441	20267	1
S031_DAY1_MINITWICE_5547	68	Picture	67_T_FFTRIAD_FF_pluma_red.png	3841274	43100	1	1900	2	43200	1800
S031_DAY1_MINITWICE_5547	69	Picture	FF	3843474	0	1	43200	2	0	43200
S031_DAY1_MINITWICE_5547	69	Pulse	99	3848925	5451	NA
S031_DAY1_MINITWICE_5547	69	Port Input	1	3848925	5451	NA
S031_DAY1_MINITWICE_5547	69	Response	52	3860932	17458	1
S031_DAY1_MINITWICE_5547	69	Pulse	99	3884926	41452	NA
S031_DAY1_MINITWICE_5547	69	Port Input	1	3884926	41452	NA
S031_DAY1_MINITWICE_5547	69	Picture	68_T_FFTRIAD_FF_manos_red.png	3886674	43200	1	1900	2	43200	1800
S031_DAY1_MINITWICE_5547	70	Picture	FF	3888874	0	1	43199	2	0	43200
S031_DAY1_MINITWICE_5547	70	Response	52	3905518	16644	1
S031_DAY1_MINITWICE_5547	70	Pulse	99	3920927	32053	NA
S031_DAY1_MINITWICE_5547	70	Port Input	1	3920927	32053	NA
S031_DAY1_MINITWICE_5547	70	Picture	69_T_FFTRIAD_FF_pizarra_red.png	3932073	43199	1	1900	2	43200	1800
S031_DAY1_MINITWICE_5547	71	Picture	FF	3934273	0	1	43200	2	0	43200
S031_DAY1_MINITWICE_5547	71	Response	51	3952729	18456	1
S031_DAY1_MINITWICE_5547	71	Pulse	99	3956928	22655	NA
S031_DAY1_MINITWICE_5547	71	Port Input	1	3956928	22655	NA
S031_DAY1_MINITWICE_5547	71	Picture	70_T_FFTRIAD_FF_television_red.png	3977473	43200	1	1900	2	43200	1800
S031_DAY1_MINITWICE_5547	72	Picture	rest	3979473	0	1	144099	2	0	144000
S031_DAY1_MINITWICE_5547	72	Pulse	99	3992929	13456	NA
S031_DAY1_MINITWICE_5547	72	Port Input	1	3992929	13456	NA
S031_DAY1_MINITWICE_5547	72	Pulse	99	4028930	49457	NA
S031_DAY1_MINITWICE_5547	72	Port Input	1	4028930	49457	NA
S031_DAY1_MINITWICE_5547	72	Pulse	99	4064931	85458	NA
S031_DAY1_MINITWICE_5547	72	Port Input	1	4064931	85458	NA
S031_DAY1_MINITWICE_5547	72	Pulse	99	4100932	121459	NA
S031_DAY1_MINITWICE_5547	72	Port Input	1	4100932	121459	NA
S031_DAY1_MINITWICE_5547	73	Picture	endrest	4123672	0	1	10100	2	0	10000
S031_DAY1_MINITWICE_5547	74	Picture	PW	4134072	0	1	43200	2	0	43200
S031_DAY1_MINITWICE_5547	74	Pulse	99	4136933	2861	NA
S031_DAY1_MINITWICE_5547	74	Port Input	1	4136933	2861	NA
S031_DAY1_MINITWICE_5547	74	Response	52	4154012	19940	1
S031_DAY1_MINITWICE_5547	74	Pulse	99	4172934	38862	NA
S031_DAY1_MINITWICE_5547	74	Port Input	1	4172934	38862	NA
S031_DAY1_MINITWICE_5547	74	Picture	73_T_PWTRIAD_PW_telarana_red.png	4177272	43200	1	1900	2	43200	1800
S031_DAY1_MINITWICE_5547	75	Picture	PW	4179572	0	1	43099	2	0	43200
S031_DAY1_MINITWICE_5547	75	Response	51	4197799	18227	1
S031_DAY1_MINITWICE_5547	75	Pulse	99	4208935	29363	NA
S031_DAY1_MINITWICE_5547	75	Port Input	1	4208935	29363	NA
S031_DAY1_MINITWICE_5547	75	Picture	74_T_PWTRIAD_PW_cuento_red.png	4222671	43099	1	1900	2	43200	1800
S031_DAY1_MINITWICE_5547	76	Picture	PW	4224871	0	1	43200	2	0	43200
S031_DAY1_MINITWICE_5547	76	Pulse	99	4244936	20065	NA
S031_DAY1_MINITWICE_5547	76	Port Input	1	4244936	20065	NA
S031_DAY1_MINITWICE_5547	76	Response	52	4246832	21961	1
S031_DAY1_MINITWICE_5547	76	Picture	75_T_PWTRIAD_PW_pizarra_red.png	4268071	43200	1	1900	2	43200	1800
S031_DAY1_MINITWICE_5547	77	Picture	PW	4270371	0	1	43199	3	0	43200
S031_DAY1_MINITWICE_5547	77	Pulse	99	4280937	10566	NA
S031_DAY1_MINITWICE_5547	77	Port Input	1	4280937	10566	NA
S031_DAY1_MINITWICE_5547	77	Response	52	4287585	17214	1
S031_DAY1_MINITWICE_5547	77	Picture	76_T_PWTRIAD_PW_llave_red.png	4313570	43199	2	1901	3	43200	1800
S031_DAY1_MINITWICE_5547	78	Picture	RW	4315771	0	1	43199	3	0	43200
S031_DAY1_MINITWICE_5547	78	Pulse	99	4316938	1167	NA
S031_DAY1_MINITWICE_5547	78	Port Input	1	4316938	1167	NA
S031_DAY1_MINITWICE_5547	78	Response	52	4330564	14793	1
S031_DAY1_MINITWICE_5547	78	Pulse	99	4352939	37168	NA
S031_DAY1_MINITWICE_5547	78	Port Input	1	4352939	37168	NA
S031_DAY1_MINITWICE_5547	78	Picture	77_T_RWTRIAD_RW_mono_red.png	4358970	43199	2	1900	4	43200	1800
S031_DAY1_MINITWICE_5547	79	Picture	RW	4361170	0	2	43100	3	0	43200
S031_DAY1_MINITWICE_5547	79	Response	52	4373534	12364	1
S031_DAY1_MINITWICE_5547	79	Pulse	99	4388940	27770	NA
S031_DAY1_MINITWICE_5547	79	Port Input	1	4388940	27770	NA
S031_DAY1_MINITWICE_5547	79	Picture	78_T_RWTRIAD_RW_sobre_red.png	4404270	43100	1	1900	2	43200	1800
S031_DAY1_MINITWICE_5547	80	Picture	RW	4406570	0	1	43100	2	0	43200
S031_DAY1_MINITWICE_5547	80	Pulse	99	4424941	18371	NA
S031_DAY1_MINITWICE_5547	80	Port Input	1	4424941	18371	NA
S031_DAY1_MINITWICE_5547	80	Response	51	4439320	32750	1
S031_DAY1_MINITWICE_5547	80	Picture	79_T_RWTRIAD_RW_piramide_red.png	4449670	43100	1	1900	2	43200	1800
S031_DAY1_MINITWICE_5547	81	Picture	RW	4451870	0	1	43199	3	0	43200
S031_DAY1_MINITWICE_5547	81	Pulse	99	4460942	9072	NA
S031_DAY1_MINITWICE_5547	81	Port Input	1	4460942	9072	NA
S031_DAY1_MINITWICE_5547	81	Response	51	4489829	37959	1
S031_DAY1_MINITWICE_5547	81	Picture	80_T_RWTRIAD_RW_lechuga_red.png	4495069	43199	2	1900	4	43200	1800
S031_DAY1_MINITWICE_5547	81	Pulse	99	4496943	45073	NA
S031_DAY1_MINITWICE_5547	81	Port Input	1	4496943	45073	NA
S031_DAY1_MINITWICE_5547	82	Picture	rest	4497069	0	2	144100	3	0	144000
S031_DAY1_MINITWICE_5547	82	Pulse	99	4532944	35875	NA
S031_DAY1_MINITWICE_5547	82	Port Input	1	4532944	35875	NA
S031_DAY1_MINITWICE_5547	82	Pulse	99	4568945	71876	NA
S031_DAY1_MINITWICE_5547	82	Port Input	1	4568945	71876	NA
S031_DAY1_MINITWICE_5547	82	Pulse	99	4604946	107877	NA
S031_DAY1_MINITWICE_5547	82	Port Input	1	4604946	107877	NA
S031_DAY1_MINITWICE_5547	82	Pulse	99	4640947	143878	NA
S031_DAY1_MINITWICE_5547	82	Port Input	1	4640947	143878	NA
S031_DAY1_MINITWICE_5547	83	Picture	endrest	4641269	0	1	10100	2	0	10000
S031_DAY1_MINITWICE_5547	84	Picture	FF	4651668	0	2	43100	3	0	43200
S031_DAY1_MINITWICE_5547	84	Response	51	4664569	12901	1
S031_DAY1_MINITWICE_5547	84	Pulse	99	4676948	25280	NA
S031_DAY1_MINITWICE_5547	84	Port Input	1	4676948	25280	NA
S031_DAY1_MINITWICE_5547	84	Picture	83_T_FFTRIAD_FF_novia_red.png	4694768	43100	1	1900	2	43200	1800
S031_DAY1_MINITWICE_5547	85	Picture	FF	4696968	0	1	43100	2	0	43200
S031_DAY1_MINITWICE_5547	85	Pulse	99	4712949	15981	NA
S031_DAY1_MINITWICE_5547	85	Port Input	1	4712949	15981	NA
S031_DAY1_MINITWICE_5547	85	Response	51	4719714	22746	2
S031_DAY1_MINITWICE_5547	85	Picture	84_T_FFTRIAD_FF_gafas_red.png	4740068	43100	1	1900	2	43200	1800
S031_DAY1_MINITWICE_5547	86	Picture	FF	4742268	0	1	43100	2	0	43200
S031_DAY1_MINITWICE_5547	86	Pulse	99	4748949	6681	NA
S031_DAY1_MINITWICE_5547	86	Port Input	1	4748949	6681	NA
S031_DAY1_MINITWICE_5547	86	Response	52	4763662	21394	1
S031_DAY1_MINITWICE_5547	86	Pulse	99	4784950	42682	NA
S031_DAY1_MINITWICE_5547	86	Port Input	1	4784950	42682	NA
S031_DAY1_MINITWICE_5547	86	Picture	85_T_FFTRIAD_FF_violin_red.png	4785368	43100	1	1900	2	43200	1800
S031_DAY1_MINITWICE_5547	87	Picture	FF	4787568	0	1	43099	2	0	43200
S031_DAY1_MINITWICE_5547	87	Response	51	4798278	10710	1
S031_DAY1_MINITWICE_5547	87	Pulse	99	4820951	33383	NA
S031_DAY1_MINITWICE_5547	87	Port Input	1	4820951	33383	NA
S031_DAY1_MINITWICE_5547	87	Picture	86_T_FFTRIAD_FF_estetoscopio_red.png	4830667	43099	1	1900	2	43200	1800
S031_DAY1_MINITWICE_5547	88	Picture	PW	4832867	0	1	43200	2	0	43200
S031_DAY1_MINITWICE_5547	88	Response	51	4855401	22534	1
S031_DAY1_MINITWICE_5547	88	Pulse	99	4856952	24085	NA
S031_DAY1_MINITWICE_5547	88	Port Input	1	4856952	24085	NA
S031_DAY1_MINITWICE_5547	88	Picture	87_T_PWTRIAD_PW_tenedor_red.png	4876067	43200	1	1900	2	43200	1800
S031_DAY1_MINITWICE_5547	89	Picture	PW	4878367	0	1	43100	2	0	43200
S031_DAY1_MINITWICE_5547	89	Pulse	99	4892953	14586	NA
S031_DAY1_MINITWICE_5547	89	Port Input	1	4892953	14586	NA
S031_DAY1_MINITWICE_5547	89	Response	52	4894602	16235	1
S031_DAY1_MINITWICE_5547	89	Picture	88_T_PWTRIAD_PW_candado_red.png	4921467	43100	1	1900	2	43200	1800
S031_DAY1_MINITWICE_5547	90	Picture	PW	4923767	0	1	43099	3	0	43200
S031_DAY1_MINITWICE_5547	90	Pulse	99	4928954	5187	NA
S031_DAY1_MINITWICE_5547	90	Port Input	1	4928954	5187	NA
S031_DAY1_MINITWICE_5547	90	Response	51	4938392	14625	1
S031_DAY1_MINITWICE_5547	90	Pulse	99	4964955	41188	NA
S031_DAY1_MINITWICE_5547	90	Port Input	1	4964955	41188	NA
S031_DAY1_MINITWICE_5547	90	Picture	89_T_PWTRIAD_PW_plato_red.png	4966866	43099	2	1900	3	43200	1800
S031_DAY1_MINITWICE_5547	91	Picture	PW	4969166	0	1	43200	2	0	43200
S031_DAY1_MINITWICE_5547	91	Response	52	4983472	14306	1
S031_DAY1_MINITWICE_5547	91	Pulse	99	5000956	31790	NA
S031_DAY1_MINITWICE_5547	91	Port Input	1	5000956	31790	NA
S031_DAY1_MINITWICE_5547	91	Picture	90_T_PWTRIAD_PW_lana_red.png	5012366	43200	1	1900	2	43200	1800
S031_DAY1_MINITWICE_5547	92	Picture	rest	5014366	0	1	144099	2	0	144000
S031_DAY1_MINITWICE_5547	92	Pulse	99	5036957	22591	NA
S031_DAY1_MINITWICE_5547	92	Port Input	1	5036957	22591	NA
S031_DAY1_MINITWICE_5547	92	Pulse	99	5072958	58592	NA
S031_DAY1_MINITWICE_5547	92	Port Input	1	5072958	58592	NA
S031_DAY1_MINITWICE_5547	92	Pulse	99	5108959	94593	NA
S031_DAY1_MINITWICE_5547	92	Port Input	1	5108959	94593	NA
S031_DAY1_MINITWICE_5547	92	Pulse	99	5144960	130594	NA
S031_DAY1_MINITWICE_5547	92	Port Input	1	5144960	130594	NA
S031_DAY1_MINITWICE_5547	93	Picture	endrest	5158565	0	1	10100	2	0	10000
S031_DAY1_MINITWICE_5547	94	Picture	RW	5169065	0	1	43100	2	0	43200
S031_DAY1_MINITWICE_5547	94	Pulse	99	5180961	11896	NA
S031_DAY1_MINITWICE_5547	94	Port Input	1	5180961	11896	NA
S031_DAY1_MINITWICE_5547	94	Response	52	5183814	14749	1
S031_DAY1_MINITWICE_5547	94	Picture	93_T_RWTRIAD_RW_raton_red.png	5212165	43100	1	1900	2	43200	1800
S031_DAY1_MINITWICE_5547	95	Picture	RW	5214465	0	1	43099	3	0	43200
S031_DAY1_MINITWICE_5547	95	Pulse	99	5216962	2497	NA
S031_DAY1_MINITWICE_5547	95	Port Input	1	5216962	2497	NA
S031_DAY1_MINITWICE_5547	95	Response	51	5228897	14432	2
S031_DAY1_MINITWICE_5547	95	Pulse	99	5252963	38498	NA
S031_DAY1_MINITWICE_5547	95	Port Input	1	5252963	38498	NA
S031_DAY1_MINITWICE_5547	95	Picture	94_T_RWTRIAD_RW_dedal_red.png	5257564	43099	2	1900	4	43200	1800
S031_DAY1_MINITWICE_5547	96	Picture	RW	5259864	0	2	43100	3	0	43200
S031_DAY1_MINITWICE_5547	96	Response	51	5274947	15083	1
S031_DAY1_MINITWICE_5547	96	Pulse	99	5288964	29100	NA
S031_DAY1_MINITWICE_5547	96	Port Input	1	5288964	29100	NA
S031_DAY1_MINITWICE_5547	96	Picture	95_T_RWTRIAD_RW_perro_red.png	5302964	43100	1	1900	2	43200	1800
S031_DAY1_MINITWICE_5547	97	Picture	RW	5305164	0	1	43200	2	0	43200
S031_DAY1_MINITWICE_5547	97	Response	52	5315769	10605	1
S031_DAY1_MINITWICE_5547	97	Pulse	99	5324965	19801	NA
S031_DAY1_MINITWICE_5547	97	Port Input	1	5324965	19801	NA
S031_DAY1_MINITWICE_5547	97	Picture	96_T_RWTRIAD_RW_paraguas_red.png	5348364	43200	1	1900	2	43200	1800
S031_DAY1_MINITWICE_5547	98	Picture	FF	5350564	0	1	43200	2	0	43200
S031_DAY1_MINITWICE_5547	98	Pulse	99	5360966	10402	NA
S031_DAY1_MINITWICE_5547	98	Port Input	1	5360966	10402	NA
S031_DAY1_MINITWICE_5547	98	Response	51	5366719	16155	1
S031_DAY1_MINITWICE_5547	98	Picture	97_T_FFTRIAD_FF_chupete_red.png	5393764	43200	1	1899	3	43200	1800
S031_DAY1_MINITWICE_5547	99	Picture	FF	5396063	0	2	43100	3	0	43200
S031_DAY1_MINITWICE_5547	99	Pulse	99	5396967	904	NA
S031_DAY1_MINITWICE_5547	99	Port Input	1	5396967	904	NA
S031_DAY1_MINITWICE_5547	99	Response	52	5407213	11150	1
S031_DAY1_MINITWICE_5547	99	Pulse	99	5432968	36905	NA
S031_DAY1_MINITWICE_5547	99	Port Input	1	5432968	36905	NA
S031_DAY1_MINITWICE_5547	99	Picture	98_T_FFTRIAD_FF_molino_red.png	5439163	43100	1	1900	3	43200	1800
S031_DAY1_MINITWICE_5547	100	Picture	FF	5441363	0	1	43200	2	0	43200
S031_DAY1_MINITWICE_5547	100	Response	52	5454216	12853	1
S031_DAY1_MINITWICE_5547	100	Pulse	99	5468969	27606	NA
S031_DAY1_MINITWICE_5547	100	Port Input	1	5468969	27606	NA
S031_DAY1_MINITWICE_5547	100	Picture	99_T_FFTRIAD_FF_madera_red.png	5484563	43200	1	1900	2	43200	1800
S031_DAY1_MINITWICE_5547	101	Picture	FF	5486763	0	1	43100	2	0	43200
S031_DAY1_MINITWICE_5547	101	Response	52	5497770	11007	1
S031_DAY1_MINITWICE_5547	101	Pulse	99	5504970	18207	NA
S031_DAY1_MINITWICE_5547	101	Port Input	1	5504970	18207	NA
S031_DAY1_MINITWICE_5547	101	Picture	100_T_FFTRIAD_FF_banera_red.png	5529863	43100	1	1900	2	43200	1800
S031_DAY1_MINITWICE_5547	102	Picture	rest	5531863	0	1	144099	2	0	144000
S031_DAY1_MINITWICE_5547	102	Pulse	99	5540971	9108	NA
S031_DAY1_MINITWICE_5547	102	Port Input	1	5540971	9108	NA
S031_DAY1_MINITWICE_5547	102	Pulse	99	5576972	45109	NA
S031_DAY1_MINITWICE_5547	102	Port Input	1	5576972	45109	NA
S031_DAY1_MINITWICE_5547	102	Pulse	99	5612973	81110	NA
S031_DAY1_MINITWICE_5547	102	Port Input	1	5612973	81110	NA
S031_DAY1_MINITWICE_5547	102	Pulse	99	5648974	117111	NA
S031_DAY1_MINITWICE_5547	102	Port Input	1	5648974	117111	NA
S031_DAY1_MINITWICE_5547	103	Picture	endrest	5676062	0	1	10100	2	0	10000
S031_DAY1_MINITWICE_5547	103	Pulse	99	5684975	8913	NA
S031_DAY1_MINITWICE_5547	103	Port Input	1	5684975	8913	NA
S031_DAY1_MINITWICE_5547	104	Picture	FF	5686462	0	1	43199	2	0	43200
S031_DAY1_MINITWICE_5547	104	Response	52	5706163	19701	1
S031_DAY1_MINITWICE_5547	104	Pulse	99	5720976	34514	NA
S031_DAY1_MINITWICE_5547	104	Port Input	1	5720976	34514	NA
S031_DAY1_MINITWICE_5547	104	Picture	103_T_FFTRIAD_FF_tenedor_red.png	5729661	43199	1	1900	2	43200	1800
S031_DAY1_MINITWICE_5547	105	Picture	FF	5731961	0	1	43100	2	0	43200
S031_DAY1_MINITWICE_5547	105	Response	51	5741917	9956	1
S031_DAY1_MINITWICE_5547	105	Pulse	99	5756977	25016	NA
S031_DAY1_MINITWICE_5547	105	Port Input	1	5756977	25016	NA
S031_DAY1_MINITWICE_5547	105	Picture	104_T_FFTRIAD_FF_traje_red.png	5775061	43100	1	1900	2	43200	1800
S031_DAY1_MINITWICE_5547	106	Picture	FF	5777261	0	1	43200	2	0	43200
S031_DAY1_MINITWICE_5547	106	Response	51	5789757	12496	1
S031_DAY1_MINITWICE_5547	106	Pulse	99	5792978	15717	NA
S031_DAY1_MINITWICE_5547	106	Port Input	1	5792978	15717	NA
S031_DAY1_MINITWICE_5547	106	Picture	105_T_FFTRIAD_FF_lenador_red.png	5820461	43200	1	1900	2	43200	1800
S031_DAY1_MINITWICE_5547	107	Picture	FF	5822561	0	1	43199	2	0	43200
S031_DAY1_MINITWICE_5547	107	Pulse	99	5828979	6418	NA
S031_DAY1_MINITWICE_5547	107	Port Input	1	5828979	6418	NA
S031_DAY1_MINITWICE_5547	107	Response	52	5833623	11062	1
S031_DAY1_MINITWICE_5547	107	Pulse	99	5864980	42419	NA
S031_DAY1_MINITWICE_5547	107	Port Input	1	5864980	42419	NA
S031_DAY1_MINITWICE_5547	107	Picture	106_T_FFTRIAD_FF_telefono_red.png	5865760	43199	1	1900	2	43200	1800
S031_DAY1_MINITWICE_5547	108	Picture	RW	5867960	0	1	43200	2	0	43200
S031_DAY1_MINITWICE_5547	108	Response	51	5890593	22633	1
S031_DAY1_MINITWICE_5547	108	Pulse	99	5900981	33021	NA
S031_DAY1_MINITWICE_5547	108	Port Input	1	5900981	33021	NA
S031_DAY1_MINITWICE_5547	108	Picture	107_T_RWTRIAD_RW_zanahoria_red.png	5911160	43200	1	1900	2	43200	1800
S031_DAY1_MINITWICE_5547	109	Picture	RW	5913360	0	1	43200	2	0	43200
S031_DAY1_MINITWICE_5547	109	Response	51	5928530	15170	2
S031_DAY1_MINITWICE_5547	109	Pulse	99	5936982	23622	NA
S031_DAY1_MINITWICE_5547	109	Port Input	1	5936982	23622	NA
S031_DAY1_MINITWICE_5547	109	Picture	108_T_RWTRIAD_RW_iglu_red.png	5956560	43200	1	1900	2	43200	1800
S031_DAY1_MINITWICE_5547	110	Picture	RW	5958860	0	1	43199	3	0	43200
S031_DAY1_MINITWICE_5547	110	Response	52	5971975	13115	1
S031_DAY1_MINITWICE_5547	110	Pulse	99	5972983	14123	NA
S031_DAY1_MINITWICE_5547	110	Port Input	1	5972983	14123	NA
S031_DAY1_MINITWICE_5547	110	Picture	109_T_RWTRIAD_RW_bebe_red.png	6002059	43199	2	1900	4	43200	1800
S031_DAY1_MINITWICE_5547	111	Picture	RW	6004259	0	2	43200	3	0	43200
S031_DAY1_MINITWICE_5547	111	Pulse	99	6008984	4725	NA
S031_DAY1_MINITWICE_5547	111	Port Input	1	6008984	4725	NA
S031_DAY1_MINITWICE_5547	111	Response	51	6018639	14380	1
S031_DAY1_MINITWICE_5547	111	Pulse	99	6044985	40726	NA
S031_DAY1_MINITWICE_5547	111	Port Input	1	6044985	40726	NA
S031_DAY1_MINITWICE_5547	111	Picture	110_T_RWTRIAD_RW_traje_red.png	6047459	43200	1	1900	2	43200	1800
S031_DAY1_MINITWICE_5547	112	Picture	rest	6049459	0	1	144099	2	0	144000
S031_DAY1_MINITWICE_5547	113	Picture	endrest	6193658	0	1	10100	2	0	10000
S031_DAY1_MINITWICE_5547	114	Picture	PW	6204058	0	1	43200	2	0	43200
S031_DAY1_MINITWICE_5547	114	Response	51	6221574	17516	1
S031_DAY1_MINITWICE_5547	114	Picture	113_T_PWTRIAD_PW_sapo_red.png	6247258	43200	1	1900	2	43200	1800
S031_DAY1_MINITWICE_5547	115	Picture	PW	6249558	0	1	43099	3	0	43200
S031_DAY1_MINITWICE_5547	115	Response	52	6288075	38517	1
S031_DAY1_MINITWICE_5547	115	Picture	114_T_PWTRIAD_PW_portatil_red.png	6292657	43099	2	1900	4	43200	1800
S031_DAY1_MINITWICE_5547	116	Picture	PW	6294857	0	2	43200	3	0	43200
S031_DAY1_MINITWICE_5547	116	Response	52	6314526	19669	1
S031_DAY1_MINITWICE_5547	116	Picture	115_T_PWTRIAD_PW_oruga_red.png	6338057	43200	1	1900	2	43200	1800
S031_DAY1_MINITWICE_5547	117	Picture	PW	6340257	0	1	43200	2	0	43200
S031_DAY1_MINITWICE_5547	117	Response	51	6365420	25163	1
S031_DAY1_MINITWICE_5547	117	Picture	116_T_PWTRIAD_PW_huevos_red.png	6383457	43200	1	1900	2	43200	1800
S031_DAY1_MINITWICE_5547	118	Picture	RW	6385657	0	1	43100	2	0	43200
S031_DAY1_MINITWICE_5547	118	Response	51	6400955	15298	2
S031_DAY1_MINITWICE_5547	118	Picture	117_T_RWTRIAD_RW_violin_red.png	6428757	43100	1	1900	2	43200	1800
S031_DAY1_MINITWICE_5547	119	Picture	RW	6430957	0	1	43199	2	0	43200
S031_DAY1_MINITWICE_5547	119	Response	52	6456122	25165	2
S031_DAY1_MINITWICE_5547	119	Picture	118_T_RWTRIAD_RW_anillo_red.png	6474156	43199	1	1900	2	43200	1800
S031_DAY1_MINITWICE_5547	120	Picture	RW	6476356	0	1	43100	2	0	43200
S031_DAY1_MINITWICE_5547	120	Response	51	6502772	26416	1
S031_DAY1_MINITWICE_5547	120	Picture	119_T_RWTRIAD_RW_ascensor_red.png	6519456	43100	1	1900	2	43200	1800
S031_DAY1_MINITWICE_5547	121	Picture	RW	6521756	0	1	43100	2	0	43200
S031_DAY1_MINITWICE_5547	121	Response	51	6549700	27944	1
S031_DAY1_MINITWICE_5547	121	Picture	120_T_RWTRIAD_RW_telarana_red.png	6564856	43100	1	1900	2	43200	1800
S031_DAY1_MINITWICE_5547	122	Picture	rest	6566856	0	1	144099	2	0	144000
S031_DAY1_MINITWICE_5547	123	Picture	endrest	6711055	0	1	10100	2	0	10000
S031_DAY1_MINITWICE_5547	124	Picture	RW	6721455	0	1	43199	2	0	43200
S031_DAY1_MINITWICE_5547	124	Response	51	6737845	16390	1
S031_DAY1_MINITWICE_5547	124	Picture	123_T_RWTRIAD_RW_portatil_red.png	6764654	43199	1	1900	2	43200	1800
S031_DAY1_MINITWICE_5547	125	Picture	RW	6766854	0	1	43100	2	0	43200
S031_DAY1_MINITWICE_5547	125	Response	52	6778130	11276	1
S031_DAY1_MINITWICE_5547	125	Picture	124_T_RWTRIAD_RW_silla_red.png	6809954	43100	1	1900	2	43200	1800
S031_DAY1_MINITWICE_5547	126	Picture	RW	6812254	0	1	43100	2	0	43200
S031_DAY1_MINITWICE_5547	126	Response	51	6830145	17891	1
S031_DAY1_MINITWICE_5547	126	Picture	125_T_RWTRIAD_RW_bala_red.png	6855354	43100	1	1900	2	43200	1800
S031_DAY1_MINITWICE_5547	127	Picture	RW	6857554	0	1	43099	3	0	43200
S031_DAY1_MINITWICE_5547	127	Response	51	6874192	16638	1
S031_DAY1_MINITWICE_5547	127	Picture	126_T_RWTRIAD_RW_novia_red.png	6900653	43099	2	1900	4	43200	1800
S031_DAY1_MINITWICE_5547	128	Picture	PW	6902953	0	1	43100	2	0	43200
S031_DAY1_MINITWICE_5547	128	Response	51	6923263	20310	1
S031_DAY1_MINITWICE_5547	128	Picture	127_T_PWTRIAD_PW_martillo_red.png	6946053	43100	1	1900	2	43200	1800
S031_DAY1_MINITWICE_5547	129	Picture	PW	6948353	0	1	43200	2	0	43200
S031_DAY1_MINITWICE_5547	129	Response	52	6962075	13722	1
S031_DAY1_MINITWICE_5547	129	Picture	128_T_PWTRIAD_PW_cerillas_red.png	6991553	43200	1	1900	2	43200	1800
S031_DAY1_MINITWICE_5547	130	Picture	PW	6993853	0	1	43099	3	0	43200
S031_DAY1_MINITWICE_5547	130	Response	51	7009280	15427	2
S031_DAY1_MINITWICE_5547	130	Picture	129_T_PWTRIAD_PW_almohada_red.png	7036952	43099	2	1901	3	43200	1800
S031_DAY1_MINITWICE_5547	131	Picture	PW	7039152	0	2	43200	3	0	43200
S031_DAY1_MINITWICE_5547	131	Response	52	7055759	16607	1
S031_DAY1_MINITWICE_5547	131	Picture	130_T_PWTRIAD_PW_granjero_red.png	7082352	43200	1	1900	2	43200	1800
S031_DAY1_MINITWICE_5547	132	Picture	rest	7084352	0	1	144099	2	0	144000
S031_DAY1_MINITWICE_5547	133	Picture	endrest	7228551	0	1	10100	2	0	10000
S031_DAY1_MINITWICE_5547	134	Picture	RW	7238951	0	1	43100	2	0	43200
S031_DAY1_MINITWICE_5547	134	Response	51	7257949	18998	1
S031_DAY1_MINITWICE_5547	134	Picture	133_T_RWTRIAD_RW_tenedor_red.png	7282051	43100	1	1900	2	43200	1800
S031_DAY1_MINITWICE_5547	135	Picture	RW	7284251	0	1	43200	2	0	43200
S031_DAY1_MINITWICE_5547	135	Response	51	7299325	15074	1
S031_DAY1_MINITWICE_5547	135	Picture	134_T_RWTRIAD_RW_television_red.png	7327451	43200	1	1900	2	43200	1800
S031_DAY1_MINITWICE_5547	136	Picture	RW	7329650	0	2	43100	3	0	43200
S031_DAY1_MINITWICE_5547	136	Response	52	7343395	13745	2
S031_DAY1_MINITWICE_5547	136	Picture	135_T_RWTRIAD_RW_destornillador_red.png	7372750	43100	1	1900	2	43200	1800
S031_DAY1_MINITWICE_5547	137	Picture	RW	7374950	0	1	43200	2	0	43200
S031_DAY1_MINITWICE_5547	137	Response	51	7391677	16727	1
S031_DAY1_MINITWICE_5547	137	Picture	136_T_RWTRIAD_RW_pilas_red.png	7418150	43200	1	1900	2	43200	1800
S031_DAY1_MINITWICE_5547	138	Picture	rest	7420150	0	1	144099	2	0	144000
S031_DAY1_MINITWICE_5547	139	Picture	endrest	7564349	0	1	10100	2	0	10000
S031_DAY1_MINITWICE_5547	140	Picture	endrest	7574549	0	1	10100	2	0	10000
S031_DAY1_MINITWICE_5547	141	Picture	endrest	7584749	0	1	10100	2	0	10000
S031_DAY1_MINITWICE_5547	142	Picture	endrest	7594949	0	1	10100	2	0	10000
