Scenario - vOT_Triads_fMRI_I
Logfile written - 01/15/2016 11:03:58

Subject	Trial	Event Type	Code	Time	TTime	Uncertainty	Duration	Uncertainty	ReqTime	ReqDur

S031_MINIONCE_1144	1	Response	98	962244	971944	5
S031_MINIONCE_1144	2	Response	52	1039043	76654	1
S031_MINIONCE_1144	2	Response	98	1061894	99505	1
S031_MINIONCE_1144	3	Response	52	1111163	49175	1
S031_MINIONCE_1144	3	Response	98	1123575	61587	1
S031_MINIONCE_1144	4	Response	52	1146405	22717	2
S031_MINIONCE_1144	4	Response	98	1170528	46840	1
S031_MINIONCE_1144	6	Pulse	99	1452979	282291	NA
S031_MINIONCE_1144	6	Port Input	1	1452979	282291	NA
S031_MINIONCE_1144	6	Pulse	99	1488980	318292	NA
S031_MINIONCE_1144	6	Port Input	1	1488980	318292	NA
S031_MINIONCE_1144	6	Pulse	99	1524980	354292	NA
S031_MINIONCE_1144	6	Port Input	1	1524980	354292	NA
S031_MINIONCE_1144	6	Pulse	99	1560981	390293	NA
S031_MINIONCE_1144	6	Port Input	1	1560981	390293	NA
S031_MINIONCE_1144	6	Pulse	99	1596982	426294	NA
S031_MINIONCE_1144	6	Port Input	1	1596982	426294	NA
S031_MINIONCE_1144	7	Picture	rest	1597283	0	1	144098	3	0	144000
S031_MINIONCE_1144	7	Pulse	99	1632983	35700	NA
S031_MINIONCE_1144	7	Port Input	1	1632983	35700	NA
S031_MINIONCE_1144	7	Pulse	99	1668984	71701	NA
S031_MINIONCE_1144	7	Port Input	1	1668984	71701	NA
S031_MINIONCE_1144	7	Pulse	99	1704985	107702	NA
S031_MINIONCE_1144	7	Port Input	1	1704985	107702	NA
S031_MINIONCE_1144	7	Pulse	99	1740986	143703	NA
S031_MINIONCE_1144	7	Port Input	1	1740986	143703	NA
S031_MINIONCE_1144	8	Picture	endrest	1741481	0	2	10100	3	0	10000
S031_MINIONCE_1144	9	Picture	PW	1752081	0	1	43200	2	0	43200
S031_MINIONCE_1144	9	Pulse	99	1776986	24905	NA
S031_MINIONCE_1144	9	Port Input	1	1776986	24905	NA
S031_MINIONCE_1144	9	Response	51	1790721	38640	1
S031_MINIONCE_1144	9	Picture	3_T_PWTRIAD_PW_tijera_red.png	1795281	43200	1	1900	2	43200	1800
S031_MINIONCE_1144	10	Picture	PW	1797381	0	1	43199	3	0	43200
S031_MINIONCE_1144	10	Pulse	99	1812987	15606	NA
S031_MINIONCE_1144	10	Port Input	1	1812987	15606	NA
S031_MINIONCE_1144	10	Response	52	1815393	18012	1
S031_MINIONCE_1144	10	Picture	4_T_PWTRIAD_PW_dedal_red.png	1840580	43199	2	1900	4	43200	1800
S031_MINIONCE_1144	11	Picture	PW	1842880	0	2	43100	3	0	43200
S031_MINIONCE_1144	11	Pulse	99	1848988	6108	NA
S031_MINIONCE_1144	11	Port Input	1	1848988	6108	NA
S031_MINIONCE_1144	11	Response	51	1873367	30487	1
S031_MINIONCE_1144	11	Pulse	99	1884989	42109	NA
S031_MINIONCE_1144	11	Port Input	1	1884989	42109	NA
S031_MINIONCE_1144	11	Picture	5_T_PWTRIAD_PW_carruaje_red.png	1885980	43100	1	1900	2	43200	1800
S031_MINIONCE_1144	12	Picture	PW	1888280	0	1	43099	3	0	43200
S031_MINIONCE_1144	12	Response	52	1915318	27038	2
S031_MINIONCE_1144	12	Pulse	99	1920990	32710	NA
S031_MINIONCE_1144	12	Port Input	1	1920990	32710	NA
S031_MINIONCE_1144	12	Picture	6_T_PWTRIAD_PW_grapadora_red.png	1931379	43099	2	1901	3	43200	1800
S031_MINIONCE_1144	13	Picture	FF	1933979	0	2	43200	3	0	43200
S031_MINIONCE_1144	13	Response	52	1947262	13283	1
S031_MINIONCE_1144	13	Pulse	99	1956991	23012	NA
S031_MINIONCE_1144	13	Port Input	1	1956991	23012	NA
S031_MINIONCE_1144	13	Picture	7_T_FFTRIAD_FF_cerillas_red.png	1977179	43200	1	1900	2	43200	1800
S031_MINIONCE_1144	14	Picture	FF	1979579	0	1	43100	2	0	43200
S031_MINIONCE_1144	14	Pulse	99	1992991	13412	NA
S031_MINIONCE_1144	14	Port Input	1	1992991	13412	NA
S031_MINIONCE_1144	14	Response	52	1999004	19425	1
S031_MINIONCE_1144	14	Picture	8_T_FFTRIAD_FF_tenedor_red.png	2022679	43100	1	1900	2	43200	1800
S031_MINIONCE_1144	15	Picture	FF	2024779	0	1	43199	2	0	43200
S031_MINIONCE_1144	15	Pulse	99	2028992	4213	NA
S031_MINIONCE_1144	15	Port Input	1	2028992	4213	NA
S031_MINIONCE_1144	15	Response	51	2044660	19881	1
S031_MINIONCE_1144	15	Pulse	99	2064993	40214	NA
S031_MINIONCE_1144	15	Port Input	1	2064993	40214	NA
S031_MINIONCE_1144	15	Picture	9_T_FFTRIAD_FF_perro_red.png	2067978	43199	1	1900	2	43200	1800
S031_MINIONCE_1144	16	Picture	FF	2070378	0	1	43100	2	0	43200
S031_MINIONCE_1144	16	Response	51	2092589	22211	2
S031_MINIONCE_1144	16	Pulse	99	2100994	30616	NA
S031_MINIONCE_1144	16	Port Input	1	2100994	30616	NA
S031_MINIONCE_1144	16	Picture	10_T_FFTRIAD_FF_violin_red.png	2113478	43100	1	1900	2	43200	1800
S031_MINIONCE_1144	17	Picture	rest	2115478	0	1	144098	2	0	144000
S031_MINIONCE_1144	17	Pulse	99	2136995	21517	NA
S031_MINIONCE_1144	17	Port Input	1	2136995	21517	NA
S031_MINIONCE_1144	17	Pulse	99	2172996	57518	NA
S031_MINIONCE_1144	17	Port Input	1	2172996	57518	NA
S031_MINIONCE_1144	17	Pulse	99	2208997	93519	NA
S031_MINIONCE_1144	17	Port Input	1	2208997	93519	NA
S031_MINIONCE_1144	17	Pulse	99	2244997	129519	NA
S031_MINIONCE_1144	17	Port Input	1	2244997	129519	NA
S031_MINIONCE_1144	18	Picture	endrest	2259676	0	1	10100	2	0	10000
S031_MINIONCE_1144	19	Picture	FF	2270376	0	1	43200	2	0	43200
S031_MINIONCE_1144	19	Pulse	99	2280998	10622	NA
S031_MINIONCE_1144	19	Port Input	1	2280998	10622	NA
S031_MINIONCE_1144	19	Response	52	2290400	20024	1
S031_MINIONCE_1144	19	Picture	13_T_FFTRIAD_FF_dedal_red.png	2313576	43200	1	1900	2	43200	1800
S031_MINIONCE_1144	20	Picture	FF	2315676	0	1	43199	2	0	43200
S031_MINIONCE_1144	20	Pulse	99	2316999	1323	NA
S031_MINIONCE_1144	20	Port Input	1	2316999	1323	NA
S031_MINIONCE_1144	20	Response	51	2330719	15043	1
S031_MINIONCE_1144	20	Pulse	99	2353000	37324	NA
S031_MINIONCE_1144	20	Port Input	1	2353000	37324	NA
S031_MINIONCE_1144	20	Picture	14_T_FFTRIAD_FF_granjero_red.png	2358875	43199	1	1900	2	43200	1800
S031_MINIONCE_1144	21	Picture	FF	2360975	0	1	43200	2	0	43200
S031_MINIONCE_1144	21	Response	51	2387058	26083	1
S031_MINIONCE_1144	21	Pulse	99	2389001	28026	NA
S031_MINIONCE_1144	21	Port Input	1	2389001	28026	NA
S031_MINIONCE_1144	21	Picture	15_T_FFTRIAD_FF_oruga_red.png	2404175	43200	1	1900	2	43200	1800
S031_MINIONCE_1144	22	Picture	FF	2406275	0	1	43199	2	0	43200
S031_MINIONCE_1144	22	Pulse	99	2425002	18727	NA
S031_MINIONCE_1144	22	Port Input	1	2425002	18727	NA
S031_MINIONCE_1144	22	Response	52	2427407	21132	1
S031_MINIONCE_1144	22	Picture	16_T_FFTRIAD_FF_gafas_red.png	2449474	43199	1	1900	2	43200	1800
S031_MINIONCE_1144	23	Picture	PW	2451574	0	1	43200	2	0	43200
S031_MINIONCE_1144	23	Pulse	99	2461003	9429	NA
S031_MINIONCE_1144	23	Port Input	1	2461003	9429	NA
S031_MINIONCE_1144	23	Response	51	2486491	34917	2
S031_MINIONCE_1144	23	Picture	17_T_PWTRIAD_PW_banera_red.png	2494774	43200	1	1900	2	43200	1800
S031_MINIONCE_1144	24	Picture	PW	2496874	0	1	43199	2	0	43200
S031_MINIONCE_1144	24	Pulse	99	2497003	129	NA
S031_MINIONCE_1144	24	Port Input	1	2497003	129	NA
S031_MINIONCE_1144	24	Response	51	2531296	34422	1
S031_MINIONCE_1144	24	Pulse	99	2533004	36130	NA
S031_MINIONCE_1144	24	Port Input	1	2533004	36130	NA
S031_MINIONCE_1144	24	Picture	18_T_PWTRIAD_PW_charco_red.png	2540073	43199	1	1900	2	43200	1800
S031_MINIONCE_1144	25	Picture	PW	2542373	0	1	43200	2	0	43200
S031_MINIONCE_1144	25	Pulse	99	2569005	26632	NA
S031_MINIONCE_1144	25	Port Input	1	2569005	26632	NA
S031_MINIONCE_1144	25	Response	51	2572814	30441	1
S031_MINIONCE_1144	25	Picture	19_T_PWTRIAD_PW_pizarra_red.png	2585573	43200	1	1900	2	43200	1800
S031_MINIONCE_1144	26	Picture	PW	2587673	0	1	43199	2	0	43200
S031_MINIONCE_1144	26	Pulse	99	2605006	17333	NA
S031_MINIONCE_1144	26	Port Input	1	2605006	17333	NA
S031_MINIONCE_1144	26	Response	51	2612643	24970	1
S031_MINIONCE_1144	26	Picture	20_T_PWTRIAD_PW_murcielago_red.png	2630872	43199	1	1900	2	43200	1800
S031_MINIONCE_1144	27	Picture	rest	2632872	0	1	144099	2	0	144000
S031_MINIONCE_1144	27	Pulse	99	2641007	8135	NA
S031_MINIONCE_1144	27	Port Input	1	2641007	8135	NA
S031_MINIONCE_1144	27	Pulse	99	2677008	44136	NA
S031_MINIONCE_1144	27	Port Input	1	2677008	44136	NA
S031_MINIONCE_1144	27	Pulse	99	2713009	80137	NA
S031_MINIONCE_1144	27	Port Input	1	2713009	80137	NA
S031_MINIONCE_1144	27	Pulse	99	2749009	116137	NA
S031_MINIONCE_1144	27	Port Input	1	2749009	116137	NA
S031_MINIONCE_1144	28	Picture	endrest	2777071	0	1	10100	2	0	10000
S031_MINIONCE_1144	28	Pulse	99	2785010	7939	NA
S031_MINIONCE_1144	28	Port Input	1	2785010	7939	NA
S031_MINIONCE_1144	29	Picture	RW	2787671	0	1	43199	2	0	43200
S031_MINIONCE_1144	29	Response	51	2811373	23702	2
S031_MINIONCE_1144	29	Pulse	99	2821011	33340	NA
S031_MINIONCE_1144	29	Port Input	1	2821011	33340	NA
S031_MINIONCE_1144	29	Picture	23_T_RWTRIAD_RW_madera_red.png	2830870	43199	1	1900	2	43200	1800
S031_MINIONCE_1144	30	Picture	RW	2833170	0	1	43200	2	0	43200
S031_MINIONCE_1144	30	Response	51	2846235	13065	1
S031_MINIONCE_1144	30	Pulse	99	2857012	23842	NA
S031_MINIONCE_1144	30	Port Input	1	2857012	23842	NA
S031_MINIONCE_1144	30	Picture	24_T_RWTRIAD_RW_grifo_red.png	2876370	43200	1	1900	2	43200	1800
S031_MINIONCE_1144	31	Picture	RW	2878670	0	1	43099	3	0	43200
S031_MINIONCE_1144	31	Pulse	99	2893013	14343	NA
S031_MINIONCE_1144	31	Port Input	1	2893013	14343	NA
S031_MINIONCE_1144	31	Response	52	2897925	19255	1
S031_MINIONCE_1144	31	Picture	25_T_RWTRIAD_RW_sobre_red.png	2921769	43099	2	1900	3	43200	1800
S031_MINIONCE_1144	32	Picture	RW	2924069	0	1	43100	2	0	43200
S031_MINIONCE_1144	32	Pulse	99	2929014	4945	NA
S031_MINIONCE_1144	32	Port Input	1	2929014	4945	NA
S031_MINIONCE_1144	32	Response	51	2940046	15977	1
S031_MINIONCE_1144	32	Pulse	99	2965014	40945	NA
S031_MINIONCE_1144	32	Port Input	1	2965014	40945	NA
S031_MINIONCE_1144	32	Picture	26_T_RWTRIAD_RW_charco_red.png	2967169	43100	1	1900	2	43200	1800
S031_MINIONCE_1144	33	Picture	RW	2969469	0	1	43099	3	0	43200
S031_MINIONCE_1144	33	Response	52	2988627	19158	1
S031_MINIONCE_1144	33	Pulse	99	3001015	31546	NA
S031_MINIONCE_1144	33	Port Input	1	3001015	31546	NA
S031_MINIONCE_1144	33	Picture	27_T_RWTRIAD_RW_llave_red.png	3012568	43099	2	1900	4	43200	1800
S031_MINIONCE_1144	34	Picture	RW	3014868	0	2	43100	3	0	43200
S031_MINIONCE_1144	34	Response	51	3032831	17963	3
S031_MINIONCE_1144	34	Pulse	99	3037016	22148	NA
S031_MINIONCE_1144	34	Port Input	1	3037016	22148	NA
S031_MINIONCE_1144	34	Picture	28_T_RWTRIAD_RW_granjero_red.png	3057968	43100	1	1900	2	43200	1800
S031_MINIONCE_1144	35	Picture	RW	3060068	0	1	43200	2	0	43200
S031_MINIONCE_1144	35	Pulse	99	3073017	12949	NA
S031_MINIONCE_1144	35	Port Input	1	3073017	12949	NA
S031_MINIONCE_1144	35	Response	51	3078071	18003	1
S031_MINIONCE_1144	35	Picture	29_T_RWTRIAD_RW_cortina_red.png	3103268	43200	1	1900	2	43200	1800
S031_MINIONCE_1144	36	Picture	RW	3105368	0	1	43199	2	0	43200
S031_MINIONCE_1144	36	Pulse	99	3109018	3650	NA
S031_MINIONCE_1144	36	Port Input	1	3109018	3650	NA
S031_MINIONCE_1144	36	Response	52	3124739	19371	1
S031_MINIONCE_1144	36	Pulse	99	3145019	39651	NA
S031_MINIONCE_1144	36	Port Input	1	3145019	39651	NA
S031_MINIONCE_1144	36	Picture	30_T_RWTRIAD_RW_martillo_red.png	3148567	43199	1	1900	2	43200	1800
S031_MINIONCE_1144	37	Picture	rest	3150567	0	1	144099	2	0	144000
S031_MINIONCE_1144	37	Pulse	99	3181020	30453	NA
S031_MINIONCE_1144	37	Port Input	1	3181020	30453	NA
S031_MINIONCE_1144	37	Pulse	99	3217020	66453	NA
S031_MINIONCE_1144	37	Port Input	1	3217020	66453	NA
S031_MINIONCE_1144	37	Pulse	99	3253021	102454	NA
S031_MINIONCE_1144	37	Port Input	1	3253021	102454	NA
S031_MINIONCE_1144	37	Pulse	99	3289022	138455	NA
S031_MINIONCE_1144	37	Port Input	1	3289022	138455	NA
S031_MINIONCE_1144	38	Picture	endrest	3294766	0	1	10100	2	0	10000
S031_MINIONCE_1144	39	Picture	FF	3305266	0	1	43099	2	0	43200
S031_MINIONCE_1144	39	Pulse	99	3325023	19757	NA
S031_MINIONCE_1144	39	Port Input	1	3325023	19757	NA
S031_MINIONCE_1144	39	Response	52	3337469	32203	1
S031_MINIONCE_1144	39	Picture	33_T_FFTRIAD_FF_queso_red.png	3348365	43099	1	1900	2	43200	1800
S031_MINIONCE_1144	40	Picture	FF	3350765	0	1	43100	2	0	43200
S031_MINIONCE_1144	40	Pulse	99	3361024	10259	NA
S031_MINIONCE_1144	40	Port Input	1	3361024	10259	NA
S031_MINIONCE_1144	40	Response	51	3368992	18227	1
S031_MINIONCE_1144	40	Picture	34_T_FFTRIAD_FF_estetoscopio_red.png	3393865	43100	1	1900	2	43200	1800
S031_MINIONCE_1144	41	Picture	FF	3396165	0	1	43199	2	0	43200
S031_MINIONCE_1144	41	Pulse	99	3397025	860	NA
S031_MINIONCE_1144	41	Port Input	1	3397025	860	NA
S031_MINIONCE_1144	41	Response	52	3417496	21331	1
S031_MINIONCE_1144	41	Pulse	99	3433026	36861	NA
S031_MINIONCE_1144	41	Port Input	1	3433026	36861	NA
S031_MINIONCE_1144	41	Picture	35_T_FFTRIAD_FF_banera_red.png	3439364	43199	1	1900	2	43200	1800
S031_MINIONCE_1144	42	Picture	FF	3441464	0	1	43200	2	0	43200
S031_MINIONCE_1144	42	Response	51	3459228	17764	1
S031_MINIONCE_1144	42	Pulse	99	3469026	27562	NA
S031_MINIONCE_1144	42	Port Input	1	3469026	27562	NA
S031_MINIONCE_1144	42	Picture	36_T_FFTRIAD_FF_portatil_red.png	3484664	43200	1	1900	2	43200	1800
S031_MINIONCE_1144	43	Picture	PW	3486764	0	1	43199	2	0	43200
S031_MINIONCE_1144	43	Pulse	99	3505027	18263	NA
S031_MINIONCE_1144	43	Port Input	1	3505027	18263	NA
S031_MINIONCE_1144	43	Response	51	3522000	35236	1
S031_MINIONCE_1144	43	Picture	37_T_PWTRIAD_PW_sapo_red.png	3529963	43199	1	1900	2	43200	1800
S031_MINIONCE_1144	44	Picture	PW	3532063	0	1	43200	2	0	43200
S031_MINIONCE_1144	44	Pulse	99	3541028	8965	NA
S031_MINIONCE_1144	44	Port Input	1	3541028	8965	NA
S031_MINIONCE_1144	44	Response	51	3564237	32174	1
S031_MINIONCE_1144	44	Picture	38_T_PWTRIAD_PW_madera_red.png	3575263	43200	1	1900	2	43200	1800
S031_MINIONCE_1144	44	Pulse	99	3577029	44966	NA
S031_MINIONCE_1144	44	Port Input	1	3577029	44966	NA
S031_MINIONCE_1144	45	Picture	PW	3577363	0	1	43199	2	0	43200
S031_MINIONCE_1144	45	Response	51	3605146	27783	1
S031_MINIONCE_1144	45	Pulse	99	3613030	35667	NA
S031_MINIONCE_1144	45	Port Input	1	3613030	35667	NA
S031_MINIONCE_1144	45	Picture	39_T_PWTRIAD_PW_dado_red.png	3620562	43199	1	1900	2	43200	1800
S031_MINIONCE_1144	46	Picture	PW	3622762	0	1	43100	2	0	43200
S031_MINIONCE_1144	46	Response	51	3645907	23145	1
S031_MINIONCE_1144	46	Pulse	99	3649031	26269	NA
S031_MINIONCE_1144	46	Port Input	1	3649031	26269	NA
S031_MINIONCE_1144	46	Picture	40_T_PWTRIAD_PW_molino_red.png	3665862	43100	1	1900	2	43200	1800
S031_MINIONCE_1144	47	Picture	rest	3667862	0	1	144098	2	0	144000
S031_MINIONCE_1144	47	Pulse	99	3685032	17170	NA
S031_MINIONCE_1144	47	Port Input	1	3685032	17170	NA
S031_MINIONCE_1144	47	Pulse	99	3721032	53170	NA
S031_MINIONCE_1144	47	Port Input	1	3721032	53170	NA
S031_MINIONCE_1144	47	Pulse	99	3757033	89171	NA
S031_MINIONCE_1144	47	Port Input	1	3757033	89171	NA
S031_MINIONCE_1144	47	Pulse	99	3793034	125172	NA
S031_MINIONCE_1144	47	Port Input	1	3793034	125172	NA
S031_MINIONCE_1144	48	Picture	endrest	3812060	0	1	10100	2	0	10000
S031_MINIONCE_1144	49	Picture	FF	3822660	0	1	43100	2	0	43200
S031_MINIONCE_1144	49	Pulse	99	3829035	6375	NA
S031_MINIONCE_1144	49	Port Input	1	3829035	6375	NA
S031_MINIONCE_1144	49	Response	52	3849249	26589	1
S031_MINIONCE_1144	49	Pulse	99	3865036	42376	NA
S031_MINIONCE_1144	49	Port Input	1	3865036	42376	NA
S031_MINIONCE_1144	49	Picture	43_T_FFTRIAD_FF_botella_red.png	3865760	43100	1	1900	2	43200	1800
S031_MINIONCE_1144	50	Picture	FF	3868060	0	1	43099	2	0	43200
S031_MINIONCE_1144	50	Response	52	3886838	18778	1
S031_MINIONCE_1144	50	Pulse	99	3901037	32977	NA
S031_MINIONCE_1144	50	Port Input	1	3901037	32977	NA
S031_MINIONCE_1144	50	Picture	44_T_FFTRIAD_FF_raton_red.png	3911159	43099	1	1900	2	43200	1800
S031_MINIONCE_1144	51	Picture	FF	3913259	0	1	43200	2	0	43200
S031_MINIONCE_1144	51	Pulse	99	3937037	23778	NA
S031_MINIONCE_1144	51	Port Input	1	3937037	23778	NA
S031_MINIONCE_1144	51	Response	51	3942239	28980	1
S031_MINIONCE_1144	51	Picture	45_T_FFTRIAD_FF_policia_red.png	3956459	43200	1	1900	2	43200	1800
S031_MINIONCE_1144	52	Picture	FF	3958559	0	1	43199	2	0	43200
S031_MINIONCE_1144	52	Pulse	99	3973038	14479	NA
S031_MINIONCE_1144	52	Port Input	1	3973038	14479	NA
S031_MINIONCE_1144	52	Response	52	3978830	20271	1
S031_MINIONCE_1144	52	Picture	46_T_FFTRIAD_FF_chupete_red.png	4001758	43199	1	1900	2	43200	1800
S031_MINIONCE_1144	53	Picture	RW	4003858	0	1	43200	2	0	43200
S031_MINIONCE_1144	53	Pulse	99	4009039	5181	NA
S031_MINIONCE_1144	53	Port Input	1	4009039	5181	NA
S031_MINIONCE_1144	53	Response	51	4029498	25640	1
S031_MINIONCE_1144	53	Pulse	99	4045040	41182	NA
S031_MINIONCE_1144	53	Port Input	1	4045040	41182	NA
S031_MINIONCE_1144	53	Picture	47_T_RWTRIAD_RW_chupete_red.png	4047058	43200	1	1899	3	43200	1800
S031_MINIONCE_1144	54	Picture	RW	4049157	0	2	43200	4	0	43200
S031_MINIONCE_1144	54	Response	51	4070936	21779	1
S031_MINIONCE_1144	54	Pulse	99	4081041	31884	NA
S031_MINIONCE_1144	54	Port Input	1	4081041	31884	NA
S031_MINIONCE_1144	54	Picture	48_T_RWTRIAD_RW_teclado_red.png	4092357	43200	2	1900	3	43200	1800
S031_MINIONCE_1144	55	Picture	RW	4094457	0	2	43200	3	0	43200
S031_MINIONCE_1144	55	Response	52	4110398	15941	1
S031_MINIONCE_1144	55	Pulse	99	4117042	22585	NA
S031_MINIONCE_1144	55	Port Input	1	4117042	22585	NA
S031_MINIONCE_1144	55	Picture	49_T_RWTRIAD_RW_monja_red.png	4137657	43200	1	1900	2	43200	1800
S031_MINIONCE_1144	56	Picture	RW	4139757	0	1	43199	3	0	43200
S031_MINIONCE_1144	56	Pulse	99	4153043	13286	NA
S031_MINIONCE_1144	56	Port Input	1	4153043	13286	NA
S031_MINIONCE_1144	56	Response	52	4170412	30655	1
S031_MINIONCE_1144	56	Picture	50_T_RWTRIAD_RW_lechuga_red.png	4182956	43199	2	1901	3	43200	1800
S031_MINIONCE_1144	57	Picture	rest	4184956	0	2	144099	3	0	144000
S031_MINIONCE_1144	57	Pulse	99	4189043	4087	NA
S031_MINIONCE_1144	57	Port Input	1	4189043	4087	NA
S031_MINIONCE_1144	57	Pulse	99	4225044	40088	NA
S031_MINIONCE_1144	57	Port Input	1	4225044	40088	NA
S031_MINIONCE_1144	57	Pulse	99	4261045	76089	NA
S031_MINIONCE_1144	57	Port Input	1	4261045	76089	NA
S031_MINIONCE_1144	57	Pulse	99	4297046	112090	NA
S031_MINIONCE_1144	57	Port Input	1	4297046	112090	NA
S031_MINIONCE_1144	58	Picture	endrest	4329155	0	1	10100	2	0	10000
S031_MINIONCE_1144	58	Pulse	99	4333047	3892	NA
S031_MINIONCE_1144	58	Port Input	1	4333047	3892	NA
S031_MINIONCE_1144	59	Picture	PW	4339455	0	1	43199	3	0	43200
S031_MINIONCE_1144	59	Pulse	99	4369048	29593	NA
S031_MINIONCE_1144	59	Port Input	1	4369048	29593	NA
S031_MINIONCE_1144	59	Picture	53_T_PWTRIAD_PW_novia_red.png	4382654	43199	2	1900	4	43200	1800
S031_MINIONCE_1144	59	Response	52	4383488	44033	1
S031_MINIONCE_1144	60	Picture	PW	4384954	0	2	43100	3	0	43200
S031_MINIONCE_1144	60	Pulse	99	4405049	20095	NA
S031_MINIONCE_1144	60	Port Input	1	4405049	20095	NA
S031_MINIONCE_1144	60	Response	52	4411724	26770	1
S031_MINIONCE_1144	60	Picture	54_T_PWTRIAD_PW_botella_red.png	4428054	43100	1	1900	2	43200	1800
S031_MINIONCE_1144	61	Picture	PW	4430354	0	1	43099	3	0	43200
S031_MINIONCE_1144	61	Pulse	99	4441049	10695	NA
S031_MINIONCE_1144	61	Port Input	1	4441049	10695	NA
S031_MINIONCE_1144	61	Response	51	4453043	22689	1
S031_MINIONCE_1144	61	Picture	55_T_PWTRIAD_PW_ancla_red.png	4473453	43099	2	1900	4	43200	1800
S031_MINIONCE_1144	62	Picture	PW	4475553	0	2	43200	3	0	43200
S031_MINIONCE_1144	62	Pulse	99	4477050	1497	NA
S031_MINIONCE_1144	62	Port Input	1	4477050	1497	NA
S031_MINIONCE_1144	62	Response	52	4506888	31335	1
S031_MINIONCE_1144	62	Pulse	99	4513051	37498	NA
S031_MINIONCE_1144	62	Port Input	1	4513051	37498	NA
S031_MINIONCE_1144	62	Picture	56_T_PWTRIAD_PW_mono_red.png	4518753	43200	1	1900	2	43200	1800
S031_MINIONCE_1144	63	Picture	RW	4520853	0	1	43200	2	0	43200
S031_MINIONCE_1144	63	Response	52	4537063	16210	2
S031_MINIONCE_1144	63	Pulse	99	4549052	28199	NA
S031_MINIONCE_1144	63	Port Input	1	4549052	28199	NA
S031_MINIONCE_1144	63	Picture	57_T_RWTRIAD_RW_arco_red.png	4564053	43200	1	1900	2	43200	1800
S031_MINIONCE_1144	64	Picture	RW	4566152	0	2	43200	3	0	43200
S031_MINIONCE_1144	64	Response	52	4583966	17814	1
S031_MINIONCE_1144	64	Pulse	99	4585053	18901	NA
S031_MINIONCE_1144	64	Port Input	1	4585053	18901	NA
S031_MINIONCE_1144	64	Picture	58_T_RWTRIAD_RW_cuento_red.png	4609352	43200	1	1900	2	43200	1800
S031_MINIONCE_1144	65	Picture	RW	4611452	0	1	43200	2	0	43200
S031_MINIONCE_1144	65	Pulse	99	4621054	9602	NA
S031_MINIONCE_1144	65	Port Input	1	4621054	9602	NA
S031_MINIONCE_1144	65	Response	52	4628914	17462	2
S031_MINIONCE_1144	65	Picture	59_T_RWTRIAD_RW_anillo_red.png	4654652	43200	1	1900	2	43200	1800
S031_MINIONCE_1144	66	Picture	RW	4656752	0	1	43199	2	0	43200
S031_MINIONCE_1144	66	Pulse	99	4657054	302	NA
S031_MINIONCE_1144	66	Port Input	1	4657054	302	NA
S031_MINIONCE_1144	66	Response	51	4673031	16279	1
S031_MINIONCE_1144	66	Pulse	99	4693055	36303	NA
S031_MINIONCE_1144	66	Port Input	1	4693055	36303	NA
S031_MINIONCE_1144	66	Picture	60_T_RWTRIAD_RW_violin_red.png	4699951	43199	1	1900	2	43200	1800
S031_MINIONCE_1144	67	Picture	rest	4701951	0	1	144099	2	0	144000
S031_MINIONCE_1144	67	Pulse	99	4729056	27105	NA
S031_MINIONCE_1144	67	Port Input	1	4729056	27105	NA
S031_MINIONCE_1144	67	Pulse	99	4765057	63106	NA
S031_MINIONCE_1144	67	Port Input	1	4765057	63106	NA
S031_MINIONCE_1144	67	Pulse	99	4801058	99107	NA
S031_MINIONCE_1144	67	Port Input	1	4801058	99107	NA
S031_MINIONCE_1144	67	Pulse	99	4837059	135108	NA
S031_MINIONCE_1144	67	Port Input	1	4837059	135108	NA
S031_MINIONCE_1144	68	Picture	endrest	4846115	0	42	10035	43	0	10000
S031_MINIONCE_1144	69	Picture	FF	4856649	0	2	43200	3	0	43200
S031_MINIONCE_1144	69	Response	51	4869757	13108	1
S031_MINIONCE_1144	69	Pulse	99	4873060	16411	NA
S031_MINIONCE_1144	69	Port Input	1	4873060	16411	NA
S031_MINIONCE_1144	69	Picture	63_T_FFTRIAD_FF_teclado_red.png	4899849	43200	1	1900	2	43200	1800
S031_MINIONCE_1144	70	Picture	FF	4901949	0	1	43200	2	0	43200
S031_MINIONCE_1144	70	Pulse	99	4909060	7111	NA
S031_MINIONCE_1144	70	Port Input	1	4909060	7111	NA
S031_MINIONCE_1144	70	Response	52	4923338	21389	1
S031_MINIONCE_1144	70	Pulse	99	4945061	43112	NA
S031_MINIONCE_1144	70	Port Input	1	4945061	43112	NA
S031_MINIONCE_1144	70	Picture	64_T_FFTRIAD_FF_pilas_red.png	4945149	43200	1	1900	2	43200	1800
S031_MINIONCE_1144	71	Picture	FF	4947448	0	2	43100	3	0	43200
S031_MINIONCE_1144	71	Response	51	4965288	17840	1
S031_MINIONCE_1144	71	Pulse	99	4981062	33614	NA
S031_MINIONCE_1144	71	Port Input	1	4981062	33614	NA
S031_MINIONCE_1144	71	Picture	65_T_FFTRIAD_FF_arbol_red.png	4990548	43100	1	1900	2	43200	1800
S031_MINIONCE_1144	72	Picture	FF	4992648	0	1	43200	2	0	43200
S031_MINIONCE_1144	72	Response	52	5014947	22299	1
S031_MINIONCE_1144	72	Pulse	99	5017063	24415	NA
S031_MINIONCE_1144	72	Port Input	1	5017063	24415	NA
S031_MINIONCE_1144	72	Picture	66_T_FFTRIAD_FF_paraguas_red.png	5035848	43200	1	1900	2	43200	1800
S031_MINIONCE_1144	73	Picture	PW	5038148	0	1	43099	2	0	43200
S031_MINIONCE_1144	73	Pulse	99	5053064	14916	NA
S031_MINIONCE_1144	73	Port Input	1	5053064	14916	NA
S031_MINIONCE_1144	73	Response	51	5066571	28423	1
S031_MINIONCE_1144	73	Picture	67_T_PWTRIAD_PW_paracaidas_red.png	5081247	43099	1	1900	2	43200	1800
S031_MINIONCE_1144	74	Picture	PW	5083347	0	1	43200	2	0	43200
S031_MINIONCE_1144	74	Pulse	99	5089065	5718	NA
S031_MINIONCE_1144	74	Port Input	1	5089065	5718	NA
S031_MINIONCE_1144	74	Response	51	5117441	34094	2
S031_MINIONCE_1144	74	Pulse	99	5125065	41718	NA
S031_MINIONCE_1144	74	Port Input	1	5125065	41718	NA
S031_MINIONCE_1144	74	Picture	68_T_PWTRIAD_PW_monja_red.png	5126547	43200	1	1900	2	43200	1800
S031_MINIONCE_1144	75	Picture	PW	5128647	0	1	43199	2	0	43200
S031_MINIONCE_1144	75	Pulse	99	5161066	32419	NA
S031_MINIONCE_1144	75	Port Input	1	5161066	32419	NA
S031_MINIONCE_1144	75	Picture	69_T_PWTRIAD_PW_portatil_red.png	5171846	43199	1	1900	2	43200	1800
S031_MINIONCE_1144	76	Picture	PW	5174146	0	1	43200	2	0	43200
S031_MINIONCE_1144	76	Pulse	99	5197067	22921	NA
S031_MINIONCE_1144	76	Port Input	1	5197067	22921	NA
S031_MINIONCE_1144	76	Response	51	5199159	25013	1
S031_MINIONCE_1144	76	Picture	70_T_PWTRIAD_PW_iglu_red.png	5217346	43200	1	1900	2	43200	1800
S031_MINIONCE_1144	77	Picture	rest	5219346	0	1	144098	2	0	144000
S031_MINIONCE_1144	77	Pulse	99	5233068	13722	NA
S031_MINIONCE_1144	77	Port Input	1	5233068	13722	NA
S031_MINIONCE_1144	77	Pulse	99	5269069	49723	NA
S031_MINIONCE_1144	77	Port Input	1	5269069	49723	NA
S031_MINIONCE_1144	77	Pulse	99	5305070	85724	NA
S031_MINIONCE_1144	77	Port Input	1	5305070	85724	NA
S031_MINIONCE_1144	77	Pulse	99	5341071	121725	NA
S031_MINIONCE_1144	77	Port Input	1	5341071	121725	NA
S031_MINIONCE_1144	78	Picture	endrest	5363544	0	1	10100	2	0	10000
S031_MINIONCE_1144	79	Picture	PW	5373844	0	1	43200	2	0	43200
S031_MINIONCE_1144	79	Pulse	99	5377071	3227	NA
S031_MINIONCE_1144	79	Port Input	1	5377071	3227	NA
S031_MINIONCE_1144	79	Response	51	5392383	18539	1
S031_MINIONCE_1144	79	Pulse	99	5413072	39228	NA
S031_MINIONCE_1144	79	Port Input	1	5413072	39228	NA
S031_MINIONCE_1144	79	Picture	73_T_PWTRIAD_PW_pilas_red.png	5417044	43200	1	1900	2	43200	1800
S031_MINIONCE_1144	80	Picture	PW	5419244	0	1	43099	2	0	43200
S031_MINIONCE_1144	80	Response	52	5445385	26141	1
S031_MINIONCE_1144	80	Pulse	99	5449073	29829	NA
S031_MINIONCE_1144	80	Port Input	1	5449073	29829	NA
S031_MINIONCE_1144	80	Picture	74_T_PWTRIAD_PW_bellota_red.png	5462343	43099	1	1900	2	43200	1800
S031_MINIONCE_1144	81	Picture	PW	5464638	0	7	43105	8	0	43200
S031_MINIONCE_1144	81	Pulse	99	5485074	20436	NA
S031_MINIONCE_1144	81	Port Input	1	5485074	20436	NA
S031_MINIONCE_1144	81	Response	52	5489960	25322	1
S031_MINIONCE_1144	81	Picture	75_T_PWTRIAD_PW_lana_red.png	5507743	43105	1	1900	2	43200	1800
S031_MINIONCE_1144	82	Picture	PW	5510043	0	1	43199	2	0	43200
S031_MINIONCE_1144	82	Pulse	99	5521075	11032	NA
S031_MINIONCE_1144	82	Port Input	1	5521075	11032	NA
S031_MINIONCE_1144	82	Response	51	5529250	19207	1
S031_MINIONCE_1144	82	Picture	76_T_PWTRIAD_PW_gafas_red.png	5553242	43199	1	1900	2	43200	1800
S031_MINIONCE_1144	83	Picture	PW	5555342	0	1	43200	2	0	43200
S031_MINIONCE_1144	83	Pulse	99	5557076	1734	NA
S031_MINIONCE_1144	83	Port Input	1	5557076	1734	NA
S031_MINIONCE_1144	83	Response	51	5577930	22588	1
S031_MINIONCE_1144	83	Pulse	99	5593077	37735	NA
S031_MINIONCE_1144	83	Port Input	1	5593077	37735	NA
S031_MINIONCE_1144	83	Picture	77_T_PWTRIAD_PW_huevos_red.png	5598542	43200	1	1900	2	43200	1800
S031_MINIONCE_1144	84	Picture	PW	5600842	0	1	43099	3	0	43200
S031_MINIONCE_1144	84	Pulse	99	5629077	28235	NA
S031_MINIONCE_1144	84	Port Input	1	5629077	28235	NA
S031_MINIONCE_1144	84	Response	52	5630179	29337	2
S031_MINIONCE_1144	84	Picture	78_T_PWTRIAD_PW_granjero_red.png	5643941	43099	2	1900	3	43200	1800
S031_MINIONCE_1144	85	Picture	PW	5646041	0	2	43200	3	0	43200
S031_MINIONCE_1144	85	Response	52	5661456	15415	1
S031_MINIONCE_1144	85	Pulse	99	5665078	19037	NA
S031_MINIONCE_1144	85	Port Input	1	5665078	19037	NA
S031_MINIONCE_1144	85	Picture	79_T_PWTRIAD_PW_zanahoria_red.png	5689241	43200	1	1900	2	43200	1800
S031_MINIONCE_1144	86	Picture	PW	5691341	0	1	43199	3	0	43200
S031_MINIONCE_1144	86	Pulse	99	5701079	9738	NA
S031_MINIONCE_1144	86	Port Input	1	5701079	9738	NA
S031_MINIONCE_1144	86	Response	52	5719887	28546	1
S031_MINIONCE_1144	86	Picture	80_T_PWTRIAD_PW_paraguas_red.png	5734540	43199	2	1900	4	43200	1800
S031_MINIONCE_1144	87	Picture	rest	5736540	0	2	144099	3	0	144000
S031_MINIONCE_1144	87	Pulse	99	5737080	540	NA
S031_MINIONCE_1144	87	Port Input	1	5737080	540	NA
S031_MINIONCE_1144	87	Pulse	99	5773081	36541	NA
S031_MINIONCE_1144	87	Port Input	1	5773081	36541	NA
S031_MINIONCE_1144	87	Pulse	99	5809082	72542	NA
S031_MINIONCE_1144	87	Port Input	1	5809082	72542	NA
S031_MINIONCE_1144	87	Pulse	99	5845083	108543	NA
S031_MINIONCE_1144	87	Port Input	1	5845083	108543	NA
S031_MINIONCE_1144	88	Picture	endrest	5880739	0	1	10100	2	0	10000
S031_MINIONCE_1144	88	Pulse	99	5881083	344	NA
S031_MINIONCE_1144	88	Port Input	1	5881083	344	NA
S031_MINIONCE_1144	89	Picture	RW	5891239	0	1	43099	3	0	43200
S031_MINIONCE_1144	89	Response	51	5916475	25236	1
S031_MINIONCE_1144	89	Pulse	99	5917084	25845	NA
S031_MINIONCE_1144	89	Port Input	1	5917084	25845	NA
S031_MINIONCE_1144	89	Picture	83_T_RWTRIAD_RW_candado_red.png	5934338	43099	2	1900	4	43200	1800
S031_MINIONCE_1144	90	Picture	RW	5936438	0	2	43200	3	0	43200
S031_MINIONCE_1144	90	Pulse	99	5953085	16647	NA
S031_MINIONCE_1144	90	Port Input	1	5953085	16647	NA
S031_MINIONCE_1144	90	Response	51	5955020	18582	1
S031_MINIONCE_1144	90	Picture	84_T_RWTRIAD_RW_perro_red.png	5979638	43200	1	1900	2	43200	1800
S031_MINIONCE_1144	91	Picture	RW	5981738	0	1	43199	3	0	43200
S031_MINIONCE_1144	91	Pulse	99	5989086	7348	NA
S031_MINIONCE_1144	91	Port Input	1	5989086	7348	NA
S031_MINIONCE_1144	91	Response	52	5999782	18044	1
S031_MINIONCE_1144	91	Picture	85_T_RWTRIAD_RW_pincel_red.png	6024937	43199	2	1900	4	43200	1800
S031_MINIONCE_1144	91	Pulse	99	6025087	43349	NA
S031_MINIONCE_1144	91	Port Input	1	6025087	43349	NA
S031_MINIONCE_1144	92	Picture	RW	6027237	0	2	43100	3	0	43200
S031_MINIONCE_1144	92	Response	51	6049804	22567	2
S031_MINIONCE_1144	92	Pulse	99	6061088	33851	NA
S031_MINIONCE_1144	92	Port Input	1	6061088	33851	NA
S031_MINIONCE_1144	92	Picture	86_T_RWTRIAD_RW_telefono_red.png	6070337	43100	1	1900	2	43200	1800
S031_MINIONCE_1144	93	Picture	RW	6072437	0	1	43200	2	0	43200
S031_MINIONCE_1144	93	Response	52	6095621	23184	41
S031_MINIONCE_1144	93	Pulse	99	6097088	24651	NA
S031_MINIONCE_1144	93	Port Input	1	6097088	24651	NA
S031_MINIONCE_1144	93	Picture	87_T_RWTRIAD_RW_grapadora_red.png	6115637	43200	1	1900	2	43200	1800
S031_MINIONCE_1144	94	Picture	RW	6117737	0	1	43199	2	0	43200
S031_MINIONCE_1144	94	Pulse	99	6133089	15352	NA
S031_MINIONCE_1144	94	Port Input	1	6133089	15352	NA
S031_MINIONCE_1144	94	Response	52	6140952	23215	1
S031_MINIONCE_1144	94	Picture	88_T_RWTRIAD_RW_silla_red.png	6160936	43199	1	1900	2	43200	1800
S031_MINIONCE_1144	95	Picture	RW	6163036	0	1	43200	2	0	43200
S031_MINIONCE_1144	95	Pulse	99	6169090	6054	NA
S031_MINIONCE_1144	95	Port Input	1	6169090	6054	NA
S031_MINIONCE_1144	95	Response	52	6184332	21296	1
S031_MINIONCE_1144	95	Pulse	99	6205091	42055	NA
S031_MINIONCE_1144	95	Port Input	1	6205091	42055	NA
S031_MINIONCE_1144	95	Picture	89_T_RWTRIAD_RW_agua_red.png	6206236	43200	1	1900	2	43200	1800
S031_MINIONCE_1144	96	Picture	RW	6208336	0	1	43199	2	0	43200
S031_MINIONCE_1144	96	Response	52	6224030	15694	1
S031_MINIONCE_1144	96	Pulse	99	6241092	32756	NA
S031_MINIONCE_1144	96	Port Input	1	6241092	32756	NA
S031_MINIONCE_1144	96	Picture	90_T_RWTRIAD_RW_bellota_red.png	6251535	43199	1	1900	2	43200	1800
S031_MINIONCE_1144	97	Picture	rest	6253535	0	1	144099	2	0	144000
S031_MINIONCE_1144	97	Pulse	99	6277093	23558	NA
S031_MINIONCE_1144	97	Port Input	1	6277093	23558	NA
S031_MINIONCE_1144	97	Pulse	99	6313093	59558	NA
S031_MINIONCE_1144	97	Port Input	1	6313093	59558	NA
S031_MINIONCE_1144	97	Pulse	99	6349094	95559	NA
S031_MINIONCE_1144	97	Port Input	1	6349094	95559	NA
S031_MINIONCE_1144	97	Pulse	99	6385095	131560	NA
S031_MINIONCE_1144	97	Port Input	1	6385095	131560	NA
S031_MINIONCE_1144	98	Picture	endrest	6397733	0	3	10100	5	0	10000
S031_MINIONCE_1144	99	Picture	PW	6408233	0	3	43099	6	0	43200
S031_MINIONCE_1144	99	Pulse	99	6421096	12863	NA
S031_MINIONCE_1144	99	Port Input	1	6421096	12863	NA
S031_MINIONCE_1144	99	Response	51	6441753	33520	1
S031_MINIONCE_1144	99	Picture	93_T_PWTRIAD_PW_pincel_red.png	6451332	43099	3	1901	5	43200	1800
S031_MINIONCE_1144	100	Picture	PW	6453633	0	2	43099	4	0	43200
S031_MINIONCE_1144	100	Pulse	99	6457097	3464	NA
S031_MINIONCE_1144	100	Port Input	1	6457097	3464	NA
S031_MINIONCE_1144	100	Response	51	6473147	19514	1
S031_MINIONCE_1144	100	Pulse	99	6493098	39465	NA
S031_MINIONCE_1144	100	Port Input	1	6493098	39465	NA
S031_MINIONCE_1144	100	Picture	94_T_PWTRIAD_PW_arco_red.png	6496732	43099	2	1900	4	43200	1800
S031_MINIONCE_1144	101	Picture	PW	6498832	0	2	43199	5	0	43200
S031_MINIONCE_1144	101	Response	52	6523751	24919	1
S031_MINIONCE_1144	101	Pulse	99	6529099	30267	NA
S031_MINIONCE_1144	101	Port Input	1	6529099	30267	NA
S031_MINIONCE_1144	101	Picture	95_T_PWTRIAD_PW_leche_red.png	6542031	43199	3	1901	4	43200	1800
S031_MINIONCE_1144	102	Picture	PW	6544132	0	1	43198	4	0	43200
S031_MINIONCE_1144	102	Pulse	99	6565099	20967	NA
S031_MINIONCE_1144	102	Port Input	1	6565099	20967	NA
S031_MINIONCE_1144	102	Response	51	6567167	23035	2
S031_MINIONCE_1144	102	Picture	96_T_PWTRIAD_PW_arbol_red.png	6587330	43198	3	1902	4	43200	1800
S031_MINIONCE_1144	103	Picture	RW	6589632	0	1	43098	3	0	43200
S031_MINIONCE_1144	103	Pulse	99	6601100	11468	NA
S031_MINIONCE_1144	103	Port Input	1	6601100	11468	NA
S031_MINIONCE_1144	103	Response	51	6608578	18946	1
S031_MINIONCE_1144	103	Picture	97_T_RWTRIAD_RW_iglu_red.png	6632730	43098	2	1901	3	43200	1800
S031_MINIONCE_1144	104	Picture	RW	6634931	0	1	43200	2	0	43200
S031_MINIONCE_1144	104	Pulse	99	6637101	2170	NA
S031_MINIONCE_1144	104	Port Input	1	6637101	2170	NA
S031_MINIONCE_1144	104	Response	52	6655075	20144	1
S031_MINIONCE_1144	104	Pulse	99	6673102	38171	NA
S031_MINIONCE_1144	104	Port Input	1	6673102	38171	NA
S031_MINIONCE_1144	104	Picture	98_T_RWTRIAD_RW_lenador_red.png	6678131	43200	1	1900	2	43200	1800
S031_MINIONCE_1144	105	Picture	RW	6680231	0	1	43199	2	0	43200
S031_MINIONCE_1144	105	Response	51	6701031	20800	1
S031_MINIONCE_1144	105	Pulse	99	6709103	28872	NA
S031_MINIONCE_1144	105	Port Input	1	6709103	28872	NA
S031_MINIONCE_1144	105	Picture	99_T_RWTRIAD_RW_manos_red.png	6723430	43199	1	1900	2	43200	1800
S031_MINIONCE_1144	106	Picture	RW	6725730	0	1	43100	2	0	43200
S031_MINIONCE_1144	106	Pulse	99	6745104	19374	NA
S031_MINIONCE_1144	106	Port Input	1	6745104	19374	NA
S031_MINIONCE_1144	106	Response	52	6750626	24896	1
S031_MINIONCE_1144	106	Picture	100_T_RWTRIAD_RW_dado_red.png	6768830	43100	1	1900	2	43200	1800
S031_MINIONCE_1144	107	Picture	rest	6770830	0	1	144098	2	0	144000
S031_MINIONCE_1144	107	Pulse	99	6781105	10275	NA
S031_MINIONCE_1144	107	Port Input	1	6781105	10275	NA
S031_MINIONCE_1144	107	Pulse	99	6817105	46275	NA
S031_MINIONCE_1144	107	Port Input	1	6817105	46275	NA
S031_MINIONCE_1144	107	Pulse	99	6853106	82276	NA
S031_MINIONCE_1144	107	Port Input	1	6853106	82276	NA
S031_MINIONCE_1144	107	Pulse	99	6889107	118277	NA
S031_MINIONCE_1144	107	Port Input	1	6889107	118277	NA
S031_MINIONCE_1144	108	Picture	endrest	6915028	0	1	10100	2	0	10000
S031_MINIONCE_1144	108	Pulse	99	6925108	10080	NA
S031_MINIONCE_1144	108	Port Input	1	6925108	10080	NA
S031_MINIONCE_1144	109	Picture	RW	6925528	0	1	43100	2	0	43200
S031_MINIONCE_1144	109	Response	52	6941155	15627	1
S031_MINIONCE_1144	109	Pulse	99	6961109	35581	NA
S031_MINIONCE_1144	109	Port Input	1	6961109	35581	NA
S031_MINIONCE_1144	109	Picture	103_T_RWTRIAD_RW_destornillador_red.png	6968628	43100	1	1900	2	43200	1800
S031_MINIONCE_1144	110	Picture	RW	6970728	0	1	43199	2	0	43200
S031_MINIONCE_1144	110	Pulse	99	6997110	26382	NA
S031_MINIONCE_1144	110	Port Input	1	6997110	26382	NA
S031_MINIONCE_1144	110	Response	52	7002306	31578	1
S031_MINIONCE_1144	110	Picture	104_T_RWTRIAD_RW_pluma_red.png	7013927	43199	1	1900	2	43200	1800
S031_MINIONCE_1144	111	Picture	RW	7016027	0	1	43200	2	0	43200
S031_MINIONCE_1144	111	Pulse	99	7033111	17084	NA
S031_MINIONCE_1144	111	Port Input	1	7033111	17084	NA
S031_MINIONCE_1144	111	Response	52	7033459	17432	1
S031_MINIONCE_1144	111	Picture	105_T_RWTRIAD_RW_oruga_red.png	7059227	43200	1	1900	2	43200	1800
S031_MINIONCE_1144	112	Picture	RW	7061527	0	1	43199	2	0	43200
S031_MINIONCE_1144	112	Pulse	99	7069111	7584	NA
S031_MINIONCE_1144	112	Port Input	1	7069111	7584	NA
S031_MINIONCE_1144	112	Response	51	7081431	19904	1
S031_MINIONCE_1144	112	Picture	106_T_RWTRIAD_RW_botella_red.png	7104726	43199	1	1900	2	43200	1800
S031_MINIONCE_1144	112	Pulse	99	7105112	43585	NA
S031_MINIONCE_1144	112	Port Input	1	7105112	43585	NA
S031_MINIONCE_1144	113	Picture	FF	7107026	0	1	43100	2	0	43200
S031_MINIONCE_1144	113	Response	51	7121684	14658	1
S031_MINIONCE_1144	113	Pulse	99	7141113	34087	NA
S031_MINIONCE_1144	113	Port Input	1	7141113	34087	NA
S031_MINIONCE_1144	113	Picture	107_T_FFTRIAD_FF_sombrilla_red.png	7150126	43100	1	1900	2	43200	1800
S031_MINIONCE_1144	114	Picture	FF	7152226	0	1	43199	3	0	43200
S031_MINIONCE_1144	114	Pulse	99	7177114	24888	NA
S031_MINIONCE_1144	114	Port Input	1	7177114	24888	NA
S031_MINIONCE_1144	114	Picture	108_T_FFTRIAD_FF_pizarra_red.png	7195425	43199	2	1900	4	43200	1800
S031_MINIONCE_1144	115	Picture	FF	7197525	0	2	43200	3	0	43200
S031_MINIONCE_1144	115	Pulse	99	7213115	15590	NA
S031_MINIONCE_1144	115	Port Input	1	7213115	15590	NA
S031_MINIONCE_1144	115	Response	52	7213929	16404	2
S031_MINIONCE_1144	115	Picture	109_T_FFTRIAD_FF_lana_red.png	7240725	43200	1	1900	2	43200	1800
S031_MINIONCE_1144	116	Picture	FF	7243025	0	1	43099	3	0	43200
S031_MINIONCE_1144	116	Pulse	99	7249116	6091	NA
S031_MINIONCE_1144	116	Port Input	1	7249116	6091	NA
S031_MINIONCE_1144	116	Response	51	7257398	14373	1
S031_MINIONCE_1144	116	Pulse	99	7285116	42091	NA
S031_MINIONCE_1144	116	Port Input	1	7285116	42091	NA
S031_MINIONCE_1144	116	Picture	110_T_FFTRIAD_FF_agua_red.png	7286124	43099	2	1900	4	43200	1800
S031_MINIONCE_1144	117	Picture	rest	7288124	0	2	144099	3	0	144000
S031_MINIONCE_1144	118	Picture	endrest	7432323	0	1	10100	2	0	10000
S031_MINIONCE_1144	119	Picture	RW	7442823	0	1	43099	3	0	43200
S031_MINIONCE_1144	119	Response	51	7459113	16290	40
S031_MINIONCE_1144	119	Picture	113_T_RWTRIAD_RW_novia_red.png	7485922	43099	2	1900	3	43200	1800
S031_MINIONCE_1144	120	Picture	RW	7488022	0	1	43200	2	0	43200
S031_MINIONCE_1144	120	Response	51	7503790	15768	1
S031_MINIONCE_1144	120	Picture	114_T_RWTRIAD_RW_almohada_red.png	7531222	43200	1	1900	2	43200	1800
S031_MINIONCE_1144	121	Picture	RW	7533322	0	1	43199	3	0	43200
S031_MINIONCE_1144	121	Response	52	7547246	13924	1
S031_MINIONCE_1144	121	Picture	115_T_RWTRIAD_RW_bebe_red.png	7576521	43199	2	1900	4	43200	1800
S031_MINIONCE_1144	122	Picture	RW	7578621	0	1	43200	2	0	43200
S031_MINIONCE_1144	122	Response	51	7595199	16578	1
S031_MINIONCE_1144	122	Picture	116_T_RWTRIAD_RW_traje_red.png	7621821	43200	1	1900	2	43200	1800
S031_MINIONCE_1144	123	Picture	FF	7624021	0	1	43200	2	0	43200
S031_MINIONCE_1144	123	Response	51	7638457	14436	1
S031_MINIONCE_1144	123	Picture	117_T_FFTRIAD_FF_cuento_red.png	7667221	43200	1	1899	3	43200	1800
S031_MINIONCE_1144	124	Picture	FF	7669320	0	2	43200	3	0	43200
S031_MINIONCE_1144	124	Response	52	7682511	13191	1
S031_MINIONCE_1144	124	Picture	118_T_FFTRIAD_FF_telefono_red.png	7712520	43200	1	1900	2	43200	1800
S031_MINIONCE_1144	125	Picture	FF	7714820	0	1	43100	2	0	43200
S031_MINIONCE_1144	125	Response	52	7725648	10828	1
S031_MINIONCE_1144	125	Picture	119_T_FFTRIAD_FF_bala_red.png	7757920	43100	1	1899	3	43200	1800
S031_MINIONCE_1144	126	Picture	FF	7760020	0	1	43199	2	0	43200
S031_MINIONCE_1144	126	Response	52	7786527	26507	1
S031_MINIONCE_1144	126	Picture	120_T_FFTRIAD_FF_cinturon_red.png	7803219	43199	1	1900	2	43200	1800
S031_MINIONCE_1144	127	Picture	rest	7805219	0	1	144099	2	0	144000
S031_MINIONCE_1144	128	Picture	endrest	7949418	0	1	10099	3	0	10000
S031_MINIONCE_1144	129	Picture	PW	7960017	0	2	43200	3	0	43200
S031_MINIONCE_1144	129	Response	51	7996574	36557	1
S031_MINIONCE_1144	129	Picture	123_T_PWTRIAD_PW_sombrilla_red.png	8003217	43200	1	1900	2	43200	1800
S031_MINIONCE_1144	130	Picture	PW	8005317	0	1	43200	2	0	43200
S031_MINIONCE_1144	130	Response	52	8034180	28863	2
S031_MINIONCE_1144	130	Picture	124_T_PWTRIAD_PW_bebe_red.png	8048517	43200	1	1900	2	43200	1800
S031_MINIONCE_1144	131	Picture	PW	8050617	0	1	43199	2	0	43200
S031_MINIONCE_1144	131	Response	52	8078367	27750	2
S031_MINIONCE_1144	131	Picture	125_T_PWTRIAD_PW_raton_red.png	8093816	43199	1	1900	2	43200	1800
S031_MINIONCE_1144	132	Picture	PW	8095916	0	1	43200	2	0	43200
S031_MINIONCE_1144	132	Response	51	8117731	21815	1
S031_MINIONCE_1144	132	Picture	126_T_PWTRIAD_PW_almohada_red.png	8139116	43200	1	1900	2	43200	1800
S031_MINIONCE_1144	133	Picture	FF	8141216	0	1	43199	2	0	43200
S031_MINIONCE_1144	133	Response	52	8152981	11765	1
S031_MINIONCE_1144	133	Picture	127_T_FFTRIAD_FF_almohada_red.png	8184415	43199	1	1900	2	43200	1800
S031_MINIONCE_1144	134	Picture	FF	8186515	0	1	43200	2	0	43200
S031_MINIONCE_1144	134	Response	51	8207422	20907	1
S031_MINIONCE_1144	134	Picture	128_T_FFTRIAD_FF_grifo_red.png	8229715	43200	1	1900	2	43200	1800
S031_MINIONCE_1144	135	Picture	FF	8231815	0	1	43199	2	0	43200
S031_MINIONCE_1144	135	Response	51	8254423	22608	1
S031_MINIONCE_1144	135	Picture	129_T_FFTRIAD_FF_television_red.png	8275014	43199	1	1900	2	43200	1800
S031_MINIONCE_1144	136	Picture	FF	8277114	0	1	43200	2	0	43200
S031_MINIONCE_1144	136	Response	51	8295831	18717	1
S031_MINIONCE_1144	136	Picture	130_T_FFTRIAD_FF_ancla_red.png	8320314	43200	1	1900	2	43200	1800
S031_MINIONCE_1144	137	Picture	rest	8322314	0	1	144098	2	0	144000
S031_MINIONCE_1144	138	Picture	endrest	8466512	0	1	10100	2	0	10000
S031_MINIONCE_1144	139	Picture	FF	8476812	0	1	43200	2	0	43200
S031_MINIONCE_1144	139	Response	51	8494357	17545	1
S031_MINIONCE_1144	139	Picture	133_T_FFTRIAD_FF_arco_red.png	8520012	43200	1	1900	2	43200	1800
S031_MINIONCE_1144	140	Picture	FF	8522112	0	1	43199	2	0	43200
S031_MINIONCE_1144	140	Response	51	8542876	20764	1
S031_MINIONCE_1144	140	Picture	134_T_FFTRIAD_FF_cortina_red.png	8565311	43199	1	1900	2	43200	1800
S031_MINIONCE_1144	141	Picture	FF	8567411	0	1	43200	2	0	43200
S031_MINIONCE_1144	141	Response	51	8581383	13972	1
S031_MINIONCE_1144	141	Picture	135_T_FFTRIAD_FF_zanahoria_red.png	8610611	43200	1	1900	2	43200	1800
S031_MINIONCE_1144	142	Picture	FF	8612711	0	1	43199	2	0	43200
S031_MINIONCE_1144	142	Response	51	8641636	28925	2
S031_MINIONCE_1144	142	Picture	136_T_FFTRIAD_FF_traje_red.png	8655910	43199	1	1900	2	43200	1800
S031_MINIONCE_1144	143	Picture	rest	8657910	0	1	144099	2	0	144000
S031_MINIONCE_1144	144	Picture	endrest	8802109	0	1	10100	2	0	10000
S031_MINIONCE_1144	145	Picture	endrest	8812309	0	1	10100	2	0	10000
S031_MINIONCE_1144	146	Picture	endrest	8822509	0	1	10099	3	0	10000
S031_MINIONCE_1144	147	Picture	endrest	8832708	0	2	10100	3	0	10000
