Scenario - vOT_Triads_fMRI_II
Logfile written - 03/22/2016 13:01:45

Subject	Trial	Event Type	Code	Time	TTime	Uncertainty	Duration	Uncertainty	ReqTime	ReqDur

S031_DAY2_MINITWICE_5547	1	Pulse	99	516783	526704	NA
S031_DAY2_MINITWICE_5547	1	Port Input	1	516783	526704	NA
S031_DAY2_MINITWICE_5547	1	Pulse	99	552784	562705	NA
S031_DAY2_MINITWICE_5547	1	Port Input	1	552784	562705	NA
S031_DAY2_MINITWICE_5547	1	Pulse	99	588785	598706	NA
S031_DAY2_MINITWICE_5547	1	Port Input	1	588785	598706	NA
S031_DAY2_MINITWICE_5547	1	Pulse	99	624786	634707	NA
S031_DAY2_MINITWICE_5547	1	Port Input	1	624786	634707	NA
S031_DAY2_MINITWICE_5547	1	Pulse	99	660787	670708	NA
S031_DAY2_MINITWICE_5547	1	Port Input	1	660787	670708	NA
S031_DAY2_MINITWICE_5547	2	Picture	rest	660997	0	1	144100	2	0	144000
S031_DAY2_MINITWICE_5547	2	Pulse	99	696788	35791	NA
S031_DAY2_MINITWICE_5547	2	Port Input	1	696788	35791	NA
S031_DAY2_MINITWICE_5547	2	Pulse	99	732790	71793	NA
S031_DAY2_MINITWICE_5547	2	Port Input	1	732790	71793	NA
S031_DAY2_MINITWICE_5547	2	Pulse	99	768791	107794	NA
S031_DAY2_MINITWICE_5547	2	Port Input	1	768791	107794	NA
S031_DAY2_MINITWICE_5547	2	Pulse	99	804792	143795	NA
S031_DAY2_MINITWICE_5547	2	Port Input	1	804792	143795	NA
S031_DAY2_MINITWICE_5547	3	Picture	endrest	805197	0	1	10100	2	0	10000
S031_DAY2_MINITWICE_5547	4	Picture	FF	815697	0	1	43100	2	0	43200
S031_DAY2_MINITWICE_5547	4	Response	52	826495	10798	1
S031_DAY2_MINITWICE_5547	4	Pulse	99	840793	25096	NA
S031_DAY2_MINITWICE_5547	4	Port Input	1	840793	25096	NA
S031_DAY2_MINITWICE_5547	4	Picture	3_T_FFTRIAD_FF_botella_red.png	858797	43100	1	1900	2	43200	1800
S031_DAY2_MINITWICE_5547	5	Picture	FF	861097	0	1	43099	3	0	43200
S031_DAY2_MINITWICE_5547	5	Response	52	870265	9168	1
S031_DAY2_MINITWICE_5547	5	Pulse	99	876794	15697	NA
S031_DAY2_MINITWICE_5547	5	Port Input	1	876794	15697	NA
S031_DAY2_MINITWICE_5547	5	Picture	4_T_FFTRIAD_FF_pilas_red.png	904196	43099	2	1901	3	43200	1800
S031_DAY2_MINITWICE_5547	6	Picture	FF	906397	0	1	43199	2	0	43200
S031_DAY2_MINITWICE_5547	6	Pulse	99	912795	6398	NA
S031_DAY2_MINITWICE_5547	6	Port Input	1	912795	6398	NA
S031_DAY2_MINITWICE_5547	6	Response	52	913920	7523	1
S031_DAY2_MINITWICE_5547	6	Pulse	99	948796	42399	NA
S031_DAY2_MINITWICE_5547	6	Port Input	1	948796	42399	NA
S031_DAY2_MINITWICE_5547	6	Picture	5_T_FFTRIAD_FF_anillo_red.png	949596	43199	1	1900	2	43200	1800
S031_DAY2_MINITWICE_5547	7	Picture	FF	951796	0	1	43200	2	0	43200
S031_DAY2_MINITWICE_5547	7	Response	51	960276	8480	1
S031_DAY2_MINITWICE_5547	7	Pulse	99	984797	33001	NA
S031_DAY2_MINITWICE_5547	7	Port Input	1	984797	33001	NA
S031_DAY2_MINITWICE_5547	7	Picture	6_T_FFTRIAD_FF_arbol_red.png	994996	43200	1	1900	2	43200	1800
S031_DAY2_MINITWICE_5547	8	Picture	PW	997396	0	1	43200	2	0	43200
S031_DAY2_MINITWICE_5547	8	Response	52	1012547	15151	2
S031_DAY2_MINITWICE_5547	8	Pulse	99	1020798	23402	NA
S031_DAY2_MINITWICE_5547	8	Port Input	1	1020798	23402	NA
S031_DAY2_MINITWICE_5547	8	Picture	7_T_PWTRIAD_PW_bala_red.png	1040596	43200	1	1900	2	43200	1800
S031_DAY2_MINITWICE_5547	9	Picture	PW	1042896	0	1	43100	2	0	43200
S031_DAY2_MINITWICE_5547	9	Response	51	1054825	11929	1
S031_DAY2_MINITWICE_5547	9	Pulse	99	1056799	13903	NA
S031_DAY2_MINITWICE_5547	9	Port Input	1	1056799	13903	NA
S031_DAY2_MINITWICE_5547	9	Picture	8_T_PWTRIAD_PW_cortina_red.png	1085996	43100	1	1900	2	43200	1800
S031_DAY2_MINITWICE_5547	10	Picture	PW	1088296	0	1	43100	2	0	43200
S031_DAY2_MINITWICE_5547	10	Pulse	99	1092800	4504	NA
S031_DAY2_MINITWICE_5547	10	Port Input	1	1092800	4504	NA
S031_DAY2_MINITWICE_5547	10	Response	51	1105282	16986	1
S031_DAY2_MINITWICE_5547	10	Pulse	99	1128801	40505	NA
S031_DAY2_MINITWICE_5547	10	Port Input	1	1128801	40505	NA
S031_DAY2_MINITWICE_5547	10	Picture	9_T_PWTRIAD_PW_grifo_red.png	1131396	43100	1	1900	2	43200	1800
S031_DAY2_MINITWICE_5547	11	Picture	PW	1133696	0	1	43100	2	0	43200
S031_DAY2_MINITWICE_5547	11	Response	52	1151214	17518	1
S031_DAY2_MINITWICE_5547	11	Pulse	99	1164803	31107	NA
S031_DAY2_MINITWICE_5547	11	Port Input	1	1164803	31107	NA
S031_DAY2_MINITWICE_5547	11	Picture	10_T_PWTRIAD_PW_gafas_red.png	1176796	43100	1	1900	2	43200	1800
S031_DAY2_MINITWICE_5547	12	Picture	rest	1178796	0	2	144099	4	0	144000
S031_DAY2_MINITWICE_5547	12	Pulse	99	1200804	22008	NA
S031_DAY2_MINITWICE_5547	12	Port Input	1	1200804	22008	NA
S031_DAY2_MINITWICE_5547	12	Pulse	99	1236805	58009	NA
S031_DAY2_MINITWICE_5547	12	Port Input	1	1236805	58009	NA
S031_DAY2_MINITWICE_5547	12	Pulse	99	1272806	94010	NA
S031_DAY2_MINITWICE_5547	12	Port Input	1	1272806	94010	NA
S031_DAY2_MINITWICE_5547	12	Pulse	99	1308807	130011	NA
S031_DAY2_MINITWICE_5547	12	Port Input	1	1308807	130011	NA
S031_DAY2_MINITWICE_5547	13	Picture	endrest	1322994	0	3	10100	6	0	10000
S031_DAY2_MINITWICE_5547	14	Picture	FF	1333394	0	3	43100	6	0	43200
S031_DAY2_MINITWICE_5547	14	Response	51	1343880	10486	1
S031_DAY2_MINITWICE_5547	14	Pulse	99	1344808	11414	NA
S031_DAY2_MINITWICE_5547	14	Port Input	1	1344808	11414	NA
S031_DAY2_MINITWICE_5547	14	Picture	13_T_FFTRIAD_FF_oruga_red.png	1376494	43100	3	1901	4	43200	1800
S031_DAY2_MINITWICE_5547	15	Picture	FF	1378794	0	3	43101	4	0	43200
S031_DAY2_MINITWICE_5547	15	Pulse	99	1380809	2015	NA
S031_DAY2_MINITWICE_5547	15	Port Input	1	1380809	2015	NA
S031_DAY2_MINITWICE_5547	15	Response	51	1388653	9859	1
S031_DAY2_MINITWICE_5547	15	Pulse	99	1416810	38016	NA
S031_DAY2_MINITWICE_5547	15	Port Input	1	1416810	38016	NA
S031_DAY2_MINITWICE_5547	15	Picture	14_T_FFTRIAD_FF_teclado_red.png	1421895	43101	1	1899	3	43200	1800
S031_DAY2_MINITWICE_5547	16	Picture	FF	1424094	0	2	43101	3	0	43200
S031_DAY2_MINITWICE_5547	16	Response	52	1430261	6167	1
S031_DAY2_MINITWICE_5547	16	Pulse	99	1452811	28717	NA
S031_DAY2_MINITWICE_5547	16	Port Input	1	1452811	28717	NA
S031_DAY2_MINITWICE_5547	16	Picture	15_T_FFTRIAD_FF_cinturon_red.png	1467195	43101	1	1900	2	43200	1800
S031_DAY2_MINITWICE_5547	17	Picture	FF	1469395	0	1	43100	2	0	43200
S031_DAY2_MINITWICE_5547	17	Response	52	1478452	9057	1
S031_DAY2_MINITWICE_5547	17	Pulse	99	1488812	19417	NA
S031_DAY2_MINITWICE_5547	17	Port Input	1	1488812	19417	NA
S031_DAY2_MINITWICE_5547	17	Picture	16_T_FFTRIAD_FF_sobre_red.png	1512495	43100	1	1900	2	43200	1800
S031_DAY2_MINITWICE_5547	18	Picture	PW	1514795	0	1	43100	2	0	43200
S031_DAY2_MINITWICE_5547	18	Pulse	99	1524813	10018	NA
S031_DAY2_MINITWICE_5547	18	Port Input	1	1524813	10018	NA
S031_DAY2_MINITWICE_5547	18	Response	51	1529551	14756	1
S031_DAY2_MINITWICE_5547	18	Picture	17_T_PWTRIAD_PW_charco_red.png	1557895	43100	1	1899	3	43200	1800
S031_DAY2_MINITWICE_5547	19	Picture	PW	1560195	0	1	43099	3	0	43200
S031_DAY2_MINITWICE_5547	19	Pulse	99	1560814	619	NA
S031_DAY2_MINITWICE_5547	19	Port Input	1	1560814	619	NA
S031_DAY2_MINITWICE_5547	19	Response	52	1574747	14552	2
S031_DAY2_MINITWICE_5547	19	Pulse	99	1596816	36621	NA
S031_DAY2_MINITWICE_5547	19	Port Input	1	1596816	36621	NA
S031_DAY2_MINITWICE_5547	19	Picture	18_T_PWTRIAD_PW_pluma_red.png	1603294	43099	2	1900	3	43200	1800
S031_DAY2_MINITWICE_5547	20	Picture	PW	1605594	0	2	43100	3	0	43200
S031_DAY2_MINITWICE_5547	20	Response	51	1622052	16458	2
S031_DAY2_MINITWICE_5547	20	Pulse	99	1632817	27223	NA
S031_DAY2_MINITWICE_5547	20	Port Input	1	1632817	27223	NA
S031_DAY2_MINITWICE_5547	20	Picture	19_T_PWTRIAD_PW_telefono_red.png	1648694	43100	1	1900	2	43200	1800
S031_DAY2_MINITWICE_5547	21	Picture	PW	1650794	0	1	43200	2	0	43200
S031_DAY2_MINITWICE_5547	21	Response	52	1662897	12103	1
S031_DAY2_MINITWICE_5547	21	Pulse	99	1668818	18024	NA
S031_DAY2_MINITWICE_5547	21	Port Input	1	1668818	18024	NA
S031_DAY2_MINITWICE_5547	21	Picture	20_T_PWTRIAD_PW_dedal_red.png	1693994	43200	1	1900	2	43200	1800
S031_DAY2_MINITWICE_5547	22	Picture	rest	1695994	0	1	144100	2	0	144000
S031_DAY2_MINITWICE_5547	22	Pulse	99	1704819	8825	NA
S031_DAY2_MINITWICE_5547	22	Port Input	1	1704819	8825	NA
S031_DAY2_MINITWICE_5547	22	Pulse	99	1740820	44826	NA
S031_DAY2_MINITWICE_5547	22	Port Input	1	1740820	44826	NA
S031_DAY2_MINITWICE_5547	22	Pulse	99	1776821	80827	NA
S031_DAY2_MINITWICE_5547	22	Port Input	1	1776821	80827	NA
S031_DAY2_MINITWICE_5547	22	Pulse	99	1812822	116828	NA
S031_DAY2_MINITWICE_5547	22	Port Input	1	1812822	116828	NA
S031_DAY2_MINITWICE_5547	23	Picture	endrest	1840194	0	1	10100	2	0	10000
S031_DAY2_MINITWICE_5547	23	Pulse	99	1848823	8629	NA
S031_DAY2_MINITWICE_5547	23	Port Input	1	1848823	8629	NA
S031_DAY2_MINITWICE_5547	24	Picture	FF	1850694	0	1	43099	3	0	43200
S031_DAY2_MINITWICE_5547	24	Response	52	1874639	23945	1
S031_DAY2_MINITWICE_5547	24	Pulse	99	1884824	34130	NA
S031_DAY2_MINITWICE_5547	24	Port Input	1	1884824	34130	NA
S031_DAY2_MINITWICE_5547	24	Picture	23_T_FFTRIAD_FF_esquimal_red.png	1893793	43099	2	1900	4	43200	1800
S031_DAY2_MINITWICE_5547	25	Picture	FF	1895994	0	1	43099	2	0	43200
S031_DAY2_MINITWICE_5547	25	Response	51	1904703	8709	1
S031_DAY2_MINITWICE_5547	25	Pulse	99	1920825	24831	NA
S031_DAY2_MINITWICE_5547	25	Port Input	1	1920825	24831	NA
S031_DAY2_MINITWICE_5547	25	Picture	24_T_FFTRIAD_FF_bellota_red.png	1939093	43099	1	1900	2	43200	1800
S031_DAY2_MINITWICE_5547	26	Picture	FF	1941393	0	1	43100	2	0	43200
S031_DAY2_MINITWICE_5547	26	Response	51	1948730	7337	1
S031_DAY2_MINITWICE_5547	26	Pulse	99	1956826	15433	NA
S031_DAY2_MINITWICE_5547	26	Port Input	1	1956826	15433	NA
S031_DAY2_MINITWICE_5547	26	Picture	25_T_FFTRIAD_FF_grapadora_red.png	1984493	43100	1	1900	2	43200	1800
S031_DAY2_MINITWICE_5547	27	Picture	FF	1986793	0	1	43100	2	0	43200
S031_DAY2_MINITWICE_5547	27	Pulse	99	1992827	6034	NA
S031_DAY2_MINITWICE_5547	27	Port Input	1	1992827	6034	NA
S031_DAY2_MINITWICE_5547	27	Response	52	2012402	25609	1
S031_DAY2_MINITWICE_5547	27	Pulse	99	2028829	42036	NA
S031_DAY2_MINITWICE_5547	27	Port Input	1	2028829	42036	NA
S031_DAY2_MINITWICE_5547	27	Picture	26_T_FFTRIAD_FF_lana_red.png	2029893	43100	1	1900	2	43200	1800
S031_DAY2_MINITWICE_5547	28	Picture	PW	2032193	0	1	43200	2	0	43200
S031_DAY2_MINITWICE_5547	28	Response	51	2054474	22281	1
S031_DAY2_MINITWICE_5547	28	Pulse	99	2064830	32637	NA
S031_DAY2_MINITWICE_5547	28	Port Input	1	2064830	32637	NA
S031_DAY2_MINITWICE_5547	28	Picture	27_T_PWTRIAD_PW_violin_red.png	2075393	43200	1	1900	2	43200	1800
S031_DAY2_MINITWICE_5547	29	Picture	PW	2077493	0	1	43200	2	0	43200
S031_DAY2_MINITWICE_5547	29	Response	52	2089126	11633	1
S031_DAY2_MINITWICE_5547	29	Pulse	99	2100831	23338	NA
S031_DAY2_MINITWICE_5547	29	Port Input	1	2100831	23338	NA
S031_DAY2_MINITWICE_5547	29	Picture	28_T_PWTRIAD_PW_leche_red.png	2120693	43200	1	1900	2	43200	1800
S031_DAY2_MINITWICE_5547	30	Picture	PW	2122993	0	1	43100	2	0	43200
S031_DAY2_MINITWICE_5547	30	Response	51	2136193	13200	1
S031_DAY2_MINITWICE_5547	30	Pulse	99	2136832	13839	NA
S031_DAY2_MINITWICE_5547	30	Port Input	1	2136832	13839	NA
S031_DAY2_MINITWICE_5547	30	Picture	29_T_PWTRIAD_PW_television_red.png	2166093	43100	1	1900	2	43200	1800
S031_DAY2_MINITWICE_5547	31	Picture	PW	2168393	0	1	43099	3	0	43200
S031_DAY2_MINITWICE_5547	31	Pulse	99	2172833	4440	NA
S031_DAY2_MINITWICE_5547	31	Port Input	1	2172833	4440	NA
S031_DAY2_MINITWICE_5547	31	Response	51	2178051	9658	1
S031_DAY2_MINITWICE_5547	31	Pulse	99	2208834	40441	NA
S031_DAY2_MINITWICE_5547	31	Port Input	1	2208834	40441	NA
S031_DAY2_MINITWICE_5547	31	Picture	30_T_PWTRIAD_PW_novia_red.png	2211492	43099	2	1900	4	43200	1800
S031_DAY2_MINITWICE_5547	32	Picture	rest	2213493	0	1	144099	2	0	144000
S031_DAY2_MINITWICE_5547	32	Pulse	99	2244835	31342	NA
S031_DAY2_MINITWICE_5547	32	Port Input	1	2244835	31342	NA
S031_DAY2_MINITWICE_5547	32	Pulse	99	2280836	67343	NA
S031_DAY2_MINITWICE_5547	32	Port Input	1	2280836	67343	NA
S031_DAY2_MINITWICE_5547	32	Pulse	99	2316837	103344	NA
S031_DAY2_MINITWICE_5547	32	Port Input	1	2316837	103344	NA
S031_DAY2_MINITWICE_5547	32	Pulse	99	2352838	139345	NA
S031_DAY2_MINITWICE_5547	32	Port Input	1	2352838	139345	NA
S031_DAY2_MINITWICE_5547	33	Picture	endrest	2357692	0	1	10100	2	0	10000
S031_DAY2_MINITWICE_5547	34	Picture	RW	2368192	0	1	43100	2	0	43200
S031_DAY2_MINITWICE_5547	34	Response	52	2386174	17982	1
S031_DAY2_MINITWICE_5547	34	Pulse	99	2388839	20647	NA
S031_DAY2_MINITWICE_5547	34	Port Input	1	2388839	20647	NA
S031_DAY2_MINITWICE_5547	34	Picture	33_T_RWTRIAD_RW_esquimal_red.png	2411292	43100	1	1900	2	43200	1800
S031_DAY2_MINITWICE_5547	35	Picture	RW	2413492	0	1	43200	2	0	43200
S031_DAY2_MINITWICE_5547	35	Pulse	99	2424841	11349	NA
S031_DAY2_MINITWICE_5547	35	Port Input	1	2424841	11349	NA
S031_DAY2_MINITWICE_5547	35	Response	52	2425801	12309	1
S031_DAY2_MINITWICE_5547	35	Picture	34_T_RWTRIAD_RW_llave_red.png	2456692	43200	1	1900	2	43200	1800
S031_DAY2_MINITWICE_5547	36	Picture	RW	2458992	0	1	43100	2	0	43200
S031_DAY2_MINITWICE_5547	36	Pulse	99	2460842	1850	NA
S031_DAY2_MINITWICE_5547	36	Port Input	1	2460842	1850	NA
S031_DAY2_MINITWICE_5547	36	Response	52	2469001	10009	1
S031_DAY2_MINITWICE_5547	36	Pulse	99	2496843	37851	NA
S031_DAY2_MINITWICE_5547	36	Port Input	1	2496843	37851	NA
S031_DAY2_MINITWICE_5547	36	Picture	35_T_RWTRIAD_RW_gafas_red.png	2502092	43100	1	1900	2	43200	1800
S031_DAY2_MINITWICE_5547	37	Picture	RW	2504192	0	1	43199	3	0	43200
S031_DAY2_MINITWICE_5547	37	Response	51	2513043	8851	1
S031_DAY2_MINITWICE_5547	37	Pulse	99	2532844	28652	NA
S031_DAY2_MINITWICE_5547	37	Port Input	1	2532844	28652	NA
S031_DAY2_MINITWICE_5547	37	Picture	36_T_RWTRIAD_RW_grifo_red.png	2547391	43199	2	1900	4	43200	1800
S031_DAY2_MINITWICE_5547	38	Picture	FF	2549691	0	2	43200	3	0	43200
S031_DAY2_MINITWICE_5547	38	Response	51	2557989	8298	1
S031_DAY2_MINITWICE_5547	38	Pulse	99	2568845	19154	NA
S031_DAY2_MINITWICE_5547	38	Port Input	1	2568845	19154	NA
S031_DAY2_MINITWICE_5547	38	Picture	37_T_FFTRIAD_FF_martillo_red.png	2592891	43200	1	1900	2	43200	1800
S031_DAY2_MINITWICE_5547	39	Picture	FF	2595091	0	1	43100	2	0	43200
S031_DAY2_MINITWICE_5547	39	Response	52	2602573	7482	1
S031_DAY2_MINITWICE_5547	39	Pulse	99	2604846	9755	NA
S031_DAY2_MINITWICE_5547	39	Port Input	1	2604846	9755	NA
S031_DAY2_MINITWICE_5547	39	Picture	38_T_FFTRIAD_FF_granjero_red.png	2638191	43100	1	1900	2	43200	1800
S031_DAY2_MINITWICE_5547	40	Picture	FF	2640391	0	1	43200	2	0	43200
S031_DAY2_MINITWICE_5547	40	Pulse	99	2640847	456	NA
S031_DAY2_MINITWICE_5547	40	Port Input	1	2640847	456	NA
S031_DAY2_MINITWICE_5547	40	Response	52	2648835	8444	1
S031_DAY2_MINITWICE_5547	40	Pulse	99	2676848	36457	NA
S031_DAY2_MINITWICE_5547	40	Port Input	1	2676848	36457	NA
S031_DAY2_MINITWICE_5547	40	Picture	39_T_FFTRIAD_FF_policia_red.png	2683591	43200	1	1900	2	43200	1800
S031_DAY2_MINITWICE_5547	41	Picture	FF	2685791	0	1	43200	2	0	43200
S031_DAY2_MINITWICE_5547	41	Response	52	2694883	9092	1
S031_DAY2_MINITWICE_5547	41	Pulse	99	2712849	27058	NA
S031_DAY2_MINITWICE_5547	41	Port Input	1	2712849	27058	NA
S031_DAY2_MINITWICE_5547	41	Picture	40_T_FFTRIAD_FF_almohada_red.png	2728991	43200	1	1900	2	43200	1800
S031_DAY2_MINITWICE_5547	42	Picture	rest	2730991	0	1	144099	3	0	144000
S031_DAY2_MINITWICE_5547	42	Pulse	99	2748850	17859	NA
S031_DAY2_MINITWICE_5547	42	Port Input	1	2748850	17859	NA
S031_DAY2_MINITWICE_5547	42	Pulse	99	2784851	53860	NA
S031_DAY2_MINITWICE_5547	42	Port Input	1	2784851	53860	NA
S031_DAY2_MINITWICE_5547	42	Pulse	99	2820852	89861	NA
S031_DAY2_MINITWICE_5547	42	Port Input	1	2820852	89861	NA
S031_DAY2_MINITWICE_5547	42	Pulse	99	2856854	125863	NA
S031_DAY2_MINITWICE_5547	42	Port Input	1	2856854	125863	NA
S031_DAY2_MINITWICE_5547	43	Picture	endrest	2875190	0	2	10100	4	0	10000
S031_DAY2_MINITWICE_5547	44	Picture	RW	2885590	0	2	43100	3	0	43200
S031_DAY2_MINITWICE_5547	44	Pulse	99	2892855	7265	NA
S031_DAY2_MINITWICE_5547	44	Port Input	1	2892855	7265	NA
S031_DAY2_MINITWICE_5547	44	Response	51	2906795	21205	1
S031_DAY2_MINITWICE_5547	44	Picture	43_T_RWTRIAD_RW_estetoscopio_red.png	2928690	43100	1	1900	2	43200	1800
S031_DAY2_MINITWICE_5547	44	Pulse	99	2928856	43266	NA
S031_DAY2_MINITWICE_5547	44	Port Input	1	2928856	43266	NA
S031_DAY2_MINITWICE_5547	45	Picture	RW	2930890	0	1	43200	2	0	43200
S031_DAY2_MINITWICE_5547	45	Response	52	2940943	10053	1
S031_DAY2_MINITWICE_5547	45	Pulse	99	2964857	33967	NA
S031_DAY2_MINITWICE_5547	45	Port Input	1	2964857	33967	NA
S031_DAY2_MINITWICE_5547	45	Picture	44_T_RWTRIAD_RW_monja_red.png	2974090	43200	1	1900	2	43200	1800
S031_DAY2_MINITWICE_5547	46	Picture	RW	2976390	0	1	43100	2	0	43200
S031_DAY2_MINITWICE_5547	46	Response	51	2987834	11444	1
S031_DAY2_MINITWICE_5547	46	Pulse	99	3000858	24468	NA
S031_DAY2_MINITWICE_5547	46	Port Input	1	3000858	24468	NA
S031_DAY2_MINITWICE_5547	46	Picture	45_T_RWTRIAD_RW_molino_red.png	3019490	43100	1	1900	2	43200	1800
S031_DAY2_MINITWICE_5547	47	Picture	RW	3021690	0	1	43100	2	0	43200
S031_DAY2_MINITWICE_5547	47	Response	52	3032251	10561	2
S031_DAY2_MINITWICE_5547	47	Pulse	99	3036859	15169	NA
S031_DAY2_MINITWICE_5547	47	Port Input	1	3036859	15169	NA
S031_DAY2_MINITWICE_5547	47	Picture	46_T_RWTRIAD_RW_sombrilla_red.png	3064790	43100	1	1900	2	43200	1800
S031_DAY2_MINITWICE_5547	48	Picture	FF	3067190	0	1	43100	2	0	43200
S031_DAY2_MINITWICE_5547	48	Pulse	99	3072860	5670	NA
S031_DAY2_MINITWICE_5547	48	Port Input	1	3072860	5670	NA
S031_DAY2_MINITWICE_5547	48	Response	52	3078284	11094	1
S031_DAY2_MINITWICE_5547	48	Pulse	99	3108861	41671	NA
S031_DAY2_MINITWICE_5547	48	Port Input	1	3108861	41671	NA
S031_DAY2_MINITWICE_5547	48	Picture	47_T_FFTRIAD_FF_queso_red.png	3110290	43100	1	1900	2	43200	1800
S031_DAY2_MINITWICE_5547	49	Picture	FF	3112590	0	1	43100	2	0	43200
S031_DAY2_MINITWICE_5547	49	Response	52	3123049	10459	1
S031_DAY2_MINITWICE_5547	49	Pulse	99	3144862	32272	NA
S031_DAY2_MINITWICE_5547	49	Port Input	1	3144862	32272	NA
S031_DAY2_MINITWICE_5547	49	Picture	48_T_FFTRIAD_FF_paracaidas_red.png	3155690	43100	1	1900	2	43200	1800
S031_DAY2_MINITWICE_5547	50	Picture	FF	3157890	0	1	43099	3	0	43200
S031_DAY2_MINITWICE_5547	50	Response	52	3169217	11327	1
S031_DAY2_MINITWICE_5547	50	Pulse	99	3180863	22973	NA
S031_DAY2_MINITWICE_5547	50	Port Input	1	3180863	22973	NA
S031_DAY2_MINITWICE_5547	50	Picture	49_T_FFTRIAD_FF_ascensor_red.png	3200989	43099	2	1900	4	43200	1800
S031_DAY2_MINITWICE_5547	51	Picture	FF	3203189	0	2	43200	3	0	43200
S031_DAY2_MINITWICE_5547	51	Response	51	3212737	9548	1
S031_DAY2_MINITWICE_5547	51	Pulse	99	3216864	13675	NA
S031_DAY2_MINITWICE_5547	51	Port Input	1	3216864	13675	NA
S031_DAY2_MINITWICE_5547	51	Picture	50_T_FFTRIAD_FF_lechuga_red.png	3246389	43200	1	1900	2	43200	1800
S031_DAY2_MINITWICE_5547	52	Picture	rest	3248389	0	1	144100	2	0	144000
S031_DAY2_MINITWICE_5547	52	Pulse	99	3252866	4477	NA
S031_DAY2_MINITWICE_5547	52	Port Input	1	3252866	4477	NA
S031_DAY2_MINITWICE_5547	52	Pulse	99	3288867	40478	NA
S031_DAY2_MINITWICE_5547	52	Port Input	1	3288867	40478	NA
S031_DAY2_MINITWICE_5547	52	Pulse	99	3324868	76479	NA
S031_DAY2_MINITWICE_5547	52	Port Input	1	3324868	76479	NA
S031_DAY2_MINITWICE_5547	52	Pulse	99	3360869	112480	NA
S031_DAY2_MINITWICE_5547	52	Port Input	1	3360869	112480	NA
S031_DAY2_MINITWICE_5547	53	Picture	endrest	3392589	0	1	10100	2	0	10000
S031_DAY2_MINITWICE_5547	53	Pulse	99	3396870	4281	NA
S031_DAY2_MINITWICE_5547	53	Port Input	1	3396870	4281	NA
S031_DAY2_MINITWICE_5547	54	Picture	PW	3403089	0	1	43100	2	0	43200
S031_DAY2_MINITWICE_5547	54	Response	51	3422189	19100	1
S031_DAY2_MINITWICE_5547	54	Pulse	99	3432871	29782	NA
S031_DAY2_MINITWICE_5547	54	Port Input	1	3432871	29782	NA
S031_DAY2_MINITWICE_5547	54	Picture	53_T_PWTRIAD_PW_futbol_red.png	3446189	43100	1	1900	2	43200	1800
S031_DAY2_MINITWICE_5547	55	Picture	PW	3448389	0	1	43100	2	0	43200
S031_DAY2_MINITWICE_5547	55	Response	51	3458638	10249	1
S031_DAY2_MINITWICE_5547	55	Pulse	99	3468872	20483	NA
S031_DAY2_MINITWICE_5547	55	Port Input	1	3468872	20483	NA
S031_DAY2_MINITWICE_5547	55	Picture	54_T_PWTRIAD_PW_cinturon_red.png	3491489	43100	1	1900	2	43200	1800
S031_DAY2_MINITWICE_5547	56	Picture	PW	3493689	0	1	43099	3	0	43200
S031_DAY2_MINITWICE_5547	56	Pulse	99	3504873	11184	NA
S031_DAY2_MINITWICE_5547	56	Port Input	1	3504873	11184	NA
S031_DAY2_MINITWICE_5547	56	Response	52	3507258	13569	1
S031_DAY2_MINITWICE_5547	56	Picture	55_T_PWTRIAD_PW_arbol_red.png	3536788	43099	2	1900	4	43200	1800
S031_DAY2_MINITWICE_5547	57	Picture	PW	3539088	0	2	43100	3	0	43200
S031_DAY2_MINITWICE_5547	57	Pulse	99	3540874	1786	NA
S031_DAY2_MINITWICE_5547	57	Port Input	1	3540874	1786	NA
S031_DAY2_MINITWICE_5547	57	Response	52	3555653	16565	1
S031_DAY2_MINITWICE_5547	57	Pulse	99	3576875	37787	NA
S031_DAY2_MINITWICE_5547	57	Port Input	1	3576875	37787	NA
S031_DAY2_MINITWICE_5547	57	Picture	56_T_PWTRIAD_PW_destornillador_red.png	3582188	43100	1	1900	2	43200	1800
S031_DAY2_MINITWICE_5547	58	Picture	RW	3584488	0	1	43200	2	0	43200
S031_DAY2_MINITWICE_5547	58	Response	52	3600946	16458	1
S031_DAY2_MINITWICE_5547	58	Pulse	99	3612876	28388	NA
S031_DAY2_MINITWICE_5547	58	Port Input	1	3612876	28388	NA
S031_DAY2_MINITWICE_5547	58	Picture	57_T_RWTRIAD_RW_leche_red.png	3627688	43200	1	1900	2	43200	1800
S031_DAY2_MINITWICE_5547	59	Picture	RW	3629888	0	1	43100	2	0	43200
S031_DAY2_MINITWICE_5547	59	Response	51	3646053	16165	1
S031_DAY2_MINITWICE_5547	59	Pulse	99	3648877	18989	NA
S031_DAY2_MINITWICE_5547	59	Port Input	1	3648877	18989	NA
S031_DAY2_MINITWICE_5547	59	Picture	58_T_RWTRIAD_RW_banera_red.png	3672988	43100	1	1900	2	43200	1800
S031_DAY2_MINITWICE_5547	60	Picture	RW	3675388	0	1	43100	2	0	43200
S031_DAY2_MINITWICE_5547	60	Pulse	99	3684878	9490	NA
S031_DAY2_MINITWICE_5547	60	Port Input	1	3684878	9490	NA
S031_DAY2_MINITWICE_5547	60	Response	51	3686460	11072	1
S031_DAY2_MINITWICE_5547	60	Picture	59_T_RWTRIAD_RW_cortina_red.png	3718488	43100	1	1900	2	43200	1800
S031_DAY2_MINITWICE_5547	61	Picture	RW	3720788	0	1	43099	3	0	43200
S031_DAY2_MINITWICE_5547	61	Pulse	99	3720880	92	NA
S031_DAY2_MINITWICE_5547	61	Port Input	1	3720880	92	NA
S031_DAY2_MINITWICE_5547	61	Response	52	3740845	20057	1
S031_DAY2_MINITWICE_5547	61	Pulse	99	3756881	36093	NA
S031_DAY2_MINITWICE_5547	61	Port Input	1	3756881	36093	NA
S031_DAY2_MINITWICE_5547	61	Picture	60_T_RWTRIAD_RW_murcielago_red.png	3763887	43099	2	1901	3	43200	1800
S031_DAY2_MINITWICE_5547	62	Picture	rest	3765888	0	1	144099	2	0	144000
S031_DAY2_MINITWICE_5547	62	Pulse	99	3792882	26994	NA
S031_DAY2_MINITWICE_5547	62	Port Input	1	3792882	26994	NA
S031_DAY2_MINITWICE_5547	62	Pulse	99	3828883	62995	NA
S031_DAY2_MINITWICE_5547	62	Port Input	1	3828883	62995	NA
S031_DAY2_MINITWICE_5547	62	Pulse	99	3864884	98996	NA
S031_DAY2_MINITWICE_5547	62	Port Input	1	3864884	98996	NA
S031_DAY2_MINITWICE_5547	62	Pulse	99	3900885	134997	NA
S031_DAY2_MINITWICE_5547	62	Port Input	1	3900885	134997	NA
S031_DAY2_MINITWICE_5547	63	Picture	endrest	3910087	0	1	10100	2	0	10000
S031_DAY2_MINITWICE_5547	64	Picture	PW	3920687	0	1	43100	2	0	43200
S031_DAY2_MINITWICE_5547	64	Pulse	99	3936886	16199	NA
S031_DAY2_MINITWICE_5547	64	Port Input	1	3936886	16199	NA
S031_DAY2_MINITWICE_5547	64	Response	52	3940941	20254	1
S031_DAY2_MINITWICE_5547	64	Picture	63_T_PWTRIAD_PW_botella_red.png	3963787	43100	1	1900	2	43200	1800
S031_DAY2_MINITWICE_5547	65	Picture	PW	3966087	0	1	43100	2	0	43200
S031_DAY2_MINITWICE_5547	65	Pulse	99	3972887	6800	NA
S031_DAY2_MINITWICE_5547	65	Port Input	1	3972887	6800	NA
S031_DAY2_MINITWICE_5547	65	Response	52	3976897	10810	2
S031_DAY2_MINITWICE_5547	65	Pulse	99	4008888	42801	NA
S031_DAY2_MINITWICE_5547	65	Port Input	1	4008888	42801	NA
S031_DAY2_MINITWICE_5547	65	Picture	64_T_PWTRIAD_PW_paraguas_red.png	4009187	43100	1	1900	2	43200	1800
S031_DAY2_MINITWICE_5547	66	Picture	PW	4011487	0	1	43100	2	0	43200
S031_DAY2_MINITWICE_5547	66	Response	51	4024558	13071	1
S031_DAY2_MINITWICE_5547	66	Pulse	99	4044889	33402	NA
S031_DAY2_MINITWICE_5547	66	Port Input	1	4044889	33402	NA
S031_DAY2_MINITWICE_5547	66	Picture	65_T_PWTRIAD_PW_pincel_red.png	4054587	43100	1	1900	2	43200	1800
S031_DAY2_MINITWICE_5547	67	Picture	PW	4056887	0	1	43200	2	0	43200
S031_DAY2_MINITWICE_5547	67	Response	52	4069884	12997	1
S031_DAY2_MINITWICE_5547	67	Pulse	99	4080890	24003	NA
S031_DAY2_MINITWICE_5547	67	Port Input	1	4080890	24003	NA
S031_DAY2_MINITWICE_5547	67	Picture	66_T_PWTRIAD_PW_lechuga_red.png	4100087	43200	1	1900	2	43200	1800
S031_DAY2_MINITWICE_5547	68	Picture	FF	4102387	0	1	43199	3	0	43200
S031_DAY2_MINITWICE_5547	68	Response	51	4110525	8138	2
S031_DAY2_MINITWICE_5547	68	Pulse	99	4116892	14505	NA
S031_DAY2_MINITWICE_5547	68	Port Input	1	4116892	14505	NA
S031_DAY2_MINITWICE_5547	68	Picture	67_T_FFTRIAD_FF_pluma_red.png	4145586	43199	2	1901	3	43200	1800
S031_DAY2_MINITWICE_5547	69	Picture	FF	4147787	0	1	43099	3	0	43200
S031_DAY2_MINITWICE_5547	69	Pulse	99	4152893	5106	NA
S031_DAY2_MINITWICE_5547	69	Port Input	1	4152893	5106	NA
S031_DAY2_MINITWICE_5547	69	Response	52	4157979	10192	1
S031_DAY2_MINITWICE_5547	69	Pulse	99	4188894	41107	NA
S031_DAY2_MINITWICE_5547	69	Port Input	1	4188894	41107	NA
S031_DAY2_MINITWICE_5547	69	Picture	68_T_FFTRIAD_FF_manos_red.png	4190886	43099	2	1900	3	43200	1800
S031_DAY2_MINITWICE_5547	70	Picture	FF	4193086	0	2	43200	3	0	43200
S031_DAY2_MINITWICE_5547	70	Response	52	4204629	11543	1
S031_DAY2_MINITWICE_5547	70	Pulse	99	4224895	31809	NA
S031_DAY2_MINITWICE_5547	70	Port Input	1	4224895	31809	NA
S031_DAY2_MINITWICE_5547	70	Picture	69_T_FFTRIAD_FF_pizarra_red.png	4236286	43200	1	1900	2	43200	1800
S031_DAY2_MINITWICE_5547	71	Picture	FF	4238486	0	1	43200	2	0	43200
S031_DAY2_MINITWICE_5547	71	Response	51	4246618	8132	1
S031_DAY2_MINITWICE_5547	71	Pulse	99	4260896	22410	NA
S031_DAY2_MINITWICE_5547	71	Port Input	1	4260896	22410	NA
S031_DAY2_MINITWICE_5547	71	Picture	70_T_FFTRIAD_FF_television_red.png	4281686	43200	1	1900	2	43200	1800
S031_DAY2_MINITWICE_5547	72	Picture	rest	4283686	0	1	144100	2	0	144000
S031_DAY2_MINITWICE_5547	72	Pulse	99	4296897	13211	NA
S031_DAY2_MINITWICE_5547	72	Port Input	1	4296897	13211	NA
S031_DAY2_MINITWICE_5547	72	Pulse	99	4332898	49212	NA
S031_DAY2_MINITWICE_5547	72	Port Input	1	4332898	49212	NA
S031_DAY2_MINITWICE_5547	72	Pulse	99	4368899	85213	NA
S031_DAY2_MINITWICE_5547	72	Port Input	1	4368899	85213	NA
S031_DAY2_MINITWICE_5547	72	Pulse	99	4404900	121214	NA
S031_DAY2_MINITWICE_5547	72	Port Input	1	4404900	121214	NA
S031_DAY2_MINITWICE_5547	73	Picture	endrest	4427886	0	1	10100	2	0	10000
S031_DAY2_MINITWICE_5547	74	Picture	PW	4438286	0	1	43199	3	0	43200
S031_DAY2_MINITWICE_5547	74	Pulse	99	4440901	2615	NA
S031_DAY2_MINITWICE_5547	74	Port Input	1	4440901	2615	NA
S031_DAY2_MINITWICE_5547	74	Response	52	4453859	15573	1
S031_DAY2_MINITWICE_5547	74	Pulse	99	4476902	38616	NA
S031_DAY2_MINITWICE_5547	74	Port Input	1	4476902	38616	NA
S031_DAY2_MINITWICE_5547	74	Picture	73_T_PWTRIAD_PW_telarana_red.png	4481485	43199	2	1900	4	43200	1800
S031_DAY2_MINITWICE_5547	75	Picture	PW	4483785	0	2	43100	3	0	43200
S031_DAY2_MINITWICE_5547	75	Response	52	4500772	16987	2
S031_DAY2_MINITWICE_5547	75	Pulse	99	4512903	29118	NA
S031_DAY2_MINITWICE_5547	75	Port Input	1	4512903	29118	NA
S031_DAY2_MINITWICE_5547	75	Picture	74_T_PWTRIAD_PW_cuento_red.png	4526885	43100	1	1900	2	43200	1800
S031_DAY2_MINITWICE_5547	76	Picture	PW	4529085	0	1	43200	2	0	43200
S031_DAY2_MINITWICE_5547	76	Response	52	4538608	9523	1
S031_DAY2_MINITWICE_5547	76	Pulse	99	4548905	19820	NA
S031_DAY2_MINITWICE_5547	76	Port Input	1	4548905	19820	NA
S031_DAY2_MINITWICE_5547	76	Picture	75_T_PWTRIAD_PW_pizarra_red.png	4572285	43200	1	1900	2	43200	1800
S031_DAY2_MINITWICE_5547	77	Picture	PW	4574585	0	1	43100	2	0	43200
S031_DAY2_MINITWICE_5547	77	Pulse	99	4584906	10321	NA
S031_DAY2_MINITWICE_5547	77	Port Input	1	4584906	10321	NA
S031_DAY2_MINITWICE_5547	77	Response	51	4585322	10737	1
S031_DAY2_MINITWICE_5547	77	Picture	76_T_PWTRIAD_PW_llave_red.png	4617685	43100	1	1900	2	43200	1800
S031_DAY2_MINITWICE_5547	78	Picture	RW	4619985	0	1	43200	2	0	43200
S031_DAY2_MINITWICE_5547	78	Pulse	99	4620907	922	NA
S031_DAY2_MINITWICE_5547	78	Port Input	1	4620907	922	NA
S031_DAY2_MINITWICE_5547	78	Response	52	4634625	14640	1
S031_DAY2_MINITWICE_5547	78	Pulse	99	4656908	36923	NA
S031_DAY2_MINITWICE_5547	78	Port Input	1	4656908	36923	NA
S031_DAY2_MINITWICE_5547	78	Picture	77_T_RWTRIAD_RW_mono_red.png	4663185	43200	1	1900	2	43200	1800
S031_DAY2_MINITWICE_5547	79	Picture	RW	4665385	0	1	43100	2	0	43200
S031_DAY2_MINITWICE_5547	79	Response	52	4674648	9263	1
S031_DAY2_MINITWICE_5547	79	Pulse	99	4692909	27524	NA
S031_DAY2_MINITWICE_5547	79	Port Input	1	4692909	27524	NA
S031_DAY2_MINITWICE_5547	79	Picture	78_T_RWTRIAD_RW_sobre_red.png	4708485	43100	1	1900	2	43200	1800
S031_DAY2_MINITWICE_5547	80	Picture	RW	4710785	0	1	43100	2	0	43200
S031_DAY2_MINITWICE_5547	80	Response	51	4725404	14619	2
S031_DAY2_MINITWICE_5547	80	Pulse	99	4728910	18125	NA
S031_DAY2_MINITWICE_5547	80	Port Input	1	4728910	18125	NA
S031_DAY2_MINITWICE_5547	80	Picture	79_T_RWTRIAD_RW_piramide_red.png	4753885	43100	1	1900	2	43200	1800
S031_DAY2_MINITWICE_5547	81	Picture	RW	4756185	0	1	43199	3	0	43200
S031_DAY2_MINITWICE_5547	81	Pulse	99	4764911	8726	NA
S031_DAY2_MINITWICE_5547	81	Port Input	1	4764911	8726	NA
S031_DAY2_MINITWICE_5547	81	Response	52	4768298	12113	1
S031_DAY2_MINITWICE_5547	81	Picture	80_T_RWTRIAD_RW_lechuga_red.png	4799384	43199	2	1900	4	43200	1800
S031_DAY2_MINITWICE_5547	81	Pulse	99	4800912	44727	NA
S031_DAY2_MINITWICE_5547	81	Port Input	1	4800912	44727	NA
S031_DAY2_MINITWICE_5547	82	Picture	rest	4801384	0	2	144100	3	0	144000
S031_DAY2_MINITWICE_5547	82	Pulse	99	4836913	35529	NA
S031_DAY2_MINITWICE_5547	82	Port Input	1	4836913	35529	NA
S031_DAY2_MINITWICE_5547	82	Pulse	99	4872914	71530	NA
S031_DAY2_MINITWICE_5547	82	Port Input	1	4872914	71530	NA
S031_DAY2_MINITWICE_5547	82	Pulse	99	4908915	107531	NA
S031_DAY2_MINITWICE_5547	82	Port Input	1	4908915	107531	NA
S031_DAY2_MINITWICE_5547	82	Pulse	99	4944917	143533	NA
S031_DAY2_MINITWICE_5547	82	Port Input	1	4944917	143533	NA
S031_DAY2_MINITWICE_5547	83	Picture	endrest	4945584	0	1	10100	2	0	10000
S031_DAY2_MINITWICE_5547	84	Picture	FF	4955984	0	1	43100	2	0	43200
S031_DAY2_MINITWICE_5547	84	Response	51	4965225	9241	1
S031_DAY2_MINITWICE_5547	84	Pulse	99	4980918	24934	NA
S031_DAY2_MINITWICE_5547	84	Port Input	1	4980918	24934	NA
S031_DAY2_MINITWICE_5547	84	Picture	83_T_FFTRIAD_FF_novia_red.png	4999084	43100	1	1900	2	43200	1800
S031_DAY2_MINITWICE_5547	85	Picture	FF	5001284	0	1	43200	2	0	43200
S031_DAY2_MINITWICE_5547	85	Response	51	5010783	9499	1
S031_DAY2_MINITWICE_5547	85	Pulse	99	5016919	15635	NA
S031_DAY2_MINITWICE_5547	85	Port Input	1	5016919	15635	NA
S031_DAY2_MINITWICE_5547	85	Picture	84_T_FFTRIAD_FF_gafas_red.png	5044484	43200	1	1900	2	43200	1800
S031_DAY2_MINITWICE_5547	86	Picture	FF	5046684	0	1	43100	2	0	43200
S031_DAY2_MINITWICE_5547	86	Pulse	99	5052920	6236	NA
S031_DAY2_MINITWICE_5547	86	Port Input	1	5052920	6236	NA
S031_DAY2_MINITWICE_5547	86	Response	51	5061536	14852	1
S031_DAY2_MINITWICE_5547	86	Pulse	99	5088921	42237	NA
S031_DAY2_MINITWICE_5547	86	Port Input	1	5088921	42237	NA
S031_DAY2_MINITWICE_5547	86	Picture	85_T_FFTRIAD_FF_violin_red.png	5089784	43100	1	1900	2	43200	1800
S031_DAY2_MINITWICE_5547	87	Picture	FF	5091884	0	1	43199	3	0	43200
S031_DAY2_MINITWICE_5547	87	Response	51	5100863	8979	2
S031_DAY2_MINITWICE_5547	87	Pulse	99	5124922	33038	NA
S031_DAY2_MINITWICE_5547	87	Port Input	1	5124922	33038	NA
S031_DAY2_MINITWICE_5547	87	Picture	86_T_FFTRIAD_FF_estetoscopio_red.png	5135083	43199	2	1900	4	43200	1800
S031_DAY2_MINITWICE_5547	88	Picture	PW	5137383	0	2	43200	3	0	43200
S031_DAY2_MINITWICE_5547	88	Response	51	5152814	15431	1
S031_DAY2_MINITWICE_5547	88	Pulse	99	5160923	23540	NA
S031_DAY2_MINITWICE_5547	88	Port Input	1	5160923	23540	NA
S031_DAY2_MINITWICE_5547	88	Picture	87_T_PWTRIAD_PW_tenedor_red.png	5180583	43200	1	1900	2	43200	1800
S031_DAY2_MINITWICE_5547	89	Picture	PW	5182883	0	1	43200	2	0	43200
S031_DAY2_MINITWICE_5547	89	Response	51	5194461	11578	1
S031_DAY2_MINITWICE_5547	89	Pulse	99	5196924	14041	NA
S031_DAY2_MINITWICE_5547	89	Port Input	1	5196924	14041	NA
S031_DAY2_MINITWICE_5547	89	Picture	88_T_PWTRIAD_PW_candado_red.png	5226083	43200	1	1900	2	43200	1800
S031_DAY2_MINITWICE_5547	90	Picture	PW	5228383	0	1	43100	2	0	43200
S031_DAY2_MINITWICE_5547	90	Pulse	99	5232925	4542	NA
S031_DAY2_MINITWICE_5547	90	Port Input	1	5232925	4542	NA
S031_DAY2_MINITWICE_5547	90	Response	51	5240012	11629	2
S031_DAY2_MINITWICE_5547	90	Pulse	99	5268926	40543	NA
S031_DAY2_MINITWICE_5547	90	Port Input	1	5268926	40543	NA
S031_DAY2_MINITWICE_5547	90	Picture	89_T_PWTRIAD_PW_plato_red.png	5271483	43100	1	1900	2	43200	1800
S031_DAY2_MINITWICE_5547	91	Picture	PW	5273683	0	1	43200	2	0	43200
S031_DAY2_MINITWICE_5547	91	Response	52	5288082	14399	1
S031_DAY2_MINITWICE_5547	91	Pulse	99	5304927	31244	NA
S031_DAY2_MINITWICE_5547	91	Port Input	1	5304927	31244	NA
S031_DAY2_MINITWICE_5547	91	Picture	90_T_PWTRIAD_PW_lana_red.png	5316883	43200	1	1900	2	43200	1800
S031_DAY2_MINITWICE_5547	92	Picture	rest	5318883	0	1	144099	3	0	144000
S031_DAY2_MINITWICE_5547	92	Pulse	99	5340928	22045	NA
S031_DAY2_MINITWICE_5547	92	Port Input	1	5340928	22045	NA
S031_DAY2_MINITWICE_5547	92	Pulse	99	5376930	58047	NA
S031_DAY2_MINITWICE_5547	92	Port Input	1	5376930	58047	NA
S031_DAY2_MINITWICE_5547	92	Pulse	99	5412931	94048	NA
S031_DAY2_MINITWICE_5547	92	Port Input	1	5412931	94048	NA
S031_DAY2_MINITWICE_5547	92	Pulse	99	5448932	130049	NA
S031_DAY2_MINITWICE_5547	92	Port Input	1	5448932	130049	NA
S031_DAY2_MINITWICE_5547	93	Picture	endrest	5463082	0	2	10100	4	0	10000
S031_DAY2_MINITWICE_5547	94	Picture	RW	5473582	0	2	43100	3	0	43200
S031_DAY2_MINITWICE_5547	94	Pulse	99	5484933	11351	NA
S031_DAY2_MINITWICE_5547	94	Port Input	1	5484933	11351	NA
S031_DAY2_MINITWICE_5547	94	Response	52	5490228	16646	1
S031_DAY2_MINITWICE_5547	94	Picture	93_T_RWTRIAD_RW_raton_red.png	5516682	43100	1	1900	2	43200	1800
S031_DAY2_MINITWICE_5547	95	Picture	RW	5518882	0	1	43200	2	0	43200
S031_DAY2_MINITWICE_5547	95	Pulse	99	5520934	2052	NA
S031_DAY2_MINITWICE_5547	95	Port Input	1	5520934	2052	NA
S031_DAY2_MINITWICE_5547	95	Response	51	5532096	13214	1
S031_DAY2_MINITWICE_5547	95	Pulse	99	5556935	38053	NA
S031_DAY2_MINITWICE_5547	95	Port Input	1	5556935	38053	NA
S031_DAY2_MINITWICE_5547	95	Picture	94_T_RWTRIAD_RW_dedal_red.png	5562082	43200	1	1900	2	43200	1800
S031_DAY2_MINITWICE_5547	96	Picture	RW	5564382	0	1	43100	2	0	43200
S031_DAY2_MINITWICE_5547	96	Response	51	5583817	19435	41
S031_DAY2_MINITWICE_5547	96	Pulse	99	5592936	28554	NA
S031_DAY2_MINITWICE_5547	96	Port Input	1	5592936	28554	NA
S031_DAY2_MINITWICE_5547	96	Picture	95_T_RWTRIAD_RW_perro_red.png	5607482	43100	1	1900	2	43200	1800
S031_DAY2_MINITWICE_5547	97	Picture	RW	5609782	0	1	43100	2	0	43200
S031_DAY2_MINITWICE_5547	97	Response	52	5619414	9632	1
S031_DAY2_MINITWICE_5547	97	Pulse	99	5628937	19155	NA
S031_DAY2_MINITWICE_5547	97	Port Input	1	5628937	19155	NA
S031_DAY2_MINITWICE_5547	97	Picture	96_T_RWTRIAD_RW_paraguas_red.png	5652882	43100	1	1900	2	43200	1800
S031_DAY2_MINITWICE_5547	98	Picture	FF	5655182	0	1	43200	2	0	43200
S031_DAY2_MINITWICE_5547	98	Response	52	5664797	9615	1
S031_DAY2_MINITWICE_5547	98	Pulse	99	5664938	9756	NA
S031_DAY2_MINITWICE_5547	98	Port Input	1	5664938	9756	NA
S031_DAY2_MINITWICE_5547	98	Picture	97_T_FFTRIAD_FF_chupete_red.png	5698382	43200	1	1900	2	43200	1800
S031_DAY2_MINITWICE_5547	99	Picture	FF	5700582	0	1	43100	2	0	43200
S031_DAY2_MINITWICE_5547	99	Pulse	99	5700939	357	NA
S031_DAY2_MINITWICE_5547	99	Port Input	1	5700939	357	NA
S031_DAY2_MINITWICE_5547	99	Response	52	5711584	11002	2
S031_DAY2_MINITWICE_5547	99	Pulse	99	5736940	36358	NA
S031_DAY2_MINITWICE_5547	99	Port Input	1	5736940	36358	NA
S031_DAY2_MINITWICE_5547	99	Picture	98_T_FFTRIAD_FF_molino_red.png	5743682	43100	1	1900	2	43200	1800
S031_DAY2_MINITWICE_5547	100	Picture	FF	5745982	0	1	43099	3	0	43200
S031_DAY2_MINITWICE_5547	100	Response	51	5755493	9511	1
S031_DAY2_MINITWICE_5547	100	Pulse	99	5772941	26959	NA
S031_DAY2_MINITWICE_5547	100	Port Input	1	5772941	26959	NA
S031_DAY2_MINITWICE_5547	100	Picture	99_T_FFTRIAD_FF_madera_red.png	5789081	43099	2	1900	3	43200	1800
S031_DAY2_MINITWICE_5547	101	Picture	FF	5791281	0	2	43200	3	0	43200
S031_DAY2_MINITWICE_5547	101	Response	52	5800075	8794	5
S031_DAY2_MINITWICE_5547	101	Pulse	99	5808943	17662	NA
S031_DAY2_MINITWICE_5547	101	Port Input	1	5808943	17662	NA
S031_DAY2_MINITWICE_5547	101	Picture	100_T_FFTRIAD_FF_banera_red.png	5834481	43200	1	1900	2	43200	1800
S031_DAY2_MINITWICE_5547	102	Picture	rest	5836481	0	1	144100	2	0	144000
S031_DAY2_MINITWICE_5547	102	Pulse	99	5844944	8463	NA
S031_DAY2_MINITWICE_5547	102	Port Input	1	5844944	8463	NA
S031_DAY2_MINITWICE_5547	102	Pulse	99	5880945	44464	NA
S031_DAY2_MINITWICE_5547	102	Port Input	1	5880945	44464	NA
S031_DAY2_MINITWICE_5547	102	Pulse	99	5916946	80465	NA
S031_DAY2_MINITWICE_5547	102	Port Input	1	5916946	80465	NA
S031_DAY2_MINITWICE_5547	102	Pulse	99	5952947	116466	NA
S031_DAY2_MINITWICE_5547	102	Port Input	1	5952947	116466	NA
S031_DAY2_MINITWICE_5547	103	Picture	endrest	5980681	0	1	10100	2	0	10000
S031_DAY2_MINITWICE_5547	103	Pulse	99	5988948	8267	NA
S031_DAY2_MINITWICE_5547	103	Port Input	1	5988948	8267	NA
S031_DAY2_MINITWICE_5547	104	Picture	FF	5991081	0	1	43100	2	0	43200
S031_DAY2_MINITWICE_5547	104	Response	51	6002319	11238	1
S031_DAY2_MINITWICE_5547	104	Pulse	99	6024949	33868	NA
S031_DAY2_MINITWICE_5547	104	Port Input	1	6024949	33868	NA
S031_DAY2_MINITWICE_5547	104	Picture	103_T_FFTRIAD_FF_tenedor_red.png	6034181	43100	1	1900	2	43200	1800
S031_DAY2_MINITWICE_5547	105	Picture	FF	6036381	0	1	43099	3	0	43200
S031_DAY2_MINITWICE_5547	105	Response	51	6043899	7518	1
S031_DAY2_MINITWICE_5547	105	Pulse	99	6060950	24569	NA
S031_DAY2_MINITWICE_5547	105	Port Input	1	6060950	24569	NA
S031_DAY2_MINITWICE_5547	105	Picture	104_T_FFTRIAD_FF_traje_red.png	6079480	43099	2	1901	3	43200	1800
S031_DAY2_MINITWICE_5547	106	Picture	FF	6081681	0	1	43099	3	0	43200
S031_DAY2_MINITWICE_5547	106	Response	51	6091889	10208	1
S031_DAY2_MINITWICE_5547	106	Pulse	99	6096951	15270	NA
S031_DAY2_MINITWICE_5547	106	Port Input	1	6096951	15270	NA
S031_DAY2_MINITWICE_5547	106	Picture	105_T_FFTRIAD_FF_lenador_red.png	6124780	43099	2	1900	3	43200	1800
S031_DAY2_MINITWICE_5547	107	Picture	FF	6126880	0	1	43200	2	0	43200
S031_DAY2_MINITWICE_5547	107	Pulse	99	6132952	6072	NA
S031_DAY2_MINITWICE_5547	107	Port Input	1	6132952	6072	NA
S031_DAY2_MINITWICE_5547	107	Response	52	6134269	7389	1
S031_DAY2_MINITWICE_5547	107	Pulse	99	6168953	42073	NA
S031_DAY2_MINITWICE_5547	107	Port Input	1	6168953	42073	NA
S031_DAY2_MINITWICE_5547	107	Picture	106_T_FFTRIAD_FF_telefono_red.png	6170080	43200	1	1900	3	43200	1800
S031_DAY2_MINITWICE_5547	108	Picture	RW	6172480	0	1	43100	2	0	43200
S031_DAY2_MINITWICE_5547	108	Response	51	6183868	11388	1
S031_DAY2_MINITWICE_5547	108	Pulse	99	6204955	32475	NA
S031_DAY2_MINITWICE_5547	108	Port Input	1	6204955	32475	NA
S031_DAY2_MINITWICE_5547	108	Picture	107_T_RWTRIAD_RW_zanahoria_red.png	6215580	43100	1	1900	2	43200	1800
S031_DAY2_MINITWICE_5547	109	Picture	RW	6217880	0	2	43100	3	0	43200
S031_DAY2_MINITWICE_5547	109	Response	51	6228816	10936	1
S031_DAY2_MINITWICE_5547	109	Pulse	99	6240956	23076	NA
S031_DAY2_MINITWICE_5547	109	Port Input	1	6240956	23076	NA
S031_DAY2_MINITWICE_5547	109	Picture	108_T_RWTRIAD_RW_iglu_red.png	6260980	43100	1	1900	2	43200	1800
S031_DAY2_MINITWICE_5547	110	Picture	RW	6263280	0	1	43100	2	0	43200
S031_DAY2_MINITWICE_5547	110	Response	52	6274007	10727	2
S031_DAY2_MINITWICE_5547	110	Pulse	99	6276957	13677	NA
S031_DAY2_MINITWICE_5547	110	Port Input	1	6276957	13677	NA
S031_DAY2_MINITWICE_5547	110	Picture	109_T_RWTRIAD_RW_bebe_red.png	6306380	43100	1	1900	2	43200	1800
S031_DAY2_MINITWICE_5547	111	Picture	RW	6308580	0	1	43099	3	0	43200
S031_DAY2_MINITWICE_5547	111	Pulse	99	6312958	4378	NA
S031_DAY2_MINITWICE_5547	111	Port Input	1	6312958	4378	NA
S031_DAY2_MINITWICE_5547	111	Response	51	6320917	12337	1
S031_DAY2_MINITWICE_5547	111	Pulse	99	6348959	40379	NA
S031_DAY2_MINITWICE_5547	111	Port Input	1	6348959	40379	NA
S031_DAY2_MINITWICE_5547	111	Picture	110_T_RWTRIAD_RW_traje_red.png	6351679	43099	2	1901	3	43200	1800
S031_DAY2_MINITWICE_5547	112	Picture	rest	6353680	0	1	144099	2	0	144000
S031_DAY2_MINITWICE_5547	113	Picture	endrest	6497879	0	1	10100	2	0	10000
S031_DAY2_MINITWICE_5547	114	Picture	PW	6508279	0	1	43200	2	0	43200
S031_DAY2_MINITWICE_5547	114	Response	51	6521718	13439	1
S031_DAY2_MINITWICE_5547	114	Picture	113_T_PWTRIAD_PW_sapo_red.png	6551479	43200	1	1900	2	43200	1800
S031_DAY2_MINITWICE_5547	115	Picture	PW	6553679	0	1	43200	2	0	43200
S031_DAY2_MINITWICE_5547	115	Response	51	6566547	12868	1
S031_DAY2_MINITWICE_5547	115	Picture	114_T_PWTRIAD_PW_portatil_red.png	6596879	43200	1	1900	2	43200	1800
S031_DAY2_MINITWICE_5547	116	Picture	PW	6599179	0	1	43100	2	0	43200
S031_DAY2_MINITWICE_5547	116	Response	51	6611670	12491	1
S031_DAY2_MINITWICE_5547	116	Picture	115_T_PWTRIAD_PW_oruga_red.png	6642279	43100	1	1900	2	43200	1800
S031_DAY2_MINITWICE_5547	117	Picture	PW	6644579	0	1	43200	2	0	43200
S031_DAY2_MINITWICE_5547	117	Response	51	6657983	13404	1
S031_DAY2_MINITWICE_5547	117	Picture	116_T_PWTRIAD_PW_huevos_red.png	6687779	43200	1	1900	2	43200	1800
S031_DAY2_MINITWICE_5547	118	Picture	RW	6690079	0	1	43199	3	0	43200
S031_DAY2_MINITWICE_5547	118	Response	51	6703298	13219	1
S031_DAY2_MINITWICE_5547	118	Picture	117_T_RWTRIAD_RW_violin_red.png	6733278	43199	2	1900	4	43200	1800
S031_DAY2_MINITWICE_5547	119	Picture	RW	6735478	0	2	43100	3	0	43200
S031_DAY2_MINITWICE_5547	119	Response	52	6747294	11816	1
S031_DAY2_MINITWICE_5547	119	Picture	118_T_RWTRIAD_RW_anillo_red.png	6778578	43100	1	1900	2	43200	1800
S031_DAY2_MINITWICE_5547	120	Picture	RW	6780778	0	1	43200	2	0	43200
S031_DAY2_MINITWICE_5547	120	Response	51	6796134	15356	1
S031_DAY2_MINITWICE_5547	120	Picture	119_T_RWTRIAD_RW_ascensor_red.png	6823978	43200	1	1900	2	43200	1800
S031_DAY2_MINITWICE_5547	121	Picture	RW	6826178	0	1	43100	2	0	43200
S031_DAY2_MINITWICE_5547	121	Response	51	6836987	10809	1
S031_DAY2_MINITWICE_5547	121	Picture	120_T_RWTRIAD_RW_telarana_red.png	6869278	43100	1	1900	2	43200	1800
S031_DAY2_MINITWICE_5547	122	Picture	rest	6871278	0	1	144100	2	0	144000
S031_DAY2_MINITWICE_5547	123	Picture	endrest	7015477	0	2	10100	4	0	10000
S031_DAY2_MINITWICE_5547	124	Picture	RW	7025878	0	1	43099	3	0	43200
S031_DAY2_MINITWICE_5547	124	Response	51	7039232	13354	1
S031_DAY2_MINITWICE_5547	124	Picture	123_T_RWTRIAD_RW_portatil_red.png	7068977	43099	2	1900	4	43200	1800
S031_DAY2_MINITWICE_5547	125	Picture	RW	7071177	0	2	43100	3	0	43200
S031_DAY2_MINITWICE_5547	125	Response	52	7080690	9513	1
S031_DAY2_MINITWICE_5547	125	Picture	124_T_RWTRIAD_RW_silla_red.png	7114277	43100	1	1900	2	43200	1800
S031_DAY2_MINITWICE_5547	126	Picture	RW	7116577	0	1	43200	2	0	43200
S031_DAY2_MINITWICE_5547	126	Response	51	7131741	15164	1
S031_DAY2_MINITWICE_5547	126	Picture	125_T_RWTRIAD_RW_bala_red.png	7159777	43200	1	1900	2	43200	1800
S031_DAY2_MINITWICE_5547	127	Picture	RW	7161977	0	1	43100	2	0	43200
S031_DAY2_MINITWICE_5547	127	Response	51	7172315	10338	1
S031_DAY2_MINITWICE_5547	127	Picture	126_T_RWTRIAD_RW_novia_red.png	7205077	43100	1	1900	2	43200	1800
S031_DAY2_MINITWICE_5547	128	Picture	PW	7207377	0	1	43200	2	0	43200
S031_DAY2_MINITWICE_5547	128	Response	51	7220569	13192	2
S031_DAY2_MINITWICE_5547	128	Picture	127_T_PWTRIAD_PW_martillo_red.png	7250577	43200	1	1900	2	43200	1800
S031_DAY2_MINITWICE_5547	129	Picture	PW	7252877	0	1	43200	2	0	43200
S031_DAY2_MINITWICE_5547	129	Response	52	7266230	13353	1
S031_DAY2_MINITWICE_5547	129	Picture	128_T_PWTRIAD_PW_cerillas_red.png	7296077	43200	1	1900	2	43200	1800
S031_DAY2_MINITWICE_5547	130	Picture	PW	7298277	0	1	43099	3	0	43200
S031_DAY2_MINITWICE_5547	130	Response	52	7310470	12193	1
S031_DAY2_MINITWICE_5547	130	Picture	129_T_PWTRIAD_PW_almohada_red.png	7341376	43099	2	1900	4	43200	1800
S031_DAY2_MINITWICE_5547	131	Picture	PW	7343677	0	1	43099	2	0	43200
S031_DAY2_MINITWICE_5547	131	Response	52	7355661	11984	1
S031_DAY2_MINITWICE_5547	131	Picture	130_T_PWTRIAD_PW_granjero_red.png	7386776	43099	1	1900	2	43200	1800
S031_DAY2_MINITWICE_5547	132	Picture	rest	7388776	0	1	144100	2	0	144000
S031_DAY2_MINITWICE_5547	133	Picture	endrest	7532976	0	1	10099	3	0	10000
S031_DAY2_MINITWICE_5547	134	Picture	RW	7543376	0	1	43200	2	0	43200
S031_DAY2_MINITWICE_5547	134	Response	51	7555798	12422	1
S031_DAY2_MINITWICE_5547	134	Picture	133_T_RWTRIAD_RW_tenedor_red.png	7586576	43200	1	1900	2	43200	1800
S031_DAY2_MINITWICE_5547	135	Picture	RW	7588776	0	1	43100	2	0	43200
S031_DAY2_MINITWICE_5547	135	Response	51	7602894	14118	1
S031_DAY2_MINITWICE_5547	135	Picture	134_T_RWTRIAD_RW_television_red.png	7631876	43100	1	1900	2	43200	1800
S031_DAY2_MINITWICE_5547	136	Picture	RW	7634076	0	1	43099	3	0	43200
S031_DAY2_MINITWICE_5547	136	Response	52	7645136	11060	2
S031_DAY2_MINITWICE_5547	136	Picture	135_T_RWTRIAD_RW_destornillador_red.png	7677175	43099	2	1900	4	43200	1800
S031_DAY2_MINITWICE_5547	137	Picture	RW	7679475	0	2	43100	3	0	43200
S031_DAY2_MINITWICE_5547	137	Response	51	7690010	10535	1
S031_DAY2_MINITWICE_5547	137	Picture	136_T_RWTRIAD_RW_pilas_red.png	7722575	43100	1	1900	2	43200	1800
S031_DAY2_MINITWICE_5547	138	Picture	rest	7724575	0	1	144100	2	0	144000
S031_DAY2_MINITWICE_5547	139	Picture	endrest	7868775	0	1	10100	2	0	10000
S031_DAY2_MINITWICE_5547	140	Picture	endrest	7878975	0	1	10100	2	0	10000
S031_DAY2_MINITWICE_5547	141	Picture	endrest	7889175	0	1	10100	2	0	10000
S031_DAY2_MINITWICE_5547	142	Picture	endrest	7899375	0	1	10100	2	0	10000
