Scenario - vOT_Triads_fMRI_I
Logfile written - 02/11/2016 19:39:46

Subject	Trial	Event Type	Code	Time	TTime	Uncertainty	Duration	Uncertainty	ReqTime	ReqDur

S034_MINIONCE_5381	1	Response	98	271103	281003	1
S034_MINIONCE_5381	2	Response	52	346722	75526	1
S034_MINIONCE_5381	2	Response	52	371548	100352	1
S034_MINIONCE_5381	2	Response	98	385987	114791	1
S034_MINIONCE_5381	3	Response	52	472277	86182	1
S034_MINIONCE_5381	3	Response	98	542629	156534	2
S034_MINIONCE_5381	4	Response	52	601469	58776	1
S034_MINIONCE_5381	4	Response	98	801186	258493	2
S034_MINIONCE_5381	6	Pulse	99	990058	188767	NA
S034_MINIONCE_5381	6	Port Input	1	990058	188767	NA
S034_MINIONCE_5381	6	Pulse	99	1026059	224768	NA
S034_MINIONCE_5381	6	Port Input	1	1026059	224768	NA
S034_MINIONCE_5381	6	Pulse	99	1062060	260769	NA
S034_MINIONCE_5381	6	Port Input	1	1062060	260769	NA
S034_MINIONCE_5381	6	Pulse	99	1098061	296770	NA
S034_MINIONCE_5381	6	Port Input	1	1098061	296770	NA
S034_MINIONCE_5381	6	Pulse	99	1134061	332770	NA
S034_MINIONCE_5381	6	Port Input	1	1134061	332770	NA
S034_MINIONCE_5381	7	Picture	rest	1134287	0	1	144099	2	0	144000
S034_MINIONCE_5381	7	Pulse	99	1170062	35775	NA
S034_MINIONCE_5381	7	Port Input	1	1170062	35775	NA
S034_MINIONCE_5381	7	Pulse	99	1206063	71776	NA
S034_MINIONCE_5381	7	Port Input	1	1206063	71776	NA
S034_MINIONCE_5381	7	Pulse	99	1242064	107777	NA
S034_MINIONCE_5381	7	Port Input	1	1242064	107777	NA
S034_MINIONCE_5381	7	Pulse	99	1278065	143778	NA
S034_MINIONCE_5381	7	Port Input	1	1278065	143778	NA
S034_MINIONCE_5381	8	Picture	endrest	1278486	0	1	10100	2	0	10000
S034_MINIONCE_5381	9	Picture	PW	1288786	0	1	43199	2	0	43200
S034_MINIONCE_5381	9	Pulse	99	1314066	25280	NA
S034_MINIONCE_5381	9	Port Input	1	1314066	25280	NA
S034_MINIONCE_5381	9	Response	52	1317987	29201	1
S034_MINIONCE_5381	9	Picture	3_T_PWTRIAD_PW_sobre_red.png	1331985	43199	1	1900	2	43200	1800
S034_MINIONCE_5381	10	Picture	PW	1334085	0	1	43200	2	0	43200
S034_MINIONCE_5381	10	Pulse	99	1350066	15981	NA
S034_MINIONCE_5381	10	Port Input	1	1350066	15981	NA
S034_MINIONCE_5381	10	Response	51	1367003	32918	2
S034_MINIONCE_5381	10	Picture	4_T_PWTRIAD_PW_tijera_red.png	1377285	43200	1	1900	2	43200	1800
S034_MINIONCE_5381	11	Picture	PW	1379385	0	1	43199	2	0	43200
S034_MINIONCE_5381	11	Pulse	99	1386067	6682	NA
S034_MINIONCE_5381	11	Port Input	1	1386067	6682	NA
S034_MINIONCE_5381	11	Response	52	1405418	26033	1
S034_MINIONCE_5381	11	Pulse	99	1422068	42683	NA
S034_MINIONCE_5381	11	Port Input	1	1422068	42683	NA
S034_MINIONCE_5381	11	Picture	5_T_PWTRIAD_PW_cerillas_red.png	1422584	43199	1	1900	2	43200	1800
S034_MINIONCE_5381	12	Picture	PW	1424684	0	1	43200	2	0	43200
S034_MINIONCE_5381	12	Response	52	1450418	25734	2
S034_MINIONCE_5381	12	Pulse	99	1458069	33385	NA
S034_MINIONCE_5381	12	Port Input	1	1458069	33385	NA
S034_MINIONCE_5381	12	Picture	6_T_PWTRIAD_PW_arbol_red.png	1467884	43200	1	1900	2	43200	1800
S034_MINIONCE_5381	13	Picture	FF	1470184	0	1	43099	2	0	43200
S034_MINIONCE_5381	13	Pulse	99	1494070	23886	NA
S034_MINIONCE_5381	13	Port Input	1	1494070	23886	NA
S034_MINIONCE_5381	13	Response	52	1494371	24187	1
S034_MINIONCE_5381	13	Picture	7_T_FFTRIAD_FF_pizarra_red.png	1513283	43099	1	1900	2	43200	1800
S034_MINIONCE_5381	14	Picture	FF	1515583	0	1	43200	2	0	43200
S034_MINIONCE_5381	14	Response	52	1529120	13537	1
S034_MINIONCE_5381	14	Pulse	99	1530071	14488	NA
S034_MINIONCE_5381	14	Port Input	1	1530071	14488	NA
S034_MINIONCE_5381	14	Picture	8_T_FFTRIAD_FF_cinturon_red.png	1558783	43200	1	1900	2	43200	1800
S034_MINIONCE_5381	15	Picture	FF	1561083	0	1	43099	2	0	43200
S034_MINIONCE_5381	15	Pulse	99	1566072	4989	NA
S034_MINIONCE_5381	15	Port Input	1	1566072	4989	NA
S034_MINIONCE_5381	15	Response	52	1585376	24293	2
S034_MINIONCE_5381	15	Pulse	99	1602072	40989	NA
S034_MINIONCE_5381	15	Port Input	1	1602072	40989	NA
S034_MINIONCE_5381	15	Picture	9_T_FFTRIAD_FF_banera_red.png	1604182	43099	1	1900	2	43200	1800
S034_MINIONCE_5381	16	Picture	FF	1606282	0	1	43200	2	0	43200
S034_MINIONCE_5381	16	Response	51	1628269	21987	1
S034_MINIONCE_5381	16	Pulse	99	1638073	31791	NA
S034_MINIONCE_5381	16	Port Input	1	1638073	31791	NA
S034_MINIONCE_5381	16	Picture	10_T_FFTRIAD_FF_monja_red.png	1649482	43200	1	1900	2	43200	1800
S034_MINIONCE_5381	17	Picture	rest	1651482	0	1	144098	2	0	144000
S034_MINIONCE_5381	17	Pulse	99	1674074	22592	NA
S034_MINIONCE_5381	17	Port Input	1	1674074	22592	NA
S034_MINIONCE_5381	17	Pulse	99	1710075	58593	NA
S034_MINIONCE_5381	17	Port Input	1	1710075	58593	NA
S034_MINIONCE_5381	17	Pulse	99	1746076	94594	NA
S034_MINIONCE_5381	17	Port Input	1	1746076	94594	NA
S034_MINIONCE_5381	17	Pulse	99	1782077	130595	NA
S034_MINIONCE_5381	17	Port Input	1	1782077	130595	NA
S034_MINIONCE_5381	18	Picture	endrest	1795680	0	1	10100	2	0	10000
S034_MINIONCE_5381	19	Picture	PW	1805980	0	1	43200	2	0	43200
S034_MINIONCE_5381	19	Pulse	99	1818077	12097	NA
S034_MINIONCE_5381	19	Port Input	1	1818077	12097	NA
S034_MINIONCE_5381	19	Response	51	1830500	24520	1
S034_MINIONCE_5381	19	Picture	13_T_PWTRIAD_PW_madera_red.png	1849180	43200	1	1900	2	43200	1800
S034_MINIONCE_5381	20	Picture	PW	1851280	0	1	43199	3	0	43200
S034_MINIONCE_5381	20	Pulse	99	1854078	2798	NA
S034_MINIONCE_5381	20	Port Input	1	1854078	2798	NA
S034_MINIONCE_5381	20	Response	52	1875692	24412	1
S034_MINIONCE_5381	20	Pulse	99	1890079	38799	NA
S034_MINIONCE_5381	20	Port Input	1	1890079	38799	NA
S034_MINIONCE_5381	20	Picture	14_T_PWTRIAD_PW_bebe_red.png	1894479	43199	2	1900	3	43200	1800
S034_MINIONCE_5381	21	Picture	PW	1896579	0	1	43200	2	0	43200
S034_MINIONCE_5381	21	Response	52	1915317	18738	1
S034_MINIONCE_5381	21	Pulse	99	1926080	29501	NA
S034_MINIONCE_5381	21	Port Input	1	1926080	29501	NA
S034_MINIONCE_5381	21	Picture	15_T_PWTRIAD_PW_pizarra_red.png	1939779	43200	1	1900	2	43200	1800
S034_MINIONCE_5381	22	Picture	PW	1941879	0	1	43199	3	0	43200
S034_MINIONCE_5381	22	Pulse	99	1962081	20202	NA
S034_MINIONCE_5381	22	Port Input	1	1962081	20202	NA
S034_MINIONCE_5381	22	Response	52	1972086	30207	1
S034_MINIONCE_5381	22	Picture	16_T_PWTRIAD_PW_paraguas_red.png	1985078	43199	2	1900	4	43200	1800
S034_MINIONCE_5381	23	Picture	FF	1987178	0	2	43200	3	0	43200
S034_MINIONCE_5381	23	Pulse	99	1998082	10904	NA
S034_MINIONCE_5381	23	Port Input	1	1998082	10904	NA
S034_MINIONCE_5381	23	Response	52	2012886	25708	1
S034_MINIONCE_5381	23	Picture	17_T_FFTRIAD_FF_oruga_red.png	2030378	43200	1	1900	2	43200	1800
S034_MINIONCE_5381	24	Picture	FF	2032678	0	1	43099	3	0	43200
S034_MINIONCE_5381	24	Pulse	99	2034083	1405	NA
S034_MINIONCE_5381	24	Port Input	1	2034083	1405	NA
S034_MINIONCE_5381	24	Response	51	2055135	22457	1
S034_MINIONCE_5381	24	Pulse	99	2070083	37405	NA
S034_MINIONCE_5381	24	Port Input	1	2070083	37405	NA
S034_MINIONCE_5381	24	Picture	18_T_FFTRIAD_FF_arbol_red.png	2075777	43099	2	1900	4	43200	1800
S034_MINIONCE_5381	25	Picture	FF	2077877	0	2	43200	3	0	43200
S034_MINIONCE_5381	25	Response	52	2105091	27214	1
S034_MINIONCE_5381	25	Pulse	99	2106084	28207	NA
S034_MINIONCE_5381	25	Port Input	1	2106084	28207	NA
S034_MINIONCE_5381	25	Picture	19_T_FFTRIAD_FF_agua_red.png	2121077	43200	1	1900	2	43200	1800
S034_MINIONCE_5381	26	Picture	FF	2123277	0	1	43200	2	0	43200
S034_MINIONCE_5381	26	Pulse	99	2142085	18808	NA
S034_MINIONCE_5381	26	Port Input	1	2142085	18808	NA
S034_MINIONCE_5381	26	Response	52	2144487	21210	1
S034_MINIONCE_5381	26	Picture	20_T_FFTRIAD_FF_botella_red.png	2166477	43200	1	1900	2	43200	1800
S034_MINIONCE_5381	27	Picture	rest	2168477	0	1	144098	2	0	144000
S034_MINIONCE_5381	27	Pulse	99	2178086	9609	NA
S034_MINIONCE_5381	27	Port Input	1	2178086	9609	NA
S034_MINIONCE_5381	27	Pulse	99	2214087	45610	NA
S034_MINIONCE_5381	27	Port Input	1	2214087	45610	NA
S034_MINIONCE_5381	27	Pulse	99	2250087	81610	NA
S034_MINIONCE_5381	27	Port Input	1	2250087	81610	NA
S034_MINIONCE_5381	27	Pulse	99	2286088	117611	NA
S034_MINIONCE_5381	27	Port Input	1	2286088	117611	NA
S034_MINIONCE_5381	28	Picture	endrest	2312675	0	1	10100	2	0	10000
S034_MINIONCE_5381	28	Pulse	99	2322089	9414	NA
S034_MINIONCE_5381	28	Port Input	1	2322089	9414	NA
S034_MINIONCE_5381	29	Picture	RW	2322975	0	1	43199	3	0	43200
S034_MINIONCE_5381	29	Response	52	2336991	14016	2
S034_MINIONCE_5381	29	Pulse	99	2358090	35115	NA
S034_MINIONCE_5381	29	Port Input	1	2358090	35115	NA
S034_MINIONCE_5381	29	Picture	23_T_RWTRIAD_RW_leche_red.png	2366174	43199	2	1900	4	43200	1800
S034_MINIONCE_5381	30	Picture	RW	2368275	0	1	43199	2	0	43200
S034_MINIONCE_5381	30	Pulse	99	2394091	25816	NA
S034_MINIONCE_5381	30	Port Input	1	2394091	25816	NA
S034_MINIONCE_5381	30	Response	52	2405888	37613	1
S034_MINIONCE_5381	30	Picture	24_T_RWTRIAD_RW_cerillas_red.png	2411474	43199	1	1900	2	43200	1800
S034_MINIONCE_5381	31	Picture	RW	2413574	0	1	43200	2	0	43200
S034_MINIONCE_5381	31	Response	52	2429773	16199	1
S034_MINIONCE_5381	31	Pulse	99	2430092	16518	NA
S034_MINIONCE_5381	31	Port Input	1	2430092	16518	NA
S034_MINIONCE_5381	31	Picture	25_T_RWTRIAD_RW_bebe_red.png	2456774	43200	1	1900	2	43200	1800
S034_MINIONCE_5381	32	Picture	RW	2458874	0	1	43199	3	0	43200
S034_MINIONCE_5381	32	Pulse	99	2466092	7218	NA
S034_MINIONCE_5381	32	Port Input	1	2466092	7218	NA
S034_MINIONCE_5381	32	Response	52	2477004	18130	2
S034_MINIONCE_5381	32	Picture	26_T_RWTRIAD_RW_plato_red.png	2502073	43199	2	1900	3	43200	1800
S034_MINIONCE_5381	32	Pulse	99	2502093	43219	NA
S034_MINIONCE_5381	32	Port Input	1	2502093	43219	NA
S034_MINIONCE_5381	33	Picture	PW	2504173	0	1	43199	3	0	43200
S034_MINIONCE_5381	33	Response	52	2529632	25459	1
S034_MINIONCE_5381	33	Pulse	99	2538094	33921	NA
S034_MINIONCE_5381	33	Port Input	1	2538094	33921	NA
S034_MINIONCE_5381	33	Picture	27_T_PWTRIAD_PW_martillo_red.png	2547372	43199	2	1900	4	43200	1800
S034_MINIONCE_5381	34	Picture	PW	2549672	0	2	43100	3	0	43200
S034_MINIONCE_5381	34	Pulse	99	2574095	24423	NA
S034_MINIONCE_5381	34	Port Input	1	2574095	24423	NA
S034_MINIONCE_5381	34	Response	51	2579756	30084	1
S034_MINIONCE_5381	34	Picture	28_T_PWTRIAD_PW_pilas_red.png	2592772	43100	1	1900	2	43200	1800
S034_MINIONCE_5381	35	Picture	PW	2595072	0	1	43100	2	0	43200
S034_MINIONCE_5381	35	Pulse	99	2610096	15024	NA
S034_MINIONCE_5381	35	Port Input	1	2610096	15024	NA
S034_MINIONCE_5381	35	Response	52	2621617	26545	1
S034_MINIONCE_5381	35	Picture	29_T_PWTRIAD_PW_iglu_red.png	2638172	43100	1	1900	2	43200	1800
S034_MINIONCE_5381	36	Picture	PW	2640272	0	1	43199	2	0	43200
S034_MINIONCE_5381	36	Pulse	99	2646097	5825	NA
S034_MINIONCE_5381	36	Port Input	1	2646097	5825	NA
S034_MINIONCE_5381	36	Response	51	2666191	25919	2
S034_MINIONCE_5381	36	Pulse	99	2682098	41826	NA
S034_MINIONCE_5381	36	Port Input	1	2682098	41826	NA
S034_MINIONCE_5381	36	Picture	30_T_PWTRIAD_PW_cortina_red.png	2683471	43199	1	1900	2	43200	1800
S034_MINIONCE_5381	37	Picture	rest	2685471	0	1	144099	2	0	144000
S034_MINIONCE_5381	37	Pulse	99	2718098	32627	NA
S034_MINIONCE_5381	37	Port Input	1	2718098	32627	NA
S034_MINIONCE_5381	37	Pulse	99	2754099	68628	NA
S034_MINIONCE_5381	37	Port Input	1	2754099	68628	NA
S034_MINIONCE_5381	37	Pulse	99	2790100	104629	NA
S034_MINIONCE_5381	37	Port Input	1	2790100	104629	NA
S034_MINIONCE_5381	37	Pulse	99	2826101	140630	NA
S034_MINIONCE_5381	37	Port Input	1	2826101	140630	NA
S034_MINIONCE_5381	38	Picture	endrest	2829670	0	1	10100	2	0	10000
S034_MINIONCE_5381	39	Picture	FF	2840070	0	1	43199	2	0	43200
S034_MINIONCE_5381	39	Response	51	2853197	13127	1
S034_MINIONCE_5381	39	Pulse	99	2862102	22032	NA
S034_MINIONCE_5381	39	Port Input	1	2862102	22032	NA
S034_MINIONCE_5381	39	Picture	33_T_FFTRIAD_FF_zanahoria_red.png	2883269	43199	1	1900	2	43200	1800
S034_MINIONCE_5381	40	Picture	FF	2885369	0	1	43200	2	0	43200
S034_MINIONCE_5381	40	Pulse	99	2898103	12734	NA
S034_MINIONCE_5381	40	Port Input	1	2898103	12734	NA
S034_MINIONCE_5381	40	Response	51	2906070	20701	1
S034_MINIONCE_5381	40	Picture	34_T_FFTRIAD_FF_manos_red.png	2928569	43200	1	1900	2	43200	1800
S034_MINIONCE_5381	41	Picture	FF	2930769	0	1	43199	2	0	43200
S034_MINIONCE_5381	41	Pulse	99	2934103	3334	NA
S034_MINIONCE_5381	41	Port Input	1	2934103	3334	NA
S034_MINIONCE_5381	41	Response	52	2944128	13359	1
S034_MINIONCE_5381	41	Pulse	99	2970104	39335	NA
S034_MINIONCE_5381	41	Port Input	1	2970104	39335	NA
S034_MINIONCE_5381	41	Picture	35_T_FFTRIAD_FF_sobre_red.png	2973968	43199	1	1900	2	43200	1800
S034_MINIONCE_5381	42	Picture	FF	2976068	0	1	43200	2	0	43200
S034_MINIONCE_5381	42	Response	52	2988264	12196	1
S034_MINIONCE_5381	42	Pulse	99	3006105	30037	NA
S034_MINIONCE_5381	42	Port Input	1	3006105	30037	NA
S034_MINIONCE_5381	42	Picture	36_T_FFTRIAD_FF_grifo_red.png	3019268	43200	1	1900	2	43200	1800
S034_MINIONCE_5381	43	Picture	RW	3021368	0	1	43199	2	0	43200
S034_MINIONCE_5381	43	Response	52	3038432	17064	1
S034_MINIONCE_5381	43	Pulse	99	3042106	20738	NA
S034_MINIONCE_5381	43	Port Input	1	3042106	20738	NA
S034_MINIONCE_5381	43	Picture	37_T_RWTRIAD_RW_cinturon_red.png	3064567	43199	1	1900	2	43200	1800
S034_MINIONCE_5381	44	Picture	RW	3066667	0	1	43200	2	0	43200
S034_MINIONCE_5381	44	Pulse	99	3078107	11440	NA
S034_MINIONCE_5381	44	Port Input	1	3078107	11440	NA
S034_MINIONCE_5381	44	Response	51	3087109	20442	1
S034_MINIONCE_5381	44	Picture	38_T_RWTRIAD_RW_iglu_red.png	3109867	43200	1	1900	2	43200	1800
S034_MINIONCE_5381	45	Picture	RW	3112167	0	1	43099	2	0	43200
S034_MINIONCE_5381	45	Pulse	99	3114108	1941	NA
S034_MINIONCE_5381	45	Port Input	1	3114108	1941	NA
S034_MINIONCE_5381	45	Response	51	3126091	13924	1
S034_MINIONCE_5381	45	Pulse	99	3150108	37941	NA
S034_MINIONCE_5381	45	Port Input	1	3150108	37941	NA
S034_MINIONCE_5381	45	Picture	39_T_RWTRIAD_RW_teclado_red.png	3155266	43099	1	1900	2	43200	1800
S034_MINIONCE_5381	46	Picture	RW	3157566	0	1	43100	2	0	43200
S034_MINIONCE_5381	46	Response	51	3172090	14524	1
S034_MINIONCE_5381	46	Pulse	99	3186109	28543	NA
S034_MINIONCE_5381	46	Port Input	1	3186109	28543	NA
S034_MINIONCE_5381	46	Picture	40_T_RWTRIAD_RW_grifo_red.png	3200666	43100	1	1900	2	43200	1800
S034_MINIONCE_5381	47	Picture	rest	3202666	0	1	144098	2	0	144000
S034_MINIONCE_5381	47	Pulse	99	3222110	19444	NA
S034_MINIONCE_5381	47	Port Input	1	3222110	19444	NA
S034_MINIONCE_5381	47	Pulse	99	3258111	55445	NA
S034_MINIONCE_5381	47	Port Input	1	3258111	55445	NA
S034_MINIONCE_5381	47	Pulse	99	3294112	91446	NA
S034_MINIONCE_5381	47	Port Input	1	3294112	91446	NA
S034_MINIONCE_5381	47	Pulse	99	3330113	127447	NA
S034_MINIONCE_5381	47	Port Input	1	3330113	127447	NA
S034_MINIONCE_5381	48	Picture	endrest	3346864	0	1	10100	2	0	10000
S034_MINIONCE_5381	49	Picture	FF	3357264	0	1	43200	2	0	43200
S034_MINIONCE_5381	49	Pulse	99	3366113	8849	NA
S034_MINIONCE_5381	49	Port Input	1	3366113	8849	NA
S034_MINIONCE_5381	49	Response	51	3378233	20969	1
S034_MINIONCE_5381	49	Picture	43_T_FFTRIAD_FF_pluma_red.png	3400464	43200	1	1900	2	43200	1800
S034_MINIONCE_5381	49	Pulse	99	3402114	44850	NA
S034_MINIONCE_5381	49	Port Input	1	3402114	44850	NA
S034_MINIONCE_5381	50	Picture	FF	3402564	0	1	43199	2	0	43200
S034_MINIONCE_5381	50	Response	51	3426467	23903	1
S034_MINIONCE_5381	50	Pulse	99	3438115	35551	NA
S034_MINIONCE_5381	50	Port Input	1	3438115	35551	NA
S034_MINIONCE_5381	50	Picture	44_T_FFTRIAD_FF_silla_red.png	3445763	43199	1	1900	2	43200	1800
S034_MINIONCE_5381	51	Picture	FF	3447863	0	1	43200	2	0	43200
S034_MINIONCE_5381	51	Response	51	3462903	15040	1
S034_MINIONCE_5381	51	Pulse	99	3474116	26253	NA
S034_MINIONCE_5381	51	Port Input	1	3474116	26253	NA
S034_MINIONCE_5381	51	Picture	45_T_FFTRIAD_FF_molino_red.png	3491063	43200	1	1900	2	43200	1800
S034_MINIONCE_5381	52	Picture	FF	3493263	0	1	43199	2	0	43200
S034_MINIONCE_5381	52	Response	52	3504883	11620	1
S034_MINIONCE_5381	52	Pulse	99	3510117	16854	NA
S034_MINIONCE_5381	52	Port Input	1	3510117	16854	NA
S034_MINIONCE_5381	52	Picture	46_T_FFTRIAD_FF_madera_red.png	3536462	43199	1	1900	3	43200	1800
S034_MINIONCE_5381	53	Picture	FF	3538562	0	1	43200	2	0	43200
S034_MINIONCE_5381	53	Pulse	99	3546118	7556	NA
S034_MINIONCE_5381	53	Port Input	1	3546118	7556	NA
S034_MINIONCE_5381	53	Response	52	3556330	17768	1
S034_MINIONCE_5381	53	Picture	47_T_FFTRIAD_FF_raton_red.png	3581762	43200	1	1900	2	43200	1800
S034_MINIONCE_5381	53	Pulse	99	3582118	43556	NA
S034_MINIONCE_5381	53	Port Input	1	3582118	43556	NA
S034_MINIONCE_5381	54	Picture	FF	3584062	0	1	43099	3	0	43200
S034_MINIONCE_5381	54	Response	51	3605387	21325	2
S034_MINIONCE_5381	54	Pulse	99	3618119	34057	NA
S034_MINIONCE_5381	54	Port Input	1	3618119	34057	NA
S034_MINIONCE_5381	54	Picture	48_T_FFTRIAD_FF_leche_red.png	3627161	43099	2	1900	4	43200	1800
S034_MINIONCE_5381	55	Picture	FF	3629261	0	2	43200	3	0	43200
S034_MINIONCE_5381	55	Pulse	99	3654120	24859	NA
S034_MINIONCE_5381	55	Port Input	1	3654120	24859	NA
S034_MINIONCE_5381	55	Response	51	3662104	32843	1
S034_MINIONCE_5381	55	Picture	49_T_FFTRIAD_FF_martillo_red.png	3672461	43200	1	1900	2	43200	1800
S034_MINIONCE_5381	56	Picture	FF	3674761	0	1	43099	3	0	43200
S034_MINIONCE_5381	56	Pulse	99	3690121	15360	NA
S034_MINIONCE_5381	56	Port Input	1	3690121	15360	NA
S034_MINIONCE_5381	56	Response	52	3698967	24206	1
S034_MINIONCE_5381	56	Picture	50_T_FFTRIAD_FF_granjero_red.png	3717860	43099	2	1900	4	43200	1800
S034_MINIONCE_5381	57	Picture	rest	3719860	0	2	144099	3	0	144000
S034_MINIONCE_5381	57	Pulse	99	3726122	6262	NA
S034_MINIONCE_5381	57	Port Input	1	3726122	6262	NA
S034_MINIONCE_5381	57	Pulse	99	3762123	42263	NA
S034_MINIONCE_5381	57	Port Input	1	3762123	42263	NA
S034_MINIONCE_5381	57	Pulse	99	3798123	78263	NA
S034_MINIONCE_5381	57	Port Input	1	3798123	78263	NA
S034_MINIONCE_5381	57	Pulse	99	3834124	114264	NA
S034_MINIONCE_5381	57	Port Input	1	3834124	114264	NA
S034_MINIONCE_5381	58	Picture	endrest	3864059	0	1	10100	2	0	10000
S034_MINIONCE_5381	58	Pulse	99	3870125	6066	NA
S034_MINIONCE_5381	58	Port Input	1	3870125	6066	NA
S034_MINIONCE_5381	59	Picture	FF	3874359	0	1	43199	2	0	43200
S034_MINIONCE_5381	59	Response	51	3892570	18211	1
S034_MINIONCE_5381	59	Pulse	99	3906126	31767	NA
S034_MINIONCE_5381	59	Port Input	1	3906126	31767	NA
S034_MINIONCE_5381	59	Picture	53_T_FFTRIAD_FF_huevos_red.png	3917558	43199	1	1900	2	43200	1800
S034_MINIONCE_5381	60	Picture	FF	3919658	0	2	43200	3	0	43200
S034_MINIONCE_5381	60	Pulse	99	3942127	22469	NA
S034_MINIONCE_5381	60	Port Input	1	3942127	22469	NA
S034_MINIONCE_5381	60	Response	52	3953453	33795	1
S034_MINIONCE_5381	60	Picture	54_T_FFTRIAD_FF_paracaidas_red.png	3962858	43200	1	1900	2	43200	1800
S034_MINIONCE_5381	61	Picture	FF	3964958	0	1	43199	3	0	43200
S034_MINIONCE_5381	61	Pulse	99	3978128	13170	NA
S034_MINIONCE_5381	61	Port Input	1	3978128	13170	NA
S034_MINIONCE_5381	61	Response	51	3994181	29223	2
S034_MINIONCE_5381	61	Picture	55_T_FFTRIAD_FF_policia_red.png	4008157	43199	2	1900	4	43200	1800
S034_MINIONCE_5381	62	Picture	FF	4010457	0	2	43200	3	0	43200
S034_MINIONCE_5381	62	Pulse	99	4014129	3672	NA
S034_MINIONCE_5381	62	Port Input	1	4014129	3672	NA
S034_MINIONCE_5381	62	Response	51	4032159	21702	1
S034_MINIONCE_5381	62	Pulse	99	4050129	39672	NA
S034_MINIONCE_5381	62	Port Input	1	4050129	39672	NA
S034_MINIONCE_5381	62	Picture	56_T_FFTRIAD_FF_novia_red.png	4053657	43200	1	1900	2	43200	1800
S034_MINIONCE_5381	63	Picture	RW	4055757	0	1	43200	2	0	43200
S034_MINIONCE_5381	63	Response	52	4071664	15907	1
S034_MINIONCE_5381	63	Pulse	99	4086130	30373	NA
S034_MINIONCE_5381	63	Port Input	1	4086130	30373	NA
S034_MINIONCE_5381	63	Picture	57_T_RWTRIAD_RW_esquimal_red.png	4098957	43200	1	1900	2	43200	1800
S034_MINIONCE_5381	64	Picture	RW	4101057	0	1	43199	2	0	43200
S034_MINIONCE_5381	64	Pulse	99	4122131	21074	NA
S034_MINIONCE_5381	64	Port Input	1	4122131	21074	NA
S034_MINIONCE_5381	64	Response	51	4141633	40576	1
S034_MINIONCE_5381	64	Picture	58_T_RWTRIAD_RW_pilas_red.png	4144256	43199	1	1900	2	43200	1800
S034_MINIONCE_5381	65	Picture	RW	4146356	0	1	43200	2	0	43200
S034_MINIONCE_5381	65	Pulse	99	4158132	11776	NA
S034_MINIONCE_5381	65	Port Input	1	4158132	11776	NA
S034_MINIONCE_5381	65	Response	51	4174982	28626	1
S034_MINIONCE_5381	65	Picture	59_T_RWTRIAD_RW_novia_red.png	4189556	43200	1	1900	2	43200	1800
S034_MINIONCE_5381	66	Picture	RW	4191856	0	1	43099	2	0	43200
S034_MINIONCE_5381	66	Pulse	99	4194133	2277	NA
S034_MINIONCE_5381	66	Port Input	1	4194133	2277	NA
S034_MINIONCE_5381	66	Response	52	4213568	21712	1
S034_MINIONCE_5381	66	Pulse	99	4230134	38278	NA
S034_MINIONCE_5381	66	Port Input	1	4230134	38278	NA
S034_MINIONCE_5381	66	Picture	60_T_RWTRIAD_RW_martillo_red.png	4234955	43099	1	1900	2	43200	1800
S034_MINIONCE_5381	67	Picture	rest	4236955	0	1	144099	2	0	144000
S034_MINIONCE_5381	67	Pulse	99	4266134	29179	NA
S034_MINIONCE_5381	67	Port Input	1	4266134	29179	NA
S034_MINIONCE_5381	67	Pulse	99	4302135	65180	NA
S034_MINIONCE_5381	67	Port Input	1	4302135	65180	NA
S034_MINIONCE_5381	67	Pulse	99	4338136	101181	NA
S034_MINIONCE_5381	67	Port Input	1	4338136	101181	NA
S034_MINIONCE_5381	67	Pulse	99	4374137	137182	NA
S034_MINIONCE_5381	67	Port Input	1	4374137	137182	NA
S034_MINIONCE_5381	68	Picture	endrest	4381154	0	1	10099	3	0	10000
S034_MINIONCE_5381	69	Picture	PW	4391453	0	2	43200	3	0	43200
S034_MINIONCE_5381	69	Pulse	99	4410138	18685	NA
S034_MINIONCE_5381	69	Port Input	1	4410138	18685	NA
S034_MINIONCE_5381	69	Response	52	4413306	21853	1
S034_MINIONCE_5381	69	Picture	63_T_PWTRIAD_PW_portatil_red.png	4434653	43200	1	1900	2	43200	1800
S034_MINIONCE_5381	70	Picture	PW	4436753	0	1	43200	2	0	43200
S034_MINIONCE_5381	70	Pulse	99	4446139	9386	NA
S034_MINIONCE_5381	70	Port Input	1	4446139	9386	NA
S034_MINIONCE_5381	70	Response	51	4457204	20451	1
S034_MINIONCE_5381	70	Picture	64_T_PWTRIAD_PW_traje_red.png	4479953	43200	1	1899	3	43200	1800
S034_MINIONCE_5381	71	Picture	PW	4482053	0	1	43199	2	0	43200
S034_MINIONCE_5381	71	Pulse	99	4482139	86	NA
S034_MINIONCE_5381	71	Port Input	1	4482139	86	NA
S034_MINIONCE_5381	71	Response	51	4507709	25656	1
S034_MINIONCE_5381	71	Pulse	99	4518140	36087	NA
S034_MINIONCE_5381	71	Port Input	1	4518140	36087	NA
S034_MINIONCE_5381	71	Picture	65_T_PWTRIAD_PW_piramide_red.png	4525252	43199	1	1900	2	43200	1800
S034_MINIONCE_5381	72	Picture	PW	4527352	0	1	43200	2	0	43200
S034_MINIONCE_5381	72	Response	51	4551455	24103	1
S034_MINIONCE_5381	72	Pulse	99	4554141	26789	NA
S034_MINIONCE_5381	72	Port Input	1	4554141	26789	NA
S034_MINIONCE_5381	72	Picture	66_T_PWTRIAD_PW_esquimal_red.png	4570552	43200	1	1900	2	43200	1800
S034_MINIONCE_5381	73	Picture	PW	4572652	0	1	43199	2	0	43200
S034_MINIONCE_5381	73	Pulse	99	4590142	17490	NA
S034_MINIONCE_5381	73	Port Input	1	4590142	17490	NA
S034_MINIONCE_5381	73	Response	52	4599567	26915	2
S034_MINIONCE_5381	73	Picture	67_T_PWTRIAD_PW_llave_red.png	4615851	43199	1	1900	2	43200	1800
S034_MINIONCE_5381	74	Picture	PW	4617951	0	1	43200	2	0	43200
S034_MINIONCE_5381	74	Pulse	99	4626143	8192	NA
S034_MINIONCE_5381	74	Port Input	1	4626143	8192	NA
S034_MINIONCE_5381	74	Response	51	4645159	27208	1
S034_MINIONCE_5381	74	Picture	68_T_PWTRIAD_PW_bala_red.png	4661151	43200	1	1900	2	43200	1800
S034_MINIONCE_5381	74	Pulse	99	4662144	44193	NA
S034_MINIONCE_5381	74	Port Input	1	4662144	44193	NA
S034_MINIONCE_5381	75	Picture	PW	4663251	0	1	43199	2	0	43200
S034_MINIONCE_5381	75	Response	51	4695074	31823	1
S034_MINIONCE_5381	75	Pulse	99	4698144	34893	NA
S034_MINIONCE_5381	75	Port Input	1	4698144	34893	NA
S034_MINIONCE_5381	75	Picture	69_T_PWTRIAD_PW_raton_red.png	4706450	43199	1	1900	2	43200	1800
S034_MINIONCE_5381	76	Picture	PW	4708550	0	1	43200	2	0	43200
S034_MINIONCE_5381	76	Response	52	4730060	21510	1
S034_MINIONCE_5381	76	Pulse	99	4734145	25595	NA
S034_MINIONCE_5381	76	Port Input	1	4734145	25595	NA
S034_MINIONCE_5381	76	Picture	70_T_PWTRIAD_PW_huevos_red.png	4751750	43200	1	1900	2	43200	1800
S034_MINIONCE_5381	77	Picture	rest	4753750	0	1	144098	2	0	144000
S034_MINIONCE_5381	77	Pulse	99	4770146	16396	NA
S034_MINIONCE_5381	77	Port Input	1	4770146	16396	NA
S034_MINIONCE_5381	77	Pulse	99	4806147	52397	NA
S034_MINIONCE_5381	77	Port Input	1	4806147	52397	NA
S034_MINIONCE_5381	77	Pulse	99	4842148	88398	NA
S034_MINIONCE_5381	77	Port Input	1	4842148	88398	NA
S034_MINIONCE_5381	77	Pulse	99	4878149	124399	NA
S034_MINIONCE_5381	77	Port Input	1	4878149	124399	NA
S034_MINIONCE_5381	78	Picture	endrest	4897948	0	1	10100	2	0	10000
S034_MINIONCE_5381	79	Picture	PW	4908248	0	1	43200	2	0	43200
S034_MINIONCE_5381	79	Pulse	99	4914150	5902	NA
S034_MINIONCE_5381	79	Port Input	1	4914150	5902	NA
S034_MINIONCE_5381	79	Response	51	4924580	16332	1
S034_MINIONCE_5381	79	Pulse	99	4950150	41902	NA
S034_MINIONCE_5381	79	Port Input	1	4950150	41902	NA
S034_MINIONCE_5381	79	Picture	73_T_PWTRIAD_PW_pluma_red.png	4951448	43200	1	1900	2	43200	1800
S034_MINIONCE_5381	80	Picture	PW	4953748	0	1	43199	2	0	43200
S034_MINIONCE_5381	80	Response	52	4974026	20278	2
S034_MINIONCE_5381	80	Pulse	99	4986151	32403	NA
S034_MINIONCE_5381	80	Port Input	1	4986151	32403	NA
S034_MINIONCE_5381	80	Picture	74_T_PWTRIAD_PW_bellota_red.png	4996947	43199	1	1900	2	43200	1800
S034_MINIONCE_5381	81	Picture	PW	4999047	0	1	43200	2	0	43200
S034_MINIONCE_5381	81	Pulse	99	5022152	23105	NA
S034_MINIONCE_5381	81	Port Input	1	5022152	23105	NA
S034_MINIONCE_5381	81	Response	51	5025370	26323	1
S034_MINIONCE_5381	81	Picture	75_T_PWTRIAD_PW_cuento_red.png	5042247	43200	1	1900	2	43200	1800
S034_MINIONCE_5381	82	Picture	PW	5044347	0	1	43199	2	0	43200
S034_MINIONCE_5381	82	Pulse	99	5058153	13806	NA
S034_MINIONCE_5381	82	Port Input	1	5058153	13806	NA
S034_MINIONCE_5381	82	Response	51	5064693	20346	1
S034_MINIONCE_5381	82	Picture	76_T_PWTRIAD_PW_telefono_red.png	5087546	43199	1	1900	3	43200	1800
S034_MINIONCE_5381	83	Picture	FF	5089646	0	2	43199	4	0	43200
S034_MINIONCE_5381	83	Pulse	99	5094154	4508	NA
S034_MINIONCE_5381	83	Port Input	1	5094154	4508	NA
S034_MINIONCE_5381	83	Response	52	5107553	17907	1
S034_MINIONCE_5381	83	Pulse	99	5130154	40508	NA
S034_MINIONCE_5381	83	Port Input	1	5130154	40508	NA
S034_MINIONCE_5381	83	Picture	77_T_FFTRIAD_FF_arco_red.png	5132845	43199	2	1901	3	43200	1800
S034_MINIONCE_5381	84	Picture	FF	5135146	0	1	43099	2	0	43200
S034_MINIONCE_5381	84	Response	52	5161149	26003	1
S034_MINIONCE_5381	84	Pulse	99	5166155	31009	NA
S034_MINIONCE_5381	84	Port Input	1	5166155	31009	NA
S034_MINIONCE_5381	84	Picture	78_T_FFTRIAD_FF_queso_red.png	5178245	43099	1	1900	2	43200	1800
S034_MINIONCE_5381	85	Picture	FF	5180345	0	1	43200	2	0	43200
S034_MINIONCE_5381	85	Pulse	99	5202156	21811	NA
S034_MINIONCE_5381	85	Port Input	1	5202156	21811	NA
S034_MINIONCE_5381	85	Response	51	5205553	25208	5
S034_MINIONCE_5381	85	Picture	79_T_FFTRIAD_FF_pilas_red.png	5223545	43200	1	1900	2	43200	1800
S034_MINIONCE_5381	86	Picture	FF	5225645	0	1	43199	2	0	43200
S034_MINIONCE_5381	86	Pulse	99	5238157	12512	NA
S034_MINIONCE_5381	86	Port Input	1	5238157	12512	NA
S034_MINIONCE_5381	86	Response	51	5252723	27078	1
S034_MINIONCE_5381	86	Picture	80_T_FFTRIAD_FF_piramide_red.png	5268844	43199	1	1900	2	43200	1800
S034_MINIONCE_5381	87	Picture	rest	5270844	0	1	144099	2	0	144000
S034_MINIONCE_5381	87	Pulse	99	5274158	3314	NA
S034_MINIONCE_5381	87	Port Input	1	5274158	3314	NA
S034_MINIONCE_5381	87	Pulse	99	5310159	39315	NA
S034_MINIONCE_5381	87	Port Input	1	5310159	39315	NA
S034_MINIONCE_5381	87	Pulse	99	5346159	75315	NA
S034_MINIONCE_5381	87	Port Input	1	5346159	75315	NA
S034_MINIONCE_5381	87	Pulse	99	5382160	111316	NA
S034_MINIONCE_5381	87	Port Input	1	5382160	111316	NA
S034_MINIONCE_5381	88	Picture	endrest	5415043	0	1	10100	2	0	10000
S034_MINIONCE_5381	88	Pulse	99	5418161	3118	NA
S034_MINIONCE_5381	88	Port Input	1	5418161	3118	NA
S034_MINIONCE_5381	89	Picture	PW	5425343	0	1	43199	2	0	43200
S034_MINIONCE_5381	89	Response	52	5443287	17944	2
S034_MINIONCE_5381	89	Pulse	99	5454162	28819	NA
S034_MINIONCE_5381	89	Port Input	1	5454162	28819	NA
S034_MINIONCE_5381	89	Picture	83_T_PWTRIAD_PW_cinturon_red.png	5468542	43199	1	1900	2	43200	1800
S034_MINIONCE_5381	90	Picture	PW	5470642	0	1	43200	2	0	43200
S034_MINIONCE_5381	90	Pulse	99	5490163	19521	NA
S034_MINIONCE_5381	90	Port Input	1	5490163	19521	NA
S034_MINIONCE_5381	90	Response	52	5494134	23492	1
S034_MINIONCE_5381	90	Picture	84_T_PWTRIAD_PW_murcielago_red.png	5513842	43200	1	1900	2	43200	1800
S034_MINIONCE_5381	91	Picture	PW	5515942	0	1	43199	2	0	43200
S034_MINIONCE_5381	91	Pulse	99	5526164	10222	NA
S034_MINIONCE_5381	91	Port Input	1	5526164	10222	NA
S034_MINIONCE_5381	91	Response	52	5541189	25247	2
S034_MINIONCE_5381	91	Picture	85_T_PWTRIAD_PW_estetoscopio_red.png	5559141	43199	1	1900	2	43200	1800
S034_MINIONCE_5381	92	Picture	PW	5561241	0	1	43200	2	0	43200
S034_MINIONCE_5381	92	Pulse	99	5562164	923	NA
S034_MINIONCE_5381	92	Port Input	1	5562164	923	NA
S034_MINIONCE_5381	92	Response	52	5588719	27478	1
S034_MINIONCE_5381	92	Pulse	99	5598165	36924	NA
S034_MINIONCE_5381	92	Port Input	1	5598165	36924	NA
S034_MINIONCE_5381	92	Picture	86_T_PWTRIAD_PW_sapo_red.png	5604441	43200	1	1900	2	43200	1800
S034_MINIONCE_5381	93	Picture	PW	5606541	0	1	43199	2	0	43200
S034_MINIONCE_5381	93	Response	51	5630938	24397	1
S034_MINIONCE_5381	93	Pulse	99	5634166	27625	NA
S034_MINIONCE_5381	93	Port Input	1	5634166	27625	NA
S034_MINIONCE_5381	93	Picture	87_T_PWTRIAD_PW_pincel_red.png	5649740	43199	1	1900	2	43200	1800
S034_MINIONCE_5381	94	Picture	PW	5651840	0	1	43200	2	0	43200
S034_MINIONCE_5381	94	Pulse	99	5670167	18327	NA
S034_MINIONCE_5381	94	Port Input	1	5670167	18327	NA
S034_MINIONCE_5381	94	Response	51	5677033	25193	1
S034_MINIONCE_5381	94	Picture	88_T_PWTRIAD_PW_lechuga_red.png	5695040	43200	1	1900	2	43200	1800
S034_MINIONCE_5381	95	Picture	PW	5697140	0	1	43199	2	0	43200
S034_MINIONCE_5381	95	Pulse	99	5706168	9028	NA
S034_MINIONCE_5381	95	Port Input	1	5706168	9028	NA
S034_MINIONCE_5381	95	Response	52	5722477	25337	2
S034_MINIONCE_5381	95	Picture	89_T_PWTRIAD_PW_zanahoria_red.png	5740339	43199	1	1900	2	43200	1800
S034_MINIONCE_5381	95	Pulse	99	5742169	45029	NA
S034_MINIONCE_5381	95	Port Input	1	5742169	45029	NA
S034_MINIONCE_5381	96	Picture	PW	5742639	0	1	43100	2	0	43200
S034_MINIONCE_5381	96	Response	52	5760413	17774	1
S034_MINIONCE_5381	96	Pulse	99	5778170	35531	NA
S034_MINIONCE_5381	96	Port Input	1	5778170	35531	NA
S034_MINIONCE_5381	96	Picture	90_T_PWTRIAD_PW_paracaidas_red.png	5785739	43100	1	1900	2	43200	1800
S034_MINIONCE_5381	97	Picture	rest	5787739	0	1	144098	2	0	144000
S034_MINIONCE_5381	97	Pulse	99	5814170	26431	NA
S034_MINIONCE_5381	97	Port Input	1	5814170	26431	NA
S034_MINIONCE_5381	97	Pulse	99	5850171	62432	NA
S034_MINIONCE_5381	97	Port Input	1	5850171	62432	NA
S034_MINIONCE_5381	97	Pulse	99	5886172	98433	NA
S034_MINIONCE_5381	97	Port Input	1	5886172	98433	NA
S034_MINIONCE_5381	97	Pulse	99	5922173	134434	NA
S034_MINIONCE_5381	97	Port Input	1	5922173	134434	NA
S034_MINIONCE_5381	98	Picture	endrest	5931937	0	1	10100	2	0	10000
S034_MINIONCE_5381	99	Picture	FF	5942437	0	1	43100	2	0	43200
S034_MINIONCE_5381	99	Response	52	5955256	12819	1
S034_MINIONCE_5381	99	Pulse	99	5958174	15737	NA
S034_MINIONCE_5381	99	Port Input	1	5958174	15737	NA
S034_MINIONCE_5381	99	Picture	93_T_FFTRIAD_FF_ancla_red.png	5985537	43100	1	1900	2	43200	1800
S034_MINIONCE_5381	100	Picture	FF	5987637	0	1	43199	2	0	43200
S034_MINIONCE_5381	100	Pulse	99	5994174	6537	NA
S034_MINIONCE_5381	100	Port Input	1	5994174	6537	NA
S034_MINIONCE_5381	100	Response	52	6000005	12368	1
S034_MINIONCE_5381	100	Pulse	99	6030175	42538	NA
S034_MINIONCE_5381	100	Port Input	1	6030175	42538	NA
S034_MINIONCE_5381	100	Picture	94_T_FFTRIAD_FF_chupete_red.png	6030836	43199	1	1900	2	43200	1800
S034_MINIONCE_5381	101	Picture	FF	6033136	0	1	43100	2	0	43200
S034_MINIONCE_5381	101	Response	51	6045281	12145	1
S034_MINIONCE_5381	101	Pulse	99	6066176	33040	NA
S034_MINIONCE_5381	101	Port Input	1	6066176	33040	NA
S034_MINIONCE_5381	101	Picture	95_T_FFTRIAD_FF_teclado_red.png	6076236	43100	1	1900	2	43200	1800
S034_MINIONCE_5381	102	Picture	FF	6078336	0	1	43199	2	0	43200
S034_MINIONCE_5381	102	Response	51	6091008	12672	1
S034_MINIONCE_5381	102	Pulse	99	6102177	23841	NA
S034_MINIONCE_5381	102	Port Input	1	6102177	23841	NA
S034_MINIONCE_5381	102	Picture	96_T_FFTRIAD_FF_tijera_red.png	6121535	43199	1	1900	2	43200	1800
S034_MINIONCE_5381	103	Picture	FF	6123635	0	1	43200	2	0	43200
S034_MINIONCE_5381	103	Pulse	99	6138178	14543	NA
S034_MINIONCE_5381	103	Port Input	1	6138178	14543	NA
S034_MINIONCE_5381	103	Response	51	6140859	17224	1
S034_MINIONCE_5381	103	Picture	97_T_FFTRIAD_FF_plato_red.png	6166835	43200	1	1900	2	43200	1800
S034_MINIONCE_5381	104	Picture	FF	6168935	0	1	43199	2	0	43200
S034_MINIONCE_5381	104	Pulse	99	6174179	5244	NA
S034_MINIONCE_5381	104	Port Input	1	6174179	5244	NA
S034_MINIONCE_5381	104	Response	51	6179458	10523	1
S034_MINIONCE_5381	104	Pulse	99	6210180	41245	NA
S034_MINIONCE_5381	104	Port Input	1	6210180	41245	NA
S034_MINIONCE_5381	104	Picture	98_T_FFTRIAD_FF_lechuga_red.png	6212134	43199	1	1900	2	43200	1800
S034_MINIONCE_5381	105	Picture	FF	6214234	0	1	43200	2	0	43200
S034_MINIONCE_5381	105	Response	52	6224522	10288	1
S034_MINIONCE_5381	105	Pulse	99	6246180	31946	NA
S034_MINIONCE_5381	105	Port Input	1	6246180	31946	NA
S034_MINIONCE_5381	105	Picture	99_T_FFTRIAD_FF_carruaje_red.png	6257434	43200	1	1900	2	43200	1800
S034_MINIONCE_5381	106	Picture	FF	6259634	0	1	43199	2	0	43200
S034_MINIONCE_5381	106	Response	52	6276463	16829	1
S034_MINIONCE_5381	106	Pulse	99	6282181	22547	NA
S034_MINIONCE_5381	106	Port Input	1	6282181	22547	NA
S034_MINIONCE_5381	106	Picture	100_T_FFTRIAD_FF_cerillas_red.png	6302833	43199	1	1900	2	43200	1800
S034_MINIONCE_5381	107	Picture	rest	6304833	0	1	144099	2	0	144000
S034_MINIONCE_5381	107	Pulse	99	6318182	13349	NA
S034_MINIONCE_5381	107	Port Input	1	6318182	13349	NA
S034_MINIONCE_5381	107	Pulse	99	6354183	49350	NA
S034_MINIONCE_5381	107	Port Input	1	6354183	49350	NA
S034_MINIONCE_5381	107	Pulse	99	6390184	85351	NA
S034_MINIONCE_5381	107	Port Input	1	6390184	85351	NA
S034_MINIONCE_5381	107	Pulse	99	6426184	121351	NA
S034_MINIONCE_5381	107	Port Input	1	6426184	121351	NA
S034_MINIONCE_5381	108	Picture	endrest	6449032	0	1	10100	2	0	10000
S034_MINIONCE_5381	109	Picture	RW	6459332	0	1	43199	2	0	43200
S034_MINIONCE_5381	109	Pulse	99	6462185	2853	NA
S034_MINIONCE_5381	109	Port Input	1	6462185	2853	NA
S034_MINIONCE_5381	109	Response	51	6477979	18647	1
S034_MINIONCE_5381	109	Pulse	99	6498186	38854	NA
S034_MINIONCE_5381	109	Port Input	1	6498186	38854	NA
S034_MINIONCE_5381	109	Picture	103_T_RWTRIAD_RW_cuento_red.png	6502531	43199	1	1900	2	43200	1800
S034_MINIONCE_5381	110	Picture	RW	6504631	0	1	43200	2	0	43200
S034_MINIONCE_5381	110	Response	52	6531178	26547	1
S034_MINIONCE_5381	110	Pulse	99	6534187	29556	NA
S034_MINIONCE_5381	110	Port Input	1	6534187	29556	NA
S034_MINIONCE_5381	110	Picture	104_T_RWTRIAD_RW_lechuga_red.png	6547831	43200	1	1900	2	43200	1800
S034_MINIONCE_5381	111	Picture	RW	6549931	0	1	43199	3	0	43200
S034_MINIONCE_5381	111	Response	52	6567246	17315	1
S034_MINIONCE_5381	111	Pulse	99	6570188	20257	NA
S034_MINIONCE_5381	111	Port Input	1	6570188	20257	NA
S034_MINIONCE_5381	111	Picture	105_T_RWTRIAD_RW_paraguas_red.png	6593130	43199	2	1900	3	43200	1800
S034_MINIONCE_5381	112	Picture	RW	6595230	0	1	43200	2	0	43200
S034_MINIONCE_5381	112	Pulse	99	6606189	10959	NA
S034_MINIONCE_5381	112	Port Input	1	6606189	10959	NA
S034_MINIONCE_5381	112	Response	51	6613344	18114	2
S034_MINIONCE_5381	112	Picture	106_T_RWTRIAD_RW_manos_red.png	6638430	43200	1	1900	2	43200	1800
S034_MINIONCE_5381	113	Picture	RW	6640530	0	1	43199	2	0	43200
S034_MINIONCE_5381	113	Pulse	99	6642189	1659	NA
S034_MINIONCE_5381	113	Port Input	1	6642189	1659	NA
S034_MINIONCE_5381	113	Response	52	6659168	18638	1
S034_MINIONCE_5381	113	Pulse	99	6678190	37660	NA
S034_MINIONCE_5381	113	Port Input	1	6678190	37660	NA
S034_MINIONCE_5381	113	Picture	107_T_RWTRIAD_RW_raton_red.png	6683729	43199	1	1900	3	43200	1800
S034_MINIONCE_5381	114	Picture	RW	6685829	0	1	43200	2	0	43200
S034_MINIONCE_5381	114	Response	51	6709084	23255	1
S034_MINIONCE_5381	114	Pulse	99	6714191	28362	NA
S034_MINIONCE_5381	114	Port Input	1	6714191	28362	NA
S034_MINIONCE_5381	114	Picture	108_T_RWTRIAD_RW_traje_red.png	6729029	43200	1	1900	2	43200	1800
S034_MINIONCE_5381	115	Picture	RW	6731329	0	1	43099	2	0	43200
S034_MINIONCE_5381	115	Response	51	6749841	18512	1
S034_MINIONCE_5381	115	Pulse	99	6750192	18863	NA
S034_MINIONCE_5381	115	Port Input	1	6750192	18863	NA
S034_MINIONCE_5381	115	Picture	109_T_RWTRIAD_RW_portatil_red.png	6774428	43099	1	1900	3	43200	1800
S034_MINIONCE_5381	116	Picture	RW	6776528	0	2	43200	3	0	43200
S034_MINIONCE_5381	116	Pulse	99	6786193	9665	NA
S034_MINIONCE_5381	116	Port Input	1	6786193	9665	NA
S034_MINIONCE_5381	116	Response	51	6806438	29910	1
S034_MINIONCE_5381	116	Picture	110_T_RWTRIAD_RW_piramide_red.png	6819728	43200	1	1900	2	43200	1800
S034_MINIONCE_5381	117	Picture	rest	6821728	0	1	144098	2	0	144000
S034_MINIONCE_5381	117	Pulse	99	6822194	466	NA
S034_MINIONCE_5381	117	Port Input	1	6822194	466	NA
S034_MINIONCE_5381	118	Picture	endrest	6965926	0	1	10100	2	0	10000
S034_MINIONCE_5381	119	Picture	RW	6976426	0	1	43100	2	0	43200
S034_MINIONCE_5381	119	Response	52	6995261	18835	1
S034_MINIONCE_5381	119	Picture	113_T_RWTRIAD_RW_agua_red.png	7019526	43100	1	1900	2	43200	1800
S034_MINIONCE_5381	120	Picture	RW	7021626	0	1	43199	2	0	43200
S034_MINIONCE_5381	120	Response	51	7041518	19892	1
S034_MINIONCE_5381	120	Picture	114_T_RWTRIAD_RW_madera_red.png	7064825	43199	1	1900	2	43200	1800
S034_MINIONCE_5381	121	Picture	RW	7066925	0	1	43200	2	0	43200
S034_MINIONCE_5381	121	Response	51	7089074	22149	1
S034_MINIONCE_5381	121	Picture	115_T_RWTRIAD_RW_ascensor_red.png	7110125	43200	1	1900	2	43200	1800
S034_MINIONCE_5381	122	Picture	RW	7112225	0	1	43199	3	0	43200
S034_MINIONCE_5381	122	Response	51	7129435	17210	1
S034_MINIONCE_5381	122	Picture	116_T_RWTRIAD_RW_dedal_red.png	7155424	43199	2	1900	3	43200	1800
S034_MINIONCE_5381	123	Picture	PW	7157724	0	2	43100	3	0	43200
S034_MINIONCE_5381	123	Response	51	7184225	26501	1
S034_MINIONCE_5381	123	Picture	117_T_PWTRIAD_PW_sombrilla_red.png	7200824	43100	1	1900	2	43200	1800
S034_MINIONCE_5381	124	Picture	PW	7202924	0	1	43199	3	0	43200
S034_MINIONCE_5381	124	Response	52	7231507	28583	1
S034_MINIONCE_5381	124	Picture	118_T_PWTRIAD_PW_candado_red.png	7246123	43199	2	1900	4	43200	1800
S034_MINIONCE_5381	125	Picture	PW	7248223	0	2	43200	3	0	43200
S034_MINIONCE_5381	125	Response	52	7272189	23966	1
S034_MINIONCE_5381	125	Picture	119_T_PWTRIAD_PW_grapadora_red.png	7291423	43200	1	1900	2	43200	1800
S034_MINIONCE_5381	126	Picture	PW	7293523	0	1	43199	3	0	43200
S034_MINIONCE_5381	126	Response	52	7315301	21778	1
S034_MINIONCE_5381	126	Picture	120_T_PWTRIAD_PW_carruaje_red.png	7336722	43199	2	1900	4	43200	1800
S034_MINIONCE_5381	127	Picture	rest	7338722	0	2	144099	3	0	144000
S034_MINIONCE_5381	128	Picture	endrest	7482921	0	1	10100	2	0	10000
S034_MINIONCE_5381	129	Picture	RW	7493221	0	1	43199	3	0	43200
S034_MINIONCE_5381	129	Response	51	7511874	18653	1
S034_MINIONCE_5381	129	Picture	123_T_RWTRIAD_RW_cortina_red.png	7536420	43199	2	1900	3	43200	1800
S034_MINIONCE_5381	130	Picture	RW	7538520	0	1	43200	2	0	43200
S034_MINIONCE_5381	130	Response	51	7562239	23719	1
S034_MINIONCE_5381	130	Picture	124_T_RWTRIAD_RW_perro_red.png	7581720	43200	1	1900	2	43200	1800
S034_MINIONCE_5381	131	Picture	RW	7583820	0	1	43199	2	0	43200
S034_MINIONCE_5381	131	Response	52	7598600	14780	1
S034_MINIONCE_5381	131	Picture	125_T_RWTRIAD_RW_gafas_red.png	7627019	43199	1	1900	2	43200	1800
S034_MINIONCE_5381	132	Picture	RW	7629319	0	1	43100	2	0	43200
S034_MINIONCE_5381	132	Response	52	7664737	35418	1
S034_MINIONCE_5381	132	Picture	126_T_RWTRIAD_RW_banera_red.png	7672419	43100	1	1900	2	43200	1800
S034_MINIONCE_5381	133	Picture	RW	7674519	0	1	43199	3	0	43200
S034_MINIONCE_5381	133	Response	51	7702150	27631	1
S034_MINIONCE_5381	133	Picture	127_T_RWTRIAD_RW_pizarra_red.png	7717718	43199	2	1900	4	43200	1800
S034_MINIONCE_5381	134	Picture	RW	7719818	0	2	43200	3	0	43200
S034_MINIONCE_5381	134	Response	52	7748400	28582	1
S034_MINIONCE_5381	134	Picture	128_T_RWTRIAD_RW_estetoscopio_red.png	7763018	43200	1	1900	2	43200	1800
S034_MINIONCE_5381	135	Picture	RW	7765118	0	1	43200	2	0	43200
S034_MINIONCE_5381	135	Response	51	7789861	24743	1
S034_MINIONCE_5381	135	Picture	129_T_RWTRIAD_RW_granjero_red.png	7808318	43200	1	1899	3	43200	1800
S034_MINIONCE_5381	136	Picture	RW	7810417	0	2	43199	4	0	43200
S034_MINIONCE_5381	136	Response	52	7826688	16271	2
S034_MINIONCE_5381	136	Picture	130_T_RWTRIAD_RW_sapo_red.png	7853616	43199	2	1901	3	43200	1800
S034_MINIONCE_5381	137	Picture	rest	7855617	0	1	144098	3	0	144000
S034_MINIONCE_5381	138	Picture	endrest	7999816	0	1	10099	3	0	10000
S034_MINIONCE_5381	139	Picture	RW	8010115	0	1	43200	2	0	43200
S034_MINIONCE_5381	139	Response	52	8029411	19296	2
S034_MINIONCE_5381	139	Picture	133_T_RWTRIAD_RW_monja_red.png	8053315	43200	1	1900	2	43200	1800
S034_MINIONCE_5381	140	Picture	RW	8055415	0	1	43199	3	0	43200
S034_MINIONCE_5381	140	Response	52	8071212	15797	5
S034_MINIONCE_5381	140	Picture	134_T_RWTRIAD_RW_futbol_red.png	8098614	43199	2	1900	4	43200	1800
S034_MINIONCE_5381	141	Picture	RW	8100714	0	2	43200	3	0	43200
S034_MINIONCE_5381	141	Response	51	8124251	23537	1
S034_MINIONCE_5381	141	Picture	135_T_RWTRIAD_RW_policia_red.png	8143914	43200	1	1900	2	43200	1800
S034_MINIONCE_5381	142	Picture	RW	8146214	0	1	43099	3	0	43200
S034_MINIONCE_5381	142	Response	52	8167319	21105	1
S034_MINIONCE_5381	142	Picture	136_T_RWTRIAD_RW_arbol_red.png	8189313	43099	2	1900	4	43200	1800
S034_MINIONCE_5381	143	Picture	rest	8191313	0	2	144099	3	0	144000
S034_MINIONCE_5381	144	Picture	endrest	8335512	0	1	10100	2	0	10000
S034_MINIONCE_5381	145	Picture	endrest	8345712	0	1	10100	2	0	10000
S034_MINIONCE_5381	146	Picture	endrest	8355912	0	1	10100	2	0	10000
S034_MINIONCE_5381	147	Picture	endrest	8366112	0	1	10100	2	0	10000
